[2022-11-08T17:45:01.663+0000] {taskinstance.py:1165} INFO - Dependencies all met for <TaskInstance: 6-monitoring_1.task2 scheduled__2022-01-10T00:00:00+00:00 [queued]>
[2022-11-08T17:45:01.690+0000] {taskinstance.py:1165} INFO - Dependencies all met for <TaskInstance: 6-monitoring_1.task2 scheduled__2022-01-10T00:00:00+00:00 [queued]>
[2022-11-08T17:45:01.692+0000] {taskinstance.py:1362} INFO - 
--------------------------------------------------------------------------------
[2022-11-08T17:45:01.694+0000] {taskinstance.py:1363} INFO - Starting attempt 1 of 1
[2022-11-08T17:45:01.695+0000] {taskinstance.py:1364} INFO - 
--------------------------------------------------------------------------------
[2022-11-08T17:45:01.730+0000] {taskinstance.py:1383} INFO - Executing <Task(BashOperator): task2> on 2022-01-10 00:00:00+00:00
[2022-11-08T17:45:01.743+0000] {standard_task_runner.py:55} INFO - Started process 678 to run task
[2022-11-08T17:45:01.749+0000] {standard_task_runner.py:82} INFO - Running: ['***', 'tasks', 'run', '6-monitoring_1', 'task2', 'scheduled__2022-01-10T00:00:00+00:00', '--job-id', '409', '--raw', '--subdir', 'DAGS_FOLDER/6.1-monitoring.py', '--cfg-path', '/tmp/tmpd0ikxjww']
[2022-11-08T17:45:01.751+0000] {standard_task_runner.py:83} INFO - Job 409: Subtask task2
[2022-11-08T17:45:01.952+0000] {task_command.py:376} INFO - Running <TaskInstance: 6-monitoring_1.task2 scheduled__2022-01-10T00:00:00+00:00 [running]> on host 638485efabe7
[2022-11-08T17:45:02.100+0000] {taskinstance.py:1592} INFO - Exporting the following env vars:
AIRFLOW_CTX_DAG_OWNER=***
AIRFLOW_CTX_DAG_ID=6-monitoring_1
AIRFLOW_CTX_TASK_ID=task2
AIRFLOW_CTX_EXECUTION_DATE=2022-01-10T00:00:00+00:00
AIRFLOW_CTX_TRY_NUMBER=1
AIRFLOW_CTX_DAG_RUN_ID=scheduled__2022-01-10T00:00:00+00:00
[2022-11-08T17:45:02.115+0000] {subprocess.py:63} INFO - Tmp dir root location: 
 /tmp
[2022-11-08T17:45:02.118+0000] {subprocess.py:75} INFO - Running command: ['/bin/bash', '-c', "sleep 2 && echo 'task2!"]
[2022-11-08T17:45:02.147+0000] {subprocess.py:86} INFO - Output:
[2022-11-08T17:45:02.238+0000] {subprocess.py:93} INFO - /bin/bash: -c: line 1: unexpected EOF while looking for matching `''
[2022-11-08T17:45:02.239+0000] {subprocess.py:93} INFO - /bin/bash: -c: line 2: syntax error: unexpected end of file
[2022-11-08T17:45:02.240+0000] {subprocess.py:97} INFO - Command exited with return code 2
[2022-11-08T17:45:02.263+0000] {taskinstance.py:1851} ERROR - Task failed with exception
Traceback (most recent call last):
  File "/home/airflow/.local/lib/python3.7/site-packages/airflow/operators/bash.py", line 197, in execute
    f'Bash command failed. The command returned a non-zero exit code {result.exit_code}.'
airflow.exceptions.AirflowException: Bash command failed. The command returned a non-zero exit code 2.
[2022-11-08T17:45:02.279+0000] {taskinstance.py:1406} INFO - Marking task as FAILED. dag_id=6-monitoring_1, task_id=task2, execution_date=20220110T000000, start_date=20221108T174501, end_date=20221108T174502
[2022-11-08T17:45:02.313+0000] {standard_task_runner.py:105} ERROR - Failed to execute job 409 for task task2 (Bash command failed. The command returned a non-zero exit code 2.; 678)
[2022-11-08T17:45:02.391+0000] {local_task_job.py:164} INFO - Task exited with return code 1
[2022-11-08T17:45:02.459+0000] {local_task_job.py:273} INFO - 0 downstream tasks scheduled from follow-on schedule check
[2022-11-08T20:29:46.582+0000] {taskinstance.py:1165} INFO - Dependencies all met for <TaskInstance: 6-monitoring_1.task2 scheduled__2022-01-10T00:00:00+00:00 [queued]>
[2022-11-08T20:29:46.665+0000] {taskinstance.py:1165} INFO - Dependencies all met for <TaskInstance: 6-monitoring_1.task2 scheduled__2022-01-10T00:00:00+00:00 [queued]>
[2022-11-08T20:29:46.666+0000] {taskinstance.py:1362} INFO - 
--------------------------------------------------------------------------------
[2022-11-08T20:29:46.668+0000] {taskinstance.py:1363} INFO - Starting attempt 1 of 1
[2022-11-08T20:29:46.670+0000] {taskinstance.py:1364} INFO - 
--------------------------------------------------------------------------------
[2022-11-08T20:29:46.747+0000] {taskinstance.py:1383} INFO - Executing <Task(BashOperator): task2> on 2022-01-10 00:00:00+00:00
[2022-11-08T20:29:46.761+0000] {standard_task_runner.py:55} INFO - Started process 3718 to run task
[2022-11-08T20:29:46.774+0000] {standard_task_runner.py:82} INFO - Running: ['***', 'tasks', 'run', '6-monitoring_1', 'task2', 'scheduled__2022-01-10T00:00:00+00:00', '--job-id', '546', '--raw', '--subdir', 'DAGS_FOLDER/6.1-monitoring.py', '--cfg-path', '/tmp/tmpsxkthdby']
[2022-11-08T20:29:46.776+0000] {standard_task_runner.py:83} INFO - Job 546: Subtask task2
[2022-11-08T20:29:47.018+0000] {task_command.py:376} INFO - Running <TaskInstance: 6-monitoring_1.task2 scheduled__2022-01-10T00:00:00+00:00 [running]> on host 638485efabe7
[2022-11-08T20:29:47.329+0000] {taskinstance.py:1592} INFO - Exporting the following env vars:
AIRFLOW_CTX_DAG_OWNER=***
AIRFLOW_CTX_DAG_ID=6-monitoring_1
AIRFLOW_CTX_TASK_ID=task2
AIRFLOW_CTX_EXECUTION_DATE=2022-01-10T00:00:00+00:00
AIRFLOW_CTX_TRY_NUMBER=1
AIRFLOW_CTX_DAG_RUN_ID=scheduled__2022-01-10T00:00:00+00:00
[2022-11-08T20:29:47.343+0000] {subprocess.py:63} INFO - Tmp dir root location: 
 /tmp
[2022-11-08T20:29:47.348+0000] {subprocess.py:75} INFO - Running command: ['/bin/bash', '-c', "sleep 2 && echo 'task2'"]
[2022-11-08T20:29:47.374+0000] {subprocess.py:86} INFO - Output:
[2022-11-08T20:29:49.485+0000] {subprocess.py:93} INFO - task2
[2022-11-08T20:29:49.487+0000] {subprocess.py:97} INFO - Command exited with return code 0
[2022-11-08T20:29:49.613+0000] {taskinstance.py:1406} INFO - Marking task as SUCCESS. dag_id=6-monitoring_1, task_id=task2, execution_date=20220110T000000, start_date=20221108T202946, end_date=20221108T202949
[2022-11-08T20:29:49.774+0000] {local_task_job.py:164} INFO - Task exited with return code 0
[2022-11-08T20:29:50.149+0000] {local_task_job.py:273} INFO - 1 downstream tasks scheduled from follow-on schedule check
