[2022-11-17T15:44:06.244+0000] {taskinstance.py:1165} INFO - Dependencies all met for <TaskInstance: MyPersonalAirflowProject.waiting_nasa_confirmation scheduled__2022-10-09T00:00:00+00:00 [queued]>
[2022-11-17T15:44:06.270+0000] {taskinstance.py:1165} INFO - Dependencies all met for <TaskInstance: MyPersonalAirflowProject.waiting_nasa_confirmation scheduled__2022-10-09T00:00:00+00:00 [queued]>
[2022-11-17T15:44:06.272+0000] {taskinstance.py:1362} INFO - 
--------------------------------------------------------------------------------
[2022-11-17T15:44:06.276+0000] {taskinstance.py:1363} INFO - Starting attempt 2 of 2
[2022-11-17T15:44:06.277+0000] {taskinstance.py:1364} INFO - 
--------------------------------------------------------------------------------
[2022-11-17T15:44:06.310+0000] {taskinstance.py:1383} INFO - Executing <Task(FileSensor): waiting_nasa_confirmation> on 2022-10-09 00:00:00+00:00
[2022-11-17T15:44:06.318+0000] {standard_task_runner.py:55} INFO - Started process 140 to run task
[2022-11-17T15:44:06.321+0000] {standard_task_runner.py:82} INFO - Running: ['***', 'tasks', 'run', 'MyPersonalAirflowProject', 'waiting_nasa_confirmation', 'scheduled__2022-10-09T00:00:00+00:00', '--job-id', '1744', '--raw', '--subdir', 'DAGS_FOLDER/FinalPersonalProject.py', '--cfg-path', '/tmp/tmpx5zmrwqz']
[2022-11-17T15:44:06.322+0000] {standard_task_runner.py:83} INFO - Job 1744: Subtask waiting_nasa_confirmation
[2022-11-17T15:44:06.429+0000] {task_command.py:376} INFO - Running <TaskInstance: MyPersonalAirflowProject.waiting_nasa_confirmation scheduled__2022-10-09T00:00:00+00:00 [running]> on host 638485efabe7
[2022-11-17T15:44:06.534+0000] {taskinstance.py:1592} INFO - Exporting the following env vars:
AIRFLOW_CTX_DAG_OWNER=***
AIRFLOW_CTX_DAG_ID=MyPersonalAirflowProject
AIRFLOW_CTX_TASK_ID=waiting_nasa_confirmation
AIRFLOW_CTX_EXECUTION_DATE=2022-10-09T00:00:00+00:00
AIRFLOW_CTX_TRY_NUMBER=2
AIRFLOW_CTX_DAG_RUN_ID=scheduled__2022-10-09T00:00:00+00:00
[2022-11-17T15:44:06.544+0000] {base.py:71} INFO - Using connection ID 'fs_default' for task execution.
[2022-11-17T15:44:06.545+0000] {filesystem.py:58} INFO - Poking for file /tmp/reponse_20221009.txt
[2022-11-17T15:44:06.546+0000] {filesystem.py:63} INFO - Found File /tmp/reponse_20221009.txt last modified: 20221117154404
[2022-11-17T15:44:06.547+0000] {base.py:213} INFO - Success criteria met. Exiting.
[2022-11-17T15:44:06.560+0000] {taskinstance.py:1406} INFO - Marking task as SUCCESS. dag_id=MyPersonalAirflowProject, task_id=waiting_nasa_confirmation, execution_date=20221009T000000, start_date=20221117T154406, end_date=20221117T154406
[2022-11-17T15:44:06.615+0000] {local_task_job.py:164} INFO - Task exited with return code 0
[2022-11-17T15:44:06.667+0000] {local_task_job.py:273} INFO - 1 downstream tasks scheduled from follow-on schedule check
