[2022-11-04T21:32:45.236+0000] {taskinstance.py:1165} INFO - Dependencies all met for <TaskInstance: orquestation.task4 scheduled__2022-05-14T00:00:00+00:00 [queued]>
[2022-11-04T21:32:45.258+0000] {taskinstance.py:1165} INFO - Dependencies all met for <TaskInstance: orquestation.task4 scheduled__2022-05-14T00:00:00+00:00 [queued]>
[2022-11-04T21:32:45.259+0000] {taskinstance.py:1362} INFO - 
--------------------------------------------------------------------------------
[2022-11-04T21:32:45.260+0000] {taskinstance.py:1363} INFO - Starting attempt 1 of 1
[2022-11-04T21:32:45.261+0000] {taskinstance.py:1364} INFO - 
--------------------------------------------------------------------------------
[2022-11-04T21:32:45.287+0000] {taskinstance.py:1383} INFO - Executing <Task(BashOperator): task4> on 2022-05-14 00:00:00+00:00
[2022-11-04T21:32:45.296+0000] {standard_task_runner.py:55} INFO - Started process 903 to run task
[2022-11-04T21:32:45.302+0000] {standard_task_runner.py:82} INFO - Running: ['***', 'tasks', 'run', 'orquestation', 'task4', 'scheduled__2022-05-14T00:00:00+00:00', '--job-id', '168', '--raw', '--subdir', 'DAGS_FOLDER/5.1-orquestacion.py', '--cfg-path', '/tmp/tmpoahdq9pi']
[2022-11-04T21:32:45.303+0000] {standard_task_runner.py:83} INFO - Job 168: Subtask task4
[2022-11-04T21:32:45.413+0000] {task_command.py:376} INFO - Running <TaskInstance: orquestation.task4 scheduled__2022-05-14T00:00:00+00:00 [running]> on host 643e334f405f
[2022-11-04T21:32:45.537+0000] {taskinstance.py:1592} INFO - Exporting the following env vars:
AIRFLOW_CTX_DAG_OWNER=***
AIRFLOW_CTX_DAG_ID=orquestation
AIRFLOW_CTX_TASK_ID=task4
AIRFLOW_CTX_EXECUTION_DATE=2022-05-14T00:00:00+00:00
AIRFLOW_CTX_TRY_NUMBER=1
AIRFLOW_CTX_DAG_RUN_ID=scheduled__2022-05-14T00:00:00+00:00
[2022-11-04T21:32:45.540+0000] {subprocess.py:63} INFO - Tmp dir root location: 
 /tmp
[2022-11-04T21:32:45.542+0000] {subprocess.py:75} INFO - Running command: ['/bin/bash', '-c', "sleep 2 && echo 'task4'"]
[2022-11-04T21:32:45.562+0000] {subprocess.py:86} INFO - Output:
[2022-11-04T21:32:47.588+0000] {subprocess.py:93} INFO - task4
[2022-11-04T21:32:47.589+0000] {subprocess.py:97} INFO - Command exited with return code 0
[2022-11-04T21:32:47.629+0000] {taskinstance.py:1406} INFO - Marking task as SUCCESS. dag_id=orquestation, task_id=task4, execution_date=20220514T000000, start_date=20221104T213245, end_date=20221104T213247
[2022-11-04T21:32:47.683+0000] {local_task_job.py:164} INFO - Task exited with return code 0
[2022-11-04T21:32:47.709+0000] {local_task_job.py:273} INFO - 0 downstream tasks scheduled from follow-on schedule check
[2022-11-04T21:42:30.740+0000] {taskinstance.py:1165} INFO - Dependencies all met for <TaskInstance: orquestation.task4 scheduled__2022-05-14T00:00:00+00:00 [queued]>
[2022-11-04T21:42:30.757+0000] {taskinstance.py:1165} INFO - Dependencies all met for <TaskInstance: orquestation.task4 scheduled__2022-05-14T00:00:00+00:00 [queued]>
[2022-11-04T21:42:30.757+0000] {taskinstance.py:1362} INFO - 
--------------------------------------------------------------------------------
[2022-11-04T21:42:30.758+0000] {taskinstance.py:1363} INFO - Starting attempt 1 of 1
[2022-11-04T21:42:30.758+0000] {taskinstance.py:1364} INFO - 
--------------------------------------------------------------------------------
[2022-11-04T21:42:30.775+0000] {taskinstance.py:1383} INFO - Executing <Task(BashOperator): task4> on 2022-05-14 00:00:00+00:00
[2022-11-04T21:42:30.782+0000] {standard_task_runner.py:55} INFO - Started process 1921 to run task
[2022-11-04T21:42:30.785+0000] {standard_task_runner.py:82} INFO - Running: ['***', 'tasks', 'run', 'orquestation', 'task4', 'scheduled__2022-05-14T00:00:00+00:00', '--job-id', '309', '--raw', '--subdir', 'DAGS_FOLDER/5.1-orquestacion.py', '--cfg-path', '/tmp/tmpapro50ug']
[2022-11-04T21:42:30.786+0000] {standard_task_runner.py:83} INFO - Job 309: Subtask task4
[2022-11-04T21:42:30.852+0000] {task_command.py:376} INFO - Running <TaskInstance: orquestation.task4 scheduled__2022-05-14T00:00:00+00:00 [running]> on host 643e334f405f
[2022-11-04T21:42:30.931+0000] {taskinstance.py:1592} INFO - Exporting the following env vars:
AIRFLOW_CTX_DAG_OWNER=***
AIRFLOW_CTX_DAG_ID=orquestation
AIRFLOW_CTX_TASK_ID=task4
AIRFLOW_CTX_EXECUTION_DATE=2022-05-14T00:00:00+00:00
AIRFLOW_CTX_TRY_NUMBER=1
AIRFLOW_CTX_DAG_RUN_ID=scheduled__2022-05-14T00:00:00+00:00
[2022-11-04T21:42:30.932+0000] {subprocess.py:63} INFO - Tmp dir root location: 
 /tmp
[2022-11-04T21:42:30.933+0000] {subprocess.py:75} INFO - Running command: ['/bin/bash', '-c', "sleep 2 && echo 'task4'"]
[2022-11-04T21:42:30.947+0000] {subprocess.py:86} INFO - Output:
[2022-11-04T21:42:32.951+0000] {subprocess.py:93} INFO - task4
[2022-11-04T21:42:32.952+0000] {subprocess.py:97} INFO - Command exited with return code 0
[2022-11-04T21:42:32.979+0000] {taskinstance.py:1406} INFO - Marking task as SUCCESS. dag_id=orquestation, task_id=task4, execution_date=20220514T000000, start_date=20221104T214230, end_date=20221104T214232
[2022-11-04T21:42:33.005+0000] {local_task_job.py:164} INFO - Task exited with return code 0
[2022-11-04T21:42:33.025+0000] {local_task_job.py:273} INFO - 0 downstream tasks scheduled from follow-on schedule check
