[2022-11-17T16:25:00.406+0000] {taskinstance.py:1165} INFO - Dependencies all met for <TaskInstance: MyPersonalAirflowProject.Marketing_team_Notification scheduled__2022-10-02T00:00:00+00:00 [queued]>
[2022-11-17T16:25:00.421+0000] {taskinstance.py:1165} INFO - Dependencies all met for <TaskInstance: MyPersonalAirflowProject.Marketing_team_Notification scheduled__2022-10-02T00:00:00+00:00 [queued]>
[2022-11-17T16:25:00.422+0000] {taskinstance.py:1362} INFO - 
--------------------------------------------------------------------------------
[2022-11-17T16:25:00.423+0000] {taskinstance.py:1363} INFO - Starting attempt 1 of 1
[2022-11-17T16:25:00.423+0000] {taskinstance.py:1364} INFO - 
--------------------------------------------------------------------------------
[2022-11-17T16:25:00.442+0000] {taskinstance.py:1383} INFO - Executing <Task(BashOperator): Marketing_team_Notification> on 2022-10-02 00:00:00+00:00
[2022-11-17T16:25:00.448+0000] {standard_task_runner.py:55} INFO - Started process 2970 to run task
[2022-11-17T16:25:00.451+0000] {standard_task_runner.py:82} INFO - Running: ['***', 'tasks', 'run', 'MyPersonalAirflowProject', 'Marketing_team_Notification', 'scheduled__2022-10-02T00:00:00+00:00', '--job-id', '2038', '--raw', '--subdir', 'DAGS_FOLDER/FinalPersonalProject.py', '--cfg-path', '/tmp/tmpse35wf3p']
[2022-11-17T16:25:00.452+0000] {standard_task_runner.py:83} INFO - Job 2038: Subtask Marketing_team_Notification
[2022-11-17T16:25:00.521+0000] {task_command.py:376} INFO - Running <TaskInstance: MyPersonalAirflowProject.Marketing_team_Notification scheduled__2022-10-02T00:00:00+00:00 [running]> on host 638485efabe7
[2022-11-17T16:25:00.605+0000] {taskinstance.py:1592} INFO - Exporting the following env vars:
AIRFLOW_CTX_DAG_OWNER=***
AIRFLOW_CTX_DAG_ID=MyPersonalAirflowProject
AIRFLOW_CTX_TASK_ID=Marketing_team_Notification
AIRFLOW_CTX_EXECUTION_DATE=2022-10-02T00:00:00+00:00
AIRFLOW_CTX_TRY_NUMBER=1
AIRFLOW_CTX_DAG_RUN_ID=scheduled__2022-10-02T00:00:00+00:00
[2022-11-17T16:25:00.607+0000] {subprocess.py:63} INFO - Tmp dir root location: 
 /tmp
[2022-11-17T16:25:00.608+0000] {subprocess.py:75} INFO - Running command: ['/bin/bash', '-c', 'echo "Hi Marketing team, Space X data for 2022-10-02 are now available!.. Please check them out!"']
[2022-11-17T16:25:00.622+0000] {subprocess.py:86} INFO - Output:
[2022-11-17T16:25:00.624+0000] {subprocess.py:93} INFO - Hi Marketing team, Space X data for 2022-10-02 are now available!.. Please check them out!
[2022-11-17T16:25:00.625+0000] {subprocess.py:97} INFO - Command exited with return code 0
[2022-11-17T16:25:00.738+0000] {taskinstance.py:1406} INFO - Marking task as SUCCESS. dag_id=MyPersonalAirflowProject, task_id=Marketing_team_Notification, execution_date=20221002T000000, start_date=20221117T162500, end_date=20221117T162500
[2022-11-17T16:25:00.784+0000] {local_task_job.py:164} INFO - Task exited with return code 0
[2022-11-17T16:25:00.814+0000] {local_task_job.py:273} INFO - 0 downstream tasks scheduled from follow-on schedule check
[2022-11-17T17:17:07.117+0000] {taskinstance.py:1165} INFO - Dependencies all met for <TaskInstance: MyPersonalAirflowProject.Marketing_team_Notification scheduled__2022-10-02T00:00:00+00:00 [queued]>
[2022-11-17T17:17:07.135+0000] {taskinstance.py:1165} INFO - Dependencies all met for <TaskInstance: MyPersonalAirflowProject.Marketing_team_Notification scheduled__2022-10-02T00:00:00+00:00 [queued]>
[2022-11-17T17:17:07.136+0000] {taskinstance.py:1362} INFO - 
--------------------------------------------------------------------------------
[2022-11-17T17:17:07.136+0000] {taskinstance.py:1363} INFO - Starting attempt 1 of 1
[2022-11-17T17:17:07.137+0000] {taskinstance.py:1364} INFO - 
--------------------------------------------------------------------------------
[2022-11-17T17:17:07.157+0000] {taskinstance.py:1383} INFO - Executing <Task(BashOperator): Marketing_team_Notification> on 2022-10-02 00:00:00+00:00
[2022-11-17T17:17:07.164+0000] {standard_task_runner.py:55} INFO - Started process 6611 to run task
[2022-11-17T17:17:07.168+0000] {standard_task_runner.py:82} INFO - Running: ['***', 'tasks', 'run', 'MyPersonalAirflowProject', 'Marketing_team_Notification', 'scheduled__2022-10-02T00:00:00+00:00', '--job-id', '2448', '--raw', '--subdir', 'DAGS_FOLDER/FinalPersonalProject.py', '--cfg-path', '/tmp/tmpli5kxu1v']
[2022-11-17T17:17:07.169+0000] {standard_task_runner.py:83} INFO - Job 2448: Subtask Marketing_team_Notification
[2022-11-17T17:17:07.251+0000] {task_command.py:376} INFO - Running <TaskInstance: MyPersonalAirflowProject.Marketing_team_Notification scheduled__2022-10-02T00:00:00+00:00 [running]> on host 638485efabe7
[2022-11-17T17:17:07.344+0000] {taskinstance.py:1592} INFO - Exporting the following env vars:
AIRFLOW_CTX_DAG_OWNER=***
AIRFLOW_CTX_DAG_ID=MyPersonalAirflowProject
AIRFLOW_CTX_TASK_ID=Marketing_team_Notification
AIRFLOW_CTX_EXECUTION_DATE=2022-10-02T00:00:00+00:00
AIRFLOW_CTX_TRY_NUMBER=1
AIRFLOW_CTX_DAG_RUN_ID=scheduled__2022-10-02T00:00:00+00:00
[2022-11-17T17:17:07.346+0000] {subprocess.py:63} INFO - Tmp dir root location: 
 /tmp
[2022-11-17T17:17:07.347+0000] {subprocess.py:75} INFO - Running command: ['/bin/bash', '-c', 'echo "Hi Marketing team, Space X data for 2022-10-02 are now available!.. Please check them out!"']
[2022-11-17T17:17:07.361+0000] {subprocess.py:86} INFO - Output:
[2022-11-17T17:17:07.362+0000] {subprocess.py:93} INFO - Hi Marketing team, Space X data for 2022-10-02 are now available!.. Please check them out!
[2022-11-17T17:17:07.363+0000] {subprocess.py:97} INFO - Command exited with return code 0
[2022-11-17T17:17:07.396+0000] {taskinstance.py:1406} INFO - Marking task as SUCCESS. dag_id=MyPersonalAirflowProject, task_id=Marketing_team_Notification, execution_date=20221002T000000, start_date=20221117T171707, end_date=20221117T171707
[2022-11-17T17:17:07.422+0000] {local_task_job.py:164} INFO - Task exited with return code 0
[2022-11-17T17:17:07.450+0000] {local_task_job.py:273} INFO - 0 downstream tasks scheduled from follow-on schedule check
