[2022-11-04T21:33:14.460+0000] {taskinstance.py:1165} INFO - Dependencies all met for <TaskInstance: orquestation.task3 scheduled__2022-05-21T00:00:00+00:00 [queued]>
[2022-11-04T21:33:14.493+0000] {taskinstance.py:1165} INFO - Dependencies all met for <TaskInstance: orquestation.task3 scheduled__2022-05-21T00:00:00+00:00 [queued]>
[2022-11-04T21:33:14.493+0000] {taskinstance.py:1362} INFO - 
--------------------------------------------------------------------------------
[2022-11-04T21:33:14.494+0000] {taskinstance.py:1363} INFO - Starting attempt 1 of 1
[2022-11-04T21:33:14.496+0000] {taskinstance.py:1364} INFO - 
--------------------------------------------------------------------------------
[2022-11-04T21:33:14.526+0000] {taskinstance.py:1383} INFO - Executing <Task(BashOperator): task3> on 2022-05-21 00:00:00+00:00
[2022-11-04T21:33:14.547+0000] {standard_task_runner.py:82} INFO - Running: ['***', 'tasks', 'run', 'orquestation', 'task3', 'scheduled__2022-05-21T00:00:00+00:00', '--job-id', '196', '--raw', '--subdir', 'DAGS_FOLDER/5.1-orquestacion.py', '--cfg-path', '/tmp/tmp0egnyi9w']
[2022-11-04T21:33:14.538+0000] {standard_task_runner.py:55} INFO - Started process 1033 to run task
[2022-11-04T21:33:14.548+0000] {standard_task_runner.py:83} INFO - Job 196: Subtask task3
[2022-11-04T21:33:14.645+0000] {task_command.py:376} INFO - Running <TaskInstance: orquestation.task3 scheduled__2022-05-21T00:00:00+00:00 [running]> on host 643e334f405f
[2022-11-04T21:33:14.769+0000] {taskinstance.py:1592} INFO - Exporting the following env vars:
AIRFLOW_CTX_DAG_OWNER=***
AIRFLOW_CTX_DAG_ID=orquestation
AIRFLOW_CTX_TASK_ID=task3
AIRFLOW_CTX_EXECUTION_DATE=2022-05-21T00:00:00+00:00
AIRFLOW_CTX_TRY_NUMBER=1
AIRFLOW_CTX_DAG_RUN_ID=scheduled__2022-05-21T00:00:00+00:00
[2022-11-04T21:33:14.774+0000] {subprocess.py:63} INFO - Tmp dir root location: 
 /tmp
[2022-11-04T21:33:14.776+0000] {subprocess.py:75} INFO - Running command: ['/bin/bash', '-c', "sleep 2 && echo 'task3'"]
[2022-11-04T21:33:14.796+0000] {subprocess.py:86} INFO - Output:
[2022-11-04T21:33:16.833+0000] {subprocess.py:93} INFO - task3
[2022-11-04T21:33:16.835+0000] {subprocess.py:97} INFO - Command exited with return code 0
[2022-11-04T21:33:16.888+0000] {taskinstance.py:1406} INFO - Marking task as SUCCESS. dag_id=orquestation, task_id=task3, execution_date=20220521T000000, start_date=20221104T213314, end_date=20221104T213316
[2022-11-04T21:33:16.972+0000] {local_task_job.py:164} INFO - Task exited with return code 0
[2022-11-04T21:33:17.003+0000] {local_task_job.py:273} INFO - 0 downstream tasks scheduled from follow-on schedule check
[2022-11-04T21:43:47.768+0000] {taskinstance.py:1165} INFO - Dependencies all met for <TaskInstance: orquestation.task3 scheduled__2022-05-21T00:00:00+00:00 [queued]>
[2022-11-04T21:43:47.789+0000] {taskinstance.py:1165} INFO - Dependencies all met for <TaskInstance: orquestation.task3 scheduled__2022-05-21T00:00:00+00:00 [queued]>
[2022-11-04T21:43:47.790+0000] {taskinstance.py:1362} INFO - 
--------------------------------------------------------------------------------
[2022-11-04T21:43:47.790+0000] {taskinstance.py:1363} INFO - Starting attempt 1 of 1
[2022-11-04T21:43:47.791+0000] {taskinstance.py:1364} INFO - 
--------------------------------------------------------------------------------
[2022-11-04T21:43:47.808+0000] {taskinstance.py:1383} INFO - Executing <Task(BashOperator): task3> on 2022-05-21 00:00:00+00:00
[2022-11-04T21:43:47.815+0000] {standard_task_runner.py:55} INFO - Started process 2087 to run task
[2022-11-04T21:43:47.818+0000] {standard_task_runner.py:82} INFO - Running: ['***', 'tasks', 'run', 'orquestation', 'task3', 'scheduled__2022-05-21T00:00:00+00:00', '--job-id', '338', '--raw', '--subdir', 'DAGS_FOLDER/5.1-orquestacion.py', '--cfg-path', '/tmp/tmpy2_azod7']
[2022-11-04T21:43:47.819+0000] {standard_task_runner.py:83} INFO - Job 338: Subtask task3
[2022-11-04T21:43:47.889+0000] {task_command.py:376} INFO - Running <TaskInstance: orquestation.task3 scheduled__2022-05-21T00:00:00+00:00 [running]> on host 643e334f405f
[2022-11-04T21:43:47.967+0000] {taskinstance.py:1592} INFO - Exporting the following env vars:
AIRFLOW_CTX_DAG_OWNER=***
AIRFLOW_CTX_DAG_ID=orquestation
AIRFLOW_CTX_TASK_ID=task3
AIRFLOW_CTX_EXECUTION_DATE=2022-05-21T00:00:00+00:00
AIRFLOW_CTX_TRY_NUMBER=1
AIRFLOW_CTX_DAG_RUN_ID=scheduled__2022-05-21T00:00:00+00:00
[2022-11-04T21:43:47.968+0000] {subprocess.py:63} INFO - Tmp dir root location: 
 /tmp
[2022-11-04T21:43:47.969+0000] {subprocess.py:75} INFO - Running command: ['/bin/bash', '-c', "sleep 2 && echo 'task3'"]
[2022-11-04T21:43:47.983+0000] {subprocess.py:86} INFO - Output:
[2022-11-04T21:43:49.987+0000] {subprocess.py:93} INFO - task3
[2022-11-04T21:43:49.988+0000] {subprocess.py:97} INFO - Command exited with return code 0
[2022-11-04T21:43:50.023+0000] {taskinstance.py:1406} INFO - Marking task as SUCCESS. dag_id=orquestation, task_id=task3, execution_date=20220521T000000, start_date=20221104T214347, end_date=20221104T214350
[2022-11-04T21:43:50.078+0000] {local_task_job.py:164} INFO - Task exited with return code 0
[2022-11-04T21:43:50.101+0000] {local_task_job.py:273} INFO - 0 downstream tasks scheduled from follow-on schedule check
