[2022-11-16T22:20:21.680+0000] {taskinstance.py:1165} INFO - Dependencies all met for <TaskInstance: MyPersonalAirflowProject.SpaceX_data scheduled__2022-10-19T00:00:00+00:00 [queued]>
[2022-11-16T22:20:21.697+0000] {taskinstance.py:1165} INFO - Dependencies all met for <TaskInstance: MyPersonalAirflowProject.SpaceX_data scheduled__2022-10-19T00:00:00+00:00 [queued]>
[2022-11-16T22:20:21.698+0000] {taskinstance.py:1362} INFO - 
--------------------------------------------------------------------------------
[2022-11-16T22:20:21.699+0000] {taskinstance.py:1363} INFO - Starting attempt 1 of 1
[2022-11-16T22:20:21.700+0000] {taskinstance.py:1364} INFO - 
--------------------------------------------------------------------------------
[2022-11-16T22:20:21.720+0000] {taskinstance.py:1383} INFO - Executing <Task(BashOperator): SpaceX_data> on 2022-10-19 00:00:00+00:00
[2022-11-16T22:20:21.725+0000] {standard_task_runner.py:55} INFO - Started process 5486 to run task
[2022-11-16T22:20:21.728+0000] {standard_task_runner.py:82} INFO - Running: ['***', 'tasks', 'run', 'MyPersonalAirflowProject', 'SpaceX_data', 'scheduled__2022-10-19T00:00:00+00:00', '--job-id', '1551', '--raw', '--subdir', 'DAGS_FOLDER/FinalPersonalProject.py', '--cfg-path', '/tmp/tmp01gqv5my']
[2022-11-16T22:20:21.729+0000] {standard_task_runner.py:83} INFO - Job 1551: Subtask SpaceX_data
[2022-11-16T22:20:21.795+0000] {task_command.py:376} INFO - Running <TaskInstance: MyPersonalAirflowProject.SpaceX_data scheduled__2022-10-19T00:00:00+00:00 [running]> on host 638485efabe7
[2022-11-16T22:20:21.879+0000] {taskinstance.py:1592} INFO - Exporting the following env vars:
AIRFLOW_CTX_DAG_OWNER=***
AIRFLOW_CTX_DAG_ID=MyPersonalAirflowProject
AIRFLOW_CTX_TASK_ID=SpaceX_data
AIRFLOW_CTX_EXECUTION_DATE=2022-10-19T00:00:00+00:00
AIRFLOW_CTX_TRY_NUMBER=1
AIRFLOW_CTX_DAG_RUN_ID=scheduled__2022-10-19T00:00:00+00:00
[2022-11-16T22:20:21.881+0000] {subprocess.py:63} INFO - Tmp dir root location: 
 /tmp
[2022-11-16T22:20:21.882+0000] {subprocess.py:75} INFO - Running command: ['/bin/bash', '-c', "curl -o /tmp/history.json -L 'https://api.spacexdata.com/v4/history'"]
[2022-11-16T22:20:21.895+0000] {subprocess.py:86} INFO - Output:
[2022-11-16T22:20:21.922+0000] {subprocess.py:93} INFO -   % Total    % Received % Xferd  Average Speed   Time    Time     Time  Current
[2022-11-16T22:20:21.923+0000] {subprocess.py:93} INFO -                                  Dload  Upload   Total   Spent    Left  Speed
[2022-11-16T22:20:22.179+0000] {subprocess.py:93} INFO -   0     0    0     0    0     0      0      0 --:--:-- --:--:-- --:--:--     0100  6756    0  6756    0     0  26390      0 --:--:-- --:--:-- --:--:-- 26390
[2022-11-16T22:20:22.182+0000] {subprocess.py:97} INFO - Command exited with return code 0
[2022-11-16T22:20:22.271+0000] {taskinstance.py:1406} INFO - Marking task as SUCCESS. dag_id=MyPersonalAirflowProject, task_id=SpaceX_data, execution_date=20221019T000000, start_date=20221116T222021, end_date=20221116T222022
[2022-11-16T22:20:22.340+0000] {local_task_job.py:164} INFO - Task exited with return code 0
[2022-11-16T22:20:22.374+0000] {local_task_job.py:273} INFO - 1 downstream tasks scheduled from follow-on schedule check
[2022-11-17T16:33:34.948+0000] {taskinstance.py:1165} INFO - Dependencies all met for <TaskInstance: MyPersonalAirflowProject.SpaceX_data scheduled__2022-10-19T00:00:00+00:00 [queued]>
[2022-11-17T16:33:34.964+0000] {taskinstance.py:1165} INFO - Dependencies all met for <TaskInstance: MyPersonalAirflowProject.SpaceX_data scheduled__2022-10-19T00:00:00+00:00 [queued]>
[2022-11-17T16:33:34.965+0000] {taskinstance.py:1362} INFO - 
--------------------------------------------------------------------------------
[2022-11-17T16:33:34.966+0000] {taskinstance.py:1363} INFO - Starting attempt 1 of 1
[2022-11-17T16:33:34.966+0000] {taskinstance.py:1364} INFO - 
--------------------------------------------------------------------------------
[2022-11-17T16:33:34.983+0000] {taskinstance.py:1383} INFO - Executing <Task(BashOperator): SpaceX_data> on 2022-10-19 00:00:00+00:00
[2022-11-17T16:33:35.005+0000] {standard_task_runner.py:55} INFO - Started process 3780 to run task
[2022-11-17T16:33:35.009+0000] {standard_task_runner.py:82} INFO - Running: ['***', 'tasks', 'run', 'MyPersonalAirflowProject', 'SpaceX_data', 'scheduled__2022-10-19T00:00:00+00:00', '--job-id', '2171', '--raw', '--subdir', 'DAGS_FOLDER/FinalPersonalProject.py', '--cfg-path', '/tmp/tmpfi7bylux']
[2022-11-17T16:33:35.010+0000] {standard_task_runner.py:83} INFO - Job 2171: Subtask SpaceX_data
[2022-11-17T16:33:35.117+0000] {task_command.py:376} INFO - Running <TaskInstance: MyPersonalAirflowProject.SpaceX_data scheduled__2022-10-19T00:00:00+00:00 [running]> on host 638485efabe7
[2022-11-17T16:33:35.204+0000] {taskinstance.py:1592} INFO - Exporting the following env vars:
AIRFLOW_CTX_DAG_OWNER=***
AIRFLOW_CTX_DAG_ID=MyPersonalAirflowProject
AIRFLOW_CTX_TASK_ID=SpaceX_data
AIRFLOW_CTX_EXECUTION_DATE=2022-10-19T00:00:00+00:00
AIRFLOW_CTX_TRY_NUMBER=1
AIRFLOW_CTX_DAG_RUN_ID=scheduled__2022-10-19T00:00:00+00:00
[2022-11-17T16:33:35.206+0000] {subprocess.py:63} INFO - Tmp dir root location: 
 /tmp
[2022-11-17T16:33:35.207+0000] {subprocess.py:75} INFO - Running command: ['/bin/bash', '-c', "curl -o /tmp/history.json -L 'https://api.spacexdata.com/v4/history'"]
[2022-11-17T16:33:35.219+0000] {subprocess.py:86} INFO - Output:
[2022-11-17T16:33:35.227+0000] {subprocess.py:93} INFO -   % Total    % Received % Xferd  Average Speed   Time    Time     Time  Current
[2022-11-17T16:33:35.228+0000] {subprocess.py:93} INFO -                                  Dload  Upload   Total   Spent    Left  Speed
[2022-11-17T16:33:35.411+0000] {subprocess.py:93} INFO -   0     0    0     0    0     0      0      0 --:--:-- --:--:-- --:--:--     0100  6756    0  6756    0     0  36717      0 --:--:-- --:--:-- --:--:-- 36717
[2022-11-17T16:33:35.414+0000] {subprocess.py:97} INFO - Command exited with return code 0
[2022-11-17T16:33:35.448+0000] {taskinstance.py:1406} INFO - Marking task as SUCCESS. dag_id=MyPersonalAirflowProject, task_id=SpaceX_data, execution_date=20221019T000000, start_date=20221117T163334, end_date=20221117T163335
[2022-11-17T16:33:35.503+0000] {local_task_job.py:164} INFO - Task exited with return code 0
[2022-11-17T16:33:35.541+0000] {local_task_job.py:273} INFO - 1 downstream tasks scheduled from follow-on schedule check
[2022-11-17T17:25:42.568+0000] {taskinstance.py:1165} INFO - Dependencies all met for <TaskInstance: MyPersonalAirflowProject.SpaceX_data scheduled__2022-10-19T00:00:00+00:00 [queued]>
[2022-11-17T17:25:42.581+0000] {taskinstance.py:1165} INFO - Dependencies all met for <TaskInstance: MyPersonalAirflowProject.SpaceX_data scheduled__2022-10-19T00:00:00+00:00 [queued]>
[2022-11-17T17:25:42.581+0000] {taskinstance.py:1362} INFO - 
--------------------------------------------------------------------------------
[2022-11-17T17:25:42.582+0000] {taskinstance.py:1363} INFO - Starting attempt 1 of 1
[2022-11-17T17:25:42.582+0000] {taskinstance.py:1364} INFO - 
--------------------------------------------------------------------------------
[2022-11-17T17:25:42.599+0000] {taskinstance.py:1383} INFO - Executing <Task(BashOperator): SpaceX_data> on 2022-10-19 00:00:00+00:00
[2022-11-17T17:25:42.605+0000] {standard_task_runner.py:55} INFO - Started process 7423 to run task
[2022-11-17T17:25:42.608+0000] {standard_task_runner.py:82} INFO - Running: ['***', 'tasks', 'run', 'MyPersonalAirflowProject', 'SpaceX_data', 'scheduled__2022-10-19T00:00:00+00:00', '--job-id', '2581', '--raw', '--subdir', 'DAGS_FOLDER/FinalPersonalProject.py', '--cfg-path', '/tmp/tmplyu5tkd8']
[2022-11-17T17:25:42.609+0000] {standard_task_runner.py:83} INFO - Job 2581: Subtask SpaceX_data
[2022-11-17T17:25:42.680+0000] {task_command.py:376} INFO - Running <TaskInstance: MyPersonalAirflowProject.SpaceX_data scheduled__2022-10-19T00:00:00+00:00 [running]> on host 638485efabe7
[2022-11-17T17:25:42.775+0000] {taskinstance.py:1592} INFO - Exporting the following env vars:
AIRFLOW_CTX_DAG_OWNER=***
AIRFLOW_CTX_DAG_ID=MyPersonalAirflowProject
AIRFLOW_CTX_TASK_ID=SpaceX_data
AIRFLOW_CTX_EXECUTION_DATE=2022-10-19T00:00:00+00:00
AIRFLOW_CTX_TRY_NUMBER=1
AIRFLOW_CTX_DAG_RUN_ID=scheduled__2022-10-19T00:00:00+00:00
[2022-11-17T17:25:42.777+0000] {subprocess.py:63} INFO - Tmp dir root location: 
 /tmp
[2022-11-17T17:25:42.778+0000] {subprocess.py:75} INFO - Running command: ['/bin/bash', '-c', "curl -o /tmp/history.json -L 'https://api.spacexdata.com/v4/history'"]
[2022-11-17T17:25:42.794+0000] {subprocess.py:86} INFO - Output:
[2022-11-17T17:25:42.806+0000] {subprocess.py:93} INFO -   % Total    % Received % Xferd  Average Speed   Time    Time     Time  Current
[2022-11-17T17:25:42.807+0000] {subprocess.py:93} INFO -                                  Dload  Upload   Total   Spent    Left  Speed
[2022-11-17T17:25:42.980+0000] {subprocess.py:93} INFO -   0     0    0     0    0     0      0      0 --:--:-- --:--:-- --:--:--     0100  6756    0  6756    0     0  38827      0 --:--:-- --:--:-- --:--:-- 38827
[2022-11-17T17:25:42.983+0000] {subprocess.py:97} INFO - Command exited with return code 0
[2022-11-17T17:25:43.011+0000] {taskinstance.py:1406} INFO - Marking task as SUCCESS. dag_id=MyPersonalAirflowProject, task_id=SpaceX_data, execution_date=20221019T000000, start_date=20221117T172542, end_date=20221117T172543
[2022-11-17T17:25:43.062+0000] {local_task_job.py:164} INFO - Task exited with return code 0
[2022-11-17T17:25:43.101+0000] {local_task_job.py:273} INFO - 1 downstream tasks scheduled from follow-on schedule check
