[2022-11-04T21:33:40.742+0000] {taskinstance.py:1165} INFO - Dependencies all met for <TaskInstance: orquestation.task3 scheduled__2022-05-27T00:00:00+00:00 [queued]>
[2022-11-04T21:33:40.772+0000] {taskinstance.py:1165} INFO - Dependencies all met for <TaskInstance: orquestation.task3 scheduled__2022-05-27T00:00:00+00:00 [queued]>
[2022-11-04T21:33:40.773+0000] {taskinstance.py:1362} INFO - 
--------------------------------------------------------------------------------
[2022-11-04T21:33:40.774+0000] {taskinstance.py:1363} INFO - Starting attempt 1 of 1
[2022-11-04T21:33:40.777+0000] {taskinstance.py:1364} INFO - 
--------------------------------------------------------------------------------
[2022-11-04T21:33:40.806+0000] {taskinstance.py:1383} INFO - Executing <Task(BashOperator): task3> on 2022-05-27 00:00:00+00:00
[2022-11-04T21:33:40.815+0000] {standard_task_runner.py:55} INFO - Started process 1148 to run task
[2022-11-04T21:33:40.821+0000] {standard_task_runner.py:82} INFO - Running: ['***', 'tasks', 'run', 'orquestation', 'task3', 'scheduled__2022-05-27T00:00:00+00:00', '--job-id', '219', '--raw', '--subdir', 'DAGS_FOLDER/5.1-orquestacion.py', '--cfg-path', '/tmp/tmp8hc0uqr2']
[2022-11-04T21:33:40.822+0000] {standard_task_runner.py:83} INFO - Job 219: Subtask task3
[2022-11-04T21:33:40.949+0000] {task_command.py:376} INFO - Running <TaskInstance: orquestation.task3 scheduled__2022-05-27T00:00:00+00:00 [running]> on host 643e334f405f
[2022-11-04T21:33:41.166+0000] {taskinstance.py:1592} INFO - Exporting the following env vars:
AIRFLOW_CTX_DAG_OWNER=***
AIRFLOW_CTX_DAG_ID=orquestation
AIRFLOW_CTX_TASK_ID=task3
AIRFLOW_CTX_EXECUTION_DATE=2022-05-27T00:00:00+00:00
AIRFLOW_CTX_TRY_NUMBER=1
AIRFLOW_CTX_DAG_RUN_ID=scheduled__2022-05-27T00:00:00+00:00
[2022-11-04T21:33:41.225+0000] {subprocess.py:63} INFO - Tmp dir root location: 
 /tmp
[2022-11-04T21:33:41.227+0000] {subprocess.py:75} INFO - Running command: ['/bin/bash', '-c', "sleep 2 && echo 'task3'"]
[2022-11-04T21:33:41.262+0000] {subprocess.py:86} INFO - Output:
[2022-11-04T21:33:43.612+0000] {subprocess.py:93} INFO - task3
[2022-11-04T21:33:43.621+0000] {subprocess.py:97} INFO - Command exited with return code 0
[2022-11-04T21:33:44.522+0000] {taskinstance.py:1406} INFO - Marking task as SUCCESS. dag_id=orquestation, task_id=task3, execution_date=20220527T000000, start_date=20221104T213340, end_date=20221104T213344
[2022-11-04T21:33:44.607+0000] {local_task_job.py:164} INFO - Task exited with return code 0
[2022-11-04T21:33:44.647+0000] {local_task_job.py:273} INFO - 0 downstream tasks scheduled from follow-on schedule check
[2022-11-04T21:44:54.114+0000] {taskinstance.py:1165} INFO - Dependencies all met for <TaskInstance: orquestation.task3 scheduled__2022-05-27T00:00:00+00:00 [queued]>
[2022-11-04T21:44:54.140+0000] {taskinstance.py:1165} INFO - Dependencies all met for <TaskInstance: orquestation.task3 scheduled__2022-05-27T00:00:00+00:00 [queued]>
[2022-11-04T21:44:54.141+0000] {taskinstance.py:1362} INFO - 
--------------------------------------------------------------------------------
[2022-11-04T21:44:54.142+0000] {taskinstance.py:1363} INFO - Starting attempt 1 of 1
[2022-11-04T21:44:54.143+0000] {taskinstance.py:1364} INFO - 
--------------------------------------------------------------------------------
[2022-11-04T21:44:54.172+0000] {taskinstance.py:1383} INFO - Executing <Task(BashOperator): task3> on 2022-05-27 00:00:00+00:00
[2022-11-04T21:44:54.248+0000] {standard_task_runner.py:55} INFO - Started process 2238 to run task
[2022-11-04T21:44:54.255+0000] {standard_task_runner.py:82} INFO - Running: ['***', 'tasks', 'run', 'orquestation', 'task3', 'scheduled__2022-05-27T00:00:00+00:00', '--job-id', '362', '--raw', '--subdir', 'DAGS_FOLDER/5.1-orquestacion.py', '--cfg-path', '/tmp/tmpejp_0q0y']
[2022-11-04T21:44:54.256+0000] {standard_task_runner.py:83} INFO - Job 362: Subtask task3
[2022-11-04T21:44:54.373+0000] {task_command.py:376} INFO - Running <TaskInstance: orquestation.task3 scheduled__2022-05-27T00:00:00+00:00 [running]> on host 643e334f405f
[2022-11-04T21:44:54.456+0000] {taskinstance.py:1592} INFO - Exporting the following env vars:
AIRFLOW_CTX_DAG_OWNER=***
AIRFLOW_CTX_DAG_ID=orquestation
AIRFLOW_CTX_TASK_ID=task3
AIRFLOW_CTX_EXECUTION_DATE=2022-05-27T00:00:00+00:00
AIRFLOW_CTX_TRY_NUMBER=1
AIRFLOW_CTX_DAG_RUN_ID=scheduled__2022-05-27T00:00:00+00:00
[2022-11-04T21:44:54.458+0000] {subprocess.py:63} INFO - Tmp dir root location: 
 /tmp
[2022-11-04T21:44:54.459+0000] {subprocess.py:75} INFO - Running command: ['/bin/bash', '-c', "sleep 2 && echo 'task3'"]
[2022-11-04T21:44:54.474+0000] {subprocess.py:86} INFO - Output:
[2022-11-04T21:44:56.478+0000] {subprocess.py:93} INFO - task3
[2022-11-04T21:44:56.479+0000] {subprocess.py:97} INFO - Command exited with return code 0
[2022-11-04T21:44:56.507+0000] {taskinstance.py:1406} INFO - Marking task as SUCCESS. dag_id=orquestation, task_id=task3, execution_date=20220527T000000, start_date=20221104T214454, end_date=20221104T214456
[2022-11-04T21:44:56.555+0000] {local_task_job.py:164} INFO - Task exited with return code 0
[2022-11-04T21:44:56.587+0000] {local_task_job.py:273} INFO - 0 downstream tasks scheduled from follow-on schedule check
