[2022-11-16T22:32:50.051+0000] {taskinstance.py:1165} INFO - Dependencies all met for <TaskInstance: MyPersonalAirflowProject.Print_Imported_data scheduled__2022-11-06T00:00:00+00:00 [queued]>
[2022-11-16T22:32:50.069+0000] {taskinstance.py:1165} INFO - Dependencies all met for <TaskInstance: MyPersonalAirflowProject.Print_Imported_data scheduled__2022-11-06T00:00:00+00:00 [queued]>
[2022-11-16T22:32:50.070+0000] {taskinstance.py:1362} INFO - 
--------------------------------------------------------------------------------
[2022-11-16T22:32:50.072+0000] {taskinstance.py:1363} INFO - Starting attempt 1 of 1
[2022-11-16T22:32:50.072+0000] {taskinstance.py:1364} INFO - 
--------------------------------------------------------------------------------
[2022-11-16T22:32:50.096+0000] {taskinstance.py:1383} INFO - Executing <Task(BashOperator): Print_Imported_data> on 2022-11-06 00:00:00+00:00
[2022-11-16T22:32:50.104+0000] {standard_task_runner.py:55} INFO - Started process 6267 to run task
[2022-11-16T22:32:50.107+0000] {standard_task_runner.py:82} INFO - Running: ['***', 'tasks', 'run', 'MyPersonalAirflowProject', 'Print_Imported_data', 'scheduled__2022-11-06T00:00:00+00:00', '--job-id', '1661', '--raw', '--subdir', 'DAGS_FOLDER/FinalPersonalProject.py', '--cfg-path', '/tmp/tmprxl_034p']
[2022-11-16T22:32:50.108+0000] {standard_task_runner.py:83} INFO - Job 1661: Subtask Print_Imported_data
[2022-11-16T22:32:50.189+0000] {task_command.py:376} INFO - Running <TaskInstance: MyPersonalAirflowProject.Print_Imported_data scheduled__2022-11-06T00:00:00+00:00 [running]> on host 638485efabe7
[2022-11-16T22:32:50.289+0000] {taskinstance.py:1592} INFO - Exporting the following env vars:
AIRFLOW_CTX_DAG_OWNER=***
AIRFLOW_CTX_DAG_ID=MyPersonalAirflowProject
AIRFLOW_CTX_TASK_ID=Print_Imported_data
AIRFLOW_CTX_EXECUTION_DATE=2022-11-06T00:00:00+00:00
AIRFLOW_CTX_TRY_NUMBER=1
AIRFLOW_CTX_DAG_RUN_ID=scheduled__2022-11-06T00:00:00+00:00
[2022-11-16T22:32:50.291+0000] {subprocess.py:63} INFO - Tmp dir root location: 
 /tmp
[2022-11-16T22:32:50.292+0000] {subprocess.py:75} INFO - Running command: ['/bin/bash', '-c', 'ls /tmp/ && head /tmp/platzi_data.csv']
[2022-11-16T22:32:50.308+0000] {subprocess.py:86} INFO - Output:
[2022-11-16T22:32:50.313+0000] {subprocess.py:93} INFO - ***tmpak4cvnd5
[2022-11-16T22:32:50.314+0000] {subprocess.py:93} INFO - ***tmpk5xxq3nx
[2022-11-16T22:32:50.315+0000] {subprocess.py:93} INFO - ***tmplkvca7ip
[2022-11-16T22:32:50.316+0000] {subprocess.py:93} INFO - ***tmpodkacs8z
[2022-11-16T22:32:50.317+0000] {subprocess.py:93} INFO - file.txt
[2022-11-16T22:32:50.317+0000] {subprocess.py:93} INFO - history.json
[2022-11-16T22:32:50.318+0000] {subprocess.py:93} INFO - platzi_data_20221001.csv
[2022-11-16T22:32:50.318+0000] {subprocess.py:93} INFO - platzi_data_20221002.csv
[2022-11-16T22:32:50.319+0000] {subprocess.py:93} INFO - platzi_data_20221003.csv
[2022-11-16T22:32:50.320+0000] {subprocess.py:93} INFO - platzi_data_20221004.csv
[2022-11-16T22:32:50.321+0000] {subprocess.py:93} INFO - platzi_data_20221005.csv
[2022-11-16T22:32:50.321+0000] {subprocess.py:93} INFO - platzi_data_20221006.csv
[2022-11-16T22:32:50.322+0000] {subprocess.py:93} INFO - platzi_data_20221007.csv
[2022-11-16T22:32:50.322+0000] {subprocess.py:93} INFO - platzi_data_20221008.csv
[2022-11-16T22:32:50.323+0000] {subprocess.py:93} INFO - platzi_data_20221009.csv
[2022-11-16T22:32:50.324+0000] {subprocess.py:93} INFO - platzi_data_20221010.csv
[2022-11-16T22:32:50.324+0000] {subprocess.py:93} INFO - platzi_data_20221011.csv
[2022-11-16T22:32:50.324+0000] {subprocess.py:93} INFO - platzi_data_20221012.csv
[2022-11-16T22:32:50.325+0000] {subprocess.py:93} INFO - platzi_data_20221013.csv
[2022-11-16T22:32:50.325+0000] {subprocess.py:93} INFO - platzi_data_20221014.csv
[2022-11-16T22:32:50.326+0000] {subprocess.py:93} INFO - platzi_data_20221015.csv
[2022-11-16T22:32:50.326+0000] {subprocess.py:93} INFO - platzi_data_20221016.csv
[2022-11-16T22:32:50.326+0000] {subprocess.py:93} INFO - platzi_data_20221017.csv
[2022-11-16T22:32:50.327+0000] {subprocess.py:93} INFO - platzi_data_20221018.csv
[2022-11-16T22:32:50.328+0000] {subprocess.py:93} INFO - platzi_data_20221019.csv
[2022-11-16T22:32:50.329+0000] {subprocess.py:93} INFO - platzi_data_20221020.csv
[2022-11-16T22:32:50.330+0000] {subprocess.py:93} INFO - platzi_data_20221021.csv
[2022-11-16T22:32:50.331+0000] {subprocess.py:93} INFO - platzi_data_20221022.csv
[2022-11-16T22:32:50.331+0000] {subprocess.py:93} INFO - platzi_data_20221023.csv
[2022-11-16T22:32:50.332+0000] {subprocess.py:93} INFO - platzi_data_20221024.csv
[2022-11-16T22:32:50.332+0000] {subprocess.py:93} INFO - platzi_data_20221025.csv
[2022-11-16T22:32:50.333+0000] {subprocess.py:93} INFO - platzi_data_20221026.csv
[2022-11-16T22:32:50.333+0000] {subprocess.py:93} INFO - platzi_data_20221027.csv
[2022-11-16T22:32:50.334+0000] {subprocess.py:93} INFO - platzi_data_20221028.csv
[2022-11-16T22:32:50.334+0000] {subprocess.py:93} INFO - platzi_data_20221029.csv
[2022-11-16T22:32:50.335+0000] {subprocess.py:93} INFO - platzi_data_20221030.csv
[2022-11-16T22:32:50.336+0000] {subprocess.py:93} INFO - platzi_data_20221031.csv
[2022-11-16T22:32:50.336+0000] {subprocess.py:93} INFO - platzi_data_20221101.csv
[2022-11-16T22:32:50.337+0000] {subprocess.py:93} INFO - platzi_data_20221102.csv
[2022-11-16T22:32:50.338+0000] {subprocess.py:93} INFO - platzi_data_20221103.csv
[2022-11-16T22:32:50.338+0000] {subprocess.py:93} INFO - platzi_data_20221104.csv
[2022-11-16T22:32:50.339+0000] {subprocess.py:93} INFO - platzi_data_20221105.csv
[2022-11-16T22:32:50.339+0000] {subprocess.py:93} INFO - platzi_data_20221106.csv
[2022-11-16T22:32:50.340+0000] {subprocess.py:93} INFO - pymp-8yik9lbi
[2022-11-16T22:32:50.340+0000] {subprocess.py:93} INFO - pymp-y00k7agg
[2022-11-16T22:32:50.341+0000] {subprocess.py:93} INFO - reponse_20221001.txt
[2022-11-16T22:32:50.342+0000] {subprocess.py:93} INFO - reponse_20221002.txt
[2022-11-16T22:32:50.342+0000] {subprocess.py:93} INFO - reponse_20221003.txt
[2022-11-16T22:32:50.342+0000] {subprocess.py:93} INFO - reponse_20221004.txt
[2022-11-16T22:32:50.343+0000] {subprocess.py:93} INFO - reponse_20221005.txt
[2022-11-16T22:32:50.343+0000] {subprocess.py:93} INFO - reponse_20221006.txt
[2022-11-16T22:32:50.344+0000] {subprocess.py:93} INFO - reponse_20221007.txt
[2022-11-16T22:32:50.344+0000] {subprocess.py:93} INFO - reponse_20221008.txt
[2022-11-16T22:32:50.345+0000] {subprocess.py:93} INFO - reponse_20221009.txt
[2022-11-16T22:32:50.346+0000] {subprocess.py:93} INFO - reponse_20221010.txt
[2022-11-16T22:32:50.347+0000] {subprocess.py:93} INFO - reponse_20221011.txt
[2022-11-16T22:32:50.348+0000] {subprocess.py:93} INFO - reponse_20221012.txt
[2022-11-16T22:32:50.349+0000] {subprocess.py:93} INFO - reponse_20221013.txt
[2022-11-16T22:32:50.349+0000] {subprocess.py:93} INFO - reponse_20221014.txt
[2022-11-16T22:32:50.350+0000] {subprocess.py:93} INFO - reponse_20221015.txt
[2022-11-16T22:32:50.351+0000] {subprocess.py:93} INFO - reponse_20221016.txt
[2022-11-16T22:32:50.351+0000] {subprocess.py:93} INFO - reponse_20221017.txt
[2022-11-16T22:32:50.352+0000] {subprocess.py:93} INFO - reponse_20221018.txt
[2022-11-16T22:32:50.352+0000] {subprocess.py:93} INFO - reponse_20221019.txt
[2022-11-16T22:32:50.353+0000] {subprocess.py:93} INFO - reponse_20221020.txt
[2022-11-16T22:32:50.353+0000] {subprocess.py:93} INFO - reponse_20221021.txt
[2022-11-16T22:32:50.354+0000] {subprocess.py:93} INFO - reponse_20221022.txt
[2022-11-16T22:32:50.354+0000] {subprocess.py:93} INFO - reponse_20221023.txt
[2022-11-16T22:32:50.355+0000] {subprocess.py:93} INFO - reponse_20221024.txt
[2022-11-16T22:32:50.355+0000] {subprocess.py:93} INFO - reponse_20221025.txt
[2022-11-16T22:32:50.356+0000] {subprocess.py:93} INFO - reponse_20221026.txt
[2022-11-16T22:32:50.356+0000] {subprocess.py:93} INFO - reponse_20221027.txt
[2022-11-16T22:32:50.357+0000] {subprocess.py:93} INFO - reponse_20221028.txt
[2022-11-16T22:32:50.357+0000] {subprocess.py:93} INFO - reponse_20221029.txt
[2022-11-16T22:32:50.358+0000] {subprocess.py:93} INFO - reponse_20221030.txt
[2022-11-16T22:32:50.359+0000] {subprocess.py:93} INFO - reponse_20221031.txt
[2022-11-16T22:32:50.359+0000] {subprocess.py:93} INFO - reponse_20221101.txt
[2022-11-16T22:32:50.360+0000] {subprocess.py:93} INFO - reponse_20221102.txt
[2022-11-16T22:32:50.360+0000] {subprocess.py:93} INFO - reponse_20221103.txt
[2022-11-16T22:32:50.361+0000] {subprocess.py:93} INFO - reponse_20221104.txt
[2022-11-16T22:32:50.362+0000] {subprocess.py:93} INFO - reponse_20221105.txt
[2022-11-16T22:32:50.363+0000] {subprocess.py:93} INFO - reponse_20221106.txt
[2022-11-16T22:32:50.363+0000] {subprocess.py:93} INFO - reponse_20221107.txt
[2022-11-16T22:32:50.364+0000] {subprocess.py:93} INFO - reponse_20221108.txt
[2022-11-16T22:32:50.364+0000] {subprocess.py:93} INFO - reponse_20221109.txt
[2022-11-16T22:32:50.364+0000] {subprocess.py:93} INFO - reponse_20221110.txt
[2022-11-16T22:32:50.365+0000] {subprocess.py:93} INFO - reponse_20221111.txt
[2022-11-16T22:32:50.365+0000] {subprocess.py:93} INFO - reponse_20221112.txt
[2022-11-16T22:32:50.365+0000] {subprocess.py:93} INFO - reponse_20221113.txt
[2022-11-16T22:32:50.366+0000] {subprocess.py:93} INFO - reponse_20221114.txt
[2022-11-16T22:32:50.366+0000] {subprocess.py:93} INFO - reponse_20221115.txt
[2022-11-16T22:32:50.367+0000] {subprocess.py:93} INFO - tmp061o5asr
[2022-11-16T22:32:50.367+0000] {subprocess.py:93} INFO - tmp1b_v374g
[2022-11-16T22:32:50.368+0000] {subprocess.py:93} INFO - tmp2n3y4qb3
[2022-11-16T22:32:50.369+0000] {subprocess.py:93} INFO - tmp2ztydtyd
[2022-11-16T22:32:50.369+0000] {subprocess.py:93} INFO - tmp546oqdk0
[2022-11-16T22:32:50.370+0000] {subprocess.py:93} INFO - tmp57roj99h
[2022-11-16T22:32:50.370+0000] {subprocess.py:93} INFO - tmp5lejojs5
[2022-11-16T22:32:50.371+0000] {subprocess.py:93} INFO - tmp5nj2onwa
[2022-11-16T22:32:50.371+0000] {subprocess.py:93} INFO - tmp64cxrvul
[2022-11-16T22:32:50.372+0000] {subprocess.py:93} INFO - tmp6g4l21c1
[2022-11-16T22:32:50.372+0000] {subprocess.py:93} INFO - tmp7c6bgots
[2022-11-16T22:32:50.372+0000] {subprocess.py:93} INFO - tmp7khebugo
[2022-11-16T22:32:50.373+0000] {subprocess.py:93} INFO - tmp7lvtz6wk
[2022-11-16T22:32:50.373+0000] {subprocess.py:93} INFO - tmp8_n1aj39
[2022-11-16T22:32:50.374+0000] {subprocess.py:93} INFO - tmp8c_dsk2e
[2022-11-16T22:32:50.374+0000] {subprocess.py:93} INFO - tmp928ntdt7
[2022-11-16T22:32:50.374+0000] {subprocess.py:93} INFO - tmp9503grtb
[2022-11-16T22:32:50.375+0000] {subprocess.py:93} INFO - tmp_afh1uos
[2022-11-16T22:32:50.375+0000] {subprocess.py:93} INFO - tmp_m6lsnw3
[2022-11-16T22:32:50.376+0000] {subprocess.py:93} INFO - tmp_vy6n6_q
[2022-11-16T22:32:50.376+0000] {subprocess.py:93} INFO - tmpcnj5oj8y
[2022-11-16T22:32:50.377+0000] {subprocess.py:93} INFO - tmpcu_pom_6
[2022-11-16T22:32:50.378+0000] {subprocess.py:93} INFO - tmpdmc2g1zb
[2022-11-16T22:32:50.379+0000] {subprocess.py:93} INFO - tmpe4k1ogev
[2022-11-16T22:32:50.380+0000] {subprocess.py:93} INFO - tmpg_n88zm7
[2022-11-16T22:32:50.381+0000] {subprocess.py:93} INFO - tmpgg8mkst1
[2022-11-16T22:32:50.381+0000] {subprocess.py:93} INFO - tmpgi8v82jx
[2022-11-16T22:32:50.382+0000] {subprocess.py:93} INFO - tmpiez6kail
[2022-11-16T22:32:50.382+0000] {subprocess.py:93} INFO - tmpj1n4wxza
[2022-11-16T22:32:50.382+0000] {subprocess.py:93} INFO - tmpjsznho2e
[2022-11-16T22:32:50.383+0000] {subprocess.py:93} INFO - tmpkrg9_cgk
[2022-11-16T22:32:50.383+0000] {subprocess.py:93} INFO - tmpl13ymsfs
[2022-11-16T22:32:50.385+0000] {subprocess.py:93} INFO - tmplrbhl64b
[2022-11-16T22:32:50.385+0000] {subprocess.py:93} INFO - tmpn38ozedg
[2022-11-16T22:32:50.386+0000] {subprocess.py:93} INFO - tmpn96u_4ih
[2022-11-16T22:32:50.387+0000] {subprocess.py:93} INFO - tmpo3nf6k5c
[2022-11-16T22:32:50.387+0000] {subprocess.py:93} INFO - tmpoy_ljy8t
[2022-11-16T22:32:50.387+0000] {subprocess.py:93} INFO - tmpp4w9yq6x
[2022-11-16T22:32:50.388+0000] {subprocess.py:93} INFO - tmppfidxzjr
[2022-11-16T22:32:50.388+0000] {subprocess.py:93} INFO - tmpr681bhfw
[2022-11-16T22:32:50.389+0000] {subprocess.py:93} INFO - tmpr9102hwf
[2022-11-16T22:32:50.389+0000] {subprocess.py:93} INFO - tmpt4qo16oq
[2022-11-16T22:32:50.389+0000] {subprocess.py:93} INFO - tmptn832g5z
[2022-11-16T22:32:50.389+0000] {subprocess.py:93} INFO - tmpu9qbl0wh
[2022-11-16T22:32:50.390+0000] {subprocess.py:93} INFO - tmpuq8ywung
[2022-11-16T22:32:50.390+0000] {subprocess.py:93} INFO - tmpv606o9_9
[2022-11-16T22:32:50.391+0000] {subprocess.py:93} INFO - tmpxf7g1lc4
[2022-11-16T22:32:50.391+0000] {subprocess.py:93} INFO - tmpxktobcjf
[2022-11-16T22:32:50.391+0000] {subprocess.py:93} INFO - tmpz91iizm7
[2022-11-16T22:32:50.392+0000] {subprocess.py:93} INFO - head: cannot open '/tmp/platzi_data.csv' for reading: No such file or directory
[2022-11-16T22:32:50.392+0000] {subprocess.py:97} INFO - Command exited with return code 1
[2022-11-16T22:32:50.406+0000] {taskinstance.py:1851} ERROR - Task failed with exception
Traceback (most recent call last):
  File "/home/airflow/.local/lib/python3.7/site-packages/airflow/operators/bash.py", line 197, in execute
    f'Bash command failed. The command returned a non-zero exit code {result.exit_code}.'
airflow.exceptions.AirflowException: Bash command failed. The command returned a non-zero exit code 1.
[2022-11-16T22:32:50.411+0000] {taskinstance.py:1406} INFO - Marking task as FAILED. dag_id=MyPersonalAirflowProject, task_id=Print_Imported_data, execution_date=20221106T000000, start_date=20221116T223250, end_date=20221116T223250
[2022-11-16T22:32:50.428+0000] {standard_task_runner.py:105} ERROR - Failed to execute job 1661 for task Print_Imported_data (Bash command failed. The command returned a non-zero exit code 1.; 6267)
[2022-11-16T22:32:50.478+0000] {local_task_job.py:164} INFO - Task exited with return code 1
[2022-11-16T22:32:50.501+0000] {local_task_job.py:273} INFO - 0 downstream tasks scheduled from follow-on schedule check
[2022-11-17T16:43:47.700+0000] {taskinstance.py:1165} INFO - Dependencies all met for <TaskInstance: MyPersonalAirflowProject.Print_Imported_data scheduled__2022-11-06T00:00:00+00:00 [queued]>
[2022-11-17T16:43:47.714+0000] {taskinstance.py:1165} INFO - Dependencies all met for <TaskInstance: MyPersonalAirflowProject.Print_Imported_data scheduled__2022-11-06T00:00:00+00:00 [queued]>
[2022-11-17T16:43:47.715+0000] {taskinstance.py:1362} INFO - 
--------------------------------------------------------------------------------
[2022-11-17T16:43:47.715+0000] {taskinstance.py:1363} INFO - Starting attempt 1 of 1
[2022-11-17T16:43:47.716+0000] {taskinstance.py:1364} INFO - 
--------------------------------------------------------------------------------
[2022-11-17T16:43:47.736+0000] {taskinstance.py:1383} INFO - Executing <Task(BashOperator): Print_Imported_data> on 2022-11-06 00:00:00+00:00
[2022-11-17T16:43:47.742+0000] {standard_task_runner.py:55} INFO - Started process 4694 to run task
[2022-11-17T16:43:47.745+0000] {standard_task_runner.py:82} INFO - Running: ['***', 'tasks', 'run', 'MyPersonalAirflowProject', 'Print_Imported_data', 'scheduled__2022-11-06T00:00:00+00:00', '--job-id', '2317', '--raw', '--subdir', 'DAGS_FOLDER/FinalPersonalProject.py', '--cfg-path', '/tmp/tmpfabg6qnh']
[2022-11-17T16:43:47.746+0000] {standard_task_runner.py:83} INFO - Job 2317: Subtask Print_Imported_data
[2022-11-17T16:43:47.816+0000] {task_command.py:376} INFO - Running <TaskInstance: MyPersonalAirflowProject.Print_Imported_data scheduled__2022-11-06T00:00:00+00:00 [running]> on host 638485efabe7
[2022-11-17T16:43:47.897+0000] {taskinstance.py:1592} INFO - Exporting the following env vars:
AIRFLOW_CTX_DAG_OWNER=***
AIRFLOW_CTX_DAG_ID=MyPersonalAirflowProject
AIRFLOW_CTX_TASK_ID=Print_Imported_data
AIRFLOW_CTX_EXECUTION_DATE=2022-11-06T00:00:00+00:00
AIRFLOW_CTX_TRY_NUMBER=1
AIRFLOW_CTX_DAG_RUN_ID=scheduled__2022-11-06T00:00:00+00:00
[2022-11-17T16:43:47.899+0000] {subprocess.py:63} INFO - Tmp dir root location: 
 /tmp
[2022-11-17T16:43:47.900+0000] {subprocess.py:75} INFO - Running command: ['/bin/bash', '-c', 'ls /tmp/ && head /tmp/platzi_data_20221106.csv']
[2022-11-17T16:43:47.910+0000] {subprocess.py:86} INFO - Output:
[2022-11-17T16:43:47.914+0000] {subprocess.py:93} INFO - ***tmp9w338hj4
[2022-11-17T16:43:47.915+0000] {subprocess.py:93} INFO - ***tmpk5xxq3nx
[2022-11-17T16:43:47.915+0000] {subprocess.py:93} INFO - ***tmplkvca7ip
[2022-11-17T16:43:47.916+0000] {subprocess.py:93} INFO - ***tmpodkacs8z
[2022-11-17T16:43:47.916+0000] {subprocess.py:93} INFO - file.txt
[2022-11-17T16:43:47.916+0000] {subprocess.py:93} INFO - history.json
[2022-11-17T16:43:47.917+0000] {subprocess.py:93} INFO - platzi_data_20221001.csv
[2022-11-17T16:43:47.917+0000] {subprocess.py:93} INFO - platzi_data_20221002.csv
[2022-11-17T16:43:47.917+0000] {subprocess.py:93} INFO - platzi_data_20221003.csv
[2022-11-17T16:43:47.918+0000] {subprocess.py:93} INFO - platzi_data_20221004.csv
[2022-11-17T16:43:47.918+0000] {subprocess.py:93} INFO - platzi_data_20221005.csv
[2022-11-17T16:43:47.918+0000] {subprocess.py:93} INFO - platzi_data_20221006.csv
[2022-11-17T16:43:47.919+0000] {subprocess.py:93} INFO - platzi_data_20221007.csv
[2022-11-17T16:43:47.919+0000] {subprocess.py:93} INFO - platzi_data_20221008.csv
[2022-11-17T16:43:47.919+0000] {subprocess.py:93} INFO - platzi_data_20221009.csv
[2022-11-17T16:43:47.919+0000] {subprocess.py:93} INFO - platzi_data_20221010.csv
[2022-11-17T16:43:47.920+0000] {subprocess.py:93} INFO - platzi_data_20221011.csv
[2022-11-17T16:43:47.920+0000] {subprocess.py:93} INFO - platzi_data_20221012.csv
[2022-11-17T16:43:47.920+0000] {subprocess.py:93} INFO - platzi_data_20221013.csv
[2022-11-17T16:43:47.921+0000] {subprocess.py:93} INFO - platzi_data_20221014.csv
[2022-11-17T16:43:47.921+0000] {subprocess.py:93} INFO - platzi_data_20221015.csv
[2022-11-17T16:43:47.921+0000] {subprocess.py:93} INFO - platzi_data_20221016.csv
[2022-11-17T16:43:47.922+0000] {subprocess.py:93} INFO - platzi_data_20221017.csv
[2022-11-17T16:43:47.922+0000] {subprocess.py:93} INFO - platzi_data_20221018.csv
[2022-11-17T16:43:47.922+0000] {subprocess.py:93} INFO - platzi_data_20221019.csv
[2022-11-17T16:43:47.923+0000] {subprocess.py:93} INFO - platzi_data_20221020.csv
[2022-11-17T16:43:47.923+0000] {subprocess.py:93} INFO - platzi_data_20221021.csv
[2022-11-17T16:43:47.923+0000] {subprocess.py:93} INFO - platzi_data_20221022.csv
[2022-11-17T16:43:47.924+0000] {subprocess.py:93} INFO - platzi_data_20221023.csv
[2022-11-17T16:43:47.924+0000] {subprocess.py:93} INFO - platzi_data_20221024.csv
[2022-11-17T16:43:47.924+0000] {subprocess.py:93} INFO - platzi_data_20221025.csv
[2022-11-17T16:43:47.925+0000] {subprocess.py:93} INFO - platzi_data_20221026.csv
[2022-11-17T16:43:47.925+0000] {subprocess.py:93} INFO - platzi_data_20221027.csv
[2022-11-17T16:43:47.925+0000] {subprocess.py:93} INFO - platzi_data_20221028.csv
[2022-11-17T16:43:47.925+0000] {subprocess.py:93} INFO - platzi_data_20221029.csv
[2022-11-17T16:43:47.926+0000] {subprocess.py:93} INFO - platzi_data_20221030.csv
[2022-11-17T16:43:47.926+0000] {subprocess.py:93} INFO - platzi_data_20221031.csv
[2022-11-17T16:43:47.926+0000] {subprocess.py:93} INFO - platzi_data_20221101.csv
[2022-11-17T16:43:47.926+0000] {subprocess.py:93} INFO - platzi_data_20221102.csv
[2022-11-17T16:43:47.927+0000] {subprocess.py:93} INFO - platzi_data_20221103.csv
[2022-11-17T16:43:47.927+0000] {subprocess.py:93} INFO - platzi_data_20221104.csv
[2022-11-17T16:43:47.927+0000] {subprocess.py:93} INFO - platzi_data_20221105.csv
[2022-11-17T16:43:47.928+0000] {subprocess.py:93} INFO - platzi_data_20221106.csv
[2022-11-17T16:43:47.928+0000] {subprocess.py:93} INFO - platzi_data_20221107.csv
[2022-11-17T16:43:47.928+0000] {subprocess.py:93} INFO - platzi_data_20221108.csv
[2022-11-17T16:43:47.928+0000] {subprocess.py:93} INFO - platzi_data_20221109.csv
[2022-11-17T16:43:47.929+0000] {subprocess.py:93} INFO - platzi_data_20221110.csv
[2022-11-17T16:43:47.929+0000] {subprocess.py:93} INFO - platzi_data_20221111.csv
[2022-11-17T16:43:47.929+0000] {subprocess.py:93} INFO - platzi_data_20221112.csv
[2022-11-17T16:43:47.930+0000] {subprocess.py:93} INFO - platzi_data_20221113.csv
[2022-11-17T16:43:47.930+0000] {subprocess.py:93} INFO - platzi_data_20221114.csv
[2022-11-17T16:43:47.930+0000] {subprocess.py:93} INFO - platzi_data_20221115.csv
[2022-11-17T16:43:47.931+0000] {subprocess.py:93} INFO - platzi_data_20221116.csv
[2022-11-17T16:43:47.932+0000] {subprocess.py:93} INFO - pymp-8yik9lbi
[2022-11-17T16:43:47.932+0000] {subprocess.py:93} INFO - pymp-sbqt6pho
[2022-11-17T16:43:47.932+0000] {subprocess.py:93} INFO - reponse_20221001.txt
[2022-11-17T16:43:47.933+0000] {subprocess.py:93} INFO - reponse_20221002.txt
[2022-11-17T16:43:47.933+0000] {subprocess.py:93} INFO - reponse_20221003.txt
[2022-11-17T16:43:47.933+0000] {subprocess.py:93} INFO - reponse_20221004.txt
[2022-11-17T16:43:47.934+0000] {subprocess.py:93} INFO - reponse_20221005.txt
[2022-11-17T16:43:47.934+0000] {subprocess.py:93} INFO - reponse_20221006.txt
[2022-11-17T16:43:47.934+0000] {subprocess.py:93} INFO - reponse_20221007.txt
[2022-11-17T16:43:47.935+0000] {subprocess.py:93} INFO - reponse_20221008.txt
[2022-11-17T16:43:47.935+0000] {subprocess.py:93} INFO - reponse_20221009.txt
[2022-11-17T16:43:47.935+0000] {subprocess.py:93} INFO - reponse_20221010.txt
[2022-11-17T16:43:47.935+0000] {subprocess.py:93} INFO - reponse_20221011.txt
[2022-11-17T16:43:47.936+0000] {subprocess.py:93} INFO - reponse_20221012.txt
[2022-11-17T16:43:47.936+0000] {subprocess.py:93} INFO - reponse_20221013.txt
[2022-11-17T16:43:47.936+0000] {subprocess.py:93} INFO - reponse_20221014.txt
[2022-11-17T16:43:47.936+0000] {subprocess.py:93} INFO - reponse_20221015.txt
[2022-11-17T16:43:47.937+0000] {subprocess.py:93} INFO - reponse_20221016.txt
[2022-11-17T16:43:47.937+0000] {subprocess.py:93} INFO - reponse_20221017.txt
[2022-11-17T16:43:47.937+0000] {subprocess.py:93} INFO - reponse_20221018.txt
[2022-11-17T16:43:47.938+0000] {subprocess.py:93} INFO - reponse_20221019.txt
[2022-11-17T16:43:47.938+0000] {subprocess.py:93} INFO - reponse_20221020.txt
[2022-11-17T16:43:47.938+0000] {subprocess.py:93} INFO - reponse_20221021.txt
[2022-11-17T16:43:47.938+0000] {subprocess.py:93} INFO - reponse_20221022.txt
[2022-11-17T16:43:47.939+0000] {subprocess.py:93} INFO - reponse_20221023.txt
[2022-11-17T16:43:47.939+0000] {subprocess.py:93} INFO - reponse_20221024.txt
[2022-11-17T16:43:47.939+0000] {subprocess.py:93} INFO - reponse_20221025.txt
[2022-11-17T16:43:47.940+0000] {subprocess.py:93} INFO - reponse_20221026.txt
[2022-11-17T16:43:47.940+0000] {subprocess.py:93} INFO - reponse_20221027.txt
[2022-11-17T16:43:47.940+0000] {subprocess.py:93} INFO - reponse_20221028.txt
[2022-11-17T16:43:47.940+0000] {subprocess.py:93} INFO - reponse_20221029.txt
[2022-11-17T16:43:47.941+0000] {subprocess.py:93} INFO - reponse_20221030.txt
[2022-11-17T16:43:47.941+0000] {subprocess.py:93} INFO - reponse_20221031.txt
[2022-11-17T16:43:47.941+0000] {subprocess.py:93} INFO - reponse_20221101.txt
[2022-11-17T16:43:47.941+0000] {subprocess.py:93} INFO - reponse_20221102.txt
[2022-11-17T16:43:47.942+0000] {subprocess.py:93} INFO - reponse_20221103.txt
[2022-11-17T16:43:47.942+0000] {subprocess.py:93} INFO - reponse_20221104.txt
[2022-11-17T16:43:47.942+0000] {subprocess.py:93} INFO - reponse_20221105.txt
[2022-11-17T16:43:47.943+0000] {subprocess.py:93} INFO - reponse_20221106.txt
[2022-11-17T16:43:47.943+0000] {subprocess.py:93} INFO - reponse_20221107.txt
[2022-11-17T16:43:47.943+0000] {subprocess.py:93} INFO - reponse_20221108.txt
[2022-11-17T16:43:47.943+0000] {subprocess.py:93} INFO - reponse_20221109.txt
[2022-11-17T16:43:47.944+0000] {subprocess.py:93} INFO - reponse_20221110.txt
[2022-11-17T16:43:47.944+0000] {subprocess.py:93} INFO - reponse_20221111.txt
[2022-11-17T16:43:47.944+0000] {subprocess.py:93} INFO - reponse_20221112.txt
[2022-11-17T16:43:47.945+0000] {subprocess.py:93} INFO - reponse_20221113.txt
[2022-11-17T16:43:47.945+0000] {subprocess.py:93} INFO - reponse_20221114.txt
[2022-11-17T16:43:47.945+0000] {subprocess.py:93} INFO - reponse_20221115.txt
[2022-11-17T16:43:47.946+0000] {subprocess.py:93} INFO - reponse_20221116.txt
[2022-11-17T16:43:47.946+0000] {subprocess.py:93} INFO - tmp061o5asr
[2022-11-17T16:43:47.946+0000] {subprocess.py:93} INFO - tmp1b_v374g
[2022-11-17T16:43:47.946+0000] {subprocess.py:93} INFO - tmp2n3y4qb3
[2022-11-17T16:43:47.947+0000] {subprocess.py:93} INFO - tmp2ztydtyd
[2022-11-17T16:43:47.947+0000] {subprocess.py:93} INFO - tmp546oqdk0
[2022-11-17T16:43:47.947+0000] {subprocess.py:93} INFO - tmp57roj99h
[2022-11-17T16:43:47.947+0000] {subprocess.py:93} INFO - tmp5lejojs5
[2022-11-17T16:43:47.948+0000] {subprocess.py:93} INFO - tmp5nj2onwa
[2022-11-17T16:43:47.948+0000] {subprocess.py:93} INFO - tmp64cxrvul
[2022-11-17T16:43:47.948+0000] {subprocess.py:93} INFO - tmp6g4l21c1
[2022-11-17T16:43:47.949+0000] {subprocess.py:93} INFO - tmp7c6bgots
[2022-11-17T16:43:47.949+0000] {subprocess.py:93} INFO - tmp7khebugo
[2022-11-17T16:43:47.949+0000] {subprocess.py:93} INFO - tmp7lvtz6wk
[2022-11-17T16:43:47.949+0000] {subprocess.py:93} INFO - tmp8_n1aj39
[2022-11-17T16:43:47.950+0000] {subprocess.py:93} INFO - tmp8c_dsk2e
[2022-11-17T16:43:47.950+0000] {subprocess.py:93} INFO - tmp928ntdt7
[2022-11-17T16:43:47.950+0000] {subprocess.py:93} INFO - tmp9503grtb
[2022-11-17T16:43:47.950+0000] {subprocess.py:93} INFO - tmp_afh1uos
[2022-11-17T16:43:47.951+0000] {subprocess.py:93} INFO - tmp_m6lsnw3
[2022-11-17T16:43:47.951+0000] {subprocess.py:93} INFO - tmp_vy6n6_q
[2022-11-17T16:43:47.951+0000] {subprocess.py:93} INFO - tmpcnj5oj8y
[2022-11-17T16:43:47.952+0000] {subprocess.py:93} INFO - tmpcu_pom_6
[2022-11-17T16:43:47.952+0000] {subprocess.py:93} INFO - tmpdmc2g1zb
[2022-11-17T16:43:47.952+0000] {subprocess.py:93} INFO - tmpe4k1ogev
[2022-11-17T16:43:47.952+0000] {subprocess.py:93} INFO - tmpg_n88zm7
[2022-11-17T16:43:47.953+0000] {subprocess.py:93} INFO - tmpgg8mkst1
[2022-11-17T16:43:47.953+0000] {subprocess.py:93} INFO - tmpgi8v82jx
[2022-11-17T16:43:47.953+0000] {subprocess.py:93} INFO - tmpiez6kail
[2022-11-17T16:43:47.954+0000] {subprocess.py:93} INFO - tmpj1n4wxza
[2022-11-17T16:43:47.954+0000] {subprocess.py:93} INFO - tmpjsznho2e
[2022-11-17T16:43:47.954+0000] {subprocess.py:93} INFO - tmpkrg9_cgk
[2022-11-17T16:43:47.955+0000] {subprocess.py:93} INFO - tmpl13ymsfs
[2022-11-17T16:43:47.955+0000] {subprocess.py:93} INFO - tmplrbhl64b
[2022-11-17T16:43:47.955+0000] {subprocess.py:93} INFO - tmpn38ozedg
[2022-11-17T16:43:47.956+0000] {subprocess.py:93} INFO - tmpn96u_4ih
[2022-11-17T16:43:47.956+0000] {subprocess.py:93} INFO - tmpo3nf6k5c
[2022-11-17T16:43:47.956+0000] {subprocess.py:93} INFO - tmpoy_ljy8t
[2022-11-17T16:43:47.956+0000] {subprocess.py:93} INFO - tmpp4w9yq6x
[2022-11-17T16:43:47.957+0000] {subprocess.py:93} INFO - tmppfidxzjr
[2022-11-17T16:43:47.957+0000] {subprocess.py:93} INFO - tmpr681bhfw
[2022-11-17T16:43:47.957+0000] {subprocess.py:93} INFO - tmpr9102hwf
[2022-11-17T16:43:47.958+0000] {subprocess.py:93} INFO - tmpt4qo16oq
[2022-11-17T16:43:47.958+0000] {subprocess.py:93} INFO - tmptn832g5z
[2022-11-17T16:43:47.958+0000] {subprocess.py:93} INFO - tmpu9qbl0wh
[2022-11-17T16:43:47.958+0000] {subprocess.py:93} INFO - tmpuq8ywung
[2022-11-17T16:43:47.959+0000] {subprocess.py:93} INFO - tmpv606o9_9
[2022-11-17T16:43:47.959+0000] {subprocess.py:93} INFO - tmpxf7g1lc4
[2022-11-17T16:43:47.959+0000] {subprocess.py:93} INFO - tmpxktobcjf
[2022-11-17T16:43:47.960+0000] {subprocess.py:93} INFO - tmpz91iizm7
[2022-11-17T16:43:47.960+0000] {subprocess.py:93} INFO - ,student,timestamp
[2022-11-17T16:43:47.960+0000] {subprocess.py:93} INFO - 0,Maria Cruz,2022-11-06 00:00:00+00:00
[2022-11-17T16:43:47.961+0000] {subprocess.py:93} INFO - 1,Daniel Crema,2022-11-06 00:00:00+00:00
[2022-11-17T16:43:47.962+0000] {subprocess.py:93} INFO - 2,Elon Musk,2022-11-06 00:00:00+00:00
[2022-11-17T16:43:47.962+0000] {subprocess.py:93} INFO - 3,Karol Castrejon,2022-11-06 00:00:00+00:00
[2022-11-17T16:43:47.963+0000] {subprocess.py:93} INFO - 4,Freddy Vega,2022-11-06 00:00:00+00:00
[2022-11-17T16:43:47.963+0000] {subprocess.py:93} INFO - 5,Freddy Montañez,2022-11-06 00:00:00+00:00
[2022-11-17T16:43:47.964+0000] {subprocess.py:97} INFO - Command exited with return code 0
[2022-11-17T16:43:47.991+0000] {taskinstance.py:1406} INFO - Marking task as SUCCESS. dag_id=MyPersonalAirflowProject, task_id=Print_Imported_data, execution_date=20221106T000000, start_date=20221117T164347, end_date=20221117T164347
[2022-11-17T16:43:48.038+0000] {local_task_job.py:164} INFO - Task exited with return code 0
[2022-11-17T16:43:48.067+0000] {local_task_job.py:273} INFO - 2 downstream tasks scheduled from follow-on schedule check
[2022-11-17T17:34:47.166+0000] {taskinstance.py:1165} INFO - Dependencies all met for <TaskInstance: MyPersonalAirflowProject.Print_Imported_data scheduled__2022-11-06T00:00:00+00:00 [queued]>
[2022-11-17T17:34:47.180+0000] {taskinstance.py:1165} INFO - Dependencies all met for <TaskInstance: MyPersonalAirflowProject.Print_Imported_data scheduled__2022-11-06T00:00:00+00:00 [queued]>
[2022-11-17T17:34:47.181+0000] {taskinstance.py:1362} INFO - 
--------------------------------------------------------------------------------
[2022-11-17T17:34:47.181+0000] {taskinstance.py:1363} INFO - Starting attempt 1 of 1
[2022-11-17T17:34:47.182+0000] {taskinstance.py:1364} INFO - 
--------------------------------------------------------------------------------
[2022-11-17T17:34:47.200+0000] {taskinstance.py:1383} INFO - Executing <Task(BashOperator): Print_Imported_data> on 2022-11-06 00:00:00+00:00
[2022-11-17T17:34:47.205+0000] {standard_task_runner.py:55} INFO - Started process 8305 to run task
[2022-11-17T17:34:47.208+0000] {standard_task_runner.py:82} INFO - Running: ['***', 'tasks', 'run', 'MyPersonalAirflowProject', 'Print_Imported_data', 'scheduled__2022-11-06T00:00:00+00:00', '--job-id', '2727', '--raw', '--subdir', 'DAGS_FOLDER/FinalPersonalProject.py', '--cfg-path', '/tmp/tmpb9o9ptsc']
[2022-11-17T17:34:47.209+0000] {standard_task_runner.py:83} INFO - Job 2727: Subtask Print_Imported_data
[2022-11-17T17:34:47.274+0000] {task_command.py:376} INFO - Running <TaskInstance: MyPersonalAirflowProject.Print_Imported_data scheduled__2022-11-06T00:00:00+00:00 [running]> on host 638485efabe7
[2022-11-17T17:34:47.352+0000] {taskinstance.py:1592} INFO - Exporting the following env vars:
AIRFLOW_CTX_DAG_OWNER=***
AIRFLOW_CTX_DAG_ID=MyPersonalAirflowProject
AIRFLOW_CTX_TASK_ID=Print_Imported_data
AIRFLOW_CTX_EXECUTION_DATE=2022-11-06T00:00:00+00:00
AIRFLOW_CTX_TRY_NUMBER=1
AIRFLOW_CTX_DAG_RUN_ID=scheduled__2022-11-06T00:00:00+00:00
[2022-11-17T17:34:47.353+0000] {subprocess.py:63} INFO - Tmp dir root location: 
 /tmp
[2022-11-17T17:34:47.354+0000] {subprocess.py:75} INFO - Running command: ['/bin/bash', '-c', 'ls /tmp/ && head /tmp/platzi_data_20221106.csv']
[2022-11-17T17:34:47.365+0000] {subprocess.py:86} INFO - Output:
[2022-11-17T17:34:47.369+0000] {subprocess.py:93} INFO - ***tmp_lfplv6y
[2022-11-17T17:34:47.370+0000] {subprocess.py:93} INFO - ***tmpk5xxq3nx
[2022-11-17T17:34:47.370+0000] {subprocess.py:93} INFO - ***tmplkvca7ip
[2022-11-17T17:34:47.371+0000] {subprocess.py:93} INFO - ***tmpodkacs8z
[2022-11-17T17:34:47.371+0000] {subprocess.py:93} INFO - file.txt
[2022-11-17T17:34:47.372+0000] {subprocess.py:93} INFO - history.json
[2022-11-17T17:34:47.372+0000] {subprocess.py:93} INFO - platzi_data_20221001.csv
[2022-11-17T17:34:47.372+0000] {subprocess.py:93} INFO - platzi_data_20221002.csv
[2022-11-17T17:34:47.373+0000] {subprocess.py:93} INFO - platzi_data_20221003.csv
[2022-11-17T17:34:47.373+0000] {subprocess.py:93} INFO - platzi_data_20221004.csv
[2022-11-17T17:34:47.373+0000] {subprocess.py:93} INFO - platzi_data_20221005.csv
[2022-11-17T17:34:47.374+0000] {subprocess.py:93} INFO - platzi_data_20221006.csv
[2022-11-17T17:34:47.374+0000] {subprocess.py:93} INFO - platzi_data_20221007.csv
[2022-11-17T17:34:47.374+0000] {subprocess.py:93} INFO - platzi_data_20221008.csv
[2022-11-17T17:34:47.375+0000] {subprocess.py:93} INFO - platzi_data_20221009.csv
[2022-11-17T17:34:47.375+0000] {subprocess.py:93} INFO - platzi_data_20221010.csv
[2022-11-17T17:34:47.375+0000] {subprocess.py:93} INFO - platzi_data_20221011.csv
[2022-11-17T17:34:47.375+0000] {subprocess.py:93} INFO - platzi_data_20221012.csv
[2022-11-17T17:34:47.376+0000] {subprocess.py:93} INFO - platzi_data_20221013.csv
[2022-11-17T17:34:47.376+0000] {subprocess.py:93} INFO - platzi_data_20221014.csv
[2022-11-17T17:34:47.377+0000] {subprocess.py:93} INFO - platzi_data_20221015.csv
[2022-11-17T17:34:47.377+0000] {subprocess.py:93} INFO - platzi_data_20221016.csv
[2022-11-17T17:34:47.377+0000] {subprocess.py:93} INFO - platzi_data_20221017.csv
[2022-11-17T17:34:47.378+0000] {subprocess.py:93} INFO - platzi_data_20221018.csv
[2022-11-17T17:34:47.378+0000] {subprocess.py:93} INFO - platzi_data_20221019.csv
[2022-11-17T17:34:47.378+0000] {subprocess.py:93} INFO - platzi_data_20221020.csv
[2022-11-17T17:34:47.378+0000] {subprocess.py:93} INFO - platzi_data_20221021.csv
[2022-11-17T17:34:47.379+0000] {subprocess.py:93} INFO - platzi_data_20221022.csv
[2022-11-17T17:34:47.379+0000] {subprocess.py:93} INFO - platzi_data_20221023.csv
[2022-11-17T17:34:47.379+0000] {subprocess.py:93} INFO - platzi_data_20221024.csv
[2022-11-17T17:34:47.379+0000] {subprocess.py:93} INFO - platzi_data_20221025.csv
[2022-11-17T17:34:47.380+0000] {subprocess.py:93} INFO - platzi_data_20221026.csv
[2022-11-17T17:34:47.380+0000] {subprocess.py:93} INFO - platzi_data_20221027.csv
[2022-11-17T17:34:47.380+0000] {subprocess.py:93} INFO - platzi_data_20221028.csv
[2022-11-17T17:34:47.381+0000] {subprocess.py:93} INFO - platzi_data_20221029.csv
[2022-11-17T17:34:47.381+0000] {subprocess.py:93} INFO - platzi_data_20221030.csv
[2022-11-17T17:34:47.381+0000] {subprocess.py:93} INFO - platzi_data_20221031.csv
[2022-11-17T17:34:47.381+0000] {subprocess.py:93} INFO - platzi_data_20221101.csv
[2022-11-17T17:34:47.382+0000] {subprocess.py:93} INFO - platzi_data_20221102.csv
[2022-11-17T17:34:47.382+0000] {subprocess.py:93} INFO - platzi_data_20221103.csv
[2022-11-17T17:34:47.382+0000] {subprocess.py:93} INFO - platzi_data_20221104.csv
[2022-11-17T17:34:47.383+0000] {subprocess.py:93} INFO - platzi_data_20221105.csv
[2022-11-17T17:34:47.383+0000] {subprocess.py:93} INFO - platzi_data_20221106.csv
[2022-11-17T17:34:47.383+0000] {subprocess.py:93} INFO - platzi_data_20221107.csv
[2022-11-17T17:34:47.383+0000] {subprocess.py:93} INFO - platzi_data_20221108.csv
[2022-11-17T17:34:47.384+0000] {subprocess.py:93} INFO - platzi_data_20221109.csv
[2022-11-17T17:34:47.384+0000] {subprocess.py:93} INFO - platzi_data_20221110.csv
[2022-11-17T17:34:47.384+0000] {subprocess.py:93} INFO - platzi_data_20221111.csv
[2022-11-17T17:34:47.385+0000] {subprocess.py:93} INFO - platzi_data_20221112.csv
[2022-11-17T17:34:47.385+0000] {subprocess.py:93} INFO - platzi_data_20221113.csv
[2022-11-17T17:34:47.385+0000] {subprocess.py:93} INFO - platzi_data_20221114.csv
[2022-11-17T17:34:47.385+0000] {subprocess.py:93} INFO - platzi_data_20221115.csv
[2022-11-17T17:34:47.386+0000] {subprocess.py:93} INFO - platzi_data_20221116.csv
[2022-11-17T17:34:47.386+0000] {subprocess.py:93} INFO - pymp-8yik9lbi
[2022-11-17T17:34:47.386+0000] {subprocess.py:93} INFO - pymp-sbqt6pho
[2022-11-17T17:34:47.386+0000] {subprocess.py:93} INFO - reponse_20221001.txt
[2022-11-17T17:34:47.387+0000] {subprocess.py:93} INFO - reponse_20221002.txt
[2022-11-17T17:34:47.387+0000] {subprocess.py:93} INFO - reponse_20221003.txt
[2022-11-17T17:34:47.387+0000] {subprocess.py:93} INFO - reponse_20221004.txt
[2022-11-17T17:34:47.388+0000] {subprocess.py:93} INFO - reponse_20221005.txt
[2022-11-17T17:34:47.388+0000] {subprocess.py:93} INFO - reponse_20221006.txt
[2022-11-17T17:34:47.388+0000] {subprocess.py:93} INFO - reponse_20221007.txt
[2022-11-17T17:34:47.388+0000] {subprocess.py:93} INFO - reponse_20221008.txt
[2022-11-17T17:34:47.389+0000] {subprocess.py:93} INFO - reponse_20221009.txt
[2022-11-17T17:34:47.389+0000] {subprocess.py:93} INFO - reponse_20221010.txt
[2022-11-17T17:34:47.389+0000] {subprocess.py:93} INFO - reponse_20221011.txt
[2022-11-17T17:34:47.389+0000] {subprocess.py:93} INFO - reponse_20221012.txt
[2022-11-17T17:34:47.390+0000] {subprocess.py:93} INFO - reponse_20221013.txt
[2022-11-17T17:34:47.390+0000] {subprocess.py:93} INFO - reponse_20221014.txt
[2022-11-17T17:34:47.390+0000] {subprocess.py:93} INFO - reponse_20221015.txt
[2022-11-17T17:34:47.390+0000] {subprocess.py:93} INFO - reponse_20221016.txt
[2022-11-17T17:34:47.391+0000] {subprocess.py:93} INFO - reponse_20221017.txt
[2022-11-17T17:34:47.391+0000] {subprocess.py:93} INFO - reponse_20221018.txt
[2022-11-17T17:34:47.391+0000] {subprocess.py:93} INFO - reponse_20221019.txt
[2022-11-17T17:34:47.392+0000] {subprocess.py:93} INFO - reponse_20221020.txt
[2022-11-17T17:34:47.392+0000] {subprocess.py:93} INFO - reponse_20221021.txt
[2022-11-17T17:34:47.392+0000] {subprocess.py:93} INFO - reponse_20221022.txt
[2022-11-17T17:34:47.393+0000] {subprocess.py:93} INFO - reponse_20221023.txt
[2022-11-17T17:34:47.393+0000] {subprocess.py:93} INFO - reponse_20221024.txt
[2022-11-17T17:34:47.393+0000] {subprocess.py:93} INFO - reponse_20221025.txt
[2022-11-17T17:34:47.393+0000] {subprocess.py:93} INFO - reponse_20221026.txt
[2022-11-17T17:34:47.394+0000] {subprocess.py:93} INFO - reponse_20221027.txt
[2022-11-17T17:34:47.394+0000] {subprocess.py:93} INFO - reponse_20221028.txt
[2022-11-17T17:34:47.394+0000] {subprocess.py:93} INFO - reponse_20221029.txt
[2022-11-17T17:34:47.394+0000] {subprocess.py:93} INFO - reponse_20221030.txt
[2022-11-17T17:34:47.395+0000] {subprocess.py:93} INFO - reponse_20221031.txt
[2022-11-17T17:34:47.395+0000] {subprocess.py:93} INFO - reponse_20221101.txt
[2022-11-17T17:34:47.395+0000] {subprocess.py:93} INFO - reponse_20221102.txt
[2022-11-17T17:34:47.396+0000] {subprocess.py:93} INFO - reponse_20221103.txt
[2022-11-17T17:34:47.396+0000] {subprocess.py:93} INFO - reponse_20221104.txt
[2022-11-17T17:34:47.396+0000] {subprocess.py:93} INFO - reponse_20221105.txt
[2022-11-17T17:34:47.397+0000] {subprocess.py:93} INFO - reponse_20221106.txt
[2022-11-17T17:34:47.397+0000] {subprocess.py:93} INFO - reponse_20221107.txt
[2022-11-17T17:34:47.397+0000] {subprocess.py:93} INFO - reponse_20221108.txt
[2022-11-17T17:34:47.397+0000] {subprocess.py:93} INFO - reponse_20221109.txt
[2022-11-17T17:34:47.398+0000] {subprocess.py:93} INFO - reponse_20221110.txt
[2022-11-17T17:34:47.398+0000] {subprocess.py:93} INFO - reponse_20221111.txt
[2022-11-17T17:34:47.398+0000] {subprocess.py:93} INFO - reponse_20221112.txt
[2022-11-17T17:34:47.398+0000] {subprocess.py:93} INFO - reponse_20221113.txt
[2022-11-17T17:34:47.399+0000] {subprocess.py:93} INFO - reponse_20221114.txt
[2022-11-17T17:34:47.399+0000] {subprocess.py:93} INFO - reponse_20221115.txt
[2022-11-17T17:34:47.399+0000] {subprocess.py:93} INFO - reponse_20221116.txt
[2022-11-17T17:34:47.400+0000] {subprocess.py:93} INFO - tmp061o5asr
[2022-11-17T17:34:47.400+0000] {subprocess.py:93} INFO - tmp1b_v374g
[2022-11-17T17:34:47.400+0000] {subprocess.py:93} INFO - tmp2n3y4qb3
[2022-11-17T17:34:47.400+0000] {subprocess.py:93} INFO - tmp2ztydtyd
[2022-11-17T17:34:47.401+0000] {subprocess.py:93} INFO - tmp546oqdk0
[2022-11-17T17:34:47.401+0000] {subprocess.py:93} INFO - tmp57roj99h
[2022-11-17T17:34:47.401+0000] {subprocess.py:93} INFO - tmp5lejojs5
[2022-11-17T17:34:47.401+0000] {subprocess.py:93} INFO - tmp5nj2onwa
[2022-11-17T17:34:47.402+0000] {subprocess.py:93} INFO - tmp64cxrvul
[2022-11-17T17:34:47.402+0000] {subprocess.py:93} INFO - tmp6g4l21c1
[2022-11-17T17:34:47.402+0000] {subprocess.py:93} INFO - tmp7c6bgots
[2022-11-17T17:34:47.403+0000] {subprocess.py:93} INFO - tmp7khebugo
[2022-11-17T17:34:47.403+0000] {subprocess.py:93} INFO - tmp7lvtz6wk
[2022-11-17T17:34:47.403+0000] {subprocess.py:93} INFO - tmp8_n1aj39
[2022-11-17T17:34:47.403+0000] {subprocess.py:93} INFO - tmp8c_dsk2e
[2022-11-17T17:34:47.404+0000] {subprocess.py:93} INFO - tmp928ntdt7
[2022-11-17T17:34:47.404+0000] {subprocess.py:93} INFO - tmp9503grtb
[2022-11-17T17:34:47.404+0000] {subprocess.py:93} INFO - tmp_afh1uos
[2022-11-17T17:34:47.404+0000] {subprocess.py:93} INFO - tmp_m6lsnw3
[2022-11-17T17:34:47.405+0000] {subprocess.py:93} INFO - tmp_vy6n6_q
[2022-11-17T17:34:47.405+0000] {subprocess.py:93} INFO - tmpcnj5oj8y
[2022-11-17T17:34:47.405+0000] {subprocess.py:93} INFO - tmpcu_pom_6
[2022-11-17T17:34:47.406+0000] {subprocess.py:93} INFO - tmpdmc2g1zb
[2022-11-17T17:34:47.406+0000] {subprocess.py:93} INFO - tmpe4k1ogev
[2022-11-17T17:34:47.406+0000] {subprocess.py:93} INFO - tmpg_n88zm7
[2022-11-17T17:34:47.407+0000] {subprocess.py:93} INFO - tmpgg8mkst1
[2022-11-17T17:34:47.407+0000] {subprocess.py:93} INFO - tmpgi8v82jx
[2022-11-17T17:34:47.407+0000] {subprocess.py:93} INFO - tmpiez6kail
[2022-11-17T17:34:47.407+0000] {subprocess.py:93} INFO - tmpj1n4wxza
[2022-11-17T17:34:47.408+0000] {subprocess.py:93} INFO - tmpjsznho2e
[2022-11-17T17:34:47.408+0000] {subprocess.py:93} INFO - tmpkrg9_cgk
[2022-11-17T17:34:47.408+0000] {subprocess.py:93} INFO - tmpl13ymsfs
[2022-11-17T17:34:47.408+0000] {subprocess.py:93} INFO - tmplrbhl64b
[2022-11-17T17:34:47.409+0000] {subprocess.py:93} INFO - tmpn38ozedg
[2022-11-17T17:34:47.409+0000] {subprocess.py:93} INFO - tmpn96u_4ih
[2022-11-17T17:34:47.409+0000] {subprocess.py:93} INFO - tmpo3nf6k5c
[2022-11-17T17:34:47.410+0000] {subprocess.py:93} INFO - tmpoy_ljy8t
[2022-11-17T17:34:47.410+0000] {subprocess.py:93} INFO - tmpp4w9yq6x
[2022-11-17T17:34:47.410+0000] {subprocess.py:93} INFO - tmppfidxzjr
[2022-11-17T17:34:47.410+0000] {subprocess.py:93} INFO - tmpr681bhfw
[2022-11-17T17:34:47.411+0000] {subprocess.py:93} INFO - tmpr9102hwf
[2022-11-17T17:34:47.411+0000] {subprocess.py:93} INFO - tmpt4qo16oq
[2022-11-17T17:34:47.411+0000] {subprocess.py:93} INFO - tmptn832g5z
[2022-11-17T17:34:47.411+0000] {subprocess.py:93} INFO - tmpu9qbl0wh
[2022-11-17T17:34:47.412+0000] {subprocess.py:93} INFO - tmpuq8ywung
[2022-11-17T17:34:47.412+0000] {subprocess.py:93} INFO - tmpv606o9_9
[2022-11-17T17:34:47.412+0000] {subprocess.py:93} INFO - tmpxf7g1lc4
[2022-11-17T17:34:47.413+0000] {subprocess.py:93} INFO - tmpxktobcjf
[2022-11-17T17:34:47.413+0000] {subprocess.py:93} INFO - tmpz91iizm7
[2022-11-17T17:34:47.413+0000] {subprocess.py:93} INFO - ,student,timestamp
[2022-11-17T17:34:47.414+0000] {subprocess.py:93} INFO - 0,Maria Cruz,2022-11-06 00:00:00+00:00
[2022-11-17T17:34:47.414+0000] {subprocess.py:93} INFO - 1,Daniel Crema,2022-11-06 00:00:00+00:00
[2022-11-17T17:34:47.414+0000] {subprocess.py:93} INFO - 2,Elon Musk,2022-11-06 00:00:00+00:00
[2022-11-17T17:34:47.414+0000] {subprocess.py:93} INFO - 3,Karol Castrejon,2022-11-06 00:00:00+00:00
[2022-11-17T17:34:47.415+0000] {subprocess.py:93} INFO - 4,Freddy Vega,2022-11-06 00:00:00+00:00
[2022-11-17T17:34:47.415+0000] {subprocess.py:93} INFO - 5,Freddy Montañez,2022-11-06 00:00:00+00:00
[2022-11-17T17:34:47.415+0000] {subprocess.py:97} INFO - Command exited with return code 0
[2022-11-17T17:34:47.444+0000] {taskinstance.py:1406} INFO - Marking task as SUCCESS. dag_id=MyPersonalAirflowProject, task_id=Print_Imported_data, execution_date=20221106T000000, start_date=20221117T173447, end_date=20221117T173447
[2022-11-17T17:34:47.503+0000] {local_task_job.py:164} INFO - Task exited with return code 0
[2022-11-17T17:34:47.609+0000] {local_task_job.py:273} INFO - 2 downstream tasks scheduled from follow-on schedule check
