[2022-11-17T16:44:48.989+0000] {taskinstance.py:1165} INFO - Dependencies all met for <TaskInstance: MyPersonalAirflowProject.Data_Team_Notification scheduled__2022-11-08T00:00:00+00:00 [queued]>
[2022-11-17T16:44:49.007+0000] {taskinstance.py:1165} INFO - Dependencies all met for <TaskInstance: MyPersonalAirflowProject.Data_Team_Notification scheduled__2022-11-08T00:00:00+00:00 [queued]>
[2022-11-17T16:44:49.008+0000] {taskinstance.py:1362} INFO - 
--------------------------------------------------------------------------------
[2022-11-17T16:44:49.009+0000] {taskinstance.py:1363} INFO - Starting attempt 1 of 1
[2022-11-17T16:44:49.009+0000] {taskinstance.py:1364} INFO - 
--------------------------------------------------------------------------------
[2022-11-17T16:44:49.032+0000] {taskinstance.py:1383} INFO - Executing <Task(NotifyOperator): Data_Team_Notification> on 2022-11-08 00:00:00+00:00
[2022-11-17T16:44:49.075+0000] {standard_task_runner.py:55} INFO - Started process 4796 to run task
[2022-11-17T16:44:49.080+0000] {standard_task_runner.py:82} INFO - Running: ['***', 'tasks', 'run', 'MyPersonalAirflowProject', 'Data_Team_Notification', 'scheduled__2022-11-08T00:00:00+00:00', '--job-id', '2334', '--raw', '--subdir', 'DAGS_FOLDER/FinalPersonalProject.py', '--cfg-path', '/tmp/tmpylfq3tj3']
[2022-11-17T16:44:49.081+0000] {standard_task_runner.py:83} INFO - Job 2334: Subtask Data_Team_Notification
[2022-11-17T16:44:49.173+0000] {task_command.py:376} INFO - Running <TaskInstance: MyPersonalAirflowProject.Data_Team_Notification scheduled__2022-11-08T00:00:00+00:00 [running]> on host 638485efabe7
[2022-11-17T16:44:49.251+0000] {taskinstance.py:1592} INFO - Exporting the following env vars:
AIRFLOW_CTX_DAG_OWNER=***
AIRFLOW_CTX_DAG_ID=MyPersonalAirflowProject
AIRFLOW_CTX_TASK_ID=Data_Team_Notification
AIRFLOW_CTX_EXECUTION_DATE=2022-11-08T00:00:00+00:00
AIRFLOW_CTX_TRY_NUMBER=1
AIRFLOW_CTX_DAG_RUN_ID=scheduled__2022-11-08T00:00:00+00:00
[2022-11-17T16:44:49.252+0000] {logging_mixin.py:120} INFO - Hi Data team, Space X data for {ds} are now available!.. Please check them out!
[2022-11-17T16:44:49.263+0000] {taskinstance.py:1406} INFO - Marking task as SUCCESS. dag_id=MyPersonalAirflowProject, task_id=Data_Team_Notification, execution_date=20221108T000000, start_date=20221117T164448, end_date=20221117T164449
[2022-11-17T16:44:49.292+0000] {local_task_job.py:164} INFO - Task exited with return code 0
[2022-11-17T16:44:49.314+0000] {local_task_job.py:273} INFO - 0 downstream tasks scheduled from follow-on schedule check
[2022-11-17T17:35:48.892+0000] {taskinstance.py:1165} INFO - Dependencies all met for <TaskInstance: MyPersonalAirflowProject.Data_Team_Notification scheduled__2022-11-08T00:00:00+00:00 [queued]>
[2022-11-17T17:35:48.909+0000] {taskinstance.py:1165} INFO - Dependencies all met for <TaskInstance: MyPersonalAirflowProject.Data_Team_Notification scheduled__2022-11-08T00:00:00+00:00 [queued]>
[2022-11-17T17:35:48.910+0000] {taskinstance.py:1362} INFO - 
--------------------------------------------------------------------------------
[2022-11-17T17:35:48.911+0000] {taskinstance.py:1363} INFO - Starting attempt 1 of 1
[2022-11-17T17:35:48.911+0000] {taskinstance.py:1364} INFO - 
--------------------------------------------------------------------------------
[2022-11-17T17:35:48.939+0000] {taskinstance.py:1383} INFO - Executing <Task(NotifyOperator): Data_Team_Notification> on 2022-11-08 00:00:00+00:00
[2022-11-17T17:35:48.948+0000] {standard_task_runner.py:55} INFO - Started process 8416 to run task
[2022-11-17T17:35:48.950+0000] {standard_task_runner.py:82} INFO - Running: ['***', 'tasks', 'run', 'MyPersonalAirflowProject', 'Data_Team_Notification', 'scheduled__2022-11-08T00:00:00+00:00', '--job-id', '2744', '--raw', '--subdir', 'DAGS_FOLDER/FinalPersonalProject.py', '--cfg-path', '/tmp/tmpqm4mqy0t']
[2022-11-17T17:35:48.952+0000] {standard_task_runner.py:83} INFO - Job 2744: Subtask Data_Team_Notification
[2022-11-17T17:35:49.027+0000] {task_command.py:376} INFO - Running <TaskInstance: MyPersonalAirflowProject.Data_Team_Notification scheduled__2022-11-08T00:00:00+00:00 [running]> on host 638485efabe7
[2022-11-17T17:35:49.105+0000] {taskinstance.py:1592} INFO - Exporting the following env vars:
AIRFLOW_CTX_DAG_OWNER=***
AIRFLOW_CTX_DAG_ID=MyPersonalAirflowProject
AIRFLOW_CTX_TASK_ID=Data_Team_Notification
AIRFLOW_CTX_EXECUTION_DATE=2022-11-08T00:00:00+00:00
AIRFLOW_CTX_TRY_NUMBER=1
AIRFLOW_CTX_DAG_RUN_ID=scheduled__2022-11-08T00:00:00+00:00
[2022-11-17T17:35:49.106+0000] {logging_mixin.py:120} INFO - Hi Data team, Space X data for 2022-11-17  are now available!.. Please check them out!
[2022-11-17T17:35:49.117+0000] {taskinstance.py:1406} INFO - Marking task as SUCCESS. dag_id=MyPersonalAirflowProject, task_id=Data_Team_Notification, execution_date=20221108T000000, start_date=20221117T173548, end_date=20221117T173549
[2022-11-17T17:35:49.165+0000] {local_task_job.py:164} INFO - Task exited with return code 0
[2022-11-17T17:35:49.188+0000] {local_task_job.py:273} INFO - 0 downstream tasks scheduled from follow-on schedule check
