[2022-11-17T16:33:39.873+0000] {taskinstance.py:1165} INFO - Dependencies all met for <TaskInstance: MyPersonalAirflowProject.Data_Team_Notification scheduled__2022-10-19T00:00:00+00:00 [queued]>
[2022-11-17T16:33:39.886+0000] {taskinstance.py:1165} INFO - Dependencies all met for <TaskInstance: MyPersonalAirflowProject.Data_Team_Notification scheduled__2022-10-19T00:00:00+00:00 [queued]>
[2022-11-17T16:33:39.887+0000] {taskinstance.py:1362} INFO - 
--------------------------------------------------------------------------------
[2022-11-17T16:33:39.888+0000] {taskinstance.py:1363} INFO - Starting attempt 1 of 1
[2022-11-17T16:33:39.888+0000] {taskinstance.py:1364} INFO - 
--------------------------------------------------------------------------------
[2022-11-17T16:33:39.909+0000] {taskinstance.py:1383} INFO - Executing <Task(NotifyOperator): Data_Team_Notification> on 2022-10-19 00:00:00+00:00
[2022-11-17T16:33:39.916+0000] {standard_task_runner.py:55} INFO - Started process 3793 to run task
[2022-11-17T16:33:39.919+0000] {standard_task_runner.py:82} INFO - Running: ['***', 'tasks', 'run', 'MyPersonalAirflowProject', 'Data_Team_Notification', 'scheduled__2022-10-19T00:00:00+00:00', '--job-id', '2175', '--raw', '--subdir', 'DAGS_FOLDER/FinalPersonalProject.py', '--cfg-path', '/tmp/tmp8p25a7ug']
[2022-11-17T16:33:39.920+0000] {standard_task_runner.py:83} INFO - Job 2175: Subtask Data_Team_Notification
[2022-11-17T16:33:39.986+0000] {task_command.py:376} INFO - Running <TaskInstance: MyPersonalAirflowProject.Data_Team_Notification scheduled__2022-10-19T00:00:00+00:00 [running]> on host 638485efabe7
[2022-11-17T16:33:40.071+0000] {taskinstance.py:1592} INFO - Exporting the following env vars:
AIRFLOW_CTX_DAG_OWNER=***
AIRFLOW_CTX_DAG_ID=MyPersonalAirflowProject
AIRFLOW_CTX_TASK_ID=Data_Team_Notification
AIRFLOW_CTX_EXECUTION_DATE=2022-10-19T00:00:00+00:00
AIRFLOW_CTX_TRY_NUMBER=1
AIRFLOW_CTX_DAG_RUN_ID=scheduled__2022-10-19T00:00:00+00:00
[2022-11-17T16:33:40.072+0000] {logging_mixin.py:120} INFO - Hi Data team, Space X data for {ds} are now available!.. Please check them out!
[2022-11-17T16:33:40.085+0000] {taskinstance.py:1406} INFO - Marking task as SUCCESS. dag_id=MyPersonalAirflowProject, task_id=Data_Team_Notification, execution_date=20221019T000000, start_date=20221117T163339, end_date=20221117T163340
[2022-11-17T16:33:40.133+0000] {local_task_job.py:164} INFO - Task exited with return code 0
[2022-11-17T16:33:40.159+0000] {local_task_job.py:273} INFO - 0 downstream tasks scheduled from follow-on schedule check
[2022-11-17T17:25:46.215+0000] {taskinstance.py:1165} INFO - Dependencies all met for <TaskInstance: MyPersonalAirflowProject.Data_Team_Notification scheduled__2022-10-19T00:00:00+00:00 [queued]>
[2022-11-17T17:25:46.230+0000] {taskinstance.py:1165} INFO - Dependencies all met for <TaskInstance: MyPersonalAirflowProject.Data_Team_Notification scheduled__2022-10-19T00:00:00+00:00 [queued]>
[2022-11-17T17:25:46.231+0000] {taskinstance.py:1362} INFO - 
--------------------------------------------------------------------------------
[2022-11-17T17:25:46.232+0000] {taskinstance.py:1363} INFO - Starting attempt 1 of 1
[2022-11-17T17:25:46.233+0000] {taskinstance.py:1364} INFO - 
--------------------------------------------------------------------------------
[2022-11-17T17:25:46.253+0000] {taskinstance.py:1383} INFO - Executing <Task(NotifyOperator): Data_Team_Notification> on 2022-10-19 00:00:00+00:00
[2022-11-17T17:25:46.260+0000] {standard_task_runner.py:55} INFO - Started process 7445 to run task
[2022-11-17T17:25:46.263+0000] {standard_task_runner.py:82} INFO - Running: ['***', 'tasks', 'run', 'MyPersonalAirflowProject', 'Data_Team_Notification', 'scheduled__2022-10-19T00:00:00+00:00', '--job-id', '2585', '--raw', '--subdir', 'DAGS_FOLDER/FinalPersonalProject.py', '--cfg-path', '/tmp/tmpc0ytfwkq']
[2022-11-17T17:25:46.264+0000] {standard_task_runner.py:83} INFO - Job 2585: Subtask Data_Team_Notification
[2022-11-17T17:25:46.342+0000] {task_command.py:376} INFO - Running <TaskInstance: MyPersonalAirflowProject.Data_Team_Notification scheduled__2022-10-19T00:00:00+00:00 [running]> on host 638485efabe7
[2022-11-17T17:25:46.512+0000] {taskinstance.py:1592} INFO - Exporting the following env vars:
AIRFLOW_CTX_DAG_OWNER=***
AIRFLOW_CTX_DAG_ID=MyPersonalAirflowProject
AIRFLOW_CTX_TASK_ID=Data_Team_Notification
AIRFLOW_CTX_EXECUTION_DATE=2022-10-19T00:00:00+00:00
AIRFLOW_CTX_TRY_NUMBER=1
AIRFLOW_CTX_DAG_RUN_ID=scheduled__2022-10-19T00:00:00+00:00
[2022-11-17T17:25:46.513+0000] {logging_mixin.py:120} INFO - Hi Data team, Space X data for 2022-11-17  are now available!.. Please check them out!
[2022-11-17T17:25:46.525+0000] {taskinstance.py:1406} INFO - Marking task as SUCCESS. dag_id=MyPersonalAirflowProject, task_id=Data_Team_Notification, execution_date=20221019T000000, start_date=20221117T172546, end_date=20221117T172546
[2022-11-17T17:25:46.557+0000] {local_task_job.py:164} INFO - Task exited with return code 0
[2022-11-17T17:25:46.580+0000] {local_task_job.py:273} INFO - 0 downstream tasks scheduled from follow-on schedule check
