[2022-11-16T21:03:46.030+0000] {taskinstance.py:1165} INFO - Dependencies all met for <TaskInstance: MyPersonalAirflowProject.nasa_verification_task scheduled__2022-11-14T00:00:00+00:00 [queued]>
[2022-11-16T21:03:46.051+0000] {taskinstance.py:1165} INFO - Dependencies all met for <TaskInstance: MyPersonalAirflowProject.nasa_verification_task scheduled__2022-11-14T00:00:00+00:00 [queued]>
[2022-11-16T21:03:46.052+0000] {taskinstance.py:1362} INFO - 
--------------------------------------------------------------------------------
[2022-11-16T21:03:46.053+0000] {taskinstance.py:1363} INFO - Starting attempt 1 of 1
[2022-11-16T21:03:46.054+0000] {taskinstance.py:1364} INFO - 
--------------------------------------------------------------------------------
[2022-11-16T21:03:46.083+0000] {taskinstance.py:1383} INFO - Executing <Task(BashOperator): nasa_verification_task> on 2022-11-14 00:00:00+00:00
[2022-11-16T21:03:46.093+0000] {standard_task_runner.py:55} INFO - Started process 1520 to run task
[2022-11-16T21:03:46.097+0000] {standard_task_runner.py:82} INFO - Running: ['***', 'tasks', 'run', 'MyPersonalAirflowProject', 'nasa_verification_task', 'scheduled__2022-11-14T00:00:00+00:00', '--job-id', '1322', '--raw', '--subdir', 'DAGS_FOLDER/FinalPersonalProject.py', '--cfg-path', '/tmp/tmpup0p6jq8']
[2022-11-16T21:03:46.099+0000] {standard_task_runner.py:83} INFO - Job 1322: Subtask nasa_verification_task
[2022-11-16T21:03:46.194+0000] {task_command.py:376} INFO - Running <TaskInstance: MyPersonalAirflowProject.nasa_verification_task scheduled__2022-11-14T00:00:00+00:00 [running]> on host 638485efabe7
[2022-11-16T21:03:46.303+0000] {taskinstance.py:1592} INFO - Exporting the following env vars:
AIRFLOW_CTX_DAG_OWNER=***
AIRFLOW_CTX_DAG_ID=MyPersonalAirflowProject
AIRFLOW_CTX_TASK_ID=nasa_verification_task
AIRFLOW_CTX_EXECUTION_DATE=2022-11-14T00:00:00+00:00
AIRFLOW_CTX_TRY_NUMBER=1
AIRFLOW_CTX_DAG_RUN_ID=scheduled__2022-11-14T00:00:00+00:00
[2022-11-16T21:03:46.305+0000] {subprocess.py:63} INFO - Tmp dir root location: 
 /tmp
[2022-11-16T21:03:46.306+0000] {subprocess.py:75} INFO - Running command: ['/bin/bash', '-c', 'sleep 20 && echo ÖK"> /tmp/reponse_20221114.txt']
[2022-11-16T21:03:46.321+0000] {subprocess.py:86} INFO - Output:
[2022-11-16T21:03:46.323+0000] {subprocess.py:93} INFO - /bin/bash: -c: line 1: unexpected EOF while looking for matching `"'
[2022-11-16T21:03:46.324+0000] {subprocess.py:93} INFO - /bin/bash: -c: line 2: syntax error: unexpected end of file
[2022-11-16T21:03:46.325+0000] {subprocess.py:97} INFO - Command exited with return code 2
[2022-11-16T21:03:46.339+0000] {taskinstance.py:1851} ERROR - Task failed with exception
Traceback (most recent call last):
  File "/home/airflow/.local/lib/python3.7/site-packages/airflow/operators/bash.py", line 197, in execute
    f'Bash command failed. The command returned a non-zero exit code {result.exit_code}.'
airflow.exceptions.AirflowException: Bash command failed. The command returned a non-zero exit code 2.
[2022-11-16T21:03:46.345+0000] {taskinstance.py:1406} INFO - Marking task as FAILED. dag_id=MyPersonalAirflowProject, task_id=nasa_verification_task, execution_date=20221114T000000, start_date=20221116T210346, end_date=20221116T210346
[2022-11-16T21:03:46.366+0000] {standard_task_runner.py:105} ERROR - Failed to execute job 1322 for task nasa_verification_task (Bash command failed. The command returned a non-zero exit code 2.; 1520)
[2022-11-16T21:03:46.425+0000] {local_task_job.py:164} INFO - Task exited with return code 1
[2022-11-16T21:03:46.465+0000] {local_task_job.py:273} INFO - 0 downstream tasks scheduled from follow-on schedule check
[2022-11-17T16:06:53.294+0000] {taskinstance.py:1165} INFO - Dependencies all met for <TaskInstance: MyPersonalAirflowProject.nasa_verification_task scheduled__2022-11-14T00:00:00+00:00 [queued]>
[2022-11-17T16:06:53.362+0000] {taskinstance.py:1165} INFO - Dependencies all met for <TaskInstance: MyPersonalAirflowProject.nasa_verification_task scheduled__2022-11-14T00:00:00+00:00 [queued]>
[2022-11-17T16:06:53.363+0000] {taskinstance.py:1362} INFO - 
--------------------------------------------------------------------------------
[2022-11-17T16:06:53.366+0000] {taskinstance.py:1363} INFO - Starting attempt 1 of 1
[2022-11-17T16:06:53.367+0000] {taskinstance.py:1364} INFO - 
--------------------------------------------------------------------------------
[2022-11-17T16:06:53.392+0000] {taskinstance.py:1383} INFO - Executing <Task(BashOperator): nasa_verification_task> on 2022-11-14 00:00:00+00:00
[2022-11-17T16:06:53.398+0000] {standard_task_runner.py:55} INFO - Started process 2020 to run task
[2022-11-17T16:06:53.401+0000] {standard_task_runner.py:82} INFO - Running: ['***', 'tasks', 'run', 'MyPersonalAirflowProject', 'nasa_verification_task', 'scheduled__2022-11-14T00:00:00+00:00', '--job-id', '2006', '--raw', '--subdir', 'DAGS_FOLDER/FinalPersonalProject.py', '--cfg-path', '/tmp/tmpg7vrfv68']
[2022-11-17T16:06:53.402+0000] {standard_task_runner.py:83} INFO - Job 2006: Subtask nasa_verification_task
[2022-11-17T16:06:53.470+0000] {task_command.py:376} INFO - Running <TaskInstance: MyPersonalAirflowProject.nasa_verification_task scheduled__2022-11-14T00:00:00+00:00 [running]> on host 638485efabe7
[2022-11-17T16:06:53.550+0000] {taskinstance.py:1592} INFO - Exporting the following env vars:
AIRFLOW_CTX_DAG_OWNER=***
AIRFLOW_CTX_DAG_ID=MyPersonalAirflowProject
AIRFLOW_CTX_TASK_ID=nasa_verification_task
AIRFLOW_CTX_EXECUTION_DATE=2022-11-14T00:00:00+00:00
AIRFLOW_CTX_TRY_NUMBER=1
AIRFLOW_CTX_DAG_RUN_ID=scheduled__2022-11-14T00:00:00+00:00
[2022-11-17T16:06:53.552+0000] {subprocess.py:63} INFO - Tmp dir root location: 
 /tmp
[2022-11-17T16:06:53.552+0000] {subprocess.py:75} INFO - Running command: ['/bin/bash', '-c', 'sleep 20 && echo "OK"> /tmp/reponse_20221114.txt']
[2022-11-17T16:06:53.562+0000] {subprocess.py:86} INFO - Output:
[2022-11-17T16:07:13.568+0000] {subprocess.py:97} INFO - Command exited with return code 0
[2022-11-17T16:07:13.629+0000] {taskinstance.py:1406} INFO - Marking task as SUCCESS. dag_id=MyPersonalAirflowProject, task_id=nasa_verification_task, execution_date=20221114T000000, start_date=20221117T160653, end_date=20221117T160713
[2022-11-17T16:07:13.659+0000] {local_task_job.py:164} INFO - Task exited with return code 0
[2022-11-17T16:07:13.693+0000] {local_task_job.py:273} INFO - 1 downstream tasks scheduled from follow-on schedule check
[2022-11-17T16:48:48.141+0000] {taskinstance.py:1165} INFO - Dependencies all met for <TaskInstance: MyPersonalAirflowProject.nasa_verification_task scheduled__2022-11-14T00:00:00+00:00 [queued]>
[2022-11-17T16:48:48.158+0000] {taskinstance.py:1165} INFO - Dependencies all met for <TaskInstance: MyPersonalAirflowProject.nasa_verification_task scheduled__2022-11-14T00:00:00+00:00 [queued]>
[2022-11-17T16:48:48.159+0000] {taskinstance.py:1362} INFO - 
--------------------------------------------------------------------------------
[2022-11-17T16:48:48.160+0000] {taskinstance.py:1363} INFO - Starting attempt 1 of 1
[2022-11-17T16:48:48.160+0000] {taskinstance.py:1364} INFO - 
--------------------------------------------------------------------------------
[2022-11-17T16:48:48.185+0000] {taskinstance.py:1383} INFO - Executing <Task(BashOperator): nasa_verification_task> on 2022-11-14 00:00:00+00:00
[2022-11-17T16:48:48.193+0000] {standard_task_runner.py:55} INFO - Started process 5086 to run task
[2022-11-17T16:48:48.197+0000] {standard_task_runner.py:82} INFO - Running: ['***', 'tasks', 'run', 'MyPersonalAirflowProject', 'nasa_verification_task', 'scheduled__2022-11-14T00:00:00+00:00', '--job-id', '2376', '--raw', '--subdir', 'DAGS_FOLDER/FinalPersonalProject.py', '--cfg-path', '/tmp/tmpsdz5eq3x']
[2022-11-17T16:48:48.198+0000] {standard_task_runner.py:83} INFO - Job 2376: Subtask nasa_verification_task
[2022-11-17T16:48:48.277+0000] {task_command.py:376} INFO - Running <TaskInstance: MyPersonalAirflowProject.nasa_verification_task scheduled__2022-11-14T00:00:00+00:00 [running]> on host 638485efabe7
[2022-11-17T16:48:48.367+0000] {taskinstance.py:1592} INFO - Exporting the following env vars:
AIRFLOW_CTX_DAG_OWNER=***
AIRFLOW_CTX_DAG_ID=MyPersonalAirflowProject
AIRFLOW_CTX_TASK_ID=nasa_verification_task
AIRFLOW_CTX_EXECUTION_DATE=2022-11-14T00:00:00+00:00
AIRFLOW_CTX_TRY_NUMBER=1
AIRFLOW_CTX_DAG_RUN_ID=scheduled__2022-11-14T00:00:00+00:00
[2022-11-17T16:48:48.369+0000] {subprocess.py:63} INFO - Tmp dir root location: 
 /tmp
[2022-11-17T16:48:48.370+0000] {subprocess.py:75} INFO - Running command: ['/bin/bash', '-c', 'sleep 20 && echo "OK"> /tmp/reponse_20221114.txt']
[2022-11-17T16:48:48.385+0000] {subprocess.py:86} INFO - Output:
[2022-11-17T16:49:08.892+0000] {subprocess.py:97} INFO - Command exited with return code 0
[2022-11-17T16:49:08.934+0000] {taskinstance.py:1406} INFO - Marking task as SUCCESS. dag_id=MyPersonalAirflowProject, task_id=nasa_verification_task, execution_date=20221114T000000, start_date=20221117T164848, end_date=20221117T164908
[2022-11-17T16:49:09.062+0000] {local_task_job.py:164} INFO - Task exited with return code 0
[2022-11-17T16:49:09.123+0000] {local_task_job.py:273} INFO - 1 downstream tasks scheduled from follow-on schedule check
[2022-11-17T17:38:23.518+0000] {taskinstance.py:1165} INFO - Dependencies all met for <TaskInstance: MyPersonalAirflowProject.nasa_verification_task scheduled__2022-11-14T00:00:00+00:00 [queued]>
[2022-11-17T17:38:23.530+0000] {taskinstance.py:1165} INFO - Dependencies all met for <TaskInstance: MyPersonalAirflowProject.nasa_verification_task scheduled__2022-11-14T00:00:00+00:00 [queued]>
[2022-11-17T17:38:23.531+0000] {taskinstance.py:1362} INFO - 
--------------------------------------------------------------------------------
[2022-11-17T17:38:23.531+0000] {taskinstance.py:1363} INFO - Starting attempt 1 of 1
[2022-11-17T17:38:23.532+0000] {taskinstance.py:1364} INFO - 
--------------------------------------------------------------------------------
[2022-11-17T17:38:23.549+0000] {taskinstance.py:1383} INFO - Executing <Task(BashOperator): nasa_verification_task> on 2022-11-14 00:00:00+00:00
[2022-11-17T17:38:23.554+0000] {standard_task_runner.py:55} INFO - Started process 8661 to run task
[2022-11-17T17:38:23.557+0000] {standard_task_runner.py:82} INFO - Running: ['***', 'tasks', 'run', 'MyPersonalAirflowProject', 'nasa_verification_task', 'scheduled__2022-11-14T00:00:00+00:00', '--job-id', '2786', '--raw', '--subdir', 'DAGS_FOLDER/FinalPersonalProject.py', '--cfg-path', '/tmp/tmplxp0gchy']
[2022-11-17T17:38:23.558+0000] {standard_task_runner.py:83} INFO - Job 2786: Subtask nasa_verification_task
[2022-11-17T17:38:23.623+0000] {task_command.py:376} INFO - Running <TaskInstance: MyPersonalAirflowProject.nasa_verification_task scheduled__2022-11-14T00:00:00+00:00 [running]> on host 638485efabe7
[2022-11-17T17:38:23.705+0000] {taskinstance.py:1592} INFO - Exporting the following env vars:
AIRFLOW_CTX_DAG_OWNER=***
AIRFLOW_CTX_DAG_ID=MyPersonalAirflowProject
AIRFLOW_CTX_TASK_ID=nasa_verification_task
AIRFLOW_CTX_EXECUTION_DATE=2022-11-14T00:00:00+00:00
AIRFLOW_CTX_TRY_NUMBER=1
AIRFLOW_CTX_DAG_RUN_ID=scheduled__2022-11-14T00:00:00+00:00
[2022-11-17T17:38:23.707+0000] {subprocess.py:63} INFO - Tmp dir root location: 
 /tmp
[2022-11-17T17:38:23.708+0000] {subprocess.py:75} INFO - Running command: ['/bin/bash', '-c', 'sleep 20 && echo "OK"> /tmp/reponse_20221114.txt']
[2022-11-17T17:38:23.723+0000] {subprocess.py:86} INFO - Output:
[2022-11-17T17:38:43.729+0000] {subprocess.py:97} INFO - Command exited with return code 0
[2022-11-17T17:38:43.763+0000] {taskinstance.py:1406} INFO - Marking task as SUCCESS. dag_id=MyPersonalAirflowProject, task_id=nasa_verification_task, execution_date=20221114T000000, start_date=20221117T173823, end_date=20221117T173843
[2022-11-17T17:38:43.796+0000] {local_task_job.py:164} INFO - Task exited with return code 0
[2022-11-17T17:38:43.837+0000] {local_task_job.py:273} INFO - 1 downstream tasks scheduled from follow-on schedule check
