[2022-11-17T16:05:18.778+0000] {taskinstance.py:1165} INFO - Dependencies all met for <TaskInstance: MyPersonalAirflowProject.copy_data_to_local scheduled__2022-11-10T00:00:00+00:00 [queued]>
[2022-11-17T16:05:18.794+0000] {taskinstance.py:1165} INFO - Dependencies all met for <TaskInstance: MyPersonalAirflowProject.copy_data_to_local scheduled__2022-11-10T00:00:00+00:00 [queued]>
[2022-11-17T16:05:18.795+0000] {taskinstance.py:1362} INFO - 
--------------------------------------------------------------------------------
[2022-11-17T16:05:18.796+0000] {taskinstance.py:1363} INFO - Starting attempt 1 of 1
[2022-11-17T16:05:18.796+0000] {taskinstance.py:1364} INFO - 
--------------------------------------------------------------------------------
[2022-11-17T16:05:18.815+0000] {taskinstance.py:1383} INFO - Executing <Task(PythonOperator): copy_data_to_local> on 2022-11-10 00:00:00+00:00
[2022-11-17T16:05:18.822+0000] {standard_task_runner.py:55} INFO - Started process 1880 to run task
[2022-11-17T16:05:18.826+0000] {standard_task_runner.py:82} INFO - Running: ['***', 'tasks', 'run', 'MyPersonalAirflowProject', 'copy_data_to_local', 'scheduled__2022-11-10T00:00:00+00:00', '--job-id', '1986', '--raw', '--subdir', 'DAGS_FOLDER/FinalPersonalProject.py', '--cfg-path', '/tmp/tmpmn6k0cmh']
[2022-11-17T16:05:18.827+0000] {standard_task_runner.py:83} INFO - Job 1986: Subtask copy_data_to_local
[2022-11-17T16:05:18.903+0000] {task_command.py:376} INFO - Running <TaskInstance: MyPersonalAirflowProject.copy_data_to_local scheduled__2022-11-10T00:00:00+00:00 [running]> on host 638485efabe7
[2022-11-17T16:05:19.007+0000] {taskinstance.py:1592} INFO - Exporting the following env vars:
AIRFLOW_CTX_DAG_OWNER=***
AIRFLOW_CTX_DAG_ID=MyPersonalAirflowProject
AIRFLOW_CTX_TASK_ID=copy_data_to_local
AIRFLOW_CTX_EXECUTION_DATE=2022-11-10T00:00:00+00:00
AIRFLOW_CTX_TRY_NUMBER=1
AIRFLOW_CTX_DAG_RUN_ID=scheduled__2022-11-10T00:00:00+00:00
[2022-11-17T16:05:19.279+0000] {python.py:177} INFO - Done. Returned value was: None
[2022-11-17T16:05:19.290+0000] {taskinstance.py:1406} INFO - Marking task as SUCCESS. dag_id=MyPersonalAirflowProject, task_id=copy_data_to_local, execution_date=20221110T000000, start_date=20221117T160518, end_date=20221117T160519
[2022-11-17T16:05:19.319+0000] {local_task_job.py:164} INFO - Task exited with return code 0
[2022-11-17T16:05:19.351+0000] {local_task_job.py:273} INFO - 1 downstream tasks scheduled from follow-on schedule check
[2022-11-17T16:45:51.094+0000] {taskinstance.py:1165} INFO - Dependencies all met for <TaskInstance: MyPersonalAirflowProject.copy_data_to_local scheduled__2022-11-10T00:00:00+00:00 [queued]>
[2022-11-17T16:45:51.110+0000] {taskinstance.py:1165} INFO - Dependencies all met for <TaskInstance: MyPersonalAirflowProject.copy_data_to_local scheduled__2022-11-10T00:00:00+00:00 [queued]>
[2022-11-17T16:45:51.111+0000] {taskinstance.py:1362} INFO - 
--------------------------------------------------------------------------------
[2022-11-17T16:45:51.112+0000] {taskinstance.py:1363} INFO - Starting attempt 1 of 1
[2022-11-17T16:45:51.113+0000] {taskinstance.py:1364} INFO - 
--------------------------------------------------------------------------------
[2022-11-17T16:45:51.135+0000] {taskinstance.py:1383} INFO - Executing <Task(PythonOperator): copy_data_to_local> on 2022-11-10 00:00:00+00:00
[2022-11-17T16:45:51.140+0000] {standard_task_runner.py:55} INFO - Started process 4891 to run task
[2022-11-17T16:45:51.144+0000] {standard_task_runner.py:82} INFO - Running: ['***', 'tasks', 'run', 'MyPersonalAirflowProject', 'copy_data_to_local', 'scheduled__2022-11-10T00:00:00+00:00', '--job-id', '2348', '--raw', '--subdir', 'DAGS_FOLDER/FinalPersonalProject.py', '--cfg-path', '/tmp/tmphaahmtid']
[2022-11-17T16:45:51.145+0000] {standard_task_runner.py:83} INFO - Job 2348: Subtask copy_data_to_local
[2022-11-17T16:45:51.217+0000] {task_command.py:376} INFO - Running <TaskInstance: MyPersonalAirflowProject.copy_data_to_local scheduled__2022-11-10T00:00:00+00:00 [running]> on host 638485efabe7
[2022-11-17T16:45:51.301+0000] {taskinstance.py:1592} INFO - Exporting the following env vars:
AIRFLOW_CTX_DAG_OWNER=***
AIRFLOW_CTX_DAG_ID=MyPersonalAirflowProject
AIRFLOW_CTX_TASK_ID=copy_data_to_local
AIRFLOW_CTX_EXECUTION_DATE=2022-11-10T00:00:00+00:00
AIRFLOW_CTX_TRY_NUMBER=1
AIRFLOW_CTX_DAG_RUN_ID=scheduled__2022-11-10T00:00:00+00:00
[2022-11-17T16:45:51.532+0000] {python.py:177} INFO - Done. Returned value was: None
[2022-11-17T16:45:51.544+0000] {taskinstance.py:1406} INFO - Marking task as SUCCESS. dag_id=MyPersonalAirflowProject, task_id=copy_data_to_local, execution_date=20221110T000000, start_date=20221117T164551, end_date=20221117T164551
[2022-11-17T16:45:51.598+0000] {local_task_job.py:164} INFO - Task exited with return code 0
[2022-11-17T16:45:51.635+0000] {local_task_job.py:273} INFO - 1 downstream tasks scheduled from follow-on schedule check
[2022-11-17T17:36:46.657+0000] {taskinstance.py:1165} INFO - Dependencies all met for <TaskInstance: MyPersonalAirflowProject.copy_data_to_local scheduled__2022-11-10T00:00:00+00:00 [queued]>
[2022-11-17T17:36:46.672+0000] {taskinstance.py:1165} INFO - Dependencies all met for <TaskInstance: MyPersonalAirflowProject.copy_data_to_local scheduled__2022-11-10T00:00:00+00:00 [queued]>
[2022-11-17T17:36:46.672+0000] {taskinstance.py:1362} INFO - 
--------------------------------------------------------------------------------
[2022-11-17T17:36:46.673+0000] {taskinstance.py:1363} INFO - Starting attempt 1 of 1
[2022-11-17T17:36:46.673+0000] {taskinstance.py:1364} INFO - 
--------------------------------------------------------------------------------
[2022-11-17T17:36:46.691+0000] {taskinstance.py:1383} INFO - Executing <Task(PythonOperator): copy_data_to_local> on 2022-11-10 00:00:00+00:00
[2022-11-17T17:36:46.697+0000] {standard_task_runner.py:55} INFO - Started process 8502 to run task
[2022-11-17T17:36:46.700+0000] {standard_task_runner.py:82} INFO - Running: ['***', 'tasks', 'run', 'MyPersonalAirflowProject', 'copy_data_to_local', 'scheduled__2022-11-10T00:00:00+00:00', '--job-id', '2758', '--raw', '--subdir', 'DAGS_FOLDER/FinalPersonalProject.py', '--cfg-path', '/tmp/tmpf6qyalhe']
[2022-11-17T17:36:46.701+0000] {standard_task_runner.py:83} INFO - Job 2758: Subtask copy_data_to_local
[2022-11-17T17:36:46.775+0000] {task_command.py:376} INFO - Running <TaskInstance: MyPersonalAirflowProject.copy_data_to_local scheduled__2022-11-10T00:00:00+00:00 [running]> on host 638485efabe7
[2022-11-17T17:36:46.858+0000] {taskinstance.py:1592} INFO - Exporting the following env vars:
AIRFLOW_CTX_DAG_OWNER=***
AIRFLOW_CTX_DAG_ID=MyPersonalAirflowProject
AIRFLOW_CTX_TASK_ID=copy_data_to_local
AIRFLOW_CTX_EXECUTION_DATE=2022-11-10T00:00:00+00:00
AIRFLOW_CTX_TRY_NUMBER=1
AIRFLOW_CTX_DAG_RUN_ID=scheduled__2022-11-10T00:00:00+00:00
[2022-11-17T17:36:47.075+0000] {python.py:177} INFO - Done. Returned value was: None
[2022-11-17T17:36:47.087+0000] {taskinstance.py:1406} INFO - Marking task as SUCCESS. dag_id=MyPersonalAirflowProject, task_id=copy_data_to_local, execution_date=20221110T000000, start_date=20221117T173646, end_date=20221117T173647
[2022-11-17T17:36:47.113+0000] {local_task_job.py:164} INFO - Task exited with return code 0
[2022-11-17T17:36:47.148+0000] {local_task_job.py:273} INFO - 1 downstream tasks scheduled from follow-on schedule check
