[2022-11-08T20:29:45.241+0000] {taskinstance.py:1165} INFO - Dependencies all met for <TaskInstance: 6-monitoring_1.task2 scheduled__2022-01-06T00:00:00+00:00 [queued]>
[2022-11-08T20:29:45.409+0000] {taskinstance.py:1165} INFO - Dependencies all met for <TaskInstance: 6-monitoring_1.task2 scheduled__2022-01-06T00:00:00+00:00 [queued]>
[2022-11-08T20:29:45.411+0000] {taskinstance.py:1362} INFO - 
--------------------------------------------------------------------------------
[2022-11-08T20:29:45.415+0000] {taskinstance.py:1363} INFO - Starting attempt 1 of 1
[2022-11-08T20:29:45.417+0000] {taskinstance.py:1364} INFO - 
--------------------------------------------------------------------------------
[2022-11-08T20:29:45.501+0000] {taskinstance.py:1383} INFO - Executing <Task(BashOperator): task2> on 2022-01-06 00:00:00+00:00
[2022-11-08T20:29:45.528+0000] {standard_task_runner.py:55} INFO - Started process 3715 to run task
[2022-11-08T20:29:45.557+0000] {standard_task_runner.py:82} INFO - Running: ['***', 'tasks', 'run', '6-monitoring_1', 'task2', 'scheduled__2022-01-06T00:00:00+00:00', '--job-id', '545', '--raw', '--subdir', 'DAGS_FOLDER/6.1-monitoring.py', '--cfg-path', '/tmp/tmp8_x2ctns']
[2022-11-08T20:29:45.558+0000] {standard_task_runner.py:83} INFO - Job 545: Subtask task2
[2022-11-08T20:29:45.798+0000] {task_command.py:376} INFO - Running <TaskInstance: 6-monitoring_1.task2 scheduled__2022-01-06T00:00:00+00:00 [running]> on host 638485efabe7
[2022-11-08T20:29:46.132+0000] {taskinstance.py:1592} INFO - Exporting the following env vars:
AIRFLOW_CTX_DAG_OWNER=***
AIRFLOW_CTX_DAG_ID=6-monitoring_1
AIRFLOW_CTX_TASK_ID=task2
AIRFLOW_CTX_EXECUTION_DATE=2022-01-06T00:00:00+00:00
AIRFLOW_CTX_TRY_NUMBER=1
AIRFLOW_CTX_DAG_RUN_ID=scheduled__2022-01-06T00:00:00+00:00
[2022-11-08T20:29:46.146+0000] {subprocess.py:63} INFO - Tmp dir root location: 
 /tmp
[2022-11-08T20:29:46.151+0000] {subprocess.py:75} INFO - Running command: ['/bin/bash', '-c', "sleep 2 && echo 'task2'"]
[2022-11-08T20:29:46.184+0000] {subprocess.py:86} INFO - Output:
[2022-11-08T20:29:48.295+0000] {subprocess.py:93} INFO - task2
[2022-11-08T20:29:48.296+0000] {subprocess.py:97} INFO - Command exited with return code 0
[2022-11-08T20:29:48.352+0000] {taskinstance.py:1406} INFO - Marking task as SUCCESS. dag_id=6-monitoring_1, task_id=task2, execution_date=20220106T000000, start_date=20221108T202945, end_date=20221108T202948
[2022-11-08T20:29:48.414+0000] {local_task_job.py:164} INFO - Task exited with return code 0
[2022-11-08T20:29:48.481+0000] {local_task_job.py:273} INFO - 1 downstream tasks scheduled from follow-on schedule check
