[2022-11-16T22:18:41.231+0000] {taskinstance.py:1165} INFO - Dependencies all met for <TaskInstance: MyPersonalAirflowProject.SpaceX_data scheduled__2022-10-16T00:00:00+00:00 [queued]>
[2022-11-16T22:18:41.246+0000] {taskinstance.py:1165} INFO - Dependencies all met for <TaskInstance: MyPersonalAirflowProject.SpaceX_data scheduled__2022-10-16T00:00:00+00:00 [queued]>
[2022-11-16T22:18:41.247+0000] {taskinstance.py:1362} INFO - 
--------------------------------------------------------------------------------
[2022-11-16T22:18:41.248+0000] {taskinstance.py:1363} INFO - Starting attempt 1 of 1
[2022-11-16T22:18:41.248+0000] {taskinstance.py:1364} INFO - 
--------------------------------------------------------------------------------
[2022-11-16T22:18:41.268+0000] {taskinstance.py:1383} INFO - Executing <Task(BashOperator): SpaceX_data> on 2022-10-16 00:00:00+00:00
[2022-11-16T22:18:41.275+0000] {standard_task_runner.py:55} INFO - Started process 5363 to run task
[2022-11-16T22:18:41.278+0000] {standard_task_runner.py:82} INFO - Running: ['***', 'tasks', 'run', 'MyPersonalAirflowProject', 'SpaceX_data', 'scheduled__2022-10-16T00:00:00+00:00', '--job-id', '1533', '--raw', '--subdir', 'DAGS_FOLDER/FinalPersonalProject.py', '--cfg-path', '/tmp/tmpngpst4cq']
[2022-11-16T22:18:41.279+0000] {standard_task_runner.py:83} INFO - Job 1533: Subtask SpaceX_data
[2022-11-16T22:18:41.353+0000] {task_command.py:376} INFO - Running <TaskInstance: MyPersonalAirflowProject.SpaceX_data scheduled__2022-10-16T00:00:00+00:00 [running]> on host 638485efabe7
[2022-11-16T22:18:41.436+0000] {taskinstance.py:1592} INFO - Exporting the following env vars:
AIRFLOW_CTX_DAG_OWNER=***
AIRFLOW_CTX_DAG_ID=MyPersonalAirflowProject
AIRFLOW_CTX_TASK_ID=SpaceX_data
AIRFLOW_CTX_EXECUTION_DATE=2022-10-16T00:00:00+00:00
AIRFLOW_CTX_TRY_NUMBER=1
AIRFLOW_CTX_DAG_RUN_ID=scheduled__2022-10-16T00:00:00+00:00
[2022-11-16T22:18:41.438+0000] {subprocess.py:63} INFO - Tmp dir root location: 
 /tmp
[2022-11-16T22:18:41.439+0000] {subprocess.py:75} INFO - Running command: ['/bin/bash', '-c', "curl -o /tmp/history.json -L 'https://api.spacexdata.com/v4/history'"]
[2022-11-16T22:18:41.451+0000] {subprocess.py:86} INFO - Output:
[2022-11-16T22:18:41.459+0000] {subprocess.py:93} INFO -   % Total    % Received % Xferd  Average Speed   Time    Time     Time  Current
[2022-11-16T22:18:41.460+0000] {subprocess.py:93} INFO -                                  Dload  Upload   Total   Spent    Left  Speed
[2022-11-16T22:18:41.730+0000] {subprocess.py:93} INFO -   0     0    0     0    0     0      0      0 --:--:-- --:--:-- --:--:--     0100  6756    0  6756    0     0  24929      0 --:--:-- --:--:-- --:--:-- 25022
[2022-11-16T22:18:41.732+0000] {subprocess.py:97} INFO - Command exited with return code 0
[2022-11-16T22:18:41.769+0000] {taskinstance.py:1406} INFO - Marking task as SUCCESS. dag_id=MyPersonalAirflowProject, task_id=SpaceX_data, execution_date=20221016T000000, start_date=20221116T221841, end_date=20221116T221841
[2022-11-16T22:18:41.838+0000] {local_task_job.py:164} INFO - Task exited with return code 0
[2022-11-16T22:18:41.875+0000] {local_task_job.py:273} INFO - 1 downstream tasks scheduled from follow-on schedule check
[2022-11-17T16:31:58.656+0000] {taskinstance.py:1165} INFO - Dependencies all met for <TaskInstance: MyPersonalAirflowProject.SpaceX_data scheduled__2022-10-16T00:00:00+00:00 [queued]>
[2022-11-17T16:31:58.669+0000] {taskinstance.py:1165} INFO - Dependencies all met for <TaskInstance: MyPersonalAirflowProject.SpaceX_data scheduled__2022-10-16T00:00:00+00:00 [queued]>
[2022-11-17T16:31:58.669+0000] {taskinstance.py:1362} INFO - 
--------------------------------------------------------------------------------
[2022-11-17T16:31:58.670+0000] {taskinstance.py:1363} INFO - Starting attempt 1 of 1
[2022-11-17T16:31:58.670+0000] {taskinstance.py:1364} INFO - 
--------------------------------------------------------------------------------
[2022-11-17T16:31:58.686+0000] {taskinstance.py:1383} INFO - Executing <Task(BashOperator): SpaceX_data> on 2022-10-16 00:00:00+00:00
[2022-11-17T16:31:58.691+0000] {standard_task_runner.py:55} INFO - Started process 3632 to run task
[2022-11-17T16:31:58.694+0000] {standard_task_runner.py:82} INFO - Running: ['***', 'tasks', 'run', 'MyPersonalAirflowProject', 'SpaceX_data', 'scheduled__2022-10-16T00:00:00+00:00', '--job-id', '2147', '--raw', '--subdir', 'DAGS_FOLDER/FinalPersonalProject.py', '--cfg-path', '/tmp/tmpnuolvy3c']
[2022-11-17T16:31:58.695+0000] {standard_task_runner.py:83} INFO - Job 2147: Subtask SpaceX_data
[2022-11-17T16:31:58.759+0000] {task_command.py:376} INFO - Running <TaskInstance: MyPersonalAirflowProject.SpaceX_data scheduled__2022-10-16T00:00:00+00:00 [running]> on host 638485efabe7
[2022-11-17T16:31:58.838+0000] {taskinstance.py:1592} INFO - Exporting the following env vars:
AIRFLOW_CTX_DAG_OWNER=***
AIRFLOW_CTX_DAG_ID=MyPersonalAirflowProject
AIRFLOW_CTX_TASK_ID=SpaceX_data
AIRFLOW_CTX_EXECUTION_DATE=2022-10-16T00:00:00+00:00
AIRFLOW_CTX_TRY_NUMBER=1
AIRFLOW_CTX_DAG_RUN_ID=scheduled__2022-10-16T00:00:00+00:00
[2022-11-17T16:31:58.839+0000] {subprocess.py:63} INFO - Tmp dir root location: 
 /tmp
[2022-11-17T16:31:58.840+0000] {subprocess.py:75} INFO - Running command: ['/bin/bash', '-c', "curl -o /tmp/history.json -L 'https://api.spacexdata.com/v4/history'"]
[2022-11-17T16:31:58.853+0000] {subprocess.py:86} INFO - Output:
[2022-11-17T16:31:58.862+0000] {subprocess.py:93} INFO -   % Total    % Received % Xferd  Average Speed   Time    Time     Time  Current
[2022-11-17T16:31:58.862+0000] {subprocess.py:93} INFO -                                  Dload  Upload   Total   Spent    Left  Speed
[2022-11-17T16:31:59.053+0000] {subprocess.py:93} INFO -   0     0    0     0    0     0      0      0 --:--:-- --:--:-- --:--:--     0100  6756    0  6756    0     0  35371      0 --:--:-- --:--:-- --:--:-- 35371
[2022-11-17T16:31:59.057+0000] {subprocess.py:97} INFO - Command exited with return code 0
[2022-11-17T16:31:59.084+0000] {taskinstance.py:1406} INFO - Marking task as SUCCESS. dag_id=MyPersonalAirflowProject, task_id=SpaceX_data, execution_date=20221016T000000, start_date=20221117T163158, end_date=20221117T163159
[2022-11-17T16:31:59.109+0000] {local_task_job.py:164} INFO - Task exited with return code 0
[2022-11-17T16:31:59.144+0000] {local_task_job.py:273} INFO - 1 downstream tasks scheduled from follow-on schedule check
[2022-11-17T17:24:12.832+0000] {taskinstance.py:1165} INFO - Dependencies all met for <TaskInstance: MyPersonalAirflowProject.SpaceX_data scheduled__2022-10-16T00:00:00+00:00 [queued]>
[2022-11-17T17:24:12.846+0000] {taskinstance.py:1165} INFO - Dependencies all met for <TaskInstance: MyPersonalAirflowProject.SpaceX_data scheduled__2022-10-16T00:00:00+00:00 [queued]>
[2022-11-17T17:24:12.846+0000] {taskinstance.py:1362} INFO - 
--------------------------------------------------------------------------------
[2022-11-17T17:24:12.847+0000] {taskinstance.py:1363} INFO - Starting attempt 1 of 1
[2022-11-17T17:24:12.847+0000] {taskinstance.py:1364} INFO - 
--------------------------------------------------------------------------------
[2022-11-17T17:24:12.866+0000] {taskinstance.py:1383} INFO - Executing <Task(BashOperator): SpaceX_data> on 2022-10-16 00:00:00+00:00
[2022-11-17T17:24:12.873+0000] {standard_task_runner.py:55} INFO - Started process 7275 to run task
[2022-11-17T17:24:12.876+0000] {standard_task_runner.py:82} INFO - Running: ['***', 'tasks', 'run', 'MyPersonalAirflowProject', 'SpaceX_data', 'scheduled__2022-10-16T00:00:00+00:00', '--job-id', '2557', '--raw', '--subdir', 'DAGS_FOLDER/FinalPersonalProject.py', '--cfg-path', '/tmp/tmppmguc_2v']
[2022-11-17T17:24:12.877+0000] {standard_task_runner.py:83} INFO - Job 2557: Subtask SpaceX_data
[2022-11-17T17:24:13.024+0000] {task_command.py:376} INFO - Running <TaskInstance: MyPersonalAirflowProject.SpaceX_data scheduled__2022-10-16T00:00:00+00:00 [running]> on host 638485efabe7
[2022-11-17T17:24:13.105+0000] {taskinstance.py:1592} INFO - Exporting the following env vars:
AIRFLOW_CTX_DAG_OWNER=***
AIRFLOW_CTX_DAG_ID=MyPersonalAirflowProject
AIRFLOW_CTX_TASK_ID=SpaceX_data
AIRFLOW_CTX_EXECUTION_DATE=2022-10-16T00:00:00+00:00
AIRFLOW_CTX_TRY_NUMBER=1
AIRFLOW_CTX_DAG_RUN_ID=scheduled__2022-10-16T00:00:00+00:00
[2022-11-17T17:24:13.106+0000] {subprocess.py:63} INFO - Tmp dir root location: 
 /tmp
[2022-11-17T17:24:13.107+0000] {subprocess.py:75} INFO - Running command: ['/bin/bash', '-c', "curl -o /tmp/history.json -L 'https://api.spacexdata.com/v4/history'"]
[2022-11-17T17:24:13.120+0000] {subprocess.py:86} INFO - Output:
[2022-11-17T17:24:13.128+0000] {subprocess.py:93} INFO -   % Total    % Received % Xferd  Average Speed   Time    Time     Time  Current
[2022-11-17T17:24:13.128+0000] {subprocess.py:93} INFO -                                  Dload  Upload   Total   Spent    Left  Speed
[2022-11-17T17:24:13.470+0000] {subprocess.py:93} INFO -   0     0    0     0    0     0      0      0 --:--:-- --:--:-- --:--:--     0  0     0    0     0    0     0      0      0 --:--:-- --:--:-- --:--:--     0100  6756    0  6756    0     0  19754      0 --:--:-- --:--:-- --:--:-- 19696
[2022-11-17T17:24:13.472+0000] {subprocess.py:97} INFO - Command exited with return code 0
[2022-11-17T17:24:13.501+0000] {taskinstance.py:1406} INFO - Marking task as SUCCESS. dag_id=MyPersonalAirflowProject, task_id=SpaceX_data, execution_date=20221016T000000, start_date=20221117T172412, end_date=20221117T172413
[2022-11-17T17:24:13.531+0000] {local_task_job.py:164} INFO - Task exited with return code 0
[2022-11-17T17:24:13.571+0000] {local_task_job.py:273} INFO - 1 downstream tasks scheduled from follow-on schedule check
