[2022-11-16T21:22:28.879+0000] {taskinstance.py:1165} INFO - Dependencies all met for <TaskInstance: MyPersonalAirflowProject.end_task scheduled__2022-10-23T00:00:00+00:00 [queued]>
[2022-11-16T21:22:28.899+0000] {taskinstance.py:1165} INFO - Dependencies all met for <TaskInstance: MyPersonalAirflowProject.end_task scheduled__2022-10-23T00:00:00+00:00 [queued]>
[2022-11-16T21:22:28.899+0000] {taskinstance.py:1362} INFO - 
--------------------------------------------------------------------------------
[2022-11-16T21:22:28.901+0000] {taskinstance.py:1363} INFO - Starting attempt 1 of 1
[2022-11-16T21:22:28.902+0000] {taskinstance.py:1364} INFO - 
--------------------------------------------------------------------------------
[2022-11-16T21:22:28.922+0000] {taskinstance.py:1383} INFO - Executing <Task(BashOperator): end_task> on 2022-10-23 00:00:00+00:00
[2022-11-16T21:22:28.928+0000] {standard_task_runner.py:55} INFO - Started process 2455 to run task
[2022-11-16T21:22:28.931+0000] {standard_task_runner.py:82} INFO - Running: ['***', 'tasks', 'run', 'MyPersonalAirflowProject', 'end_task', 'scheduled__2022-10-23T00:00:00+00:00', '--job-id', '1355', '--raw', '--subdir', 'DAGS_FOLDER/FinalPersonalProject.py', '--cfg-path', '/tmp/tmpd1v3n4yr']
[2022-11-16T21:22:28.931+0000] {standard_task_runner.py:83} INFO - Job 1355: Subtask end_task
[2022-11-16T21:22:28.999+0000] {task_command.py:376} INFO - Running <TaskInstance: MyPersonalAirflowProject.end_task scheduled__2022-10-23T00:00:00+00:00 [running]> on host 638485efabe7
[2022-11-16T21:22:29.076+0000] {taskinstance.py:1592} INFO - Exporting the following env vars:
AIRFLOW_CTX_DAG_OWNER=***
AIRFLOW_CTX_DAG_ID=MyPersonalAirflowProject
AIRFLOW_CTX_TASK_ID=end_task
AIRFLOW_CTX_EXECUTION_DATE=2022-10-23T00:00:00+00:00
AIRFLOW_CTX_TRY_NUMBER=1
AIRFLOW_CTX_DAG_RUN_ID=scheduled__2022-10-23T00:00:00+00:00
[2022-11-16T21:22:29.078+0000] {subprocess.py:63} INFO - Tmp dir root location: 
 /tmp
[2022-11-16T21:22:29.079+0000] {subprocess.py:75} INFO - Running command: ['/bin/bash', '-c', 'echo "The file was created successfully"']
[2022-11-16T21:22:29.090+0000] {subprocess.py:86} INFO - Output:
[2022-11-16T21:22:29.092+0000] {subprocess.py:93} INFO - The file was created successfully
[2022-11-16T21:22:29.092+0000] {subprocess.py:97} INFO - Command exited with return code 0
[2022-11-16T21:22:29.120+0000] {taskinstance.py:1406} INFO - Marking task as SUCCESS. dag_id=MyPersonalAirflowProject, task_id=end_task, execution_date=20221023T000000, start_date=20221116T212228, end_date=20221116T212229
[2022-11-16T21:22:29.181+0000] {local_task_job.py:164} INFO - Task exited with return code 0
[2022-11-16T21:22:29.212+0000] {local_task_job.py:273} INFO - 0 downstream tasks scheduled from follow-on schedule check
[2022-11-16T22:22:57.461+0000] {taskinstance.py:1165} INFO - Dependencies all met for <TaskInstance: MyPersonalAirflowProject.end_task scheduled__2022-10-23T00:00:00+00:00 [queued]>
[2022-11-16T22:22:57.485+0000] {taskinstance.py:1165} INFO - Dependencies all met for <TaskInstance: MyPersonalAirflowProject.end_task scheduled__2022-10-23T00:00:00+00:00 [queued]>
[2022-11-16T22:22:57.485+0000] {taskinstance.py:1362} INFO - 
--------------------------------------------------------------------------------
[2022-11-16T22:22:57.486+0000] {taskinstance.py:1363} INFO - Starting attempt 1 of 1
[2022-11-16T22:22:57.487+0000] {taskinstance.py:1364} INFO - 
--------------------------------------------------------------------------------
[2022-11-16T22:22:57.528+0000] {taskinstance.py:1383} INFO - Executing <Task(BashOperator): end_task> on 2022-10-23 00:00:00+00:00
[2022-11-16T22:22:57.538+0000] {standard_task_runner.py:55} INFO - Started process 5643 to run task
[2022-11-16T22:22:57.542+0000] {standard_task_runner.py:82} INFO - Running: ['***', 'tasks', 'run', 'MyPersonalAirflowProject', 'end_task', 'scheduled__2022-10-23T00:00:00+00:00', '--job-id', '1574', '--raw', '--subdir', 'DAGS_FOLDER/FinalPersonalProject.py', '--cfg-path', '/tmp/tmp_oznn7su']
[2022-11-16T22:22:57.543+0000] {standard_task_runner.py:83} INFO - Job 1574: Subtask end_task
[2022-11-16T22:22:57.649+0000] {task_command.py:376} INFO - Running <TaskInstance: MyPersonalAirflowProject.end_task scheduled__2022-10-23T00:00:00+00:00 [running]> on host 638485efabe7
[2022-11-16T22:22:57.771+0000] {taskinstance.py:1592} INFO - Exporting the following env vars:
AIRFLOW_CTX_DAG_OWNER=***
AIRFLOW_CTX_DAG_ID=MyPersonalAirflowProject
AIRFLOW_CTX_TASK_ID=end_task
AIRFLOW_CTX_EXECUTION_DATE=2022-10-23T00:00:00+00:00
AIRFLOW_CTX_TRY_NUMBER=1
AIRFLOW_CTX_DAG_RUN_ID=scheduled__2022-10-23T00:00:00+00:00
[2022-11-16T22:22:57.793+0000] {subprocess.py:63} INFO - Tmp dir root location: 
 /tmp
[2022-11-16T22:22:57.796+0000] {subprocess.py:75} INFO - Running command: ['/bin/bash', '-c', 'echo "The Verification file was created successfully"']
[2022-11-16T22:22:57.828+0000] {subprocess.py:86} INFO - Output:
[2022-11-16T22:22:57.870+0000] {subprocess.py:93} INFO - The Verification file was created successfully
[2022-11-16T22:22:57.872+0000] {subprocess.py:97} INFO - Command exited with return code 0
[2022-11-16T22:22:57.931+0000] {taskinstance.py:1406} INFO - Marking task as SUCCESS. dag_id=MyPersonalAirflowProject, task_id=end_task, execution_date=20221023T000000, start_date=20221116T222257, end_date=20221116T222257
[2022-11-16T22:22:58.002+0000] {local_task_job.py:164} INFO - Task exited with return code 0
[2022-11-16T22:22:58.048+0000] {local_task_job.py:273} INFO - 1 downstream tasks scheduled from follow-on schedule check
