[2022-11-08T17:52:21.322+0000] {taskinstance.py:1165} INFO - Dependencies all met for <TaskInstance: 6-monitoring_1.task5 scheduled__2022-01-19T00:00:00+00:00 [queued]>
[2022-11-08T17:52:21.450+0000] {taskinstance.py:1165} INFO - Dependencies all met for <TaskInstance: 6-monitoring_1.task5 scheduled__2022-01-19T00:00:00+00:00 [queued]>
[2022-11-08T17:52:21.451+0000] {taskinstance.py:1362} INFO - 
--------------------------------------------------------------------------------
[2022-11-08T17:52:21.454+0000] {taskinstance.py:1363} INFO - Starting attempt 1 of 1
[2022-11-08T17:52:21.455+0000] {taskinstance.py:1364} INFO - 
--------------------------------------------------------------------------------
[2022-11-08T17:52:21.537+0000] {taskinstance.py:1383} INFO - Executing <Task(BashOperator): task5> on 2022-01-19 00:00:00+00:00
[2022-11-08T17:52:21.549+0000] {standard_task_runner.py:55} INFO - Started process 763 to run task
[2022-11-08T17:52:21.567+0000] {standard_task_runner.py:82} INFO - Running: ['***', 'tasks', 'run', '6-monitoring_1', 'task5', 'scheduled__2022-01-19T00:00:00+00:00', '--job-id', '431', '--raw', '--subdir', 'DAGS_FOLDER/6.1-monitoring.py', '--cfg-path', '/tmp/tmpiz0uj4pn']
[2022-11-08T17:52:21.568+0000] {standard_task_runner.py:83} INFO - Job 431: Subtask task5
[2022-11-08T17:52:21.771+0000] {task_command.py:376} INFO - Running <TaskInstance: 6-monitoring_1.task5 scheduled__2022-01-19T00:00:00+00:00 [running]> on host 638485efabe7
[2022-11-08T17:52:22.123+0000] {taskinstance.py:1592} INFO - Exporting the following env vars:
AIRFLOW_CTX_DAG_OWNER=***
AIRFLOW_CTX_DAG_ID=6-monitoring_1
AIRFLOW_CTX_TASK_ID=task5
AIRFLOW_CTX_EXECUTION_DATE=2022-01-19T00:00:00+00:00
AIRFLOW_CTX_TRY_NUMBER=1
AIRFLOW_CTX_DAG_RUN_ID=scheduled__2022-01-19T00:00:00+00:00
[2022-11-08T17:52:22.152+0000] {subprocess.py:63} INFO - Tmp dir root location: 
 /tmp
[2022-11-08T17:52:22.154+0000] {subprocess.py:75} INFO - Running command: ['/bin/bash', '-c', "sleep 2 && echo 'task5'"]
[2022-11-08T17:52:22.203+0000] {subprocess.py:86} INFO - Output:
[2022-11-08T17:52:24.340+0000] {subprocess.py:93} INFO - task5
[2022-11-08T17:52:24.341+0000] {subprocess.py:97} INFO - Command exited with return code 0
[2022-11-08T17:52:24.458+0000] {taskinstance.py:1406} INFO - Marking task as SUCCESS. dag_id=6-monitoring_1, task_id=task5, execution_date=20220119T000000, start_date=20221108T175221, end_date=20221108T175224
[2022-11-08T17:52:24.590+0000] {local_task_job.py:164} INFO - Task exited with return code 0
[2022-11-08T17:52:24.644+0000] {local_task_job.py:273} INFO - 0 downstream tasks scheduled from follow-on schedule check
