[2022-11-16T21:35:42.216+0000] {taskinstance.py:1165} INFO - Dependencies all met for <TaskInstance: MyPersonalAirflowProject.nasa_verification_task scheduled__2022-11-07T00:00:00+00:00 [queued]>
[2022-11-16T21:35:42.230+0000] {taskinstance.py:1165} INFO - Dependencies all met for <TaskInstance: MyPersonalAirflowProject.nasa_verification_task scheduled__2022-11-07T00:00:00+00:00 [queued]>
[2022-11-16T21:35:42.231+0000] {taskinstance.py:1362} INFO - 
--------------------------------------------------------------------------------
[2022-11-16T21:35:42.233+0000] {taskinstance.py:1363} INFO - Starting attempt 3 of 3
[2022-11-16T21:35:42.234+0000] {taskinstance.py:1364} INFO - 
--------------------------------------------------------------------------------
[2022-11-16T21:35:42.253+0000] {taskinstance.py:1383} INFO - Executing <Task(BashOperator): nasa_verification_task> on 2022-11-07 00:00:00+00:00
[2022-11-16T21:35:42.259+0000] {standard_task_runner.py:55} INFO - Started process 3213 to run task
[2022-11-16T21:35:42.262+0000] {standard_task_runner.py:82} INFO - Running: ['***', 'tasks', 'run', 'MyPersonalAirflowProject', 'nasa_verification_task', 'scheduled__2022-11-07T00:00:00+00:00', '--job-id', '1415', '--raw', '--subdir', 'DAGS_FOLDER/FinalPersonalProject.py', '--cfg-path', '/tmp/tmpk9qlbdxx']
[2022-11-16T21:35:42.263+0000] {standard_task_runner.py:83} INFO - Job 1415: Subtask nasa_verification_task
[2022-11-16T21:35:42.332+0000] {task_command.py:376} INFO - Running <TaskInstance: MyPersonalAirflowProject.nasa_verification_task scheduled__2022-11-07T00:00:00+00:00 [running]> on host 638485efabe7
[2022-11-16T21:35:42.495+0000] {taskinstance.py:1592} INFO - Exporting the following env vars:
AIRFLOW_CTX_DAG_OWNER=***
AIRFLOW_CTX_DAG_ID=MyPersonalAirflowProject
AIRFLOW_CTX_TASK_ID=nasa_verification_task
AIRFLOW_CTX_EXECUTION_DATE=2022-11-07T00:00:00+00:00
AIRFLOW_CTX_TRY_NUMBER=3
AIRFLOW_CTX_DAG_RUN_ID=scheduled__2022-11-07T00:00:00+00:00
[2022-11-16T21:35:42.496+0000] {subprocess.py:63} INFO - Tmp dir root location: 
 /tmp
[2022-11-16T21:35:42.497+0000] {subprocess.py:75} INFO - Running command: ['/bin/bash', '-c', 'sleep 20 && echo "OK"> /tmp/reponse_20221107.txt']
[2022-11-16T21:35:42.508+0000] {subprocess.py:86} INFO - Output:
[2022-11-16T21:36:02.571+0000] {subprocess.py:97} INFO - Command exited with return code 0
[2022-11-16T21:36:03.570+0000] {taskinstance.py:1406} INFO - Marking task as SUCCESS. dag_id=MyPersonalAirflowProject, task_id=nasa_verification_task, execution_date=20221107T000000, start_date=20221116T213542, end_date=20221116T213603
[2022-11-16T21:36:03.924+0000] {local_task_job.py:164} INFO - Task exited with return code 0
[2022-11-16T21:36:04.145+0000] {local_task_job.py:273} INFO - 1 downstream tasks scheduled from follow-on schedule check
[2022-11-17T16:03:24.936+0000] {taskinstance.py:1165} INFO - Dependencies all met for <TaskInstance: MyPersonalAirflowProject.nasa_verification_task scheduled__2022-11-07T00:00:00+00:00 [queued]>
[2022-11-17T16:03:24.954+0000] {taskinstance.py:1165} INFO - Dependencies all met for <TaskInstance: MyPersonalAirflowProject.nasa_verification_task scheduled__2022-11-07T00:00:00+00:00 [queued]>
[2022-11-17T16:03:24.954+0000] {taskinstance.py:1362} INFO - 
--------------------------------------------------------------------------------
[2022-11-17T16:03:24.955+0000] {taskinstance.py:1363} INFO - Starting attempt 3 of 3
[2022-11-17T16:03:24.956+0000] {taskinstance.py:1364} INFO - 
--------------------------------------------------------------------------------
[2022-11-17T16:03:24.976+0000] {taskinstance.py:1383} INFO - Executing <Task(BashOperator): nasa_verification_task> on 2022-11-07 00:00:00+00:00
[2022-11-17T16:03:24.984+0000] {standard_task_runner.py:55} INFO - Started process 1726 to run task
[2022-11-17T16:03:24.987+0000] {standard_task_runner.py:82} INFO - Running: ['***', 'tasks', 'run', 'MyPersonalAirflowProject', 'nasa_verification_task', 'scheduled__2022-11-07T00:00:00+00:00', '--job-id', '1964', '--raw', '--subdir', 'DAGS_FOLDER/FinalPersonalProject.py', '--cfg-path', '/tmp/tmpbthqgvvf']
[2022-11-17T16:03:24.989+0000] {standard_task_runner.py:83} INFO - Job 1964: Subtask nasa_verification_task
[2022-11-17T16:03:25.076+0000] {task_command.py:376} INFO - Running <TaskInstance: MyPersonalAirflowProject.nasa_verification_task scheduled__2022-11-07T00:00:00+00:00 [running]> on host 638485efabe7
[2022-11-17T16:03:25.178+0000] {taskinstance.py:1592} INFO - Exporting the following env vars:
AIRFLOW_CTX_DAG_OWNER=***
AIRFLOW_CTX_DAG_ID=MyPersonalAirflowProject
AIRFLOW_CTX_TASK_ID=nasa_verification_task
AIRFLOW_CTX_EXECUTION_DATE=2022-11-07T00:00:00+00:00
AIRFLOW_CTX_TRY_NUMBER=3
AIRFLOW_CTX_DAG_RUN_ID=scheduled__2022-11-07T00:00:00+00:00
[2022-11-17T16:03:25.180+0000] {subprocess.py:63} INFO - Tmp dir root location: 
 /tmp
[2022-11-17T16:03:25.182+0000] {subprocess.py:75} INFO - Running command: ['/bin/bash', '-c', 'sleep 20 && echo "OK"> /tmp/reponse_20221107.txt']
[2022-11-17T16:03:25.207+0000] {subprocess.py:86} INFO - Output:
[2022-11-17T16:03:45.215+0000] {subprocess.py:97} INFO - Command exited with return code 0
[2022-11-17T16:03:45.250+0000] {taskinstance.py:1406} INFO - Marking task as SUCCESS. dag_id=MyPersonalAirflowProject, task_id=nasa_verification_task, execution_date=20221107T000000, start_date=20221117T160324, end_date=20221117T160345
[2022-11-17T16:03:45.278+0000] {local_task_job.py:164} INFO - Task exited with return code 0
[2022-11-17T16:03:45.314+0000] {local_task_job.py:273} INFO - 1 downstream tasks scheduled from follow-on schedule check
