[2022-11-08T19:37:26.884+0000] {taskinstance.py:1165} INFO - Dependencies all met for <TaskInstance: 6-monitoring_1.task3 scheduled__2022-01-19T00:00:00+00:00 [queued]>
[2022-11-08T19:37:26.924+0000] {taskinstance.py:1165} INFO - Dependencies all met for <TaskInstance: 6-monitoring_1.task3 scheduled__2022-01-19T00:00:00+00:00 [queued]>
[2022-11-08T19:37:26.925+0000] {taskinstance.py:1362} INFO - 
--------------------------------------------------------------------------------
[2022-11-08T19:37:26.927+0000] {taskinstance.py:1363} INFO - Starting attempt 1 of 1
[2022-11-08T19:37:26.930+0000] {taskinstance.py:1364} INFO - 
--------------------------------------------------------------------------------
[2022-11-08T19:37:26.982+0000] {taskinstance.py:1383} INFO - Executing <Task(BashOperator): task3> on 2022-01-19 00:00:00+00:00
[2022-11-08T19:37:27.006+0000] {standard_task_runner.py:55} INFO - Started process 2287 to run task
[2022-11-08T19:37:27.012+0000] {standard_task_runner.py:82} INFO - Running: ['***', 'tasks', 'run', '6-monitoring_1', 'task3', 'scheduled__2022-01-19T00:00:00+00:00', '--job-id', '512', '--raw', '--subdir', 'DAGS_FOLDER/6.1-monitoring.py', '--cfg-path', '/tmp/tmp6f1qj4v8']
[2022-11-08T19:37:27.014+0000] {standard_task_runner.py:83} INFO - Job 512: Subtask task3
[2022-11-08T19:37:27.169+0000] {task_command.py:376} INFO - Running <TaskInstance: 6-monitoring_1.task3 scheduled__2022-01-19T00:00:00+00:00 [running]> on host 638485efabe7
[2022-11-08T19:37:27.454+0000] {taskinstance.py:1592} INFO - Exporting the following env vars:
AIRFLOW_CTX_DAG_OWNER=***
AIRFLOW_CTX_DAG_ID=6-monitoring_1
AIRFLOW_CTX_TASK_ID=task3
AIRFLOW_CTX_EXECUTION_DATE=2022-01-19T00:00:00+00:00
AIRFLOW_CTX_TRY_NUMBER=1
AIRFLOW_CTX_DAG_RUN_ID=scheduled__2022-01-19T00:00:00+00:00
[2022-11-08T19:37:27.499+0000] {subprocess.py:63} INFO - Tmp dir root location: 
 /tmp
[2022-11-08T19:37:27.502+0000] {subprocess.py:75} INFO - Running command: ['/bin/bash', '-c', "sleep 2 && echo 'task3'"]
[2022-11-08T19:37:27.551+0000] {subprocess.py:86} INFO - Output:
[2022-11-08T19:37:29.804+0000] {subprocess.py:93} INFO - task3
[2022-11-08T19:37:29.807+0000] {subprocess.py:97} INFO - Command exited with return code 0
[2022-11-08T19:37:29.874+0000] {taskinstance.py:1406} INFO - Marking task as SUCCESS. dag_id=6-monitoring_1, task_id=task3, execution_date=20220119T000000, start_date=20221108T193726, end_date=20221108T193729
[2022-11-08T19:37:30.037+0000] {local_task_job.py:164} INFO - Task exited with return code 0
[2022-11-08T19:37:30.119+0000] {local_task_job.py:273} INFO - 1 downstream tasks scheduled from follow-on schedule check
