[2022-11-16T21:30:01.229+0000] {taskinstance.py:1165} INFO - Dependencies all met for <TaskInstance: MyPersonalAirflowProject.nasa_verification_task scheduled__2022-10-25T00:00:00+00:00 [queued]>
[2022-11-16T21:30:01.242+0000] {taskinstance.py:1165} INFO - Dependencies all met for <TaskInstance: MyPersonalAirflowProject.nasa_verification_task scheduled__2022-10-25T00:00:00+00:00 [queued]>
[2022-11-16T21:30:01.243+0000] {taskinstance.py:1362} INFO - 
--------------------------------------------------------------------------------
[2022-11-16T21:30:01.244+0000] {taskinstance.py:1363} INFO - Starting attempt 4 of 4
[2022-11-16T21:30:01.245+0000] {taskinstance.py:1364} INFO - 
--------------------------------------------------------------------------------
[2022-11-16T21:30:01.264+0000] {taskinstance.py:1383} INFO - Executing <Task(BashOperator): nasa_verification_task> on 2022-10-25 00:00:00+00:00
[2022-11-16T21:30:01.271+0000] {standard_task_runner.py:55} INFO - Started process 2850 to run task
[2022-11-16T21:30:01.274+0000] {standard_task_runner.py:82} INFO - Running: ['***', 'tasks', 'run', 'MyPersonalAirflowProject', 'nasa_verification_task', 'scheduled__2022-10-25T00:00:00+00:00', '--job-id', '1376', '--raw', '--subdir', 'DAGS_FOLDER/FinalPersonalProject.py', '--cfg-path', '/tmp/tmpfoknq1vz']
[2022-11-16T21:30:01.275+0000] {standard_task_runner.py:83} INFO - Job 1376: Subtask nasa_verification_task
[2022-11-16T21:30:01.350+0000] {task_command.py:376} INFO - Running <TaskInstance: MyPersonalAirflowProject.nasa_verification_task scheduled__2022-10-25T00:00:00+00:00 [running]> on host 638485efabe7
[2022-11-16T21:30:01.435+0000] {taskinstance.py:1592} INFO - Exporting the following env vars:
AIRFLOW_CTX_DAG_OWNER=***
AIRFLOW_CTX_DAG_ID=MyPersonalAirflowProject
AIRFLOW_CTX_TASK_ID=nasa_verification_task
AIRFLOW_CTX_EXECUTION_DATE=2022-10-25T00:00:00+00:00
AIRFLOW_CTX_TRY_NUMBER=4
AIRFLOW_CTX_DAG_RUN_ID=scheduled__2022-10-25T00:00:00+00:00
[2022-11-16T21:30:01.436+0000] {subprocess.py:63} INFO - Tmp dir root location: 
 /tmp
[2022-11-16T21:30:01.437+0000] {subprocess.py:75} INFO - Running command: ['/bin/bash', '-c', 'sleep 20 && echo "OK"> /tmp/reponse_20221025.txt']
[2022-11-16T21:30:01.451+0000] {subprocess.py:86} INFO - Output:
[2022-11-16T21:30:21.501+0000] {subprocess.py:97} INFO - Command exited with return code 0
[2022-11-16T21:30:21.540+0000] {taskinstance.py:1406} INFO - Marking task as SUCCESS. dag_id=MyPersonalAirflowProject, task_id=nasa_verification_task, execution_date=20221025T000000, start_date=20221116T213001, end_date=20221116T213021
[2022-11-16T21:30:21.570+0000] {local_task_job.py:164} INFO - Task exited with return code 0
[2022-11-16T21:30:21.604+0000] {local_task_job.py:273} INFO - 1 downstream tasks scheduled from follow-on schedule check
