[2022-11-17T16:30:33.785+0000] {taskinstance.py:1165} INFO - Dependencies all met for <TaskInstance: MyPersonalAirflowProject.Data_Team_Notification scheduled__2022-10-13T00:00:00+00:00 [queued]>
[2022-11-17T16:30:33.800+0000] {taskinstance.py:1165} INFO - Dependencies all met for <TaskInstance: MyPersonalAirflowProject.Data_Team_Notification scheduled__2022-10-13T00:00:00+00:00 [queued]>
[2022-11-17T16:30:33.800+0000] {taskinstance.py:1362} INFO - 
--------------------------------------------------------------------------------
[2022-11-17T16:30:33.801+0000] {taskinstance.py:1363} INFO - Starting attempt 1 of 1
[2022-11-17T16:30:33.802+0000] {taskinstance.py:1364} INFO - 
--------------------------------------------------------------------------------
[2022-11-17T16:30:33.819+0000] {taskinstance.py:1383} INFO - Executing <Task(NotifyOperator): Data_Team_Notification> on 2022-10-13 00:00:00+00:00
[2022-11-17T16:30:33.827+0000] {standard_task_runner.py:55} INFO - Started process 3506 to run task
[2022-11-17T16:30:33.830+0000] {standard_task_runner.py:82} INFO - Running: ['***', 'tasks', 'run', 'MyPersonalAirflowProject', 'Data_Team_Notification', 'scheduled__2022-10-13T00:00:00+00:00', '--job-id', '2126', '--raw', '--subdir', 'DAGS_FOLDER/FinalPersonalProject.py', '--cfg-path', '/tmp/tmp6j53j4_t']
[2022-11-17T16:30:33.830+0000] {standard_task_runner.py:83} INFO - Job 2126: Subtask Data_Team_Notification
[2022-11-17T16:30:33.907+0000] {task_command.py:376} INFO - Running <TaskInstance: MyPersonalAirflowProject.Data_Team_Notification scheduled__2022-10-13T00:00:00+00:00 [running]> on host 638485efabe7
[2022-11-17T16:30:33.985+0000] {taskinstance.py:1592} INFO - Exporting the following env vars:
AIRFLOW_CTX_DAG_OWNER=***
AIRFLOW_CTX_DAG_ID=MyPersonalAirflowProject
AIRFLOW_CTX_TASK_ID=Data_Team_Notification
AIRFLOW_CTX_EXECUTION_DATE=2022-10-13T00:00:00+00:00
AIRFLOW_CTX_TRY_NUMBER=1
AIRFLOW_CTX_DAG_RUN_ID=scheduled__2022-10-13T00:00:00+00:00
[2022-11-17T16:30:33.986+0000] {logging_mixin.py:120} INFO - Hi Data team, Space X data for {ds} are now available!.. Please check them out!
[2022-11-17T16:30:33.998+0000] {taskinstance.py:1406} INFO - Marking task as SUCCESS. dag_id=MyPersonalAirflowProject, task_id=Data_Team_Notification, execution_date=20221013T000000, start_date=20221117T163033, end_date=20221117T163033
[2022-11-17T16:30:34.042+0000] {local_task_job.py:164} INFO - Task exited with return code 0
[2022-11-17T16:30:34.062+0000] {local_task_job.py:273} INFO - 0 downstream tasks scheduled from follow-on schedule check
[2022-11-17T17:22:41.793+0000] {taskinstance.py:1165} INFO - Dependencies all met for <TaskInstance: MyPersonalAirflowProject.Data_Team_Notification scheduled__2022-10-13T00:00:00+00:00 [queued]>
[2022-11-17T17:22:41.809+0000] {taskinstance.py:1165} INFO - Dependencies all met for <TaskInstance: MyPersonalAirflowProject.Data_Team_Notification scheduled__2022-10-13T00:00:00+00:00 [queued]>
[2022-11-17T17:22:41.810+0000] {taskinstance.py:1362} INFO - 
--------------------------------------------------------------------------------
[2022-11-17T17:22:41.810+0000] {taskinstance.py:1363} INFO - Starting attempt 1 of 1
[2022-11-17T17:22:41.811+0000] {taskinstance.py:1364} INFO - 
--------------------------------------------------------------------------------
[2022-11-17T17:22:41.838+0000] {taskinstance.py:1383} INFO - Executing <Task(NotifyOperator): Data_Team_Notification> on 2022-10-13 00:00:00+00:00
[2022-11-17T17:22:41.844+0000] {standard_task_runner.py:55} INFO - Started process 7149 to run task
[2022-11-17T17:22:41.846+0000] {standard_task_runner.py:82} INFO - Running: ['***', 'tasks', 'run', 'MyPersonalAirflowProject', 'Data_Team_Notification', 'scheduled__2022-10-13T00:00:00+00:00', '--job-id', '2536', '--raw', '--subdir', 'DAGS_FOLDER/FinalPersonalProject.py', '--cfg-path', '/tmp/tmp9v6ubajz']
[2022-11-17T17:22:41.847+0000] {standard_task_runner.py:83} INFO - Job 2536: Subtask Data_Team_Notification
[2022-11-17T17:22:41.916+0000] {task_command.py:376} INFO - Running <TaskInstance: MyPersonalAirflowProject.Data_Team_Notification scheduled__2022-10-13T00:00:00+00:00 [running]> on host 638485efabe7
[2022-11-17T17:22:42.001+0000] {taskinstance.py:1592} INFO - Exporting the following env vars:
AIRFLOW_CTX_DAG_OWNER=***
AIRFLOW_CTX_DAG_ID=MyPersonalAirflowProject
AIRFLOW_CTX_TASK_ID=Data_Team_Notification
AIRFLOW_CTX_EXECUTION_DATE=2022-10-13T00:00:00+00:00
AIRFLOW_CTX_TRY_NUMBER=1
AIRFLOW_CTX_DAG_RUN_ID=scheduled__2022-10-13T00:00:00+00:00
[2022-11-17T17:22:42.002+0000] {logging_mixin.py:120} INFO - Hi Data team, Space X data for 2022-11-17  are now available!.. Please check them out!
[2022-11-17T17:22:42.014+0000] {taskinstance.py:1406} INFO - Marking task as SUCCESS. dag_id=MyPersonalAirflowProject, task_id=Data_Team_Notification, execution_date=20221013T000000, start_date=20221117T172241, end_date=20221117T172242
[2022-11-17T17:22:42.059+0000] {local_task_job.py:164} INFO - Task exited with return code 0
[2022-11-17T17:22:42.081+0000] {local_task_job.py:273} INFO - 0 downstream tasks scheduled from follow-on schedule check
