[2022-11-17T16:04:50.799+0000] {taskinstance.py:1165} INFO - Dependencies all met for <TaskInstance: MyPersonalAirflowProject.copy_data_to_local scheduled__2022-11-09T00:00:00+00:00 [queued]>
[2022-11-17T16:04:50.813+0000] {taskinstance.py:1165} INFO - Dependencies all met for <TaskInstance: MyPersonalAirflowProject.copy_data_to_local scheduled__2022-11-09T00:00:00+00:00 [queued]>
[2022-11-17T16:04:50.814+0000] {taskinstance.py:1362} INFO - 
--------------------------------------------------------------------------------
[2022-11-17T16:04:50.815+0000] {taskinstance.py:1363} INFO - Starting attempt 1 of 1
[2022-11-17T16:04:50.815+0000] {taskinstance.py:1364} INFO - 
--------------------------------------------------------------------------------
[2022-11-17T16:04:50.833+0000] {taskinstance.py:1383} INFO - Executing <Task(PythonOperator): copy_data_to_local> on 2022-11-09 00:00:00+00:00
[2022-11-17T16:04:50.839+0000] {standard_task_runner.py:55} INFO - Started process 1842 to run task
[2022-11-17T16:04:50.842+0000] {standard_task_runner.py:82} INFO - Running: ['***', 'tasks', 'run', 'MyPersonalAirflowProject', 'copy_data_to_local', 'scheduled__2022-11-09T00:00:00+00:00', '--job-id', '1980', '--raw', '--subdir', 'DAGS_FOLDER/FinalPersonalProject.py', '--cfg-path', '/tmp/tmp95lrsf6x']
[2022-11-17T16:04:50.842+0000] {standard_task_runner.py:83} INFO - Job 1980: Subtask copy_data_to_local
[2022-11-17T16:04:50.909+0000] {task_command.py:376} INFO - Running <TaskInstance: MyPersonalAirflowProject.copy_data_to_local scheduled__2022-11-09T00:00:00+00:00 [running]> on host 638485efabe7
[2022-11-17T16:04:50.987+0000] {taskinstance.py:1592} INFO - Exporting the following env vars:
AIRFLOW_CTX_DAG_OWNER=***
AIRFLOW_CTX_DAG_ID=MyPersonalAirflowProject
AIRFLOW_CTX_TASK_ID=copy_data_to_local
AIRFLOW_CTX_EXECUTION_DATE=2022-11-09T00:00:00+00:00
AIRFLOW_CTX_TRY_NUMBER=1
AIRFLOW_CTX_DAG_RUN_ID=scheduled__2022-11-09T00:00:00+00:00
[2022-11-17T16:04:51.214+0000] {python.py:177} INFO - Done. Returned value was: None
[2022-11-17T16:04:51.226+0000] {taskinstance.py:1406} INFO - Marking task as SUCCESS. dag_id=MyPersonalAirflowProject, task_id=copy_data_to_local, execution_date=20221109T000000, start_date=20221117T160450, end_date=20221117T160451
[2022-11-17T16:04:51.256+0000] {local_task_job.py:164} INFO - Task exited with return code 0
[2022-11-17T16:04:51.282+0000] {local_task_job.py:273} INFO - 1 downstream tasks scheduled from follow-on schedule check
[2022-11-17T16:45:16.741+0000] {taskinstance.py:1165} INFO - Dependencies all met for <TaskInstance: MyPersonalAirflowProject.copy_data_to_local scheduled__2022-11-09T00:00:00+00:00 [queued]>
[2022-11-17T16:45:16.755+0000] {taskinstance.py:1165} INFO - Dependencies all met for <TaskInstance: MyPersonalAirflowProject.copy_data_to_local scheduled__2022-11-09T00:00:00+00:00 [queued]>
[2022-11-17T16:45:16.755+0000] {taskinstance.py:1362} INFO - 
--------------------------------------------------------------------------------
[2022-11-17T16:45:16.756+0000] {taskinstance.py:1363} INFO - Starting attempt 1 of 1
[2022-11-17T16:45:16.756+0000] {taskinstance.py:1364} INFO - 
--------------------------------------------------------------------------------
[2022-11-17T16:45:16.774+0000] {taskinstance.py:1383} INFO - Executing <Task(PythonOperator): copy_data_to_local> on 2022-11-09 00:00:00+00:00
[2022-11-17T16:45:16.780+0000] {standard_task_runner.py:55} INFO - Started process 4839 to run task
[2022-11-17T16:45:16.783+0000] {standard_task_runner.py:82} INFO - Running: ['***', 'tasks', 'run', 'MyPersonalAirflowProject', 'copy_data_to_local', 'scheduled__2022-11-09T00:00:00+00:00', '--job-id', '2340', '--raw', '--subdir', 'DAGS_FOLDER/FinalPersonalProject.py', '--cfg-path', '/tmp/tmp73a7s6ua']
[2022-11-17T16:45:16.784+0000] {standard_task_runner.py:83} INFO - Job 2340: Subtask copy_data_to_local
[2022-11-17T16:45:16.852+0000] {task_command.py:376} INFO - Running <TaskInstance: MyPersonalAirflowProject.copy_data_to_local scheduled__2022-11-09T00:00:00+00:00 [running]> on host 638485efabe7
[2022-11-17T16:45:16.935+0000] {taskinstance.py:1592} INFO - Exporting the following env vars:
AIRFLOW_CTX_DAG_OWNER=***
AIRFLOW_CTX_DAG_ID=MyPersonalAirflowProject
AIRFLOW_CTX_TASK_ID=copy_data_to_local
AIRFLOW_CTX_EXECUTION_DATE=2022-11-09T00:00:00+00:00
AIRFLOW_CTX_TRY_NUMBER=1
AIRFLOW_CTX_DAG_RUN_ID=scheduled__2022-11-09T00:00:00+00:00
[2022-11-17T16:45:17.198+0000] {python.py:177} INFO - Done. Returned value was: None
[2022-11-17T16:45:17.211+0000] {taskinstance.py:1406} INFO - Marking task as SUCCESS. dag_id=MyPersonalAirflowProject, task_id=copy_data_to_local, execution_date=20221109T000000, start_date=20221117T164516, end_date=20221117T164517
[2022-11-17T16:45:17.237+0000] {local_task_job.py:164} INFO - Task exited with return code 0
[2022-11-17T16:45:17.270+0000] {local_task_job.py:273} INFO - 1 downstream tasks scheduled from follow-on schedule check
[2022-11-17T17:36:16.193+0000] {taskinstance.py:1165} INFO - Dependencies all met for <TaskInstance: MyPersonalAirflowProject.copy_data_to_local scheduled__2022-11-09T00:00:00+00:00 [queued]>
[2022-11-17T17:36:16.207+0000] {taskinstance.py:1165} INFO - Dependencies all met for <TaskInstance: MyPersonalAirflowProject.copy_data_to_local scheduled__2022-11-09T00:00:00+00:00 [queued]>
[2022-11-17T17:36:16.207+0000] {taskinstance.py:1362} INFO - 
--------------------------------------------------------------------------------
[2022-11-17T17:36:16.208+0000] {taskinstance.py:1363} INFO - Starting attempt 1 of 1
[2022-11-17T17:36:16.208+0000] {taskinstance.py:1364} INFO - 
--------------------------------------------------------------------------------
[2022-11-17T17:36:16.225+0000] {taskinstance.py:1383} INFO - Executing <Task(PythonOperator): copy_data_to_local> on 2022-11-09 00:00:00+00:00
[2022-11-17T17:36:16.231+0000] {standard_task_runner.py:55} INFO - Started process 8450 to run task
[2022-11-17T17:36:16.235+0000] {standard_task_runner.py:82} INFO - Running: ['***', 'tasks', 'run', 'MyPersonalAirflowProject', 'copy_data_to_local', 'scheduled__2022-11-09T00:00:00+00:00', '--job-id', '2750', '--raw', '--subdir', 'DAGS_FOLDER/FinalPersonalProject.py', '--cfg-path', '/tmp/tmp883pczmy']
[2022-11-17T17:36:16.236+0000] {standard_task_runner.py:83} INFO - Job 2750: Subtask copy_data_to_local
[2022-11-17T17:36:16.374+0000] {task_command.py:376} INFO - Running <TaskInstance: MyPersonalAirflowProject.copy_data_to_local scheduled__2022-11-09T00:00:00+00:00 [running]> on host 638485efabe7
[2022-11-17T17:36:16.460+0000] {taskinstance.py:1592} INFO - Exporting the following env vars:
AIRFLOW_CTX_DAG_OWNER=***
AIRFLOW_CTX_DAG_ID=MyPersonalAirflowProject
AIRFLOW_CTX_TASK_ID=copy_data_to_local
AIRFLOW_CTX_EXECUTION_DATE=2022-11-09T00:00:00+00:00
AIRFLOW_CTX_TRY_NUMBER=1
AIRFLOW_CTX_DAG_RUN_ID=scheduled__2022-11-09T00:00:00+00:00
[2022-11-17T17:36:16.695+0000] {python.py:177} INFO - Done. Returned value was: None
[2022-11-17T17:36:16.706+0000] {taskinstance.py:1406} INFO - Marking task as SUCCESS. dag_id=MyPersonalAirflowProject, task_id=copy_data_to_local, execution_date=20221109T000000, start_date=20221117T173616, end_date=20221117T173616
[2022-11-17T17:36:16.729+0000] {local_task_job.py:164} INFO - Task exited with return code 0
[2022-11-17T17:36:16.764+0000] {local_task_job.py:273} INFO - 1 downstream tasks scheduled from follow-on schedule check
