[2022-11-08T19:37:26.871+0000] {taskinstance.py:1165} INFO - Dependencies all met for <TaskInstance: 6-monitoring_1.task2 scheduled__2022-01-25T00:00:00+00:00 [queued]>
[2022-11-08T19:37:26.918+0000] {taskinstance.py:1165} INFO - Dependencies all met for <TaskInstance: 6-monitoring_1.task2 scheduled__2022-01-25T00:00:00+00:00 [queued]>
[2022-11-08T19:37:26.919+0000] {taskinstance.py:1362} INFO - 
--------------------------------------------------------------------------------
[2022-11-08T19:37:26.921+0000] {taskinstance.py:1363} INFO - Starting attempt 2 of 2
[2022-11-08T19:37:26.922+0000] {taskinstance.py:1364} INFO - 
--------------------------------------------------------------------------------
[2022-11-08T19:37:26.967+0000] {taskinstance.py:1383} INFO - Executing <Task(BashOperator): task2> on 2022-01-25 00:00:00+00:00
[2022-11-08T19:37:26.984+0000] {standard_task_runner.py:55} INFO - Started process 2285 to run task
[2022-11-08T19:37:26.992+0000] {standard_task_runner.py:82} INFO - Running: ['***', 'tasks', 'run', '6-monitoring_1', 'task2', 'scheduled__2022-01-25T00:00:00+00:00', '--job-id', '511', '--raw', '--subdir', 'DAGS_FOLDER/6.1-monitoring.py', '--cfg-path', '/tmp/tmp9gw8ieqc']
[2022-11-08T19:37:26.993+0000] {standard_task_runner.py:83} INFO - Job 511: Subtask task2
[2022-11-08T19:37:27.342+0000] {task_command.py:376} INFO - Running <TaskInstance: 6-monitoring_1.task2 scheduled__2022-01-25T00:00:00+00:00 [running]> on host 638485efabe7
[2022-11-08T19:37:27.549+0000] {taskinstance.py:1592} INFO - Exporting the following env vars:
AIRFLOW_CTX_DAG_OWNER=***
AIRFLOW_CTX_DAG_ID=6-monitoring_1
AIRFLOW_CTX_TASK_ID=task2
AIRFLOW_CTX_EXECUTION_DATE=2022-01-25T00:00:00+00:00
AIRFLOW_CTX_TRY_NUMBER=2
AIRFLOW_CTX_DAG_RUN_ID=scheduled__2022-01-25T00:00:00+00:00
[2022-11-08T19:37:27.555+0000] {subprocess.py:63} INFO - Tmp dir root location: 
 /tmp
[2022-11-08T19:37:27.557+0000] {subprocess.py:75} INFO - Running command: ['/bin/bash', '-c', "sleep 2 && echo 'task2'"]
[2022-11-08T19:37:27.580+0000] {subprocess.py:86} INFO - Output:
[2022-11-08T19:37:29.671+0000] {subprocess.py:93} INFO - task2
[2022-11-08T19:37:29.672+0000] {subprocess.py:97} INFO - Command exited with return code 0
[2022-11-08T19:37:29.714+0000] {taskinstance.py:1406} INFO - Marking task as SUCCESS. dag_id=6-monitoring_1, task_id=task2, execution_date=20220125T000000, start_date=20221108T193726, end_date=20221108T193729
[2022-11-08T19:37:29.803+0000] {local_task_job.py:164} INFO - Task exited with return code 0
[2022-11-08T19:37:29.878+0000] {local_task_job.py:273} INFO - 1 downstream tasks scheduled from follow-on schedule check
