[2022-11-16T22:19:09.997+0000] {taskinstance.py:1165} INFO - Dependencies all met for <TaskInstance: MyPersonalAirflowProject.waiting_nasa_confirmation scheduled__2022-10-17T00:00:00+00:00 [queued]>
[2022-11-16T22:19:10.016+0000] {taskinstance.py:1165} INFO - Dependencies all met for <TaskInstance: MyPersonalAirflowProject.waiting_nasa_confirmation scheduled__2022-10-17T00:00:00+00:00 [queued]>
[2022-11-16T22:19:10.017+0000] {taskinstance.py:1362} INFO - 
--------------------------------------------------------------------------------
[2022-11-16T22:19:10.018+0000] {taskinstance.py:1363} INFO - Starting attempt 1 of 1
[2022-11-16T22:19:10.018+0000] {taskinstance.py:1364} INFO - 
--------------------------------------------------------------------------------
[2022-11-16T22:19:10.047+0000] {taskinstance.py:1383} INFO - Executing <Task(FileSensor): waiting_nasa_confirmation> on 2022-10-17 00:00:00+00:00
[2022-11-16T22:19:10.054+0000] {standard_task_runner.py:55} INFO - Started process 5396 to run task
[2022-11-16T22:19:10.056+0000] {standard_task_runner.py:82} INFO - Running: ['***', 'tasks', 'run', 'MyPersonalAirflowProject', 'waiting_nasa_confirmation', 'scheduled__2022-10-17T00:00:00+00:00', '--job-id', '1537', '--raw', '--subdir', 'DAGS_FOLDER/FinalPersonalProject.py', '--cfg-path', '/tmp/tmpbfffamf7']
[2022-11-16T22:19:10.057+0000] {standard_task_runner.py:83} INFO - Job 1537: Subtask waiting_nasa_confirmation
[2022-11-16T22:19:10.137+0000] {task_command.py:376} INFO - Running <TaskInstance: MyPersonalAirflowProject.waiting_nasa_confirmation scheduled__2022-10-17T00:00:00+00:00 [running]> on host 638485efabe7
[2022-11-16T22:19:10.246+0000] {taskinstance.py:1592} INFO - Exporting the following env vars:
AIRFLOW_CTX_DAG_OWNER=***
AIRFLOW_CTX_DAG_ID=MyPersonalAirflowProject
AIRFLOW_CTX_TASK_ID=waiting_nasa_confirmation
AIRFLOW_CTX_EXECUTION_DATE=2022-10-17T00:00:00+00:00
AIRFLOW_CTX_TRY_NUMBER=1
AIRFLOW_CTX_DAG_RUN_ID=scheduled__2022-10-17T00:00:00+00:00
[2022-11-16T22:19:10.259+0000] {base.py:71} INFO - Using connection ID 'fs_default' for task execution.
[2022-11-16T22:19:10.260+0000] {filesystem.py:58} INFO - Poking for file /tmp/reponse_20221017.txt
[2022-11-16T22:19:10.261+0000] {filesystem.py:63} INFO - Found File /tmp/reponse_20221017.txt last modified: 20221116221907
[2022-11-16T22:19:10.261+0000] {base.py:213} INFO - Success criteria met. Exiting.
[2022-11-16T22:19:10.275+0000] {taskinstance.py:1406} INFO - Marking task as SUCCESS. dag_id=MyPersonalAirflowProject, task_id=waiting_nasa_confirmation, execution_date=20221017T000000, start_date=20221116T221910, end_date=20221116T221910
[2022-11-16T22:19:10.334+0000] {local_task_job.py:164} INFO - Task exited with return code 0
[2022-11-16T22:19:10.389+0000] {local_task_job.py:273} INFO - 1 downstream tasks scheduled from follow-on schedule check
[2022-11-17T16:32:26.090+0000] {taskinstance.py:1165} INFO - Dependencies all met for <TaskInstance: MyPersonalAirflowProject.waiting_nasa_confirmation scheduled__2022-10-17T00:00:00+00:00 [queued]>
[2022-11-17T16:32:26.103+0000] {taskinstance.py:1165} INFO - Dependencies all met for <TaskInstance: MyPersonalAirflowProject.waiting_nasa_confirmation scheduled__2022-10-17T00:00:00+00:00 [queued]>
[2022-11-17T16:32:26.104+0000] {taskinstance.py:1362} INFO - 
--------------------------------------------------------------------------------
[2022-11-17T16:32:26.104+0000] {taskinstance.py:1363} INFO - Starting attempt 1 of 1
[2022-11-17T16:32:26.105+0000] {taskinstance.py:1364} INFO - 
--------------------------------------------------------------------------------
[2022-11-17T16:32:26.122+0000] {taskinstance.py:1383} INFO - Executing <Task(FileSensor): waiting_nasa_confirmation> on 2022-10-17 00:00:00+00:00
[2022-11-17T16:32:26.128+0000] {standard_task_runner.py:55} INFO - Started process 3679 to run task
[2022-11-17T16:32:26.131+0000] {standard_task_runner.py:82} INFO - Running: ['***', 'tasks', 'run', 'MyPersonalAirflowProject', 'waiting_nasa_confirmation', 'scheduled__2022-10-17T00:00:00+00:00', '--job-id', '2153', '--raw', '--subdir', 'DAGS_FOLDER/FinalPersonalProject.py', '--cfg-path', '/tmp/tmp92wb_tc_']
[2022-11-17T16:32:26.132+0000] {standard_task_runner.py:83} INFO - Job 2153: Subtask waiting_nasa_confirmation
[2022-11-17T16:32:26.201+0000] {task_command.py:376} INFO - Running <TaskInstance: MyPersonalAirflowProject.waiting_nasa_confirmation scheduled__2022-10-17T00:00:00+00:00 [running]> on host 638485efabe7
[2022-11-17T16:32:26.280+0000] {taskinstance.py:1592} INFO - Exporting the following env vars:
AIRFLOW_CTX_DAG_OWNER=***
AIRFLOW_CTX_DAG_ID=MyPersonalAirflowProject
AIRFLOW_CTX_TASK_ID=waiting_nasa_confirmation
AIRFLOW_CTX_EXECUTION_DATE=2022-10-17T00:00:00+00:00
AIRFLOW_CTX_TRY_NUMBER=1
AIRFLOW_CTX_DAG_RUN_ID=scheduled__2022-10-17T00:00:00+00:00
[2022-11-17T16:32:26.289+0000] {base.py:71} INFO - Using connection ID 'fs_default' for task execution.
[2022-11-17T16:32:26.290+0000] {filesystem.py:58} INFO - Poking for file /tmp/reponse_20221017.txt
[2022-11-17T16:32:26.291+0000] {filesystem.py:63} INFO - Found File /tmp/reponse_20221017.txt last modified: 20221117163224
[2022-11-17T16:32:26.291+0000] {base.py:213} INFO - Success criteria met. Exiting.
[2022-11-17T16:32:26.301+0000] {taskinstance.py:1406} INFO - Marking task as SUCCESS. dag_id=MyPersonalAirflowProject, task_id=waiting_nasa_confirmation, execution_date=20221017T000000, start_date=20221117T163226, end_date=20221117T163226
[2022-11-17T16:32:26.345+0000] {local_task_job.py:164} INFO - Task exited with return code 0
[2022-11-17T16:32:26.388+0000] {local_task_job.py:273} INFO - 1 downstream tasks scheduled from follow-on schedule check
[2022-11-17T17:24:40.000+0000] {taskinstance.py:1165} INFO - Dependencies all met for <TaskInstance: MyPersonalAirflowProject.waiting_nasa_confirmation scheduled__2022-10-17T00:00:00+00:00 [queued]>
[2022-11-17T17:24:40.013+0000] {taskinstance.py:1165} INFO - Dependencies all met for <TaskInstance: MyPersonalAirflowProject.waiting_nasa_confirmation scheduled__2022-10-17T00:00:00+00:00 [queued]>
[2022-11-17T17:24:40.013+0000] {taskinstance.py:1362} INFO - 
--------------------------------------------------------------------------------
[2022-11-17T17:24:40.014+0000] {taskinstance.py:1363} INFO - Starting attempt 1 of 1
[2022-11-17T17:24:40.014+0000] {taskinstance.py:1364} INFO - 
--------------------------------------------------------------------------------
[2022-11-17T17:24:40.031+0000] {taskinstance.py:1383} INFO - Executing <Task(FileSensor): waiting_nasa_confirmation> on 2022-10-17 00:00:00+00:00
[2022-11-17T17:24:40.037+0000] {standard_task_runner.py:55} INFO - Started process 7322 to run task
[2022-11-17T17:24:40.039+0000] {standard_task_runner.py:82} INFO - Running: ['***', 'tasks', 'run', 'MyPersonalAirflowProject', 'waiting_nasa_confirmation', 'scheduled__2022-10-17T00:00:00+00:00', '--job-id', '2563', '--raw', '--subdir', 'DAGS_FOLDER/FinalPersonalProject.py', '--cfg-path', '/tmp/tmplucual57']
[2022-11-17T17:24:40.040+0000] {standard_task_runner.py:83} INFO - Job 2563: Subtask waiting_nasa_confirmation
[2022-11-17T17:24:40.106+0000] {task_command.py:376} INFO - Running <TaskInstance: MyPersonalAirflowProject.waiting_nasa_confirmation scheduled__2022-10-17T00:00:00+00:00 [running]> on host 638485efabe7
[2022-11-17T17:24:40.178+0000] {taskinstance.py:1592} INFO - Exporting the following env vars:
AIRFLOW_CTX_DAG_OWNER=***
AIRFLOW_CTX_DAG_ID=MyPersonalAirflowProject
AIRFLOW_CTX_TASK_ID=waiting_nasa_confirmation
AIRFLOW_CTX_EXECUTION_DATE=2022-10-17T00:00:00+00:00
AIRFLOW_CTX_TRY_NUMBER=1
AIRFLOW_CTX_DAG_RUN_ID=scheduled__2022-10-17T00:00:00+00:00
[2022-11-17T17:24:40.189+0000] {base.py:71} INFO - Using connection ID 'fs_default' for task execution.
[2022-11-17T17:24:40.190+0000] {filesystem.py:58} INFO - Poking for file /tmp/reponse_20221017.txt
[2022-11-17T17:24:40.190+0000] {filesystem.py:63} INFO - Found File /tmp/reponse_20221017.txt last modified: 20221117172439
[2022-11-17T17:24:40.191+0000] {base.py:213} INFO - Success criteria met. Exiting.
[2022-11-17T17:24:40.201+0000] {taskinstance.py:1406} INFO - Marking task as SUCCESS. dag_id=MyPersonalAirflowProject, task_id=waiting_nasa_confirmation, execution_date=20221017T000000, start_date=20221117T172440, end_date=20221117T172440
[2022-11-17T17:24:40.252+0000] {local_task_job.py:164} INFO - Task exited with return code 0
[2022-11-17T17:24:40.294+0000] {local_task_job.py:273} INFO - 1 downstream tasks scheduled from follow-on schedule check
