[2022-11-16T22:26:57.754+0000] {taskinstance.py:1165} INFO - Dependencies all met for <TaskInstance: MyPersonalAirflowProject.SpaceX_data scheduled__2022-10-28T00:00:00+00:00 [queued]>
[2022-11-16T22:26:57.774+0000] {taskinstance.py:1165} INFO - Dependencies all met for <TaskInstance: MyPersonalAirflowProject.SpaceX_data scheduled__2022-10-28T00:00:00+00:00 [queued]>
[2022-11-16T22:26:57.774+0000] {taskinstance.py:1362} INFO - 
--------------------------------------------------------------------------------
[2022-11-16T22:26:57.776+0000] {taskinstance.py:1363} INFO - Starting attempt 1 of 1
[2022-11-16T22:26:57.777+0000] {taskinstance.py:1364} INFO - 
--------------------------------------------------------------------------------
[2022-11-16T22:26:57.802+0000] {taskinstance.py:1383} INFO - Executing <Task(BashOperator): SpaceX_data> on 2022-10-28 00:00:00+00:00
[2022-11-16T22:26:57.812+0000] {standard_task_runner.py:55} INFO - Started process 5863 to run task
[2022-11-16T22:26:57.817+0000] {standard_task_runner.py:82} INFO - Running: ['***', 'tasks', 'run', 'MyPersonalAirflowProject', 'SpaceX_data', 'scheduled__2022-10-28T00:00:00+00:00', '--job-id', '1605', '--raw', '--subdir', 'DAGS_FOLDER/FinalPersonalProject.py', '--cfg-path', '/tmp/tmp3z9vj199']
[2022-11-16T22:26:57.818+0000] {standard_task_runner.py:83} INFO - Job 1605: Subtask SpaceX_data
[2022-11-16T22:26:57.911+0000] {task_command.py:376} INFO - Running <TaskInstance: MyPersonalAirflowProject.SpaceX_data scheduled__2022-10-28T00:00:00+00:00 [running]> on host 638485efabe7
[2022-11-16T22:26:58.028+0000] {taskinstance.py:1592} INFO - Exporting the following env vars:
AIRFLOW_CTX_DAG_OWNER=***
AIRFLOW_CTX_DAG_ID=MyPersonalAirflowProject
AIRFLOW_CTX_TASK_ID=SpaceX_data
AIRFLOW_CTX_EXECUTION_DATE=2022-10-28T00:00:00+00:00
AIRFLOW_CTX_TRY_NUMBER=1
AIRFLOW_CTX_DAG_RUN_ID=scheduled__2022-10-28T00:00:00+00:00
[2022-11-16T22:26:58.030+0000] {subprocess.py:63} INFO - Tmp dir root location: 
 /tmp
[2022-11-16T22:26:58.031+0000] {subprocess.py:75} INFO - Running command: ['/bin/bash', '-c', "curl -o /tmp/history.json -L 'https://api.spacexdata.com/v4/history'"]
[2022-11-16T22:26:58.046+0000] {subprocess.py:86} INFO - Output:
[2022-11-16T22:26:58.067+0000] {subprocess.py:93} INFO -   % Total    % Received % Xferd  Average Speed   Time    Time     Time  Current
[2022-11-16T22:26:58.068+0000] {subprocess.py:93} INFO -                                  Dload  Upload   Total   Spent    Left  Speed
[2022-11-16T22:26:58.441+0000] {subprocess.py:93} INFO -   0     0    0     0    0     0      0      0 --:--:-- --:--:-- --:--:--     0  0     0    0     0    0     0      0      0 --:--:-- --:--:-- --:--:--     0100  6756    0  6756    0     0  18112      0 --:--:-- --:--:-- --:--:-- 18064
[2022-11-16T22:26:58.444+0000] {subprocess.py:97} INFO - Command exited with return code 0
[2022-11-16T22:26:58.533+0000] {taskinstance.py:1406} INFO - Marking task as SUCCESS. dag_id=MyPersonalAirflowProject, task_id=SpaceX_data, execution_date=20221028T000000, start_date=20221116T222657, end_date=20221116T222658
[2022-11-16T22:26:58.613+0000] {local_task_job.py:164} INFO - Task exited with return code 0
[2022-11-16T22:26:58.674+0000] {local_task_job.py:273} INFO - 1 downstream tasks scheduled from follow-on schedule check
[2022-11-17T16:39:01.588+0000] {taskinstance.py:1165} INFO - Dependencies all met for <TaskInstance: MyPersonalAirflowProject.SpaceX_data scheduled__2022-10-28T00:00:00+00:00 [queued]>
[2022-11-17T16:39:01.602+0000] {taskinstance.py:1165} INFO - Dependencies all met for <TaskInstance: MyPersonalAirflowProject.SpaceX_data scheduled__2022-10-28T00:00:00+00:00 [queued]>
[2022-11-17T16:39:01.603+0000] {taskinstance.py:1362} INFO - 
--------------------------------------------------------------------------------
[2022-11-17T16:39:01.604+0000] {taskinstance.py:1363} INFO - Starting attempt 1 of 1
[2022-11-17T16:39:01.604+0000] {taskinstance.py:1364} INFO - 
--------------------------------------------------------------------------------
[2022-11-17T16:39:01.623+0000] {taskinstance.py:1383} INFO - Executing <Task(BashOperator): SpaceX_data> on 2022-10-28 00:00:00+00:00
[2022-11-17T16:39:01.630+0000] {standard_task_runner.py:55} INFO - Started process 4243 to run task
[2022-11-17T16:39:01.633+0000] {standard_task_runner.py:82} INFO - Running: ['***', 'tasks', 'run', 'MyPersonalAirflowProject', 'SpaceX_data', 'scheduled__2022-10-28T00:00:00+00:00', '--job-id', '2243', '--raw', '--subdir', 'DAGS_FOLDER/FinalPersonalProject.py', '--cfg-path', '/tmp/tmpyrfzd6fd']
[2022-11-17T16:39:01.634+0000] {standard_task_runner.py:83} INFO - Job 2243: Subtask SpaceX_data
[2022-11-17T16:39:01.703+0000] {task_command.py:376} INFO - Running <TaskInstance: MyPersonalAirflowProject.SpaceX_data scheduled__2022-10-28T00:00:00+00:00 [running]> on host 638485efabe7
[2022-11-17T16:39:01.783+0000] {taskinstance.py:1592} INFO - Exporting the following env vars:
AIRFLOW_CTX_DAG_OWNER=***
AIRFLOW_CTX_DAG_ID=MyPersonalAirflowProject
AIRFLOW_CTX_TASK_ID=SpaceX_data
AIRFLOW_CTX_EXECUTION_DATE=2022-10-28T00:00:00+00:00
AIRFLOW_CTX_TRY_NUMBER=1
AIRFLOW_CTX_DAG_RUN_ID=scheduled__2022-10-28T00:00:00+00:00
[2022-11-17T16:39:01.784+0000] {subprocess.py:63} INFO - Tmp dir root location: 
 /tmp
[2022-11-17T16:39:01.785+0000] {subprocess.py:75} INFO - Running command: ['/bin/bash', '-c', "curl -o /tmp/history.json -L 'https://api.spacexdata.com/v4/history'"]
[2022-11-17T16:39:01.796+0000] {subprocess.py:86} INFO - Output:
[2022-11-17T16:39:01.803+0000] {subprocess.py:93} INFO -   % Total    % Received % Xferd  Average Speed   Time    Time     Time  Current
[2022-11-17T16:39:01.804+0000] {subprocess.py:93} INFO -                                  Dload  Upload   Total   Spent    Left  Speed
[2022-11-17T16:39:01.976+0000] {subprocess.py:93} INFO -   0     0    0     0    0     0      0      0 --:--:-- --:--:-- --:--:--     0100  6756    0  6756    0     0  39279      0 --:--:-- --:--:-- --:--:-- 39279
[2022-11-17T16:39:01.978+0000] {subprocess.py:97} INFO - Command exited with return code 0
[2022-11-17T16:39:02.008+0000] {taskinstance.py:1406} INFO - Marking task as SUCCESS. dag_id=MyPersonalAirflowProject, task_id=SpaceX_data, execution_date=20221028T000000, start_date=20221117T163901, end_date=20221117T163902
[2022-11-17T16:39:02.048+0000] {local_task_job.py:164} INFO - Task exited with return code 0
[2022-11-17T16:39:02.081+0000] {local_task_job.py:273} INFO - 1 downstream tasks scheduled from follow-on schedule check
[2022-11-17T17:30:13.005+0000] {taskinstance.py:1165} INFO - Dependencies all met for <TaskInstance: MyPersonalAirflowProject.SpaceX_data scheduled__2022-10-28T00:00:00+00:00 [queued]>
[2022-11-17T17:30:13.020+0000] {taskinstance.py:1165} INFO - Dependencies all met for <TaskInstance: MyPersonalAirflowProject.SpaceX_data scheduled__2022-10-28T00:00:00+00:00 [queued]>
[2022-11-17T17:30:13.021+0000] {taskinstance.py:1362} INFO - 
--------------------------------------------------------------------------------
[2022-11-17T17:30:13.021+0000] {taskinstance.py:1363} INFO - Starting attempt 1 of 1
[2022-11-17T17:30:13.022+0000] {taskinstance.py:1364} INFO - 
--------------------------------------------------------------------------------
[2022-11-17T17:30:13.040+0000] {taskinstance.py:1383} INFO - Executing <Task(BashOperator): SpaceX_data> on 2022-10-28 00:00:00+00:00
[2022-11-17T17:30:13.046+0000] {standard_task_runner.py:55} INFO - Started process 7866 to run task
[2022-11-17T17:30:13.048+0000] {standard_task_runner.py:82} INFO - Running: ['***', 'tasks', 'run', 'MyPersonalAirflowProject', 'SpaceX_data', 'scheduled__2022-10-28T00:00:00+00:00', '--job-id', '2653', '--raw', '--subdir', 'DAGS_FOLDER/FinalPersonalProject.py', '--cfg-path', '/tmp/tmp84tlfydd']
[2022-11-17T17:30:13.049+0000] {standard_task_runner.py:83} INFO - Job 2653: Subtask SpaceX_data
[2022-11-17T17:30:13.116+0000] {task_command.py:376} INFO - Running <TaskInstance: MyPersonalAirflowProject.SpaceX_data scheduled__2022-10-28T00:00:00+00:00 [running]> on host 638485efabe7
[2022-11-17T17:30:13.193+0000] {taskinstance.py:1592} INFO - Exporting the following env vars:
AIRFLOW_CTX_DAG_OWNER=***
AIRFLOW_CTX_DAG_ID=MyPersonalAirflowProject
AIRFLOW_CTX_TASK_ID=SpaceX_data
AIRFLOW_CTX_EXECUTION_DATE=2022-10-28T00:00:00+00:00
AIRFLOW_CTX_TRY_NUMBER=1
AIRFLOW_CTX_DAG_RUN_ID=scheduled__2022-10-28T00:00:00+00:00
[2022-11-17T17:30:13.195+0000] {subprocess.py:63} INFO - Tmp dir root location: 
 /tmp
[2022-11-17T17:30:13.196+0000] {subprocess.py:75} INFO - Running command: ['/bin/bash', '-c', "curl -o /tmp/history.json -L 'https://api.spacexdata.com/v4/history'"]
[2022-11-17T17:30:13.206+0000] {subprocess.py:86} INFO - Output:
[2022-11-17T17:30:13.213+0000] {subprocess.py:93} INFO -   % Total    % Received % Xferd  Average Speed   Time    Time     Time  Current
[2022-11-17T17:30:13.214+0000] {subprocess.py:93} INFO -                                  Dload  Upload   Total   Spent    Left  Speed
[2022-11-17T17:30:13.406+0000] {subprocess.py:93} INFO -   0     0    0     0    0     0      0      0 --:--:-- --:--:-- --:--:--     0  0     0    0     0    0     0      0      0 --:--:-- --:--:-- --:--:--     0100  6756    0  6756    0     0  35187      0 --:--:-- --:--:-- --:--:-- 35005
[2022-11-17T17:30:13.408+0000] {subprocess.py:97} INFO - Command exited with return code 0
[2022-11-17T17:30:13.438+0000] {taskinstance.py:1406} INFO - Marking task as SUCCESS. dag_id=MyPersonalAirflowProject, task_id=SpaceX_data, execution_date=20221028T000000, start_date=20221117T173013, end_date=20221117T173013
[2022-11-17T17:30:13.463+0000] {local_task_job.py:164} INFO - Task exited with return code 0
[2022-11-17T17:30:13.497+0000] {local_task_job.py:273} INFO - 1 downstream tasks scheduled from follow-on schedule check
