[2022-11-16T21:36:36.047+0000] {taskinstance.py:1165} INFO - Dependencies all met for <TaskInstance: MyPersonalAirflowProject.waiting_nasa_confirmation scheduled__2022-11-08T00:00:00+00:00 [queued]>
[2022-11-16T21:36:36.062+0000] {taskinstance.py:1165} INFO - Dependencies all met for <TaskInstance: MyPersonalAirflowProject.waiting_nasa_confirmation scheduled__2022-11-08T00:00:00+00:00 [queued]>
[2022-11-16T21:36:36.063+0000] {taskinstance.py:1362} INFO - 
--------------------------------------------------------------------------------
[2022-11-16T21:36:36.064+0000] {taskinstance.py:1363} INFO - Starting attempt 1 of 1
[2022-11-16T21:36:36.065+0000] {taskinstance.py:1364} INFO - 
--------------------------------------------------------------------------------
[2022-11-16T21:36:36.238+0000] {taskinstance.py:1383} INFO - Executing <Task(FileSensor): waiting_nasa_confirmation> on 2022-11-08 00:00:00+00:00
[2022-11-16T21:36:36.244+0000] {standard_task_runner.py:55} INFO - Started process 3262 to run task
[2022-11-16T21:36:36.247+0000] {standard_task_runner.py:82} INFO - Running: ['***', 'tasks', 'run', 'MyPersonalAirflowProject', 'waiting_nasa_confirmation', 'scheduled__2022-11-08T00:00:00+00:00', '--job-id', '1419', '--raw', '--subdir', 'DAGS_FOLDER/FinalPersonalProject.py', '--cfg-path', '/tmp/tmpbfikw0mn']
[2022-11-16T21:36:36.248+0000] {standard_task_runner.py:83} INFO - Job 1419: Subtask waiting_nasa_confirmation
[2022-11-16T21:36:36.456+0000] {task_command.py:376} INFO - Running <TaskInstance: MyPersonalAirflowProject.waiting_nasa_confirmation scheduled__2022-11-08T00:00:00+00:00 [running]> on host 638485efabe7
[2022-11-16T21:36:36.796+0000] {taskinstance.py:1592} INFO - Exporting the following env vars:
AIRFLOW_CTX_DAG_OWNER=***
AIRFLOW_CTX_DAG_ID=MyPersonalAirflowProject
AIRFLOW_CTX_TASK_ID=waiting_nasa_confirmation
AIRFLOW_CTX_EXECUTION_DATE=2022-11-08T00:00:00+00:00
AIRFLOW_CTX_TRY_NUMBER=1
AIRFLOW_CTX_DAG_RUN_ID=scheduled__2022-11-08T00:00:00+00:00
[2022-11-16T21:36:36.807+0000] {base.py:71} INFO - Using connection ID 'fs_default' for task execution.
[2022-11-16T21:36:36.808+0000] {filesystem.py:58} INFO - Poking for file /tmp/reponse_20221108.txt
[2022-11-16T21:36:36.809+0000] {filesystem.py:63} INFO - Found File /tmp/reponse_20221108.txt last modified: 20221116213632
[2022-11-16T21:36:36.810+0000] {base.py:213} INFO - Success criteria met. Exiting.
[2022-11-16T21:36:36.820+0000] {taskinstance.py:1406} INFO - Marking task as SUCCESS. dag_id=MyPersonalAirflowProject, task_id=waiting_nasa_confirmation, execution_date=20221108T000000, start_date=20221116T213636, end_date=20221116T213636
[2022-11-16T21:36:36.867+0000] {local_task_job.py:164} INFO - Task exited with return code 0
[2022-11-16T21:36:37.051+0000] {local_task_job.py:273} INFO - 1 downstream tasks scheduled from follow-on schedule check
[2022-11-17T16:04:13.548+0000] {taskinstance.py:1165} INFO - Dependencies all met for <TaskInstance: MyPersonalAirflowProject.waiting_nasa_confirmation scheduled__2022-11-08T00:00:00+00:00 [queued]>
[2022-11-17T16:04:13.563+0000] {taskinstance.py:1165} INFO - Dependencies all met for <TaskInstance: MyPersonalAirflowProject.waiting_nasa_confirmation scheduled__2022-11-08T00:00:00+00:00 [queued]>
[2022-11-17T16:04:13.564+0000] {taskinstance.py:1362} INFO - 
--------------------------------------------------------------------------------
[2022-11-17T16:04:13.565+0000] {taskinstance.py:1363} INFO - Starting attempt 1 of 1
[2022-11-17T16:04:13.565+0000] {taskinstance.py:1364} INFO - 
--------------------------------------------------------------------------------
[2022-11-17T16:04:13.589+0000] {taskinstance.py:1383} INFO - Executing <Task(FileSensor): waiting_nasa_confirmation> on 2022-11-08 00:00:00+00:00
[2022-11-17T16:04:13.595+0000] {standard_task_runner.py:55} INFO - Started process 1786 to run task
[2022-11-17T16:04:13.598+0000] {standard_task_runner.py:82} INFO - Running: ['***', 'tasks', 'run', 'MyPersonalAirflowProject', 'waiting_nasa_confirmation', 'scheduled__2022-11-08T00:00:00+00:00', '--job-id', '1971', '--raw', '--subdir', 'DAGS_FOLDER/FinalPersonalProject.py', '--cfg-path', '/tmp/tmppdk83blj']
[2022-11-17T16:04:13.599+0000] {standard_task_runner.py:83} INFO - Job 1971: Subtask waiting_nasa_confirmation
[2022-11-17T16:04:13.716+0000] {task_command.py:376} INFO - Running <TaskInstance: MyPersonalAirflowProject.waiting_nasa_confirmation scheduled__2022-11-08T00:00:00+00:00 [running]> on host 638485efabe7
[2022-11-17T16:04:13.812+0000] {taskinstance.py:1592} INFO - Exporting the following env vars:
AIRFLOW_CTX_DAG_OWNER=***
AIRFLOW_CTX_DAG_ID=MyPersonalAirflowProject
AIRFLOW_CTX_TASK_ID=waiting_nasa_confirmation
AIRFLOW_CTX_EXECUTION_DATE=2022-11-08T00:00:00+00:00
AIRFLOW_CTX_TRY_NUMBER=1
AIRFLOW_CTX_DAG_RUN_ID=scheduled__2022-11-08T00:00:00+00:00
[2022-11-17T16:04:13.822+0000] {base.py:71} INFO - Using connection ID 'fs_default' for task execution.
[2022-11-17T16:04:13.823+0000] {filesystem.py:58} INFO - Poking for file /tmp/reponse_20221108.txt
[2022-11-17T16:04:13.824+0000] {filesystem.py:63} INFO - Found File /tmp/reponse_20221108.txt last modified: 20221117160412
[2022-11-17T16:04:13.825+0000] {base.py:213} INFO - Success criteria met. Exiting.
[2022-11-17T16:04:13.838+0000] {taskinstance.py:1406} INFO - Marking task as SUCCESS. dag_id=MyPersonalAirflowProject, task_id=waiting_nasa_confirmation, execution_date=20221108T000000, start_date=20221117T160413, end_date=20221117T160413
[2022-11-17T16:04:13.891+0000] {local_task_job.py:164} INFO - Task exited with return code 0
[2022-11-17T16:04:13.942+0000] {local_task_job.py:273} INFO - 1 downstream tasks scheduled from follow-on schedule check
[2022-11-17T16:44:42.684+0000] {taskinstance.py:1165} INFO - Dependencies all met for <TaskInstance: MyPersonalAirflowProject.waiting_nasa_confirmation scheduled__2022-11-08T00:00:00+00:00 [queued]>
[2022-11-17T16:44:42.700+0000] {taskinstance.py:1165} INFO - Dependencies all met for <TaskInstance: MyPersonalAirflowProject.waiting_nasa_confirmation scheduled__2022-11-08T00:00:00+00:00 [queued]>
[2022-11-17T16:44:42.700+0000] {taskinstance.py:1362} INFO - 
--------------------------------------------------------------------------------
[2022-11-17T16:44:42.701+0000] {taskinstance.py:1363} INFO - Starting attempt 1 of 1
[2022-11-17T16:44:42.701+0000] {taskinstance.py:1364} INFO - 
--------------------------------------------------------------------------------
[2022-11-17T16:44:42.724+0000] {taskinstance.py:1383} INFO - Executing <Task(FileSensor): waiting_nasa_confirmation> on 2022-11-08 00:00:00+00:00
[2022-11-17T16:44:42.731+0000] {standard_task_runner.py:55} INFO - Started process 4778 to run task
[2022-11-17T16:44:42.736+0000] {standard_task_runner.py:82} INFO - Running: ['***', 'tasks', 'run', 'MyPersonalAirflowProject', 'waiting_nasa_confirmation', 'scheduled__2022-11-08T00:00:00+00:00', '--job-id', '2329', '--raw', '--subdir', 'DAGS_FOLDER/FinalPersonalProject.py', '--cfg-path', '/tmp/tmpf_96ynyg']
[2022-11-17T16:44:42.737+0000] {standard_task_runner.py:83} INFO - Job 2329: Subtask waiting_nasa_confirmation
[2022-11-17T16:44:42.834+0000] {task_command.py:376} INFO - Running <TaskInstance: MyPersonalAirflowProject.waiting_nasa_confirmation scheduled__2022-11-08T00:00:00+00:00 [running]> on host 638485efabe7
[2022-11-17T16:44:42.928+0000] {taskinstance.py:1592} INFO - Exporting the following env vars:
AIRFLOW_CTX_DAG_OWNER=***
AIRFLOW_CTX_DAG_ID=MyPersonalAirflowProject
AIRFLOW_CTX_TASK_ID=waiting_nasa_confirmation
AIRFLOW_CTX_EXECUTION_DATE=2022-11-08T00:00:00+00:00
AIRFLOW_CTX_TRY_NUMBER=1
AIRFLOW_CTX_DAG_RUN_ID=scheduled__2022-11-08T00:00:00+00:00
[2022-11-17T16:44:42.940+0000] {base.py:71} INFO - Using connection ID 'fs_default' for task execution.
[2022-11-17T16:44:42.940+0000] {filesystem.py:58} INFO - Poking for file /tmp/reponse_20221108.txt
[2022-11-17T16:44:42.941+0000] {filesystem.py:63} INFO - Found File /tmp/reponse_20221108.txt last modified: 20221117164441
[2022-11-17T16:44:42.942+0000] {base.py:213} INFO - Success criteria met. Exiting.
[2022-11-17T16:44:42.954+0000] {taskinstance.py:1406} INFO - Marking task as SUCCESS. dag_id=MyPersonalAirflowProject, task_id=waiting_nasa_confirmation, execution_date=20221108T000000, start_date=20221117T164442, end_date=20221117T164442
[2022-11-17T16:44:42.989+0000] {local_task_job.py:164} INFO - Task exited with return code 0
[2022-11-17T16:44:43.042+0000] {local_task_job.py:273} INFO - 1 downstream tasks scheduled from follow-on schedule check
[2022-11-17T17:35:42.847+0000] {taskinstance.py:1165} INFO - Dependencies all met for <TaskInstance: MyPersonalAirflowProject.waiting_nasa_confirmation scheduled__2022-11-08T00:00:00+00:00 [queued]>
[2022-11-17T17:35:42.859+0000] {taskinstance.py:1165} INFO - Dependencies all met for <TaskInstance: MyPersonalAirflowProject.waiting_nasa_confirmation scheduled__2022-11-08T00:00:00+00:00 [queued]>
[2022-11-17T17:35:42.859+0000] {taskinstance.py:1362} INFO - 
--------------------------------------------------------------------------------
[2022-11-17T17:35:42.860+0000] {taskinstance.py:1363} INFO - Starting attempt 1 of 1
[2022-11-17T17:35:42.860+0000] {taskinstance.py:1364} INFO - 
--------------------------------------------------------------------------------
[2022-11-17T17:35:42.876+0000] {taskinstance.py:1383} INFO - Executing <Task(FileSensor): waiting_nasa_confirmation> on 2022-11-08 00:00:00+00:00
[2022-11-17T17:35:42.881+0000] {standard_task_runner.py:55} INFO - Started process 8389 to run task
[2022-11-17T17:35:42.884+0000] {standard_task_runner.py:82} INFO - Running: ['***', 'tasks', 'run', 'MyPersonalAirflowProject', 'waiting_nasa_confirmation', 'scheduled__2022-11-08T00:00:00+00:00', '--job-id', '2739', '--raw', '--subdir', 'DAGS_FOLDER/FinalPersonalProject.py', '--cfg-path', '/tmp/tmp0w3hmscq']
[2022-11-17T17:35:42.885+0000] {standard_task_runner.py:83} INFO - Job 2739: Subtask waiting_nasa_confirmation
[2022-11-17T17:35:42.952+0000] {task_command.py:376} INFO - Running <TaskInstance: MyPersonalAirflowProject.waiting_nasa_confirmation scheduled__2022-11-08T00:00:00+00:00 [running]> on host 638485efabe7
[2022-11-17T17:35:43.029+0000] {taskinstance.py:1592} INFO - Exporting the following env vars:
AIRFLOW_CTX_DAG_OWNER=***
AIRFLOW_CTX_DAG_ID=MyPersonalAirflowProject
AIRFLOW_CTX_TASK_ID=waiting_nasa_confirmation
AIRFLOW_CTX_EXECUTION_DATE=2022-11-08T00:00:00+00:00
AIRFLOW_CTX_TRY_NUMBER=1
AIRFLOW_CTX_DAG_RUN_ID=scheduled__2022-11-08T00:00:00+00:00
[2022-11-17T17:35:43.038+0000] {base.py:71} INFO - Using connection ID 'fs_default' for task execution.
[2022-11-17T17:35:43.039+0000] {filesystem.py:58} INFO - Poking for file /tmp/reponse_20221108.txt
[2022-11-17T17:35:43.040+0000] {filesystem.py:63} INFO - Found File /tmp/reponse_20221108.txt last modified: 20221117173541
[2022-11-17T17:35:43.040+0000] {base.py:213} INFO - Success criteria met. Exiting.
[2022-11-17T17:35:43.050+0000] {taskinstance.py:1406} INFO - Marking task as SUCCESS. dag_id=MyPersonalAirflowProject, task_id=waiting_nasa_confirmation, execution_date=20221108T000000, start_date=20221117T173542, end_date=20221117T173543
[2022-11-17T17:35:43.098+0000] {local_task_job.py:164} INFO - Task exited with return code 0
[2022-11-17T17:35:43.138+0000] {local_task_job.py:273} INFO - 1 downstream tasks scheduled from follow-on schedule check
