[2022-11-16T22:38:55.989+0000] {taskinstance.py:1165} INFO - Dependencies all met for <TaskInstance: MyPersonalAirflowProject.copy_data_to_local scheduled__2022-10-05T00:00:00+00:00 [queued]>
[2022-11-16T22:38:56.004+0000] {taskinstance.py:1165} INFO - Dependencies all met for <TaskInstance: MyPersonalAirflowProject.copy_data_to_local scheduled__2022-10-05T00:00:00+00:00 [queued]>
[2022-11-16T22:38:56.005+0000] {taskinstance.py:1362} INFO - 
--------------------------------------------------------------------------------
[2022-11-16T22:38:56.006+0000] {taskinstance.py:1363} INFO - Starting attempt 3 of 3
[2022-11-16T22:38:56.006+0000] {taskinstance.py:1364} INFO - 
--------------------------------------------------------------------------------
[2022-11-16T22:38:56.024+0000] {taskinstance.py:1383} INFO - Executing <Task(PythonOperator): copy_data_to_local> on 2022-10-05 00:00:00+00:00
[2022-11-16T22:38:56.031+0000] {standard_task_runner.py:55} INFO - Started process 6720 to run task
[2022-11-16T22:38:56.034+0000] {standard_task_runner.py:82} INFO - Running: ['***', 'tasks', 'run', 'MyPersonalAirflowProject', 'copy_data_to_local', 'scheduled__2022-10-05T00:00:00+00:00', '--job-id', '1725', '--raw', '--subdir', 'DAGS_FOLDER/FinalPersonalProject.py', '--cfg-path', '/tmp/tmp9uf9z4ef']
[2022-11-16T22:38:56.035+0000] {standard_task_runner.py:83} INFO - Job 1725: Subtask copy_data_to_local
[2022-11-16T22:38:56.119+0000] {task_command.py:376} INFO - Running <TaskInstance: MyPersonalAirflowProject.copy_data_to_local scheduled__2022-10-05T00:00:00+00:00 [running]> on host 638485efabe7
[2022-11-16T22:38:56.234+0000] {taskinstance.py:1592} INFO - Exporting the following env vars:
AIRFLOW_CTX_DAG_OWNER=***
AIRFLOW_CTX_DAG_ID=MyPersonalAirflowProject
AIRFLOW_CTX_TASK_ID=copy_data_to_local
AIRFLOW_CTX_EXECUTION_DATE=2022-10-05T00:00:00+00:00
AIRFLOW_CTX_TRY_NUMBER=3
AIRFLOW_CTX_DAG_RUN_ID=scheduled__2022-10-05T00:00:00+00:00
[2022-11-16T22:38:57.519+0000] {python.py:177} INFO - Done. Returned value was: None
[2022-11-16T22:38:58.218+0000] {taskinstance.py:1406} INFO - Marking task as SUCCESS. dag_id=MyPersonalAirflowProject, task_id=copy_data_to_local, execution_date=20221005T000000, start_date=20221116T223855, end_date=20221116T223858
[2022-11-16T22:38:58.318+0000] {local_task_job.py:164} INFO - Task exited with return code 0
[2022-11-16T22:39:12.996+0000] {local_task_job.py:273} INFO - 0 downstream tasks scheduled from follow-on schedule check
