[2022-11-15T16:46:44.015+0000] {taskinstance.py:1165} INFO - Dependencies all met for <TaskInstance: 8-templating.task1 scheduled__2022-07-01T00:00:00+00:00 [queued]>
[2022-11-15T16:46:44.054+0000] {taskinstance.py:1165} INFO - Dependencies all met for <TaskInstance: 8-templating.task1 scheduled__2022-07-01T00:00:00+00:00 [queued]>
[2022-11-15T16:46:44.055+0000] {taskinstance.py:1362} INFO - 
--------------------------------------------------------------------------------
[2022-11-15T16:46:44.055+0000] {taskinstance.py:1363} INFO - Starting attempt 1 of 1
[2022-11-15T16:46:44.056+0000] {taskinstance.py:1364} INFO - 
--------------------------------------------------------------------------------
[2022-11-15T16:46:44.098+0000] {taskinstance.py:1383} INFO - Executing <Task(BashOperator): task1> on 2022-07-01 00:00:00+00:00
[2022-11-15T16:46:44.107+0000] {standard_task_runner.py:55} INFO - Started process 1074 to run task
[2022-11-15T16:46:44.111+0000] {standard_task_runner.py:82} INFO - Running: ['***', 'tasks', 'run', '8-templating', 'task1', 'scheduled__2022-07-01T00:00:00+00:00', '--job-id', '1064', '--raw', '--subdir', 'DAGS_FOLDER/8-templating.py', '--cfg-path', '/tmp/tmpitqgh7gb']
[2022-11-15T16:46:44.112+0000] {standard_task_runner.py:83} INFO - Job 1064: Subtask task1
[2022-11-15T16:46:44.207+0000] {task_command.py:376} INFO - Running <TaskInstance: 8-templating.task1 scheduled__2022-07-01T00:00:00+00:00 [running]> on host 638485efabe7
[2022-11-15T16:46:44.291+0000] {abstractoperator.py:421} ERROR - Exception rendering Jinja template for task 'task1', field 'bash_command'. Template: '"\n{% for file in filenames %}\n    echo "{{ ds }}"\n    echo "{{ file }}"\n{%end for%}\n'
Traceback (most recent call last):
  File "/home/airflow/.local/lib/python3.7/site-packages/airflow/models/abstractoperator.py", line 414, in _do_render_template_fields
    seen_oids,
  File "/home/airflow/.local/lib/python3.7/site-packages/airflow/models/abstractoperator.py", line 470, in render_template
    template = jinja_env.from_string(value)
  File "/home/airflow/.local/lib/python3.7/site-packages/jinja2/environment.py", line 1105, in from_string
    return cls.from_code(self, self.compile(source), gs, None)
  File "/home/airflow/.local/lib/python3.7/site-packages/jinja2/environment.py", line 768, in compile
    self.handle_exception(source=source_hint)
  File "/home/airflow/.local/lib/python3.7/site-packages/jinja2/environment.py", line 936, in handle_exception
    raise rewrite_traceback_stack(source=source)
  File "<unknown>", line 5, in template
jinja2.exceptions.TemplateSyntaxError: Encountered unknown tag 'end'. Jinja was looking for the following tags: 'endfor' or 'else'. The innermost block that needs to be closed is 'for'.
[2022-11-15T16:46:44.317+0000] {taskinstance.py:1851} ERROR - Task failed with exception
Traceback (most recent call last):
  File "/home/airflow/.local/lib/python3.7/site-packages/airflow/models/taskinstance.py", line 1457, in _run_raw_task
    self._execute_task_with_callbacks(context, test_mode)
  File "/home/airflow/.local/lib/python3.7/site-packages/airflow/models/taskinstance.py", line 1576, in _execute_task_with_callbacks
    task_orig = self.render_templates(context=context)
  File "/home/airflow/.local/lib/python3.7/site-packages/airflow/models/taskinstance.py", line 2199, in render_templates
    original_task.render_template_fields(context)
  File "/home/airflow/.local/lib/python3.7/site-packages/airflow/models/baseoperator.py", line 1193, in render_template_fields
    self._do_render_template_fields(self, self.template_fields, context, jinja_env, set())
  File "/home/airflow/.local/lib/python3.7/site-packages/airflow/utils/session.py", line 75, in wrapper
    return func(*args, session=session, **kwargs)
  File "/home/airflow/.local/lib/python3.7/site-packages/airflow/models/abstractoperator.py", line 414, in _do_render_template_fields
    seen_oids,
  File "/home/airflow/.local/lib/python3.7/site-packages/airflow/models/abstractoperator.py", line 470, in render_template
    template = jinja_env.from_string(value)
  File "/home/airflow/.local/lib/python3.7/site-packages/jinja2/environment.py", line 1105, in from_string
    return cls.from_code(self, self.compile(source), gs, None)
  File "/home/airflow/.local/lib/python3.7/site-packages/jinja2/environment.py", line 768, in compile
    self.handle_exception(source=source_hint)
  File "/home/airflow/.local/lib/python3.7/site-packages/jinja2/environment.py", line 936, in handle_exception
    raise rewrite_traceback_stack(source=source)
  File "<unknown>", line 5, in template
jinja2.exceptions.TemplateSyntaxError: Encountered unknown tag 'end'. Jinja was looking for the following tags: 'endfor' or 'else'. The innermost block that needs to be closed is 'for'.
[2022-11-15T16:46:44.341+0000] {taskinstance.py:1406} INFO - Marking task as FAILED. dag_id=8-templating, task_id=task1, execution_date=20220701T000000, start_date=20221115T164644, end_date=20221115T164644
[2022-11-15T16:46:44.375+0000] {standard_task_runner.py:105} ERROR - Failed to execute job 1064 for task task1 (Encountered unknown tag 'end'. Jinja was looking for the following tags: 'endfor' or 'else'. The innermost block that needs to be closed is 'for'.; 1074)
[2022-11-15T16:46:44.420+0000] {local_task_job.py:164} INFO - Task exited with return code 1
[2022-11-15T16:46:44.451+0000] {local_task_job.py:273} INFO - 0 downstream tasks scheduled from follow-on schedule check
