[2022-11-15T17:01:53.962+0000] {taskinstance.py:1165} INFO - Dependencies all met for <TaskInstance: 8-templating.task1 scheduled__2022-07-01T00:00:00+00:00 [queued]>
[2022-11-15T17:01:53.975+0000] {taskinstance.py:1165} INFO - Dependencies all met for <TaskInstance: 8-templating.task1 scheduled__2022-07-01T00:00:00+00:00 [queued]>
[2022-11-15T17:01:53.975+0000] {taskinstance.py:1362} INFO - 
--------------------------------------------------------------------------------
[2022-11-15T17:01:53.976+0000] {taskinstance.py:1363} INFO - Starting attempt 6 of 6
[2022-11-15T17:01:53.977+0000] {taskinstance.py:1364} INFO - 
--------------------------------------------------------------------------------
[2022-11-15T17:01:53.999+0000] {taskinstance.py:1383} INFO - Executing <Task(BashOperator): task1> on 2022-07-01 00:00:00+00:00
[2022-11-15T17:01:54.005+0000] {standard_task_runner.py:55} INFO - Started process 1764 to run task
[2022-11-15T17:01:54.008+0000] {standard_task_runner.py:82} INFO - Running: ['***', 'tasks', 'run', '8-templating', 'task1', 'scheduled__2022-07-01T00:00:00+00:00', '--job-id', '1069', '--raw', '--subdir', 'DAGS_FOLDER/8-templating.py', '--cfg-path', '/tmp/tmph59w5c71']
[2022-11-15T17:01:54.010+0000] {standard_task_runner.py:83} INFO - Job 1069: Subtask task1
[2022-11-15T17:01:54.145+0000] {task_command.py:376} INFO - Running <TaskInstance: 8-templating.task1 scheduled__2022-07-01T00:00:00+00:00 [running]> on host 638485efabe7
[2022-11-15T17:01:54.257+0000] {taskinstance.py:1592} INFO - Exporting the following env vars:
AIRFLOW_CTX_DAG_OWNER=***
AIRFLOW_CTX_DAG_ID=8-templating
AIRFLOW_CTX_TASK_ID=task1
AIRFLOW_CTX_EXECUTION_DATE=2022-07-01T00:00:00+00:00
AIRFLOW_CTX_TRY_NUMBER=6
AIRFLOW_CTX_DAG_RUN_ID=scheduled__2022-07-01T00:00:00+00:00
[2022-11-15T17:01:54.259+0000] {subprocess.py:63} INFO - Tmp dir root location: 
 /tmp
[2022-11-15T17:01:54.260+0000] {subprocess.py:75} INFO - Running command: ['/bin/bash', '-c', '\n\n    echo "2022-07-01"\n    echo "file1.txt"\n\n    echo "2022-07-01"\n    echo "file2.txt"\n']
[2022-11-15T17:01:54.273+0000] {subprocess.py:86} INFO - Output:
[2022-11-15T17:01:54.276+0000] {subprocess.py:93} INFO - 2022-07-01
[2022-11-15T17:01:54.277+0000] {subprocess.py:93} INFO - file1.txt
[2022-11-15T17:01:54.277+0000] {subprocess.py:93} INFO - 2022-07-01
[2022-11-15T17:01:54.278+0000] {subprocess.py:93} INFO - file2.txt
[2022-11-15T17:01:54.279+0000] {subprocess.py:97} INFO - Command exited with return code 0
[2022-11-15T17:01:54.334+0000] {taskinstance.py:1406} INFO - Marking task as SUCCESS. dag_id=8-templating, task_id=task1, execution_date=20220701T000000, start_date=20221115T170153, end_date=20221115T170154
[2022-11-15T17:01:54.381+0000] {local_task_job.py:164} INFO - Task exited with return code 0
[2022-11-15T17:01:54.407+0000] {local_task_job.py:273} INFO - 0 downstream tasks scheduled from follow-on schedule check
