[2022-11-15T17:00:35.757+0000] {taskinstance.py:1165} INFO - Dependencies all met for <TaskInstance: 8-templating.task1 scheduled__2022-07-01T00:00:00+00:00 [queued]>
[2022-11-15T17:00:35.771+0000] {taskinstance.py:1165} INFO - Dependencies all met for <TaskInstance: 8-templating.task1 scheduled__2022-07-01T00:00:00+00:00 [queued]>
[2022-11-15T17:00:35.772+0000] {taskinstance.py:1362} INFO - 
--------------------------------------------------------------------------------
[2022-11-15T17:00:35.773+0000] {taskinstance.py:1363} INFO - Starting attempt 5 of 5
[2022-11-15T17:00:35.774+0000] {taskinstance.py:1364} INFO - 
--------------------------------------------------------------------------------
[2022-11-15T17:00:35.792+0000] {taskinstance.py:1383} INFO - Executing <Task(BashOperator): task1> on 2022-07-01 00:00:00+00:00
[2022-11-15T17:00:35.798+0000] {standard_task_runner.py:55} INFO - Started process 1698 to run task
[2022-11-15T17:00:35.802+0000] {standard_task_runner.py:82} INFO - Running: ['***', 'tasks', 'run', '8-templating', 'task1', 'scheduled__2022-07-01T00:00:00+00:00', '--job-id', '1068', '--raw', '--subdir', 'DAGS_FOLDER/8-templating.py', '--cfg-path', '/tmp/tmp2ld35kji']
[2022-11-15T17:00:35.803+0000] {standard_task_runner.py:83} INFO - Job 1068: Subtask task1
[2022-11-15T17:00:35.868+0000] {task_command.py:376} INFO - Running <TaskInstance: 8-templating.task1 scheduled__2022-07-01T00:00:00+00:00 [running]> on host 638485efabe7
[2022-11-15T17:00:36.035+0000] {taskinstance.py:1592} INFO - Exporting the following env vars:
AIRFLOW_CTX_DAG_OWNER=***
AIRFLOW_CTX_DAG_ID=8-templating
AIRFLOW_CTX_TASK_ID=task1
AIRFLOW_CTX_EXECUTION_DATE=2022-07-01T00:00:00+00:00
AIRFLOW_CTX_TRY_NUMBER=5
AIRFLOW_CTX_DAG_RUN_ID=scheduled__2022-07-01T00:00:00+00:00
[2022-11-15T17:00:36.050+0000] {subprocess.py:63} INFO - Tmp dir root location: 
 /tmp
[2022-11-15T17:00:36.058+0000] {subprocess.py:75} INFO - Running command: ['/bin/bash', '-c', '"\n\n    echo "2022-07-01"\n    echo "file1.txt"\n\n    echo "2022-07-01"\n    echo "file2.txt"\n']
[2022-11-15T17:00:36.082+0000] {subprocess.py:86} INFO - Output:
[2022-11-15T17:00:36.099+0000] {subprocess.py:93} INFO - /bin/bash: -c: line 7: unexpected EOF while looking for matching `"'
[2022-11-15T17:00:36.100+0000] {subprocess.py:93} INFO - /bin/bash: -c: line 8: syntax error: unexpected end of file
[2022-11-15T17:00:36.102+0000] {subprocess.py:97} INFO - Command exited with return code 2
[2022-11-15T17:00:36.124+0000] {taskinstance.py:1851} ERROR - Task failed with exception
Traceback (most recent call last):
  File "/home/airflow/.local/lib/python3.7/site-packages/airflow/operators/bash.py", line 197, in execute
    f'Bash command failed. The command returned a non-zero exit code {result.exit_code}.'
airflow.exceptions.AirflowException: Bash command failed. The command returned a non-zero exit code 2.
[2022-11-15T17:00:36.129+0000] {taskinstance.py:1406} INFO - Marking task as FAILED. dag_id=8-templating, task_id=task1, execution_date=20220701T000000, start_date=20221115T170035, end_date=20221115T170036
[2022-11-15T17:00:36.145+0000] {standard_task_runner.py:105} ERROR - Failed to execute job 1068 for task task1 (Bash command failed. The command returned a non-zero exit code 2.; 1698)
[2022-11-15T17:00:36.175+0000] {local_task_job.py:164} INFO - Task exited with return code 1
[2022-11-15T17:00:36.195+0000] {local_task_job.py:273} INFO - 0 downstream tasks scheduled from follow-on schedule check
