[2022-11-16T22:39:42.562+0000] {taskinstance.py:1165} INFO - Dependencies all met for <TaskInstance: MyPersonalAirflowProject.SpaceX_data scheduled__2022-10-06T00:00:00+00:00 [queued]>
[2022-11-16T22:39:42.579+0000] {taskinstance.py:1165} INFO - Dependencies all met for <TaskInstance: MyPersonalAirflowProject.SpaceX_data scheduled__2022-10-06T00:00:00+00:00 [queued]>
[2022-11-16T22:39:42.579+0000] {taskinstance.py:1362} INFO - 
--------------------------------------------------------------------------------
[2022-11-16T22:39:42.581+0000] {taskinstance.py:1363} INFO - Starting attempt 2 of 2
[2022-11-16T22:39:42.581+0000] {taskinstance.py:1364} INFO - 
--------------------------------------------------------------------------------
[2022-11-16T22:39:42.603+0000] {taskinstance.py:1383} INFO - Executing <Task(BashOperator): SpaceX_data> on 2022-10-06 00:00:00+00:00
[2022-11-16T22:39:42.610+0000] {standard_task_runner.py:55} INFO - Started process 6754 to run task
[2022-11-16T22:39:42.613+0000] {standard_task_runner.py:82} INFO - Running: ['***', 'tasks', 'run', 'MyPersonalAirflowProject', 'SpaceX_data', 'scheduled__2022-10-06T00:00:00+00:00', '--job-id', '1730', '--raw', '--subdir', 'DAGS_FOLDER/FinalPersonalProject.py', '--cfg-path', '/tmp/tmp3c94xglh']
[2022-11-16T22:39:42.614+0000] {standard_task_runner.py:83} INFO - Job 1730: Subtask SpaceX_data
[2022-11-16T22:39:42.692+0000] {task_command.py:376} INFO - Running <TaskInstance: MyPersonalAirflowProject.SpaceX_data scheduled__2022-10-06T00:00:00+00:00 [running]> on host 638485efabe7
[2022-11-16T22:39:42.789+0000] {taskinstance.py:1592} INFO - Exporting the following env vars:
AIRFLOW_CTX_DAG_OWNER=***
AIRFLOW_CTX_DAG_ID=MyPersonalAirflowProject
AIRFLOW_CTX_TASK_ID=SpaceX_data
AIRFLOW_CTX_EXECUTION_DATE=2022-10-06T00:00:00+00:00
AIRFLOW_CTX_TRY_NUMBER=2
AIRFLOW_CTX_DAG_RUN_ID=scheduled__2022-10-06T00:00:00+00:00
[2022-11-16T22:39:42.791+0000] {subprocess.py:63} INFO - Tmp dir root location: 
 /tmp
[2022-11-16T22:39:42.793+0000] {subprocess.py:75} INFO - Running command: ['/bin/bash', '-c', "curl -o /tmp/history.json -L 'https://api.spacexdata.com/v4/history'"]
[2022-11-16T22:39:42.816+0000] {subprocess.py:86} INFO - Output:
[2022-11-16T22:39:42.888+0000] {subprocess.py:93} INFO -   % Total    % Received % Xferd  Average Speed   Time    Time     Time  Current
[2022-11-16T22:39:42.889+0000] {subprocess.py:93} INFO -                                  Dload  Upload   Total   Spent    Left  Speed
[2022-11-16T22:39:43.616+0000] {subprocess.py:93} INFO -   0     0    0     0    0     0      0      0 --:--:-- --:--:-- --:--:--     0  0     0    0     0    0     0      0      0 --:--:-- --:--:-- --:--:--     0100  6756    0  6756    0     0   9292      0 --:--:-- --:--:-- --:--:--  9280
[2022-11-16T22:39:43.619+0000] {subprocess.py:97} INFO - Command exited with return code 0
[2022-11-16T22:39:43.663+0000] {taskinstance.py:1406} INFO - Marking task as SUCCESS. dag_id=MyPersonalAirflowProject, task_id=SpaceX_data, execution_date=20221006T000000, start_date=20221116T223942, end_date=20221116T223943
[2022-11-16T22:39:43.753+0000] {local_task_job.py:164} INFO - Task exited with return code 0
[2022-11-16T22:39:43.794+0000] {local_task_job.py:273} INFO - 1 downstream tasks scheduled from follow-on schedule check
