[2022-11-16T22:13:14.088+0000] {taskinstance.py:1165} INFO - Dependencies all met for <TaskInstance: MyPersonalAirflowProject.SpaceX_data scheduled__2022-10-06T00:00:00+00:00 [queued]>
[2022-11-16T22:13:14.100+0000] {taskinstance.py:1165} INFO - Dependencies all met for <TaskInstance: MyPersonalAirflowProject.SpaceX_data scheduled__2022-10-06T00:00:00+00:00 [queued]>
[2022-11-16T22:13:14.101+0000] {taskinstance.py:1362} INFO - 
--------------------------------------------------------------------------------
[2022-11-16T22:13:14.102+0000] {taskinstance.py:1363} INFO - Starting attempt 1 of 1
[2022-11-16T22:13:14.103+0000] {taskinstance.py:1364} INFO - 
--------------------------------------------------------------------------------
[2022-11-16T22:13:14.121+0000] {taskinstance.py:1383} INFO - Executing <Task(BashOperator): SpaceX_data> on 2022-10-06 00:00:00+00:00
[2022-11-16T22:13:14.127+0000] {standard_task_runner.py:55} INFO - Started process 4928 to run task
[2022-11-16T22:13:14.130+0000] {standard_task_runner.py:82} INFO - Running: ['***', 'tasks', 'run', 'MyPersonalAirflowProject', 'SpaceX_data', 'scheduled__2022-10-06T00:00:00+00:00', '--job-id', '1473', '--raw', '--subdir', 'DAGS_FOLDER/FinalPersonalProject.py', '--cfg-path', '/tmp/tmp9ner1je2']
[2022-11-16T22:13:14.132+0000] {standard_task_runner.py:83} INFO - Job 1473: Subtask SpaceX_data
[2022-11-16T22:13:14.203+0000] {task_command.py:376} INFO - Running <TaskInstance: MyPersonalAirflowProject.SpaceX_data scheduled__2022-10-06T00:00:00+00:00 [running]> on host 638485efabe7
[2022-11-16T22:13:14.287+0000] {taskinstance.py:1592} INFO - Exporting the following env vars:
AIRFLOW_CTX_DAG_OWNER=***
AIRFLOW_CTX_DAG_ID=MyPersonalAirflowProject
AIRFLOW_CTX_TASK_ID=SpaceX_data
AIRFLOW_CTX_EXECUTION_DATE=2022-10-06T00:00:00+00:00
AIRFLOW_CTX_TRY_NUMBER=1
AIRFLOW_CTX_DAG_RUN_ID=scheduled__2022-10-06T00:00:00+00:00
[2022-11-16T22:13:14.289+0000] {subprocess.py:63} INFO - Tmp dir root location: 
 /tmp
[2022-11-16T22:13:14.290+0000] {subprocess.py:75} INFO - Running command: ['/bin/bash', '-c', "curl -o /tmp/history.json -L 'https://api.spacexdata.com/v4/history'"]
[2022-11-16T22:13:14.301+0000] {subprocess.py:86} INFO - Output:
[2022-11-16T22:13:14.309+0000] {subprocess.py:93} INFO -   % Total    % Received % Xferd  Average Speed   Time    Time     Time  Current
[2022-11-16T22:13:14.310+0000] {subprocess.py:93} INFO -                                  Dload  Upload   Total   Spent    Left  Speed
[2022-11-16T22:13:14.588+0000] {subprocess.py:93} INFO -   0     0    0     0    0     0      0      0 --:--:-- --:--:-- --:--:--     0100  6756    0  6756    0     0  24302      0 --:--:-- --:--:-- --:--:-- 24302
[2022-11-16T22:13:14.591+0000] {subprocess.py:97} INFO - Command exited with return code 0
[2022-11-16T22:13:14.625+0000] {taskinstance.py:1406} INFO - Marking task as SUCCESS. dag_id=MyPersonalAirflowProject, task_id=SpaceX_data, execution_date=20221006T000000, start_date=20221116T221314, end_date=20221116T221314
[2022-11-16T22:13:14.651+0000] {local_task_job.py:164} INFO - Task exited with return code 0
[2022-11-16T22:13:14.687+0000] {local_task_job.py:273} INFO - 1 downstream tasks scheduled from follow-on schedule check
[2022-11-17T16:26:57.969+0000] {taskinstance.py:1165} INFO - Dependencies all met for <TaskInstance: MyPersonalAirflowProject.SpaceX_data scheduled__2022-10-06T00:00:00+00:00 [queued]>
[2022-11-17T16:26:58.052+0000] {taskinstance.py:1165} INFO - Dependencies all met for <TaskInstance: MyPersonalAirflowProject.SpaceX_data scheduled__2022-10-06T00:00:00+00:00 [queued]>
[2022-11-17T16:26:58.053+0000] {taskinstance.py:1362} INFO - 
--------------------------------------------------------------------------------
[2022-11-17T16:26:58.054+0000] {taskinstance.py:1363} INFO - Starting attempt 1 of 1
[2022-11-17T16:26:58.055+0000] {taskinstance.py:1364} INFO - 
--------------------------------------------------------------------------------
[2022-11-17T16:26:58.074+0000] {taskinstance.py:1383} INFO - Executing <Task(BashOperator): SpaceX_data> on 2022-10-06 00:00:00+00:00
[2022-11-17T16:26:58.079+0000] {standard_task_runner.py:55} INFO - Started process 3148 to run task
[2022-11-17T16:26:58.082+0000] {standard_task_runner.py:82} INFO - Running: ['***', 'tasks', 'run', 'MyPersonalAirflowProject', 'SpaceX_data', 'scheduled__2022-10-06T00:00:00+00:00', '--job-id', '2067', '--raw', '--subdir', 'DAGS_FOLDER/FinalPersonalProject.py', '--cfg-path', '/tmp/tmpkw1ce_ic']
[2022-11-17T16:26:58.083+0000] {standard_task_runner.py:83} INFO - Job 2067: Subtask SpaceX_data
[2022-11-17T16:26:58.150+0000] {task_command.py:376} INFO - Running <TaskInstance: MyPersonalAirflowProject.SpaceX_data scheduled__2022-10-06T00:00:00+00:00 [running]> on host 638485efabe7
[2022-11-17T16:26:58.295+0000] {taskinstance.py:1592} INFO - Exporting the following env vars:
AIRFLOW_CTX_DAG_OWNER=***
AIRFLOW_CTX_DAG_ID=MyPersonalAirflowProject
AIRFLOW_CTX_TASK_ID=SpaceX_data
AIRFLOW_CTX_EXECUTION_DATE=2022-10-06T00:00:00+00:00
AIRFLOW_CTX_TRY_NUMBER=1
AIRFLOW_CTX_DAG_RUN_ID=scheduled__2022-10-06T00:00:00+00:00
[2022-11-17T16:26:58.297+0000] {subprocess.py:63} INFO - Tmp dir root location: 
 /tmp
[2022-11-17T16:26:58.298+0000] {subprocess.py:75} INFO - Running command: ['/bin/bash', '-c', "curl -o /tmp/history.json -L 'https://api.spacexdata.com/v4/history'"]
[2022-11-17T16:26:58.308+0000] {subprocess.py:86} INFO - Output:
[2022-11-17T16:26:58.314+0000] {subprocess.py:93} INFO -   % Total    % Received % Xferd  Average Speed   Time    Time     Time  Current
[2022-11-17T16:26:58.315+0000] {subprocess.py:93} INFO -                                  Dload  Upload   Total   Spent    Left  Speed
[2022-11-17T16:26:58.536+0000] {subprocess.py:93} INFO -   0     0    0     0    0     0      0      0 --:--:-- --:--:-- --:--:--     0100  6756    0  6756    0     0  30570      0 --:--:-- --:--:-- --:--:-- 30570
[2022-11-17T16:26:58.538+0000] {subprocess.py:97} INFO - Command exited with return code 0
[2022-11-17T16:26:58.567+0000] {taskinstance.py:1406} INFO - Marking task as SUCCESS. dag_id=MyPersonalAirflowProject, task_id=SpaceX_data, execution_date=20221006T000000, start_date=20221117T162658, end_date=20221117T162658
[2022-11-17T16:26:58.617+0000] {local_task_job.py:164} INFO - Task exited with return code 0
[2022-11-17T16:26:58.653+0000] {local_task_job.py:273} INFO - 1 downstream tasks scheduled from follow-on schedule check
[2022-11-17T17:19:05.161+0000] {taskinstance.py:1165} INFO - Dependencies all met for <TaskInstance: MyPersonalAirflowProject.SpaceX_data scheduled__2022-10-06T00:00:00+00:00 [queued]>
[2022-11-17T17:19:05.252+0000] {taskinstance.py:1165} INFO - Dependencies all met for <TaskInstance: MyPersonalAirflowProject.SpaceX_data scheduled__2022-10-06T00:00:00+00:00 [queued]>
[2022-11-17T17:19:05.253+0000] {taskinstance.py:1362} INFO - 
--------------------------------------------------------------------------------
[2022-11-17T17:19:05.254+0000] {taskinstance.py:1363} INFO - Starting attempt 1 of 1
[2022-11-17T17:19:05.254+0000] {taskinstance.py:1364} INFO - 
--------------------------------------------------------------------------------
[2022-11-17T17:19:05.271+0000] {taskinstance.py:1383} INFO - Executing <Task(BashOperator): SpaceX_data> on 2022-10-06 00:00:00+00:00
[2022-11-17T17:19:05.277+0000] {standard_task_runner.py:55} INFO - Started process 6790 to run task
[2022-11-17T17:19:05.279+0000] {standard_task_runner.py:82} INFO - Running: ['***', 'tasks', 'run', 'MyPersonalAirflowProject', 'SpaceX_data', 'scheduled__2022-10-06T00:00:00+00:00', '--job-id', '2477', '--raw', '--subdir', 'DAGS_FOLDER/FinalPersonalProject.py', '--cfg-path', '/tmp/tmpse_9wzp1']
[2022-11-17T17:19:05.280+0000] {standard_task_runner.py:83} INFO - Job 2477: Subtask SpaceX_data
[2022-11-17T17:19:05.352+0000] {task_command.py:376} INFO - Running <TaskInstance: MyPersonalAirflowProject.SpaceX_data scheduled__2022-10-06T00:00:00+00:00 [running]> on host 638485efabe7
[2022-11-17T17:19:05.431+0000] {taskinstance.py:1592} INFO - Exporting the following env vars:
AIRFLOW_CTX_DAG_OWNER=***
AIRFLOW_CTX_DAG_ID=MyPersonalAirflowProject
AIRFLOW_CTX_TASK_ID=SpaceX_data
AIRFLOW_CTX_EXECUTION_DATE=2022-10-06T00:00:00+00:00
AIRFLOW_CTX_TRY_NUMBER=1
AIRFLOW_CTX_DAG_RUN_ID=scheduled__2022-10-06T00:00:00+00:00
[2022-11-17T17:19:05.508+0000] {subprocess.py:63} INFO - Tmp dir root location: 
 /tmp
[2022-11-17T17:19:05.509+0000] {subprocess.py:75} INFO - Running command: ['/bin/bash', '-c', "curl -o /tmp/history.json -L 'https://api.spacexdata.com/v4/history'"]
[2022-11-17T17:19:05.520+0000] {subprocess.py:86} INFO - Output:
[2022-11-17T17:19:05.527+0000] {subprocess.py:93} INFO -   % Total    % Received % Xferd  Average Speed   Time    Time     Time  Current
[2022-11-17T17:19:05.528+0000] {subprocess.py:93} INFO -                                  Dload  Upload   Total   Spent    Left  Speed
[2022-11-17T17:19:05.819+0000] {subprocess.py:93} INFO -   0     0    0     0    0     0      0      0 --:--:-- --:--:-- --:--:--     0100  6756    0  6756    0     0  23216      0 --:--:-- --:--:-- --:--:-- 23216
[2022-11-17T17:19:05.821+0000] {subprocess.py:97} INFO - Command exited with return code 0
[2022-11-17T17:19:05.849+0000] {taskinstance.py:1406} INFO - Marking task as SUCCESS. dag_id=MyPersonalAirflowProject, task_id=SpaceX_data, execution_date=20221006T000000, start_date=20221117T171905, end_date=20221117T171905
[2022-11-17T17:19:05.895+0000] {local_task_job.py:164} INFO - Task exited with return code 0
[2022-11-17T17:19:05.943+0000] {local_task_job.py:273} INFO - 1 downstream tasks scheduled from follow-on schedule check
