[2022-11-04T21:33:58.524+0000] {taskinstance.py:1165} INFO - Dependencies all met for <TaskInstance: orquestation.task4 scheduled__2022-05-31T00:00:00+00:00 [queued]>
[2022-11-04T21:33:58.549+0000] {taskinstance.py:1165} INFO - Dependencies all met for <TaskInstance: orquestation.task4 scheduled__2022-05-31T00:00:00+00:00 [queued]>
[2022-11-04T21:33:58.550+0000] {taskinstance.py:1362} INFO - 
--------------------------------------------------------------------------------
[2022-11-04T21:33:58.550+0000] {taskinstance.py:1363} INFO - Starting attempt 1 of 1
[2022-11-04T21:33:58.552+0000] {taskinstance.py:1364} INFO - 
--------------------------------------------------------------------------------
[2022-11-04T21:33:58.574+0000] {taskinstance.py:1383} INFO - Executing <Task(BashOperator): task4> on 2022-05-31 00:00:00+00:00
[2022-11-04T21:33:58.582+0000] {standard_task_runner.py:55} INFO - Started process 1220 to run task
[2022-11-04T21:33:58.587+0000] {standard_task_runner.py:82} INFO - Running: ['***', 'tasks', 'run', 'orquestation', 'task4', 'scheduled__2022-05-31T00:00:00+00:00', '--job-id', '233', '--raw', '--subdir', 'DAGS_FOLDER/5.1-orquestacion.py', '--cfg-path', '/tmp/tmpctrznkuc']
[2022-11-04T21:33:58.588+0000] {standard_task_runner.py:83} INFO - Job 233: Subtask task4
[2022-11-04T21:33:58.679+0000] {task_command.py:376} INFO - Running <TaskInstance: orquestation.task4 scheduled__2022-05-31T00:00:00+00:00 [running]> on host 643e334f405f
[2022-11-04T21:33:58.790+0000] {taskinstance.py:1592} INFO - Exporting the following env vars:
AIRFLOW_CTX_DAG_OWNER=***
AIRFLOW_CTX_DAG_ID=orquestation
AIRFLOW_CTX_TASK_ID=task4
AIRFLOW_CTX_EXECUTION_DATE=2022-05-31T00:00:00+00:00
AIRFLOW_CTX_TRY_NUMBER=1
AIRFLOW_CTX_DAG_RUN_ID=scheduled__2022-05-31T00:00:00+00:00
[2022-11-04T21:33:58.793+0000] {subprocess.py:63} INFO - Tmp dir root location: 
 /tmp
[2022-11-04T21:33:58.795+0000] {subprocess.py:75} INFO - Running command: ['/bin/bash', '-c', "sleep 2 && echo 'task4'"]
[2022-11-04T21:33:58.814+0000] {subprocess.py:86} INFO - Output:
[2022-11-04T21:34:00.828+0000] {subprocess.py:93} INFO - task4
[2022-11-04T21:34:00.829+0000] {subprocess.py:97} INFO - Command exited with return code 0
[2022-11-04T21:34:00.868+0000] {taskinstance.py:1406} INFO - Marking task as SUCCESS. dag_id=orquestation, task_id=task4, execution_date=20220531T000000, start_date=20221104T213358, end_date=20221104T213400
[2022-11-04T21:34:00.927+0000] {local_task_job.py:164} INFO - Task exited with return code 0
[2022-11-04T21:34:00.956+0000] {local_task_job.py:273} INFO - 0 downstream tasks scheduled from follow-on schedule check
[2022-11-04T21:45:37.069+0000] {taskinstance.py:1165} INFO - Dependencies all met for <TaskInstance: orquestation.task4 scheduled__2022-05-31T00:00:00+00:00 [queued]>
[2022-11-04T21:45:37.092+0000] {taskinstance.py:1165} INFO - Dependencies all met for <TaskInstance: orquestation.task4 scheduled__2022-05-31T00:00:00+00:00 [queued]>
[2022-11-04T21:45:37.092+0000] {taskinstance.py:1362} INFO - 
--------------------------------------------------------------------------------
[2022-11-04T21:45:37.093+0000] {taskinstance.py:1363} INFO - Starting attempt 1 of 1
[2022-11-04T21:45:37.094+0000] {taskinstance.py:1364} INFO - 
--------------------------------------------------------------------------------
[2022-11-04T21:45:37.114+0000] {taskinstance.py:1383} INFO - Executing <Task(BashOperator): task4> on 2022-05-31 00:00:00+00:00
[2022-11-04T21:45:37.122+0000] {standard_task_runner.py:55} INFO - Started process 2338 to run task
[2022-11-04T21:45:37.125+0000] {standard_task_runner.py:82} INFO - Running: ['***', 'tasks', 'run', 'orquestation', 'task4', 'scheduled__2022-05-31T00:00:00+00:00', '--job-id', '377', '--raw', '--subdir', 'DAGS_FOLDER/5.1-orquestacion.py', '--cfg-path', '/tmp/tmp0j_km62p']
[2022-11-04T21:45:37.126+0000] {standard_task_runner.py:83} INFO - Job 377: Subtask task4
[2022-11-04T21:45:37.204+0000] {task_command.py:376} INFO - Running <TaskInstance: orquestation.task4 scheduled__2022-05-31T00:00:00+00:00 [running]> on host 643e334f405f
[2022-11-04T21:45:37.299+0000] {taskinstance.py:1592} INFO - Exporting the following env vars:
AIRFLOW_CTX_DAG_OWNER=***
AIRFLOW_CTX_DAG_ID=orquestation
AIRFLOW_CTX_TASK_ID=task4
AIRFLOW_CTX_EXECUTION_DATE=2022-05-31T00:00:00+00:00
AIRFLOW_CTX_TRY_NUMBER=1
AIRFLOW_CTX_DAG_RUN_ID=scheduled__2022-05-31T00:00:00+00:00
[2022-11-04T21:45:37.301+0000] {subprocess.py:63} INFO - Tmp dir root location: 
 /tmp
[2022-11-04T21:45:37.303+0000] {subprocess.py:75} INFO - Running command: ['/bin/bash', '-c', "sleep 2 && echo 'task4'"]
[2022-11-04T21:45:37.329+0000] {subprocess.py:86} INFO - Output:
[2022-11-04T21:45:39.334+0000] {subprocess.py:93} INFO - task4
[2022-11-04T21:45:39.335+0000] {subprocess.py:97} INFO - Command exited with return code 0
[2022-11-04T21:45:39.363+0000] {taskinstance.py:1406} INFO - Marking task as SUCCESS. dag_id=orquestation, task_id=task4, execution_date=20220531T000000, start_date=20221104T214537, end_date=20221104T214539
[2022-11-04T21:45:39.424+0000] {local_task_job.py:164} INFO - Task exited with return code 0
[2022-11-04T21:45:39.446+0000] {local_task_job.py:273} INFO - 0 downstream tasks scheduled from follow-on schedule check
