[2022-11-16T22:10:38.172+0000] {taskinstance.py:1165} INFO - Dependencies all met for <TaskInstance: MyPersonalAirflowProject.copy_data_to_local scheduled__2022-10-01T00:00:00+00:00 [queued]>
[2022-11-16T22:10:38.188+0000] {taskinstance.py:1165} INFO - Dependencies all met for <TaskInstance: MyPersonalAirflowProject.copy_data_to_local scheduled__2022-10-01T00:00:00+00:00 [queued]>
[2022-11-16T22:10:38.189+0000] {taskinstance.py:1362} INFO - 
--------------------------------------------------------------------------------
[2022-11-16T22:10:38.190+0000] {taskinstance.py:1363} INFO - Starting attempt 1 of 1
[2022-11-16T22:10:38.191+0000] {taskinstance.py:1364} INFO - 
--------------------------------------------------------------------------------
[2022-11-16T22:10:38.214+0000] {taskinstance.py:1383} INFO - Executing <Task(PythonOperator): copy_data_to_local> on 2022-10-01 00:00:00+00:00
[2022-11-16T22:10:38.222+0000] {standard_task_runner.py:55} INFO - Started process 4715 to run task
[2022-11-16T22:10:38.225+0000] {standard_task_runner.py:82} INFO - Running: ['***', 'tasks', 'run', 'MyPersonalAirflowProject', 'copy_data_to_local', 'scheduled__2022-10-01T00:00:00+00:00', '--job-id', '1444', '--raw', '--subdir', 'DAGS_FOLDER/FinalPersonalProject.py', '--cfg-path', '/tmp/tmpjl9dc80v']
[2022-11-16T22:10:38.226+0000] {standard_task_runner.py:83} INFO - Job 1444: Subtask copy_data_to_local
[2022-11-16T22:10:38.300+0000] {task_command.py:376} INFO - Running <TaskInstance: MyPersonalAirflowProject.copy_data_to_local scheduled__2022-10-01T00:00:00+00:00 [running]> on host 638485efabe7
[2022-11-16T22:10:38.387+0000] {taskinstance.py:1592} INFO - Exporting the following env vars:
AIRFLOW_CTX_DAG_OWNER=***
AIRFLOW_CTX_DAG_ID=MyPersonalAirflowProject
AIRFLOW_CTX_TASK_ID=copy_data_to_local
AIRFLOW_CTX_EXECUTION_DATE=2022-10-01T00:00:00+00:00
AIRFLOW_CTX_TRY_NUMBER=1
AIRFLOW_CTX_DAG_RUN_ID=scheduled__2022-10-01T00:00:00+00:00
[2022-11-16T22:10:41.176+0000] {python.py:177} INFO - Done. Returned value was: None
[2022-11-16T22:10:41.216+0000] {taskinstance.py:1406} INFO - Marking task as SUCCESS. dag_id=MyPersonalAirflowProject, task_id=copy_data_to_local, execution_date=20221001T000000, start_date=20221116T221038, end_date=20221116T221041
[2022-11-16T22:10:41.288+0000] {local_task_job.py:164} INFO - Task exited with return code 0
[2022-11-16T22:10:41.321+0000] {local_task_job.py:273} INFO - 1 downstream tasks scheduled from follow-on schedule check
[2022-11-17T16:24:26.995+0000] {taskinstance.py:1165} INFO - Dependencies all met for <TaskInstance: MyPersonalAirflowProject.copy_data_to_local scheduled__2022-10-01T00:00:00+00:00 [queued]>
[2022-11-17T16:24:27.013+0000] {taskinstance.py:1165} INFO - Dependencies all met for <TaskInstance: MyPersonalAirflowProject.copy_data_to_local scheduled__2022-10-01T00:00:00+00:00 [queued]>
[2022-11-17T16:24:27.014+0000] {taskinstance.py:1362} INFO - 
--------------------------------------------------------------------------------
[2022-11-17T16:24:27.015+0000] {taskinstance.py:1363} INFO - Starting attempt 1 of 1
[2022-11-17T16:24:27.015+0000] {taskinstance.py:1364} INFO - 
--------------------------------------------------------------------------------
[2022-11-17T16:24:27.034+0000] {taskinstance.py:1383} INFO - Executing <Task(PythonOperator): copy_data_to_local> on 2022-10-01 00:00:00+00:00
[2022-11-17T16:24:27.040+0000] {standard_task_runner.py:55} INFO - Started process 2910 to run task
[2022-11-17T16:24:27.043+0000] {standard_task_runner.py:82} INFO - Running: ['***', 'tasks', 'run', 'MyPersonalAirflowProject', 'copy_data_to_local', 'scheduled__2022-10-01T00:00:00+00:00', '--job-id', '2028', '--raw', '--subdir', 'DAGS_FOLDER/FinalPersonalProject.py', '--cfg-path', '/tmp/tmpwdtfia4u']
[2022-11-17T16:24:27.044+0000] {standard_task_runner.py:83} INFO - Job 2028: Subtask copy_data_to_local
[2022-11-17T16:24:27.113+0000] {task_command.py:376} INFO - Running <TaskInstance: MyPersonalAirflowProject.copy_data_to_local scheduled__2022-10-01T00:00:00+00:00 [running]> on host 638485efabe7
[2022-11-17T16:24:27.206+0000] {taskinstance.py:1592} INFO - Exporting the following env vars:
AIRFLOW_CTX_DAG_OWNER=***
AIRFLOW_CTX_DAG_ID=MyPersonalAirflowProject
AIRFLOW_CTX_TASK_ID=copy_data_to_local
AIRFLOW_CTX_EXECUTION_DATE=2022-10-01T00:00:00+00:00
AIRFLOW_CTX_TRY_NUMBER=1
AIRFLOW_CTX_DAG_RUN_ID=scheduled__2022-10-01T00:00:00+00:00
[2022-11-17T16:24:28.031+0000] {python.py:177} INFO - Done. Returned value was: None
[2022-11-17T16:24:28.043+0000] {taskinstance.py:1406} INFO - Marking task as SUCCESS. dag_id=MyPersonalAirflowProject, task_id=copy_data_to_local, execution_date=20221001T000000, start_date=20221117T162426, end_date=20221117T162428
[2022-11-17T16:24:28.101+0000] {local_task_job.py:164} INFO - Task exited with return code 0
[2022-11-17T16:24:28.134+0000] {local_task_job.py:273} INFO - 1 downstream tasks scheduled from follow-on schedule check
[2022-11-17T17:16:35.285+0000] {taskinstance.py:1165} INFO - Dependencies all met for <TaskInstance: MyPersonalAirflowProject.copy_data_to_local scheduled__2022-10-01T00:00:00+00:00 [queued]>
[2022-11-17T17:16:35.299+0000] {taskinstance.py:1165} INFO - Dependencies all met for <TaskInstance: MyPersonalAirflowProject.copy_data_to_local scheduled__2022-10-01T00:00:00+00:00 [queued]>
[2022-11-17T17:16:35.300+0000] {taskinstance.py:1362} INFO - 
--------------------------------------------------------------------------------
[2022-11-17T17:16:35.300+0000] {taskinstance.py:1363} INFO - Starting attempt 1 of 1
[2022-11-17T17:16:35.300+0000] {taskinstance.py:1364} INFO - 
--------------------------------------------------------------------------------
[2022-11-17T17:16:35.318+0000] {taskinstance.py:1383} INFO - Executing <Task(PythonOperator): copy_data_to_local> on 2022-10-01 00:00:00+00:00
[2022-11-17T17:16:35.323+0000] {standard_task_runner.py:55} INFO - Started process 6551 to run task
[2022-11-17T17:16:35.326+0000] {standard_task_runner.py:82} INFO - Running: ['***', 'tasks', 'run', 'MyPersonalAirflowProject', 'copy_data_to_local', 'scheduled__2022-10-01T00:00:00+00:00', '--job-id', '2438', '--raw', '--subdir', 'DAGS_FOLDER/FinalPersonalProject.py', '--cfg-path', '/tmp/tmp1enzcprs']
[2022-11-17T17:16:35.326+0000] {standard_task_runner.py:83} INFO - Job 2438: Subtask copy_data_to_local
[2022-11-17T17:16:35.389+0000] {task_command.py:376} INFO - Running <TaskInstance: MyPersonalAirflowProject.copy_data_to_local scheduled__2022-10-01T00:00:00+00:00 [running]> on host 638485efabe7
[2022-11-17T17:16:35.463+0000] {taskinstance.py:1592} INFO - Exporting the following env vars:
AIRFLOW_CTX_DAG_OWNER=***
AIRFLOW_CTX_DAG_ID=MyPersonalAirflowProject
AIRFLOW_CTX_TASK_ID=copy_data_to_local
AIRFLOW_CTX_EXECUTION_DATE=2022-10-01T00:00:00+00:00
AIRFLOW_CTX_TRY_NUMBER=1
AIRFLOW_CTX_DAG_RUN_ID=scheduled__2022-10-01T00:00:00+00:00
[2022-11-17T17:16:36.038+0000] {python.py:177} INFO - Done. Returned value was: None
[2022-11-17T17:16:36.053+0000] {taskinstance.py:1406} INFO - Marking task as SUCCESS. dag_id=MyPersonalAirflowProject, task_id=copy_data_to_local, execution_date=20221001T000000, start_date=20221117T171635, end_date=20221117T171636
[2022-11-17T17:16:36.101+0000] {local_task_job.py:164} INFO - Task exited with return code 0
[2022-11-17T17:16:36.156+0000] {local_task_job.py:273} INFO - 0 downstream tasks scheduled from follow-on schedule check
