[2022-11-16T22:27:36.256+0000] {taskinstance.py:1165} INFO - Dependencies all met for <TaskInstance: MyPersonalAirflowProject.copy_data_to_local scheduled__2022-10-29T00:00:00+00:00 [queued]>
[2022-11-16T22:27:36.268+0000] {taskinstance.py:1165} INFO - Dependencies all met for <TaskInstance: MyPersonalAirflowProject.copy_data_to_local scheduled__2022-10-29T00:00:00+00:00 [queued]>
[2022-11-16T22:27:36.268+0000] {taskinstance.py:1362} INFO - 
--------------------------------------------------------------------------------
[2022-11-16T22:27:36.369+0000] {taskinstance.py:1363} INFO - Starting attempt 1 of 1
[2022-11-16T22:27:36.370+0000] {taskinstance.py:1364} INFO - 
--------------------------------------------------------------------------------
[2022-11-16T22:27:36.609+0000] {taskinstance.py:1383} INFO - Executing <Task(PythonOperator): copy_data_to_local> on 2022-10-29 00:00:00+00:00
[2022-11-16T22:27:36.617+0000] {standard_task_runner.py:55} INFO - Started process 5914 to run task
[2022-11-16T22:27:36.620+0000] {standard_task_runner.py:82} INFO - Running: ['***', 'tasks', 'run', 'MyPersonalAirflowProject', 'copy_data_to_local', 'scheduled__2022-10-29T00:00:00+00:00', '--job-id', '1612', '--raw', '--subdir', 'DAGS_FOLDER/FinalPersonalProject.py', '--cfg-path', '/tmp/tmpl0jidn76']
[2022-11-16T22:27:36.621+0000] {standard_task_runner.py:83} INFO - Job 1612: Subtask copy_data_to_local
[2022-11-16T22:27:36.990+0000] {task_command.py:376} INFO - Running <TaskInstance: MyPersonalAirflowProject.copy_data_to_local scheduled__2022-10-29T00:00:00+00:00 [running]> on host 638485efabe7
[2022-11-16T22:27:39.778+0000] {taskinstance.py:1592} INFO - Exporting the following env vars:
AIRFLOW_CTX_DAG_OWNER=***
AIRFLOW_CTX_DAG_ID=MyPersonalAirflowProject
AIRFLOW_CTX_TASK_ID=copy_data_to_local
AIRFLOW_CTX_EXECUTION_DATE=2022-10-29T00:00:00+00:00
AIRFLOW_CTX_TRY_NUMBER=1
AIRFLOW_CTX_DAG_RUN_ID=scheduled__2022-10-29T00:00:00+00:00
[2022-11-16T22:27:47.218+0000] {python.py:177} INFO - Done. Returned value was: None
[2022-11-16T22:27:47.246+0000] {taskinstance.py:1406} INFO - Marking task as SUCCESS. dag_id=MyPersonalAirflowProject, task_id=copy_data_to_local, execution_date=20221029T000000, start_date=20221116T222736, end_date=20221116T222747
[2022-11-16T22:27:47.320+0000] {local_task_job.py:164} INFO - Task exited with return code 0
[2022-11-16T22:27:47.346+0000] {local_task_job.py:273} INFO - 1 downstream tasks scheduled from follow-on schedule check
[2022-11-17T16:39:36.517+0000] {taskinstance.py:1165} INFO - Dependencies all met for <TaskInstance: MyPersonalAirflowProject.copy_data_to_local scheduled__2022-10-29T00:00:00+00:00 [queued]>
[2022-11-17T16:39:36.533+0000] {taskinstance.py:1165} INFO - Dependencies all met for <TaskInstance: MyPersonalAirflowProject.copy_data_to_local scheduled__2022-10-29T00:00:00+00:00 [queued]>
[2022-11-17T16:39:36.534+0000] {taskinstance.py:1362} INFO - 
--------------------------------------------------------------------------------
[2022-11-17T16:39:36.534+0000] {taskinstance.py:1363} INFO - Starting attempt 1 of 1
[2022-11-17T16:39:36.535+0000] {taskinstance.py:1364} INFO - 
--------------------------------------------------------------------------------
[2022-11-17T16:39:36.555+0000] {taskinstance.py:1383} INFO - Executing <Task(PythonOperator): copy_data_to_local> on 2022-10-29 00:00:00+00:00
[2022-11-17T16:39:36.562+0000] {standard_task_runner.py:55} INFO - Started process 4300 to run task
[2022-11-17T16:39:36.565+0000] {standard_task_runner.py:82} INFO - Running: ['***', 'tasks', 'run', 'MyPersonalAirflowProject', 'copy_data_to_local', 'scheduled__2022-10-29T00:00:00+00:00', '--job-id', '2252', '--raw', '--subdir', 'DAGS_FOLDER/FinalPersonalProject.py', '--cfg-path', '/tmp/tmpegzt7zqs']
[2022-11-17T16:39:36.566+0000] {standard_task_runner.py:83} INFO - Job 2252: Subtask copy_data_to_local
[2022-11-17T16:39:36.639+0000] {task_command.py:376} INFO - Running <TaskInstance: MyPersonalAirflowProject.copy_data_to_local scheduled__2022-10-29T00:00:00+00:00 [running]> on host 638485efabe7
[2022-11-17T16:39:36.774+0000] {taskinstance.py:1592} INFO - Exporting the following env vars:
AIRFLOW_CTX_DAG_OWNER=***
AIRFLOW_CTX_DAG_ID=MyPersonalAirflowProject
AIRFLOW_CTX_TASK_ID=copy_data_to_local
AIRFLOW_CTX_EXECUTION_DATE=2022-10-29T00:00:00+00:00
AIRFLOW_CTX_TRY_NUMBER=1
AIRFLOW_CTX_DAG_RUN_ID=scheduled__2022-10-29T00:00:00+00:00
[2022-11-17T16:39:37.025+0000] {python.py:177} INFO - Done. Returned value was: None
[2022-11-17T16:39:37.036+0000] {taskinstance.py:1406} INFO - Marking task as SUCCESS. dag_id=MyPersonalAirflowProject, task_id=copy_data_to_local, execution_date=20221029T000000, start_date=20221117T163936, end_date=20221117T163937
[2022-11-17T16:39:37.060+0000] {local_task_job.py:164} INFO - Task exited with return code 0
[2022-11-17T16:39:37.095+0000] {local_task_job.py:273} INFO - 1 downstream tasks scheduled from follow-on schedule check
[2022-11-17T17:30:43.250+0000] {taskinstance.py:1165} INFO - Dependencies all met for <TaskInstance: MyPersonalAirflowProject.copy_data_to_local scheduled__2022-10-29T00:00:00+00:00 [queued]>
[2022-11-17T17:30:43.263+0000] {taskinstance.py:1165} INFO - Dependencies all met for <TaskInstance: MyPersonalAirflowProject.copy_data_to_local scheduled__2022-10-29T00:00:00+00:00 [queued]>
[2022-11-17T17:30:43.263+0000] {taskinstance.py:1362} INFO - 
--------------------------------------------------------------------------------
[2022-11-17T17:30:43.264+0000] {taskinstance.py:1363} INFO - Starting attempt 1 of 1
[2022-11-17T17:30:43.264+0000] {taskinstance.py:1364} INFO - 
--------------------------------------------------------------------------------
[2022-11-17T17:30:43.290+0000] {taskinstance.py:1383} INFO - Executing <Task(PythonOperator): copy_data_to_local> on 2022-10-29 00:00:00+00:00
[2022-11-17T17:30:43.295+0000] {standard_task_runner.py:55} INFO - Started process 7913 to run task
[2022-11-17T17:30:43.298+0000] {standard_task_runner.py:82} INFO - Running: ['***', 'tasks', 'run', 'MyPersonalAirflowProject', 'copy_data_to_local', 'scheduled__2022-10-29T00:00:00+00:00', '--job-id', '2662', '--raw', '--subdir', 'DAGS_FOLDER/FinalPersonalProject.py', '--cfg-path', '/tmp/tmp8nivs23u']
[2022-11-17T17:30:43.299+0000] {standard_task_runner.py:83} INFO - Job 2662: Subtask copy_data_to_local
[2022-11-17T17:30:43.366+0000] {task_command.py:376} INFO - Running <TaskInstance: MyPersonalAirflowProject.copy_data_to_local scheduled__2022-10-29T00:00:00+00:00 [running]> on host 638485efabe7
[2022-11-17T17:30:43.442+0000] {taskinstance.py:1592} INFO - Exporting the following env vars:
AIRFLOW_CTX_DAG_OWNER=***
AIRFLOW_CTX_DAG_ID=MyPersonalAirflowProject
AIRFLOW_CTX_TASK_ID=copy_data_to_local
AIRFLOW_CTX_EXECUTION_DATE=2022-10-29T00:00:00+00:00
AIRFLOW_CTX_TRY_NUMBER=1
AIRFLOW_CTX_DAG_RUN_ID=scheduled__2022-10-29T00:00:00+00:00
[2022-11-17T17:30:43.651+0000] {python.py:177} INFO - Done. Returned value was: None
[2022-11-17T17:30:43.662+0000] {taskinstance.py:1406} INFO - Marking task as SUCCESS. dag_id=MyPersonalAirflowProject, task_id=copy_data_to_local, execution_date=20221029T000000, start_date=20221117T173043, end_date=20221117T173043
[2022-11-17T17:30:43.712+0000] {local_task_job.py:164} INFO - Task exited with return code 0
[2022-11-17T17:30:43.745+0000] {local_task_job.py:273} INFO - 1 downstream tasks scheduled from follow-on schedule check
