[2022-11-16T20:38:27.140+0000] {taskinstance.py:1165} INFO - Dependencies all met for <TaskInstance: 10-branching.branch scheduled__2022-07-30T00:00:00+00:00 [queued]>
[2022-11-16T20:38:27.165+0000] {taskinstance.py:1165} INFO - Dependencies all met for <TaskInstance: 10-branching.branch scheduled__2022-07-30T00:00:00+00:00 [queued]>
[2022-11-16T20:38:27.166+0000] {taskinstance.py:1362} INFO - 
--------------------------------------------------------------------------------
[2022-11-16T20:38:27.167+0000] {taskinstance.py:1363} INFO - Starting attempt 1 of 1
[2022-11-16T20:38:27.168+0000] {taskinstance.py:1364} INFO - 
--------------------------------------------------------------------------------
[2022-11-16T20:38:27.196+0000] {taskinstance.py:1383} INFO - Executing <Task(BranchPythonOperator): branch> on 2022-07-30 00:00:00+00:00
[2022-11-16T20:38:27.204+0000] {standard_task_runner.py:55} INFO - Started process 226 to run task
[2022-11-16T20:38:27.208+0000] {standard_task_runner.py:82} INFO - Running: ['***', 'tasks', 'run', '10-branching', 'branch', 'scheduled__2022-07-30T00:00:00+00:00', '--job-id', '1271', '--raw', '--subdir', 'DAGS_FOLDER/10-branchpythonoperator.py', '--cfg-path', '/tmp/tmpmu9zfoax']
[2022-11-16T20:38:27.209+0000] {standard_task_runner.py:83} INFO - Job 1271: Subtask branch
[2022-11-16T20:38:27.294+0000] {task_command.py:376} INFO - Running <TaskInstance: 10-branching.branch scheduled__2022-07-30T00:00:00+00:00 [running]> on host 638485efabe7
[2022-11-16T20:38:27.414+0000] {taskinstance.py:1592} INFO - Exporting the following env vars:
AIRFLOW_CTX_DAG_OWNER=***
AIRFLOW_CTX_DAG_ID=10-branching
AIRFLOW_CTX_TASK_ID=branch
AIRFLOW_CTX_EXECUTION_DATE=2022-07-30T00:00:00+00:00
AIRFLOW_CTX_TRY_NUMBER=1
AIRFLOW_CTX_DAG_RUN_ID=scheduled__2022-07-30T00:00:00+00:00
[2022-11-16T20:38:27.416+0000] {python.py:177} INFO - Done. Returned value was: start_15_june
[2022-11-16T20:38:27.416+0000] {skipmixin.py:155} INFO - Following branch start_15_june
[2022-11-16T20:38:27.417+0000] {skipmixin.py:190} INFO - Skipping tasks ['finish_14_june']
[2022-11-16T20:38:27.489+0000] {taskinstance.py:1406} INFO - Marking task as SUCCESS. dag_id=10-branching, task_id=branch, execution_date=20220730T000000, start_date=20221116T203827, end_date=20221116T203827
[2022-11-16T20:38:27.565+0000] {local_task_job.py:164} INFO - Task exited with return code 0
[2022-11-16T20:38:27.610+0000] {local_task_job.py:273} INFO - 0 downstream tasks scheduled from follow-on schedule check
