[2022-11-16T21:32:28.302+0000] {taskinstance.py:1165} INFO - Dependencies all met for <TaskInstance: MyPersonalAirflowProject.waiting_nasa_confirmation scheduled__2022-10-30T00:00:00+00:00 [queued]>
[2022-11-16T21:32:28.316+0000] {taskinstance.py:1165} INFO - Dependencies all met for <TaskInstance: MyPersonalAirflowProject.waiting_nasa_confirmation scheduled__2022-10-30T00:00:00+00:00 [queued]>
[2022-11-16T21:32:28.316+0000] {taskinstance.py:1362} INFO - 
--------------------------------------------------------------------------------
[2022-11-16T21:32:28.317+0000] {taskinstance.py:1363} INFO - Starting attempt 1 of 1
[2022-11-16T21:32:28.318+0000] {taskinstance.py:1364} INFO - 
--------------------------------------------------------------------------------
[2022-11-16T21:32:28.336+0000] {taskinstance.py:1383} INFO - Executing <Task(FileSensor): waiting_nasa_confirmation> on 2022-10-30 00:00:00+00:00
[2022-11-16T21:32:28.343+0000] {standard_task_runner.py:55} INFO - Started process 3010 to run task
[2022-11-16T21:32:28.346+0000] {standard_task_runner.py:82} INFO - Running: ['***', 'tasks', 'run', 'MyPersonalAirflowProject', 'waiting_nasa_confirmation', 'scheduled__2022-10-30T00:00:00+00:00', '--job-id', '1392', '--raw', '--subdir', 'DAGS_FOLDER/FinalPersonalProject.py', '--cfg-path', '/tmp/tmp1pr4hdao']
[2022-11-16T21:32:28.346+0000] {standard_task_runner.py:83} INFO - Job 1392: Subtask waiting_nasa_confirmation
[2022-11-16T21:32:28.419+0000] {task_command.py:376} INFO - Running <TaskInstance: MyPersonalAirflowProject.waiting_nasa_confirmation scheduled__2022-10-30T00:00:00+00:00 [running]> on host 638485efabe7
[2022-11-16T21:32:28.505+0000] {taskinstance.py:1592} INFO - Exporting the following env vars:
AIRFLOW_CTX_DAG_OWNER=***
AIRFLOW_CTX_DAG_ID=MyPersonalAirflowProject
AIRFLOW_CTX_TASK_ID=waiting_nasa_confirmation
AIRFLOW_CTX_EXECUTION_DATE=2022-10-30T00:00:00+00:00
AIRFLOW_CTX_TRY_NUMBER=1
AIRFLOW_CTX_DAG_RUN_ID=scheduled__2022-10-30T00:00:00+00:00
[2022-11-16T21:32:28.518+0000] {base.py:71} INFO - Using connection ID 'fs_default' for task execution.
[2022-11-16T21:32:28.518+0000] {filesystem.py:58} INFO - Poking for file /tmp/reponse_20221030.txt
[2022-11-16T21:32:28.519+0000] {filesystem.py:63} INFO - Found File /tmp/reponse_20221030.txt last modified: 20221116213226
[2022-11-16T21:32:28.520+0000] {base.py:213} INFO - Success criteria met. Exiting.
[2022-11-16T21:32:28.534+0000] {taskinstance.py:1406} INFO - Marking task as SUCCESS. dag_id=MyPersonalAirflowProject, task_id=waiting_nasa_confirmation, execution_date=20221030T000000, start_date=20221116T213228, end_date=20221116T213228
[2022-11-16T21:32:28.556+0000] {local_task_job.py:164} INFO - Task exited with return code 0
[2022-11-16T21:32:28.591+0000] {local_task_job.py:273} INFO - 1 downstream tasks scheduled from follow-on schedule check
[2022-11-16T22:28:22.568+0000] {taskinstance.py:1165} INFO - Dependencies all met for <TaskInstance: MyPersonalAirflowProject.waiting_nasa_confirmation scheduled__2022-10-30T00:00:00+00:00 [queued]>
[2022-11-16T22:28:22.588+0000] {taskinstance.py:1165} INFO - Dependencies all met for <TaskInstance: MyPersonalAirflowProject.waiting_nasa_confirmation scheduled__2022-10-30T00:00:00+00:00 [queued]>
[2022-11-16T22:28:22.589+0000] {taskinstance.py:1362} INFO - 
--------------------------------------------------------------------------------
[2022-11-16T22:28:22.590+0000] {taskinstance.py:1363} INFO - Starting attempt 1 of 1
[2022-11-16T22:28:22.590+0000] {taskinstance.py:1364} INFO - 
--------------------------------------------------------------------------------
[2022-11-16T22:28:22.616+0000] {taskinstance.py:1383} INFO - Executing <Task(FileSensor): waiting_nasa_confirmation> on 2022-10-30 00:00:00+00:00
[2022-11-16T22:28:22.625+0000] {standard_task_runner.py:55} INFO - Started process 5953 to run task
[2022-11-16T22:28:22.628+0000] {standard_task_runner.py:82} INFO - Running: ['***', 'tasks', 'run', 'MyPersonalAirflowProject', 'waiting_nasa_confirmation', 'scheduled__2022-10-30T00:00:00+00:00', '--job-id', '1615', '--raw', '--subdir', 'DAGS_FOLDER/FinalPersonalProject.py', '--cfg-path', '/tmp/tmpb4jjent4']
[2022-11-16T22:28:22.630+0000] {standard_task_runner.py:83} INFO - Job 1615: Subtask waiting_nasa_confirmation
[2022-11-16T22:28:22.719+0000] {task_command.py:376} INFO - Running <TaskInstance: MyPersonalAirflowProject.waiting_nasa_confirmation scheduled__2022-10-30T00:00:00+00:00 [running]> on host 638485efabe7
[2022-11-16T22:28:22.838+0000] {taskinstance.py:1592} INFO - Exporting the following env vars:
AIRFLOW_CTX_DAG_OWNER=***
AIRFLOW_CTX_DAG_ID=MyPersonalAirflowProject
AIRFLOW_CTX_TASK_ID=waiting_nasa_confirmation
AIRFLOW_CTX_EXECUTION_DATE=2022-10-30T00:00:00+00:00
AIRFLOW_CTX_TRY_NUMBER=1
AIRFLOW_CTX_DAG_RUN_ID=scheduled__2022-10-30T00:00:00+00:00
[2022-11-16T22:28:22.858+0000] {base.py:71} INFO - Using connection ID 'fs_default' for task execution.
[2022-11-16T22:28:22.859+0000] {filesystem.py:58} INFO - Poking for file /tmp/reponse_20221030.txt
[2022-11-16T22:28:22.860+0000] {filesystem.py:63} INFO - Found File /tmp/reponse_20221030.txt last modified: 20221116222814
[2022-11-16T22:28:22.860+0000] {base.py:213} INFO - Success criteria met. Exiting.
[2022-11-16T22:28:22.874+0000] {taskinstance.py:1406} INFO - Marking task as SUCCESS. dag_id=MyPersonalAirflowProject, task_id=waiting_nasa_confirmation, execution_date=20221030T000000, start_date=20221116T222822, end_date=20221116T222822
[2022-11-16T22:28:22.974+0000] {local_task_job.py:164} INFO - Task exited with return code 0
[2022-11-16T22:28:23.044+0000] {local_task_job.py:273} INFO - 1 downstream tasks scheduled from follow-on schedule check
[2022-11-17T16:40:02.657+0000] {taskinstance.py:1165} INFO - Dependencies all met for <TaskInstance: MyPersonalAirflowProject.waiting_nasa_confirmation scheduled__2022-10-30T00:00:00+00:00 [queued]>
[2022-11-17T16:40:02.672+0000] {taskinstance.py:1165} INFO - Dependencies all met for <TaskInstance: MyPersonalAirflowProject.waiting_nasa_confirmation scheduled__2022-10-30T00:00:00+00:00 [queued]>
[2022-11-17T16:40:02.672+0000] {taskinstance.py:1362} INFO - 
--------------------------------------------------------------------------------
[2022-11-17T16:40:02.673+0000] {taskinstance.py:1363} INFO - Starting attempt 1 of 1
[2022-11-17T16:40:02.673+0000] {taskinstance.py:1364} INFO - 
--------------------------------------------------------------------------------
[2022-11-17T16:40:02.695+0000] {taskinstance.py:1383} INFO - Executing <Task(FileSensor): waiting_nasa_confirmation> on 2022-10-30 00:00:00+00:00
[2022-11-17T16:40:02.702+0000] {standard_task_runner.py:55} INFO - Started process 4334 to run task
[2022-11-17T16:40:02.705+0000] {standard_task_runner.py:82} INFO - Running: ['***', 'tasks', 'run', 'MyPersonalAirflowProject', 'waiting_nasa_confirmation', 'scheduled__2022-10-30T00:00:00+00:00', '--job-id', '2257', '--raw', '--subdir', 'DAGS_FOLDER/FinalPersonalProject.py', '--cfg-path', '/tmp/tmp2nfds3u3']
[2022-11-17T16:40:02.705+0000] {standard_task_runner.py:83} INFO - Job 2257: Subtask waiting_nasa_confirmation
[2022-11-17T16:40:02.786+0000] {task_command.py:376} INFO - Running <TaskInstance: MyPersonalAirflowProject.waiting_nasa_confirmation scheduled__2022-10-30T00:00:00+00:00 [running]> on host 638485efabe7
[2022-11-17T16:40:02.873+0000] {taskinstance.py:1592} INFO - Exporting the following env vars:
AIRFLOW_CTX_DAG_OWNER=***
AIRFLOW_CTX_DAG_ID=MyPersonalAirflowProject
AIRFLOW_CTX_TASK_ID=waiting_nasa_confirmation
AIRFLOW_CTX_EXECUTION_DATE=2022-10-30T00:00:00+00:00
AIRFLOW_CTX_TRY_NUMBER=1
AIRFLOW_CTX_DAG_RUN_ID=scheduled__2022-10-30T00:00:00+00:00
[2022-11-17T16:40:02.884+0000] {base.py:71} INFO - Using connection ID 'fs_default' for task execution.
[2022-11-17T16:40:02.885+0000] {filesystem.py:58} INFO - Poking for file /tmp/reponse_20221030.txt
[2022-11-17T16:40:02.886+0000] {filesystem.py:63} INFO - Found File /tmp/reponse_20221030.txt last modified: 20221117164002
[2022-11-17T16:40:02.886+0000] {base.py:213} INFO - Success criteria met. Exiting.
[2022-11-17T16:40:02.897+0000] {taskinstance.py:1406} INFO - Marking task as SUCCESS. dag_id=MyPersonalAirflowProject, task_id=waiting_nasa_confirmation, execution_date=20221030T000000, start_date=20221117T164002, end_date=20221117T164002
[2022-11-17T16:40:02.958+0000] {local_task_job.py:164} INFO - Task exited with return code 0
[2022-11-17T16:40:03.013+0000] {local_task_job.py:273} INFO - 1 downstream tasks scheduled from follow-on schedule check
[2022-11-17T17:31:09.069+0000] {taskinstance.py:1165} INFO - Dependencies all met for <TaskInstance: MyPersonalAirflowProject.waiting_nasa_confirmation scheduled__2022-10-30T00:00:00+00:00 [queued]>
[2022-11-17T17:31:09.098+0000] {taskinstance.py:1165} INFO - Dependencies all met for <TaskInstance: MyPersonalAirflowProject.waiting_nasa_confirmation scheduled__2022-10-30T00:00:00+00:00 [queued]>
[2022-11-17T17:31:09.099+0000] {taskinstance.py:1362} INFO - 
--------------------------------------------------------------------------------
[2022-11-17T17:31:09.100+0000] {taskinstance.py:1363} INFO - Starting attempt 1 of 1
[2022-11-17T17:31:09.100+0000] {taskinstance.py:1364} INFO - 
--------------------------------------------------------------------------------
[2022-11-17T17:31:09.117+0000] {taskinstance.py:1383} INFO - Executing <Task(FileSensor): waiting_nasa_confirmation> on 2022-10-30 00:00:00+00:00
[2022-11-17T17:31:09.123+0000] {standard_task_runner.py:55} INFO - Started process 7956 to run task
[2022-11-17T17:31:09.126+0000] {standard_task_runner.py:82} INFO - Running: ['***', 'tasks', 'run', 'MyPersonalAirflowProject', 'waiting_nasa_confirmation', 'scheduled__2022-10-30T00:00:00+00:00', '--job-id', '2667', '--raw', '--subdir', 'DAGS_FOLDER/FinalPersonalProject.py', '--cfg-path', '/tmp/tmpo716xrxl']
[2022-11-17T17:31:09.126+0000] {standard_task_runner.py:83} INFO - Job 2667: Subtask waiting_nasa_confirmation
[2022-11-17T17:31:09.199+0000] {task_command.py:376} INFO - Running <TaskInstance: MyPersonalAirflowProject.waiting_nasa_confirmation scheduled__2022-10-30T00:00:00+00:00 [running]> on host 638485efabe7
[2022-11-17T17:31:09.280+0000] {taskinstance.py:1592} INFO - Exporting the following env vars:
AIRFLOW_CTX_DAG_OWNER=***
AIRFLOW_CTX_DAG_ID=MyPersonalAirflowProject
AIRFLOW_CTX_TASK_ID=waiting_nasa_confirmation
AIRFLOW_CTX_EXECUTION_DATE=2022-10-30T00:00:00+00:00
AIRFLOW_CTX_TRY_NUMBER=1
AIRFLOW_CTX_DAG_RUN_ID=scheduled__2022-10-30T00:00:00+00:00
[2022-11-17T17:31:09.289+0000] {base.py:71} INFO - Using connection ID 'fs_default' for task execution.
[2022-11-17T17:31:09.290+0000] {filesystem.py:58} INFO - Poking for file /tmp/reponse_20221030.txt
[2022-11-17T17:31:09.291+0000] {filesystem.py:63} INFO - Found File /tmp/reponse_20221030.txt last modified: 20221117173108
[2022-11-17T17:31:09.291+0000] {base.py:213} INFO - Success criteria met. Exiting.
[2022-11-17T17:31:09.303+0000] {taskinstance.py:1406} INFO - Marking task as SUCCESS. dag_id=MyPersonalAirflowProject, task_id=waiting_nasa_confirmation, execution_date=20221030T000000, start_date=20221117T173109, end_date=20221117T173109
[2022-11-17T17:31:09.338+0000] {local_task_job.py:164} INFO - Task exited with return code 0
[2022-11-17T17:31:09.382+0000] {local_task_job.py:273} INFO - 1 downstream tasks scheduled from follow-on schedule check
