[2022-11-16T22:33:18.035+0000] {taskinstance.py:1165} INFO - Dependencies all met for <TaskInstance: MyPersonalAirflowProject.copy_data_to_local scheduled__2022-11-07T00:00:00+00:00 [queued]>
[2022-11-16T22:33:18.053+0000] {taskinstance.py:1165} INFO - Dependencies all met for <TaskInstance: MyPersonalAirflowProject.copy_data_to_local scheduled__2022-11-07T00:00:00+00:00 [queued]>
[2022-11-16T22:33:18.055+0000] {taskinstance.py:1362} INFO - 
--------------------------------------------------------------------------------
[2022-11-16T22:33:18.060+0000] {taskinstance.py:1363} INFO - Starting attempt 1 of 1
[2022-11-16T22:33:18.061+0000] {taskinstance.py:1364} INFO - 
--------------------------------------------------------------------------------
[2022-11-16T22:33:18.086+0000] {taskinstance.py:1383} INFO - Executing <Task(PythonOperator): copy_data_to_local> on 2022-11-07 00:00:00+00:00
[2022-11-16T22:33:18.095+0000] {standard_task_runner.py:55} INFO - Started process 6302 to run task
[2022-11-16T22:33:18.098+0000] {standard_task_runner.py:82} INFO - Running: ['***', 'tasks', 'run', 'MyPersonalAirflowProject', 'copy_data_to_local', 'scheduled__2022-11-07T00:00:00+00:00', '--job-id', '1666', '--raw', '--subdir', 'DAGS_FOLDER/FinalPersonalProject.py', '--cfg-path', '/tmp/tmpo8nt6c54']
[2022-11-16T22:33:18.099+0000] {standard_task_runner.py:83} INFO - Job 1666: Subtask copy_data_to_local
[2022-11-16T22:33:18.194+0000] {task_command.py:376} INFO - Running <TaskInstance: MyPersonalAirflowProject.copy_data_to_local scheduled__2022-11-07T00:00:00+00:00 [running]> on host 638485efabe7
[2022-11-16T22:33:18.322+0000] {taskinstance.py:1592} INFO - Exporting the following env vars:
AIRFLOW_CTX_DAG_OWNER=***
AIRFLOW_CTX_DAG_ID=MyPersonalAirflowProject
AIRFLOW_CTX_TASK_ID=copy_data_to_local
AIRFLOW_CTX_EXECUTION_DATE=2022-11-07T00:00:00+00:00
AIRFLOW_CTX_TRY_NUMBER=2
AIRFLOW_CTX_DAG_RUN_ID=scheduled__2022-11-07T00:00:00+00:00
[2022-11-16T22:33:19.084+0000] {python.py:177} INFO - Done. Returned value was: None
[2022-11-16T22:33:19.100+0000] {taskinstance.py:1406} INFO - Marking task as SUCCESS. dag_id=MyPersonalAirflowProject, task_id=copy_data_to_local, execution_date=20221107T000000, start_date=20221116T223318, end_date=20221116T223319
[2022-11-16T22:33:19.155+0000] {local_task_job.py:164} INFO - Task exited with return code 0
[2022-11-16T22:33:19.187+0000] {local_task_job.py:273} INFO - 1 downstream tasks scheduled from follow-on schedule check
[2022-11-17T16:44:15.893+0000] {taskinstance.py:1165} INFO - Dependencies all met for <TaskInstance: MyPersonalAirflowProject.copy_data_to_local scheduled__2022-11-07T00:00:00+00:00 [queued]>
[2022-11-17T16:44:15.906+0000] {taskinstance.py:1165} INFO - Dependencies all met for <TaskInstance: MyPersonalAirflowProject.copy_data_to_local scheduled__2022-11-07T00:00:00+00:00 [queued]>
[2022-11-17T16:44:15.906+0000] {taskinstance.py:1362} INFO - 
--------------------------------------------------------------------------------
[2022-11-17T16:44:15.907+0000] {taskinstance.py:1363} INFO - Starting attempt 1 of 1
[2022-11-17T16:44:15.907+0000] {taskinstance.py:1364} INFO - 
--------------------------------------------------------------------------------
[2022-11-17T16:44:15.923+0000] {taskinstance.py:1383} INFO - Executing <Task(PythonOperator): copy_data_to_local> on 2022-11-07 00:00:00+00:00
[2022-11-17T16:44:15.929+0000] {standard_task_runner.py:55} INFO - Started process 4743 to run task
[2022-11-17T16:44:15.932+0000] {standard_task_runner.py:82} INFO - Running: ['***', 'tasks', 'run', 'MyPersonalAirflowProject', 'copy_data_to_local', 'scheduled__2022-11-07T00:00:00+00:00', '--job-id', '2324', '--raw', '--subdir', 'DAGS_FOLDER/FinalPersonalProject.py', '--cfg-path', '/tmp/tmp85use0fm']
[2022-11-17T16:44:15.932+0000] {standard_task_runner.py:83} INFO - Job 2324: Subtask copy_data_to_local
[2022-11-17T16:44:16.009+0000] {task_command.py:376} INFO - Running <TaskInstance: MyPersonalAirflowProject.copy_data_to_local scheduled__2022-11-07T00:00:00+00:00 [running]> on host 638485efabe7
[2022-11-17T16:44:16.090+0000] {taskinstance.py:1592} INFO - Exporting the following env vars:
AIRFLOW_CTX_DAG_OWNER=***
AIRFLOW_CTX_DAG_ID=MyPersonalAirflowProject
AIRFLOW_CTX_TASK_ID=copy_data_to_local
AIRFLOW_CTX_EXECUTION_DATE=2022-11-07T00:00:00+00:00
AIRFLOW_CTX_TRY_NUMBER=1
AIRFLOW_CTX_DAG_RUN_ID=scheduled__2022-11-07T00:00:00+00:00
[2022-11-17T16:44:16.313+0000] {python.py:177} INFO - Done. Returned value was: None
[2022-11-17T16:44:16.325+0000] {taskinstance.py:1406} INFO - Marking task as SUCCESS. dag_id=MyPersonalAirflowProject, task_id=copy_data_to_local, execution_date=20221107T000000, start_date=20221117T164415, end_date=20221117T164416
[2022-11-17T16:44:16.386+0000] {local_task_job.py:164} INFO - Task exited with return code 0
[2022-11-17T16:44:16.422+0000] {local_task_job.py:273} INFO - 1 downstream tasks scheduled from follow-on schedule check
[2022-11-17T17:35:16.370+0000] {taskinstance.py:1165} INFO - Dependencies all met for <TaskInstance: MyPersonalAirflowProject.copy_data_to_local scheduled__2022-11-07T00:00:00+00:00 [queued]>
[2022-11-17T17:35:16.382+0000] {taskinstance.py:1165} INFO - Dependencies all met for <TaskInstance: MyPersonalAirflowProject.copy_data_to_local scheduled__2022-11-07T00:00:00+00:00 [queued]>
[2022-11-17T17:35:16.383+0000] {taskinstance.py:1362} INFO - 
--------------------------------------------------------------------------------
[2022-11-17T17:35:16.383+0000] {taskinstance.py:1363} INFO - Starting attempt 1 of 1
[2022-11-17T17:35:16.384+0000] {taskinstance.py:1364} INFO - 
--------------------------------------------------------------------------------
[2022-11-17T17:35:16.400+0000] {taskinstance.py:1383} INFO - Executing <Task(PythonOperator): copy_data_to_local> on 2022-11-07 00:00:00+00:00
[2022-11-17T17:35:16.406+0000] {standard_task_runner.py:55} INFO - Started process 8355 to run task
[2022-11-17T17:35:16.408+0000] {standard_task_runner.py:82} INFO - Running: ['***', 'tasks', 'run', 'MyPersonalAirflowProject', 'copy_data_to_local', 'scheduled__2022-11-07T00:00:00+00:00', '--job-id', '2734', '--raw', '--subdir', 'DAGS_FOLDER/FinalPersonalProject.py', '--cfg-path', '/tmp/tmp9vztmzps']
[2022-11-17T17:35:16.409+0000] {standard_task_runner.py:83} INFO - Job 2734: Subtask copy_data_to_local
[2022-11-17T17:35:16.475+0000] {task_command.py:376} INFO - Running <TaskInstance: MyPersonalAirflowProject.copy_data_to_local scheduled__2022-11-07T00:00:00+00:00 [running]> on host 638485efabe7
[2022-11-17T17:35:16.551+0000] {taskinstance.py:1592} INFO - Exporting the following env vars:
AIRFLOW_CTX_DAG_OWNER=***
AIRFLOW_CTX_DAG_ID=MyPersonalAirflowProject
AIRFLOW_CTX_TASK_ID=copy_data_to_local
AIRFLOW_CTX_EXECUTION_DATE=2022-11-07T00:00:00+00:00
AIRFLOW_CTX_TRY_NUMBER=1
AIRFLOW_CTX_DAG_RUN_ID=scheduled__2022-11-07T00:00:00+00:00
[2022-11-17T17:35:16.785+0000] {python.py:177} INFO - Done. Returned value was: None
[2022-11-17T17:35:16.802+0000] {taskinstance.py:1406} INFO - Marking task as SUCCESS. dag_id=MyPersonalAirflowProject, task_id=copy_data_to_local, execution_date=20221107T000000, start_date=20221117T173516, end_date=20221117T173516
[2022-11-17T17:35:16.862+0000] {local_task_job.py:164} INFO - Task exited with return code 0
[2022-11-17T17:35:16.998+0000] {local_task_job.py:273} INFO - 1 downstream tasks scheduled from follow-on schedule check
