[2022-11-16T21:28:53.896+0000] {taskinstance.py:1165} INFO - Dependencies all met for <TaskInstance: MyPersonalAirflowProject.waiting_nasa_confirmation scheduled__2022-10-22T00:00:00+00:00 [queued]>
[2022-11-16T21:28:53.912+0000] {taskinstance.py:1165} INFO - Dependencies all met for <TaskInstance: MyPersonalAirflowProject.waiting_nasa_confirmation scheduled__2022-10-22T00:00:00+00:00 [queued]>
[2022-11-16T21:28:53.913+0000] {taskinstance.py:1362} INFO - 
--------------------------------------------------------------------------------
[2022-11-16T21:28:53.914+0000] {taskinstance.py:1363} INFO - Starting attempt 3 of 3
[2022-11-16T21:28:53.914+0000] {taskinstance.py:1364} INFO - 
--------------------------------------------------------------------------------
[2022-11-16T21:28:53.931+0000] {taskinstance.py:1383} INFO - Executing <Task(FileSensor): waiting_nasa_confirmation> on 2022-10-22 00:00:00+00:00
[2022-11-16T21:28:53.937+0000] {standard_task_runner.py:55} INFO - Started process 2784 to run task
[2022-11-16T21:28:53.940+0000] {standard_task_runner.py:82} INFO - Running: ['***', 'tasks', 'run', 'MyPersonalAirflowProject', 'waiting_nasa_confirmation', 'scheduled__2022-10-22T00:00:00+00:00', '--job-id', '1368', '--raw', '--subdir', 'DAGS_FOLDER/FinalPersonalProject.py', '--cfg-path', '/tmp/tmpdkhg5uon']
[2022-11-16T21:28:53.941+0000] {standard_task_runner.py:83} INFO - Job 1368: Subtask waiting_nasa_confirmation
[2022-11-16T21:28:54.008+0000] {task_command.py:376} INFO - Running <TaskInstance: MyPersonalAirflowProject.waiting_nasa_confirmation scheduled__2022-10-22T00:00:00+00:00 [running]> on host 638485efabe7
[2022-11-16T21:28:54.086+0000] {taskinstance.py:1592} INFO - Exporting the following env vars:
AIRFLOW_CTX_DAG_OWNER=***
AIRFLOW_CTX_DAG_ID=MyPersonalAirflowProject
AIRFLOW_CTX_TASK_ID=waiting_nasa_confirmation
AIRFLOW_CTX_EXECUTION_DATE=2022-10-22T00:00:00+00:00
AIRFLOW_CTX_TRY_NUMBER=3
AIRFLOW_CTX_DAG_RUN_ID=scheduled__2022-10-22T00:00:00+00:00
[2022-11-16T21:28:54.097+0000] {base.py:71} INFO - Using connection ID 'fs_default' for task execution.
[2022-11-16T21:28:54.098+0000] {filesystem.py:58} INFO - Poking for file /tmp/reponse_20221022.txt
[2022-11-16T21:28:54.099+0000] {filesystem.py:63} INFO - Found File /tmp/reponse_20221022.txt last modified: 20221116212852
[2022-11-16T21:28:54.099+0000] {base.py:213} INFO - Success criteria met. Exiting.
[2022-11-16T21:28:54.111+0000] {taskinstance.py:1406} INFO - Marking task as SUCCESS. dag_id=MyPersonalAirflowProject, task_id=waiting_nasa_confirmation, execution_date=20221022T000000, start_date=20221116T212853, end_date=20221116T212854
[2022-11-16T21:28:54.171+0000] {local_task_job.py:164} INFO - Task exited with return code 0
[2022-11-16T21:28:54.209+0000] {local_task_job.py:273} INFO - 1 downstream tasks scheduled from follow-on schedule check
