[2022-11-17T16:37:39.279+0000] {taskinstance.py:1165} INFO - Dependencies all met for <TaskInstance: MyPersonalAirflowProject.Marketing_team_Notification scheduled__2022-10-26T00:00:00+00:00 [queued]>
[2022-11-17T16:37:39.296+0000] {taskinstance.py:1165} INFO - Dependencies all met for <TaskInstance: MyPersonalAirflowProject.Marketing_team_Notification scheduled__2022-10-26T00:00:00+00:00 [queued]>
[2022-11-17T16:37:39.296+0000] {taskinstance.py:1362} INFO - 
--------------------------------------------------------------------------------
[2022-11-17T16:37:39.298+0000] {taskinstance.py:1363} INFO - Starting attempt 1 of 1
[2022-11-17T16:37:39.298+0000] {taskinstance.py:1364} INFO - 
--------------------------------------------------------------------------------
[2022-11-17T16:37:39.325+0000] {taskinstance.py:1383} INFO - Executing <Task(BashOperator): Marketing_team_Notification> on 2022-10-26 00:00:00+00:00
[2022-11-17T16:37:39.331+0000] {standard_task_runner.py:55} INFO - Started process 4141 to run task
[2022-11-17T16:37:39.334+0000] {standard_task_runner.py:82} INFO - Running: ['***', 'tasks', 'run', 'MyPersonalAirflowProject', 'Marketing_team_Notification', 'scheduled__2022-10-26T00:00:00+00:00', '--job-id', '2230', '--raw', '--subdir', 'DAGS_FOLDER/FinalPersonalProject.py', '--cfg-path', '/tmp/tmpbnrktcxf']
[2022-11-17T16:37:39.335+0000] {standard_task_runner.py:83} INFO - Job 2230: Subtask Marketing_team_Notification
[2022-11-17T16:37:39.412+0000] {task_command.py:376} INFO - Running <TaskInstance: MyPersonalAirflowProject.Marketing_team_Notification scheduled__2022-10-26T00:00:00+00:00 [running]> on host 638485efabe7
[2022-11-17T16:37:39.528+0000] {taskinstance.py:1592} INFO - Exporting the following env vars:
AIRFLOW_CTX_DAG_OWNER=***
AIRFLOW_CTX_DAG_ID=MyPersonalAirflowProject
AIRFLOW_CTX_TASK_ID=Marketing_team_Notification
AIRFLOW_CTX_EXECUTION_DATE=2022-10-26T00:00:00+00:00
AIRFLOW_CTX_TRY_NUMBER=1
AIRFLOW_CTX_DAG_RUN_ID=scheduled__2022-10-26T00:00:00+00:00
[2022-11-17T16:37:39.530+0000] {subprocess.py:63} INFO - Tmp dir root location: 
 /tmp
[2022-11-17T16:37:39.531+0000] {subprocess.py:75} INFO - Running command: ['/bin/bash', '-c', 'echo "Hi Marketing team, Space X data for 2022-10-26 are now available!.. Please check them out!"']
[2022-11-17T16:37:39.545+0000] {subprocess.py:86} INFO - Output:
[2022-11-17T16:37:39.547+0000] {subprocess.py:93} INFO - Hi Marketing team, Space X data for 2022-10-26 are now available!.. Please check them out!
[2022-11-17T16:37:39.548+0000] {subprocess.py:97} INFO - Command exited with return code 0
[2022-11-17T16:37:39.588+0000] {taskinstance.py:1406} INFO - Marking task as SUCCESS. dag_id=MyPersonalAirflowProject, task_id=Marketing_team_Notification, execution_date=20221026T000000, start_date=20221117T163739, end_date=20221117T163739
[2022-11-17T16:37:39.667+0000] {local_task_job.py:164} INFO - Task exited with return code 0
[2022-11-17T16:37:39.712+0000] {local_task_job.py:273} INFO - 0 downstream tasks scheduled from follow-on schedule check
[2022-11-17T17:29:18.022+0000] {taskinstance.py:1165} INFO - Dependencies all met for <TaskInstance: MyPersonalAirflowProject.Marketing_team_Notification scheduled__2022-10-26T00:00:00+00:00 [queued]>
[2022-11-17T17:29:18.036+0000] {taskinstance.py:1165} INFO - Dependencies all met for <TaskInstance: MyPersonalAirflowProject.Marketing_team_Notification scheduled__2022-10-26T00:00:00+00:00 [queued]>
[2022-11-17T17:29:18.037+0000] {taskinstance.py:1362} INFO - 
--------------------------------------------------------------------------------
[2022-11-17T17:29:18.037+0000] {taskinstance.py:1363} INFO - Starting attempt 1 of 1
[2022-11-17T17:29:18.038+0000] {taskinstance.py:1364} INFO - 
--------------------------------------------------------------------------------
[2022-11-17T17:29:18.056+0000] {taskinstance.py:1383} INFO - Executing <Task(BashOperator): Marketing_team_Notification> on 2022-10-26 00:00:00+00:00
[2022-11-17T17:29:18.062+0000] {standard_task_runner.py:55} INFO - Started process 7783 to run task
[2022-11-17T17:29:18.065+0000] {standard_task_runner.py:82} INFO - Running: ['***', 'tasks', 'run', 'MyPersonalAirflowProject', 'Marketing_team_Notification', 'scheduled__2022-10-26T00:00:00+00:00', '--job-id', '2641', '--raw', '--subdir', 'DAGS_FOLDER/FinalPersonalProject.py', '--cfg-path', '/tmp/tmpz9gb33r8']
[2022-11-17T17:29:18.066+0000] {standard_task_runner.py:83} INFO - Job 2641: Subtask Marketing_team_Notification
[2022-11-17T17:29:18.130+0000] {task_command.py:376} INFO - Running <TaskInstance: MyPersonalAirflowProject.Marketing_team_Notification scheduled__2022-10-26T00:00:00+00:00 [running]> on host 638485efabe7
[2022-11-17T17:29:18.207+0000] {taskinstance.py:1592} INFO - Exporting the following env vars:
AIRFLOW_CTX_DAG_OWNER=***
AIRFLOW_CTX_DAG_ID=MyPersonalAirflowProject
AIRFLOW_CTX_TASK_ID=Marketing_team_Notification
AIRFLOW_CTX_EXECUTION_DATE=2022-10-26T00:00:00+00:00
AIRFLOW_CTX_TRY_NUMBER=1
AIRFLOW_CTX_DAG_RUN_ID=scheduled__2022-10-26T00:00:00+00:00
[2022-11-17T17:29:18.208+0000] {subprocess.py:63} INFO - Tmp dir root location: 
 /tmp
[2022-11-17T17:29:18.209+0000] {subprocess.py:75} INFO - Running command: ['/bin/bash', '-c', 'echo "Hi Marketing team, Space X data for 2022-10-26 are now available!.. Please check them out!"']
[2022-11-17T17:29:18.220+0000] {subprocess.py:86} INFO - Output:
[2022-11-17T17:29:18.222+0000] {subprocess.py:93} INFO - Hi Marketing team, Space X data for 2022-10-26 are now available!.. Please check them out!
[2022-11-17T17:29:18.222+0000] {subprocess.py:97} INFO - Command exited with return code 0
[2022-11-17T17:29:18.252+0000] {taskinstance.py:1406} INFO - Marking task as SUCCESS. dag_id=MyPersonalAirflowProject, task_id=Marketing_team_Notification, execution_date=20221026T000000, start_date=20221117T172918, end_date=20221117T172918
[2022-11-17T17:29:18.279+0000] {local_task_job.py:164} INFO - Task exited with return code 0
[2022-11-17T17:29:18.300+0000] {local_task_job.py:273} INFO - 0 downstream tasks scheduled from follow-on schedule check
