[2022-11-16T21:38:59.009+0000] {taskinstance.py:1165} INFO - Dependencies all met for <TaskInstance: MyPersonalAirflowProject.waiting_nasa_confirmation scheduled__2022-11-13T00:00:00+00:00 [queued]>
[2022-11-16T21:38:59.021+0000] {taskinstance.py:1165} INFO - Dependencies all met for <TaskInstance: MyPersonalAirflowProject.waiting_nasa_confirmation scheduled__2022-11-13T00:00:00+00:00 [queued]>
[2022-11-16T21:38:59.021+0000] {taskinstance.py:1362} INFO - 
--------------------------------------------------------------------------------
[2022-11-16T21:38:59.131+0000] {taskinstance.py:1363} INFO - Starting attempt 1 of 1
[2022-11-16T21:38:59.132+0000] {taskinstance.py:1364} INFO - 
--------------------------------------------------------------------------------
[2022-11-16T21:38:59.518+0000] {taskinstance.py:1383} INFO - Executing <Task(FileSensor): waiting_nasa_confirmation> on 2022-11-13 00:00:00+00:00
[2022-11-16T21:38:59.524+0000] {standard_task_runner.py:55} INFO - Started process 3404 to run task
[2022-11-16T21:38:59.528+0000] {standard_task_runner.py:82} INFO - Running: ['***', 'tasks', 'run', 'MyPersonalAirflowProject', 'waiting_nasa_confirmation', 'scheduled__2022-11-13T00:00:00+00:00', '--job-id', '1434', '--raw', '--subdir', 'DAGS_FOLDER/FinalPersonalProject.py', '--cfg-path', '/tmp/tmpse96y7g8']
[2022-11-16T21:38:59.529+0000] {standard_task_runner.py:83} INFO - Job 1434: Subtask waiting_nasa_confirmation
[2022-11-16T21:38:59.675+0000] {task_command.py:376} INFO - Running <TaskInstance: MyPersonalAirflowProject.waiting_nasa_confirmation scheduled__2022-11-13T00:00:00+00:00 [running]> on host 638485efabe7
[2022-11-16T21:39:00.109+0000] {taskinstance.py:1592} INFO - Exporting the following env vars:
AIRFLOW_CTX_DAG_OWNER=***
AIRFLOW_CTX_DAG_ID=MyPersonalAirflowProject
AIRFLOW_CTX_TASK_ID=waiting_nasa_confirmation
AIRFLOW_CTX_EXECUTION_DATE=2022-11-13T00:00:00+00:00
AIRFLOW_CTX_TRY_NUMBER=1
AIRFLOW_CTX_DAG_RUN_ID=scheduled__2022-11-13T00:00:00+00:00
[2022-11-16T21:39:00.124+0000] {base.py:71} INFO - Using connection ID 'fs_default' for task execution.
[2022-11-16T21:39:00.125+0000] {filesystem.py:58} INFO - Poking for file /tmp/reponse_20221113.txt
[2022-11-16T21:39:00.126+0000] {filesystem.py:63} INFO - Found File /tmp/reponse_20221113.txt last modified: 20221116213854
[2022-11-16T21:39:00.127+0000] {base.py:213} INFO - Success criteria met. Exiting.
[2022-11-16T21:39:00.139+0000] {taskinstance.py:1406} INFO - Marking task as SUCCESS. dag_id=MyPersonalAirflowProject, task_id=waiting_nasa_confirmation, execution_date=20221113T000000, start_date=20221116T213859, end_date=20221116T213900
[2022-11-16T21:39:00.380+0000] {local_task_job.py:164} INFO - Task exited with return code 0
[2022-11-16T21:39:00.790+0000] {local_task_job.py:273} INFO - 1 downstream tasks scheduled from follow-on schedule check
[2022-11-17T16:06:42.495+0000] {taskinstance.py:1165} INFO - Dependencies all met for <TaskInstance: MyPersonalAirflowProject.waiting_nasa_confirmation scheduled__2022-11-13T00:00:00+00:00 [queued]>
[2022-11-17T16:06:42.509+0000] {taskinstance.py:1165} INFO - Dependencies all met for <TaskInstance: MyPersonalAirflowProject.waiting_nasa_confirmation scheduled__2022-11-13T00:00:00+00:00 [queued]>
[2022-11-17T16:06:42.510+0000] {taskinstance.py:1362} INFO - 
--------------------------------------------------------------------------------
[2022-11-17T16:06:42.511+0000] {taskinstance.py:1363} INFO - Starting attempt 1 of 1
[2022-11-17T16:06:42.511+0000] {taskinstance.py:1364} INFO - 
--------------------------------------------------------------------------------
[2022-11-17T16:06:42.529+0000] {taskinstance.py:1383} INFO - Executing <Task(FileSensor): waiting_nasa_confirmation> on 2022-11-13 00:00:00+00:00
[2022-11-17T16:06:42.535+0000] {standard_task_runner.py:55} INFO - Started process 1994 to run task
[2022-11-17T16:06:42.537+0000] {standard_task_runner.py:82} INFO - Running: ['***', 'tasks', 'run', 'MyPersonalAirflowProject', 'waiting_nasa_confirmation', 'scheduled__2022-11-13T00:00:00+00:00', '--job-id', '2001', '--raw', '--subdir', 'DAGS_FOLDER/FinalPersonalProject.py', '--cfg-path', '/tmp/tmp467v3dyd']
[2022-11-17T16:06:42.538+0000] {standard_task_runner.py:83} INFO - Job 2001: Subtask waiting_nasa_confirmation
[2022-11-17T16:06:42.606+0000] {task_command.py:376} INFO - Running <TaskInstance: MyPersonalAirflowProject.waiting_nasa_confirmation scheduled__2022-11-13T00:00:00+00:00 [running]> on host 638485efabe7
[2022-11-17T16:06:42.693+0000] {taskinstance.py:1592} INFO - Exporting the following env vars:
AIRFLOW_CTX_DAG_OWNER=***
AIRFLOW_CTX_DAG_ID=MyPersonalAirflowProject
AIRFLOW_CTX_TASK_ID=waiting_nasa_confirmation
AIRFLOW_CTX_EXECUTION_DATE=2022-11-13T00:00:00+00:00
AIRFLOW_CTX_TRY_NUMBER=1
AIRFLOW_CTX_DAG_RUN_ID=scheduled__2022-11-13T00:00:00+00:00
[2022-11-17T16:06:42.703+0000] {base.py:71} INFO - Using connection ID 'fs_default' for task execution.
[2022-11-17T16:06:42.705+0000] {filesystem.py:58} INFO - Poking for file /tmp/reponse_20221113.txt
[2022-11-17T16:06:42.705+0000] {filesystem.py:63} INFO - Found File /tmp/reponse_20221113.txt last modified: 20221117160641
[2022-11-17T16:06:42.706+0000] {base.py:213} INFO - Success criteria met. Exiting.
[2022-11-17T16:06:42.716+0000] {taskinstance.py:1406} INFO - Marking task as SUCCESS. dag_id=MyPersonalAirflowProject, task_id=waiting_nasa_confirmation, execution_date=20221113T000000, start_date=20221117T160642, end_date=20221117T160642
[2022-11-17T16:06:42.752+0000] {local_task_job.py:164} INFO - Task exited with return code 0
[2022-11-17T16:06:42.797+0000] {local_task_job.py:273} INFO - 1 downstream tasks scheduled from follow-on schedule check
[2022-11-17T16:48:03.135+0000] {taskinstance.py:1165} INFO - Dependencies all met for <TaskInstance: MyPersonalAirflowProject.waiting_nasa_confirmation scheduled__2022-11-13T00:00:00+00:00 [queued]>
[2022-11-17T16:48:03.155+0000] {taskinstance.py:1165} INFO - Dependencies all met for <TaskInstance: MyPersonalAirflowProject.waiting_nasa_confirmation scheduled__2022-11-13T00:00:00+00:00 [queued]>
[2022-11-17T16:48:03.156+0000] {taskinstance.py:1362} INFO - 
--------------------------------------------------------------------------------
[2022-11-17T16:48:03.157+0000] {taskinstance.py:1363} INFO - Starting attempt 1 of 1
[2022-11-17T16:48:03.157+0000] {taskinstance.py:1364} INFO - 
--------------------------------------------------------------------------------
[2022-11-17T16:48:03.184+0000] {taskinstance.py:1383} INFO - Executing <Task(FileSensor): waiting_nasa_confirmation> on 2022-11-13 00:00:00+00:00
[2022-11-17T16:48:03.194+0000] {standard_task_runner.py:55} INFO - Started process 5038 to run task
[2022-11-17T16:48:03.198+0000] {standard_task_runner.py:82} INFO - Running: ['***', 'tasks', 'run', 'MyPersonalAirflowProject', 'waiting_nasa_confirmation', 'scheduled__2022-11-13T00:00:00+00:00', '--job-id', '2369', '--raw', '--subdir', 'DAGS_FOLDER/FinalPersonalProject.py', '--cfg-path', '/tmp/tmpa8g6ve9y']
[2022-11-17T16:48:03.199+0000] {standard_task_runner.py:83} INFO - Job 2369: Subtask waiting_nasa_confirmation
[2022-11-17T16:48:03.281+0000] {task_command.py:376} INFO - Running <TaskInstance: MyPersonalAirflowProject.waiting_nasa_confirmation scheduled__2022-11-13T00:00:00+00:00 [running]> on host 638485efabe7
[2022-11-17T16:48:03.385+0000] {taskinstance.py:1592} INFO - Exporting the following env vars:
AIRFLOW_CTX_DAG_OWNER=***
AIRFLOW_CTX_DAG_ID=MyPersonalAirflowProject
AIRFLOW_CTX_TASK_ID=waiting_nasa_confirmation
AIRFLOW_CTX_EXECUTION_DATE=2022-11-13T00:00:00+00:00
AIRFLOW_CTX_TRY_NUMBER=1
AIRFLOW_CTX_DAG_RUN_ID=scheduled__2022-11-13T00:00:00+00:00
[2022-11-17T16:48:03.396+0000] {base.py:71} INFO - Using connection ID 'fs_default' for task execution.
[2022-11-17T16:48:03.397+0000] {filesystem.py:58} INFO - Poking for file /tmp/reponse_20221113.txt
[2022-11-17T16:48:03.398+0000] {filesystem.py:63} INFO - Found File /tmp/reponse_20221113.txt last modified: 20221117164801
[2022-11-17T16:48:03.399+0000] {base.py:213} INFO - Success criteria met. Exiting.
[2022-11-17T16:48:03.412+0000] {taskinstance.py:1406} INFO - Marking task as SUCCESS. dag_id=MyPersonalAirflowProject, task_id=waiting_nasa_confirmation, execution_date=20221113T000000, start_date=20221117T164803, end_date=20221117T164803
[2022-11-17T16:48:03.452+0000] {local_task_job.py:164} INFO - Task exited with return code 0
[2022-11-17T16:48:03.504+0000] {local_task_job.py:273} INFO - 1 downstream tasks scheduled from follow-on schedule check
[2022-11-17T17:38:11.451+0000] {taskinstance.py:1165} INFO - Dependencies all met for <TaskInstance: MyPersonalAirflowProject.waiting_nasa_confirmation scheduled__2022-11-13T00:00:00+00:00 [queued]>
[2022-11-17T17:38:11.490+0000] {taskinstance.py:1165} INFO - Dependencies all met for <TaskInstance: MyPersonalAirflowProject.waiting_nasa_confirmation scheduled__2022-11-13T00:00:00+00:00 [queued]>
[2022-11-17T17:38:11.491+0000] {taskinstance.py:1362} INFO - 
--------------------------------------------------------------------------------
[2022-11-17T17:38:11.491+0000] {taskinstance.py:1363} INFO - Starting attempt 1 of 1
[2022-11-17T17:38:11.492+0000] {taskinstance.py:1364} INFO - 
--------------------------------------------------------------------------------
[2022-11-17T17:38:11.510+0000] {taskinstance.py:1383} INFO - Executing <Task(FileSensor): waiting_nasa_confirmation> on 2022-11-13 00:00:00+00:00
[2022-11-17T17:38:11.517+0000] {standard_task_runner.py:55} INFO - Started process 8631 to run task
[2022-11-17T17:38:11.520+0000] {standard_task_runner.py:82} INFO - Running: ['***', 'tasks', 'run', 'MyPersonalAirflowProject', 'waiting_nasa_confirmation', 'scheduled__2022-11-13T00:00:00+00:00', '--job-id', '2779', '--raw', '--subdir', 'DAGS_FOLDER/FinalPersonalProject.py', '--cfg-path', '/tmp/tmpf911vamw']
[2022-11-17T17:38:11.521+0000] {standard_task_runner.py:83} INFO - Job 2779: Subtask waiting_nasa_confirmation
[2022-11-17T17:38:11.589+0000] {task_command.py:376} INFO - Running <TaskInstance: MyPersonalAirflowProject.waiting_nasa_confirmation scheduled__2022-11-13T00:00:00+00:00 [running]> on host 638485efabe7
[2022-11-17T17:38:11.668+0000] {taskinstance.py:1592} INFO - Exporting the following env vars:
AIRFLOW_CTX_DAG_OWNER=***
AIRFLOW_CTX_DAG_ID=MyPersonalAirflowProject
AIRFLOW_CTX_TASK_ID=waiting_nasa_confirmation
AIRFLOW_CTX_EXECUTION_DATE=2022-11-13T00:00:00+00:00
AIRFLOW_CTX_TRY_NUMBER=1
AIRFLOW_CTX_DAG_RUN_ID=scheduled__2022-11-13T00:00:00+00:00
[2022-11-17T17:38:11.680+0000] {base.py:71} INFO - Using connection ID 'fs_default' for task execution.
[2022-11-17T17:38:11.681+0000] {filesystem.py:58} INFO - Poking for file /tmp/reponse_20221113.txt
[2022-11-17T17:38:11.681+0000] {filesystem.py:63} INFO - Found File /tmp/reponse_20221113.txt last modified: 20221117173810
[2022-11-17T17:38:11.682+0000] {base.py:213} INFO - Success criteria met. Exiting.
[2022-11-17T17:38:11.693+0000] {taskinstance.py:1406} INFO - Marking task as SUCCESS. dag_id=MyPersonalAirflowProject, task_id=waiting_nasa_confirmation, execution_date=20221113T000000, start_date=20221117T173811, end_date=20221117T173811
[2022-11-17T17:38:11.733+0000] {local_task_job.py:164} INFO - Task exited with return code 0
[2022-11-17T17:38:11.769+0000] {local_task_job.py:273} INFO - 0 downstream tasks scheduled from follow-on schedule check
