[2022-11-16T22:25:21.026+0000] {taskinstance.py:1165} INFO - Dependencies all met for <TaskInstance: MyPersonalAirflowProject.copy_data_to_local scheduled__2022-10-25T00:00:00+00:00 [queued]>
[2022-11-16T22:25:21.041+0000] {taskinstance.py:1165} INFO - Dependencies all met for <TaskInstance: MyPersonalAirflowProject.copy_data_to_local scheduled__2022-10-25T00:00:00+00:00 [queued]>
[2022-11-16T22:25:21.042+0000] {taskinstance.py:1362} INFO - 
--------------------------------------------------------------------------------
[2022-11-16T22:25:21.043+0000] {taskinstance.py:1363} INFO - Starting attempt 1 of 1
[2022-11-16T22:25:21.043+0000] {taskinstance.py:1364} INFO - 
--------------------------------------------------------------------------------
[2022-11-16T22:25:21.062+0000] {taskinstance.py:1383} INFO - Executing <Task(PythonOperator): copy_data_to_local> on 2022-10-25 00:00:00+00:00
[2022-11-16T22:25:21.069+0000] {standard_task_runner.py:55} INFO - Started process 5753 to run task
[2022-11-16T22:25:21.072+0000] {standard_task_runner.py:82} INFO - Running: ['***', 'tasks', 'run', 'MyPersonalAirflowProject', 'copy_data_to_local', 'scheduled__2022-10-25T00:00:00+00:00', '--job-id', '1588', '--raw', '--subdir', 'DAGS_FOLDER/FinalPersonalProject.py', '--cfg-path', '/tmp/tmpl8tibdsb']
[2022-11-16T22:25:21.073+0000] {standard_task_runner.py:83} INFO - Job 1588: Subtask copy_data_to_local
[2022-11-16T22:25:21.143+0000] {task_command.py:376} INFO - Running <TaskInstance: MyPersonalAirflowProject.copy_data_to_local scheduled__2022-10-25T00:00:00+00:00 [running]> on host 638485efabe7
[2022-11-16T22:25:21.226+0000] {taskinstance.py:1592} INFO - Exporting the following env vars:
AIRFLOW_CTX_DAG_OWNER=***
AIRFLOW_CTX_DAG_ID=MyPersonalAirflowProject
AIRFLOW_CTX_TASK_ID=copy_data_to_local
AIRFLOW_CTX_EXECUTION_DATE=2022-10-25T00:00:00+00:00
AIRFLOW_CTX_TRY_NUMBER=1
AIRFLOW_CTX_DAG_RUN_ID=scheduled__2022-10-25T00:00:00+00:00
[2022-11-16T22:25:22.078+0000] {python.py:177} INFO - Done. Returned value was: None
[2022-11-16T22:25:22.096+0000] {taskinstance.py:1406} INFO - Marking task as SUCCESS. dag_id=MyPersonalAirflowProject, task_id=copy_data_to_local, execution_date=20221025T000000, start_date=20221116T222521, end_date=20221116T222522
[2022-11-16T22:25:22.167+0000] {local_task_job.py:164} INFO - Task exited with return code 0
[2022-11-16T22:25:22.199+0000] {local_task_job.py:273} INFO - 1 downstream tasks scheduled from follow-on schedule check
[2022-11-17T16:37:06.840+0000] {taskinstance.py:1165} INFO - Dependencies all met for <TaskInstance: MyPersonalAirflowProject.copy_data_to_local scheduled__2022-10-25T00:00:00+00:00 [queued]>
[2022-11-17T16:37:06.852+0000] {taskinstance.py:1165} INFO - Dependencies all met for <TaskInstance: MyPersonalAirflowProject.copy_data_to_local scheduled__2022-10-25T00:00:00+00:00 [queued]>
[2022-11-17T16:37:06.852+0000] {taskinstance.py:1362} INFO - 
--------------------------------------------------------------------------------
[2022-11-17T16:37:06.853+0000] {taskinstance.py:1363} INFO - Starting attempt 1 of 1
[2022-11-17T16:37:06.853+0000] {taskinstance.py:1364} INFO - 
--------------------------------------------------------------------------------
[2022-11-17T16:37:06.889+0000] {taskinstance.py:1383} INFO - Executing <Task(PythonOperator): copy_data_to_local> on 2022-10-25 00:00:00+00:00
[2022-11-17T16:37:06.925+0000] {standard_task_runner.py:55} INFO - Started process 4083 to run task
[2022-11-17T16:37:06.928+0000] {standard_task_runner.py:82} INFO - Running: ['***', 'tasks', 'run', 'MyPersonalAirflowProject', 'copy_data_to_local', 'scheduled__2022-10-25T00:00:00+00:00', '--job-id', '2220', '--raw', '--subdir', 'DAGS_FOLDER/FinalPersonalProject.py', '--cfg-path', '/tmp/tmpw2rccz7_']
[2022-11-17T16:37:06.929+0000] {standard_task_runner.py:83} INFO - Job 2220: Subtask copy_data_to_local
[2022-11-17T16:37:07.003+0000] {task_command.py:376} INFO - Running <TaskInstance: MyPersonalAirflowProject.copy_data_to_local scheduled__2022-10-25T00:00:00+00:00 [running]> on host 638485efabe7
[2022-11-17T16:37:07.099+0000] {taskinstance.py:1592} INFO - Exporting the following env vars:
AIRFLOW_CTX_DAG_OWNER=***
AIRFLOW_CTX_DAG_ID=MyPersonalAirflowProject
AIRFLOW_CTX_TASK_ID=copy_data_to_local
AIRFLOW_CTX_EXECUTION_DATE=2022-10-25T00:00:00+00:00
AIRFLOW_CTX_TRY_NUMBER=1
AIRFLOW_CTX_DAG_RUN_ID=scheduled__2022-10-25T00:00:00+00:00
[2022-11-17T16:37:07.942+0000] {python.py:177} INFO - Done. Returned value was: None
[2022-11-17T16:37:07.978+0000] {taskinstance.py:1406} INFO - Marking task as SUCCESS. dag_id=MyPersonalAirflowProject, task_id=copy_data_to_local, execution_date=20221025T000000, start_date=20221117T163706, end_date=20221117T163707
[2022-11-17T16:37:08.025+0000] {local_task_job.py:164} INFO - Task exited with return code 0
[2022-11-17T16:37:08.080+0000] {local_task_job.py:273} INFO - 1 downstream tasks scheduled from follow-on schedule check
[2022-11-17T17:28:45.881+0000] {taskinstance.py:1165} INFO - Dependencies all met for <TaskInstance: MyPersonalAirflowProject.copy_data_to_local scheduled__2022-10-25T00:00:00+00:00 [queued]>
[2022-11-17T17:28:45.895+0000] {taskinstance.py:1165} INFO - Dependencies all met for <TaskInstance: MyPersonalAirflowProject.copy_data_to_local scheduled__2022-10-25T00:00:00+00:00 [queued]>
[2022-11-17T17:28:45.896+0000] {taskinstance.py:1362} INFO - 
--------------------------------------------------------------------------------
[2022-11-17T17:28:45.896+0000] {taskinstance.py:1363} INFO - Starting attempt 1 of 1
[2022-11-17T17:28:45.896+0000] {taskinstance.py:1364} INFO - 
--------------------------------------------------------------------------------
[2022-11-17T17:28:45.918+0000] {taskinstance.py:1383} INFO - Executing <Task(PythonOperator): copy_data_to_local> on 2022-10-25 00:00:00+00:00
[2022-11-17T17:28:45.927+0000] {standard_task_runner.py:55} INFO - Started process 7723 to run task
[2022-11-17T17:28:45.931+0000] {standard_task_runner.py:82} INFO - Running: ['***', 'tasks', 'run', 'MyPersonalAirflowProject', 'copy_data_to_local', 'scheduled__2022-10-25T00:00:00+00:00', '--job-id', '2630', '--raw', '--subdir', 'DAGS_FOLDER/FinalPersonalProject.py', '--cfg-path', '/tmp/tmpn3n9oze4']
[2022-11-17T17:28:45.932+0000] {standard_task_runner.py:83} INFO - Job 2630: Subtask copy_data_to_local
[2022-11-17T17:28:46.047+0000] {task_command.py:376} INFO - Running <TaskInstance: MyPersonalAirflowProject.copy_data_to_local scheduled__2022-10-25T00:00:00+00:00 [running]> on host 638485efabe7
[2022-11-17T17:28:46.129+0000] {taskinstance.py:1592} INFO - Exporting the following env vars:
AIRFLOW_CTX_DAG_OWNER=***
AIRFLOW_CTX_DAG_ID=MyPersonalAirflowProject
AIRFLOW_CTX_TASK_ID=copy_data_to_local
AIRFLOW_CTX_EXECUTION_DATE=2022-10-25T00:00:00+00:00
AIRFLOW_CTX_TRY_NUMBER=1
AIRFLOW_CTX_DAG_RUN_ID=scheduled__2022-10-25T00:00:00+00:00
[2022-11-17T17:28:46.356+0000] {python.py:177} INFO - Done. Returned value was: None
[2022-11-17T17:28:46.373+0000] {taskinstance.py:1406} INFO - Marking task as SUCCESS. dag_id=MyPersonalAirflowProject, task_id=copy_data_to_local, execution_date=20221025T000000, start_date=20221117T172845, end_date=20221117T172846
[2022-11-17T17:28:46.424+0000] {local_task_job.py:164} INFO - Task exited with return code 0
[2022-11-17T17:28:46.459+0000] {local_task_job.py:273} INFO - 1 downstream tasks scheduled from follow-on schedule check
