[2022-11-16T22:16:07.158+0000] {taskinstance.py:1165} INFO - Dependencies all met for <TaskInstance: MyPersonalAirflowProject.Print_Imported_data scheduled__2022-10-11T00:00:00+00:00 [queued]>
[2022-11-16T22:16:07.175+0000] {taskinstance.py:1165} INFO - Dependencies all met for <TaskInstance: MyPersonalAirflowProject.Print_Imported_data scheduled__2022-10-11T00:00:00+00:00 [queued]>
[2022-11-16T22:16:07.176+0000] {taskinstance.py:1362} INFO - 
--------------------------------------------------------------------------------
[2022-11-16T22:16:07.178+0000] {taskinstance.py:1363} INFO - Starting attempt 1 of 1
[2022-11-16T22:16:07.178+0000] {taskinstance.py:1364} INFO - 
--------------------------------------------------------------------------------
[2022-11-16T22:16:07.197+0000] {taskinstance.py:1383} INFO - Executing <Task(BashOperator): Print_Imported_data> on 2022-10-11 00:00:00+00:00
[2022-11-16T22:16:07.203+0000] {standard_task_runner.py:55} INFO - Started process 5153 to run task
[2022-11-16T22:16:07.206+0000] {standard_task_runner.py:82} INFO - Running: ['***', 'tasks', 'run', 'MyPersonalAirflowProject', 'Print_Imported_data', 'scheduled__2022-10-11T00:00:00+00:00', '--job-id', '1505', '--raw', '--subdir', 'DAGS_FOLDER/FinalPersonalProject.py', '--cfg-path', '/tmp/tmptn1o5xs_']
[2022-11-16T22:16:07.207+0000] {standard_task_runner.py:83} INFO - Job 1505: Subtask Print_Imported_data
[2022-11-16T22:16:07.274+0000] {task_command.py:376} INFO - Running <TaskInstance: MyPersonalAirflowProject.Print_Imported_data scheduled__2022-10-11T00:00:00+00:00 [running]> on host 638485efabe7
[2022-11-16T22:16:07.356+0000] {taskinstance.py:1592} INFO - Exporting the following env vars:
AIRFLOW_CTX_DAG_OWNER=***
AIRFLOW_CTX_DAG_ID=MyPersonalAirflowProject
AIRFLOW_CTX_TASK_ID=Print_Imported_data
AIRFLOW_CTX_EXECUTION_DATE=2022-10-11T00:00:00+00:00
AIRFLOW_CTX_TRY_NUMBER=1
AIRFLOW_CTX_DAG_RUN_ID=scheduled__2022-10-11T00:00:00+00:00
[2022-11-16T22:16:07.361+0000] {subprocess.py:63} INFO - Tmp dir root location: 
 /tmp
[2022-11-16T22:16:07.362+0000] {subprocess.py:75} INFO - Running command: ['/bin/bash', '-c', 'ls /tmp/ && head /tmp/platzi_data.csv']
[2022-11-16T22:16:07.375+0000] {subprocess.py:86} INFO - Output:
[2022-11-16T22:16:07.403+0000] {subprocess.py:93} INFO - ***tmpcgb8vmk5
[2022-11-16T22:16:07.404+0000] {subprocess.py:93} INFO - ***tmpk5xxq3nx
[2022-11-16T22:16:07.405+0000] {subprocess.py:93} INFO - ***tmplkvca7ip
[2022-11-16T22:16:07.405+0000] {subprocess.py:93} INFO - ***tmpodkacs8z
[2022-11-16T22:16:07.406+0000] {subprocess.py:93} INFO - file.txt
[2022-11-16T22:16:07.407+0000] {subprocess.py:93} INFO - history.json
[2022-11-16T22:16:07.407+0000] {subprocess.py:93} INFO - platzi_data_20221001.csv
[2022-11-16T22:16:07.407+0000] {subprocess.py:93} INFO - platzi_data_20221002.csv
[2022-11-16T22:16:07.408+0000] {subprocess.py:93} INFO - platzi_data_20221003.csv
[2022-11-16T22:16:07.408+0000] {subprocess.py:93} INFO - platzi_data_20221004.csv
[2022-11-16T22:16:07.409+0000] {subprocess.py:93} INFO - platzi_data_20221005.csv
[2022-11-16T22:16:07.410+0000] {subprocess.py:93} INFO - platzi_data_20221006.csv
[2022-11-16T22:16:07.410+0000] {subprocess.py:93} INFO - platzi_data_20221007.csv
[2022-11-16T22:16:07.410+0000] {subprocess.py:93} INFO - platzi_data_20221008.csv
[2022-11-16T22:16:07.411+0000] {subprocess.py:93} INFO - platzi_data_20221009.csv
[2022-11-16T22:16:07.411+0000] {subprocess.py:93} INFO - platzi_data_20221010.csv
[2022-11-16T22:16:07.412+0000] {subprocess.py:93} INFO - platzi_data_20221011.csv
[2022-11-16T22:16:07.412+0000] {subprocess.py:93} INFO - pymp-8yik9lbi
[2022-11-16T22:16:07.413+0000] {subprocess.py:93} INFO - pymp-y00k7agg
[2022-11-16T22:16:07.413+0000] {subprocess.py:93} INFO - reponse_20221001.txt
[2022-11-16T22:16:07.413+0000] {subprocess.py:93} INFO - reponse_20221002.txt
[2022-11-16T22:16:07.414+0000] {subprocess.py:93} INFO - reponse_20221003.txt
[2022-11-16T22:16:07.414+0000] {subprocess.py:93} INFO - reponse_20221004.txt
[2022-11-16T22:16:07.414+0000] {subprocess.py:93} INFO - reponse_20221005.txt
[2022-11-16T22:16:07.415+0000] {subprocess.py:93} INFO - reponse_20221006.txt
[2022-11-16T22:16:07.415+0000] {subprocess.py:93} INFO - reponse_20221007.txt
[2022-11-16T22:16:07.415+0000] {subprocess.py:93} INFO - reponse_20221008.txt
[2022-11-16T22:16:07.416+0000] {subprocess.py:93} INFO - reponse_20221009.txt
[2022-11-16T22:16:07.416+0000] {subprocess.py:93} INFO - reponse_20221010.txt
[2022-11-16T22:16:07.416+0000] {subprocess.py:93} INFO - reponse_20221011.txt
[2022-11-16T22:16:07.416+0000] {subprocess.py:93} INFO - reponse_20221022.txt
[2022-11-16T22:16:07.417+0000] {subprocess.py:93} INFO - reponse_20221023.txt
[2022-11-16T22:16:07.417+0000] {subprocess.py:93} INFO - reponse_20221024.txt
[2022-11-16T22:16:07.417+0000] {subprocess.py:93} INFO - reponse_20221025.txt
[2022-11-16T22:16:07.418+0000] {subprocess.py:93} INFO - reponse_20221026.txt
[2022-11-16T22:16:07.418+0000] {subprocess.py:93} INFO - reponse_20221027.txt
[2022-11-16T22:16:07.418+0000] {subprocess.py:93} INFO - reponse_20221028.txt
[2022-11-16T22:16:07.419+0000] {subprocess.py:93} INFO - reponse_20221029.txt
[2022-11-16T22:16:07.419+0000] {subprocess.py:93} INFO - reponse_20221030.txt
[2022-11-16T22:16:07.419+0000] {subprocess.py:93} INFO - reponse_20221031.txt
[2022-11-16T22:16:07.419+0000] {subprocess.py:93} INFO - reponse_20221101.txt
[2022-11-16T22:16:07.420+0000] {subprocess.py:93} INFO - reponse_20221102.txt
[2022-11-16T22:16:07.420+0000] {subprocess.py:93} INFO - reponse_20221103.txt
[2022-11-16T22:16:07.420+0000] {subprocess.py:93} INFO - reponse_20221104.txt
[2022-11-16T22:16:07.420+0000] {subprocess.py:93} INFO - reponse_20221105.txt
[2022-11-16T22:16:07.421+0000] {subprocess.py:93} INFO - reponse_20221106.txt
[2022-11-16T22:16:07.422+0000] {subprocess.py:93} INFO - reponse_20221107.txt
[2022-11-16T22:16:07.422+0000] {subprocess.py:93} INFO - reponse_20221108.txt
[2022-11-16T22:16:07.422+0000] {subprocess.py:93} INFO - reponse_20221109.txt
[2022-11-16T22:16:07.423+0000] {subprocess.py:93} INFO - reponse_20221110.txt
[2022-11-16T22:16:07.423+0000] {subprocess.py:93} INFO - reponse_20221111.txt
[2022-11-16T22:16:07.423+0000] {subprocess.py:93} INFO - reponse_20221112.txt
[2022-11-16T22:16:07.423+0000] {subprocess.py:93} INFO - reponse_20221113.txt
[2022-11-16T22:16:07.424+0000] {subprocess.py:93} INFO - reponse_20221114.txt
[2022-11-16T22:16:07.424+0000] {subprocess.py:93} INFO - reponse_20221115.txt
[2022-11-16T22:16:07.424+0000] {subprocess.py:93} INFO - tmp061o5asr
[2022-11-16T22:16:07.424+0000] {subprocess.py:93} INFO - tmp1b_v374g
[2022-11-16T22:16:07.425+0000] {subprocess.py:93} INFO - tmp2n3y4qb3
[2022-11-16T22:16:07.425+0000] {subprocess.py:93} INFO - tmp2ztydtyd
[2022-11-16T22:16:07.425+0000] {subprocess.py:93} INFO - tmp546oqdk0
[2022-11-16T22:16:07.426+0000] {subprocess.py:93} INFO - tmp57roj99h
[2022-11-16T22:16:07.426+0000] {subprocess.py:93} INFO - tmp5lejojs5
[2022-11-16T22:16:07.426+0000] {subprocess.py:93} INFO - tmp5nj2onwa
[2022-11-16T22:16:07.426+0000] {subprocess.py:93} INFO - tmp64cxrvul
[2022-11-16T22:16:07.427+0000] {subprocess.py:93} INFO - tmp6g4l21c1
[2022-11-16T22:16:07.428+0000] {subprocess.py:93} INFO - tmp7c6bgots
[2022-11-16T22:16:07.428+0000] {subprocess.py:93} INFO - tmp7khebugo
[2022-11-16T22:16:07.428+0000] {subprocess.py:93} INFO - tmp7lvtz6wk
[2022-11-16T22:16:07.429+0000] {subprocess.py:93} INFO - tmp8_n1aj39
[2022-11-16T22:16:07.429+0000] {subprocess.py:93} INFO - tmp8c_dsk2e
[2022-11-16T22:16:07.429+0000] {subprocess.py:93} INFO - tmp928ntdt7
[2022-11-16T22:16:07.429+0000] {subprocess.py:93} INFO - tmp9503grtb
[2022-11-16T22:16:07.430+0000] {subprocess.py:93} INFO - tmp_afh1uos
[2022-11-16T22:16:07.430+0000] {subprocess.py:93} INFO - tmp_m6lsnw3
[2022-11-16T22:16:07.430+0000] {subprocess.py:93} INFO - tmp_vy6n6_q
[2022-11-16T22:16:07.431+0000] {subprocess.py:93} INFO - tmpcnj5oj8y
[2022-11-16T22:16:07.431+0000] {subprocess.py:93} INFO - tmpcu_pom_6
[2022-11-16T22:16:07.431+0000] {subprocess.py:93} INFO - tmpdmc2g1zb
[2022-11-16T22:16:07.431+0000] {subprocess.py:93} INFO - tmpe4k1ogev
[2022-11-16T22:16:07.432+0000] {subprocess.py:93} INFO - tmpg_n88zm7
[2022-11-16T22:16:07.432+0000] {subprocess.py:93} INFO - tmpgg8mkst1
[2022-11-16T22:16:07.432+0000] {subprocess.py:93} INFO - tmpgi8v82jx
[2022-11-16T22:16:07.433+0000] {subprocess.py:93} INFO - tmpiez6kail
[2022-11-16T22:16:07.433+0000] {subprocess.py:93} INFO - tmpj1n4wxza
[2022-11-16T22:16:07.433+0000] {subprocess.py:93} INFO - tmpjsznho2e
[2022-11-16T22:16:07.433+0000] {subprocess.py:93} INFO - tmpkrg9_cgk
[2022-11-16T22:16:07.434+0000] {subprocess.py:93} INFO - tmpl13ymsfs
[2022-11-16T22:16:07.434+0000] {subprocess.py:93} INFO - tmplrbhl64b
[2022-11-16T22:16:07.434+0000] {subprocess.py:93} INFO - tmpn38ozedg
[2022-11-16T22:16:07.434+0000] {subprocess.py:93} INFO - tmpn96u_4ih
[2022-11-16T22:16:07.435+0000] {subprocess.py:93} INFO - tmpo3nf6k5c
[2022-11-16T22:16:07.435+0000] {subprocess.py:93} INFO - tmpoy_ljy8t
[2022-11-16T22:16:07.435+0000] {subprocess.py:93} INFO - tmpp4w9yq6x
[2022-11-16T22:16:07.436+0000] {subprocess.py:93} INFO - tmppfidxzjr
[2022-11-16T22:16:07.436+0000] {subprocess.py:93} INFO - tmpr681bhfw
[2022-11-16T22:16:07.436+0000] {subprocess.py:93} INFO - tmpr9102hwf
[2022-11-16T22:16:07.436+0000] {subprocess.py:93} INFO - tmpt4qo16oq
[2022-11-16T22:16:07.437+0000] {subprocess.py:93} INFO - tmptn832g5z
[2022-11-16T22:16:07.437+0000] {subprocess.py:93} INFO - tmpu9qbl0wh
[2022-11-16T22:16:07.437+0000] {subprocess.py:93} INFO - tmpuq8ywung
[2022-11-16T22:16:07.437+0000] {subprocess.py:93} INFO - tmpv606o9_9
[2022-11-16T22:16:07.438+0000] {subprocess.py:93} INFO - tmpxf7g1lc4
[2022-11-16T22:16:07.438+0000] {subprocess.py:93} INFO - tmpxktobcjf
[2022-11-16T22:16:07.438+0000] {subprocess.py:93} INFO - tmpz91iizm7
[2022-11-16T22:16:07.439+0000] {subprocess.py:93} INFO - head: cannot open '/tmp/platzi_data.csv' for reading: No such file or directory
[2022-11-16T22:16:07.439+0000] {subprocess.py:97} INFO - Command exited with return code 1
[2022-11-16T22:16:07.452+0000] {taskinstance.py:1851} ERROR - Task failed with exception
Traceback (most recent call last):
  File "/home/airflow/.local/lib/python3.7/site-packages/airflow/operators/bash.py", line 197, in execute
    f'Bash command failed. The command returned a non-zero exit code {result.exit_code}.'
airflow.exceptions.AirflowException: Bash command failed. The command returned a non-zero exit code 1.
[2022-11-16T22:16:07.458+0000] {taskinstance.py:1406} INFO - Marking task as FAILED. dag_id=MyPersonalAirflowProject, task_id=Print_Imported_data, execution_date=20221011T000000, start_date=20221116T221607, end_date=20221116T221607
[2022-11-16T22:16:07.473+0000] {standard_task_runner.py:105} ERROR - Failed to execute job 1505 for task Print_Imported_data (Bash command failed. The command returned a non-zero exit code 1.; 5153)
[2022-11-16T22:16:07.524+0000] {local_task_job.py:164} INFO - Task exited with return code 1
[2022-11-16T22:16:07.550+0000] {local_task_job.py:273} INFO - 0 downstream tasks scheduled from follow-on schedule check
[2022-11-17T16:29:32.191+0000] {taskinstance.py:1165} INFO - Dependencies all met for <TaskInstance: MyPersonalAirflowProject.Print_Imported_data scheduled__2022-10-11T00:00:00+00:00 [queued]>
[2022-11-17T16:29:32.207+0000] {taskinstance.py:1165} INFO - Dependencies all met for <TaskInstance: MyPersonalAirflowProject.Print_Imported_data scheduled__2022-10-11T00:00:00+00:00 [queued]>
[2022-11-17T16:29:32.208+0000] {taskinstance.py:1362} INFO - 
--------------------------------------------------------------------------------
[2022-11-17T16:29:32.209+0000] {taskinstance.py:1363} INFO - Starting attempt 1 of 1
[2022-11-17T16:29:32.209+0000] {taskinstance.py:1364} INFO - 
--------------------------------------------------------------------------------
[2022-11-17T16:29:32.229+0000] {taskinstance.py:1383} INFO - Executing <Task(BashOperator): Print_Imported_data> on 2022-10-11 00:00:00+00:00
[2022-11-17T16:29:32.235+0000] {standard_task_runner.py:55} INFO - Started process 3406 to run task
[2022-11-17T16:29:32.238+0000] {standard_task_runner.py:82} INFO - Running: ['***', 'tasks', 'run', 'MyPersonalAirflowProject', 'Print_Imported_data', 'scheduled__2022-10-11T00:00:00+00:00', '--job-id', '2109', '--raw', '--subdir', 'DAGS_FOLDER/FinalPersonalProject.py', '--cfg-path', '/tmp/tmpvgp7j36h']
[2022-11-17T16:29:32.238+0000] {standard_task_runner.py:83} INFO - Job 2109: Subtask Print_Imported_data
[2022-11-17T16:29:32.312+0000] {task_command.py:376} INFO - Running <TaskInstance: MyPersonalAirflowProject.Print_Imported_data scheduled__2022-10-11T00:00:00+00:00 [running]> on host 638485efabe7
[2022-11-17T16:29:32.388+0000] {taskinstance.py:1592} INFO - Exporting the following env vars:
AIRFLOW_CTX_DAG_OWNER=***
AIRFLOW_CTX_DAG_ID=MyPersonalAirflowProject
AIRFLOW_CTX_TASK_ID=Print_Imported_data
AIRFLOW_CTX_EXECUTION_DATE=2022-10-11T00:00:00+00:00
AIRFLOW_CTX_TRY_NUMBER=1
AIRFLOW_CTX_DAG_RUN_ID=scheduled__2022-10-11T00:00:00+00:00
[2022-11-17T16:29:32.389+0000] {subprocess.py:63} INFO - Tmp dir root location: 
 /tmp
[2022-11-17T16:29:32.390+0000] {subprocess.py:75} INFO - Running command: ['/bin/bash', '-c', 'ls /tmp/ && head /tmp/platzi_data_20221011.csv']
[2022-11-17T16:29:32.400+0000] {subprocess.py:86} INFO - Output:
[2022-11-17T16:29:32.404+0000] {subprocess.py:93} INFO - ***tmp0leybjjh
[2022-11-17T16:29:32.404+0000] {subprocess.py:93} INFO - ***tmpk5xxq3nx
[2022-11-17T16:29:32.405+0000] {subprocess.py:93} INFO - ***tmplkvca7ip
[2022-11-17T16:29:32.405+0000] {subprocess.py:93} INFO - ***tmpodkacs8z
[2022-11-17T16:29:32.406+0000] {subprocess.py:93} INFO - file.txt
[2022-11-17T16:29:32.406+0000] {subprocess.py:93} INFO - history.json
[2022-11-17T16:29:32.406+0000] {subprocess.py:93} INFO - platzi_data_20221001.csv
[2022-11-17T16:29:32.407+0000] {subprocess.py:93} INFO - platzi_data_20221002.csv
[2022-11-17T16:29:32.407+0000] {subprocess.py:93} INFO - platzi_data_20221003.csv
[2022-11-17T16:29:32.407+0000] {subprocess.py:93} INFO - platzi_data_20221004.csv
[2022-11-17T16:29:32.407+0000] {subprocess.py:93} INFO - platzi_data_20221005.csv
[2022-11-17T16:29:32.408+0000] {subprocess.py:93} INFO - platzi_data_20221006.csv
[2022-11-17T16:29:32.408+0000] {subprocess.py:93} INFO - platzi_data_20221007.csv
[2022-11-17T16:29:32.408+0000] {subprocess.py:93} INFO - platzi_data_20221008.csv
[2022-11-17T16:29:32.409+0000] {subprocess.py:93} INFO - platzi_data_20221009.csv
[2022-11-17T16:29:32.409+0000] {subprocess.py:93} INFO - platzi_data_20221010.csv
[2022-11-17T16:29:32.409+0000] {subprocess.py:93} INFO - platzi_data_20221011.csv
[2022-11-17T16:29:32.410+0000] {subprocess.py:93} INFO - platzi_data_20221012.csv
[2022-11-17T16:29:32.410+0000] {subprocess.py:93} INFO - platzi_data_20221013.csv
[2022-11-17T16:29:32.410+0000] {subprocess.py:93} INFO - platzi_data_20221014.csv
[2022-11-17T16:29:32.411+0000] {subprocess.py:93} INFO - platzi_data_20221015.csv
[2022-11-17T16:29:32.411+0000] {subprocess.py:93} INFO - platzi_data_20221016.csv
[2022-11-17T16:29:32.411+0000] {subprocess.py:93} INFO - platzi_data_20221017.csv
[2022-11-17T16:29:32.412+0000] {subprocess.py:93} INFO - platzi_data_20221018.csv
[2022-11-17T16:29:32.412+0000] {subprocess.py:93} INFO - platzi_data_20221019.csv
[2022-11-17T16:29:32.412+0000] {subprocess.py:93} INFO - platzi_data_20221020.csv
[2022-11-17T16:29:32.413+0000] {subprocess.py:93} INFO - platzi_data_20221021.csv
[2022-11-17T16:29:32.413+0000] {subprocess.py:93} INFO - platzi_data_20221022.csv
[2022-11-17T16:29:32.413+0000] {subprocess.py:93} INFO - platzi_data_20221023.csv
[2022-11-17T16:29:32.414+0000] {subprocess.py:93} INFO - platzi_data_20221024.csv
[2022-11-17T16:29:32.414+0000] {subprocess.py:93} INFO - platzi_data_20221025.csv
[2022-11-17T16:29:32.414+0000] {subprocess.py:93} INFO - platzi_data_20221026.csv
[2022-11-17T16:29:32.414+0000] {subprocess.py:93} INFO - platzi_data_20221027.csv
[2022-11-17T16:29:32.415+0000] {subprocess.py:93} INFO - platzi_data_20221028.csv
[2022-11-17T16:29:32.415+0000] {subprocess.py:93} INFO - platzi_data_20221029.csv
[2022-11-17T16:29:32.415+0000] {subprocess.py:93} INFO - platzi_data_20221030.csv
[2022-11-17T16:29:32.415+0000] {subprocess.py:93} INFO - platzi_data_20221031.csv
[2022-11-17T16:29:32.416+0000] {subprocess.py:93} INFO - platzi_data_20221101.csv
[2022-11-17T16:29:32.416+0000] {subprocess.py:93} INFO - platzi_data_20221102.csv
[2022-11-17T16:29:32.416+0000] {subprocess.py:93} INFO - platzi_data_20221103.csv
[2022-11-17T16:29:32.417+0000] {subprocess.py:93} INFO - platzi_data_20221104.csv
[2022-11-17T16:29:32.417+0000] {subprocess.py:93} INFO - platzi_data_20221105.csv
[2022-11-17T16:29:32.417+0000] {subprocess.py:93} INFO - platzi_data_20221106.csv
[2022-11-17T16:29:32.417+0000] {subprocess.py:93} INFO - platzi_data_20221107.csv
[2022-11-17T16:29:32.418+0000] {subprocess.py:93} INFO - platzi_data_20221108.csv
[2022-11-17T16:29:32.418+0000] {subprocess.py:93} INFO - platzi_data_20221109.csv
[2022-11-17T16:29:32.418+0000] {subprocess.py:93} INFO - platzi_data_20221110.csv
[2022-11-17T16:29:32.418+0000] {subprocess.py:93} INFO - platzi_data_20221111.csv
[2022-11-17T16:29:32.419+0000] {subprocess.py:93} INFO - platzi_data_20221112.csv
[2022-11-17T16:29:32.419+0000] {subprocess.py:93} INFO - platzi_data_20221113.csv
[2022-11-17T16:29:32.419+0000] {subprocess.py:93} INFO - platzi_data_20221114.csv
[2022-11-17T16:29:32.420+0000] {subprocess.py:93} INFO - platzi_data_20221115.csv
[2022-11-17T16:29:32.420+0000] {subprocess.py:93} INFO - platzi_data_20221116.csv
[2022-11-17T16:29:32.420+0000] {subprocess.py:93} INFO - pymp-8yik9lbi
[2022-11-17T16:29:32.420+0000] {subprocess.py:93} INFO - pymp-sbqt6pho
[2022-11-17T16:29:32.421+0000] {subprocess.py:93} INFO - reponse_20221001.txt
[2022-11-17T16:29:32.421+0000] {subprocess.py:93} INFO - reponse_20221002.txt
[2022-11-17T16:29:32.421+0000] {subprocess.py:93} INFO - reponse_20221003.txt
[2022-11-17T16:29:32.422+0000] {subprocess.py:93} INFO - reponse_20221004.txt
[2022-11-17T16:29:32.422+0000] {subprocess.py:93} INFO - reponse_20221005.txt
[2022-11-17T16:29:32.422+0000] {subprocess.py:93} INFO - reponse_20221006.txt
[2022-11-17T16:29:32.422+0000] {subprocess.py:93} INFO - reponse_20221007.txt
[2022-11-17T16:29:32.423+0000] {subprocess.py:93} INFO - reponse_20221008.txt
[2022-11-17T16:29:32.423+0000] {subprocess.py:93} INFO - reponse_20221009.txt
[2022-11-17T16:29:32.423+0000] {subprocess.py:93} INFO - reponse_20221010.txt
[2022-11-17T16:29:32.423+0000] {subprocess.py:93} INFO - reponse_20221011.txt
[2022-11-17T16:29:32.424+0000] {subprocess.py:93} INFO - reponse_20221012.txt
[2022-11-17T16:29:32.424+0000] {subprocess.py:93} INFO - reponse_20221013.txt
[2022-11-17T16:29:32.424+0000] {subprocess.py:93} INFO - reponse_20221014.txt
[2022-11-17T16:29:32.425+0000] {subprocess.py:93} INFO - reponse_20221015.txt
[2022-11-17T16:29:32.425+0000] {subprocess.py:93} INFO - reponse_20221016.txt
[2022-11-17T16:29:32.425+0000] {subprocess.py:93} INFO - reponse_20221017.txt
[2022-11-17T16:29:32.426+0000] {subprocess.py:93} INFO - reponse_20221018.txt
[2022-11-17T16:29:32.426+0000] {subprocess.py:93} INFO - reponse_20221019.txt
[2022-11-17T16:29:32.426+0000] {subprocess.py:93} INFO - reponse_20221020.txt
[2022-11-17T16:29:32.427+0000] {subprocess.py:93} INFO - reponse_20221021.txt
[2022-11-17T16:29:32.427+0000] {subprocess.py:93} INFO - reponse_20221022.txt
[2022-11-17T16:29:32.427+0000] {subprocess.py:93} INFO - reponse_20221023.txt
[2022-11-17T16:29:32.428+0000] {subprocess.py:93} INFO - reponse_20221024.txt
[2022-11-17T16:29:32.428+0000] {subprocess.py:93} INFO - reponse_20221025.txt
[2022-11-17T16:29:32.428+0000] {subprocess.py:93} INFO - reponse_20221026.txt
[2022-11-17T16:29:32.428+0000] {subprocess.py:93} INFO - reponse_20221027.txt
[2022-11-17T16:29:32.429+0000] {subprocess.py:93} INFO - reponse_20221028.txt
[2022-11-17T16:29:32.429+0000] {subprocess.py:93} INFO - reponse_20221029.txt
[2022-11-17T16:29:32.429+0000] {subprocess.py:93} INFO - reponse_20221030.txt
[2022-11-17T16:29:32.429+0000] {subprocess.py:93} INFO - reponse_20221031.txt
[2022-11-17T16:29:32.430+0000] {subprocess.py:93} INFO - reponse_20221101.txt
[2022-11-17T16:29:32.430+0000] {subprocess.py:93} INFO - reponse_20221102.txt
[2022-11-17T16:29:32.430+0000] {subprocess.py:93} INFO - reponse_20221103.txt
[2022-11-17T16:29:32.431+0000] {subprocess.py:93} INFO - reponse_20221104.txt
[2022-11-17T16:29:32.431+0000] {subprocess.py:93} INFO - reponse_20221105.txt
[2022-11-17T16:29:32.431+0000] {subprocess.py:93} INFO - reponse_20221106.txt
[2022-11-17T16:29:32.431+0000] {subprocess.py:93} INFO - reponse_20221107.txt
[2022-11-17T16:29:32.432+0000] {subprocess.py:93} INFO - reponse_20221108.txt
[2022-11-17T16:29:32.432+0000] {subprocess.py:93} INFO - reponse_20221109.txt
[2022-11-17T16:29:32.432+0000] {subprocess.py:93} INFO - reponse_20221110.txt
[2022-11-17T16:29:32.433+0000] {subprocess.py:93} INFO - reponse_20221111.txt
[2022-11-17T16:29:32.433+0000] {subprocess.py:93} INFO - reponse_20221112.txt
[2022-11-17T16:29:32.434+0000] {subprocess.py:93} INFO - reponse_20221113.txt
[2022-11-17T16:29:32.434+0000] {subprocess.py:93} INFO - reponse_20221114.txt
[2022-11-17T16:29:32.434+0000] {subprocess.py:93} INFO - reponse_20221115.txt
[2022-11-17T16:29:32.435+0000] {subprocess.py:93} INFO - reponse_20221116.txt
[2022-11-17T16:29:32.435+0000] {subprocess.py:93} INFO - tmp061o5asr
[2022-11-17T16:29:32.435+0000] {subprocess.py:93} INFO - tmp1b_v374g
[2022-11-17T16:29:32.436+0000] {subprocess.py:93} INFO - tmp2n3y4qb3
[2022-11-17T16:29:32.436+0000] {subprocess.py:93} INFO - tmp2ztydtyd
[2022-11-17T16:29:32.436+0000] {subprocess.py:93} INFO - tmp546oqdk0
[2022-11-17T16:29:32.436+0000] {subprocess.py:93} INFO - tmp57roj99h
[2022-11-17T16:29:32.437+0000] {subprocess.py:93} INFO - tmp5lejojs5
[2022-11-17T16:29:32.437+0000] {subprocess.py:93} INFO - tmp5nj2onwa
[2022-11-17T16:29:32.437+0000] {subprocess.py:93} INFO - tmp64cxrvul
[2022-11-17T16:29:32.437+0000] {subprocess.py:93} INFO - tmp6g4l21c1
[2022-11-17T16:29:32.438+0000] {subprocess.py:93} INFO - tmp7c6bgots
[2022-11-17T16:29:32.438+0000] {subprocess.py:93} INFO - tmp7khebugo
[2022-11-17T16:29:32.438+0000] {subprocess.py:93} INFO - tmp7lvtz6wk
[2022-11-17T16:29:32.438+0000] {subprocess.py:93} INFO - tmp8_n1aj39
[2022-11-17T16:29:32.439+0000] {subprocess.py:93} INFO - tmp8c_dsk2e
[2022-11-17T16:29:32.439+0000] {subprocess.py:93} INFO - tmp928ntdt7
[2022-11-17T16:29:32.440+0000] {subprocess.py:93} INFO - tmp9503grtb
[2022-11-17T16:29:32.440+0000] {subprocess.py:93} INFO - tmp_afh1uos
[2022-11-17T16:29:32.440+0000] {subprocess.py:93} INFO - tmp_m6lsnw3
[2022-11-17T16:29:32.440+0000] {subprocess.py:93} INFO - tmp_vy6n6_q
[2022-11-17T16:29:32.441+0000] {subprocess.py:93} INFO - tmpcnj5oj8y
[2022-11-17T16:29:32.441+0000] {subprocess.py:93} INFO - tmpcu_pom_6
[2022-11-17T16:29:32.441+0000] {subprocess.py:93} INFO - tmpdmc2g1zb
[2022-11-17T16:29:32.441+0000] {subprocess.py:93} INFO - tmpe4k1ogev
[2022-11-17T16:29:32.442+0000] {subprocess.py:93} INFO - tmpg_n88zm7
[2022-11-17T16:29:32.442+0000] {subprocess.py:93} INFO - tmpgg8mkst1
[2022-11-17T16:29:32.442+0000] {subprocess.py:93} INFO - tmpgi8v82jx
[2022-11-17T16:29:32.442+0000] {subprocess.py:93} INFO - tmpiez6kail
[2022-11-17T16:29:32.443+0000] {subprocess.py:93} INFO - tmpj1n4wxza
[2022-11-17T16:29:32.443+0000] {subprocess.py:93} INFO - tmpjsznho2e
[2022-11-17T16:29:32.443+0000] {subprocess.py:93} INFO - tmpkrg9_cgk
[2022-11-17T16:29:32.444+0000] {subprocess.py:93} INFO - tmpl13ymsfs
[2022-11-17T16:29:32.444+0000] {subprocess.py:93} INFO - tmplrbhl64b
[2022-11-17T16:29:32.444+0000] {subprocess.py:93} INFO - tmpn38ozedg
[2022-11-17T16:29:32.445+0000] {subprocess.py:93} INFO - tmpn96u_4ih
[2022-11-17T16:29:32.445+0000] {subprocess.py:93} INFO - tmpo3nf6k5c
[2022-11-17T16:29:32.445+0000] {subprocess.py:93} INFO - tmpoy_ljy8t
[2022-11-17T16:29:32.445+0000] {subprocess.py:93} INFO - tmpp4w9yq6x
[2022-11-17T16:29:32.446+0000] {subprocess.py:93} INFO - tmppfidxzjr
[2022-11-17T16:29:32.446+0000] {subprocess.py:93} INFO - tmpr681bhfw
[2022-11-17T16:29:32.446+0000] {subprocess.py:93} INFO - tmpr9102hwf
[2022-11-17T16:29:32.447+0000] {subprocess.py:93} INFO - tmpt4qo16oq
[2022-11-17T16:29:32.447+0000] {subprocess.py:93} INFO - tmptn832g5z
[2022-11-17T16:29:32.447+0000] {subprocess.py:93} INFO - tmpu9qbl0wh
[2022-11-17T16:29:32.447+0000] {subprocess.py:93} INFO - tmpuq8ywung
[2022-11-17T16:29:32.448+0000] {subprocess.py:93} INFO - tmpv606o9_9
[2022-11-17T16:29:32.448+0000] {subprocess.py:93} INFO - tmpxf7g1lc4
[2022-11-17T16:29:32.448+0000] {subprocess.py:93} INFO - tmpxktobcjf
[2022-11-17T16:29:32.448+0000] {subprocess.py:93} INFO - tmpz91iizm7
[2022-11-17T16:29:32.449+0000] {subprocess.py:93} INFO - ,student,timestamp
[2022-11-17T16:29:32.449+0000] {subprocess.py:93} INFO - 0,Maria Cruz,2022-10-11 00:00:00+00:00
[2022-11-17T16:29:32.449+0000] {subprocess.py:93} INFO - 1,Daniel Crema,2022-10-11 00:00:00+00:00
[2022-11-17T16:29:32.450+0000] {subprocess.py:93} INFO - 2,Elon Musk,2022-10-11 00:00:00+00:00
[2022-11-17T16:29:32.450+0000] {subprocess.py:93} INFO - 3,Karol Castrejon,2022-10-11 00:00:00+00:00
[2022-11-17T16:29:32.450+0000] {subprocess.py:93} INFO - 4,Freddy Vega,2022-10-11 00:00:00+00:00
[2022-11-17T16:29:32.450+0000] {subprocess.py:93} INFO - 5,Freddy Montañez,2022-10-11 00:00:00+00:00
[2022-11-17T16:29:32.451+0000] {subprocess.py:97} INFO - Command exited with return code 0
[2022-11-17T16:29:32.478+0000] {taskinstance.py:1406} INFO - Marking task as SUCCESS. dag_id=MyPersonalAirflowProject, task_id=Print_Imported_data, execution_date=20221011T000000, start_date=20221117T162932, end_date=20221117T162932
[2022-11-17T16:29:32.532+0000] {local_task_job.py:164} INFO - Task exited with return code 0
[2022-11-17T16:29:32.561+0000] {local_task_job.py:273} INFO - 2 downstream tasks scheduled from follow-on schedule check
[2022-11-17T17:21:40.159+0000] {taskinstance.py:1165} INFO - Dependencies all met for <TaskInstance: MyPersonalAirflowProject.Print_Imported_data scheduled__2022-10-11T00:00:00+00:00 [queued]>
[2022-11-17T17:21:40.171+0000] {taskinstance.py:1165} INFO - Dependencies all met for <TaskInstance: MyPersonalAirflowProject.Print_Imported_data scheduled__2022-10-11T00:00:00+00:00 [queued]>
[2022-11-17T17:21:40.172+0000] {taskinstance.py:1362} INFO - 
--------------------------------------------------------------------------------
[2022-11-17T17:21:40.172+0000] {taskinstance.py:1363} INFO - Starting attempt 1 of 1
[2022-11-17T17:21:40.173+0000] {taskinstance.py:1364} INFO - 
--------------------------------------------------------------------------------
[2022-11-17T17:21:40.189+0000] {taskinstance.py:1383} INFO - Executing <Task(BashOperator): Print_Imported_data> on 2022-10-11 00:00:00+00:00
[2022-11-17T17:21:40.195+0000] {standard_task_runner.py:55} INFO - Started process 7040 to run task
[2022-11-17T17:21:40.198+0000] {standard_task_runner.py:82} INFO - Running: ['***', 'tasks', 'run', 'MyPersonalAirflowProject', 'Print_Imported_data', 'scheduled__2022-10-11T00:00:00+00:00', '--job-id', '2519', '--raw', '--subdir', 'DAGS_FOLDER/FinalPersonalProject.py', '--cfg-path', '/tmp/tmp6cjv3aoy']
[2022-11-17T17:21:40.198+0000] {standard_task_runner.py:83} INFO - Job 2519: Subtask Print_Imported_data
[2022-11-17T17:21:40.281+0000] {task_command.py:376} INFO - Running <TaskInstance: MyPersonalAirflowProject.Print_Imported_data scheduled__2022-10-11T00:00:00+00:00 [running]> on host 638485efabe7
[2022-11-17T17:21:40.413+0000] {taskinstance.py:1592} INFO - Exporting the following env vars:
AIRFLOW_CTX_DAG_OWNER=***
AIRFLOW_CTX_DAG_ID=MyPersonalAirflowProject
AIRFLOW_CTX_TASK_ID=Print_Imported_data
AIRFLOW_CTX_EXECUTION_DATE=2022-10-11T00:00:00+00:00
AIRFLOW_CTX_TRY_NUMBER=1
AIRFLOW_CTX_DAG_RUN_ID=scheduled__2022-10-11T00:00:00+00:00
[2022-11-17T17:21:40.415+0000] {subprocess.py:63} INFO - Tmp dir root location: 
 /tmp
[2022-11-17T17:21:40.416+0000] {subprocess.py:75} INFO - Running command: ['/bin/bash', '-c', 'ls /tmp/ && head /tmp/platzi_data_20221011.csv']
[2022-11-17T17:21:40.428+0000] {subprocess.py:86} INFO - Output:
[2022-11-17T17:21:40.432+0000] {subprocess.py:93} INFO - ***tmpb64na5un
[2022-11-17T17:21:40.433+0000] {subprocess.py:93} INFO - ***tmpk5xxq3nx
[2022-11-17T17:21:40.433+0000] {subprocess.py:93} INFO - ***tmplkvca7ip
[2022-11-17T17:21:40.434+0000] {subprocess.py:93} INFO - ***tmpodkacs8z
[2022-11-17T17:21:40.434+0000] {subprocess.py:93} INFO - file.txt
[2022-11-17T17:21:40.435+0000] {subprocess.py:93} INFO - history.json
[2022-11-17T17:21:40.435+0000] {subprocess.py:93} INFO - platzi_data_20221001.csv
[2022-11-17T17:21:40.436+0000] {subprocess.py:93} INFO - platzi_data_20221002.csv
[2022-11-17T17:21:40.436+0000] {subprocess.py:93} INFO - platzi_data_20221003.csv
[2022-11-17T17:21:40.437+0000] {subprocess.py:93} INFO - platzi_data_20221004.csv
[2022-11-17T17:21:40.437+0000] {subprocess.py:93} INFO - platzi_data_20221005.csv
[2022-11-17T17:21:40.437+0000] {subprocess.py:93} INFO - platzi_data_20221006.csv
[2022-11-17T17:21:40.438+0000] {subprocess.py:93} INFO - platzi_data_20221007.csv
[2022-11-17T17:21:40.438+0000] {subprocess.py:93} INFO - platzi_data_20221008.csv
[2022-11-17T17:21:40.439+0000] {subprocess.py:93} INFO - platzi_data_20221009.csv
[2022-11-17T17:21:40.439+0000] {subprocess.py:93} INFO - platzi_data_20221010.csv
[2022-11-17T17:21:40.440+0000] {subprocess.py:93} INFO - platzi_data_20221011.csv
[2022-11-17T17:21:40.440+0000] {subprocess.py:93} INFO - platzi_data_20221012.csv
[2022-11-17T17:21:40.441+0000] {subprocess.py:93} INFO - platzi_data_20221013.csv
[2022-11-17T17:21:40.441+0000] {subprocess.py:93} INFO - platzi_data_20221014.csv
[2022-11-17T17:21:40.441+0000] {subprocess.py:93} INFO - platzi_data_20221015.csv
[2022-11-17T17:21:40.442+0000] {subprocess.py:93} INFO - platzi_data_20221016.csv
[2022-11-17T17:21:40.442+0000] {subprocess.py:93} INFO - platzi_data_20221017.csv
[2022-11-17T17:21:40.443+0000] {subprocess.py:93} INFO - platzi_data_20221018.csv
[2022-11-17T17:21:40.443+0000] {subprocess.py:93} INFO - platzi_data_20221019.csv
[2022-11-17T17:21:40.443+0000] {subprocess.py:93} INFO - platzi_data_20221020.csv
[2022-11-17T17:21:40.444+0000] {subprocess.py:93} INFO - platzi_data_20221021.csv
[2022-11-17T17:21:40.444+0000] {subprocess.py:93} INFO - platzi_data_20221022.csv
[2022-11-17T17:21:40.445+0000] {subprocess.py:93} INFO - platzi_data_20221023.csv
[2022-11-17T17:21:40.445+0000] {subprocess.py:93} INFO - platzi_data_20221024.csv
[2022-11-17T17:21:40.445+0000] {subprocess.py:93} INFO - platzi_data_20221025.csv
[2022-11-17T17:21:40.446+0000] {subprocess.py:93} INFO - platzi_data_20221026.csv
[2022-11-17T17:21:40.446+0000] {subprocess.py:93} INFO - platzi_data_20221027.csv
[2022-11-17T17:21:40.446+0000] {subprocess.py:93} INFO - platzi_data_20221028.csv
[2022-11-17T17:21:40.447+0000] {subprocess.py:93} INFO - platzi_data_20221029.csv
[2022-11-17T17:21:40.447+0000] {subprocess.py:93} INFO - platzi_data_20221030.csv
[2022-11-17T17:21:40.447+0000] {subprocess.py:93} INFO - platzi_data_20221031.csv
[2022-11-17T17:21:40.448+0000] {subprocess.py:93} INFO - platzi_data_20221101.csv
[2022-11-17T17:21:40.448+0000] {subprocess.py:93} INFO - platzi_data_20221102.csv
[2022-11-17T17:21:40.449+0000] {subprocess.py:93} INFO - platzi_data_20221103.csv
[2022-11-17T17:21:40.449+0000] {subprocess.py:93} INFO - platzi_data_20221104.csv
[2022-11-17T17:21:40.450+0000] {subprocess.py:93} INFO - platzi_data_20221105.csv
[2022-11-17T17:21:40.450+0000] {subprocess.py:93} INFO - platzi_data_20221106.csv
[2022-11-17T17:21:40.450+0000] {subprocess.py:93} INFO - platzi_data_20221107.csv
[2022-11-17T17:21:40.451+0000] {subprocess.py:93} INFO - platzi_data_20221108.csv
[2022-11-17T17:21:40.451+0000] {subprocess.py:93} INFO - platzi_data_20221109.csv
[2022-11-17T17:21:40.452+0000] {subprocess.py:93} INFO - platzi_data_20221110.csv
[2022-11-17T17:21:40.452+0000] {subprocess.py:93} INFO - platzi_data_20221111.csv
[2022-11-17T17:21:40.452+0000] {subprocess.py:93} INFO - platzi_data_20221112.csv
[2022-11-17T17:21:40.453+0000] {subprocess.py:93} INFO - platzi_data_20221113.csv
[2022-11-17T17:21:40.453+0000] {subprocess.py:93} INFO - platzi_data_20221114.csv
[2022-11-17T17:21:40.454+0000] {subprocess.py:93} INFO - platzi_data_20221115.csv
[2022-11-17T17:21:40.454+0000] {subprocess.py:93} INFO - platzi_data_20221116.csv
[2022-11-17T17:21:40.455+0000] {subprocess.py:93} INFO - pymp-8yik9lbi
[2022-11-17T17:21:40.455+0000] {subprocess.py:93} INFO - pymp-sbqt6pho
[2022-11-17T17:21:40.456+0000] {subprocess.py:93} INFO - reponse_20221001.txt
[2022-11-17T17:21:40.456+0000] {subprocess.py:93} INFO - reponse_20221002.txt
[2022-11-17T17:21:40.457+0000] {subprocess.py:93} INFO - reponse_20221003.txt
[2022-11-17T17:21:40.457+0000] {subprocess.py:93} INFO - reponse_20221004.txt
[2022-11-17T17:21:40.457+0000] {subprocess.py:93} INFO - reponse_20221005.txt
[2022-11-17T17:21:40.458+0000] {subprocess.py:93} INFO - reponse_20221006.txt
[2022-11-17T17:21:40.458+0000] {subprocess.py:93} INFO - reponse_20221007.txt
[2022-11-17T17:21:40.459+0000] {subprocess.py:93} INFO - reponse_20221008.txt
[2022-11-17T17:21:40.459+0000] {subprocess.py:93} INFO - reponse_20221009.txt
[2022-11-17T17:21:40.460+0000] {subprocess.py:93} INFO - reponse_20221010.txt
[2022-11-17T17:21:40.460+0000] {subprocess.py:93} INFO - reponse_20221011.txt
[2022-11-17T17:21:40.460+0000] {subprocess.py:93} INFO - reponse_20221012.txt
[2022-11-17T17:21:40.461+0000] {subprocess.py:93} INFO - reponse_20221013.txt
[2022-11-17T17:21:40.461+0000] {subprocess.py:93} INFO - reponse_20221014.txt
[2022-11-17T17:21:40.462+0000] {subprocess.py:93} INFO - reponse_20221015.txt
[2022-11-17T17:21:40.462+0000] {subprocess.py:93} INFO - reponse_20221016.txt
[2022-11-17T17:21:40.463+0000] {subprocess.py:93} INFO - reponse_20221017.txt
[2022-11-17T17:21:40.463+0000] {subprocess.py:93} INFO - reponse_20221018.txt
[2022-11-17T17:21:40.464+0000] {subprocess.py:93} INFO - reponse_20221019.txt
[2022-11-17T17:21:40.464+0000] {subprocess.py:93} INFO - reponse_20221020.txt
[2022-11-17T17:21:40.465+0000] {subprocess.py:93} INFO - reponse_20221021.txt
[2022-11-17T17:21:40.465+0000] {subprocess.py:93} INFO - reponse_20221022.txt
[2022-11-17T17:21:40.465+0000] {subprocess.py:93} INFO - reponse_20221023.txt
[2022-11-17T17:21:40.465+0000] {subprocess.py:93} INFO - reponse_20221024.txt
[2022-11-17T17:21:40.466+0000] {subprocess.py:93} INFO - reponse_20221025.txt
[2022-11-17T17:21:40.466+0000] {subprocess.py:93} INFO - reponse_20221026.txt
[2022-11-17T17:21:40.466+0000] {subprocess.py:93} INFO - reponse_20221027.txt
[2022-11-17T17:21:40.466+0000] {subprocess.py:93} INFO - reponse_20221028.txt
[2022-11-17T17:21:40.467+0000] {subprocess.py:93} INFO - reponse_20221029.txt
[2022-11-17T17:21:40.467+0000] {subprocess.py:93} INFO - reponse_20221030.txt
[2022-11-17T17:21:40.467+0000] {subprocess.py:93} INFO - reponse_20221031.txt
[2022-11-17T17:21:40.467+0000] {subprocess.py:93} INFO - reponse_20221101.txt
[2022-11-17T17:21:40.468+0000] {subprocess.py:93} INFO - reponse_20221102.txt
[2022-11-17T17:21:40.468+0000] {subprocess.py:93} INFO - reponse_20221103.txt
[2022-11-17T17:21:40.468+0000] {subprocess.py:93} INFO - reponse_20221104.txt
[2022-11-17T17:21:40.469+0000] {subprocess.py:93} INFO - reponse_20221105.txt
[2022-11-17T17:21:40.469+0000] {subprocess.py:93} INFO - reponse_20221106.txt
[2022-11-17T17:21:40.469+0000] {subprocess.py:93} INFO - reponse_20221107.txt
[2022-11-17T17:21:40.469+0000] {subprocess.py:93} INFO - reponse_20221108.txt
[2022-11-17T17:21:40.470+0000] {subprocess.py:93} INFO - reponse_20221109.txt
[2022-11-17T17:21:40.470+0000] {subprocess.py:93} INFO - reponse_20221110.txt
[2022-11-17T17:21:40.470+0000] {subprocess.py:93} INFO - reponse_20221111.txt
[2022-11-17T17:21:40.470+0000] {subprocess.py:93} INFO - reponse_20221112.txt
[2022-11-17T17:21:40.471+0000] {subprocess.py:93} INFO - reponse_20221113.txt
[2022-11-17T17:21:40.471+0000] {subprocess.py:93} INFO - reponse_20221114.txt
[2022-11-17T17:21:40.471+0000] {subprocess.py:93} INFO - reponse_20221115.txt
[2022-11-17T17:21:40.471+0000] {subprocess.py:93} INFO - reponse_20221116.txt
[2022-11-17T17:21:40.472+0000] {subprocess.py:93} INFO - tmp061o5asr
[2022-11-17T17:21:40.472+0000] {subprocess.py:93} INFO - tmp1b_v374g
[2022-11-17T17:21:40.472+0000] {subprocess.py:93} INFO - tmp2n3y4qb3
[2022-11-17T17:21:40.473+0000] {subprocess.py:93} INFO - tmp2ztydtyd
[2022-11-17T17:21:40.473+0000] {subprocess.py:93} INFO - tmp546oqdk0
[2022-11-17T17:21:40.473+0000] {subprocess.py:93} INFO - tmp57roj99h
[2022-11-17T17:21:40.474+0000] {subprocess.py:93} INFO - tmp5lejojs5
[2022-11-17T17:21:40.474+0000] {subprocess.py:93} INFO - tmp5nj2onwa
[2022-11-17T17:21:40.474+0000] {subprocess.py:93} INFO - tmp64cxrvul
[2022-11-17T17:21:40.475+0000] {subprocess.py:93} INFO - tmp6g4l21c1
[2022-11-17T17:21:40.475+0000] {subprocess.py:93} INFO - tmp7c6bgots
[2022-11-17T17:21:40.475+0000] {subprocess.py:93} INFO - tmp7khebugo
[2022-11-17T17:21:40.475+0000] {subprocess.py:93} INFO - tmp7lvtz6wk
[2022-11-17T17:21:40.476+0000] {subprocess.py:93} INFO - tmp8_n1aj39
[2022-11-17T17:21:40.476+0000] {subprocess.py:93} INFO - tmp8c_dsk2e
[2022-11-17T17:21:40.476+0000] {subprocess.py:93} INFO - tmp928ntdt7
[2022-11-17T17:21:40.476+0000] {subprocess.py:93} INFO - tmp9503grtb
[2022-11-17T17:21:40.477+0000] {subprocess.py:93} INFO - tmp_afh1uos
[2022-11-17T17:21:40.477+0000] {subprocess.py:93} INFO - tmp_m6lsnw3
[2022-11-17T17:21:40.477+0000] {subprocess.py:93} INFO - tmp_vy6n6_q
[2022-11-17T17:21:40.477+0000] {subprocess.py:93} INFO - tmpcnj5oj8y
[2022-11-17T17:21:40.478+0000] {subprocess.py:93} INFO - tmpcu_pom_6
[2022-11-17T17:21:40.478+0000] {subprocess.py:93} INFO - tmpdmc2g1zb
[2022-11-17T17:21:40.478+0000] {subprocess.py:93} INFO - tmpe4k1ogev
[2022-11-17T17:21:40.479+0000] {subprocess.py:93} INFO - tmpg_n88zm7
[2022-11-17T17:21:40.479+0000] {subprocess.py:93} INFO - tmpgg8mkst1
[2022-11-17T17:21:40.479+0000] {subprocess.py:93} INFO - tmpgi8v82jx
[2022-11-17T17:21:40.479+0000] {subprocess.py:93} INFO - tmpiez6kail
[2022-11-17T17:21:40.480+0000] {subprocess.py:93} INFO - tmpj1n4wxza
[2022-11-17T17:21:40.480+0000] {subprocess.py:93} INFO - tmpjsznho2e
[2022-11-17T17:21:40.480+0000] {subprocess.py:93} INFO - tmpkrg9_cgk
[2022-11-17T17:21:40.480+0000] {subprocess.py:93} INFO - tmpl13ymsfs
[2022-11-17T17:21:40.481+0000] {subprocess.py:93} INFO - tmplrbhl64b
[2022-11-17T17:21:40.481+0000] {subprocess.py:93} INFO - tmpn38ozedg
[2022-11-17T17:21:40.481+0000] {subprocess.py:93} INFO - tmpn96u_4ih
[2022-11-17T17:21:40.481+0000] {subprocess.py:93} INFO - tmpo3nf6k5c
[2022-11-17T17:21:40.482+0000] {subprocess.py:93} INFO - tmpoy_ljy8t
[2022-11-17T17:21:40.482+0000] {subprocess.py:93} INFO - tmpp4w9yq6x
[2022-11-17T17:21:40.482+0000] {subprocess.py:93} INFO - tmppfidxzjr
[2022-11-17T17:21:40.482+0000] {subprocess.py:93} INFO - tmpr681bhfw
[2022-11-17T17:21:40.483+0000] {subprocess.py:93} INFO - tmpr9102hwf
[2022-11-17T17:21:40.483+0000] {subprocess.py:93} INFO - tmpt4qo16oq
[2022-11-17T17:21:40.483+0000] {subprocess.py:93} INFO - tmptn832g5z
[2022-11-17T17:21:40.483+0000] {subprocess.py:93} INFO - tmpu9qbl0wh
[2022-11-17T17:21:40.484+0000] {subprocess.py:93} INFO - tmpuq8ywung
[2022-11-17T17:21:40.484+0000] {subprocess.py:93} INFO - tmpv606o9_9
[2022-11-17T17:21:40.484+0000] {subprocess.py:93} INFO - tmpxf7g1lc4
[2022-11-17T17:21:40.485+0000] {subprocess.py:93} INFO - tmpxktobcjf
[2022-11-17T17:21:40.485+0000] {subprocess.py:93} INFO - tmpz91iizm7
[2022-11-17T17:21:40.485+0000] {subprocess.py:93} INFO - ,student,timestamp
[2022-11-17T17:21:40.485+0000] {subprocess.py:93} INFO - 0,Maria Cruz,2022-10-11 00:00:00+00:00
[2022-11-17T17:21:40.486+0000] {subprocess.py:93} INFO - 1,Daniel Crema,2022-10-11 00:00:00+00:00
[2022-11-17T17:21:40.486+0000] {subprocess.py:93} INFO - 2,Elon Musk,2022-10-11 00:00:00+00:00
[2022-11-17T17:21:40.486+0000] {subprocess.py:93} INFO - 3,Karol Castrejon,2022-10-11 00:00:00+00:00
[2022-11-17T17:21:40.486+0000] {subprocess.py:93} INFO - 4,Freddy Vega,2022-10-11 00:00:00+00:00
[2022-11-17T17:21:40.487+0000] {subprocess.py:93} INFO - 5,Freddy Montañez,2022-10-11 00:00:00+00:00
[2022-11-17T17:21:40.487+0000] {subprocess.py:97} INFO - Command exited with return code 0
[2022-11-17T17:21:40.515+0000] {taskinstance.py:1406} INFO - Marking task as SUCCESS. dag_id=MyPersonalAirflowProject, task_id=Print_Imported_data, execution_date=20221011T000000, start_date=20221117T172140, end_date=20221117T172140
[2022-11-17T17:21:40.572+0000] {local_task_job.py:164} INFO - Task exited with return code 0
[2022-11-17T17:21:40.600+0000] {local_task_job.py:273} INFO - 2 downstream tasks scheduled from follow-on schedule check
