[2022-11-04T20:51:40.496+0000] {taskinstance.py:1165} INFO - Dependencies all met for <TaskInstance: orquestation.task4 scheduled__2022-05-15T00:00:00+00:00 [queued]>
[2022-11-04T20:51:40.514+0000] {taskinstance.py:1165} INFO - Dependencies all met for <TaskInstance: orquestation.task4 scheduled__2022-05-15T00:00:00+00:00 [queued]>
[2022-11-04T20:51:40.515+0000] {taskinstance.py:1362} INFO - 
--------------------------------------------------------------------------------
[2022-11-04T20:51:40.516+0000] {taskinstance.py:1363} INFO - Starting attempt 1 of 1
[2022-11-04T20:51:40.517+0000] {taskinstance.py:1364} INFO - 
--------------------------------------------------------------------------------
[2022-11-04T20:51:40.540+0000] {taskinstance.py:1383} INFO - Executing <Task(BashOperator): task4> on 2022-05-15 00:00:00+00:00
[2022-11-04T20:51:40.550+0000] {standard_task_runner.py:55} INFO - Started process 2569 to run task
[2022-11-04T20:51:40.554+0000] {standard_task_runner.py:82} INFO - Running: ['***', 'tasks', 'run', 'orquestation', 'task4', 'scheduled__2022-05-15T00:00:00+00:00', '--job-id', '55', '--raw', '--subdir', 'DAGS_FOLDER/5.1-orquestacion.py', '--cfg-path', '/tmp/tmpbjdw6cs6']
[2022-11-04T20:51:40.555+0000] {standard_task_runner.py:83} INFO - Job 55: Subtask task4
[2022-11-04T20:51:40.649+0000] {task_command.py:376} INFO - Running <TaskInstance: orquestation.task4 scheduled__2022-05-15T00:00:00+00:00 [running]> on host 208ed96b478a
[2022-11-04T20:51:40.760+0000] {taskinstance.py:1592} INFO - Exporting the following env vars:
AIRFLOW_CTX_DAG_OWNER=***
AIRFLOW_CTX_DAG_ID=orquestation
AIRFLOW_CTX_TASK_ID=task4
AIRFLOW_CTX_EXECUTION_DATE=2022-05-15T00:00:00+00:00
AIRFLOW_CTX_TRY_NUMBER=1
AIRFLOW_CTX_DAG_RUN_ID=scheduled__2022-05-15T00:00:00+00:00
[2022-11-04T20:51:40.763+0000] {subprocess.py:63} INFO - Tmp dir root location: 
 /tmp
[2022-11-04T20:51:40.765+0000] {subprocess.py:75} INFO - Running command: ['/bin/bash', '-c', "sleep 2 && echo 'task4'"]
[2022-11-04T20:51:40.786+0000] {subprocess.py:86} INFO - Output:
[2022-11-04T20:51:42.907+0000] {subprocess.py:93} INFO - task4
[2022-11-04T20:51:42.914+0000] {subprocess.py:97} INFO - Command exited with return code 0
[2022-11-04T20:51:43.149+0000] {taskinstance.py:1406} INFO - Marking task as SUCCESS. dag_id=orquestation, task_id=task4, execution_date=20220515T000000, start_date=20221104T205140, end_date=20221104T205143
[2022-11-04T20:51:43.195+0000] {local_task_job.py:164} INFO - Task exited with return code 0
[2022-11-04T20:51:43.226+0000] {local_task_job.py:273} INFO - 0 downstream tasks scheduled from follow-on schedule check
[2022-11-04T21:32:49.732+0000] {taskinstance.py:1165} INFO - Dependencies all met for <TaskInstance: orquestation.task4 scheduled__2022-05-15T00:00:00+00:00 [queued]>
[2022-11-04T21:32:49.756+0000] {taskinstance.py:1165} INFO - Dependencies all met for <TaskInstance: orquestation.task4 scheduled__2022-05-15T00:00:00+00:00 [queued]>
[2022-11-04T21:32:49.757+0000] {taskinstance.py:1362} INFO - 
--------------------------------------------------------------------------------
[2022-11-04T21:32:49.758+0000] {taskinstance.py:1363} INFO - Starting attempt 1 of 1
[2022-11-04T21:32:49.758+0000] {taskinstance.py:1364} INFO - 
--------------------------------------------------------------------------------
[2022-11-04T21:32:49.783+0000] {taskinstance.py:1383} INFO - Executing <Task(BashOperator): task4> on 2022-05-15 00:00:00+00:00
[2022-11-04T21:32:49.793+0000] {standard_task_runner.py:55} INFO - Started process 919 to run task
[2022-11-04T21:32:49.799+0000] {standard_task_runner.py:82} INFO - Running: ['***', 'tasks', 'run', 'orquestation', 'task4', 'scheduled__2022-05-15T00:00:00+00:00', '--job-id', '170', '--raw', '--subdir', 'DAGS_FOLDER/5.1-orquestacion.py', '--cfg-path', '/tmp/tmpnxen9pux']
[2022-11-04T21:32:49.800+0000] {standard_task_runner.py:83} INFO - Job 170: Subtask task4
[2022-11-04T21:32:49.906+0000] {task_command.py:376} INFO - Running <TaskInstance: orquestation.task4 scheduled__2022-05-15T00:00:00+00:00 [running]> on host 643e334f405f
[2022-11-04T21:32:50.035+0000] {taskinstance.py:1592} INFO - Exporting the following env vars:
AIRFLOW_CTX_DAG_OWNER=***
AIRFLOW_CTX_DAG_ID=orquestation
AIRFLOW_CTX_TASK_ID=task4
AIRFLOW_CTX_EXECUTION_DATE=2022-05-15T00:00:00+00:00
AIRFLOW_CTX_TRY_NUMBER=1
AIRFLOW_CTX_DAG_RUN_ID=scheduled__2022-05-15T00:00:00+00:00
[2022-11-04T21:32:50.037+0000] {subprocess.py:63} INFO - Tmp dir root location: 
 /tmp
[2022-11-04T21:32:50.039+0000] {subprocess.py:75} INFO - Running command: ['/bin/bash', '-c', "sleep 2 && echo 'task4'"]
[2022-11-04T21:32:50.055+0000] {subprocess.py:86} INFO - Output:
[2022-11-04T21:32:52.060+0000] {subprocess.py:93} INFO - task4
[2022-11-04T21:32:52.061+0000] {subprocess.py:97} INFO - Command exited with return code 0
[2022-11-04T21:32:52.107+0000] {taskinstance.py:1406} INFO - Marking task as SUCCESS. dag_id=orquestation, task_id=task4, execution_date=20220515T000000, start_date=20221104T213249, end_date=20221104T213252
[2022-11-04T21:32:52.179+0000] {local_task_job.py:164} INFO - Task exited with return code 0
[2022-11-04T21:32:52.208+0000] {local_task_job.py:273} INFO - 0 downstream tasks scheduled from follow-on schedule check
[2022-11-04T21:42:41.048+0000] {taskinstance.py:1165} INFO - Dependencies all met for <TaskInstance: orquestation.task4 scheduled__2022-05-15T00:00:00+00:00 [queued]>
[2022-11-04T21:42:41.064+0000] {taskinstance.py:1165} INFO - Dependencies all met for <TaskInstance: orquestation.task4 scheduled__2022-05-15T00:00:00+00:00 [queued]>
[2022-11-04T21:42:41.065+0000] {taskinstance.py:1362} INFO - 
--------------------------------------------------------------------------------
[2022-11-04T21:42:41.065+0000] {taskinstance.py:1363} INFO - Starting attempt 1 of 1
[2022-11-04T21:42:41.066+0000] {taskinstance.py:1364} INFO - 
--------------------------------------------------------------------------------
[2022-11-04T21:42:41.082+0000] {taskinstance.py:1383} INFO - Executing <Task(BashOperator): task4> on 2022-05-15 00:00:00+00:00
[2022-11-04T21:42:41.089+0000] {standard_task_runner.py:55} INFO - Started process 1946 to run task
[2022-11-04T21:42:41.092+0000] {standard_task_runner.py:82} INFO - Running: ['***', 'tasks', 'run', 'orquestation', 'task4', 'scheduled__2022-05-15T00:00:00+00:00', '--job-id', '313', '--raw', '--subdir', 'DAGS_FOLDER/5.1-orquestacion.py', '--cfg-path', '/tmp/tmpoook5vnq']
[2022-11-04T21:42:41.093+0000] {standard_task_runner.py:83} INFO - Job 313: Subtask task4
[2022-11-04T21:42:41.162+0000] {task_command.py:376} INFO - Running <TaskInstance: orquestation.task4 scheduled__2022-05-15T00:00:00+00:00 [running]> on host 643e334f405f
[2022-11-04T21:42:41.239+0000] {taskinstance.py:1592} INFO - Exporting the following env vars:
AIRFLOW_CTX_DAG_OWNER=***
AIRFLOW_CTX_DAG_ID=orquestation
AIRFLOW_CTX_TASK_ID=task4
AIRFLOW_CTX_EXECUTION_DATE=2022-05-15T00:00:00+00:00
AIRFLOW_CTX_TRY_NUMBER=1
AIRFLOW_CTX_DAG_RUN_ID=scheduled__2022-05-15T00:00:00+00:00
[2022-11-04T21:42:41.240+0000] {subprocess.py:63} INFO - Tmp dir root location: 
 /tmp
[2022-11-04T21:42:41.242+0000] {subprocess.py:75} INFO - Running command: ['/bin/bash', '-c', "sleep 2 && echo 'task4'"]
[2022-11-04T21:42:41.255+0000] {subprocess.py:86} INFO - Output:
[2022-11-04T21:42:43.259+0000] {subprocess.py:93} INFO - task4
[2022-11-04T21:42:43.260+0000] {subprocess.py:97} INFO - Command exited with return code 0
[2022-11-04T21:42:43.298+0000] {taskinstance.py:1406} INFO - Marking task as SUCCESS. dag_id=orquestation, task_id=task4, execution_date=20220515T000000, start_date=20221104T214241, end_date=20221104T214243
[2022-11-04T21:42:43.352+0000] {local_task_job.py:164} INFO - Task exited with return code 0
[2022-11-04T21:42:43.372+0000] {local_task_job.py:273} INFO - 0 downstream tasks scheduled from follow-on schedule check
