[2022-11-04T21:34:01.950+0000] {taskinstance.py:1165} INFO - Dependencies all met for <TaskInstance: orquestation.task3 scheduled__2022-06-01T00:00:00+00:00 [queued]>
[2022-11-04T21:34:01.974+0000] {taskinstance.py:1165} INFO - Dependencies all met for <TaskInstance: orquestation.task3 scheduled__2022-06-01T00:00:00+00:00 [queued]>
[2022-11-04T21:34:01.975+0000] {taskinstance.py:1362} INFO - 
--------------------------------------------------------------------------------
[2022-11-04T21:34:01.976+0000] {taskinstance.py:1363} INFO - Starting attempt 1 of 1
[2022-11-04T21:34:01.977+0000] {taskinstance.py:1364} INFO - 
--------------------------------------------------------------------------------
[2022-11-04T21:34:02.006+0000] {taskinstance.py:1383} INFO - Executing <Task(BashOperator): task3> on 2022-06-01 00:00:00+00:00
[2022-11-04T21:34:02.016+0000] {standard_task_runner.py:55} INFO - Started process 1230 to run task
[2022-11-04T21:34:02.024+0000] {standard_task_runner.py:82} INFO - Running: ['***', 'tasks', 'run', 'orquestation', 'task3', 'scheduled__2022-06-01T00:00:00+00:00', '--job-id', '236', '--raw', '--subdir', 'DAGS_FOLDER/5.1-orquestacion.py', '--cfg-path', '/tmp/tmprwaxg6ge']
[2022-11-04T21:34:02.025+0000] {standard_task_runner.py:83} INFO - Job 236: Subtask task3
[2022-11-04T21:34:02.127+0000] {task_command.py:376} INFO - Running <TaskInstance: orquestation.task3 scheduled__2022-06-01T00:00:00+00:00 [running]> on host 643e334f405f
[2022-11-04T21:34:02.224+0000] {taskinstance.py:1592} INFO - Exporting the following env vars:
AIRFLOW_CTX_DAG_OWNER=***
AIRFLOW_CTX_DAG_ID=orquestation
AIRFLOW_CTX_TASK_ID=task3
AIRFLOW_CTX_EXECUTION_DATE=2022-06-01T00:00:00+00:00
AIRFLOW_CTX_TRY_NUMBER=1
AIRFLOW_CTX_DAG_RUN_ID=scheduled__2022-06-01T00:00:00+00:00
[2022-11-04T21:34:02.226+0000] {subprocess.py:63} INFO - Tmp dir root location: 
 /tmp
[2022-11-04T21:34:02.227+0000] {subprocess.py:75} INFO - Running command: ['/bin/bash', '-c', "sleep 2 && echo 'task3'"]
[2022-11-04T21:34:02.246+0000] {subprocess.py:86} INFO - Output:
[2022-11-04T21:34:04.252+0000] {subprocess.py:93} INFO - task3
[2022-11-04T21:34:04.253+0000] {subprocess.py:97} INFO - Command exited with return code 0
[2022-11-04T21:34:04.286+0000] {taskinstance.py:1406} INFO - Marking task as SUCCESS. dag_id=orquestation, task_id=task3, execution_date=20220601T000000, start_date=20221104T213401, end_date=20221104T213404
[2022-11-04T21:34:04.321+0000] {local_task_job.py:164} INFO - Task exited with return code 0
[2022-11-04T21:34:04.344+0000] {local_task_job.py:273} INFO - 0 downstream tasks scheduled from follow-on schedule check
[2022-11-04T21:45:47.270+0000] {taskinstance.py:1165} INFO - Dependencies all met for <TaskInstance: orquestation.task3 scheduled__2022-06-01T00:00:00+00:00 [queued]>
[2022-11-04T21:45:47.289+0000] {taskinstance.py:1165} INFO - Dependencies all met for <TaskInstance: orquestation.task3 scheduled__2022-06-01T00:00:00+00:00 [queued]>
[2022-11-04T21:45:47.290+0000] {taskinstance.py:1362} INFO - 
--------------------------------------------------------------------------------
[2022-11-04T21:45:47.291+0000] {taskinstance.py:1363} INFO - Starting attempt 1 of 1
[2022-11-04T21:45:47.292+0000] {taskinstance.py:1364} INFO - 
--------------------------------------------------------------------------------
[2022-11-04T21:45:47.311+0000] {taskinstance.py:1383} INFO - Executing <Task(BashOperator): task3> on 2022-06-01 00:00:00+00:00
[2022-11-04T21:45:47.320+0000] {standard_task_runner.py:55} INFO - Started process 2363 to run task
[2022-11-04T21:45:47.324+0000] {standard_task_runner.py:82} INFO - Running: ['***', 'tasks', 'run', 'orquestation', 'task3', 'scheduled__2022-06-01T00:00:00+00:00', '--job-id', '382', '--raw', '--subdir', 'DAGS_FOLDER/5.1-orquestacion.py', '--cfg-path', '/tmp/tmpb7wg7rbv']
[2022-11-04T21:45:47.325+0000] {standard_task_runner.py:83} INFO - Job 382: Subtask task3
[2022-11-04T21:45:47.416+0000] {task_command.py:376} INFO - Running <TaskInstance: orquestation.task3 scheduled__2022-06-01T00:00:00+00:00 [running]> on host 643e334f405f
[2022-11-04T21:45:47.548+0000] {taskinstance.py:1592} INFO - Exporting the following env vars:
AIRFLOW_CTX_DAG_OWNER=***
AIRFLOW_CTX_DAG_ID=orquestation
AIRFLOW_CTX_TASK_ID=task3
AIRFLOW_CTX_EXECUTION_DATE=2022-06-01T00:00:00+00:00
AIRFLOW_CTX_TRY_NUMBER=1
AIRFLOW_CTX_DAG_RUN_ID=scheduled__2022-06-01T00:00:00+00:00
[2022-11-04T21:45:47.550+0000] {subprocess.py:63} INFO - Tmp dir root location: 
 /tmp
[2022-11-04T21:45:47.551+0000] {subprocess.py:75} INFO - Running command: ['/bin/bash', '-c', "sleep 2 && echo 'task3'"]
[2022-11-04T21:45:47.571+0000] {subprocess.py:86} INFO - Output:
[2022-11-04T21:45:49.582+0000] {subprocess.py:93} INFO - task3
[2022-11-04T21:45:49.582+0000] {subprocess.py:97} INFO - Command exited with return code 0
[2022-11-04T21:45:49.622+0000] {taskinstance.py:1406} INFO - Marking task as SUCCESS. dag_id=orquestation, task_id=task3, execution_date=20220601T000000, start_date=20221104T214547, end_date=20221104T214549
[2022-11-04T21:45:49.663+0000] {local_task_job.py:164} INFO - Task exited with return code 0
[2022-11-04T21:45:49.685+0000] {local_task_job.py:273} INFO - 0 downstream tasks scheduled from follow-on schedule check
