[2022-11-17T16:35:08.946+0000] {taskinstance.py:1165} INFO - Dependencies all met for <TaskInstance: MyPersonalAirflowProject.end_confirmation_from_nasa scheduled__2022-10-22T00:00:00+00:00 [queued]>
[2022-11-17T16:35:08.961+0000] {taskinstance.py:1165} INFO - Dependencies all met for <TaskInstance: MyPersonalAirflowProject.end_confirmation_from_nasa scheduled__2022-10-22T00:00:00+00:00 [queued]>
[2022-11-17T16:35:08.962+0000] {taskinstance.py:1362} INFO - 
--------------------------------------------------------------------------------
[2022-11-17T16:35:09.208+0000] {taskinstance.py:1363} INFO - Starting attempt 1 of 1
[2022-11-17T16:35:09.209+0000] {taskinstance.py:1364} INFO - 
--------------------------------------------------------------------------------
[2022-11-17T16:35:09.283+0000] {taskinstance.py:1383} INFO - Executing <Task(BashOperator): end_confirmation_from_nasa> on 2022-10-22 00:00:00+00:00
[2022-11-17T16:35:09.288+0000] {standard_task_runner.py:55} INFO - Started process 3917 to run task
[2022-11-17T16:35:09.291+0000] {standard_task_runner.py:82} INFO - Running: ['***', 'tasks', 'run', 'MyPersonalAirflowProject', 'end_confirmation_from_nasa', 'scheduled__2022-10-22T00:00:00+00:00', '--job-id', '2194', '--raw', '--subdir', 'DAGS_FOLDER/FinalPersonalProject.py', '--cfg-path', '/tmp/tmpij1xokjz']
[2022-11-17T16:35:09.291+0000] {standard_task_runner.py:83} INFO - Job 2194: Subtask end_confirmation_from_nasa
[2022-11-17T16:35:09.441+0000] {task_command.py:376} INFO - Running <TaskInstance: MyPersonalAirflowProject.end_confirmation_from_nasa scheduled__2022-10-22T00:00:00+00:00 [running]> on host 638485efabe7
[2022-11-17T16:35:09.598+0000] {taskinstance.py:1592} INFO - Exporting the following env vars:
AIRFLOW_CTX_DAG_OWNER=***
AIRFLOW_CTX_DAG_ID=MyPersonalAirflowProject
AIRFLOW_CTX_TASK_ID=end_confirmation_from_nasa
AIRFLOW_CTX_EXECUTION_DATE=2022-10-22T00:00:00+00:00
AIRFLOW_CTX_TRY_NUMBER=1
AIRFLOW_CTX_DAG_RUN_ID=scheduled__2022-10-22T00:00:00+00:00
[2022-11-17T16:35:09.599+0000] {subprocess.py:63} INFO - Tmp dir root location: 
 /tmp
[2022-11-17T16:35:09.600+0000] {subprocess.py:75} INFO - Running command: ['/bin/bash', '-c', 'echo "The Confirmation file was created successfully"']
[2022-11-17T16:35:09.611+0000] {subprocess.py:86} INFO - Output:
[2022-11-17T16:35:09.613+0000] {subprocess.py:93} INFO - The Confirmation file was created successfully
[2022-11-17T16:35:09.613+0000] {subprocess.py:97} INFO - Command exited with return code 0
[2022-11-17T16:35:09.735+0000] {taskinstance.py:1406} INFO - Marking task as SUCCESS. dag_id=MyPersonalAirflowProject, task_id=end_confirmation_from_nasa, execution_date=20221022T000000, start_date=20221117T163508, end_date=20221117T163509
[2022-11-17T16:35:09.867+0000] {local_task_job.py:164} INFO - Task exited with return code 0
[2022-11-17T16:35:09.940+0000] {local_task_job.py:273} INFO - 1 downstream tasks scheduled from follow-on schedule check
[2022-11-17T17:27:10.641+0000] {taskinstance.py:1165} INFO - Dependencies all met for <TaskInstance: MyPersonalAirflowProject.end_confirmation_from_nasa scheduled__2022-10-22T00:00:00+00:00 [queued]>
[2022-11-17T17:27:10.655+0000] {taskinstance.py:1165} INFO - Dependencies all met for <TaskInstance: MyPersonalAirflowProject.end_confirmation_from_nasa scheduled__2022-10-22T00:00:00+00:00 [queued]>
[2022-11-17T17:27:10.656+0000] {taskinstance.py:1362} INFO - 
--------------------------------------------------------------------------------
[2022-11-17T17:27:10.656+0000] {taskinstance.py:1363} INFO - Starting attempt 1 of 1
[2022-11-17T17:27:10.657+0000] {taskinstance.py:1364} INFO - 
--------------------------------------------------------------------------------
[2022-11-17T17:27:10.674+0000] {taskinstance.py:1383} INFO - Executing <Task(BashOperator): end_confirmation_from_nasa> on 2022-10-22 00:00:00+00:00
[2022-11-17T17:27:10.679+0000] {standard_task_runner.py:55} INFO - Started process 7568 to run task
[2022-11-17T17:27:10.682+0000] {standard_task_runner.py:82} INFO - Running: ['***', 'tasks', 'run', 'MyPersonalAirflowProject', 'end_confirmation_from_nasa', 'scheduled__2022-10-22T00:00:00+00:00', '--job-id', '2604', '--raw', '--subdir', 'DAGS_FOLDER/FinalPersonalProject.py', '--cfg-path', '/tmp/tmpvmjj2f3b']
[2022-11-17T17:27:10.683+0000] {standard_task_runner.py:83} INFO - Job 2604: Subtask end_confirmation_from_nasa
[2022-11-17T17:27:10.748+0000] {task_command.py:376} INFO - Running <TaskInstance: MyPersonalAirflowProject.end_confirmation_from_nasa scheduled__2022-10-22T00:00:00+00:00 [running]> on host 638485efabe7
[2022-11-17T17:27:10.824+0000] {taskinstance.py:1592} INFO - Exporting the following env vars:
AIRFLOW_CTX_DAG_OWNER=***
AIRFLOW_CTX_DAG_ID=MyPersonalAirflowProject
AIRFLOW_CTX_TASK_ID=end_confirmation_from_nasa
AIRFLOW_CTX_EXECUTION_DATE=2022-10-22T00:00:00+00:00
AIRFLOW_CTX_TRY_NUMBER=1
AIRFLOW_CTX_DAG_RUN_ID=scheduled__2022-10-22T00:00:00+00:00
[2022-11-17T17:27:10.825+0000] {subprocess.py:63} INFO - Tmp dir root location: 
 /tmp
[2022-11-17T17:27:10.826+0000] {subprocess.py:75} INFO - Running command: ['/bin/bash', '-c', 'echo "The Confirmation file was created successfully"']
[2022-11-17T17:27:10.839+0000] {subprocess.py:86} INFO - Output:
[2022-11-17T17:27:10.840+0000] {subprocess.py:93} INFO - The Confirmation file was created successfully
[2022-11-17T17:27:10.841+0000] {subprocess.py:97} INFO - Command exited with return code 0
[2022-11-17T17:27:10.871+0000] {taskinstance.py:1406} INFO - Marking task as SUCCESS. dag_id=MyPersonalAirflowProject, task_id=end_confirmation_from_nasa, execution_date=20221022T000000, start_date=20221117T172710, end_date=20221117T172710
[2022-11-17T17:27:10.896+0000] {local_task_job.py:164} INFO - Task exited with return code 0
[2022-11-17T17:27:10.931+0000] {local_task_job.py:273} INFO - 1 downstream tasks scheduled from follow-on schedule check
