[2022-11-04T21:33:10.469+0000] {taskinstance.py:1165} INFO - Dependencies all met for <TaskInstance: orquestation.task4 scheduled__2022-05-20T00:00:00+00:00 [queued]>
[2022-11-04T21:33:10.492+0000] {taskinstance.py:1165} INFO - Dependencies all met for <TaskInstance: orquestation.task4 scheduled__2022-05-20T00:00:00+00:00 [queued]>
[2022-11-04T21:33:10.493+0000] {taskinstance.py:1362} INFO - 
--------------------------------------------------------------------------------
[2022-11-04T21:33:10.494+0000] {taskinstance.py:1363} INFO - Starting attempt 1 of 1
[2022-11-04T21:33:10.495+0000] {taskinstance.py:1364} INFO - 
--------------------------------------------------------------------------------
[2022-11-04T21:33:10.527+0000] {taskinstance.py:1383} INFO - Executing <Task(BashOperator): task4> on 2022-05-20 00:00:00+00:00
[2022-11-04T21:33:10.536+0000] {standard_task_runner.py:55} INFO - Started process 1011 to run task
[2022-11-04T21:33:10.542+0000] {standard_task_runner.py:82} INFO - Running: ['***', 'tasks', 'run', 'orquestation', 'task4', 'scheduled__2022-05-20T00:00:00+00:00', '--job-id', '190', '--raw', '--subdir', 'DAGS_FOLDER/5.1-orquestacion.py', '--cfg-path', '/tmp/tmp_gbbdl7l']
[2022-11-04T21:33:10.543+0000] {standard_task_runner.py:83} INFO - Job 190: Subtask task4
[2022-11-04T21:33:10.630+0000] {task_command.py:376} INFO - Running <TaskInstance: orquestation.task4 scheduled__2022-05-20T00:00:00+00:00 [running]> on host 643e334f405f
[2022-11-04T21:33:10.752+0000] {taskinstance.py:1592} INFO - Exporting the following env vars:
AIRFLOW_CTX_DAG_OWNER=***
AIRFLOW_CTX_DAG_ID=orquestation
AIRFLOW_CTX_TASK_ID=task4
AIRFLOW_CTX_EXECUTION_DATE=2022-05-20T00:00:00+00:00
AIRFLOW_CTX_TRY_NUMBER=1
AIRFLOW_CTX_DAG_RUN_ID=scheduled__2022-05-20T00:00:00+00:00
[2022-11-04T21:33:10.755+0000] {subprocess.py:63} INFO - Tmp dir root location: 
 /tmp
[2022-11-04T21:33:10.757+0000] {subprocess.py:75} INFO - Running command: ['/bin/bash', '-c', "sleep 2 && echo 'task4'"]
[2022-11-04T21:33:10.774+0000] {subprocess.py:86} INFO - Output:
[2022-11-04T21:33:12.801+0000] {subprocess.py:93} INFO - task4
[2022-11-04T21:33:12.803+0000] {subprocess.py:97} INFO - Command exited with return code 0
[2022-11-04T21:33:12.855+0000] {taskinstance.py:1406} INFO - Marking task as SUCCESS. dag_id=orquestation, task_id=task4, execution_date=20220520T000000, start_date=20221104T213310, end_date=20221104T213312
[2022-11-04T21:33:12.923+0000] {local_task_job.py:164} INFO - Task exited with return code 0
[2022-11-04T21:33:12.957+0000] {local_task_job.py:273} INFO - 0 downstream tasks scheduled from follow-on schedule check
[2022-11-04T21:43:36.292+0000] {taskinstance.py:1165} INFO - Dependencies all met for <TaskInstance: orquestation.task4 scheduled__2022-05-20T00:00:00+00:00 [queued]>
[2022-11-04T21:43:36.320+0000] {taskinstance.py:1165} INFO - Dependencies all met for <TaskInstance: orquestation.task4 scheduled__2022-05-20T00:00:00+00:00 [queued]>
[2022-11-04T21:43:36.320+0000] {taskinstance.py:1362} INFO - 
--------------------------------------------------------------------------------
[2022-11-04T21:43:36.321+0000] {taskinstance.py:1363} INFO - Starting attempt 1 of 1
[2022-11-04T21:43:36.322+0000] {taskinstance.py:1364} INFO - 
--------------------------------------------------------------------------------
[2022-11-04T21:43:36.343+0000] {taskinstance.py:1383} INFO - Executing <Task(BashOperator): task4> on 2022-05-20 00:00:00+00:00
[2022-11-04T21:43:36.351+0000] {standard_task_runner.py:55} INFO - Started process 2062 to run task
[2022-11-04T21:43:36.355+0000] {standard_task_runner.py:82} INFO - Running: ['***', 'tasks', 'run', 'orquestation', 'task4', 'scheduled__2022-05-20T00:00:00+00:00', '--job-id', '334', '--raw', '--subdir', 'DAGS_FOLDER/5.1-orquestacion.py', '--cfg-path', '/tmp/tmpmv4yr17q']
[2022-11-04T21:43:36.356+0000] {standard_task_runner.py:83} INFO - Job 334: Subtask task4
[2022-11-04T21:43:36.431+0000] {task_command.py:376} INFO - Running <TaskInstance: orquestation.task4 scheduled__2022-05-20T00:00:00+00:00 [running]> on host 643e334f405f
[2022-11-04T21:43:36.507+0000] {taskinstance.py:1592} INFO - Exporting the following env vars:
AIRFLOW_CTX_DAG_OWNER=***
AIRFLOW_CTX_DAG_ID=orquestation
AIRFLOW_CTX_TASK_ID=task4
AIRFLOW_CTX_EXECUTION_DATE=2022-05-20T00:00:00+00:00
AIRFLOW_CTX_TRY_NUMBER=1
AIRFLOW_CTX_DAG_RUN_ID=scheduled__2022-05-20T00:00:00+00:00
[2022-11-04T21:43:36.509+0000] {subprocess.py:63} INFO - Tmp dir root location: 
 /tmp
[2022-11-04T21:43:36.510+0000] {subprocess.py:75} INFO - Running command: ['/bin/bash', '-c', "sleep 2 && echo 'task4'"]
[2022-11-04T21:43:36.523+0000] {subprocess.py:86} INFO - Output:
[2022-11-04T21:43:38.527+0000] {subprocess.py:93} INFO - task4
[2022-11-04T21:43:38.528+0000] {subprocess.py:97} INFO - Command exited with return code 0
[2022-11-04T21:43:38.555+0000] {taskinstance.py:1406} INFO - Marking task as SUCCESS. dag_id=orquestation, task_id=task4, execution_date=20220520T000000, start_date=20221104T214336, end_date=20221104T214338
[2022-11-04T21:43:38.615+0000] {local_task_job.py:164} INFO - Task exited with return code 0
[2022-11-04T21:43:38.639+0000] {local_task_job.py:273} INFO - 0 downstream tasks scheduled from follow-on schedule check
