[2022-11-16T21:01:59.028+0000] {taskinstance.py:1165} INFO - Dependencies all met for <TaskInstance: MyPersonalAirflowProject.nasa_verification_task scheduled__2022-10-03T00:00:00+00:00 [queued]>
[2022-11-16T21:01:59.040+0000] {taskinstance.py:1165} INFO - Dependencies all met for <TaskInstance: MyPersonalAirflowProject.nasa_verification_task scheduled__2022-10-03T00:00:00+00:00 [queued]>
[2022-11-16T21:01:59.040+0000] {taskinstance.py:1362} INFO - 
--------------------------------------------------------------------------------
[2022-11-16T21:01:59.041+0000] {taskinstance.py:1363} INFO - Starting attempt 1 of 1
[2022-11-16T21:01:59.042+0000] {taskinstance.py:1364} INFO - 
--------------------------------------------------------------------------------
[2022-11-16T21:01:59.060+0000] {taskinstance.py:1383} INFO - Executing <Task(BashOperator): nasa_verification_task> on 2022-10-03 00:00:00+00:00
[2022-11-16T21:01:59.067+0000] {standard_task_runner.py:55} INFO - Started process 1313 to run task
[2022-11-16T21:01:59.069+0000] {standard_task_runner.py:82} INFO - Running: ['***', 'tasks', 'run', 'MyPersonalAirflowProject', 'nasa_verification_task', 'scheduled__2022-10-03T00:00:00+00:00', '--job-id', '1280', '--raw', '--subdir', 'DAGS_FOLDER/FinalPersonalProject.py', '--cfg-path', '/tmp/tmpqeid8mm5']
[2022-11-16T21:01:59.070+0000] {standard_task_runner.py:83} INFO - Job 1280: Subtask nasa_verification_task
[2022-11-16T21:01:59.137+0000] {task_command.py:376} INFO - Running <TaskInstance: MyPersonalAirflowProject.nasa_verification_task scheduled__2022-10-03T00:00:00+00:00 [running]> on host 638485efabe7
[2022-11-16T21:01:59.222+0000] {taskinstance.py:1592} INFO - Exporting the following env vars:
AIRFLOW_CTX_DAG_OWNER=***
AIRFLOW_CTX_DAG_ID=MyPersonalAirflowProject
AIRFLOW_CTX_TASK_ID=nasa_verification_task
AIRFLOW_CTX_EXECUTION_DATE=2022-10-03T00:00:00+00:00
AIRFLOW_CTX_TRY_NUMBER=1
AIRFLOW_CTX_DAG_RUN_ID=scheduled__2022-10-03T00:00:00+00:00
[2022-11-16T21:01:59.223+0000] {subprocess.py:63} INFO - Tmp dir root location: 
 /tmp
[2022-11-16T21:01:59.224+0000] {subprocess.py:75} INFO - Running command: ['/bin/bash', '-c', 'sleep 20 && echo ÖK"> /tmp/reponse_20221003.txt']
[2022-11-16T21:01:59.236+0000] {subprocess.py:86} INFO - Output:
[2022-11-16T21:01:59.237+0000] {subprocess.py:93} INFO - /bin/bash: -c: line 1: unexpected EOF while looking for matching `"'
[2022-11-16T21:01:59.238+0000] {subprocess.py:93} INFO - /bin/bash: -c: line 2: syntax error: unexpected end of file
[2022-11-16T21:01:59.238+0000] {subprocess.py:97} INFO - Command exited with return code 2
[2022-11-16T21:01:59.251+0000] {taskinstance.py:1851} ERROR - Task failed with exception
Traceback (most recent call last):
  File "/home/airflow/.local/lib/python3.7/site-packages/airflow/operators/bash.py", line 197, in execute
    f'Bash command failed. The command returned a non-zero exit code {result.exit_code}.'
airflow.exceptions.AirflowException: Bash command failed. The command returned a non-zero exit code 2.
[2022-11-16T21:01:59.256+0000] {taskinstance.py:1406} INFO - Marking task as FAILED. dag_id=MyPersonalAirflowProject, task_id=nasa_verification_task, execution_date=20221003T000000, start_date=20221116T210159, end_date=20221116T210159
[2022-11-16T21:01:59.274+0000] {standard_task_runner.py:105} ERROR - Failed to execute job 1280 for task nasa_verification_task (Bash command failed. The command returned a non-zero exit code 2.; 1313)
[2022-11-16T21:01:59.310+0000] {local_task_job.py:164} INFO - Task exited with return code 1
[2022-11-16T21:01:59.330+0000] {local_task_job.py:273} INFO - 0 downstream tasks scheduled from follow-on schedule check
[2022-11-16T22:11:17.118+0000] {taskinstance.py:1165} INFO - Dependencies all met for <TaskInstance: MyPersonalAirflowProject.nasa_verification_task scheduled__2022-10-03T00:00:00+00:00 [queued]>
[2022-11-16T22:11:17.135+0000] {taskinstance.py:1165} INFO - Dependencies all met for <TaskInstance: MyPersonalAirflowProject.nasa_verification_task scheduled__2022-10-03T00:00:00+00:00 [queued]>
[2022-11-16T22:11:17.135+0000] {taskinstance.py:1362} INFO - 
--------------------------------------------------------------------------------
[2022-11-16T22:11:17.135+0000] {taskinstance.py:1363} INFO - Starting attempt 1 of 1
[2022-11-16T22:11:17.136+0000] {taskinstance.py:1364} INFO - 
--------------------------------------------------------------------------------
[2022-11-16T22:11:17.153+0000] {taskinstance.py:1383} INFO - Executing <Task(BashOperator): nasa_verification_task> on 2022-10-03 00:00:00+00:00
[2022-11-16T22:11:17.159+0000] {standard_task_runner.py:55} INFO - Started process 4769 to run task
[2022-11-16T22:11:17.162+0000] {standard_task_runner.py:82} INFO - Running: ['***', 'tasks', 'run', 'MyPersonalAirflowProject', 'nasa_verification_task', 'scheduled__2022-10-03T00:00:00+00:00', '--job-id', '1452', '--raw', '--subdir', 'DAGS_FOLDER/FinalPersonalProject.py', '--cfg-path', '/tmp/tmpqncy_ztf']
[2022-11-16T22:11:17.163+0000] {standard_task_runner.py:83} INFO - Job 1452: Subtask nasa_verification_task
[2022-11-16T22:11:17.232+0000] {task_command.py:376} INFO - Running <TaskInstance: MyPersonalAirflowProject.nasa_verification_task scheduled__2022-10-03T00:00:00+00:00 [running]> on host 638485efabe7
[2022-11-16T22:11:17.319+0000] {taskinstance.py:1592} INFO - Exporting the following env vars:
AIRFLOW_CTX_DAG_OWNER=***
AIRFLOW_CTX_DAG_ID=MyPersonalAirflowProject
AIRFLOW_CTX_TASK_ID=nasa_verification_task
AIRFLOW_CTX_EXECUTION_DATE=2022-10-03T00:00:00+00:00
AIRFLOW_CTX_TRY_NUMBER=1
AIRFLOW_CTX_DAG_RUN_ID=scheduled__2022-10-03T00:00:00+00:00
[2022-11-16T22:11:17.321+0000] {subprocess.py:63} INFO - Tmp dir root location: 
 /tmp
[2022-11-16T22:11:17.322+0000] {subprocess.py:75} INFO - Running command: ['/bin/bash', '-c', 'sleep 20 && echo "OK"> /tmp/reponse_20221003.txt']
[2022-11-16T22:11:17.337+0000] {subprocess.py:86} INFO - Output:
[2022-11-16T22:11:37.391+0000] {subprocess.py:97} INFO - Command exited with return code 0
[2022-11-16T22:11:37.425+0000] {taskinstance.py:1406} INFO - Marking task as SUCCESS. dag_id=MyPersonalAirflowProject, task_id=nasa_verification_task, execution_date=20221003T000000, start_date=20221116T221117, end_date=20221116T221137
[2022-11-16T22:11:37.459+0000] {local_task_job.py:164} INFO - Task exited with return code 0
[2022-11-16T22:11:37.496+0000] {local_task_job.py:273} INFO - 1 downstream tasks scheduled from follow-on schedule check
[2022-11-17T16:25:02.461+0000] {taskinstance.py:1165} INFO - Dependencies all met for <TaskInstance: MyPersonalAirflowProject.nasa_verification_task scheduled__2022-10-03T00:00:00+00:00 [queued]>
[2022-11-17T16:25:02.472+0000] {taskinstance.py:1165} INFO - Dependencies all met for <TaskInstance: MyPersonalAirflowProject.nasa_verification_task scheduled__2022-10-03T00:00:00+00:00 [queued]>
[2022-11-17T16:25:02.473+0000] {taskinstance.py:1362} INFO - 
--------------------------------------------------------------------------------
[2022-11-17T16:25:02.474+0000] {taskinstance.py:1363} INFO - Starting attempt 1 of 1
[2022-11-17T16:25:02.474+0000] {taskinstance.py:1364} INFO - 
--------------------------------------------------------------------------------
[2022-11-17T16:25:02.493+0000] {taskinstance.py:1383} INFO - Executing <Task(BashOperator): nasa_verification_task> on 2022-10-03 00:00:00+00:00
[2022-11-17T16:25:02.498+0000] {standard_task_runner.py:55} INFO - Started process 2974 to run task
[2022-11-17T16:25:02.501+0000] {standard_task_runner.py:82} INFO - Running: ['***', 'tasks', 'run', 'MyPersonalAirflowProject', 'nasa_verification_task', 'scheduled__2022-10-03T00:00:00+00:00', '--job-id', '2040', '--raw', '--subdir', 'DAGS_FOLDER/FinalPersonalProject.py', '--cfg-path', '/tmp/tmplaa2_sdu']
[2022-11-17T16:25:02.502+0000] {standard_task_runner.py:83} INFO - Job 2040: Subtask nasa_verification_task
[2022-11-17T16:25:02.568+0000] {task_command.py:376} INFO - Running <TaskInstance: MyPersonalAirflowProject.nasa_verification_task scheduled__2022-10-03T00:00:00+00:00 [running]> on host 638485efabe7
[2022-11-17T16:25:02.652+0000] {taskinstance.py:1592} INFO - Exporting the following env vars:
AIRFLOW_CTX_DAG_OWNER=***
AIRFLOW_CTX_DAG_ID=MyPersonalAirflowProject
AIRFLOW_CTX_TASK_ID=nasa_verification_task
AIRFLOW_CTX_EXECUTION_DATE=2022-10-03T00:00:00+00:00
AIRFLOW_CTX_TRY_NUMBER=1
AIRFLOW_CTX_DAG_RUN_ID=scheduled__2022-10-03T00:00:00+00:00
[2022-11-17T16:25:02.654+0000] {subprocess.py:63} INFO - Tmp dir root location: 
 /tmp
[2022-11-17T16:25:02.655+0000] {subprocess.py:75} INFO - Running command: ['/bin/bash', '-c', 'sleep 20 && echo "OK"> /tmp/reponse_20221003.txt']
[2022-11-17T16:25:02.669+0000] {subprocess.py:86} INFO - Output:
[2022-11-17T16:25:22.673+0000] {subprocess.py:97} INFO - Command exited with return code 0
[2022-11-17T16:25:22.702+0000] {taskinstance.py:1406} INFO - Marking task as SUCCESS. dag_id=MyPersonalAirflowProject, task_id=nasa_verification_task, execution_date=20221003T000000, start_date=20221117T162502, end_date=20221117T162522
[2022-11-17T16:25:22.741+0000] {local_task_job.py:164} INFO - Task exited with return code 0
[2022-11-17T16:25:22.780+0000] {local_task_job.py:273} INFO - 1 downstream tasks scheduled from follow-on schedule check
[2022-11-17T17:17:09.136+0000] {taskinstance.py:1165} INFO - Dependencies all met for <TaskInstance: MyPersonalAirflowProject.nasa_verification_task scheduled__2022-10-03T00:00:00+00:00 [queued]>
[2022-11-17T17:17:09.149+0000] {taskinstance.py:1165} INFO - Dependencies all met for <TaskInstance: MyPersonalAirflowProject.nasa_verification_task scheduled__2022-10-03T00:00:00+00:00 [queued]>
[2022-11-17T17:17:09.149+0000] {taskinstance.py:1362} INFO - 
--------------------------------------------------------------------------------
[2022-11-17T17:17:09.150+0000] {taskinstance.py:1363} INFO - Starting attempt 1 of 1
[2022-11-17T17:17:09.151+0000] {taskinstance.py:1364} INFO - 
--------------------------------------------------------------------------------
[2022-11-17T17:17:09.167+0000] {taskinstance.py:1383} INFO - Executing <Task(BashOperator): nasa_verification_task> on 2022-10-03 00:00:00+00:00
[2022-11-17T17:17:09.172+0000] {standard_task_runner.py:55} INFO - Started process 6615 to run task
[2022-11-17T17:17:09.175+0000] {standard_task_runner.py:82} INFO - Running: ['***', 'tasks', 'run', 'MyPersonalAirflowProject', 'nasa_verification_task', 'scheduled__2022-10-03T00:00:00+00:00', '--job-id', '2450', '--raw', '--subdir', 'DAGS_FOLDER/FinalPersonalProject.py', '--cfg-path', '/tmp/tmpw224lhy3']
[2022-11-17T17:17:09.176+0000] {standard_task_runner.py:83} INFO - Job 2450: Subtask nasa_verification_task
[2022-11-17T17:17:09.249+0000] {task_command.py:376} INFO - Running <TaskInstance: MyPersonalAirflowProject.nasa_verification_task scheduled__2022-10-03T00:00:00+00:00 [running]> on host 638485efabe7
[2022-11-17T17:17:09.329+0000] {taskinstance.py:1592} INFO - Exporting the following env vars:
AIRFLOW_CTX_DAG_OWNER=***
AIRFLOW_CTX_DAG_ID=MyPersonalAirflowProject
AIRFLOW_CTX_TASK_ID=nasa_verification_task
AIRFLOW_CTX_EXECUTION_DATE=2022-10-03T00:00:00+00:00
AIRFLOW_CTX_TRY_NUMBER=1
AIRFLOW_CTX_DAG_RUN_ID=scheduled__2022-10-03T00:00:00+00:00
[2022-11-17T17:17:09.331+0000] {subprocess.py:63} INFO - Tmp dir root location: 
 /tmp
[2022-11-17T17:17:09.332+0000] {subprocess.py:75} INFO - Running command: ['/bin/bash', '-c', 'sleep 20 && echo "OK"> /tmp/reponse_20221003.txt']
[2022-11-17T17:17:09.343+0000] {subprocess.py:86} INFO - Output:
[2022-11-17T17:17:29.348+0000] {subprocess.py:97} INFO - Command exited with return code 0
[2022-11-17T17:17:29.375+0000] {taskinstance.py:1406} INFO - Marking task as SUCCESS. dag_id=MyPersonalAirflowProject, task_id=nasa_verification_task, execution_date=20221003T000000, start_date=20221117T171709, end_date=20221117T171729
[2022-11-17T17:17:29.434+0000] {local_task_job.py:164} INFO - Task exited with return code 0
[2022-11-17T17:17:29.472+0000] {local_task_job.py:273} INFO - 1 downstream tasks scheduled from follow-on schedule check
