[2022-11-08T19:20:19.778+0000] {taskinstance.py:1165} INFO - Dependencies all met for <TaskInstance: 6-monitoring_1.task1 scheduled__2022-01-16T00:00:00+00:00 [queued]>
[2022-11-08T19:20:19.993+0000] {taskinstance.py:1165} INFO - Dependencies all met for <TaskInstance: 6-monitoring_1.task1 scheduled__2022-01-16T00:00:00+00:00 [queued]>
[2022-11-08T19:20:19.995+0000] {taskinstance.py:1362} INFO - 
--------------------------------------------------------------------------------
[2022-11-08T19:20:19.999+0000] {taskinstance.py:1363} INFO - Starting attempt 2 of 2
[2022-11-08T19:20:20.001+0000] {taskinstance.py:1364} INFO - 
--------------------------------------------------------------------------------
[2022-11-08T19:20:20.177+0000] {taskinstance.py:1383} INFO - Executing <Task(BashOperator): task1> on 2022-01-16 00:00:00+00:00
[2022-11-08T19:20:20.211+0000] {standard_task_runner.py:55} INFO - Started process 2102 to run task
[2022-11-08T19:20:20.240+0000] {standard_task_runner.py:82} INFO - Running: ['***', 'tasks', 'run', '6-monitoring_1', 'task1', 'scheduled__2022-01-16T00:00:00+00:00', '--job-id', '478', '--raw', '--subdir', 'DAGS_FOLDER/6.1-monitoring.py', '--cfg-path', '/tmp/tmpx7str5ni']
[2022-11-08T19:20:20.244+0000] {standard_task_runner.py:83} INFO - Job 478: Subtask task1
[2022-11-08T19:20:20.599+0000] {task_command.py:376} INFO - Running <TaskInstance: 6-monitoring_1.task1 scheduled__2022-01-16T00:00:00+00:00 [running]> on host 638485efabe7
[2022-11-08T19:20:20.898+0000] {taskinstance.py:1592} INFO - Exporting the following env vars:
AIRFLOW_CTX_DAG_OWNER=***
AIRFLOW_CTX_DAG_ID=6-monitoring_1
AIRFLOW_CTX_TASK_ID=task1
AIRFLOW_CTX_EXECUTION_DATE=2022-01-16T00:00:00+00:00
AIRFLOW_CTX_TRY_NUMBER=2
AIRFLOW_CTX_DAG_RUN_ID=scheduled__2022-01-16T00:00:00+00:00
[2022-11-08T19:20:20.909+0000] {subprocess.py:63} INFO - Tmp dir root location: 
 /tmp
[2022-11-08T19:20:20.914+0000] {subprocess.py:75} INFO - Running command: ['/bin/bash', '-c', "sleep 2 && echo 'task1'"]
[2022-11-08T19:20:20.936+0000] {subprocess.py:86} INFO - Output:
[2022-11-08T19:20:23.018+0000] {subprocess.py:93} INFO - task1
[2022-11-08T19:20:23.022+0000] {subprocess.py:97} INFO - Command exited with return code 0
[2022-11-08T19:20:23.160+0000] {taskinstance.py:1406} INFO - Marking task as SUCCESS. dag_id=6-monitoring_1, task_id=task1, execution_date=20220116T000000, start_date=20221108T192019, end_date=20221108T192023
[2022-11-08T19:20:23.377+0000] {local_task_job.py:164} INFO - Task exited with return code 0
[2022-11-08T19:20:23.518+0000] {local_task_job.py:273} INFO - 1 downstream tasks scheduled from follow-on schedule check
