[2022-11-04T21:32:31.471+0000] {taskinstance.py:1165} INFO - Dependencies all met for <TaskInstance: orquestation.task4 scheduled__2022-05-11T00:00:00+00:00 [queued]>
[2022-11-04T21:32:31.509+0000] {taskinstance.py:1165} INFO - Dependencies all met for <TaskInstance: orquestation.task4 scheduled__2022-05-11T00:00:00+00:00 [queued]>
[2022-11-04T21:32:31.511+0000] {taskinstance.py:1362} INFO - 
--------------------------------------------------------------------------------
[2022-11-04T21:32:31.512+0000] {taskinstance.py:1363} INFO - Starting attempt 1 of 1
[2022-11-04T21:32:31.515+0000] {taskinstance.py:1364} INFO - 
--------------------------------------------------------------------------------
[2022-11-04T21:32:31.557+0000] {taskinstance.py:1383} INFO - Executing <Task(BashOperator): task4> on 2022-05-11 00:00:00+00:00
[2022-11-04T21:32:31.571+0000] {standard_task_runner.py:55} INFO - Started process 846 to run task
[2022-11-04T21:32:31.577+0000] {standard_task_runner.py:82} INFO - Running: ['***', 'tasks', 'run', 'orquestation', 'task4', 'scheduled__2022-05-11T00:00:00+00:00', '--job-id', '154', '--raw', '--subdir', 'DAGS_FOLDER/5.1-orquestacion.py', '--cfg-path', '/tmp/tmpu0yuaq0p']
[2022-11-04T21:32:31.578+0000] {standard_task_runner.py:83} INFO - Job 154: Subtask task4
[2022-11-04T21:32:31.764+0000] {task_command.py:376} INFO - Running <TaskInstance: orquestation.task4 scheduled__2022-05-11T00:00:00+00:00 [running]> on host 643e334f405f
[2022-11-04T21:32:31.967+0000] {taskinstance.py:1592} INFO - Exporting the following env vars:
AIRFLOW_CTX_DAG_OWNER=***
AIRFLOW_CTX_DAG_ID=orquestation
AIRFLOW_CTX_TASK_ID=task4
AIRFLOW_CTX_EXECUTION_DATE=2022-05-11T00:00:00+00:00
AIRFLOW_CTX_TRY_NUMBER=1
AIRFLOW_CTX_DAG_RUN_ID=scheduled__2022-05-11T00:00:00+00:00
[2022-11-04T21:32:32.006+0000] {subprocess.py:63} INFO - Tmp dir root location: 
 /tmp
[2022-11-04T21:32:32.015+0000] {subprocess.py:75} INFO - Running command: ['/bin/bash', '-c', "sleep 2 && echo 'task4'"]
[2022-11-04T21:32:32.039+0000] {subprocess.py:86} INFO - Output:
[2022-11-04T21:32:34.675+0000] {subprocess.py:93} INFO - task4
[2022-11-04T21:32:34.678+0000] {subprocess.py:97} INFO - Command exited with return code 0
[2022-11-04T21:32:34.889+0000] {taskinstance.py:1406} INFO - Marking task as SUCCESS. dag_id=orquestation, task_id=task4, execution_date=20220511T000000, start_date=20221104T213231, end_date=20221104T213234
[2022-11-04T21:32:34.992+0000] {local_task_job.py:164} INFO - Task exited with return code 0
[2022-11-04T21:32:35.214+0000] {local_task_job.py:273} INFO - 0 downstream tasks scheduled from follow-on schedule check
[2022-11-04T21:42:00.038+0000] {taskinstance.py:1165} INFO - Dependencies all met for <TaskInstance: orquestation.task4 scheduled__2022-05-11T00:00:00+00:00 [queued]>
[2022-11-04T21:42:00.056+0000] {taskinstance.py:1165} INFO - Dependencies all met for <TaskInstance: orquestation.task4 scheduled__2022-05-11T00:00:00+00:00 [queued]>
[2022-11-04T21:42:00.057+0000] {taskinstance.py:1362} INFO - 
--------------------------------------------------------------------------------
[2022-11-04T21:42:00.057+0000] {taskinstance.py:1363} INFO - Starting attempt 1 of 1
[2022-11-04T21:42:00.058+0000] {taskinstance.py:1364} INFO - 
--------------------------------------------------------------------------------
[2022-11-04T21:42:00.083+0000] {taskinstance.py:1383} INFO - Executing <Task(BashOperator): task4> on 2022-05-11 00:00:00+00:00
[2022-11-04T21:42:00.091+0000] {standard_task_runner.py:55} INFO - Started process 1847 to run task
[2022-11-04T21:42:00.094+0000] {standard_task_runner.py:82} INFO - Running: ['***', 'tasks', 'run', 'orquestation', 'task4', 'scheduled__2022-05-11T00:00:00+00:00', '--job-id', '298', '--raw', '--subdir', 'DAGS_FOLDER/5.1-orquestacion.py', '--cfg-path', '/tmp/tmpt6_djdcd']
[2022-11-04T21:42:00.095+0000] {standard_task_runner.py:83} INFO - Job 298: Subtask task4
[2022-11-04T21:42:00.169+0000] {task_command.py:376} INFO - Running <TaskInstance: orquestation.task4 scheduled__2022-05-11T00:00:00+00:00 [running]> on host 643e334f405f
[2022-11-04T21:42:00.252+0000] {taskinstance.py:1592} INFO - Exporting the following env vars:
AIRFLOW_CTX_DAG_OWNER=***
AIRFLOW_CTX_DAG_ID=orquestation
AIRFLOW_CTX_TASK_ID=task4
AIRFLOW_CTX_EXECUTION_DATE=2022-05-11T00:00:00+00:00
AIRFLOW_CTX_TRY_NUMBER=1
AIRFLOW_CTX_DAG_RUN_ID=scheduled__2022-05-11T00:00:00+00:00
[2022-11-04T21:42:00.253+0000] {subprocess.py:63} INFO - Tmp dir root location: 
 /tmp
[2022-11-04T21:42:00.254+0000] {subprocess.py:75} INFO - Running command: ['/bin/bash', '-c', "sleep 2 && echo 'task4'"]
[2022-11-04T21:42:00.269+0000] {subprocess.py:86} INFO - Output:
[2022-11-04T21:42:02.272+0000] {subprocess.py:93} INFO - task4
[2022-11-04T21:42:02.273+0000] {subprocess.py:97} INFO - Command exited with return code 0
[2022-11-04T21:42:02.299+0000] {taskinstance.py:1406} INFO - Marking task as SUCCESS. dag_id=orquestation, task_id=task4, execution_date=20220511T000000, start_date=20221104T214200, end_date=20221104T214202
[2022-11-04T21:42:02.354+0000] {local_task_job.py:164} INFO - Task exited with return code 0
[2022-11-04T21:42:02.373+0000] {local_task_job.py:273} INFO - 0 downstream tasks scheduled from follow-on schedule check
