[2022-11-16T21:34:22.979+0000] {taskinstance.py:1165} INFO - Dependencies all met for <TaskInstance: MyPersonalAirflowProject.waiting_nasa_confirmation scheduled__2022-11-03T00:00:00+00:00 [queued]>
[2022-11-16T21:34:22.995+0000] {taskinstance.py:1165} INFO - Dependencies all met for <TaskInstance: MyPersonalAirflowProject.waiting_nasa_confirmation scheduled__2022-11-03T00:00:00+00:00 [queued]>
[2022-11-16T21:34:22.995+0000] {taskinstance.py:1362} INFO - 
--------------------------------------------------------------------------------
[2022-11-16T21:34:22.997+0000] {taskinstance.py:1363} INFO - Starting attempt 1 of 1
[2022-11-16T21:34:22.997+0000] {taskinstance.py:1364} INFO - 
--------------------------------------------------------------------------------
[2022-11-16T21:34:23.018+0000] {taskinstance.py:1383} INFO - Executing <Task(FileSensor): waiting_nasa_confirmation> on 2022-11-03 00:00:00+00:00
[2022-11-16T21:34:23.025+0000] {standard_task_runner.py:55} INFO - Started process 3127 to run task
[2022-11-16T21:34:23.028+0000] {standard_task_runner.py:82} INFO - Running: ['***', 'tasks', 'run', 'MyPersonalAirflowProject', 'waiting_nasa_confirmation', 'scheduled__2022-11-03T00:00:00+00:00', '--job-id', '1404', '--raw', '--subdir', 'DAGS_FOLDER/FinalPersonalProject.py', '--cfg-path', '/tmp/tmp8pqn8i52']
[2022-11-16T21:34:23.029+0000] {standard_task_runner.py:83} INFO - Job 1404: Subtask waiting_nasa_confirmation
[2022-11-16T21:34:23.101+0000] {task_command.py:376} INFO - Running <TaskInstance: MyPersonalAirflowProject.waiting_nasa_confirmation scheduled__2022-11-03T00:00:00+00:00 [running]> on host 638485efabe7
[2022-11-16T21:34:23.195+0000] {taskinstance.py:1592} INFO - Exporting the following env vars:
AIRFLOW_CTX_DAG_OWNER=***
AIRFLOW_CTX_DAG_ID=MyPersonalAirflowProject
AIRFLOW_CTX_TASK_ID=waiting_nasa_confirmation
AIRFLOW_CTX_EXECUTION_DATE=2022-11-03T00:00:00+00:00
AIRFLOW_CTX_TRY_NUMBER=1
AIRFLOW_CTX_DAG_RUN_ID=scheduled__2022-11-03T00:00:00+00:00
[2022-11-16T21:34:23.208+0000] {base.py:71} INFO - Using connection ID 'fs_default' for task execution.
[2022-11-16T21:34:23.209+0000] {filesystem.py:58} INFO - Poking for file /tmp/reponse_20221103.txt
[2022-11-16T21:34:23.210+0000] {filesystem.py:63} INFO - Found File /tmp/reponse_20221103.txt last modified: 20221116213421
[2022-11-16T21:34:23.211+0000] {base.py:213} INFO - Success criteria met. Exiting.
[2022-11-16T21:34:23.222+0000] {taskinstance.py:1406} INFO - Marking task as SUCCESS. dag_id=MyPersonalAirflowProject, task_id=waiting_nasa_confirmation, execution_date=20221103T000000, start_date=20221116T213422, end_date=20221116T213423
[2022-11-16T21:34:23.254+0000] {local_task_job.py:164} INFO - Task exited with return code 0
[2022-11-16T21:34:23.293+0000] {local_task_job.py:273} INFO - 1 downstream tasks scheduled from follow-on schedule check
[2022-11-16T22:31:01.748+0000] {taskinstance.py:1165} INFO - Dependencies all met for <TaskInstance: MyPersonalAirflowProject.waiting_nasa_confirmation scheduled__2022-11-03T00:00:00+00:00 [queued]>
[2022-11-16T22:31:01.767+0000] {taskinstance.py:1165} INFO - Dependencies all met for <TaskInstance: MyPersonalAirflowProject.waiting_nasa_confirmation scheduled__2022-11-03T00:00:00+00:00 [queued]>
[2022-11-16T22:31:01.768+0000] {taskinstance.py:1362} INFO - 
--------------------------------------------------------------------------------
[2022-11-16T22:31:01.768+0000] {taskinstance.py:1363} INFO - Starting attempt 1 of 1
[2022-11-16T22:31:01.769+0000] {taskinstance.py:1364} INFO - 
--------------------------------------------------------------------------------
[2022-11-16T22:31:01.788+0000] {taskinstance.py:1383} INFO - Executing <Task(FileSensor): waiting_nasa_confirmation> on 2022-11-03 00:00:00+00:00
[2022-11-16T22:31:01.794+0000] {standard_task_runner.py:55} INFO - Started process 6123 to run task
[2022-11-16T22:31:01.797+0000] {standard_task_runner.py:82} INFO - Running: ['***', 'tasks', 'run', 'MyPersonalAirflowProject', 'waiting_nasa_confirmation', 'scheduled__2022-11-03T00:00:00+00:00', '--job-id', '1639', '--raw', '--subdir', 'DAGS_FOLDER/FinalPersonalProject.py', '--cfg-path', '/tmp/tmpq27bns0o']
[2022-11-16T22:31:01.798+0000] {standard_task_runner.py:83} INFO - Job 1639: Subtask waiting_nasa_confirmation
[2022-11-16T22:31:01.862+0000] {task_command.py:376} INFO - Running <TaskInstance: MyPersonalAirflowProject.waiting_nasa_confirmation scheduled__2022-11-03T00:00:00+00:00 [running]> on host 638485efabe7
[2022-11-16T22:31:01.951+0000] {taskinstance.py:1592} INFO - Exporting the following env vars:
AIRFLOW_CTX_DAG_OWNER=***
AIRFLOW_CTX_DAG_ID=MyPersonalAirflowProject
AIRFLOW_CTX_TASK_ID=waiting_nasa_confirmation
AIRFLOW_CTX_EXECUTION_DATE=2022-11-03T00:00:00+00:00
AIRFLOW_CTX_TRY_NUMBER=1
AIRFLOW_CTX_DAG_RUN_ID=scheduled__2022-11-03T00:00:00+00:00
[2022-11-16T22:31:01.973+0000] {base.py:71} INFO - Using connection ID 'fs_default' for task execution.
[2022-11-16T22:31:01.974+0000] {filesystem.py:58} INFO - Poking for file /tmp/reponse_20221103.txt
[2022-11-16T22:31:01.975+0000] {filesystem.py:63} INFO - Found File /tmp/reponse_20221103.txt last modified: 20221116223100
[2022-11-16T22:31:01.976+0000] {base.py:213} INFO - Success criteria met. Exiting.
[2022-11-16T22:31:01.996+0000] {taskinstance.py:1406} INFO - Marking task as SUCCESS. dag_id=MyPersonalAirflowProject, task_id=waiting_nasa_confirmation, execution_date=20221103T000000, start_date=20221116T223101, end_date=20221116T223101
[2022-11-16T22:31:02.069+0000] {local_task_job.py:164} INFO - Task exited with return code 0
[2022-11-16T22:31:02.125+0000] {local_task_job.py:273} INFO - 1 downstream tasks scheduled from follow-on schedule check
[2022-11-17T16:42:08.472+0000] {taskinstance.py:1165} INFO - Dependencies all met for <TaskInstance: MyPersonalAirflowProject.waiting_nasa_confirmation scheduled__2022-11-03T00:00:00+00:00 [queued]>
[2022-11-17T16:42:08.486+0000] {taskinstance.py:1165} INFO - Dependencies all met for <TaskInstance: MyPersonalAirflowProject.waiting_nasa_confirmation scheduled__2022-11-03T00:00:00+00:00 [queued]>
[2022-11-17T16:42:08.487+0000] {taskinstance.py:1362} INFO - 
--------------------------------------------------------------------------------
[2022-11-17T16:42:08.487+0000] {taskinstance.py:1363} INFO - Starting attempt 1 of 1
[2022-11-17T16:42:08.488+0000] {taskinstance.py:1364} INFO - 
--------------------------------------------------------------------------------
[2022-11-17T16:42:08.505+0000] {taskinstance.py:1383} INFO - Executing <Task(FileSensor): waiting_nasa_confirmation> on 2022-11-03 00:00:00+00:00
[2022-11-17T16:42:08.511+0000] {standard_task_runner.py:55} INFO - Started process 4535 to run task
[2022-11-17T16:42:08.514+0000] {standard_task_runner.py:82} INFO - Running: ['***', 'tasks', 'run', 'MyPersonalAirflowProject', 'waiting_nasa_confirmation', 'scheduled__2022-11-03T00:00:00+00:00', '--job-id', '2289', '--raw', '--subdir', 'DAGS_FOLDER/FinalPersonalProject.py', '--cfg-path', '/tmp/tmpantz0_g0']
[2022-11-17T16:42:08.515+0000] {standard_task_runner.py:83} INFO - Job 2289: Subtask waiting_nasa_confirmation
[2022-11-17T16:42:08.586+0000] {task_command.py:376} INFO - Running <TaskInstance: MyPersonalAirflowProject.waiting_nasa_confirmation scheduled__2022-11-03T00:00:00+00:00 [running]> on host 638485efabe7
[2022-11-17T16:42:08.668+0000] {taskinstance.py:1592} INFO - Exporting the following env vars:
AIRFLOW_CTX_DAG_OWNER=***
AIRFLOW_CTX_DAG_ID=MyPersonalAirflowProject
AIRFLOW_CTX_TASK_ID=waiting_nasa_confirmation
AIRFLOW_CTX_EXECUTION_DATE=2022-11-03T00:00:00+00:00
AIRFLOW_CTX_TRY_NUMBER=1
AIRFLOW_CTX_DAG_RUN_ID=scheduled__2022-11-03T00:00:00+00:00
[2022-11-17T16:42:08.678+0000] {base.py:71} INFO - Using connection ID 'fs_default' for task execution.
[2022-11-17T16:42:08.679+0000] {filesystem.py:58} INFO - Poking for file /tmp/reponse_20221103.txt
[2022-11-17T16:42:08.680+0000] {filesystem.py:63} INFO - Found File /tmp/reponse_20221103.txt last modified: 20221117164207
[2022-11-17T16:42:08.680+0000] {base.py:213} INFO - Success criteria met. Exiting.
[2022-11-17T16:42:08.691+0000] {taskinstance.py:1406} INFO - Marking task as SUCCESS. dag_id=MyPersonalAirflowProject, task_id=waiting_nasa_confirmation, execution_date=20221103T000000, start_date=20221117T164208, end_date=20221117T164208
[2022-11-17T16:42:08.726+0000] {local_task_job.py:164} INFO - Task exited with return code 0
[2022-11-17T16:42:08.767+0000] {local_task_job.py:273} INFO - 1 downstream tasks scheduled from follow-on schedule check
[2022-11-17T17:33:12.871+0000] {taskinstance.py:1165} INFO - Dependencies all met for <TaskInstance: MyPersonalAirflowProject.waiting_nasa_confirmation scheduled__2022-11-03T00:00:00+00:00 [queued]>
[2022-11-17T17:33:12.973+0000] {taskinstance.py:1165} INFO - Dependencies all met for <TaskInstance: MyPersonalAirflowProject.waiting_nasa_confirmation scheduled__2022-11-03T00:00:00+00:00 [queued]>
[2022-11-17T17:33:12.974+0000] {taskinstance.py:1362} INFO - 
--------------------------------------------------------------------------------
[2022-11-17T17:33:12.974+0000] {taskinstance.py:1363} INFO - Starting attempt 1 of 1
[2022-11-17T17:33:12.975+0000] {taskinstance.py:1364} INFO - 
--------------------------------------------------------------------------------
[2022-11-17T17:33:12.993+0000] {taskinstance.py:1383} INFO - Executing <Task(FileSensor): waiting_nasa_confirmation> on 2022-11-03 00:00:00+00:00
[2022-11-17T17:33:12.999+0000] {standard_task_runner.py:55} INFO - Started process 8146 to run task
[2022-11-17T17:33:13.002+0000] {standard_task_runner.py:82} INFO - Running: ['***', 'tasks', 'run', 'MyPersonalAirflowProject', 'waiting_nasa_confirmation', 'scheduled__2022-11-03T00:00:00+00:00', '--job-id', '2699', '--raw', '--subdir', 'DAGS_FOLDER/FinalPersonalProject.py', '--cfg-path', '/tmp/tmpzsy7b2_f']
[2022-11-17T17:33:13.003+0000] {standard_task_runner.py:83} INFO - Job 2699: Subtask waiting_nasa_confirmation
[2022-11-17T17:33:13.068+0000] {task_command.py:376} INFO - Running <TaskInstance: MyPersonalAirflowProject.waiting_nasa_confirmation scheduled__2022-11-03T00:00:00+00:00 [running]> on host 638485efabe7
[2022-11-17T17:33:13.143+0000] {taskinstance.py:1592} INFO - Exporting the following env vars:
AIRFLOW_CTX_DAG_OWNER=***
AIRFLOW_CTX_DAG_ID=MyPersonalAirflowProject
AIRFLOW_CTX_TASK_ID=waiting_nasa_confirmation
AIRFLOW_CTX_EXECUTION_DATE=2022-11-03T00:00:00+00:00
AIRFLOW_CTX_TRY_NUMBER=1
AIRFLOW_CTX_DAG_RUN_ID=scheduled__2022-11-03T00:00:00+00:00
[2022-11-17T17:33:13.152+0000] {base.py:71} INFO - Using connection ID 'fs_default' for task execution.
[2022-11-17T17:33:13.153+0000] {filesystem.py:58} INFO - Poking for file /tmp/reponse_20221103.txt
[2022-11-17T17:33:13.154+0000] {filesystem.py:63} INFO - Found File /tmp/reponse_20221103.txt last modified: 20221117173311
[2022-11-17T17:33:13.154+0000] {base.py:213} INFO - Success criteria met. Exiting.
[2022-11-17T17:33:13.166+0000] {taskinstance.py:1406} INFO - Marking task as SUCCESS. dag_id=MyPersonalAirflowProject, task_id=waiting_nasa_confirmation, execution_date=20221103T000000, start_date=20221117T173312, end_date=20221117T173313
[2022-11-17T17:33:13.216+0000] {local_task_job.py:164} INFO - Task exited with return code 0
[2022-11-17T17:33:13.285+0000] {local_task_job.py:273} INFO - 1 downstream tasks scheduled from follow-on schedule check
