[2022-11-17T16:01:47.736+0000] {taskinstance.py:1165} INFO - Dependencies all met for <TaskInstance: MyPersonalAirflowProject.waiting_nasa_confirmation scheduled__2022-11-03T00:00:00+00:00 [queued]>
[2022-11-17T16:01:47.752+0000] {taskinstance.py:1165} INFO - Dependencies all met for <TaskInstance: MyPersonalAirflowProject.waiting_nasa_confirmation scheduled__2022-11-03T00:00:00+00:00 [queued]>
[2022-11-17T16:01:47.753+0000] {taskinstance.py:1362} INFO - 
--------------------------------------------------------------------------------
[2022-11-17T16:01:47.754+0000] {taskinstance.py:1363} INFO - Starting attempt 2 of 2
[2022-11-17T16:01:47.754+0000] {taskinstance.py:1364} INFO - 
--------------------------------------------------------------------------------
[2022-11-17T16:01:47.776+0000] {taskinstance.py:1383} INFO - Executing <Task(FileSensor): waiting_nasa_confirmation> on 2022-11-03 00:00:00+00:00
[2022-11-17T16:01:47.785+0000] {standard_task_runner.py:55} INFO - Started process 1578 to run task
[2022-11-17T16:01:47.789+0000] {standard_task_runner.py:82} INFO - Running: ['***', 'tasks', 'run', 'MyPersonalAirflowProject', 'waiting_nasa_confirmation', 'scheduled__2022-11-03T00:00:00+00:00', '--job-id', '1941', '--raw', '--subdir', 'DAGS_FOLDER/FinalPersonalProject.py', '--cfg-path', '/tmp/tmpd3wod_ou']
[2022-11-17T16:01:47.790+0000] {standard_task_runner.py:83} INFO - Job 1941: Subtask waiting_nasa_confirmation
[2022-11-17T16:01:47.869+0000] {task_command.py:376} INFO - Running <TaskInstance: MyPersonalAirflowProject.waiting_nasa_confirmation scheduled__2022-11-03T00:00:00+00:00 [running]> on host 638485efabe7
[2022-11-17T16:01:47.952+0000] {taskinstance.py:1592} INFO - Exporting the following env vars:
AIRFLOW_CTX_DAG_OWNER=***
AIRFLOW_CTX_DAG_ID=MyPersonalAirflowProject
AIRFLOW_CTX_TASK_ID=waiting_nasa_confirmation
AIRFLOW_CTX_EXECUTION_DATE=2022-11-03T00:00:00+00:00
AIRFLOW_CTX_TRY_NUMBER=2
AIRFLOW_CTX_DAG_RUN_ID=scheduled__2022-11-03T00:00:00+00:00
[2022-11-17T16:01:47.964+0000] {base.py:71} INFO - Using connection ID 'fs_default' for task execution.
[2022-11-17T16:01:47.965+0000] {filesystem.py:58} INFO - Poking for file /tmp/reponse_20221103.txt
[2022-11-17T16:01:47.966+0000] {filesystem.py:63} INFO - Found File /tmp/reponse_20221103.txt last modified: 20221117160146
[2022-11-17T16:01:47.967+0000] {base.py:213} INFO - Success criteria met. Exiting.
[2022-11-17T16:01:47.978+0000] {taskinstance.py:1406} INFO - Marking task as SUCCESS. dag_id=MyPersonalAirflowProject, task_id=waiting_nasa_confirmation, execution_date=20221103T000000, start_date=20221117T160147, end_date=20221117T160147
[2022-11-17T16:01:48.042+0000] {local_task_job.py:164} INFO - Task exited with return code 0
[2022-11-17T16:01:48.084+0000] {local_task_job.py:273} INFO - 1 downstream tasks scheduled from follow-on schedule check
