[2022-11-16T22:21:32.825+0000] {taskinstance.py:1165} INFO - Dependencies all met for <TaskInstance: MyPersonalAirflowProject.waiting_nasa_confirmation scheduled__2022-10-21T00:00:00+00:00 [queued]>
[2022-11-16T22:21:32.854+0000] {taskinstance.py:1165} INFO - Dependencies all met for <TaskInstance: MyPersonalAirflowProject.waiting_nasa_confirmation scheduled__2022-10-21T00:00:00+00:00 [queued]>
[2022-11-16T22:21:32.855+0000] {taskinstance.py:1362} INFO - 
--------------------------------------------------------------------------------
[2022-11-16T22:21:32.860+0000] {taskinstance.py:1363} INFO - Starting attempt 1 of 1
[2022-11-16T22:21:32.861+0000] {taskinstance.py:1364} INFO - 
--------------------------------------------------------------------------------
[2022-11-16T22:21:32.892+0000] {taskinstance.py:1383} INFO - Executing <Task(FileSensor): waiting_nasa_confirmation> on 2022-10-21 00:00:00+00:00
[2022-11-16T22:21:32.901+0000] {standard_task_runner.py:55} INFO - Started process 5566 to run task
[2022-11-16T22:21:32.905+0000] {standard_task_runner.py:82} INFO - Running: ['***', 'tasks', 'run', 'MyPersonalAirflowProject', 'waiting_nasa_confirmation', 'scheduled__2022-10-21T00:00:00+00:00', '--job-id', '1561', '--raw', '--subdir', 'DAGS_FOLDER/FinalPersonalProject.py', '--cfg-path', '/tmp/tmp5stcm0au']
[2022-11-16T22:21:32.906+0000] {standard_task_runner.py:83} INFO - Job 1561: Subtask waiting_nasa_confirmation
[2022-11-16T22:21:32.992+0000] {task_command.py:376} INFO - Running <TaskInstance: MyPersonalAirflowProject.waiting_nasa_confirmation scheduled__2022-10-21T00:00:00+00:00 [running]> on host 638485efabe7
[2022-11-16T22:21:33.123+0000] {taskinstance.py:1592} INFO - Exporting the following env vars:
AIRFLOW_CTX_DAG_OWNER=***
AIRFLOW_CTX_DAG_ID=MyPersonalAirflowProject
AIRFLOW_CTX_TASK_ID=waiting_nasa_confirmation
AIRFLOW_CTX_EXECUTION_DATE=2022-10-21T00:00:00+00:00
AIRFLOW_CTX_TRY_NUMBER=1
AIRFLOW_CTX_DAG_RUN_ID=scheduled__2022-10-21T00:00:00+00:00
[2022-11-16T22:21:33.134+0000] {base.py:71} INFO - Using connection ID 'fs_default' for task execution.
[2022-11-16T22:21:33.135+0000] {filesystem.py:58} INFO - Poking for file /tmp/reponse_20221021.txt
[2022-11-16T22:21:33.136+0000] {filesystem.py:63} INFO - Found File /tmp/reponse_20221021.txt last modified: 20221116222131
[2022-11-16T22:21:33.137+0000] {base.py:213} INFO - Success criteria met. Exiting.
[2022-11-16T22:21:33.150+0000] {taskinstance.py:1406} INFO - Marking task as SUCCESS. dag_id=MyPersonalAirflowProject, task_id=waiting_nasa_confirmation, execution_date=20221021T000000, start_date=20221116T222132, end_date=20221116T222133
[2022-11-16T22:21:33.191+0000] {local_task_job.py:164} INFO - Task exited with return code 0
[2022-11-16T22:21:33.242+0000] {local_task_job.py:273} INFO - 1 downstream tasks scheduled from follow-on schedule check
[2022-11-17T16:34:35.524+0000] {taskinstance.py:1165} INFO - Dependencies all met for <TaskInstance: MyPersonalAirflowProject.waiting_nasa_confirmation scheduled__2022-10-21T00:00:00+00:00 [queued]>
[2022-11-17T16:34:35.536+0000] {taskinstance.py:1165} INFO - Dependencies all met for <TaskInstance: MyPersonalAirflowProject.waiting_nasa_confirmation scheduled__2022-10-21T00:00:00+00:00 [queued]>
[2022-11-17T16:34:35.536+0000] {taskinstance.py:1362} INFO - 
--------------------------------------------------------------------------------
[2022-11-17T16:34:35.537+0000] {taskinstance.py:1363} INFO - Starting attempt 1 of 1
[2022-11-17T16:34:35.537+0000] {taskinstance.py:1364} INFO - 
--------------------------------------------------------------------------------
[2022-11-17T16:34:35.553+0000] {taskinstance.py:1383} INFO - Executing <Task(FileSensor): waiting_nasa_confirmation> on 2022-10-21 00:00:00+00:00
[2022-11-17T16:34:35.559+0000] {standard_task_runner.py:55} INFO - Started process 3863 to run task
[2022-11-17T16:34:35.562+0000] {standard_task_runner.py:82} INFO - Running: ['***', 'tasks', 'run', 'MyPersonalAirflowProject', 'waiting_nasa_confirmation', 'scheduled__2022-10-21T00:00:00+00:00', '--job-id', '2185', '--raw', '--subdir', 'DAGS_FOLDER/FinalPersonalProject.py', '--cfg-path', '/tmp/tmp_7bx8hi_']
[2022-11-17T16:34:35.563+0000] {standard_task_runner.py:83} INFO - Job 2185: Subtask waiting_nasa_confirmation
[2022-11-17T16:34:35.633+0000] {task_command.py:376} INFO - Running <TaskInstance: MyPersonalAirflowProject.waiting_nasa_confirmation scheduled__2022-10-21T00:00:00+00:00 [running]> on host 638485efabe7
[2022-11-17T16:34:35.712+0000] {taskinstance.py:1592} INFO - Exporting the following env vars:
AIRFLOW_CTX_DAG_OWNER=***
AIRFLOW_CTX_DAG_ID=MyPersonalAirflowProject
AIRFLOW_CTX_TASK_ID=waiting_nasa_confirmation
AIRFLOW_CTX_EXECUTION_DATE=2022-10-21T00:00:00+00:00
AIRFLOW_CTX_TRY_NUMBER=1
AIRFLOW_CTX_DAG_RUN_ID=scheduled__2022-10-21T00:00:00+00:00
[2022-11-17T16:34:35.724+0000] {base.py:71} INFO - Using connection ID 'fs_default' for task execution.
[2022-11-17T16:34:35.724+0000] {filesystem.py:58} INFO - Poking for file /tmp/reponse_20221021.txt
[2022-11-17T16:34:35.725+0000] {filesystem.py:63} INFO - Found File /tmp/reponse_20221021.txt last modified: 20221117163434
[2022-11-17T16:34:35.725+0000] {base.py:213} INFO - Success criteria met. Exiting.
[2022-11-17T16:34:35.736+0000] {taskinstance.py:1406} INFO - Marking task as SUCCESS. dag_id=MyPersonalAirflowProject, task_id=waiting_nasa_confirmation, execution_date=20221021T000000, start_date=20221117T163435, end_date=20221117T163435
[2022-11-17T16:34:35.775+0000] {local_task_job.py:164} INFO - Task exited with return code 0
[2022-11-17T16:34:35.819+0000] {local_task_job.py:273} INFO - 1 downstream tasks scheduled from follow-on schedule check
[2022-11-17T17:26:39.898+0000] {taskinstance.py:1165} INFO - Dependencies all met for <TaskInstance: MyPersonalAirflowProject.waiting_nasa_confirmation scheduled__2022-10-21T00:00:00+00:00 [queued]>
[2022-11-17T17:26:39.912+0000] {taskinstance.py:1165} INFO - Dependencies all met for <TaskInstance: MyPersonalAirflowProject.waiting_nasa_confirmation scheduled__2022-10-21T00:00:00+00:00 [queued]>
[2022-11-17T17:26:39.912+0000] {taskinstance.py:1362} INFO - 
--------------------------------------------------------------------------------
[2022-11-17T17:26:39.913+0000] {taskinstance.py:1363} INFO - Starting attempt 1 of 1
[2022-11-17T17:26:39.914+0000] {taskinstance.py:1364} INFO - 
--------------------------------------------------------------------------------
[2022-11-17T17:26:39.933+0000] {taskinstance.py:1383} INFO - Executing <Task(FileSensor): waiting_nasa_confirmation> on 2022-10-21 00:00:00+00:00
[2022-11-17T17:26:39.940+0000] {standard_task_runner.py:55} INFO - Started process 7514 to run task
[2022-11-17T17:26:39.943+0000] {standard_task_runner.py:82} INFO - Running: ['***', 'tasks', 'run', 'MyPersonalAirflowProject', 'waiting_nasa_confirmation', 'scheduled__2022-10-21T00:00:00+00:00', '--job-id', '2595', '--raw', '--subdir', 'DAGS_FOLDER/FinalPersonalProject.py', '--cfg-path', '/tmp/tmpkrxxijx_']
[2022-11-17T17:26:39.944+0000] {standard_task_runner.py:83} INFO - Job 2595: Subtask waiting_nasa_confirmation
[2022-11-17T17:26:40.014+0000] {task_command.py:376} INFO - Running <TaskInstance: MyPersonalAirflowProject.waiting_nasa_confirmation scheduled__2022-10-21T00:00:00+00:00 [running]> on host 638485efabe7
[2022-11-17T17:26:40.094+0000] {taskinstance.py:1592} INFO - Exporting the following env vars:
AIRFLOW_CTX_DAG_OWNER=***
AIRFLOW_CTX_DAG_ID=MyPersonalAirflowProject
AIRFLOW_CTX_TASK_ID=waiting_nasa_confirmation
AIRFLOW_CTX_EXECUTION_DATE=2022-10-21T00:00:00+00:00
AIRFLOW_CTX_TRY_NUMBER=1
AIRFLOW_CTX_DAG_RUN_ID=scheduled__2022-10-21T00:00:00+00:00
[2022-11-17T17:26:40.104+0000] {base.py:71} INFO - Using connection ID 'fs_default' for task execution.
[2022-11-17T17:26:40.105+0000] {filesystem.py:58} INFO - Poking for file /tmp/reponse_20221021.txt
[2022-11-17T17:26:40.106+0000] {filesystem.py:63} INFO - Found File /tmp/reponse_20221021.txt last modified: 20221117172638
[2022-11-17T17:26:40.106+0000] {base.py:213} INFO - Success criteria met. Exiting.
[2022-11-17T17:26:40.116+0000] {taskinstance.py:1406} INFO - Marking task as SUCCESS. dag_id=MyPersonalAirflowProject, task_id=waiting_nasa_confirmation, execution_date=20221021T000000, start_date=20221117T172639, end_date=20221117T172640
[2022-11-17T17:26:40.156+0000] {local_task_job.py:164} INFO - Task exited with return code 0
[2022-11-17T17:26:40.203+0000] {local_task_job.py:273} INFO - 1 downstream tasks scheduled from follow-on schedule check
