[2022-11-16T22:16:40.120+0000] {taskinstance.py:1165} INFO - Dependencies all met for <TaskInstance: MyPersonalAirflowProject.Print_Imported_data scheduled__2022-10-12T00:00:00+00:00 [queued]>
[2022-11-16T22:16:40.133+0000] {taskinstance.py:1165} INFO - Dependencies all met for <TaskInstance: MyPersonalAirflowProject.Print_Imported_data scheduled__2022-10-12T00:00:00+00:00 [queued]>
[2022-11-16T22:16:40.134+0000] {taskinstance.py:1362} INFO - 
--------------------------------------------------------------------------------
[2022-11-16T22:16:40.135+0000] {taskinstance.py:1363} INFO - Starting attempt 1 of 1
[2022-11-16T22:16:40.136+0000] {taskinstance.py:1364} INFO - 
--------------------------------------------------------------------------------
[2022-11-16T22:16:40.155+0000] {taskinstance.py:1383} INFO - Executing <Task(BashOperator): Print_Imported_data> on 2022-10-12 00:00:00+00:00
[2022-11-16T22:16:40.161+0000] {standard_task_runner.py:55} INFO - Started process 5200 to run task
[2022-11-16T22:16:40.164+0000] {standard_task_runner.py:82} INFO - Running: ['***', 'tasks', 'run', 'MyPersonalAirflowProject', 'Print_Imported_data', 'scheduled__2022-10-12T00:00:00+00:00', '--job-id', '1511', '--raw', '--subdir', 'DAGS_FOLDER/FinalPersonalProject.py', '--cfg-path', '/tmp/tmp3mmj39kk']
[2022-11-16T22:16:40.165+0000] {standard_task_runner.py:83} INFO - Job 1511: Subtask Print_Imported_data
[2022-11-16T22:16:40.233+0000] {task_command.py:376} INFO - Running <TaskInstance: MyPersonalAirflowProject.Print_Imported_data scheduled__2022-10-12T00:00:00+00:00 [running]> on host 638485efabe7
[2022-11-16T22:16:40.316+0000] {taskinstance.py:1592} INFO - Exporting the following env vars:
AIRFLOW_CTX_DAG_OWNER=***
AIRFLOW_CTX_DAG_ID=MyPersonalAirflowProject
AIRFLOW_CTX_TASK_ID=Print_Imported_data
AIRFLOW_CTX_EXECUTION_DATE=2022-10-12T00:00:00+00:00
AIRFLOW_CTX_TRY_NUMBER=1
AIRFLOW_CTX_DAG_RUN_ID=scheduled__2022-10-12T00:00:00+00:00
[2022-11-16T22:16:40.320+0000] {subprocess.py:63} INFO - Tmp dir root location: 
 /tmp
[2022-11-16T22:16:40.321+0000] {subprocess.py:75} INFO - Running command: ['/bin/bash', '-c', 'ls /tmp/ && head /tmp/platzi_data.csv']
[2022-11-16T22:16:40.334+0000] {subprocess.py:86} INFO - Output:
[2022-11-16T22:16:40.347+0000] {subprocess.py:93} INFO - ***tmpk5xxq3nx
[2022-11-16T22:16:40.348+0000] {subprocess.py:93} INFO - ***tmplkvca7ip
[2022-11-16T22:16:40.348+0000] {subprocess.py:93} INFO - ***tmpodkacs8z
[2022-11-16T22:16:40.349+0000] {subprocess.py:93} INFO - ***tmpxccrmf3d
[2022-11-16T22:16:40.349+0000] {subprocess.py:93} INFO - file.txt
[2022-11-16T22:16:40.350+0000] {subprocess.py:93} INFO - history.json
[2022-11-16T22:16:40.350+0000] {subprocess.py:93} INFO - platzi_data_20221001.csv
[2022-11-16T22:16:40.350+0000] {subprocess.py:93} INFO - platzi_data_20221002.csv
[2022-11-16T22:16:40.351+0000] {subprocess.py:93} INFO - platzi_data_20221003.csv
[2022-11-16T22:16:40.351+0000] {subprocess.py:93} INFO - platzi_data_20221004.csv
[2022-11-16T22:16:40.351+0000] {subprocess.py:93} INFO - platzi_data_20221005.csv
[2022-11-16T22:16:40.352+0000] {subprocess.py:93} INFO - platzi_data_20221006.csv
[2022-11-16T22:16:40.352+0000] {subprocess.py:93} INFO - platzi_data_20221007.csv
[2022-11-16T22:16:40.353+0000] {subprocess.py:93} INFO - platzi_data_20221008.csv
[2022-11-16T22:16:40.353+0000] {subprocess.py:93} INFO - platzi_data_20221009.csv
[2022-11-16T22:16:40.353+0000] {subprocess.py:93} INFO - platzi_data_20221010.csv
[2022-11-16T22:16:40.354+0000] {subprocess.py:93} INFO - platzi_data_20221011.csv
[2022-11-16T22:16:40.354+0000] {subprocess.py:93} INFO - platzi_data_20221012.csv
[2022-11-16T22:16:40.354+0000] {subprocess.py:93} INFO - pymp-8yik9lbi
[2022-11-16T22:16:40.354+0000] {subprocess.py:93} INFO - pymp-y00k7agg
[2022-11-16T22:16:40.355+0000] {subprocess.py:93} INFO - reponse_20221001.txt
[2022-11-16T22:16:40.355+0000] {subprocess.py:93} INFO - reponse_20221002.txt
[2022-11-16T22:16:40.355+0000] {subprocess.py:93} INFO - reponse_20221003.txt
[2022-11-16T22:16:40.356+0000] {subprocess.py:93} INFO - reponse_20221004.txt
[2022-11-16T22:16:40.356+0000] {subprocess.py:93} INFO - reponse_20221005.txt
[2022-11-16T22:16:40.356+0000] {subprocess.py:93} INFO - reponse_20221006.txt
[2022-11-16T22:16:40.357+0000] {subprocess.py:93} INFO - reponse_20221007.txt
[2022-11-16T22:16:40.357+0000] {subprocess.py:93} INFO - reponse_20221008.txt
[2022-11-16T22:16:40.357+0000] {subprocess.py:93} INFO - reponse_20221009.txt
[2022-11-16T22:16:40.358+0000] {subprocess.py:93} INFO - reponse_20221010.txt
[2022-11-16T22:16:40.358+0000] {subprocess.py:93} INFO - reponse_20221011.txt
[2022-11-16T22:16:40.358+0000] {subprocess.py:93} INFO - reponse_20221012.txt
[2022-11-16T22:16:40.358+0000] {subprocess.py:93} INFO - reponse_20221022.txt
[2022-11-16T22:16:40.359+0000] {subprocess.py:93} INFO - reponse_20221023.txt
[2022-11-16T22:16:40.359+0000] {subprocess.py:93} INFO - reponse_20221024.txt
[2022-11-16T22:16:40.359+0000] {subprocess.py:93} INFO - reponse_20221025.txt
[2022-11-16T22:16:40.360+0000] {subprocess.py:93} INFO - reponse_20221026.txt
[2022-11-16T22:16:40.360+0000] {subprocess.py:93} INFO - reponse_20221027.txt
[2022-11-16T22:16:40.360+0000] {subprocess.py:93} INFO - reponse_20221028.txt
[2022-11-16T22:16:40.360+0000] {subprocess.py:93} INFO - reponse_20221029.txt
[2022-11-16T22:16:40.361+0000] {subprocess.py:93} INFO - reponse_20221030.txt
[2022-11-16T22:16:40.361+0000] {subprocess.py:93} INFO - reponse_20221031.txt
[2022-11-16T22:16:40.361+0000] {subprocess.py:93} INFO - reponse_20221101.txt
[2022-11-16T22:16:40.361+0000] {subprocess.py:93} INFO - reponse_20221102.txt
[2022-11-16T22:16:40.362+0000] {subprocess.py:93} INFO - reponse_20221103.txt
[2022-11-16T22:16:40.362+0000] {subprocess.py:93} INFO - reponse_20221104.txt
[2022-11-16T22:16:40.362+0000] {subprocess.py:93} INFO - reponse_20221105.txt
[2022-11-16T22:16:40.363+0000] {subprocess.py:93} INFO - reponse_20221106.txt
[2022-11-16T22:16:40.363+0000] {subprocess.py:93} INFO - reponse_20221107.txt
[2022-11-16T22:16:40.363+0000] {subprocess.py:93} INFO - reponse_20221108.txt
[2022-11-16T22:16:40.363+0000] {subprocess.py:93} INFO - reponse_20221109.txt
[2022-11-16T22:16:40.364+0000] {subprocess.py:93} INFO - reponse_20221110.txt
[2022-11-16T22:16:40.364+0000] {subprocess.py:93} INFO - reponse_20221111.txt
[2022-11-16T22:16:40.364+0000] {subprocess.py:93} INFO - reponse_20221112.txt
[2022-11-16T22:16:40.364+0000] {subprocess.py:93} INFO - reponse_20221113.txt
[2022-11-16T22:16:40.365+0000] {subprocess.py:93} INFO - reponse_20221114.txt
[2022-11-16T22:16:40.365+0000] {subprocess.py:93} INFO - reponse_20221115.txt
[2022-11-16T22:16:40.365+0000] {subprocess.py:93} INFO - tmp061o5asr
[2022-11-16T22:16:40.365+0000] {subprocess.py:93} INFO - tmp1b_v374g
[2022-11-16T22:16:40.366+0000] {subprocess.py:93} INFO - tmp2n3y4qb3
[2022-11-16T22:16:40.366+0000] {subprocess.py:93} INFO - tmp2ztydtyd
[2022-11-16T22:16:40.366+0000] {subprocess.py:93} INFO - tmp546oqdk0
[2022-11-16T22:16:40.366+0000] {subprocess.py:93} INFO - tmp57roj99h
[2022-11-16T22:16:40.367+0000] {subprocess.py:93} INFO - tmp5lejojs5
[2022-11-16T22:16:40.367+0000] {subprocess.py:93} INFO - tmp5nj2onwa
[2022-11-16T22:16:40.367+0000] {subprocess.py:93} INFO - tmp64cxrvul
[2022-11-16T22:16:40.368+0000] {subprocess.py:93} INFO - tmp6g4l21c1
[2022-11-16T22:16:40.368+0000] {subprocess.py:93} INFO - tmp7c6bgots
[2022-11-16T22:16:40.369+0000] {subprocess.py:93} INFO - tmp7khebugo
[2022-11-16T22:16:40.369+0000] {subprocess.py:93} INFO - tmp7lvtz6wk
[2022-11-16T22:16:40.369+0000] {subprocess.py:93} INFO - tmp8_n1aj39
[2022-11-16T22:16:40.369+0000] {subprocess.py:93} INFO - tmp8c_dsk2e
[2022-11-16T22:16:40.370+0000] {subprocess.py:93} INFO - tmp928ntdt7
[2022-11-16T22:16:40.371+0000] {subprocess.py:93} INFO - tmp9503grtb
[2022-11-16T22:16:40.371+0000] {subprocess.py:93} INFO - tmp_afh1uos
[2022-11-16T22:16:40.372+0000] {subprocess.py:93} INFO - tmp_m6lsnw3
[2022-11-16T22:16:40.372+0000] {subprocess.py:93} INFO - tmp_vy6n6_q
[2022-11-16T22:16:40.373+0000] {subprocess.py:93} INFO - tmpcnj5oj8y
[2022-11-16T22:16:40.373+0000] {subprocess.py:93} INFO - tmpcu_pom_6
[2022-11-16T22:16:40.373+0000] {subprocess.py:93} INFO - tmpdmc2g1zb
[2022-11-16T22:16:40.374+0000] {subprocess.py:93} INFO - tmpe4k1ogev
[2022-11-16T22:16:40.374+0000] {subprocess.py:93} INFO - tmpg_n88zm7
[2022-11-16T22:16:40.374+0000] {subprocess.py:93} INFO - tmpgg8mkst1
[2022-11-16T22:16:40.374+0000] {subprocess.py:93} INFO - tmpgi8v82jx
[2022-11-16T22:16:40.375+0000] {subprocess.py:93} INFO - tmpiez6kail
[2022-11-16T22:16:40.375+0000] {subprocess.py:93} INFO - tmpj1n4wxza
[2022-11-16T22:16:40.375+0000] {subprocess.py:93} INFO - tmpjsznho2e
[2022-11-16T22:16:40.375+0000] {subprocess.py:93} INFO - tmpkrg9_cgk
[2022-11-16T22:16:40.376+0000] {subprocess.py:93} INFO - tmpl13ymsfs
[2022-11-16T22:16:40.376+0000] {subprocess.py:93} INFO - tmplrbhl64b
[2022-11-16T22:16:40.376+0000] {subprocess.py:93} INFO - tmpn38ozedg
[2022-11-16T22:16:40.376+0000] {subprocess.py:93} INFO - tmpn96u_4ih
[2022-11-16T22:16:40.377+0000] {subprocess.py:93} INFO - tmpo3nf6k5c
[2022-11-16T22:16:40.377+0000] {subprocess.py:93} INFO - tmpoy_ljy8t
[2022-11-16T22:16:40.377+0000] {subprocess.py:93} INFO - tmpp4w9yq6x
[2022-11-16T22:16:40.378+0000] {subprocess.py:93} INFO - tmppfidxzjr
[2022-11-16T22:16:40.378+0000] {subprocess.py:93} INFO - tmpr681bhfw
[2022-11-16T22:16:40.378+0000] {subprocess.py:93} INFO - tmpr9102hwf
[2022-11-16T22:16:40.378+0000] {subprocess.py:93} INFO - tmpt4qo16oq
[2022-11-16T22:16:40.379+0000] {subprocess.py:93} INFO - tmptn832g5z
[2022-11-16T22:16:40.379+0000] {subprocess.py:93} INFO - tmpu9qbl0wh
[2022-11-16T22:16:40.379+0000] {subprocess.py:93} INFO - tmpuq8ywung
[2022-11-16T22:16:40.379+0000] {subprocess.py:93} INFO - tmpv606o9_9
[2022-11-16T22:16:40.380+0000] {subprocess.py:93} INFO - tmpxf7g1lc4
[2022-11-16T22:16:40.380+0000] {subprocess.py:93} INFO - tmpxktobcjf
[2022-11-16T22:16:40.380+0000] {subprocess.py:93} INFO - tmpz91iizm7
[2022-11-16T22:16:40.380+0000] {subprocess.py:93} INFO - head: cannot open '/tmp/platzi_data.csv' for reading: No such file or directory
[2022-11-16T22:16:40.381+0000] {subprocess.py:97} INFO - Command exited with return code 1
[2022-11-16T22:16:40.392+0000] {taskinstance.py:1851} ERROR - Task failed with exception
Traceback (most recent call last):
  File "/home/airflow/.local/lib/python3.7/site-packages/airflow/operators/bash.py", line 197, in execute
    f'Bash command failed. The command returned a non-zero exit code {result.exit_code}.'
airflow.exceptions.AirflowException: Bash command failed. The command returned a non-zero exit code 1.
[2022-11-16T22:16:40.398+0000] {taskinstance.py:1406} INFO - Marking task as FAILED. dag_id=MyPersonalAirflowProject, task_id=Print_Imported_data, execution_date=20221012T000000, start_date=20221116T221640, end_date=20221116T221640
[2022-11-16T22:16:40.415+0000] {standard_task_runner.py:105} ERROR - Failed to execute job 1511 for task Print_Imported_data (Bash command failed. The command returned a non-zero exit code 1.; 5200)
[2022-11-16T22:16:40.471+0000] {local_task_job.py:164} INFO - Task exited with return code 1
[2022-11-16T22:16:40.494+0000] {local_task_job.py:273} INFO - 0 downstream tasks scheduled from follow-on schedule check
[2022-11-17T16:30:02.399+0000] {taskinstance.py:1165} INFO - Dependencies all met for <TaskInstance: MyPersonalAirflowProject.Print_Imported_data scheduled__2022-10-12T00:00:00+00:00 [queued]>
[2022-11-17T16:30:02.413+0000] {taskinstance.py:1165} INFO - Dependencies all met for <TaskInstance: MyPersonalAirflowProject.Print_Imported_data scheduled__2022-10-12T00:00:00+00:00 [queued]>
[2022-11-17T16:30:02.413+0000] {taskinstance.py:1362} INFO - 
--------------------------------------------------------------------------------
[2022-11-17T16:30:02.414+0000] {taskinstance.py:1363} INFO - Starting attempt 1 of 1
[2022-11-17T16:30:02.415+0000] {taskinstance.py:1364} INFO - 
--------------------------------------------------------------------------------
[2022-11-17T16:30:02.436+0000] {taskinstance.py:1383} INFO - Executing <Task(BashOperator): Print_Imported_data> on 2022-10-12 00:00:00+00:00
[2022-11-17T16:30:02.535+0000] {standard_task_runner.py:55} INFO - Started process 3449 to run task
[2022-11-17T16:30:02.538+0000] {standard_task_runner.py:82} INFO - Running: ['***', 'tasks', 'run', 'MyPersonalAirflowProject', 'Print_Imported_data', 'scheduled__2022-10-12T00:00:00+00:00', '--job-id', '2117', '--raw', '--subdir', 'DAGS_FOLDER/FinalPersonalProject.py', '--cfg-path', '/tmp/tmpk3xo413w']
[2022-11-17T16:30:02.539+0000] {standard_task_runner.py:83} INFO - Job 2117: Subtask Print_Imported_data
[2022-11-17T16:30:02.609+0000] {task_command.py:376} INFO - Running <TaskInstance: MyPersonalAirflowProject.Print_Imported_data scheduled__2022-10-12T00:00:00+00:00 [running]> on host 638485efabe7
[2022-11-17T16:30:02.692+0000] {taskinstance.py:1592} INFO - Exporting the following env vars:
AIRFLOW_CTX_DAG_OWNER=***
AIRFLOW_CTX_DAG_ID=MyPersonalAirflowProject
AIRFLOW_CTX_TASK_ID=Print_Imported_data
AIRFLOW_CTX_EXECUTION_DATE=2022-10-12T00:00:00+00:00
AIRFLOW_CTX_TRY_NUMBER=1
AIRFLOW_CTX_DAG_RUN_ID=scheduled__2022-10-12T00:00:00+00:00
[2022-11-17T16:30:02.694+0000] {subprocess.py:63} INFO - Tmp dir root location: 
 /tmp
[2022-11-17T16:30:02.695+0000] {subprocess.py:75} INFO - Running command: ['/bin/bash', '-c', 'ls /tmp/ && head /tmp/platzi_data_20221012.csv']
[2022-11-17T16:30:02.707+0000] {subprocess.py:86} INFO - Output:
[2022-11-17T16:30:02.711+0000] {subprocess.py:93} INFO - ***tmpk5xxq3nx
[2022-11-17T16:30:02.712+0000] {subprocess.py:93} INFO - ***tmplkvca7ip
[2022-11-17T16:30:02.713+0000] {subprocess.py:93} INFO - ***tmpodkacs8z
[2022-11-17T16:30:02.713+0000] {subprocess.py:93} INFO - ***tmpy8lqj846
[2022-11-17T16:30:02.714+0000] {subprocess.py:93} INFO - file.txt
[2022-11-17T16:30:02.715+0000] {subprocess.py:93} INFO - history.json
[2022-11-17T16:30:02.715+0000] {subprocess.py:93} INFO - platzi_data_20221001.csv
[2022-11-17T16:30:02.716+0000] {subprocess.py:93} INFO - platzi_data_20221002.csv
[2022-11-17T16:30:02.716+0000] {subprocess.py:93} INFO - platzi_data_20221003.csv
[2022-11-17T16:30:02.716+0000] {subprocess.py:93} INFO - platzi_data_20221004.csv
[2022-11-17T16:30:02.717+0000] {subprocess.py:93} INFO - platzi_data_20221005.csv
[2022-11-17T16:30:02.717+0000] {subprocess.py:93} INFO - platzi_data_20221006.csv
[2022-11-17T16:30:02.718+0000] {subprocess.py:93} INFO - platzi_data_20221007.csv
[2022-11-17T16:30:02.718+0000] {subprocess.py:93} INFO - platzi_data_20221008.csv
[2022-11-17T16:30:02.719+0000] {subprocess.py:93} INFO - platzi_data_20221009.csv
[2022-11-17T16:30:02.719+0000] {subprocess.py:93} INFO - platzi_data_20221010.csv
[2022-11-17T16:30:02.720+0000] {subprocess.py:93} INFO - platzi_data_20221011.csv
[2022-11-17T16:30:02.720+0000] {subprocess.py:93} INFO - platzi_data_20221012.csv
[2022-11-17T16:30:02.720+0000] {subprocess.py:93} INFO - platzi_data_20221013.csv
[2022-11-17T16:30:02.721+0000] {subprocess.py:93} INFO - platzi_data_20221014.csv
[2022-11-17T16:30:02.721+0000] {subprocess.py:93} INFO - platzi_data_20221015.csv
[2022-11-17T16:30:02.722+0000] {subprocess.py:93} INFO - platzi_data_20221016.csv
[2022-11-17T16:30:02.722+0000] {subprocess.py:93} INFO - platzi_data_20221017.csv
[2022-11-17T16:30:02.723+0000] {subprocess.py:93} INFO - platzi_data_20221018.csv
[2022-11-17T16:30:02.724+0000] {subprocess.py:93} INFO - platzi_data_20221019.csv
[2022-11-17T16:30:02.724+0000] {subprocess.py:93} INFO - platzi_data_20221020.csv
[2022-11-17T16:30:02.725+0000] {subprocess.py:93} INFO - platzi_data_20221021.csv
[2022-11-17T16:30:02.725+0000] {subprocess.py:93} INFO - platzi_data_20221022.csv
[2022-11-17T16:30:02.726+0000] {subprocess.py:93} INFO - platzi_data_20221023.csv
[2022-11-17T16:30:02.726+0000] {subprocess.py:93} INFO - platzi_data_20221024.csv
[2022-11-17T16:30:02.727+0000] {subprocess.py:93} INFO - platzi_data_20221025.csv
[2022-11-17T16:30:02.728+0000] {subprocess.py:93} INFO - platzi_data_20221026.csv
[2022-11-17T16:30:02.729+0000] {subprocess.py:93} INFO - platzi_data_20221027.csv
[2022-11-17T16:30:02.729+0000] {subprocess.py:93} INFO - platzi_data_20221028.csv
[2022-11-17T16:30:02.730+0000] {subprocess.py:93} INFO - platzi_data_20221029.csv
[2022-11-17T16:30:02.730+0000] {subprocess.py:93} INFO - platzi_data_20221030.csv
[2022-11-17T16:30:02.730+0000] {subprocess.py:93} INFO - platzi_data_20221031.csv
[2022-11-17T16:30:02.731+0000] {subprocess.py:93} INFO - platzi_data_20221101.csv
[2022-11-17T16:30:02.731+0000] {subprocess.py:93} INFO - platzi_data_20221102.csv
[2022-11-17T16:30:02.731+0000] {subprocess.py:93} INFO - platzi_data_20221103.csv
[2022-11-17T16:30:02.732+0000] {subprocess.py:93} INFO - platzi_data_20221104.csv
[2022-11-17T16:30:02.732+0000] {subprocess.py:93} INFO - platzi_data_20221105.csv
[2022-11-17T16:30:02.733+0000] {subprocess.py:93} INFO - platzi_data_20221106.csv
[2022-11-17T16:30:02.733+0000] {subprocess.py:93} INFO - platzi_data_20221107.csv
[2022-11-17T16:30:02.734+0000] {subprocess.py:93} INFO - platzi_data_20221108.csv
[2022-11-17T16:30:02.734+0000] {subprocess.py:93} INFO - platzi_data_20221109.csv
[2022-11-17T16:30:02.735+0000] {subprocess.py:93} INFO - platzi_data_20221110.csv
[2022-11-17T16:30:02.735+0000] {subprocess.py:93} INFO - platzi_data_20221111.csv
[2022-11-17T16:30:02.735+0000] {subprocess.py:93} INFO - platzi_data_20221112.csv
[2022-11-17T16:30:02.736+0000] {subprocess.py:93} INFO - platzi_data_20221113.csv
[2022-11-17T16:30:02.736+0000] {subprocess.py:93} INFO - platzi_data_20221114.csv
[2022-11-17T16:30:02.737+0000] {subprocess.py:93} INFO - platzi_data_20221115.csv
[2022-11-17T16:30:02.737+0000] {subprocess.py:93} INFO - platzi_data_20221116.csv
[2022-11-17T16:30:02.737+0000] {subprocess.py:93} INFO - pymp-8yik9lbi
[2022-11-17T16:30:02.738+0000] {subprocess.py:93} INFO - pymp-sbqt6pho
[2022-11-17T16:30:02.738+0000] {subprocess.py:93} INFO - reponse_20221001.txt
[2022-11-17T16:30:02.738+0000] {subprocess.py:93} INFO - reponse_20221002.txt
[2022-11-17T16:30:02.739+0000] {subprocess.py:93} INFO - reponse_20221003.txt
[2022-11-17T16:30:02.739+0000] {subprocess.py:93} INFO - reponse_20221004.txt
[2022-11-17T16:30:02.740+0000] {subprocess.py:93} INFO - reponse_20221005.txt
[2022-11-17T16:30:02.740+0000] {subprocess.py:93} INFO - reponse_20221006.txt
[2022-11-17T16:30:02.740+0000] {subprocess.py:93} INFO - reponse_20221007.txt
[2022-11-17T16:30:02.741+0000] {subprocess.py:93} INFO - reponse_20221008.txt
[2022-11-17T16:30:02.741+0000] {subprocess.py:93} INFO - reponse_20221009.txt
[2022-11-17T16:30:02.741+0000] {subprocess.py:93} INFO - reponse_20221010.txt
[2022-11-17T16:30:02.742+0000] {subprocess.py:93} INFO - reponse_20221011.txt
[2022-11-17T16:30:02.742+0000] {subprocess.py:93} INFO - reponse_20221012.txt
[2022-11-17T16:30:02.742+0000] {subprocess.py:93} INFO - reponse_20221013.txt
[2022-11-17T16:30:02.743+0000] {subprocess.py:93} INFO - reponse_20221014.txt
[2022-11-17T16:30:02.743+0000] {subprocess.py:93} INFO - reponse_20221015.txt
[2022-11-17T16:30:02.743+0000] {subprocess.py:93} INFO - reponse_20221016.txt
[2022-11-17T16:30:02.744+0000] {subprocess.py:93} INFO - reponse_20221017.txt
[2022-11-17T16:30:02.745+0000] {subprocess.py:93} INFO - reponse_20221018.txt
[2022-11-17T16:30:02.745+0000] {subprocess.py:93} INFO - reponse_20221019.txt
[2022-11-17T16:30:02.745+0000] {subprocess.py:93} INFO - reponse_20221020.txt
[2022-11-17T16:30:02.745+0000] {subprocess.py:93} INFO - reponse_20221021.txt
[2022-11-17T16:30:02.746+0000] {subprocess.py:93} INFO - reponse_20221022.txt
[2022-11-17T16:30:02.746+0000] {subprocess.py:93} INFO - reponse_20221023.txt
[2022-11-17T16:30:02.747+0000] {subprocess.py:93} INFO - reponse_20221024.txt
[2022-11-17T16:30:02.747+0000] {subprocess.py:93} INFO - reponse_20221025.txt
[2022-11-17T16:30:02.747+0000] {subprocess.py:93} INFO - reponse_20221026.txt
[2022-11-17T16:30:02.748+0000] {subprocess.py:93} INFO - reponse_20221027.txt
[2022-11-17T16:30:02.748+0000] {subprocess.py:93} INFO - reponse_20221028.txt
[2022-11-17T16:30:02.748+0000] {subprocess.py:93} INFO - reponse_20221029.txt
[2022-11-17T16:30:02.749+0000] {subprocess.py:93} INFO - reponse_20221030.txt
[2022-11-17T16:30:02.749+0000] {subprocess.py:93} INFO - reponse_20221031.txt
[2022-11-17T16:30:02.749+0000] {subprocess.py:93} INFO - reponse_20221101.txt
[2022-11-17T16:30:02.750+0000] {subprocess.py:93} INFO - reponse_20221102.txt
[2022-11-17T16:30:02.750+0000] {subprocess.py:93} INFO - reponse_20221103.txt
[2022-11-17T16:30:02.750+0000] {subprocess.py:93} INFO - reponse_20221104.txt
[2022-11-17T16:30:02.751+0000] {subprocess.py:93} INFO - reponse_20221105.txt
[2022-11-17T16:30:02.751+0000] {subprocess.py:93} INFO - reponse_20221106.txt
[2022-11-17T16:30:02.752+0000] {subprocess.py:93} INFO - reponse_20221107.txt
[2022-11-17T16:30:02.752+0000] {subprocess.py:93} INFO - reponse_20221108.txt
[2022-11-17T16:30:02.752+0000] {subprocess.py:93} INFO - reponse_20221109.txt
[2022-11-17T16:30:02.753+0000] {subprocess.py:93} INFO - reponse_20221110.txt
[2022-11-17T16:30:02.753+0000] {subprocess.py:93} INFO - reponse_20221111.txt
[2022-11-17T16:30:02.753+0000] {subprocess.py:93} INFO - reponse_20221112.txt
[2022-11-17T16:30:02.753+0000] {subprocess.py:93} INFO - reponse_20221113.txt
[2022-11-17T16:30:02.754+0000] {subprocess.py:93} INFO - reponse_20221114.txt
[2022-11-17T16:30:02.754+0000] {subprocess.py:93} INFO - reponse_20221115.txt
[2022-11-17T16:30:02.755+0000] {subprocess.py:93} INFO - reponse_20221116.txt
[2022-11-17T16:30:02.756+0000] {subprocess.py:93} INFO - tmp061o5asr
[2022-11-17T16:30:02.757+0000] {subprocess.py:93} INFO - tmp1b_v374g
[2022-11-17T16:30:02.757+0000] {subprocess.py:93} INFO - tmp2n3y4qb3
[2022-11-17T16:30:02.758+0000] {subprocess.py:93} INFO - tmp2ztydtyd
[2022-11-17T16:30:02.758+0000] {subprocess.py:93} INFO - tmp546oqdk0
[2022-11-17T16:30:02.758+0000] {subprocess.py:93} INFO - tmp57roj99h
[2022-11-17T16:30:02.759+0000] {subprocess.py:93} INFO - tmp5lejojs5
[2022-11-17T16:30:02.759+0000] {subprocess.py:93} INFO - tmp5nj2onwa
[2022-11-17T16:30:02.760+0000] {subprocess.py:93} INFO - tmp64cxrvul
[2022-11-17T16:30:02.760+0000] {subprocess.py:93} INFO - tmp6g4l21c1
[2022-11-17T16:30:02.761+0000] {subprocess.py:93} INFO - tmp7c6bgots
[2022-11-17T16:30:02.761+0000] {subprocess.py:93} INFO - tmp7khebugo
[2022-11-17T16:30:02.762+0000] {subprocess.py:93} INFO - tmp7lvtz6wk
[2022-11-17T16:30:02.762+0000] {subprocess.py:93} INFO - tmp8_n1aj39
[2022-11-17T16:30:02.763+0000] {subprocess.py:93} INFO - tmp8c_dsk2e
[2022-11-17T16:30:02.763+0000] {subprocess.py:93} INFO - tmp928ntdt7
[2022-11-17T16:30:02.763+0000] {subprocess.py:93} INFO - tmp9503grtb
[2022-11-17T16:30:02.764+0000] {subprocess.py:93} INFO - tmp_afh1uos
[2022-11-17T16:30:02.764+0000] {subprocess.py:93} INFO - tmp_m6lsnw3
[2022-11-17T16:30:02.764+0000] {subprocess.py:93} INFO - tmp_vy6n6_q
[2022-11-17T16:30:02.765+0000] {subprocess.py:93} INFO - tmpcnj5oj8y
[2022-11-17T16:30:02.765+0000] {subprocess.py:93} INFO - tmpcu_pom_6
[2022-11-17T16:30:02.765+0000] {subprocess.py:93} INFO - tmpdmc2g1zb
[2022-11-17T16:30:02.766+0000] {subprocess.py:93} INFO - tmpe4k1ogev
[2022-11-17T16:30:02.766+0000] {subprocess.py:93} INFO - tmpg_n88zm7
[2022-11-17T16:30:02.767+0000] {subprocess.py:93} INFO - tmpgg8mkst1
[2022-11-17T16:30:02.768+0000] {subprocess.py:93} INFO - tmpgi8v82jx
[2022-11-17T16:30:02.768+0000] {subprocess.py:93} INFO - tmpiez6kail
[2022-11-17T16:30:02.769+0000] {subprocess.py:93} INFO - tmpj1n4wxza
[2022-11-17T16:30:02.770+0000] {subprocess.py:93} INFO - tmpjsznho2e
[2022-11-17T16:30:02.770+0000] {subprocess.py:93} INFO - tmpkrg9_cgk
[2022-11-17T16:30:02.771+0000] {subprocess.py:93} INFO - tmpl13ymsfs
[2022-11-17T16:30:02.771+0000] {subprocess.py:93} INFO - tmplrbhl64b
[2022-11-17T16:30:02.772+0000] {subprocess.py:93} INFO - tmpn38ozedg
[2022-11-17T16:30:02.772+0000] {subprocess.py:93} INFO - tmpn96u_4ih
[2022-11-17T16:30:02.772+0000] {subprocess.py:93} INFO - tmpo3nf6k5c
[2022-11-17T16:30:02.773+0000] {subprocess.py:93} INFO - tmpoy_ljy8t
[2022-11-17T16:30:02.773+0000] {subprocess.py:93} INFO - tmpp4w9yq6x
[2022-11-17T16:30:02.773+0000] {subprocess.py:93} INFO - tmppfidxzjr
[2022-11-17T16:30:02.774+0000] {subprocess.py:93} INFO - tmpr681bhfw
[2022-11-17T16:30:02.774+0000] {subprocess.py:93} INFO - tmpr9102hwf
[2022-11-17T16:30:02.774+0000] {subprocess.py:93} INFO - tmpt4qo16oq
[2022-11-17T16:30:02.775+0000] {subprocess.py:93} INFO - tmptn832g5z
[2022-11-17T16:30:02.775+0000] {subprocess.py:93} INFO - tmpu9qbl0wh
[2022-11-17T16:30:02.775+0000] {subprocess.py:93} INFO - tmpuq8ywung
[2022-11-17T16:30:02.776+0000] {subprocess.py:93} INFO - tmpv606o9_9
[2022-11-17T16:30:02.776+0000] {subprocess.py:93} INFO - tmpxf7g1lc4
[2022-11-17T16:30:02.777+0000] {subprocess.py:93} INFO - tmpxktobcjf
[2022-11-17T16:30:02.777+0000] {subprocess.py:93} INFO - tmpz91iizm7
[2022-11-17T16:30:02.777+0000] {subprocess.py:93} INFO - ,student,timestamp
[2022-11-17T16:30:02.778+0000] {subprocess.py:93} INFO - 0,Maria Cruz,2022-10-12 00:00:00+00:00
[2022-11-17T16:30:02.778+0000] {subprocess.py:93} INFO - 1,Daniel Crema,2022-10-12 00:00:00+00:00
[2022-11-17T16:30:02.778+0000] {subprocess.py:93} INFO - 2,Elon Musk,2022-10-12 00:00:00+00:00
[2022-11-17T16:30:02.779+0000] {subprocess.py:93} INFO - 3,Karol Castrejon,2022-10-12 00:00:00+00:00
[2022-11-17T16:30:02.779+0000] {subprocess.py:93} INFO - 4,Freddy Vega,2022-10-12 00:00:00+00:00
[2022-11-17T16:30:02.779+0000] {subprocess.py:93} INFO - 5,Freddy Montañez,2022-10-12 00:00:00+00:00
[2022-11-17T16:30:02.780+0000] {subprocess.py:97} INFO - Command exited with return code 0
[2022-11-17T16:30:02.812+0000] {taskinstance.py:1406} INFO - Marking task as SUCCESS. dag_id=MyPersonalAirflowProject, task_id=Print_Imported_data, execution_date=20221012T000000, start_date=20221117T163002, end_date=20221117T163002
[2022-11-17T16:30:02.871+0000] {local_task_job.py:164} INFO - Task exited with return code 0
[2022-11-17T16:30:02.900+0000] {local_task_job.py:273} INFO - 2 downstream tasks scheduled from follow-on schedule check
[2022-11-17T17:22:11.506+0000] {taskinstance.py:1165} INFO - Dependencies all met for <TaskInstance: MyPersonalAirflowProject.Print_Imported_data scheduled__2022-10-12T00:00:00+00:00 [queued]>
[2022-11-17T17:22:11.519+0000] {taskinstance.py:1165} INFO - Dependencies all met for <TaskInstance: MyPersonalAirflowProject.Print_Imported_data scheduled__2022-10-12T00:00:00+00:00 [queued]>
[2022-11-17T17:22:11.519+0000] {taskinstance.py:1362} INFO - 
--------------------------------------------------------------------------------
[2022-11-17T17:22:11.520+0000] {taskinstance.py:1363} INFO - Starting attempt 1 of 1
[2022-11-17T17:22:11.520+0000] {taskinstance.py:1364} INFO - 
--------------------------------------------------------------------------------
[2022-11-17T17:22:11.535+0000] {taskinstance.py:1383} INFO - Executing <Task(BashOperator): Print_Imported_data> on 2022-10-12 00:00:00+00:00
[2022-11-17T17:22:11.540+0000] {standard_task_runner.py:55} INFO - Started process 7092 to run task
[2022-11-17T17:22:11.543+0000] {standard_task_runner.py:82} INFO - Running: ['***', 'tasks', 'run', 'MyPersonalAirflowProject', 'Print_Imported_data', 'scheduled__2022-10-12T00:00:00+00:00', '--job-id', '2527', '--raw', '--subdir', 'DAGS_FOLDER/FinalPersonalProject.py', '--cfg-path', '/tmp/tmpzveaog_f']
[2022-11-17T17:22:11.544+0000] {standard_task_runner.py:83} INFO - Job 2527: Subtask Print_Imported_data
[2022-11-17T17:22:11.610+0000] {task_command.py:376} INFO - Running <TaskInstance: MyPersonalAirflowProject.Print_Imported_data scheduled__2022-10-12T00:00:00+00:00 [running]> on host 638485efabe7
[2022-11-17T17:22:11.696+0000] {taskinstance.py:1592} INFO - Exporting the following env vars:
AIRFLOW_CTX_DAG_OWNER=***
AIRFLOW_CTX_DAG_ID=MyPersonalAirflowProject
AIRFLOW_CTX_TASK_ID=Print_Imported_data
AIRFLOW_CTX_EXECUTION_DATE=2022-10-12T00:00:00+00:00
AIRFLOW_CTX_TRY_NUMBER=1
AIRFLOW_CTX_DAG_RUN_ID=scheduled__2022-10-12T00:00:00+00:00
[2022-11-17T17:22:11.698+0000] {subprocess.py:63} INFO - Tmp dir root location: 
 /tmp
[2022-11-17T17:22:11.699+0000] {subprocess.py:75} INFO - Running command: ['/bin/bash', '-c', 'ls /tmp/ && head /tmp/platzi_data_20221012.csv']
[2022-11-17T17:22:11.709+0000] {subprocess.py:86} INFO - Output:
[2022-11-17T17:22:11.713+0000] {subprocess.py:93} INFO - ***tmph8vbm83u
[2022-11-17T17:22:11.714+0000] {subprocess.py:93} INFO - ***tmpk5xxq3nx
[2022-11-17T17:22:11.715+0000] {subprocess.py:93} INFO - ***tmplkvca7ip
[2022-11-17T17:22:11.715+0000] {subprocess.py:93} INFO - ***tmpodkacs8z
[2022-11-17T17:22:11.716+0000] {subprocess.py:93} INFO - file.txt
[2022-11-17T17:22:11.716+0000] {subprocess.py:93} INFO - history.json
[2022-11-17T17:22:11.717+0000] {subprocess.py:93} INFO - platzi_data_20221001.csv
[2022-11-17T17:22:11.717+0000] {subprocess.py:93} INFO - platzi_data_20221002.csv
[2022-11-17T17:22:11.718+0000] {subprocess.py:93} INFO - platzi_data_20221003.csv
[2022-11-17T17:22:11.718+0000] {subprocess.py:93} INFO - platzi_data_20221004.csv
[2022-11-17T17:22:11.718+0000] {subprocess.py:93} INFO - platzi_data_20221005.csv
[2022-11-17T17:22:11.719+0000] {subprocess.py:93} INFO - platzi_data_20221006.csv
[2022-11-17T17:22:11.719+0000] {subprocess.py:93} INFO - platzi_data_20221007.csv
[2022-11-17T17:22:11.719+0000] {subprocess.py:93} INFO - platzi_data_20221008.csv
[2022-11-17T17:22:11.720+0000] {subprocess.py:93} INFO - platzi_data_20221009.csv
[2022-11-17T17:22:11.720+0000] {subprocess.py:93} INFO - platzi_data_20221010.csv
[2022-11-17T17:22:11.720+0000] {subprocess.py:93} INFO - platzi_data_20221011.csv
[2022-11-17T17:22:11.721+0000] {subprocess.py:93} INFO - platzi_data_20221012.csv
[2022-11-17T17:22:11.721+0000] {subprocess.py:93} INFO - platzi_data_20221013.csv
[2022-11-17T17:22:11.721+0000] {subprocess.py:93} INFO - platzi_data_20221014.csv
[2022-11-17T17:22:11.722+0000] {subprocess.py:93} INFO - platzi_data_20221015.csv
[2022-11-17T17:22:11.722+0000] {subprocess.py:93} INFO - platzi_data_20221016.csv
[2022-11-17T17:22:11.722+0000] {subprocess.py:93} INFO - platzi_data_20221017.csv
[2022-11-17T17:22:11.723+0000] {subprocess.py:93} INFO - platzi_data_20221018.csv
[2022-11-17T17:22:11.723+0000] {subprocess.py:93} INFO - platzi_data_20221019.csv
[2022-11-17T17:22:11.724+0000] {subprocess.py:93} INFO - platzi_data_20221020.csv
[2022-11-17T17:22:11.724+0000] {subprocess.py:93} INFO - platzi_data_20221021.csv
[2022-11-17T17:22:11.724+0000] {subprocess.py:93} INFO - platzi_data_20221022.csv
[2022-11-17T17:22:11.725+0000] {subprocess.py:93} INFO - platzi_data_20221023.csv
[2022-11-17T17:22:11.725+0000] {subprocess.py:93} INFO - platzi_data_20221024.csv
[2022-11-17T17:22:11.725+0000] {subprocess.py:93} INFO - platzi_data_20221025.csv
[2022-11-17T17:22:11.725+0000] {subprocess.py:93} INFO - platzi_data_20221026.csv
[2022-11-17T17:22:11.726+0000] {subprocess.py:93} INFO - platzi_data_20221027.csv
[2022-11-17T17:22:11.726+0000] {subprocess.py:93} INFO - platzi_data_20221028.csv
[2022-11-17T17:22:11.726+0000] {subprocess.py:93} INFO - platzi_data_20221029.csv
[2022-11-17T17:22:11.727+0000] {subprocess.py:93} INFO - platzi_data_20221030.csv
[2022-11-17T17:22:11.727+0000] {subprocess.py:93} INFO - platzi_data_20221031.csv
[2022-11-17T17:22:11.727+0000] {subprocess.py:93} INFO - platzi_data_20221101.csv
[2022-11-17T17:22:11.727+0000] {subprocess.py:93} INFO - platzi_data_20221102.csv
[2022-11-17T17:22:11.728+0000] {subprocess.py:93} INFO - platzi_data_20221103.csv
[2022-11-17T17:22:11.728+0000] {subprocess.py:93} INFO - platzi_data_20221104.csv
[2022-11-17T17:22:11.728+0000] {subprocess.py:93} INFO - platzi_data_20221105.csv
[2022-11-17T17:22:11.729+0000] {subprocess.py:93} INFO - platzi_data_20221106.csv
[2022-11-17T17:22:11.729+0000] {subprocess.py:93} INFO - platzi_data_20221107.csv
[2022-11-17T17:22:11.729+0000] {subprocess.py:93} INFO - platzi_data_20221108.csv
[2022-11-17T17:22:11.729+0000] {subprocess.py:93} INFO - platzi_data_20221109.csv
[2022-11-17T17:22:11.730+0000] {subprocess.py:93} INFO - platzi_data_20221110.csv
[2022-11-17T17:22:11.730+0000] {subprocess.py:93} INFO - platzi_data_20221111.csv
[2022-11-17T17:22:11.730+0000] {subprocess.py:93} INFO - platzi_data_20221112.csv
[2022-11-17T17:22:11.730+0000] {subprocess.py:93} INFO - platzi_data_20221113.csv
[2022-11-17T17:22:11.731+0000] {subprocess.py:93} INFO - platzi_data_20221114.csv
[2022-11-17T17:22:11.731+0000] {subprocess.py:93} INFO - platzi_data_20221115.csv
[2022-11-17T17:22:11.731+0000] {subprocess.py:93} INFO - platzi_data_20221116.csv
[2022-11-17T17:22:11.732+0000] {subprocess.py:93} INFO - pymp-8yik9lbi
[2022-11-17T17:22:11.732+0000] {subprocess.py:93} INFO - pymp-sbqt6pho
[2022-11-17T17:22:11.732+0000] {subprocess.py:93} INFO - reponse_20221001.txt
[2022-11-17T17:22:11.732+0000] {subprocess.py:93} INFO - reponse_20221002.txt
[2022-11-17T17:22:11.733+0000] {subprocess.py:93} INFO - reponse_20221003.txt
[2022-11-17T17:22:11.733+0000] {subprocess.py:93} INFO - reponse_20221004.txt
[2022-11-17T17:22:11.733+0000] {subprocess.py:93} INFO - reponse_20221005.txt
[2022-11-17T17:22:11.734+0000] {subprocess.py:93} INFO - reponse_20221006.txt
[2022-11-17T17:22:11.734+0000] {subprocess.py:93} INFO - reponse_20221007.txt
[2022-11-17T17:22:11.734+0000] {subprocess.py:93} INFO - reponse_20221008.txt
[2022-11-17T17:22:11.735+0000] {subprocess.py:93} INFO - reponse_20221009.txt
[2022-11-17T17:22:11.735+0000] {subprocess.py:93} INFO - reponse_20221010.txt
[2022-11-17T17:22:11.735+0000] {subprocess.py:93} INFO - reponse_20221011.txt
[2022-11-17T17:22:11.735+0000] {subprocess.py:93} INFO - reponse_20221012.txt
[2022-11-17T17:22:11.736+0000] {subprocess.py:93} INFO - reponse_20221013.txt
[2022-11-17T17:22:11.736+0000] {subprocess.py:93} INFO - reponse_20221014.txt
[2022-11-17T17:22:11.736+0000] {subprocess.py:93} INFO - reponse_20221015.txt
[2022-11-17T17:22:11.736+0000] {subprocess.py:93} INFO - reponse_20221016.txt
[2022-11-17T17:22:11.737+0000] {subprocess.py:93} INFO - reponse_20221017.txt
[2022-11-17T17:22:11.737+0000] {subprocess.py:93} INFO - reponse_20221018.txt
[2022-11-17T17:22:11.737+0000] {subprocess.py:93} INFO - reponse_20221019.txt
[2022-11-17T17:22:11.738+0000] {subprocess.py:93} INFO - reponse_20221020.txt
[2022-11-17T17:22:11.738+0000] {subprocess.py:93} INFO - reponse_20221021.txt
[2022-11-17T17:22:11.738+0000] {subprocess.py:93} INFO - reponse_20221022.txt
[2022-11-17T17:22:11.739+0000] {subprocess.py:93} INFO - reponse_20221023.txt
[2022-11-17T17:22:11.739+0000] {subprocess.py:93} INFO - reponse_20221024.txt
[2022-11-17T17:22:11.739+0000] {subprocess.py:93} INFO - reponse_20221025.txt
[2022-11-17T17:22:11.739+0000] {subprocess.py:93} INFO - reponse_20221026.txt
[2022-11-17T17:22:11.740+0000] {subprocess.py:93} INFO - reponse_20221027.txt
[2022-11-17T17:22:11.740+0000] {subprocess.py:93} INFO - reponse_20221028.txt
[2022-11-17T17:22:11.740+0000] {subprocess.py:93} INFO - reponse_20221029.txt
[2022-11-17T17:22:11.741+0000] {subprocess.py:93} INFO - reponse_20221030.txt
[2022-11-17T17:22:11.741+0000] {subprocess.py:93} INFO - reponse_20221031.txt
[2022-11-17T17:22:11.741+0000] {subprocess.py:93} INFO - reponse_20221101.txt
[2022-11-17T17:22:11.741+0000] {subprocess.py:93} INFO - reponse_20221102.txt
[2022-11-17T17:22:11.742+0000] {subprocess.py:93} INFO - reponse_20221103.txt
[2022-11-17T17:22:11.742+0000] {subprocess.py:93} INFO - reponse_20221104.txt
[2022-11-17T17:22:11.742+0000] {subprocess.py:93} INFO - reponse_20221105.txt
[2022-11-17T17:22:11.742+0000] {subprocess.py:93} INFO - reponse_20221106.txt
[2022-11-17T17:22:11.743+0000] {subprocess.py:93} INFO - reponse_20221107.txt
[2022-11-17T17:22:11.743+0000] {subprocess.py:93} INFO - reponse_20221108.txt
[2022-11-17T17:22:11.743+0000] {subprocess.py:93} INFO - reponse_20221109.txt
[2022-11-17T17:22:11.744+0000] {subprocess.py:93} INFO - reponse_20221110.txt
[2022-11-17T17:22:11.744+0000] {subprocess.py:93} INFO - reponse_20221111.txt
[2022-11-17T17:22:11.744+0000] {subprocess.py:93} INFO - reponse_20221112.txt
[2022-11-17T17:22:11.744+0000] {subprocess.py:93} INFO - reponse_20221113.txt
[2022-11-17T17:22:11.745+0000] {subprocess.py:93} INFO - reponse_20221114.txt
[2022-11-17T17:22:11.745+0000] {subprocess.py:93} INFO - reponse_20221115.txt
[2022-11-17T17:22:11.745+0000] {subprocess.py:93} INFO - reponse_20221116.txt
[2022-11-17T17:22:11.746+0000] {subprocess.py:93} INFO - tmp061o5asr
[2022-11-17T17:22:11.746+0000] {subprocess.py:93} INFO - tmp1b_v374g
[2022-11-17T17:22:11.746+0000] {subprocess.py:93} INFO - tmp2n3y4qb3
[2022-11-17T17:22:11.746+0000] {subprocess.py:93} INFO - tmp2ztydtyd
[2022-11-17T17:22:11.747+0000] {subprocess.py:93} INFO - tmp546oqdk0
[2022-11-17T17:22:11.747+0000] {subprocess.py:93} INFO - tmp57roj99h
[2022-11-17T17:22:11.747+0000] {subprocess.py:93} INFO - tmp5lejojs5
[2022-11-17T17:22:11.747+0000] {subprocess.py:93} INFO - tmp5nj2onwa
[2022-11-17T17:22:11.748+0000] {subprocess.py:93} INFO - tmp64cxrvul
[2022-11-17T17:22:11.748+0000] {subprocess.py:93} INFO - tmp6g4l21c1
[2022-11-17T17:22:11.748+0000] {subprocess.py:93} INFO - tmp7c6bgots
[2022-11-17T17:22:11.749+0000] {subprocess.py:93} INFO - tmp7khebugo
[2022-11-17T17:22:11.749+0000] {subprocess.py:93} INFO - tmp7lvtz6wk
[2022-11-17T17:22:11.749+0000] {subprocess.py:93} INFO - tmp8_n1aj39
[2022-11-17T17:22:11.749+0000] {subprocess.py:93} INFO - tmp8c_dsk2e
[2022-11-17T17:22:11.750+0000] {subprocess.py:93} INFO - tmp928ntdt7
[2022-11-17T17:22:11.750+0000] {subprocess.py:93} INFO - tmp9503grtb
[2022-11-17T17:22:11.750+0000] {subprocess.py:93} INFO - tmp_afh1uos
[2022-11-17T17:22:11.751+0000] {subprocess.py:93} INFO - tmp_m6lsnw3
[2022-11-17T17:22:11.751+0000] {subprocess.py:93} INFO - tmp_vy6n6_q
[2022-11-17T17:22:11.751+0000] {subprocess.py:93} INFO - tmpcnj5oj8y
[2022-11-17T17:22:11.751+0000] {subprocess.py:93} INFO - tmpcu_pom_6
[2022-11-17T17:22:11.752+0000] {subprocess.py:93} INFO - tmpdmc2g1zb
[2022-11-17T17:22:11.752+0000] {subprocess.py:93} INFO - tmpe4k1ogev
[2022-11-17T17:22:11.752+0000] {subprocess.py:93} INFO - tmpg_n88zm7
[2022-11-17T17:22:11.752+0000] {subprocess.py:93} INFO - tmpgg8mkst1
[2022-11-17T17:22:11.753+0000] {subprocess.py:93} INFO - tmpgi8v82jx
[2022-11-17T17:22:11.753+0000] {subprocess.py:93} INFO - tmpiez6kail
[2022-11-17T17:22:11.753+0000] {subprocess.py:93} INFO - tmpj1n4wxza
[2022-11-17T17:22:11.754+0000] {subprocess.py:93} INFO - tmpjsznho2e
[2022-11-17T17:22:11.754+0000] {subprocess.py:93} INFO - tmpkrg9_cgk
[2022-11-17T17:22:11.754+0000] {subprocess.py:93} INFO - tmpl13ymsfs
[2022-11-17T17:22:11.755+0000] {subprocess.py:93} INFO - tmplrbhl64b
[2022-11-17T17:22:11.755+0000] {subprocess.py:93} INFO - tmpn38ozedg
[2022-11-17T17:22:11.755+0000] {subprocess.py:93} INFO - tmpn96u_4ih
[2022-11-17T17:22:11.755+0000] {subprocess.py:93} INFO - tmpo3nf6k5c
[2022-11-17T17:22:11.756+0000] {subprocess.py:93} INFO - tmpoy_ljy8t
[2022-11-17T17:22:11.756+0000] {subprocess.py:93} INFO - tmpp4w9yq6x
[2022-11-17T17:22:11.756+0000] {subprocess.py:93} INFO - tmppfidxzjr
[2022-11-17T17:22:11.757+0000] {subprocess.py:93} INFO - tmpr681bhfw
[2022-11-17T17:22:11.757+0000] {subprocess.py:93} INFO - tmpr9102hwf
[2022-11-17T17:22:11.757+0000] {subprocess.py:93} INFO - tmpt4qo16oq
[2022-11-17T17:22:11.757+0000] {subprocess.py:93} INFO - tmptn832g5z
[2022-11-17T17:22:11.758+0000] {subprocess.py:93} INFO - tmpu9qbl0wh
[2022-11-17T17:22:11.758+0000] {subprocess.py:93} INFO - tmpuq8ywung
[2022-11-17T17:22:11.758+0000] {subprocess.py:93} INFO - tmpv606o9_9
[2022-11-17T17:22:11.758+0000] {subprocess.py:93} INFO - tmpxf7g1lc4
[2022-11-17T17:22:11.759+0000] {subprocess.py:93} INFO - tmpxktobcjf
[2022-11-17T17:22:11.759+0000] {subprocess.py:93} INFO - tmpz91iizm7
[2022-11-17T17:22:11.759+0000] {subprocess.py:93} INFO - ,student,timestamp
[2022-11-17T17:22:11.760+0000] {subprocess.py:93} INFO - 0,Maria Cruz,2022-10-12 00:00:00+00:00
[2022-11-17T17:22:11.760+0000] {subprocess.py:93} INFO - 1,Daniel Crema,2022-10-12 00:00:00+00:00
[2022-11-17T17:22:11.760+0000] {subprocess.py:93} INFO - 2,Elon Musk,2022-10-12 00:00:00+00:00
[2022-11-17T17:22:11.760+0000] {subprocess.py:93} INFO - 3,Karol Castrejon,2022-10-12 00:00:00+00:00
[2022-11-17T17:22:11.761+0000] {subprocess.py:93} INFO - 4,Freddy Vega,2022-10-12 00:00:00+00:00
[2022-11-17T17:22:11.761+0000] {subprocess.py:93} INFO - 5,Freddy Montañez,2022-10-12 00:00:00+00:00
[2022-11-17T17:22:11.761+0000] {subprocess.py:97} INFO - Command exited with return code 0
[2022-11-17T17:22:11.788+0000] {taskinstance.py:1406} INFO - Marking task as SUCCESS. dag_id=MyPersonalAirflowProject, task_id=Print_Imported_data, execution_date=20221012T000000, start_date=20221117T172211, end_date=20221117T172211
[2022-11-17T17:22:11.836+0000] {local_task_job.py:164} INFO - Task exited with return code 0
[2022-11-17T17:22:11.862+0000] {local_task_job.py:273} INFO - 2 downstream tasks scheduled from follow-on schedule check
