[2022-11-17T16:07:17.166+0000] {taskinstance.py:1165} INFO - Dependencies all met for <TaskInstance: MyPersonalAirflowProject.end_task scheduled__2022-11-14T00:00:00+00:00 [queued]>
[2022-11-17T16:07:17.187+0000] {taskinstance.py:1165} INFO - Dependencies all met for <TaskInstance: MyPersonalAirflowProject.end_task scheduled__2022-11-14T00:00:00+00:00 [queued]>
[2022-11-17T16:07:17.187+0000] {taskinstance.py:1362} INFO - 
--------------------------------------------------------------------------------
[2022-11-17T16:07:17.331+0000] {taskinstance.py:1363} INFO - Starting attempt 1 of 1
[2022-11-17T16:07:17.332+0000] {taskinstance.py:1364} INFO - 
--------------------------------------------------------------------------------
[2022-11-17T16:07:17.870+0000] {taskinstance.py:1383} INFO - Executing <Task(BashOperator): end_task> on 2022-11-14 00:00:00+00:00
[2022-11-17T16:07:17.880+0000] {standard_task_runner.py:55} INFO - Started process 2044 to run task
[2022-11-17T16:07:17.884+0000] {standard_task_runner.py:82} INFO - Running: ['***', 'tasks', 'run', 'MyPersonalAirflowProject', 'end_task', 'scheduled__2022-11-14T00:00:00+00:00', '--job-id', '2008', '--raw', '--subdir', 'DAGS_FOLDER/FinalPersonalProject.py', '--cfg-path', '/tmp/tmpy328f098']
[2022-11-17T16:07:17.885+0000] {standard_task_runner.py:83} INFO - Job 2008: Subtask end_task
[2022-11-17T16:07:17.961+0000] {task_command.py:376} INFO - Running <TaskInstance: MyPersonalAirflowProject.end_task scheduled__2022-11-14T00:00:00+00:00 [running]> on host 638485efabe7
[2022-11-17T16:07:18.198+0000] {taskinstance.py:1592} INFO - Exporting the following env vars:
AIRFLOW_CTX_DAG_OWNER=***
AIRFLOW_CTX_DAG_ID=MyPersonalAirflowProject
AIRFLOW_CTX_TASK_ID=end_task
AIRFLOW_CTX_EXECUTION_DATE=2022-11-14T00:00:00+00:00
AIRFLOW_CTX_TRY_NUMBER=1
AIRFLOW_CTX_DAG_RUN_ID=scheduled__2022-11-14T00:00:00+00:00
[2022-11-17T16:07:18.199+0000] {subprocess.py:63} INFO - Tmp dir root location: 
 /tmp
[2022-11-17T16:07:18.201+0000] {subprocess.py:75} INFO - Running command: ['/bin/bash', '-c', 'echo "The Verification file was created successfully"']
[2022-11-17T16:07:18.212+0000] {subprocess.py:86} INFO - Output:
[2022-11-17T16:07:18.213+0000] {subprocess.py:93} INFO - The Verification file was created successfully
[2022-11-17T16:07:18.214+0000] {subprocess.py:97} INFO - Command exited with return code 0
[2022-11-17T16:07:18.357+0000] {taskinstance.py:1406} INFO - Marking task as SUCCESS. dag_id=MyPersonalAirflowProject, task_id=end_task, execution_date=20221114T000000, start_date=20221117T160717, end_date=20221117T160718
[2022-11-17T16:07:18.539+0000] {local_task_job.py:164} INFO - Task exited with return code 0
[2022-11-17T16:07:18.588+0000] {local_task_job.py:273} INFO - 1 downstream tasks scheduled from follow-on schedule check
