[2022-11-04T20:51:55.120+0000] {taskinstance.py:1165} INFO - Dependencies all met for <TaskInstance: orquestation.task2 scheduled__2022-05-22T00:00:00+00:00 [queued]>
[2022-11-04T20:51:55.138+0000] {taskinstance.py:1165} INFO - Dependencies all met for <TaskInstance: orquestation.task2 scheduled__2022-05-22T00:00:00+00:00 [queued]>
[2022-11-04T20:51:55.139+0000] {taskinstance.py:1362} INFO - 
--------------------------------------------------------------------------------
[2022-11-04T20:51:55.140+0000] {taskinstance.py:1363} INFO - Starting attempt 1 of 1
[2022-11-04T20:51:55.141+0000] {taskinstance.py:1364} INFO - 
--------------------------------------------------------------------------------
[2022-11-04T20:51:55.167+0000] {taskinstance.py:1383} INFO - Executing <Task(BashOperator): task2> on 2022-05-22 00:00:00+00:00
[2022-11-04T20:51:55.178+0000] {standard_task_runner.py:55} INFO - Started process 2589 to run task
[2022-11-04T20:51:55.182+0000] {standard_task_runner.py:82} INFO - Running: ['***', 'tasks', 'run', 'orquestation', 'task2', 'scheduled__2022-05-22T00:00:00+00:00', '--job-id', '58', '--raw', '--subdir', 'DAGS_FOLDER/5.1-orquestacion.py', '--cfg-path', '/tmp/tmp6kjofje5']
[2022-11-04T20:51:55.183+0000] {standard_task_runner.py:83} INFO - Job 58: Subtask task2
[2022-11-04T20:51:55.273+0000] {task_command.py:376} INFO - Running <TaskInstance: orquestation.task2 scheduled__2022-05-22T00:00:00+00:00 [running]> on host 208ed96b478a
[2022-11-04T20:51:55.391+0000] {taskinstance.py:1592} INFO - Exporting the following env vars:
AIRFLOW_CTX_DAG_OWNER=***
AIRFLOW_CTX_DAG_ID=orquestation
AIRFLOW_CTX_TASK_ID=task2
AIRFLOW_CTX_EXECUTION_DATE=2022-05-22T00:00:00+00:00
AIRFLOW_CTX_TRY_NUMBER=1
AIRFLOW_CTX_DAG_RUN_ID=scheduled__2022-05-22T00:00:00+00:00
[2022-11-04T20:51:55.422+0000] {subprocess.py:63} INFO - Tmp dir root location: 
 /tmp
[2022-11-04T20:51:55.423+0000] {subprocess.py:75} INFO - Running command: ['/bin/bash', '-c', "sleep 2 && echo 'task2'"]
[2022-11-04T20:51:55.443+0000] {subprocess.py:86} INFO - Output:
[2022-11-04T20:51:57.465+0000] {subprocess.py:93} INFO - task2
[2022-11-04T20:51:57.466+0000] {subprocess.py:97} INFO - Command exited with return code 0
[2022-11-04T20:51:57.499+0000] {taskinstance.py:1406} INFO - Marking task as SUCCESS. dag_id=orquestation, task_id=task2, execution_date=20220522T000000, start_date=20221104T205155, end_date=20221104T205157
[2022-11-04T20:51:57.524+0000] {local_task_job.py:164} INFO - Task exited with return code 0
[2022-11-04T20:52:01.298+0000] {local_task_job.py:273} INFO - 0 downstream tasks scheduled from follow-on schedule check
[2022-11-04T21:33:14.460+0000] {taskinstance.py:1165} INFO - Dependencies all met for <TaskInstance: orquestation.task2 scheduled__2022-05-22T00:00:00+00:00 [queued]>
[2022-11-04T21:33:14.493+0000] {taskinstance.py:1165} INFO - Dependencies all met for <TaskInstance: orquestation.task2 scheduled__2022-05-22T00:00:00+00:00 [queued]>
[2022-11-04T21:33:14.495+0000] {taskinstance.py:1362} INFO - 
--------------------------------------------------------------------------------
[2022-11-04T21:33:14.496+0000] {taskinstance.py:1363} INFO - Starting attempt 1 of 1
[2022-11-04T21:33:14.498+0000] {taskinstance.py:1364} INFO - 
--------------------------------------------------------------------------------
[2022-11-04T21:33:14.529+0000] {taskinstance.py:1383} INFO - Executing <Task(BashOperator): task2> on 2022-05-22 00:00:00+00:00
[2022-11-04T21:33:14.541+0000] {standard_task_runner.py:55} INFO - Started process 1035 to run task
[2022-11-04T21:33:14.548+0000] {standard_task_runner.py:82} INFO - Running: ['***', 'tasks', 'run', 'orquestation', 'task2', 'scheduled__2022-05-22T00:00:00+00:00', '--job-id', '194', '--raw', '--subdir', 'DAGS_FOLDER/5.1-orquestacion.py', '--cfg-path', '/tmp/tmpg7y1xj0h']
[2022-11-04T21:33:14.549+0000] {standard_task_runner.py:83} INFO - Job 194: Subtask task2
[2022-11-04T21:33:14.646+0000] {task_command.py:376} INFO - Running <TaskInstance: orquestation.task2 scheduled__2022-05-22T00:00:00+00:00 [running]> on host 643e334f405f
[2022-11-04T21:33:14.771+0000] {taskinstance.py:1592} INFO - Exporting the following env vars:
AIRFLOW_CTX_DAG_OWNER=***
AIRFLOW_CTX_DAG_ID=orquestation
AIRFLOW_CTX_TASK_ID=task2
AIRFLOW_CTX_EXECUTION_DATE=2022-05-22T00:00:00+00:00
AIRFLOW_CTX_TRY_NUMBER=1
AIRFLOW_CTX_DAG_RUN_ID=scheduled__2022-05-22T00:00:00+00:00
[2022-11-04T21:33:14.774+0000] {subprocess.py:63} INFO - Tmp dir root location: 
 /tmp
[2022-11-04T21:33:14.776+0000] {subprocess.py:75} INFO - Running command: ['/bin/bash', '-c', "sleep 2 && echo 'task2'"]
[2022-11-04T21:33:14.796+0000] {subprocess.py:86} INFO - Output:
[2022-11-04T21:33:16.833+0000] {subprocess.py:93} INFO - task2
[2022-11-04T21:33:16.835+0000] {subprocess.py:97} INFO - Command exited with return code 0
[2022-11-04T21:33:16.888+0000] {taskinstance.py:1406} INFO - Marking task as SUCCESS. dag_id=orquestation, task_id=task2, execution_date=20220522T000000, start_date=20221104T213314, end_date=20221104T213316
[2022-11-04T21:33:16.930+0000] {local_task_job.py:164} INFO - Task exited with return code 0
[2022-11-04T21:33:16.985+0000] {local_task_job.py:273} INFO - 2 downstream tasks scheduled from follow-on schedule check
[2022-11-04T21:43:56.224+0000] {taskinstance.py:1165} INFO - Dependencies all met for <TaskInstance: orquestation.task2 scheduled__2022-05-22T00:00:00+00:00 [queued]>
[2022-11-04T21:43:56.242+0000] {taskinstance.py:1165} INFO - Dependencies all met for <TaskInstance: orquestation.task2 scheduled__2022-05-22T00:00:00+00:00 [queued]>
[2022-11-04T21:43:56.243+0000] {taskinstance.py:1362} INFO - 
--------------------------------------------------------------------------------
[2022-11-04T21:43:56.244+0000] {taskinstance.py:1363} INFO - Starting attempt 1 of 1
[2022-11-04T21:43:56.244+0000] {taskinstance.py:1364} INFO - 
--------------------------------------------------------------------------------
[2022-11-04T21:43:56.265+0000] {taskinstance.py:1383} INFO - Executing <Task(BashOperator): task2> on 2022-05-22 00:00:00+00:00
[2022-11-04T21:43:56.273+0000] {standard_task_runner.py:55} INFO - Started process 2107 to run task
[2022-11-04T21:43:56.276+0000] {standard_task_runner.py:82} INFO - Running: ['***', 'tasks', 'run', 'orquestation', 'task2', 'scheduled__2022-05-22T00:00:00+00:00', '--job-id', '340', '--raw', '--subdir', 'DAGS_FOLDER/5.1-orquestacion.py', '--cfg-path', '/tmp/tmpi_cslufi']
[2022-11-04T21:43:56.276+0000] {standard_task_runner.py:83} INFO - Job 340: Subtask task2
[2022-11-04T21:43:56.339+0000] {task_command.py:376} INFO - Running <TaskInstance: orquestation.task2 scheduled__2022-05-22T00:00:00+00:00 [running]> on host 643e334f405f
[2022-11-04T21:43:56.413+0000] {taskinstance.py:1592} INFO - Exporting the following env vars:
AIRFLOW_CTX_DAG_OWNER=***
AIRFLOW_CTX_DAG_ID=orquestation
AIRFLOW_CTX_TASK_ID=task2
AIRFLOW_CTX_EXECUTION_DATE=2022-05-22T00:00:00+00:00
AIRFLOW_CTX_TRY_NUMBER=1
AIRFLOW_CTX_DAG_RUN_ID=scheduled__2022-05-22T00:00:00+00:00
[2022-11-04T21:43:56.414+0000] {subprocess.py:63} INFO - Tmp dir root location: 
 /tmp
[2022-11-04T21:43:56.415+0000] {subprocess.py:75} INFO - Running command: ['/bin/bash', '-c', "sleep 2 && echo 'task2'"]
[2022-11-04T21:43:56.429+0000] {subprocess.py:86} INFO - Output:
[2022-11-04T21:43:58.432+0000] {subprocess.py:93} INFO - task2
[2022-11-04T21:43:58.433+0000] {subprocess.py:97} INFO - Command exited with return code 0
[2022-11-04T21:43:58.461+0000] {taskinstance.py:1406} INFO - Marking task as SUCCESS. dag_id=orquestation, task_id=task2, execution_date=20220522T000000, start_date=20221104T214356, end_date=20221104T214358
[2022-11-04T21:43:58.496+0000] {local_task_job.py:164} INFO - Task exited with return code 0
[2022-11-04T21:43:58.532+0000] {local_task_job.py:273} INFO - 2 downstream tasks scheduled from follow-on schedule check
