[2022-11-04T21:32:36.913+0000] {taskinstance.py:1165} INFO - Dependencies all met for <TaskInstance: orquestation.task3 scheduled__2022-05-12T00:00:00+00:00 [queued]>
[2022-11-04T21:32:36.952+0000] {taskinstance.py:1165} INFO - Dependencies all met for <TaskInstance: orquestation.task3 scheduled__2022-05-12T00:00:00+00:00 [queued]>
[2022-11-04T21:32:36.953+0000] {taskinstance.py:1362} INFO - 
--------------------------------------------------------------------------------
[2022-11-04T21:32:36.955+0000] {taskinstance.py:1363} INFO - Starting attempt 1 of 1
[2022-11-04T21:32:36.957+0000] {taskinstance.py:1364} INFO - 
--------------------------------------------------------------------------------
[2022-11-04T21:32:37.077+0000] {taskinstance.py:1383} INFO - Executing <Task(BashOperator): task3> on 2022-05-12 00:00:00+00:00
[2022-11-04T21:32:37.091+0000] {standard_task_runner.py:55} INFO - Started process 864 to run task
[2022-11-04T21:32:37.096+0000] {standard_task_runner.py:82} INFO - Running: ['***', 'tasks', 'run', 'orquestation', 'task3', 'scheduled__2022-05-12T00:00:00+00:00', '--job-id', '158', '--raw', '--subdir', 'DAGS_FOLDER/5.1-orquestacion.py', '--cfg-path', '/tmp/tmp1qv0cgk8']
[2022-11-04T21:32:37.098+0000] {standard_task_runner.py:83} INFO - Job 158: Subtask task3
[2022-11-04T21:32:37.224+0000] {task_command.py:376} INFO - Running <TaskInstance: orquestation.task3 scheduled__2022-05-12T00:00:00+00:00 [running]> on host 643e334f405f
[2022-11-04T21:32:37.373+0000] {taskinstance.py:1592} INFO - Exporting the following env vars:
AIRFLOW_CTX_DAG_OWNER=***
AIRFLOW_CTX_DAG_ID=orquestation
AIRFLOW_CTX_TASK_ID=task3
AIRFLOW_CTX_EXECUTION_DATE=2022-05-12T00:00:00+00:00
AIRFLOW_CTX_TRY_NUMBER=1
AIRFLOW_CTX_DAG_RUN_ID=scheduled__2022-05-12T00:00:00+00:00
[2022-11-04T21:32:37.399+0000] {subprocess.py:63} INFO - Tmp dir root location: 
 /tmp
[2022-11-04T21:32:37.403+0000] {subprocess.py:75} INFO - Running command: ['/bin/bash', '-c', "sleep 2 && echo 'task3'"]
[2022-11-04T21:32:37.426+0000] {subprocess.py:86} INFO - Output:
[2022-11-04T21:32:39.526+0000] {subprocess.py:93} INFO - task3
[2022-11-04T21:32:39.527+0000] {subprocess.py:97} INFO - Command exited with return code 0
[2022-11-04T21:32:39.574+0000] {taskinstance.py:1406} INFO - Marking task as SUCCESS. dag_id=orquestation, task_id=task3, execution_date=20220512T000000, start_date=20221104T213236, end_date=20221104T213239
[2022-11-04T21:32:39.640+0000] {local_task_job.py:164} INFO - Task exited with return code 0
[2022-11-04T21:32:39.666+0000] {local_task_job.py:273} INFO - 0 downstream tasks scheduled from follow-on schedule check
[2022-11-04T21:42:10.322+0000] {taskinstance.py:1165} INFO - Dependencies all met for <TaskInstance: orquestation.task3 scheduled__2022-05-12T00:00:00+00:00 [queued]>
[2022-11-04T21:42:10.340+0000] {taskinstance.py:1165} INFO - Dependencies all met for <TaskInstance: orquestation.task3 scheduled__2022-05-12T00:00:00+00:00 [queued]>
[2022-11-04T21:42:10.341+0000] {taskinstance.py:1362} INFO - 
--------------------------------------------------------------------------------
[2022-11-04T21:42:10.342+0000] {taskinstance.py:1363} INFO - Starting attempt 1 of 1
[2022-11-04T21:42:10.342+0000] {taskinstance.py:1364} INFO - 
--------------------------------------------------------------------------------
[2022-11-04T21:42:10.360+0000] {taskinstance.py:1383} INFO - Executing <Task(BashOperator): task3> on 2022-05-12 00:00:00+00:00
[2022-11-04T21:42:10.367+0000] {standard_task_runner.py:55} INFO - Started process 1872 to run task
[2022-11-04T21:42:10.370+0000] {standard_task_runner.py:82} INFO - Running: ['***', 'tasks', 'run', 'orquestation', 'task3', 'scheduled__2022-05-12T00:00:00+00:00', '--job-id', '302', '--raw', '--subdir', 'DAGS_FOLDER/5.1-orquestacion.py', '--cfg-path', '/tmp/tmpri6dzllk']
[2022-11-04T21:42:10.370+0000] {standard_task_runner.py:83} INFO - Job 302: Subtask task3
[2022-11-04T21:42:10.492+0000] {task_command.py:376} INFO - Running <TaskInstance: orquestation.task3 scheduled__2022-05-12T00:00:00+00:00 [running]> on host 643e334f405f
[2022-11-04T21:42:10.575+0000] {taskinstance.py:1592} INFO - Exporting the following env vars:
AIRFLOW_CTX_DAG_OWNER=***
AIRFLOW_CTX_DAG_ID=orquestation
AIRFLOW_CTX_TASK_ID=task3
AIRFLOW_CTX_EXECUTION_DATE=2022-05-12T00:00:00+00:00
AIRFLOW_CTX_TRY_NUMBER=1
AIRFLOW_CTX_DAG_RUN_ID=scheduled__2022-05-12T00:00:00+00:00
[2022-11-04T21:42:10.577+0000] {subprocess.py:63} INFO - Tmp dir root location: 
 /tmp
[2022-11-04T21:42:10.578+0000] {subprocess.py:75} INFO - Running command: ['/bin/bash', '-c', "sleep 2 && echo 'task3'"]
[2022-11-04T21:42:10.591+0000] {subprocess.py:86} INFO - Output:
[2022-11-04T21:42:12.594+0000] {subprocess.py:93} INFO - task3
[2022-11-04T21:42:12.595+0000] {subprocess.py:97} INFO - Command exited with return code 0
[2022-11-04T21:42:12.634+0000] {taskinstance.py:1406} INFO - Marking task as SUCCESS. dag_id=orquestation, task_id=task3, execution_date=20220512T000000, start_date=20221104T214210, end_date=20221104T214212
[2022-11-04T21:42:12.670+0000] {local_task_job.py:164} INFO - Task exited with return code 0
[2022-11-04T21:42:12.699+0000] {local_task_job.py:273} INFO - 0 downstream tasks scheduled from follow-on schedule check
