[2022-11-04T21:33:37.075+0000] {taskinstance.py:1165} INFO - Dependencies all met for <TaskInstance: orquestation.task4 scheduled__2022-05-26T00:00:00+00:00 [queued]>
[2022-11-04T21:33:37.099+0000] {taskinstance.py:1165} INFO - Dependencies all met for <TaskInstance: orquestation.task4 scheduled__2022-05-26T00:00:00+00:00 [queued]>
[2022-11-04T21:33:37.100+0000] {taskinstance.py:1362} INFO - 
--------------------------------------------------------------------------------
[2022-11-04T21:33:37.101+0000] {taskinstance.py:1363} INFO - Starting attempt 1 of 1
[2022-11-04T21:33:37.104+0000] {taskinstance.py:1364} INFO - 
--------------------------------------------------------------------------------
[2022-11-04T21:33:37.133+0000] {taskinstance.py:1383} INFO - Executing <Task(BashOperator): task4> on 2022-05-26 00:00:00+00:00
[2022-11-04T21:33:37.141+0000] {standard_task_runner.py:55} INFO - Started process 1131 to run task
[2022-11-04T21:33:37.146+0000] {standard_task_runner.py:82} INFO - Running: ['***', 'tasks', 'run', 'orquestation', 'task4', 'scheduled__2022-05-26T00:00:00+00:00', '--job-id', '215', '--raw', '--subdir', 'DAGS_FOLDER/5.1-orquestacion.py', '--cfg-path', '/tmp/tmp1zmxk3ke']
[2022-11-04T21:33:37.148+0000] {standard_task_runner.py:83} INFO - Job 215: Subtask task4
[2022-11-04T21:33:37.254+0000] {task_command.py:376} INFO - Running <TaskInstance: orquestation.task4 scheduled__2022-05-26T00:00:00+00:00 [running]> on host 643e334f405f
[2022-11-04T21:33:37.370+0000] {taskinstance.py:1592} INFO - Exporting the following env vars:
AIRFLOW_CTX_DAG_OWNER=***
AIRFLOW_CTX_DAG_ID=orquestation
AIRFLOW_CTX_TASK_ID=task4
AIRFLOW_CTX_EXECUTION_DATE=2022-05-26T00:00:00+00:00
AIRFLOW_CTX_TRY_NUMBER=1
AIRFLOW_CTX_DAG_RUN_ID=scheduled__2022-05-26T00:00:00+00:00
[2022-11-04T21:33:37.372+0000] {subprocess.py:63} INFO - Tmp dir root location: 
 /tmp
[2022-11-04T21:33:37.374+0000] {subprocess.py:75} INFO - Running command: ['/bin/bash', '-c', "sleep 2 && echo 'task4'"]
[2022-11-04T21:33:37.396+0000] {subprocess.py:86} INFO - Output:
[2022-11-04T21:33:39.417+0000] {subprocess.py:93} INFO - task4
[2022-11-04T21:33:39.418+0000] {subprocess.py:97} INFO - Command exited with return code 0
[2022-11-04T21:33:39.456+0000] {taskinstance.py:1406} INFO - Marking task as SUCCESS. dag_id=orquestation, task_id=task4, execution_date=20220526T000000, start_date=20221104T213337, end_date=20221104T213339
[2022-11-04T21:33:39.527+0000] {local_task_job.py:164} INFO - Task exited with return code 0
[2022-11-04T21:33:39.557+0000] {local_task_job.py:273} INFO - 0 downstream tasks scheduled from follow-on schedule check
[2022-11-04T21:44:42.628+0000] {taskinstance.py:1165} INFO - Dependencies all met for <TaskInstance: orquestation.task4 scheduled__2022-05-26T00:00:00+00:00 [queued]>
[2022-11-04T21:44:42.646+0000] {taskinstance.py:1165} INFO - Dependencies all met for <TaskInstance: orquestation.task4 scheduled__2022-05-26T00:00:00+00:00 [queued]>
[2022-11-04T21:44:42.646+0000] {taskinstance.py:1362} INFO - 
--------------------------------------------------------------------------------
[2022-11-04T21:44:42.647+0000] {taskinstance.py:1363} INFO - Starting attempt 1 of 1
[2022-11-04T21:44:42.647+0000] {taskinstance.py:1364} INFO - 
--------------------------------------------------------------------------------
[2022-11-04T21:44:42.668+0000] {taskinstance.py:1383} INFO - Executing <Task(BashOperator): task4> on 2022-05-26 00:00:00+00:00
[2022-11-04T21:44:42.677+0000] {standard_task_runner.py:55} INFO - Started process 2213 to run task
[2022-11-04T21:44:42.680+0000] {standard_task_runner.py:82} INFO - Running: ['***', 'tasks', 'run', 'orquestation', 'task4', 'scheduled__2022-05-26T00:00:00+00:00', '--job-id', '357', '--raw', '--subdir', 'DAGS_FOLDER/5.1-orquestacion.py', '--cfg-path', '/tmp/tmprgkuody9']
[2022-11-04T21:44:42.681+0000] {standard_task_runner.py:83} INFO - Job 357: Subtask task4
[2022-11-04T21:44:42.750+0000] {task_command.py:376} INFO - Running <TaskInstance: orquestation.task4 scheduled__2022-05-26T00:00:00+00:00 [running]> on host 643e334f405f
[2022-11-04T21:44:42.830+0000] {taskinstance.py:1592} INFO - Exporting the following env vars:
AIRFLOW_CTX_DAG_OWNER=***
AIRFLOW_CTX_DAG_ID=orquestation
AIRFLOW_CTX_TASK_ID=task4
AIRFLOW_CTX_EXECUTION_DATE=2022-05-26T00:00:00+00:00
AIRFLOW_CTX_TRY_NUMBER=1
AIRFLOW_CTX_DAG_RUN_ID=scheduled__2022-05-26T00:00:00+00:00
[2022-11-04T21:44:42.832+0000] {subprocess.py:63} INFO - Tmp dir root location: 
 /tmp
[2022-11-04T21:44:42.833+0000] {subprocess.py:75} INFO - Running command: ['/bin/bash', '-c', "sleep 2 && echo 'task4'"]
[2022-11-04T21:44:42.846+0000] {subprocess.py:86} INFO - Output:
[2022-11-04T21:44:44.849+0000] {subprocess.py:93} INFO - task4
[2022-11-04T21:44:44.850+0000] {subprocess.py:97} INFO - Command exited with return code 0
[2022-11-04T21:44:44.892+0000] {taskinstance.py:1406} INFO - Marking task as SUCCESS. dag_id=orquestation, task_id=task4, execution_date=20220526T000000, start_date=20221104T214442, end_date=20221104T214444
[2022-11-04T21:44:44.940+0000] {local_task_job.py:164} INFO - Task exited with return code 0
[2022-11-04T21:44:44.972+0000] {local_task_job.py:273} INFO - 0 downstream tasks scheduled from follow-on schedule check
