[2022-11-04T21:34:01.988+0000] {taskinstance.py:1165} INFO - Dependencies all met for <TaskInstance: orquestation.task4 scheduled__2022-06-01T00:00:00+00:00 [queued]>
[2022-11-04T21:34:02.026+0000] {taskinstance.py:1165} INFO - Dependencies all met for <TaskInstance: orquestation.task4 scheduled__2022-06-01T00:00:00+00:00 [queued]>
[2022-11-04T21:34:02.027+0000] {taskinstance.py:1362} INFO - 
--------------------------------------------------------------------------------
[2022-11-04T21:34:02.027+0000] {taskinstance.py:1363} INFO - Starting attempt 1 of 1
[2022-11-04T21:34:02.029+0000] {taskinstance.py:1364} INFO - 
--------------------------------------------------------------------------------
[2022-11-04T21:34:02.052+0000] {taskinstance.py:1383} INFO - Executing <Task(BashOperator): task4> on 2022-06-01 00:00:00+00:00
[2022-11-04T21:34:02.064+0000] {standard_task_runner.py:55} INFO - Started process 1231 to run task
[2022-11-04T21:34:02.068+0000] {standard_task_runner.py:82} INFO - Running: ['***', 'tasks', 'run', 'orquestation', 'task4', 'scheduled__2022-06-01T00:00:00+00:00', '--job-id', '237', '--raw', '--subdir', 'DAGS_FOLDER/5.1-orquestacion.py', '--cfg-path', '/tmp/tmpvosedkp2']
[2022-11-04T21:34:02.069+0000] {standard_task_runner.py:83} INFO - Job 237: Subtask task4
[2022-11-04T21:34:02.158+0000] {task_command.py:376} INFO - Running <TaskInstance: orquestation.task4 scheduled__2022-06-01T00:00:00+00:00 [running]> on host 643e334f405f
[2022-11-04T21:34:02.255+0000] {taskinstance.py:1592} INFO - Exporting the following env vars:
AIRFLOW_CTX_DAG_OWNER=***
AIRFLOW_CTX_DAG_ID=orquestation
AIRFLOW_CTX_TASK_ID=task4
AIRFLOW_CTX_EXECUTION_DATE=2022-06-01T00:00:00+00:00
AIRFLOW_CTX_TRY_NUMBER=1
AIRFLOW_CTX_DAG_RUN_ID=scheduled__2022-06-01T00:00:00+00:00
[2022-11-04T21:34:02.257+0000] {subprocess.py:63} INFO - Tmp dir root location: 
 /tmp
[2022-11-04T21:34:02.259+0000] {subprocess.py:75} INFO - Running command: ['/bin/bash', '-c', "sleep 2 && echo 'task4'"]
[2022-11-04T21:34:02.276+0000] {subprocess.py:86} INFO - Output:
[2022-11-04T21:34:04.280+0000] {subprocess.py:93} INFO - task4
[2022-11-04T21:34:04.281+0000] {subprocess.py:97} INFO - Command exited with return code 0
[2022-11-04T21:34:04.316+0000] {taskinstance.py:1406} INFO - Marking task as SUCCESS. dag_id=orquestation, task_id=task4, execution_date=20220601T000000, start_date=20221104T213401, end_date=20221104T213404
[2022-11-04T21:34:04.369+0000] {local_task_job.py:164} INFO - Task exited with return code 0
[2022-11-04T21:34:04.392+0000] {local_task_job.py:273} INFO - 0 downstream tasks scheduled from follow-on schedule check
[2022-11-04T21:45:47.269+0000] {taskinstance.py:1165} INFO - Dependencies all met for <TaskInstance: orquestation.task4 scheduled__2022-06-01T00:00:00+00:00 [queued]>
[2022-11-04T21:45:47.290+0000] {taskinstance.py:1165} INFO - Dependencies all met for <TaskInstance: orquestation.task4 scheduled__2022-06-01T00:00:00+00:00 [queued]>
[2022-11-04T21:45:47.290+0000] {taskinstance.py:1362} INFO - 
--------------------------------------------------------------------------------
[2022-11-04T21:45:47.291+0000] {taskinstance.py:1363} INFO - Starting attempt 1 of 1
[2022-11-04T21:45:47.291+0000] {taskinstance.py:1364} INFO - 
--------------------------------------------------------------------------------
[2022-11-04T21:45:47.320+0000] {taskinstance.py:1383} INFO - Executing <Task(BashOperator): task4> on 2022-06-01 00:00:00+00:00
[2022-11-04T21:45:47.330+0000] {standard_task_runner.py:55} INFO - Started process 2364 to run task
[2022-11-04T21:45:47.334+0000] {standard_task_runner.py:82} INFO - Running: ['***', 'tasks', 'run', 'orquestation', 'task4', 'scheduled__2022-06-01T00:00:00+00:00', '--job-id', '381', '--raw', '--subdir', 'DAGS_FOLDER/5.1-orquestacion.py', '--cfg-path', '/tmp/tmpq0ioknqi']
[2022-11-04T21:45:47.335+0000] {standard_task_runner.py:83} INFO - Job 381: Subtask task4
[2022-11-04T21:45:47.493+0000] {task_command.py:376} INFO - Running <TaskInstance: orquestation.task4 scheduled__2022-06-01T00:00:00+00:00 [running]> on host 643e334f405f
[2022-11-04T21:45:47.596+0000] {taskinstance.py:1592} INFO - Exporting the following env vars:
AIRFLOW_CTX_DAG_OWNER=***
AIRFLOW_CTX_DAG_ID=orquestation
AIRFLOW_CTX_TASK_ID=task4
AIRFLOW_CTX_EXECUTION_DATE=2022-06-01T00:00:00+00:00
AIRFLOW_CTX_TRY_NUMBER=1
AIRFLOW_CTX_DAG_RUN_ID=scheduled__2022-06-01T00:00:00+00:00
[2022-11-04T21:45:47.598+0000] {subprocess.py:63} INFO - Tmp dir root location: 
 /tmp
[2022-11-04T21:45:47.599+0000] {subprocess.py:75} INFO - Running command: ['/bin/bash', '-c', "sleep 2 && echo 'task4'"]
[2022-11-04T21:45:47.612+0000] {subprocess.py:86} INFO - Output:
[2022-11-04T21:45:49.616+0000] {subprocess.py:93} INFO - task4
[2022-11-04T21:45:49.617+0000] {subprocess.py:97} INFO - Command exited with return code 0
[2022-11-04T21:45:49.649+0000] {taskinstance.py:1406} INFO - Marking task as SUCCESS. dag_id=orquestation, task_id=task4, execution_date=20220601T000000, start_date=20221104T214547, end_date=20221104T214549
[2022-11-04T21:45:49.673+0000] {local_task_job.py:164} INFO - Task exited with return code 0
[2022-11-04T21:45:49.697+0000] {local_task_job.py:273} INFO - 0 downstream tasks scheduled from follow-on schedule check
