[2022-11-16T21:02:36.792+0000] {taskinstance.py:1165} INFO - Dependencies all met for <TaskInstance: MyPersonalAirflowProject.nasa_verification_task scheduled__2022-10-20T00:00:00+00:00 [queued]>
[2022-11-16T21:02:36.805+0000] {taskinstance.py:1165} INFO - Dependencies all met for <TaskInstance: MyPersonalAirflowProject.nasa_verification_task scheduled__2022-10-20T00:00:00+00:00 [queued]>
[2022-11-16T21:02:36.806+0000] {taskinstance.py:1362} INFO - 
--------------------------------------------------------------------------------
[2022-11-16T21:02:36.807+0000] {taskinstance.py:1363} INFO - Starting attempt 1 of 1
[2022-11-16T21:02:36.808+0000] {taskinstance.py:1364} INFO - 
--------------------------------------------------------------------------------
[2022-11-16T21:02:36.828+0000] {taskinstance.py:1383} INFO - Executing <Task(BashOperator): nasa_verification_task> on 2022-10-20 00:00:00+00:00
[2022-11-16T21:02:36.835+0000] {standard_task_runner.py:55} INFO - Started process 1391 to run task
[2022-11-16T21:02:36.838+0000] {standard_task_runner.py:82} INFO - Running: ['***', 'tasks', 'run', 'MyPersonalAirflowProject', 'nasa_verification_task', 'scheduled__2022-10-20T00:00:00+00:00', '--job-id', '1297', '--raw', '--subdir', 'DAGS_FOLDER/FinalPersonalProject.py', '--cfg-path', '/tmp/tmpgtp9d3vd']
[2022-11-16T21:02:36.839+0000] {standard_task_runner.py:83} INFO - Job 1297: Subtask nasa_verification_task
[2022-11-16T21:02:36.915+0000] {task_command.py:376} INFO - Running <TaskInstance: MyPersonalAirflowProject.nasa_verification_task scheduled__2022-10-20T00:00:00+00:00 [running]> on host 638485efabe7
[2022-11-16T21:02:37.010+0000] {taskinstance.py:1592} INFO - Exporting the following env vars:
AIRFLOW_CTX_DAG_OWNER=***
AIRFLOW_CTX_DAG_ID=MyPersonalAirflowProject
AIRFLOW_CTX_TASK_ID=nasa_verification_task
AIRFLOW_CTX_EXECUTION_DATE=2022-10-20T00:00:00+00:00
AIRFLOW_CTX_TRY_NUMBER=1
AIRFLOW_CTX_DAG_RUN_ID=scheduled__2022-10-20T00:00:00+00:00
[2022-11-16T21:02:37.011+0000] {subprocess.py:63} INFO - Tmp dir root location: 
 /tmp
[2022-11-16T21:02:37.012+0000] {subprocess.py:75} INFO - Running command: ['/bin/bash', '-c', 'sleep 20 && echo ÖK"> /tmp/reponse_20221020.txt']
[2022-11-16T21:02:37.025+0000] {subprocess.py:86} INFO - Output:
[2022-11-16T21:02:37.028+0000] {subprocess.py:93} INFO - /bin/bash: -c: line 1: unexpected EOF while looking for matching `"'
[2022-11-16T21:02:37.028+0000] {subprocess.py:93} INFO - /bin/bash: -c: line 2: syntax error: unexpected end of file
[2022-11-16T21:02:37.029+0000] {subprocess.py:97} INFO - Command exited with return code 2
[2022-11-16T21:02:37.041+0000] {taskinstance.py:1851} ERROR - Task failed with exception
Traceback (most recent call last):
  File "/home/airflow/.local/lib/python3.7/site-packages/airflow/operators/bash.py", line 197, in execute
    f'Bash command failed. The command returned a non-zero exit code {result.exit_code}.'
airflow.exceptions.AirflowException: Bash command failed. The command returned a non-zero exit code 2.
[2022-11-16T21:02:37.046+0000] {taskinstance.py:1406} INFO - Marking task as FAILED. dag_id=MyPersonalAirflowProject, task_id=nasa_verification_task, execution_date=20221020T000000, start_date=20221116T210236, end_date=20221116T210237
[2022-11-16T21:02:37.064+0000] {standard_task_runner.py:105} ERROR - Failed to execute job 1297 for task nasa_verification_task (Bash command failed. The command returned a non-zero exit code 2.; 1391)
[2022-11-16T21:02:37.107+0000] {local_task_job.py:164} INFO - Task exited with return code 1
[2022-11-16T21:02:37.133+0000] {local_task_job.py:273} INFO - 0 downstream tasks scheduled from follow-on schedule check
[2022-11-16T22:20:28.642+0000] {taskinstance.py:1165} INFO - Dependencies all met for <TaskInstance: MyPersonalAirflowProject.nasa_verification_task scheduled__2022-10-20T00:00:00+00:00 [queued]>
[2022-11-16T22:20:28.674+0000] {taskinstance.py:1165} INFO - Dependencies all met for <TaskInstance: MyPersonalAirflowProject.nasa_verification_task scheduled__2022-10-20T00:00:00+00:00 [queued]>
[2022-11-16T22:20:28.675+0000] {taskinstance.py:1362} INFO - 
--------------------------------------------------------------------------------
[2022-11-16T22:20:28.676+0000] {taskinstance.py:1363} INFO - Starting attempt 1 of 1
[2022-11-16T22:20:28.677+0000] {taskinstance.py:1364} INFO - 
--------------------------------------------------------------------------------
[2022-11-16T22:20:28.710+0000] {taskinstance.py:1383} INFO - Executing <Task(BashOperator): nasa_verification_task> on 2022-10-20 00:00:00+00:00
[2022-11-16T22:20:28.719+0000] {standard_task_runner.py:55} INFO - Started process 5497 to run task
[2022-11-16T22:20:28.723+0000] {standard_task_runner.py:82} INFO - Running: ['***', 'tasks', 'run', 'MyPersonalAirflowProject', 'nasa_verification_task', 'scheduled__2022-10-20T00:00:00+00:00', '--job-id', '1554', '--raw', '--subdir', 'DAGS_FOLDER/FinalPersonalProject.py', '--cfg-path', '/tmp/tmp647kz4vi']
[2022-11-16T22:20:28.724+0000] {standard_task_runner.py:83} INFO - Job 1554: Subtask nasa_verification_task
[2022-11-16T22:20:28.814+0000] {task_command.py:376} INFO - Running <TaskInstance: MyPersonalAirflowProject.nasa_verification_task scheduled__2022-10-20T00:00:00+00:00 [running]> on host 638485efabe7
[2022-11-16T22:20:28.917+0000] {taskinstance.py:1592} INFO - Exporting the following env vars:
AIRFLOW_CTX_DAG_OWNER=***
AIRFLOW_CTX_DAG_ID=MyPersonalAirflowProject
AIRFLOW_CTX_TASK_ID=nasa_verification_task
AIRFLOW_CTX_EXECUTION_DATE=2022-10-20T00:00:00+00:00
AIRFLOW_CTX_TRY_NUMBER=1
AIRFLOW_CTX_DAG_RUN_ID=scheduled__2022-10-20T00:00:00+00:00
[2022-11-16T22:20:28.918+0000] {subprocess.py:63} INFO - Tmp dir root location: 
 /tmp
[2022-11-16T22:20:28.920+0000] {subprocess.py:75} INFO - Running command: ['/bin/bash', '-c', 'sleep 20 && echo "OK"> /tmp/reponse_20221020.txt']
[2022-11-16T22:20:28.934+0000] {subprocess.py:86} INFO - Output:
[2022-11-16T22:20:48.950+0000] {subprocess.py:97} INFO - Command exited with return code 0
[2022-11-16T22:20:48.986+0000] {taskinstance.py:1406} INFO - Marking task as SUCCESS. dag_id=MyPersonalAirflowProject, task_id=nasa_verification_task, execution_date=20221020T000000, start_date=20221116T222028, end_date=20221116T222048
[2022-11-16T22:20:49.075+0000] {local_task_job.py:164} INFO - Task exited with return code 0
[2022-11-16T22:20:49.114+0000] {local_task_job.py:273} INFO - 1 downstream tasks scheduled from follow-on schedule check
[2022-11-17T16:33:42.264+0000] {taskinstance.py:1165} INFO - Dependencies all met for <TaskInstance: MyPersonalAirflowProject.nasa_verification_task scheduled__2022-10-20T00:00:00+00:00 [queued]>
[2022-11-17T16:33:42.277+0000] {taskinstance.py:1165} INFO - Dependencies all met for <TaskInstance: MyPersonalAirflowProject.nasa_verification_task scheduled__2022-10-20T00:00:00+00:00 [queued]>
[2022-11-17T16:33:42.278+0000] {taskinstance.py:1362} INFO - 
--------------------------------------------------------------------------------
[2022-11-17T16:33:42.278+0000] {taskinstance.py:1363} INFO - Starting attempt 1 of 1
[2022-11-17T16:33:42.278+0000] {taskinstance.py:1364} INFO - 
--------------------------------------------------------------------------------
[2022-11-17T16:33:42.301+0000] {taskinstance.py:1383} INFO - Executing <Task(BashOperator): nasa_verification_task> on 2022-10-20 00:00:00+00:00
[2022-11-17T16:33:42.307+0000] {standard_task_runner.py:55} INFO - Started process 3796 to run task
[2022-11-17T16:33:42.310+0000] {standard_task_runner.py:82} INFO - Running: ['***', 'tasks', 'run', 'MyPersonalAirflowProject', 'nasa_verification_task', 'scheduled__2022-10-20T00:00:00+00:00', '--job-id', '2176', '--raw', '--subdir', 'DAGS_FOLDER/FinalPersonalProject.py', '--cfg-path', '/tmp/tmpg6nx5af4']
[2022-11-17T16:33:42.311+0000] {standard_task_runner.py:83} INFO - Job 2176: Subtask nasa_verification_task
[2022-11-17T16:33:42.378+0000] {task_command.py:376} INFO - Running <TaskInstance: MyPersonalAirflowProject.nasa_verification_task scheduled__2022-10-20T00:00:00+00:00 [running]> on host 638485efabe7
[2022-11-17T16:33:42.470+0000] {taskinstance.py:1592} INFO - Exporting the following env vars:
AIRFLOW_CTX_DAG_OWNER=***
AIRFLOW_CTX_DAG_ID=MyPersonalAirflowProject
AIRFLOW_CTX_TASK_ID=nasa_verification_task
AIRFLOW_CTX_EXECUTION_DATE=2022-10-20T00:00:00+00:00
AIRFLOW_CTX_TRY_NUMBER=1
AIRFLOW_CTX_DAG_RUN_ID=scheduled__2022-10-20T00:00:00+00:00
[2022-11-17T16:33:42.472+0000] {subprocess.py:63} INFO - Tmp dir root location: 
 /tmp
[2022-11-17T16:33:42.473+0000] {subprocess.py:75} INFO - Running command: ['/bin/bash', '-c', 'sleep 20 && echo "OK"> /tmp/reponse_20221020.txt']
[2022-11-17T16:33:42.532+0000] {subprocess.py:86} INFO - Output:
[2022-11-17T16:34:02.537+0000] {subprocess.py:97} INFO - Command exited with return code 0
[2022-11-17T16:34:02.571+0000] {taskinstance.py:1406} INFO - Marking task as SUCCESS. dag_id=MyPersonalAirflowProject, task_id=nasa_verification_task, execution_date=20221020T000000, start_date=20221117T163342, end_date=20221117T163402
[2022-11-17T16:34:02.608+0000] {local_task_job.py:164} INFO - Task exited with return code 0
[2022-11-17T16:34:02.704+0000] {local_task_job.py:273} INFO - 1 downstream tasks scheduled from follow-on schedule check
[2022-11-17T17:25:48.113+0000] {taskinstance.py:1165} INFO - Dependencies all met for <TaskInstance: MyPersonalAirflowProject.nasa_verification_task scheduled__2022-10-20T00:00:00+00:00 [queued]>
[2022-11-17T17:25:48.124+0000] {taskinstance.py:1165} INFO - Dependencies all met for <TaskInstance: MyPersonalAirflowProject.nasa_verification_task scheduled__2022-10-20T00:00:00+00:00 [queued]>
[2022-11-17T17:25:48.124+0000] {taskinstance.py:1362} INFO - 
--------------------------------------------------------------------------------
[2022-11-17T17:25:48.125+0000] {taskinstance.py:1363} INFO - Starting attempt 1 of 1
[2022-11-17T17:25:48.125+0000] {taskinstance.py:1364} INFO - 
--------------------------------------------------------------------------------
[2022-11-17T17:25:48.143+0000] {taskinstance.py:1383} INFO - Executing <Task(BashOperator): nasa_verification_task> on 2022-10-20 00:00:00+00:00
[2022-11-17T17:25:48.149+0000] {standard_task_runner.py:55} INFO - Started process 7448 to run task
[2022-11-17T17:25:48.152+0000] {standard_task_runner.py:82} INFO - Running: ['***', 'tasks', 'run', 'MyPersonalAirflowProject', 'nasa_verification_task', 'scheduled__2022-10-20T00:00:00+00:00', '--job-id', '2586', '--raw', '--subdir', 'DAGS_FOLDER/FinalPersonalProject.py', '--cfg-path', '/tmp/tmp7l1vgt5p']
[2022-11-17T17:25:48.153+0000] {standard_task_runner.py:83} INFO - Job 2586: Subtask nasa_verification_task
[2022-11-17T17:25:48.217+0000] {task_command.py:376} INFO - Running <TaskInstance: MyPersonalAirflowProject.nasa_verification_task scheduled__2022-10-20T00:00:00+00:00 [running]> on host 638485efabe7
[2022-11-17T17:25:48.295+0000] {taskinstance.py:1592} INFO - Exporting the following env vars:
AIRFLOW_CTX_DAG_OWNER=***
AIRFLOW_CTX_DAG_ID=MyPersonalAirflowProject
AIRFLOW_CTX_TASK_ID=nasa_verification_task
AIRFLOW_CTX_EXECUTION_DATE=2022-10-20T00:00:00+00:00
AIRFLOW_CTX_TRY_NUMBER=1
AIRFLOW_CTX_DAG_RUN_ID=scheduled__2022-10-20T00:00:00+00:00
[2022-11-17T17:25:48.297+0000] {subprocess.py:63} INFO - Tmp dir root location: 
 /tmp
[2022-11-17T17:25:48.298+0000] {subprocess.py:75} INFO - Running command: ['/bin/bash', '-c', 'sleep 20 && echo "OK"> /tmp/reponse_20221020.txt']
[2022-11-17T17:25:48.308+0000] {subprocess.py:86} INFO - Output:
[2022-11-17T17:26:08.312+0000] {subprocess.py:97} INFO - Command exited with return code 0
[2022-11-17T17:26:08.342+0000] {taskinstance.py:1406} INFO - Marking task as SUCCESS. dag_id=MyPersonalAirflowProject, task_id=nasa_verification_task, execution_date=20221020T000000, start_date=20221117T172548, end_date=20221117T172608
[2022-11-17T17:26:08.406+0000] {local_task_job.py:164} INFO - Task exited with return code 0
[2022-11-17T17:26:08.442+0000] {local_task_job.py:273} INFO - 1 downstream tasks scheduled from follow-on schedule check
