[2022-11-08T19:20:19.708+0000] {taskinstance.py:1165} INFO - Dependencies all met for <TaskInstance: 6-monitoring_1.task1 scheduled__2022-01-02T00:00:00+00:00 [queued]>
[2022-11-08T19:20:20.010+0000] {taskinstance.py:1165} INFO - Dependencies all met for <TaskInstance: 6-monitoring_1.task1 scheduled__2022-01-02T00:00:00+00:00 [queued]>
[2022-11-08T19:20:20.013+0000] {taskinstance.py:1362} INFO - 
--------------------------------------------------------------------------------
[2022-11-08T19:20:20.018+0000] {taskinstance.py:1363} INFO - Starting attempt 2 of 2
[2022-11-08T19:20:20.021+0000] {taskinstance.py:1364} INFO - 
--------------------------------------------------------------------------------
[2022-11-08T19:20:20.177+0000] {taskinstance.py:1383} INFO - Executing <Task(BashOperator): task1> on 2022-01-02 00:00:00+00:00
[2022-11-08T19:20:20.196+0000] {standard_task_runner.py:55} INFO - Started process 2101 to run task
[2022-11-08T19:20:20.229+0000] {standard_task_runner.py:82} INFO - Running: ['***', 'tasks', 'run', '6-monitoring_1', 'task1', 'scheduled__2022-01-02T00:00:00+00:00', '--job-id', '479', '--raw', '--subdir', 'DAGS_FOLDER/6.1-monitoring.py', '--cfg-path', '/tmp/tmpx_qpdk62']
[2022-11-08T19:20:20.231+0000] {standard_task_runner.py:83} INFO - Job 479: Subtask task1
[2022-11-08T19:20:20.699+0000] {task_command.py:376} INFO - Running <TaskInstance: 6-monitoring_1.task1 scheduled__2022-01-02T00:00:00+00:00 [running]> on host 638485efabe7
[2022-11-08T19:20:20.987+0000] {taskinstance.py:1592} INFO - Exporting the following env vars:
AIRFLOW_CTX_DAG_OWNER=***
AIRFLOW_CTX_DAG_ID=6-monitoring_1
AIRFLOW_CTX_TASK_ID=task1
AIRFLOW_CTX_EXECUTION_DATE=2022-01-02T00:00:00+00:00
AIRFLOW_CTX_TRY_NUMBER=2
AIRFLOW_CTX_DAG_RUN_ID=scheduled__2022-01-02T00:00:00+00:00
[2022-11-08T19:20:20.999+0000] {subprocess.py:63} INFO - Tmp dir root location: 
 /tmp
[2022-11-08T19:20:21.004+0000] {subprocess.py:75} INFO - Running command: ['/bin/bash', '-c', "sleep 2 && echo 'task1'"]
[2022-11-08T19:20:21.035+0000] {subprocess.py:86} INFO - Output:
[2022-11-08T19:20:23.128+0000] {subprocess.py:93} INFO - task1
[2022-11-08T19:20:23.137+0000] {subprocess.py:97} INFO - Command exited with return code 0
[2022-11-08T19:20:23.333+0000] {taskinstance.py:1406} INFO - Marking task as SUCCESS. dag_id=6-monitoring_1, task_id=task1, execution_date=20220102T000000, start_date=20221108T192019, end_date=20221108T192023
[2022-11-08T19:20:23.497+0000] {local_task_job.py:164} INFO - Task exited with return code 0
[2022-11-08T19:20:24.133+0000] {local_task_job.py:273} INFO - 1 downstream tasks scheduled from follow-on schedule check
