[2022-11-16T21:23:18.440+0000] {taskinstance.py:1165} INFO - Dependencies all met for <TaskInstance: MyPersonalAirflowProject.waiting_nasa_confirmation scheduled__2022-10-25T00:00:00+00:00 [queued]>
[2022-11-16T21:23:18.454+0000] {taskinstance.py:1165} INFO - Dependencies all met for <TaskInstance: MyPersonalAirflowProject.waiting_nasa_confirmation scheduled__2022-10-25T00:00:00+00:00 [queued]>
[2022-11-16T21:23:18.454+0000] {taskinstance.py:1362} INFO - 
--------------------------------------------------------------------------------
[2022-11-16T21:23:18.456+0000] {taskinstance.py:1363} INFO - Starting attempt 1 of 1
[2022-11-16T21:23:18.456+0000] {taskinstance.py:1364} INFO - 
--------------------------------------------------------------------------------
[2022-11-16T21:23:18.474+0000] {taskinstance.py:1383} INFO - Executing <Task(FileSensor): waiting_nasa_confirmation> on 2022-10-25 00:00:00+00:00
[2022-11-16T21:23:18.480+0000] {standard_task_runner.py:55} INFO - Started process 2507 to run task
[2022-11-16T21:23:18.483+0000] {standard_task_runner.py:82} INFO - Running: ['***', 'tasks', 'run', 'MyPersonalAirflowProject', 'waiting_nasa_confirmation', 'scheduled__2022-10-25T00:00:00+00:00', '--job-id', '1360', '--raw', '--subdir', 'DAGS_FOLDER/FinalPersonalProject.py', '--cfg-path', '/tmp/tmpudh94fwl']
[2022-11-16T21:23:18.484+0000] {standard_task_runner.py:83} INFO - Job 1360: Subtask waiting_nasa_confirmation
[2022-11-16T21:23:18.554+0000] {task_command.py:376} INFO - Running <TaskInstance: MyPersonalAirflowProject.waiting_nasa_confirmation scheduled__2022-10-25T00:00:00+00:00 [running]> on host 638485efabe7
[2022-11-16T21:23:18.636+0000] {taskinstance.py:1592} INFO - Exporting the following env vars:
AIRFLOW_CTX_DAG_OWNER=***
AIRFLOW_CTX_DAG_ID=MyPersonalAirflowProject
AIRFLOW_CTX_TASK_ID=waiting_nasa_confirmation
AIRFLOW_CTX_EXECUTION_DATE=2022-10-25T00:00:00+00:00
AIRFLOW_CTX_TRY_NUMBER=1
AIRFLOW_CTX_DAG_RUN_ID=scheduled__2022-10-25T00:00:00+00:00
[2022-11-16T21:23:18.647+0000] {base.py:71} INFO - Using connection ID 'fs_default' for task execution.
[2022-11-16T21:23:18.648+0000] {filesystem.py:58} INFO - Poking for file /tmp/reponse_20221025.txt
[2022-11-16T21:23:18.648+0000] {filesystem.py:63} INFO - Found File /tmp/reponse_20221025.txt last modified: 20221116212317
[2022-11-16T21:23:18.649+0000] {base.py:213} INFO - Success criteria met. Exiting.
[2022-11-16T21:23:18.660+0000] {taskinstance.py:1406} INFO - Marking task as SUCCESS. dag_id=MyPersonalAirflowProject, task_id=waiting_nasa_confirmation, execution_date=20221025T000000, start_date=20221116T212318, end_date=20221116T212318
[2022-11-16T21:23:18.721+0000] {local_task_job.py:164} INFO - Task exited with return code 0
[2022-11-16T21:23:19.091+0000] {local_task_job.py:273} INFO - 1 downstream tasks scheduled from follow-on schedule check
[2022-11-16T22:25:12.108+0000] {taskinstance.py:1165} INFO - Dependencies all met for <TaskInstance: MyPersonalAirflowProject.waiting_nasa_confirmation scheduled__2022-10-25T00:00:00+00:00 [queued]>
[2022-11-16T22:25:12.150+0000] {taskinstance.py:1165} INFO - Dependencies all met for <TaskInstance: MyPersonalAirflowProject.waiting_nasa_confirmation scheduled__2022-10-25T00:00:00+00:00 [queued]>
[2022-11-16T22:25:12.151+0000] {taskinstance.py:1362} INFO - 
--------------------------------------------------------------------------------
[2022-11-16T22:25:12.152+0000] {taskinstance.py:1363} INFO - Starting attempt 1 of 1
[2022-11-16T22:25:12.153+0000] {taskinstance.py:1364} INFO - 
--------------------------------------------------------------------------------
[2022-11-16T22:25:12.188+0000] {taskinstance.py:1383} INFO - Executing <Task(FileSensor): waiting_nasa_confirmation> on 2022-10-25 00:00:00+00:00
[2022-11-16T22:25:12.199+0000] {standard_task_runner.py:55} INFO - Started process 5744 to run task
[2022-11-16T22:25:12.203+0000] {standard_task_runner.py:82} INFO - Running: ['***', 'tasks', 'run', 'MyPersonalAirflowProject', 'waiting_nasa_confirmation', 'scheduled__2022-10-25T00:00:00+00:00', '--job-id', '1585', '--raw', '--subdir', 'DAGS_FOLDER/FinalPersonalProject.py', '--cfg-path', '/tmp/tmpysvlewx7']
[2022-11-16T22:25:12.204+0000] {standard_task_runner.py:83} INFO - Job 1585: Subtask waiting_nasa_confirmation
[2022-11-16T22:25:12.309+0000] {task_command.py:376} INFO - Running <TaskInstance: MyPersonalAirflowProject.waiting_nasa_confirmation scheduled__2022-10-25T00:00:00+00:00 [running]> on host 638485efabe7
[2022-11-16T22:25:12.438+0000] {taskinstance.py:1592} INFO - Exporting the following env vars:
AIRFLOW_CTX_DAG_OWNER=***
AIRFLOW_CTX_DAG_ID=MyPersonalAirflowProject
AIRFLOW_CTX_TASK_ID=waiting_nasa_confirmation
AIRFLOW_CTX_EXECUTION_DATE=2022-10-25T00:00:00+00:00
AIRFLOW_CTX_TRY_NUMBER=1
AIRFLOW_CTX_DAG_RUN_ID=scheduled__2022-10-25T00:00:00+00:00
[2022-11-16T22:25:12.455+0000] {base.py:71} INFO - Using connection ID 'fs_default' for task execution.
[2022-11-16T22:25:12.456+0000] {filesystem.py:58} INFO - Poking for file /tmp/reponse_20221025.txt
[2022-11-16T22:25:12.457+0000] {filesystem.py:63} INFO - Found File /tmp/reponse_20221025.txt last modified: 20221116222509
[2022-11-16T22:25:12.458+0000] {base.py:213} INFO - Success criteria met. Exiting.
[2022-11-16T22:25:12.474+0000] {taskinstance.py:1406} INFO - Marking task as SUCCESS. dag_id=MyPersonalAirflowProject, task_id=waiting_nasa_confirmation, execution_date=20221025T000000, start_date=20221116T222512, end_date=20221116T222512
[2022-11-16T22:25:12.533+0000] {local_task_job.py:164} INFO - Task exited with return code 0
[2022-11-16T22:25:12.601+0000] {local_task_job.py:273} INFO - 1 downstream tasks scheduled from follow-on schedule check
[2022-11-17T16:37:02.617+0000] {taskinstance.py:1165} INFO - Dependencies all met for <TaskInstance: MyPersonalAirflowProject.waiting_nasa_confirmation scheduled__2022-10-25T00:00:00+00:00 [queued]>
[2022-11-17T16:37:02.638+0000] {taskinstance.py:1165} INFO - Dependencies all met for <TaskInstance: MyPersonalAirflowProject.waiting_nasa_confirmation scheduled__2022-10-25T00:00:00+00:00 [queued]>
[2022-11-17T16:37:02.639+0000] {taskinstance.py:1362} INFO - 
--------------------------------------------------------------------------------
[2022-11-17T16:37:02.640+0000] {taskinstance.py:1363} INFO - Starting attempt 1 of 1
[2022-11-17T16:37:02.640+0000] {taskinstance.py:1364} INFO - 
--------------------------------------------------------------------------------
[2022-11-17T16:37:02.666+0000] {taskinstance.py:1383} INFO - Executing <Task(FileSensor): waiting_nasa_confirmation> on 2022-10-25 00:00:00+00:00
[2022-11-17T16:37:02.677+0000] {standard_task_runner.py:55} INFO - Started process 4072 to run task
[2022-11-17T16:37:02.681+0000] {standard_task_runner.py:82} INFO - Running: ['***', 'tasks', 'run', 'MyPersonalAirflowProject', 'waiting_nasa_confirmation', 'scheduled__2022-10-25T00:00:00+00:00', '--job-id', '2217', '--raw', '--subdir', 'DAGS_FOLDER/FinalPersonalProject.py', '--cfg-path', '/tmp/tmpz700pf64']
[2022-11-17T16:37:02.682+0000] {standard_task_runner.py:83} INFO - Job 2217: Subtask waiting_nasa_confirmation
[2022-11-17T16:37:02.801+0000] {task_command.py:376} INFO - Running <TaskInstance: MyPersonalAirflowProject.waiting_nasa_confirmation scheduled__2022-10-25T00:00:00+00:00 [running]> on host 638485efabe7
[2022-11-17T16:37:02.928+0000] {taskinstance.py:1592} INFO - Exporting the following env vars:
AIRFLOW_CTX_DAG_OWNER=***
AIRFLOW_CTX_DAG_ID=MyPersonalAirflowProject
AIRFLOW_CTX_TASK_ID=waiting_nasa_confirmation
AIRFLOW_CTX_EXECUTION_DATE=2022-10-25T00:00:00+00:00
AIRFLOW_CTX_TRY_NUMBER=1
AIRFLOW_CTX_DAG_RUN_ID=scheduled__2022-10-25T00:00:00+00:00
[2022-11-17T16:37:02.948+0000] {base.py:71} INFO - Using connection ID 'fs_default' for task execution.
[2022-11-17T16:37:02.949+0000] {filesystem.py:58} INFO - Poking for file /tmp/reponse_20221025.txt
[2022-11-17T16:37:02.951+0000] {filesystem.py:63} INFO - Found File /tmp/reponse_20221025.txt last modified: 20221117163658
[2022-11-17T16:37:02.951+0000] {base.py:213} INFO - Success criteria met. Exiting.
[2022-11-17T16:37:02.966+0000] {taskinstance.py:1406} INFO - Marking task as SUCCESS. dag_id=MyPersonalAirflowProject, task_id=waiting_nasa_confirmation, execution_date=20221025T000000, start_date=20221117T163702, end_date=20221117T163702
[2022-11-17T16:37:03.016+0000] {local_task_job.py:164} INFO - Task exited with return code 0
[2022-11-17T16:37:03.080+0000] {local_task_job.py:273} INFO - 1 downstream tasks scheduled from follow-on schedule check
[2022-11-17T17:28:42.276+0000] {taskinstance.py:1165} INFO - Dependencies all met for <TaskInstance: MyPersonalAirflowProject.waiting_nasa_confirmation scheduled__2022-10-25T00:00:00+00:00 [queued]>
[2022-11-17T17:28:42.288+0000] {taskinstance.py:1165} INFO - Dependencies all met for <TaskInstance: MyPersonalAirflowProject.waiting_nasa_confirmation scheduled__2022-10-25T00:00:00+00:00 [queued]>
[2022-11-17T17:28:42.289+0000] {taskinstance.py:1362} INFO - 
--------------------------------------------------------------------------------
[2022-11-17T17:28:42.289+0000] {taskinstance.py:1363} INFO - Starting attempt 1 of 1
[2022-11-17T17:28:42.290+0000] {taskinstance.py:1364} INFO - 
--------------------------------------------------------------------------------
[2022-11-17T17:28:42.306+0000] {taskinstance.py:1383} INFO - Executing <Task(FileSensor): waiting_nasa_confirmation> on 2022-10-25 00:00:00+00:00
[2022-11-17T17:28:42.312+0000] {standard_task_runner.py:55} INFO - Started process 7714 to run task
[2022-11-17T17:28:42.315+0000] {standard_task_runner.py:82} INFO - Running: ['***', 'tasks', 'run', 'MyPersonalAirflowProject', 'waiting_nasa_confirmation', 'scheduled__2022-10-25T00:00:00+00:00', '--job-id', '2627', '--raw', '--subdir', 'DAGS_FOLDER/FinalPersonalProject.py', '--cfg-path', '/tmp/tmp58yi0jja']
[2022-11-17T17:28:42.316+0000] {standard_task_runner.py:83} INFO - Job 2627: Subtask waiting_nasa_confirmation
[2022-11-17T17:28:42.469+0000] {task_command.py:376} INFO - Running <TaskInstance: MyPersonalAirflowProject.waiting_nasa_confirmation scheduled__2022-10-25T00:00:00+00:00 [running]> on host 638485efabe7
[2022-11-17T17:28:42.564+0000] {taskinstance.py:1592} INFO - Exporting the following env vars:
AIRFLOW_CTX_DAG_OWNER=***
AIRFLOW_CTX_DAG_ID=MyPersonalAirflowProject
AIRFLOW_CTX_TASK_ID=waiting_nasa_confirmation
AIRFLOW_CTX_EXECUTION_DATE=2022-10-25T00:00:00+00:00
AIRFLOW_CTX_TRY_NUMBER=1
AIRFLOW_CTX_DAG_RUN_ID=scheduled__2022-10-25T00:00:00+00:00
[2022-11-17T17:28:42.573+0000] {base.py:71} INFO - Using connection ID 'fs_default' for task execution.
[2022-11-17T17:28:42.573+0000] {filesystem.py:58} INFO - Poking for file /tmp/reponse_20221025.txt
[2022-11-17T17:28:42.574+0000] {filesystem.py:63} INFO - Found File /tmp/reponse_20221025.txt last modified: 20221117172840
[2022-11-17T17:28:42.575+0000] {base.py:213} INFO - Success criteria met. Exiting.
[2022-11-17T17:28:42.585+0000] {taskinstance.py:1406} INFO - Marking task as SUCCESS. dag_id=MyPersonalAirflowProject, task_id=waiting_nasa_confirmation, execution_date=20221025T000000, start_date=20221117T172842, end_date=20221117T172842
[2022-11-17T17:28:42.608+0000] {local_task_job.py:164} INFO - Task exited with return code 0
[2022-11-17T17:28:42.650+0000] {local_task_job.py:273} INFO - 1 downstream tasks scheduled from follow-on schedule check
