[2022-11-16T21:03:43.443+0000] {taskinstance.py:1165} INFO - Dependencies all met for <TaskInstance: MyPersonalAirflowProject.nasa_verification_task scheduled__2022-11-13T00:00:00+00:00 [queued]>
[2022-11-16T21:03:43.455+0000] {taskinstance.py:1165} INFO - Dependencies all met for <TaskInstance: MyPersonalAirflowProject.nasa_verification_task scheduled__2022-11-13T00:00:00+00:00 [queued]>
[2022-11-16T21:03:43.456+0000] {taskinstance.py:1362} INFO - 
--------------------------------------------------------------------------------
[2022-11-16T21:03:43.457+0000] {taskinstance.py:1363} INFO - Starting attempt 1 of 1
[2022-11-16T21:03:43.457+0000] {taskinstance.py:1364} INFO - 
--------------------------------------------------------------------------------
[2022-11-16T21:03:43.477+0000] {taskinstance.py:1383} INFO - Executing <Task(BashOperator): nasa_verification_task> on 2022-11-13 00:00:00+00:00
[2022-11-16T21:03:43.484+0000] {standard_task_runner.py:55} INFO - Started process 1517 to run task
[2022-11-16T21:03:43.487+0000] {standard_task_runner.py:82} INFO - Running: ['***', 'tasks', 'run', 'MyPersonalAirflowProject', 'nasa_verification_task', 'scheduled__2022-11-13T00:00:00+00:00', '--job-id', '1321', '--raw', '--subdir', 'DAGS_FOLDER/FinalPersonalProject.py', '--cfg-path', '/tmp/tmp8r7y_fx4']
[2022-11-16T21:03:43.488+0000] {standard_task_runner.py:83} INFO - Job 1321: Subtask nasa_verification_task
[2022-11-16T21:03:43.573+0000] {task_command.py:376} INFO - Running <TaskInstance: MyPersonalAirflowProject.nasa_verification_task scheduled__2022-11-13T00:00:00+00:00 [running]> on host 638485efabe7
[2022-11-16T21:03:43.660+0000] {taskinstance.py:1592} INFO - Exporting the following env vars:
AIRFLOW_CTX_DAG_OWNER=***
AIRFLOW_CTX_DAG_ID=MyPersonalAirflowProject
AIRFLOW_CTX_TASK_ID=nasa_verification_task
AIRFLOW_CTX_EXECUTION_DATE=2022-11-13T00:00:00+00:00
AIRFLOW_CTX_TRY_NUMBER=1
AIRFLOW_CTX_DAG_RUN_ID=scheduled__2022-11-13T00:00:00+00:00
[2022-11-16T21:03:43.662+0000] {subprocess.py:63} INFO - Tmp dir root location: 
 /tmp
[2022-11-16T21:03:43.663+0000] {subprocess.py:75} INFO - Running command: ['/bin/bash', '-c', 'sleep 20 && echo ÖK"> /tmp/reponse_20221113.txt']
[2022-11-16T21:03:43.677+0000] {subprocess.py:86} INFO - Output:
[2022-11-16T21:03:43.679+0000] {subprocess.py:93} INFO - /bin/bash: -c: line 1: unexpected EOF while looking for matching `"'
[2022-11-16T21:03:43.680+0000] {subprocess.py:93} INFO - /bin/bash: -c: line 2: syntax error: unexpected end of file
[2022-11-16T21:03:43.681+0000] {subprocess.py:97} INFO - Command exited with return code 2
[2022-11-16T21:03:43.693+0000] {taskinstance.py:1851} ERROR - Task failed with exception
Traceback (most recent call last):
  File "/home/airflow/.local/lib/python3.7/site-packages/airflow/operators/bash.py", line 197, in execute
    f'Bash command failed. The command returned a non-zero exit code {result.exit_code}.'
airflow.exceptions.AirflowException: Bash command failed. The command returned a non-zero exit code 2.
[2022-11-16T21:03:43.698+0000] {taskinstance.py:1406} INFO - Marking task as FAILED. dag_id=MyPersonalAirflowProject, task_id=nasa_verification_task, execution_date=20221113T000000, start_date=20221116T210343, end_date=20221116T210343
[2022-11-16T21:03:43.714+0000] {standard_task_runner.py:105} ERROR - Failed to execute job 1321 for task nasa_verification_task (Bash command failed. The command returned a non-zero exit code 2.; 1517)
[2022-11-16T21:03:43.769+0000] {local_task_job.py:164} INFO - Task exited with return code 1
[2022-11-16T21:03:43.791+0000] {local_task_job.py:273} INFO - 0 downstream tasks scheduled from follow-on schedule check
[2022-11-17T16:06:21.765+0000] {taskinstance.py:1165} INFO - Dependencies all met for <TaskInstance: MyPersonalAirflowProject.nasa_verification_task scheduled__2022-11-13T00:00:00+00:00 [queued]>
[2022-11-17T16:06:21.778+0000] {taskinstance.py:1165} INFO - Dependencies all met for <TaskInstance: MyPersonalAirflowProject.nasa_verification_task scheduled__2022-11-13T00:00:00+00:00 [queued]>
[2022-11-17T16:06:21.778+0000] {taskinstance.py:1362} INFO - 
--------------------------------------------------------------------------------
[2022-11-17T16:06:21.779+0000] {taskinstance.py:1363} INFO - Starting attempt 1 of 1
[2022-11-17T16:06:21.780+0000] {taskinstance.py:1364} INFO - 
--------------------------------------------------------------------------------
[2022-11-17T16:06:21.798+0000] {taskinstance.py:1383} INFO - Executing <Task(BashOperator): nasa_verification_task> on 2022-11-13 00:00:00+00:00
[2022-11-17T16:06:21.804+0000] {standard_task_runner.py:55} INFO - Started process 1972 to run task
[2022-11-17T16:06:21.807+0000] {standard_task_runner.py:82} INFO - Running: ['***', 'tasks', 'run', 'MyPersonalAirflowProject', 'nasa_verification_task', 'scheduled__2022-11-13T00:00:00+00:00', '--job-id', '2000', '--raw', '--subdir', 'DAGS_FOLDER/FinalPersonalProject.py', '--cfg-path', '/tmp/tmppc26r6v6']
[2022-11-17T16:06:21.808+0000] {standard_task_runner.py:83} INFO - Job 2000: Subtask nasa_verification_task
[2022-11-17T16:06:21.872+0000] {task_command.py:376} INFO - Running <TaskInstance: MyPersonalAirflowProject.nasa_verification_task scheduled__2022-11-13T00:00:00+00:00 [running]> on host 638485efabe7
[2022-11-17T16:06:21.953+0000] {taskinstance.py:1592} INFO - Exporting the following env vars:
AIRFLOW_CTX_DAG_OWNER=***
AIRFLOW_CTX_DAG_ID=MyPersonalAirflowProject
AIRFLOW_CTX_TASK_ID=nasa_verification_task
AIRFLOW_CTX_EXECUTION_DATE=2022-11-13T00:00:00+00:00
AIRFLOW_CTX_TRY_NUMBER=1
AIRFLOW_CTX_DAG_RUN_ID=scheduled__2022-11-13T00:00:00+00:00
[2022-11-17T16:06:21.955+0000] {subprocess.py:63} INFO - Tmp dir root location: 
 /tmp
[2022-11-17T16:06:21.956+0000] {subprocess.py:75} INFO - Running command: ['/bin/bash', '-c', 'sleep 20 && echo "OK"> /tmp/reponse_20221113.txt']
[2022-11-17T16:06:21.967+0000] {subprocess.py:86} INFO - Output:
[2022-11-17T16:06:41.972+0000] {subprocess.py:97} INFO - Command exited with return code 0
[2022-11-17T16:06:42.000+0000] {taskinstance.py:1406} INFO - Marking task as SUCCESS. dag_id=MyPersonalAirflowProject, task_id=nasa_verification_task, execution_date=20221113T000000, start_date=20221117T160621, end_date=20221117T160642
[2022-11-17T16:06:42.039+0000] {local_task_job.py:164} INFO - Task exited with return code 0
[2022-11-17T16:06:42.073+0000] {local_task_job.py:273} INFO - 1 downstream tasks scheduled from follow-on schedule check
[2022-11-17T16:47:41.160+0000] {taskinstance.py:1165} INFO - Dependencies all met for <TaskInstance: MyPersonalAirflowProject.nasa_verification_task scheduled__2022-11-13T00:00:00+00:00 [queued]>
[2022-11-17T16:47:41.176+0000] {taskinstance.py:1165} INFO - Dependencies all met for <TaskInstance: MyPersonalAirflowProject.nasa_verification_task scheduled__2022-11-13T00:00:00+00:00 [queued]>
[2022-11-17T16:47:41.177+0000] {taskinstance.py:1362} INFO - 
--------------------------------------------------------------------------------
[2022-11-17T16:47:41.178+0000] {taskinstance.py:1363} INFO - Starting attempt 1 of 1
[2022-11-17T16:47:41.179+0000] {taskinstance.py:1364} INFO - 
--------------------------------------------------------------------------------
[2022-11-17T16:47:41.206+0000] {taskinstance.py:1383} INFO - Executing <Task(BashOperator): nasa_verification_task> on 2022-11-13 00:00:00+00:00
[2022-11-17T16:47:41.212+0000] {standard_task_runner.py:55} INFO - Started process 5016 to run task
[2022-11-17T16:47:41.215+0000] {standard_task_runner.py:82} INFO - Running: ['***', 'tasks', 'run', 'MyPersonalAirflowProject', 'nasa_verification_task', 'scheduled__2022-11-13T00:00:00+00:00', '--job-id', '2368', '--raw', '--subdir', 'DAGS_FOLDER/FinalPersonalProject.py', '--cfg-path', '/tmp/tmpwyojpzcf']
[2022-11-17T16:47:41.216+0000] {standard_task_runner.py:83} INFO - Job 2368: Subtask nasa_verification_task
[2022-11-17T16:47:41.295+0000] {task_command.py:376} INFO - Running <TaskInstance: MyPersonalAirflowProject.nasa_verification_task scheduled__2022-11-13T00:00:00+00:00 [running]> on host 638485efabe7
[2022-11-17T16:47:41.405+0000] {taskinstance.py:1592} INFO - Exporting the following env vars:
AIRFLOW_CTX_DAG_OWNER=***
AIRFLOW_CTX_DAG_ID=MyPersonalAirflowProject
AIRFLOW_CTX_TASK_ID=nasa_verification_task
AIRFLOW_CTX_EXECUTION_DATE=2022-11-13T00:00:00+00:00
AIRFLOW_CTX_TRY_NUMBER=1
AIRFLOW_CTX_DAG_RUN_ID=scheduled__2022-11-13T00:00:00+00:00
[2022-11-17T16:47:41.408+0000] {subprocess.py:63} INFO - Tmp dir root location: 
 /tmp
[2022-11-17T16:47:41.409+0000] {subprocess.py:75} INFO - Running command: ['/bin/bash', '-c', 'sleep 20 && echo "OK"> /tmp/reponse_20221113.txt']
[2022-11-17T16:47:41.432+0000] {subprocess.py:86} INFO - Output:
[2022-11-17T16:48:01.437+0000] {subprocess.py:97} INFO - Command exited with return code 0
[2022-11-17T16:48:01.471+0000] {taskinstance.py:1406} INFO - Marking task as SUCCESS. dag_id=MyPersonalAirflowProject, task_id=nasa_verification_task, execution_date=20221113T000000, start_date=20221117T164741, end_date=20221117T164801
[2022-11-17T16:48:01.505+0000] {local_task_job.py:164} INFO - Task exited with return code 0
[2022-11-17T16:48:01.553+0000] {local_task_job.py:273} INFO - 1 downstream tasks scheduled from follow-on schedule check
[2022-11-17T17:37:49.949+0000] {taskinstance.py:1165} INFO - Dependencies all met for <TaskInstance: MyPersonalAirflowProject.nasa_verification_task scheduled__2022-11-13T00:00:00+00:00 [queued]>
[2022-11-17T17:37:50.151+0000] {taskinstance.py:1165} INFO - Dependencies all met for <TaskInstance: MyPersonalAirflowProject.nasa_verification_task scheduled__2022-11-13T00:00:00+00:00 [queued]>
[2022-11-17T17:37:50.152+0000] {taskinstance.py:1362} INFO - 
--------------------------------------------------------------------------------
[2022-11-17T17:37:50.153+0000] {taskinstance.py:1363} INFO - Starting attempt 1 of 1
[2022-11-17T17:37:50.153+0000] {taskinstance.py:1364} INFO - 
--------------------------------------------------------------------------------
[2022-11-17T17:37:50.172+0000] {taskinstance.py:1383} INFO - Executing <Task(BashOperator): nasa_verification_task> on 2022-11-13 00:00:00+00:00
[2022-11-17T17:37:50.177+0000] {standard_task_runner.py:55} INFO - Started process 8609 to run task
[2022-11-17T17:37:50.180+0000] {standard_task_runner.py:82} INFO - Running: ['***', 'tasks', 'run', 'MyPersonalAirflowProject', 'nasa_verification_task', 'scheduled__2022-11-13T00:00:00+00:00', '--job-id', '2778', '--raw', '--subdir', 'DAGS_FOLDER/FinalPersonalProject.py', '--cfg-path', '/tmp/tmp0dl7rijv']
[2022-11-17T17:37:50.181+0000] {standard_task_runner.py:83} INFO - Job 2778: Subtask nasa_verification_task
[2022-11-17T17:37:50.254+0000] {task_command.py:376} INFO - Running <TaskInstance: MyPersonalAirflowProject.nasa_verification_task scheduled__2022-11-13T00:00:00+00:00 [running]> on host 638485efabe7
[2022-11-17T17:37:50.332+0000] {taskinstance.py:1592} INFO - Exporting the following env vars:
AIRFLOW_CTX_DAG_OWNER=***
AIRFLOW_CTX_DAG_ID=MyPersonalAirflowProject
AIRFLOW_CTX_TASK_ID=nasa_verification_task
AIRFLOW_CTX_EXECUTION_DATE=2022-11-13T00:00:00+00:00
AIRFLOW_CTX_TRY_NUMBER=1
AIRFLOW_CTX_DAG_RUN_ID=scheduled__2022-11-13T00:00:00+00:00
[2022-11-17T17:37:50.333+0000] {subprocess.py:63} INFO - Tmp dir root location: 
 /tmp
[2022-11-17T17:37:50.334+0000] {subprocess.py:75} INFO - Running command: ['/bin/bash', '-c', 'sleep 20 && echo "OK"> /tmp/reponse_20221113.txt']
[2022-11-17T17:37:50.345+0000] {subprocess.py:86} INFO - Output:
[2022-11-17T17:38:10.352+0000] {subprocess.py:97} INFO - Command exited with return code 0
[2022-11-17T17:38:10.394+0000] {taskinstance.py:1406} INFO - Marking task as SUCCESS. dag_id=MyPersonalAirflowProject, task_id=nasa_verification_task, execution_date=20221113T000000, start_date=20221117T173750, end_date=20221117T173810
[2022-11-17T17:38:10.425+0000] {local_task_job.py:164} INFO - Task exited with return code 0
[2022-11-17T17:38:10.462+0000] {local_task_job.py:273} INFO - 1 downstream tasks scheduled from follow-on schedule check
