[2022-11-16T22:21:36.327+0000] {taskinstance.py:1165} INFO - Dependencies all met for <TaskInstance: MyPersonalAirflowProject.SpaceX_data scheduled__2022-10-21T00:00:00+00:00 [queued]>
[2022-11-16T22:21:36.341+0000] {taskinstance.py:1165} INFO - Dependencies all met for <TaskInstance: MyPersonalAirflowProject.SpaceX_data scheduled__2022-10-21T00:00:00+00:00 [queued]>
[2022-11-16T22:21:36.342+0000] {taskinstance.py:1362} INFO - 
--------------------------------------------------------------------------------
[2022-11-16T22:21:36.371+0000] {taskinstance.py:1363} INFO - Starting attempt 1 of 1
[2022-11-16T22:21:36.372+0000] {taskinstance.py:1364} INFO - 
--------------------------------------------------------------------------------
[2022-11-16T22:21:36.408+0000] {taskinstance.py:1383} INFO - Executing <Task(BashOperator): SpaceX_data> on 2022-10-21 00:00:00+00:00
[2022-11-16T22:21:36.416+0000] {standard_task_runner.py:55} INFO - Started process 5571 to run task
[2022-11-16T22:21:36.420+0000] {standard_task_runner.py:82} INFO - Running: ['***', 'tasks', 'run', 'MyPersonalAirflowProject', 'SpaceX_data', 'scheduled__2022-10-21T00:00:00+00:00', '--job-id', '1563', '--raw', '--subdir', 'DAGS_FOLDER/FinalPersonalProject.py', '--cfg-path', '/tmp/tmpef8xmr40']
[2022-11-16T22:21:36.422+0000] {standard_task_runner.py:83} INFO - Job 1563: Subtask SpaceX_data
[2022-11-16T22:21:36.510+0000] {task_command.py:376} INFO - Running <TaskInstance: MyPersonalAirflowProject.SpaceX_data scheduled__2022-10-21T00:00:00+00:00 [running]> on host 638485efabe7
[2022-11-16T22:21:36.616+0000] {taskinstance.py:1592} INFO - Exporting the following env vars:
AIRFLOW_CTX_DAG_OWNER=***
AIRFLOW_CTX_DAG_ID=MyPersonalAirflowProject
AIRFLOW_CTX_TASK_ID=SpaceX_data
AIRFLOW_CTX_EXECUTION_DATE=2022-10-21T00:00:00+00:00
AIRFLOW_CTX_TRY_NUMBER=1
AIRFLOW_CTX_DAG_RUN_ID=scheduled__2022-10-21T00:00:00+00:00
[2022-11-16T22:21:36.618+0000] {subprocess.py:63} INFO - Tmp dir root location: 
 /tmp
[2022-11-16T22:21:36.619+0000] {subprocess.py:75} INFO - Running command: ['/bin/bash', '-c', "curl -o /tmp/history.json -L 'https://api.spacexdata.com/v4/history'"]
[2022-11-16T22:21:36.635+0000] {subprocess.py:86} INFO - Output:
[2022-11-16T22:21:36.678+0000] {subprocess.py:93} INFO -   % Total    % Received % Xferd  Average Speed   Time    Time     Time  Current
[2022-11-16T22:21:36.680+0000] {subprocess.py:93} INFO -                                  Dload  Upload   Total   Spent    Left  Speed
[2022-11-16T22:21:36.990+0000] {subprocess.py:93} INFO -   0     0    0     0    0     0      0      0 --:--:-- --:--:-- --:--:--     0100  6756    0  6756    0     0  21723      0 --:--:-- --:--:-- --:--:-- 21723
[2022-11-16T22:21:36.993+0000] {subprocess.py:97} INFO - Command exited with return code 0
[2022-11-16T22:21:37.030+0000] {taskinstance.py:1406} INFO - Marking task as SUCCESS. dag_id=MyPersonalAirflowProject, task_id=SpaceX_data, execution_date=20221021T000000, start_date=20221116T222136, end_date=20221116T222137
[2022-11-16T22:21:37.141+0000] {local_task_job.py:164} INFO - Task exited with return code 0
[2022-11-16T22:21:37.767+0000] {local_task_job.py:273} INFO - 1 downstream tasks scheduled from follow-on schedule check
[2022-11-17T16:34:38.337+0000] {taskinstance.py:1165} INFO - Dependencies all met for <TaskInstance: MyPersonalAirflowProject.SpaceX_data scheduled__2022-10-21T00:00:00+00:00 [queued]>
[2022-11-17T16:34:38.349+0000] {taskinstance.py:1165} INFO - Dependencies all met for <TaskInstance: MyPersonalAirflowProject.SpaceX_data scheduled__2022-10-21T00:00:00+00:00 [queued]>
[2022-11-17T16:34:38.350+0000] {taskinstance.py:1362} INFO - 
--------------------------------------------------------------------------------
[2022-11-17T16:34:38.350+0000] {taskinstance.py:1363} INFO - Starting attempt 1 of 1
[2022-11-17T16:34:38.350+0000] {taskinstance.py:1364} INFO - 
--------------------------------------------------------------------------------
[2022-11-17T16:34:38.367+0000] {taskinstance.py:1383} INFO - Executing <Task(BashOperator): SpaceX_data> on 2022-10-21 00:00:00+00:00
[2022-11-17T16:34:38.373+0000] {standard_task_runner.py:55} INFO - Started process 3868 to run task
[2022-11-17T16:34:38.376+0000] {standard_task_runner.py:82} INFO - Running: ['***', 'tasks', 'run', 'MyPersonalAirflowProject', 'SpaceX_data', 'scheduled__2022-10-21T00:00:00+00:00', '--job-id', '2187', '--raw', '--subdir', 'DAGS_FOLDER/FinalPersonalProject.py', '--cfg-path', '/tmp/tmpynnpai32']
[2022-11-17T16:34:38.377+0000] {standard_task_runner.py:83} INFO - Job 2187: Subtask SpaceX_data
[2022-11-17T16:34:38.441+0000] {task_command.py:376} INFO - Running <TaskInstance: MyPersonalAirflowProject.SpaceX_data scheduled__2022-10-21T00:00:00+00:00 [running]> on host 638485efabe7
[2022-11-17T16:34:38.516+0000] {taskinstance.py:1592} INFO - Exporting the following env vars:
AIRFLOW_CTX_DAG_OWNER=***
AIRFLOW_CTX_DAG_ID=MyPersonalAirflowProject
AIRFLOW_CTX_TASK_ID=SpaceX_data
AIRFLOW_CTX_EXECUTION_DATE=2022-10-21T00:00:00+00:00
AIRFLOW_CTX_TRY_NUMBER=1
AIRFLOW_CTX_DAG_RUN_ID=scheduled__2022-10-21T00:00:00+00:00
[2022-11-17T16:34:38.518+0000] {subprocess.py:63} INFO - Tmp dir root location: 
 /tmp
[2022-11-17T16:34:38.519+0000] {subprocess.py:75} INFO - Running command: ['/bin/bash', '-c', "curl -o /tmp/history.json -L 'https://api.spacexdata.com/v4/history'"]
[2022-11-17T16:34:38.531+0000] {subprocess.py:86} INFO - Output:
[2022-11-17T16:34:38.538+0000] {subprocess.py:93} INFO -   % Total    % Received % Xferd  Average Speed   Time    Time     Time  Current
[2022-11-17T16:34:38.538+0000] {subprocess.py:93} INFO -                                  Dload  Upload   Total   Spent    Left  Speed
[2022-11-17T16:34:39.115+0000] {subprocess.py:93} INFO -   0     0    0     0    0     0      0      0 --:--:-- --:--:-- --:--:--     0100  6756    0  6756    0     0  11708      0 --:--:-- --:--:-- --:--:-- 11729
[2022-11-17T16:34:39.117+0000] {subprocess.py:97} INFO - Command exited with return code 0
[2022-11-17T16:34:39.147+0000] {taskinstance.py:1406} INFO - Marking task as SUCCESS. dag_id=MyPersonalAirflowProject, task_id=SpaceX_data, execution_date=20221021T000000, start_date=20221117T163438, end_date=20221117T163439
[2022-11-17T16:34:39.193+0000] {local_task_job.py:164} INFO - Task exited with return code 0
[2022-11-17T16:34:39.239+0000] {local_task_job.py:273} INFO - 1 downstream tasks scheduled from follow-on schedule check
[2022-11-17T17:26:42.357+0000] {taskinstance.py:1165} INFO - Dependencies all met for <TaskInstance: MyPersonalAirflowProject.SpaceX_data scheduled__2022-10-21T00:00:00+00:00 [queued]>
[2022-11-17T17:26:42.372+0000] {taskinstance.py:1165} INFO - Dependencies all met for <TaskInstance: MyPersonalAirflowProject.SpaceX_data scheduled__2022-10-21T00:00:00+00:00 [queued]>
[2022-11-17T17:26:42.373+0000] {taskinstance.py:1362} INFO - 
--------------------------------------------------------------------------------
[2022-11-17T17:26:42.374+0000] {taskinstance.py:1363} INFO - Starting attempt 1 of 1
[2022-11-17T17:26:42.374+0000] {taskinstance.py:1364} INFO - 
--------------------------------------------------------------------------------
[2022-11-17T17:26:42.395+0000] {taskinstance.py:1383} INFO - Executing <Task(BashOperator): SpaceX_data> on 2022-10-21 00:00:00+00:00
[2022-11-17T17:26:42.403+0000] {standard_task_runner.py:55} INFO - Started process 7519 to run task
[2022-11-17T17:26:42.405+0000] {standard_task_runner.py:82} INFO - Running: ['***', 'tasks', 'run', 'MyPersonalAirflowProject', 'SpaceX_data', 'scheduled__2022-10-21T00:00:00+00:00', '--job-id', '2597', '--raw', '--subdir', 'DAGS_FOLDER/FinalPersonalProject.py', '--cfg-path', '/tmp/tmp7ystvst6']
[2022-11-17T17:26:42.406+0000] {standard_task_runner.py:83} INFO - Job 2597: Subtask SpaceX_data
[2022-11-17T17:26:42.481+0000] {task_command.py:376} INFO - Running <TaskInstance: MyPersonalAirflowProject.SpaceX_data scheduled__2022-10-21T00:00:00+00:00 [running]> on host 638485efabe7
[2022-11-17T17:26:42.565+0000] {taskinstance.py:1592} INFO - Exporting the following env vars:
AIRFLOW_CTX_DAG_OWNER=***
AIRFLOW_CTX_DAG_ID=MyPersonalAirflowProject
AIRFLOW_CTX_TASK_ID=SpaceX_data
AIRFLOW_CTX_EXECUTION_DATE=2022-10-21T00:00:00+00:00
AIRFLOW_CTX_TRY_NUMBER=1
AIRFLOW_CTX_DAG_RUN_ID=scheduled__2022-10-21T00:00:00+00:00
[2022-11-17T17:26:42.567+0000] {subprocess.py:63} INFO - Tmp dir root location: 
 /tmp
[2022-11-17T17:26:42.568+0000] {subprocess.py:75} INFO - Running command: ['/bin/bash', '-c', "curl -o /tmp/history.json -L 'https://api.spacexdata.com/v4/history'"]
[2022-11-17T17:26:42.581+0000] {subprocess.py:86} INFO - Output:
[2022-11-17T17:26:42.591+0000] {subprocess.py:93} INFO -   % Total    % Received % Xferd  Average Speed   Time    Time     Time  Current
[2022-11-17T17:26:42.592+0000] {subprocess.py:93} INFO -                                  Dload  Upload   Total   Spent    Left  Speed
[2022-11-17T17:26:42.792+0000] {subprocess.py:93} INFO -   0     0    0     0    0     0      0      0 --:--:-- --:--:-- --:--:--     0100  6756    0  6756    0     0  33780      0 --:--:-- --:--:-- --:--:-- 33780
[2022-11-17T17:26:42.794+0000] {subprocess.py:97} INFO - Command exited with return code 0
[2022-11-17T17:26:42.823+0000] {taskinstance.py:1406} INFO - Marking task as SUCCESS. dag_id=MyPersonalAirflowProject, task_id=SpaceX_data, execution_date=20221021T000000, start_date=20221117T172642, end_date=20221117T172642
[2022-11-17T17:26:42.859+0000] {local_task_job.py:164} INFO - Task exited with return code 0
[2022-11-17T17:26:42.894+0000] {local_task_job.py:273} INFO - 1 downstream tasks scheduled from follow-on schedule check
