[2022-11-04T20:50:03.296+0000] {taskinstance.py:1165} INFO - Dependencies all met for <TaskInstance: orquestation.task4 scheduled__2022-05-08T00:00:00+00:00 [queued]>
[2022-11-04T20:50:03.309+0000] {taskinstance.py:1165} INFO - Dependencies all met for <TaskInstance: orquestation.task4 scheduled__2022-05-08T00:00:00+00:00 [queued]>
[2022-11-04T20:50:03.310+0000] {taskinstance.py:1362} INFO - 
--------------------------------------------------------------------------------
[2022-11-04T20:50:03.310+0000] {taskinstance.py:1363} INFO - Starting attempt 1 of 1
[2022-11-04T20:50:03.311+0000] {taskinstance.py:1364} INFO - 
--------------------------------------------------------------------------------
[2022-11-04T20:50:03.334+0000] {taskinstance.py:1383} INFO - Executing <Task(BashOperator): task4> on 2022-05-08 00:00:00+00:00
[2022-11-04T20:50:03.341+0000] {standard_task_runner.py:55} INFO - Started process 2477 to run task
[2022-11-04T20:50:03.345+0000] {standard_task_runner.py:82} INFO - Running: ['***', 'tasks', 'run', 'orquestation', 'task4', 'scheduled__2022-05-08T00:00:00+00:00', '--job-id', '50', '--raw', '--subdir', 'DAGS_FOLDER/5.1-orquestacion.py', '--cfg-path', '/tmp/tmpfbz4_3d3']
[2022-11-04T20:50:03.346+0000] {standard_task_runner.py:83} INFO - Job 50: Subtask task4
[2022-11-04T20:50:03.419+0000] {task_command.py:376} INFO - Running <TaskInstance: orquestation.task4 scheduled__2022-05-08T00:00:00+00:00 [running]> on host 208ed96b478a
[2022-11-04T20:50:03.513+0000] {taskinstance.py:1592} INFO - Exporting the following env vars:
AIRFLOW_CTX_DAG_OWNER=***
AIRFLOW_CTX_DAG_ID=orquestation
AIRFLOW_CTX_TASK_ID=task4
AIRFLOW_CTX_EXECUTION_DATE=2022-05-08T00:00:00+00:00
AIRFLOW_CTX_TRY_NUMBER=1
AIRFLOW_CTX_DAG_RUN_ID=scheduled__2022-05-08T00:00:00+00:00
[2022-11-04T20:50:03.515+0000] {subprocess.py:63} INFO - Tmp dir root location: 
 /tmp
[2022-11-04T20:50:03.517+0000] {subprocess.py:75} INFO - Running command: ['/bin/bash', '-c', "sleep 2 && echo 'task4'"]
[2022-11-04T20:50:03.535+0000] {subprocess.py:86} INFO - Output:
[2022-11-04T20:50:05.556+0000] {subprocess.py:93} INFO - task4
[2022-11-04T20:50:05.557+0000] {subprocess.py:97} INFO - Command exited with return code 0
[2022-11-04T20:50:05.658+0000] {taskinstance.py:1406} INFO - Marking task as SUCCESS. dag_id=orquestation, task_id=task4, execution_date=20220508T000000, start_date=20221104T205003, end_date=20221104T205005
[2022-11-04T20:50:05.727+0000] {local_task_job.py:164} INFO - Task exited with return code 0
[2022-11-04T20:50:05.757+0000] {local_task_job.py:273} INFO - 0 downstream tasks scheduled from follow-on schedule check
[2022-11-04T21:32:19.324+0000] {taskinstance.py:1165} INFO - Dependencies all met for <TaskInstance: orquestation.task4 scheduled__2022-05-08T00:00:00+00:00 [queued]>
[2022-11-04T21:32:19.355+0000] {taskinstance.py:1165} INFO - Dependencies all met for <TaskInstance: orquestation.task4 scheduled__2022-05-08T00:00:00+00:00 [queued]>
[2022-11-04T21:32:19.356+0000] {taskinstance.py:1362} INFO - 
--------------------------------------------------------------------------------
[2022-11-04T21:32:19.356+0000] {taskinstance.py:1363} INFO - Starting attempt 1 of 1
[2022-11-04T21:32:19.357+0000] {taskinstance.py:1364} INFO - 
--------------------------------------------------------------------------------
[2022-11-04T21:32:19.392+0000] {taskinstance.py:1383} INFO - Executing <Task(BashOperator): task4> on 2022-05-08 00:00:00+00:00
[2022-11-04T21:32:19.403+0000] {standard_task_runner.py:55} INFO - Started process 791 to run task
[2022-11-04T21:32:19.408+0000] {standard_task_runner.py:82} INFO - Running: ['***', 'tasks', 'run', 'orquestation', 'task4', 'scheduled__2022-05-08T00:00:00+00:00', '--job-id', '141', '--raw', '--subdir', 'DAGS_FOLDER/5.1-orquestacion.py', '--cfg-path', '/tmp/tmpqg0j2mow']
[2022-11-04T21:32:19.409+0000] {standard_task_runner.py:83} INFO - Job 141: Subtask task4
[2022-11-04T21:32:19.507+0000] {task_command.py:376} INFO - Running <TaskInstance: orquestation.task4 scheduled__2022-05-08T00:00:00+00:00 [running]> on host 643e334f405f
[2022-11-04T21:32:19.627+0000] {taskinstance.py:1592} INFO - Exporting the following env vars:
AIRFLOW_CTX_DAG_OWNER=***
AIRFLOW_CTX_DAG_ID=orquestation
AIRFLOW_CTX_TASK_ID=task4
AIRFLOW_CTX_EXECUTION_DATE=2022-05-08T00:00:00+00:00
AIRFLOW_CTX_TRY_NUMBER=1
AIRFLOW_CTX_DAG_RUN_ID=scheduled__2022-05-08T00:00:00+00:00
[2022-11-04T21:32:19.628+0000] {subprocess.py:63} INFO - Tmp dir root location: 
 /tmp
[2022-11-04T21:32:19.630+0000] {subprocess.py:75} INFO - Running command: ['/bin/bash', '-c', "sleep 2 && echo 'task4'"]
[2022-11-04T21:32:19.648+0000] {subprocess.py:86} INFO - Output:
[2022-11-04T21:32:21.662+0000] {subprocess.py:93} INFO - task4
[2022-11-04T21:32:21.663+0000] {subprocess.py:97} INFO - Command exited with return code 0
[2022-11-04T21:32:21.700+0000] {taskinstance.py:1406} INFO - Marking task as SUCCESS. dag_id=orquestation, task_id=task4, execution_date=20220508T000000, start_date=20221104T213219, end_date=20221104T213221
[2022-11-04T21:32:21.748+0000] {local_task_job.py:164} INFO - Task exited with return code 0
[2022-11-04T21:32:21.771+0000] {local_task_job.py:273} INFO - 0 downstream tasks scheduled from follow-on schedule check
[2022-11-04T21:41:27.353+0000] {taskinstance.py:1165} INFO - Dependencies all met for <TaskInstance: orquestation.task4 scheduled__2022-05-08T00:00:00+00:00 [queued]>
[2022-11-04T21:41:27.374+0000] {taskinstance.py:1165} INFO - Dependencies all met for <TaskInstance: orquestation.task4 scheduled__2022-05-08T00:00:00+00:00 [queued]>
[2022-11-04T21:41:27.375+0000] {taskinstance.py:1362} INFO - 
--------------------------------------------------------------------------------
[2022-11-04T21:41:27.375+0000] {taskinstance.py:1363} INFO - Starting attempt 1 of 1
[2022-11-04T21:41:27.376+0000] {taskinstance.py:1364} INFO - 
--------------------------------------------------------------------------------
[2022-11-04T21:41:27.400+0000] {taskinstance.py:1383} INFO - Executing <Task(BashOperator): task4> on 2022-05-08 00:00:00+00:00
[2022-11-04T21:41:27.409+0000] {standard_task_runner.py:55} INFO - Started process 1771 to run task
[2022-11-04T21:41:27.412+0000] {standard_task_runner.py:82} INFO - Running: ['***', 'tasks', 'run', 'orquestation', 'task4', 'scheduled__2022-05-08T00:00:00+00:00', '--job-id', '285', '--raw', '--subdir', 'DAGS_FOLDER/5.1-orquestacion.py', '--cfg-path', '/tmp/tmp7t7rdazl']
[2022-11-04T21:41:27.413+0000] {standard_task_runner.py:83} INFO - Job 285: Subtask task4
[2022-11-04T21:41:27.487+0000] {task_command.py:376} INFO - Running <TaskInstance: orquestation.task4 scheduled__2022-05-08T00:00:00+00:00 [running]> on host 643e334f405f
[2022-11-04T21:41:27.573+0000] {taskinstance.py:1592} INFO - Exporting the following env vars:
AIRFLOW_CTX_DAG_OWNER=***
AIRFLOW_CTX_DAG_ID=orquestation
AIRFLOW_CTX_TASK_ID=task4
AIRFLOW_CTX_EXECUTION_DATE=2022-05-08T00:00:00+00:00
AIRFLOW_CTX_TRY_NUMBER=1
AIRFLOW_CTX_DAG_RUN_ID=scheduled__2022-05-08T00:00:00+00:00
[2022-11-04T21:41:27.574+0000] {subprocess.py:63} INFO - Tmp dir root location: 
 /tmp
[2022-11-04T21:41:27.575+0000] {subprocess.py:75} INFO - Running command: ['/bin/bash', '-c', "sleep 2 && echo 'task4'"]
[2022-11-04T21:41:27.589+0000] {subprocess.py:86} INFO - Output:
[2022-11-04T21:41:29.592+0000] {subprocess.py:93} INFO - task4
[2022-11-04T21:41:29.593+0000] {subprocess.py:97} INFO - Command exited with return code 0
[2022-11-04T21:41:29.622+0000] {taskinstance.py:1406} INFO - Marking task as SUCCESS. dag_id=orquestation, task_id=task4, execution_date=20220508T000000, start_date=20221104T214127, end_date=20221104T214129
[2022-11-04T21:41:29.671+0000] {local_task_job.py:164} INFO - Task exited with return code 0
[2022-11-04T21:41:29.696+0000] {local_task_job.py:273} INFO - 0 downstream tasks scheduled from follow-on schedule check
