[2022-11-17T16:28:33.852+0000] {taskinstance.py:1165} INFO - Dependencies all met for <TaskInstance: MyPersonalAirflowProject.Marketing_team_Notification scheduled__2022-10-09T00:00:00+00:00 [queued]>
[2022-11-17T16:28:33.872+0000] {taskinstance.py:1165} INFO - Dependencies all met for <TaskInstance: MyPersonalAirflowProject.Marketing_team_Notification scheduled__2022-10-09T00:00:00+00:00 [queued]>
[2022-11-17T16:28:33.873+0000] {taskinstance.py:1362} INFO - 
--------------------------------------------------------------------------------
[2022-11-17T16:28:33.874+0000] {taskinstance.py:1363} INFO - Starting attempt 1 of 1
[2022-11-17T16:28:33.874+0000] {taskinstance.py:1364} INFO - 
--------------------------------------------------------------------------------
[2022-11-17T16:28:33.901+0000] {taskinstance.py:1383} INFO - Executing <Task(BashOperator): Marketing_team_Notification> on 2022-10-09 00:00:00+00:00
[2022-11-17T16:28:33.910+0000] {standard_task_runner.py:55} INFO - Started process 3317 to run task
[2022-11-17T16:28:33.913+0000] {standard_task_runner.py:82} INFO - Running: ['***', 'tasks', 'run', 'MyPersonalAirflowProject', 'Marketing_team_Notification', 'scheduled__2022-10-09T00:00:00+00:00', '--job-id', '2094', '--raw', '--subdir', 'DAGS_FOLDER/FinalPersonalProject.py', '--cfg-path', '/tmp/tmpepb0k22y']
[2022-11-17T16:28:33.914+0000] {standard_task_runner.py:83} INFO - Job 2094: Subtask Marketing_team_Notification
[2022-11-17T16:28:33.990+0000] {task_command.py:376} INFO - Running <TaskInstance: MyPersonalAirflowProject.Marketing_team_Notification scheduled__2022-10-09T00:00:00+00:00 [running]> on host 638485efabe7
[2022-11-17T16:28:34.072+0000] {taskinstance.py:1592} INFO - Exporting the following env vars:
AIRFLOW_CTX_DAG_OWNER=***
AIRFLOW_CTX_DAG_ID=MyPersonalAirflowProject
AIRFLOW_CTX_TASK_ID=Marketing_team_Notification
AIRFLOW_CTX_EXECUTION_DATE=2022-10-09T00:00:00+00:00
AIRFLOW_CTX_TRY_NUMBER=1
AIRFLOW_CTX_DAG_RUN_ID=scheduled__2022-10-09T00:00:00+00:00
[2022-11-17T16:28:34.074+0000] {subprocess.py:63} INFO - Tmp dir root location: 
 /tmp
[2022-11-17T16:28:34.076+0000] {subprocess.py:75} INFO - Running command: ['/bin/bash', '-c', 'echo "Hi Marketing team, Space X data for 2022-10-09 are now available!.. Please check them out!"']
[2022-11-17T16:28:34.090+0000] {subprocess.py:86} INFO - Output:
[2022-11-17T16:28:34.091+0000] {subprocess.py:93} INFO - Hi Marketing team, Space X data for 2022-10-09 are now available!.. Please check them out!
[2022-11-17T16:28:34.092+0000] {subprocess.py:97} INFO - Command exited with return code 0
[2022-11-17T16:28:34.120+0000] {taskinstance.py:1406} INFO - Marking task as SUCCESS. dag_id=MyPersonalAirflowProject, task_id=Marketing_team_Notification, execution_date=20221009T000000, start_date=20221117T162833, end_date=20221117T162834
[2022-11-17T16:28:34.166+0000] {local_task_job.py:164} INFO - Task exited with return code 0
[2022-11-17T16:28:34.189+0000] {local_task_job.py:273} INFO - 0 downstream tasks scheduled from follow-on schedule check
[2022-11-17T17:20:40.790+0000] {taskinstance.py:1165} INFO - Dependencies all met for <TaskInstance: MyPersonalAirflowProject.Marketing_team_Notification scheduled__2022-10-09T00:00:00+00:00 [queued]>
[2022-11-17T17:20:40.806+0000] {taskinstance.py:1165} INFO - Dependencies all met for <TaskInstance: MyPersonalAirflowProject.Marketing_team_Notification scheduled__2022-10-09T00:00:00+00:00 [queued]>
[2022-11-17T17:20:40.806+0000] {taskinstance.py:1362} INFO - 
--------------------------------------------------------------------------------
[2022-11-17T17:20:40.807+0000] {taskinstance.py:1363} INFO - Starting attempt 1 of 1
[2022-11-17T17:20:40.807+0000] {taskinstance.py:1364} INFO - 
--------------------------------------------------------------------------------
[2022-11-17T17:20:40.825+0000] {taskinstance.py:1383} INFO - Executing <Task(BashOperator): Marketing_team_Notification> on 2022-10-09 00:00:00+00:00
[2022-11-17T17:20:40.831+0000] {standard_task_runner.py:55} INFO - Started process 6949 to run task
[2022-11-17T17:20:40.834+0000] {standard_task_runner.py:82} INFO - Running: ['***', 'tasks', 'run', 'MyPersonalAirflowProject', 'Marketing_team_Notification', 'scheduled__2022-10-09T00:00:00+00:00', '--job-id', '2504', '--raw', '--subdir', 'DAGS_FOLDER/FinalPersonalProject.py', '--cfg-path', '/tmp/tmpklle5eqk']
[2022-11-17T17:20:40.835+0000] {standard_task_runner.py:83} INFO - Job 2504: Subtask Marketing_team_Notification
[2022-11-17T17:20:40.904+0000] {task_command.py:376} INFO - Running <TaskInstance: MyPersonalAirflowProject.Marketing_team_Notification scheduled__2022-10-09T00:00:00+00:00 [running]> on host 638485efabe7
[2022-11-17T17:20:40.985+0000] {taskinstance.py:1592} INFO - Exporting the following env vars:
AIRFLOW_CTX_DAG_OWNER=***
AIRFLOW_CTX_DAG_ID=MyPersonalAirflowProject
AIRFLOW_CTX_TASK_ID=Marketing_team_Notification
AIRFLOW_CTX_EXECUTION_DATE=2022-10-09T00:00:00+00:00
AIRFLOW_CTX_TRY_NUMBER=1
AIRFLOW_CTX_DAG_RUN_ID=scheduled__2022-10-09T00:00:00+00:00
[2022-11-17T17:20:40.987+0000] {subprocess.py:63} INFO - Tmp dir root location: 
 /tmp
[2022-11-17T17:20:40.988+0000] {subprocess.py:75} INFO - Running command: ['/bin/bash', '-c', 'echo "Hi Marketing team, Space X data for 2022-10-09 are now available!.. Please check them out!"']
[2022-11-17T17:20:41.071+0000] {subprocess.py:86} INFO - Output:
[2022-11-17T17:20:41.072+0000] {subprocess.py:93} INFO - Hi Marketing team, Space X data for 2022-10-09 are now available!.. Please check them out!
[2022-11-17T17:20:41.073+0000] {subprocess.py:97} INFO - Command exited with return code 0
[2022-11-17T17:20:41.105+0000] {taskinstance.py:1406} INFO - Marking task as SUCCESS. dag_id=MyPersonalAirflowProject, task_id=Marketing_team_Notification, execution_date=20221009T000000, start_date=20221117T172040, end_date=20221117T172041
[2022-11-17T17:20:41.127+0000] {local_task_job.py:164} INFO - Task exited with return code 0
[2022-11-17T17:20:41.149+0000] {local_task_job.py:273} INFO - 0 downstream tasks scheduled from follow-on schedule check
