[2022-11-16T21:32:29.297+0000] {taskinstance.py:1165} INFO - Dependencies all met for <TaskInstance: MyPersonalAirflowProject.end_task scheduled__2022-10-30T00:00:00+00:00 [queued]>
[2022-11-16T21:32:29.313+0000] {taskinstance.py:1165} INFO - Dependencies all met for <TaskInstance: MyPersonalAirflowProject.end_task scheduled__2022-10-30T00:00:00+00:00 [queued]>
[2022-11-16T21:32:29.314+0000] {taskinstance.py:1362} INFO - 
--------------------------------------------------------------------------------
[2022-11-16T21:32:29.315+0000] {taskinstance.py:1363} INFO - Starting attempt 1 of 1
[2022-11-16T21:32:29.316+0000] {taskinstance.py:1364} INFO - 
--------------------------------------------------------------------------------
[2022-11-16T21:32:29.340+0000] {taskinstance.py:1383} INFO - Executing <Task(BashOperator): end_task> on 2022-10-30 00:00:00+00:00
[2022-11-16T21:32:29.348+0000] {standard_task_runner.py:55} INFO - Started process 3012 to run task
[2022-11-16T21:32:29.352+0000] {standard_task_runner.py:82} INFO - Running: ['***', 'tasks', 'run', 'MyPersonalAirflowProject', 'end_task', 'scheduled__2022-10-30T00:00:00+00:00', '--job-id', '1393', '--raw', '--subdir', 'DAGS_FOLDER/FinalPersonalProject.py', '--cfg-path', '/tmp/tmp1q9fgm9p']
[2022-11-16T21:32:29.353+0000] {standard_task_runner.py:83} INFO - Job 1393: Subtask end_task
[2022-11-16T21:32:29.446+0000] {task_command.py:376} INFO - Running <TaskInstance: MyPersonalAirflowProject.end_task scheduled__2022-10-30T00:00:00+00:00 [running]> on host 638485efabe7
[2022-11-16T21:32:29.533+0000] {taskinstance.py:1592} INFO - Exporting the following env vars:
AIRFLOW_CTX_DAG_OWNER=***
AIRFLOW_CTX_DAG_ID=MyPersonalAirflowProject
AIRFLOW_CTX_TASK_ID=end_task
AIRFLOW_CTX_EXECUTION_DATE=2022-10-30T00:00:00+00:00
AIRFLOW_CTX_TRY_NUMBER=1
AIRFLOW_CTX_DAG_RUN_ID=scheduled__2022-10-30T00:00:00+00:00
[2022-11-16T21:32:29.535+0000] {subprocess.py:63} INFO - Tmp dir root location: 
 /tmp
[2022-11-16T21:32:29.536+0000] {subprocess.py:75} INFO - Running command: ['/bin/bash', '-c', 'echo "The file was created successfully"']
[2022-11-16T21:32:29.555+0000] {subprocess.py:86} INFO - Output:
[2022-11-16T21:32:29.558+0000] {subprocess.py:93} INFO - The file was created successfully
[2022-11-16T21:32:29.559+0000] {subprocess.py:97} INFO - Command exited with return code 0
[2022-11-16T21:32:29.596+0000] {taskinstance.py:1406} INFO - Marking task as SUCCESS. dag_id=MyPersonalAirflowProject, task_id=end_task, execution_date=20221030T000000, start_date=20221116T213229, end_date=20221116T213229
[2022-11-16T21:32:29.666+0000] {local_task_job.py:164} INFO - Task exited with return code 0
[2022-11-16T21:32:29.688+0000] {local_task_job.py:273} INFO - 0 downstream tasks scheduled from follow-on schedule check
[2022-11-16T22:28:24.414+0000] {taskinstance.py:1165} INFO - Dependencies all met for <TaskInstance: MyPersonalAirflowProject.end_task scheduled__2022-10-30T00:00:00+00:00 [queued]>
[2022-11-16T22:28:24.435+0000] {taskinstance.py:1165} INFO - Dependencies all met for <TaskInstance: MyPersonalAirflowProject.end_task scheduled__2022-10-30T00:00:00+00:00 [queued]>
[2022-11-16T22:28:24.436+0000] {taskinstance.py:1362} INFO - 
--------------------------------------------------------------------------------
[2022-11-16T22:28:24.437+0000] {taskinstance.py:1363} INFO - Starting attempt 1 of 1
[2022-11-16T22:28:24.437+0000] {taskinstance.py:1364} INFO - 
--------------------------------------------------------------------------------
[2022-11-16T22:28:24.458+0000] {taskinstance.py:1383} INFO - Executing <Task(BashOperator): end_task> on 2022-10-30 00:00:00+00:00
[2022-11-16T22:28:24.467+0000] {standard_task_runner.py:55} INFO - Started process 5955 to run task
[2022-11-16T22:28:24.471+0000] {standard_task_runner.py:82} INFO - Running: ['***', 'tasks', 'run', 'MyPersonalAirflowProject', 'end_task', 'scheduled__2022-10-30T00:00:00+00:00', '--job-id', '1616', '--raw', '--subdir', 'DAGS_FOLDER/FinalPersonalProject.py', '--cfg-path', '/tmp/tmp9ct5gbub']
[2022-11-16T22:28:24.472+0000] {standard_task_runner.py:83} INFO - Job 1616: Subtask end_task
[2022-11-16T22:28:24.558+0000] {task_command.py:376} INFO - Running <TaskInstance: MyPersonalAirflowProject.end_task scheduled__2022-10-30T00:00:00+00:00 [running]> on host 638485efabe7
[2022-11-16T22:28:24.651+0000] {taskinstance.py:1592} INFO - Exporting the following env vars:
AIRFLOW_CTX_DAG_OWNER=***
AIRFLOW_CTX_DAG_ID=MyPersonalAirflowProject
AIRFLOW_CTX_TASK_ID=end_task
AIRFLOW_CTX_EXECUTION_DATE=2022-10-30T00:00:00+00:00
AIRFLOW_CTX_TRY_NUMBER=1
AIRFLOW_CTX_DAG_RUN_ID=scheduled__2022-10-30T00:00:00+00:00
[2022-11-16T22:28:24.675+0000] {subprocess.py:63} INFO - Tmp dir root location: 
 /tmp
[2022-11-16T22:28:24.677+0000] {subprocess.py:75} INFO - Running command: ['/bin/bash', '-c', 'echo "The Verification file was created successfully"']
[2022-11-16T22:28:24.696+0000] {subprocess.py:86} INFO - Output:
[2022-11-16T22:28:24.738+0000] {subprocess.py:93} INFO - The Verification file was created successfully
[2022-11-16T22:28:24.742+0000] {subprocess.py:97} INFO - Command exited with return code 0
[2022-11-16T22:28:24.778+0000] {taskinstance.py:1406} INFO - Marking task as SUCCESS. dag_id=MyPersonalAirflowProject, task_id=end_task, execution_date=20221030T000000, start_date=20221116T222824, end_date=20221116T222824
[2022-11-16T22:28:24.813+0000] {local_task_job.py:164} INFO - Task exited with return code 0
[2022-11-16T22:28:24.856+0000] {local_task_job.py:273} INFO - 1 downstream tasks scheduled from follow-on schedule check
