[2022-11-04T21:33:40.758+0000] {taskinstance.py:1165} INFO - Dependencies all met for <TaskInstance: orquestation.task2 scheduled__2022-05-28T00:00:00+00:00 [queued]>
[2022-11-04T21:33:40.787+0000] {taskinstance.py:1165} INFO - Dependencies all met for <TaskInstance: orquestation.task2 scheduled__2022-05-28T00:00:00+00:00 [queued]>
[2022-11-04T21:33:40.788+0000] {taskinstance.py:1362} INFO - 
--------------------------------------------------------------------------------
[2022-11-04T21:33:40.789+0000] {taskinstance.py:1363} INFO - Starting attempt 1 of 1
[2022-11-04T21:33:40.791+0000] {taskinstance.py:1364} INFO - 
--------------------------------------------------------------------------------
[2022-11-04T21:33:40.817+0000] {taskinstance.py:1383} INFO - Executing <Task(BashOperator): task2> on 2022-05-28 00:00:00+00:00
[2022-11-04T21:33:40.827+0000] {standard_task_runner.py:55} INFO - Started process 1149 to run task
[2022-11-04T21:33:40.837+0000] {standard_task_runner.py:82} INFO - Running: ['***', 'tasks', 'run', 'orquestation', 'task2', 'scheduled__2022-05-28T00:00:00+00:00', '--job-id', '220', '--raw', '--subdir', 'DAGS_FOLDER/5.1-orquestacion.py', '--cfg-path', '/tmp/tmpzrb94xrd']
[2022-11-04T21:33:40.838+0000] {standard_task_runner.py:83} INFO - Job 220: Subtask task2
[2022-11-04T21:33:40.965+0000] {task_command.py:376} INFO - Running <TaskInstance: orquestation.task2 scheduled__2022-05-28T00:00:00+00:00 [running]> on host 643e334f405f
[2022-11-04T21:33:41.166+0000] {taskinstance.py:1592} INFO - Exporting the following env vars:
AIRFLOW_CTX_DAG_OWNER=***
AIRFLOW_CTX_DAG_ID=orquestation
AIRFLOW_CTX_TASK_ID=task2
AIRFLOW_CTX_EXECUTION_DATE=2022-05-28T00:00:00+00:00
AIRFLOW_CTX_TRY_NUMBER=1
AIRFLOW_CTX_DAG_RUN_ID=scheduled__2022-05-28T00:00:00+00:00
[2022-11-04T21:33:41.225+0000] {subprocess.py:63} INFO - Tmp dir root location: 
 /tmp
[2022-11-04T21:33:41.227+0000] {subprocess.py:75} INFO - Running command: ['/bin/bash', '-c', "sleep 2 && echo 'task2'"]
[2022-11-04T21:33:41.262+0000] {subprocess.py:86} INFO - Output:
[2022-11-04T21:33:43.612+0000] {subprocess.py:93} INFO - task2
[2022-11-04T21:33:43.621+0000] {subprocess.py:97} INFO - Command exited with return code 0
[2022-11-04T21:33:44.522+0000] {taskinstance.py:1406} INFO - Marking task as SUCCESS. dag_id=orquestation, task_id=task2, execution_date=20220528T000000, start_date=20221104T213340, end_date=20221104T213344
[2022-11-04T21:33:44.618+0000] {local_task_job.py:164} INFO - Task exited with return code 0
[2022-11-04T21:33:44.681+0000] {local_task_job.py:273} INFO - 2 downstream tasks scheduled from follow-on schedule check
[2022-11-04T21:45:01.640+0000] {taskinstance.py:1165} INFO - Dependencies all met for <TaskInstance: orquestation.task2 scheduled__2022-05-28T00:00:00+00:00 [queued]>
[2022-11-04T21:45:01.654+0000] {taskinstance.py:1165} INFO - Dependencies all met for <TaskInstance: orquestation.task2 scheduled__2022-05-28T00:00:00+00:00 [queued]>
[2022-11-04T21:45:01.655+0000] {taskinstance.py:1362} INFO - 
--------------------------------------------------------------------------------
[2022-11-04T21:45:01.655+0000] {taskinstance.py:1363} INFO - Starting attempt 1 of 1
[2022-11-04T21:45:01.656+0000] {taskinstance.py:1364} INFO - 
--------------------------------------------------------------------------------
[2022-11-04T21:45:01.674+0000] {taskinstance.py:1383} INFO - Executing <Task(BashOperator): task2> on 2022-05-28 00:00:00+00:00
[2022-11-04T21:45:01.681+0000] {standard_task_runner.py:55} INFO - Started process 2258 to run task
[2022-11-04T21:45:01.684+0000] {standard_task_runner.py:82} INFO - Running: ['***', 'tasks', 'run', 'orquestation', 'task2', 'scheduled__2022-05-28T00:00:00+00:00', '--job-id', '364', '--raw', '--subdir', 'DAGS_FOLDER/5.1-orquestacion.py', '--cfg-path', '/tmp/tmpodaxdvmf']
[2022-11-04T21:45:01.685+0000] {standard_task_runner.py:83} INFO - Job 364: Subtask task2
[2022-11-04T21:45:01.745+0000] {task_command.py:376} INFO - Running <TaskInstance: orquestation.task2 scheduled__2022-05-28T00:00:00+00:00 [running]> on host 643e334f405f
[2022-11-04T21:45:01.818+0000] {taskinstance.py:1592} INFO - Exporting the following env vars:
AIRFLOW_CTX_DAG_OWNER=***
AIRFLOW_CTX_DAG_ID=orquestation
AIRFLOW_CTX_TASK_ID=task2
AIRFLOW_CTX_EXECUTION_DATE=2022-05-28T00:00:00+00:00
AIRFLOW_CTX_TRY_NUMBER=1
AIRFLOW_CTX_DAG_RUN_ID=scheduled__2022-05-28T00:00:00+00:00
[2022-11-04T21:45:01.820+0000] {subprocess.py:63} INFO - Tmp dir root location: 
 /tmp
[2022-11-04T21:45:01.821+0000] {subprocess.py:75} INFO - Running command: ['/bin/bash', '-c', "sleep 2 && echo 'task2'"]
[2022-11-04T21:45:01.832+0000] {subprocess.py:86} INFO - Output:
[2022-11-04T21:45:03.836+0000] {subprocess.py:93} INFO - task2
[2022-11-04T21:45:03.837+0000] {subprocess.py:97} INFO - Command exited with return code 0
[2022-11-04T21:45:03.863+0000] {taskinstance.py:1406} INFO - Marking task as SUCCESS. dag_id=orquestation, task_id=task2, execution_date=20220528T000000, start_date=20221104T214501, end_date=20221104T214503
[2022-11-04T21:45:03.903+0000] {local_task_job.py:164} INFO - Task exited with return code 0
[2022-11-04T21:45:03.938+0000] {local_task_job.py:273} INFO - 2 downstream tasks scheduled from follow-on schedule check
