[2022-11-17T16:44:13.348+0000] {taskinstance.py:1165} INFO - Dependencies all met for <TaskInstance: MyPersonalAirflowProject.end_confirmation_from_nasa scheduled__2022-11-07T00:00:00+00:00 [queued]>
[2022-11-17T16:44:13.362+0000] {taskinstance.py:1165} INFO - Dependencies all met for <TaskInstance: MyPersonalAirflowProject.end_confirmation_from_nasa scheduled__2022-11-07T00:00:00+00:00 [queued]>
[2022-11-17T16:44:13.363+0000] {taskinstance.py:1362} INFO - 
--------------------------------------------------------------------------------
[2022-11-17T16:44:13.365+0000] {taskinstance.py:1363} INFO - Starting attempt 1 of 1
[2022-11-17T16:44:13.365+0000] {taskinstance.py:1364} INFO - 
--------------------------------------------------------------------------------
[2022-11-17T16:44:13.384+0000] {taskinstance.py:1383} INFO - Executing <Task(BashOperator): end_confirmation_from_nasa> on 2022-11-07 00:00:00+00:00
[2022-11-17T16:44:13.390+0000] {standard_task_runner.py:55} INFO - Started process 4727 to run task
[2022-11-17T16:44:13.392+0000] {standard_task_runner.py:82} INFO - Running: ['***', 'tasks', 'run', 'MyPersonalAirflowProject', 'end_confirmation_from_nasa', 'scheduled__2022-11-07T00:00:00+00:00', '--job-id', '2322', '--raw', '--subdir', 'DAGS_FOLDER/FinalPersonalProject.py', '--cfg-path', '/tmp/tmpjeqxiynm']
[2022-11-17T16:44:13.393+0000] {standard_task_runner.py:83} INFO - Job 2322: Subtask end_confirmation_from_nasa
[2022-11-17T16:44:13.464+0000] {task_command.py:376} INFO - Running <TaskInstance: MyPersonalAirflowProject.end_confirmation_from_nasa scheduled__2022-11-07T00:00:00+00:00 [running]> on host 638485efabe7
[2022-11-17T16:44:13.544+0000] {taskinstance.py:1592} INFO - Exporting the following env vars:
AIRFLOW_CTX_DAG_OWNER=***
AIRFLOW_CTX_DAG_ID=MyPersonalAirflowProject
AIRFLOW_CTX_TASK_ID=end_confirmation_from_nasa
AIRFLOW_CTX_EXECUTION_DATE=2022-11-07T00:00:00+00:00
AIRFLOW_CTX_TRY_NUMBER=1
AIRFLOW_CTX_DAG_RUN_ID=scheduled__2022-11-07T00:00:00+00:00
[2022-11-17T16:44:13.545+0000] {subprocess.py:63} INFO - Tmp dir root location: 
 /tmp
[2022-11-17T16:44:13.546+0000] {subprocess.py:75} INFO - Running command: ['/bin/bash', '-c', 'echo "The Confirmation file was created successfully"']
[2022-11-17T16:44:13.557+0000] {subprocess.py:86} INFO - Output:
[2022-11-17T16:44:13.559+0000] {subprocess.py:93} INFO - The Confirmation file was created successfully
[2022-11-17T16:44:13.559+0000] {subprocess.py:97} INFO - Command exited with return code 0
[2022-11-17T16:44:13.587+0000] {taskinstance.py:1406} INFO - Marking task as SUCCESS. dag_id=MyPersonalAirflowProject, task_id=end_confirmation_from_nasa, execution_date=20221107T000000, start_date=20221117T164413, end_date=20221117T164413
[2022-11-17T16:44:13.647+0000] {local_task_job.py:164} INFO - Task exited with return code 0
[2022-11-17T16:44:13.685+0000] {local_task_job.py:273} INFO - 1 downstream tasks scheduled from follow-on schedule check
[2022-11-17T17:35:13.847+0000] {taskinstance.py:1165} INFO - Dependencies all met for <TaskInstance: MyPersonalAirflowProject.end_confirmation_from_nasa scheduled__2022-11-07T00:00:00+00:00 [queued]>
[2022-11-17T17:35:13.867+0000] {taskinstance.py:1165} INFO - Dependencies all met for <TaskInstance: MyPersonalAirflowProject.end_confirmation_from_nasa scheduled__2022-11-07T00:00:00+00:00 [queued]>
[2022-11-17T17:35:13.867+0000] {taskinstance.py:1362} INFO - 
--------------------------------------------------------------------------------
[2022-11-17T17:35:13.868+0000] {taskinstance.py:1363} INFO - Starting attempt 1 of 1
[2022-11-17T17:35:13.868+0000] {taskinstance.py:1364} INFO - 
--------------------------------------------------------------------------------
[2022-11-17T17:35:13.888+0000] {taskinstance.py:1383} INFO - Executing <Task(BashOperator): end_confirmation_from_nasa> on 2022-11-07 00:00:00+00:00
[2022-11-17T17:35:13.895+0000] {standard_task_runner.py:55} INFO - Started process 8348 to run task
[2022-11-17T17:35:13.898+0000] {standard_task_runner.py:82} INFO - Running: ['***', 'tasks', 'run', 'MyPersonalAirflowProject', 'end_confirmation_from_nasa', 'scheduled__2022-11-07T00:00:00+00:00', '--job-id', '2732', '--raw', '--subdir', 'DAGS_FOLDER/FinalPersonalProject.py', '--cfg-path', '/tmp/tmpyxoregnh']
[2022-11-17T17:35:13.899+0000] {standard_task_runner.py:83} INFO - Job 2732: Subtask end_confirmation_from_nasa
[2022-11-17T17:35:13.969+0000] {task_command.py:376} INFO - Running <TaskInstance: MyPersonalAirflowProject.end_confirmation_from_nasa scheduled__2022-11-07T00:00:00+00:00 [running]> on host 638485efabe7
[2022-11-17T17:35:14.044+0000] {taskinstance.py:1592} INFO - Exporting the following env vars:
AIRFLOW_CTX_DAG_OWNER=***
AIRFLOW_CTX_DAG_ID=MyPersonalAirflowProject
AIRFLOW_CTX_TASK_ID=end_confirmation_from_nasa
AIRFLOW_CTX_EXECUTION_DATE=2022-11-07T00:00:00+00:00
AIRFLOW_CTX_TRY_NUMBER=1
AIRFLOW_CTX_DAG_RUN_ID=scheduled__2022-11-07T00:00:00+00:00
[2022-11-17T17:35:14.045+0000] {subprocess.py:63} INFO - Tmp dir root location: 
 /tmp
[2022-11-17T17:35:14.046+0000] {subprocess.py:75} INFO - Running command: ['/bin/bash', '-c', 'echo "The Confirmation file was created successfully"']
[2022-11-17T17:35:14.057+0000] {subprocess.py:86} INFO - Output:
[2022-11-17T17:35:14.058+0000] {subprocess.py:93} INFO - The Confirmation file was created successfully
[2022-11-17T17:35:14.059+0000] {subprocess.py:97} INFO - Command exited with return code 0
[2022-11-17T17:35:14.088+0000] {taskinstance.py:1406} INFO - Marking task as SUCCESS. dag_id=MyPersonalAirflowProject, task_id=end_confirmation_from_nasa, execution_date=20221107T000000, start_date=20221117T173513, end_date=20221117T173514
[2022-11-17T17:35:14.112+0000] {local_task_job.py:164} INFO - Task exited with return code 0
[2022-11-17T17:35:14.146+0000] {local_task_job.py:273} INFO - 1 downstream tasks scheduled from follow-on schedule check
