[2022-11-17T16:49:16.430+0000] {taskinstance.py:1165} INFO - Dependencies all met for <TaskInstance: MyPersonalAirflowProject.Marketing_team_Notification scheduled__2022-11-14T00:00:00+00:00 [queued]>
[2022-11-17T16:49:16.446+0000] {taskinstance.py:1165} INFO - Dependencies all met for <TaskInstance: MyPersonalAirflowProject.Marketing_team_Notification scheduled__2022-11-14T00:00:00+00:00 [queued]>
[2022-11-17T16:49:16.446+0000] {taskinstance.py:1362} INFO - 
--------------------------------------------------------------------------------
[2022-11-17T16:49:16.447+0000] {taskinstance.py:1363} INFO - Starting attempt 1 of 1
[2022-11-17T16:49:16.448+0000] {taskinstance.py:1364} INFO - 
--------------------------------------------------------------------------------
[2022-11-17T16:49:16.465+0000] {taskinstance.py:1383} INFO - Executing <Task(BashOperator): Marketing_team_Notification> on 2022-11-14 00:00:00+00:00
[2022-11-17T16:49:16.471+0000] {standard_task_runner.py:55} INFO - Started process 5127 to run task
[2022-11-17T16:49:16.474+0000] {standard_task_runner.py:82} INFO - Running: ['***', 'tasks', 'run', 'MyPersonalAirflowProject', 'Marketing_team_Notification', 'scheduled__2022-11-14T00:00:00+00:00', '--job-id', '2383', '--raw', '--subdir', 'DAGS_FOLDER/FinalPersonalProject.py', '--cfg-path', '/tmp/tmp4erylsi0']
[2022-11-17T16:49:16.475+0000] {standard_task_runner.py:83} INFO - Job 2383: Subtask Marketing_team_Notification
[2022-11-17T16:49:16.552+0000] {task_command.py:376} INFO - Running <TaskInstance: MyPersonalAirflowProject.Marketing_team_Notification scheduled__2022-11-14T00:00:00+00:00 [running]> on host 638485efabe7
[2022-11-17T16:49:16.706+0000] {taskinstance.py:1592} INFO - Exporting the following env vars:
AIRFLOW_CTX_DAG_OWNER=***
AIRFLOW_CTX_DAG_ID=MyPersonalAirflowProject
AIRFLOW_CTX_TASK_ID=Marketing_team_Notification
AIRFLOW_CTX_EXECUTION_DATE=2022-11-14T00:00:00+00:00
AIRFLOW_CTX_TRY_NUMBER=1
AIRFLOW_CTX_DAG_RUN_ID=scheduled__2022-11-14T00:00:00+00:00
[2022-11-17T16:49:16.708+0000] {subprocess.py:63} INFO - Tmp dir root location: 
 /tmp
[2022-11-17T16:49:16.709+0000] {subprocess.py:75} INFO - Running command: ['/bin/bash', '-c', 'echo "Hi Marketing team, Space X data for 2022-11-14 are now available!.. Please check them out!"']
[2022-11-17T16:49:16.794+0000] {subprocess.py:86} INFO - Output:
[2022-11-17T16:49:16.796+0000] {subprocess.py:93} INFO - Hi Marketing team, Space X data for 2022-11-14 are now available!.. Please check them out!
[2022-11-17T16:49:16.797+0000] {subprocess.py:97} INFO - Command exited with return code 0
[2022-11-17T16:49:16.832+0000] {taskinstance.py:1406} INFO - Marking task as SUCCESS. dag_id=MyPersonalAirflowProject, task_id=Marketing_team_Notification, execution_date=20221114T000000, start_date=20221117T164916, end_date=20221117T164916
[2022-11-17T16:49:16.888+0000] {local_task_job.py:164} INFO - Task exited with return code 0
[2022-11-17T16:49:16.918+0000] {local_task_job.py:273} INFO - 0 downstream tasks scheduled from follow-on schedule check
[2022-11-17T17:38:52.976+0000] {taskinstance.py:1165} INFO - Dependencies all met for <TaskInstance: MyPersonalAirflowProject.Marketing_team_Notification scheduled__2022-11-14T00:00:00+00:00 [queued]>
[2022-11-17T17:38:52.992+0000] {taskinstance.py:1165} INFO - Dependencies all met for <TaskInstance: MyPersonalAirflowProject.Marketing_team_Notification scheduled__2022-11-14T00:00:00+00:00 [queued]>
[2022-11-17T17:38:52.993+0000] {taskinstance.py:1362} INFO - 
--------------------------------------------------------------------------------
[2022-11-17T17:38:52.994+0000] {taskinstance.py:1363} INFO - Starting attempt 1 of 1
[2022-11-17T17:38:52.994+0000] {taskinstance.py:1364} INFO - 
--------------------------------------------------------------------------------
[2022-11-17T17:38:53.023+0000] {taskinstance.py:1383} INFO - Executing <Task(BashOperator): Marketing_team_Notification> on 2022-11-14 00:00:00+00:00
[2022-11-17T17:38:53.033+0000] {standard_task_runner.py:55} INFO - Started process 8711 to run task
[2022-11-17T17:38:53.036+0000] {standard_task_runner.py:82} INFO - Running: ['***', 'tasks', 'run', 'MyPersonalAirflowProject', 'Marketing_team_Notification', 'scheduled__2022-11-14T00:00:00+00:00', '--job-id', '2793', '--raw', '--subdir', 'DAGS_FOLDER/FinalPersonalProject.py', '--cfg-path', '/tmp/tmp7_i3b_k_']
[2022-11-17T17:38:53.037+0000] {standard_task_runner.py:83} INFO - Job 2793: Subtask Marketing_team_Notification
[2022-11-17T17:38:53.121+0000] {task_command.py:376} INFO - Running <TaskInstance: MyPersonalAirflowProject.Marketing_team_Notification scheduled__2022-11-14T00:00:00+00:00 [running]> on host 638485efabe7
[2022-11-17T17:38:53.223+0000] {taskinstance.py:1592} INFO - Exporting the following env vars:
AIRFLOW_CTX_DAG_OWNER=***
AIRFLOW_CTX_DAG_ID=MyPersonalAirflowProject
AIRFLOW_CTX_TASK_ID=Marketing_team_Notification
AIRFLOW_CTX_EXECUTION_DATE=2022-11-14T00:00:00+00:00
AIRFLOW_CTX_TRY_NUMBER=1
AIRFLOW_CTX_DAG_RUN_ID=scheduled__2022-11-14T00:00:00+00:00
[2022-11-17T17:38:53.225+0000] {subprocess.py:63} INFO - Tmp dir root location: 
 /tmp
[2022-11-17T17:38:53.226+0000] {subprocess.py:75} INFO - Running command: ['/bin/bash', '-c', 'echo "Hi Marketing team, Space X data for 2022-11-14 are now available!.. Please check them out!"']
[2022-11-17T17:38:53.239+0000] {subprocess.py:86} INFO - Output:
[2022-11-17T17:38:53.241+0000] {subprocess.py:93} INFO - Hi Marketing team, Space X data for 2022-11-14 are now available!.. Please check them out!
[2022-11-17T17:38:53.242+0000] {subprocess.py:97} INFO - Command exited with return code 0
[2022-11-17T17:38:53.273+0000] {taskinstance.py:1406} INFO - Marking task as SUCCESS. dag_id=MyPersonalAirflowProject, task_id=Marketing_team_Notification, execution_date=20221114T000000, start_date=20221117T173852, end_date=20221117T173853
[2022-11-17T17:38:53.331+0000] {local_task_job.py:164} INFO - Task exited with return code 0
[2022-11-17T17:38:53.356+0000] {local_task_job.py:273} INFO - 0 downstream tasks scheduled from follow-on schedule check
