[2022-11-17T16:40:08.889+0000] {taskinstance.py:1165} INFO - Dependencies all met for <TaskInstance: MyPersonalAirflowProject.Marketing_team_Notification scheduled__2022-10-30T00:00:00+00:00 [queued]>
[2022-11-17T16:40:08.905+0000] {taskinstance.py:1165} INFO - Dependencies all met for <TaskInstance: MyPersonalAirflowProject.Marketing_team_Notification scheduled__2022-10-30T00:00:00+00:00 [queued]>
[2022-11-17T16:40:08.906+0000] {taskinstance.py:1362} INFO - 
--------------------------------------------------------------------------------
[2022-11-17T16:40:08.907+0000] {taskinstance.py:1363} INFO - Starting attempt 1 of 1
[2022-11-17T16:40:08.908+0000] {taskinstance.py:1364} INFO - 
--------------------------------------------------------------------------------
[2022-11-17T16:40:08.929+0000] {taskinstance.py:1383} INFO - Executing <Task(BashOperator): Marketing_team_Notification> on 2022-10-30 00:00:00+00:00
[2022-11-17T16:40:08.936+0000] {standard_task_runner.py:55} INFO - Started process 4360 to run task
[2022-11-17T16:40:08.939+0000] {standard_task_runner.py:82} INFO - Running: ['***', 'tasks', 'run', 'MyPersonalAirflowProject', 'Marketing_team_Notification', 'scheduled__2022-10-30T00:00:00+00:00', '--job-id', '2262', '--raw', '--subdir', 'DAGS_FOLDER/FinalPersonalProject.py', '--cfg-path', '/tmp/tmpn1crv59l']
[2022-11-17T16:40:08.940+0000] {standard_task_runner.py:83} INFO - Job 2262: Subtask Marketing_team_Notification
[2022-11-17T16:40:09.011+0000] {task_command.py:376} INFO - Running <TaskInstance: MyPersonalAirflowProject.Marketing_team_Notification scheduled__2022-10-30T00:00:00+00:00 [running]> on host 638485efabe7
[2022-11-17T16:40:09.098+0000] {taskinstance.py:1592} INFO - Exporting the following env vars:
AIRFLOW_CTX_DAG_OWNER=***
AIRFLOW_CTX_DAG_ID=MyPersonalAirflowProject
AIRFLOW_CTX_TASK_ID=Marketing_team_Notification
AIRFLOW_CTX_EXECUTION_DATE=2022-10-30T00:00:00+00:00
AIRFLOW_CTX_TRY_NUMBER=1
AIRFLOW_CTX_DAG_RUN_ID=scheduled__2022-10-30T00:00:00+00:00
[2022-11-17T16:40:09.100+0000] {subprocess.py:63} INFO - Tmp dir root location: 
 /tmp
[2022-11-17T16:40:09.101+0000] {subprocess.py:75} INFO - Running command: ['/bin/bash', '-c', 'echo "Hi Marketing team, Space X data for 2022-10-30 are now available!.. Please check them out!"']
[2022-11-17T16:40:09.114+0000] {subprocess.py:86} INFO - Output:
[2022-11-17T16:40:09.116+0000] {subprocess.py:93} INFO - Hi Marketing team, Space X data for 2022-10-30 are now available!.. Please check them out!
[2022-11-17T16:40:09.117+0000] {subprocess.py:97} INFO - Command exited with return code 0
[2022-11-17T16:40:09.151+0000] {taskinstance.py:1406} INFO - Marking task as SUCCESS. dag_id=MyPersonalAirflowProject, task_id=Marketing_team_Notification, execution_date=20221030T000000, start_date=20221117T164008, end_date=20221117T164009
[2022-11-17T16:40:09.192+0000] {local_task_job.py:164} INFO - Task exited with return code 0
[2022-11-17T16:40:09.222+0000] {local_task_job.py:273} INFO - 0 downstream tasks scheduled from follow-on schedule check
[2022-11-17T17:31:15.366+0000] {taskinstance.py:1165} INFO - Dependencies all met for <TaskInstance: MyPersonalAirflowProject.Marketing_team_Notification scheduled__2022-10-30T00:00:00+00:00 [queued]>
[2022-11-17T17:31:15.418+0000] {taskinstance.py:1165} INFO - Dependencies all met for <TaskInstance: MyPersonalAirflowProject.Marketing_team_Notification scheduled__2022-10-30T00:00:00+00:00 [queued]>
[2022-11-17T17:31:15.419+0000] {taskinstance.py:1362} INFO - 
--------------------------------------------------------------------------------
[2022-11-17T17:31:15.419+0000] {taskinstance.py:1363} INFO - Starting attempt 1 of 1
[2022-11-17T17:31:15.420+0000] {taskinstance.py:1364} INFO - 
--------------------------------------------------------------------------------
[2022-11-17T17:31:15.439+0000] {taskinstance.py:1383} INFO - Executing <Task(BashOperator): Marketing_team_Notification> on 2022-10-30 00:00:00+00:00
[2022-11-17T17:31:15.446+0000] {standard_task_runner.py:55} INFO - Started process 7973 to run task
[2022-11-17T17:31:15.449+0000] {standard_task_runner.py:82} INFO - Running: ['***', 'tasks', 'run', 'MyPersonalAirflowProject', 'Marketing_team_Notification', 'scheduled__2022-10-30T00:00:00+00:00', '--job-id', '2672', '--raw', '--subdir', 'DAGS_FOLDER/FinalPersonalProject.py', '--cfg-path', '/tmp/tmp2yex_j6d']
[2022-11-17T17:31:15.450+0000] {standard_task_runner.py:83} INFO - Job 2672: Subtask Marketing_team_Notification
[2022-11-17T17:31:15.529+0000] {task_command.py:376} INFO - Running <TaskInstance: MyPersonalAirflowProject.Marketing_team_Notification scheduled__2022-10-30T00:00:00+00:00 [running]> on host 638485efabe7
[2022-11-17T17:31:15.629+0000] {taskinstance.py:1592} INFO - Exporting the following env vars:
AIRFLOW_CTX_DAG_OWNER=***
AIRFLOW_CTX_DAG_ID=MyPersonalAirflowProject
AIRFLOW_CTX_TASK_ID=Marketing_team_Notification
AIRFLOW_CTX_EXECUTION_DATE=2022-10-30T00:00:00+00:00
AIRFLOW_CTX_TRY_NUMBER=1
AIRFLOW_CTX_DAG_RUN_ID=scheduled__2022-10-30T00:00:00+00:00
[2022-11-17T17:31:15.631+0000] {subprocess.py:63} INFO - Tmp dir root location: 
 /tmp
[2022-11-17T17:31:15.633+0000] {subprocess.py:75} INFO - Running command: ['/bin/bash', '-c', 'echo "Hi Marketing team, Space X data for 2022-10-30 are now available!.. Please check them out!"']
[2022-11-17T17:31:15.653+0000] {subprocess.py:86} INFO - Output:
[2022-11-17T17:31:15.655+0000] {subprocess.py:93} INFO - Hi Marketing team, Space X data for 2022-10-30 are now available!.. Please check them out!
[2022-11-17T17:31:15.656+0000] {subprocess.py:97} INFO - Command exited with return code 0
[2022-11-17T17:31:15.721+0000] {taskinstance.py:1406} INFO - Marking task as SUCCESS. dag_id=MyPersonalAirflowProject, task_id=Marketing_team_Notification, execution_date=20221030T000000, start_date=20221117T173115, end_date=20221117T173115
[2022-11-17T17:31:15.782+0000] {local_task_job.py:164} INFO - Task exited with return code 0
[2022-11-17T17:31:15.805+0000] {local_task_job.py:273} INFO - 0 downstream tasks scheduled from follow-on schedule check
