[2022-11-17T16:47:31.582+0000] {taskinstance.py:1165} INFO - Dependencies all met for <TaskInstance: MyPersonalAirflowProject.end_confirmation_from_nasa scheduled__2022-11-12T00:00:00+00:00 [queued]>
[2022-11-17T16:47:31.595+0000] {taskinstance.py:1165} INFO - Dependencies all met for <TaskInstance: MyPersonalAirflowProject.end_confirmation_from_nasa scheduled__2022-11-12T00:00:00+00:00 [queued]>
[2022-11-17T16:47:31.596+0000] {taskinstance.py:1362} INFO - 
--------------------------------------------------------------------------------
[2022-11-17T16:47:32.078+0000] {taskinstance.py:1363} INFO - Starting attempt 1 of 1
[2022-11-17T16:47:32.079+0000] {taskinstance.py:1364} INFO - 
--------------------------------------------------------------------------------
[2022-11-17T16:47:33.179+0000] {taskinstance.py:1383} INFO - Executing <Task(BashOperator): end_confirmation_from_nasa> on 2022-11-12 00:00:00+00:00
[2022-11-17T16:47:33.189+0000] {standard_task_runner.py:55} INFO - Started process 4997 to run task
[2022-11-17T16:47:33.194+0000] {standard_task_runner.py:82} INFO - Running: ['***', 'tasks', 'run', 'MyPersonalAirflowProject', 'end_confirmation_from_nasa', 'scheduled__2022-11-12T00:00:00+00:00', '--job-id', '2362', '--raw', '--subdir', 'DAGS_FOLDER/FinalPersonalProject.py', '--cfg-path', '/tmp/tmp76g74ke9']
[2022-11-17T16:47:33.198+0000] {standard_task_runner.py:83} INFO - Job 2362: Subtask end_confirmation_from_nasa
[2022-11-17T16:47:33.333+0000] {task_command.py:376} INFO - Running <TaskInstance: MyPersonalAirflowProject.end_confirmation_from_nasa scheduled__2022-11-12T00:00:00+00:00 [running]> on host 638485efabe7
[2022-11-17T16:47:33.426+0000] {taskinstance.py:1592} INFO - Exporting the following env vars:
AIRFLOW_CTX_DAG_OWNER=***
AIRFLOW_CTX_DAG_ID=MyPersonalAirflowProject
AIRFLOW_CTX_TASK_ID=end_confirmation_from_nasa
AIRFLOW_CTX_EXECUTION_DATE=2022-11-12T00:00:00+00:00
AIRFLOW_CTX_TRY_NUMBER=1
AIRFLOW_CTX_DAG_RUN_ID=scheduled__2022-11-12T00:00:00+00:00
[2022-11-17T16:47:33.428+0000] {subprocess.py:63} INFO - Tmp dir root location: 
 /tmp
[2022-11-17T16:47:33.430+0000] {subprocess.py:75} INFO - Running command: ['/bin/bash', '-c', 'echo "The Confirmation file was created successfully"']
[2022-11-17T16:47:33.443+0000] {subprocess.py:86} INFO - Output:
[2022-11-17T16:47:33.446+0000] {subprocess.py:93} INFO - The Confirmation file was created successfully
[2022-11-17T16:47:33.447+0000] {subprocess.py:97} INFO - Command exited with return code 0
[2022-11-17T16:47:33.475+0000] {taskinstance.py:1406} INFO - Marking task as SUCCESS. dag_id=MyPersonalAirflowProject, task_id=end_confirmation_from_nasa, execution_date=20221112T000000, start_date=20221117T164731, end_date=20221117T164733
[2022-11-17T16:47:33.531+0000] {local_task_job.py:164} INFO - Task exited with return code 0
[2022-11-17T16:47:33.571+0000] {local_task_job.py:273} INFO - 1 downstream tasks scheduled from follow-on schedule check
[2022-11-17T17:37:42.762+0000] {taskinstance.py:1165} INFO - Dependencies all met for <TaskInstance: MyPersonalAirflowProject.end_confirmation_from_nasa scheduled__2022-11-12T00:00:00+00:00 [queued]>
[2022-11-17T17:37:42.775+0000] {taskinstance.py:1165} INFO - Dependencies all met for <TaskInstance: MyPersonalAirflowProject.end_confirmation_from_nasa scheduled__2022-11-12T00:00:00+00:00 [queued]>
[2022-11-17T17:37:42.776+0000] {taskinstance.py:1362} INFO - 
--------------------------------------------------------------------------------
[2022-11-17T17:37:42.776+0000] {taskinstance.py:1363} INFO - Starting attempt 1 of 1
[2022-11-17T17:37:42.776+0000] {taskinstance.py:1364} INFO - 
--------------------------------------------------------------------------------
[2022-11-17T17:37:42.793+0000] {taskinstance.py:1383} INFO - Executing <Task(BashOperator): end_confirmation_from_nasa> on 2022-11-12 00:00:00+00:00
[2022-11-17T17:37:42.799+0000] {standard_task_runner.py:55} INFO - Started process 8590 to run task
[2022-11-17T17:37:42.801+0000] {standard_task_runner.py:82} INFO - Running: ['***', 'tasks', 'run', 'MyPersonalAirflowProject', 'end_confirmation_from_nasa', 'scheduled__2022-11-12T00:00:00+00:00', '--job-id', '2772', '--raw', '--subdir', 'DAGS_FOLDER/FinalPersonalProject.py', '--cfg-path', '/tmp/tmpk5pelrq3']
[2022-11-17T17:37:42.802+0000] {standard_task_runner.py:83} INFO - Job 2772: Subtask end_confirmation_from_nasa
[2022-11-17T17:37:42.869+0000] {task_command.py:376} INFO - Running <TaskInstance: MyPersonalAirflowProject.end_confirmation_from_nasa scheduled__2022-11-12T00:00:00+00:00 [running]> on host 638485efabe7
[2022-11-17T17:37:42.944+0000] {taskinstance.py:1592} INFO - Exporting the following env vars:
AIRFLOW_CTX_DAG_OWNER=***
AIRFLOW_CTX_DAG_ID=MyPersonalAirflowProject
AIRFLOW_CTX_TASK_ID=end_confirmation_from_nasa
AIRFLOW_CTX_EXECUTION_DATE=2022-11-12T00:00:00+00:00
AIRFLOW_CTX_TRY_NUMBER=1
AIRFLOW_CTX_DAG_RUN_ID=scheduled__2022-11-12T00:00:00+00:00
[2022-11-17T17:37:42.946+0000] {subprocess.py:63} INFO - Tmp dir root location: 
 /tmp
[2022-11-17T17:37:42.947+0000] {subprocess.py:75} INFO - Running command: ['/bin/bash', '-c', 'echo "The Confirmation file was created successfully"']
[2022-11-17T17:37:42.958+0000] {subprocess.py:86} INFO - Output:
[2022-11-17T17:37:42.959+0000] {subprocess.py:93} INFO - The Confirmation file was created successfully
[2022-11-17T17:37:42.960+0000] {subprocess.py:97} INFO - Command exited with return code 0
[2022-11-17T17:37:42.989+0000] {taskinstance.py:1406} INFO - Marking task as SUCCESS. dag_id=MyPersonalAirflowProject, task_id=end_confirmation_from_nasa, execution_date=20221112T000000, start_date=20221117T173742, end_date=20221117T173742
[2022-11-17T17:37:43.014+0000] {local_task_job.py:164} INFO - Task exited with return code 0
[2022-11-17T17:37:43.053+0000] {local_task_job.py:273} INFO - 1 downstream tasks scheduled from follow-on schedule check
