[2022-11-16T22:19:48.067+0000] {taskinstance.py:1165} INFO - Dependencies all met for <TaskInstance: MyPersonalAirflowProject.waiting_nasa_confirmation scheduled__2022-10-18T00:00:00+00:00 [queued]>
[2022-11-16T22:19:48.081+0000] {taskinstance.py:1165} INFO - Dependencies all met for <TaskInstance: MyPersonalAirflowProject.waiting_nasa_confirmation scheduled__2022-10-18T00:00:00+00:00 [queued]>
[2022-11-16T22:19:48.082+0000] {taskinstance.py:1362} INFO - 
--------------------------------------------------------------------------------
[2022-11-16T22:19:48.083+0000] {taskinstance.py:1363} INFO - Starting attempt 1 of 1
[2022-11-16T22:19:48.083+0000] {taskinstance.py:1364} INFO - 
--------------------------------------------------------------------------------
[2022-11-16T22:19:48.101+0000] {taskinstance.py:1383} INFO - Executing <Task(FileSensor): waiting_nasa_confirmation> on 2022-10-18 00:00:00+00:00
[2022-11-16T22:19:48.107+0000] {standard_task_runner.py:55} INFO - Started process 5434 to run task
[2022-11-16T22:19:48.110+0000] {standard_task_runner.py:82} INFO - Running: ['***', 'tasks', 'run', 'MyPersonalAirflowProject', 'waiting_nasa_confirmation', 'scheduled__2022-10-18T00:00:00+00:00', '--job-id', '1543', '--raw', '--subdir', 'DAGS_FOLDER/FinalPersonalProject.py', '--cfg-path', '/tmp/tmpajggb_3h']
[2022-11-16T22:19:48.111+0000] {standard_task_runner.py:83} INFO - Job 1543: Subtask waiting_nasa_confirmation
[2022-11-16T22:19:48.178+0000] {task_command.py:376} INFO - Running <TaskInstance: MyPersonalAirflowProject.waiting_nasa_confirmation scheduled__2022-10-18T00:00:00+00:00 [running]> on host 638485efabe7
[2022-11-16T22:19:48.260+0000] {taskinstance.py:1592} INFO - Exporting the following env vars:
AIRFLOW_CTX_DAG_OWNER=***
AIRFLOW_CTX_DAG_ID=MyPersonalAirflowProject
AIRFLOW_CTX_TASK_ID=waiting_nasa_confirmation
AIRFLOW_CTX_EXECUTION_DATE=2022-10-18T00:00:00+00:00
AIRFLOW_CTX_TRY_NUMBER=1
AIRFLOW_CTX_DAG_RUN_ID=scheduled__2022-10-18T00:00:00+00:00
[2022-11-16T22:19:48.273+0000] {base.py:71} INFO - Using connection ID 'fs_default' for task execution.
[2022-11-16T22:19:48.274+0000] {filesystem.py:58} INFO - Poking for file /tmp/reponse_20221018.txt
[2022-11-16T22:19:48.275+0000] {filesystem.py:63} INFO - Found File /tmp/reponse_20221018.txt last modified: 20221116221946
[2022-11-16T22:19:48.275+0000] {base.py:213} INFO - Success criteria met. Exiting.
[2022-11-16T22:19:48.286+0000] {taskinstance.py:1406} INFO - Marking task as SUCCESS. dag_id=MyPersonalAirflowProject, task_id=waiting_nasa_confirmation, execution_date=20221018T000000, start_date=20221116T221948, end_date=20221116T221948
[2022-11-16T22:19:48.332+0000] {local_task_job.py:164} INFO - Task exited with return code 0
[2022-11-16T22:19:48.378+0000] {local_task_job.py:273} INFO - 1 downstream tasks scheduled from follow-on schedule check
[2022-11-17T16:32:55.707+0000] {taskinstance.py:1165} INFO - Dependencies all met for <TaskInstance: MyPersonalAirflowProject.waiting_nasa_confirmation scheduled__2022-10-18T00:00:00+00:00 [queued]>
[2022-11-17T16:32:55.727+0000] {taskinstance.py:1165} INFO - Dependencies all met for <TaskInstance: MyPersonalAirflowProject.waiting_nasa_confirmation scheduled__2022-10-18T00:00:00+00:00 [queued]>
[2022-11-17T16:32:55.728+0000] {taskinstance.py:1362} INFO - 
--------------------------------------------------------------------------------
[2022-11-17T16:32:55.728+0000] {taskinstance.py:1363} INFO - Starting attempt 1 of 1
[2022-11-17T16:32:55.729+0000] {taskinstance.py:1364} INFO - 
--------------------------------------------------------------------------------
[2022-11-17T16:32:55.751+0000] {taskinstance.py:1383} INFO - Executing <Task(FileSensor): waiting_nasa_confirmation> on 2022-10-18 00:00:00+00:00
[2022-11-17T16:32:55.757+0000] {standard_task_runner.py:55} INFO - Started process 3722 to run task
[2022-11-17T16:32:55.759+0000] {standard_task_runner.py:82} INFO - Running: ['***', 'tasks', 'run', 'MyPersonalAirflowProject', 'waiting_nasa_confirmation', 'scheduled__2022-10-18T00:00:00+00:00', '--job-id', '2161', '--raw', '--subdir', 'DAGS_FOLDER/FinalPersonalProject.py', '--cfg-path', '/tmp/tmp95rifmbg']
[2022-11-17T16:32:55.760+0000] {standard_task_runner.py:83} INFO - Job 2161: Subtask waiting_nasa_confirmation
[2022-11-17T16:32:55.837+0000] {task_command.py:376} INFO - Running <TaskInstance: MyPersonalAirflowProject.waiting_nasa_confirmation scheduled__2022-10-18T00:00:00+00:00 [running]> on host 638485efabe7
[2022-11-17T16:32:55.929+0000] {taskinstance.py:1592} INFO - Exporting the following env vars:
AIRFLOW_CTX_DAG_OWNER=***
AIRFLOW_CTX_DAG_ID=MyPersonalAirflowProject
AIRFLOW_CTX_TASK_ID=waiting_nasa_confirmation
AIRFLOW_CTX_EXECUTION_DATE=2022-10-18T00:00:00+00:00
AIRFLOW_CTX_TRY_NUMBER=1
AIRFLOW_CTX_DAG_RUN_ID=scheduled__2022-10-18T00:00:00+00:00
[2022-11-17T16:32:55.944+0000] {base.py:71} INFO - Using connection ID 'fs_default' for task execution.
[2022-11-17T16:32:55.945+0000] {filesystem.py:58} INFO - Poking for file /tmp/reponse_20221018.txt
[2022-11-17T16:32:55.946+0000] {filesystem.py:63} INFO - Found File /tmp/reponse_20221018.txt last modified: 20221117163254
[2022-11-17T16:32:55.947+0000] {base.py:213} INFO - Success criteria met. Exiting.
[2022-11-17T16:32:55.958+0000] {taskinstance.py:1406} INFO - Marking task as SUCCESS. dag_id=MyPersonalAirflowProject, task_id=waiting_nasa_confirmation, execution_date=20221018T000000, start_date=20221117T163255, end_date=20221117T163255
[2022-11-17T16:32:56.013+0000] {local_task_job.py:164} INFO - Task exited with return code 0
[2022-11-17T16:32:56.066+0000] {local_task_job.py:273} INFO - 1 downstream tasks scheduled from follow-on schedule check
[2022-11-17T17:25:09.584+0000] {taskinstance.py:1165} INFO - Dependencies all met for <TaskInstance: MyPersonalAirflowProject.waiting_nasa_confirmation scheduled__2022-10-18T00:00:00+00:00 [queued]>
[2022-11-17T17:25:09.596+0000] {taskinstance.py:1165} INFO - Dependencies all met for <TaskInstance: MyPersonalAirflowProject.waiting_nasa_confirmation scheduled__2022-10-18T00:00:00+00:00 [queued]>
[2022-11-17T17:25:09.596+0000] {taskinstance.py:1362} INFO - 
--------------------------------------------------------------------------------
[2022-11-17T17:25:09.597+0000] {taskinstance.py:1363} INFO - Starting attempt 1 of 1
[2022-11-17T17:25:09.597+0000] {taskinstance.py:1364} INFO - 
--------------------------------------------------------------------------------
[2022-11-17T17:25:09.615+0000] {taskinstance.py:1383} INFO - Executing <Task(FileSensor): waiting_nasa_confirmation> on 2022-10-18 00:00:00+00:00
[2022-11-17T17:25:09.620+0000] {standard_task_runner.py:55} INFO - Started process 7365 to run task
[2022-11-17T17:25:09.622+0000] {standard_task_runner.py:82} INFO - Running: ['***', 'tasks', 'run', 'MyPersonalAirflowProject', 'waiting_nasa_confirmation', 'scheduled__2022-10-18T00:00:00+00:00', '--job-id', '2571', '--raw', '--subdir', 'DAGS_FOLDER/FinalPersonalProject.py', '--cfg-path', '/tmp/tmpznrm4f3g']
[2022-11-17T17:25:09.623+0000] {standard_task_runner.py:83} INFO - Job 2571: Subtask waiting_nasa_confirmation
[2022-11-17T17:25:09.691+0000] {task_command.py:376} INFO - Running <TaskInstance: MyPersonalAirflowProject.waiting_nasa_confirmation scheduled__2022-10-18T00:00:00+00:00 [running]> on host 638485efabe7
[2022-11-17T17:25:09.816+0000] {taskinstance.py:1592} INFO - Exporting the following env vars:
AIRFLOW_CTX_DAG_OWNER=***
AIRFLOW_CTX_DAG_ID=MyPersonalAirflowProject
AIRFLOW_CTX_TASK_ID=waiting_nasa_confirmation
AIRFLOW_CTX_EXECUTION_DATE=2022-10-18T00:00:00+00:00
AIRFLOW_CTX_TRY_NUMBER=1
AIRFLOW_CTX_DAG_RUN_ID=scheduled__2022-10-18T00:00:00+00:00
[2022-11-17T17:25:09.827+0000] {base.py:71} INFO - Using connection ID 'fs_default' for task execution.
[2022-11-17T17:25:09.828+0000] {filesystem.py:58} INFO - Poking for file /tmp/reponse_20221018.txt
[2022-11-17T17:25:09.829+0000] {filesystem.py:63} INFO - Found File /tmp/reponse_20221018.txt last modified: 20221117172508
[2022-11-17T17:25:09.830+0000] {base.py:213} INFO - Success criteria met. Exiting.
[2022-11-17T17:25:09.841+0000] {taskinstance.py:1406} INFO - Marking task as SUCCESS. dag_id=MyPersonalAirflowProject, task_id=waiting_nasa_confirmation, execution_date=20221018T000000, start_date=20221117T172509, end_date=20221117T172509
[2022-11-17T17:25:09.876+0000] {local_task_job.py:164} INFO - Task exited with return code 0
[2022-11-17T17:25:09.921+0000] {local_task_job.py:273} INFO - 1 downstream tasks scheduled from follow-on schedule check
