[2022-11-09T17:13:54.101+0000] {taskinstance.py:1165} INFO - Dependencies all met for <TaskInstance: 7-filesensor_3.Creating_File scheduled__2022-06-19T00:00:00+00:00 [queued]>
[2022-11-09T17:13:54.125+0000] {taskinstance.py:1165} INFO - Dependencies all met for <TaskInstance: 7-filesensor_3.Creating_File scheduled__2022-06-19T00:00:00+00:00 [queued]>
[2022-11-09T17:13:54.126+0000] {taskinstance.py:1362} INFO - 
--------------------------------------------------------------------------------
[2022-11-09T17:13:54.127+0000] {taskinstance.py:1363} INFO - Starting attempt 1 of 1
[2022-11-09T17:13:54.128+0000] {taskinstance.py:1364} INFO - 
--------------------------------------------------------------------------------
[2022-11-09T17:13:54.165+0000] {taskinstance.py:1383} INFO - Executing <Task(BashOperator): Creating_File> on 2022-06-19 00:00:00+00:00
[2022-11-09T17:13:54.175+0000] {standard_task_runner.py:55} INFO - Started process 5218 to run task
[2022-11-09T17:13:54.182+0000] {standard_task_runner.py:82} INFO - Running: ['***', 'tasks', 'run', '7-filesensor_3', 'Creating_File', 'scheduled__2022-06-19T00:00:00+00:00', '--job-id', '926', '--raw', '--subdir', 'DAGS_FOLDER/7.3-filesensor.py', '--cfg-path', '/tmp/tmpfo4enj23']
[2022-11-09T17:13:54.183+0000] {standard_task_runner.py:83} INFO - Job 926: Subtask Creating_File
[2022-11-09T17:13:54.304+0000] {task_command.py:376} INFO - Running <TaskInstance: 7-filesensor_3.Creating_File scheduled__2022-06-19T00:00:00+00:00 [running]> on host 638485efabe7
[2022-11-09T17:13:54.420+0000] {taskinstance.py:1592} INFO - Exporting the following env vars:
AIRFLOW_CTX_DAG_OWNER=***
AIRFLOW_CTX_DAG_ID=7-filesensor_3
AIRFLOW_CTX_TASK_ID=Creating_File
AIRFLOW_CTX_EXECUTION_DATE=2022-06-19T00:00:00+00:00
AIRFLOW_CTX_TRY_NUMBER=1
AIRFLOW_CTX_DAG_RUN_ID=scheduled__2022-06-19T00:00:00+00:00
[2022-11-09T17:13:54.422+0000] {subprocess.py:63} INFO - Tmp dir root location: 
 /tmp
[2022-11-09T17:13:54.424+0000] {subprocess.py:75} INFO - Running command: ['/bin/bash', '-c', 'sleep 10 && touch /tmp/file.txt']
[2022-11-09T17:13:54.438+0000] {subprocess.py:86} INFO - Output:
[2022-11-09T17:14:04.473+0000] {subprocess.py:97} INFO - Command exited with return code 0
[2022-11-09T17:14:04.512+0000] {taskinstance.py:1406} INFO - Marking task as SUCCESS. dag_id=7-filesensor_3, task_id=Creating_File, execution_date=20220619T000000, start_date=20221109T171354, end_date=20221109T171404
[2022-11-09T17:14:04.572+0000] {local_task_job.py:164} INFO - Task exited with return code 0
[2022-11-09T17:14:04.622+0000] {local_task_job.py:273} INFO - 1 downstream tasks scheduled from follow-on schedule check
