[2022-11-17T16:07:19.517+0000] {taskinstance.py:1165} INFO - Dependencies all met for <TaskInstance: MyPersonalAirflowProject.SpaceX_data scheduled__2022-11-14T00:00:00+00:00 [queued]>
[2022-11-17T16:07:19.532+0000] {taskinstance.py:1165} INFO - Dependencies all met for <TaskInstance: MyPersonalAirflowProject.SpaceX_data scheduled__2022-11-14T00:00:00+00:00 [queued]>
[2022-11-17T16:07:19.532+0000] {taskinstance.py:1362} INFO - 
--------------------------------------------------------------------------------
[2022-11-17T16:07:19.533+0000] {taskinstance.py:1363} INFO - Starting attempt 1 of 1
[2022-11-17T16:07:19.534+0000] {taskinstance.py:1364} INFO - 
--------------------------------------------------------------------------------
[2022-11-17T16:07:19.554+0000] {taskinstance.py:1383} INFO - Executing <Task(BashOperator): SpaceX_data> on 2022-11-14 00:00:00+00:00
[2022-11-17T16:07:19.560+0000] {standard_task_runner.py:55} INFO - Started process 2047 to run task
[2022-11-17T16:07:19.563+0000] {standard_task_runner.py:82} INFO - Running: ['***', 'tasks', 'run', 'MyPersonalAirflowProject', 'SpaceX_data', 'scheduled__2022-11-14T00:00:00+00:00', '--job-id', '2009', '--raw', '--subdir', 'DAGS_FOLDER/FinalPersonalProject.py', '--cfg-path', '/tmp/tmphdg6596p']
[2022-11-17T16:07:19.564+0000] {standard_task_runner.py:83} INFO - Job 2009: Subtask SpaceX_data
[2022-11-17T16:07:19.634+0000] {task_command.py:376} INFO - Running <TaskInstance: MyPersonalAirflowProject.SpaceX_data scheduled__2022-11-14T00:00:00+00:00 [running]> on host 638485efabe7
[2022-11-17T16:07:19.718+0000] {taskinstance.py:1592} INFO - Exporting the following env vars:
AIRFLOW_CTX_DAG_OWNER=***
AIRFLOW_CTX_DAG_ID=MyPersonalAirflowProject
AIRFLOW_CTX_TASK_ID=SpaceX_data
AIRFLOW_CTX_EXECUTION_DATE=2022-11-14T00:00:00+00:00
AIRFLOW_CTX_TRY_NUMBER=1
AIRFLOW_CTX_DAG_RUN_ID=scheduled__2022-11-14T00:00:00+00:00
[2022-11-17T16:07:19.720+0000] {subprocess.py:63} INFO - Tmp dir root location: 
 /tmp
[2022-11-17T16:07:19.721+0000] {subprocess.py:75} INFO - Running command: ['/bin/bash', '-c', "curl -o /tmp/history.json -L 'https://api.spacexdata.com/v4/history'"]
[2022-11-17T16:07:19.734+0000] {subprocess.py:86} INFO - Output:
[2022-11-17T16:07:19.743+0000] {subprocess.py:93} INFO -   % Total    % Received % Xferd  Average Speed   Time    Time     Time  Current
[2022-11-17T16:07:19.744+0000] {subprocess.py:93} INFO -                                  Dload  Upload   Total   Spent    Left  Speed
[2022-11-17T16:07:19.994+0000] {subprocess.py:93} INFO -   0     0    0     0    0     0      0      0 --:--:-- --:--:-- --:--:--     0100  6756    0  6756    0     0  27024      0 --:--:-- --:--:-- --:--:-- 27024
[2022-11-17T16:07:19.996+0000] {subprocess.py:97} INFO - Command exited with return code 0
[2022-11-17T16:07:20.126+0000] {taskinstance.py:1406} INFO - Marking task as SUCCESS. dag_id=MyPersonalAirflowProject, task_id=SpaceX_data, execution_date=20221114T000000, start_date=20221117T160719, end_date=20221117T160720
[2022-11-17T16:07:20.260+0000] {local_task_job.py:164} INFO - Task exited with return code 0
[2022-11-17T16:07:20.392+0000] {local_task_job.py:273} INFO - 1 downstream tasks scheduled from follow-on schedule check
[2022-11-17T16:49:12.680+0000] {taskinstance.py:1165} INFO - Dependencies all met for <TaskInstance: MyPersonalAirflowProject.SpaceX_data scheduled__2022-11-14T00:00:00+00:00 [queued]>
[2022-11-17T16:49:12.697+0000] {taskinstance.py:1165} INFO - Dependencies all met for <TaskInstance: MyPersonalAirflowProject.SpaceX_data scheduled__2022-11-14T00:00:00+00:00 [queued]>
[2022-11-17T16:49:12.698+0000] {taskinstance.py:1362} INFO - 
--------------------------------------------------------------------------------
[2022-11-17T16:49:12.698+0000] {taskinstance.py:1363} INFO - Starting attempt 1 of 1
[2022-11-17T16:49:12.699+0000] {taskinstance.py:1364} INFO - 
--------------------------------------------------------------------------------
[2022-11-17T16:49:12.719+0000] {taskinstance.py:1383} INFO - Executing <Task(BashOperator): SpaceX_data> on 2022-11-14 00:00:00+00:00
[2022-11-17T16:49:12.726+0000] {standard_task_runner.py:55} INFO - Started process 5114 to run task
[2022-11-17T16:49:12.730+0000] {standard_task_runner.py:82} INFO - Running: ['***', 'tasks', 'run', 'MyPersonalAirflowProject', 'SpaceX_data', 'scheduled__2022-11-14T00:00:00+00:00', '--job-id', '2379', '--raw', '--subdir', 'DAGS_FOLDER/FinalPersonalProject.py', '--cfg-path', '/tmp/tmp2_dg41hm']
[2022-11-17T16:49:12.731+0000] {standard_task_runner.py:83} INFO - Job 2379: Subtask SpaceX_data
[2022-11-17T16:49:12.814+0000] {task_command.py:376} INFO - Running <TaskInstance: MyPersonalAirflowProject.SpaceX_data scheduled__2022-11-14T00:00:00+00:00 [running]> on host 638485efabe7
[2022-11-17T16:49:12.918+0000] {taskinstance.py:1592} INFO - Exporting the following env vars:
AIRFLOW_CTX_DAG_OWNER=***
AIRFLOW_CTX_DAG_ID=MyPersonalAirflowProject
AIRFLOW_CTX_TASK_ID=SpaceX_data
AIRFLOW_CTX_EXECUTION_DATE=2022-11-14T00:00:00+00:00
AIRFLOW_CTX_TRY_NUMBER=1
AIRFLOW_CTX_DAG_RUN_ID=scheduled__2022-11-14T00:00:00+00:00
[2022-11-17T16:49:12.920+0000] {subprocess.py:63} INFO - Tmp dir root location: 
 /tmp
[2022-11-17T16:49:12.921+0000] {subprocess.py:75} INFO - Running command: ['/bin/bash', '-c', "curl -o /tmp/history.json -L 'https://api.spacexdata.com/v4/history'"]
[2022-11-17T16:49:12.935+0000] {subprocess.py:86} INFO - Output:
[2022-11-17T16:49:12.944+0000] {subprocess.py:93} INFO -   % Total    % Received % Xferd  Average Speed   Time    Time     Time  Current
[2022-11-17T16:49:12.945+0000] {subprocess.py:93} INFO -                                  Dload  Upload   Total   Spent    Left  Speed
[2022-11-17T16:49:13.117+0000] {subprocess.py:93} INFO -   0     0    0     0    0     0      0      0 --:--:-- --:--:-- --:--:--     0100  6756    0  6756    0     0  39052      0 --:--:-- --:--:-- --:--:-- 39052
[2022-11-17T16:49:13.121+0000] {subprocess.py:97} INFO - Command exited with return code 0
[2022-11-17T16:49:13.152+0000] {taskinstance.py:1406} INFO - Marking task as SUCCESS. dag_id=MyPersonalAirflowProject, task_id=SpaceX_data, execution_date=20221114T000000, start_date=20221117T164912, end_date=20221117T164913
[2022-11-17T16:49:13.184+0000] {local_task_job.py:164} INFO - Task exited with return code 0
[2022-11-17T16:49:13.223+0000] {local_task_job.py:273} INFO - 1 downstream tasks scheduled from follow-on schedule check
[2022-11-17T17:38:47.522+0000] {taskinstance.py:1165} INFO - Dependencies all met for <TaskInstance: MyPersonalAirflowProject.SpaceX_data scheduled__2022-11-14T00:00:00+00:00 [queued]>
[2022-11-17T17:38:47.537+0000] {taskinstance.py:1165} INFO - Dependencies all met for <TaskInstance: MyPersonalAirflowProject.SpaceX_data scheduled__2022-11-14T00:00:00+00:00 [queued]>
[2022-11-17T17:38:47.537+0000] {taskinstance.py:1362} INFO - 
--------------------------------------------------------------------------------
[2022-11-17T17:38:47.538+0000] {taskinstance.py:1363} INFO - Starting attempt 1 of 1
[2022-11-17T17:38:47.538+0000] {taskinstance.py:1364} INFO - 
--------------------------------------------------------------------------------
[2022-11-17T17:38:47.555+0000] {taskinstance.py:1383} INFO - Executing <Task(BashOperator): SpaceX_data> on 2022-11-14 00:00:00+00:00
[2022-11-17T17:38:47.561+0000] {standard_task_runner.py:55} INFO - Started process 8689 to run task
[2022-11-17T17:38:47.564+0000] {standard_task_runner.py:82} INFO - Running: ['***', 'tasks', 'run', 'MyPersonalAirflowProject', 'SpaceX_data', 'scheduled__2022-11-14T00:00:00+00:00', '--job-id', '2789', '--raw', '--subdir', 'DAGS_FOLDER/FinalPersonalProject.py', '--cfg-path', '/tmp/tmppoa9s17a']
[2022-11-17T17:38:47.565+0000] {standard_task_runner.py:83} INFO - Job 2789: Subtask SpaceX_data
[2022-11-17T17:38:47.654+0000] {task_command.py:376} INFO - Running <TaskInstance: MyPersonalAirflowProject.SpaceX_data scheduled__2022-11-14T00:00:00+00:00 [running]> on host 638485efabe7
[2022-11-17T17:38:47.741+0000] {taskinstance.py:1592} INFO - Exporting the following env vars:
AIRFLOW_CTX_DAG_OWNER=***
AIRFLOW_CTX_DAG_ID=MyPersonalAirflowProject
AIRFLOW_CTX_TASK_ID=SpaceX_data
AIRFLOW_CTX_EXECUTION_DATE=2022-11-14T00:00:00+00:00
AIRFLOW_CTX_TRY_NUMBER=1
AIRFLOW_CTX_DAG_RUN_ID=scheduled__2022-11-14T00:00:00+00:00
[2022-11-17T17:38:47.743+0000] {subprocess.py:63} INFO - Tmp dir root location: 
 /tmp
[2022-11-17T17:38:47.745+0000] {subprocess.py:75} INFO - Running command: ['/bin/bash', '-c', "curl -o /tmp/history.json -L 'https://api.spacexdata.com/v4/history'"]
[2022-11-17T17:38:47.757+0000] {subprocess.py:86} INFO - Output:
[2022-11-17T17:38:47.765+0000] {subprocess.py:93} INFO -   % Total    % Received % Xferd  Average Speed   Time    Time     Time  Current
[2022-11-17T17:38:47.766+0000] {subprocess.py:93} INFO -                                  Dload  Upload   Total   Spent    Left  Speed
[2022-11-17T17:38:48.888+0000] {subprocess.py:93} INFO -   0     0    0     0    0     0      0      0 --:--:-- --:--:-- --:--:--     0  0     0    0     0    0     0      0      0 --:--:-- --:--:-- --:--:--     0100  6756    0  6756    0     0   6021      0 --:--:--  0:00:01 --:--:--  6021
[2022-11-17T17:38:48.891+0000] {subprocess.py:97} INFO - Command exited with return code 0
[2022-11-17T17:38:48.921+0000] {taskinstance.py:1406} INFO - Marking task as SUCCESS. dag_id=MyPersonalAirflowProject, task_id=SpaceX_data, execution_date=20221114T000000, start_date=20221117T173847, end_date=20221117T173848
[2022-11-17T17:38:48.947+0000] {local_task_job.py:164} INFO - Task exited with return code 0
[2022-11-17T17:38:48.981+0000] {local_task_job.py:273} INFO - 1 downstream tasks scheduled from follow-on schedule check
