[2022-11-16T22:36:52.845+0000] {taskinstance.py:1165} INFO - Dependencies all met for <TaskInstance: MyPersonalAirflowProject.Print_Imported_data scheduled__2022-10-01T00:00:00+00:00 [queued]>
[2022-11-16T22:36:52.858+0000] {taskinstance.py:1165} INFO - Dependencies all met for <TaskInstance: MyPersonalAirflowProject.Print_Imported_data scheduled__2022-10-01T00:00:00+00:00 [queued]>
[2022-11-16T22:36:52.859+0000] {taskinstance.py:1362} INFO - 
--------------------------------------------------------------------------------
[2022-11-16T22:36:52.860+0000] {taskinstance.py:1363} INFO - Starting attempt 2 of 2
[2022-11-16T22:36:52.861+0000] {taskinstance.py:1364} INFO - 
--------------------------------------------------------------------------------
[2022-11-16T22:36:52.879+0000] {taskinstance.py:1383} INFO - Executing <Task(BashOperator): Print_Imported_data> on 2022-10-01 00:00:00+00:00
[2022-11-16T22:36:52.885+0000] {standard_task_runner.py:55} INFO - Started process 6562 to run task
[2022-11-16T22:36:52.888+0000] {standard_task_runner.py:82} INFO - Running: ['***', 'tasks', 'run', 'MyPersonalAirflowProject', 'Print_Imported_data', 'scheduled__2022-10-01T00:00:00+00:00', '--job-id', '1702', '--raw', '--subdir', 'DAGS_FOLDER/FinalPersonalProject.py', '--cfg-path', '/tmp/tmp9y1zeda6']
[2022-11-16T22:36:52.889+0000] {standard_task_runner.py:83} INFO - Job 1702: Subtask Print_Imported_data
[2022-11-16T22:36:52.958+0000] {task_command.py:376} INFO - Running <TaskInstance: MyPersonalAirflowProject.Print_Imported_data scheduled__2022-10-01T00:00:00+00:00 [running]> on host 638485efabe7
[2022-11-16T22:36:53.042+0000] {taskinstance.py:1592} INFO - Exporting the following env vars:
AIRFLOW_CTX_DAG_OWNER=***
AIRFLOW_CTX_DAG_ID=MyPersonalAirflowProject
AIRFLOW_CTX_TASK_ID=Print_Imported_data
AIRFLOW_CTX_EXECUTION_DATE=2022-10-01T00:00:00+00:00
AIRFLOW_CTX_TRY_NUMBER=2
AIRFLOW_CTX_DAG_RUN_ID=scheduled__2022-10-01T00:00:00+00:00
[2022-11-16T22:36:53.043+0000] {subprocess.py:63} INFO - Tmp dir root location: 
 /tmp
[2022-11-16T22:36:53.045+0000] {subprocess.py:75} INFO - Running command: ['/bin/bash', '-c', 'ls /tmp/ && head /tmp/platzi_data.csv']
[2022-11-16T22:36:53.056+0000] {subprocess.py:86} INFO - Output:
[2022-11-16T22:36:53.073+0000] {subprocess.py:93} INFO - ***tmpk5xxq3nx
[2022-11-16T22:36:53.074+0000] {subprocess.py:93} INFO - ***tmpl577m2op
[2022-11-16T22:36:53.074+0000] {subprocess.py:93} INFO - ***tmplkvca7ip
[2022-11-16T22:36:53.075+0000] {subprocess.py:93} INFO - ***tmpodkacs8z
[2022-11-16T22:36:53.075+0000] {subprocess.py:93} INFO - file.txt
[2022-11-16T22:36:53.076+0000] {subprocess.py:93} INFO - history.json
[2022-11-16T22:36:53.076+0000] {subprocess.py:93} INFO - platzi_data_20221001.csv
[2022-11-16T22:36:53.077+0000] {subprocess.py:93} INFO - platzi_data_20221002.csv
[2022-11-16T22:36:53.077+0000] {subprocess.py:93} INFO - platzi_data_20221003.csv
[2022-11-16T22:36:53.078+0000] {subprocess.py:93} INFO - platzi_data_20221004.csv
[2022-11-16T22:36:53.078+0000] {subprocess.py:93} INFO - platzi_data_20221005.csv
[2022-11-16T22:36:53.079+0000] {subprocess.py:93} INFO - platzi_data_20221006.csv
[2022-11-16T22:36:53.079+0000] {subprocess.py:93} INFO - platzi_data_20221007.csv
[2022-11-16T22:36:53.079+0000] {subprocess.py:93} INFO - platzi_data_20221008.csv
[2022-11-16T22:36:53.080+0000] {subprocess.py:93} INFO - platzi_data_20221009.csv
[2022-11-16T22:36:53.080+0000] {subprocess.py:93} INFO - platzi_data_20221010.csv
[2022-11-16T22:36:53.081+0000] {subprocess.py:93} INFO - platzi_data_20221011.csv
[2022-11-16T22:36:53.081+0000] {subprocess.py:93} INFO - platzi_data_20221012.csv
[2022-11-16T22:36:53.081+0000] {subprocess.py:93} INFO - platzi_data_20221013.csv
[2022-11-16T22:36:53.082+0000] {subprocess.py:93} INFO - platzi_data_20221014.csv
[2022-11-16T22:36:53.082+0000] {subprocess.py:93} INFO - platzi_data_20221015.csv
[2022-11-16T22:36:53.082+0000] {subprocess.py:93} INFO - platzi_data_20221016.csv
[2022-11-16T22:36:53.082+0000] {subprocess.py:93} INFO - platzi_data_20221017.csv
[2022-11-16T22:36:53.083+0000] {subprocess.py:93} INFO - platzi_data_20221018.csv
[2022-11-16T22:36:53.083+0000] {subprocess.py:93} INFO - platzi_data_20221019.csv
[2022-11-16T22:36:53.083+0000] {subprocess.py:93} INFO - platzi_data_20221020.csv
[2022-11-16T22:36:53.084+0000] {subprocess.py:93} INFO - platzi_data_20221021.csv
[2022-11-16T22:36:53.084+0000] {subprocess.py:93} INFO - platzi_data_20221022.csv
[2022-11-16T22:36:53.084+0000] {subprocess.py:93} INFO - platzi_data_20221023.csv
[2022-11-16T22:36:53.085+0000] {subprocess.py:93} INFO - platzi_data_20221024.csv
[2022-11-16T22:36:53.085+0000] {subprocess.py:93} INFO - platzi_data_20221025.csv
[2022-11-16T22:36:53.085+0000] {subprocess.py:93} INFO - platzi_data_20221026.csv
[2022-11-16T22:36:53.086+0000] {subprocess.py:93} INFO - platzi_data_20221027.csv
[2022-11-16T22:36:53.086+0000] {subprocess.py:93} INFO - platzi_data_20221028.csv
[2022-11-16T22:36:53.086+0000] {subprocess.py:93} INFO - platzi_data_20221029.csv
[2022-11-16T22:36:53.086+0000] {subprocess.py:93} INFO - platzi_data_20221030.csv
[2022-11-16T22:36:53.087+0000] {subprocess.py:93} INFO - platzi_data_20221031.csv
[2022-11-16T22:36:53.087+0000] {subprocess.py:93} INFO - platzi_data_20221101.csv
[2022-11-16T22:36:53.087+0000] {subprocess.py:93} INFO - platzi_data_20221102.csv
[2022-11-16T22:36:53.088+0000] {subprocess.py:93} INFO - platzi_data_20221103.csv
[2022-11-16T22:36:53.088+0000] {subprocess.py:93} INFO - platzi_data_20221104.csv
[2022-11-16T22:36:53.088+0000] {subprocess.py:93} INFO - platzi_data_20221105.csv
[2022-11-16T22:36:53.088+0000] {subprocess.py:93} INFO - platzi_data_20221106.csv
[2022-11-16T22:36:53.089+0000] {subprocess.py:93} INFO - platzi_data_20221107.csv
[2022-11-16T22:36:53.089+0000] {subprocess.py:93} INFO - pymp-8yik9lbi
[2022-11-16T22:36:53.089+0000] {subprocess.py:93} INFO - pymp-y00k7agg
[2022-11-16T22:36:53.090+0000] {subprocess.py:93} INFO - reponse_20221001.txt
[2022-11-16T22:36:53.090+0000] {subprocess.py:93} INFO - reponse_20221002.txt
[2022-11-16T22:36:53.090+0000] {subprocess.py:93} INFO - reponse_20221003.txt
[2022-11-16T22:36:53.090+0000] {subprocess.py:93} INFO - reponse_20221004.txt
[2022-11-16T22:36:53.091+0000] {subprocess.py:93} INFO - reponse_20221005.txt
[2022-11-16T22:36:53.091+0000] {subprocess.py:93} INFO - reponse_20221006.txt
[2022-11-16T22:36:53.091+0000] {subprocess.py:93} INFO - reponse_20221007.txt
[2022-11-16T22:36:53.092+0000] {subprocess.py:93} INFO - reponse_20221008.txt
[2022-11-16T22:36:53.092+0000] {subprocess.py:93} INFO - reponse_20221009.txt
[2022-11-16T22:36:53.092+0000] {subprocess.py:93} INFO - reponse_20221010.txt
[2022-11-16T22:36:53.093+0000] {subprocess.py:93} INFO - reponse_20221011.txt
[2022-11-16T22:36:53.093+0000] {subprocess.py:93} INFO - reponse_20221012.txt
[2022-11-16T22:36:53.093+0000] {subprocess.py:93} INFO - reponse_20221013.txt
[2022-11-16T22:36:53.093+0000] {subprocess.py:93} INFO - reponse_20221014.txt
[2022-11-16T22:36:53.094+0000] {subprocess.py:93} INFO - reponse_20221015.txt
[2022-11-16T22:36:53.094+0000] {subprocess.py:93} INFO - reponse_20221016.txt
[2022-11-16T22:36:53.094+0000] {subprocess.py:93} INFO - reponse_20221017.txt
[2022-11-16T22:36:53.095+0000] {subprocess.py:93} INFO - reponse_20221018.txt
[2022-11-16T22:36:53.095+0000] {subprocess.py:93} INFO - reponse_20221019.txt
[2022-11-16T22:36:53.095+0000] {subprocess.py:93} INFO - reponse_20221020.txt
[2022-11-16T22:36:53.096+0000] {subprocess.py:93} INFO - reponse_20221021.txt
[2022-11-16T22:36:53.096+0000] {subprocess.py:93} INFO - reponse_20221022.txt
[2022-11-16T22:36:53.096+0000] {subprocess.py:93} INFO - reponse_20221023.txt
[2022-11-16T22:36:53.096+0000] {subprocess.py:93} INFO - reponse_20221024.txt
[2022-11-16T22:36:53.097+0000] {subprocess.py:93} INFO - reponse_20221025.txt
[2022-11-16T22:36:53.097+0000] {subprocess.py:93} INFO - reponse_20221026.txt
[2022-11-16T22:36:53.097+0000] {subprocess.py:93} INFO - reponse_20221027.txt
[2022-11-16T22:36:53.097+0000] {subprocess.py:93} INFO - reponse_20221028.txt
[2022-11-16T22:36:53.098+0000] {subprocess.py:93} INFO - reponse_20221029.txt
[2022-11-16T22:36:53.098+0000] {subprocess.py:93} INFO - reponse_20221030.txt
[2022-11-16T22:36:53.098+0000] {subprocess.py:93} INFO - reponse_20221031.txt
[2022-11-16T22:36:53.099+0000] {subprocess.py:93} INFO - reponse_20221101.txt
[2022-11-16T22:36:53.099+0000] {subprocess.py:93} INFO - reponse_20221102.txt
[2022-11-16T22:36:53.099+0000] {subprocess.py:93} INFO - reponse_20221103.txt
[2022-11-16T22:36:53.100+0000] {subprocess.py:93} INFO - reponse_20221104.txt
[2022-11-16T22:36:53.100+0000] {subprocess.py:93} INFO - reponse_20221105.txt
[2022-11-16T22:36:53.100+0000] {subprocess.py:93} INFO - reponse_20221106.txt
[2022-11-16T22:36:53.100+0000] {subprocess.py:93} INFO - reponse_20221107.txt
[2022-11-16T22:36:53.101+0000] {subprocess.py:93} INFO - reponse_20221108.txt
[2022-11-16T22:36:53.101+0000] {subprocess.py:93} INFO - reponse_20221109.txt
[2022-11-16T22:36:53.101+0000] {subprocess.py:93} INFO - reponse_20221110.txt
[2022-11-16T22:36:53.102+0000] {subprocess.py:93} INFO - reponse_20221111.txt
[2022-11-16T22:36:53.102+0000] {subprocess.py:93} INFO - reponse_20221112.txt
[2022-11-16T22:36:53.102+0000] {subprocess.py:93} INFO - reponse_20221113.txt
[2022-11-16T22:36:53.102+0000] {subprocess.py:93} INFO - reponse_20221114.txt
[2022-11-16T22:36:53.103+0000] {subprocess.py:93} INFO - reponse_20221115.txt
[2022-11-16T22:36:53.103+0000] {subprocess.py:93} INFO - tmp061o5asr
[2022-11-16T22:36:53.103+0000] {subprocess.py:93} INFO - tmp1b_v374g
[2022-11-16T22:36:53.103+0000] {subprocess.py:93} INFO - tmp2n3y4qb3
[2022-11-16T22:36:53.104+0000] {subprocess.py:93} INFO - tmp2ztydtyd
[2022-11-16T22:36:53.104+0000] {subprocess.py:93} INFO - tmp546oqdk0
[2022-11-16T22:36:53.104+0000] {subprocess.py:93} INFO - tmp57roj99h
[2022-11-16T22:36:53.105+0000] {subprocess.py:93} INFO - tmp5lejojs5
[2022-11-16T22:36:53.105+0000] {subprocess.py:93} INFO - tmp5nj2onwa
[2022-11-16T22:36:53.105+0000] {subprocess.py:93} INFO - tmp64cxrvul
[2022-11-16T22:36:53.105+0000] {subprocess.py:93} INFO - tmp6g4l21c1
[2022-11-16T22:36:53.106+0000] {subprocess.py:93} INFO - tmp7c6bgots
[2022-11-16T22:36:53.106+0000] {subprocess.py:93} INFO - tmp7khebugo
[2022-11-16T22:36:53.106+0000] {subprocess.py:93} INFO - tmp7lvtz6wk
[2022-11-16T22:36:53.107+0000] {subprocess.py:93} INFO - tmp8_n1aj39
[2022-11-16T22:36:53.107+0000] {subprocess.py:93} INFO - tmp8c_dsk2e
[2022-11-16T22:36:53.107+0000] {subprocess.py:93} INFO - tmp928ntdt7
[2022-11-16T22:36:53.107+0000] {subprocess.py:93} INFO - tmp9503grtb
[2022-11-16T22:36:53.108+0000] {subprocess.py:93} INFO - tmp_afh1uos
[2022-11-16T22:36:53.108+0000] {subprocess.py:93} INFO - tmp_m6lsnw3
[2022-11-16T22:36:53.108+0000] {subprocess.py:93} INFO - tmp_vy6n6_q
[2022-11-16T22:36:53.109+0000] {subprocess.py:93} INFO - tmpcnj5oj8y
[2022-11-16T22:36:53.109+0000] {subprocess.py:93} INFO - tmpcu_pom_6
[2022-11-16T22:36:53.109+0000] {subprocess.py:93} INFO - tmpdmc2g1zb
[2022-11-16T22:36:53.109+0000] {subprocess.py:93} INFO - tmpe4k1ogev
[2022-11-16T22:36:53.110+0000] {subprocess.py:93} INFO - tmpg_n88zm7
[2022-11-16T22:36:53.110+0000] {subprocess.py:93} INFO - tmpgg8mkst1
[2022-11-16T22:36:53.110+0000] {subprocess.py:93} INFO - tmpgi8v82jx
[2022-11-16T22:36:53.111+0000] {subprocess.py:93} INFO - tmpiez6kail
[2022-11-16T22:36:53.111+0000] {subprocess.py:93} INFO - tmpj1n4wxza
[2022-11-16T22:36:53.111+0000] {subprocess.py:93} INFO - tmpjsznho2e
[2022-11-16T22:36:53.111+0000] {subprocess.py:93} INFO - tmpkrg9_cgk
[2022-11-16T22:36:53.112+0000] {subprocess.py:93} INFO - tmpl13ymsfs
[2022-11-16T22:36:53.112+0000] {subprocess.py:93} INFO - tmplrbhl64b
[2022-11-16T22:36:53.112+0000] {subprocess.py:93} INFO - tmpn38ozedg
[2022-11-16T22:36:53.112+0000] {subprocess.py:93} INFO - tmpn96u_4ih
[2022-11-16T22:36:53.113+0000] {subprocess.py:93} INFO - tmpo3nf6k5c
[2022-11-16T22:36:53.113+0000] {subprocess.py:93} INFO - tmpoy_ljy8t
[2022-11-16T22:36:53.113+0000] {subprocess.py:93} INFO - tmpp4w9yq6x
[2022-11-16T22:36:53.114+0000] {subprocess.py:93} INFO - tmppfidxzjr
[2022-11-16T22:36:53.114+0000] {subprocess.py:93} INFO - tmpr681bhfw
[2022-11-16T22:36:53.114+0000] {subprocess.py:93} INFO - tmpr9102hwf
[2022-11-16T22:36:53.115+0000] {subprocess.py:93} INFO - tmpt4qo16oq
[2022-11-16T22:36:53.115+0000] {subprocess.py:93} INFO - tmptn832g5z
[2022-11-16T22:36:53.115+0000] {subprocess.py:93} INFO - tmpu9qbl0wh
[2022-11-16T22:36:53.115+0000] {subprocess.py:93} INFO - tmpuq8ywung
[2022-11-16T22:36:53.116+0000] {subprocess.py:93} INFO - tmpv606o9_9
[2022-11-16T22:36:53.116+0000] {subprocess.py:93} INFO - tmpxf7g1lc4
[2022-11-16T22:36:53.116+0000] {subprocess.py:93} INFO - tmpxktobcjf
[2022-11-16T22:36:53.117+0000] {subprocess.py:93} INFO - tmpz91iizm7
[2022-11-16T22:36:53.117+0000] {subprocess.py:93} INFO - head: cannot open '/tmp/platzi_data.csv' for reading: No such file or directory
[2022-11-16T22:36:53.117+0000] {subprocess.py:97} INFO - Command exited with return code 1
[2022-11-16T22:36:53.130+0000] {taskinstance.py:1851} ERROR - Task failed with exception
Traceback (most recent call last):
  File "/home/airflow/.local/lib/python3.7/site-packages/airflow/operators/bash.py", line 197, in execute
    f'Bash command failed. The command returned a non-zero exit code {result.exit_code}.'
airflow.exceptions.AirflowException: Bash command failed. The command returned a non-zero exit code 1.
[2022-11-16T22:36:53.137+0000] {taskinstance.py:1406} INFO - Marking task as FAILED. dag_id=MyPersonalAirflowProject, task_id=Print_Imported_data, execution_date=20221001T000000, start_date=20221116T223652, end_date=20221116T223653
[2022-11-16T22:36:53.156+0000] {standard_task_runner.py:105} ERROR - Failed to execute job 1702 for task Print_Imported_data (Bash command failed. The command returned a non-zero exit code 1.; 6562)
[2022-11-16T22:36:53.197+0000] {local_task_job.py:164} INFO - Task exited with return code 1
[2022-11-16T22:36:53.222+0000] {local_task_job.py:273} INFO - 0 downstream tasks scheduled from follow-on schedule check
