[2022-11-16T22:10:42.788+0000] {taskinstance.py:1165} INFO - Dependencies all met for <TaskInstance: MyPersonalAirflowProject.Print_Imported_data scheduled__2022-10-01T00:00:00+00:00 [queued]>
[2022-11-16T22:10:42.808+0000] {taskinstance.py:1165} INFO - Dependencies all met for <TaskInstance: MyPersonalAirflowProject.Print_Imported_data scheduled__2022-10-01T00:00:00+00:00 [queued]>
[2022-11-16T22:10:42.809+0000] {taskinstance.py:1362} INFO - 
--------------------------------------------------------------------------------
[2022-11-16T22:10:42.810+0000] {taskinstance.py:1363} INFO - Starting attempt 1 of 1
[2022-11-16T22:10:42.811+0000] {taskinstance.py:1364} INFO - 
--------------------------------------------------------------------------------
[2022-11-16T22:10:42.834+0000] {taskinstance.py:1383} INFO - Executing <Task(BashOperator): Print_Imported_data> on 2022-10-01 00:00:00+00:00
[2022-11-16T22:10:42.841+0000] {standard_task_runner.py:55} INFO - Started process 4727 to run task
[2022-11-16T22:10:42.845+0000] {standard_task_runner.py:82} INFO - Running: ['***', 'tasks', 'run', 'MyPersonalAirflowProject', 'Print_Imported_data', 'scheduled__2022-10-01T00:00:00+00:00', '--job-id', '1445', '--raw', '--subdir', 'DAGS_FOLDER/FinalPersonalProject.py', '--cfg-path', '/tmp/tmpsqo8wi4w']
[2022-11-16T22:10:42.846+0000] {standard_task_runner.py:83} INFO - Job 1445: Subtask Print_Imported_data
[2022-11-16T22:10:42.915+0000] {task_command.py:376} INFO - Running <TaskInstance: MyPersonalAirflowProject.Print_Imported_data scheduled__2022-10-01T00:00:00+00:00 [running]> on host 638485efabe7
[2022-11-16T22:10:42.996+0000] {taskinstance.py:1592} INFO - Exporting the following env vars:
AIRFLOW_CTX_DAG_OWNER=***
AIRFLOW_CTX_DAG_ID=MyPersonalAirflowProject
AIRFLOW_CTX_TASK_ID=Print_Imported_data
AIRFLOW_CTX_EXECUTION_DATE=2022-10-01T00:00:00+00:00
AIRFLOW_CTX_TRY_NUMBER=1
AIRFLOW_CTX_DAG_RUN_ID=scheduled__2022-10-01T00:00:00+00:00
[2022-11-16T22:10:42.998+0000] {subprocess.py:63} INFO - Tmp dir root location: 
 /tmp
[2022-11-16T22:10:42.999+0000] {subprocess.py:75} INFO - Running command: ['/bin/bash', '-c', 'ls /tmp/ && head /tmp/platzi_data.csv']
[2022-11-16T22:10:43.012+0000] {subprocess.py:86} INFO - Output:
[2022-11-16T22:10:43.029+0000] {subprocess.py:93} INFO - ***tmpk5xxq3nx
[2022-11-16T22:10:43.030+0000] {subprocess.py:93} INFO - ***tmplkvca7ip
[2022-11-16T22:10:43.030+0000] {subprocess.py:93} INFO - ***tmpodkacs8z
[2022-11-16T22:10:43.030+0000] {subprocess.py:93} INFO - ***tmpu17h7a2z
[2022-11-16T22:10:43.031+0000] {subprocess.py:93} INFO - file.txt
[2022-11-16T22:10:43.031+0000] {subprocess.py:93} INFO - history.json
[2022-11-16T22:10:43.031+0000] {subprocess.py:93} INFO - platzi_data_20221001.csv
[2022-11-16T22:10:43.031+0000] {subprocess.py:93} INFO - pymp-8yik9lbi
[2022-11-16T22:10:43.032+0000] {subprocess.py:93} INFO - pymp-y00k7agg
[2022-11-16T22:10:43.032+0000] {subprocess.py:93} INFO - reponse_20221001.txt
[2022-11-16T22:10:43.032+0000] {subprocess.py:93} INFO - reponse_20221022.txt
[2022-11-16T22:10:43.033+0000] {subprocess.py:93} INFO - reponse_20221023.txt
[2022-11-16T22:10:43.033+0000] {subprocess.py:93} INFO - reponse_20221024.txt
[2022-11-16T22:10:43.034+0000] {subprocess.py:93} INFO - reponse_20221025.txt
[2022-11-16T22:10:43.034+0000] {subprocess.py:93} INFO - reponse_20221026.txt
[2022-11-16T22:10:43.034+0000] {subprocess.py:93} INFO - reponse_20221027.txt
[2022-11-16T22:10:43.035+0000] {subprocess.py:93} INFO - reponse_20221028.txt
[2022-11-16T22:10:43.035+0000] {subprocess.py:93} INFO - reponse_20221029.txt
[2022-11-16T22:10:43.035+0000] {subprocess.py:93} INFO - reponse_20221030.txt
[2022-11-16T22:10:43.036+0000] {subprocess.py:93} INFO - reponse_20221031.txt
[2022-11-16T22:10:43.036+0000] {subprocess.py:93} INFO - reponse_20221101.txt
[2022-11-16T22:10:43.037+0000] {subprocess.py:93} INFO - reponse_20221102.txt
[2022-11-16T22:10:43.037+0000] {subprocess.py:93} INFO - reponse_20221103.txt
[2022-11-16T22:10:43.037+0000] {subprocess.py:93} INFO - reponse_20221104.txt
[2022-11-16T22:10:43.038+0000] {subprocess.py:93} INFO - reponse_20221105.txt
[2022-11-16T22:10:43.038+0000] {subprocess.py:93} INFO - reponse_20221106.txt
[2022-11-16T22:10:43.038+0000] {subprocess.py:93} INFO - reponse_20221107.txt
[2022-11-16T22:10:43.039+0000] {subprocess.py:93} INFO - reponse_20221108.txt
[2022-11-16T22:10:43.039+0000] {subprocess.py:93} INFO - reponse_20221109.txt
[2022-11-16T22:10:43.039+0000] {subprocess.py:93} INFO - reponse_20221110.txt
[2022-11-16T22:10:43.039+0000] {subprocess.py:93} INFO - reponse_20221111.txt
[2022-11-16T22:10:43.040+0000] {subprocess.py:93} INFO - reponse_20221112.txt
[2022-11-16T22:10:43.040+0000] {subprocess.py:93} INFO - reponse_20221113.txt
[2022-11-16T22:10:43.040+0000] {subprocess.py:93} INFO - reponse_20221114.txt
[2022-11-16T22:10:43.041+0000] {subprocess.py:93} INFO - reponse_20221115.txt
[2022-11-16T22:10:43.041+0000] {subprocess.py:93} INFO - tmp061o5asr
[2022-11-16T22:10:43.041+0000] {subprocess.py:93} INFO - tmp1b_v374g
[2022-11-16T22:10:43.042+0000] {subprocess.py:93} INFO - tmp2n3y4qb3
[2022-11-16T22:10:43.042+0000] {subprocess.py:93} INFO - tmp2ztydtyd
[2022-11-16T22:10:43.042+0000] {subprocess.py:93} INFO - tmp546oqdk0
[2022-11-16T22:10:43.043+0000] {subprocess.py:93} INFO - tmp57roj99h
[2022-11-16T22:10:43.044+0000] {subprocess.py:93} INFO - tmp5lejojs5
[2022-11-16T22:10:43.044+0000] {subprocess.py:93} INFO - tmp5nj2onwa
[2022-11-16T22:10:43.045+0000] {subprocess.py:93} INFO - tmp64cxrvul
[2022-11-16T22:10:43.045+0000] {subprocess.py:93} INFO - tmp6g4l21c1
[2022-11-16T22:10:43.045+0000] {subprocess.py:93} INFO - tmp7c6bgots
[2022-11-16T22:10:43.046+0000] {subprocess.py:93} INFO - tmp7khebugo
[2022-11-16T22:10:43.046+0000] {subprocess.py:93} INFO - tmp7lvtz6wk
[2022-11-16T22:10:43.046+0000] {subprocess.py:93} INFO - tmp8_n1aj39
[2022-11-16T22:10:43.046+0000] {subprocess.py:93} INFO - tmp8c_dsk2e
[2022-11-16T22:10:43.047+0000] {subprocess.py:93} INFO - tmp928ntdt7
[2022-11-16T22:10:43.047+0000] {subprocess.py:93} INFO - tmp9503grtb
[2022-11-16T22:10:43.048+0000] {subprocess.py:93} INFO - tmp_afh1uos
[2022-11-16T22:10:43.048+0000] {subprocess.py:93} INFO - tmp_m6lsnw3
[2022-11-16T22:10:43.048+0000] {subprocess.py:93} INFO - tmp_vy6n6_q
[2022-11-16T22:10:43.048+0000] {subprocess.py:93} INFO - tmpcnj5oj8y
[2022-11-16T22:10:43.049+0000] {subprocess.py:93} INFO - tmpcu_pom_6
[2022-11-16T22:10:43.049+0000] {subprocess.py:93} INFO - tmpdmc2g1zb
[2022-11-16T22:10:43.049+0000] {subprocess.py:93} INFO - tmpe4k1ogev
[2022-11-16T22:10:43.050+0000] {subprocess.py:93} INFO - tmpg_n88zm7
[2022-11-16T22:10:43.050+0000] {subprocess.py:93} INFO - tmpgg8mkst1
[2022-11-16T22:10:43.050+0000] {subprocess.py:93} INFO - tmpgi8v82jx
[2022-11-16T22:10:43.051+0000] {subprocess.py:93} INFO - tmpiez6kail
[2022-11-16T22:10:43.051+0000] {subprocess.py:93} INFO - tmpj1n4wxza
[2022-11-16T22:10:43.051+0000] {subprocess.py:93} INFO - tmpjsznho2e
[2022-11-16T22:10:43.051+0000] {subprocess.py:93} INFO - tmpkrg9_cgk
[2022-11-16T22:10:43.052+0000] {subprocess.py:93} INFO - tmpl13ymsfs
[2022-11-16T22:10:43.052+0000] {subprocess.py:93} INFO - tmplrbhl64b
[2022-11-16T22:10:43.052+0000] {subprocess.py:93} INFO - tmpn38ozedg
[2022-11-16T22:10:43.053+0000] {subprocess.py:93} INFO - tmpn96u_4ih
[2022-11-16T22:10:43.053+0000] {subprocess.py:93} INFO - tmpo3nf6k5c
[2022-11-16T22:10:43.053+0000] {subprocess.py:93} INFO - tmpoy_ljy8t
[2022-11-16T22:10:43.054+0000] {subprocess.py:93} INFO - tmpp4w9yq6x
[2022-11-16T22:10:43.054+0000] {subprocess.py:93} INFO - tmppfidxzjr
[2022-11-16T22:10:43.054+0000] {subprocess.py:93} INFO - tmpr681bhfw
[2022-11-16T22:10:43.055+0000] {subprocess.py:93} INFO - tmpr9102hwf
[2022-11-16T22:10:43.055+0000] {subprocess.py:93} INFO - tmpt4qo16oq
[2022-11-16T22:10:43.055+0000] {subprocess.py:93} INFO - tmptn832g5z
[2022-11-16T22:10:43.055+0000] {subprocess.py:93} INFO - tmpu9qbl0wh
[2022-11-16T22:10:43.056+0000] {subprocess.py:93} INFO - tmpuq8ywung
[2022-11-16T22:10:43.056+0000] {subprocess.py:93} INFO - tmpv606o9_9
[2022-11-16T22:10:43.056+0000] {subprocess.py:93} INFO - tmpxf7g1lc4
[2022-11-16T22:10:43.057+0000] {subprocess.py:93} INFO - tmpxktobcjf
[2022-11-16T22:10:43.057+0000] {subprocess.py:93} INFO - tmpz91iizm7
[2022-11-16T22:10:43.058+0000] {subprocess.py:93} INFO - head: cannot open '/tmp/platzi_data.csv' for reading: No such file or directory
[2022-11-16T22:10:43.058+0000] {subprocess.py:97} INFO - Command exited with return code 1
[2022-11-16T22:10:43.071+0000] {taskinstance.py:1851} ERROR - Task failed with exception
Traceback (most recent call last):
  File "/home/airflow/.local/lib/python3.7/site-packages/airflow/operators/bash.py", line 197, in execute
    f'Bash command failed. The command returned a non-zero exit code {result.exit_code}.'
airflow.exceptions.AirflowException: Bash command failed. The command returned a non-zero exit code 1.
[2022-11-16T22:10:43.079+0000] {taskinstance.py:1406} INFO - Marking task as FAILED. dag_id=MyPersonalAirflowProject, task_id=Print_Imported_data, execution_date=20221001T000000, start_date=20221116T221042, end_date=20221116T221043
[2022-11-16T22:10:43.097+0000] {standard_task_runner.py:105} ERROR - Failed to execute job 1445 for task Print_Imported_data (Bash command failed. The command returned a non-zero exit code 1.; 4727)
[2022-11-16T22:10:43.169+0000] {local_task_job.py:164} INFO - Task exited with return code 1
[2022-11-16T22:10:43.190+0000] {local_task_job.py:273} INFO - 0 downstream tasks scheduled from follow-on schedule check
[2022-11-17T16:24:28.972+0000] {taskinstance.py:1165} INFO - Dependencies all met for <TaskInstance: MyPersonalAirflowProject.Print_Imported_data scheduled__2022-10-01T00:00:00+00:00 [queued]>
[2022-11-17T16:24:28.985+0000] {taskinstance.py:1165} INFO - Dependencies all met for <TaskInstance: MyPersonalAirflowProject.Print_Imported_data scheduled__2022-10-01T00:00:00+00:00 [queued]>
[2022-11-17T16:24:28.985+0000] {taskinstance.py:1362} INFO - 
--------------------------------------------------------------------------------
[2022-11-17T16:24:28.986+0000] {taskinstance.py:1363} INFO - Starting attempt 1 of 1
[2022-11-17T16:24:28.986+0000] {taskinstance.py:1364} INFO - 
--------------------------------------------------------------------------------
[2022-11-17T16:24:29.002+0000] {taskinstance.py:1383} INFO - Executing <Task(BashOperator): Print_Imported_data> on 2022-10-01 00:00:00+00:00
[2022-11-17T16:24:29.008+0000] {standard_task_runner.py:55} INFO - Started process 2913 to run task
[2022-11-17T16:24:29.010+0000] {standard_task_runner.py:82} INFO - Running: ['***', 'tasks', 'run', 'MyPersonalAirflowProject', 'Print_Imported_data', 'scheduled__2022-10-01T00:00:00+00:00', '--job-id', '2029', '--raw', '--subdir', 'DAGS_FOLDER/FinalPersonalProject.py', '--cfg-path', '/tmp/tmpemabxb2p']
[2022-11-17T16:24:29.011+0000] {standard_task_runner.py:83} INFO - Job 2029: Subtask Print_Imported_data
[2022-11-17T16:24:29.076+0000] {task_command.py:376} INFO - Running <TaskInstance: MyPersonalAirflowProject.Print_Imported_data scheduled__2022-10-01T00:00:00+00:00 [running]> on host 638485efabe7
[2022-11-17T16:24:29.153+0000] {taskinstance.py:1592} INFO - Exporting the following env vars:
AIRFLOW_CTX_DAG_OWNER=***
AIRFLOW_CTX_DAG_ID=MyPersonalAirflowProject
AIRFLOW_CTX_TASK_ID=Print_Imported_data
AIRFLOW_CTX_EXECUTION_DATE=2022-10-01T00:00:00+00:00
AIRFLOW_CTX_TRY_NUMBER=1
AIRFLOW_CTX_DAG_RUN_ID=scheduled__2022-10-01T00:00:00+00:00
[2022-11-17T16:24:29.155+0000] {subprocess.py:63} INFO - Tmp dir root location: 
 /tmp
[2022-11-17T16:24:29.156+0000] {subprocess.py:75} INFO - Running command: ['/bin/bash', '-c', 'ls /tmp/ && head /tmp/platzi_data_20221001.csv']
[2022-11-17T16:24:29.168+0000] {subprocess.py:86} INFO - Output:
[2022-11-17T16:24:29.181+0000] {subprocess.py:93} INFO - ***tmpk5xxq3nx
[2022-11-17T16:24:29.182+0000] {subprocess.py:93} INFO - ***tmplkvca7ip
[2022-11-17T16:24:29.183+0000] {subprocess.py:93} INFO - ***tmpmlwadwvc
[2022-11-17T16:24:29.183+0000] {subprocess.py:93} INFO - ***tmpodkacs8z
[2022-11-17T16:24:29.184+0000] {subprocess.py:93} INFO - file.txt
[2022-11-17T16:24:29.184+0000] {subprocess.py:93} INFO - history.json
[2022-11-17T16:24:29.185+0000] {subprocess.py:93} INFO - platzi_data_20221001.csv
[2022-11-17T16:24:29.185+0000] {subprocess.py:93} INFO - platzi_data_20221002.csv
[2022-11-17T16:24:29.185+0000] {subprocess.py:93} INFO - platzi_data_20221003.csv
[2022-11-17T16:24:29.186+0000] {subprocess.py:93} INFO - platzi_data_20221004.csv
[2022-11-17T16:24:29.186+0000] {subprocess.py:93} INFO - platzi_data_20221005.csv
[2022-11-17T16:24:29.186+0000] {subprocess.py:93} INFO - platzi_data_20221006.csv
[2022-11-17T16:24:29.186+0000] {subprocess.py:93} INFO - platzi_data_20221007.csv
[2022-11-17T16:24:29.187+0000] {subprocess.py:93} INFO - platzi_data_20221008.csv
[2022-11-17T16:24:29.187+0000] {subprocess.py:93} INFO - platzi_data_20221009.csv
[2022-11-17T16:24:29.187+0000] {subprocess.py:93} INFO - platzi_data_20221010.csv
[2022-11-17T16:24:29.188+0000] {subprocess.py:93} INFO - platzi_data_20221011.csv
[2022-11-17T16:24:29.188+0000] {subprocess.py:93} INFO - platzi_data_20221012.csv
[2022-11-17T16:24:29.188+0000] {subprocess.py:93} INFO - platzi_data_20221013.csv
[2022-11-17T16:24:29.188+0000] {subprocess.py:93} INFO - platzi_data_20221014.csv
[2022-11-17T16:24:29.189+0000] {subprocess.py:93} INFO - platzi_data_20221015.csv
[2022-11-17T16:24:29.189+0000] {subprocess.py:93} INFO - platzi_data_20221016.csv
[2022-11-17T16:24:29.190+0000] {subprocess.py:93} INFO - platzi_data_20221017.csv
[2022-11-17T16:24:29.190+0000] {subprocess.py:93} INFO - platzi_data_20221018.csv
[2022-11-17T16:24:29.190+0000] {subprocess.py:93} INFO - platzi_data_20221019.csv
[2022-11-17T16:24:29.191+0000] {subprocess.py:93} INFO - platzi_data_20221020.csv
[2022-11-17T16:24:29.191+0000] {subprocess.py:93} INFO - platzi_data_20221021.csv
[2022-11-17T16:24:29.191+0000] {subprocess.py:93} INFO - platzi_data_20221022.csv
[2022-11-17T16:24:29.192+0000] {subprocess.py:93} INFO - platzi_data_20221023.csv
[2022-11-17T16:24:29.192+0000] {subprocess.py:93} INFO - platzi_data_20221024.csv
[2022-11-17T16:24:29.192+0000] {subprocess.py:93} INFO - platzi_data_20221025.csv
[2022-11-17T16:24:29.192+0000] {subprocess.py:93} INFO - platzi_data_20221026.csv
[2022-11-17T16:24:29.193+0000] {subprocess.py:93} INFO - platzi_data_20221027.csv
[2022-11-17T16:24:29.193+0000] {subprocess.py:93} INFO - platzi_data_20221028.csv
[2022-11-17T16:24:29.193+0000] {subprocess.py:93} INFO - platzi_data_20221029.csv
[2022-11-17T16:24:29.194+0000] {subprocess.py:93} INFO - platzi_data_20221030.csv
[2022-11-17T16:24:29.194+0000] {subprocess.py:93} INFO - platzi_data_20221031.csv
[2022-11-17T16:24:29.194+0000] {subprocess.py:93} INFO - platzi_data_20221101.csv
[2022-11-17T16:24:29.195+0000] {subprocess.py:93} INFO - platzi_data_20221102.csv
[2022-11-17T16:24:29.195+0000] {subprocess.py:93} INFO - platzi_data_20221103.csv
[2022-11-17T16:24:29.195+0000] {subprocess.py:93} INFO - platzi_data_20221104.csv
[2022-11-17T16:24:29.195+0000] {subprocess.py:93} INFO - platzi_data_20221105.csv
[2022-11-17T16:24:29.196+0000] {subprocess.py:93} INFO - platzi_data_20221106.csv
[2022-11-17T16:24:29.196+0000] {subprocess.py:93} INFO - platzi_data_20221107.csv
[2022-11-17T16:24:29.196+0000] {subprocess.py:93} INFO - platzi_data_20221108.csv
[2022-11-17T16:24:29.196+0000] {subprocess.py:93} INFO - platzi_data_20221109.csv
[2022-11-17T16:24:29.197+0000] {subprocess.py:93} INFO - platzi_data_20221110.csv
[2022-11-17T16:24:29.197+0000] {subprocess.py:93} INFO - platzi_data_20221111.csv
[2022-11-17T16:24:29.197+0000] {subprocess.py:93} INFO - platzi_data_20221112.csv
[2022-11-17T16:24:29.197+0000] {subprocess.py:93} INFO - platzi_data_20221113.csv
[2022-11-17T16:24:29.198+0000] {subprocess.py:93} INFO - platzi_data_20221114.csv
[2022-11-17T16:24:29.198+0000] {subprocess.py:93} INFO - platzi_data_20221115.csv
[2022-11-17T16:24:29.198+0000] {subprocess.py:93} INFO - platzi_data_20221116.csv
[2022-11-17T16:24:29.198+0000] {subprocess.py:93} INFO - pymp-8yik9lbi
[2022-11-17T16:24:29.199+0000] {subprocess.py:93} INFO - pymp-sbqt6pho
[2022-11-17T16:24:29.199+0000] {subprocess.py:93} INFO - reponse_20221001.txt
[2022-11-17T16:24:29.199+0000] {subprocess.py:93} INFO - reponse_20221002.txt
[2022-11-17T16:24:29.199+0000] {subprocess.py:93} INFO - reponse_20221003.txt
[2022-11-17T16:24:29.200+0000] {subprocess.py:93} INFO - reponse_20221004.txt
[2022-11-17T16:24:29.200+0000] {subprocess.py:93} INFO - reponse_20221005.txt
[2022-11-17T16:24:29.200+0000] {subprocess.py:93} INFO - reponse_20221006.txt
[2022-11-17T16:24:29.200+0000] {subprocess.py:93} INFO - reponse_20221007.txt
[2022-11-17T16:24:29.201+0000] {subprocess.py:93} INFO - reponse_20221008.txt
[2022-11-17T16:24:29.201+0000] {subprocess.py:93} INFO - reponse_20221009.txt
[2022-11-17T16:24:29.201+0000] {subprocess.py:93} INFO - reponse_20221010.txt
[2022-11-17T16:24:29.201+0000] {subprocess.py:93} INFO - reponse_20221011.txt
[2022-11-17T16:24:29.202+0000] {subprocess.py:93} INFO - reponse_20221012.txt
[2022-11-17T16:24:29.202+0000] {subprocess.py:93} INFO - reponse_20221013.txt
[2022-11-17T16:24:29.202+0000] {subprocess.py:93} INFO - reponse_20221014.txt
[2022-11-17T16:24:29.202+0000] {subprocess.py:93} INFO - reponse_20221015.txt
[2022-11-17T16:24:29.203+0000] {subprocess.py:93} INFO - reponse_20221016.txt
[2022-11-17T16:24:29.203+0000] {subprocess.py:93} INFO - reponse_20221017.txt
[2022-11-17T16:24:29.203+0000] {subprocess.py:93} INFO - reponse_20221018.txt
[2022-11-17T16:24:29.203+0000] {subprocess.py:93} INFO - reponse_20221019.txt
[2022-11-17T16:24:29.204+0000] {subprocess.py:93} INFO - reponse_20221020.txt
[2022-11-17T16:24:29.204+0000] {subprocess.py:93} INFO - reponse_20221021.txt
[2022-11-17T16:24:29.204+0000] {subprocess.py:93} INFO - reponse_20221022.txt
[2022-11-17T16:24:29.204+0000] {subprocess.py:93} INFO - reponse_20221023.txt
[2022-11-17T16:24:29.205+0000] {subprocess.py:93} INFO - reponse_20221024.txt
[2022-11-17T16:24:29.205+0000] {subprocess.py:93} INFO - reponse_20221025.txt
[2022-11-17T16:24:29.205+0000] {subprocess.py:93} INFO - reponse_20221026.txt
[2022-11-17T16:24:29.206+0000] {subprocess.py:93} INFO - reponse_20221027.txt
[2022-11-17T16:24:29.206+0000] {subprocess.py:93} INFO - reponse_20221028.txt
[2022-11-17T16:24:29.206+0000] {subprocess.py:93} INFO - reponse_20221029.txt
[2022-11-17T16:24:29.207+0000] {subprocess.py:93} INFO - reponse_20221030.txt
[2022-11-17T16:24:29.207+0000] {subprocess.py:93} INFO - reponse_20221031.txt
[2022-11-17T16:24:29.208+0000] {subprocess.py:93} INFO - reponse_20221101.txt
[2022-11-17T16:24:29.208+0000] {subprocess.py:93} INFO - reponse_20221102.txt
[2022-11-17T16:24:29.208+0000] {subprocess.py:93} INFO - reponse_20221103.txt
[2022-11-17T16:24:29.209+0000] {subprocess.py:93} INFO - reponse_20221104.txt
[2022-11-17T16:24:29.209+0000] {subprocess.py:93} INFO - reponse_20221105.txt
[2022-11-17T16:24:29.209+0000] {subprocess.py:93} INFO - reponse_20221106.txt
[2022-11-17T16:24:29.210+0000] {subprocess.py:93} INFO - reponse_20221107.txt
[2022-11-17T16:24:29.210+0000] {subprocess.py:93} INFO - reponse_20221108.txt
[2022-11-17T16:24:29.210+0000] {subprocess.py:93} INFO - reponse_20221109.txt
[2022-11-17T16:24:29.210+0000] {subprocess.py:93} INFO - reponse_20221110.txt
[2022-11-17T16:24:29.211+0000] {subprocess.py:93} INFO - reponse_20221111.txt
[2022-11-17T16:24:29.211+0000] {subprocess.py:93} INFO - reponse_20221112.txt
[2022-11-17T16:24:29.211+0000] {subprocess.py:93} INFO - reponse_20221113.txt
[2022-11-17T16:24:29.211+0000] {subprocess.py:93} INFO - reponse_20221114.txt
[2022-11-17T16:24:29.212+0000] {subprocess.py:93} INFO - reponse_20221115.txt
[2022-11-17T16:24:29.212+0000] {subprocess.py:93} INFO - reponse_20221116.txt
[2022-11-17T16:24:29.212+0000] {subprocess.py:93} INFO - tmp061o5asr
[2022-11-17T16:24:29.212+0000] {subprocess.py:93} INFO - tmp1b_v374g
[2022-11-17T16:24:29.213+0000] {subprocess.py:93} INFO - tmp2n3y4qb3
[2022-11-17T16:24:29.213+0000] {subprocess.py:93} INFO - tmp2ztydtyd
[2022-11-17T16:24:29.213+0000] {subprocess.py:93} INFO - tmp546oqdk0
[2022-11-17T16:24:29.213+0000] {subprocess.py:93} INFO - tmp57roj99h
[2022-11-17T16:24:29.214+0000] {subprocess.py:93} INFO - tmp5lejojs5
[2022-11-17T16:24:29.214+0000] {subprocess.py:93} INFO - tmp5nj2onwa
[2022-11-17T16:24:29.214+0000] {subprocess.py:93} INFO - tmp64cxrvul
[2022-11-17T16:24:29.215+0000] {subprocess.py:93} INFO - tmp6g4l21c1
[2022-11-17T16:24:29.215+0000] {subprocess.py:93} INFO - tmp7c6bgots
[2022-11-17T16:24:29.215+0000] {subprocess.py:93} INFO - tmp7khebugo
[2022-11-17T16:24:29.215+0000] {subprocess.py:93} INFO - tmp7lvtz6wk
[2022-11-17T16:24:29.216+0000] {subprocess.py:93} INFO - tmp8_n1aj39
[2022-11-17T16:24:29.216+0000] {subprocess.py:93} INFO - tmp8c_dsk2e
[2022-11-17T16:24:29.216+0000] {subprocess.py:93} INFO - tmp928ntdt7
[2022-11-17T16:24:29.216+0000] {subprocess.py:93} INFO - tmp9503grtb
[2022-11-17T16:24:29.217+0000] {subprocess.py:93} INFO - tmp_afh1uos
[2022-11-17T16:24:29.217+0000] {subprocess.py:93} INFO - tmp_m6lsnw3
[2022-11-17T16:24:29.217+0000] {subprocess.py:93} INFO - tmp_vy6n6_q
[2022-11-17T16:24:29.217+0000] {subprocess.py:93} INFO - tmpcnj5oj8y
[2022-11-17T16:24:29.218+0000] {subprocess.py:93} INFO - tmpcu_pom_6
[2022-11-17T16:24:29.218+0000] {subprocess.py:93} INFO - tmpdmc2g1zb
[2022-11-17T16:24:29.218+0000] {subprocess.py:93} INFO - tmpe4k1ogev
[2022-11-17T16:24:29.218+0000] {subprocess.py:93} INFO - tmpg_n88zm7
[2022-11-17T16:24:29.219+0000] {subprocess.py:93} INFO - tmpgg8mkst1
[2022-11-17T16:24:29.219+0000] {subprocess.py:93} INFO - tmpgi8v82jx
[2022-11-17T16:24:29.219+0000] {subprocess.py:93} INFO - tmpiez6kail
[2022-11-17T16:24:29.219+0000] {subprocess.py:93} INFO - tmpj1n4wxza
[2022-11-17T16:24:29.220+0000] {subprocess.py:93} INFO - tmpjsznho2e
[2022-11-17T16:24:29.220+0000] {subprocess.py:93} INFO - tmpkrg9_cgk
[2022-11-17T16:24:29.220+0000] {subprocess.py:93} INFO - tmpl13ymsfs
[2022-11-17T16:24:29.220+0000] {subprocess.py:93} INFO - tmplrbhl64b
[2022-11-17T16:24:29.221+0000] {subprocess.py:93} INFO - tmpn38ozedg
[2022-11-17T16:24:29.221+0000] {subprocess.py:93} INFO - tmpn96u_4ih
[2022-11-17T16:24:29.221+0000] {subprocess.py:93} INFO - tmpo3nf6k5c
[2022-11-17T16:24:29.221+0000] {subprocess.py:93} INFO - tmpoy_ljy8t
[2022-11-17T16:24:29.222+0000] {subprocess.py:93} INFO - tmpp4w9yq6x
[2022-11-17T16:24:29.222+0000] {subprocess.py:93} INFO - tmppfidxzjr
[2022-11-17T16:24:29.222+0000] {subprocess.py:93} INFO - tmpr681bhfw
[2022-11-17T16:24:29.223+0000] {subprocess.py:93} INFO - tmpr9102hwf
[2022-11-17T16:24:29.224+0000] {subprocess.py:93} INFO - tmpt4qo16oq
[2022-11-17T16:24:29.224+0000] {subprocess.py:93} INFO - tmptn832g5z
[2022-11-17T16:24:29.224+0000] {subprocess.py:93} INFO - tmpu9qbl0wh
[2022-11-17T16:24:29.225+0000] {subprocess.py:93} INFO - tmpuq8ywung
[2022-11-17T16:24:29.225+0000] {subprocess.py:93} INFO - tmpv606o9_9
[2022-11-17T16:24:29.225+0000] {subprocess.py:93} INFO - tmpxf7g1lc4
[2022-11-17T16:24:29.225+0000] {subprocess.py:93} INFO - tmpxktobcjf
[2022-11-17T16:24:29.226+0000] {subprocess.py:93} INFO - tmpz91iizm7
[2022-11-17T16:24:29.226+0000] {subprocess.py:93} INFO - ,student,timestamp
[2022-11-17T16:24:29.226+0000] {subprocess.py:93} INFO - 0,Maria Cruz,2022-10-01 00:00:00+00:00
[2022-11-17T16:24:29.227+0000] {subprocess.py:93} INFO - 1,Daniel Crema,2022-10-01 00:00:00+00:00
[2022-11-17T16:24:29.227+0000] {subprocess.py:93} INFO - 2,Elon Musk,2022-10-01 00:00:00+00:00
[2022-11-17T16:24:29.227+0000] {subprocess.py:93} INFO - 3,Karol Castrejon,2022-10-01 00:00:00+00:00
[2022-11-17T16:24:29.227+0000] {subprocess.py:93} INFO - 4,Freddy Vega,2022-10-01 00:00:00+00:00
[2022-11-17T16:24:29.228+0000] {subprocess.py:93} INFO - 5,Freddy Montañez,2022-10-01 00:00:00+00:00
[2022-11-17T16:24:29.228+0000] {subprocess.py:97} INFO - Command exited with return code 0
[2022-11-17T16:24:29.264+0000] {taskinstance.py:1406} INFO - Marking task as SUCCESS. dag_id=MyPersonalAirflowProject, task_id=Print_Imported_data, execution_date=20221001T000000, start_date=20221117T162428, end_date=20221117T162429
[2022-11-17T16:24:29.303+0000] {local_task_job.py:164} INFO - Task exited with return code 0
[2022-11-17T16:24:29.330+0000] {local_task_job.py:273} INFO - 2 downstream tasks scheduled from follow-on schedule check
[2022-11-17T17:16:36.565+0000] {taskinstance.py:1165} INFO - Dependencies all met for <TaskInstance: MyPersonalAirflowProject.Print_Imported_data scheduled__2022-10-01T00:00:00+00:00 [queued]>
[2022-11-17T17:16:36.580+0000] {taskinstance.py:1165} INFO - Dependencies all met for <TaskInstance: MyPersonalAirflowProject.Print_Imported_data scheduled__2022-10-01T00:00:00+00:00 [queued]>
[2022-11-17T17:16:36.581+0000] {taskinstance.py:1362} INFO - 
--------------------------------------------------------------------------------
[2022-11-17T17:16:36.582+0000] {taskinstance.py:1363} INFO - Starting attempt 1 of 1
[2022-11-17T17:16:36.582+0000] {taskinstance.py:1364} INFO - 
--------------------------------------------------------------------------------
[2022-11-17T17:16:36.600+0000] {taskinstance.py:1383} INFO - Executing <Task(BashOperator): Print_Imported_data> on 2022-10-01 00:00:00+00:00
[2022-11-17T17:16:36.606+0000] {standard_task_runner.py:55} INFO - Started process 6554 to run task
[2022-11-17T17:16:36.609+0000] {standard_task_runner.py:82} INFO - Running: ['***', 'tasks', 'run', 'MyPersonalAirflowProject', 'Print_Imported_data', 'scheduled__2022-10-01T00:00:00+00:00', '--job-id', '2439', '--raw', '--subdir', 'DAGS_FOLDER/FinalPersonalProject.py', '--cfg-path', '/tmp/tmpbb73d9a1']
[2022-11-17T17:16:36.610+0000] {standard_task_runner.py:83} INFO - Job 2439: Subtask Print_Imported_data
[2022-11-17T17:16:36.678+0000] {task_command.py:376} INFO - Running <TaskInstance: MyPersonalAirflowProject.Print_Imported_data scheduled__2022-10-01T00:00:00+00:00 [running]> on host 638485efabe7
[2022-11-17T17:16:36.757+0000] {taskinstance.py:1592} INFO - Exporting the following env vars:
AIRFLOW_CTX_DAG_OWNER=***
AIRFLOW_CTX_DAG_ID=MyPersonalAirflowProject
AIRFLOW_CTX_TASK_ID=Print_Imported_data
AIRFLOW_CTX_EXECUTION_DATE=2022-10-01T00:00:00+00:00
AIRFLOW_CTX_TRY_NUMBER=1
AIRFLOW_CTX_DAG_RUN_ID=scheduled__2022-10-01T00:00:00+00:00
[2022-11-17T17:16:36.758+0000] {subprocess.py:63} INFO - Tmp dir root location: 
 /tmp
[2022-11-17T17:16:36.759+0000] {subprocess.py:75} INFO - Running command: ['/bin/bash', '-c', 'ls /tmp/ && head /tmp/platzi_data_20221001.csv']
[2022-11-17T17:16:36.770+0000] {subprocess.py:86} INFO - Output:
[2022-11-17T17:16:36.776+0000] {subprocess.py:93} INFO - ***tmp9g5twr7c
[2022-11-17T17:16:36.776+0000] {subprocess.py:93} INFO - ***tmpk5xxq3nx
[2022-11-17T17:16:36.777+0000] {subprocess.py:93} INFO - ***tmplkvca7ip
[2022-11-17T17:16:36.778+0000] {subprocess.py:93} INFO - ***tmpodkacs8z
[2022-11-17T17:16:36.778+0000] {subprocess.py:93} INFO - file.txt
[2022-11-17T17:16:36.779+0000] {subprocess.py:93} INFO - history.json
[2022-11-17T17:16:36.780+0000] {subprocess.py:93} INFO - platzi_data_20221001.csv
[2022-11-17T17:16:36.781+0000] {subprocess.py:93} INFO - platzi_data_20221002.csv
[2022-11-17T17:16:36.781+0000] {subprocess.py:93} INFO - platzi_data_20221003.csv
[2022-11-17T17:16:36.782+0000] {subprocess.py:93} INFO - platzi_data_20221004.csv
[2022-11-17T17:16:36.782+0000] {subprocess.py:93} INFO - platzi_data_20221005.csv
[2022-11-17T17:16:36.782+0000] {subprocess.py:93} INFO - platzi_data_20221006.csv
[2022-11-17T17:16:36.783+0000] {subprocess.py:93} INFO - platzi_data_20221007.csv
[2022-11-17T17:16:36.783+0000] {subprocess.py:93} INFO - platzi_data_20221008.csv
[2022-11-17T17:16:36.784+0000] {subprocess.py:93} INFO - platzi_data_20221009.csv
[2022-11-17T17:16:36.784+0000] {subprocess.py:93} INFO - platzi_data_20221010.csv
[2022-11-17T17:16:36.784+0000] {subprocess.py:93} INFO - platzi_data_20221011.csv
[2022-11-17T17:16:36.785+0000] {subprocess.py:93} INFO - platzi_data_20221012.csv
[2022-11-17T17:16:36.785+0000] {subprocess.py:93} INFO - platzi_data_20221013.csv
[2022-11-17T17:16:36.785+0000] {subprocess.py:93} INFO - platzi_data_20221014.csv
[2022-11-17T17:16:36.786+0000] {subprocess.py:93} INFO - platzi_data_20221015.csv
[2022-11-17T17:16:36.786+0000] {subprocess.py:93} INFO - platzi_data_20221016.csv
[2022-11-17T17:16:36.786+0000] {subprocess.py:93} INFO - platzi_data_20221017.csv
[2022-11-17T17:16:36.787+0000] {subprocess.py:93} INFO - platzi_data_20221018.csv
[2022-11-17T17:16:36.787+0000] {subprocess.py:93} INFO - platzi_data_20221019.csv
[2022-11-17T17:16:36.788+0000] {subprocess.py:93} INFO - platzi_data_20221020.csv
[2022-11-17T17:16:36.788+0000] {subprocess.py:93} INFO - platzi_data_20221021.csv
[2022-11-17T17:16:36.788+0000] {subprocess.py:93} INFO - platzi_data_20221022.csv
[2022-11-17T17:16:36.789+0000] {subprocess.py:93} INFO - platzi_data_20221023.csv
[2022-11-17T17:16:36.789+0000] {subprocess.py:93} INFO - platzi_data_20221024.csv
[2022-11-17T17:16:36.789+0000] {subprocess.py:93} INFO - platzi_data_20221025.csv
[2022-11-17T17:16:36.790+0000] {subprocess.py:93} INFO - platzi_data_20221026.csv
[2022-11-17T17:16:36.790+0000] {subprocess.py:93} INFO - platzi_data_20221027.csv
[2022-11-17T17:16:36.790+0000] {subprocess.py:93} INFO - platzi_data_20221028.csv
[2022-11-17T17:16:36.791+0000] {subprocess.py:93} INFO - platzi_data_20221029.csv
[2022-11-17T17:16:36.791+0000] {subprocess.py:93} INFO - platzi_data_20221030.csv
[2022-11-17T17:16:36.791+0000] {subprocess.py:93} INFO - platzi_data_20221031.csv
[2022-11-17T17:16:36.792+0000] {subprocess.py:93} INFO - platzi_data_20221101.csv
[2022-11-17T17:16:36.792+0000] {subprocess.py:93} INFO - platzi_data_20221102.csv
[2022-11-17T17:16:36.792+0000] {subprocess.py:93} INFO - platzi_data_20221103.csv
[2022-11-17T17:16:36.793+0000] {subprocess.py:93} INFO - platzi_data_20221104.csv
[2022-11-17T17:16:36.793+0000] {subprocess.py:93} INFO - platzi_data_20221105.csv
[2022-11-17T17:16:36.793+0000] {subprocess.py:93} INFO - platzi_data_20221106.csv
[2022-11-17T17:16:36.794+0000] {subprocess.py:93} INFO - platzi_data_20221107.csv
[2022-11-17T17:16:36.794+0000] {subprocess.py:93} INFO - platzi_data_20221108.csv
[2022-11-17T17:16:36.794+0000] {subprocess.py:93} INFO - platzi_data_20221109.csv
[2022-11-17T17:16:36.795+0000] {subprocess.py:93} INFO - platzi_data_20221110.csv
[2022-11-17T17:16:36.795+0000] {subprocess.py:93} INFO - platzi_data_20221111.csv
[2022-11-17T17:16:36.796+0000] {subprocess.py:93} INFO - platzi_data_20221112.csv
[2022-11-17T17:16:36.796+0000] {subprocess.py:93} INFO - platzi_data_20221113.csv
[2022-11-17T17:16:36.797+0000] {subprocess.py:93} INFO - platzi_data_20221114.csv
[2022-11-17T17:16:36.798+0000] {subprocess.py:93} INFO - platzi_data_20221115.csv
[2022-11-17T17:16:36.798+0000] {subprocess.py:93} INFO - platzi_data_20221116.csv
[2022-11-17T17:16:36.798+0000] {subprocess.py:93} INFO - pymp-8yik9lbi
[2022-11-17T17:16:36.799+0000] {subprocess.py:93} INFO - pymp-sbqt6pho
[2022-11-17T17:16:36.799+0000] {subprocess.py:93} INFO - reponse_20221001.txt
[2022-11-17T17:16:36.799+0000] {subprocess.py:93} INFO - reponse_20221002.txt
[2022-11-17T17:16:36.800+0000] {subprocess.py:93} INFO - reponse_20221003.txt
[2022-11-17T17:16:36.800+0000] {subprocess.py:93} INFO - reponse_20221004.txt
[2022-11-17T17:16:36.800+0000] {subprocess.py:93} INFO - reponse_20221005.txt
[2022-11-17T17:16:36.800+0000] {subprocess.py:93} INFO - reponse_20221006.txt
[2022-11-17T17:16:36.801+0000] {subprocess.py:93} INFO - reponse_20221007.txt
[2022-11-17T17:16:36.801+0000] {subprocess.py:93} INFO - reponse_20221008.txt
[2022-11-17T17:16:36.801+0000] {subprocess.py:93} INFO - reponse_20221009.txt
[2022-11-17T17:16:36.801+0000] {subprocess.py:93} INFO - reponse_20221010.txt
[2022-11-17T17:16:36.802+0000] {subprocess.py:93} INFO - reponse_20221011.txt
[2022-11-17T17:16:36.802+0000] {subprocess.py:93} INFO - reponse_20221012.txt
[2022-11-17T17:16:36.802+0000] {subprocess.py:93} INFO - reponse_20221013.txt
[2022-11-17T17:16:36.803+0000] {subprocess.py:93} INFO - reponse_20221014.txt
[2022-11-17T17:16:36.803+0000] {subprocess.py:93} INFO - reponse_20221015.txt
[2022-11-17T17:16:36.803+0000] {subprocess.py:93} INFO - reponse_20221016.txt
[2022-11-17T17:16:36.804+0000] {subprocess.py:93} INFO - reponse_20221017.txt
[2022-11-17T17:16:36.804+0000] {subprocess.py:93} INFO - reponse_20221018.txt
[2022-11-17T17:16:36.804+0000] {subprocess.py:93} INFO - reponse_20221019.txt
[2022-11-17T17:16:36.805+0000] {subprocess.py:93} INFO - reponse_20221020.txt
[2022-11-17T17:16:36.805+0000] {subprocess.py:93} INFO - reponse_20221021.txt
[2022-11-17T17:16:36.805+0000] {subprocess.py:93} INFO - reponse_20221022.txt
[2022-11-17T17:16:36.805+0000] {subprocess.py:93} INFO - reponse_20221023.txt
[2022-11-17T17:16:36.806+0000] {subprocess.py:93} INFO - reponse_20221024.txt
[2022-11-17T17:16:36.806+0000] {subprocess.py:93} INFO - reponse_20221025.txt
[2022-11-17T17:16:36.806+0000] {subprocess.py:93} INFO - reponse_20221026.txt
[2022-11-17T17:16:36.807+0000] {subprocess.py:93} INFO - reponse_20221027.txt
[2022-11-17T17:16:36.807+0000] {subprocess.py:93} INFO - reponse_20221028.txt
[2022-11-17T17:16:36.807+0000] {subprocess.py:93} INFO - reponse_20221029.txt
[2022-11-17T17:16:36.807+0000] {subprocess.py:93} INFO - reponse_20221030.txt
[2022-11-17T17:16:36.808+0000] {subprocess.py:93} INFO - reponse_20221031.txt
[2022-11-17T17:16:36.808+0000] {subprocess.py:93} INFO - reponse_20221101.txt
[2022-11-17T17:16:36.808+0000] {subprocess.py:93} INFO - reponse_20221102.txt
[2022-11-17T17:16:36.808+0000] {subprocess.py:93} INFO - reponse_20221103.txt
[2022-11-17T17:16:36.809+0000] {subprocess.py:93} INFO - reponse_20221104.txt
[2022-11-17T17:16:36.809+0000] {subprocess.py:93} INFO - reponse_20221105.txt
[2022-11-17T17:16:36.809+0000] {subprocess.py:93} INFO - reponse_20221106.txt
[2022-11-17T17:16:36.810+0000] {subprocess.py:93} INFO - reponse_20221107.txt
[2022-11-17T17:16:36.810+0000] {subprocess.py:93} INFO - reponse_20221108.txt
[2022-11-17T17:16:36.810+0000] {subprocess.py:93} INFO - reponse_20221109.txt
[2022-11-17T17:16:36.810+0000] {subprocess.py:93} INFO - reponse_20221110.txt
[2022-11-17T17:16:36.811+0000] {subprocess.py:93} INFO - reponse_20221111.txt
[2022-11-17T17:16:36.811+0000] {subprocess.py:93} INFO - reponse_20221112.txt
[2022-11-17T17:16:36.811+0000] {subprocess.py:93} INFO - reponse_20221113.txt
[2022-11-17T17:16:36.811+0000] {subprocess.py:93} INFO - reponse_20221114.txt
[2022-11-17T17:16:36.812+0000] {subprocess.py:93} INFO - reponse_20221115.txt
[2022-11-17T17:16:36.812+0000] {subprocess.py:93} INFO - reponse_20221116.txt
[2022-11-17T17:16:36.812+0000] {subprocess.py:93} INFO - tmp061o5asr
[2022-11-17T17:16:36.813+0000] {subprocess.py:93} INFO - tmp1b_v374g
[2022-11-17T17:16:36.813+0000] {subprocess.py:93} INFO - tmp2n3y4qb3
[2022-11-17T17:16:36.814+0000] {subprocess.py:93} INFO - tmp2ztydtyd
[2022-11-17T17:16:36.814+0000] {subprocess.py:93} INFO - tmp546oqdk0
[2022-11-17T17:16:36.814+0000] {subprocess.py:93} INFO - tmp57roj99h
[2022-11-17T17:16:36.815+0000] {subprocess.py:93} INFO - tmp5lejojs5
[2022-11-17T17:16:36.815+0000] {subprocess.py:93} INFO - tmp5nj2onwa
[2022-11-17T17:16:36.815+0000] {subprocess.py:93} INFO - tmp64cxrvul
[2022-11-17T17:16:36.816+0000] {subprocess.py:93} INFO - tmp6g4l21c1
[2022-11-17T17:16:36.816+0000] {subprocess.py:93} INFO - tmp7c6bgots
[2022-11-17T17:16:36.816+0000] {subprocess.py:93} INFO - tmp7khebugo
[2022-11-17T17:16:36.816+0000] {subprocess.py:93} INFO - tmp7lvtz6wk
[2022-11-17T17:16:36.817+0000] {subprocess.py:93} INFO - tmp8_n1aj39
[2022-11-17T17:16:36.817+0000] {subprocess.py:93} INFO - tmp8c_dsk2e
[2022-11-17T17:16:36.817+0000] {subprocess.py:93} INFO - tmp928ntdt7
[2022-11-17T17:16:36.818+0000] {subprocess.py:93} INFO - tmp9503grtb
[2022-11-17T17:16:36.818+0000] {subprocess.py:93} INFO - tmp_afh1uos
[2022-11-17T17:16:36.818+0000] {subprocess.py:93} INFO - tmp_m6lsnw3
[2022-11-17T17:16:36.818+0000] {subprocess.py:93} INFO - tmp_vy6n6_q
[2022-11-17T17:16:36.819+0000] {subprocess.py:93} INFO - tmpcnj5oj8y
[2022-11-17T17:16:36.819+0000] {subprocess.py:93} INFO - tmpcu_pom_6
[2022-11-17T17:16:36.819+0000] {subprocess.py:93} INFO - tmpdmc2g1zb
[2022-11-17T17:16:36.820+0000] {subprocess.py:93} INFO - tmpe4k1ogev
[2022-11-17T17:16:36.820+0000] {subprocess.py:93} INFO - tmpg_n88zm7
[2022-11-17T17:16:36.820+0000] {subprocess.py:93} INFO - tmpgg8mkst1
[2022-11-17T17:16:36.821+0000] {subprocess.py:93} INFO - tmpgi8v82jx
[2022-11-17T17:16:36.821+0000] {subprocess.py:93} INFO - tmpiez6kail
[2022-11-17T17:16:36.821+0000] {subprocess.py:93} INFO - tmpj1n4wxza
[2022-11-17T17:16:36.821+0000] {subprocess.py:93} INFO - tmpjsznho2e
[2022-11-17T17:16:36.822+0000] {subprocess.py:93} INFO - tmpkrg9_cgk
[2022-11-17T17:16:36.822+0000] {subprocess.py:93} INFO - tmpl13ymsfs
[2022-11-17T17:16:36.822+0000] {subprocess.py:93} INFO - tmplrbhl64b
[2022-11-17T17:16:36.822+0000] {subprocess.py:93} INFO - tmpn38ozedg
[2022-11-17T17:16:36.823+0000] {subprocess.py:93} INFO - tmpn96u_4ih
[2022-11-17T17:16:36.823+0000] {subprocess.py:93} INFO - tmpo3nf6k5c
[2022-11-17T17:16:36.823+0000] {subprocess.py:93} INFO - tmpoy_ljy8t
[2022-11-17T17:16:36.824+0000] {subprocess.py:93} INFO - tmpp4w9yq6x
[2022-11-17T17:16:36.824+0000] {subprocess.py:93} INFO - tmppfidxzjr
[2022-11-17T17:16:36.824+0000] {subprocess.py:93} INFO - tmpr681bhfw
[2022-11-17T17:16:36.824+0000] {subprocess.py:93} INFO - tmpr9102hwf
[2022-11-17T17:16:36.825+0000] {subprocess.py:93} INFO - tmpt4qo16oq
[2022-11-17T17:16:36.825+0000] {subprocess.py:93} INFO - tmptn832g5z
[2022-11-17T17:16:36.825+0000] {subprocess.py:93} INFO - tmpu9qbl0wh
[2022-11-17T17:16:36.826+0000] {subprocess.py:93} INFO - tmpuq8ywung
[2022-11-17T17:16:36.826+0000] {subprocess.py:93} INFO - tmpv606o9_9
[2022-11-17T17:16:36.826+0000] {subprocess.py:93} INFO - tmpxf7g1lc4
[2022-11-17T17:16:36.826+0000] {subprocess.py:93} INFO - tmpxktobcjf
[2022-11-17T17:16:36.827+0000] {subprocess.py:93} INFO - tmpz91iizm7
[2022-11-17T17:16:36.827+0000] {subprocess.py:93} INFO - ,student,timestamp
[2022-11-17T17:16:36.827+0000] {subprocess.py:93} INFO - 0,Maria Cruz,2022-10-01 00:00:00+00:00
[2022-11-17T17:16:36.827+0000] {subprocess.py:93} INFO - 1,Daniel Crema,2022-10-01 00:00:00+00:00
[2022-11-17T17:16:36.828+0000] {subprocess.py:93} INFO - 2,Elon Musk,2022-10-01 00:00:00+00:00
[2022-11-17T17:16:36.828+0000] {subprocess.py:93} INFO - 3,Karol Castrejon,2022-10-01 00:00:00+00:00
[2022-11-17T17:16:36.828+0000] {subprocess.py:93} INFO - 4,Freddy Vega,2022-10-01 00:00:00+00:00
[2022-11-17T17:16:36.828+0000] {subprocess.py:93} INFO - 5,Freddy Montañez,2022-10-01 00:00:00+00:00
[2022-11-17T17:16:36.829+0000] {subprocess.py:97} INFO - Command exited with return code 0
[2022-11-17T17:16:36.856+0000] {taskinstance.py:1406} INFO - Marking task as SUCCESS. dag_id=MyPersonalAirflowProject, task_id=Print_Imported_data, execution_date=20221001T000000, start_date=20221117T171636, end_date=20221117T171636
[2022-11-17T17:16:36.903+0000] {local_task_job.py:164} INFO - Task exited with return code 0
[2022-11-17T17:16:36.934+0000] {local_task_job.py:273} INFO - 2 downstream tasks scheduled from follow-on schedule check
