[2022-11-15T17:23:56.482+0000] {taskinstance.py:1165} INFO - Dependencies all met for <TaskInstance: 9-XComm.task3 scheduled__2022-07-01T00:00:00+00:00 [queued]>
[2022-11-15T17:23:56.500+0000] {taskinstance.py:1165} INFO - Dependencies all met for <TaskInstance: 9-XComm.task3 scheduled__2022-07-01T00:00:00+00:00 [queued]>
[2022-11-15T17:23:56.501+0000] {taskinstance.py:1362} INFO - 
--------------------------------------------------------------------------------
[2022-11-15T17:23:56.502+0000] {taskinstance.py:1363} INFO - Starting attempt 1 of 1
[2022-11-15T17:23:56.565+0000] {taskinstance.py:1364} INFO - 
--------------------------------------------------------------------------------
[2022-11-15T17:23:56.738+0000] {taskinstance.py:1383} INFO - Executing <Task(PythonOperator): task3> on 2022-07-01 00:00:00+00:00
[2022-11-15T17:23:56.745+0000] {standard_task_runner.py:55} INFO - Started process 2877 to run task
[2022-11-15T17:23:56.748+0000] {standard_task_runner.py:82} INFO - Running: ['***', 'tasks', 'run', '9-XComm', 'task3', 'scheduled__2022-07-01T00:00:00+00:00', '--job-id', '1107', '--raw', '--subdir', 'DAGS_FOLDER/9-XComm.py', '--cfg-path', '/tmp/tmp4krqsy3z']
[2022-11-15T17:23:56.749+0000] {standard_task_runner.py:83} INFO - Job 1107: Subtask task3
[2022-11-15T17:23:56.880+0000] {task_command.py:376} INFO - Running <TaskInstance: 9-XComm.task3 scheduled__2022-07-01T00:00:00+00:00 [running]> on host 638485efabe7
[2022-11-15T17:23:57.066+0000] {taskinstance.py:1592} INFO - Exporting the following env vars:
AIRFLOW_CTX_DAG_OWNER=***
AIRFLOW_CTX_DAG_ID=9-XComm
AIRFLOW_CTX_TASK_ID=task3
AIRFLOW_CTX_EXECUTION_DATE=2022-07-01T00:00:00+00:00
AIRFLOW_CTX_TRY_NUMBER=1
AIRFLOW_CTX_DAG_RUN_ID=scheduled__2022-07-01T00:00:00+00:00
[2022-11-15T17:23:57.307+0000] {logging_mixin.py:120} INFO - 0
[2022-11-15T17:23:57.308+0000] {python.py:177} INFO - Done. Returned value was: None
[2022-11-15T17:23:57.321+0000] {taskinstance.py:1406} INFO - Marking task as SUCCESS. dag_id=9-XComm, task_id=task3, execution_date=20220701T000000, start_date=20221115T172356, end_date=20221115T172357
[2022-11-15T17:23:57.407+0000] {local_task_job.py:164} INFO - Task exited with return code 0
[2022-11-15T17:23:57.537+0000] {local_task_job.py:273} INFO - 0 downstream tasks scheduled from follow-on schedule check
