[2022-11-17T15:43:42.482+0000] {taskinstance.py:1165} INFO - Dependencies all met for <TaskInstance: MyPersonalAirflowProject.Print_Imported_data scheduled__2022-10-08T00:00:00+00:00 [queued]>
[2022-11-17T15:43:42.496+0000] {taskinstance.py:1165} INFO - Dependencies all met for <TaskInstance: MyPersonalAirflowProject.Print_Imported_data scheduled__2022-10-08T00:00:00+00:00 [queued]>
[2022-11-17T15:43:42.497+0000] {taskinstance.py:1362} INFO - 
--------------------------------------------------------------------------------
[2022-11-17T15:43:42.499+0000] {taskinstance.py:1363} INFO - Starting attempt 2 of 2
[2022-11-17T15:43:42.500+0000] {taskinstance.py:1364} INFO - 
--------------------------------------------------------------------------------
[2022-11-17T15:43:42.518+0000] {taskinstance.py:1383} INFO - Executing <Task(BashOperator): Print_Imported_data> on 2022-10-08 00:00:00+00:00
[2022-11-17T15:43:42.523+0000] {standard_task_runner.py:55} INFO - Started process 114 to run task
[2022-11-17T15:43:42.526+0000] {standard_task_runner.py:82} INFO - Running: ['***', 'tasks', 'run', 'MyPersonalAirflowProject', 'Print_Imported_data', 'scheduled__2022-10-08T00:00:00+00:00', '--job-id', '1742', '--raw', '--subdir', 'DAGS_FOLDER/FinalPersonalProject.py', '--cfg-path', '/tmp/tmply9eke09']
[2022-11-17T15:43:42.527+0000] {standard_task_runner.py:83} INFO - Job 1742: Subtask Print_Imported_data
[2022-11-17T15:43:42.596+0000] {task_command.py:376} INFO - Running <TaskInstance: MyPersonalAirflowProject.Print_Imported_data scheduled__2022-10-08T00:00:00+00:00 [running]> on host 638485efabe7
[2022-11-17T15:43:42.683+0000] {taskinstance.py:1592} INFO - Exporting the following env vars:
AIRFLOW_CTX_DAG_OWNER=***
AIRFLOW_CTX_DAG_ID=MyPersonalAirflowProject
AIRFLOW_CTX_TASK_ID=Print_Imported_data
AIRFLOW_CTX_EXECUTION_DATE=2022-10-08T00:00:00+00:00
AIRFLOW_CTX_TRY_NUMBER=2
AIRFLOW_CTX_DAG_RUN_ID=scheduled__2022-10-08T00:00:00+00:00
[2022-11-17T15:43:42.685+0000] {subprocess.py:63} INFO - Tmp dir root location: 
 /tmp
[2022-11-17T15:43:42.686+0000] {subprocess.py:75} INFO - Running command: ['/bin/bash', '-c', 'ls /tmp/ && head /tmp/platzi_data.csv']
[2022-11-17T15:43:42.701+0000] {subprocess.py:86} INFO - Output:
[2022-11-17T15:43:42.714+0000] {subprocess.py:93} INFO - ***tmpcpwhmv_5
[2022-11-17T15:43:42.715+0000] {subprocess.py:93} INFO - ***tmpk5xxq3nx
[2022-11-17T15:43:42.716+0000] {subprocess.py:93} INFO - ***tmplkvca7ip
[2022-11-17T15:43:42.716+0000] {subprocess.py:93} INFO - ***tmpodkacs8z
[2022-11-17T15:43:42.717+0000] {subprocess.py:93} INFO - file.txt
[2022-11-17T15:43:42.718+0000] {subprocess.py:93} INFO - history.json
[2022-11-17T15:43:42.719+0000] {subprocess.py:93} INFO - platzi_data_20221001.csv
[2022-11-17T15:43:42.720+0000] {subprocess.py:93} INFO - platzi_data_20221002.csv
[2022-11-17T15:43:42.721+0000] {subprocess.py:93} INFO - platzi_data_20221003.csv
[2022-11-17T15:43:42.722+0000] {subprocess.py:93} INFO - platzi_data_20221004.csv
[2022-11-17T15:43:42.723+0000] {subprocess.py:93} INFO - platzi_data_20221005.csv
[2022-11-17T15:43:42.724+0000] {subprocess.py:93} INFO - platzi_data_20221006.csv
[2022-11-17T15:43:42.725+0000] {subprocess.py:93} INFO - platzi_data_20221007.csv
[2022-11-17T15:43:42.725+0000] {subprocess.py:93} INFO - platzi_data_20221008.csv
[2022-11-17T15:43:42.726+0000] {subprocess.py:93} INFO - platzi_data_20221009.csv
[2022-11-17T15:43:42.727+0000] {subprocess.py:93} INFO - platzi_data_20221010.csv
[2022-11-17T15:43:42.728+0000] {subprocess.py:93} INFO - platzi_data_20221011.csv
[2022-11-17T15:43:42.730+0000] {subprocess.py:93} INFO - platzi_data_20221012.csv
[2022-11-17T15:43:42.730+0000] {subprocess.py:93} INFO - platzi_data_20221013.csv
[2022-11-17T15:43:42.731+0000] {subprocess.py:93} INFO - platzi_data_20221014.csv
[2022-11-17T15:43:42.731+0000] {subprocess.py:93} INFO - platzi_data_20221015.csv
[2022-11-17T15:43:42.732+0000] {subprocess.py:93} INFO - platzi_data_20221016.csv
[2022-11-17T15:43:42.732+0000] {subprocess.py:93} INFO - platzi_data_20221017.csv
[2022-11-17T15:43:42.732+0000] {subprocess.py:93} INFO - platzi_data_20221018.csv
[2022-11-17T15:43:42.733+0000] {subprocess.py:93} INFO - platzi_data_20221019.csv
[2022-11-17T15:43:42.734+0000] {subprocess.py:93} INFO - platzi_data_20221020.csv
[2022-11-17T15:43:42.735+0000] {subprocess.py:93} INFO - platzi_data_20221021.csv
[2022-11-17T15:43:42.736+0000] {subprocess.py:93} INFO - platzi_data_20221022.csv
[2022-11-17T15:43:42.737+0000] {subprocess.py:93} INFO - platzi_data_20221023.csv
[2022-11-17T15:43:42.738+0000] {subprocess.py:93} INFO - platzi_data_20221024.csv
[2022-11-17T15:43:42.738+0000] {subprocess.py:93} INFO - platzi_data_20221025.csv
[2022-11-17T15:43:42.739+0000] {subprocess.py:93} INFO - platzi_data_20221026.csv
[2022-11-17T15:43:42.739+0000] {subprocess.py:93} INFO - platzi_data_20221027.csv
[2022-11-17T15:43:42.740+0000] {subprocess.py:93} INFO - platzi_data_20221028.csv
[2022-11-17T15:43:42.740+0000] {subprocess.py:93} INFO - platzi_data_20221029.csv
[2022-11-17T15:43:42.741+0000] {subprocess.py:93} INFO - platzi_data_20221030.csv
[2022-11-17T15:43:42.742+0000] {subprocess.py:93} INFO - platzi_data_20221031.csv
[2022-11-17T15:43:42.742+0000] {subprocess.py:93} INFO - platzi_data_20221101.csv
[2022-11-17T15:43:42.743+0000] {subprocess.py:93} INFO - platzi_data_20221102.csv
[2022-11-17T15:43:42.743+0000] {subprocess.py:93} INFO - platzi_data_20221103.csv
[2022-11-17T15:43:42.744+0000] {subprocess.py:93} INFO - platzi_data_20221104.csv
[2022-11-17T15:43:42.744+0000] {subprocess.py:93} INFO - platzi_data_20221105.csv
[2022-11-17T15:43:42.745+0000] {subprocess.py:93} INFO - platzi_data_20221106.csv
[2022-11-17T15:43:42.745+0000] {subprocess.py:93} INFO - platzi_data_20221107.csv
[2022-11-17T15:43:42.746+0000] {subprocess.py:93} INFO - pymp-8yik9lbi
[2022-11-17T15:43:42.746+0000] {subprocess.py:93} INFO - pymp-sbqt6pho
[2022-11-17T15:43:42.747+0000] {subprocess.py:93} INFO - reponse_20221001.txt
[2022-11-17T15:43:42.747+0000] {subprocess.py:93} INFO - reponse_20221002.txt
[2022-11-17T15:43:42.748+0000] {subprocess.py:93} INFO - reponse_20221003.txt
[2022-11-17T15:43:42.748+0000] {subprocess.py:93} INFO - reponse_20221004.txt
[2022-11-17T15:43:42.749+0000] {subprocess.py:93} INFO - reponse_20221005.txt
[2022-11-17T15:43:42.749+0000] {subprocess.py:93} INFO - reponse_20221006.txt
[2022-11-17T15:43:42.750+0000] {subprocess.py:93} INFO - reponse_20221007.txt
[2022-11-17T15:43:42.751+0000] {subprocess.py:93} INFO - reponse_20221008.txt
[2022-11-17T15:43:42.752+0000] {subprocess.py:93} INFO - reponse_20221009.txt
[2022-11-17T15:43:42.753+0000] {subprocess.py:93} INFO - reponse_20221010.txt
[2022-11-17T15:43:42.753+0000] {subprocess.py:93} INFO - reponse_20221011.txt
[2022-11-17T15:43:42.754+0000] {subprocess.py:93} INFO - reponse_20221012.txt
[2022-11-17T15:43:42.754+0000] {subprocess.py:93} INFO - reponse_20221013.txt
[2022-11-17T15:43:42.754+0000] {subprocess.py:93} INFO - reponse_20221014.txt
[2022-11-17T15:43:42.755+0000] {subprocess.py:93} INFO - reponse_20221015.txt
[2022-11-17T15:43:42.755+0000] {subprocess.py:93} INFO - reponse_20221016.txt
[2022-11-17T15:43:42.756+0000] {subprocess.py:93} INFO - reponse_20221017.txt
[2022-11-17T15:43:42.756+0000] {subprocess.py:93} INFO - reponse_20221018.txt
[2022-11-17T15:43:42.757+0000] {subprocess.py:93} INFO - reponse_20221019.txt
[2022-11-17T15:43:42.758+0000] {subprocess.py:93} INFO - reponse_20221020.txt
[2022-11-17T15:43:42.758+0000] {subprocess.py:93} INFO - reponse_20221021.txt
[2022-11-17T15:43:42.759+0000] {subprocess.py:93} INFO - reponse_20221022.txt
[2022-11-17T15:43:42.759+0000] {subprocess.py:93} INFO - reponse_20221023.txt
[2022-11-17T15:43:42.759+0000] {subprocess.py:93} INFO - reponse_20221024.txt
[2022-11-17T15:43:42.760+0000] {subprocess.py:93} INFO - reponse_20221025.txt
[2022-11-17T15:43:42.760+0000] {subprocess.py:93} INFO - reponse_20221026.txt
[2022-11-17T15:43:42.760+0000] {subprocess.py:93} INFO - reponse_20221027.txt
[2022-11-17T15:43:42.761+0000] {subprocess.py:93} INFO - reponse_20221028.txt
[2022-11-17T15:43:42.761+0000] {subprocess.py:93} INFO - reponse_20221029.txt
[2022-11-17T15:43:42.761+0000] {subprocess.py:93} INFO - reponse_20221030.txt
[2022-11-17T15:43:42.762+0000] {subprocess.py:93} INFO - reponse_20221031.txt
[2022-11-17T15:43:42.763+0000] {subprocess.py:93} INFO - reponse_20221101.txt
[2022-11-17T15:43:42.764+0000] {subprocess.py:93} INFO - reponse_20221102.txt
[2022-11-17T15:43:42.765+0000] {subprocess.py:93} INFO - reponse_20221103.txt
[2022-11-17T15:43:42.765+0000] {subprocess.py:93} INFO - reponse_20221104.txt
[2022-11-17T15:43:42.765+0000] {subprocess.py:93} INFO - reponse_20221105.txt
[2022-11-17T15:43:42.766+0000] {subprocess.py:93} INFO - reponse_20221106.txt
[2022-11-17T15:43:42.767+0000] {subprocess.py:93} INFO - reponse_20221107.txt
[2022-11-17T15:43:42.767+0000] {subprocess.py:93} INFO - reponse_20221108.txt
[2022-11-17T15:43:42.768+0000] {subprocess.py:93} INFO - reponse_20221109.txt
[2022-11-17T15:43:42.768+0000] {subprocess.py:93} INFO - reponse_20221110.txt
[2022-11-17T15:43:42.769+0000] {subprocess.py:93} INFO - reponse_20221111.txt
[2022-11-17T15:43:42.770+0000] {subprocess.py:93} INFO - reponse_20221112.txt
[2022-11-17T15:43:42.771+0000] {subprocess.py:93} INFO - reponse_20221113.txt
[2022-11-17T15:43:42.771+0000] {subprocess.py:93} INFO - reponse_20221114.txt
[2022-11-17T15:43:42.772+0000] {subprocess.py:93} INFO - reponse_20221115.txt
[2022-11-17T15:43:42.773+0000] {subprocess.py:93} INFO - tmp061o5asr
[2022-11-17T15:43:42.773+0000] {subprocess.py:93} INFO - tmp1b_v374g
[2022-11-17T15:43:42.774+0000] {subprocess.py:93} INFO - tmp2n3y4qb3
[2022-11-17T15:43:42.774+0000] {subprocess.py:93} INFO - tmp2ztydtyd
[2022-11-17T15:43:42.775+0000] {subprocess.py:93} INFO - tmp546oqdk0
[2022-11-17T15:43:42.775+0000] {subprocess.py:93} INFO - tmp57roj99h
[2022-11-17T15:43:42.776+0000] {subprocess.py:93} INFO - tmp5lejojs5
[2022-11-17T15:43:42.776+0000] {subprocess.py:93} INFO - tmp5nj2onwa
[2022-11-17T15:43:42.777+0000] {subprocess.py:93} INFO - tmp64cxrvul
[2022-11-17T15:43:42.777+0000] {subprocess.py:93} INFO - tmp6g4l21c1
[2022-11-17T15:43:42.778+0000] {subprocess.py:93} INFO - tmp7c6bgots
[2022-11-17T15:43:42.778+0000] {subprocess.py:93} INFO - tmp7khebugo
[2022-11-17T15:43:42.779+0000] {subprocess.py:93} INFO - tmp7lvtz6wk
[2022-11-17T15:43:42.779+0000] {subprocess.py:93} INFO - tmp8_n1aj39
[2022-11-17T15:43:42.780+0000] {subprocess.py:93} INFO - tmp8c_dsk2e
[2022-11-17T15:43:42.780+0000] {subprocess.py:93} INFO - tmp928ntdt7
[2022-11-17T15:43:42.781+0000] {subprocess.py:93} INFO - tmp9503grtb
[2022-11-17T15:43:42.781+0000] {subprocess.py:93} INFO - tmp_afh1uos
[2022-11-17T15:43:42.782+0000] {subprocess.py:93} INFO - tmp_m6lsnw3
[2022-11-17T15:43:42.782+0000] {subprocess.py:93} INFO - tmp_vy6n6_q
[2022-11-17T15:43:42.783+0000] {subprocess.py:93} INFO - tmpcnj5oj8y
[2022-11-17T15:43:42.784+0000] {subprocess.py:93} INFO - tmpcu_pom_6
[2022-11-17T15:43:42.785+0000] {subprocess.py:93} INFO - tmpdmc2g1zb
[2022-11-17T15:43:42.785+0000] {subprocess.py:93} INFO - tmpe4k1ogev
[2022-11-17T15:43:42.786+0000] {subprocess.py:93} INFO - tmpg_n88zm7
[2022-11-17T15:43:42.787+0000] {subprocess.py:93} INFO - tmpgg8mkst1
[2022-11-17T15:43:42.788+0000] {subprocess.py:93} INFO - tmpgi8v82jx
[2022-11-17T15:43:42.788+0000] {subprocess.py:93} INFO - tmpiez6kail
[2022-11-17T15:43:42.789+0000] {subprocess.py:93} INFO - tmpj1n4wxza
[2022-11-17T15:43:42.789+0000] {subprocess.py:93} INFO - tmpjsznho2e
[2022-11-17T15:43:42.789+0000] {subprocess.py:93} INFO - tmpkrg9_cgk
[2022-11-17T15:43:42.790+0000] {subprocess.py:93} INFO - tmpl13ymsfs
[2022-11-17T15:43:42.791+0000] {subprocess.py:93} INFO - tmplrbhl64b
[2022-11-17T15:43:42.791+0000] {subprocess.py:93} INFO - tmpn38ozedg
[2022-11-17T15:43:42.792+0000] {subprocess.py:93} INFO - tmpn96u_4ih
[2022-11-17T15:43:42.792+0000] {subprocess.py:93} INFO - tmpo3nf6k5c
[2022-11-17T15:43:42.793+0000] {subprocess.py:93} INFO - tmpoy_ljy8t
[2022-11-17T15:43:42.793+0000] {subprocess.py:93} INFO - tmpp4w9yq6x
[2022-11-17T15:43:42.794+0000] {subprocess.py:93} INFO - tmppfidxzjr
[2022-11-17T15:43:42.794+0000] {subprocess.py:93} INFO - tmpr681bhfw
[2022-11-17T15:43:42.795+0000] {subprocess.py:93} INFO - tmpr9102hwf
[2022-11-17T15:43:42.796+0000] {subprocess.py:93} INFO - tmpt4qo16oq
[2022-11-17T15:43:42.797+0000] {subprocess.py:93} INFO - tmptn832g5z
[2022-11-17T15:43:42.799+0000] {subprocess.py:93} INFO - tmpu9qbl0wh
[2022-11-17T15:43:42.799+0000] {subprocess.py:93} INFO - tmpuq8ywung
[2022-11-17T15:43:42.800+0000] {subprocess.py:93} INFO - tmpv606o9_9
[2022-11-17T15:43:42.801+0000] {subprocess.py:93} INFO - tmpxf7g1lc4
[2022-11-17T15:43:42.802+0000] {subprocess.py:93} INFO - tmpxktobcjf
[2022-11-17T15:43:42.803+0000] {subprocess.py:93} INFO - tmpz91iizm7
[2022-11-17T15:43:42.804+0000] {subprocess.py:93} INFO - head: cannot open '/tmp/platzi_data.csv' for reading: No such file or directory
[2022-11-17T15:43:42.805+0000] {subprocess.py:97} INFO - Command exited with return code 1
[2022-11-17T15:43:42.818+0000] {taskinstance.py:1851} ERROR - Task failed with exception
Traceback (most recent call last):
  File "/home/airflow/.local/lib/python3.7/site-packages/airflow/operators/bash.py", line 197, in execute
    f'Bash command failed. The command returned a non-zero exit code {result.exit_code}.'
airflow.exceptions.AirflowException: Bash command failed. The command returned a non-zero exit code 1.
[2022-11-17T15:43:42.825+0000] {taskinstance.py:1406} INFO - Marking task as FAILED. dag_id=MyPersonalAirflowProject, task_id=Print_Imported_data, execution_date=20221008T000000, start_date=20221117T154342, end_date=20221117T154342
[2022-11-17T15:43:42.852+0000] {standard_task_runner.py:105} ERROR - Failed to execute job 1742 for task Print_Imported_data (Bash command failed. The command returned a non-zero exit code 1.; 114)
[2022-11-17T15:43:42.901+0000] {local_task_job.py:164} INFO - Task exited with return code 1
[2022-11-17T15:43:42.923+0000] {local_task_job.py:273} INFO - 0 downstream tasks scheduled from follow-on schedule check
