[2022-11-16T22:14:32.043+0000] {taskinstance.py:1165} INFO - Dependencies all met for <TaskInstance: MyPersonalAirflowProject.Print_Imported_data scheduled__2022-10-08T00:00:00+00:00 [queued]>
[2022-11-16T22:14:32.058+0000] {taskinstance.py:1165} INFO - Dependencies all met for <TaskInstance: MyPersonalAirflowProject.Print_Imported_data scheduled__2022-10-08T00:00:00+00:00 [queued]>
[2022-11-16T22:14:32.059+0000] {taskinstance.py:1362} INFO - 
--------------------------------------------------------------------------------
[2022-11-16T22:14:32.060+0000] {taskinstance.py:1363} INFO - Starting attempt 1 of 1
[2022-11-16T22:14:32.061+0000] {taskinstance.py:1364} INFO - 
--------------------------------------------------------------------------------
[2022-11-16T22:14:32.086+0000] {taskinstance.py:1383} INFO - Executing <Task(BashOperator): Print_Imported_data> on 2022-10-08 00:00:00+00:00
[2022-11-16T22:14:32.097+0000] {standard_task_runner.py:55} INFO - Started process 5029 to run task
[2022-11-16T22:14:32.100+0000] {standard_task_runner.py:82} INFO - Running: ['***', 'tasks', 'run', 'MyPersonalAirflowProject', 'Print_Imported_data', 'scheduled__2022-10-08T00:00:00+00:00', '--job-id', '1487', '--raw', '--subdir', 'DAGS_FOLDER/FinalPersonalProject.py', '--cfg-path', '/tmp/tmppmu8mn88']
[2022-11-16T22:14:32.101+0000] {standard_task_runner.py:83} INFO - Job 1487: Subtask Print_Imported_data
[2022-11-16T22:14:32.176+0000] {task_command.py:376} INFO - Running <TaskInstance: MyPersonalAirflowProject.Print_Imported_data scheduled__2022-10-08T00:00:00+00:00 [running]> on host 638485efabe7
[2022-11-16T22:14:32.267+0000] {taskinstance.py:1592} INFO - Exporting the following env vars:
AIRFLOW_CTX_DAG_OWNER=***
AIRFLOW_CTX_DAG_ID=MyPersonalAirflowProject
AIRFLOW_CTX_TASK_ID=Print_Imported_data
AIRFLOW_CTX_EXECUTION_DATE=2022-10-08T00:00:00+00:00
AIRFLOW_CTX_TRY_NUMBER=1
AIRFLOW_CTX_DAG_RUN_ID=scheduled__2022-10-08T00:00:00+00:00
[2022-11-16T22:14:32.269+0000] {subprocess.py:63} INFO - Tmp dir root location: 
 /tmp
[2022-11-16T22:14:32.270+0000] {subprocess.py:75} INFO - Running command: ['/bin/bash', '-c', 'ls /tmp/ && head /tmp/platzi_data.csv']
[2022-11-16T22:14:32.286+0000] {subprocess.py:86} INFO - Output:
[2022-11-16T22:14:32.308+0000] {subprocess.py:93} INFO - ***tmpk5xxq3nx
[2022-11-16T22:14:32.309+0000] {subprocess.py:93} INFO - ***tmplkvca7ip
[2022-11-16T22:14:32.309+0000] {subprocess.py:93} INFO - ***tmpodkacs8z
[2022-11-16T22:14:32.310+0000] {subprocess.py:93} INFO - ***tmptn5oq276
[2022-11-16T22:14:32.310+0000] {subprocess.py:93} INFO - file.txt
[2022-11-16T22:14:32.311+0000] {subprocess.py:93} INFO - history.json
[2022-11-16T22:14:32.311+0000] {subprocess.py:93} INFO - platzi_data_20221001.csv
[2022-11-16T22:14:32.311+0000] {subprocess.py:93} INFO - platzi_data_20221002.csv
[2022-11-16T22:14:32.312+0000] {subprocess.py:93} INFO - platzi_data_20221003.csv
[2022-11-16T22:14:32.312+0000] {subprocess.py:93} INFO - platzi_data_20221004.csv
[2022-11-16T22:14:32.313+0000] {subprocess.py:93} INFO - platzi_data_20221005.csv
[2022-11-16T22:14:32.313+0000] {subprocess.py:93} INFO - platzi_data_20221006.csv
[2022-11-16T22:14:32.313+0000] {subprocess.py:93} INFO - platzi_data_20221007.csv
[2022-11-16T22:14:32.314+0000] {subprocess.py:93} INFO - platzi_data_20221008.csv
[2022-11-16T22:14:32.314+0000] {subprocess.py:93} INFO - pymp-8yik9lbi
[2022-11-16T22:14:32.314+0000] {subprocess.py:93} INFO - pymp-y00k7agg
[2022-11-16T22:14:32.315+0000] {subprocess.py:93} INFO - reponse_20221001.txt
[2022-11-16T22:14:32.315+0000] {subprocess.py:93} INFO - reponse_20221002.txt
[2022-11-16T22:14:32.315+0000] {subprocess.py:93} INFO - reponse_20221003.txt
[2022-11-16T22:14:32.315+0000] {subprocess.py:93} INFO - reponse_20221004.txt
[2022-11-16T22:14:32.316+0000] {subprocess.py:93} INFO - reponse_20221005.txt
[2022-11-16T22:14:32.316+0000] {subprocess.py:93} INFO - reponse_20221006.txt
[2022-11-16T22:14:32.316+0000] {subprocess.py:93} INFO - reponse_20221007.txt
[2022-11-16T22:14:32.317+0000] {subprocess.py:93} INFO - reponse_20221008.txt
[2022-11-16T22:14:32.317+0000] {subprocess.py:93} INFO - reponse_20221022.txt
[2022-11-16T22:14:32.317+0000] {subprocess.py:93} INFO - reponse_20221023.txt
[2022-11-16T22:14:32.317+0000] {subprocess.py:93} INFO - reponse_20221024.txt
[2022-11-16T22:14:32.318+0000] {subprocess.py:93} INFO - reponse_20221025.txt
[2022-11-16T22:14:32.318+0000] {subprocess.py:93} INFO - reponse_20221026.txt
[2022-11-16T22:14:32.318+0000] {subprocess.py:93} INFO - reponse_20221027.txt
[2022-11-16T22:14:32.319+0000] {subprocess.py:93} INFO - reponse_20221028.txt
[2022-11-16T22:14:32.319+0000] {subprocess.py:93} INFO - reponse_20221029.txt
[2022-11-16T22:14:32.319+0000] {subprocess.py:93} INFO - reponse_20221030.txt
[2022-11-16T22:14:32.319+0000] {subprocess.py:93} INFO - reponse_20221031.txt
[2022-11-16T22:14:32.320+0000] {subprocess.py:93} INFO - reponse_20221101.txt
[2022-11-16T22:14:32.320+0000] {subprocess.py:93} INFO - reponse_20221102.txt
[2022-11-16T22:14:32.321+0000] {subprocess.py:93} INFO - reponse_20221103.txt
[2022-11-16T22:14:32.321+0000] {subprocess.py:93} INFO - reponse_20221104.txt
[2022-11-16T22:14:32.321+0000] {subprocess.py:93} INFO - reponse_20221105.txt
[2022-11-16T22:14:32.321+0000] {subprocess.py:93} INFO - reponse_20221106.txt
[2022-11-16T22:14:32.322+0000] {subprocess.py:93} INFO - reponse_20221107.txt
[2022-11-16T22:14:32.322+0000] {subprocess.py:93} INFO - reponse_20221108.txt
[2022-11-16T22:14:32.322+0000] {subprocess.py:93} INFO - reponse_20221109.txt
[2022-11-16T22:14:32.322+0000] {subprocess.py:93} INFO - reponse_20221110.txt
[2022-11-16T22:14:32.323+0000] {subprocess.py:93} INFO - reponse_20221111.txt
[2022-11-16T22:14:32.323+0000] {subprocess.py:93} INFO - reponse_20221112.txt
[2022-11-16T22:14:32.323+0000] {subprocess.py:93} INFO - reponse_20221113.txt
[2022-11-16T22:14:32.324+0000] {subprocess.py:93} INFO - reponse_20221114.txt
[2022-11-16T22:14:32.324+0000] {subprocess.py:93} INFO - reponse_20221115.txt
[2022-11-16T22:14:32.324+0000] {subprocess.py:93} INFO - tmp061o5asr
[2022-11-16T22:14:32.324+0000] {subprocess.py:93} INFO - tmp1b_v374g
[2022-11-16T22:14:32.325+0000] {subprocess.py:93} INFO - tmp2n3y4qb3
[2022-11-16T22:14:32.325+0000] {subprocess.py:93} INFO - tmp2ztydtyd
[2022-11-16T22:14:32.325+0000] {subprocess.py:93} INFO - tmp546oqdk0
[2022-11-16T22:14:32.326+0000] {subprocess.py:93} INFO - tmp57roj99h
[2022-11-16T22:14:32.326+0000] {subprocess.py:93} INFO - tmp5lejojs5
[2022-11-16T22:14:32.326+0000] {subprocess.py:93} INFO - tmp5nj2onwa
[2022-11-16T22:14:32.326+0000] {subprocess.py:93} INFO - tmp64cxrvul
[2022-11-16T22:14:32.327+0000] {subprocess.py:93} INFO - tmp6g4l21c1
[2022-11-16T22:14:32.327+0000] {subprocess.py:93} INFO - tmp7c6bgots
[2022-11-16T22:14:32.327+0000] {subprocess.py:93} INFO - tmp7khebugo
[2022-11-16T22:14:32.328+0000] {subprocess.py:93} INFO - tmp7lvtz6wk
[2022-11-16T22:14:32.328+0000] {subprocess.py:93} INFO - tmp8_n1aj39
[2022-11-16T22:14:32.328+0000] {subprocess.py:93} INFO - tmp8c_dsk2e
[2022-11-16T22:14:32.328+0000] {subprocess.py:93} INFO - tmp928ntdt7
[2022-11-16T22:14:32.329+0000] {subprocess.py:93} INFO - tmp9503grtb
[2022-11-16T22:14:32.329+0000] {subprocess.py:93} INFO - tmp_afh1uos
[2022-11-16T22:14:32.329+0000] {subprocess.py:93} INFO - tmp_m6lsnw3
[2022-11-16T22:14:32.330+0000] {subprocess.py:93} INFO - tmp_vy6n6_q
[2022-11-16T22:14:32.330+0000] {subprocess.py:93} INFO - tmpcnj5oj8y
[2022-11-16T22:14:32.330+0000] {subprocess.py:93} INFO - tmpcu_pom_6
[2022-11-16T22:14:32.330+0000] {subprocess.py:93} INFO - tmpdmc2g1zb
[2022-11-16T22:14:32.331+0000] {subprocess.py:93} INFO - tmpe4k1ogev
[2022-11-16T22:14:32.331+0000] {subprocess.py:93} INFO - tmpg_n88zm7
[2022-11-16T22:14:32.331+0000] {subprocess.py:93} INFO - tmpgg8mkst1
[2022-11-16T22:14:32.332+0000] {subprocess.py:93} INFO - tmpgi8v82jx
[2022-11-16T22:14:32.332+0000] {subprocess.py:93} INFO - tmpiez6kail
[2022-11-16T22:14:32.332+0000] {subprocess.py:93} INFO - tmpj1n4wxza
[2022-11-16T22:14:32.332+0000] {subprocess.py:93} INFO - tmpjsznho2e
[2022-11-16T22:14:32.333+0000] {subprocess.py:93} INFO - tmpkrg9_cgk
[2022-11-16T22:14:32.333+0000] {subprocess.py:93} INFO - tmpl13ymsfs
[2022-11-16T22:14:32.333+0000] {subprocess.py:93} INFO - tmplrbhl64b
[2022-11-16T22:14:32.334+0000] {subprocess.py:93} INFO - tmpn38ozedg
[2022-11-16T22:14:32.334+0000] {subprocess.py:93} INFO - tmpn96u_4ih
[2022-11-16T22:14:32.334+0000] {subprocess.py:93} INFO - tmpo3nf6k5c
[2022-11-16T22:14:32.334+0000] {subprocess.py:93} INFO - tmpoy_ljy8t
[2022-11-16T22:14:32.335+0000] {subprocess.py:93} INFO - tmpp4w9yq6x
[2022-11-16T22:14:32.336+0000] {subprocess.py:93} INFO - tmppfidxzjr
[2022-11-16T22:14:32.336+0000] {subprocess.py:93} INFO - tmpr681bhfw
[2022-11-16T22:14:32.337+0000] {subprocess.py:93} INFO - tmpr9102hwf
[2022-11-16T22:14:32.337+0000] {subprocess.py:93} INFO - tmpt4qo16oq
[2022-11-16T22:14:32.337+0000] {subprocess.py:93} INFO - tmptn832g5z
[2022-11-16T22:14:32.338+0000] {subprocess.py:93} INFO - tmpu9qbl0wh
[2022-11-16T22:14:32.338+0000] {subprocess.py:93} INFO - tmpuq8ywung
[2022-11-16T22:14:32.338+0000] {subprocess.py:93} INFO - tmpv606o9_9
[2022-11-16T22:14:32.339+0000] {subprocess.py:93} INFO - tmpxf7g1lc4
[2022-11-16T22:14:32.339+0000] {subprocess.py:93} INFO - tmpxktobcjf
[2022-11-16T22:14:32.339+0000] {subprocess.py:93} INFO - tmpz91iizm7
[2022-11-16T22:14:32.339+0000] {subprocess.py:93} INFO - head: cannot open '/tmp/platzi_data.csv' for reading: No such file or directory
[2022-11-16T22:14:32.340+0000] {subprocess.py:97} INFO - Command exited with return code 1
[2022-11-16T22:14:32.352+0000] {taskinstance.py:1851} ERROR - Task failed with exception
Traceback (most recent call last):
  File "/home/airflow/.local/lib/python3.7/site-packages/airflow/operators/bash.py", line 197, in execute
    f'Bash command failed. The command returned a non-zero exit code {result.exit_code}.'
airflow.exceptions.AirflowException: Bash command failed. The command returned a non-zero exit code 1.
[2022-11-16T22:14:32.358+0000] {taskinstance.py:1406} INFO - Marking task as FAILED. dag_id=MyPersonalAirflowProject, task_id=Print_Imported_data, execution_date=20221008T000000, start_date=20221116T221432, end_date=20221116T221432
[2022-11-16T22:14:32.376+0000] {standard_task_runner.py:105} ERROR - Failed to execute job 1487 for task Print_Imported_data (Bash command failed. The command returned a non-zero exit code 1.; 5029)
[2022-11-16T22:14:32.413+0000] {local_task_job.py:164} INFO - Task exited with return code 1
[2022-11-16T22:14:32.436+0000] {local_task_job.py:273} INFO - 0 downstream tasks scheduled from follow-on schedule check
[2022-11-17T16:28:02.427+0000] {taskinstance.py:1165} INFO - Dependencies all met for <TaskInstance: MyPersonalAirflowProject.Print_Imported_data scheduled__2022-10-08T00:00:00+00:00 [queued]>
[2022-11-17T16:28:02.441+0000] {taskinstance.py:1165} INFO - Dependencies all met for <TaskInstance: MyPersonalAirflowProject.Print_Imported_data scheduled__2022-10-08T00:00:00+00:00 [queued]>
[2022-11-17T16:28:02.442+0000] {taskinstance.py:1362} INFO - 
--------------------------------------------------------------------------------
[2022-11-17T16:28:02.442+0000] {taskinstance.py:1363} INFO - Starting attempt 1 of 1
[2022-11-17T16:28:02.443+0000] {taskinstance.py:1364} INFO - 
--------------------------------------------------------------------------------
[2022-11-17T16:28:02.461+0000] {taskinstance.py:1383} INFO - Executing <Task(BashOperator): Print_Imported_data> on 2022-10-08 00:00:00+00:00
[2022-11-17T16:28:02.467+0000] {standard_task_runner.py:55} INFO - Started process 3259 to run task
[2022-11-17T16:28:02.469+0000] {standard_task_runner.py:82} INFO - Running: ['***', 'tasks', 'run', 'MyPersonalAirflowProject', 'Print_Imported_data', 'scheduled__2022-10-08T00:00:00+00:00', '--job-id', '2085', '--raw', '--subdir', 'DAGS_FOLDER/FinalPersonalProject.py', '--cfg-path', '/tmp/tmpewtf9f0b']
[2022-11-17T16:28:02.470+0000] {standard_task_runner.py:83} INFO - Job 2085: Subtask Print_Imported_data
[2022-11-17T16:28:02.536+0000] {task_command.py:376} INFO - Running <TaskInstance: MyPersonalAirflowProject.Print_Imported_data scheduled__2022-10-08T00:00:00+00:00 [running]> on host 638485efabe7
[2022-11-17T16:28:02.614+0000] {taskinstance.py:1592} INFO - Exporting the following env vars:
AIRFLOW_CTX_DAG_OWNER=***
AIRFLOW_CTX_DAG_ID=MyPersonalAirflowProject
AIRFLOW_CTX_TASK_ID=Print_Imported_data
AIRFLOW_CTX_EXECUTION_DATE=2022-10-08T00:00:00+00:00
AIRFLOW_CTX_TRY_NUMBER=1
AIRFLOW_CTX_DAG_RUN_ID=scheduled__2022-10-08T00:00:00+00:00
[2022-11-17T16:28:02.615+0000] {subprocess.py:63} INFO - Tmp dir root location: 
 /tmp
[2022-11-17T16:28:02.616+0000] {subprocess.py:75} INFO - Running command: ['/bin/bash', '-c', 'ls /tmp/ && head /tmp/platzi_data_20221008.csv']
[2022-11-17T16:28:02.626+0000] {subprocess.py:86} INFO - Output:
[2022-11-17T16:28:02.630+0000] {subprocess.py:93} INFO - ***tmpk5xxq3nx
[2022-11-17T16:28:02.631+0000] {subprocess.py:93} INFO - ***tmplkvca7ip
[2022-11-17T16:28:02.632+0000] {subprocess.py:93} INFO - ***tmpodkacs8z
[2022-11-17T16:28:02.632+0000] {subprocess.py:93} INFO - ***tmpu4gf4wbs
[2022-11-17T16:28:02.633+0000] {subprocess.py:93} INFO - file.txt
[2022-11-17T16:28:02.633+0000] {subprocess.py:93} INFO - history.json
[2022-11-17T16:28:02.634+0000] {subprocess.py:93} INFO - platzi_data_20221001.csv
[2022-11-17T16:28:02.634+0000] {subprocess.py:93} INFO - platzi_data_20221002.csv
[2022-11-17T16:28:02.634+0000] {subprocess.py:93} INFO - platzi_data_20221003.csv
[2022-11-17T16:28:02.635+0000] {subprocess.py:93} INFO - platzi_data_20221004.csv
[2022-11-17T16:28:02.635+0000] {subprocess.py:93} INFO - platzi_data_20221005.csv
[2022-11-17T16:28:02.636+0000] {subprocess.py:93} INFO - platzi_data_20221006.csv
[2022-11-17T16:28:02.636+0000] {subprocess.py:93} INFO - platzi_data_20221007.csv
[2022-11-17T16:28:02.636+0000] {subprocess.py:93} INFO - platzi_data_20221008.csv
[2022-11-17T16:28:02.637+0000] {subprocess.py:93} INFO - platzi_data_20221009.csv
[2022-11-17T16:28:02.637+0000] {subprocess.py:93} INFO - platzi_data_20221010.csv
[2022-11-17T16:28:02.637+0000] {subprocess.py:93} INFO - platzi_data_20221011.csv
[2022-11-17T16:28:02.638+0000] {subprocess.py:93} INFO - platzi_data_20221012.csv
[2022-11-17T16:28:02.638+0000] {subprocess.py:93} INFO - platzi_data_20221013.csv
[2022-11-17T16:28:02.639+0000] {subprocess.py:93} INFO - platzi_data_20221014.csv
[2022-11-17T16:28:02.639+0000] {subprocess.py:93} INFO - platzi_data_20221015.csv
[2022-11-17T16:28:02.640+0000] {subprocess.py:93} INFO - platzi_data_20221016.csv
[2022-11-17T16:28:02.640+0000] {subprocess.py:93} INFO - platzi_data_20221017.csv
[2022-11-17T16:28:02.641+0000] {subprocess.py:93} INFO - platzi_data_20221018.csv
[2022-11-17T16:28:02.641+0000] {subprocess.py:93} INFO - platzi_data_20221019.csv
[2022-11-17T16:28:02.642+0000] {subprocess.py:93} INFO - platzi_data_20221020.csv
[2022-11-17T16:28:02.642+0000] {subprocess.py:93} INFO - platzi_data_20221021.csv
[2022-11-17T16:28:02.643+0000] {subprocess.py:93} INFO - platzi_data_20221022.csv
[2022-11-17T16:28:02.644+0000] {subprocess.py:93} INFO - platzi_data_20221023.csv
[2022-11-17T16:28:02.644+0000] {subprocess.py:93} INFO - platzi_data_20221024.csv
[2022-11-17T16:28:02.645+0000] {subprocess.py:93} INFO - platzi_data_20221025.csv
[2022-11-17T16:28:02.645+0000] {subprocess.py:93} INFO - platzi_data_20221026.csv
[2022-11-17T16:28:02.646+0000] {subprocess.py:93} INFO - platzi_data_20221027.csv
[2022-11-17T16:28:02.646+0000] {subprocess.py:93} INFO - platzi_data_20221028.csv
[2022-11-17T16:28:02.647+0000] {subprocess.py:93} INFO - platzi_data_20221029.csv
[2022-11-17T16:28:02.647+0000] {subprocess.py:93} INFO - platzi_data_20221030.csv
[2022-11-17T16:28:02.647+0000] {subprocess.py:93} INFO - platzi_data_20221031.csv
[2022-11-17T16:28:02.648+0000] {subprocess.py:93} INFO - platzi_data_20221101.csv
[2022-11-17T16:28:02.648+0000] {subprocess.py:93} INFO - platzi_data_20221102.csv
[2022-11-17T16:28:02.648+0000] {subprocess.py:93} INFO - platzi_data_20221103.csv
[2022-11-17T16:28:02.649+0000] {subprocess.py:93} INFO - platzi_data_20221104.csv
[2022-11-17T16:28:02.649+0000] {subprocess.py:93} INFO - platzi_data_20221105.csv
[2022-11-17T16:28:02.650+0000] {subprocess.py:93} INFO - platzi_data_20221106.csv
[2022-11-17T16:28:02.650+0000] {subprocess.py:93} INFO - platzi_data_20221107.csv
[2022-11-17T16:28:02.651+0000] {subprocess.py:93} INFO - platzi_data_20221108.csv
[2022-11-17T16:28:02.651+0000] {subprocess.py:93} INFO - platzi_data_20221109.csv
[2022-11-17T16:28:02.651+0000] {subprocess.py:93} INFO - platzi_data_20221110.csv
[2022-11-17T16:28:02.652+0000] {subprocess.py:93} INFO - platzi_data_20221111.csv
[2022-11-17T16:28:02.652+0000] {subprocess.py:93} INFO - platzi_data_20221112.csv
[2022-11-17T16:28:02.652+0000] {subprocess.py:93} INFO - platzi_data_20221113.csv
[2022-11-17T16:28:02.653+0000] {subprocess.py:93} INFO - platzi_data_20221114.csv
[2022-11-17T16:28:02.653+0000] {subprocess.py:93} INFO - platzi_data_20221115.csv
[2022-11-17T16:28:02.653+0000] {subprocess.py:93} INFO - platzi_data_20221116.csv
[2022-11-17T16:28:02.654+0000] {subprocess.py:93} INFO - pymp-8yik9lbi
[2022-11-17T16:28:02.654+0000] {subprocess.py:93} INFO - pymp-sbqt6pho
[2022-11-17T16:28:02.654+0000] {subprocess.py:93} INFO - reponse_20221001.txt
[2022-11-17T16:28:02.655+0000] {subprocess.py:93} INFO - reponse_20221002.txt
[2022-11-17T16:28:02.655+0000] {subprocess.py:93} INFO - reponse_20221003.txt
[2022-11-17T16:28:02.655+0000] {subprocess.py:93} INFO - reponse_20221004.txt
[2022-11-17T16:28:02.656+0000] {subprocess.py:93} INFO - reponse_20221005.txt
[2022-11-17T16:28:02.656+0000] {subprocess.py:93} INFO - reponse_20221006.txt
[2022-11-17T16:28:02.657+0000] {subprocess.py:93} INFO - reponse_20221007.txt
[2022-11-17T16:28:02.657+0000] {subprocess.py:93} INFO - reponse_20221008.txt
[2022-11-17T16:28:02.657+0000] {subprocess.py:93} INFO - reponse_20221009.txt
[2022-11-17T16:28:02.658+0000] {subprocess.py:93} INFO - reponse_20221010.txt
[2022-11-17T16:28:02.658+0000] {subprocess.py:93} INFO - reponse_20221011.txt
[2022-11-17T16:28:02.659+0000] {subprocess.py:93} INFO - reponse_20221012.txt
[2022-11-17T16:28:02.659+0000] {subprocess.py:93} INFO - reponse_20221013.txt
[2022-11-17T16:28:02.660+0000] {subprocess.py:93} INFO - reponse_20221014.txt
[2022-11-17T16:28:02.660+0000] {subprocess.py:93} INFO - reponse_20221015.txt
[2022-11-17T16:28:02.660+0000] {subprocess.py:93} INFO - reponse_20221016.txt
[2022-11-17T16:28:02.661+0000] {subprocess.py:93} INFO - reponse_20221017.txt
[2022-11-17T16:28:02.661+0000] {subprocess.py:93} INFO - reponse_20221018.txt
[2022-11-17T16:28:02.661+0000] {subprocess.py:93} INFO - reponse_20221019.txt
[2022-11-17T16:28:02.662+0000] {subprocess.py:93} INFO - reponse_20221020.txt
[2022-11-17T16:28:02.662+0000] {subprocess.py:93} INFO - reponse_20221021.txt
[2022-11-17T16:28:02.662+0000] {subprocess.py:93} INFO - reponse_20221022.txt
[2022-11-17T16:28:02.663+0000] {subprocess.py:93} INFO - reponse_20221023.txt
[2022-11-17T16:28:02.663+0000] {subprocess.py:93} INFO - reponse_20221024.txt
[2022-11-17T16:28:02.663+0000] {subprocess.py:93} INFO - reponse_20221025.txt
[2022-11-17T16:28:02.664+0000] {subprocess.py:93} INFO - reponse_20221026.txt
[2022-11-17T16:28:02.665+0000] {subprocess.py:93} INFO - reponse_20221027.txt
[2022-11-17T16:28:02.665+0000] {subprocess.py:93} INFO - reponse_20221028.txt
[2022-11-17T16:28:02.665+0000] {subprocess.py:93} INFO - reponse_20221029.txt
[2022-11-17T16:28:02.666+0000] {subprocess.py:93} INFO - reponse_20221030.txt
[2022-11-17T16:28:02.666+0000] {subprocess.py:93} INFO - reponse_20221031.txt
[2022-11-17T16:28:02.667+0000] {subprocess.py:93} INFO - reponse_20221101.txt
[2022-11-17T16:28:02.667+0000] {subprocess.py:93} INFO - reponse_20221102.txt
[2022-11-17T16:28:02.667+0000] {subprocess.py:93} INFO - reponse_20221103.txt
[2022-11-17T16:28:02.668+0000] {subprocess.py:93} INFO - reponse_20221104.txt
[2022-11-17T16:28:02.668+0000] {subprocess.py:93} INFO - reponse_20221105.txt
[2022-11-17T16:28:02.669+0000] {subprocess.py:93} INFO - reponse_20221106.txt
[2022-11-17T16:28:02.669+0000] {subprocess.py:93} INFO - reponse_20221107.txt
[2022-11-17T16:28:02.670+0000] {subprocess.py:93} INFO - reponse_20221108.txt
[2022-11-17T16:28:02.670+0000] {subprocess.py:93} INFO - reponse_20221109.txt
[2022-11-17T16:28:02.671+0000] {subprocess.py:93} INFO - reponse_20221110.txt
[2022-11-17T16:28:02.672+0000] {subprocess.py:93} INFO - reponse_20221111.txt
[2022-11-17T16:28:02.673+0000] {subprocess.py:93} INFO - reponse_20221112.txt
[2022-11-17T16:28:02.673+0000] {subprocess.py:93} INFO - reponse_20221113.txt
[2022-11-17T16:28:02.674+0000] {subprocess.py:93} INFO - reponse_20221114.txt
[2022-11-17T16:28:02.674+0000] {subprocess.py:93} INFO - reponse_20221115.txt
[2022-11-17T16:28:02.674+0000] {subprocess.py:93} INFO - reponse_20221116.txt
[2022-11-17T16:28:02.675+0000] {subprocess.py:93} INFO - tmp061o5asr
[2022-11-17T16:28:02.675+0000] {subprocess.py:93} INFO - tmp1b_v374g
[2022-11-17T16:28:02.676+0000] {subprocess.py:93} INFO - tmp2n3y4qb3
[2022-11-17T16:28:02.676+0000] {subprocess.py:93} INFO - tmp2ztydtyd
[2022-11-17T16:28:02.677+0000] {subprocess.py:93} INFO - tmp546oqdk0
[2022-11-17T16:28:02.677+0000] {subprocess.py:93} INFO - tmp57roj99h
[2022-11-17T16:28:02.677+0000] {subprocess.py:93} INFO - tmp5lejojs5
[2022-11-17T16:28:02.678+0000] {subprocess.py:93} INFO - tmp5nj2onwa
[2022-11-17T16:28:02.678+0000] {subprocess.py:93} INFO - tmp64cxrvul
[2022-11-17T16:28:02.679+0000] {subprocess.py:93} INFO - tmp6g4l21c1
[2022-11-17T16:28:02.679+0000] {subprocess.py:93} INFO - tmp7c6bgots
[2022-11-17T16:28:02.679+0000] {subprocess.py:93} INFO - tmp7khebugo
[2022-11-17T16:28:02.680+0000] {subprocess.py:93} INFO - tmp7lvtz6wk
[2022-11-17T16:28:02.680+0000] {subprocess.py:93} INFO - tmp8_n1aj39
[2022-11-17T16:28:02.681+0000] {subprocess.py:93} INFO - tmp8c_dsk2e
[2022-11-17T16:28:02.681+0000] {subprocess.py:93} INFO - tmp928ntdt7
[2022-11-17T16:28:02.682+0000] {subprocess.py:93} INFO - tmp9503grtb
[2022-11-17T16:28:02.682+0000] {subprocess.py:93} INFO - tmp_afh1uos
[2022-11-17T16:28:02.682+0000] {subprocess.py:93} INFO - tmp_m6lsnw3
[2022-11-17T16:28:02.682+0000] {subprocess.py:93} INFO - tmp_vy6n6_q
[2022-11-17T16:28:02.683+0000] {subprocess.py:93} INFO - tmpcnj5oj8y
[2022-11-17T16:28:02.683+0000] {subprocess.py:93} INFO - tmpcu_pom_6
[2022-11-17T16:28:02.684+0000] {subprocess.py:93} INFO - tmpdmc2g1zb
[2022-11-17T16:28:02.684+0000] {subprocess.py:93} INFO - tmpe4k1ogev
[2022-11-17T16:28:02.684+0000] {subprocess.py:93} INFO - tmpg_n88zm7
[2022-11-17T16:28:02.685+0000] {subprocess.py:93} INFO - tmpgg8mkst1
[2022-11-17T16:28:02.685+0000] {subprocess.py:93} INFO - tmpgi8v82jx
[2022-11-17T16:28:02.685+0000] {subprocess.py:93} INFO - tmpiez6kail
[2022-11-17T16:28:02.686+0000] {subprocess.py:93} INFO - tmpj1n4wxza
[2022-11-17T16:28:02.686+0000] {subprocess.py:93} INFO - tmpjsznho2e
[2022-11-17T16:28:02.686+0000] {subprocess.py:93} INFO - tmpkrg9_cgk
[2022-11-17T16:28:02.687+0000] {subprocess.py:93} INFO - tmpl13ymsfs
[2022-11-17T16:28:02.687+0000] {subprocess.py:93} INFO - tmplrbhl64b
[2022-11-17T16:28:02.688+0000] {subprocess.py:93} INFO - tmpn38ozedg
[2022-11-17T16:28:02.688+0000] {subprocess.py:93} INFO - tmpn96u_4ih
[2022-11-17T16:28:02.688+0000] {subprocess.py:93} INFO - tmpo3nf6k5c
[2022-11-17T16:28:02.689+0000] {subprocess.py:93} INFO - tmpoy_ljy8t
[2022-11-17T16:28:02.689+0000] {subprocess.py:93} INFO - tmpp4w9yq6x
[2022-11-17T16:28:02.690+0000] {subprocess.py:93} INFO - tmppfidxzjr
[2022-11-17T16:28:02.691+0000] {subprocess.py:93} INFO - tmpr681bhfw
[2022-11-17T16:28:02.691+0000] {subprocess.py:93} INFO - tmpr9102hwf
[2022-11-17T16:28:02.691+0000] {subprocess.py:93} INFO - tmpt4qo16oq
[2022-11-17T16:28:02.692+0000] {subprocess.py:93} INFO - tmptn832g5z
[2022-11-17T16:28:02.692+0000] {subprocess.py:93} INFO - tmpu9qbl0wh
[2022-11-17T16:28:02.692+0000] {subprocess.py:93} INFO - tmpuq8ywung
[2022-11-17T16:28:02.693+0000] {subprocess.py:93} INFO - tmpv606o9_9
[2022-11-17T16:28:02.693+0000] {subprocess.py:93} INFO - tmpxf7g1lc4
[2022-11-17T16:28:02.693+0000] {subprocess.py:93} INFO - tmpxktobcjf
[2022-11-17T16:28:02.694+0000] {subprocess.py:93} INFO - tmpz91iizm7
[2022-11-17T16:28:02.694+0000] {subprocess.py:93} INFO - ,student,timestamp
[2022-11-17T16:28:02.695+0000] {subprocess.py:93} INFO - 0,Maria Cruz,2022-10-08 00:00:00+00:00
[2022-11-17T16:28:02.695+0000] {subprocess.py:93} INFO - 1,Daniel Crema,2022-10-08 00:00:00+00:00
[2022-11-17T16:28:02.695+0000] {subprocess.py:93} INFO - 2,Elon Musk,2022-10-08 00:00:00+00:00
[2022-11-17T16:28:02.696+0000] {subprocess.py:93} INFO - 3,Karol Castrejon,2022-10-08 00:00:00+00:00
[2022-11-17T16:28:02.696+0000] {subprocess.py:93} INFO - 4,Freddy Vega,2022-10-08 00:00:00+00:00
[2022-11-17T16:28:02.697+0000] {subprocess.py:93} INFO - 5,Freddy Montañez,2022-10-08 00:00:00+00:00
[2022-11-17T16:28:02.697+0000] {subprocess.py:97} INFO - Command exited with return code 0
[2022-11-17T16:28:02.730+0000] {taskinstance.py:1406} INFO - Marking task as SUCCESS. dag_id=MyPersonalAirflowProject, task_id=Print_Imported_data, execution_date=20221008T000000, start_date=20221117T162802, end_date=20221117T162802
[2022-11-17T16:28:02.764+0000] {local_task_job.py:164} INFO - Task exited with return code 0
[2022-11-17T16:28:02.791+0000] {local_task_job.py:273} INFO - 2 downstream tasks scheduled from follow-on schedule check
[2022-11-17T17:20:08.494+0000] {taskinstance.py:1165} INFO - Dependencies all met for <TaskInstance: MyPersonalAirflowProject.Print_Imported_data scheduled__2022-10-08T00:00:00+00:00 [queued]>
[2022-11-17T17:20:08.508+0000] {taskinstance.py:1165} INFO - Dependencies all met for <TaskInstance: MyPersonalAirflowProject.Print_Imported_data scheduled__2022-10-08T00:00:00+00:00 [queued]>
[2022-11-17T17:20:08.509+0000] {taskinstance.py:1362} INFO - 
--------------------------------------------------------------------------------
[2022-11-17T17:20:08.509+0000] {taskinstance.py:1363} INFO - Starting attempt 1 of 1
[2022-11-17T17:20:08.510+0000] {taskinstance.py:1364} INFO - 
--------------------------------------------------------------------------------
[2022-11-17T17:20:08.527+0000] {taskinstance.py:1383} INFO - Executing <Task(BashOperator): Print_Imported_data> on 2022-10-08 00:00:00+00:00
[2022-11-17T17:20:08.533+0000] {standard_task_runner.py:55} INFO - Started process 6892 to run task
[2022-11-17T17:20:08.536+0000] {standard_task_runner.py:82} INFO - Running: ['***', 'tasks', 'run', 'MyPersonalAirflowProject', 'Print_Imported_data', 'scheduled__2022-10-08T00:00:00+00:00', '--job-id', '2495', '--raw', '--subdir', 'DAGS_FOLDER/FinalPersonalProject.py', '--cfg-path', '/tmp/tmp24fxuv0b']
[2022-11-17T17:20:08.537+0000] {standard_task_runner.py:83} INFO - Job 2495: Subtask Print_Imported_data
[2022-11-17T17:20:08.611+0000] {task_command.py:376} INFO - Running <TaskInstance: MyPersonalAirflowProject.Print_Imported_data scheduled__2022-10-08T00:00:00+00:00 [running]> on host 638485efabe7
[2022-11-17T17:20:08.693+0000] {taskinstance.py:1592} INFO - Exporting the following env vars:
AIRFLOW_CTX_DAG_OWNER=***
AIRFLOW_CTX_DAG_ID=MyPersonalAirflowProject
AIRFLOW_CTX_TASK_ID=Print_Imported_data
AIRFLOW_CTX_EXECUTION_DATE=2022-10-08T00:00:00+00:00
AIRFLOW_CTX_TRY_NUMBER=1
AIRFLOW_CTX_DAG_RUN_ID=scheduled__2022-10-08T00:00:00+00:00
[2022-11-17T17:20:08.694+0000] {subprocess.py:63} INFO - Tmp dir root location: 
 /tmp
[2022-11-17T17:20:08.696+0000] {subprocess.py:75} INFO - Running command: ['/bin/bash', '-c', 'ls /tmp/ && head /tmp/platzi_data_20221008.csv']
[2022-11-17T17:20:08.708+0000] {subprocess.py:86} INFO - Output:
[2022-11-17T17:20:08.711+0000] {subprocess.py:93} INFO - ***tmpk5xxq3nx
[2022-11-17T17:20:08.712+0000] {subprocess.py:93} INFO - ***tmplkvca7ip
[2022-11-17T17:20:08.713+0000] {subprocess.py:93} INFO - ***tmpodkacs8z
[2022-11-17T17:20:08.714+0000] {subprocess.py:93} INFO - ***tmpq6zyztmn
[2022-11-17T17:20:08.715+0000] {subprocess.py:93} INFO - file.txt
[2022-11-17T17:20:08.715+0000] {subprocess.py:93} INFO - history.json
[2022-11-17T17:20:08.716+0000] {subprocess.py:93} INFO - platzi_data_20221001.csv
[2022-11-17T17:20:08.717+0000] {subprocess.py:93} INFO - platzi_data_20221002.csv
[2022-11-17T17:20:08.717+0000] {subprocess.py:93} INFO - platzi_data_20221003.csv
[2022-11-17T17:20:08.717+0000] {subprocess.py:93} INFO - platzi_data_20221004.csv
[2022-11-17T17:20:08.718+0000] {subprocess.py:93} INFO - platzi_data_20221005.csv
[2022-11-17T17:20:08.718+0000] {subprocess.py:93} INFO - platzi_data_20221006.csv
[2022-11-17T17:20:08.719+0000] {subprocess.py:93} INFO - platzi_data_20221007.csv
[2022-11-17T17:20:08.719+0000] {subprocess.py:93} INFO - platzi_data_20221008.csv
[2022-11-17T17:20:08.719+0000] {subprocess.py:93} INFO - platzi_data_20221009.csv
[2022-11-17T17:20:08.720+0000] {subprocess.py:93} INFO - platzi_data_20221010.csv
[2022-11-17T17:20:08.720+0000] {subprocess.py:93} INFO - platzi_data_20221011.csv
[2022-11-17T17:20:08.721+0000] {subprocess.py:93} INFO - platzi_data_20221012.csv
[2022-11-17T17:20:08.721+0000] {subprocess.py:93} INFO - platzi_data_20221013.csv
[2022-11-17T17:20:08.722+0000] {subprocess.py:93} INFO - platzi_data_20221014.csv
[2022-11-17T17:20:08.722+0000] {subprocess.py:93} INFO - platzi_data_20221015.csv
[2022-11-17T17:20:08.722+0000] {subprocess.py:93} INFO - platzi_data_20221016.csv
[2022-11-17T17:20:08.723+0000] {subprocess.py:93} INFO - platzi_data_20221017.csv
[2022-11-17T17:20:08.723+0000] {subprocess.py:93} INFO - platzi_data_20221018.csv
[2022-11-17T17:20:08.723+0000] {subprocess.py:93} INFO - platzi_data_20221019.csv
[2022-11-17T17:20:08.724+0000] {subprocess.py:93} INFO - platzi_data_20221020.csv
[2022-11-17T17:20:08.724+0000] {subprocess.py:93} INFO - platzi_data_20221021.csv
[2022-11-17T17:20:08.724+0000] {subprocess.py:93} INFO - platzi_data_20221022.csv
[2022-11-17T17:20:08.725+0000] {subprocess.py:93} INFO - platzi_data_20221023.csv
[2022-11-17T17:20:08.725+0000] {subprocess.py:93} INFO - platzi_data_20221024.csv
[2022-11-17T17:20:08.725+0000] {subprocess.py:93} INFO - platzi_data_20221025.csv
[2022-11-17T17:20:08.725+0000] {subprocess.py:93} INFO - platzi_data_20221026.csv
[2022-11-17T17:20:08.726+0000] {subprocess.py:93} INFO - platzi_data_20221027.csv
[2022-11-17T17:20:08.726+0000] {subprocess.py:93} INFO - platzi_data_20221028.csv
[2022-11-17T17:20:08.726+0000] {subprocess.py:93} INFO - platzi_data_20221029.csv
[2022-11-17T17:20:08.727+0000] {subprocess.py:93} INFO - platzi_data_20221030.csv
[2022-11-17T17:20:08.727+0000] {subprocess.py:93} INFO - platzi_data_20221031.csv
[2022-11-17T17:20:08.727+0000] {subprocess.py:93} INFO - platzi_data_20221101.csv
[2022-11-17T17:20:08.727+0000] {subprocess.py:93} INFO - platzi_data_20221102.csv
[2022-11-17T17:20:08.728+0000] {subprocess.py:93} INFO - platzi_data_20221103.csv
[2022-11-17T17:20:08.728+0000] {subprocess.py:93} INFO - platzi_data_20221104.csv
[2022-11-17T17:20:08.728+0000] {subprocess.py:93} INFO - platzi_data_20221105.csv
[2022-11-17T17:20:08.729+0000] {subprocess.py:93} INFO - platzi_data_20221106.csv
[2022-11-17T17:20:08.729+0000] {subprocess.py:93} INFO - platzi_data_20221107.csv
[2022-11-17T17:20:08.729+0000] {subprocess.py:93} INFO - platzi_data_20221108.csv
[2022-11-17T17:20:08.729+0000] {subprocess.py:93} INFO - platzi_data_20221109.csv
[2022-11-17T17:20:08.730+0000] {subprocess.py:93} INFO - platzi_data_20221110.csv
[2022-11-17T17:20:08.730+0000] {subprocess.py:93} INFO - platzi_data_20221111.csv
[2022-11-17T17:20:08.730+0000] {subprocess.py:93} INFO - platzi_data_20221112.csv
[2022-11-17T17:20:08.731+0000] {subprocess.py:93} INFO - platzi_data_20221113.csv
[2022-11-17T17:20:08.732+0000] {subprocess.py:93} INFO - platzi_data_20221114.csv
[2022-11-17T17:20:08.732+0000] {subprocess.py:93} INFO - platzi_data_20221115.csv
[2022-11-17T17:20:08.733+0000] {subprocess.py:93} INFO - platzi_data_20221116.csv
[2022-11-17T17:20:08.733+0000] {subprocess.py:93} INFO - pymp-8yik9lbi
[2022-11-17T17:20:08.733+0000] {subprocess.py:93} INFO - pymp-sbqt6pho
[2022-11-17T17:20:08.734+0000] {subprocess.py:93} INFO - reponse_20221001.txt
[2022-11-17T17:20:08.734+0000] {subprocess.py:93} INFO - reponse_20221002.txt
[2022-11-17T17:20:08.734+0000] {subprocess.py:93} INFO - reponse_20221003.txt
[2022-11-17T17:20:08.735+0000] {subprocess.py:93} INFO - reponse_20221004.txt
[2022-11-17T17:20:08.735+0000] {subprocess.py:93} INFO - reponse_20221005.txt
[2022-11-17T17:20:08.735+0000] {subprocess.py:93} INFO - reponse_20221006.txt
[2022-11-17T17:20:08.736+0000] {subprocess.py:93} INFO - reponse_20221007.txt
[2022-11-17T17:20:08.736+0000] {subprocess.py:93} INFO - reponse_20221008.txt
[2022-11-17T17:20:08.737+0000] {subprocess.py:93} INFO - reponse_20221009.txt
[2022-11-17T17:20:08.737+0000] {subprocess.py:93} INFO - reponse_20221010.txt
[2022-11-17T17:20:08.737+0000] {subprocess.py:93} INFO - reponse_20221011.txt
[2022-11-17T17:20:08.738+0000] {subprocess.py:93} INFO - reponse_20221012.txt
[2022-11-17T17:20:08.738+0000] {subprocess.py:93} INFO - reponse_20221013.txt
[2022-11-17T17:20:08.739+0000] {subprocess.py:93} INFO - reponse_20221014.txt
[2022-11-17T17:20:08.739+0000] {subprocess.py:93} INFO - reponse_20221015.txt
[2022-11-17T17:20:08.739+0000] {subprocess.py:93} INFO - reponse_20221016.txt
[2022-11-17T17:20:08.740+0000] {subprocess.py:93} INFO - reponse_20221017.txt
[2022-11-17T17:20:08.740+0000] {subprocess.py:93} INFO - reponse_20221018.txt
[2022-11-17T17:20:08.740+0000] {subprocess.py:93} INFO - reponse_20221019.txt
[2022-11-17T17:20:08.741+0000] {subprocess.py:93} INFO - reponse_20221020.txt
[2022-11-17T17:20:08.741+0000] {subprocess.py:93} INFO - reponse_20221021.txt
[2022-11-17T17:20:08.741+0000] {subprocess.py:93} INFO - reponse_20221022.txt
[2022-11-17T17:20:08.742+0000] {subprocess.py:93} INFO - reponse_20221023.txt
[2022-11-17T17:20:08.742+0000] {subprocess.py:93} INFO - reponse_20221024.txt
[2022-11-17T17:20:08.742+0000] {subprocess.py:93} INFO - reponse_20221025.txt
[2022-11-17T17:20:08.742+0000] {subprocess.py:93} INFO - reponse_20221026.txt
[2022-11-17T17:20:08.743+0000] {subprocess.py:93} INFO - reponse_20221027.txt
[2022-11-17T17:20:08.743+0000] {subprocess.py:93} INFO - reponse_20221028.txt
[2022-11-17T17:20:08.743+0000] {subprocess.py:93} INFO - reponse_20221029.txt
[2022-11-17T17:20:08.744+0000] {subprocess.py:93} INFO - reponse_20221030.txt
[2022-11-17T17:20:08.744+0000] {subprocess.py:93} INFO - reponse_20221031.txt
[2022-11-17T17:20:08.745+0000] {subprocess.py:93} INFO - reponse_20221101.txt
[2022-11-17T17:20:08.745+0000] {subprocess.py:93} INFO - reponse_20221102.txt
[2022-11-17T17:20:08.745+0000] {subprocess.py:93} INFO - reponse_20221103.txt
[2022-11-17T17:20:08.746+0000] {subprocess.py:93} INFO - reponse_20221104.txt
[2022-11-17T17:20:08.746+0000] {subprocess.py:93} INFO - reponse_20221105.txt
[2022-11-17T17:20:08.747+0000] {subprocess.py:93} INFO - reponse_20221106.txt
[2022-11-17T17:20:08.747+0000] {subprocess.py:93} INFO - reponse_20221107.txt
[2022-11-17T17:20:08.748+0000] {subprocess.py:93} INFO - reponse_20221108.txt
[2022-11-17T17:20:08.749+0000] {subprocess.py:93} INFO - reponse_20221109.txt
[2022-11-17T17:20:08.749+0000] {subprocess.py:93} INFO - reponse_20221110.txt
[2022-11-17T17:20:08.750+0000] {subprocess.py:93} INFO - reponse_20221111.txt
[2022-11-17T17:20:08.750+0000] {subprocess.py:93} INFO - reponse_20221112.txt
[2022-11-17T17:20:08.750+0000] {subprocess.py:93} INFO - reponse_20221113.txt
[2022-11-17T17:20:08.751+0000] {subprocess.py:93} INFO - reponse_20221114.txt
[2022-11-17T17:20:08.751+0000] {subprocess.py:93} INFO - reponse_20221115.txt
[2022-11-17T17:20:08.752+0000] {subprocess.py:93} INFO - reponse_20221116.txt
[2022-11-17T17:20:08.752+0000] {subprocess.py:93} INFO - tmp061o5asr
[2022-11-17T17:20:08.752+0000] {subprocess.py:93} INFO - tmp1b_v374g
[2022-11-17T17:20:08.753+0000] {subprocess.py:93} INFO - tmp2n3y4qb3
[2022-11-17T17:20:08.754+0000] {subprocess.py:93} INFO - tmp2ztydtyd
[2022-11-17T17:20:08.754+0000] {subprocess.py:93} INFO - tmp546oqdk0
[2022-11-17T17:20:08.754+0000] {subprocess.py:93} INFO - tmp57roj99h
[2022-11-17T17:20:08.755+0000] {subprocess.py:93} INFO - tmp5lejojs5
[2022-11-17T17:20:08.755+0000] {subprocess.py:93} INFO - tmp5nj2onwa
[2022-11-17T17:20:08.755+0000] {subprocess.py:93} INFO - tmp64cxrvul
[2022-11-17T17:20:08.756+0000] {subprocess.py:93} INFO - tmp6g4l21c1
[2022-11-17T17:20:08.756+0000] {subprocess.py:93} INFO - tmp7c6bgots
[2022-11-17T17:20:08.757+0000] {subprocess.py:93} INFO - tmp7khebugo
[2022-11-17T17:20:08.757+0000] {subprocess.py:93} INFO - tmp7lvtz6wk
[2022-11-17T17:20:08.757+0000] {subprocess.py:93} INFO - tmp8_n1aj39
[2022-11-17T17:20:08.758+0000] {subprocess.py:93} INFO - tmp8c_dsk2e
[2022-11-17T17:20:08.758+0000] {subprocess.py:93} INFO - tmp928ntdt7
[2022-11-17T17:20:08.758+0000] {subprocess.py:93} INFO - tmp9503grtb
[2022-11-17T17:20:08.759+0000] {subprocess.py:93} INFO - tmp_afh1uos
[2022-11-17T17:20:08.760+0000] {subprocess.py:93} INFO - tmp_m6lsnw3
[2022-11-17T17:20:08.760+0000] {subprocess.py:93} INFO - tmp_vy6n6_q
[2022-11-17T17:20:08.761+0000] {subprocess.py:93} INFO - tmpcnj5oj8y
[2022-11-17T17:20:08.761+0000] {subprocess.py:93} INFO - tmpcu_pom_6
[2022-11-17T17:20:08.762+0000] {subprocess.py:93} INFO - tmpdmc2g1zb
[2022-11-17T17:20:08.762+0000] {subprocess.py:93} INFO - tmpe4k1ogev
[2022-11-17T17:20:08.763+0000] {subprocess.py:93} INFO - tmpg_n88zm7
[2022-11-17T17:20:08.763+0000] {subprocess.py:93} INFO - tmpgg8mkst1
[2022-11-17T17:20:08.763+0000] {subprocess.py:93} INFO - tmpgi8v82jx
[2022-11-17T17:20:08.764+0000] {subprocess.py:93} INFO - tmpiez6kail
[2022-11-17T17:20:08.764+0000] {subprocess.py:93} INFO - tmpj1n4wxza
[2022-11-17T17:20:08.765+0000] {subprocess.py:93} INFO - tmpjsznho2e
[2022-11-17T17:20:08.766+0000] {subprocess.py:93} INFO - tmpkrg9_cgk
[2022-11-17T17:20:08.768+0000] {subprocess.py:93} INFO - tmpl13ymsfs
[2022-11-17T17:20:08.768+0000] {subprocess.py:93} INFO - tmplrbhl64b
[2022-11-17T17:20:08.769+0000] {subprocess.py:93} INFO - tmpn38ozedg
[2022-11-17T17:20:08.770+0000] {subprocess.py:93} INFO - tmpn96u_4ih
[2022-11-17T17:20:08.770+0000] {subprocess.py:93} INFO - tmpo3nf6k5c
[2022-11-17T17:20:08.771+0000] {subprocess.py:93} INFO - tmpoy_ljy8t
[2022-11-17T17:20:08.772+0000] {subprocess.py:93} INFO - tmpp4w9yq6x
[2022-11-17T17:20:08.772+0000] {subprocess.py:93} INFO - tmppfidxzjr
[2022-11-17T17:20:08.773+0000] {subprocess.py:93} INFO - tmpr681bhfw
[2022-11-17T17:20:08.773+0000] {subprocess.py:93} INFO - tmpr9102hwf
[2022-11-17T17:20:08.774+0000] {subprocess.py:93} INFO - tmpt4qo16oq
[2022-11-17T17:20:08.774+0000] {subprocess.py:93} INFO - tmptn832g5z
[2022-11-17T17:20:08.775+0000] {subprocess.py:93} INFO - tmpu9qbl0wh
[2022-11-17T17:20:08.775+0000] {subprocess.py:93} INFO - tmpuq8ywung
[2022-11-17T17:20:08.775+0000] {subprocess.py:93} INFO - tmpv606o9_9
[2022-11-17T17:20:08.776+0000] {subprocess.py:93} INFO - tmpxf7g1lc4
[2022-11-17T17:20:08.776+0000] {subprocess.py:93} INFO - tmpxktobcjf
[2022-11-17T17:20:08.776+0000] {subprocess.py:93} INFO - tmpz91iizm7
[2022-11-17T17:20:08.777+0000] {subprocess.py:93} INFO - ,student,timestamp
[2022-11-17T17:20:08.777+0000] {subprocess.py:93} INFO - 0,Maria Cruz,2022-10-08 00:00:00+00:00
[2022-11-17T17:20:08.777+0000] {subprocess.py:93} INFO - 1,Daniel Crema,2022-10-08 00:00:00+00:00
[2022-11-17T17:20:08.778+0000] {subprocess.py:93} INFO - 2,Elon Musk,2022-10-08 00:00:00+00:00
[2022-11-17T17:20:08.778+0000] {subprocess.py:93} INFO - 3,Karol Castrejon,2022-10-08 00:00:00+00:00
[2022-11-17T17:20:08.778+0000] {subprocess.py:93} INFO - 4,Freddy Vega,2022-10-08 00:00:00+00:00
[2022-11-17T17:20:08.778+0000] {subprocess.py:93} INFO - 5,Freddy Montañez,2022-10-08 00:00:00+00:00
[2022-11-17T17:20:08.779+0000] {subprocess.py:97} INFO - Command exited with return code 0
[2022-11-17T17:20:08.853+0000] {taskinstance.py:1406} INFO - Marking task as SUCCESS. dag_id=MyPersonalAirflowProject, task_id=Print_Imported_data, execution_date=20221008T000000, start_date=20221117T172008, end_date=20221117T172008
[2022-11-17T17:20:08.990+0000] {local_task_job.py:164} INFO - Task exited with return code 0
[2022-11-17T17:20:09.075+0000] {local_task_job.py:273} INFO - 2 downstream tasks scheduled from follow-on schedule check
