[2022-11-04T21:31:55.892+0000] {taskinstance.py:1165} INFO - Dependencies all met for <TaskInstance: orquestation.task4 scheduled__2022-05-03T00:00:00+00:00 [queued]>
[2022-11-04T21:31:55.919+0000] {taskinstance.py:1165} INFO - Dependencies all met for <TaskInstance: orquestation.task4 scheduled__2022-05-03T00:00:00+00:00 [queued]>
[2022-11-04T21:31:55.919+0000] {taskinstance.py:1362} INFO - 
--------------------------------------------------------------------------------
[2022-11-04T21:31:55.921+0000] {taskinstance.py:1363} INFO - Starting attempt 1 of 1
[2022-11-04T21:31:55.922+0000] {taskinstance.py:1364} INFO - 
--------------------------------------------------------------------------------
[2022-11-04T21:31:55.953+0000] {taskinstance.py:1383} INFO - Executing <Task(BashOperator): task4> on 2022-05-03 00:00:00+00:00
[2022-11-04T21:31:55.964+0000] {standard_task_runner.py:55} INFO - Started process 693 to run task
[2022-11-04T21:31:55.970+0000] {standard_task_runner.py:82} INFO - Running: ['***', 'tasks', 'run', 'orquestation', 'task4', 'scheduled__2022-05-03T00:00:00+00:00', '--job-id', '124', '--raw', '--subdir', 'DAGS_FOLDER/5.1-orquestacion.py', '--cfg-path', '/tmp/tmpmzoon1nv']
[2022-11-04T21:31:55.972+0000] {standard_task_runner.py:83} INFO - Job 124: Subtask task4
[2022-11-04T21:31:56.104+0000] {task_command.py:376} INFO - Running <TaskInstance: orquestation.task4 scheduled__2022-05-03T00:00:00+00:00 [running]> on host 643e334f405f
[2022-11-04T21:31:56.248+0000] {taskinstance.py:1592} INFO - Exporting the following env vars:
AIRFLOW_CTX_DAG_OWNER=***
AIRFLOW_CTX_DAG_ID=orquestation
AIRFLOW_CTX_TASK_ID=task4
AIRFLOW_CTX_EXECUTION_DATE=2022-05-03T00:00:00+00:00
AIRFLOW_CTX_TRY_NUMBER=1
AIRFLOW_CTX_DAG_RUN_ID=scheduled__2022-05-03T00:00:00+00:00
[2022-11-04T21:31:56.266+0000] {subprocess.py:63} INFO - Tmp dir root location: 
 /tmp
[2022-11-04T21:31:56.269+0000] {subprocess.py:75} INFO - Running command: ['/bin/bash', '-c', "sleep 2 && echo 'task4'"]
[2022-11-04T21:31:56.294+0000] {subprocess.py:86} INFO - Output:
[2022-11-04T21:31:58.364+0000] {subprocess.py:93} INFO - task4
[2022-11-04T21:31:58.365+0000] {subprocess.py:97} INFO - Command exited with return code 0
[2022-11-04T21:31:58.416+0000] {taskinstance.py:1406} INFO - Marking task as SUCCESS. dag_id=orquestation, task_id=task4, execution_date=20220503T000000, start_date=20221104T213155, end_date=20221104T213158
[2022-11-04T21:31:58.472+0000] {local_task_job.py:164} INFO - Task exited with return code 0
[2022-11-04T21:31:58.508+0000] {local_task_job.py:273} INFO - 0 downstream tasks scheduled from follow-on schedule check
[2022-11-04T21:40:33.247+0000] {taskinstance.py:1165} INFO - Dependencies all met for <TaskInstance: orquestation.task4 scheduled__2022-05-03T00:00:00+00:00 [queued]>
[2022-11-04T21:40:33.263+0000] {taskinstance.py:1165} INFO - Dependencies all met for <TaskInstance: orquestation.task4 scheduled__2022-05-03T00:00:00+00:00 [queued]>
[2022-11-04T21:40:33.264+0000] {taskinstance.py:1362} INFO - 
--------------------------------------------------------------------------------
[2022-11-04T21:40:33.265+0000] {taskinstance.py:1363} INFO - Starting attempt 1 of 1
[2022-11-04T21:40:33.265+0000] {taskinstance.py:1364} INFO - 
--------------------------------------------------------------------------------
[2022-11-04T21:40:33.282+0000] {taskinstance.py:1383} INFO - Executing <Task(BashOperator): task4> on 2022-05-03 00:00:00+00:00
[2022-11-04T21:40:33.289+0000] {standard_task_runner.py:55} INFO - Started process 1654 to run task
[2022-11-04T21:40:33.292+0000] {standard_task_runner.py:82} INFO - Running: ['***', 'tasks', 'run', 'orquestation', 'task4', 'scheduled__2022-05-03T00:00:00+00:00', '--job-id', '265', '--raw', '--subdir', 'DAGS_FOLDER/5.1-orquestacion.py', '--cfg-path', '/tmp/tmpxcc4j4vc']
[2022-11-04T21:40:33.293+0000] {standard_task_runner.py:83} INFO - Job 265: Subtask task4
[2022-11-04T21:40:33.364+0000] {task_command.py:376} INFO - Running <TaskInstance: orquestation.task4 scheduled__2022-05-03T00:00:00+00:00 [running]> on host 643e334f405f
[2022-11-04T21:40:33.443+0000] {taskinstance.py:1592} INFO - Exporting the following env vars:
AIRFLOW_CTX_DAG_OWNER=***
AIRFLOW_CTX_DAG_ID=orquestation
AIRFLOW_CTX_TASK_ID=task4
AIRFLOW_CTX_EXECUTION_DATE=2022-05-03T00:00:00+00:00
AIRFLOW_CTX_TRY_NUMBER=1
AIRFLOW_CTX_DAG_RUN_ID=scheduled__2022-05-03T00:00:00+00:00
[2022-11-04T21:40:33.445+0000] {subprocess.py:63} INFO - Tmp dir root location: 
 /tmp
[2022-11-04T21:40:33.446+0000] {subprocess.py:75} INFO - Running command: ['/bin/bash', '-c', "sleep 2 && echo 'task4'"]
[2022-11-04T21:40:33.459+0000] {subprocess.py:86} INFO - Output:
[2022-11-04T21:40:35.463+0000] {subprocess.py:93} INFO - task4
[2022-11-04T21:40:35.464+0000] {subprocess.py:97} INFO - Command exited with return code 0
[2022-11-04T21:40:35.492+0000] {taskinstance.py:1406} INFO - Marking task as SUCCESS. dag_id=orquestation, task_id=task4, execution_date=20220503T000000, start_date=20221104T214033, end_date=20221104T214035
[2022-11-04T21:40:35.553+0000] {local_task_job.py:164} INFO - Task exited with return code 0
[2022-11-04T21:40:35.572+0000] {local_task_job.py:273} INFO - 0 downstream tasks scheduled from follow-on schedule check
