[2022-11-16T22:31:04.386+0000] {taskinstance.py:1165} INFO - Dependencies all met for <TaskInstance: MyPersonalAirflowProject.SpaceX_data scheduled__2022-11-03T00:00:00+00:00 [queued]>
[2022-11-16T22:31:04.403+0000] {taskinstance.py:1165} INFO - Dependencies all met for <TaskInstance: MyPersonalAirflowProject.SpaceX_data scheduled__2022-11-03T00:00:00+00:00 [queued]>
[2022-11-16T22:31:04.404+0000] {taskinstance.py:1362} INFO - 
--------------------------------------------------------------------------------
[2022-11-16T22:31:04.405+0000] {taskinstance.py:1363} INFO - Starting attempt 1 of 1
[2022-11-16T22:31:04.406+0000] {taskinstance.py:1364} INFO - 
--------------------------------------------------------------------------------
[2022-11-16T22:31:04.427+0000] {taskinstance.py:1383} INFO - Executing <Task(BashOperator): SpaceX_data> on 2022-11-03 00:00:00+00:00
[2022-11-16T22:31:04.434+0000] {standard_task_runner.py:55} INFO - Started process 6128 to run task
[2022-11-16T22:31:04.437+0000] {standard_task_runner.py:82} INFO - Running: ['***', 'tasks', 'run', 'MyPersonalAirflowProject', 'SpaceX_data', 'scheduled__2022-11-03T00:00:00+00:00', '--job-id', '1641', '--raw', '--subdir', 'DAGS_FOLDER/FinalPersonalProject.py', '--cfg-path', '/tmp/tmpbbnlrj6d']
[2022-11-16T22:31:04.438+0000] {standard_task_runner.py:83} INFO - Job 1641: Subtask SpaceX_data
[2022-11-16T22:31:04.506+0000] {task_command.py:376} INFO - Running <TaskInstance: MyPersonalAirflowProject.SpaceX_data scheduled__2022-11-03T00:00:00+00:00 [running]> on host 638485efabe7
[2022-11-16T22:31:04.597+0000] {taskinstance.py:1592} INFO - Exporting the following env vars:
AIRFLOW_CTX_DAG_OWNER=***
AIRFLOW_CTX_DAG_ID=MyPersonalAirflowProject
AIRFLOW_CTX_TASK_ID=SpaceX_data
AIRFLOW_CTX_EXECUTION_DATE=2022-11-03T00:00:00+00:00
AIRFLOW_CTX_TRY_NUMBER=1
AIRFLOW_CTX_DAG_RUN_ID=scheduled__2022-11-03T00:00:00+00:00
[2022-11-16T22:31:04.599+0000] {subprocess.py:63} INFO - Tmp dir root location: 
 /tmp
[2022-11-16T22:31:04.600+0000] {subprocess.py:75} INFO - Running command: ['/bin/bash', '-c', "curl -o /tmp/history.json -L 'https://api.spacexdata.com/v4/history'"]
[2022-11-16T22:31:04.613+0000] {subprocess.py:86} INFO - Output:
[2022-11-16T22:31:04.621+0000] {subprocess.py:93} INFO -   % Total    % Received % Xferd  Average Speed   Time    Time     Time  Current
[2022-11-16T22:31:04.622+0000] {subprocess.py:93} INFO -                                  Dload  Upload   Total   Spent    Left  Speed
[2022-11-16T22:31:04.917+0000] {subprocess.py:93} INFO -   0     0    0     0    0     0      0      0 --:--:-- --:--:-- --:--:--     0100  6756    0  6756    0     0  22901      0 --:--:-- --:--:-- --:--:-- 22901
[2022-11-16T22:31:04.920+0000] {subprocess.py:97} INFO - Command exited with return code 0
[2022-11-16T22:31:04.951+0000] {taskinstance.py:1406} INFO - Marking task as SUCCESS. dag_id=MyPersonalAirflowProject, task_id=SpaceX_data, execution_date=20221103T000000, start_date=20221116T223104, end_date=20221116T223104
[2022-11-16T22:31:04.979+0000] {local_task_job.py:164} INFO - Task exited with return code 0
[2022-11-16T22:31:05.015+0000] {local_task_job.py:273} INFO - 1 downstream tasks scheduled from follow-on schedule check
[2022-11-17T16:42:10.860+0000] {taskinstance.py:1165} INFO - Dependencies all met for <TaskInstance: MyPersonalAirflowProject.SpaceX_data scheduled__2022-11-03T00:00:00+00:00 [queued]>
[2022-11-17T16:42:10.874+0000] {taskinstance.py:1165} INFO - Dependencies all met for <TaskInstance: MyPersonalAirflowProject.SpaceX_data scheduled__2022-11-03T00:00:00+00:00 [queued]>
[2022-11-17T16:42:10.875+0000] {taskinstance.py:1362} INFO - 
--------------------------------------------------------------------------------
[2022-11-17T16:42:10.875+0000] {taskinstance.py:1363} INFO - Starting attempt 1 of 1
[2022-11-17T16:42:10.876+0000] {taskinstance.py:1364} INFO - 
--------------------------------------------------------------------------------
[2022-11-17T16:42:10.895+0000] {taskinstance.py:1383} INFO - Executing <Task(BashOperator): SpaceX_data> on 2022-11-03 00:00:00+00:00
[2022-11-17T16:42:10.901+0000] {standard_task_runner.py:55} INFO - Started process 4540 to run task
[2022-11-17T16:42:10.904+0000] {standard_task_runner.py:82} INFO - Running: ['***', 'tasks', 'run', 'MyPersonalAirflowProject', 'SpaceX_data', 'scheduled__2022-11-03T00:00:00+00:00', '--job-id', '2291', '--raw', '--subdir', 'DAGS_FOLDER/FinalPersonalProject.py', '--cfg-path', '/tmp/tmpyod8c83i']
[2022-11-17T16:42:10.905+0000] {standard_task_runner.py:83} INFO - Job 2291: Subtask SpaceX_data
[2022-11-17T16:42:10.975+0000] {task_command.py:376} INFO - Running <TaskInstance: MyPersonalAirflowProject.SpaceX_data scheduled__2022-11-03T00:00:00+00:00 [running]> on host 638485efabe7
[2022-11-17T16:42:11.063+0000] {taskinstance.py:1592} INFO - Exporting the following env vars:
AIRFLOW_CTX_DAG_OWNER=***
AIRFLOW_CTX_DAG_ID=MyPersonalAirflowProject
AIRFLOW_CTX_TASK_ID=SpaceX_data
AIRFLOW_CTX_EXECUTION_DATE=2022-11-03T00:00:00+00:00
AIRFLOW_CTX_TRY_NUMBER=1
AIRFLOW_CTX_DAG_RUN_ID=scheduled__2022-11-03T00:00:00+00:00
[2022-11-17T16:42:11.065+0000] {subprocess.py:63} INFO - Tmp dir root location: 
 /tmp
[2022-11-17T16:42:11.066+0000] {subprocess.py:75} INFO - Running command: ['/bin/bash', '-c', "curl -o /tmp/history.json -L 'https://api.spacexdata.com/v4/history'"]
[2022-11-17T16:42:11.079+0000] {subprocess.py:86} INFO - Output:
[2022-11-17T16:42:11.089+0000] {subprocess.py:93} INFO -   % Total    % Received % Xferd  Average Speed   Time    Time     Time  Current
[2022-11-17T16:42:11.090+0000] {subprocess.py:93} INFO -                                  Dload  Upload   Total   Spent    Left  Speed
[2022-11-17T16:42:11.476+0000] {subprocess.py:93} INFO -   0     0    0     0    0     0      0      0 --:--:-- --:--:-- --:--:--     0  0     0    0     0    0     0      0      0 --:--:-- --:--:-- --:--:--     0100  6756    0  6756    0     0  17457      0 --:--:-- --:--:-- --:--:-- 17412
[2022-11-17T16:42:11.478+0000] {subprocess.py:97} INFO - Command exited with return code 0
[2022-11-17T16:42:11.510+0000] {taskinstance.py:1406} INFO - Marking task as SUCCESS. dag_id=MyPersonalAirflowProject, task_id=SpaceX_data, execution_date=20221103T000000, start_date=20221117T164210, end_date=20221117T164211
[2022-11-17T16:42:11.560+0000] {local_task_job.py:164} INFO - Task exited with return code 0
[2022-11-17T16:42:11.596+0000] {local_task_job.py:273} INFO - 1 downstream tasks scheduled from follow-on schedule check
[2022-11-17T17:33:15.501+0000] {taskinstance.py:1165} INFO - Dependencies all met for <TaskInstance: MyPersonalAirflowProject.SpaceX_data scheduled__2022-11-03T00:00:00+00:00 [queued]>
[2022-11-17T17:33:15.587+0000] {taskinstance.py:1165} INFO - Dependencies all met for <TaskInstance: MyPersonalAirflowProject.SpaceX_data scheduled__2022-11-03T00:00:00+00:00 [queued]>
[2022-11-17T17:33:15.588+0000] {taskinstance.py:1362} INFO - 
--------------------------------------------------------------------------------
[2022-11-17T17:33:15.588+0000] {taskinstance.py:1363} INFO - Starting attempt 1 of 1
[2022-11-17T17:33:15.589+0000] {taskinstance.py:1364} INFO - 
--------------------------------------------------------------------------------
[2022-11-17T17:33:15.607+0000] {taskinstance.py:1383} INFO - Executing <Task(BashOperator): SpaceX_data> on 2022-11-03 00:00:00+00:00
[2022-11-17T17:33:15.614+0000] {standard_task_runner.py:55} INFO - Started process 8160 to run task
[2022-11-17T17:33:15.617+0000] {standard_task_runner.py:82} INFO - Running: ['***', 'tasks', 'run', 'MyPersonalAirflowProject', 'SpaceX_data', 'scheduled__2022-11-03T00:00:00+00:00', '--job-id', '2701', '--raw', '--subdir', 'DAGS_FOLDER/FinalPersonalProject.py', '--cfg-path', '/tmp/tmp9ya2h425']
[2022-11-17T17:33:15.618+0000] {standard_task_runner.py:83} INFO - Job 2701: Subtask SpaceX_data
[2022-11-17T17:33:15.690+0000] {task_command.py:376} INFO - Running <TaskInstance: MyPersonalAirflowProject.SpaceX_data scheduled__2022-11-03T00:00:00+00:00 [running]> on host 638485efabe7
[2022-11-17T17:33:15.772+0000] {taskinstance.py:1592} INFO - Exporting the following env vars:
AIRFLOW_CTX_DAG_OWNER=***
AIRFLOW_CTX_DAG_ID=MyPersonalAirflowProject
AIRFLOW_CTX_TASK_ID=SpaceX_data
AIRFLOW_CTX_EXECUTION_DATE=2022-11-03T00:00:00+00:00
AIRFLOW_CTX_TRY_NUMBER=1
AIRFLOW_CTX_DAG_RUN_ID=scheduled__2022-11-03T00:00:00+00:00
[2022-11-17T17:33:15.773+0000] {subprocess.py:63} INFO - Tmp dir root location: 
 /tmp
[2022-11-17T17:33:15.775+0000] {subprocess.py:75} INFO - Running command: ['/bin/bash', '-c', "curl -o /tmp/history.json -L 'https://api.spacexdata.com/v4/history'"]
[2022-11-17T17:33:15.786+0000] {subprocess.py:86} INFO - Output:
[2022-11-17T17:33:15.793+0000] {subprocess.py:93} INFO -   % Total    % Received % Xferd  Average Speed   Time    Time     Time  Current
[2022-11-17T17:33:15.794+0000] {subprocess.py:93} INFO -                                  Dload  Upload   Total   Spent    Left  Speed
[2022-11-17T17:33:16.229+0000] {subprocess.py:93} INFO -   0     0    0     0    0     0      0      0 --:--:-- --:--:-- --:--:--     0100  5811    0  5811    0     0  13358      0 --:--:-- --:--:-- --:--:-- 13358100  6756    0  6756    0     0  15531      0 --:--:-- --:--:-- --:--:-- 15495
[2022-11-17T17:33:16.231+0000] {subprocess.py:97} INFO - Command exited with return code 0
[2022-11-17T17:33:16.261+0000] {taskinstance.py:1406} INFO - Marking task as SUCCESS. dag_id=MyPersonalAirflowProject, task_id=SpaceX_data, execution_date=20221103T000000, start_date=20221117T173315, end_date=20221117T173316
[2022-11-17T17:33:16.312+0000] {local_task_job.py:164} INFO - Task exited with return code 0
[2022-11-17T17:33:16.356+0000] {local_task_job.py:273} INFO - 1 downstream tasks scheduled from follow-on schedule check
