[2022-11-16T21:22:55.042+0000] {taskinstance.py:1165} INFO - Dependencies all met for <TaskInstance: MyPersonalAirflowProject.end_task scheduled__2022-10-24T00:00:00+00:00 [queued]>
[2022-11-16T21:22:55.065+0000] {taskinstance.py:1165} INFO - Dependencies all met for <TaskInstance: MyPersonalAirflowProject.end_task scheduled__2022-10-24T00:00:00+00:00 [queued]>
[2022-11-16T21:22:55.066+0000] {taskinstance.py:1362} INFO - 
--------------------------------------------------------------------------------
[2022-11-16T21:22:55.067+0000] {taskinstance.py:1363} INFO - Starting attempt 1 of 1
[2022-11-16T21:22:55.068+0000] {taskinstance.py:1364} INFO - 
--------------------------------------------------------------------------------
[2022-11-16T21:22:55.090+0000] {taskinstance.py:1383} INFO - Executing <Task(BashOperator): end_task> on 2022-10-24 00:00:00+00:00
[2022-11-16T21:22:55.098+0000] {standard_task_runner.py:55} INFO - Started process 2482 to run task
[2022-11-16T21:22:55.100+0000] {standard_task_runner.py:82} INFO - Running: ['***', 'tasks', 'run', 'MyPersonalAirflowProject', 'end_task', 'scheduled__2022-10-24T00:00:00+00:00', '--job-id', '1358', '--raw', '--subdir', 'DAGS_FOLDER/FinalPersonalProject.py', '--cfg-path', '/tmp/tmpcdvjwwhx']
[2022-11-16T21:22:55.101+0000] {standard_task_runner.py:83} INFO - Job 1358: Subtask end_task
[2022-11-16T21:22:55.189+0000] {task_command.py:376} INFO - Running <TaskInstance: MyPersonalAirflowProject.end_task scheduled__2022-10-24T00:00:00+00:00 [running]> on host 638485efabe7
[2022-11-16T21:22:55.484+0000] {taskinstance.py:1592} INFO - Exporting the following env vars:
AIRFLOW_CTX_DAG_OWNER=***
AIRFLOW_CTX_DAG_ID=MyPersonalAirflowProject
AIRFLOW_CTX_TASK_ID=end_task
AIRFLOW_CTX_EXECUTION_DATE=2022-10-24T00:00:00+00:00
AIRFLOW_CTX_TRY_NUMBER=1
AIRFLOW_CTX_DAG_RUN_ID=scheduled__2022-10-24T00:00:00+00:00
[2022-11-16T21:22:55.488+0000] {subprocess.py:63} INFO - Tmp dir root location: 
 /tmp
[2022-11-16T21:22:55.489+0000] {subprocess.py:75} INFO - Running command: ['/bin/bash', '-c', 'echo "The file was created successfully"']
[2022-11-16T21:22:55.502+0000] {subprocess.py:86} INFO - Output:
[2022-11-16T21:22:55.506+0000] {subprocess.py:93} INFO - The file was created successfully
[2022-11-16T21:22:55.507+0000] {subprocess.py:97} INFO - Command exited with return code 0
[2022-11-16T21:22:55.544+0000] {taskinstance.py:1406} INFO - Marking task as SUCCESS. dag_id=MyPersonalAirflowProject, task_id=end_task, execution_date=20221024T000000, start_date=20221116T212255, end_date=20221116T212255
[2022-11-16T21:22:55.573+0000] {local_task_job.py:164} INFO - Task exited with return code 0
[2022-11-16T21:22:55.601+0000] {local_task_job.py:273} INFO - 0 downstream tasks scheduled from follow-on schedule check
[2022-11-16T22:24:30.992+0000] {taskinstance.py:1165} INFO - Dependencies all met for <TaskInstance: MyPersonalAirflowProject.end_task scheduled__2022-10-24T00:00:00+00:00 [queued]>
[2022-11-16T22:24:31.015+0000] {taskinstance.py:1165} INFO - Dependencies all met for <TaskInstance: MyPersonalAirflowProject.end_task scheduled__2022-10-24T00:00:00+00:00 [queued]>
[2022-11-16T22:24:31.016+0000] {taskinstance.py:1362} INFO - 
--------------------------------------------------------------------------------
[2022-11-16T22:24:31.017+0000] {taskinstance.py:1363} INFO - Starting attempt 1 of 1
[2022-11-16T22:24:31.018+0000] {taskinstance.py:1364} INFO - 
--------------------------------------------------------------------------------
[2022-11-16T22:24:31.045+0000] {taskinstance.py:1383} INFO - Executing <Task(BashOperator): end_task> on 2022-10-24 00:00:00+00:00
[2022-11-16T22:24:31.056+0000] {standard_task_runner.py:55} INFO - Started process 5697 to run task
[2022-11-16T22:24:31.059+0000] {standard_task_runner.py:82} INFO - Running: ['***', 'tasks', 'run', 'MyPersonalAirflowProject', 'end_task', 'scheduled__2022-10-24T00:00:00+00:00', '--job-id', '1580', '--raw', '--subdir', 'DAGS_FOLDER/FinalPersonalProject.py', '--cfg-path', '/tmp/tmpgodik_5j']
[2022-11-16T22:24:31.060+0000] {standard_task_runner.py:83} INFO - Job 1580: Subtask end_task
[2022-11-16T22:24:31.152+0000] {task_command.py:376} INFO - Running <TaskInstance: MyPersonalAirflowProject.end_task scheduled__2022-10-24T00:00:00+00:00 [running]> on host 638485efabe7
[2022-11-16T22:24:31.266+0000] {taskinstance.py:1592} INFO - Exporting the following env vars:
AIRFLOW_CTX_DAG_OWNER=***
AIRFLOW_CTX_DAG_ID=MyPersonalAirflowProject
AIRFLOW_CTX_TASK_ID=end_task
AIRFLOW_CTX_EXECUTION_DATE=2022-10-24T00:00:00+00:00
AIRFLOW_CTX_TRY_NUMBER=1
AIRFLOW_CTX_DAG_RUN_ID=scheduled__2022-10-24T00:00:00+00:00
[2022-11-16T22:24:31.278+0000] {subprocess.py:63} INFO - Tmp dir root location: 
 /tmp
[2022-11-16T22:24:31.283+0000] {subprocess.py:75} INFO - Running command: ['/bin/bash', '-c', 'echo "The Verification file was created successfully"']
[2022-11-16T22:24:31.319+0000] {subprocess.py:86} INFO - Output:
[2022-11-16T22:24:31.335+0000] {subprocess.py:93} INFO - The Verification file was created successfully
[2022-11-16T22:24:31.336+0000] {subprocess.py:97} INFO - Command exited with return code 0
[2022-11-16T22:24:31.382+0000] {taskinstance.py:1406} INFO - Marking task as SUCCESS. dag_id=MyPersonalAirflowProject, task_id=end_task, execution_date=20221024T000000, start_date=20221116T222430, end_date=20221116T222431
[2022-11-16T22:24:31.420+0000] {local_task_job.py:164} INFO - Task exited with return code 0
[2022-11-16T22:24:31.488+0000] {local_task_job.py:273} INFO - 1 downstream tasks scheduled from follow-on schedule check
