[2022-11-16T22:21:39.545+0000] {taskinstance.py:1165} INFO - Dependencies all met for <TaskInstance: MyPersonalAirflowProject.copy_data_to_local scheduled__2022-10-21T00:00:00+00:00 [queued]>
[2022-11-16T22:21:39.561+0000] {taskinstance.py:1165} INFO - Dependencies all met for <TaskInstance: MyPersonalAirflowProject.copy_data_to_local scheduled__2022-10-21T00:00:00+00:00 [queued]>
[2022-11-16T22:21:39.562+0000] {taskinstance.py:1362} INFO - 
--------------------------------------------------------------------------------
[2022-11-16T22:21:39.563+0000] {taskinstance.py:1363} INFO - Starting attempt 1 of 1
[2022-11-16T22:21:39.564+0000] {taskinstance.py:1364} INFO - 
--------------------------------------------------------------------------------
[2022-11-16T22:21:39.586+0000] {taskinstance.py:1383} INFO - Executing <Task(PythonOperator): copy_data_to_local> on 2022-10-21 00:00:00+00:00
[2022-11-16T22:21:39.595+0000] {standard_task_runner.py:55} INFO - Started process 5575 to run task
[2022-11-16T22:21:39.598+0000] {standard_task_runner.py:82} INFO - Running: ['***', 'tasks', 'run', 'MyPersonalAirflowProject', 'copy_data_to_local', 'scheduled__2022-10-21T00:00:00+00:00', '--job-id', '1564', '--raw', '--subdir', 'DAGS_FOLDER/FinalPersonalProject.py', '--cfg-path', '/tmp/tmphotr3d44']
[2022-11-16T22:21:39.599+0000] {standard_task_runner.py:83} INFO - Job 1564: Subtask copy_data_to_local
[2022-11-16T22:21:39.677+0000] {task_command.py:376} INFO - Running <TaskInstance: MyPersonalAirflowProject.copy_data_to_local scheduled__2022-10-21T00:00:00+00:00 [running]> on host 638485efabe7
[2022-11-16T22:21:39.765+0000] {taskinstance.py:1592} INFO - Exporting the following env vars:
AIRFLOW_CTX_DAG_OWNER=***
AIRFLOW_CTX_DAG_ID=MyPersonalAirflowProject
AIRFLOW_CTX_TASK_ID=copy_data_to_local
AIRFLOW_CTX_EXECUTION_DATE=2022-10-21T00:00:00+00:00
AIRFLOW_CTX_TRY_NUMBER=1
AIRFLOW_CTX_DAG_RUN_ID=scheduled__2022-10-21T00:00:00+00:00
[2022-11-16T22:21:41.161+0000] {python.py:177} INFO - Done. Returned value was: None
[2022-11-16T22:21:41.175+0000] {taskinstance.py:1406} INFO - Marking task as SUCCESS. dag_id=MyPersonalAirflowProject, task_id=copy_data_to_local, execution_date=20221021T000000, start_date=20221116T222139, end_date=20221116T222141
[2022-11-16T22:21:41.278+0000] {local_task_job.py:164} INFO - Task exited with return code 0
[2022-11-16T22:21:41.313+0000] {local_task_job.py:273} INFO - 1 downstream tasks scheduled from follow-on schedule check
[2022-11-17T16:34:40.751+0000] {taskinstance.py:1165} INFO - Dependencies all met for <TaskInstance: MyPersonalAirflowProject.copy_data_to_local scheduled__2022-10-21T00:00:00+00:00 [queued]>
[2022-11-17T16:34:40.768+0000] {taskinstance.py:1165} INFO - Dependencies all met for <TaskInstance: MyPersonalAirflowProject.copy_data_to_local scheduled__2022-10-21T00:00:00+00:00 [queued]>
[2022-11-17T16:34:40.769+0000] {taskinstance.py:1362} INFO - 
--------------------------------------------------------------------------------
[2022-11-17T16:34:40.770+0000] {taskinstance.py:1363} INFO - Starting attempt 1 of 1
[2022-11-17T16:34:40.770+0000] {taskinstance.py:1364} INFO - 
--------------------------------------------------------------------------------
[2022-11-17T16:34:40.789+0000] {taskinstance.py:1383} INFO - Executing <Task(PythonOperator): copy_data_to_local> on 2022-10-21 00:00:00+00:00
[2022-11-17T16:34:40.796+0000] {standard_task_runner.py:55} INFO - Started process 3881 to run task
[2022-11-17T16:34:40.799+0000] {standard_task_runner.py:82} INFO - Running: ['***', 'tasks', 'run', 'MyPersonalAirflowProject', 'copy_data_to_local', 'scheduled__2022-10-21T00:00:00+00:00', '--job-id', '2188', '--raw', '--subdir', 'DAGS_FOLDER/FinalPersonalProject.py', '--cfg-path', '/tmp/tmpkjg2mtx7']
[2022-11-17T16:34:40.800+0000] {standard_task_runner.py:83} INFO - Job 2188: Subtask copy_data_to_local
[2022-11-17T16:34:40.877+0000] {task_command.py:376} INFO - Running <TaskInstance: MyPersonalAirflowProject.copy_data_to_local scheduled__2022-10-21T00:00:00+00:00 [running]> on host 638485efabe7
[2022-11-17T16:34:40.957+0000] {taskinstance.py:1592} INFO - Exporting the following env vars:
AIRFLOW_CTX_DAG_OWNER=***
AIRFLOW_CTX_DAG_ID=MyPersonalAirflowProject
AIRFLOW_CTX_TASK_ID=copy_data_to_local
AIRFLOW_CTX_EXECUTION_DATE=2022-10-21T00:00:00+00:00
AIRFLOW_CTX_TRY_NUMBER=1
AIRFLOW_CTX_DAG_RUN_ID=scheduled__2022-10-21T00:00:00+00:00
[2022-11-17T16:34:41.181+0000] {python.py:177} INFO - Done. Returned value was: None
[2022-11-17T16:34:41.192+0000] {taskinstance.py:1406} INFO - Marking task as SUCCESS. dag_id=MyPersonalAirflowProject, task_id=copy_data_to_local, execution_date=20221021T000000, start_date=20221117T163440, end_date=20221117T163441
[2022-11-17T16:34:41.253+0000] {local_task_job.py:164} INFO - Task exited with return code 0
[2022-11-17T16:34:41.291+0000] {local_task_job.py:273} INFO - 1 downstream tasks scheduled from follow-on schedule check
[2022-11-17T17:26:43.477+0000] {taskinstance.py:1165} INFO - Dependencies all met for <TaskInstance: MyPersonalAirflowProject.copy_data_to_local scheduled__2022-10-21T00:00:00+00:00 [queued]>
[2022-11-17T17:26:43.491+0000] {taskinstance.py:1165} INFO - Dependencies all met for <TaskInstance: MyPersonalAirflowProject.copy_data_to_local scheduled__2022-10-21T00:00:00+00:00 [queued]>
[2022-11-17T17:26:43.491+0000] {taskinstance.py:1362} INFO - 
--------------------------------------------------------------------------------
[2022-11-17T17:26:43.492+0000] {taskinstance.py:1363} INFO - Starting attempt 1 of 1
[2022-11-17T17:26:43.492+0000] {taskinstance.py:1364} INFO - 
--------------------------------------------------------------------------------
[2022-11-17T17:26:43.509+0000] {taskinstance.py:1383} INFO - Executing <Task(PythonOperator): copy_data_to_local> on 2022-10-21 00:00:00+00:00
[2022-11-17T17:26:43.515+0000] {standard_task_runner.py:55} INFO - Started process 7532 to run task
[2022-11-17T17:26:43.517+0000] {standard_task_runner.py:82} INFO - Running: ['***', 'tasks', 'run', 'MyPersonalAirflowProject', 'copy_data_to_local', 'scheduled__2022-10-21T00:00:00+00:00', '--job-id', '2598', '--raw', '--subdir', 'DAGS_FOLDER/FinalPersonalProject.py', '--cfg-path', '/tmp/tmpa597vdyv']
[2022-11-17T17:26:43.518+0000] {standard_task_runner.py:83} INFO - Job 2598: Subtask copy_data_to_local
[2022-11-17T17:26:43.583+0000] {task_command.py:376} INFO - Running <TaskInstance: MyPersonalAirflowProject.copy_data_to_local scheduled__2022-10-21T00:00:00+00:00 [running]> on host 638485efabe7
[2022-11-17T17:26:43.662+0000] {taskinstance.py:1592} INFO - Exporting the following env vars:
AIRFLOW_CTX_DAG_OWNER=***
AIRFLOW_CTX_DAG_ID=MyPersonalAirflowProject
AIRFLOW_CTX_TASK_ID=copy_data_to_local
AIRFLOW_CTX_EXECUTION_DATE=2022-10-21T00:00:00+00:00
AIRFLOW_CTX_TRY_NUMBER=1
AIRFLOW_CTX_DAG_RUN_ID=scheduled__2022-10-21T00:00:00+00:00
[2022-11-17T17:26:43.902+0000] {python.py:177} INFO - Done. Returned value was: None
[2022-11-17T17:26:43.915+0000] {taskinstance.py:1406} INFO - Marking task as SUCCESS. dag_id=MyPersonalAirflowProject, task_id=copy_data_to_local, execution_date=20221021T000000, start_date=20221117T172643, end_date=20221117T172643
[2022-11-17T17:26:43.972+0000] {local_task_job.py:164} INFO - Task exited with return code 0
[2022-11-17T17:26:44.005+0000] {local_task_job.py:273} INFO - 1 downstream tasks scheduled from follow-on schedule check
