[2022-11-04T21:33:02.050+0000] {taskinstance.py:1165} INFO - Dependencies all met for <TaskInstance: orquestation.task3 scheduled__2022-05-18T00:00:00+00:00 [queued]>
[2022-11-04T21:33:02.079+0000] {taskinstance.py:1165} INFO - Dependencies all met for <TaskInstance: orquestation.task3 scheduled__2022-05-18T00:00:00+00:00 [queued]>
[2022-11-04T21:33:02.080+0000] {taskinstance.py:1362} INFO - 
--------------------------------------------------------------------------------
[2022-11-04T21:33:02.081+0000] {taskinstance.py:1363} INFO - Starting attempt 1 of 1
[2022-11-04T21:33:02.083+0000] {taskinstance.py:1364} INFO - 
--------------------------------------------------------------------------------
[2022-11-04T21:33:02.113+0000] {taskinstance.py:1383} INFO - Executing <Task(BashOperator): task3> on 2022-05-18 00:00:00+00:00
[2022-11-04T21:33:02.125+0000] {standard_task_runner.py:55} INFO - Started process 976 to run task
[2022-11-04T21:33:02.130+0000] {standard_task_runner.py:82} INFO - Running: ['***', 'tasks', 'run', 'orquestation', 'task3', 'scheduled__2022-05-18T00:00:00+00:00', '--job-id', '182', '--raw', '--subdir', 'DAGS_FOLDER/5.1-orquestacion.py', '--cfg-path', '/tmp/tmpglj6te6x']
[2022-11-04T21:33:02.133+0000] {standard_task_runner.py:83} INFO - Job 182: Subtask task3
[2022-11-04T21:33:02.269+0000] {task_command.py:376} INFO - Running <TaskInstance: orquestation.task3 scheduled__2022-05-18T00:00:00+00:00 [running]> on host 643e334f405f
[2022-11-04T21:33:02.450+0000] {taskinstance.py:1592} INFO - Exporting the following env vars:
AIRFLOW_CTX_DAG_OWNER=***
AIRFLOW_CTX_DAG_ID=orquestation
AIRFLOW_CTX_TASK_ID=task3
AIRFLOW_CTX_EXECUTION_DATE=2022-05-18T00:00:00+00:00
AIRFLOW_CTX_TRY_NUMBER=1
AIRFLOW_CTX_DAG_RUN_ID=scheduled__2022-05-18T00:00:00+00:00
[2022-11-04T21:33:02.529+0000] {subprocess.py:63} INFO - Tmp dir root location: 
 /tmp
[2022-11-04T21:33:02.533+0000] {subprocess.py:75} INFO - Running command: ['/bin/bash', '-c', "sleep 2 && echo 'task3'"]
[2022-11-04T21:33:02.563+0000] {subprocess.py:86} INFO - Output:
[2022-11-04T21:33:04.705+0000] {subprocess.py:93} INFO - task3
[2022-11-04T21:33:04.706+0000] {subprocess.py:97} INFO - Command exited with return code 0
[2022-11-04T21:33:04.775+0000] {taskinstance.py:1406} INFO - Marking task as SUCCESS. dag_id=orquestation, task_id=task3, execution_date=20220518T000000, start_date=20221104T213302, end_date=20221104T213304
[2022-11-04T21:33:04.873+0000] {local_task_job.py:164} INFO - Task exited with return code 0
[2022-11-04T21:33:04.916+0000] {local_task_job.py:273} INFO - 0 downstream tasks scheduled from follow-on schedule check
[2022-11-04T21:43:11.749+0000] {taskinstance.py:1165} INFO - Dependencies all met for <TaskInstance: orquestation.task3 scheduled__2022-05-18T00:00:00+00:00 [queued]>
[2022-11-04T21:43:11.766+0000] {taskinstance.py:1165} INFO - Dependencies all met for <TaskInstance: orquestation.task3 scheduled__2022-05-18T00:00:00+00:00 [queued]>
[2022-11-04T21:43:11.766+0000] {taskinstance.py:1362} INFO - 
--------------------------------------------------------------------------------
[2022-11-04T21:43:11.767+0000] {taskinstance.py:1363} INFO - Starting attempt 1 of 1
[2022-11-04T21:43:11.767+0000] {taskinstance.py:1364} INFO - 
--------------------------------------------------------------------------------
[2022-11-04T21:43:11.789+0000] {taskinstance.py:1383} INFO - Executing <Task(BashOperator): task3> on 2022-05-18 00:00:00+00:00
[2022-11-04T21:43:11.797+0000] {standard_task_runner.py:55} INFO - Started process 2013 to run task
[2022-11-04T21:43:11.800+0000] {standard_task_runner.py:82} INFO - Running: ['***', 'tasks', 'run', 'orquestation', 'task3', 'scheduled__2022-05-18T00:00:00+00:00', '--job-id', '326', '--raw', '--subdir', 'DAGS_FOLDER/5.1-orquestacion.py', '--cfg-path', '/tmp/tmpvdcc44s1']
[2022-11-04T21:43:11.801+0000] {standard_task_runner.py:83} INFO - Job 326: Subtask task3
[2022-11-04T21:43:11.867+0000] {task_command.py:376} INFO - Running <TaskInstance: orquestation.task3 scheduled__2022-05-18T00:00:00+00:00 [running]> on host 643e334f405f
[2022-11-04T21:43:11.944+0000] {taskinstance.py:1592} INFO - Exporting the following env vars:
AIRFLOW_CTX_DAG_OWNER=***
AIRFLOW_CTX_DAG_ID=orquestation
AIRFLOW_CTX_TASK_ID=task3
AIRFLOW_CTX_EXECUTION_DATE=2022-05-18T00:00:00+00:00
AIRFLOW_CTX_TRY_NUMBER=1
AIRFLOW_CTX_DAG_RUN_ID=scheduled__2022-05-18T00:00:00+00:00
[2022-11-04T21:43:11.946+0000] {subprocess.py:63} INFO - Tmp dir root location: 
 /tmp
[2022-11-04T21:43:11.947+0000] {subprocess.py:75} INFO - Running command: ['/bin/bash', '-c', "sleep 2 && echo 'task3'"]
[2022-11-04T21:43:11.960+0000] {subprocess.py:86} INFO - Output:
[2022-11-04T21:43:13.964+0000] {subprocess.py:93} INFO - task3
[2022-11-04T21:43:13.964+0000] {subprocess.py:97} INFO - Command exited with return code 0
[2022-11-04T21:43:13.996+0000] {taskinstance.py:1406} INFO - Marking task as SUCCESS. dag_id=orquestation, task_id=task3, execution_date=20220518T000000, start_date=20221104T214311, end_date=20221104T214313
[2022-11-04T21:43:14.060+0000] {local_task_job.py:164} INFO - Task exited with return code 0
[2022-11-04T21:43:14.084+0000] {local_task_job.py:273} INFO - 0 downstream tasks scheduled from follow-on schedule check
