[2022-11-17T15:46:47.035+0000] {taskinstance.py:1165} INFO - Dependencies all met for <TaskInstance: MyPersonalAirflowProject.SpaceX_data scheduled__2022-10-14T00:00:00+00:00 [queued]>
[2022-11-17T15:46:47.047+0000] {taskinstance.py:1165} INFO - Dependencies all met for <TaskInstance: MyPersonalAirflowProject.SpaceX_data scheduled__2022-10-14T00:00:00+00:00 [queued]>
[2022-11-17T15:46:47.048+0000] {taskinstance.py:1362} INFO - 
--------------------------------------------------------------------------------
[2022-11-17T15:46:47.049+0000] {taskinstance.py:1363} INFO - Starting attempt 2 of 2
[2022-11-17T15:46:47.049+0000] {taskinstance.py:1364} INFO - 
--------------------------------------------------------------------------------
[2022-11-17T15:46:47.068+0000] {taskinstance.py:1383} INFO - Executing <Task(BashOperator): SpaceX_data> on 2022-10-14 00:00:00+00:00
[2022-11-17T15:46:47.074+0000] {standard_task_runner.py:55} INFO - Started process 374 to run task
[2022-11-17T15:46:47.076+0000] {standard_task_runner.py:82} INFO - Running: ['***', 'tasks', 'run', 'MyPersonalAirflowProject', 'SpaceX_data', 'scheduled__2022-10-14T00:00:00+00:00', '--job-id', '1776', '--raw', '--subdir', 'DAGS_FOLDER/FinalPersonalProject.py', '--cfg-path', '/tmp/tmpy8p39q7b']
[2022-11-17T15:46:47.077+0000] {standard_task_runner.py:83} INFO - Job 1776: Subtask SpaceX_data
[2022-11-17T15:46:47.143+0000] {task_command.py:376} INFO - Running <TaskInstance: MyPersonalAirflowProject.SpaceX_data scheduled__2022-10-14T00:00:00+00:00 [running]> on host 638485efabe7
[2022-11-17T15:46:47.238+0000] {taskinstance.py:1592} INFO - Exporting the following env vars:
AIRFLOW_CTX_DAG_OWNER=***
AIRFLOW_CTX_DAG_ID=MyPersonalAirflowProject
AIRFLOW_CTX_TASK_ID=SpaceX_data
AIRFLOW_CTX_EXECUTION_DATE=2022-10-14T00:00:00+00:00
AIRFLOW_CTX_TRY_NUMBER=2
AIRFLOW_CTX_DAG_RUN_ID=scheduled__2022-10-14T00:00:00+00:00
[2022-11-17T15:46:47.241+0000] {subprocess.py:63} INFO - Tmp dir root location: 
 /tmp
[2022-11-17T15:46:47.242+0000] {subprocess.py:75} INFO - Running command: ['/bin/bash', '-c', "curl -o /tmp/history.json -L 'https://api.spacexdata.com/v4/history'"]
[2022-11-17T15:46:47.253+0000] {subprocess.py:86} INFO - Output:
[2022-11-17T15:46:47.261+0000] {subprocess.py:93} INFO -   % Total    % Received % Xferd  Average Speed   Time    Time     Time  Current
[2022-11-17T15:46:47.262+0000] {subprocess.py:93} INFO -                                  Dload  Upload   Total   Spent    Left  Speed
[2022-11-17T15:46:47.615+0000] {subprocess.py:93} INFO -   0     0    0     0    0     0      0      0 --:--:-- --:--:-- --:--:--     0100  6756    0  6756    0     0  19084      0 --:--:-- --:--:-- --:--:-- 19084
[2022-11-17T15:46:47.617+0000] {subprocess.py:97} INFO - Command exited with return code 0
[2022-11-17T15:46:47.644+0000] {taskinstance.py:1406} INFO - Marking task as SUCCESS. dag_id=MyPersonalAirflowProject, task_id=SpaceX_data, execution_date=20221014T000000, start_date=20221117T154647, end_date=20221117T154647
[2022-11-17T15:46:47.692+0000] {local_task_job.py:164} INFO - Task exited with return code 0
[2022-11-17T15:46:47.729+0000] {local_task_job.py:273} INFO - 1 downstream tasks scheduled from follow-on schedule check
