[2022-11-04T21:31:55.886+0000] {taskinstance.py:1165} INFO - Dependencies all met for <TaskInstance: orquestation.task1 scheduled__2022-05-05T00:00:00+00:00 [queued]>
[2022-11-04T21:31:55.911+0000] {taskinstance.py:1165} INFO - Dependencies all met for <TaskInstance: orquestation.task1 scheduled__2022-05-05T00:00:00+00:00 [queued]>
[2022-11-04T21:31:55.912+0000] {taskinstance.py:1362} INFO - 
--------------------------------------------------------------------------------
[2022-11-04T21:31:55.913+0000] {taskinstance.py:1363} INFO - Starting attempt 1 of 1
[2022-11-04T21:31:55.914+0000] {taskinstance.py:1364} INFO - 
--------------------------------------------------------------------------------
[2022-11-04T21:31:55.938+0000] {taskinstance.py:1383} INFO - Executing <Task(BashOperator): task1> on 2022-05-05 00:00:00+00:00
[2022-11-04T21:31:55.949+0000] {standard_task_runner.py:55} INFO - Started process 690 to run task
[2022-11-04T21:31:55.954+0000] {standard_task_runner.py:82} INFO - Running: ['***', 'tasks', 'run', 'orquestation', 'task1', 'scheduled__2022-05-05T00:00:00+00:00', '--job-id', '122', '--raw', '--subdir', 'DAGS_FOLDER/5.1-orquestacion.py', '--cfg-path', '/tmp/tmpe1rjk2um']
[2022-11-04T21:31:55.955+0000] {standard_task_runner.py:83} INFO - Job 122: Subtask task1
[2022-11-04T21:31:56.094+0000] {task_command.py:376} INFO - Running <TaskInstance: orquestation.task1 scheduled__2022-05-05T00:00:00+00:00 [running]> on host 643e334f405f
[2022-11-04T21:31:56.257+0000] {taskinstance.py:1592} INFO - Exporting the following env vars:
AIRFLOW_CTX_DAG_OWNER=***
AIRFLOW_CTX_DAG_ID=orquestation
AIRFLOW_CTX_TASK_ID=task1
AIRFLOW_CTX_EXECUTION_DATE=2022-05-05T00:00:00+00:00
AIRFLOW_CTX_TRY_NUMBER=1
AIRFLOW_CTX_DAG_RUN_ID=scheduled__2022-05-05T00:00:00+00:00
[2022-11-04T21:31:56.267+0000] {subprocess.py:63} INFO - Tmp dir root location: 
 /tmp
[2022-11-04T21:31:56.269+0000] {subprocess.py:75} INFO - Running command: ['/bin/bash', '-c', "sleep 2 && echo 'task1'"]
[2022-11-04T21:31:56.295+0000] {subprocess.py:86} INFO - Output:
[2022-11-04T21:31:58.364+0000] {subprocess.py:93} INFO - task1
[2022-11-04T21:31:58.365+0000] {subprocess.py:97} INFO - Command exited with return code 0
[2022-11-04T21:31:58.415+0000] {taskinstance.py:1406} INFO - Marking task as SUCCESS. dag_id=orquestation, task_id=task1, execution_date=20220505T000000, start_date=20221104T213155, end_date=20221104T213158
[2022-11-04T21:31:58.496+0000] {local_task_job.py:164} INFO - Task exited with return code 0
[2022-11-04T21:31:58.576+0000] {local_task_job.py:273} INFO - 1 downstream tasks scheduled from follow-on schedule check
[2022-11-04T21:40:48.519+0000] {taskinstance.py:1165} INFO - Dependencies all met for <TaskInstance: orquestation.task1 scheduled__2022-05-05T00:00:00+00:00 [queued]>
[2022-11-04T21:40:48.533+0000] {taskinstance.py:1165} INFO - Dependencies all met for <TaskInstance: orquestation.task1 scheduled__2022-05-05T00:00:00+00:00 [queued]>
[2022-11-04T21:40:48.534+0000] {taskinstance.py:1362} INFO - 
--------------------------------------------------------------------------------
[2022-11-04T21:40:48.534+0000] {taskinstance.py:1363} INFO - Starting attempt 1 of 1
[2022-11-04T21:40:48.535+0000] {taskinstance.py:1364} INFO - 
--------------------------------------------------------------------------------
[2022-11-04T21:40:48.550+0000] {taskinstance.py:1383} INFO - Executing <Task(BashOperator): task1> on 2022-05-05 00:00:00+00:00
[2022-11-04T21:40:48.557+0000] {standard_task_runner.py:55} INFO - Started process 1686 to run task
[2022-11-04T21:40:48.560+0000] {standard_task_runner.py:82} INFO - Running: ['***', 'tasks', 'run', 'orquestation', 'task1', 'scheduled__2022-05-05T00:00:00+00:00', '--job-id', '271', '--raw', '--subdir', 'DAGS_FOLDER/5.1-orquestacion.py', '--cfg-path', '/tmp/tmp9y5zd9wc']
[2022-11-04T21:40:48.561+0000] {standard_task_runner.py:83} INFO - Job 271: Subtask task1
[2022-11-04T21:40:48.623+0000] {task_command.py:376} INFO - Running <TaskInstance: orquestation.task1 scheduled__2022-05-05T00:00:00+00:00 [running]> on host 643e334f405f
[2022-11-04T21:40:48.697+0000] {taskinstance.py:1592} INFO - Exporting the following env vars:
AIRFLOW_CTX_DAG_OWNER=***
AIRFLOW_CTX_DAG_ID=orquestation
AIRFLOW_CTX_TASK_ID=task1
AIRFLOW_CTX_EXECUTION_DATE=2022-05-05T00:00:00+00:00
AIRFLOW_CTX_TRY_NUMBER=1
AIRFLOW_CTX_DAG_RUN_ID=scheduled__2022-05-05T00:00:00+00:00
[2022-11-04T21:40:48.698+0000] {subprocess.py:63} INFO - Tmp dir root location: 
 /tmp
[2022-11-04T21:40:48.699+0000] {subprocess.py:75} INFO - Running command: ['/bin/bash', '-c', "sleep 2 && echo 'task1'"]
[2022-11-04T21:40:48.712+0000] {subprocess.py:86} INFO - Output:
[2022-11-04T21:40:50.715+0000] {subprocess.py:93} INFO - task1
[2022-11-04T21:40:50.716+0000] {subprocess.py:97} INFO - Command exited with return code 0
[2022-11-04T21:40:50.743+0000] {taskinstance.py:1406} INFO - Marking task as SUCCESS. dag_id=orquestation, task_id=task1, execution_date=20220505T000000, start_date=20221104T214048, end_date=20221104T214050
[2022-11-04T21:40:50.780+0000] {local_task_job.py:164} INFO - Task exited with return code 0
[2022-11-04T21:40:50.830+0000] {local_task_job.py:273} INFO - 1 downstream tasks scheduled from follow-on schedule check
