[2022-11-08T19:37:34.480+0000] {taskinstance.py:1165} INFO - Dependencies all met for <TaskInstance: 6-monitoring_1.task1 scheduled__2022-02-01T00:00:00+00:00 [queued]>
[2022-11-08T19:37:34.507+0000] {taskinstance.py:1165} INFO - Dependencies all met for <TaskInstance: 6-monitoring_1.task1 scheduled__2022-02-01T00:00:00+00:00 [queued]>
[2022-11-08T19:37:34.508+0000] {taskinstance.py:1362} INFO - 
--------------------------------------------------------------------------------
[2022-11-08T19:37:34.510+0000] {taskinstance.py:1363} INFO - Starting attempt 2 of 2
[2022-11-08T19:37:34.511+0000] {taskinstance.py:1364} INFO - 
--------------------------------------------------------------------------------
[2022-11-08T19:37:34.545+0000] {taskinstance.py:1383} INFO - Executing <Task(BashOperator): task1> on 2022-02-01 00:00:00+00:00
[2022-11-08T19:37:34.552+0000] {standard_task_runner.py:55} INFO - Started process 2324 to run task
[2022-11-08T19:37:34.557+0000] {standard_task_runner.py:82} INFO - Running: ['***', 'tasks', 'run', '6-monitoring_1', 'task1', 'scheduled__2022-02-01T00:00:00+00:00', '--job-id', '523', '--raw', '--subdir', 'DAGS_FOLDER/6.1-monitoring.py', '--cfg-path', '/tmp/tmpiaj04eic']
[2022-11-08T19:37:34.558+0000] {standard_task_runner.py:83} INFO - Job 523: Subtask task1
[2022-11-08T19:37:34.669+0000] {task_command.py:376} INFO - Running <TaskInstance: 6-monitoring_1.task1 scheduled__2022-02-01T00:00:00+00:00 [running]> on host 638485efabe7
[2022-11-08T19:37:34.782+0000] {taskinstance.py:1592} INFO - Exporting the following env vars:
AIRFLOW_CTX_DAG_OWNER=***
AIRFLOW_CTX_DAG_ID=6-monitoring_1
AIRFLOW_CTX_TASK_ID=task1
AIRFLOW_CTX_EXECUTION_DATE=2022-02-01T00:00:00+00:00
AIRFLOW_CTX_TRY_NUMBER=2
AIRFLOW_CTX_DAG_RUN_ID=scheduled__2022-02-01T00:00:00+00:00
[2022-11-08T19:37:34.784+0000] {subprocess.py:63} INFO - Tmp dir root location: 
 /tmp
[2022-11-08T19:37:34.786+0000] {subprocess.py:75} INFO - Running command: ['/bin/bash', '-c', "sleep 2 && echo 'task1'"]
[2022-11-08T19:37:34.799+0000] {subprocess.py:86} INFO - Output:
[2022-11-08T19:37:37.068+0000] {subprocess.py:93} INFO - task1
[2022-11-08T19:37:37.224+0000] {subprocess.py:97} INFO - Command exited with return code 0
[2022-11-08T19:37:54.360+0000] {taskinstance.py:1406} INFO - Marking task as SUCCESS. dag_id=6-monitoring_1, task_id=task1, execution_date=20220201T000000, start_date=20221108T193734, end_date=20221108T193753
[2022-11-08T19:40:39.531+0000] {local_task_job.py:164} INFO - Task exited with return code 0
[2022-11-08T19:40:39.628+0000] {local_task_job.py:273} INFO - 0 downstream tasks scheduled from follow-on schedule check
