[2022-11-08T20:29:55.483+0000] {taskinstance.py:1165} INFO - Dependencies all met for <TaskInstance: 6-monitoring_1.task4 scheduled__2022-01-15T00:00:00+00:00 [queued]>
[2022-11-08T20:29:55.521+0000] {taskinstance.py:1165} INFO - Dependencies all met for <TaskInstance: 6-monitoring_1.task4 scheduled__2022-01-15T00:00:00+00:00 [queued]>
[2022-11-08T20:29:55.522+0000] {taskinstance.py:1362} INFO - 
--------------------------------------------------------------------------------
[2022-11-08T20:29:55.526+0000] {taskinstance.py:1363} INFO - Starting attempt 1 of 1
[2022-11-08T20:29:55.527+0000] {taskinstance.py:1364} INFO - 
--------------------------------------------------------------------------------
[2022-11-08T20:29:55.589+0000] {taskinstance.py:1383} INFO - Executing <Task(PythonOperator): task4> on 2022-01-15 00:00:00+00:00
[2022-11-08T20:29:55.612+0000] {standard_task_runner.py:55} INFO - Started process 3756 to run task
[2022-11-08T20:29:55.618+0000] {standard_task_runner.py:82} INFO - Running: ['***', 'tasks', 'run', '6-monitoring_1', 'task4', 'scheduled__2022-01-15T00:00:00+00:00', '--job-id', '553', '--raw', '--subdir', 'DAGS_FOLDER/6.1-monitoring.py', '--cfg-path', '/tmp/tmp3cnb8ckp']
[2022-11-08T20:29:55.619+0000] {standard_task_runner.py:83} INFO - Job 553: Subtask task4
[2022-11-08T20:29:55.874+0000] {task_command.py:376} INFO - Running <TaskInstance: 6-monitoring_1.task4 scheduled__2022-01-15T00:00:00+00:00 [running]> on host 638485efabe7
[2022-11-08T20:29:56.092+0000] {taskinstance.py:1592} INFO - Exporting the following env vars:
AIRFLOW_CTX_DAG_OWNER=***
AIRFLOW_CTX_DAG_ID=6-monitoring_1
AIRFLOW_CTX_TASK_ID=task4
AIRFLOW_CTX_EXECUTION_DATE=2022-01-15T00:00:00+00:00
AIRFLOW_CTX_TRY_NUMBER=1
AIRFLOW_CTX_DAG_RUN_ID=scheduled__2022-01-15T00:00:00+00:00
[2022-11-08T20:29:56.096+0000] {python.py:177} INFO - Done. Returned value was: None
[2022-11-08T20:29:56.141+0000] {taskinstance.py:1406} INFO - Marking task as SUCCESS. dag_id=6-monitoring_1, task_id=task4, execution_date=20220115T000000, start_date=20221108T202955, end_date=20221108T202956
[2022-11-08T20:29:56.243+0000] {local_task_job.py:164} INFO - Task exited with return code 0
[2022-11-08T20:29:56.320+0000] {local_task_job.py:273} INFO - 1 downstream tasks scheduled from follow-on schedule check
