[2022-11-17T16:26:56.650+0000] {taskinstance.py:1165} INFO - Dependencies all met for <TaskInstance: MyPersonalAirflowProject.end_confirmation_from_nasa scheduled__2022-10-06T00:00:00+00:00 [queued]>
[2022-11-17T16:26:56.666+0000] {taskinstance.py:1165} INFO - Dependencies all met for <TaskInstance: MyPersonalAirflowProject.end_confirmation_from_nasa scheduled__2022-10-06T00:00:00+00:00 [queued]>
[2022-11-17T16:26:56.667+0000] {taskinstance.py:1362} INFO - 
--------------------------------------------------------------------------------
[2022-11-17T16:26:56.669+0000] {taskinstance.py:1363} INFO - Starting attempt 1 of 1
[2022-11-17T16:26:56.669+0000] {taskinstance.py:1364} INFO - 
--------------------------------------------------------------------------------
[2022-11-17T16:26:56.689+0000] {taskinstance.py:1383} INFO - Executing <Task(BashOperator): end_confirmation_from_nasa> on 2022-10-06 00:00:00+00:00
[2022-11-17T16:26:56.695+0000] {standard_task_runner.py:55} INFO - Started process 3145 to run task
[2022-11-17T16:26:56.699+0000] {standard_task_runner.py:82} INFO - Running: ['***', 'tasks', 'run', 'MyPersonalAirflowProject', 'end_confirmation_from_nasa', 'scheduled__2022-10-06T00:00:00+00:00', '--job-id', '2066', '--raw', '--subdir', 'DAGS_FOLDER/FinalPersonalProject.py', '--cfg-path', '/tmp/tmp00lhje11']
[2022-11-17T16:26:56.700+0000] {standard_task_runner.py:83} INFO - Job 2066: Subtask end_confirmation_from_nasa
[2022-11-17T16:26:56.777+0000] {task_command.py:376} INFO - Running <TaskInstance: MyPersonalAirflowProject.end_confirmation_from_nasa scheduled__2022-10-06T00:00:00+00:00 [running]> on host 638485efabe7
[2022-11-17T16:26:57.047+0000] {taskinstance.py:1592} INFO - Exporting the following env vars:
AIRFLOW_CTX_DAG_OWNER=***
AIRFLOW_CTX_DAG_ID=MyPersonalAirflowProject
AIRFLOW_CTX_TASK_ID=end_confirmation_from_nasa
AIRFLOW_CTX_EXECUTION_DATE=2022-10-06T00:00:00+00:00
AIRFLOW_CTX_TRY_NUMBER=1
AIRFLOW_CTX_DAG_RUN_ID=scheduled__2022-10-06T00:00:00+00:00
[2022-11-17T16:26:57.049+0000] {subprocess.py:63} INFO - Tmp dir root location: 
 /tmp
[2022-11-17T16:26:57.050+0000] {subprocess.py:75} INFO - Running command: ['/bin/bash', '-c', 'echo "The Confirmation file was created successfully"']
[2022-11-17T16:26:57.062+0000] {subprocess.py:86} INFO - Output:
[2022-11-17T16:26:57.064+0000] {subprocess.py:93} INFO - The Confirmation file was created successfully
[2022-11-17T16:26:57.064+0000] {subprocess.py:97} INFO - Command exited with return code 0
[2022-11-17T16:26:57.097+0000] {taskinstance.py:1406} INFO - Marking task as SUCCESS. dag_id=MyPersonalAirflowProject, task_id=end_confirmation_from_nasa, execution_date=20221006T000000, start_date=20221117T162656, end_date=20221117T162657
[2022-11-17T16:26:57.152+0000] {local_task_job.py:164} INFO - Task exited with return code 0
[2022-11-17T16:26:57.267+0000] {local_task_job.py:273} INFO - 1 downstream tasks scheduled from follow-on schedule check
[2022-11-17T17:19:03.948+0000] {taskinstance.py:1165} INFO - Dependencies all met for <TaskInstance: MyPersonalAirflowProject.end_confirmation_from_nasa scheduled__2022-10-06T00:00:00+00:00 [queued]>
[2022-11-17T17:19:04.073+0000] {taskinstance.py:1165} INFO - Dependencies all met for <TaskInstance: MyPersonalAirflowProject.end_confirmation_from_nasa scheduled__2022-10-06T00:00:00+00:00 [queued]>
[2022-11-17T17:19:04.074+0000] {taskinstance.py:1362} INFO - 
--------------------------------------------------------------------------------
[2022-11-17T17:19:04.075+0000] {taskinstance.py:1363} INFO - Starting attempt 1 of 1
[2022-11-17T17:19:04.076+0000] {taskinstance.py:1364} INFO - 
--------------------------------------------------------------------------------
[2022-11-17T17:19:04.101+0000] {taskinstance.py:1383} INFO - Executing <Task(BashOperator): end_confirmation_from_nasa> on 2022-10-06 00:00:00+00:00
[2022-11-17T17:19:04.107+0000] {standard_task_runner.py:55} INFO - Started process 6787 to run task
[2022-11-17T17:19:04.110+0000] {standard_task_runner.py:82} INFO - Running: ['***', 'tasks', 'run', 'MyPersonalAirflowProject', 'end_confirmation_from_nasa', 'scheduled__2022-10-06T00:00:00+00:00', '--job-id', '2476', '--raw', '--subdir', 'DAGS_FOLDER/FinalPersonalProject.py', '--cfg-path', '/tmp/tmpbicqy87l']
[2022-11-17T17:19:04.111+0000] {standard_task_runner.py:83} INFO - Job 2476: Subtask end_confirmation_from_nasa
[2022-11-17T17:19:04.182+0000] {task_command.py:376} INFO - Running <TaskInstance: MyPersonalAirflowProject.end_confirmation_from_nasa scheduled__2022-10-06T00:00:00+00:00 [running]> on host 638485efabe7
[2022-11-17T17:19:04.259+0000] {taskinstance.py:1592} INFO - Exporting the following env vars:
AIRFLOW_CTX_DAG_OWNER=***
AIRFLOW_CTX_DAG_ID=MyPersonalAirflowProject
AIRFLOW_CTX_TASK_ID=end_confirmation_from_nasa
AIRFLOW_CTX_EXECUTION_DATE=2022-10-06T00:00:00+00:00
AIRFLOW_CTX_TRY_NUMBER=1
AIRFLOW_CTX_DAG_RUN_ID=scheduled__2022-10-06T00:00:00+00:00
[2022-11-17T17:19:04.261+0000] {subprocess.py:63} INFO - Tmp dir root location: 
 /tmp
[2022-11-17T17:19:04.262+0000] {subprocess.py:75} INFO - Running command: ['/bin/bash', '-c', 'echo "The Confirmation file was created successfully"']
[2022-11-17T17:19:04.272+0000] {subprocess.py:86} INFO - Output:
[2022-11-17T17:19:04.274+0000] {subprocess.py:93} INFO - The Confirmation file was created successfully
[2022-11-17T17:19:04.275+0000] {subprocess.py:97} INFO - Command exited with return code 0
[2022-11-17T17:19:04.310+0000] {taskinstance.py:1406} INFO - Marking task as SUCCESS. dag_id=MyPersonalAirflowProject, task_id=end_confirmation_from_nasa, execution_date=20221006T000000, start_date=20221117T171904, end_date=20221117T171904
[2022-11-17T17:19:04.364+0000] {local_task_job.py:164} INFO - Task exited with return code 0
[2022-11-17T17:19:04.401+0000] {local_task_job.py:273} INFO - 1 downstream tasks scheduled from follow-on schedule check
