[2022-11-17T16:32:56.934+0000] {taskinstance.py:1165} INFO - Dependencies all met for <TaskInstance: MyPersonalAirflowProject.end_confirmation_from_nasa scheduled__2022-10-18T00:00:00+00:00 [queued]>
[2022-11-17T16:32:56.950+0000] {taskinstance.py:1165} INFO - Dependencies all met for <TaskInstance: MyPersonalAirflowProject.end_confirmation_from_nasa scheduled__2022-10-18T00:00:00+00:00 [queued]>
[2022-11-17T16:32:56.951+0000] {taskinstance.py:1362} INFO - 
--------------------------------------------------------------------------------
[2022-11-17T16:32:56.952+0000] {taskinstance.py:1363} INFO - Starting attempt 1 of 1
[2022-11-17T16:32:56.953+0000] {taskinstance.py:1364} INFO - 
--------------------------------------------------------------------------------
[2022-11-17T16:32:56.973+0000] {taskinstance.py:1383} INFO - Executing <Task(BashOperator): end_confirmation_from_nasa> on 2022-10-18 00:00:00+00:00
[2022-11-17T16:32:56.980+0000] {standard_task_runner.py:55} INFO - Started process 3724 to run task
[2022-11-17T16:32:56.983+0000] {standard_task_runner.py:82} INFO - Running: ['***', 'tasks', 'run', 'MyPersonalAirflowProject', 'end_confirmation_from_nasa', 'scheduled__2022-10-18T00:00:00+00:00', '--job-id', '2162', '--raw', '--subdir', 'DAGS_FOLDER/FinalPersonalProject.py', '--cfg-path', '/tmp/tmpidn0yr77']
[2022-11-17T16:32:56.984+0000] {standard_task_runner.py:83} INFO - Job 2162: Subtask end_confirmation_from_nasa
[2022-11-17T16:32:57.059+0000] {task_command.py:376} INFO - Running <TaskInstance: MyPersonalAirflowProject.end_confirmation_from_nasa scheduled__2022-10-18T00:00:00+00:00 [running]> on host 638485efabe7
[2022-11-17T16:32:57.535+0000] {taskinstance.py:1592} INFO - Exporting the following env vars:
AIRFLOW_CTX_DAG_OWNER=***
AIRFLOW_CTX_DAG_ID=MyPersonalAirflowProject
AIRFLOW_CTX_TASK_ID=end_confirmation_from_nasa
AIRFLOW_CTX_EXECUTION_DATE=2022-10-18T00:00:00+00:00
AIRFLOW_CTX_TRY_NUMBER=1
AIRFLOW_CTX_DAG_RUN_ID=scheduled__2022-10-18T00:00:00+00:00
[2022-11-17T16:32:57.537+0000] {subprocess.py:63} INFO - Tmp dir root location: 
 /tmp
[2022-11-17T16:32:57.538+0000] {subprocess.py:75} INFO - Running command: ['/bin/bash', '-c', 'echo "The Confirmation file was created successfully"']
[2022-11-17T16:32:57.554+0000] {subprocess.py:86} INFO - Output:
[2022-11-17T16:32:57.556+0000] {subprocess.py:93} INFO - The Confirmation file was created successfully
[2022-11-17T16:32:57.557+0000] {subprocess.py:97} INFO - Command exited with return code 0
[2022-11-17T16:32:58.212+0000] {taskinstance.py:1406} INFO - Marking task as SUCCESS. dag_id=MyPersonalAirflowProject, task_id=end_confirmation_from_nasa, execution_date=20221018T000000, start_date=20221117T163256, end_date=20221117T163258
[2022-11-17T16:33:01.925+0000] {local_task_job.py:164} INFO - Task exited with return code 0
[2022-11-17T16:33:03.115+0000] {local_task_job.py:273} INFO - 1 downstream tasks scheduled from follow-on schedule check
[2022-11-17T17:25:10.820+0000] {taskinstance.py:1165} INFO - Dependencies all met for <TaskInstance: MyPersonalAirflowProject.end_confirmation_from_nasa scheduled__2022-10-18T00:00:00+00:00 [queued]>
[2022-11-17T17:25:10.832+0000] {taskinstance.py:1165} INFO - Dependencies all met for <TaskInstance: MyPersonalAirflowProject.end_confirmation_from_nasa scheduled__2022-10-18T00:00:00+00:00 [queued]>
[2022-11-17T17:25:10.833+0000] {taskinstance.py:1362} INFO - 
--------------------------------------------------------------------------------
[2022-11-17T17:25:10.834+0000] {taskinstance.py:1363} INFO - Starting attempt 1 of 1
[2022-11-17T17:25:10.834+0000] {taskinstance.py:1364} INFO - 
--------------------------------------------------------------------------------
[2022-11-17T17:25:10.851+0000] {taskinstance.py:1383} INFO - Executing <Task(BashOperator): end_confirmation_from_nasa> on 2022-10-18 00:00:00+00:00
[2022-11-17T17:25:10.857+0000] {standard_task_runner.py:55} INFO - Started process 7374 to run task
[2022-11-17T17:25:10.860+0000] {standard_task_runner.py:82} INFO - Running: ['***', 'tasks', 'run', 'MyPersonalAirflowProject', 'end_confirmation_from_nasa', 'scheduled__2022-10-18T00:00:00+00:00', '--job-id', '2572', '--raw', '--subdir', 'DAGS_FOLDER/FinalPersonalProject.py', '--cfg-path', '/tmp/tmp3p0smvx8']
[2022-11-17T17:25:10.861+0000] {standard_task_runner.py:83} INFO - Job 2572: Subtask end_confirmation_from_nasa
[2022-11-17T17:25:10.934+0000] {task_command.py:376} INFO - Running <TaskInstance: MyPersonalAirflowProject.end_confirmation_from_nasa scheduled__2022-10-18T00:00:00+00:00 [running]> on host 638485efabe7
[2022-11-17T17:25:11.013+0000] {taskinstance.py:1592} INFO - Exporting the following env vars:
AIRFLOW_CTX_DAG_OWNER=***
AIRFLOW_CTX_DAG_ID=MyPersonalAirflowProject
AIRFLOW_CTX_TASK_ID=end_confirmation_from_nasa
AIRFLOW_CTX_EXECUTION_DATE=2022-10-18T00:00:00+00:00
AIRFLOW_CTX_TRY_NUMBER=1
AIRFLOW_CTX_DAG_RUN_ID=scheduled__2022-10-18T00:00:00+00:00
[2022-11-17T17:25:11.015+0000] {subprocess.py:63} INFO - Tmp dir root location: 
 /tmp
[2022-11-17T17:25:11.016+0000] {subprocess.py:75} INFO - Running command: ['/bin/bash', '-c', 'echo "The Confirmation file was created successfully"']
[2022-11-17T17:25:11.028+0000] {subprocess.py:86} INFO - Output:
[2022-11-17T17:25:11.029+0000] {subprocess.py:93} INFO - The Confirmation file was created successfully
[2022-11-17T17:25:11.030+0000] {subprocess.py:97} INFO - Command exited with return code 0
[2022-11-17T17:25:11.059+0000] {taskinstance.py:1406} INFO - Marking task as SUCCESS. dag_id=MyPersonalAirflowProject, task_id=end_confirmation_from_nasa, execution_date=20221018T000000, start_date=20221117T172510, end_date=20221117T172511
[2022-11-17T17:25:11.113+0000] {local_task_job.py:164} INFO - Task exited with return code 0
[2022-11-17T17:25:11.149+0000] {local_task_job.py:273} INFO - 1 downstream tasks scheduled from follow-on schedule check
