[2022-11-16T22:25:23.468+0000] {taskinstance.py:1165} INFO - Dependencies all met for <TaskInstance: MyPersonalAirflowProject.Print_Imported_data scheduled__2022-10-25T00:00:00+00:00 [queued]>
[2022-11-16T22:25:23.484+0000] {taskinstance.py:1165} INFO - Dependencies all met for <TaskInstance: MyPersonalAirflowProject.Print_Imported_data scheduled__2022-10-25T00:00:00+00:00 [queued]>
[2022-11-16T22:25:23.484+0000] {taskinstance.py:1362} INFO - 
--------------------------------------------------------------------------------
[2022-11-16T22:25:23.486+0000] {taskinstance.py:1363} INFO - Starting attempt 1 of 1
[2022-11-16T22:25:23.487+0000] {taskinstance.py:1364} INFO - 
--------------------------------------------------------------------------------
[2022-11-16T22:25:23.505+0000] {taskinstance.py:1383} INFO - Executing <Task(BashOperator): Print_Imported_data> on 2022-10-25 00:00:00+00:00
[2022-11-16T22:25:23.511+0000] {standard_task_runner.py:55} INFO - Started process 5756 to run task
[2022-11-16T22:25:23.515+0000] {standard_task_runner.py:82} INFO - Running: ['***', 'tasks', 'run', 'MyPersonalAirflowProject', 'Print_Imported_data', 'scheduled__2022-10-25T00:00:00+00:00', '--job-id', '1589', '--raw', '--subdir', 'DAGS_FOLDER/FinalPersonalProject.py', '--cfg-path', '/tmp/tmpw3qnyfpw']
[2022-11-16T22:25:23.516+0000] {standard_task_runner.py:83} INFO - Job 1589: Subtask Print_Imported_data
[2022-11-16T22:25:23.601+0000] {task_command.py:376} INFO - Running <TaskInstance: MyPersonalAirflowProject.Print_Imported_data scheduled__2022-10-25T00:00:00+00:00 [running]> on host 638485efabe7
[2022-11-16T22:25:23.692+0000] {taskinstance.py:1592} INFO - Exporting the following env vars:
AIRFLOW_CTX_DAG_OWNER=***
AIRFLOW_CTX_DAG_ID=MyPersonalAirflowProject
AIRFLOW_CTX_TASK_ID=Print_Imported_data
AIRFLOW_CTX_EXECUTION_DATE=2022-10-25T00:00:00+00:00
AIRFLOW_CTX_TRY_NUMBER=1
AIRFLOW_CTX_DAG_RUN_ID=scheduled__2022-10-25T00:00:00+00:00
[2022-11-16T22:25:23.693+0000] {subprocess.py:63} INFO - Tmp dir root location: 
 /tmp
[2022-11-16T22:25:23.694+0000] {subprocess.py:75} INFO - Running command: ['/bin/bash', '-c', 'ls /tmp/ && head /tmp/platzi_data.csv']
[2022-11-16T22:25:23.708+0000] {subprocess.py:86} INFO - Output:
[2022-11-16T22:25:23.723+0000] {subprocess.py:93} INFO - ***tmp08jnhwj1
[2022-11-16T22:25:23.723+0000] {subprocess.py:93} INFO - ***tmpk5xxq3nx
[2022-11-16T22:25:23.724+0000] {subprocess.py:93} INFO - ***tmplkvca7ip
[2022-11-16T22:25:23.725+0000] {subprocess.py:93} INFO - ***tmpodkacs8z
[2022-11-16T22:25:23.725+0000] {subprocess.py:93} INFO - file.txt
[2022-11-16T22:25:23.726+0000] {subprocess.py:93} INFO - history.json
[2022-11-16T22:25:23.727+0000] {subprocess.py:93} INFO - platzi_data_20221001.csv
[2022-11-16T22:25:23.727+0000] {subprocess.py:93} INFO - platzi_data_20221002.csv
[2022-11-16T22:25:23.727+0000] {subprocess.py:93} INFO - platzi_data_20221003.csv
[2022-11-16T22:25:23.728+0000] {subprocess.py:93} INFO - platzi_data_20221004.csv
[2022-11-16T22:25:23.728+0000] {subprocess.py:93} INFO - platzi_data_20221005.csv
[2022-11-16T22:25:23.728+0000] {subprocess.py:93} INFO - platzi_data_20221006.csv
[2022-11-16T22:25:23.729+0000] {subprocess.py:93} INFO - platzi_data_20221007.csv
[2022-11-16T22:25:23.729+0000] {subprocess.py:93} INFO - platzi_data_20221008.csv
[2022-11-16T22:25:23.730+0000] {subprocess.py:93} INFO - platzi_data_20221009.csv
[2022-11-16T22:25:23.730+0000] {subprocess.py:93} INFO - platzi_data_20221010.csv
[2022-11-16T22:25:23.731+0000] {subprocess.py:93} INFO - platzi_data_20221011.csv
[2022-11-16T22:25:23.731+0000] {subprocess.py:93} INFO - platzi_data_20221012.csv
[2022-11-16T22:25:23.732+0000] {subprocess.py:93} INFO - platzi_data_20221013.csv
[2022-11-16T22:25:23.733+0000] {subprocess.py:93} INFO - platzi_data_20221014.csv
[2022-11-16T22:25:23.734+0000] {subprocess.py:93} INFO - platzi_data_20221015.csv
[2022-11-16T22:25:23.734+0000] {subprocess.py:93} INFO - platzi_data_20221016.csv
[2022-11-16T22:25:23.735+0000] {subprocess.py:93} INFO - platzi_data_20221017.csv
[2022-11-16T22:25:23.735+0000] {subprocess.py:93} INFO - platzi_data_20221018.csv
[2022-11-16T22:25:23.736+0000] {subprocess.py:93} INFO - platzi_data_20221019.csv
[2022-11-16T22:25:23.736+0000] {subprocess.py:93} INFO - platzi_data_20221020.csv
[2022-11-16T22:25:23.737+0000] {subprocess.py:93} INFO - platzi_data_20221021.csv
[2022-11-16T22:25:23.737+0000] {subprocess.py:93} INFO - platzi_data_20221022.csv
[2022-11-16T22:25:23.738+0000] {subprocess.py:93} INFO - platzi_data_20221023.csv
[2022-11-16T22:25:23.738+0000] {subprocess.py:93} INFO - platzi_data_20221024.csv
[2022-11-16T22:25:23.739+0000] {subprocess.py:93} INFO - platzi_data_20221025.csv
[2022-11-16T22:25:23.739+0000] {subprocess.py:93} INFO - pymp-8yik9lbi
[2022-11-16T22:25:23.739+0000] {subprocess.py:93} INFO - pymp-y00k7agg
[2022-11-16T22:25:23.740+0000] {subprocess.py:93} INFO - reponse_20221001.txt
[2022-11-16T22:25:23.741+0000] {subprocess.py:93} INFO - reponse_20221002.txt
[2022-11-16T22:25:23.741+0000] {subprocess.py:93} INFO - reponse_20221003.txt
[2022-11-16T22:25:23.742+0000] {subprocess.py:93} INFO - reponse_20221004.txt
[2022-11-16T22:25:23.742+0000] {subprocess.py:93} INFO - reponse_20221005.txt
[2022-11-16T22:25:23.743+0000] {subprocess.py:93} INFO - reponse_20221006.txt
[2022-11-16T22:25:23.743+0000] {subprocess.py:93} INFO - reponse_20221007.txt
[2022-11-16T22:25:23.744+0000] {subprocess.py:93} INFO - reponse_20221008.txt
[2022-11-16T22:25:23.744+0000] {subprocess.py:93} INFO - reponse_20221009.txt
[2022-11-16T22:25:23.745+0000] {subprocess.py:93} INFO - reponse_20221010.txt
[2022-11-16T22:25:23.745+0000] {subprocess.py:93} INFO - reponse_20221011.txt
[2022-11-16T22:25:23.746+0000] {subprocess.py:93} INFO - reponse_20221012.txt
[2022-11-16T22:25:23.746+0000] {subprocess.py:93} INFO - reponse_20221013.txt
[2022-11-16T22:25:23.746+0000] {subprocess.py:93} INFO - reponse_20221014.txt
[2022-11-16T22:25:23.747+0000] {subprocess.py:93} INFO - reponse_20221015.txt
[2022-11-16T22:25:23.747+0000] {subprocess.py:93} INFO - reponse_20221016.txt
[2022-11-16T22:25:23.748+0000] {subprocess.py:93} INFO - reponse_20221017.txt
[2022-11-16T22:25:23.748+0000] {subprocess.py:93} INFO - reponse_20221018.txt
[2022-11-16T22:25:23.749+0000] {subprocess.py:93} INFO - reponse_20221019.txt
[2022-11-16T22:25:23.749+0000] {subprocess.py:93} INFO - reponse_20221020.txt
[2022-11-16T22:25:23.750+0000] {subprocess.py:93} INFO - reponse_20221021.txt
[2022-11-16T22:25:23.751+0000] {subprocess.py:93} INFO - reponse_20221022.txt
[2022-11-16T22:25:23.751+0000] {subprocess.py:93} INFO - reponse_20221023.txt
[2022-11-16T22:25:23.751+0000] {subprocess.py:93} INFO - reponse_20221024.txt
[2022-11-16T22:25:23.752+0000] {subprocess.py:93} INFO - reponse_20221025.txt
[2022-11-16T22:25:23.752+0000] {subprocess.py:93} INFO - reponse_20221026.txt
[2022-11-16T22:25:23.752+0000] {subprocess.py:93} INFO - reponse_20221027.txt
[2022-11-16T22:25:23.753+0000] {subprocess.py:93} INFO - reponse_20221028.txt
[2022-11-16T22:25:23.753+0000] {subprocess.py:93} INFO - reponse_20221029.txt
[2022-11-16T22:25:23.754+0000] {subprocess.py:93} INFO - reponse_20221030.txt
[2022-11-16T22:25:23.755+0000] {subprocess.py:93} INFO - reponse_20221031.txt
[2022-11-16T22:25:23.755+0000] {subprocess.py:93} INFO - reponse_20221101.txt
[2022-11-16T22:25:23.756+0000] {subprocess.py:93} INFO - reponse_20221102.txt
[2022-11-16T22:25:23.756+0000] {subprocess.py:93} INFO - reponse_20221103.txt
[2022-11-16T22:25:23.756+0000] {subprocess.py:93} INFO - reponse_20221104.txt
[2022-11-16T22:25:23.757+0000] {subprocess.py:93} INFO - reponse_20221105.txt
[2022-11-16T22:25:23.757+0000] {subprocess.py:93} INFO - reponse_20221106.txt
[2022-11-16T22:25:23.757+0000] {subprocess.py:93} INFO - reponse_20221107.txt
[2022-11-16T22:25:23.758+0000] {subprocess.py:93} INFO - reponse_20221108.txt
[2022-11-16T22:25:23.758+0000] {subprocess.py:93} INFO - reponse_20221109.txt
[2022-11-16T22:25:23.759+0000] {subprocess.py:93} INFO - reponse_20221110.txt
[2022-11-16T22:25:23.759+0000] {subprocess.py:93} INFO - reponse_20221111.txt
[2022-11-16T22:25:23.759+0000] {subprocess.py:93} INFO - reponse_20221112.txt
[2022-11-16T22:25:23.760+0000] {subprocess.py:93} INFO - reponse_20221113.txt
[2022-11-16T22:25:23.760+0000] {subprocess.py:93} INFO - reponse_20221114.txt
[2022-11-16T22:25:23.761+0000] {subprocess.py:93} INFO - reponse_20221115.txt
[2022-11-16T22:25:23.761+0000] {subprocess.py:93} INFO - tmp061o5asr
[2022-11-16T22:25:23.762+0000] {subprocess.py:93} INFO - tmp1b_v374g
[2022-11-16T22:25:23.762+0000] {subprocess.py:93} INFO - tmp2n3y4qb3
[2022-11-16T22:25:23.763+0000] {subprocess.py:93} INFO - tmp2ztydtyd
[2022-11-16T22:25:23.763+0000] {subprocess.py:93} INFO - tmp546oqdk0
[2022-11-16T22:25:23.763+0000] {subprocess.py:93} INFO - tmp57roj99h
[2022-11-16T22:25:23.764+0000] {subprocess.py:93} INFO - tmp5lejojs5
[2022-11-16T22:25:23.765+0000] {subprocess.py:93} INFO - tmp5nj2onwa
[2022-11-16T22:25:23.765+0000] {subprocess.py:93} INFO - tmp64cxrvul
[2022-11-16T22:25:23.766+0000] {subprocess.py:93} INFO - tmp6g4l21c1
[2022-11-16T22:25:23.766+0000] {subprocess.py:93} INFO - tmp7c6bgots
[2022-11-16T22:25:23.766+0000] {subprocess.py:93} INFO - tmp7khebugo
[2022-11-16T22:25:23.767+0000] {subprocess.py:93} INFO - tmp7lvtz6wk
[2022-11-16T22:25:23.768+0000] {subprocess.py:93} INFO - tmp8_n1aj39
[2022-11-16T22:25:23.768+0000] {subprocess.py:93} INFO - tmp8c_dsk2e
[2022-11-16T22:25:23.769+0000] {subprocess.py:93} INFO - tmp928ntdt7
[2022-11-16T22:25:23.769+0000] {subprocess.py:93} INFO - tmp9503grtb
[2022-11-16T22:25:23.769+0000] {subprocess.py:93} INFO - tmp_afh1uos
[2022-11-16T22:25:23.770+0000] {subprocess.py:93} INFO - tmp_m6lsnw3
[2022-11-16T22:25:23.770+0000] {subprocess.py:93} INFO - tmp_vy6n6_q
[2022-11-16T22:25:23.770+0000] {subprocess.py:93} INFO - tmpcnj5oj8y
[2022-11-16T22:25:23.771+0000] {subprocess.py:93} INFO - tmpcu_pom_6
[2022-11-16T22:25:23.771+0000] {subprocess.py:93} INFO - tmpdmc2g1zb
[2022-11-16T22:25:23.771+0000] {subprocess.py:93} INFO - tmpe4k1ogev
[2022-11-16T22:25:23.772+0000] {subprocess.py:93} INFO - tmpg_n88zm7
[2022-11-16T22:25:23.773+0000] {subprocess.py:93} INFO - tmpgg8mkst1
[2022-11-16T22:25:23.773+0000] {subprocess.py:93} INFO - tmpgi8v82jx
[2022-11-16T22:25:23.774+0000] {subprocess.py:93} INFO - tmpiez6kail
[2022-11-16T22:25:23.774+0000] {subprocess.py:93} INFO - tmpj1n4wxza
[2022-11-16T22:25:23.775+0000] {subprocess.py:93} INFO - tmpjsznho2e
[2022-11-16T22:25:23.775+0000] {subprocess.py:93} INFO - tmpkrg9_cgk
[2022-11-16T22:25:23.776+0000] {subprocess.py:93} INFO - tmpl13ymsfs
[2022-11-16T22:25:23.776+0000] {subprocess.py:93} INFO - tmplrbhl64b
[2022-11-16T22:25:23.776+0000] {subprocess.py:93} INFO - tmpn38ozedg
[2022-11-16T22:25:23.777+0000] {subprocess.py:93} INFO - tmpn96u_4ih
[2022-11-16T22:25:23.777+0000] {subprocess.py:93} INFO - tmpo3nf6k5c
[2022-11-16T22:25:23.778+0000] {subprocess.py:93} INFO - tmpoy_ljy8t
[2022-11-16T22:25:23.778+0000] {subprocess.py:93} INFO - tmpp4w9yq6x
[2022-11-16T22:25:23.779+0000] {subprocess.py:93} INFO - tmppfidxzjr
[2022-11-16T22:25:23.779+0000] {subprocess.py:93} INFO - tmpr681bhfw
[2022-11-16T22:25:23.779+0000] {subprocess.py:93} INFO - tmpr9102hwf
[2022-11-16T22:25:23.779+0000] {subprocess.py:93} INFO - tmpt4qo16oq
[2022-11-16T22:25:23.780+0000] {subprocess.py:93} INFO - tmptn832g5z
[2022-11-16T22:25:23.780+0000] {subprocess.py:93} INFO - tmpu9qbl0wh
[2022-11-16T22:25:23.780+0000] {subprocess.py:93} INFO - tmpuq8ywung
[2022-11-16T22:25:23.781+0000] {subprocess.py:93} INFO - tmpv606o9_9
[2022-11-16T22:25:23.781+0000] {subprocess.py:93} INFO - tmpxf7g1lc4
[2022-11-16T22:25:23.781+0000] {subprocess.py:93} INFO - tmpxktobcjf
[2022-11-16T22:25:23.782+0000] {subprocess.py:93} INFO - tmpz91iizm7
[2022-11-16T22:25:23.782+0000] {subprocess.py:93} INFO - head: cannot open '/tmp/platzi_data.csv' for reading: No such file or directory
[2022-11-16T22:25:23.783+0000] {subprocess.py:97} INFO - Command exited with return code 1
[2022-11-16T22:25:23.796+0000] {taskinstance.py:1851} ERROR - Task failed with exception
Traceback (most recent call last):
  File "/home/airflow/.local/lib/python3.7/site-packages/airflow/operators/bash.py", line 197, in execute
    f'Bash command failed. The command returned a non-zero exit code {result.exit_code}.'
airflow.exceptions.AirflowException: Bash command failed. The command returned a non-zero exit code 1.
[2022-11-16T22:25:23.807+0000] {taskinstance.py:1406} INFO - Marking task as FAILED. dag_id=MyPersonalAirflowProject, task_id=Print_Imported_data, execution_date=20221025T000000, start_date=20221116T222523, end_date=20221116T222523
[2022-11-16T22:25:23.826+0000] {standard_task_runner.py:105} ERROR - Failed to execute job 1589 for task Print_Imported_data (Bash command failed. The command returned a non-zero exit code 1.; 5756)
[2022-11-16T22:25:23.856+0000] {local_task_job.py:164} INFO - Task exited with return code 1
[2022-11-16T22:25:23.880+0000] {local_task_job.py:273} INFO - 0 downstream tasks scheduled from follow-on schedule check
[2022-11-17T16:37:08.580+0000] {taskinstance.py:1165} INFO - Dependencies all met for <TaskInstance: MyPersonalAirflowProject.Print_Imported_data scheduled__2022-10-25T00:00:00+00:00 [queued]>
[2022-11-17T16:37:08.631+0000] {taskinstance.py:1165} INFO - Dependencies all met for <TaskInstance: MyPersonalAirflowProject.Print_Imported_data scheduled__2022-10-25T00:00:00+00:00 [queued]>
[2022-11-17T16:37:08.632+0000] {taskinstance.py:1362} INFO - 
--------------------------------------------------------------------------------
[2022-11-17T16:37:08.632+0000] {taskinstance.py:1363} INFO - Starting attempt 1 of 1
[2022-11-17T16:37:08.632+0000] {taskinstance.py:1364} INFO - 
--------------------------------------------------------------------------------
[2022-11-17T16:37:08.663+0000] {taskinstance.py:1383} INFO - Executing <Task(BashOperator): Print_Imported_data> on 2022-10-25 00:00:00+00:00
[2022-11-17T16:37:08.668+0000] {standard_task_runner.py:55} INFO - Started process 4093 to run task
[2022-11-17T16:37:08.671+0000] {standard_task_runner.py:82} INFO - Running: ['***', 'tasks', 'run', 'MyPersonalAirflowProject', 'Print_Imported_data', 'scheduled__2022-10-25T00:00:00+00:00', '--job-id', '2221', '--raw', '--subdir', 'DAGS_FOLDER/FinalPersonalProject.py', '--cfg-path', '/tmp/tmp5w2_ykc1']
[2022-11-17T16:37:08.672+0000] {standard_task_runner.py:83} INFO - Job 2221: Subtask Print_Imported_data
[2022-11-17T16:37:08.760+0000] {task_command.py:376} INFO - Running <TaskInstance: MyPersonalAirflowProject.Print_Imported_data scheduled__2022-10-25T00:00:00+00:00 [running]> on host 638485efabe7
[2022-11-17T16:37:08.873+0000] {taskinstance.py:1592} INFO - Exporting the following env vars:
AIRFLOW_CTX_DAG_OWNER=***
AIRFLOW_CTX_DAG_ID=MyPersonalAirflowProject
AIRFLOW_CTX_TASK_ID=Print_Imported_data
AIRFLOW_CTX_EXECUTION_DATE=2022-10-25T00:00:00+00:00
AIRFLOW_CTX_TRY_NUMBER=1
AIRFLOW_CTX_DAG_RUN_ID=scheduled__2022-10-25T00:00:00+00:00
[2022-11-17T16:37:08.875+0000] {subprocess.py:63} INFO - Tmp dir root location: 
 /tmp
[2022-11-17T16:37:08.876+0000] {subprocess.py:75} INFO - Running command: ['/bin/bash', '-c', 'ls /tmp/ && head /tmp/platzi_data_20221025.csv']
[2022-11-17T16:37:08.889+0000] {subprocess.py:86} INFO - Output:
[2022-11-17T16:37:08.893+0000] {subprocess.py:93} INFO - ***tmpk5xxq3nx
[2022-11-17T16:37:08.893+0000] {subprocess.py:93} INFO - ***tmplkvca7ip
[2022-11-17T16:37:08.894+0000] {subprocess.py:93} INFO - ***tmpodkacs8z
[2022-11-17T16:37:08.895+0000] {subprocess.py:93} INFO - ***tmpolwk7htw
[2022-11-17T16:37:08.895+0000] {subprocess.py:93} INFO - file.txt
[2022-11-17T16:37:08.896+0000] {subprocess.py:93} INFO - history.json
[2022-11-17T16:37:08.896+0000] {subprocess.py:93} INFO - platzi_data_20221001.csv
[2022-11-17T16:37:08.897+0000] {subprocess.py:93} INFO - platzi_data_20221002.csv
[2022-11-17T16:37:08.897+0000] {subprocess.py:93} INFO - platzi_data_20221003.csv
[2022-11-17T16:37:08.898+0000] {subprocess.py:93} INFO - platzi_data_20221004.csv
[2022-11-17T16:37:08.898+0000] {subprocess.py:93} INFO - platzi_data_20221005.csv
[2022-11-17T16:37:08.899+0000] {subprocess.py:93} INFO - platzi_data_20221006.csv
[2022-11-17T16:37:08.899+0000] {subprocess.py:93} INFO - platzi_data_20221007.csv
[2022-11-17T16:37:08.900+0000] {subprocess.py:93} INFO - platzi_data_20221008.csv
[2022-11-17T16:37:08.900+0000] {subprocess.py:93} INFO - platzi_data_20221009.csv
[2022-11-17T16:37:08.901+0000] {subprocess.py:93} INFO - platzi_data_20221010.csv
[2022-11-17T16:37:08.901+0000] {subprocess.py:93} INFO - platzi_data_20221011.csv
[2022-11-17T16:37:08.901+0000] {subprocess.py:93} INFO - platzi_data_20221012.csv
[2022-11-17T16:37:08.902+0000] {subprocess.py:93} INFO - platzi_data_20221013.csv
[2022-11-17T16:37:08.902+0000] {subprocess.py:93} INFO - platzi_data_20221014.csv
[2022-11-17T16:37:08.902+0000] {subprocess.py:93} INFO - platzi_data_20221015.csv
[2022-11-17T16:37:08.903+0000] {subprocess.py:93} INFO - platzi_data_20221016.csv
[2022-11-17T16:37:08.903+0000] {subprocess.py:93} INFO - platzi_data_20221017.csv
[2022-11-17T16:37:08.903+0000] {subprocess.py:93} INFO - platzi_data_20221018.csv
[2022-11-17T16:37:08.904+0000] {subprocess.py:93} INFO - platzi_data_20221019.csv
[2022-11-17T16:37:08.904+0000] {subprocess.py:93} INFO - platzi_data_20221020.csv
[2022-11-17T16:37:08.905+0000] {subprocess.py:93} INFO - platzi_data_20221021.csv
[2022-11-17T16:37:08.905+0000] {subprocess.py:93} INFO - platzi_data_20221022.csv
[2022-11-17T16:37:08.905+0000] {subprocess.py:93} INFO - platzi_data_20221023.csv
[2022-11-17T16:37:08.906+0000] {subprocess.py:93} INFO - platzi_data_20221024.csv
[2022-11-17T16:37:08.906+0000] {subprocess.py:93} INFO - platzi_data_20221025.csv
[2022-11-17T16:37:08.906+0000] {subprocess.py:93} INFO - platzi_data_20221026.csv
[2022-11-17T16:37:08.907+0000] {subprocess.py:93} INFO - platzi_data_20221027.csv
[2022-11-17T16:37:08.907+0000] {subprocess.py:93} INFO - platzi_data_20221028.csv
[2022-11-17T16:37:08.907+0000] {subprocess.py:93} INFO - platzi_data_20221029.csv
[2022-11-17T16:37:08.908+0000] {subprocess.py:93} INFO - platzi_data_20221030.csv
[2022-11-17T16:37:08.908+0000] {subprocess.py:93} INFO - platzi_data_20221031.csv
[2022-11-17T16:37:08.908+0000] {subprocess.py:93} INFO - platzi_data_20221101.csv
[2022-11-17T16:37:08.909+0000] {subprocess.py:93} INFO - platzi_data_20221102.csv
[2022-11-17T16:37:08.909+0000] {subprocess.py:93} INFO - platzi_data_20221103.csv
[2022-11-17T16:37:08.909+0000] {subprocess.py:93} INFO - platzi_data_20221104.csv
[2022-11-17T16:37:08.910+0000] {subprocess.py:93} INFO - platzi_data_20221105.csv
[2022-11-17T16:37:08.910+0000] {subprocess.py:93} INFO - platzi_data_20221106.csv
[2022-11-17T16:37:08.910+0000] {subprocess.py:93} INFO - platzi_data_20221107.csv
[2022-11-17T16:37:08.911+0000] {subprocess.py:93} INFO - platzi_data_20221108.csv
[2022-11-17T16:37:08.911+0000] {subprocess.py:93} INFO - platzi_data_20221109.csv
[2022-11-17T16:37:08.912+0000] {subprocess.py:93} INFO - platzi_data_20221110.csv
[2022-11-17T16:37:08.913+0000] {subprocess.py:93} INFO - platzi_data_20221111.csv
[2022-11-17T16:37:08.913+0000] {subprocess.py:93} INFO - platzi_data_20221112.csv
[2022-11-17T16:37:08.914+0000] {subprocess.py:93} INFO - platzi_data_20221113.csv
[2022-11-17T16:37:08.915+0000] {subprocess.py:93} INFO - platzi_data_20221114.csv
[2022-11-17T16:37:08.915+0000] {subprocess.py:93} INFO - platzi_data_20221115.csv
[2022-11-17T16:37:08.916+0000] {subprocess.py:93} INFO - platzi_data_20221116.csv
[2022-11-17T16:37:08.916+0000] {subprocess.py:93} INFO - pymp-8yik9lbi
[2022-11-17T16:37:08.917+0000] {subprocess.py:93} INFO - pymp-sbqt6pho
[2022-11-17T16:37:08.917+0000] {subprocess.py:93} INFO - reponse_20221001.txt
[2022-11-17T16:37:08.917+0000] {subprocess.py:93} INFO - reponse_20221002.txt
[2022-11-17T16:37:08.918+0000] {subprocess.py:93} INFO - reponse_20221003.txt
[2022-11-17T16:37:08.918+0000] {subprocess.py:93} INFO - reponse_20221004.txt
[2022-11-17T16:37:08.919+0000] {subprocess.py:93} INFO - reponse_20221005.txt
[2022-11-17T16:37:08.919+0000] {subprocess.py:93} INFO - reponse_20221006.txt
[2022-11-17T16:37:08.919+0000] {subprocess.py:93} INFO - reponse_20221007.txt
[2022-11-17T16:37:08.920+0000] {subprocess.py:93} INFO - reponse_20221008.txt
[2022-11-17T16:37:08.920+0000] {subprocess.py:93} INFO - reponse_20221009.txt
[2022-11-17T16:37:08.921+0000] {subprocess.py:93} INFO - reponse_20221010.txt
[2022-11-17T16:37:08.921+0000] {subprocess.py:93} INFO - reponse_20221011.txt
[2022-11-17T16:37:08.921+0000] {subprocess.py:93} INFO - reponse_20221012.txt
[2022-11-17T16:37:08.922+0000] {subprocess.py:93} INFO - reponse_20221013.txt
[2022-11-17T16:37:08.922+0000] {subprocess.py:93} INFO - reponse_20221014.txt
[2022-11-17T16:37:08.923+0000] {subprocess.py:93} INFO - reponse_20221015.txt
[2022-11-17T16:37:08.923+0000] {subprocess.py:93} INFO - reponse_20221016.txt
[2022-11-17T16:37:08.924+0000] {subprocess.py:93} INFO - reponse_20221017.txt
[2022-11-17T16:37:08.924+0000] {subprocess.py:93} INFO - reponse_20221018.txt
[2022-11-17T16:37:08.925+0000] {subprocess.py:93} INFO - reponse_20221019.txt
[2022-11-17T16:37:08.925+0000] {subprocess.py:93} INFO - reponse_20221020.txt
[2022-11-17T16:37:08.926+0000] {subprocess.py:93} INFO - reponse_20221021.txt
[2022-11-17T16:37:08.926+0000] {subprocess.py:93} INFO - reponse_20221022.txt
[2022-11-17T16:37:08.927+0000] {subprocess.py:93} INFO - reponse_20221023.txt
[2022-11-17T16:37:08.927+0000] {subprocess.py:93} INFO - reponse_20221024.txt
[2022-11-17T16:37:08.928+0000] {subprocess.py:93} INFO - reponse_20221025.txt
[2022-11-17T16:37:08.929+0000] {subprocess.py:93} INFO - reponse_20221026.txt
[2022-11-17T16:37:08.929+0000] {subprocess.py:93} INFO - reponse_20221027.txt
[2022-11-17T16:37:08.930+0000] {subprocess.py:93} INFO - reponse_20221028.txt
[2022-11-17T16:37:08.930+0000] {subprocess.py:93} INFO - reponse_20221029.txt
[2022-11-17T16:37:08.931+0000] {subprocess.py:93} INFO - reponse_20221030.txt
[2022-11-17T16:37:08.931+0000] {subprocess.py:93} INFO - reponse_20221031.txt
[2022-11-17T16:37:08.932+0000] {subprocess.py:93} INFO - reponse_20221101.txt
[2022-11-17T16:37:08.932+0000] {subprocess.py:93} INFO - reponse_20221102.txt
[2022-11-17T16:37:08.933+0000] {subprocess.py:93} INFO - reponse_20221103.txt
[2022-11-17T16:37:08.933+0000] {subprocess.py:93} INFO - reponse_20221104.txt
[2022-11-17T16:37:08.933+0000] {subprocess.py:93} INFO - reponse_20221105.txt
[2022-11-17T16:37:08.934+0000] {subprocess.py:93} INFO - reponse_20221106.txt
[2022-11-17T16:37:08.934+0000] {subprocess.py:93} INFO - reponse_20221107.txt
[2022-11-17T16:37:08.934+0000] {subprocess.py:93} INFO - reponse_20221108.txt
[2022-11-17T16:37:08.935+0000] {subprocess.py:93} INFO - reponse_20221109.txt
[2022-11-17T16:37:08.935+0000] {subprocess.py:93} INFO - reponse_20221110.txt
[2022-11-17T16:37:08.935+0000] {subprocess.py:93} INFO - reponse_20221111.txt
[2022-11-17T16:37:08.935+0000] {subprocess.py:93} INFO - reponse_20221112.txt
[2022-11-17T16:37:08.936+0000] {subprocess.py:93} INFO - reponse_20221113.txt
[2022-11-17T16:37:08.936+0000] {subprocess.py:93} INFO - reponse_20221114.txt
[2022-11-17T16:37:08.936+0000] {subprocess.py:93} INFO - reponse_20221115.txt
[2022-11-17T16:37:08.937+0000] {subprocess.py:93} INFO - reponse_20221116.txt
[2022-11-17T16:37:08.937+0000] {subprocess.py:93} INFO - tmp061o5asr
[2022-11-17T16:37:08.937+0000] {subprocess.py:93} INFO - tmp1b_v374g
[2022-11-17T16:37:08.938+0000] {subprocess.py:93} INFO - tmp2n3y4qb3
[2022-11-17T16:37:08.938+0000] {subprocess.py:93} INFO - tmp2ztydtyd
[2022-11-17T16:37:08.938+0000] {subprocess.py:93} INFO - tmp546oqdk0
[2022-11-17T16:37:08.938+0000] {subprocess.py:93} INFO - tmp57roj99h
[2022-11-17T16:37:08.939+0000] {subprocess.py:93} INFO - tmp5lejojs5
[2022-11-17T16:37:08.939+0000] {subprocess.py:93} INFO - tmp5nj2onwa
[2022-11-17T16:37:08.939+0000] {subprocess.py:93} INFO - tmp64cxrvul
[2022-11-17T16:37:08.940+0000] {subprocess.py:93} INFO - tmp6g4l21c1
[2022-11-17T16:37:08.940+0000] {subprocess.py:93} INFO - tmp7c6bgots
[2022-11-17T16:37:08.940+0000] {subprocess.py:93} INFO - tmp7khebugo
[2022-11-17T16:37:08.941+0000] {subprocess.py:93} INFO - tmp7lvtz6wk
[2022-11-17T16:37:08.941+0000] {subprocess.py:93} INFO - tmp8_n1aj39
[2022-11-17T16:37:08.942+0000] {subprocess.py:93} INFO - tmp8c_dsk2e
[2022-11-17T16:37:08.942+0000] {subprocess.py:93} INFO - tmp928ntdt7
[2022-11-17T16:37:08.942+0000] {subprocess.py:93} INFO - tmp9503grtb
[2022-11-17T16:37:08.943+0000] {subprocess.py:93} INFO - tmp_afh1uos
[2022-11-17T16:37:08.943+0000] {subprocess.py:93} INFO - tmp_m6lsnw3
[2022-11-17T16:37:08.943+0000] {subprocess.py:93} INFO - tmp_vy6n6_q
[2022-11-17T16:37:08.944+0000] {subprocess.py:93} INFO - tmpcnj5oj8y
[2022-11-17T16:37:08.944+0000] {subprocess.py:93} INFO - tmpcu_pom_6
[2022-11-17T16:37:08.944+0000] {subprocess.py:93} INFO - tmpdmc2g1zb
[2022-11-17T16:37:08.945+0000] {subprocess.py:93} INFO - tmpe4k1ogev
[2022-11-17T16:37:08.946+0000] {subprocess.py:93} INFO - tmpg_n88zm7
[2022-11-17T16:37:08.946+0000] {subprocess.py:93} INFO - tmpgg8mkst1
[2022-11-17T16:37:08.947+0000] {subprocess.py:93} INFO - tmpgi8v82jx
[2022-11-17T16:37:08.947+0000] {subprocess.py:93} INFO - tmpiez6kail
[2022-11-17T16:37:08.947+0000] {subprocess.py:93} INFO - tmpj1n4wxza
[2022-11-17T16:37:08.948+0000] {subprocess.py:93} INFO - tmpjsznho2e
[2022-11-17T16:37:08.948+0000] {subprocess.py:93} INFO - tmpkrg9_cgk
[2022-11-17T16:37:08.948+0000] {subprocess.py:93} INFO - tmpl13ymsfs
[2022-11-17T16:37:08.949+0000] {subprocess.py:93} INFO - tmplrbhl64b
[2022-11-17T16:37:08.949+0000] {subprocess.py:93} INFO - tmpn38ozedg
[2022-11-17T16:37:08.949+0000] {subprocess.py:93} INFO - tmpn96u_4ih
[2022-11-17T16:37:08.950+0000] {subprocess.py:93} INFO - tmpo3nf6k5c
[2022-11-17T16:37:08.950+0000] {subprocess.py:93} INFO - tmpoy_ljy8t
[2022-11-17T16:37:08.950+0000] {subprocess.py:93} INFO - tmpp4w9yq6x
[2022-11-17T16:37:08.951+0000] {subprocess.py:93} INFO - tmppfidxzjr
[2022-11-17T16:37:08.951+0000] {subprocess.py:93} INFO - tmpr681bhfw
[2022-11-17T16:37:08.951+0000] {subprocess.py:93} INFO - tmpr9102hwf
[2022-11-17T16:37:08.952+0000] {subprocess.py:93} INFO - tmpt4qo16oq
[2022-11-17T16:37:08.952+0000] {subprocess.py:93} INFO - tmptn832g5z
[2022-11-17T16:37:08.952+0000] {subprocess.py:93} INFO - tmpu9qbl0wh
[2022-11-17T16:37:08.953+0000] {subprocess.py:93} INFO - tmpuq8ywung
[2022-11-17T16:37:08.953+0000] {subprocess.py:93} INFO - tmpv606o9_9
[2022-11-17T16:37:08.953+0000] {subprocess.py:93} INFO - tmpxf7g1lc4
[2022-11-17T16:37:08.954+0000] {subprocess.py:93} INFO - tmpxktobcjf
[2022-11-17T16:37:08.954+0000] {subprocess.py:93} INFO - tmpz91iizm7
[2022-11-17T16:37:08.955+0000] {subprocess.py:93} INFO - ,student,timestamp
[2022-11-17T16:37:08.955+0000] {subprocess.py:93} INFO - 0,Maria Cruz,2022-10-25 00:00:00+00:00
[2022-11-17T16:37:08.955+0000] {subprocess.py:93} INFO - 1,Daniel Crema,2022-10-25 00:00:00+00:00
[2022-11-17T16:37:08.956+0000] {subprocess.py:93} INFO - 2,Elon Musk,2022-10-25 00:00:00+00:00
[2022-11-17T16:37:08.957+0000] {subprocess.py:93} INFO - 3,Karol Castrejon,2022-10-25 00:00:00+00:00
[2022-11-17T16:37:08.957+0000] {subprocess.py:93} INFO - 4,Freddy Vega,2022-10-25 00:00:00+00:00
[2022-11-17T16:37:08.958+0000] {subprocess.py:93} INFO - 5,Freddy Montañez,2022-10-25 00:00:00+00:00
[2022-11-17T16:37:08.958+0000] {subprocess.py:97} INFO - Command exited with return code 0
[2022-11-17T16:37:08.997+0000] {taskinstance.py:1406} INFO - Marking task as SUCCESS. dag_id=MyPersonalAirflowProject, task_id=Print_Imported_data, execution_date=20221025T000000, start_date=20221117T163708, end_date=20221117T163708
[2022-11-17T16:37:09.045+0000] {local_task_job.py:164} INFO - Task exited with return code 0
[2022-11-17T16:37:09.093+0000] {local_task_job.py:273} INFO - 2 downstream tasks scheduled from follow-on schedule check
[2022-11-17T17:28:47.389+0000] {taskinstance.py:1165} INFO - Dependencies all met for <TaskInstance: MyPersonalAirflowProject.Print_Imported_data scheduled__2022-10-25T00:00:00+00:00 [queued]>
[2022-11-17T17:28:47.403+0000] {taskinstance.py:1165} INFO - Dependencies all met for <TaskInstance: MyPersonalAirflowProject.Print_Imported_data scheduled__2022-10-25T00:00:00+00:00 [queued]>
[2022-11-17T17:28:47.404+0000] {taskinstance.py:1362} INFO - 
--------------------------------------------------------------------------------
[2022-11-17T17:28:47.405+0000] {taskinstance.py:1363} INFO - Starting attempt 1 of 1
[2022-11-17T17:28:47.406+0000] {taskinstance.py:1364} INFO - 
--------------------------------------------------------------------------------
[2022-11-17T17:28:47.425+0000] {taskinstance.py:1383} INFO - Executing <Task(BashOperator): Print_Imported_data> on 2022-10-25 00:00:00+00:00
[2022-11-17T17:28:47.505+0000] {standard_task_runner.py:55} INFO - Started process 7726 to run task
[2022-11-17T17:28:47.508+0000] {standard_task_runner.py:82} INFO - Running: ['***', 'tasks', 'run', 'MyPersonalAirflowProject', 'Print_Imported_data', 'scheduled__2022-10-25T00:00:00+00:00', '--job-id', '2631', '--raw', '--subdir', 'DAGS_FOLDER/FinalPersonalProject.py', '--cfg-path', '/tmp/tmpinwbjkve']
[2022-11-17T17:28:47.509+0000] {standard_task_runner.py:83} INFO - Job 2631: Subtask Print_Imported_data
[2022-11-17T17:28:47.592+0000] {task_command.py:376} INFO - Running <TaskInstance: MyPersonalAirflowProject.Print_Imported_data scheduled__2022-10-25T00:00:00+00:00 [running]> on host 638485efabe7
[2022-11-17T17:28:47.679+0000] {taskinstance.py:1592} INFO - Exporting the following env vars:
AIRFLOW_CTX_DAG_OWNER=***
AIRFLOW_CTX_DAG_ID=MyPersonalAirflowProject
AIRFLOW_CTX_TASK_ID=Print_Imported_data
AIRFLOW_CTX_EXECUTION_DATE=2022-10-25T00:00:00+00:00
AIRFLOW_CTX_TRY_NUMBER=1
AIRFLOW_CTX_DAG_RUN_ID=scheduled__2022-10-25T00:00:00+00:00
[2022-11-17T17:28:47.681+0000] {subprocess.py:63} INFO - Tmp dir root location: 
 /tmp
[2022-11-17T17:28:47.682+0000] {subprocess.py:75} INFO - Running command: ['/bin/bash', '-c', 'ls /tmp/ && head /tmp/platzi_data_20221025.csv']
[2022-11-17T17:28:47.694+0000] {subprocess.py:86} INFO - Output:
[2022-11-17T17:28:47.698+0000] {subprocess.py:93} INFO - ***tmpk5xxq3nx
[2022-11-17T17:28:47.698+0000] {subprocess.py:93} INFO - ***tmplkvca7ip
[2022-11-17T17:28:47.699+0000] {subprocess.py:93} INFO - ***tmpodkacs8z
[2022-11-17T17:28:47.699+0000] {subprocess.py:93} INFO - ***tmpvswxu3tx
[2022-11-17T17:28:47.699+0000] {subprocess.py:93} INFO - file.txt
[2022-11-17T17:28:47.700+0000] {subprocess.py:93} INFO - history.json
[2022-11-17T17:28:47.700+0000] {subprocess.py:93} INFO - platzi_data_20221001.csv
[2022-11-17T17:28:47.700+0000] {subprocess.py:93} INFO - platzi_data_20221002.csv
[2022-11-17T17:28:47.701+0000] {subprocess.py:93} INFO - platzi_data_20221003.csv
[2022-11-17T17:28:47.701+0000] {subprocess.py:93} INFO - platzi_data_20221004.csv
[2022-11-17T17:28:47.701+0000] {subprocess.py:93} INFO - platzi_data_20221005.csv
[2022-11-17T17:28:47.702+0000] {subprocess.py:93} INFO - platzi_data_20221006.csv
[2022-11-17T17:28:47.702+0000] {subprocess.py:93} INFO - platzi_data_20221007.csv
[2022-11-17T17:28:47.702+0000] {subprocess.py:93} INFO - platzi_data_20221008.csv
[2022-11-17T17:28:47.703+0000] {subprocess.py:93} INFO - platzi_data_20221009.csv
[2022-11-17T17:28:47.703+0000] {subprocess.py:93} INFO - platzi_data_20221010.csv
[2022-11-17T17:28:47.703+0000] {subprocess.py:93} INFO - platzi_data_20221011.csv
[2022-11-17T17:28:47.704+0000] {subprocess.py:93} INFO - platzi_data_20221012.csv
[2022-11-17T17:28:47.704+0000] {subprocess.py:93} INFO - platzi_data_20221013.csv
[2022-11-17T17:28:47.705+0000] {subprocess.py:93} INFO - platzi_data_20221014.csv
[2022-11-17T17:28:47.705+0000] {subprocess.py:93} INFO - platzi_data_20221015.csv
[2022-11-17T17:28:47.706+0000] {subprocess.py:93} INFO - platzi_data_20221016.csv
[2022-11-17T17:28:47.707+0000] {subprocess.py:93} INFO - platzi_data_20221017.csv
[2022-11-17T17:28:47.707+0000] {subprocess.py:93} INFO - platzi_data_20221018.csv
[2022-11-17T17:28:47.708+0000] {subprocess.py:93} INFO - platzi_data_20221019.csv
[2022-11-17T17:28:47.708+0000] {subprocess.py:93} INFO - platzi_data_20221020.csv
[2022-11-17T17:28:47.708+0000] {subprocess.py:93} INFO - platzi_data_20221021.csv
[2022-11-17T17:28:47.709+0000] {subprocess.py:93} INFO - platzi_data_20221022.csv
[2022-11-17T17:28:47.709+0000] {subprocess.py:93} INFO - platzi_data_20221023.csv
[2022-11-17T17:28:47.709+0000] {subprocess.py:93} INFO - platzi_data_20221024.csv
[2022-11-17T17:28:47.710+0000] {subprocess.py:93} INFO - platzi_data_20221025.csv
[2022-11-17T17:28:47.711+0000] {subprocess.py:93} INFO - platzi_data_20221026.csv
[2022-11-17T17:28:47.711+0000] {subprocess.py:93} INFO - platzi_data_20221027.csv
[2022-11-17T17:28:47.711+0000] {subprocess.py:93} INFO - platzi_data_20221028.csv
[2022-11-17T17:28:47.712+0000] {subprocess.py:93} INFO - platzi_data_20221029.csv
[2022-11-17T17:28:47.712+0000] {subprocess.py:93} INFO - platzi_data_20221030.csv
[2022-11-17T17:28:47.713+0000] {subprocess.py:93} INFO - platzi_data_20221031.csv
[2022-11-17T17:28:47.713+0000] {subprocess.py:93} INFO - platzi_data_20221101.csv
[2022-11-17T17:28:47.714+0000] {subprocess.py:93} INFO - platzi_data_20221102.csv
[2022-11-17T17:28:47.714+0000] {subprocess.py:93} INFO - platzi_data_20221103.csv
[2022-11-17T17:28:47.714+0000] {subprocess.py:93} INFO - platzi_data_20221104.csv
[2022-11-17T17:28:47.715+0000] {subprocess.py:93} INFO - platzi_data_20221105.csv
[2022-11-17T17:28:47.715+0000] {subprocess.py:93} INFO - platzi_data_20221106.csv
[2022-11-17T17:28:47.716+0000] {subprocess.py:93} INFO - platzi_data_20221107.csv
[2022-11-17T17:28:47.717+0000] {subprocess.py:93} INFO - platzi_data_20221108.csv
[2022-11-17T17:28:47.717+0000] {subprocess.py:93} INFO - platzi_data_20221109.csv
[2022-11-17T17:28:47.718+0000] {subprocess.py:93} INFO - platzi_data_20221110.csv
[2022-11-17T17:28:47.718+0000] {subprocess.py:93} INFO - platzi_data_20221111.csv
[2022-11-17T17:28:47.719+0000] {subprocess.py:93} INFO - platzi_data_20221112.csv
[2022-11-17T17:28:47.719+0000] {subprocess.py:93} INFO - platzi_data_20221113.csv
[2022-11-17T17:28:47.720+0000] {subprocess.py:93} INFO - platzi_data_20221114.csv
[2022-11-17T17:28:47.720+0000] {subprocess.py:93} INFO - platzi_data_20221115.csv
[2022-11-17T17:28:47.721+0000] {subprocess.py:93} INFO - platzi_data_20221116.csv
[2022-11-17T17:28:47.721+0000] {subprocess.py:93} INFO - pymp-8yik9lbi
[2022-11-17T17:28:47.721+0000] {subprocess.py:93} INFO - pymp-sbqt6pho
[2022-11-17T17:28:47.722+0000] {subprocess.py:93} INFO - reponse_20221001.txt
[2022-11-17T17:28:47.723+0000] {subprocess.py:93} INFO - reponse_20221002.txt
[2022-11-17T17:28:47.723+0000] {subprocess.py:93} INFO - reponse_20221003.txt
[2022-11-17T17:28:47.724+0000] {subprocess.py:93} INFO - reponse_20221004.txt
[2022-11-17T17:28:47.724+0000] {subprocess.py:93} INFO - reponse_20221005.txt
[2022-11-17T17:28:47.724+0000] {subprocess.py:93} INFO - reponse_20221006.txt
[2022-11-17T17:28:47.725+0000] {subprocess.py:93} INFO - reponse_20221007.txt
[2022-11-17T17:28:47.725+0000] {subprocess.py:93} INFO - reponse_20221008.txt
[2022-11-17T17:28:47.725+0000] {subprocess.py:93} INFO - reponse_20221009.txt
[2022-11-17T17:28:47.726+0000] {subprocess.py:93} INFO - reponse_20221010.txt
[2022-11-17T17:28:47.726+0000] {subprocess.py:93} INFO - reponse_20221011.txt
[2022-11-17T17:28:47.727+0000] {subprocess.py:93} INFO - reponse_20221012.txt
[2022-11-17T17:28:47.727+0000] {subprocess.py:93} INFO - reponse_20221013.txt
[2022-11-17T17:28:47.728+0000] {subprocess.py:93} INFO - reponse_20221014.txt
[2022-11-17T17:28:47.728+0000] {subprocess.py:93} INFO - reponse_20221015.txt
[2022-11-17T17:28:47.729+0000] {subprocess.py:93} INFO - reponse_20221016.txt
[2022-11-17T17:28:47.730+0000] {subprocess.py:93} INFO - reponse_20221017.txt
[2022-11-17T17:28:47.730+0000] {subprocess.py:93} INFO - reponse_20221018.txt
[2022-11-17T17:28:47.731+0000] {subprocess.py:93} INFO - reponse_20221019.txt
[2022-11-17T17:28:47.731+0000] {subprocess.py:93} INFO - reponse_20221020.txt
[2022-11-17T17:28:47.732+0000] {subprocess.py:93} INFO - reponse_20221021.txt
[2022-11-17T17:28:47.732+0000] {subprocess.py:93} INFO - reponse_20221022.txt
[2022-11-17T17:28:47.733+0000] {subprocess.py:93} INFO - reponse_20221023.txt
[2022-11-17T17:28:47.733+0000] {subprocess.py:93} INFO - reponse_20221024.txt
[2022-11-17T17:28:47.733+0000] {subprocess.py:93} INFO - reponse_20221025.txt
[2022-11-17T17:28:47.734+0000] {subprocess.py:93} INFO - reponse_20221026.txt
[2022-11-17T17:28:47.734+0000] {subprocess.py:93} INFO - reponse_20221027.txt
[2022-11-17T17:28:47.735+0000] {subprocess.py:93} INFO - reponse_20221028.txt
[2022-11-17T17:28:47.735+0000] {subprocess.py:93} INFO - reponse_20221029.txt
[2022-11-17T17:28:47.736+0000] {subprocess.py:93} INFO - reponse_20221030.txt
[2022-11-17T17:28:47.736+0000] {subprocess.py:93} INFO - reponse_20221031.txt
[2022-11-17T17:28:47.737+0000] {subprocess.py:93} INFO - reponse_20221101.txt
[2022-11-17T17:28:47.737+0000] {subprocess.py:93} INFO - reponse_20221102.txt
[2022-11-17T17:28:47.738+0000] {subprocess.py:93} INFO - reponse_20221103.txt
[2022-11-17T17:28:47.738+0000] {subprocess.py:93} INFO - reponse_20221104.txt
[2022-11-17T17:28:47.738+0000] {subprocess.py:93} INFO - reponse_20221105.txt
[2022-11-17T17:28:47.739+0000] {subprocess.py:93} INFO - reponse_20221106.txt
[2022-11-17T17:28:47.739+0000] {subprocess.py:93} INFO - reponse_20221107.txt
[2022-11-17T17:28:47.739+0000] {subprocess.py:93} INFO - reponse_20221108.txt
[2022-11-17T17:28:47.740+0000] {subprocess.py:93} INFO - reponse_20221109.txt
[2022-11-17T17:28:47.740+0000] {subprocess.py:93} INFO - reponse_20221110.txt
[2022-11-17T17:28:47.740+0000] {subprocess.py:93} INFO - reponse_20221111.txt
[2022-11-17T17:28:47.741+0000] {subprocess.py:93} INFO - reponse_20221112.txt
[2022-11-17T17:28:47.741+0000] {subprocess.py:93} INFO - reponse_20221113.txt
[2022-11-17T17:28:47.742+0000] {subprocess.py:93} INFO - reponse_20221114.txt
[2022-11-17T17:28:47.742+0000] {subprocess.py:93} INFO - reponse_20221115.txt
[2022-11-17T17:28:47.743+0000] {subprocess.py:93} INFO - reponse_20221116.txt
[2022-11-17T17:28:47.744+0000] {subprocess.py:93} INFO - tmp061o5asr
[2022-11-17T17:28:47.744+0000] {subprocess.py:93} INFO - tmp1b_v374g
[2022-11-17T17:28:47.745+0000] {subprocess.py:93} INFO - tmp2n3y4qb3
[2022-11-17T17:28:47.745+0000] {subprocess.py:93} INFO - tmp2ztydtyd
[2022-11-17T17:28:47.745+0000] {subprocess.py:93} INFO - tmp546oqdk0
[2022-11-17T17:28:47.745+0000] {subprocess.py:93} INFO - tmp57roj99h
[2022-11-17T17:28:47.746+0000] {subprocess.py:93} INFO - tmp5lejojs5
[2022-11-17T17:28:47.747+0000] {subprocess.py:93} INFO - tmp5nj2onwa
[2022-11-17T17:28:47.747+0000] {subprocess.py:93} INFO - tmp64cxrvul
[2022-11-17T17:28:47.748+0000] {subprocess.py:93} INFO - tmp6g4l21c1
[2022-11-17T17:28:47.748+0000] {subprocess.py:93} INFO - tmp7c6bgots
[2022-11-17T17:28:47.749+0000] {subprocess.py:93} INFO - tmp7khebugo
[2022-11-17T17:28:47.750+0000] {subprocess.py:93} INFO - tmp7lvtz6wk
[2022-11-17T17:28:47.750+0000] {subprocess.py:93} INFO - tmp8_n1aj39
[2022-11-17T17:28:47.750+0000] {subprocess.py:93} INFO - tmp8c_dsk2e
[2022-11-17T17:28:47.751+0000] {subprocess.py:93} INFO - tmp928ntdt7
[2022-11-17T17:28:47.751+0000] {subprocess.py:93} INFO - tmp9503grtb
[2022-11-17T17:28:47.752+0000] {subprocess.py:93} INFO - tmp_afh1uos
[2022-11-17T17:28:47.752+0000] {subprocess.py:93} INFO - tmp_m6lsnw3
[2022-11-17T17:28:47.753+0000] {subprocess.py:93} INFO - tmp_vy6n6_q
[2022-11-17T17:28:47.753+0000] {subprocess.py:93} INFO - tmpcnj5oj8y
[2022-11-17T17:28:47.753+0000] {subprocess.py:93} INFO - tmpcu_pom_6
[2022-11-17T17:28:47.754+0000] {subprocess.py:93} INFO - tmpdmc2g1zb
[2022-11-17T17:28:47.754+0000] {subprocess.py:93} INFO - tmpe4k1ogev
[2022-11-17T17:28:47.755+0000] {subprocess.py:93} INFO - tmpg_n88zm7
[2022-11-17T17:28:47.755+0000] {subprocess.py:93} INFO - tmpgg8mkst1
[2022-11-17T17:28:47.755+0000] {subprocess.py:93} INFO - tmpgi8v82jx
[2022-11-17T17:28:47.756+0000] {subprocess.py:93} INFO - tmpiez6kail
[2022-11-17T17:28:47.756+0000] {subprocess.py:93} INFO - tmpj1n4wxza
[2022-11-17T17:28:47.756+0000] {subprocess.py:93} INFO - tmpjsznho2e
[2022-11-17T17:28:47.757+0000] {subprocess.py:93} INFO - tmpkrg9_cgk
[2022-11-17T17:28:47.757+0000] {subprocess.py:93} INFO - tmpl13ymsfs
[2022-11-17T17:28:47.758+0000] {subprocess.py:93} INFO - tmplrbhl64b
[2022-11-17T17:28:47.758+0000] {subprocess.py:93} INFO - tmpn38ozedg
[2022-11-17T17:28:47.759+0000] {subprocess.py:93} INFO - tmpn96u_4ih
[2022-11-17T17:28:47.759+0000] {subprocess.py:93} INFO - tmpo3nf6k5c
[2022-11-17T17:28:47.759+0000] {subprocess.py:93} INFO - tmpoy_ljy8t
[2022-11-17T17:28:47.760+0000] {subprocess.py:93} INFO - tmpp4w9yq6x
[2022-11-17T17:28:47.760+0000] {subprocess.py:93} INFO - tmppfidxzjr
[2022-11-17T17:28:47.761+0000] {subprocess.py:93} INFO - tmpr681bhfw
[2022-11-17T17:28:47.761+0000] {subprocess.py:93} INFO - tmpr9102hwf
[2022-11-17T17:28:47.762+0000] {subprocess.py:93} INFO - tmpt4qo16oq
[2022-11-17T17:28:47.762+0000] {subprocess.py:93} INFO - tmptn832g5z
[2022-11-17T17:28:47.763+0000] {subprocess.py:93} INFO - tmpu9qbl0wh
[2022-11-17T17:28:47.763+0000] {subprocess.py:93} INFO - tmpuq8ywung
[2022-11-17T17:28:47.764+0000] {subprocess.py:93} INFO - tmpv606o9_9
[2022-11-17T17:28:47.765+0000] {subprocess.py:93} INFO - tmpxf7g1lc4
[2022-11-17T17:28:47.765+0000] {subprocess.py:93} INFO - tmpxktobcjf
[2022-11-17T17:28:47.766+0000] {subprocess.py:93} INFO - tmpz91iizm7
[2022-11-17T17:28:47.767+0000] {subprocess.py:93} INFO - ,student,timestamp
[2022-11-17T17:28:47.767+0000] {subprocess.py:93} INFO - 0,Maria Cruz,2022-10-25 00:00:00+00:00
[2022-11-17T17:28:47.768+0000] {subprocess.py:93} INFO - 1,Daniel Crema,2022-10-25 00:00:00+00:00
[2022-11-17T17:28:47.769+0000] {subprocess.py:93} INFO - 2,Elon Musk,2022-10-25 00:00:00+00:00
[2022-11-17T17:28:47.770+0000] {subprocess.py:93} INFO - 3,Karol Castrejon,2022-10-25 00:00:00+00:00
[2022-11-17T17:28:47.771+0000] {subprocess.py:93} INFO - 4,Freddy Vega,2022-10-25 00:00:00+00:00
[2022-11-17T17:28:47.771+0000] {subprocess.py:93} INFO - 5,Freddy Montañez,2022-10-25 00:00:00+00:00
[2022-11-17T17:28:47.772+0000] {subprocess.py:97} INFO - Command exited with return code 0
[2022-11-17T17:28:47.810+0000] {taskinstance.py:1406} INFO - Marking task as SUCCESS. dag_id=MyPersonalAirflowProject, task_id=Print_Imported_data, execution_date=20221025T000000, start_date=20221117T172847, end_date=20221117T172847
[2022-11-17T17:28:47.842+0000] {local_task_job.py:164} INFO - Task exited with return code 0
[2022-11-17T17:28:47.873+0000] {local_task_job.py:273} INFO - 2 downstream tasks scheduled from follow-on schedule check
