[2022-11-17T15:57:09.939+0000] {taskinstance.py:1165} INFO - Dependencies all met for <TaskInstance: MyPersonalAirflowProject.Print_Imported_data scheduled__2022-10-25T00:00:00+00:00 [queued]>
[2022-11-17T15:57:09.955+0000] {taskinstance.py:1165} INFO - Dependencies all met for <TaskInstance: MyPersonalAirflowProject.Print_Imported_data scheduled__2022-10-25T00:00:00+00:00 [queued]>
[2022-11-17T15:57:09.955+0000] {taskinstance.py:1362} INFO - 
--------------------------------------------------------------------------------
[2022-11-17T15:57:09.959+0000] {taskinstance.py:1363} INFO - Starting attempt 2 of 2
[2022-11-17T15:57:09.960+0000] {taskinstance.py:1364} INFO - 
--------------------------------------------------------------------------------
[2022-11-17T15:57:09.980+0000] {taskinstance.py:1383} INFO - Executing <Task(BashOperator): Print_Imported_data> on 2022-10-25 00:00:00+00:00
[2022-11-17T15:57:09.986+0000] {standard_task_runner.py:55} INFO - Started process 1200 to run task
[2022-11-17T15:57:09.989+0000] {standard_task_runner.py:82} INFO - Running: ['***', 'tasks', 'run', 'MyPersonalAirflowProject', 'Print_Imported_data', 'scheduled__2022-10-25T00:00:00+00:00', '--job-id', '1891', '--raw', '--subdir', 'DAGS_FOLDER/FinalPersonalProject.py', '--cfg-path', '/tmp/tmpao_juslw']
[2022-11-17T15:57:09.990+0000] {standard_task_runner.py:83} INFO - Job 1891: Subtask Print_Imported_data
[2022-11-17T15:57:10.062+0000] {task_command.py:376} INFO - Running <TaskInstance: MyPersonalAirflowProject.Print_Imported_data scheduled__2022-10-25T00:00:00+00:00 [running]> on host 638485efabe7
[2022-11-17T15:57:10.150+0000] {taskinstance.py:1592} INFO - Exporting the following env vars:
AIRFLOW_CTX_DAG_OWNER=***
AIRFLOW_CTX_DAG_ID=MyPersonalAirflowProject
AIRFLOW_CTX_TASK_ID=Print_Imported_data
AIRFLOW_CTX_EXECUTION_DATE=2022-10-25T00:00:00+00:00
AIRFLOW_CTX_TRY_NUMBER=2
AIRFLOW_CTX_DAG_RUN_ID=scheduled__2022-10-25T00:00:00+00:00
[2022-11-17T15:57:10.153+0000] {subprocess.py:63} INFO - Tmp dir root location: 
 /tmp
[2022-11-17T15:57:10.155+0000] {subprocess.py:75} INFO - Running command: ['/bin/bash', '-c', 'ls /tmp/ && head /tmp/platzi_data_20221025.csv']
[2022-11-17T15:57:10.166+0000] {subprocess.py:86} INFO - Output:
[2022-11-17T15:57:10.170+0000] {subprocess.py:93} INFO - ***tmp0x3lzxs1
[2022-11-17T15:57:10.171+0000] {subprocess.py:93} INFO - ***tmpk5xxq3nx
[2022-11-17T15:57:10.172+0000] {subprocess.py:93} INFO - ***tmplkvca7ip
[2022-11-17T15:57:10.172+0000] {subprocess.py:93} INFO - ***tmpodkacs8z
[2022-11-17T15:57:10.173+0000] {subprocess.py:93} INFO - file.txt
[2022-11-17T15:57:10.173+0000] {subprocess.py:93} INFO - history.json
[2022-11-17T15:57:10.174+0000] {subprocess.py:93} INFO - platzi_data_20221001.csv
[2022-11-17T15:57:10.174+0000] {subprocess.py:93} INFO - platzi_data_20221002.csv
[2022-11-17T15:57:10.175+0000] {subprocess.py:93} INFO - platzi_data_20221003.csv
[2022-11-17T15:57:10.175+0000] {subprocess.py:93} INFO - platzi_data_20221004.csv
[2022-11-17T15:57:10.176+0000] {subprocess.py:93} INFO - platzi_data_20221005.csv
[2022-11-17T15:57:10.176+0000] {subprocess.py:93} INFO - platzi_data_20221006.csv
[2022-11-17T15:57:10.177+0000] {subprocess.py:93} INFO - platzi_data_20221007.csv
[2022-11-17T15:57:10.177+0000] {subprocess.py:93} INFO - platzi_data_20221008.csv
[2022-11-17T15:57:10.178+0000] {subprocess.py:93} INFO - platzi_data_20221009.csv
[2022-11-17T15:57:10.178+0000] {subprocess.py:93} INFO - platzi_data_20221010.csv
[2022-11-17T15:57:10.178+0000] {subprocess.py:93} INFO - platzi_data_20221011.csv
[2022-11-17T15:57:10.179+0000] {subprocess.py:93} INFO - platzi_data_20221012.csv
[2022-11-17T15:57:10.179+0000] {subprocess.py:93} INFO - platzi_data_20221013.csv
[2022-11-17T15:57:10.180+0000] {subprocess.py:93} INFO - platzi_data_20221014.csv
[2022-11-17T15:57:10.180+0000] {subprocess.py:93} INFO - platzi_data_20221015.csv
[2022-11-17T15:57:10.181+0000] {subprocess.py:93} INFO - platzi_data_20221016.csv
[2022-11-17T15:57:10.181+0000] {subprocess.py:93} INFO - platzi_data_20221017.csv
[2022-11-17T15:57:10.182+0000] {subprocess.py:93} INFO - platzi_data_20221018.csv
[2022-11-17T15:57:10.182+0000] {subprocess.py:93} INFO - platzi_data_20221019.csv
[2022-11-17T15:57:10.183+0000] {subprocess.py:93} INFO - platzi_data_20221020.csv
[2022-11-17T15:57:10.183+0000] {subprocess.py:93} INFO - platzi_data_20221021.csv
[2022-11-17T15:57:10.184+0000] {subprocess.py:93} INFO - platzi_data_20221022.csv
[2022-11-17T15:57:10.184+0000] {subprocess.py:93} INFO - platzi_data_20221023.csv
[2022-11-17T15:57:10.184+0000] {subprocess.py:93} INFO - platzi_data_20221024.csv
[2022-11-17T15:57:10.185+0000] {subprocess.py:93} INFO - platzi_data_20221025.csv
[2022-11-17T15:57:10.186+0000] {subprocess.py:93} INFO - platzi_data_20221026.csv
[2022-11-17T15:57:10.186+0000] {subprocess.py:93} INFO - platzi_data_20221027.csv
[2022-11-17T15:57:10.187+0000] {subprocess.py:93} INFO - platzi_data_20221028.csv
[2022-11-17T15:57:10.187+0000] {subprocess.py:93} INFO - platzi_data_20221029.csv
[2022-11-17T15:57:10.188+0000] {subprocess.py:93} INFO - platzi_data_20221030.csv
[2022-11-17T15:57:10.188+0000] {subprocess.py:93} INFO - platzi_data_20221031.csv
[2022-11-17T15:57:10.189+0000] {subprocess.py:93} INFO - platzi_data_20221101.csv
[2022-11-17T15:57:10.190+0000] {subprocess.py:93} INFO - platzi_data_20221102.csv
[2022-11-17T15:57:10.190+0000] {subprocess.py:93} INFO - platzi_data_20221103.csv
[2022-11-17T15:57:10.190+0000] {subprocess.py:93} INFO - platzi_data_20221104.csv
[2022-11-17T15:57:10.191+0000] {subprocess.py:93} INFO - platzi_data_20221105.csv
[2022-11-17T15:57:10.191+0000] {subprocess.py:93} INFO - platzi_data_20221106.csv
[2022-11-17T15:57:10.192+0000] {subprocess.py:93} INFO - platzi_data_20221107.csv
[2022-11-17T15:57:10.192+0000] {subprocess.py:93} INFO - pymp-8yik9lbi
[2022-11-17T15:57:10.192+0000] {subprocess.py:93} INFO - pymp-sbqt6pho
[2022-11-17T15:57:10.193+0000] {subprocess.py:93} INFO - reponse_20221001.txt
[2022-11-17T15:57:10.193+0000] {subprocess.py:93} INFO - reponse_20221002.txt
[2022-11-17T15:57:10.193+0000] {subprocess.py:93} INFO - reponse_20221003.txt
[2022-11-17T15:57:10.194+0000] {subprocess.py:93} INFO - reponse_20221004.txt
[2022-11-17T15:57:10.194+0000] {subprocess.py:93} INFO - reponse_20221005.txt
[2022-11-17T15:57:10.195+0000] {subprocess.py:93} INFO - reponse_20221006.txt
[2022-11-17T15:57:10.195+0000] {subprocess.py:93} INFO - reponse_20221007.txt
[2022-11-17T15:57:10.195+0000] {subprocess.py:93} INFO - reponse_20221008.txt
[2022-11-17T15:57:10.195+0000] {subprocess.py:93} INFO - reponse_20221009.txt
[2022-11-17T15:57:10.196+0000] {subprocess.py:93} INFO - reponse_20221010.txt
[2022-11-17T15:57:10.196+0000] {subprocess.py:93} INFO - reponse_20221011.txt
[2022-11-17T15:57:10.196+0000] {subprocess.py:93} INFO - reponse_20221012.txt
[2022-11-17T15:57:10.197+0000] {subprocess.py:93} INFO - reponse_20221013.txt
[2022-11-17T15:57:10.197+0000] {subprocess.py:93} INFO - reponse_20221014.txt
[2022-11-17T15:57:10.198+0000] {subprocess.py:93} INFO - reponse_20221015.txt
[2022-11-17T15:57:10.198+0000] {subprocess.py:93} INFO - reponse_20221016.txt
[2022-11-17T15:57:10.198+0000] {subprocess.py:93} INFO - reponse_20221017.txt
[2022-11-17T15:57:10.199+0000] {subprocess.py:93} INFO - reponse_20221018.txt
[2022-11-17T15:57:10.199+0000] {subprocess.py:93} INFO - reponse_20221019.txt
[2022-11-17T15:57:10.199+0000] {subprocess.py:93} INFO - reponse_20221020.txt
[2022-11-17T15:57:10.200+0000] {subprocess.py:93} INFO - reponse_20221021.txt
[2022-11-17T15:57:10.200+0000] {subprocess.py:93} INFO - reponse_20221022.txt
[2022-11-17T15:57:10.200+0000] {subprocess.py:93} INFO - reponse_20221023.txt
[2022-11-17T15:57:10.201+0000] {subprocess.py:93} INFO - reponse_20221024.txt
[2022-11-17T15:57:10.201+0000] {subprocess.py:93} INFO - reponse_20221025.txt
[2022-11-17T15:57:10.201+0000] {subprocess.py:93} INFO - reponse_20221026.txt
[2022-11-17T15:57:10.202+0000] {subprocess.py:93} INFO - reponse_20221027.txt
[2022-11-17T15:57:10.202+0000] {subprocess.py:93} INFO - reponse_20221028.txt
[2022-11-17T15:57:10.203+0000] {subprocess.py:93} INFO - reponse_20221029.txt
[2022-11-17T15:57:10.203+0000] {subprocess.py:93} INFO - reponse_20221030.txt
[2022-11-17T15:57:10.203+0000] {subprocess.py:93} INFO - reponse_20221031.txt
[2022-11-17T15:57:10.204+0000] {subprocess.py:93} INFO - reponse_20221101.txt
[2022-11-17T15:57:10.204+0000] {subprocess.py:93} INFO - reponse_20221102.txt
[2022-11-17T15:57:10.205+0000] {subprocess.py:93} INFO - reponse_20221103.txt
[2022-11-17T15:57:10.205+0000] {subprocess.py:93} INFO - reponse_20221104.txt
[2022-11-17T15:57:10.205+0000] {subprocess.py:93} INFO - reponse_20221105.txt
[2022-11-17T15:57:10.206+0000] {subprocess.py:93} INFO - reponse_20221106.txt
[2022-11-17T15:57:10.206+0000] {subprocess.py:93} INFO - reponse_20221107.txt
[2022-11-17T15:57:10.206+0000] {subprocess.py:93} INFO - reponse_20221108.txt
[2022-11-17T15:57:10.207+0000] {subprocess.py:93} INFO - reponse_20221109.txt
[2022-11-17T15:57:10.207+0000] {subprocess.py:93} INFO - reponse_20221110.txt
[2022-11-17T15:57:10.207+0000] {subprocess.py:93} INFO - reponse_20221111.txt
[2022-11-17T15:57:10.208+0000] {subprocess.py:93} INFO - reponse_20221112.txt
[2022-11-17T15:57:10.208+0000] {subprocess.py:93} INFO - reponse_20221113.txt
[2022-11-17T15:57:10.208+0000] {subprocess.py:93} INFO - reponse_20221114.txt
[2022-11-17T15:57:10.209+0000] {subprocess.py:93} INFO - reponse_20221115.txt
[2022-11-17T15:57:10.209+0000] {subprocess.py:93} INFO - tmp061o5asr
[2022-11-17T15:57:10.209+0000] {subprocess.py:93} INFO - tmp1b_v374g
[2022-11-17T15:57:10.210+0000] {subprocess.py:93} INFO - tmp2n3y4qb3
[2022-11-17T15:57:10.210+0000] {subprocess.py:93} INFO - tmp2ztydtyd
[2022-11-17T15:57:10.211+0000] {subprocess.py:93} INFO - tmp546oqdk0
[2022-11-17T15:57:10.211+0000] {subprocess.py:93} INFO - tmp57roj99h
[2022-11-17T15:57:10.211+0000] {subprocess.py:93} INFO - tmp5lejojs5
[2022-11-17T15:57:10.211+0000] {subprocess.py:93} INFO - tmp5nj2onwa
[2022-11-17T15:57:10.212+0000] {subprocess.py:93} INFO - tmp64cxrvul
[2022-11-17T15:57:10.213+0000] {subprocess.py:93} INFO - tmp6g4l21c1
[2022-11-17T15:57:10.213+0000] {subprocess.py:93} INFO - tmp7c6bgots
[2022-11-17T15:57:10.213+0000] {subprocess.py:93} INFO - tmp7khebugo
[2022-11-17T15:57:10.214+0000] {subprocess.py:93} INFO - tmp7lvtz6wk
[2022-11-17T15:57:10.214+0000] {subprocess.py:93} INFO - tmp8_n1aj39
[2022-11-17T15:57:10.215+0000] {subprocess.py:93} INFO - tmp8c_dsk2e
[2022-11-17T15:57:10.216+0000] {subprocess.py:93} INFO - tmp928ntdt7
[2022-11-17T15:57:10.216+0000] {subprocess.py:93} INFO - tmp9503grtb
[2022-11-17T15:57:10.216+0000] {subprocess.py:93} INFO - tmp_afh1uos
[2022-11-17T15:57:10.217+0000] {subprocess.py:93} INFO - tmp_m6lsnw3
[2022-11-17T15:57:10.217+0000] {subprocess.py:93} INFO - tmp_vy6n6_q
[2022-11-17T15:57:10.217+0000] {subprocess.py:93} INFO - tmpcnj5oj8y
[2022-11-17T15:57:10.217+0000] {subprocess.py:93} INFO - tmpcu_pom_6
[2022-11-17T15:57:10.217+0000] {subprocess.py:93} INFO - tmpdmc2g1zb
[2022-11-17T15:57:10.218+0000] {subprocess.py:93} INFO - tmpe4k1ogev
[2022-11-17T15:57:10.218+0000] {subprocess.py:93} INFO - tmpg_n88zm7
[2022-11-17T15:57:10.218+0000] {subprocess.py:93} INFO - tmpgg8mkst1
[2022-11-17T15:57:10.218+0000] {subprocess.py:93} INFO - tmpgi8v82jx
[2022-11-17T15:57:10.219+0000] {subprocess.py:93} INFO - tmpiez6kail
[2022-11-17T15:57:10.219+0000] {subprocess.py:93} INFO - tmpj1n4wxza
[2022-11-17T15:57:10.219+0000] {subprocess.py:93} INFO - tmpjsznho2e
[2022-11-17T15:57:10.219+0000] {subprocess.py:93} INFO - tmpkrg9_cgk
[2022-11-17T15:57:10.220+0000] {subprocess.py:93} INFO - tmpl13ymsfs
[2022-11-17T15:57:10.220+0000] {subprocess.py:93} INFO - tmplrbhl64b
[2022-11-17T15:57:10.220+0000] {subprocess.py:93} INFO - tmpn38ozedg
[2022-11-17T15:57:10.221+0000] {subprocess.py:93} INFO - tmpn96u_4ih
[2022-11-17T15:57:10.221+0000] {subprocess.py:93} INFO - tmpo3nf6k5c
[2022-11-17T15:57:10.221+0000] {subprocess.py:93} INFO - tmpoy_ljy8t
[2022-11-17T15:57:10.221+0000] {subprocess.py:93} INFO - tmpp4w9yq6x
[2022-11-17T15:57:10.222+0000] {subprocess.py:93} INFO - tmppfidxzjr
[2022-11-17T15:57:10.222+0000] {subprocess.py:93} INFO - tmpr681bhfw
[2022-11-17T15:57:10.222+0000] {subprocess.py:93} INFO - tmpr9102hwf
[2022-11-17T15:57:10.222+0000] {subprocess.py:93} INFO - tmpt4qo16oq
[2022-11-17T15:57:10.223+0000] {subprocess.py:93} INFO - tmptn832g5z
[2022-11-17T15:57:10.223+0000] {subprocess.py:93} INFO - tmpu9qbl0wh
[2022-11-17T15:57:10.223+0000] {subprocess.py:93} INFO - tmpuq8ywung
[2022-11-17T15:57:10.223+0000] {subprocess.py:93} INFO - tmpv606o9_9
[2022-11-17T15:57:10.224+0000] {subprocess.py:93} INFO - tmpxf7g1lc4
[2022-11-17T15:57:10.224+0000] {subprocess.py:93} INFO - tmpxktobcjf
[2022-11-17T15:57:10.224+0000] {subprocess.py:93} INFO - tmpz91iizm7
[2022-11-17T15:57:10.224+0000] {subprocess.py:93} INFO - ,student,timestamp
[2022-11-17T15:57:10.225+0000] {subprocess.py:93} INFO - 0,Maria Cruz,2022-10-25 00:00:00+00:00
[2022-11-17T15:57:10.226+0000] {subprocess.py:93} INFO - 1,Daniel Crema,2022-10-25 00:00:00+00:00
[2022-11-17T15:57:10.226+0000] {subprocess.py:93} INFO - 2,Elon Musk,2022-10-25 00:00:00+00:00
[2022-11-17T15:57:10.226+0000] {subprocess.py:93} INFO - 3,Karol Castrejon,2022-10-25 00:00:00+00:00
[2022-11-17T15:57:10.227+0000] {subprocess.py:93} INFO - 4,Freddy Vega,2022-10-25 00:00:00+00:00
[2022-11-17T15:57:10.227+0000] {subprocess.py:93} INFO - 5,Freddy Montañez,2022-10-25 00:00:00+00:00
[2022-11-17T15:57:10.228+0000] {subprocess.py:97} INFO - Command exited with return code 0
[2022-11-17T15:57:10.258+0000] {taskinstance.py:1406} INFO - Marking task as SUCCESS. dag_id=MyPersonalAirflowProject, task_id=Print_Imported_data, execution_date=20221025T000000, start_date=20221117T155709, end_date=20221117T155710
[2022-11-17T15:57:10.282+0000] {local_task_job.py:164} INFO - Task exited with return code 0
[2022-11-17T15:57:10.305+0000] {local_task_job.py:273} INFO - 0 downstream tasks scheduled from follow-on schedule check
