[2022-11-16T22:18:06.576+0000] {taskinstance.py:1165} INFO - Dependencies all met for <TaskInstance: MyPersonalAirflowProject.waiting_nasa_confirmation scheduled__2022-10-15T00:00:00+00:00 [queued]>
[2022-11-16T22:18:06.611+0000] {taskinstance.py:1165} INFO - Dependencies all met for <TaskInstance: MyPersonalAirflowProject.waiting_nasa_confirmation scheduled__2022-10-15T00:00:00+00:00 [queued]>
[2022-11-16T22:18:06.611+0000] {taskinstance.py:1362} INFO - 
--------------------------------------------------------------------------------
[2022-11-16T22:18:06.613+0000] {taskinstance.py:1363} INFO - Starting attempt 1 of 1
[2022-11-16T22:18:06.614+0000] {taskinstance.py:1364} INFO - 
--------------------------------------------------------------------------------
[2022-11-16T22:18:06.639+0000] {taskinstance.py:1383} INFO - Executing <Task(FileSensor): waiting_nasa_confirmation> on 2022-10-15 00:00:00+00:00
[2022-11-16T22:18:06.650+0000] {standard_task_runner.py:55} INFO - Started process 5311 to run task
[2022-11-16T22:18:06.655+0000] {standard_task_runner.py:82} INFO - Running: ['***', 'tasks', 'run', 'MyPersonalAirflowProject', 'waiting_nasa_confirmation', 'scheduled__2022-10-15T00:00:00+00:00', '--job-id', '1525', '--raw', '--subdir', 'DAGS_FOLDER/FinalPersonalProject.py', '--cfg-path', '/tmp/tmpibvr4ekl']
[2022-11-16T22:18:06.657+0000] {standard_task_runner.py:83} INFO - Job 1525: Subtask waiting_nasa_confirmation
[2022-11-16T22:18:06.746+0000] {task_command.py:376} INFO - Running <TaskInstance: MyPersonalAirflowProject.waiting_nasa_confirmation scheduled__2022-10-15T00:00:00+00:00 [running]> on host 638485efabe7
[2022-11-16T22:18:06.836+0000] {taskinstance.py:1592} INFO - Exporting the following env vars:
AIRFLOW_CTX_DAG_OWNER=***
AIRFLOW_CTX_DAG_ID=MyPersonalAirflowProject
AIRFLOW_CTX_TASK_ID=waiting_nasa_confirmation
AIRFLOW_CTX_EXECUTION_DATE=2022-10-15T00:00:00+00:00
AIRFLOW_CTX_TRY_NUMBER=1
AIRFLOW_CTX_DAG_RUN_ID=scheduled__2022-10-15T00:00:00+00:00
[2022-11-16T22:18:06.846+0000] {base.py:71} INFO - Using connection ID 'fs_default' for task execution.
[2022-11-16T22:18:06.847+0000] {filesystem.py:58} INFO - Poking for file /tmp/reponse_20221015.txt
[2022-11-16T22:18:06.848+0000] {filesystem.py:63} INFO - Found File /tmp/reponse_20221015.txt last modified: 20221116221805
[2022-11-16T22:18:06.848+0000] {base.py:213} INFO - Success criteria met. Exiting.
[2022-11-16T22:18:06.861+0000] {taskinstance.py:1406} INFO - Marking task as SUCCESS. dag_id=MyPersonalAirflowProject, task_id=waiting_nasa_confirmation, execution_date=20221015T000000, start_date=20221116T221806, end_date=20221116T221806
[2022-11-16T22:18:06.936+0000] {local_task_job.py:164} INFO - Task exited with return code 0
[2022-11-16T22:18:06.985+0000] {local_task_job.py:273} INFO - 1 downstream tasks scheduled from follow-on schedule check
[2022-11-17T16:31:26.662+0000] {taskinstance.py:1165} INFO - Dependencies all met for <TaskInstance: MyPersonalAirflowProject.waiting_nasa_confirmation scheduled__2022-10-15T00:00:00+00:00 [queued]>
[2022-11-17T16:31:26.675+0000] {taskinstance.py:1165} INFO - Dependencies all met for <TaskInstance: MyPersonalAirflowProject.waiting_nasa_confirmation scheduled__2022-10-15T00:00:00+00:00 [queued]>
[2022-11-17T16:31:26.676+0000] {taskinstance.py:1362} INFO - 
--------------------------------------------------------------------------------
[2022-11-17T16:31:26.677+0000] {taskinstance.py:1363} INFO - Starting attempt 1 of 1
[2022-11-17T16:31:26.677+0000] {taskinstance.py:1364} INFO - 
--------------------------------------------------------------------------------
[2022-11-17T16:31:26.695+0000] {taskinstance.py:1383} INFO - Executing <Task(FileSensor): waiting_nasa_confirmation> on 2022-10-15 00:00:00+00:00
[2022-11-17T16:31:26.701+0000] {standard_task_runner.py:55} INFO - Started process 3584 to run task
[2022-11-17T16:31:26.703+0000] {standard_task_runner.py:82} INFO - Running: ['***', 'tasks', 'run', 'MyPersonalAirflowProject', 'waiting_nasa_confirmation', 'scheduled__2022-10-15T00:00:00+00:00', '--job-id', '2137', '--raw', '--subdir', 'DAGS_FOLDER/FinalPersonalProject.py', '--cfg-path', '/tmp/tmpo43ymeiv']
[2022-11-17T16:31:26.705+0000] {standard_task_runner.py:83} INFO - Job 2137: Subtask waiting_nasa_confirmation
[2022-11-17T16:31:26.773+0000] {task_command.py:376} INFO - Running <TaskInstance: MyPersonalAirflowProject.waiting_nasa_confirmation scheduled__2022-10-15T00:00:00+00:00 [running]> on host 638485efabe7
[2022-11-17T16:31:26.852+0000] {taskinstance.py:1592} INFO - Exporting the following env vars:
AIRFLOW_CTX_DAG_OWNER=***
AIRFLOW_CTX_DAG_ID=MyPersonalAirflowProject
AIRFLOW_CTX_TASK_ID=waiting_nasa_confirmation
AIRFLOW_CTX_EXECUTION_DATE=2022-10-15T00:00:00+00:00
AIRFLOW_CTX_TRY_NUMBER=1
AIRFLOW_CTX_DAG_RUN_ID=scheduled__2022-10-15T00:00:00+00:00
[2022-11-17T16:31:26.863+0000] {base.py:71} INFO - Using connection ID 'fs_default' for task execution.
[2022-11-17T16:31:26.864+0000] {filesystem.py:58} INFO - Poking for file /tmp/reponse_20221015.txt
[2022-11-17T16:31:26.864+0000] {filesystem.py:63} INFO - Found File /tmp/reponse_20221015.txt last modified: 20221117163125
[2022-11-17T16:31:26.865+0000] {base.py:213} INFO - Success criteria met. Exiting.
[2022-11-17T16:31:26.876+0000] {taskinstance.py:1406} INFO - Marking task as SUCCESS. dag_id=MyPersonalAirflowProject, task_id=waiting_nasa_confirmation, execution_date=20221015T000000, start_date=20221117T163126, end_date=20221117T163126
[2022-11-17T16:31:26.917+0000] {local_task_job.py:164} INFO - Task exited with return code 0
[2022-11-17T16:31:26.960+0000] {local_task_job.py:273} INFO - 1 downstream tasks scheduled from follow-on schedule check
[2022-11-17T17:23:35.279+0000] {taskinstance.py:1165} INFO - Dependencies all met for <TaskInstance: MyPersonalAirflowProject.waiting_nasa_confirmation scheduled__2022-10-15T00:00:00+00:00 [queued]>
[2022-11-17T17:23:35.295+0000] {taskinstance.py:1165} INFO - Dependencies all met for <TaskInstance: MyPersonalAirflowProject.waiting_nasa_confirmation scheduled__2022-10-15T00:00:00+00:00 [queued]>
[2022-11-17T17:23:35.296+0000] {taskinstance.py:1362} INFO - 
--------------------------------------------------------------------------------
[2022-11-17T17:23:35.296+0000] {taskinstance.py:1363} INFO - Starting attempt 1 of 1
[2022-11-17T17:23:35.297+0000] {taskinstance.py:1364} INFO - 
--------------------------------------------------------------------------------
[2022-11-17T17:23:35.316+0000] {taskinstance.py:1383} INFO - Executing <Task(FileSensor): waiting_nasa_confirmation> on 2022-10-15 00:00:00+00:00
[2022-11-17T17:23:35.323+0000] {standard_task_runner.py:55} INFO - Started process 7218 to run task
[2022-11-17T17:23:35.325+0000] {standard_task_runner.py:82} INFO - Running: ['***', 'tasks', 'run', 'MyPersonalAirflowProject', 'waiting_nasa_confirmation', 'scheduled__2022-10-15T00:00:00+00:00', '--job-id', '2547', '--raw', '--subdir', 'DAGS_FOLDER/FinalPersonalProject.py', '--cfg-path', '/tmp/tmpzern7pzz']
[2022-11-17T17:23:35.326+0000] {standard_task_runner.py:83} INFO - Job 2547: Subtask waiting_nasa_confirmation
[2022-11-17T17:23:35.395+0000] {task_command.py:376} INFO - Running <TaskInstance: MyPersonalAirflowProject.waiting_nasa_confirmation scheduled__2022-10-15T00:00:00+00:00 [running]> on host 638485efabe7
[2022-11-17T17:23:35.469+0000] {taskinstance.py:1592} INFO - Exporting the following env vars:
AIRFLOW_CTX_DAG_OWNER=***
AIRFLOW_CTX_DAG_ID=MyPersonalAirflowProject
AIRFLOW_CTX_TASK_ID=waiting_nasa_confirmation
AIRFLOW_CTX_EXECUTION_DATE=2022-10-15T00:00:00+00:00
AIRFLOW_CTX_TRY_NUMBER=1
AIRFLOW_CTX_DAG_RUN_ID=scheduled__2022-10-15T00:00:00+00:00
[2022-11-17T17:23:35.480+0000] {base.py:71} INFO - Using connection ID 'fs_default' for task execution.
[2022-11-17T17:23:35.481+0000] {filesystem.py:58} INFO - Poking for file /tmp/reponse_20221015.txt
[2022-11-17T17:23:35.481+0000] {filesystem.py:63} INFO - Found File /tmp/reponse_20221015.txt last modified: 20221117172333
[2022-11-17T17:23:35.482+0000] {base.py:213} INFO - Success criteria met. Exiting.
[2022-11-17T17:23:35.492+0000] {taskinstance.py:1406} INFO - Marking task as SUCCESS. dag_id=MyPersonalAirflowProject, task_id=waiting_nasa_confirmation, execution_date=20221015T000000, start_date=20221117T172335, end_date=20221117T172335
[2022-11-17T17:23:35.539+0000] {local_task_job.py:164} INFO - Task exited with return code 0
[2022-11-17T17:23:35.586+0000] {local_task_job.py:273} INFO - 1 downstream tasks scheduled from follow-on schedule check
