[2022-11-16T22:16:38.711+0000] {taskinstance.py:1165} INFO - Dependencies all met for <TaskInstance: MyPersonalAirflowProject.copy_data_to_local scheduled__2022-10-12T00:00:00+00:00 [queued]>
[2022-11-16T22:16:38.731+0000] {taskinstance.py:1165} INFO - Dependencies all met for <TaskInstance: MyPersonalAirflowProject.copy_data_to_local scheduled__2022-10-12T00:00:00+00:00 [queued]>
[2022-11-16T22:16:38.732+0000] {taskinstance.py:1362} INFO - 
--------------------------------------------------------------------------------
[2022-11-16T22:16:38.733+0000] {taskinstance.py:1363} INFO - Starting attempt 1 of 1
[2022-11-16T22:16:38.734+0000] {taskinstance.py:1364} INFO - 
--------------------------------------------------------------------------------
[2022-11-16T22:16:38.756+0000] {taskinstance.py:1383} INFO - Executing <Task(PythonOperator): copy_data_to_local> on 2022-10-12 00:00:00+00:00
[2022-11-16T22:16:38.764+0000] {standard_task_runner.py:55} INFO - Started process 5197 to run task
[2022-11-16T22:16:38.767+0000] {standard_task_runner.py:82} INFO - Running: ['***', 'tasks', 'run', 'MyPersonalAirflowProject', 'copy_data_to_local', 'scheduled__2022-10-12T00:00:00+00:00', '--job-id', '1510', '--raw', '--subdir', 'DAGS_FOLDER/FinalPersonalProject.py', '--cfg-path', '/tmp/tmpy3vo_2dr']
[2022-11-16T22:16:38.768+0000] {standard_task_runner.py:83} INFO - Job 1510: Subtask copy_data_to_local
[2022-11-16T22:16:38.833+0000] {task_command.py:376} INFO - Running <TaskInstance: MyPersonalAirflowProject.copy_data_to_local scheduled__2022-10-12T00:00:00+00:00 [running]> on host 638485efabe7
[2022-11-16T22:16:38.917+0000] {taskinstance.py:1592} INFO - Exporting the following env vars:
AIRFLOW_CTX_DAG_OWNER=***
AIRFLOW_CTX_DAG_ID=MyPersonalAirflowProject
AIRFLOW_CTX_TASK_ID=copy_data_to_local
AIRFLOW_CTX_EXECUTION_DATE=2022-10-12T00:00:00+00:00
AIRFLOW_CTX_TRY_NUMBER=1
AIRFLOW_CTX_DAG_RUN_ID=scheduled__2022-10-12T00:00:00+00:00
[2022-11-16T22:16:39.617+0000] {python.py:177} INFO - Done. Returned value was: None
[2022-11-16T22:16:39.631+0000] {taskinstance.py:1406} INFO - Marking task as SUCCESS. dag_id=MyPersonalAirflowProject, task_id=copy_data_to_local, execution_date=20221012T000000, start_date=20221116T221638, end_date=20221116T221639
[2022-11-16T22:16:39.698+0000] {local_task_job.py:164} INFO - Task exited with return code 0
[2022-11-16T22:16:39.726+0000] {local_task_job.py:273} INFO - 1 downstream tasks scheduled from follow-on schedule check
[2022-11-17T16:30:01.334+0000] {taskinstance.py:1165} INFO - Dependencies all met for <TaskInstance: MyPersonalAirflowProject.copy_data_to_local scheduled__2022-10-12T00:00:00+00:00 [queued]>
[2022-11-17T16:30:01.349+0000] {taskinstance.py:1165} INFO - Dependencies all met for <TaskInstance: MyPersonalAirflowProject.copy_data_to_local scheduled__2022-10-12T00:00:00+00:00 [queued]>
[2022-11-17T16:30:01.349+0000] {taskinstance.py:1362} INFO - 
--------------------------------------------------------------------------------
[2022-11-17T16:30:01.350+0000] {taskinstance.py:1363} INFO - Starting attempt 1 of 1
[2022-11-17T16:30:01.350+0000] {taskinstance.py:1364} INFO - 
--------------------------------------------------------------------------------
[2022-11-17T16:30:01.369+0000] {taskinstance.py:1383} INFO - Executing <Task(PythonOperator): copy_data_to_local> on 2022-10-12 00:00:00+00:00
[2022-11-17T16:30:01.376+0000] {standard_task_runner.py:55} INFO - Started process 3446 to run task
[2022-11-17T16:30:01.379+0000] {standard_task_runner.py:82} INFO - Running: ['***', 'tasks', 'run', 'MyPersonalAirflowProject', 'copy_data_to_local', 'scheduled__2022-10-12T00:00:00+00:00', '--job-id', '2116', '--raw', '--subdir', 'DAGS_FOLDER/FinalPersonalProject.py', '--cfg-path', '/tmp/tmp27cme6iq']
[2022-11-17T16:30:01.380+0000] {standard_task_runner.py:83} INFO - Job 2116: Subtask copy_data_to_local
[2022-11-17T16:30:01.450+0000] {task_command.py:376} INFO - Running <TaskInstance: MyPersonalAirflowProject.copy_data_to_local scheduled__2022-10-12T00:00:00+00:00 [running]> on host 638485efabe7
[2022-11-17T16:30:01.530+0000] {taskinstance.py:1592} INFO - Exporting the following env vars:
AIRFLOW_CTX_DAG_OWNER=***
AIRFLOW_CTX_DAG_ID=MyPersonalAirflowProject
AIRFLOW_CTX_TASK_ID=copy_data_to_local
AIRFLOW_CTX_EXECUTION_DATE=2022-10-12T00:00:00+00:00
AIRFLOW_CTX_TRY_NUMBER=1
AIRFLOW_CTX_DAG_RUN_ID=scheduled__2022-10-12T00:00:00+00:00
[2022-11-17T16:30:01.764+0000] {python.py:177} INFO - Done. Returned value was: None
[2022-11-17T16:30:01.775+0000] {taskinstance.py:1406} INFO - Marking task as SUCCESS. dag_id=MyPersonalAirflowProject, task_id=copy_data_to_local, execution_date=20221012T000000, start_date=20221117T163001, end_date=20221117T163001
[2022-11-17T16:30:01.832+0000] {local_task_job.py:164} INFO - Task exited with return code 0
[2022-11-17T16:30:01.866+0000] {local_task_job.py:273} INFO - 1 downstream tasks scheduled from follow-on schedule check
[2022-11-17T17:22:09.712+0000] {taskinstance.py:1165} INFO - Dependencies all met for <TaskInstance: MyPersonalAirflowProject.copy_data_to_local scheduled__2022-10-12T00:00:00+00:00 [queued]>
[2022-11-17T17:22:09.725+0000] {taskinstance.py:1165} INFO - Dependencies all met for <TaskInstance: MyPersonalAirflowProject.copy_data_to_local scheduled__2022-10-12T00:00:00+00:00 [queued]>
[2022-11-17T17:22:09.726+0000] {taskinstance.py:1362} INFO - 
--------------------------------------------------------------------------------
[2022-11-17T17:22:09.726+0000] {taskinstance.py:1363} INFO - Starting attempt 1 of 1
[2022-11-17T17:22:09.726+0000] {taskinstance.py:1364} INFO - 
--------------------------------------------------------------------------------
[2022-11-17T17:22:09.743+0000] {taskinstance.py:1383} INFO - Executing <Task(PythonOperator): copy_data_to_local> on 2022-10-12 00:00:00+00:00
[2022-11-17T17:22:09.749+0000] {standard_task_runner.py:55} INFO - Started process 7089 to run task
[2022-11-17T17:22:09.752+0000] {standard_task_runner.py:82} INFO - Running: ['***', 'tasks', 'run', 'MyPersonalAirflowProject', 'copy_data_to_local', 'scheduled__2022-10-12T00:00:00+00:00', '--job-id', '2526', '--raw', '--subdir', 'DAGS_FOLDER/FinalPersonalProject.py', '--cfg-path', '/tmp/tmp0mfdxs69']
[2022-11-17T17:22:09.752+0000] {standard_task_runner.py:83} INFO - Job 2526: Subtask copy_data_to_local
[2022-11-17T17:22:09.817+0000] {task_command.py:376} INFO - Running <TaskInstance: MyPersonalAirflowProject.copy_data_to_local scheduled__2022-10-12T00:00:00+00:00 [running]> on host 638485efabe7
[2022-11-17T17:22:09.899+0000] {taskinstance.py:1592} INFO - Exporting the following env vars:
AIRFLOW_CTX_DAG_OWNER=***
AIRFLOW_CTX_DAG_ID=MyPersonalAirflowProject
AIRFLOW_CTX_TASK_ID=copy_data_to_local
AIRFLOW_CTX_EXECUTION_DATE=2022-10-12T00:00:00+00:00
AIRFLOW_CTX_TRY_NUMBER=1
AIRFLOW_CTX_DAG_RUN_ID=scheduled__2022-10-12T00:00:00+00:00
[2022-11-17T17:22:10.118+0000] {python.py:177} INFO - Done. Returned value was: None
[2022-11-17T17:22:10.129+0000] {taskinstance.py:1406} INFO - Marking task as SUCCESS. dag_id=MyPersonalAirflowProject, task_id=copy_data_to_local, execution_date=20221012T000000, start_date=20221117T172209, end_date=20221117T172210
[2022-11-17T17:22:10.165+0000] {local_task_job.py:164} INFO - Task exited with return code 0
[2022-11-17T17:22:10.198+0000] {local_task_job.py:273} INFO - 1 downstream tasks scheduled from follow-on schedule check
