[2022-11-17T16:41:45.008+0000] {taskinstance.py:1165} INFO - Dependencies all met for <TaskInstance: MyPersonalAirflowProject.Marketing_team_Notification scheduled__2022-11-02T00:00:00+00:00 [queued]>
[2022-11-17T16:41:45.024+0000] {taskinstance.py:1165} INFO - Dependencies all met for <TaskInstance: MyPersonalAirflowProject.Marketing_team_Notification scheduled__2022-11-02T00:00:00+00:00 [queued]>
[2022-11-17T16:41:45.025+0000] {taskinstance.py:1362} INFO - 
--------------------------------------------------------------------------------
[2022-11-17T16:41:45.026+0000] {taskinstance.py:1363} INFO - Starting attempt 1 of 1
[2022-11-17T16:41:45.027+0000] {taskinstance.py:1364} INFO - 
--------------------------------------------------------------------------------
[2022-11-17T16:41:45.047+0000] {taskinstance.py:1383} INFO - Executing <Task(BashOperator): Marketing_team_Notification> on 2022-11-02 00:00:00+00:00
[2022-11-17T16:41:45.053+0000] {standard_task_runner.py:55} INFO - Started process 4508 to run task
[2022-11-17T16:41:45.056+0000] {standard_task_runner.py:82} INFO - Running: ['***', 'tasks', 'run', 'MyPersonalAirflowProject', 'Marketing_team_Notification', 'scheduled__2022-11-02T00:00:00+00:00', '--job-id', '2286', '--raw', '--subdir', 'DAGS_FOLDER/FinalPersonalProject.py', '--cfg-path', '/tmp/tmpl6ma6daz']
[2022-11-17T16:41:45.057+0000] {standard_task_runner.py:83} INFO - Job 2286: Subtask Marketing_team_Notification
[2022-11-17T16:41:45.133+0000] {task_command.py:376} INFO - Running <TaskInstance: MyPersonalAirflowProject.Marketing_team_Notification scheduled__2022-11-02T00:00:00+00:00 [running]> on host 638485efabe7
[2022-11-17T16:41:45.216+0000] {taskinstance.py:1592} INFO - Exporting the following env vars:
AIRFLOW_CTX_DAG_OWNER=***
AIRFLOW_CTX_DAG_ID=MyPersonalAirflowProject
AIRFLOW_CTX_TASK_ID=Marketing_team_Notification
AIRFLOW_CTX_EXECUTION_DATE=2022-11-02T00:00:00+00:00
AIRFLOW_CTX_TRY_NUMBER=1
AIRFLOW_CTX_DAG_RUN_ID=scheduled__2022-11-02T00:00:00+00:00
[2022-11-17T16:41:45.217+0000] {subprocess.py:63} INFO - Tmp dir root location: 
 /tmp
[2022-11-17T16:41:45.218+0000] {subprocess.py:75} INFO - Running command: ['/bin/bash', '-c', 'echo "Hi Marketing team, Space X data for 2022-11-02 are now available!.. Please check them out!"']
[2022-11-17T16:41:45.230+0000] {subprocess.py:86} INFO - Output:
[2022-11-17T16:41:45.231+0000] {subprocess.py:93} INFO - Hi Marketing team, Space X data for 2022-11-02 are now available!.. Please check them out!
[2022-11-17T16:41:45.232+0000] {subprocess.py:97} INFO - Command exited with return code 0
[2022-11-17T16:41:45.261+0000] {taskinstance.py:1406} INFO - Marking task as SUCCESS. dag_id=MyPersonalAirflowProject, task_id=Marketing_team_Notification, execution_date=20221102T000000, start_date=20221117T164145, end_date=20221117T164145
[2022-11-17T16:41:45.309+0000] {local_task_job.py:164} INFO - Task exited with return code 0
[2022-11-17T16:41:45.338+0000] {local_task_job.py:273} INFO - 0 downstream tasks scheduled from follow-on schedule check
[2022-11-17T17:32:48.196+0000] {taskinstance.py:1165} INFO - Dependencies all met for <TaskInstance: MyPersonalAirflowProject.Marketing_team_Notification scheduled__2022-11-02T00:00:00+00:00 [queued]>
[2022-11-17T17:32:48.308+0000] {taskinstance.py:1165} INFO - Dependencies all met for <TaskInstance: MyPersonalAirflowProject.Marketing_team_Notification scheduled__2022-11-02T00:00:00+00:00 [queued]>
[2022-11-17T17:32:48.308+0000] {taskinstance.py:1362} INFO - 
--------------------------------------------------------------------------------
[2022-11-17T17:32:48.309+0000] {taskinstance.py:1363} INFO - Starting attempt 1 of 1
[2022-11-17T17:32:48.310+0000] {taskinstance.py:1364} INFO - 
--------------------------------------------------------------------------------
[2022-11-17T17:32:48.403+0000] {taskinstance.py:1383} INFO - Executing <Task(BashOperator): Marketing_team_Notification> on 2022-11-02 00:00:00+00:00
[2022-11-17T17:32:48.409+0000] {standard_task_runner.py:55} INFO - Started process 8120 to run task
[2022-11-17T17:32:48.412+0000] {standard_task_runner.py:82} INFO - Running: ['***', 'tasks', 'run', 'MyPersonalAirflowProject', 'Marketing_team_Notification', 'scheduled__2022-11-02T00:00:00+00:00', '--job-id', '2696', '--raw', '--subdir', 'DAGS_FOLDER/FinalPersonalProject.py', '--cfg-path', '/tmp/tmpwemf_0ij']
[2022-11-17T17:32:48.413+0000] {standard_task_runner.py:83} INFO - Job 2696: Subtask Marketing_team_Notification
[2022-11-17T17:32:48.576+0000] {task_command.py:376} INFO - Running <TaskInstance: MyPersonalAirflowProject.Marketing_team_Notification scheduled__2022-11-02T00:00:00+00:00 [running]> on host 638485efabe7
[2022-11-17T17:32:48.919+0000] {taskinstance.py:1592} INFO - Exporting the following env vars:
AIRFLOW_CTX_DAG_OWNER=***
AIRFLOW_CTX_DAG_ID=MyPersonalAirflowProject
AIRFLOW_CTX_TASK_ID=Marketing_team_Notification
AIRFLOW_CTX_EXECUTION_DATE=2022-11-02T00:00:00+00:00
AIRFLOW_CTX_TRY_NUMBER=1
AIRFLOW_CTX_DAG_RUN_ID=scheduled__2022-11-02T00:00:00+00:00
[2022-11-17T17:32:48.920+0000] {subprocess.py:63} INFO - Tmp dir root location: 
 /tmp
[2022-11-17T17:32:48.922+0000] {subprocess.py:75} INFO - Running command: ['/bin/bash', '-c', 'echo "Hi Marketing team, Space X data for 2022-11-02 are now available!.. Please check them out!"']
[2022-11-17T17:32:48.936+0000] {subprocess.py:86} INFO - Output:
[2022-11-17T17:32:48.938+0000] {subprocess.py:93} INFO - Hi Marketing team, Space X data for 2022-11-02 are now available!.. Please check them out!
[2022-11-17T17:32:48.939+0000] {subprocess.py:97} INFO - Command exited with return code 0
[2022-11-17T17:32:49.037+0000] {taskinstance.py:1406} INFO - Marking task as SUCCESS. dag_id=MyPersonalAirflowProject, task_id=Marketing_team_Notification, execution_date=20221102T000000, start_date=20221117T173248, end_date=20221117T173249
[2022-11-17T17:32:49.149+0000] {local_task_job.py:164} INFO - Task exited with return code 0
[2022-11-17T17:32:49.238+0000] {local_task_job.py:273} INFO - 0 downstream tasks scheduled from follow-on schedule check
