[2022-11-17T16:58:05.809+0000] {taskinstance.py:1165} INFO - Dependencies all met for <TaskInstance: MyPersonalAirflowProject.waiting_nasa_confirmation scheduled__2022-11-16T00:00:00+00:00 [queued]>
[2022-11-17T16:58:05.824+0000] {taskinstance.py:1165} INFO - Dependencies all met for <TaskInstance: MyPersonalAirflowProject.waiting_nasa_confirmation scheduled__2022-11-16T00:00:00+00:00 [queued]>
[2022-11-17T16:58:05.825+0000] {taskinstance.py:1362} INFO - 
--------------------------------------------------------------------------------
[2022-11-17T16:58:05.826+0000] {taskinstance.py:1363} INFO - Starting attempt 3 of 3
[2022-11-17T16:58:05.826+0000] {taskinstance.py:1364} INFO - 
--------------------------------------------------------------------------------
[2022-11-17T16:58:05.845+0000] {taskinstance.py:1383} INFO - Executing <Task(FileSensor): waiting_nasa_confirmation> on 2022-11-16 00:00:00+00:00
[2022-11-17T16:58:05.851+0000] {standard_task_runner.py:55} INFO - Started process 5632 to run task
[2022-11-17T16:58:05.855+0000] {standard_task_runner.py:82} INFO - Running: ['***', 'tasks', 'run', 'MyPersonalAirflowProject', 'waiting_nasa_confirmation', 'scheduled__2022-11-16T00:00:00+00:00', '--job-id', '2417', '--raw', '--subdir', 'DAGS_FOLDER/FinalPersonalProject.py', '--cfg-path', '/tmp/tmpmh0o95qa']
[2022-11-17T16:58:05.855+0000] {standard_task_runner.py:83} INFO - Job 2417: Subtask waiting_nasa_confirmation
[2022-11-17T16:58:06.020+0000] {task_command.py:376} INFO - Running <TaskInstance: MyPersonalAirflowProject.waiting_nasa_confirmation scheduled__2022-11-16T00:00:00+00:00 [running]> on host 638485efabe7
[2022-11-17T16:58:06.240+0000] {taskinstance.py:1592} INFO - Exporting the following env vars:
AIRFLOW_CTX_DAG_OWNER=***
AIRFLOW_CTX_DAG_ID=MyPersonalAirflowProject
AIRFLOW_CTX_TASK_ID=waiting_nasa_confirmation
AIRFLOW_CTX_EXECUTION_DATE=2022-11-16T00:00:00+00:00
AIRFLOW_CTX_TRY_NUMBER=3
AIRFLOW_CTX_DAG_RUN_ID=scheduled__2022-11-16T00:00:00+00:00
[2022-11-17T16:58:06.250+0000] {base.py:71} INFO - Using connection ID 'fs_default' for task execution.
[2022-11-17T16:58:06.251+0000] {filesystem.py:58} INFO - Poking for file /tmp/reponse_20221116.txt
[2022-11-17T16:58:06.251+0000] {filesystem.py:63} INFO - Found File /tmp/reponse_20221116.txt last modified: 20221117165804
[2022-11-17T16:58:06.252+0000] {base.py:213} INFO - Success criteria met. Exiting.
[2022-11-17T16:58:06.264+0000] {taskinstance.py:1406} INFO - Marking task as SUCCESS. dag_id=MyPersonalAirflowProject, task_id=waiting_nasa_confirmation, execution_date=20221116T000000, start_date=20221117T165805, end_date=20221117T165806
[2022-11-17T16:58:06.348+0000] {local_task_job.py:164} INFO - Task exited with return code 0
[2022-11-17T16:58:06.519+0000] {local_task_job.py:273} INFO - 0 downstream tasks scheduled from follow-on schedule check
