[2022-11-16T22:14:59.903+0000] {taskinstance.py:1165} INFO - Dependencies all met for <TaskInstance: MyPersonalAirflowProject.copy_data_to_local scheduled__2022-10-09T00:00:00+00:00 [queued]>
[2022-11-16T22:14:59.921+0000] {taskinstance.py:1165} INFO - Dependencies all met for <TaskInstance: MyPersonalAirflowProject.copy_data_to_local scheduled__2022-10-09T00:00:00+00:00 [queued]>
[2022-11-16T22:14:59.922+0000] {taskinstance.py:1362} INFO - 
--------------------------------------------------------------------------------
[2022-11-16T22:14:59.923+0000] {taskinstance.py:1363} INFO - Starting attempt 1 of 1
[2022-11-16T22:14:59.923+0000] {taskinstance.py:1364} INFO - 
--------------------------------------------------------------------------------
[2022-11-16T22:14:59.944+0000] {taskinstance.py:1383} INFO - Executing <Task(PythonOperator): copy_data_to_local> on 2022-10-09 00:00:00+00:00
[2022-11-16T22:14:59.951+0000] {standard_task_runner.py:55} INFO - Started process 5065 to run task
[2022-11-16T22:14:59.954+0000] {standard_task_runner.py:82} INFO - Running: ['***', 'tasks', 'run', 'MyPersonalAirflowProject', 'copy_data_to_local', 'scheduled__2022-10-09T00:00:00+00:00', '--job-id', '1492', '--raw', '--subdir', 'DAGS_FOLDER/FinalPersonalProject.py', '--cfg-path', '/tmp/tmpnlbkan1v']
[2022-11-16T22:14:59.955+0000] {standard_task_runner.py:83} INFO - Job 1492: Subtask copy_data_to_local
[2022-11-16T22:15:00.034+0000] {task_command.py:376} INFO - Running <TaskInstance: MyPersonalAirflowProject.copy_data_to_local scheduled__2022-10-09T00:00:00+00:00 [running]> on host 638485efabe7
[2022-11-16T22:15:00.126+0000] {taskinstance.py:1592} INFO - Exporting the following env vars:
AIRFLOW_CTX_DAG_OWNER=***
AIRFLOW_CTX_DAG_ID=MyPersonalAirflowProject
AIRFLOW_CTX_TASK_ID=copy_data_to_local
AIRFLOW_CTX_EXECUTION_DATE=2022-10-09T00:00:00+00:00
AIRFLOW_CTX_TRY_NUMBER=1
AIRFLOW_CTX_DAG_RUN_ID=scheduled__2022-10-09T00:00:00+00:00
[2022-11-16T22:15:00.952+0000] {python.py:177} INFO - Done. Returned value was: None
[2022-11-16T22:15:00.970+0000] {taskinstance.py:1406} INFO - Marking task as SUCCESS. dag_id=MyPersonalAirflowProject, task_id=copy_data_to_local, execution_date=20221009T000000, start_date=20221116T221459, end_date=20221116T221500
[2022-11-16T22:15:01.076+0000] {local_task_job.py:164} INFO - Task exited with return code 0
[2022-11-16T22:15:01.116+0000] {local_task_job.py:273} INFO - 1 downstream tasks scheduled from follow-on schedule check
[2022-11-17T16:28:31.386+0000] {taskinstance.py:1165} INFO - Dependencies all met for <TaskInstance: MyPersonalAirflowProject.copy_data_to_local scheduled__2022-10-09T00:00:00+00:00 [queued]>
[2022-11-17T16:28:31.400+0000] {taskinstance.py:1165} INFO - Dependencies all met for <TaskInstance: MyPersonalAirflowProject.copy_data_to_local scheduled__2022-10-09T00:00:00+00:00 [queued]>
[2022-11-17T16:28:31.401+0000] {taskinstance.py:1362} INFO - 
--------------------------------------------------------------------------------
[2022-11-17T16:28:31.401+0000] {taskinstance.py:1363} INFO - Starting attempt 1 of 1
[2022-11-17T16:28:31.402+0000] {taskinstance.py:1364} INFO - 
--------------------------------------------------------------------------------
[2022-11-17T16:28:31.419+0000] {taskinstance.py:1383} INFO - Executing <Task(PythonOperator): copy_data_to_local> on 2022-10-09 00:00:00+00:00
[2022-11-17T16:28:31.425+0000] {standard_task_runner.py:55} INFO - Started process 3299 to run task
[2022-11-17T16:28:31.427+0000] {standard_task_runner.py:82} INFO - Running: ['***', 'tasks', 'run', 'MyPersonalAirflowProject', 'copy_data_to_local', 'scheduled__2022-10-09T00:00:00+00:00', '--job-id', '2092', '--raw', '--subdir', 'DAGS_FOLDER/FinalPersonalProject.py', '--cfg-path', '/tmp/tmpwoqzyb5h']
[2022-11-17T16:28:31.428+0000] {standard_task_runner.py:83} INFO - Job 2092: Subtask copy_data_to_local
[2022-11-17T16:28:31.498+0000] {task_command.py:376} INFO - Running <TaskInstance: MyPersonalAirflowProject.copy_data_to_local scheduled__2022-10-09T00:00:00+00:00 [running]> on host 638485efabe7
[2022-11-17T16:28:31.578+0000] {taskinstance.py:1592} INFO - Exporting the following env vars:
AIRFLOW_CTX_DAG_OWNER=***
AIRFLOW_CTX_DAG_ID=MyPersonalAirflowProject
AIRFLOW_CTX_TASK_ID=copy_data_to_local
AIRFLOW_CTX_EXECUTION_DATE=2022-10-09T00:00:00+00:00
AIRFLOW_CTX_TRY_NUMBER=1
AIRFLOW_CTX_DAG_RUN_ID=scheduled__2022-10-09T00:00:00+00:00
[2022-11-17T16:28:31.791+0000] {python.py:177} INFO - Done. Returned value was: None
[2022-11-17T16:28:31.801+0000] {taskinstance.py:1406} INFO - Marking task as SUCCESS. dag_id=MyPersonalAirflowProject, task_id=copy_data_to_local, execution_date=20221009T000000, start_date=20221117T162831, end_date=20221117T162831
[2022-11-17T16:28:31.841+0000] {local_task_job.py:164} INFO - Task exited with return code 0
[2022-11-17T16:28:31.875+0000] {local_task_job.py:273} INFO - 1 downstream tasks scheduled from follow-on schedule check
[2022-11-17T17:20:38.096+0000] {taskinstance.py:1165} INFO - Dependencies all met for <TaskInstance: MyPersonalAirflowProject.copy_data_to_local scheduled__2022-10-09T00:00:00+00:00 [queued]>
[2022-11-17T17:20:38.109+0000] {taskinstance.py:1165} INFO - Dependencies all met for <TaskInstance: MyPersonalAirflowProject.copy_data_to_local scheduled__2022-10-09T00:00:00+00:00 [queued]>
[2022-11-17T17:20:38.110+0000] {taskinstance.py:1362} INFO - 
--------------------------------------------------------------------------------
[2022-11-17T17:20:38.111+0000] {taskinstance.py:1363} INFO - Starting attempt 1 of 1
[2022-11-17T17:20:38.111+0000] {taskinstance.py:1364} INFO - 
--------------------------------------------------------------------------------
[2022-11-17T17:20:38.130+0000] {taskinstance.py:1383} INFO - Executing <Task(PythonOperator): copy_data_to_local> on 2022-10-09 00:00:00+00:00
[2022-11-17T17:20:38.136+0000] {standard_task_runner.py:55} INFO - Started process 6941 to run task
[2022-11-17T17:20:38.138+0000] {standard_task_runner.py:82} INFO - Running: ['***', 'tasks', 'run', 'MyPersonalAirflowProject', 'copy_data_to_local', 'scheduled__2022-10-09T00:00:00+00:00', '--job-id', '2502', '--raw', '--subdir', 'DAGS_FOLDER/FinalPersonalProject.py', '--cfg-path', '/tmp/tmpovssyj9q']
[2022-11-17T17:20:38.139+0000] {standard_task_runner.py:83} INFO - Job 2502: Subtask copy_data_to_local
[2022-11-17T17:20:38.206+0000] {task_command.py:376} INFO - Running <TaskInstance: MyPersonalAirflowProject.copy_data_to_local scheduled__2022-10-09T00:00:00+00:00 [running]> on host 638485efabe7
[2022-11-17T17:20:38.284+0000] {taskinstance.py:1592} INFO - Exporting the following env vars:
AIRFLOW_CTX_DAG_OWNER=***
AIRFLOW_CTX_DAG_ID=MyPersonalAirflowProject
AIRFLOW_CTX_TASK_ID=copy_data_to_local
AIRFLOW_CTX_EXECUTION_DATE=2022-10-09T00:00:00+00:00
AIRFLOW_CTX_TRY_NUMBER=1
AIRFLOW_CTX_DAG_RUN_ID=scheduled__2022-10-09T00:00:00+00:00
[2022-11-17T17:20:38.499+0000] {python.py:177} INFO - Done. Returned value was: None
[2022-11-17T17:20:38.512+0000] {taskinstance.py:1406} INFO - Marking task as SUCCESS. dag_id=MyPersonalAirflowProject, task_id=copy_data_to_local, execution_date=20221009T000000, start_date=20221117T172038, end_date=20221117T172038
[2022-11-17T17:20:38.553+0000] {local_task_job.py:164} INFO - Task exited with return code 0
[2022-11-17T17:20:38.586+0000] {local_task_job.py:273} INFO - 1 downstream tasks scheduled from follow-on schedule check
