[2022-11-17T16:37:04.270+0000] {taskinstance.py:1165} INFO - Dependencies all met for <TaskInstance: MyPersonalAirflowProject.end_confirmation_from_nasa scheduled__2022-10-25T00:00:00+00:00 [queued]>
[2022-11-17T16:37:04.284+0000] {taskinstance.py:1165} INFO - Dependencies all met for <TaskInstance: MyPersonalAirflowProject.end_confirmation_from_nasa scheduled__2022-10-25T00:00:00+00:00 [queued]>
[2022-11-17T16:37:04.285+0000] {taskinstance.py:1362} INFO - 
--------------------------------------------------------------------------------
[2022-11-17T16:37:04.286+0000] {taskinstance.py:1363} INFO - Starting attempt 1 of 1
[2022-11-17T16:37:04.287+0000] {taskinstance.py:1364} INFO - 
--------------------------------------------------------------------------------
[2022-11-17T16:37:04.304+0000] {taskinstance.py:1383} INFO - Executing <Task(BashOperator): end_confirmation_from_nasa> on 2022-10-25 00:00:00+00:00
[2022-11-17T16:37:04.311+0000] {standard_task_runner.py:55} INFO - Started process 4074 to run task
[2022-11-17T16:37:04.314+0000] {standard_task_runner.py:82} INFO - Running: ['***', 'tasks', 'run', 'MyPersonalAirflowProject', 'end_confirmation_from_nasa', 'scheduled__2022-10-25T00:00:00+00:00', '--job-id', '2218', '--raw', '--subdir', 'DAGS_FOLDER/FinalPersonalProject.py', '--cfg-path', '/tmp/tmp8rkv2k2t']
[2022-11-17T16:37:04.315+0000] {standard_task_runner.py:83} INFO - Job 2218: Subtask end_confirmation_from_nasa
[2022-11-17T16:37:04.384+0000] {task_command.py:376} INFO - Running <TaskInstance: MyPersonalAirflowProject.end_confirmation_from_nasa scheduled__2022-10-25T00:00:00+00:00 [running]> on host 638485efabe7
[2022-11-17T16:37:04.461+0000] {taskinstance.py:1592} INFO - Exporting the following env vars:
AIRFLOW_CTX_DAG_OWNER=***
AIRFLOW_CTX_DAG_ID=MyPersonalAirflowProject
AIRFLOW_CTX_TASK_ID=end_confirmation_from_nasa
AIRFLOW_CTX_EXECUTION_DATE=2022-10-25T00:00:00+00:00
AIRFLOW_CTX_TRY_NUMBER=1
AIRFLOW_CTX_DAG_RUN_ID=scheduled__2022-10-25T00:00:00+00:00
[2022-11-17T16:37:04.463+0000] {subprocess.py:63} INFO - Tmp dir root location: 
 /tmp
[2022-11-17T16:37:04.464+0000] {subprocess.py:75} INFO - Running command: ['/bin/bash', '-c', 'echo "The Confirmation file was created successfully"']
[2022-11-17T16:37:04.475+0000] {subprocess.py:86} INFO - Output:
[2022-11-17T16:37:04.477+0000] {subprocess.py:93} INFO - The Confirmation file was created successfully
[2022-11-17T16:37:04.477+0000] {subprocess.py:97} INFO - Command exited with return code 0
[2022-11-17T16:37:04.507+0000] {taskinstance.py:1406} INFO - Marking task as SUCCESS. dag_id=MyPersonalAirflowProject, task_id=end_confirmation_from_nasa, execution_date=20221025T000000, start_date=20221117T163704, end_date=20221117T163704
[2022-11-17T16:37:04.527+0000] {local_task_job.py:164} INFO - Task exited with return code 0
[2022-11-17T16:37:04.562+0000] {local_task_job.py:273} INFO - 1 downstream tasks scheduled from follow-on schedule check
[2022-11-17T17:28:43.462+0000] {taskinstance.py:1165} INFO - Dependencies all met for <TaskInstance: MyPersonalAirflowProject.end_confirmation_from_nasa scheduled__2022-10-25T00:00:00+00:00 [queued]>
[2022-11-17T17:28:43.475+0000] {taskinstance.py:1165} INFO - Dependencies all met for <TaskInstance: MyPersonalAirflowProject.end_confirmation_from_nasa scheduled__2022-10-25T00:00:00+00:00 [queued]>
[2022-11-17T17:28:43.476+0000] {taskinstance.py:1362} INFO - 
--------------------------------------------------------------------------------
[2022-11-17T17:28:43.476+0000] {taskinstance.py:1363} INFO - Starting attempt 1 of 1
[2022-11-17T17:28:43.476+0000] {taskinstance.py:1364} INFO - 
--------------------------------------------------------------------------------
[2022-11-17T17:28:43.493+0000] {taskinstance.py:1383} INFO - Executing <Task(BashOperator): end_confirmation_from_nasa> on 2022-10-25 00:00:00+00:00
[2022-11-17T17:28:43.499+0000] {standard_task_runner.py:55} INFO - Started process 7716 to run task
[2022-11-17T17:28:43.502+0000] {standard_task_runner.py:82} INFO - Running: ['***', 'tasks', 'run', 'MyPersonalAirflowProject', 'end_confirmation_from_nasa', 'scheduled__2022-10-25T00:00:00+00:00', '--job-id', '2628', '--raw', '--subdir', 'DAGS_FOLDER/FinalPersonalProject.py', '--cfg-path', '/tmp/tmpr1nbfu0z']
[2022-11-17T17:28:43.502+0000] {standard_task_runner.py:83} INFO - Job 2628: Subtask end_confirmation_from_nasa
[2022-11-17T17:28:43.568+0000] {task_command.py:376} INFO - Running <TaskInstance: MyPersonalAirflowProject.end_confirmation_from_nasa scheduled__2022-10-25T00:00:00+00:00 [running]> on host 638485efabe7
[2022-11-17T17:28:43.641+0000] {taskinstance.py:1592} INFO - Exporting the following env vars:
AIRFLOW_CTX_DAG_OWNER=***
AIRFLOW_CTX_DAG_ID=MyPersonalAirflowProject
AIRFLOW_CTX_TASK_ID=end_confirmation_from_nasa
AIRFLOW_CTX_EXECUTION_DATE=2022-10-25T00:00:00+00:00
AIRFLOW_CTX_TRY_NUMBER=1
AIRFLOW_CTX_DAG_RUN_ID=scheduled__2022-10-25T00:00:00+00:00
[2022-11-17T17:28:43.643+0000] {subprocess.py:63} INFO - Tmp dir root location: 
 /tmp
[2022-11-17T17:28:43.644+0000] {subprocess.py:75} INFO - Running command: ['/bin/bash', '-c', 'echo "The Confirmation file was created successfully"']
[2022-11-17T17:28:43.655+0000] {subprocess.py:86} INFO - Output:
[2022-11-17T17:28:43.656+0000] {subprocess.py:93} INFO - The Confirmation file was created successfully
[2022-11-17T17:28:43.657+0000] {subprocess.py:97} INFO - Command exited with return code 0
[2022-11-17T17:28:43.682+0000] {taskinstance.py:1406} INFO - Marking task as SUCCESS. dag_id=MyPersonalAirflowProject, task_id=end_confirmation_from_nasa, execution_date=20221025T000000, start_date=20221117T172843, end_date=20221117T172843
[2022-11-17T17:28:43.714+0000] {local_task_job.py:164} INFO - Task exited with return code 0
[2022-11-17T17:28:43.748+0000] {local_task_job.py:273} INFO - 1 downstream tasks scheduled from follow-on schedule check
