[2022-11-16T22:13:28.944+0000] {taskinstance.py:1165} INFO - Dependencies all met for <TaskInstance: MyPersonalAirflowProject.Print_Imported_data scheduled__2022-10-06T00:00:00+00:00 [queued]>
[2022-11-16T22:13:28.971+0000] {taskinstance.py:1165} INFO - Dependencies all met for <TaskInstance: MyPersonalAirflowProject.Print_Imported_data scheduled__2022-10-06T00:00:00+00:00 [queued]>
[2022-11-16T22:13:28.972+0000] {taskinstance.py:1362} INFO - 
--------------------------------------------------------------------------------
[2022-11-16T22:13:28.974+0000] {taskinstance.py:1363} INFO - Starting attempt 1 of 1
[2022-11-16T22:13:28.976+0000] {taskinstance.py:1364} INFO - 
--------------------------------------------------------------------------------
[2022-11-16T22:13:29.016+0000] {taskinstance.py:1383} INFO - Executing <Task(BashOperator): Print_Imported_data> on 2022-10-06 00:00:00+00:00
[2022-11-16T22:13:29.027+0000] {standard_task_runner.py:55} INFO - Started process 4942 to run task
[2022-11-16T22:13:29.031+0000] {standard_task_runner.py:82} INFO - Running: ['***', 'tasks', 'run', 'MyPersonalAirflowProject', 'Print_Imported_data', 'scheduled__2022-10-06T00:00:00+00:00', '--job-id', '1475', '--raw', '--subdir', 'DAGS_FOLDER/FinalPersonalProject.py', '--cfg-path', '/tmp/tmpxq4iv759']
[2022-11-16T22:13:29.032+0000] {standard_task_runner.py:83} INFO - Job 1475: Subtask Print_Imported_data
[2022-11-16T22:13:29.128+0000] {task_command.py:376} INFO - Running <TaskInstance: MyPersonalAirflowProject.Print_Imported_data scheduled__2022-10-06T00:00:00+00:00 [running]> on host 638485efabe7
[2022-11-16T22:13:29.242+0000] {taskinstance.py:1592} INFO - Exporting the following env vars:
AIRFLOW_CTX_DAG_OWNER=***
AIRFLOW_CTX_DAG_ID=MyPersonalAirflowProject
AIRFLOW_CTX_TASK_ID=Print_Imported_data
AIRFLOW_CTX_EXECUTION_DATE=2022-10-06T00:00:00+00:00
AIRFLOW_CTX_TRY_NUMBER=1
AIRFLOW_CTX_DAG_RUN_ID=scheduled__2022-10-06T00:00:00+00:00
[2022-11-16T22:13:29.245+0000] {subprocess.py:63} INFO - Tmp dir root location: 
 /tmp
[2022-11-16T22:13:29.247+0000] {subprocess.py:75} INFO - Running command: ['/bin/bash', '-c', 'ls /tmp/ && head /tmp/platzi_data.csv']
[2022-11-16T22:13:29.271+0000] {subprocess.py:86} INFO - Output:
[2022-11-16T22:13:29.300+0000] {subprocess.py:93} INFO - ***tmp_m8sjc29
[2022-11-16T22:13:29.301+0000] {subprocess.py:93} INFO - ***tmpk5xxq3nx
[2022-11-16T22:13:29.302+0000] {subprocess.py:93} INFO - ***tmplkvca7ip
[2022-11-16T22:13:29.302+0000] {subprocess.py:93} INFO - ***tmpodkacs8z
[2022-11-16T22:13:29.303+0000] {subprocess.py:93} INFO - file.txt
[2022-11-16T22:13:29.304+0000] {subprocess.py:93} INFO - history.json
[2022-11-16T22:13:29.305+0000] {subprocess.py:93} INFO - platzi_data_20221001.csv
[2022-11-16T22:13:29.306+0000] {subprocess.py:93} INFO - platzi_data_20221002.csv
[2022-11-16T22:13:29.307+0000] {subprocess.py:93} INFO - platzi_data_20221003.csv
[2022-11-16T22:13:29.308+0000] {subprocess.py:93} INFO - platzi_data_20221004.csv
[2022-11-16T22:13:29.309+0000] {subprocess.py:93} INFO - platzi_data_20221005.csv
[2022-11-16T22:13:29.311+0000] {subprocess.py:93} INFO - platzi_data_20221006.csv
[2022-11-16T22:13:29.311+0000] {subprocess.py:93} INFO - pymp-8yik9lbi
[2022-11-16T22:13:29.312+0000] {subprocess.py:93} INFO - pymp-y00k7agg
[2022-11-16T22:13:29.313+0000] {subprocess.py:93} INFO - reponse_20221001.txt
[2022-11-16T22:13:29.314+0000] {subprocess.py:93} INFO - reponse_20221002.txt
[2022-11-16T22:13:29.315+0000] {subprocess.py:93} INFO - reponse_20221003.txt
[2022-11-16T22:13:29.316+0000] {subprocess.py:93} INFO - reponse_20221004.txt
[2022-11-16T22:13:29.317+0000] {subprocess.py:93} INFO - reponse_20221005.txt
[2022-11-16T22:13:29.318+0000] {subprocess.py:93} INFO - reponse_20221006.txt
[2022-11-16T22:13:29.318+0000] {subprocess.py:93} INFO - reponse_20221022.txt
[2022-11-16T22:13:29.319+0000] {subprocess.py:93} INFO - reponse_20221023.txt
[2022-11-16T22:13:29.320+0000] {subprocess.py:93} INFO - reponse_20221024.txt
[2022-11-16T22:13:29.320+0000] {subprocess.py:93} INFO - reponse_20221025.txt
[2022-11-16T22:13:29.321+0000] {subprocess.py:93} INFO - reponse_20221026.txt
[2022-11-16T22:13:29.321+0000] {subprocess.py:93} INFO - reponse_20221027.txt
[2022-11-16T22:13:29.322+0000] {subprocess.py:93} INFO - reponse_20221028.txt
[2022-11-16T22:13:29.323+0000] {subprocess.py:93} INFO - reponse_20221029.txt
[2022-11-16T22:13:29.323+0000] {subprocess.py:93} INFO - reponse_20221030.txt
[2022-11-16T22:13:29.324+0000] {subprocess.py:93} INFO - reponse_20221031.txt
[2022-11-16T22:13:29.325+0000] {subprocess.py:93} INFO - reponse_20221101.txt
[2022-11-16T22:13:29.325+0000] {subprocess.py:93} INFO - reponse_20221102.txt
[2022-11-16T22:13:29.326+0000] {subprocess.py:93} INFO - reponse_20221103.txt
[2022-11-16T22:13:29.327+0000] {subprocess.py:93} INFO - reponse_20221104.txt
[2022-11-16T22:13:29.327+0000] {subprocess.py:93} INFO - reponse_20221105.txt
[2022-11-16T22:13:29.328+0000] {subprocess.py:93} INFO - reponse_20221106.txt
[2022-11-16T22:13:29.328+0000] {subprocess.py:93} INFO - reponse_20221107.txt
[2022-11-16T22:13:29.329+0000] {subprocess.py:93} INFO - reponse_20221108.txt
[2022-11-16T22:13:29.330+0000] {subprocess.py:93} INFO - reponse_20221109.txt
[2022-11-16T22:13:29.332+0000] {subprocess.py:93} INFO - reponse_20221110.txt
[2022-11-16T22:13:29.334+0000] {subprocess.py:93} INFO - reponse_20221111.txt
[2022-11-16T22:13:29.335+0000] {subprocess.py:93} INFO - reponse_20221112.txt
[2022-11-16T22:13:29.336+0000] {subprocess.py:93} INFO - reponse_20221113.txt
[2022-11-16T22:13:29.337+0000] {subprocess.py:93} INFO - reponse_20221114.txt
[2022-11-16T22:13:29.338+0000] {subprocess.py:93} INFO - reponse_20221115.txt
[2022-11-16T22:13:29.339+0000] {subprocess.py:93} INFO - tmp061o5asr
[2022-11-16T22:13:29.339+0000] {subprocess.py:93} INFO - tmp1b_v374g
[2022-11-16T22:13:29.340+0000] {subprocess.py:93} INFO - tmp2n3y4qb3
[2022-11-16T22:13:29.341+0000] {subprocess.py:93} INFO - tmp2ztydtyd
[2022-11-16T22:13:29.342+0000] {subprocess.py:93} INFO - tmp546oqdk0
[2022-11-16T22:13:29.343+0000] {subprocess.py:93} INFO - tmp57roj99h
[2022-11-16T22:13:29.344+0000] {subprocess.py:93} INFO - tmp5lejojs5
[2022-11-16T22:13:29.345+0000] {subprocess.py:93} INFO - tmp5nj2onwa
[2022-11-16T22:13:29.345+0000] {subprocess.py:93} INFO - tmp64cxrvul
[2022-11-16T22:13:29.346+0000] {subprocess.py:93} INFO - tmp6g4l21c1
[2022-11-16T22:13:29.347+0000] {subprocess.py:93} INFO - tmp7c6bgots
[2022-11-16T22:13:29.348+0000] {subprocess.py:93} INFO - tmp7khebugo
[2022-11-16T22:13:29.349+0000] {subprocess.py:93} INFO - tmp7lvtz6wk
[2022-11-16T22:13:29.350+0000] {subprocess.py:93} INFO - tmp8_n1aj39
[2022-11-16T22:13:29.351+0000] {subprocess.py:93} INFO - tmp8c_dsk2e
[2022-11-16T22:13:29.352+0000] {subprocess.py:93} INFO - tmp928ntdt7
[2022-11-16T22:13:29.352+0000] {subprocess.py:93} INFO - tmp9503grtb
[2022-11-16T22:13:29.353+0000] {subprocess.py:93} INFO - tmp_afh1uos
[2022-11-16T22:13:29.354+0000] {subprocess.py:93} INFO - tmp_m6lsnw3
[2022-11-16T22:13:29.355+0000] {subprocess.py:93} INFO - tmp_vy6n6_q
[2022-11-16T22:13:29.355+0000] {subprocess.py:93} INFO - tmpcnj5oj8y
[2022-11-16T22:13:29.356+0000] {subprocess.py:93} INFO - tmpcu_pom_6
[2022-11-16T22:13:29.357+0000] {subprocess.py:93} INFO - tmpdmc2g1zb
[2022-11-16T22:13:29.358+0000] {subprocess.py:93} INFO - tmpe4k1ogev
[2022-11-16T22:13:29.359+0000] {subprocess.py:93} INFO - tmpg_n88zm7
[2022-11-16T22:13:29.360+0000] {subprocess.py:93} INFO - tmpgg8mkst1
[2022-11-16T22:13:29.361+0000] {subprocess.py:93} INFO - tmpgi8v82jx
[2022-11-16T22:13:29.361+0000] {subprocess.py:93} INFO - tmpiez6kail
[2022-11-16T22:13:29.362+0000] {subprocess.py:93} INFO - tmpj1n4wxza
[2022-11-16T22:13:29.363+0000] {subprocess.py:93} INFO - tmpjsznho2e
[2022-11-16T22:13:29.363+0000] {subprocess.py:93} INFO - tmpkrg9_cgk
[2022-11-16T22:13:29.364+0000] {subprocess.py:93} INFO - tmpl13ymsfs
[2022-11-16T22:13:29.365+0000] {subprocess.py:93} INFO - tmplrbhl64b
[2022-11-16T22:13:29.365+0000] {subprocess.py:93} INFO - tmpn38ozedg
[2022-11-16T22:13:29.366+0000] {subprocess.py:93} INFO - tmpn96u_4ih
[2022-11-16T22:13:29.366+0000] {subprocess.py:93} INFO - tmpo3nf6k5c
[2022-11-16T22:13:29.367+0000] {subprocess.py:93} INFO - tmpoy_ljy8t
[2022-11-16T22:13:29.367+0000] {subprocess.py:93} INFO - tmpp4w9yq6x
[2022-11-16T22:13:29.368+0000] {subprocess.py:93} INFO - tmppfidxzjr
[2022-11-16T22:13:29.369+0000] {subprocess.py:93} INFO - tmpr681bhfw
[2022-11-16T22:13:29.369+0000] {subprocess.py:93} INFO - tmpr9102hwf
[2022-11-16T22:13:29.370+0000] {subprocess.py:93} INFO - tmpt4qo16oq
[2022-11-16T22:13:29.370+0000] {subprocess.py:93} INFO - tmptn832g5z
[2022-11-16T22:13:29.371+0000] {subprocess.py:93} INFO - tmpu9qbl0wh
[2022-11-16T22:13:29.371+0000] {subprocess.py:93} INFO - tmpuq8ywung
[2022-11-16T22:13:29.372+0000] {subprocess.py:93} INFO - tmpv606o9_9
[2022-11-16T22:13:29.372+0000] {subprocess.py:93} INFO - tmpxf7g1lc4
[2022-11-16T22:13:29.373+0000] {subprocess.py:93} INFO - tmpxktobcjf
[2022-11-16T22:13:29.374+0000] {subprocess.py:93} INFO - tmpz91iizm7
[2022-11-16T22:13:29.375+0000] {subprocess.py:93} INFO - head: cannot open '/tmp/platzi_data.csv' for reading: No such file or directory
[2022-11-16T22:13:29.376+0000] {subprocess.py:97} INFO - Command exited with return code 1
[2022-11-16T22:13:29.391+0000] {taskinstance.py:1851} ERROR - Task failed with exception
Traceback (most recent call last):
  File "/home/airflow/.local/lib/python3.7/site-packages/airflow/operators/bash.py", line 197, in execute
    f'Bash command failed. The command returned a non-zero exit code {result.exit_code}.'
airflow.exceptions.AirflowException: Bash command failed. The command returned a non-zero exit code 1.
[2022-11-16T22:13:29.398+0000] {taskinstance.py:1406} INFO - Marking task as FAILED. dag_id=MyPersonalAirflowProject, task_id=Print_Imported_data, execution_date=20221006T000000, start_date=20221116T221328, end_date=20221116T221329
[2022-11-16T22:13:29.422+0000] {standard_task_runner.py:105} ERROR - Failed to execute job 1475 for task Print_Imported_data (Bash command failed. The command returned a non-zero exit code 1.; 4942)
[2022-11-16T22:13:29.453+0000] {local_task_job.py:164} INFO - Task exited with return code 1
[2022-11-16T22:13:29.484+0000] {local_task_job.py:273} INFO - 0 downstream tasks scheduled from follow-on schedule check
[2022-11-17T16:27:01.557+0000] {taskinstance.py:1165} INFO - Dependencies all met for <TaskInstance: MyPersonalAirflowProject.Print_Imported_data scheduled__2022-10-06T00:00:00+00:00 [queued]>
[2022-11-17T16:27:01.639+0000] {taskinstance.py:1165} INFO - Dependencies all met for <TaskInstance: MyPersonalAirflowProject.Print_Imported_data scheduled__2022-10-06T00:00:00+00:00 [queued]>
[2022-11-17T16:27:01.640+0000] {taskinstance.py:1362} INFO - 
--------------------------------------------------------------------------------
[2022-11-17T16:27:01.640+0000] {taskinstance.py:1363} INFO - Starting attempt 1 of 1
[2022-11-17T16:27:01.641+0000] {taskinstance.py:1364} INFO - 
--------------------------------------------------------------------------------
[2022-11-17T16:27:01.659+0000] {taskinstance.py:1383} INFO - Executing <Task(BashOperator): Print_Imported_data> on 2022-10-06 00:00:00+00:00
[2022-11-17T16:27:01.665+0000] {standard_task_runner.py:55} INFO - Started process 3164 to run task
[2022-11-17T16:27:01.667+0000] {standard_task_runner.py:82} INFO - Running: ['***', 'tasks', 'run', 'MyPersonalAirflowProject', 'Print_Imported_data', 'scheduled__2022-10-06T00:00:00+00:00', '--job-id', '2069', '--raw', '--subdir', 'DAGS_FOLDER/FinalPersonalProject.py', '--cfg-path', '/tmp/tmp_mn8cck1']
[2022-11-17T16:27:01.668+0000] {standard_task_runner.py:83} INFO - Job 2069: Subtask Print_Imported_data
[2022-11-17T16:27:01.738+0000] {task_command.py:376} INFO - Running <TaskInstance: MyPersonalAirflowProject.Print_Imported_data scheduled__2022-10-06T00:00:00+00:00 [running]> on host 638485efabe7
[2022-11-17T16:27:01.821+0000] {taskinstance.py:1592} INFO - Exporting the following env vars:
AIRFLOW_CTX_DAG_OWNER=***
AIRFLOW_CTX_DAG_ID=MyPersonalAirflowProject
AIRFLOW_CTX_TASK_ID=Print_Imported_data
AIRFLOW_CTX_EXECUTION_DATE=2022-10-06T00:00:00+00:00
AIRFLOW_CTX_TRY_NUMBER=1
AIRFLOW_CTX_DAG_RUN_ID=scheduled__2022-10-06T00:00:00+00:00
[2022-11-17T16:27:01.822+0000] {subprocess.py:63} INFO - Tmp dir root location: 
 /tmp
[2022-11-17T16:27:01.823+0000] {subprocess.py:75} INFO - Running command: ['/bin/bash', '-c', 'ls /tmp/ && head /tmp/platzi_data_20221006.csv']
[2022-11-17T16:27:01.834+0000] {subprocess.py:86} INFO - Output:
[2022-11-17T16:27:01.838+0000] {subprocess.py:93} INFO - ***tmpk5xxq3nx
[2022-11-17T16:27:01.839+0000] {subprocess.py:93} INFO - ***tmplkvca7ip
[2022-11-17T16:27:01.839+0000] {subprocess.py:93} INFO - ***tmpodkacs8z
[2022-11-17T16:27:01.840+0000] {subprocess.py:93} INFO - ***tmpx4ufpfi8
[2022-11-17T16:27:01.840+0000] {subprocess.py:93} INFO - file.txt
[2022-11-17T16:27:01.840+0000] {subprocess.py:93} INFO - history.json
[2022-11-17T16:27:01.841+0000] {subprocess.py:93} INFO - platzi_data_20221001.csv
[2022-11-17T16:27:01.841+0000] {subprocess.py:93} INFO - platzi_data_20221002.csv
[2022-11-17T16:27:01.841+0000] {subprocess.py:93} INFO - platzi_data_20221003.csv
[2022-11-17T16:27:01.841+0000] {subprocess.py:93} INFO - platzi_data_20221004.csv
[2022-11-17T16:27:01.842+0000] {subprocess.py:93} INFO - platzi_data_20221005.csv
[2022-11-17T16:27:01.842+0000] {subprocess.py:93} INFO - platzi_data_20221006.csv
[2022-11-17T16:27:01.842+0000] {subprocess.py:93} INFO - platzi_data_20221007.csv
[2022-11-17T16:27:01.842+0000] {subprocess.py:93} INFO - platzi_data_20221008.csv
[2022-11-17T16:27:01.843+0000] {subprocess.py:93} INFO - platzi_data_20221009.csv
[2022-11-17T16:27:01.843+0000] {subprocess.py:93} INFO - platzi_data_20221010.csv
[2022-11-17T16:27:01.843+0000] {subprocess.py:93} INFO - platzi_data_20221011.csv
[2022-11-17T16:27:01.844+0000] {subprocess.py:93} INFO - platzi_data_20221012.csv
[2022-11-17T16:27:01.844+0000] {subprocess.py:93} INFO - platzi_data_20221013.csv
[2022-11-17T16:27:01.844+0000] {subprocess.py:93} INFO - platzi_data_20221014.csv
[2022-11-17T16:27:01.845+0000] {subprocess.py:93} INFO - platzi_data_20221015.csv
[2022-11-17T16:27:01.845+0000] {subprocess.py:93} INFO - platzi_data_20221016.csv
[2022-11-17T16:27:01.846+0000] {subprocess.py:93} INFO - platzi_data_20221017.csv
[2022-11-17T16:27:01.847+0000] {subprocess.py:93} INFO - platzi_data_20221018.csv
[2022-11-17T16:27:01.847+0000] {subprocess.py:93} INFO - platzi_data_20221019.csv
[2022-11-17T16:27:01.848+0000] {subprocess.py:93} INFO - platzi_data_20221020.csv
[2022-11-17T16:27:01.848+0000] {subprocess.py:93} INFO - platzi_data_20221021.csv
[2022-11-17T16:27:01.849+0000] {subprocess.py:93} INFO - platzi_data_20221022.csv
[2022-11-17T16:27:01.849+0000] {subprocess.py:93} INFO - platzi_data_20221023.csv
[2022-11-17T16:27:01.850+0000] {subprocess.py:93} INFO - platzi_data_20221024.csv
[2022-11-17T16:27:01.850+0000] {subprocess.py:93} INFO - platzi_data_20221025.csv
[2022-11-17T16:27:01.851+0000] {subprocess.py:93} INFO - platzi_data_20221026.csv
[2022-11-17T16:27:01.851+0000] {subprocess.py:93} INFO - platzi_data_20221027.csv
[2022-11-17T16:27:01.851+0000] {subprocess.py:93} INFO - platzi_data_20221028.csv
[2022-11-17T16:27:01.852+0000] {subprocess.py:93} INFO - platzi_data_20221029.csv
[2022-11-17T16:27:01.852+0000] {subprocess.py:93} INFO - platzi_data_20221030.csv
[2022-11-17T16:27:01.852+0000] {subprocess.py:93} INFO - platzi_data_20221031.csv
[2022-11-17T16:27:01.853+0000] {subprocess.py:93} INFO - platzi_data_20221101.csv
[2022-11-17T16:27:01.853+0000] {subprocess.py:93} INFO - platzi_data_20221102.csv
[2022-11-17T16:27:01.853+0000] {subprocess.py:93} INFO - platzi_data_20221103.csv
[2022-11-17T16:27:01.854+0000] {subprocess.py:93} INFO - platzi_data_20221104.csv
[2022-11-17T16:27:01.854+0000] {subprocess.py:93} INFO - platzi_data_20221105.csv
[2022-11-17T16:27:01.854+0000] {subprocess.py:93} INFO - platzi_data_20221106.csv
[2022-11-17T16:27:01.854+0000] {subprocess.py:93} INFO - platzi_data_20221107.csv
[2022-11-17T16:27:01.855+0000] {subprocess.py:93} INFO - platzi_data_20221108.csv
[2022-11-17T16:27:01.855+0000] {subprocess.py:93} INFO - platzi_data_20221109.csv
[2022-11-17T16:27:01.855+0000] {subprocess.py:93} INFO - platzi_data_20221110.csv
[2022-11-17T16:27:01.856+0000] {subprocess.py:93} INFO - platzi_data_20221111.csv
[2022-11-17T16:27:01.856+0000] {subprocess.py:93} INFO - platzi_data_20221112.csv
[2022-11-17T16:27:01.856+0000] {subprocess.py:93} INFO - platzi_data_20221113.csv
[2022-11-17T16:27:01.856+0000] {subprocess.py:93} INFO - platzi_data_20221114.csv
[2022-11-17T16:27:01.857+0000] {subprocess.py:93} INFO - platzi_data_20221115.csv
[2022-11-17T16:27:01.857+0000] {subprocess.py:93} INFO - platzi_data_20221116.csv
[2022-11-17T16:27:01.857+0000] {subprocess.py:93} INFO - pymp-8yik9lbi
[2022-11-17T16:27:01.857+0000] {subprocess.py:93} INFO - pymp-sbqt6pho
[2022-11-17T16:27:01.858+0000] {subprocess.py:93} INFO - reponse_20221001.txt
[2022-11-17T16:27:01.858+0000] {subprocess.py:93} INFO - reponse_20221002.txt
[2022-11-17T16:27:01.859+0000] {subprocess.py:93} INFO - reponse_20221003.txt
[2022-11-17T16:27:01.859+0000] {subprocess.py:93} INFO - reponse_20221004.txt
[2022-11-17T16:27:01.859+0000] {subprocess.py:93} INFO - reponse_20221005.txt
[2022-11-17T16:27:01.860+0000] {subprocess.py:93} INFO - reponse_20221006.txt
[2022-11-17T16:27:01.860+0000] {subprocess.py:93} INFO - reponse_20221007.txt
[2022-11-17T16:27:01.860+0000] {subprocess.py:93} INFO - reponse_20221008.txt
[2022-11-17T16:27:01.860+0000] {subprocess.py:93} INFO - reponse_20221009.txt
[2022-11-17T16:27:01.861+0000] {subprocess.py:93} INFO - reponse_20221010.txt
[2022-11-17T16:27:01.861+0000] {subprocess.py:93} INFO - reponse_20221011.txt
[2022-11-17T16:27:01.861+0000] {subprocess.py:93} INFO - reponse_20221012.txt
[2022-11-17T16:27:01.861+0000] {subprocess.py:93} INFO - reponse_20221013.txt
[2022-11-17T16:27:01.862+0000] {subprocess.py:93} INFO - reponse_20221014.txt
[2022-11-17T16:27:01.862+0000] {subprocess.py:93} INFO - reponse_20221015.txt
[2022-11-17T16:27:01.863+0000] {subprocess.py:93} INFO - reponse_20221016.txt
[2022-11-17T16:27:01.863+0000] {subprocess.py:93} INFO - reponse_20221017.txt
[2022-11-17T16:27:01.864+0000] {subprocess.py:93} INFO - reponse_20221018.txt
[2022-11-17T16:27:01.864+0000] {subprocess.py:93} INFO - reponse_20221019.txt
[2022-11-17T16:27:01.865+0000] {subprocess.py:93} INFO - reponse_20221020.txt
[2022-11-17T16:27:01.865+0000] {subprocess.py:93} INFO - reponse_20221021.txt
[2022-11-17T16:27:01.865+0000] {subprocess.py:93} INFO - reponse_20221022.txt
[2022-11-17T16:27:01.866+0000] {subprocess.py:93} INFO - reponse_20221023.txt
[2022-11-17T16:27:01.866+0000] {subprocess.py:93} INFO - reponse_20221024.txt
[2022-11-17T16:27:01.867+0000] {subprocess.py:93} INFO - reponse_20221025.txt
[2022-11-17T16:27:01.867+0000] {subprocess.py:93} INFO - reponse_20221026.txt
[2022-11-17T16:27:01.947+0000] {subprocess.py:93} INFO - reponse_20221027.txt
[2022-11-17T16:27:01.948+0000] {subprocess.py:93} INFO - reponse_20221028.txt
[2022-11-17T16:27:01.949+0000] {subprocess.py:93} INFO - reponse_20221029.txt
[2022-11-17T16:27:01.949+0000] {subprocess.py:93} INFO - reponse_20221030.txt
[2022-11-17T16:27:01.950+0000] {subprocess.py:93} INFO - reponse_20221031.txt
[2022-11-17T16:27:01.951+0000] {subprocess.py:93} INFO - reponse_20221101.txt
[2022-11-17T16:27:01.951+0000] {subprocess.py:93} INFO - reponse_20221102.txt
[2022-11-17T16:27:01.952+0000] {subprocess.py:93} INFO - reponse_20221103.txt
[2022-11-17T16:27:01.952+0000] {subprocess.py:93} INFO - reponse_20221104.txt
[2022-11-17T16:27:01.953+0000] {subprocess.py:93} INFO - reponse_20221105.txt
[2022-11-17T16:27:01.953+0000] {subprocess.py:93} INFO - reponse_20221106.txt
[2022-11-17T16:27:01.953+0000] {subprocess.py:93} INFO - reponse_20221107.txt
[2022-11-17T16:27:01.954+0000] {subprocess.py:93} INFO - reponse_20221108.txt
[2022-11-17T16:27:01.954+0000] {subprocess.py:93} INFO - reponse_20221109.txt
[2022-11-17T16:27:01.955+0000] {subprocess.py:93} INFO - reponse_20221110.txt
[2022-11-17T16:27:01.955+0000] {subprocess.py:93} INFO - reponse_20221111.txt
[2022-11-17T16:27:01.956+0000] {subprocess.py:93} INFO - reponse_20221112.txt
[2022-11-17T16:27:01.956+0000] {subprocess.py:93} INFO - reponse_20221113.txt
[2022-11-17T16:27:01.957+0000] {subprocess.py:93} INFO - reponse_20221114.txt
[2022-11-17T16:27:01.958+0000] {subprocess.py:93} INFO - reponse_20221115.txt
[2022-11-17T16:27:01.958+0000] {subprocess.py:93} INFO - reponse_20221116.txt
[2022-11-17T16:27:01.959+0000] {subprocess.py:93} INFO - tmp061o5asr
[2022-11-17T16:27:01.960+0000] {subprocess.py:93} INFO - tmp1b_v374g
[2022-11-17T16:27:01.960+0000] {subprocess.py:93} INFO - tmp2n3y4qb3
[2022-11-17T16:27:01.961+0000] {subprocess.py:93} INFO - tmp2ztydtyd
[2022-11-17T16:27:01.961+0000] {subprocess.py:93} INFO - tmp546oqdk0
[2022-11-17T16:27:01.962+0000] {subprocess.py:93} INFO - tmp57roj99h
[2022-11-17T16:27:01.963+0000] {subprocess.py:93} INFO - tmp5lejojs5
[2022-11-17T16:27:01.963+0000] {subprocess.py:93} INFO - tmp5nj2onwa
[2022-11-17T16:27:01.964+0000] {subprocess.py:93} INFO - tmp64cxrvul
[2022-11-17T16:27:01.965+0000] {subprocess.py:93} INFO - tmp6g4l21c1
[2022-11-17T16:27:01.966+0000] {subprocess.py:93} INFO - tmp7c6bgots
[2022-11-17T16:27:01.966+0000] {subprocess.py:93} INFO - tmp7khebugo
[2022-11-17T16:27:01.967+0000] {subprocess.py:93} INFO - tmp7lvtz6wk
[2022-11-17T16:27:01.968+0000] {subprocess.py:93} INFO - tmp8_n1aj39
[2022-11-17T16:27:01.968+0000] {subprocess.py:93} INFO - tmp8c_dsk2e
[2022-11-17T16:27:01.969+0000] {subprocess.py:93} INFO - tmp928ntdt7
[2022-11-17T16:27:01.970+0000] {subprocess.py:93} INFO - tmp9503grtb
[2022-11-17T16:27:01.971+0000] {subprocess.py:93} INFO - tmp_afh1uos
[2022-11-17T16:27:01.972+0000] {subprocess.py:93} INFO - tmp_m6lsnw3
[2022-11-17T16:27:01.972+0000] {subprocess.py:93} INFO - tmp_vy6n6_q
[2022-11-17T16:27:01.973+0000] {subprocess.py:93} INFO - tmpcnj5oj8y
[2022-11-17T16:27:01.973+0000] {subprocess.py:93} INFO - tmpcu_pom_6
[2022-11-17T16:27:01.974+0000] {subprocess.py:93} INFO - tmpdmc2g1zb
[2022-11-17T16:27:01.975+0000] {subprocess.py:93} INFO - tmpe4k1ogev
[2022-11-17T16:27:01.975+0000] {subprocess.py:93} INFO - tmpg_n88zm7
[2022-11-17T16:27:01.976+0000] {subprocess.py:93} INFO - tmpgg8mkst1
[2022-11-17T16:27:01.976+0000] {subprocess.py:93} INFO - tmpgi8v82jx
[2022-11-17T16:27:01.977+0000] {subprocess.py:93} INFO - tmpiez6kail
[2022-11-17T16:27:01.977+0000] {subprocess.py:93} INFO - tmpj1n4wxza
[2022-11-17T16:27:01.978+0000] {subprocess.py:93} INFO - tmpjsznho2e
[2022-11-17T16:27:01.979+0000] {subprocess.py:93} INFO - tmpkrg9_cgk
[2022-11-17T16:27:01.980+0000] {subprocess.py:93} INFO - tmpl13ymsfs
[2022-11-17T16:27:01.981+0000] {subprocess.py:93} INFO - tmplrbhl64b
[2022-11-17T16:27:01.981+0000] {subprocess.py:93} INFO - tmpn38ozedg
[2022-11-17T16:27:01.982+0000] {subprocess.py:93} INFO - tmpn96u_4ih
[2022-11-17T16:27:01.982+0000] {subprocess.py:93} INFO - tmpo3nf6k5c
[2022-11-17T16:27:01.983+0000] {subprocess.py:93} INFO - tmpoy_ljy8t
[2022-11-17T16:27:01.984+0000] {subprocess.py:93} INFO - tmpp4w9yq6x
[2022-11-17T16:27:01.985+0000] {subprocess.py:93} INFO - tmppfidxzjr
[2022-11-17T16:27:01.985+0000] {subprocess.py:93} INFO - tmpr681bhfw
[2022-11-17T16:27:01.986+0000] {subprocess.py:93} INFO - tmpr9102hwf
[2022-11-17T16:27:01.986+0000] {subprocess.py:93} INFO - tmpt4qo16oq
[2022-11-17T16:27:01.987+0000] {subprocess.py:93} INFO - tmptn832g5z
[2022-11-17T16:27:01.987+0000] {subprocess.py:93} INFO - tmpu9qbl0wh
[2022-11-17T16:27:01.988+0000] {subprocess.py:93} INFO - tmpuq8ywung
[2022-11-17T16:27:01.988+0000] {subprocess.py:93} INFO - tmpv606o9_9
[2022-11-17T16:27:01.988+0000] {subprocess.py:93} INFO - tmpxf7g1lc4
[2022-11-17T16:27:01.989+0000] {subprocess.py:93} INFO - tmpxktobcjf
[2022-11-17T16:27:01.989+0000] {subprocess.py:93} INFO - tmpz91iizm7
[2022-11-17T16:27:01.990+0000] {subprocess.py:93} INFO - ,student,timestamp
[2022-11-17T16:27:01.991+0000] {subprocess.py:93} INFO - 0,Maria Cruz,2022-10-06 00:00:00+00:00
[2022-11-17T16:27:01.991+0000] {subprocess.py:93} INFO - 1,Daniel Crema,2022-10-06 00:00:00+00:00
[2022-11-17T16:27:01.992+0000] {subprocess.py:93} INFO - 2,Elon Musk,2022-10-06 00:00:00+00:00
[2022-11-17T16:27:01.993+0000] {subprocess.py:93} INFO - 3,Karol Castrejon,2022-10-06 00:00:00+00:00
[2022-11-17T16:27:01.993+0000] {subprocess.py:93} INFO - 4,Freddy Vega,2022-10-06 00:00:00+00:00
[2022-11-17T16:27:01.994+0000] {subprocess.py:93} INFO - 5,Freddy Montañez,2022-10-06 00:00:00+00:00
[2022-11-17T16:27:01.994+0000] {subprocess.py:97} INFO - Command exited with return code 0
[2022-11-17T16:27:02.056+0000] {taskinstance.py:1406} INFO - Marking task as SUCCESS. dag_id=MyPersonalAirflowProject, task_id=Print_Imported_data, execution_date=20221006T000000, start_date=20221117T162701, end_date=20221117T162702
[2022-11-17T16:27:02.161+0000] {local_task_job.py:164} INFO - Task exited with return code 0
[2022-11-17T16:27:02.194+0000] {local_task_job.py:273} INFO - 2 downstream tasks scheduled from follow-on schedule check
[2022-11-17T17:19:08.838+0000] {taskinstance.py:1165} INFO - Dependencies all met for <TaskInstance: MyPersonalAirflowProject.Print_Imported_data scheduled__2022-10-06T00:00:00+00:00 [queued]>
[2022-11-17T17:19:08.935+0000] {taskinstance.py:1165} INFO - Dependencies all met for <TaskInstance: MyPersonalAirflowProject.Print_Imported_data scheduled__2022-10-06T00:00:00+00:00 [queued]>
[2022-11-17T17:19:08.936+0000] {taskinstance.py:1362} INFO - 
--------------------------------------------------------------------------------
[2022-11-17T17:19:08.937+0000] {taskinstance.py:1363} INFO - Starting attempt 1 of 1
[2022-11-17T17:19:08.938+0000] {taskinstance.py:1364} INFO - 
--------------------------------------------------------------------------------
[2022-11-17T17:19:08.960+0000] {taskinstance.py:1383} INFO - Executing <Task(BashOperator): Print_Imported_data> on 2022-10-06 00:00:00+00:00
[2022-11-17T17:19:08.966+0000] {standard_task_runner.py:55} INFO - Started process 6797 to run task
[2022-11-17T17:19:08.970+0000] {standard_task_runner.py:82} INFO - Running: ['***', 'tasks', 'run', 'MyPersonalAirflowProject', 'Print_Imported_data', 'scheduled__2022-10-06T00:00:00+00:00', '--job-id', '2479', '--raw', '--subdir', 'DAGS_FOLDER/FinalPersonalProject.py', '--cfg-path', '/tmp/tmpempae5u9']
[2022-11-17T17:19:08.971+0000] {standard_task_runner.py:83} INFO - Job 2479: Subtask Print_Imported_data
[2022-11-17T17:19:09.042+0000] {task_command.py:376} INFO - Running <TaskInstance: MyPersonalAirflowProject.Print_Imported_data scheduled__2022-10-06T00:00:00+00:00 [running]> on host 638485efabe7
[2022-11-17T17:19:09.276+0000] {taskinstance.py:1592} INFO - Exporting the following env vars:
AIRFLOW_CTX_DAG_OWNER=***
AIRFLOW_CTX_DAG_ID=MyPersonalAirflowProject
AIRFLOW_CTX_TASK_ID=Print_Imported_data
AIRFLOW_CTX_EXECUTION_DATE=2022-10-06T00:00:00+00:00
AIRFLOW_CTX_TRY_NUMBER=1
AIRFLOW_CTX_DAG_RUN_ID=scheduled__2022-10-06T00:00:00+00:00
[2022-11-17T17:19:09.278+0000] {subprocess.py:63} INFO - Tmp dir root location: 
 /tmp
[2022-11-17T17:19:09.279+0000] {subprocess.py:75} INFO - Running command: ['/bin/bash', '-c', 'ls /tmp/ && head /tmp/platzi_data_20221006.csv']
[2022-11-17T17:19:09.296+0000] {subprocess.py:86} INFO - Output:
[2022-11-17T17:19:09.303+0000] {subprocess.py:93} INFO - ***tmp5p9n36o4
[2022-11-17T17:19:09.304+0000] {subprocess.py:93} INFO - ***tmpk5xxq3nx
[2022-11-17T17:19:09.305+0000] {subprocess.py:93} INFO - ***tmplkvca7ip
[2022-11-17T17:19:09.305+0000] {subprocess.py:93} INFO - ***tmpodkacs8z
[2022-11-17T17:19:09.306+0000] {subprocess.py:93} INFO - file.txt
[2022-11-17T17:19:09.306+0000] {subprocess.py:93} INFO - history.json
[2022-11-17T17:19:09.306+0000] {subprocess.py:93} INFO - platzi_data_20221001.csv
[2022-11-17T17:19:09.306+0000] {subprocess.py:93} INFO - platzi_data_20221002.csv
[2022-11-17T17:19:09.307+0000] {subprocess.py:93} INFO - platzi_data_20221003.csv
[2022-11-17T17:19:09.307+0000] {subprocess.py:93} INFO - platzi_data_20221004.csv
[2022-11-17T17:19:09.307+0000] {subprocess.py:93} INFO - platzi_data_20221005.csv
[2022-11-17T17:19:09.308+0000] {subprocess.py:93} INFO - platzi_data_20221006.csv
[2022-11-17T17:19:09.308+0000] {subprocess.py:93} INFO - platzi_data_20221007.csv
[2022-11-17T17:19:09.308+0000] {subprocess.py:93} INFO - platzi_data_20221008.csv
[2022-11-17T17:19:09.309+0000] {subprocess.py:93} INFO - platzi_data_20221009.csv
[2022-11-17T17:19:09.309+0000] {subprocess.py:93} INFO - platzi_data_20221010.csv
[2022-11-17T17:19:09.309+0000] {subprocess.py:93} INFO - platzi_data_20221011.csv
[2022-11-17T17:19:09.310+0000] {subprocess.py:93} INFO - platzi_data_20221012.csv
[2022-11-17T17:19:09.310+0000] {subprocess.py:93} INFO - platzi_data_20221013.csv
[2022-11-17T17:19:09.310+0000] {subprocess.py:93} INFO - platzi_data_20221014.csv
[2022-11-17T17:19:09.311+0000] {subprocess.py:93} INFO - platzi_data_20221015.csv
[2022-11-17T17:19:09.311+0000] {subprocess.py:93} INFO - platzi_data_20221016.csv
[2022-11-17T17:19:09.311+0000] {subprocess.py:93} INFO - platzi_data_20221017.csv
[2022-11-17T17:19:09.312+0000] {subprocess.py:93} INFO - platzi_data_20221018.csv
[2022-11-17T17:19:09.312+0000] {subprocess.py:93} INFO - platzi_data_20221019.csv
[2022-11-17T17:19:09.312+0000] {subprocess.py:93} INFO - platzi_data_20221020.csv
[2022-11-17T17:19:09.313+0000] {subprocess.py:93} INFO - platzi_data_20221021.csv
[2022-11-17T17:19:09.313+0000] {subprocess.py:93} INFO - platzi_data_20221022.csv
[2022-11-17T17:19:09.313+0000] {subprocess.py:93} INFO - platzi_data_20221023.csv
[2022-11-17T17:19:09.314+0000] {subprocess.py:93} INFO - platzi_data_20221024.csv
[2022-11-17T17:19:09.314+0000] {subprocess.py:93} INFO - platzi_data_20221025.csv
[2022-11-17T17:19:09.314+0000] {subprocess.py:93} INFO - platzi_data_20221026.csv
[2022-11-17T17:19:09.315+0000] {subprocess.py:93} INFO - platzi_data_20221027.csv
[2022-11-17T17:19:09.315+0000] {subprocess.py:93} INFO - platzi_data_20221028.csv
[2022-11-17T17:19:09.315+0000] {subprocess.py:93} INFO - platzi_data_20221029.csv
[2022-11-17T17:19:09.315+0000] {subprocess.py:93} INFO - platzi_data_20221030.csv
[2022-11-17T17:19:09.316+0000] {subprocess.py:93} INFO - platzi_data_20221031.csv
[2022-11-17T17:19:09.316+0000] {subprocess.py:93} INFO - platzi_data_20221101.csv
[2022-11-17T17:19:09.316+0000] {subprocess.py:93} INFO - platzi_data_20221102.csv
[2022-11-17T17:19:09.317+0000] {subprocess.py:93} INFO - platzi_data_20221103.csv
[2022-11-17T17:19:09.317+0000] {subprocess.py:93} INFO - platzi_data_20221104.csv
[2022-11-17T17:19:09.317+0000] {subprocess.py:93} INFO - platzi_data_20221105.csv
[2022-11-17T17:19:09.318+0000] {subprocess.py:93} INFO - platzi_data_20221106.csv
[2022-11-17T17:19:09.318+0000] {subprocess.py:93} INFO - platzi_data_20221107.csv
[2022-11-17T17:19:09.318+0000] {subprocess.py:93} INFO - platzi_data_20221108.csv
[2022-11-17T17:19:09.318+0000] {subprocess.py:93} INFO - platzi_data_20221109.csv
[2022-11-17T17:19:09.319+0000] {subprocess.py:93} INFO - platzi_data_20221110.csv
[2022-11-17T17:19:09.319+0000] {subprocess.py:93} INFO - platzi_data_20221111.csv
[2022-11-17T17:19:09.319+0000] {subprocess.py:93} INFO - platzi_data_20221112.csv
[2022-11-17T17:19:09.321+0000] {subprocess.py:93} INFO - platzi_data_20221113.csv
[2022-11-17T17:19:09.321+0000] {subprocess.py:93} INFO - platzi_data_20221114.csv
[2022-11-17T17:19:09.322+0000] {subprocess.py:93} INFO - platzi_data_20221115.csv
[2022-11-17T17:19:09.322+0000] {subprocess.py:93} INFO - platzi_data_20221116.csv
[2022-11-17T17:19:09.322+0000] {subprocess.py:93} INFO - pymp-8yik9lbi
[2022-11-17T17:19:09.323+0000] {subprocess.py:93} INFO - pymp-sbqt6pho
[2022-11-17T17:19:09.323+0000] {subprocess.py:93} INFO - reponse_20221001.txt
[2022-11-17T17:19:09.323+0000] {subprocess.py:93} INFO - reponse_20221002.txt
[2022-11-17T17:19:09.324+0000] {subprocess.py:93} INFO - reponse_20221003.txt
[2022-11-17T17:19:09.324+0000] {subprocess.py:93} INFO - reponse_20221004.txt
[2022-11-17T17:19:09.324+0000] {subprocess.py:93} INFO - reponse_20221005.txt
[2022-11-17T17:19:09.325+0000] {subprocess.py:93} INFO - reponse_20221006.txt
[2022-11-17T17:19:09.325+0000] {subprocess.py:93} INFO - reponse_20221007.txt
[2022-11-17T17:19:09.325+0000] {subprocess.py:93} INFO - reponse_20221008.txt
[2022-11-17T17:19:09.325+0000] {subprocess.py:93} INFO - reponse_20221009.txt
[2022-11-17T17:19:09.326+0000] {subprocess.py:93} INFO - reponse_20221010.txt
[2022-11-17T17:19:09.326+0000] {subprocess.py:93} INFO - reponse_20221011.txt
[2022-11-17T17:19:09.326+0000] {subprocess.py:93} INFO - reponse_20221012.txt
[2022-11-17T17:19:09.327+0000] {subprocess.py:93} INFO - reponse_20221013.txt
[2022-11-17T17:19:09.327+0000] {subprocess.py:93} INFO - reponse_20221014.txt
[2022-11-17T17:19:09.327+0000] {subprocess.py:93} INFO - reponse_20221015.txt
[2022-11-17T17:19:09.328+0000] {subprocess.py:93} INFO - reponse_20221016.txt
[2022-11-17T17:19:09.328+0000] {subprocess.py:93} INFO - reponse_20221017.txt
[2022-11-17T17:19:09.328+0000] {subprocess.py:93} INFO - reponse_20221018.txt
[2022-11-17T17:19:09.328+0000] {subprocess.py:93} INFO - reponse_20221019.txt
[2022-11-17T17:19:09.329+0000] {subprocess.py:93} INFO - reponse_20221020.txt
[2022-11-17T17:19:09.329+0000] {subprocess.py:93} INFO - reponse_20221021.txt
[2022-11-17T17:19:09.329+0000] {subprocess.py:93} INFO - reponse_20221022.txt
[2022-11-17T17:19:09.330+0000] {subprocess.py:93} INFO - reponse_20221023.txt
[2022-11-17T17:19:09.330+0000] {subprocess.py:93} INFO - reponse_20221024.txt
[2022-11-17T17:19:09.330+0000] {subprocess.py:93} INFO - reponse_20221025.txt
[2022-11-17T17:19:09.331+0000] {subprocess.py:93} INFO - reponse_20221026.txt
[2022-11-17T17:19:09.331+0000] {subprocess.py:93} INFO - reponse_20221027.txt
[2022-11-17T17:19:09.331+0000] {subprocess.py:93} INFO - reponse_20221028.txt
[2022-11-17T17:19:09.331+0000] {subprocess.py:93} INFO - reponse_20221029.txt
[2022-11-17T17:19:09.332+0000] {subprocess.py:93} INFO - reponse_20221030.txt
[2022-11-17T17:19:09.332+0000] {subprocess.py:93} INFO - reponse_20221031.txt
[2022-11-17T17:19:09.332+0000] {subprocess.py:93} INFO - reponse_20221101.txt
[2022-11-17T17:19:09.333+0000] {subprocess.py:93} INFO - reponse_20221102.txt
[2022-11-17T17:19:09.333+0000] {subprocess.py:93} INFO - reponse_20221103.txt
[2022-11-17T17:19:09.333+0000] {subprocess.py:93} INFO - reponse_20221104.txt
[2022-11-17T17:19:09.333+0000] {subprocess.py:93} INFO - reponse_20221105.txt
[2022-11-17T17:19:09.334+0000] {subprocess.py:93} INFO - reponse_20221106.txt
[2022-11-17T17:19:09.334+0000] {subprocess.py:93} INFO - reponse_20221107.txt
[2022-11-17T17:19:09.335+0000] {subprocess.py:93} INFO - reponse_20221108.txt
[2022-11-17T17:19:09.335+0000] {subprocess.py:93} INFO - reponse_20221109.txt
[2022-11-17T17:19:09.335+0000] {subprocess.py:93} INFO - reponse_20221110.txt
[2022-11-17T17:19:09.335+0000] {subprocess.py:93} INFO - reponse_20221111.txt
[2022-11-17T17:19:09.336+0000] {subprocess.py:93} INFO - reponse_20221112.txt
[2022-11-17T17:19:09.336+0000] {subprocess.py:93} INFO - reponse_20221113.txt
[2022-11-17T17:19:09.336+0000] {subprocess.py:93} INFO - reponse_20221114.txt
[2022-11-17T17:19:09.337+0000] {subprocess.py:93} INFO - reponse_20221115.txt
[2022-11-17T17:19:09.338+0000] {subprocess.py:93} INFO - reponse_20221116.txt
[2022-11-17T17:19:09.338+0000] {subprocess.py:93} INFO - tmp061o5asr
[2022-11-17T17:19:09.339+0000] {subprocess.py:93} INFO - tmp1b_v374g
[2022-11-17T17:19:09.339+0000] {subprocess.py:93} INFO - tmp2n3y4qb3
[2022-11-17T17:19:09.339+0000] {subprocess.py:93} INFO - tmp2ztydtyd
[2022-11-17T17:19:09.339+0000] {subprocess.py:93} INFO - tmp546oqdk0
[2022-11-17T17:19:09.340+0000] {subprocess.py:93} INFO - tmp57roj99h
[2022-11-17T17:19:09.340+0000] {subprocess.py:93} INFO - tmp5lejojs5
[2022-11-17T17:19:09.340+0000] {subprocess.py:93} INFO - tmp5nj2onwa
[2022-11-17T17:19:09.341+0000] {subprocess.py:93} INFO - tmp64cxrvul
[2022-11-17T17:19:09.341+0000] {subprocess.py:93} INFO - tmp6g4l21c1
[2022-11-17T17:19:09.341+0000] {subprocess.py:93} INFO - tmp7c6bgots
[2022-11-17T17:19:09.341+0000] {subprocess.py:93} INFO - tmp7khebugo
[2022-11-17T17:19:09.342+0000] {subprocess.py:93} INFO - tmp7lvtz6wk
[2022-11-17T17:19:09.342+0000] {subprocess.py:93} INFO - tmp8_n1aj39
[2022-11-17T17:19:09.342+0000] {subprocess.py:93} INFO - tmp8c_dsk2e
[2022-11-17T17:19:09.343+0000] {subprocess.py:93} INFO - tmp928ntdt7
[2022-11-17T17:19:09.343+0000] {subprocess.py:93} INFO - tmp9503grtb
[2022-11-17T17:19:09.343+0000] {subprocess.py:93} INFO - tmp_afh1uos
[2022-11-17T17:19:09.344+0000] {subprocess.py:93} INFO - tmp_m6lsnw3
[2022-11-17T17:19:09.344+0000] {subprocess.py:93} INFO - tmp_vy6n6_q
[2022-11-17T17:19:09.344+0000] {subprocess.py:93} INFO - tmpcnj5oj8y
[2022-11-17T17:19:09.345+0000] {subprocess.py:93} INFO - tmpcu_pom_6
[2022-11-17T17:19:09.345+0000] {subprocess.py:93} INFO - tmpdmc2g1zb
[2022-11-17T17:19:09.345+0000] {subprocess.py:93} INFO - tmpe4k1ogev
[2022-11-17T17:19:09.346+0000] {subprocess.py:93} INFO - tmpg_n88zm7
[2022-11-17T17:19:09.346+0000] {subprocess.py:93} INFO - tmpgg8mkst1
[2022-11-17T17:19:09.346+0000] {subprocess.py:93} INFO - tmpgi8v82jx
[2022-11-17T17:19:09.347+0000] {subprocess.py:93} INFO - tmpiez6kail
[2022-11-17T17:19:09.347+0000] {subprocess.py:93} INFO - tmpj1n4wxza
[2022-11-17T17:19:09.347+0000] {subprocess.py:93} INFO - tmpjsznho2e
[2022-11-17T17:19:09.348+0000] {subprocess.py:93} INFO - tmpkrg9_cgk
[2022-11-17T17:19:09.348+0000] {subprocess.py:93} INFO - tmpl13ymsfs
[2022-11-17T17:19:09.349+0000] {subprocess.py:93} INFO - tmplrbhl64b
[2022-11-17T17:19:09.349+0000] {subprocess.py:93} INFO - tmpn38ozedg
[2022-11-17T17:19:09.349+0000] {subprocess.py:93} INFO - tmpn96u_4ih
[2022-11-17T17:19:09.350+0000] {subprocess.py:93} INFO - tmpo3nf6k5c
[2022-11-17T17:19:09.350+0000] {subprocess.py:93} INFO - tmpoy_ljy8t
[2022-11-17T17:19:09.350+0000] {subprocess.py:93} INFO - tmpp4w9yq6x
[2022-11-17T17:19:09.351+0000] {subprocess.py:93} INFO - tmppfidxzjr
[2022-11-17T17:19:09.351+0000] {subprocess.py:93} INFO - tmpr681bhfw
[2022-11-17T17:19:09.351+0000] {subprocess.py:93} INFO - tmpr9102hwf
[2022-11-17T17:19:09.352+0000] {subprocess.py:93} INFO - tmpt4qo16oq
[2022-11-17T17:19:09.352+0000] {subprocess.py:93} INFO - tmptn832g5z
[2022-11-17T17:19:09.353+0000] {subprocess.py:93} INFO - tmpu9qbl0wh
[2022-11-17T17:19:09.354+0000] {subprocess.py:93} INFO - tmpuq8ywung
[2022-11-17T17:19:09.354+0000] {subprocess.py:93} INFO - tmpv606o9_9
[2022-11-17T17:19:09.355+0000] {subprocess.py:93} INFO - tmpxf7g1lc4
[2022-11-17T17:19:09.355+0000] {subprocess.py:93} INFO - tmpxktobcjf
[2022-11-17T17:19:09.356+0000] {subprocess.py:93} INFO - tmpz91iizm7
[2022-11-17T17:19:09.356+0000] {subprocess.py:93} INFO - ,student,timestamp
[2022-11-17T17:19:09.356+0000] {subprocess.py:93} INFO - 0,Maria Cruz,2022-10-06 00:00:00+00:00
[2022-11-17T17:19:09.357+0000] {subprocess.py:93} INFO - 1,Daniel Crema,2022-10-06 00:00:00+00:00
[2022-11-17T17:19:09.357+0000] {subprocess.py:93} INFO - 2,Elon Musk,2022-10-06 00:00:00+00:00
[2022-11-17T17:19:09.357+0000] {subprocess.py:93} INFO - 3,Karol Castrejon,2022-10-06 00:00:00+00:00
[2022-11-17T17:19:09.358+0000] {subprocess.py:93} INFO - 4,Freddy Vega,2022-10-06 00:00:00+00:00
[2022-11-17T17:19:09.358+0000] {subprocess.py:93} INFO - 5,Freddy Montañez,2022-10-06 00:00:00+00:00
[2022-11-17T17:19:09.359+0000] {subprocess.py:97} INFO - Command exited with return code 0
[2022-11-17T17:19:09.388+0000] {taskinstance.py:1406} INFO - Marking task as SUCCESS. dag_id=MyPersonalAirflowProject, task_id=Print_Imported_data, execution_date=20221006T000000, start_date=20221117T171908, end_date=20221117T171909
[2022-11-17T17:19:09.424+0000] {local_task_job.py:164} INFO - Task exited with return code 0
[2022-11-17T17:19:09.456+0000] {local_task_job.py:273} INFO - 2 downstream tasks scheduled from follow-on schedule check
