[2022-11-15T19:58:08.039+0000] {taskinstance.py:1159} INFO - Dependencies not met for <TaskInstance: 10-branching.branch scheduled__2022-07-10T00:00:00+00:00 [queued]>, dependency 'Execution Date' FAILED: The execution date is 2022-07-10T00:00:00+00:00 but this is after the task's end date 2022-07-01T00:00:00+00:00.
[2022-11-15T19:58:08.058+0000] {local_task_job.py:103} INFO - Task is not able to be run
[2022-11-15T21:06:30.920+0000] {taskinstance.py:1159} INFO - Dependencies not met for <TaskInstance: 10-branching.branch scheduled__2022-07-10T00:00:00+00:00 [queued]>, dependency 'Execution Date' FAILED: The execution date is 2022-07-10T00:00:00+00:00 but this is after the task's end date 2022-07-01T00:00:00+00:00.
[2022-11-15T21:06:31.008+0000] {local_task_job.py:103} INFO - Task is not able to be run
[2022-11-15T21:12:17.686+0000] {taskinstance.py:1159} INFO - Dependencies not met for <TaskInstance: 10-branching.branch scheduled__2022-07-10T00:00:00+00:00 [queued]>, dependency 'Execution Date' FAILED: The execution date is 2022-07-10T00:00:00+00:00 but this is after the task's end date 2022-07-01T00:00:00+00:00.
[2022-11-15T21:12:17.707+0000] {local_task_job.py:103} INFO - Task is not able to be run
[2022-11-16T20:25:36.719+0000] {taskinstance.py:1165} INFO - Dependencies all met for <TaskInstance: 10-branching.branch scheduled__2022-07-10T00:00:00+00:00 [queued]>
[2022-11-16T20:25:36.799+0000] {taskinstance.py:1165} INFO - Dependencies all met for <TaskInstance: 10-branching.branch scheduled__2022-07-10T00:00:00+00:00 [queued]>
[2022-11-16T20:25:36.800+0000] {taskinstance.py:1362} INFO - 
--------------------------------------------------------------------------------
[2022-11-16T20:25:36.801+0000] {taskinstance.py:1363} INFO - Starting attempt 1 of 1
[2022-11-16T20:25:36.802+0000] {taskinstance.py:1364} INFO - 
--------------------------------------------------------------------------------
[2022-11-16T20:25:36.885+0000] {taskinstance.py:1383} INFO - Executing <Task(BranchPythonOperator): branch> on 2022-07-10 00:00:00+00:00
[2022-11-16T20:25:36.903+0000] {standard_task_runner.py:55} INFO - Started process 102 to run task
[2022-11-16T20:25:36.913+0000] {standard_task_runner.py:82} INFO - Running: ['***', 'tasks', 'run', '10-branching', 'branch', 'scheduled__2022-07-10T00:00:00+00:00', '--job-id', '1227', '--raw', '--subdir', 'DAGS_FOLDER/10-branchpythonoperator.py', '--cfg-path', '/tmp/tmph_4we0c8']
[2022-11-16T20:25:36.914+0000] {standard_task_runner.py:83} INFO - Job 1227: Subtask branch
[2022-11-16T20:25:37.052+0000] {task_command.py:376} INFO - Running <TaskInstance: 10-branching.branch scheduled__2022-07-10T00:00:00+00:00 [running]> on host 638485efabe7
[2022-11-16T20:25:37.415+0000] {taskinstance.py:1592} INFO - Exporting the following env vars:
AIRFLOW_CTX_DAG_OWNER=***
AIRFLOW_CTX_DAG_ID=10-branching
AIRFLOW_CTX_TASK_ID=branch
AIRFLOW_CTX_EXECUTION_DATE=2022-07-10T00:00:00+00:00
AIRFLOW_CTX_TRY_NUMBER=1
AIRFLOW_CTX_DAG_RUN_ID=scheduled__2022-07-10T00:00:00+00:00
[2022-11-16T20:25:37.439+0000] {python.py:177} INFO - Done. Returned value was: finish_14_june
[2022-11-16T20:25:37.441+0000] {skipmixin.py:155} INFO - Following branch finish_14_june
[2022-11-16T20:25:37.448+0000] {skipmixin.py:190} INFO - Skipping tasks ['start_15_june']
[2022-11-16T20:25:37.603+0000] {taskinstance.py:1406} INFO - Marking task as SUCCESS. dag_id=10-branching, task_id=branch, execution_date=20220710T000000, start_date=20221116T202536, end_date=20221116T202537
[2022-11-16T20:25:37.724+0000] {local_task_job.py:164} INFO - Task exited with return code 0
[2022-11-16T20:25:37.969+0000] {local_task_job.py:273} INFO - 1 downstream tasks scheduled from follow-on schedule check
