[2022-11-17T16:03:46.844+0000] {taskinstance.py:1165} INFO - Dependencies all met for <TaskInstance: MyPersonalAirflowProject.end_task scheduled__2022-11-07T00:00:00+00:00 [queued]>
[2022-11-17T16:03:46.860+0000] {taskinstance.py:1165} INFO - Dependencies all met for <TaskInstance: MyPersonalAirflowProject.end_task scheduled__2022-11-07T00:00:00+00:00 [queued]>
[2022-11-17T16:03:46.861+0000] {taskinstance.py:1362} INFO - 
--------------------------------------------------------------------------------
[2022-11-17T16:03:46.862+0000] {taskinstance.py:1363} INFO - Starting attempt 3 of 3
[2022-11-17T16:03:46.863+0000] {taskinstance.py:1364} INFO - 
--------------------------------------------------------------------------------
[2022-11-17T16:03:46.884+0000] {taskinstance.py:1383} INFO - Executing <Task(BashOperator): end_task> on 2022-11-07 00:00:00+00:00
[2022-11-17T16:03:46.891+0000] {standard_task_runner.py:55} INFO - Started process 1741 to run task
[2022-11-17T16:03:46.894+0000] {standard_task_runner.py:82} INFO - Running: ['***', 'tasks', 'run', 'MyPersonalAirflowProject', 'end_task', 'scheduled__2022-11-07T00:00:00+00:00', '--job-id', '1966', '--raw', '--subdir', 'DAGS_FOLDER/FinalPersonalProject.py', '--cfg-path', '/tmp/tmpgopc4dq7']
[2022-11-17T16:03:46.895+0000] {standard_task_runner.py:83} INFO - Job 1966: Subtask end_task
[2022-11-17T16:03:46.968+0000] {task_command.py:376} INFO - Running <TaskInstance: MyPersonalAirflowProject.end_task scheduled__2022-11-07T00:00:00+00:00 [running]> on host 638485efabe7
[2022-11-17T16:03:47.116+0000] {taskinstance.py:1592} INFO - Exporting the following env vars:
AIRFLOW_CTX_DAG_OWNER=***
AIRFLOW_CTX_DAG_ID=MyPersonalAirflowProject
AIRFLOW_CTX_TASK_ID=end_task
AIRFLOW_CTX_EXECUTION_DATE=2022-11-07T00:00:00+00:00
AIRFLOW_CTX_TRY_NUMBER=3
AIRFLOW_CTX_DAG_RUN_ID=scheduled__2022-11-07T00:00:00+00:00
[2022-11-17T16:03:47.118+0000] {subprocess.py:63} INFO - Tmp dir root location: 
 /tmp
[2022-11-17T16:03:47.120+0000] {subprocess.py:75} INFO - Running command: ['/bin/bash', '-c', 'echo "The Verification file was created successfully"']
[2022-11-17T16:03:47.139+0000] {subprocess.py:86} INFO - Output:
[2022-11-17T16:03:47.141+0000] {subprocess.py:93} INFO - The Verification file was created successfully
[2022-11-17T16:03:47.142+0000] {subprocess.py:97} INFO - Command exited with return code 0
[2022-11-17T16:03:47.178+0000] {taskinstance.py:1406} INFO - Marking task as SUCCESS. dag_id=MyPersonalAirflowProject, task_id=end_task, execution_date=20221107T000000, start_date=20221117T160346, end_date=20221117T160347
[2022-11-17T16:03:47.227+0000] {local_task_job.py:164} INFO - Task exited with return code 0
[2022-11-17T16:03:47.266+0000] {local_task_job.py:273} INFO - 1 downstream tasks scheduled from follow-on schedule check
