[2022-11-16T21:36:09.635+0000] {taskinstance.py:1165} INFO - Dependencies all met for <TaskInstance: MyPersonalAirflowProject.end_task scheduled__2022-11-07T00:00:00+00:00 [queued]>
[2022-11-16T21:36:09.658+0000] {taskinstance.py:1165} INFO - Dependencies all met for <TaskInstance: MyPersonalAirflowProject.end_task scheduled__2022-11-07T00:00:00+00:00 [queued]>
[2022-11-16T21:36:09.659+0000] {taskinstance.py:1362} INFO - 
--------------------------------------------------------------------------------
[2022-11-16T21:36:09.660+0000] {taskinstance.py:1363} INFO - Starting attempt 1 of 1
[2022-11-16T21:36:09.661+0000] {taskinstance.py:1364} INFO - 
--------------------------------------------------------------------------------
[2022-11-16T21:36:09.681+0000] {taskinstance.py:1383} INFO - Executing <Task(BashOperator): end_task> on 2022-11-07 00:00:00+00:00
[2022-11-16T21:36:09.690+0000] {standard_task_runner.py:55} INFO - Started process 3235 to run task
[2022-11-16T21:36:09.693+0000] {standard_task_runner.py:82} INFO - Running: ['***', 'tasks', 'run', 'MyPersonalAirflowProject', 'end_task', 'scheduled__2022-11-07T00:00:00+00:00', '--job-id', '1417', '--raw', '--subdir', 'DAGS_FOLDER/FinalPersonalProject.py', '--cfg-path', '/tmp/tmp58u81m9z']
[2022-11-16T21:36:09.694+0000] {standard_task_runner.py:83} INFO - Job 1417: Subtask end_task
[2022-11-16T21:36:09.796+0000] {task_command.py:376} INFO - Running <TaskInstance: MyPersonalAirflowProject.end_task scheduled__2022-11-07T00:00:00+00:00 [running]> on host 638485efabe7
[2022-11-16T21:36:09.896+0000] {taskinstance.py:1592} INFO - Exporting the following env vars:
AIRFLOW_CTX_DAG_OWNER=***
AIRFLOW_CTX_DAG_ID=MyPersonalAirflowProject
AIRFLOW_CTX_TASK_ID=end_task
AIRFLOW_CTX_EXECUTION_DATE=2022-11-07T00:00:00+00:00
AIRFLOW_CTX_TRY_NUMBER=1
AIRFLOW_CTX_DAG_RUN_ID=scheduled__2022-11-07T00:00:00+00:00
[2022-11-16T21:36:09.899+0000] {subprocess.py:63} INFO - Tmp dir root location: 
 /tmp
[2022-11-16T21:36:09.900+0000] {subprocess.py:75} INFO - Running command: ['/bin/bash', '-c', 'echo "The file was created successfully"']
[2022-11-16T21:36:09.915+0000] {subprocess.py:86} INFO - Output:
[2022-11-16T21:36:09.923+0000] {subprocess.py:93} INFO - The file was created successfully
[2022-11-16T21:36:09.924+0000] {subprocess.py:97} INFO - Command exited with return code 0
[2022-11-16T21:36:09.959+0000] {taskinstance.py:1406} INFO - Marking task as SUCCESS. dag_id=MyPersonalAirflowProject, task_id=end_task, execution_date=20221107T000000, start_date=20221116T213609, end_date=20221116T213609
[2022-11-16T21:36:10.010+0000] {local_task_job.py:164} INFO - Task exited with return code 0
[2022-11-16T21:36:10.035+0000] {local_task_job.py:273} INFO - 0 downstream tasks scheduled from follow-on schedule check
[2022-11-16T22:33:14.595+0000] {taskinstance.py:1165} INFO - Dependencies all met for <TaskInstance: MyPersonalAirflowProject.end_task scheduled__2022-11-07T00:00:00+00:00 [queued]>
[2022-11-16T22:33:14.613+0000] {taskinstance.py:1165} INFO - Dependencies all met for <TaskInstance: MyPersonalAirflowProject.end_task scheduled__2022-11-07T00:00:00+00:00 [queued]>
[2022-11-16T22:33:14.613+0000] {taskinstance.py:1362} INFO - 
--------------------------------------------------------------------------------
[2022-11-16T22:33:14.614+0000] {taskinstance.py:1363} INFO - Starting attempt 1 of 1
[2022-11-16T22:33:14.614+0000] {taskinstance.py:1364} INFO - 
--------------------------------------------------------------------------------
[2022-11-16T22:33:14.634+0000] {taskinstance.py:1383} INFO - Executing <Task(BashOperator): end_task> on 2022-11-07 00:00:00+00:00
[2022-11-16T22:33:14.641+0000] {standard_task_runner.py:55} INFO - Started process 6295 to run task
[2022-11-16T22:33:14.643+0000] {standard_task_runner.py:82} INFO - Running: ['***', 'tasks', 'run', 'MyPersonalAirflowProject', 'end_task', 'scheduled__2022-11-07T00:00:00+00:00', '--job-id', '1664', '--raw', '--subdir', 'DAGS_FOLDER/FinalPersonalProject.py', '--cfg-path', '/tmp/tmp7a2wufa0']
[2022-11-16T22:33:14.644+0000] {standard_task_runner.py:83} INFO - Job 1664: Subtask end_task
[2022-11-16T22:33:14.714+0000] {task_command.py:376} INFO - Running <TaskInstance: MyPersonalAirflowProject.end_task scheduled__2022-11-07T00:00:00+00:00 [running]> on host 638485efabe7
[2022-11-16T22:33:15.067+0000] {taskinstance.py:1592} INFO - Exporting the following env vars:
AIRFLOW_CTX_DAG_OWNER=***
AIRFLOW_CTX_DAG_ID=MyPersonalAirflowProject
AIRFLOW_CTX_TASK_ID=end_task
AIRFLOW_CTX_EXECUTION_DATE=2022-11-07T00:00:00+00:00
AIRFLOW_CTX_TRY_NUMBER=1
AIRFLOW_CTX_DAG_RUN_ID=scheduled__2022-11-07T00:00:00+00:00
[2022-11-16T22:33:15.071+0000] {subprocess.py:63} INFO - Tmp dir root location: 
 /tmp
[2022-11-16T22:33:15.072+0000] {subprocess.py:75} INFO - Running command: ['/bin/bash', '-c', 'echo "The Verification file was created successfully"']
[2022-11-16T22:33:15.085+0000] {subprocess.py:86} INFO - Output:
[2022-11-16T22:33:15.087+0000] {subprocess.py:93} INFO - The Verification file was created successfully
[2022-11-16T22:33:15.087+0000] {subprocess.py:97} INFO - Command exited with return code 0
[2022-11-16T22:33:15.119+0000] {taskinstance.py:1406} INFO - Marking task as SUCCESS. dag_id=MyPersonalAirflowProject, task_id=end_task, execution_date=20221107T000000, start_date=20221116T223314, end_date=20221116T223315
[2022-11-16T22:33:15.215+0000] {local_task_job.py:164} INFO - Task exited with return code 0
[2022-11-16T22:33:15.254+0000] {local_task_job.py:273} INFO - 1 downstream tasks scheduled from follow-on schedule check
