[2022-11-04T21:32:53.655+0000] {taskinstance.py:1165} INFO - Dependencies all met for <TaskInstance: orquestation.task2 scheduled__2022-05-17T00:00:00+00:00 [queued]>
[2022-11-04T21:32:53.679+0000] {taskinstance.py:1165} INFO - Dependencies all met for <TaskInstance: orquestation.task2 scheduled__2022-05-17T00:00:00+00:00 [queued]>
[2022-11-04T21:32:53.680+0000] {taskinstance.py:1362} INFO - 
--------------------------------------------------------------------------------
[2022-11-04T21:32:53.680+0000] {taskinstance.py:1363} INFO - Starting attempt 1 of 1
[2022-11-04T21:32:53.693+0000] {taskinstance.py:1364} INFO - 
--------------------------------------------------------------------------------
[2022-11-04T21:32:53.726+0000] {taskinstance.py:1383} INFO - Executing <Task(BashOperator): task2> on 2022-05-17 00:00:00+00:00
[2022-11-04T21:32:53.735+0000] {standard_task_runner.py:55} INFO - Started process 936 to run task
[2022-11-04T21:32:53.739+0000] {standard_task_runner.py:82} INFO - Running: ['***', 'tasks', 'run', 'orquestation', 'task2', 'scheduled__2022-05-17T00:00:00+00:00', '--job-id', '174', '--raw', '--subdir', 'DAGS_FOLDER/5.1-orquestacion.py', '--cfg-path', '/tmp/tmp2hlbap7t']
[2022-11-04T21:32:53.740+0000] {standard_task_runner.py:83} INFO - Job 174: Subtask task2
[2022-11-04T21:32:53.832+0000] {task_command.py:376} INFO - Running <TaskInstance: orquestation.task2 scheduled__2022-05-17T00:00:00+00:00 [running]> on host 643e334f405f
[2022-11-04T21:32:53.954+0000] {taskinstance.py:1592} INFO - Exporting the following env vars:
AIRFLOW_CTX_DAG_OWNER=***
AIRFLOW_CTX_DAG_ID=orquestation
AIRFLOW_CTX_TASK_ID=task2
AIRFLOW_CTX_EXECUTION_DATE=2022-05-17T00:00:00+00:00
AIRFLOW_CTX_TRY_NUMBER=1
AIRFLOW_CTX_DAG_RUN_ID=scheduled__2022-05-17T00:00:00+00:00
[2022-11-04T21:32:53.956+0000] {subprocess.py:63} INFO - Tmp dir root location: 
 /tmp
[2022-11-04T21:32:53.959+0000] {subprocess.py:75} INFO - Running command: ['/bin/bash', '-c', "sleep 2 && echo 'task2'"]
[2022-11-04T21:32:53.980+0000] {subprocess.py:86} INFO - Output:
[2022-11-04T21:32:55.985+0000] {subprocess.py:93} INFO - task2
[2022-11-04T21:32:55.985+0000] {subprocess.py:97} INFO - Command exited with return code 0
[2022-11-04T21:32:56.022+0000] {taskinstance.py:1406} INFO - Marking task as SUCCESS. dag_id=orquestation, task_id=task2, execution_date=20220517T000000, start_date=20221104T213253, end_date=20221104T213256
[2022-11-04T21:32:56.079+0000] {local_task_job.py:164} INFO - Task exited with return code 0
[2022-11-04T21:32:56.122+0000] {local_task_job.py:273} INFO - 2 downstream tasks scheduled from follow-on schedule check
[2022-11-04T21:42:58.051+0000] {taskinstance.py:1165} INFO - Dependencies all met for <TaskInstance: orquestation.task2 scheduled__2022-05-17T00:00:00+00:00 [queued]>
[2022-11-04T21:42:58.068+0000] {taskinstance.py:1165} INFO - Dependencies all met for <TaskInstance: orquestation.task2 scheduled__2022-05-17T00:00:00+00:00 [queued]>
[2022-11-04T21:42:58.068+0000] {taskinstance.py:1362} INFO - 
--------------------------------------------------------------------------------
[2022-11-04T21:42:58.069+0000] {taskinstance.py:1363} INFO - Starting attempt 1 of 1
[2022-11-04T21:42:58.069+0000] {taskinstance.py:1364} INFO - 
--------------------------------------------------------------------------------
[2022-11-04T21:42:58.086+0000] {taskinstance.py:1383} INFO - Executing <Task(BashOperator): task2> on 2022-05-17 00:00:00+00:00
[2022-11-04T21:42:58.092+0000] {standard_task_runner.py:55} INFO - Started process 1982 to run task
[2022-11-04T21:42:58.095+0000] {standard_task_runner.py:82} INFO - Running: ['***', 'tasks', 'run', 'orquestation', 'task2', 'scheduled__2022-05-17T00:00:00+00:00', '--job-id', '320', '--raw', '--subdir', 'DAGS_FOLDER/5.1-orquestacion.py', '--cfg-path', '/tmp/tmpbxh7sz2d']
[2022-11-04T21:42:58.096+0000] {standard_task_runner.py:83} INFO - Job 320: Subtask task2
[2022-11-04T21:42:58.162+0000] {task_command.py:376} INFO - Running <TaskInstance: orquestation.task2 scheduled__2022-05-17T00:00:00+00:00 [running]> on host 643e334f405f
[2022-11-04T21:42:58.241+0000] {taskinstance.py:1592} INFO - Exporting the following env vars:
AIRFLOW_CTX_DAG_OWNER=***
AIRFLOW_CTX_DAG_ID=orquestation
AIRFLOW_CTX_TASK_ID=task2
AIRFLOW_CTX_EXECUTION_DATE=2022-05-17T00:00:00+00:00
AIRFLOW_CTX_TRY_NUMBER=1
AIRFLOW_CTX_DAG_RUN_ID=scheduled__2022-05-17T00:00:00+00:00
[2022-11-04T21:42:58.243+0000] {subprocess.py:63} INFO - Tmp dir root location: 
 /tmp
[2022-11-04T21:42:58.244+0000] {subprocess.py:75} INFO - Running command: ['/bin/bash', '-c', "sleep 2 && echo 'task2'"]
[2022-11-04T21:42:58.257+0000] {subprocess.py:86} INFO - Output:
[2022-11-04T21:43:00.260+0000] {subprocess.py:93} INFO - task2
[2022-11-04T21:43:00.261+0000] {subprocess.py:97} INFO - Command exited with return code 0
[2022-11-04T21:43:00.287+0000] {taskinstance.py:1406} INFO - Marking task as SUCCESS. dag_id=orquestation, task_id=task2, execution_date=20220517T000000, start_date=20221104T214258, end_date=20221104T214300
[2022-11-04T21:43:00.314+0000] {local_task_job.py:164} INFO - Task exited with return code 0
[2022-11-04T21:43:00.366+0000] {local_task_job.py:273} INFO - 2 downstream tasks scheduled from follow-on schedule check
