[2022-11-16T22:10:34.066+0000] {taskinstance.py:1165} INFO - Dependencies all met for <TaskInstance: MyPersonalAirflowProject.waiting_nasa_confirmation scheduled__2022-10-01T00:00:00+00:00 [queued]>
[2022-11-16T22:10:34.081+0000] {taskinstance.py:1165} INFO - Dependencies all met for <TaskInstance: MyPersonalAirflowProject.waiting_nasa_confirmation scheduled__2022-10-01T00:00:00+00:00 [queued]>
[2022-11-16T22:10:34.082+0000] {taskinstance.py:1362} INFO - 
--------------------------------------------------------------------------------
[2022-11-16T22:10:34.083+0000] {taskinstance.py:1363} INFO - Starting attempt 1 of 1
[2022-11-16T22:10:34.084+0000] {taskinstance.py:1364} INFO - 
--------------------------------------------------------------------------------
[2022-11-16T22:10:34.103+0000] {taskinstance.py:1383} INFO - Executing <Task(FileSensor): waiting_nasa_confirmation> on 2022-10-01 00:00:00+00:00
[2022-11-16T22:10:34.108+0000] {standard_task_runner.py:55} INFO - Started process 4706 to run task
[2022-11-16T22:10:34.111+0000] {standard_task_runner.py:82} INFO - Running: ['***', 'tasks', 'run', 'MyPersonalAirflowProject', 'waiting_nasa_confirmation', 'scheduled__2022-10-01T00:00:00+00:00', '--job-id', '1441', '--raw', '--subdir', 'DAGS_FOLDER/FinalPersonalProject.py', '--cfg-path', '/tmp/tmpel47hhbi']
[2022-11-16T22:10:34.112+0000] {standard_task_runner.py:83} INFO - Job 1441: Subtask waiting_nasa_confirmation
[2022-11-16T22:10:34.180+0000] {task_command.py:376} INFO - Running <TaskInstance: MyPersonalAirflowProject.waiting_nasa_confirmation scheduled__2022-10-01T00:00:00+00:00 [running]> on host 638485efabe7
[2022-11-16T22:10:34.264+0000] {taskinstance.py:1592} INFO - Exporting the following env vars:
AIRFLOW_CTX_DAG_OWNER=***
AIRFLOW_CTX_DAG_ID=MyPersonalAirflowProject
AIRFLOW_CTX_TASK_ID=waiting_nasa_confirmation
AIRFLOW_CTX_EXECUTION_DATE=2022-10-01T00:00:00+00:00
AIRFLOW_CTX_TRY_NUMBER=1
AIRFLOW_CTX_DAG_RUN_ID=scheduled__2022-10-01T00:00:00+00:00
[2022-11-16T22:10:34.278+0000] {base.py:71} INFO - Using connection ID 'fs_default' for task execution.
[2022-11-16T22:10:34.279+0000] {filesystem.py:58} INFO - Poking for file /tmp/reponse_20221001.txt
[2022-11-16T22:10:34.279+0000] {filesystem.py:63} INFO - Found File /tmp/reponse_20221001.txt last modified: 20221116221032
[2022-11-16T22:10:34.280+0000] {base.py:213} INFO - Success criteria met. Exiting.
[2022-11-16T22:10:34.291+0000] {taskinstance.py:1406} INFO - Marking task as SUCCESS. dag_id=MyPersonalAirflowProject, task_id=waiting_nasa_confirmation, execution_date=20221001T000000, start_date=20221116T221034, end_date=20221116T221034
[2022-11-16T22:10:34.354+0000] {local_task_job.py:164} INFO - Task exited with return code 0
[2022-11-16T22:10:34.400+0000] {local_task_job.py:273} INFO - 1 downstream tasks scheduled from follow-on schedule check
[2022-11-17T16:24:23.333+0000] {taskinstance.py:1165} INFO - Dependencies all met for <TaskInstance: MyPersonalAirflowProject.waiting_nasa_confirmation scheduled__2022-10-01T00:00:00+00:00 [queued]>
[2022-11-17T16:24:23.345+0000] {taskinstance.py:1165} INFO - Dependencies all met for <TaskInstance: MyPersonalAirflowProject.waiting_nasa_confirmation scheduled__2022-10-01T00:00:00+00:00 [queued]>
[2022-11-17T16:24:23.345+0000] {taskinstance.py:1362} INFO - 
--------------------------------------------------------------------------------
[2022-11-17T16:24:23.346+0000] {taskinstance.py:1363} INFO - Starting attempt 1 of 1
[2022-11-17T16:24:23.347+0000] {taskinstance.py:1364} INFO - 
--------------------------------------------------------------------------------
[2022-11-17T16:24:23.363+0000] {taskinstance.py:1383} INFO - Executing <Task(FileSensor): waiting_nasa_confirmation> on 2022-10-01 00:00:00+00:00
[2022-11-17T16:24:23.369+0000] {standard_task_runner.py:55} INFO - Started process 2901 to run task
[2022-11-17T16:24:23.371+0000] {standard_task_runner.py:82} INFO - Running: ['***', 'tasks', 'run', 'MyPersonalAirflowProject', 'waiting_nasa_confirmation', 'scheduled__2022-10-01T00:00:00+00:00', '--job-id', '2025', '--raw', '--subdir', 'DAGS_FOLDER/FinalPersonalProject.py', '--cfg-path', '/tmp/tmpxq_9kjob']
[2022-11-17T16:24:23.372+0000] {standard_task_runner.py:83} INFO - Job 2025: Subtask waiting_nasa_confirmation
[2022-11-17T16:24:23.435+0000] {task_command.py:376} INFO - Running <TaskInstance: MyPersonalAirflowProject.waiting_nasa_confirmation scheduled__2022-10-01T00:00:00+00:00 [running]> on host 638485efabe7
[2022-11-17T16:24:23.512+0000] {taskinstance.py:1592} INFO - Exporting the following env vars:
AIRFLOW_CTX_DAG_OWNER=***
AIRFLOW_CTX_DAG_ID=MyPersonalAirflowProject
AIRFLOW_CTX_TASK_ID=waiting_nasa_confirmation
AIRFLOW_CTX_EXECUTION_DATE=2022-10-01T00:00:00+00:00
AIRFLOW_CTX_TRY_NUMBER=1
AIRFLOW_CTX_DAG_RUN_ID=scheduled__2022-10-01T00:00:00+00:00
[2022-11-17T16:24:23.522+0000] {base.py:71} INFO - Using connection ID 'fs_default' for task execution.
[2022-11-17T16:24:23.523+0000] {filesystem.py:58} INFO - Poking for file /tmp/reponse_20221001.txt
[2022-11-17T16:24:23.524+0000] {filesystem.py:63} INFO - Found File /tmp/reponse_20221001.txt last modified: 20221117162422
[2022-11-17T16:24:23.524+0000] {base.py:213} INFO - Success criteria met. Exiting.
[2022-11-17T16:24:23.535+0000] {taskinstance.py:1406} INFO - Marking task as SUCCESS. dag_id=MyPersonalAirflowProject, task_id=waiting_nasa_confirmation, execution_date=20221001T000000, start_date=20221117T162423, end_date=20221117T162423
[2022-11-17T16:24:23.585+0000] {local_task_job.py:164} INFO - Task exited with return code 0
[2022-11-17T16:24:23.629+0000] {local_task_job.py:273} INFO - 1 downstream tasks scheduled from follow-on schedule check
[2022-11-17T17:16:31.672+0000] {taskinstance.py:1165} INFO - Dependencies all met for <TaskInstance: MyPersonalAirflowProject.waiting_nasa_confirmation scheduled__2022-10-01T00:00:00+00:00 [queued]>
[2022-11-17T17:16:31.687+0000] {taskinstance.py:1165} INFO - Dependencies all met for <TaskInstance: MyPersonalAirflowProject.waiting_nasa_confirmation scheduled__2022-10-01T00:00:00+00:00 [queued]>
[2022-11-17T17:16:31.687+0000] {taskinstance.py:1362} INFO - 
--------------------------------------------------------------------------------
[2022-11-17T17:16:31.688+0000] {taskinstance.py:1363} INFO - Starting attempt 1 of 1
[2022-11-17T17:16:31.689+0000] {taskinstance.py:1364} INFO - 
--------------------------------------------------------------------------------
[2022-11-17T17:16:31.708+0000] {taskinstance.py:1383} INFO - Executing <Task(FileSensor): waiting_nasa_confirmation> on 2022-10-01 00:00:00+00:00
[2022-11-17T17:16:31.714+0000] {standard_task_runner.py:55} INFO - Started process 6542 to run task
[2022-11-17T17:16:31.716+0000] {standard_task_runner.py:82} INFO - Running: ['***', 'tasks', 'run', 'MyPersonalAirflowProject', 'waiting_nasa_confirmation', 'scheduled__2022-10-01T00:00:00+00:00', '--job-id', '2435', '--raw', '--subdir', 'DAGS_FOLDER/FinalPersonalProject.py', '--cfg-path', '/tmp/tmpjm3dr73x']
[2022-11-17T17:16:31.718+0000] {standard_task_runner.py:83} INFO - Job 2435: Subtask waiting_nasa_confirmation
[2022-11-17T17:16:31.781+0000] {task_command.py:376} INFO - Running <TaskInstance: MyPersonalAirflowProject.waiting_nasa_confirmation scheduled__2022-10-01T00:00:00+00:00 [running]> on host 638485efabe7
[2022-11-17T17:16:31.855+0000] {taskinstance.py:1592} INFO - Exporting the following env vars:
AIRFLOW_CTX_DAG_OWNER=***
AIRFLOW_CTX_DAG_ID=MyPersonalAirflowProject
AIRFLOW_CTX_TASK_ID=waiting_nasa_confirmation
AIRFLOW_CTX_EXECUTION_DATE=2022-10-01T00:00:00+00:00
AIRFLOW_CTX_TRY_NUMBER=1
AIRFLOW_CTX_DAG_RUN_ID=scheduled__2022-10-01T00:00:00+00:00
[2022-11-17T17:16:31.866+0000] {base.py:71} INFO - Using connection ID 'fs_default' for task execution.
[2022-11-17T17:16:31.866+0000] {filesystem.py:58} INFO - Poking for file /tmp/reponse_20221001.txt
[2022-11-17T17:16:31.867+0000] {filesystem.py:63} INFO - Found File /tmp/reponse_20221001.txt last modified: 20221117171630
[2022-11-17T17:16:31.868+0000] {base.py:213} INFO - Success criteria met. Exiting.
[2022-11-17T17:16:31.878+0000] {taskinstance.py:1406} INFO - Marking task as SUCCESS. dag_id=MyPersonalAirflowProject, task_id=waiting_nasa_confirmation, execution_date=20221001T000000, start_date=20221117T171631, end_date=20221117T171631
[2022-11-17T17:16:31.930+0000] {local_task_job.py:164} INFO - Task exited with return code 0
[2022-11-17T17:16:31.975+0000] {local_task_job.py:273} INFO - 1 downstream tasks scheduled from follow-on schedule check
