[2022-11-16T22:19:51.800+0000] {taskinstance.py:1165} INFO - Dependencies all met for <TaskInstance: MyPersonalAirflowProject.copy_data_to_local scheduled__2022-10-18T00:00:00+00:00 [queued]>
[2022-11-16T22:19:51.814+0000] {taskinstance.py:1165} INFO - Dependencies all met for <TaskInstance: MyPersonalAirflowProject.copy_data_to_local scheduled__2022-10-18T00:00:00+00:00 [queued]>
[2022-11-16T22:19:51.815+0000] {taskinstance.py:1362} INFO - 
--------------------------------------------------------------------------------
[2022-11-16T22:19:51.816+0000] {taskinstance.py:1363} INFO - Starting attempt 1 of 1
[2022-11-16T22:19:51.816+0000] {taskinstance.py:1364} INFO - 
--------------------------------------------------------------------------------
[2022-11-16T22:19:51.837+0000] {taskinstance.py:1383} INFO - Executing <Task(PythonOperator): copy_data_to_local> on 2022-10-18 00:00:00+00:00
[2022-11-16T22:19:51.845+0000] {standard_task_runner.py:55} INFO - Started process 5443 to run task
[2022-11-16T22:19:51.848+0000] {standard_task_runner.py:82} INFO - Running: ['***', 'tasks', 'run', 'MyPersonalAirflowProject', 'copy_data_to_local', 'scheduled__2022-10-18T00:00:00+00:00', '--job-id', '1546', '--raw', '--subdir', 'DAGS_FOLDER/FinalPersonalProject.py', '--cfg-path', '/tmp/tmpzb3mm653']
[2022-11-16T22:19:51.849+0000] {standard_task_runner.py:83} INFO - Job 1546: Subtask copy_data_to_local
[2022-11-16T22:19:51.918+0000] {task_command.py:376} INFO - Running <TaskInstance: MyPersonalAirflowProject.copy_data_to_local scheduled__2022-10-18T00:00:00+00:00 [running]> on host 638485efabe7
[2022-11-16T22:19:52.001+0000] {taskinstance.py:1592} INFO - Exporting the following env vars:
AIRFLOW_CTX_DAG_OWNER=***
AIRFLOW_CTX_DAG_ID=MyPersonalAirflowProject
AIRFLOW_CTX_TASK_ID=copy_data_to_local
AIRFLOW_CTX_EXECUTION_DATE=2022-10-18T00:00:00+00:00
AIRFLOW_CTX_TRY_NUMBER=1
AIRFLOW_CTX_DAG_RUN_ID=scheduled__2022-10-18T00:00:00+00:00
[2022-11-16T22:19:53.186+0000] {python.py:177} INFO - Done. Returned value was: None
[2022-11-16T22:19:53.208+0000] {taskinstance.py:1406} INFO - Marking task as SUCCESS. dag_id=MyPersonalAirflowProject, task_id=copy_data_to_local, execution_date=20221018T000000, start_date=20221116T221951, end_date=20221116T221953
[2022-11-16T22:19:53.272+0000] {local_task_job.py:164} INFO - Task exited with return code 0
[2022-11-16T22:19:53.305+0000] {local_task_job.py:273} INFO - 1 downstream tasks scheduled from follow-on schedule check
[2022-11-17T16:33:06.684+0000] {taskinstance.py:1165} INFO - Dependencies all met for <TaskInstance: MyPersonalAirflowProject.copy_data_to_local scheduled__2022-10-18T00:00:00+00:00 [queued]>
[2022-11-17T16:33:06.703+0000] {taskinstance.py:1165} INFO - Dependencies all met for <TaskInstance: MyPersonalAirflowProject.copy_data_to_local scheduled__2022-10-18T00:00:00+00:00 [queued]>
[2022-11-17T16:33:06.704+0000] {taskinstance.py:1362} INFO - 
--------------------------------------------------------------------------------
[2022-11-17T16:33:06.705+0000] {taskinstance.py:1363} INFO - Starting attempt 1 of 1
[2022-11-17T16:33:06.705+0000] {taskinstance.py:1364} INFO - 
--------------------------------------------------------------------------------
[2022-11-17T16:33:06.724+0000] {taskinstance.py:1383} INFO - Executing <Task(PythonOperator): copy_data_to_local> on 2022-10-18 00:00:00+00:00
[2022-11-17T16:33:06.731+0000] {standard_task_runner.py:55} INFO - Started process 3740 to run task
[2022-11-17T16:33:06.734+0000] {standard_task_runner.py:82} INFO - Running: ['***', 'tasks', 'run', 'MyPersonalAirflowProject', 'copy_data_to_local', 'scheduled__2022-10-18T00:00:00+00:00', '--job-id', '2164', '--raw', '--subdir', 'DAGS_FOLDER/FinalPersonalProject.py', '--cfg-path', '/tmp/tmpswiibmfl']
[2022-11-17T16:33:06.735+0000] {standard_task_runner.py:83} INFO - Job 2164: Subtask copy_data_to_local
[2022-11-17T16:33:06.805+0000] {task_command.py:376} INFO - Running <TaskInstance: MyPersonalAirflowProject.copy_data_to_local scheduled__2022-10-18T00:00:00+00:00 [running]> on host 638485efabe7
[2022-11-17T16:33:06.885+0000] {taskinstance.py:1592} INFO - Exporting the following env vars:
AIRFLOW_CTX_DAG_OWNER=***
AIRFLOW_CTX_DAG_ID=MyPersonalAirflowProject
AIRFLOW_CTX_TASK_ID=copy_data_to_local
AIRFLOW_CTX_EXECUTION_DATE=2022-10-18T00:00:00+00:00
AIRFLOW_CTX_TRY_NUMBER=1
AIRFLOW_CTX_DAG_RUN_ID=scheduled__2022-10-18T00:00:00+00:00
[2022-11-17T16:33:07.131+0000] {python.py:177} INFO - Done. Returned value was: None
[2022-11-17T16:33:07.144+0000] {taskinstance.py:1406} INFO - Marking task as SUCCESS. dag_id=MyPersonalAirflowProject, task_id=copy_data_to_local, execution_date=20221018T000000, start_date=20221117T163306, end_date=20221117T163307
[2022-11-17T16:33:07.188+0000] {local_task_job.py:164} INFO - Task exited with return code 0
[2022-11-17T16:33:07.223+0000] {local_task_job.py:273} INFO - 1 downstream tasks scheduled from follow-on schedule check
[2022-11-17T17:25:13.496+0000] {taskinstance.py:1165} INFO - Dependencies all met for <TaskInstance: MyPersonalAirflowProject.copy_data_to_local scheduled__2022-10-18T00:00:00+00:00 [queued]>
[2022-11-17T17:25:13.509+0000] {taskinstance.py:1165} INFO - Dependencies all met for <TaskInstance: MyPersonalAirflowProject.copy_data_to_local scheduled__2022-10-18T00:00:00+00:00 [queued]>
[2022-11-17T17:25:13.510+0000] {taskinstance.py:1362} INFO - 
--------------------------------------------------------------------------------
[2022-11-17T17:25:13.510+0000] {taskinstance.py:1363} INFO - Starting attempt 1 of 1
[2022-11-17T17:25:13.511+0000] {taskinstance.py:1364} INFO - 
--------------------------------------------------------------------------------
[2022-11-17T17:25:13.528+0000] {taskinstance.py:1383} INFO - Executing <Task(PythonOperator): copy_data_to_local> on 2022-10-18 00:00:00+00:00
[2022-11-17T17:25:13.534+0000] {standard_task_runner.py:55} INFO - Started process 7384 to run task
[2022-11-17T17:25:13.537+0000] {standard_task_runner.py:82} INFO - Running: ['***', 'tasks', 'run', 'MyPersonalAirflowProject', 'copy_data_to_local', 'scheduled__2022-10-18T00:00:00+00:00', '--job-id', '2574', '--raw', '--subdir', 'DAGS_FOLDER/FinalPersonalProject.py', '--cfg-path', '/tmp/tmpm6_13jx4']
[2022-11-17T17:25:13.538+0000] {standard_task_runner.py:83} INFO - Job 2574: Subtask copy_data_to_local
[2022-11-17T17:25:13.619+0000] {task_command.py:376} INFO - Running <TaskInstance: MyPersonalAirflowProject.copy_data_to_local scheduled__2022-10-18T00:00:00+00:00 [running]> on host 638485efabe7
[2022-11-17T17:25:13.701+0000] {taskinstance.py:1592} INFO - Exporting the following env vars:
AIRFLOW_CTX_DAG_OWNER=***
AIRFLOW_CTX_DAG_ID=MyPersonalAirflowProject
AIRFLOW_CTX_TASK_ID=copy_data_to_local
AIRFLOW_CTX_EXECUTION_DATE=2022-10-18T00:00:00+00:00
AIRFLOW_CTX_TRY_NUMBER=1
AIRFLOW_CTX_DAG_RUN_ID=scheduled__2022-10-18T00:00:00+00:00
[2022-11-17T17:25:13.963+0000] {python.py:177} INFO - Done. Returned value was: None
[2022-11-17T17:25:13.974+0000] {taskinstance.py:1406} INFO - Marking task as SUCCESS. dag_id=MyPersonalAirflowProject, task_id=copy_data_to_local, execution_date=20221018T000000, start_date=20221117T172513, end_date=20221117T172513
[2022-11-17T17:25:14.031+0000] {local_task_job.py:164} INFO - Task exited with return code 0
[2022-11-17T17:25:14.063+0000] {local_task_job.py:273} INFO - 1 downstream tasks scheduled from follow-on schedule check
