[2022-11-17T15:54:23.035+0000] {taskinstance.py:1165} INFO - Dependencies all met for <TaskInstance: MyPersonalAirflowProject.copy_data_to_local scheduled__2022-10-20T00:00:00+00:00 [queued]>
[2022-11-17T15:54:23.055+0000] {taskinstance.py:1165} INFO - Dependencies all met for <TaskInstance: MyPersonalAirflowProject.copy_data_to_local scheduled__2022-10-20T00:00:00+00:00 [queued]>
[2022-11-17T15:54:23.056+0000] {taskinstance.py:1362} INFO - 
--------------------------------------------------------------------------------
[2022-11-17T15:54:23.064+0000] {taskinstance.py:1363} INFO - Starting attempt 3 of 3
[2022-11-17T15:54:23.065+0000] {taskinstance.py:1364} INFO - 
--------------------------------------------------------------------------------
[2022-11-17T15:54:23.156+0000] {taskinstance.py:1383} INFO - Executing <Task(PythonOperator): copy_data_to_local> on 2022-10-20 00:00:00+00:00
[2022-11-17T15:54:23.161+0000] {standard_task_runner.py:55} INFO - Started process 971 to run task
[2022-11-17T15:54:23.164+0000] {standard_task_runner.py:82} INFO - Running: ['***', 'tasks', 'run', 'MyPersonalAirflowProject', 'copy_data_to_local', 'scheduled__2022-10-20T00:00:00+00:00', '--job-id', '1860', '--raw', '--subdir', 'DAGS_FOLDER/FinalPersonalProject.py', '--cfg-path', '/tmp/tmpcg9uy08n']
[2022-11-17T15:54:23.165+0000] {standard_task_runner.py:83} INFO - Job 1860: Subtask copy_data_to_local
[2022-11-17T15:54:23.374+0000] {task_command.py:376} INFO - Running <TaskInstance: MyPersonalAirflowProject.copy_data_to_local scheduled__2022-10-20T00:00:00+00:00 [running]> on host 638485efabe7
[2022-11-17T15:54:23.580+0000] {taskinstance.py:1592} INFO - Exporting the following env vars:
AIRFLOW_CTX_DAG_OWNER=***
AIRFLOW_CTX_DAG_ID=MyPersonalAirflowProject
AIRFLOW_CTX_TASK_ID=copy_data_to_local
AIRFLOW_CTX_EXECUTION_DATE=2022-10-20T00:00:00+00:00
AIRFLOW_CTX_TRY_NUMBER=3
AIRFLOW_CTX_DAG_RUN_ID=scheduled__2022-10-20T00:00:00+00:00
[2022-11-17T15:54:23.777+0000] {python.py:177} INFO - Done. Returned value was: None
[2022-11-17T15:54:23.788+0000] {taskinstance.py:1406} INFO - Marking task as SUCCESS. dag_id=MyPersonalAirflowProject, task_id=copy_data_to_local, execution_date=20221020T000000, start_date=20221117T155423, end_date=20221117T155423
[2022-11-17T15:54:23.860+0000] {local_task_job.py:164} INFO - Task exited with return code 0
[2022-11-17T15:54:23.983+0000] {local_task_job.py:273} INFO - 0 downstream tasks scheduled from follow-on schedule check
