[2022-11-16T22:21:04.620+0000] {taskinstance.py:1165} INFO - Dependencies all met for <TaskInstance: MyPersonalAirflowProject.copy_data_to_local scheduled__2022-10-20T00:00:00+00:00 [queued]>
[2022-11-16T22:21:04.638+0000] {taskinstance.py:1165} INFO - Dependencies all met for <TaskInstance: MyPersonalAirflowProject.copy_data_to_local scheduled__2022-10-20T00:00:00+00:00 [queued]>
[2022-11-16T22:21:04.639+0000] {taskinstance.py:1362} INFO - 
--------------------------------------------------------------------------------
[2022-11-16T22:21:04.640+0000] {taskinstance.py:1363} INFO - Starting attempt 1 of 1
[2022-11-16T22:21:04.641+0000] {taskinstance.py:1364} INFO - 
--------------------------------------------------------------------------------
[2022-11-16T22:21:04.672+0000] {taskinstance.py:1383} INFO - Executing <Task(PythonOperator): copy_data_to_local> on 2022-10-20 00:00:00+00:00
[2022-11-16T22:21:04.681+0000] {standard_task_runner.py:55} INFO - Started process 5537 to run task
[2022-11-16T22:21:04.685+0000] {standard_task_runner.py:82} INFO - Running: ['***', 'tasks', 'run', 'MyPersonalAirflowProject', 'copy_data_to_local', 'scheduled__2022-10-20T00:00:00+00:00', '--job-id', '1558', '--raw', '--subdir', 'DAGS_FOLDER/FinalPersonalProject.py', '--cfg-path', '/tmp/tmpij_lbftd']
[2022-11-16T22:21:04.686+0000] {standard_task_runner.py:83} INFO - Job 1558: Subtask copy_data_to_local
[2022-11-16T22:21:04.779+0000] {task_command.py:376} INFO - Running <TaskInstance: MyPersonalAirflowProject.copy_data_to_local scheduled__2022-10-20T00:00:00+00:00 [running]> on host 638485efabe7
[2022-11-16T22:21:04.902+0000] {taskinstance.py:1592} INFO - Exporting the following env vars:
AIRFLOW_CTX_DAG_OWNER=***
AIRFLOW_CTX_DAG_ID=MyPersonalAirflowProject
AIRFLOW_CTX_TASK_ID=copy_data_to_local
AIRFLOW_CTX_EXECUTION_DATE=2022-10-20T00:00:00+00:00
AIRFLOW_CTX_TRY_NUMBER=1
AIRFLOW_CTX_DAG_RUN_ID=scheduled__2022-10-20T00:00:00+00:00
[2022-11-16T22:21:06.946+0000] {python.py:177} INFO - Done. Returned value was: None
[2022-11-16T22:21:06.994+0000] {taskinstance.py:1406} INFO - Marking task as SUCCESS. dag_id=MyPersonalAirflowProject, task_id=copy_data_to_local, execution_date=20221020T000000, start_date=20221116T222104, end_date=20221116T222106
[2022-11-16T22:21:07.086+0000] {local_task_job.py:164} INFO - Task exited with return code 0
[2022-11-16T22:21:07.144+0000] {local_task_job.py:273} INFO - 1 downstream tasks scheduled from follow-on schedule check
[2022-11-17T16:34:08.661+0000] {taskinstance.py:1165} INFO - Dependencies all met for <TaskInstance: MyPersonalAirflowProject.copy_data_to_local scheduled__2022-10-20T00:00:00+00:00 [queued]>
[2022-11-17T16:34:08.702+0000] {taskinstance.py:1165} INFO - Dependencies all met for <TaskInstance: MyPersonalAirflowProject.copy_data_to_local scheduled__2022-10-20T00:00:00+00:00 [queued]>
[2022-11-17T16:34:08.703+0000] {taskinstance.py:1362} INFO - 
--------------------------------------------------------------------------------
[2022-11-17T16:34:08.704+0000] {taskinstance.py:1363} INFO - Starting attempt 1 of 1
[2022-11-17T16:34:08.704+0000] {taskinstance.py:1364} INFO - 
--------------------------------------------------------------------------------
[2022-11-17T16:34:08.806+0000] {taskinstance.py:1383} INFO - Executing <Task(PythonOperator): copy_data_to_local> on 2022-10-20 00:00:00+00:00
[2022-11-17T16:34:08.814+0000] {standard_task_runner.py:55} INFO - Started process 3836 to run task
[2022-11-17T16:34:08.817+0000] {standard_task_runner.py:82} INFO - Running: ['***', 'tasks', 'run', 'MyPersonalAirflowProject', 'copy_data_to_local', 'scheduled__2022-10-20T00:00:00+00:00', '--job-id', '2180', '--raw', '--subdir', 'DAGS_FOLDER/FinalPersonalProject.py', '--cfg-path', '/tmp/tmpp1b09hc9']
[2022-11-17T16:34:08.818+0000] {standard_task_runner.py:83} INFO - Job 2180: Subtask copy_data_to_local
[2022-11-17T16:34:08.922+0000] {task_command.py:376} INFO - Running <TaskInstance: MyPersonalAirflowProject.copy_data_to_local scheduled__2022-10-20T00:00:00+00:00 [running]> on host 638485efabe7
[2022-11-17T16:34:09.040+0000] {taskinstance.py:1592} INFO - Exporting the following env vars:
AIRFLOW_CTX_DAG_OWNER=***
AIRFLOW_CTX_DAG_ID=MyPersonalAirflowProject
AIRFLOW_CTX_TASK_ID=copy_data_to_local
AIRFLOW_CTX_EXECUTION_DATE=2022-10-20T00:00:00+00:00
AIRFLOW_CTX_TRY_NUMBER=1
AIRFLOW_CTX_DAG_RUN_ID=scheduled__2022-10-20T00:00:00+00:00
[2022-11-17T16:34:09.336+0000] {python.py:177} INFO - Done. Returned value was: None
[2022-11-17T16:34:09.353+0000] {taskinstance.py:1406} INFO - Marking task as SUCCESS. dag_id=MyPersonalAirflowProject, task_id=copy_data_to_local, execution_date=20221020T000000, start_date=20221117T163408, end_date=20221117T163409
[2022-11-17T16:34:09.431+0000] {local_task_job.py:164} INFO - Task exited with return code 0
[2022-11-17T16:34:09.489+0000] {local_task_job.py:273} INFO - 1 downstream tasks scheduled from follow-on schedule check
[2022-11-17T17:26:13.000+0000] {taskinstance.py:1165} INFO - Dependencies all met for <TaskInstance: MyPersonalAirflowProject.copy_data_to_local scheduled__2022-10-20T00:00:00+00:00 [queued]>
[2022-11-17T17:26:13.012+0000] {taskinstance.py:1165} INFO - Dependencies all met for <TaskInstance: MyPersonalAirflowProject.copy_data_to_local scheduled__2022-10-20T00:00:00+00:00 [queued]>
[2022-11-17T17:26:13.012+0000] {taskinstance.py:1362} INFO - 
--------------------------------------------------------------------------------
[2022-11-17T17:26:13.013+0000] {taskinstance.py:1363} INFO - Starting attempt 1 of 1
[2022-11-17T17:26:13.014+0000] {taskinstance.py:1364} INFO - 
--------------------------------------------------------------------------------
[2022-11-17T17:26:13.033+0000] {taskinstance.py:1383} INFO - Executing <Task(PythonOperator): copy_data_to_local> on 2022-10-20 00:00:00+00:00
[2022-11-17T17:26:13.039+0000] {standard_task_runner.py:55} INFO - Started process 7480 to run task
[2022-11-17T17:26:13.042+0000] {standard_task_runner.py:82} INFO - Running: ['***', 'tasks', 'run', 'MyPersonalAirflowProject', 'copy_data_to_local', 'scheduled__2022-10-20T00:00:00+00:00', '--job-id', '2590', '--raw', '--subdir', 'DAGS_FOLDER/FinalPersonalProject.py', '--cfg-path', '/tmp/tmpqzpj3ubv']
[2022-11-17T17:26:13.043+0000] {standard_task_runner.py:83} INFO - Job 2590: Subtask copy_data_to_local
[2022-11-17T17:26:13.244+0000] {task_command.py:376} INFO - Running <TaskInstance: MyPersonalAirflowProject.copy_data_to_local scheduled__2022-10-20T00:00:00+00:00 [running]> on host 638485efabe7
[2022-11-17T17:26:13.323+0000] {taskinstance.py:1592} INFO - Exporting the following env vars:
AIRFLOW_CTX_DAG_OWNER=***
AIRFLOW_CTX_DAG_ID=MyPersonalAirflowProject
AIRFLOW_CTX_TASK_ID=copy_data_to_local
AIRFLOW_CTX_EXECUTION_DATE=2022-10-20T00:00:00+00:00
AIRFLOW_CTX_TRY_NUMBER=1
AIRFLOW_CTX_DAG_RUN_ID=scheduled__2022-10-20T00:00:00+00:00
[2022-11-17T17:26:13.518+0000] {python.py:177} INFO - Done. Returned value was: None
[2022-11-17T17:26:13.529+0000] {taskinstance.py:1406} INFO - Marking task as SUCCESS. dag_id=MyPersonalAirflowProject, task_id=copy_data_to_local, execution_date=20221020T000000, start_date=20221117T172613, end_date=20221117T172613
[2022-11-17T17:26:13.578+0000] {local_task_job.py:164} INFO - Task exited with return code 0
[2022-11-17T17:26:13.610+0000] {local_task_job.py:273} INFO - 1 downstream tasks scheduled from follow-on schedule check
