[2022-11-16T21:36:38.373+0000] {taskinstance.py:1165} INFO - Dependencies all met for <TaskInstance: MyPersonalAirflowProject.end_task scheduled__2022-11-08T00:00:00+00:00 [queued]>
[2022-11-16T21:36:38.388+0000] {taskinstance.py:1165} INFO - Dependencies all met for <TaskInstance: MyPersonalAirflowProject.end_task scheduled__2022-11-08T00:00:00+00:00 [queued]>
[2022-11-16T21:36:38.388+0000] {taskinstance.py:1362} INFO - 
--------------------------------------------------------------------------------
[2022-11-16T21:36:38.404+0000] {taskinstance.py:1363} INFO - Starting attempt 1 of 1
[2022-11-16T21:36:38.404+0000] {taskinstance.py:1364} INFO - 
--------------------------------------------------------------------------------
[2022-11-16T21:36:38.483+0000] {taskinstance.py:1383} INFO - Executing <Task(BashOperator): end_task> on 2022-11-08 00:00:00+00:00
[2022-11-16T21:36:38.695+0000] {standard_task_runner.py:55} INFO - Started process 3264 to run task
[2022-11-16T21:36:38.699+0000] {standard_task_runner.py:82} INFO - Running: ['***', 'tasks', 'run', 'MyPersonalAirflowProject', 'end_task', 'scheduled__2022-11-08T00:00:00+00:00', '--job-id', '1420', '--raw', '--subdir', 'DAGS_FOLDER/FinalPersonalProject.py', '--cfg-path', '/tmp/tmp5s96kfrc']
[2022-11-16T21:36:38.700+0000] {standard_task_runner.py:83} INFO - Job 1420: Subtask end_task
[2022-11-16T21:36:38.794+0000] {task_command.py:376} INFO - Running <TaskInstance: MyPersonalAirflowProject.end_task scheduled__2022-11-08T00:00:00+00:00 [running]> on host 638485efabe7
[2022-11-16T21:36:39.136+0000] {taskinstance.py:1592} INFO - Exporting the following env vars:
AIRFLOW_CTX_DAG_OWNER=***
AIRFLOW_CTX_DAG_ID=MyPersonalAirflowProject
AIRFLOW_CTX_TASK_ID=end_task
AIRFLOW_CTX_EXECUTION_DATE=2022-11-08T00:00:00+00:00
AIRFLOW_CTX_TRY_NUMBER=1
AIRFLOW_CTX_DAG_RUN_ID=scheduled__2022-11-08T00:00:00+00:00
[2022-11-16T21:36:39.138+0000] {subprocess.py:63} INFO - Tmp dir root location: 
 /tmp
[2022-11-16T21:36:39.139+0000] {subprocess.py:75} INFO - Running command: ['/bin/bash', '-c', 'echo "The file was created successfully"']
[2022-11-16T21:36:39.155+0000] {subprocess.py:86} INFO - Output:
[2022-11-16T21:36:39.156+0000] {subprocess.py:93} INFO - The file was created successfully
[2022-11-16T21:36:39.157+0000] {subprocess.py:97} INFO - Command exited with return code 0
[2022-11-16T21:36:39.244+0000] {taskinstance.py:1406} INFO - Marking task as SUCCESS. dag_id=MyPersonalAirflowProject, task_id=end_task, execution_date=20221108T000000, start_date=20221116T213638, end_date=20221116T213639
[2022-11-16T21:36:39.532+0000] {local_task_job.py:164} INFO - Task exited with return code 0
[2022-11-16T21:36:39.879+0000] {local_task_job.py:273} INFO - 0 downstream tasks scheduled from follow-on schedule check
[2022-11-17T16:04:14.760+0000] {taskinstance.py:1165} INFO - Dependencies all met for <TaskInstance: MyPersonalAirflowProject.end_task scheduled__2022-11-08T00:00:00+00:00 [queued]>
[2022-11-17T16:04:14.811+0000] {taskinstance.py:1165} INFO - Dependencies all met for <TaskInstance: MyPersonalAirflowProject.end_task scheduled__2022-11-08T00:00:00+00:00 [queued]>
[2022-11-17T16:04:14.812+0000] {taskinstance.py:1362} INFO - 
--------------------------------------------------------------------------------
[2022-11-17T16:04:14.812+0000] {taskinstance.py:1363} INFO - Starting attempt 1 of 1
[2022-11-17T16:04:14.813+0000] {taskinstance.py:1364} INFO - 
--------------------------------------------------------------------------------
[2022-11-17T16:04:14.841+0000] {taskinstance.py:1383} INFO - Executing <Task(BashOperator): end_task> on 2022-11-08 00:00:00+00:00
[2022-11-17T16:04:14.848+0000] {standard_task_runner.py:55} INFO - Started process 1788 to run task
[2022-11-17T16:04:14.851+0000] {standard_task_runner.py:82} INFO - Running: ['***', 'tasks', 'run', 'MyPersonalAirflowProject', 'end_task', 'scheduled__2022-11-08T00:00:00+00:00', '--job-id', '1972', '--raw', '--subdir', 'DAGS_FOLDER/FinalPersonalProject.py', '--cfg-path', '/tmp/tmptqne_yjn']
[2022-11-17T16:04:14.852+0000] {standard_task_runner.py:83} INFO - Job 1972: Subtask end_task
[2022-11-17T16:04:15.007+0000] {task_command.py:376} INFO - Running <TaskInstance: MyPersonalAirflowProject.end_task scheduled__2022-11-08T00:00:00+00:00 [running]> on host 638485efabe7
[2022-11-17T16:04:15.302+0000] {taskinstance.py:1592} INFO - Exporting the following env vars:
AIRFLOW_CTX_DAG_OWNER=***
AIRFLOW_CTX_DAG_ID=MyPersonalAirflowProject
AIRFLOW_CTX_TASK_ID=end_task
AIRFLOW_CTX_EXECUTION_DATE=2022-11-08T00:00:00+00:00
AIRFLOW_CTX_TRY_NUMBER=1
AIRFLOW_CTX_DAG_RUN_ID=scheduled__2022-11-08T00:00:00+00:00
[2022-11-17T16:04:15.304+0000] {subprocess.py:63} INFO - Tmp dir root location: 
 /tmp
[2022-11-17T16:04:15.306+0000] {subprocess.py:75} INFO - Running command: ['/bin/bash', '-c', 'echo "The Verification file was created successfully"']
[2022-11-17T16:04:15.321+0000] {subprocess.py:86} INFO - Output:
[2022-11-17T16:04:15.323+0000] {subprocess.py:93} INFO - The Verification file was created successfully
[2022-11-17T16:04:15.323+0000] {subprocess.py:97} INFO - Command exited with return code 0
[2022-11-17T16:04:15.579+0000] {taskinstance.py:1406} INFO - Marking task as SUCCESS. dag_id=MyPersonalAirflowProject, task_id=end_task, execution_date=20221108T000000, start_date=20221117T160414, end_date=20221117T160415
[2022-11-17T16:04:15.790+0000] {local_task_job.py:164} INFO - Task exited with return code 0
[2022-11-17T16:04:16.118+0000] {local_task_job.py:273} INFO - 1 downstream tasks scheduled from follow-on schedule check
