[2022-11-04T21:06:59.009+0000] {taskinstance.py:1165} INFO - Dependencies all met for <TaskInstance: orquestation.task4 scheduled__2022-05-01T00:00:00+00:00 [queued]>
[2022-11-04T21:06:59.043+0000] {taskinstance.py:1165} INFO - Dependencies all met for <TaskInstance: orquestation.task4 scheduled__2022-05-01T00:00:00+00:00 [queued]>
[2022-11-04T21:06:59.043+0000] {taskinstance.py:1362} INFO - 
--------------------------------------------------------------------------------
[2022-11-04T21:06:59.044+0000] {taskinstance.py:1363} INFO - Starting attempt 3 of 3
[2022-11-04T21:06:59.046+0000] {taskinstance.py:1364} INFO - 
--------------------------------------------------------------------------------
[2022-11-04T21:06:59.079+0000] {taskinstance.py:1383} INFO - Executing <Task(BashOperator): task4> on 2022-05-01 00:00:00+00:00
[2022-11-04T21:06:59.084+0000] {standard_task_runner.py:55} INFO - Started process 300 to run task
[2022-11-04T21:06:59.089+0000] {standard_task_runner.py:82} INFO - Running: ['***', 'tasks', 'run', 'orquestation', 'task4', 'scheduled__2022-05-01T00:00:00+00:00', '--job-id', '76', '--raw', '--subdir', 'DAGS_FOLDER/5.1-orquestacion.py', '--cfg-path', '/tmp/tmp2qkfpyo0']
[2022-11-04T21:06:59.090+0000] {standard_task_runner.py:83} INFO - Job 76: Subtask task4
[2022-11-04T21:06:59.771+0000] {task_command.py:376} INFO - Running <TaskInstance: orquestation.task4 scheduled__2022-05-01T00:00:00+00:00 [running]> on host 643e334f405f
[2022-11-04T21:07:00.000+0000] {taskinstance.py:1592} INFO - Exporting the following env vars:
AIRFLOW_CTX_DAG_OWNER=***
AIRFLOW_CTX_DAG_ID=orquestation
AIRFLOW_CTX_TASK_ID=task4
AIRFLOW_CTX_EXECUTION_DATE=2022-05-01T00:00:00+00:00
AIRFLOW_CTX_TRY_NUMBER=3
AIRFLOW_CTX_DAG_RUN_ID=scheduled__2022-05-01T00:00:00+00:00
[2022-11-04T21:07:00.034+0000] {subprocess.py:63} INFO - Tmp dir root location: 
 /tmp
[2022-11-04T21:07:00.039+0000] {subprocess.py:75} INFO - Running command: ['/bin/bash', '-c', "sleep 2 && echo 'task4'"]
[2022-11-04T21:07:00.061+0000] {subprocess.py:86} INFO - Output:
[2022-11-04T21:07:02.093+0000] {subprocess.py:93} INFO - task4
[2022-11-04T21:07:02.094+0000] {subprocess.py:97} INFO - Command exited with return code 0
[2022-11-04T21:07:02.140+0000] {taskinstance.py:1406} INFO - Marking task as SUCCESS. dag_id=orquestation, task_id=task4, execution_date=20220501T000000, start_date=20221104T210659, end_date=20221104T210702
[2022-11-04T21:07:02.185+0000] {local_task_job.py:164} INFO - Task exited with return code 0
[2022-11-04T21:07:02.209+0000] {local_task_job.py:273} INFO - 0 downstream tasks scheduled from follow-on schedule check
