[2022-11-04T20:51:21.976+0000] {taskinstance.py:1165} INFO - Dependencies all met for <TaskInstance: orquestation.task4 scheduled__2022-05-01T00:00:00+00:00 [queued]>
[2022-11-04T20:51:21.991+0000] {taskinstance.py:1165} INFO - Dependencies all met for <TaskInstance: orquestation.task4 scheduled__2022-05-01T00:00:00+00:00 [queued]>
[2022-11-04T20:51:21.991+0000] {taskinstance.py:1362} INFO - 
--------------------------------------------------------------------------------
[2022-11-04T20:51:21.992+0000] {taskinstance.py:1363} INFO - Starting attempt 2 of 2
[2022-11-04T20:51:21.993+0000] {taskinstance.py:1364} INFO - 
--------------------------------------------------------------------------------
[2022-11-04T20:51:22.012+0000] {taskinstance.py:1383} INFO - Executing <Task(BashOperator): task4> on 2022-05-01 00:00:00+00:00
[2022-11-04T20:51:22.019+0000] {standard_task_runner.py:55} INFO - Started process 2547 to run task
[2022-11-04T20:51:22.021+0000] {standard_task_runner.py:82} INFO - Running: ['***', 'tasks', 'run', 'orquestation', 'task4', 'scheduled__2022-05-01T00:00:00+00:00', '--job-id', '52', '--raw', '--subdir', 'DAGS_FOLDER/5.1-orquestacion.py', '--cfg-path', '/tmp/tmpqlkzstf9']
[2022-11-04T20:51:22.022+0000] {standard_task_runner.py:83} INFO - Job 52: Subtask task4
[2022-11-04T20:51:22.085+0000] {task_command.py:376} INFO - Running <TaskInstance: orquestation.task4 scheduled__2022-05-01T00:00:00+00:00 [running]> on host 208ed96b478a
[2022-11-04T20:51:22.159+0000] {taskinstance.py:1592} INFO - Exporting the following env vars:
AIRFLOW_CTX_DAG_OWNER=***
AIRFLOW_CTX_DAG_ID=orquestation
AIRFLOW_CTX_TASK_ID=task4
AIRFLOW_CTX_EXECUTION_DATE=2022-05-01T00:00:00+00:00
AIRFLOW_CTX_TRY_NUMBER=2
AIRFLOW_CTX_DAG_RUN_ID=scheduled__2022-05-01T00:00:00+00:00
[2022-11-04T20:51:22.163+0000] {subprocess.py:63} INFO - Tmp dir root location: 
 /tmp
[2022-11-04T20:51:22.164+0000] {subprocess.py:75} INFO - Running command: ['/bin/bash', '-c', "sleep 2 && echo 'task4'"]
[2022-11-04T20:51:22.177+0000] {subprocess.py:86} INFO - Output:
[2022-11-04T20:51:24.189+0000] {subprocess.py:93} INFO - task4
[2022-11-04T20:51:24.190+0000] {subprocess.py:97} INFO - Command exited with return code 0
[2022-11-04T20:51:24.219+0000] {taskinstance.py:1406} INFO - Marking task as SUCCESS. dag_id=orquestation, task_id=task4, execution_date=20220501T000000, start_date=20221104T205121, end_date=20221104T205124
[2022-11-04T20:51:24.242+0000] {local_task_job.py:164} INFO - Task exited with return code 0
[2022-11-04T20:51:24.264+0000] {local_task_job.py:273} INFO - 0 downstream tasks scheduled from follow-on schedule check
[2022-11-04T21:38:33.401+0000] {taskinstance.py:1165} INFO - Dependencies all met for <TaskInstance: orquestation.task4 scheduled__2022-05-01T00:00:00+00:00 [queued]>
[2022-11-04T21:38:33.420+0000] {taskinstance.py:1165} INFO - Dependencies all met for <TaskInstance: orquestation.task4 scheduled__2022-05-01T00:00:00+00:00 [queued]>
[2022-11-04T21:38:33.421+0000] {taskinstance.py:1362} INFO - 
--------------------------------------------------------------------------------
[2022-11-04T21:38:33.421+0000] {taskinstance.py:1363} INFO - Starting attempt 2 of 2
[2022-11-04T21:38:33.422+0000] {taskinstance.py:1364} INFO - 
--------------------------------------------------------------------------------
[2022-11-04T21:38:33.442+0000] {taskinstance.py:1383} INFO - Executing <Task(BashOperator): task4> on 2022-05-01 00:00:00+00:00
[2022-11-04T21:38:33.451+0000] {standard_task_runner.py:55} INFO - Started process 1464 to run task
[2022-11-04T21:38:33.455+0000] {standard_task_runner.py:82} INFO - Running: ['***', 'tasks', 'run', 'orquestation', 'task4', 'scheduled__2022-05-01T00:00:00+00:00', '--job-id', '240', '--raw', '--subdir', 'DAGS_FOLDER/5.1-orquestacion.py', '--cfg-path', '/tmp/tmp445r916x']
[2022-11-04T21:38:33.456+0000] {standard_task_runner.py:83} INFO - Job 240: Subtask task4
[2022-11-04T21:38:33.547+0000] {task_command.py:376} INFO - Running <TaskInstance: orquestation.task4 scheduled__2022-05-01T00:00:00+00:00 [running]> on host 643e334f405f
[2022-11-04T21:38:33.663+0000] {taskinstance.py:1592} INFO - Exporting the following env vars:
AIRFLOW_CTX_DAG_OWNER=***
AIRFLOW_CTX_DAG_ID=orquestation
AIRFLOW_CTX_TASK_ID=task4
AIRFLOW_CTX_EXECUTION_DATE=2022-05-01T00:00:00+00:00
AIRFLOW_CTX_TRY_NUMBER=2
AIRFLOW_CTX_DAG_RUN_ID=scheduled__2022-05-01T00:00:00+00:00
[2022-11-04T21:38:33.666+0000] {subprocess.py:63} INFO - Tmp dir root location: 
 /tmp
[2022-11-04T21:38:33.667+0000] {subprocess.py:75} INFO - Running command: ['/bin/bash', '-c', "sleep 2 && echo 'task4'"]
[2022-11-04T21:38:33.686+0000] {subprocess.py:86} INFO - Output:
[2022-11-04T21:38:35.695+0000] {subprocess.py:93} INFO - task4
[2022-11-04T21:38:35.696+0000] {subprocess.py:97} INFO - Command exited with return code 0
[2022-11-04T21:38:35.725+0000] {taskinstance.py:1406} INFO - Marking task as SUCCESS. dag_id=orquestation, task_id=task4, execution_date=20220501T000000, start_date=20221104T213833, end_date=20221104T213835
[2022-11-04T21:38:35.756+0000] {local_task_job.py:164} INFO - Task exited with return code 0
[2022-11-04T21:38:35.777+0000] {local_task_job.py:273} INFO - 0 downstream tasks scheduled from follow-on schedule check
