[2022-11-09T14:59:01.464+0000] {taskinstance.py:1165} INFO - Dependencies all met for <TaskInstance: 6-monitoring_2.task4 scheduled__2022-01-02T00:00:00+00:00 [queued]>
[2022-11-09T14:59:01.484+0000] {taskinstance.py:1165} INFO - Dependencies all met for <TaskInstance: 6-monitoring_2.task4 scheduled__2022-01-02T00:00:00+00:00 [queued]>
[2022-11-09T14:59:01.485+0000] {taskinstance.py:1362} INFO - 
--------------------------------------------------------------------------------
[2022-11-09T14:59:01.486+0000] {taskinstance.py:1363} INFO - Starting attempt 3 of 3
[2022-11-09T14:59:01.487+0000] {taskinstance.py:1364} INFO - 
--------------------------------------------------------------------------------
[2022-11-09T14:59:01.511+0000] {taskinstance.py:1383} INFO - Executing <Task(PythonOperator): task4> on 2022-01-02 00:00:00+00:00
[2022-11-09T14:59:01.534+0000] {standard_task_runner.py:55} INFO - Started process 591 to run task
[2022-11-09T14:59:01.539+0000] {standard_task_runner.py:82} INFO - Running: ['***', 'tasks', 'run', '6-monitoring_2', 'task4', 'scheduled__2022-01-02T00:00:00+00:00', '--job-id', '606', '--raw', '--subdir', 'DAGS_FOLDER/6.2-monitoring.py', '--cfg-path', '/tmp/tmpsuhfagws']
[2022-11-09T14:59:01.541+0000] {standard_task_runner.py:83} INFO - Job 606: Subtask task4
[2022-11-09T14:59:01.650+0000] {task_command.py:376} INFO - Running <TaskInstance: 6-monitoring_2.task4 scheduled__2022-01-02T00:00:00+00:00 [running]> on host 638485efabe7
[2022-11-09T14:59:01.867+0000] {taskinstance.py:1592} INFO - Exporting the following env vars:
AIRFLOW_CTX_DAG_OWNER=***
AIRFLOW_CTX_DAG_ID=6-monitoring_2
AIRFLOW_CTX_TASK_ID=task4
AIRFLOW_CTX_EXECUTION_DATE=2022-01-02T00:00:00+00:00
AIRFLOW_CTX_TRY_NUMBER=3
AIRFLOW_CTX_DAG_RUN_ID=scheduled__2022-01-02T00:00:00+00:00
[2022-11-09T14:59:01.871+0000] {taskinstance.py:1851} ERROR - Task failed with exception
Traceback (most recent call last):
  File "/home/airflow/.local/lib/python3.7/site-packages/airflow/operators/python.py", line 175, in execute
    return_value = self.execute_callable()
  File "/home/airflow/.local/lib/python3.7/site-packages/airflow/operators/python.py", line 193, in execute_callable
    return self.python_callable(*self.op_args, **self.op_kwargs)
  File "/opt/airflow/dags/6.2-monitoring.py", line 8, in myfunction
    raise Exception
Exception
[2022-11-09T14:59:01.899+0000] {taskinstance.py:1406} INFO - Marking task as FAILED. dag_id=6-monitoring_2, task_id=task4, execution_date=20220102T000000, start_date=20221109T145901, end_date=20221109T145901
[2022-11-09T14:59:01.935+0000] {standard_task_runner.py:105} ERROR - Failed to execute job 606 for task task4 (; 591)
[2022-11-09T14:59:02.004+0000] {local_task_job.py:164} INFO - Task exited with return code 1
[2022-11-09T14:59:02.054+0000] {local_task_job.py:273} INFO - 0 downstream tasks scheduled from follow-on schedule check
