[2022-11-16T22:32:48.279+0000] {taskinstance.py:1165} INFO - Dependencies all met for <TaskInstance: MyPersonalAirflowProject.copy_data_to_local scheduled__2022-11-06T00:00:00+00:00 [queued]>
[2022-11-16T22:32:48.292+0000] {taskinstance.py:1165} INFO - Dependencies all met for <TaskInstance: MyPersonalAirflowProject.copy_data_to_local scheduled__2022-11-06T00:00:00+00:00 [queued]>
[2022-11-16T22:32:48.292+0000] {taskinstance.py:1362} INFO - 
--------------------------------------------------------------------------------
[2022-11-16T22:32:48.294+0000] {taskinstance.py:1363} INFO - Starting attempt 1 of 1
[2022-11-16T22:32:48.295+0000] {taskinstance.py:1364} INFO - 
--------------------------------------------------------------------------------
[2022-11-16T22:32:48.315+0000] {taskinstance.py:1383} INFO - Executing <Task(PythonOperator): copy_data_to_local> on 2022-11-06 00:00:00+00:00
[2022-11-16T22:32:48.323+0000] {standard_task_runner.py:55} INFO - Started process 6255 to run task
[2022-11-16T22:32:48.326+0000] {standard_task_runner.py:82} INFO - Running: ['***', 'tasks', 'run', 'MyPersonalAirflowProject', 'copy_data_to_local', 'scheduled__2022-11-06T00:00:00+00:00', '--job-id', '1660', '--raw', '--subdir', 'DAGS_FOLDER/FinalPersonalProject.py', '--cfg-path', '/tmp/tmprtwlqw8p']
[2022-11-16T22:32:48.327+0000] {standard_task_runner.py:83} INFO - Job 1660: Subtask copy_data_to_local
[2022-11-16T22:32:48.406+0000] {task_command.py:376} INFO - Running <TaskInstance: MyPersonalAirflowProject.copy_data_to_local scheduled__2022-11-06T00:00:00+00:00 [running]> on host 638485efabe7
[2022-11-16T22:32:48.486+0000] {taskinstance.py:1592} INFO - Exporting the following env vars:
AIRFLOW_CTX_DAG_OWNER=***
AIRFLOW_CTX_DAG_ID=MyPersonalAirflowProject
AIRFLOW_CTX_TASK_ID=copy_data_to_local
AIRFLOW_CTX_EXECUTION_DATE=2022-11-06T00:00:00+00:00
AIRFLOW_CTX_TRY_NUMBER=1
AIRFLOW_CTX_DAG_RUN_ID=scheduled__2022-11-06T00:00:00+00:00
[2022-11-16T22:32:48.927+0000] {python.py:177} INFO - Done. Returned value was: None
[2022-11-16T22:32:49.085+0000] {taskinstance.py:1406} INFO - Marking task as SUCCESS. dag_id=MyPersonalAirflowProject, task_id=copy_data_to_local, execution_date=20221106T000000, start_date=20221116T223248, end_date=20221116T223249
[2022-11-16T22:32:49.114+0000] {local_task_job.py:164} INFO - Task exited with return code 0
[2022-11-16T22:32:49.145+0000] {local_task_job.py:273} INFO - 1 downstream tasks scheduled from follow-on schedule check
[2022-11-17T16:43:46.493+0000] {taskinstance.py:1165} INFO - Dependencies all met for <TaskInstance: MyPersonalAirflowProject.copy_data_to_local scheduled__2022-11-06T00:00:00+00:00 [queued]>
[2022-11-17T16:43:46.507+0000] {taskinstance.py:1165} INFO - Dependencies all met for <TaskInstance: MyPersonalAirflowProject.copy_data_to_local scheduled__2022-11-06T00:00:00+00:00 [queued]>
[2022-11-17T16:43:46.508+0000] {taskinstance.py:1362} INFO - 
--------------------------------------------------------------------------------
[2022-11-17T16:43:46.509+0000] {taskinstance.py:1363} INFO - Starting attempt 1 of 1
[2022-11-17T16:43:46.509+0000] {taskinstance.py:1364} INFO - 
--------------------------------------------------------------------------------
[2022-11-17T16:43:46.528+0000] {taskinstance.py:1383} INFO - Executing <Task(PythonOperator): copy_data_to_local> on 2022-11-06 00:00:00+00:00
[2022-11-17T16:43:46.534+0000] {standard_task_runner.py:55} INFO - Started process 4691 to run task
[2022-11-17T16:43:46.537+0000] {standard_task_runner.py:82} INFO - Running: ['***', 'tasks', 'run', 'MyPersonalAirflowProject', 'copy_data_to_local', 'scheduled__2022-11-06T00:00:00+00:00', '--job-id', '2316', '--raw', '--subdir', 'DAGS_FOLDER/FinalPersonalProject.py', '--cfg-path', '/tmp/tmp01t_6l93']
[2022-11-17T16:43:46.538+0000] {standard_task_runner.py:83} INFO - Job 2316: Subtask copy_data_to_local
[2022-11-17T16:43:46.608+0000] {task_command.py:376} INFO - Running <TaskInstance: MyPersonalAirflowProject.copy_data_to_local scheduled__2022-11-06T00:00:00+00:00 [running]> on host 638485efabe7
[2022-11-17T16:43:46.691+0000] {taskinstance.py:1592} INFO - Exporting the following env vars:
AIRFLOW_CTX_DAG_OWNER=***
AIRFLOW_CTX_DAG_ID=MyPersonalAirflowProject
AIRFLOW_CTX_TASK_ID=copy_data_to_local
AIRFLOW_CTX_EXECUTION_DATE=2022-11-06T00:00:00+00:00
AIRFLOW_CTX_TRY_NUMBER=1
AIRFLOW_CTX_DAG_RUN_ID=scheduled__2022-11-06T00:00:00+00:00
[2022-11-17T16:43:46.945+0000] {python.py:177} INFO - Done. Returned value was: None
[2022-11-17T16:43:46.957+0000] {taskinstance.py:1406} INFO - Marking task as SUCCESS. dag_id=MyPersonalAirflowProject, task_id=copy_data_to_local, execution_date=20221106T000000, start_date=20221117T164346, end_date=20221117T164346
[2022-11-17T16:43:46.991+0000] {local_task_job.py:164} INFO - Task exited with return code 0
[2022-11-17T16:43:47.025+0000] {local_task_job.py:273} INFO - 1 downstream tasks scheduled from follow-on schedule check
[2022-11-17T17:34:45.983+0000] {taskinstance.py:1165} INFO - Dependencies all met for <TaskInstance: MyPersonalAirflowProject.copy_data_to_local scheduled__2022-11-06T00:00:00+00:00 [queued]>
[2022-11-17T17:34:46.003+0000] {taskinstance.py:1165} INFO - Dependencies all met for <TaskInstance: MyPersonalAirflowProject.copy_data_to_local scheduled__2022-11-06T00:00:00+00:00 [queued]>
[2022-11-17T17:34:46.003+0000] {taskinstance.py:1362} INFO - 
--------------------------------------------------------------------------------
[2022-11-17T17:34:46.004+0000] {taskinstance.py:1363} INFO - Starting attempt 1 of 1
[2022-11-17T17:34:46.004+0000] {taskinstance.py:1364} INFO - 
--------------------------------------------------------------------------------
[2022-11-17T17:34:46.022+0000] {taskinstance.py:1383} INFO - Executing <Task(PythonOperator): copy_data_to_local> on 2022-11-06 00:00:00+00:00
[2022-11-17T17:34:46.028+0000] {standard_task_runner.py:55} INFO - Started process 8302 to run task
[2022-11-17T17:34:46.030+0000] {standard_task_runner.py:82} INFO - Running: ['***', 'tasks', 'run', 'MyPersonalAirflowProject', 'copy_data_to_local', 'scheduled__2022-11-06T00:00:00+00:00', '--job-id', '2726', '--raw', '--subdir', 'DAGS_FOLDER/FinalPersonalProject.py', '--cfg-path', '/tmp/tmpiadloca8']
[2022-11-17T17:34:46.031+0000] {standard_task_runner.py:83} INFO - Job 2726: Subtask copy_data_to_local
[2022-11-17T17:34:46.098+0000] {task_command.py:376} INFO - Running <TaskInstance: MyPersonalAirflowProject.copy_data_to_local scheduled__2022-11-06T00:00:00+00:00 [running]> on host 638485efabe7
[2022-11-17T17:34:46.180+0000] {taskinstance.py:1592} INFO - Exporting the following env vars:
AIRFLOW_CTX_DAG_OWNER=***
AIRFLOW_CTX_DAG_ID=MyPersonalAirflowProject
AIRFLOW_CTX_TASK_ID=copy_data_to_local
AIRFLOW_CTX_EXECUTION_DATE=2022-11-06T00:00:00+00:00
AIRFLOW_CTX_TRY_NUMBER=1
AIRFLOW_CTX_DAG_RUN_ID=scheduled__2022-11-06T00:00:00+00:00
[2022-11-17T17:34:46.440+0000] {python.py:177} INFO - Done. Returned value was: None
[2022-11-17T17:34:46.453+0000] {taskinstance.py:1406} INFO - Marking task as SUCCESS. dag_id=MyPersonalAirflowProject, task_id=copy_data_to_local, execution_date=20221106T000000, start_date=20221117T173445, end_date=20221117T173446
[2022-11-17T17:34:46.485+0000] {local_task_job.py:164} INFO - Task exited with return code 0
[2022-11-17T17:34:46.517+0000] {local_task_job.py:273} INFO - 1 downstream tasks scheduled from follow-on schedule check
