[2022-11-16T21:29:57.537+0000] {taskinstance.py:1165} INFO - Dependencies all met for <TaskInstance: MyPersonalAirflowProject.waiting_nasa_confirmation scheduled__2022-10-24T00:00:00+00:00 [queued]>
[2022-11-16T21:29:57.554+0000] {taskinstance.py:1165} INFO - Dependencies all met for <TaskInstance: MyPersonalAirflowProject.waiting_nasa_confirmation scheduled__2022-10-24T00:00:00+00:00 [queued]>
[2022-11-16T21:29:57.554+0000] {taskinstance.py:1362} INFO - 
--------------------------------------------------------------------------------
[2022-11-16T21:29:57.556+0000] {taskinstance.py:1363} INFO - Starting attempt 2 of 2
[2022-11-16T21:29:57.556+0000] {taskinstance.py:1364} INFO - 
--------------------------------------------------------------------------------
[2022-11-16T21:29:57.577+0000] {taskinstance.py:1383} INFO - Executing <Task(FileSensor): waiting_nasa_confirmation> on 2022-10-24 00:00:00+00:00
[2022-11-16T21:29:57.583+0000] {standard_task_runner.py:55} INFO - Started process 2838 to run task
[2022-11-16T21:29:57.586+0000] {standard_task_runner.py:82} INFO - Running: ['***', 'tasks', 'run', 'MyPersonalAirflowProject', 'waiting_nasa_confirmation', 'scheduled__2022-10-24T00:00:00+00:00', '--job-id', '1374', '--raw', '--subdir', 'DAGS_FOLDER/FinalPersonalProject.py', '--cfg-path', '/tmp/tmp6x7r_46r']
[2022-11-16T21:29:57.587+0000] {standard_task_runner.py:83} INFO - Job 1374: Subtask waiting_nasa_confirmation
[2022-11-16T21:29:57.657+0000] {task_command.py:376} INFO - Running <TaskInstance: MyPersonalAirflowProject.waiting_nasa_confirmation scheduled__2022-10-24T00:00:00+00:00 [running]> on host 638485efabe7
[2022-11-16T21:29:57.736+0000] {taskinstance.py:1592} INFO - Exporting the following env vars:
AIRFLOW_CTX_DAG_OWNER=***
AIRFLOW_CTX_DAG_ID=MyPersonalAirflowProject
AIRFLOW_CTX_TASK_ID=waiting_nasa_confirmation
AIRFLOW_CTX_EXECUTION_DATE=2022-10-24T00:00:00+00:00
AIRFLOW_CTX_TRY_NUMBER=2
AIRFLOW_CTX_DAG_RUN_ID=scheduled__2022-10-24T00:00:00+00:00
[2022-11-16T21:29:57.746+0000] {base.py:71} INFO - Using connection ID 'fs_default' for task execution.
[2022-11-16T21:29:57.747+0000] {filesystem.py:58} INFO - Poking for file /tmp/reponse_20221024.txt
[2022-11-16T21:29:57.747+0000] {filesystem.py:63} INFO - Found File /tmp/reponse_20221024.txt last modified: 20221116212956
[2022-11-16T21:29:57.748+0000] {base.py:213} INFO - Success criteria met. Exiting.
[2022-11-16T21:29:57.760+0000] {taskinstance.py:1406} INFO - Marking task as SUCCESS. dag_id=MyPersonalAirflowProject, task_id=waiting_nasa_confirmation, execution_date=20221024T000000, start_date=20221116T212957, end_date=20221116T212957
[2022-11-16T21:29:57.822+0000] {local_task_job.py:164} INFO - Task exited with return code 0
[2022-11-16T21:29:57.859+0000] {local_task_job.py:273} INFO - 1 downstream tasks scheduled from follow-on schedule check
[2022-11-17T15:56:30.688+0000] {taskinstance.py:1165} INFO - Dependencies all met for <TaskInstance: MyPersonalAirflowProject.waiting_nasa_confirmation scheduled__2022-10-24T00:00:00+00:00 [queued]>
[2022-11-17T15:56:30.702+0000] {taskinstance.py:1165} INFO - Dependencies all met for <TaskInstance: MyPersonalAirflowProject.waiting_nasa_confirmation scheduled__2022-10-24T00:00:00+00:00 [queued]>
[2022-11-17T15:56:30.703+0000] {taskinstance.py:1362} INFO - 
--------------------------------------------------------------------------------
[2022-11-17T15:56:30.704+0000] {taskinstance.py:1363} INFO - Starting attempt 2 of 2
[2022-11-17T15:56:30.704+0000] {taskinstance.py:1364} INFO - 
--------------------------------------------------------------------------------
[2022-11-17T15:56:30.724+0000] {taskinstance.py:1383} INFO - Executing <Task(FileSensor): waiting_nasa_confirmation> on 2022-10-24 00:00:00+00:00
[2022-11-17T15:56:30.730+0000] {standard_task_runner.py:55} INFO - Started process 1141 to run task
[2022-11-17T15:56:30.733+0000] {standard_task_runner.py:82} INFO - Running: ['***', 'tasks', 'run', 'MyPersonalAirflowProject', 'waiting_nasa_confirmation', 'scheduled__2022-10-24T00:00:00+00:00', '--job-id', '1881', '--raw', '--subdir', 'DAGS_FOLDER/FinalPersonalProject.py', '--cfg-path', '/tmp/tmpudq6c4o7']
[2022-11-17T15:56:30.735+0000] {standard_task_runner.py:83} INFO - Job 1881: Subtask waiting_nasa_confirmation
[2022-11-17T15:56:30.810+0000] {task_command.py:376} INFO - Running <TaskInstance: MyPersonalAirflowProject.waiting_nasa_confirmation scheduled__2022-10-24T00:00:00+00:00 [running]> on host 638485efabe7
[2022-11-17T15:56:30.893+0000] {taskinstance.py:1592} INFO - Exporting the following env vars:
AIRFLOW_CTX_DAG_OWNER=***
AIRFLOW_CTX_DAG_ID=MyPersonalAirflowProject
AIRFLOW_CTX_TASK_ID=waiting_nasa_confirmation
AIRFLOW_CTX_EXECUTION_DATE=2022-10-24T00:00:00+00:00
AIRFLOW_CTX_TRY_NUMBER=2
AIRFLOW_CTX_DAG_RUN_ID=scheduled__2022-10-24T00:00:00+00:00
[2022-11-17T15:56:30.905+0000] {base.py:71} INFO - Using connection ID 'fs_default' for task execution.
[2022-11-17T15:56:30.906+0000] {filesystem.py:58} INFO - Poking for file /tmp/reponse_20221024.txt
[2022-11-17T15:56:30.907+0000] {filesystem.py:63} INFO - Found File /tmp/reponse_20221024.txt last modified: 20221117155629
[2022-11-17T15:56:30.908+0000] {base.py:213} INFO - Success criteria met. Exiting.
[2022-11-17T15:56:30.920+0000] {taskinstance.py:1406} INFO - Marking task as SUCCESS. dag_id=MyPersonalAirflowProject, task_id=waiting_nasa_confirmation, execution_date=20221024T000000, start_date=20221117T155630, end_date=20221117T155630
[2022-11-17T15:56:30.947+0000] {local_task_job.py:164} INFO - Task exited with return code 0
[2022-11-17T15:56:30.996+0000] {local_task_job.py:273} INFO - 1 downstream tasks scheduled from follow-on schedule check
