[2022-11-16T21:22:53.270+0000] {taskinstance.py:1165} INFO - Dependencies all met for <TaskInstance: MyPersonalAirflowProject.waiting_nasa_confirmation scheduled__2022-10-24T00:00:00+00:00 [queued]>
[2022-11-16T21:22:53.283+0000] {taskinstance.py:1165} INFO - Dependencies all met for <TaskInstance: MyPersonalAirflowProject.waiting_nasa_confirmation scheduled__2022-10-24T00:00:00+00:00 [queued]>
[2022-11-16T21:22:53.284+0000] {taskinstance.py:1362} INFO - 
--------------------------------------------------------------------------------
[2022-11-16T21:22:53.285+0000] {taskinstance.py:1363} INFO - Starting attempt 1 of 1
[2022-11-16T21:22:53.285+0000] {taskinstance.py:1364} INFO - 
--------------------------------------------------------------------------------
[2022-11-16T21:22:53.304+0000] {taskinstance.py:1383} INFO - Executing <Task(FileSensor): waiting_nasa_confirmation> on 2022-10-24 00:00:00+00:00
[2022-11-16T21:22:53.310+0000] {standard_task_runner.py:55} INFO - Started process 2480 to run task
[2022-11-16T21:22:53.313+0000] {standard_task_runner.py:82} INFO - Running: ['***', 'tasks', 'run', 'MyPersonalAirflowProject', 'waiting_nasa_confirmation', 'scheduled__2022-10-24T00:00:00+00:00', '--job-id', '1357', '--raw', '--subdir', 'DAGS_FOLDER/FinalPersonalProject.py', '--cfg-path', '/tmp/tmphso6p79o']
[2022-11-16T21:22:53.314+0000] {standard_task_runner.py:83} INFO - Job 1357: Subtask waiting_nasa_confirmation
[2022-11-16T21:22:53.384+0000] {task_command.py:376} INFO - Running <TaskInstance: MyPersonalAirflowProject.waiting_nasa_confirmation scheduled__2022-10-24T00:00:00+00:00 [running]> on host 638485efabe7
[2022-11-16T21:22:53.471+0000] {taskinstance.py:1592} INFO - Exporting the following env vars:
AIRFLOW_CTX_DAG_OWNER=***
AIRFLOW_CTX_DAG_ID=MyPersonalAirflowProject
AIRFLOW_CTX_TASK_ID=waiting_nasa_confirmation
AIRFLOW_CTX_EXECUTION_DATE=2022-10-24T00:00:00+00:00
AIRFLOW_CTX_TRY_NUMBER=1
AIRFLOW_CTX_DAG_RUN_ID=scheduled__2022-10-24T00:00:00+00:00
[2022-11-16T21:22:53.482+0000] {base.py:71} INFO - Using connection ID 'fs_default' for task execution.
[2022-11-16T21:22:53.483+0000] {filesystem.py:58} INFO - Poking for file /tmp/reponse_20221024.txt
[2022-11-16T21:22:53.483+0000] {filesystem.py:63} INFO - Found File /tmp/reponse_20221024.txt last modified: 20221116212251
[2022-11-16T21:22:53.484+0000] {base.py:213} INFO - Success criteria met. Exiting.
[2022-11-16T21:22:53.494+0000] {taskinstance.py:1406} INFO - Marking task as SUCCESS. dag_id=MyPersonalAirflowProject, task_id=waiting_nasa_confirmation, execution_date=20221024T000000, start_date=20221116T212253, end_date=20221116T212253
[2022-11-16T21:22:53.513+0000] {local_task_job.py:164} INFO - Task exited with return code 0
[2022-11-16T21:22:53.549+0000] {local_task_job.py:273} INFO - 1 downstream tasks scheduled from follow-on schedule check
[2022-11-16T22:24:17.815+0000] {taskinstance.py:1165} INFO - Dependencies all met for <TaskInstance: MyPersonalAirflowProject.waiting_nasa_confirmation scheduled__2022-10-24T00:00:00+00:00 [queued]>
[2022-11-16T22:24:17.892+0000] {taskinstance.py:1165} INFO - Dependencies all met for <TaskInstance: MyPersonalAirflowProject.waiting_nasa_confirmation scheduled__2022-10-24T00:00:00+00:00 [queued]>
[2022-11-16T22:24:17.892+0000] {taskinstance.py:1362} INFO - 
--------------------------------------------------------------------------------
[2022-11-16T22:24:17.893+0000] {taskinstance.py:1363} INFO - Starting attempt 1 of 1
[2022-11-16T22:24:17.893+0000] {taskinstance.py:1364} INFO - 
--------------------------------------------------------------------------------
[2022-11-16T22:24:17.923+0000] {taskinstance.py:1383} INFO - Executing <Task(FileSensor): waiting_nasa_confirmation> on 2022-10-24 00:00:00+00:00
[2022-11-16T22:24:17.934+0000] {standard_task_runner.py:55} INFO - Started process 5688 to run task
[2022-11-16T22:24:17.938+0000] {standard_task_runner.py:82} INFO - Running: ['***', 'tasks', 'run', 'MyPersonalAirflowProject', 'waiting_nasa_confirmation', 'scheduled__2022-10-24T00:00:00+00:00', '--job-id', '1579', '--raw', '--subdir', 'DAGS_FOLDER/FinalPersonalProject.py', '--cfg-path', '/tmp/tmp11ji_0pt']
[2022-11-16T22:24:17.939+0000] {standard_task_runner.py:83} INFO - Job 1579: Subtask waiting_nasa_confirmation
[2022-11-16T22:24:18.164+0000] {task_command.py:376} INFO - Running <TaskInstance: MyPersonalAirflowProject.waiting_nasa_confirmation scheduled__2022-10-24T00:00:00+00:00 [running]> on host 638485efabe7
[2022-11-16T22:24:19.103+0000] {taskinstance.py:1592} INFO - Exporting the following env vars:
AIRFLOW_CTX_DAG_OWNER=***
AIRFLOW_CTX_DAG_ID=MyPersonalAirflowProject
AIRFLOW_CTX_TASK_ID=waiting_nasa_confirmation
AIRFLOW_CTX_EXECUTION_DATE=2022-10-24T00:00:00+00:00
AIRFLOW_CTX_TRY_NUMBER=1
AIRFLOW_CTX_DAG_RUN_ID=scheduled__2022-10-24T00:00:00+00:00
[2022-11-16T22:24:19.132+0000] {base.py:71} INFO - Using connection ID 'fs_default' for task execution.
[2022-11-16T22:24:19.133+0000] {filesystem.py:58} INFO - Poking for file /tmp/reponse_20221024.txt
[2022-11-16T22:24:19.137+0000] {filesystem.py:63} INFO - Found File /tmp/reponse_20221024.txt last modified: 20221116222405
[2022-11-16T22:24:19.138+0000] {base.py:213} INFO - Success criteria met. Exiting.
[2022-11-16T22:24:19.149+0000] {taskinstance.py:1406} INFO - Marking task as SUCCESS. dag_id=MyPersonalAirflowProject, task_id=waiting_nasa_confirmation, execution_date=20221024T000000, start_date=20221116T222417, end_date=20221116T222419
[2022-11-16T22:24:19.226+0000] {local_task_job.py:164} INFO - Task exited with return code 0
[2022-11-16T22:24:19.285+0000] {local_task_job.py:273} INFO - 1 downstream tasks scheduled from follow-on schedule check
[2022-11-17T16:36:24.066+0000] {taskinstance.py:1165} INFO - Dependencies all met for <TaskInstance: MyPersonalAirflowProject.waiting_nasa_confirmation scheduled__2022-10-24T00:00:00+00:00 [queued]>
[2022-11-17T16:36:24.196+0000] {taskinstance.py:1165} INFO - Dependencies all met for <TaskInstance: MyPersonalAirflowProject.waiting_nasa_confirmation scheduled__2022-10-24T00:00:00+00:00 [queued]>
[2022-11-17T16:36:24.197+0000] {taskinstance.py:1362} INFO - 
--------------------------------------------------------------------------------
[2022-11-17T16:36:24.198+0000] {taskinstance.py:1363} INFO - Starting attempt 1 of 1
[2022-11-17T16:36:24.198+0000] {taskinstance.py:1364} INFO - 
--------------------------------------------------------------------------------
[2022-11-17T16:36:24.274+0000] {taskinstance.py:1383} INFO - Executing <Task(FileSensor): waiting_nasa_confirmation> on 2022-10-24 00:00:00+00:00
[2022-11-17T16:36:24.279+0000] {standard_task_runner.py:55} INFO - Started process 4019 to run task
[2022-11-17T16:36:24.282+0000] {standard_task_runner.py:82} INFO - Running: ['***', 'tasks', 'run', 'MyPersonalAirflowProject', 'waiting_nasa_confirmation', 'scheduled__2022-10-24T00:00:00+00:00', '--job-id', '2209', '--raw', '--subdir', 'DAGS_FOLDER/FinalPersonalProject.py', '--cfg-path', '/tmp/tmp9l4g159c']
[2022-11-17T16:36:24.282+0000] {standard_task_runner.py:83} INFO - Job 2209: Subtask waiting_nasa_confirmation
[2022-11-17T16:36:24.409+0000] {task_command.py:376} INFO - Running <TaskInstance: MyPersonalAirflowProject.waiting_nasa_confirmation scheduled__2022-10-24T00:00:00+00:00 [running]> on host 638485efabe7
[2022-11-17T16:36:24.784+0000] {taskinstance.py:1592} INFO - Exporting the following env vars:
AIRFLOW_CTX_DAG_OWNER=***
AIRFLOW_CTX_DAG_ID=MyPersonalAirflowProject
AIRFLOW_CTX_TASK_ID=waiting_nasa_confirmation
AIRFLOW_CTX_EXECUTION_DATE=2022-10-24T00:00:00+00:00
AIRFLOW_CTX_TRY_NUMBER=1
AIRFLOW_CTX_DAG_RUN_ID=scheduled__2022-10-24T00:00:00+00:00
[2022-11-17T16:36:24.795+0000] {base.py:71} INFO - Using connection ID 'fs_default' for task execution.
[2022-11-17T16:36:24.796+0000] {filesystem.py:58} INFO - Poking for file /tmp/reponse_20221024.txt
[2022-11-17T16:36:24.797+0000] {filesystem.py:63} INFO - Found File /tmp/reponse_20221024.txt last modified: 20221117163619
[2022-11-17T16:36:24.797+0000] {base.py:213} INFO - Success criteria met. Exiting.
[2022-11-17T16:36:24.809+0000] {taskinstance.py:1406} INFO - Marking task as SUCCESS. dag_id=MyPersonalAirflowProject, task_id=waiting_nasa_confirmation, execution_date=20221024T000000, start_date=20221117T163624, end_date=20221117T163624
[2022-11-17T16:36:24.899+0000] {local_task_job.py:164} INFO - Task exited with return code 0
[2022-11-17T16:36:25.103+0000] {local_task_job.py:273} INFO - 1 downstream tasks scheduled from follow-on schedule check
[2022-11-17T17:28:11.745+0000] {taskinstance.py:1165} INFO - Dependencies all met for <TaskInstance: MyPersonalAirflowProject.waiting_nasa_confirmation scheduled__2022-10-24T00:00:00+00:00 [queued]>
[2022-11-17T17:28:11.759+0000] {taskinstance.py:1165} INFO - Dependencies all met for <TaskInstance: MyPersonalAirflowProject.waiting_nasa_confirmation scheduled__2022-10-24T00:00:00+00:00 [queued]>
[2022-11-17T17:28:11.759+0000] {taskinstance.py:1362} INFO - 
--------------------------------------------------------------------------------
[2022-11-17T17:28:11.760+0000] {taskinstance.py:1363} INFO - Starting attempt 1 of 1
[2022-11-17T17:28:11.761+0000] {taskinstance.py:1364} INFO - 
--------------------------------------------------------------------------------
[2022-11-17T17:28:11.780+0000] {taskinstance.py:1383} INFO - Executing <Task(FileSensor): waiting_nasa_confirmation> on 2022-10-24 00:00:00+00:00
[2022-11-17T17:28:11.786+0000] {standard_task_runner.py:55} INFO - Started process 7661 to run task
[2022-11-17T17:28:11.789+0000] {standard_task_runner.py:82} INFO - Running: ['***', 'tasks', 'run', 'MyPersonalAirflowProject', 'waiting_nasa_confirmation', 'scheduled__2022-10-24T00:00:00+00:00', '--job-id', '2619', '--raw', '--subdir', 'DAGS_FOLDER/FinalPersonalProject.py', '--cfg-path', '/tmp/tmpwew7tugm']
[2022-11-17T17:28:11.790+0000] {standard_task_runner.py:83} INFO - Job 2619: Subtask waiting_nasa_confirmation
[2022-11-17T17:28:11.865+0000] {task_command.py:376} INFO - Running <TaskInstance: MyPersonalAirflowProject.waiting_nasa_confirmation scheduled__2022-10-24T00:00:00+00:00 [running]> on host 638485efabe7
[2022-11-17T17:28:11.957+0000] {taskinstance.py:1592} INFO - Exporting the following env vars:
AIRFLOW_CTX_DAG_OWNER=***
AIRFLOW_CTX_DAG_ID=MyPersonalAirflowProject
AIRFLOW_CTX_TASK_ID=waiting_nasa_confirmation
AIRFLOW_CTX_EXECUTION_DATE=2022-10-24T00:00:00+00:00
AIRFLOW_CTX_TRY_NUMBER=1
AIRFLOW_CTX_DAG_RUN_ID=scheduled__2022-10-24T00:00:00+00:00
[2022-11-17T17:28:11.969+0000] {base.py:71} INFO - Using connection ID 'fs_default' for task execution.
[2022-11-17T17:28:11.970+0000] {filesystem.py:58} INFO - Poking for file /tmp/reponse_20221024.txt
[2022-11-17T17:28:11.970+0000] {filesystem.py:63} INFO - Found File /tmp/reponse_20221024.txt last modified: 20221117172810
[2022-11-17T17:28:11.971+0000] {base.py:213} INFO - Success criteria met. Exiting.
[2022-11-17T17:28:11.982+0000] {taskinstance.py:1406} INFO - Marking task as SUCCESS. dag_id=MyPersonalAirflowProject, task_id=waiting_nasa_confirmation, execution_date=20221024T000000, start_date=20221117T172811, end_date=20221117T172811
[2022-11-17T17:28:12.043+0000] {local_task_job.py:164} INFO - Task exited with return code 0
[2022-11-17T17:28:12.088+0000] {local_task_job.py:273} INFO - 1 downstream tasks scheduled from follow-on schedule check
