[2022-11-16T21:02:33.040+0000] {taskinstance.py:1165} INFO - Dependencies all met for <TaskInstance: MyPersonalAirflowProject.nasa_verification_task scheduled__2022-10-18T00:00:00+00:00 [queued]>
[2022-11-16T21:02:33.067+0000] {taskinstance.py:1165} INFO - Dependencies all met for <TaskInstance: MyPersonalAirflowProject.nasa_verification_task scheduled__2022-10-18T00:00:00+00:00 [queued]>
[2022-11-16T21:02:33.068+0000] {taskinstance.py:1362} INFO - 
--------------------------------------------------------------------------------
[2022-11-16T21:02:33.070+0000] {taskinstance.py:1363} INFO - Starting attempt 1 of 1
[2022-11-16T21:02:33.071+0000] {taskinstance.py:1364} INFO - 
--------------------------------------------------------------------------------
[2022-11-16T21:02:33.101+0000] {taskinstance.py:1383} INFO - Executing <Task(BashOperator): nasa_verification_task> on 2022-10-18 00:00:00+00:00
[2022-11-16T21:02:33.108+0000] {standard_task_runner.py:55} INFO - Started process 1385 to run task
[2022-11-16T21:02:33.113+0000] {standard_task_runner.py:82} INFO - Running: ['***', 'tasks', 'run', 'MyPersonalAirflowProject', 'nasa_verification_task', 'scheduled__2022-10-18T00:00:00+00:00', '--job-id', '1295', '--raw', '--subdir', 'DAGS_FOLDER/FinalPersonalProject.py', '--cfg-path', '/tmp/tmpgnjaqlmy']
[2022-11-16T21:02:33.114+0000] {standard_task_runner.py:83} INFO - Job 1295: Subtask nasa_verification_task
[2022-11-16T21:02:33.204+0000] {task_command.py:376} INFO - Running <TaskInstance: MyPersonalAirflowProject.nasa_verification_task scheduled__2022-10-18T00:00:00+00:00 [running]> on host 638485efabe7
[2022-11-16T21:02:33.301+0000] {taskinstance.py:1592} INFO - Exporting the following env vars:
AIRFLOW_CTX_DAG_OWNER=***
AIRFLOW_CTX_DAG_ID=MyPersonalAirflowProject
AIRFLOW_CTX_TASK_ID=nasa_verification_task
AIRFLOW_CTX_EXECUTION_DATE=2022-10-18T00:00:00+00:00
AIRFLOW_CTX_TRY_NUMBER=1
AIRFLOW_CTX_DAG_RUN_ID=scheduled__2022-10-18T00:00:00+00:00
[2022-11-16T21:02:33.302+0000] {subprocess.py:63} INFO - Tmp dir root location: 
 /tmp
[2022-11-16T21:02:33.304+0000] {subprocess.py:75} INFO - Running command: ['/bin/bash', '-c', 'sleep 20 && echo ÖK"> /tmp/reponse_20221018.txt']
[2022-11-16T21:02:33.319+0000] {subprocess.py:86} INFO - Output:
[2022-11-16T21:02:33.321+0000] {subprocess.py:93} INFO - /bin/bash: -c: line 1: unexpected EOF while looking for matching `"'
[2022-11-16T21:02:33.322+0000] {subprocess.py:93} INFO - /bin/bash: -c: line 2: syntax error: unexpected end of file
[2022-11-16T21:02:33.323+0000] {subprocess.py:97} INFO - Command exited with return code 2
[2022-11-16T21:02:33.338+0000] {taskinstance.py:1851} ERROR - Task failed with exception
Traceback (most recent call last):
  File "/home/airflow/.local/lib/python3.7/site-packages/airflow/operators/bash.py", line 197, in execute
    f'Bash command failed. The command returned a non-zero exit code {result.exit_code}.'
airflow.exceptions.AirflowException: Bash command failed. The command returned a non-zero exit code 2.
[2022-11-16T21:02:33.344+0000] {taskinstance.py:1406} INFO - Marking task as FAILED. dag_id=MyPersonalAirflowProject, task_id=nasa_verification_task, execution_date=20221018T000000, start_date=20221116T210233, end_date=20221116T210233
[2022-11-16T21:02:33.362+0000] {standard_task_runner.py:105} ERROR - Failed to execute job 1295 for task nasa_verification_task (Bash command failed. The command returned a non-zero exit code 2.; 1385)
[2022-11-16T21:02:33.394+0000] {local_task_job.py:164} INFO - Task exited with return code 1
[2022-11-16T21:02:33.418+0000] {local_task_job.py:273} INFO - 0 downstream tasks scheduled from follow-on schedule check
[2022-11-16T22:19:26.723+0000] {taskinstance.py:1165} INFO - Dependencies all met for <TaskInstance: MyPersonalAirflowProject.nasa_verification_task scheduled__2022-10-18T00:00:00+00:00 [queued]>
[2022-11-16T22:19:26.738+0000] {taskinstance.py:1165} INFO - Dependencies all met for <TaskInstance: MyPersonalAirflowProject.nasa_verification_task scheduled__2022-10-18T00:00:00+00:00 [queued]>
[2022-11-16T22:19:26.739+0000] {taskinstance.py:1362} INFO - 
--------------------------------------------------------------------------------
[2022-11-16T22:19:26.739+0000] {taskinstance.py:1363} INFO - Starting attempt 1 of 1
[2022-11-16T22:19:26.740+0000] {taskinstance.py:1364} INFO - 
--------------------------------------------------------------------------------
[2022-11-16T22:19:26.760+0000] {taskinstance.py:1383} INFO - Executing <Task(BashOperator): nasa_verification_task> on 2022-10-18 00:00:00+00:00
[2022-11-16T22:19:26.767+0000] {standard_task_runner.py:55} INFO - Started process 5421 to run task
[2022-11-16T22:19:26.770+0000] {standard_task_runner.py:82} INFO - Running: ['***', 'tasks', 'run', 'MyPersonalAirflowProject', 'nasa_verification_task', 'scheduled__2022-10-18T00:00:00+00:00', '--job-id', '1542', '--raw', '--subdir', 'DAGS_FOLDER/FinalPersonalProject.py', '--cfg-path', '/tmp/tmpwawpz37f']
[2022-11-16T22:19:26.771+0000] {standard_task_runner.py:83} INFO - Job 1542: Subtask nasa_verification_task
[2022-11-16T22:19:26.845+0000] {task_command.py:376} INFO - Running <TaskInstance: MyPersonalAirflowProject.nasa_verification_task scheduled__2022-10-18T00:00:00+00:00 [running]> on host 638485efabe7
[2022-11-16T22:19:26.935+0000] {taskinstance.py:1592} INFO - Exporting the following env vars:
AIRFLOW_CTX_DAG_OWNER=***
AIRFLOW_CTX_DAG_ID=MyPersonalAirflowProject
AIRFLOW_CTX_TASK_ID=nasa_verification_task
AIRFLOW_CTX_EXECUTION_DATE=2022-10-18T00:00:00+00:00
AIRFLOW_CTX_TRY_NUMBER=1
AIRFLOW_CTX_DAG_RUN_ID=scheduled__2022-10-18T00:00:00+00:00
[2022-11-16T22:19:26.937+0000] {subprocess.py:63} INFO - Tmp dir root location: 
 /tmp
[2022-11-16T22:19:26.938+0000] {subprocess.py:75} INFO - Running command: ['/bin/bash', '-c', 'sleep 20 && echo "OK"> /tmp/reponse_20221018.txt']
[2022-11-16T22:19:26.951+0000] {subprocess.py:86} INFO - Output:
[2022-11-16T22:19:47.018+0000] {subprocess.py:97} INFO - Command exited with return code 0
[2022-11-16T22:19:47.056+0000] {taskinstance.py:1406} INFO - Marking task as SUCCESS. dag_id=MyPersonalAirflowProject, task_id=nasa_verification_task, execution_date=20221018T000000, start_date=20221116T221926, end_date=20221116T221947
[2022-11-16T22:19:47.172+0000] {local_task_job.py:164} INFO - Task exited with return code 0
[2022-11-16T22:19:47.216+0000] {local_task_job.py:273} INFO - 1 downstream tasks scheduled from follow-on schedule check
[2022-11-17T16:32:34.320+0000] {taskinstance.py:1165} INFO - Dependencies all met for <TaskInstance: MyPersonalAirflowProject.nasa_verification_task scheduled__2022-10-18T00:00:00+00:00 [queued]>
[2022-11-17T16:32:34.334+0000] {taskinstance.py:1165} INFO - Dependencies all met for <TaskInstance: MyPersonalAirflowProject.nasa_verification_task scheduled__2022-10-18T00:00:00+00:00 [queued]>
[2022-11-17T16:32:34.335+0000] {taskinstance.py:1362} INFO - 
--------------------------------------------------------------------------------
[2022-11-17T16:32:34.336+0000] {taskinstance.py:1363} INFO - Starting attempt 1 of 1
[2022-11-17T16:32:34.337+0000] {taskinstance.py:1364} INFO - 
--------------------------------------------------------------------------------
[2022-11-17T16:32:34.356+0000] {taskinstance.py:1383} INFO - Executing <Task(BashOperator): nasa_verification_task> on 2022-10-18 00:00:00+00:00
[2022-11-17T16:32:34.362+0000] {standard_task_runner.py:55} INFO - Started process 3700 to run task
[2022-11-17T16:32:34.365+0000] {standard_task_runner.py:82} INFO - Running: ['***', 'tasks', 'run', 'MyPersonalAirflowProject', 'nasa_verification_task', 'scheduled__2022-10-18T00:00:00+00:00', '--job-id', '2160', '--raw', '--subdir', 'DAGS_FOLDER/FinalPersonalProject.py', '--cfg-path', '/tmp/tmpr3uqjxrd']
[2022-11-17T16:32:34.366+0000] {standard_task_runner.py:83} INFO - Job 2160: Subtask nasa_verification_task
[2022-11-17T16:32:34.442+0000] {task_command.py:376} INFO - Running <TaskInstance: MyPersonalAirflowProject.nasa_verification_task scheduled__2022-10-18T00:00:00+00:00 [running]> on host 638485efabe7
[2022-11-17T16:32:34.531+0000] {taskinstance.py:1592} INFO - Exporting the following env vars:
AIRFLOW_CTX_DAG_OWNER=***
AIRFLOW_CTX_DAG_ID=MyPersonalAirflowProject
AIRFLOW_CTX_TASK_ID=nasa_verification_task
AIRFLOW_CTX_EXECUTION_DATE=2022-10-18T00:00:00+00:00
AIRFLOW_CTX_TRY_NUMBER=1
AIRFLOW_CTX_DAG_RUN_ID=scheduled__2022-10-18T00:00:00+00:00
[2022-11-17T16:32:34.533+0000] {subprocess.py:63} INFO - Tmp dir root location: 
 /tmp
[2022-11-17T16:32:34.534+0000] {subprocess.py:75} INFO - Running command: ['/bin/bash', '-c', 'sleep 20 && echo "OK"> /tmp/reponse_20221018.txt']
[2022-11-17T16:32:34.548+0000] {subprocess.py:86} INFO - Output:
[2022-11-17T16:32:54.554+0000] {subprocess.py:97} INFO - Command exited with return code 0
[2022-11-17T16:32:54.593+0000] {taskinstance.py:1406} INFO - Marking task as SUCCESS. dag_id=MyPersonalAirflowProject, task_id=nasa_verification_task, execution_date=20221018T000000, start_date=20221117T163234, end_date=20221117T163254
[2022-11-17T16:32:54.622+0000] {local_task_job.py:164} INFO - Task exited with return code 0
[2022-11-17T16:32:54.662+0000] {local_task_job.py:273} INFO - 1 downstream tasks scheduled from follow-on schedule check
[2022-11-17T17:24:48.183+0000] {taskinstance.py:1165} INFO - Dependencies all met for <TaskInstance: MyPersonalAirflowProject.nasa_verification_task scheduled__2022-10-18T00:00:00+00:00 [queued]>
[2022-11-17T17:24:48.196+0000] {taskinstance.py:1165} INFO - Dependencies all met for <TaskInstance: MyPersonalAirflowProject.nasa_verification_task scheduled__2022-10-18T00:00:00+00:00 [queued]>
[2022-11-17T17:24:48.196+0000] {taskinstance.py:1362} INFO - 
--------------------------------------------------------------------------------
[2022-11-17T17:24:48.197+0000] {taskinstance.py:1363} INFO - Starting attempt 1 of 1
[2022-11-17T17:24:48.198+0000] {taskinstance.py:1364} INFO - 
--------------------------------------------------------------------------------
[2022-11-17T17:24:48.214+0000] {taskinstance.py:1383} INFO - Executing <Task(BashOperator): nasa_verification_task> on 2022-10-18 00:00:00+00:00
[2022-11-17T17:24:48.221+0000] {standard_task_runner.py:55} INFO - Started process 7352 to run task
[2022-11-17T17:24:48.224+0000] {standard_task_runner.py:82} INFO - Running: ['***', 'tasks', 'run', 'MyPersonalAirflowProject', 'nasa_verification_task', 'scheduled__2022-10-18T00:00:00+00:00', '--job-id', '2570', '--raw', '--subdir', 'DAGS_FOLDER/FinalPersonalProject.py', '--cfg-path', '/tmp/tmpb2567gy1']
[2022-11-17T17:24:48.224+0000] {standard_task_runner.py:83} INFO - Job 2570: Subtask nasa_verification_task
[2022-11-17T17:24:48.292+0000] {task_command.py:376} INFO - Running <TaskInstance: MyPersonalAirflowProject.nasa_verification_task scheduled__2022-10-18T00:00:00+00:00 [running]> on host 638485efabe7
[2022-11-17T17:24:48.369+0000] {taskinstance.py:1592} INFO - Exporting the following env vars:
AIRFLOW_CTX_DAG_OWNER=***
AIRFLOW_CTX_DAG_ID=MyPersonalAirflowProject
AIRFLOW_CTX_TASK_ID=nasa_verification_task
AIRFLOW_CTX_EXECUTION_DATE=2022-10-18T00:00:00+00:00
AIRFLOW_CTX_TRY_NUMBER=1
AIRFLOW_CTX_DAG_RUN_ID=scheduled__2022-10-18T00:00:00+00:00
[2022-11-17T17:24:48.371+0000] {subprocess.py:63} INFO - Tmp dir root location: 
 /tmp
[2022-11-17T17:24:48.373+0000] {subprocess.py:75} INFO - Running command: ['/bin/bash', '-c', 'sleep 20 && echo "OK"> /tmp/reponse_20221018.txt']
[2022-11-17T17:24:48.385+0000] {subprocess.py:86} INFO - Output:
[2022-11-17T17:25:08.390+0000] {subprocess.py:97} INFO - Command exited with return code 0
[2022-11-17T17:25:08.422+0000] {taskinstance.py:1406} INFO - Marking task as SUCCESS. dag_id=MyPersonalAirflowProject, task_id=nasa_verification_task, execution_date=20221018T000000, start_date=20221117T172448, end_date=20221117T172508
[2022-11-17T17:25:08.449+0000] {local_task_job.py:164} INFO - Task exited with return code 0
[2022-11-17T17:25:08.486+0000] {local_task_job.py:273} INFO - 1 downstream tasks scheduled from follow-on schedule check
