[2022-11-17T15:48:26.723+0000] {taskinstance.py:1165} INFO - Dependencies all met for <TaskInstance: MyPersonalAirflowProject.nasa_verification_task scheduled__2022-10-18T00:00:00+00:00 [queued]>
[2022-11-17T15:48:26.737+0000] {taskinstance.py:1165} INFO - Dependencies all met for <TaskInstance: MyPersonalAirflowProject.nasa_verification_task scheduled__2022-10-18T00:00:00+00:00 [queued]>
[2022-11-17T15:48:26.737+0000] {taskinstance.py:1362} INFO - 
--------------------------------------------------------------------------------
[2022-11-17T15:48:26.738+0000] {taskinstance.py:1363} INFO - Starting attempt 2 of 2
[2022-11-17T15:48:26.738+0000] {taskinstance.py:1364} INFO - 
--------------------------------------------------------------------------------
[2022-11-17T15:48:26.756+0000] {taskinstance.py:1383} INFO - Executing <Task(BashOperator): nasa_verification_task> on 2022-10-18 00:00:00+00:00
[2022-11-17T15:48:26.762+0000] {standard_task_runner.py:55} INFO - Started process 517 to run task
[2022-11-17T15:48:26.764+0000] {standard_task_runner.py:82} INFO - Running: ['***', 'tasks', 'run', 'MyPersonalAirflowProject', 'nasa_verification_task', 'scheduled__2022-10-18T00:00:00+00:00', '--job-id', '1797', '--raw', '--subdir', 'DAGS_FOLDER/FinalPersonalProject.py', '--cfg-path', '/tmp/tmpk9pi0vj0']
[2022-11-17T15:48:26.765+0000] {standard_task_runner.py:83} INFO - Job 1797: Subtask nasa_verification_task
[2022-11-17T15:48:26.825+0000] {task_command.py:376} INFO - Running <TaskInstance: MyPersonalAirflowProject.nasa_verification_task scheduled__2022-10-18T00:00:00+00:00 [running]> on host 638485efabe7
[2022-11-17T15:48:26.899+0000] {taskinstance.py:1592} INFO - Exporting the following env vars:
AIRFLOW_CTX_DAG_OWNER=***
AIRFLOW_CTX_DAG_ID=MyPersonalAirflowProject
AIRFLOW_CTX_TASK_ID=nasa_verification_task
AIRFLOW_CTX_EXECUTION_DATE=2022-10-18T00:00:00+00:00
AIRFLOW_CTX_TRY_NUMBER=2
AIRFLOW_CTX_DAG_RUN_ID=scheduled__2022-10-18T00:00:00+00:00
[2022-11-17T15:48:26.900+0000] {subprocess.py:63} INFO - Tmp dir root location: 
 /tmp
[2022-11-17T15:48:26.901+0000] {subprocess.py:75} INFO - Running command: ['/bin/bash', '-c', 'sleep 20 && echo "OK"> /tmp/reponse_20221018.txt']
[2022-11-17T15:48:26.911+0000] {subprocess.py:86} INFO - Output:
[2022-11-17T15:48:46.916+0000] {subprocess.py:97} INFO - Command exited with return code 0
[2022-11-17T15:48:46.955+0000] {taskinstance.py:1406} INFO - Marking task as SUCCESS. dag_id=MyPersonalAirflowProject, task_id=nasa_verification_task, execution_date=20221018T000000, start_date=20221117T154826, end_date=20221117T154846
[2022-11-17T15:48:47.024+0000] {local_task_job.py:164} INFO - Task exited with return code 0
[2022-11-17T15:48:47.067+0000] {local_task_job.py:273} INFO - 1 downstream tasks scheduled from follow-on schedule check
