[2022-11-04T21:33:06.907+0000] {taskinstance.py:1165} INFO - Dependencies all met for <TaskInstance: orquestation.task2 scheduled__2022-05-20T00:00:00+00:00 [queued]>
[2022-11-04T21:33:06.933+0000] {taskinstance.py:1165} INFO - Dependencies all met for <TaskInstance: orquestation.task2 scheduled__2022-05-20T00:00:00+00:00 [queued]>
[2022-11-04T21:33:06.934+0000] {taskinstance.py:1362} INFO - 
--------------------------------------------------------------------------------
[2022-11-04T21:33:06.935+0000] {taskinstance.py:1363} INFO - Starting attempt 1 of 1
[2022-11-04T21:33:06.936+0000] {taskinstance.py:1364} INFO - 
--------------------------------------------------------------------------------
[2022-11-04T21:33:06.959+0000] {taskinstance.py:1383} INFO - Executing <Task(BashOperator): task2> on 2022-05-20 00:00:00+00:00
[2022-11-04T21:33:06.970+0000] {standard_task_runner.py:55} INFO - Started process 994 to run task
[2022-11-04T21:33:06.975+0000] {standard_task_runner.py:82} INFO - Running: ['***', 'tasks', 'run', 'orquestation', 'task2', 'scheduled__2022-05-20T00:00:00+00:00', '--job-id', '188', '--raw', '--subdir', 'DAGS_FOLDER/5.1-orquestacion.py', '--cfg-path', '/tmp/tmp9ufclc9m']
[2022-11-04T21:33:06.976+0000] {standard_task_runner.py:83} INFO - Job 188: Subtask task2
[2022-11-04T21:33:07.071+0000] {task_command.py:376} INFO - Running <TaskInstance: orquestation.task2 scheduled__2022-05-20T00:00:00+00:00 [running]> on host 643e334f405f
[2022-11-04T21:33:07.200+0000] {taskinstance.py:1592} INFO - Exporting the following env vars:
AIRFLOW_CTX_DAG_OWNER=***
AIRFLOW_CTX_DAG_ID=orquestation
AIRFLOW_CTX_TASK_ID=task2
AIRFLOW_CTX_EXECUTION_DATE=2022-05-20T00:00:00+00:00
AIRFLOW_CTX_TRY_NUMBER=1
AIRFLOW_CTX_DAG_RUN_ID=scheduled__2022-05-20T00:00:00+00:00
[2022-11-04T21:33:07.205+0000] {subprocess.py:63} INFO - Tmp dir root location: 
 /tmp
[2022-11-04T21:33:07.207+0000] {subprocess.py:75} INFO - Running command: ['/bin/bash', '-c', "sleep 2 && echo 'task2'"]
[2022-11-04T21:33:07.230+0000] {subprocess.py:86} INFO - Output:
[2022-11-04T21:33:09.266+0000] {subprocess.py:93} INFO - task2
[2022-11-04T21:33:09.267+0000] {subprocess.py:97} INFO - Command exited with return code 0
[2022-11-04T21:33:09.313+0000] {taskinstance.py:1406} INFO - Marking task as SUCCESS. dag_id=orquestation, task_id=task2, execution_date=20220520T000000, start_date=20221104T213306, end_date=20221104T213309
[2022-11-04T21:33:09.354+0000] {local_task_job.py:164} INFO - Task exited with return code 0
[2022-11-04T21:33:09.398+0000] {local_task_job.py:273} INFO - 2 downstream tasks scheduled from follow-on schedule check
[2022-11-04T21:43:33.074+0000] {taskinstance.py:1165} INFO - Dependencies all met for <TaskInstance: orquestation.task2 scheduled__2022-05-20T00:00:00+00:00 [queued]>
[2022-11-04T21:43:33.090+0000] {taskinstance.py:1165} INFO - Dependencies all met for <TaskInstance: orquestation.task2 scheduled__2022-05-20T00:00:00+00:00 [queued]>
[2022-11-04T21:43:33.091+0000] {taskinstance.py:1362} INFO - 
--------------------------------------------------------------------------------
[2022-11-04T21:43:33.091+0000] {taskinstance.py:1363} INFO - Starting attempt 1 of 1
[2022-11-04T21:43:33.092+0000] {taskinstance.py:1364} INFO - 
--------------------------------------------------------------------------------
[2022-11-04T21:43:33.112+0000] {taskinstance.py:1383} INFO - Executing <Task(BashOperator): task2> on 2022-05-20 00:00:00+00:00
[2022-11-04T21:43:33.119+0000] {standard_task_runner.py:55} INFO - Started process 2057 to run task
[2022-11-04T21:43:33.121+0000] {standard_task_runner.py:82} INFO - Running: ['***', 'tasks', 'run', 'orquestation', 'task2', 'scheduled__2022-05-20T00:00:00+00:00', '--job-id', '332', '--raw', '--subdir', 'DAGS_FOLDER/5.1-orquestacion.py', '--cfg-path', '/tmp/tmpinlebpbs']
[2022-11-04T21:43:33.122+0000] {standard_task_runner.py:83} INFO - Job 332: Subtask task2
[2022-11-04T21:43:33.187+0000] {task_command.py:376} INFO - Running <TaskInstance: orquestation.task2 scheduled__2022-05-20T00:00:00+00:00 [running]> on host 643e334f405f
[2022-11-04T21:43:33.263+0000] {taskinstance.py:1592} INFO - Exporting the following env vars:
AIRFLOW_CTX_DAG_OWNER=***
AIRFLOW_CTX_DAG_ID=orquestation
AIRFLOW_CTX_TASK_ID=task2
AIRFLOW_CTX_EXECUTION_DATE=2022-05-20T00:00:00+00:00
AIRFLOW_CTX_TRY_NUMBER=1
AIRFLOW_CTX_DAG_RUN_ID=scheduled__2022-05-20T00:00:00+00:00
[2022-11-04T21:43:33.264+0000] {subprocess.py:63} INFO - Tmp dir root location: 
 /tmp
[2022-11-04T21:43:33.265+0000] {subprocess.py:75} INFO - Running command: ['/bin/bash', '-c', "sleep 2 && echo 'task2'"]
[2022-11-04T21:43:33.277+0000] {subprocess.py:86} INFO - Output:
[2022-11-04T21:43:35.281+0000] {subprocess.py:93} INFO - task2
[2022-11-04T21:43:35.282+0000] {subprocess.py:97} INFO - Command exited with return code 0
[2022-11-04T21:43:35.310+0000] {taskinstance.py:1406} INFO - Marking task as SUCCESS. dag_id=orquestation, task_id=task2, execution_date=20220520T000000, start_date=20221104T214333, end_date=20221104T214335
[2022-11-04T21:43:35.342+0000] {local_task_job.py:164} INFO - Task exited with return code 0
[2022-11-04T21:43:35.373+0000] {local_task_job.py:273} INFO - 2 downstream tasks scheduled from follow-on schedule check
