[2022-11-08T18:00:42.110+0000] {taskinstance.py:1165} INFO - Dependencies all met for <TaskInstance: 6-monitoring_1.task1 scheduled__2022-01-26T00:00:00+00:00 [queued]>
[2022-11-08T18:00:42.145+0000] {taskinstance.py:1165} INFO - Dependencies all met for <TaskInstance: 6-monitoring_1.task1 scheduled__2022-01-26T00:00:00+00:00 [queued]>
[2022-11-08T18:00:42.146+0000] {taskinstance.py:1362} INFO - 
--------------------------------------------------------------------------------
[2022-11-08T18:00:42.148+0000] {taskinstance.py:1363} INFO - Starting attempt 1 of 1
[2022-11-08T18:00:42.148+0000] {taskinstance.py:1364} INFO - 
--------------------------------------------------------------------------------
[2022-11-08T18:00:42.183+0000] {taskinstance.py:1383} INFO - Executing <Task(BashOperator): task1> on 2022-01-26 00:00:00+00:00
[2022-11-08T18:00:42.200+0000] {standard_task_runner.py:55} INFO - Started process 833 to run task
[2022-11-08T18:00:42.208+0000] {standard_task_runner.py:82} INFO - Running: ['***', 'tasks', 'run', '6-monitoring_1', 'task1', 'scheduled__2022-01-26T00:00:00+00:00', '--job-id', '446', '--raw', '--subdir', 'DAGS_FOLDER/6.1-monitoring.py', '--cfg-path', '/tmp/tmptqul1r13']
[2022-11-08T18:00:42.209+0000] {standard_task_runner.py:83} INFO - Job 446: Subtask task1
[2022-11-08T18:00:42.800+0000] {task_command.py:376} INFO - Running <TaskInstance: 6-monitoring_1.task1 scheduled__2022-01-26T00:00:00+00:00 [running]> on host 638485efabe7
[2022-11-08T18:00:42.961+0000] {taskinstance.py:1592} INFO - Exporting the following env vars:
AIRFLOW_CTX_DAG_OWNER=***
AIRFLOW_CTX_DAG_ID=6-monitoring_1
AIRFLOW_CTX_TASK_ID=task1
AIRFLOW_CTX_EXECUTION_DATE=2022-01-26T00:00:00+00:00
AIRFLOW_CTX_TRY_NUMBER=1
AIRFLOW_CTX_DAG_RUN_ID=scheduled__2022-01-26T00:00:00+00:00
[2022-11-08T18:00:42.964+0000] {subprocess.py:63} INFO - Tmp dir root location: 
 /tmp
[2022-11-08T18:00:42.966+0000] {subprocess.py:75} INFO - Running command: ['/bin/bash', '-c', "sleep 2 && echo 'task1'"]
[2022-11-08T18:00:42.993+0000] {subprocess.py:86} INFO - Output:
[2022-11-08T18:00:45.040+0000] {subprocess.py:93} INFO - task1
[2022-11-08T18:00:45.041+0000] {subprocess.py:97} INFO - Command exited with return code 0
[2022-11-08T18:00:45.076+0000] {taskinstance.py:1406} INFO - Marking task as SUCCESS. dag_id=6-monitoring_1, task_id=task1, execution_date=20220126T000000, start_date=20221108T180042, end_date=20221108T180045
[2022-11-08T18:00:45.159+0000] {local_task_job.py:164} INFO - Task exited with return code 0
[2022-11-08T18:00:45.206+0000] {local_task_job.py:273} INFO - 1 downstream tasks scheduled from follow-on schedule check
