[2022-11-04T19:37:12.527+0000] {processor.py:154} INFO - Started process (PID=67) to work on /home/airflow/.local/lib/python3.7/site-packages/airflow/example_dags/example_short_circuit_operator.py
[2022-11-04T19:37:12.530+0000] {processor.py:756} INFO - Processing file /home/airflow/.local/lib/python3.7/site-packages/airflow/example_dags/example_short_circuit_operator.py for tasks to queue
[2022-11-04T19:37:12.533+0000] {logging_mixin.py:120} INFO - [2022-11-04T19:37:12.533+0000] {dagbag.py:537} INFO - Filling up the DagBag from /home/airflow/.local/lib/python3.7/site-packages/airflow/example_dags/example_short_circuit_operator.py
[2022-11-04T19:37:12.693+0000] {processor.py:766} INFO - DAG(s) dict_keys(['example_short_circuit_operator']) retrieved from /home/airflow/.local/lib/python3.7/site-packages/airflow/example_dags/example_short_circuit_operator.py
[2022-11-04T19:37:13.496+0000] {logging_mixin.py:120} INFO - [2022-11-04T19:37:13.496+0000] {manager.py:507} INFO - Created Permission View: can read on DAG:example_short_circuit_operator
[2022-11-04T19:37:13.519+0000] {logging_mixin.py:120} INFO - [2022-11-04T19:37:13.519+0000] {manager.py:507} INFO - Created Permission View: can edit on DAG:example_short_circuit_operator
[2022-11-04T19:37:13.759+0000] {logging_mixin.py:120} INFO - [2022-11-04T19:37:13.758+0000] {manager.py:507} INFO - Created Permission View: can delete on DAG:example_short_circuit_operator
[2022-11-04T19:37:13.760+0000] {logging_mixin.py:120} INFO - [2022-11-04T19:37:13.759+0000] {dag.py:2585} INFO - Sync 1 DAGs
[2022-11-04T19:37:13.838+0000] {logging_mixin.py:120} INFO - [2022-11-04T19:37:13.838+0000] {dag.py:2606} INFO - Creating ORM DAG for example_short_circuit_operator
[2022-11-04T19:37:13.904+0000] {logging_mixin.py:120} INFO - [2022-11-04T19:37:13.903+0000] {dag.py:3340} INFO - Setting next_dagrun for example_short_circuit_operator to 2022-11-03T19:37:13.901920+00:00, run_after=2022-11-04T19:37:13.901920+00:00
[2022-11-04T19:37:14.023+0000] {processor.py:176} INFO - Processing /home/airflow/.local/lib/python3.7/site-packages/airflow/example_dags/example_short_circuit_operator.py took 1.542 seconds
[2022-11-04T19:37:44.708+0000] {processor.py:154} INFO - Started process (PID=127) to work on /home/airflow/.local/lib/python3.7/site-packages/airflow/example_dags/example_short_circuit_operator.py
[2022-11-04T19:37:44.709+0000] {processor.py:756} INFO - Processing file /home/airflow/.local/lib/python3.7/site-packages/airflow/example_dags/example_short_circuit_operator.py for tasks to queue
[2022-11-04T19:37:44.710+0000] {logging_mixin.py:120} INFO - [2022-11-04T19:37:44.710+0000] {dagbag.py:537} INFO - Filling up the DagBag from /home/airflow/.local/lib/python3.7/site-packages/airflow/example_dags/example_short_circuit_operator.py
[2022-11-04T19:37:44.727+0000] {processor.py:766} INFO - DAG(s) dict_keys(['example_short_circuit_operator']) retrieved from /home/airflow/.local/lib/python3.7/site-packages/airflow/example_dags/example_short_circuit_operator.py
[2022-11-04T19:37:44.767+0000] {logging_mixin.py:120} INFO - [2022-11-04T19:37:44.766+0000] {dag.py:2585} INFO - Sync 1 DAGs
[2022-11-04T19:37:44.796+0000] {logging_mixin.py:120} INFO - [2022-11-04T19:37:44.796+0000] {dag.py:3340} INFO - Setting next_dagrun for example_short_circuit_operator to 2022-11-03T19:37:44.796130+00:00, run_after=2022-11-04T19:37:44.796130+00:00
[2022-11-04T19:37:44.830+0000] {processor.py:176} INFO - Processing /home/airflow/.local/lib/python3.7/site-packages/airflow/example_dags/example_short_circuit_operator.py took 0.124 seconds
[2022-11-04T19:38:15.253+0000] {processor.py:154} INFO - Started process (PID=179) to work on /home/airflow/.local/lib/python3.7/site-packages/airflow/example_dags/example_short_circuit_operator.py
[2022-11-04T19:38:15.255+0000] {processor.py:756} INFO - Processing file /home/airflow/.local/lib/python3.7/site-packages/airflow/example_dags/example_short_circuit_operator.py for tasks to queue
[2022-11-04T19:38:15.256+0000] {logging_mixin.py:120} INFO - [2022-11-04T19:38:15.255+0000] {dagbag.py:537} INFO - Filling up the DagBag from /home/airflow/.local/lib/python3.7/site-packages/airflow/example_dags/example_short_circuit_operator.py
[2022-11-04T19:38:15.271+0000] {processor.py:766} INFO - DAG(s) dict_keys(['example_short_circuit_operator']) retrieved from /home/airflow/.local/lib/python3.7/site-packages/airflow/example_dags/example_short_circuit_operator.py
[2022-11-04T19:38:15.317+0000] {logging_mixin.py:120} INFO - [2022-11-04T19:38:15.316+0000] {dag.py:2585} INFO - Sync 1 DAGs
[2022-11-04T19:38:15.350+0000] {logging_mixin.py:120} INFO - [2022-11-04T19:38:15.350+0000] {dag.py:3340} INFO - Setting next_dagrun for example_short_circuit_operator to 2022-11-03T19:38:15.349588+00:00, run_after=2022-11-04T19:38:15.349588+00:00
[2022-11-04T19:38:15.383+0000] {processor.py:176} INFO - Processing /home/airflow/.local/lib/python3.7/site-packages/airflow/example_dags/example_short_circuit_operator.py took 0.132 seconds
[2022-11-04T19:39:12.014+0000] {processor.py:154} INFO - Started process (PID=245) to work on /home/airflow/.local/lib/python3.7/site-packages/airflow/example_dags/example_short_circuit_operator.py
[2022-11-04T19:39:12.017+0000] {processor.py:756} INFO - Processing file /home/airflow/.local/lib/python3.7/site-packages/airflow/example_dags/example_short_circuit_operator.py for tasks to queue
[2022-11-04T19:39:12.018+0000] {logging_mixin.py:120} INFO - [2022-11-04T19:39:12.018+0000] {dagbag.py:537} INFO - Filling up the DagBag from /home/airflow/.local/lib/python3.7/site-packages/airflow/example_dags/example_short_circuit_operator.py
[2022-11-04T19:39:12.052+0000] {processor.py:766} INFO - DAG(s) dict_keys(['example_short_circuit_operator']) retrieved from /home/airflow/.local/lib/python3.7/site-packages/airflow/example_dags/example_short_circuit_operator.py
[2022-11-04T19:39:12.142+0000] {logging_mixin.py:120} INFO - [2022-11-04T19:39:12.141+0000] {dag.py:2585} INFO - Sync 1 DAGs
[2022-11-04T19:39:12.202+0000] {logging_mixin.py:120} INFO - [2022-11-04T19:39:12.202+0000] {dag.py:3340} INFO - Setting next_dagrun for example_short_circuit_operator to 2022-11-03T19:39:12.201544+00:00, run_after=2022-11-04T19:39:12.201544+00:00
[2022-11-04T19:39:12.271+0000] {processor.py:176} INFO - Processing /home/airflow/.local/lib/python3.7/site-packages/airflow/example_dags/example_short_circuit_operator.py took 0.262 seconds
[2022-11-04T19:39:42.377+0000] {processor.py:154} INFO - Started process (PID=305) to work on /home/airflow/.local/lib/python3.7/site-packages/airflow/example_dags/example_short_circuit_operator.py
[2022-11-04T19:39:42.378+0000] {processor.py:756} INFO - Processing file /home/airflow/.local/lib/python3.7/site-packages/airflow/example_dags/example_short_circuit_operator.py for tasks to queue
[2022-11-04T19:39:42.379+0000] {logging_mixin.py:120} INFO - [2022-11-04T19:39:42.379+0000] {dagbag.py:537} INFO - Filling up the DagBag from /home/airflow/.local/lib/python3.7/site-packages/airflow/example_dags/example_short_circuit_operator.py
[2022-11-04T19:39:42.397+0000] {processor.py:766} INFO - DAG(s) dict_keys(['example_short_circuit_operator']) retrieved from /home/airflow/.local/lib/python3.7/site-packages/airflow/example_dags/example_short_circuit_operator.py
[2022-11-04T19:39:42.454+0000] {logging_mixin.py:120} INFO - [2022-11-04T19:39:42.453+0000] {dag.py:2585} INFO - Sync 1 DAGs
[2022-11-04T19:39:42.491+0000] {logging_mixin.py:120} INFO - [2022-11-04T19:39:42.491+0000] {dag.py:3340} INFO - Setting next_dagrun for example_short_circuit_operator to 2022-11-03T19:39:42.491068+00:00, run_after=2022-11-04T19:39:42.491068+00:00
[2022-11-04T19:39:42.543+0000] {processor.py:176} INFO - Processing /home/airflow/.local/lib/python3.7/site-packages/airflow/example_dags/example_short_circuit_operator.py took 0.169 seconds
[2022-11-04T19:40:20.646+0000] {processor.py:154} INFO - Started process (PID=373) to work on /home/airflow/.local/lib/python3.7/site-packages/airflow/example_dags/example_short_circuit_operator.py
[2022-11-04T19:40:20.647+0000] {processor.py:756} INFO - Processing file /home/airflow/.local/lib/python3.7/site-packages/airflow/example_dags/example_short_circuit_operator.py for tasks to queue
[2022-11-04T19:40:20.648+0000] {logging_mixin.py:120} INFO - [2022-11-04T19:40:20.648+0000] {dagbag.py:537} INFO - Filling up the DagBag from /home/airflow/.local/lib/python3.7/site-packages/airflow/example_dags/example_short_circuit_operator.py
[2022-11-04T19:40:20.664+0000] {processor.py:766} INFO - DAG(s) dict_keys(['example_short_circuit_operator']) retrieved from /home/airflow/.local/lib/python3.7/site-packages/airflow/example_dags/example_short_circuit_operator.py
[2022-11-04T19:40:20.705+0000] {logging_mixin.py:120} INFO - [2022-11-04T19:40:20.705+0000] {dag.py:2585} INFO - Sync 1 DAGs
[2022-11-04T19:40:20.796+0000] {logging_mixin.py:120} INFO - [2022-11-04T19:40:20.796+0000] {dag.py:3340} INFO - Setting next_dagrun for example_short_circuit_operator to 2022-11-03T19:40:20.796178+00:00, run_after=2022-11-04T19:40:20.796178+00:00
[2022-11-04T19:40:20.943+0000] {processor.py:176} INFO - Processing /home/airflow/.local/lib/python3.7/site-packages/airflow/example_dags/example_short_circuit_operator.py took 0.299 seconds
[2022-11-04T19:44:42.362+0000] {processor.py:154} INFO - Started process (PID=436) to work on /home/airflow/.local/lib/python3.7/site-packages/airflow/example_dags/example_short_circuit_operator.py
[2022-11-04T19:44:42.365+0000] {processor.py:756} INFO - Processing file /home/airflow/.local/lib/python3.7/site-packages/airflow/example_dags/example_short_circuit_operator.py for tasks to queue
[2022-11-04T19:44:42.370+0000] {logging_mixin.py:120} INFO - [2022-11-04T19:44:42.368+0000] {dagbag.py:537} INFO - Filling up the DagBag from /home/airflow/.local/lib/python3.7/site-packages/airflow/example_dags/example_short_circuit_operator.py
[2022-11-04T19:44:42.448+0000] {processor.py:766} INFO - DAG(s) dict_keys(['example_short_circuit_operator']) retrieved from /home/airflow/.local/lib/python3.7/site-packages/airflow/example_dags/example_short_circuit_operator.py
[2022-11-04T19:48:55.461+0000] {processor.py:154} INFO - Started process (PID=478) to work on /home/airflow/.local/lib/python3.7/site-packages/airflow/example_dags/example_short_circuit_operator.py
[2022-11-04T19:48:55.462+0000] {processor.py:756} INFO - Processing file /home/airflow/.local/lib/python3.7/site-packages/airflow/example_dags/example_short_circuit_operator.py for tasks to queue
[2022-11-04T19:48:55.464+0000] {logging_mixin.py:120} INFO - [2022-11-04T19:48:55.464+0000] {dagbag.py:537} INFO - Filling up the DagBag from /home/airflow/.local/lib/python3.7/site-packages/airflow/example_dags/example_short_circuit_operator.py
[2022-11-04T19:48:55.562+0000] {processor.py:766} INFO - DAG(s) dict_keys(['example_short_circuit_operator']) retrieved from /home/airflow/.local/lib/python3.7/site-packages/airflow/example_dags/example_short_circuit_operator.py
[2022-11-04T19:48:55.620+0000] {logging_mixin.py:120} INFO - [2022-11-04T19:48:55.619+0000] {dag.py:2585} INFO - Sync 1 DAGs
[2022-11-04T19:48:55.691+0000] {logging_mixin.py:120} INFO - [2022-11-04T19:48:55.691+0000] {dag.py:3340} INFO - Setting next_dagrun for example_short_circuit_operator to 2022-11-03T19:48:55.690453+00:00, run_after=2022-11-04T19:48:55.690453+00:00
[2022-11-04T19:48:55.771+0000] {processor.py:176} INFO - Processing /home/airflow/.local/lib/python3.7/site-packages/airflow/example_dags/example_short_circuit_operator.py took 0.315 seconds
