[2022-11-04T19:37:36.938+0000] {processor.py:154} INFO - Started process (PID=107) to work on /home/airflow/.local/lib/python3.7/site-packages/airflow/example_dags/example_external_task_marker_dag.py
[2022-11-04T19:37:36.939+0000] {processor.py:756} INFO - Processing file /home/airflow/.local/lib/python3.7/site-packages/airflow/example_dags/example_external_task_marker_dag.py for tasks to queue
[2022-11-04T19:37:36.940+0000] {logging_mixin.py:120} INFO - [2022-11-04T19:37:36.940+0000] {dagbag.py:537} INFO - Filling up the DagBag from /home/airflow/.local/lib/python3.7/site-packages/airflow/example_dags/example_external_task_marker_dag.py
[2022-11-04T19:37:36.978+0000] {processor.py:766} INFO - DAG(s) dict_keys(['example_external_task_marker_parent', 'example_external_task_marker_child']) retrieved from /home/airflow/.local/lib/python3.7/site-packages/airflow/example_dags/example_external_task_marker_dag.py
[2022-11-04T19:37:37.134+0000] {logging_mixin.py:120} INFO - [2022-11-04T19:37:37.134+0000] {manager.py:507} INFO - Created Permission View: can read on DAG:example_external_task_marker_parent
[2022-11-04T19:37:37.156+0000] {logging_mixin.py:120} INFO - [2022-11-04T19:37:37.155+0000] {manager.py:507} INFO - Created Permission View: can edit on DAG:example_external_task_marker_parent
[2022-11-04T19:37:37.170+0000] {logging_mixin.py:120} INFO - [2022-11-04T19:37:37.170+0000] {manager.py:507} INFO - Created Permission View: can delete on DAG:example_external_task_marker_parent
[2022-11-04T19:37:37.412+0000] {logging_mixin.py:120} INFO - [2022-11-04T19:37:37.411+0000] {manager.py:507} INFO - Created Permission View: can read on DAG:example_external_task_marker_child
[2022-11-04T19:37:37.427+0000] {logging_mixin.py:120} INFO - [2022-11-04T19:37:37.427+0000] {manager.py:507} INFO - Created Permission View: can edit on DAG:example_external_task_marker_child
[2022-11-04T19:37:37.443+0000] {logging_mixin.py:120} INFO - [2022-11-04T19:37:37.442+0000] {manager.py:507} INFO - Created Permission View: can delete on DAG:example_external_task_marker_child
[2022-11-04T19:37:37.444+0000] {logging_mixin.py:120} INFO - [2022-11-04T19:37:37.443+0000] {dag.py:2585} INFO - Sync 2 DAGs
[2022-11-04T19:37:37.464+0000] {logging_mixin.py:120} INFO - [2022-11-04T19:37:37.464+0000] {dag.py:2606} INFO - Creating ORM DAG for example_external_task_marker_child
[2022-11-04T19:37:37.465+0000] {logging_mixin.py:120} INFO - [2022-11-04T19:37:37.465+0000] {dag.py:2606} INFO - Creating ORM DAG for example_external_task_marker_parent
[2022-11-04T19:37:37.482+0000] {logging_mixin.py:120} INFO - [2022-11-04T19:37:37.481+0000] {dag.py:3340} INFO - Setting next_dagrun for example_external_task_marker_child to None, run_after=None
[2022-11-04T19:37:37.483+0000] {logging_mixin.py:120} INFO - [2022-11-04T19:37:37.483+0000] {dag.py:3340} INFO - Setting next_dagrun for example_external_task_marker_parent to None, run_after=None
[2022-11-04T19:37:37.517+0000] {processor.py:176} INFO - Processing /home/airflow/.local/lib/python3.7/site-packages/airflow/example_dags/example_external_task_marker_dag.py took 0.582 seconds
[2022-11-04T19:38:09.810+0000] {processor.py:154} INFO - Started process (PID=169) to work on /home/airflow/.local/lib/python3.7/site-packages/airflow/example_dags/example_external_task_marker_dag.py
[2022-11-04T19:38:09.811+0000] {processor.py:756} INFO - Processing file /home/airflow/.local/lib/python3.7/site-packages/airflow/example_dags/example_external_task_marker_dag.py for tasks to queue
[2022-11-04T19:38:09.813+0000] {logging_mixin.py:120} INFO - [2022-11-04T19:38:09.812+0000] {dagbag.py:537} INFO - Filling up the DagBag from /home/airflow/.local/lib/python3.7/site-packages/airflow/example_dags/example_external_task_marker_dag.py
[2022-11-04T19:38:09.832+0000] {processor.py:766} INFO - DAG(s) dict_keys(['example_external_task_marker_child', 'example_external_task_marker_parent']) retrieved from /home/airflow/.local/lib/python3.7/site-packages/airflow/example_dags/example_external_task_marker_dag.py
[2022-11-04T19:38:10.118+0000] {logging_mixin.py:120} INFO - [2022-11-04T19:38:10.117+0000] {dag.py:2585} INFO - Sync 2 DAGs
[2022-11-04T19:38:10.164+0000] {logging_mixin.py:120} INFO - [2022-11-04T19:38:10.164+0000] {dag.py:3340} INFO - Setting next_dagrun for example_external_task_marker_child to None, run_after=None
[2022-11-04T19:38:10.173+0000] {logging_mixin.py:120} INFO - [2022-11-04T19:38:10.173+0000] {dag.py:3340} INFO - Setting next_dagrun for example_external_task_marker_parent to None, run_after=None
[2022-11-04T19:38:10.225+0000] {processor.py:176} INFO - Processing /home/airflow/.local/lib/python3.7/site-packages/airflow/example_dags/example_external_task_marker_dag.py took 0.419 seconds
[2022-11-04T19:39:14.583+0000] {processor.py:154} INFO - Started process (PID=264) to work on /home/airflow/.local/lib/python3.7/site-packages/airflow/example_dags/example_external_task_marker_dag.py
[2022-11-04T19:39:14.584+0000] {processor.py:756} INFO - Processing file /home/airflow/.local/lib/python3.7/site-packages/airflow/example_dags/example_external_task_marker_dag.py for tasks to queue
[2022-11-04T19:39:14.585+0000] {logging_mixin.py:120} INFO - [2022-11-04T19:39:14.585+0000] {dagbag.py:537} INFO - Filling up the DagBag from /home/airflow/.local/lib/python3.7/site-packages/airflow/example_dags/example_external_task_marker_dag.py
[2022-11-04T19:39:14.602+0000] {processor.py:766} INFO - DAG(s) dict_keys(['example_external_task_marker_parent', 'example_external_task_marker_child']) retrieved from /home/airflow/.local/lib/python3.7/site-packages/airflow/example_dags/example_external_task_marker_dag.py
[2022-11-04T19:39:14.877+0000] {logging_mixin.py:120} INFO - [2022-11-04T19:39:14.877+0000] {dag.py:2585} INFO - Sync 2 DAGs
[2022-11-04T19:39:14.913+0000] {logging_mixin.py:120} INFO - [2022-11-04T19:39:14.913+0000] {dag.py:3340} INFO - Setting next_dagrun for example_external_task_marker_child to None, run_after=None
[2022-11-04T19:39:14.918+0000] {logging_mixin.py:120} INFO - [2022-11-04T19:39:14.918+0000] {dag.py:3340} INFO - Setting next_dagrun for example_external_task_marker_parent to None, run_after=None
[2022-11-04T19:39:14.951+0000] {processor.py:176} INFO - Processing /home/airflow/.local/lib/python3.7/site-packages/airflow/example_dags/example_external_task_marker_dag.py took 0.371 seconds
[2022-11-04T19:39:45.200+0000] {processor.py:154} INFO - Started process (PID=324) to work on /home/airflow/.local/lib/python3.7/site-packages/airflow/example_dags/example_external_task_marker_dag.py
[2022-11-04T19:39:45.201+0000] {processor.py:756} INFO - Processing file /home/airflow/.local/lib/python3.7/site-packages/airflow/example_dags/example_external_task_marker_dag.py for tasks to queue
[2022-11-04T19:39:45.202+0000] {logging_mixin.py:120} INFO - [2022-11-04T19:39:45.202+0000] {dagbag.py:537} INFO - Filling up the DagBag from /home/airflow/.local/lib/python3.7/site-packages/airflow/example_dags/example_external_task_marker_dag.py
[2022-11-04T19:39:45.215+0000] {processor.py:766} INFO - DAG(s) dict_keys(['example_external_task_marker_parent', 'example_external_task_marker_child']) retrieved from /home/airflow/.local/lib/python3.7/site-packages/airflow/example_dags/example_external_task_marker_dag.py
[2022-11-04T19:39:45.402+0000] {logging_mixin.py:120} INFO - [2022-11-04T19:39:45.402+0000] {dag.py:2585} INFO - Sync 2 DAGs
[2022-11-04T19:39:45.437+0000] {logging_mixin.py:120} INFO - [2022-11-04T19:39:45.436+0000] {dag.py:3340} INFO - Setting next_dagrun for example_external_task_marker_child to None, run_after=None
[2022-11-04T19:39:45.454+0000] {logging_mixin.py:120} INFO - [2022-11-04T19:39:45.453+0000] {dag.py:3340} INFO - Setting next_dagrun for example_external_task_marker_parent to None, run_after=None
[2022-11-04T19:39:45.490+0000] {processor.py:176} INFO - Processing /home/airflow/.local/lib/python3.7/site-packages/airflow/example_dags/example_external_task_marker_dag.py took 0.292 seconds
[2022-11-04T19:40:24.617+0000] {processor.py:154} INFO - Started process (PID=394) to work on /home/airflow/.local/lib/python3.7/site-packages/airflow/example_dags/example_external_task_marker_dag.py
[2022-11-04T19:40:24.618+0000] {processor.py:756} INFO - Processing file /home/airflow/.local/lib/python3.7/site-packages/airflow/example_dags/example_external_task_marker_dag.py for tasks to queue
[2022-11-04T19:40:24.619+0000] {logging_mixin.py:120} INFO - [2022-11-04T19:40:24.619+0000] {dagbag.py:537} INFO - Filling up the DagBag from /home/airflow/.local/lib/python3.7/site-packages/airflow/example_dags/example_external_task_marker_dag.py
[2022-11-04T19:40:24.634+0000] {processor.py:766} INFO - DAG(s) dict_keys(['example_external_task_marker_parent', 'example_external_task_marker_child']) retrieved from /home/airflow/.local/lib/python3.7/site-packages/airflow/example_dags/example_external_task_marker_dag.py
[2022-11-04T19:40:24.850+0000] {logging_mixin.py:120} INFO - [2022-11-04T19:40:24.850+0000] {dag.py:2585} INFO - Sync 2 DAGs
[2022-11-04T19:40:24.880+0000] {logging_mixin.py:120} INFO - [2022-11-04T19:40:24.880+0000] {dag.py:3340} INFO - Setting next_dagrun for example_external_task_marker_child to None, run_after=None
[2022-11-04T19:40:24.885+0000] {logging_mixin.py:120} INFO - [2022-11-04T19:40:24.885+0000] {dag.py:3340} INFO - Setting next_dagrun for example_external_task_marker_parent to None, run_after=None
[2022-11-04T19:40:24.920+0000] {processor.py:176} INFO - Processing /home/airflow/.local/lib/python3.7/site-packages/airflow/example_dags/example_external_task_marker_dag.py took 0.305 seconds
[2022-11-04T19:48:54.011+0000] {processor.py:154} INFO - Started process (PID=468) to work on /home/airflow/.local/lib/python3.7/site-packages/airflow/example_dags/example_external_task_marker_dag.py
[2022-11-04T19:48:54.013+0000] {processor.py:756} INFO - Processing file /home/airflow/.local/lib/python3.7/site-packages/airflow/example_dags/example_external_task_marker_dag.py for tasks to queue
[2022-11-04T19:48:54.015+0000] {logging_mixin.py:120} INFO - [2022-11-04T19:48:54.014+0000] {dagbag.py:537} INFO - Filling up the DagBag from /home/airflow/.local/lib/python3.7/site-packages/airflow/example_dags/example_external_task_marker_dag.py
[2022-11-04T19:48:54.080+0000] {processor.py:766} INFO - DAG(s) dict_keys(['example_external_task_marker_parent', 'example_external_task_marker_child']) retrieved from /home/airflow/.local/lib/python3.7/site-packages/airflow/example_dags/example_external_task_marker_dag.py
[2022-11-04T19:48:54.428+0000] {logging_mixin.py:120} INFO - [2022-11-04T19:48:54.428+0000] {dag.py:2585} INFO - Sync 2 DAGs
[2022-11-04T19:48:54.493+0000] {logging_mixin.py:120} INFO - [2022-11-04T19:48:54.492+0000] {dag.py:3340} INFO - Setting next_dagrun for example_external_task_marker_child to None, run_after=None
[2022-11-04T19:48:54.504+0000] {logging_mixin.py:120} INFO - [2022-11-04T19:48:54.503+0000] {dag.py:3340} INFO - Setting next_dagrun for example_external_task_marker_parent to None, run_after=None
[2022-11-04T19:48:54.595+0000] {processor.py:176} INFO - Processing /home/airflow/.local/lib/python3.7/site-packages/airflow/example_dags/example_external_task_marker_dag.py took 0.589 seconds
