[2022-11-04T19:37:31.320+0000] {processor.py:154} INFO - Started process (PID=93) to work on /home/airflow/.local/lib/python3.7/site-packages/airflow/example_dags/example_python_operator.py
[2022-11-04T19:37:31.322+0000] {processor.py:756} INFO - Processing file /home/airflow/.local/lib/python3.7/site-packages/airflow/example_dags/example_python_operator.py for tasks to queue
[2022-11-04T19:37:31.325+0000] {logging_mixin.py:120} INFO - [2022-11-04T19:37:31.324+0000] {dagbag.py:537} INFO - Filling up the DagBag from /home/airflow/.local/lib/python3.7/site-packages/airflow/example_dags/example_python_operator.py
[2022-11-04T19:37:31.513+0000] {logging_mixin.py:120} INFO - [2022-11-04T19:37:31.512+0000] {taskmixin.py:205} WARNING - Dependency <Task(_PythonDecoratedOperator): print_the_context>, log_sql_query already registered for DAG: example_python_operator
[2022-11-04T19:37:31.516+0000] {logging_mixin.py:120} INFO - [2022-11-04T19:37:31.516+0000] {taskmixin.py:205} WARNING - Dependency <Task(_PythonDecoratedOperator): log_sql_query>, print_the_context already registered for DAG: example_python_operator
[2022-11-04T19:37:31.520+0000] {logging_mixin.py:120} INFO - [2022-11-04T19:37:31.519+0000] {taskmixin.py:205} WARNING - Dependency <Task(_PythonDecoratedOperator): print_the_context>, log_sql_query already registered for DAG: example_python_operator
[2022-11-04T19:37:31.521+0000] {logging_mixin.py:120} INFO - [2022-11-04T19:37:31.521+0000] {taskmixin.py:205} WARNING - Dependency <Task(_PythonDecoratedOperator): log_sql_query>, print_the_context already registered for DAG: example_python_operator
[2022-11-04T19:37:31.538+0000] {logging_mixin.py:120} INFO - [2022-11-04T19:37:31.538+0000] {taskmixin.py:205} WARNING - Dependency <Task(_PythonDecoratedOperator): print_the_context>, log_sql_query already registered for DAG: example_python_operator
[2022-11-04T19:37:31.541+0000] {logging_mixin.py:120} INFO - [2022-11-04T19:37:31.541+0000] {taskmixin.py:205} WARNING - Dependency <Task(_PythonDecoratedOperator): log_sql_query>, print_the_context already registered for DAG: example_python_operator
[2022-11-04T19:37:31.544+0000] {logging_mixin.py:120} INFO - [2022-11-04T19:37:31.544+0000] {taskmixin.py:205} WARNING - Dependency <Task(_PythonDecoratedOperator): print_the_context>, log_sql_query already registered for DAG: example_python_operator
[2022-11-04T19:37:31.545+0000] {logging_mixin.py:120} INFO - [2022-11-04T19:37:31.545+0000] {taskmixin.py:205} WARNING - Dependency <Task(_PythonDecoratedOperator): log_sql_query>, print_the_context already registered for DAG: example_python_operator
[2022-11-04T19:37:31.573+0000] {processor.py:766} INFO - DAG(s) dict_keys(['example_python_operator']) retrieved from /home/airflow/.local/lib/python3.7/site-packages/airflow/example_dags/example_python_operator.py
[2022-11-04T19:37:32.064+0000] {logging_mixin.py:120} INFO - [2022-11-04T19:37:32.064+0000] {manager.py:507} INFO - Created Permission View: can read on DAG:example_python_operator
[2022-11-04T19:37:32.116+0000] {logging_mixin.py:120} INFO - [2022-11-04T19:37:32.116+0000] {manager.py:507} INFO - Created Permission View: can edit on DAG:example_python_operator
[2022-11-04T19:37:32.145+0000] {logging_mixin.py:120} INFO - [2022-11-04T19:37:32.145+0000] {manager.py:507} INFO - Created Permission View: can delete on DAG:example_python_operator
[2022-11-04T19:37:32.147+0000] {logging_mixin.py:120} INFO - [2022-11-04T19:37:32.146+0000] {dag.py:2585} INFO - Sync 1 DAGs
[2022-11-04T19:37:32.170+0000] {logging_mixin.py:120} INFO - [2022-11-04T19:37:32.169+0000] {dag.py:2606} INFO - Creating ORM DAG for example_python_operator
[2022-11-04T19:37:32.191+0000] {logging_mixin.py:120} INFO - [2022-11-04T19:37:32.191+0000] {dag.py:3340} INFO - Setting next_dagrun for example_python_operator to None, run_after=None
[2022-11-04T19:37:32.260+0000] {processor.py:176} INFO - Processing /home/airflow/.local/lib/python3.7/site-packages/airflow/example_dags/example_python_operator.py took 0.946 seconds
[2022-11-04T19:38:07.287+0000] {processor.py:154} INFO - Started process (PID=153) to work on /home/airflow/.local/lib/python3.7/site-packages/airflow/example_dags/example_python_operator.py
[2022-11-04T19:38:07.290+0000] {processor.py:756} INFO - Processing file /home/airflow/.local/lib/python3.7/site-packages/airflow/example_dags/example_python_operator.py for tasks to queue
[2022-11-04T19:38:07.294+0000] {logging_mixin.py:120} INFO - [2022-11-04T19:38:07.293+0000] {dagbag.py:537} INFO - Filling up the DagBag from /home/airflow/.local/lib/python3.7/site-packages/airflow/example_dags/example_python_operator.py
[2022-11-04T19:38:07.322+0000] {logging_mixin.py:120} INFO - [2022-11-04T19:38:07.322+0000] {taskmixin.py:205} WARNING - Dependency <Task(_PythonDecoratedOperator): print_the_context>, log_sql_query already registered for DAG: example_python_operator
[2022-11-04T19:38:07.324+0000] {logging_mixin.py:120} INFO - [2022-11-04T19:38:07.324+0000] {taskmixin.py:205} WARNING - Dependency <Task(_PythonDecoratedOperator): log_sql_query>, print_the_context already registered for DAG: example_python_operator
[2022-11-04T19:38:07.327+0000] {logging_mixin.py:120} INFO - [2022-11-04T19:38:07.326+0000] {taskmixin.py:205} WARNING - Dependency <Task(_PythonDecoratedOperator): print_the_context>, log_sql_query already registered for DAG: example_python_operator
[2022-11-04T19:38:07.327+0000] {logging_mixin.py:120} INFO - [2022-11-04T19:38:07.327+0000] {taskmixin.py:205} WARNING - Dependency <Task(_PythonDecoratedOperator): log_sql_query>, print_the_context already registered for DAG: example_python_operator
[2022-11-04T19:38:07.329+0000] {logging_mixin.py:120} INFO - [2022-11-04T19:38:07.329+0000] {taskmixin.py:205} WARNING - Dependency <Task(_PythonDecoratedOperator): print_the_context>, log_sql_query already registered for DAG: example_python_operator
[2022-11-04T19:38:07.330+0000] {logging_mixin.py:120} INFO - [2022-11-04T19:38:07.330+0000] {taskmixin.py:205} WARNING - Dependency <Task(_PythonDecoratedOperator): log_sql_query>, print_the_context already registered for DAG: example_python_operator
[2022-11-04T19:38:07.332+0000] {logging_mixin.py:120} INFO - [2022-11-04T19:38:07.331+0000] {taskmixin.py:205} WARNING - Dependency <Task(_PythonDecoratedOperator): print_the_context>, log_sql_query already registered for DAG: example_python_operator
[2022-11-04T19:38:07.332+0000] {logging_mixin.py:120} INFO - [2022-11-04T19:38:07.332+0000] {taskmixin.py:205} WARNING - Dependency <Task(_PythonDecoratedOperator): log_sql_query>, print_the_context already registered for DAG: example_python_operator
[2022-11-04T19:38:07.345+0000] {processor.py:766} INFO - DAG(s) dict_keys(['example_python_operator']) retrieved from /home/airflow/.local/lib/python3.7/site-packages/airflow/example_dags/example_python_operator.py
[2022-11-04T19:38:07.412+0000] {logging_mixin.py:120} INFO - [2022-11-04T19:38:07.411+0000] {dag.py:2585} INFO - Sync 1 DAGs
[2022-11-04T19:38:07.465+0000] {logging_mixin.py:120} INFO - [2022-11-04T19:38:07.465+0000] {dag.py:3340} INFO - Setting next_dagrun for example_python_operator to None, run_after=None
[2022-11-04T19:38:07.547+0000] {processor.py:176} INFO - Processing /home/airflow/.local/lib/python3.7/site-packages/airflow/example_dags/example_python_operator.py took 0.265 seconds
[2022-11-04T19:38:59.201+0000] {processor.py:154} INFO - Started process (PID=223) to work on /home/airflow/.local/lib/python3.7/site-packages/airflow/example_dags/example_python_operator.py
[2022-11-04T19:38:59.992+0000] {processor.py:756} INFO - Processing file /home/airflow/.local/lib/python3.7/site-packages/airflow/example_dags/example_python_operator.py for tasks to queue
[2022-11-04T19:38:59.995+0000] {logging_mixin.py:120} INFO - [2022-11-04T19:38:59.994+0000] {dagbag.py:537} INFO - Filling up the DagBag from /home/airflow/.local/lib/python3.7/site-packages/airflow/example_dags/example_python_operator.py
[2022-11-04T19:39:02.493+0000] {logging_mixin.py:120} INFO - [2022-11-04T19:39:02.493+0000] {taskmixin.py:205} WARNING - Dependency <Task(_PythonDecoratedOperator): print_the_context>, log_sql_query already registered for DAG: example_python_operator
[2022-11-04T19:39:02.494+0000] {logging_mixin.py:120} INFO - [2022-11-04T19:39:02.493+0000] {taskmixin.py:205} WARNING - Dependency <Task(_PythonDecoratedOperator): log_sql_query>, print_the_context already registered for DAG: example_python_operator
[2022-11-04T19:39:02.495+0000] {logging_mixin.py:120} INFO - [2022-11-04T19:39:02.495+0000] {taskmixin.py:205} WARNING - Dependency <Task(_PythonDecoratedOperator): print_the_context>, log_sql_query already registered for DAG: example_python_operator
[2022-11-04T19:39:02.496+0000] {logging_mixin.py:120} INFO - [2022-11-04T19:39:02.495+0000] {taskmixin.py:205} WARNING - Dependency <Task(_PythonDecoratedOperator): log_sql_query>, print_the_context already registered for DAG: example_python_operator
[2022-11-04T19:39:02.497+0000] {logging_mixin.py:120} INFO - [2022-11-04T19:39:02.497+0000] {taskmixin.py:205} WARNING - Dependency <Task(_PythonDecoratedOperator): print_the_context>, log_sql_query already registered for DAG: example_python_operator
[2022-11-04T19:39:02.497+0000] {logging_mixin.py:120} INFO - [2022-11-04T19:39:02.497+0000] {taskmixin.py:205} WARNING - Dependency <Task(_PythonDecoratedOperator): log_sql_query>, print_the_context already registered for DAG: example_python_operator
[2022-11-04T19:39:02.499+0000] {logging_mixin.py:120} INFO - [2022-11-04T19:39:02.498+0000] {taskmixin.py:205} WARNING - Dependency <Task(_PythonDecoratedOperator): print_the_context>, log_sql_query already registered for DAG: example_python_operator
[2022-11-04T19:39:02.499+0000] {logging_mixin.py:120} INFO - [2022-11-04T19:39:02.499+0000] {taskmixin.py:205} WARNING - Dependency <Task(_PythonDecoratedOperator): log_sql_query>, print_the_context already registered for DAG: example_python_operator
[2022-11-04T19:39:02.507+0000] {processor.py:766} INFO - DAG(s) dict_keys(['example_python_operator']) retrieved from /home/airflow/.local/lib/python3.7/site-packages/airflow/example_dags/example_python_operator.py
[2022-11-04T19:39:02.549+0000] {logging_mixin.py:120} INFO - [2022-11-04T19:39:02.549+0000] {dag.py:2585} INFO - Sync 1 DAGs
[2022-11-04T19:39:02.576+0000] {logging_mixin.py:120} INFO - [2022-11-04T19:39:02.576+0000] {dag.py:3340} INFO - Setting next_dagrun for example_python_operator to None, run_after=None
[2022-11-04T19:39:08.589+0000] {processor.py:176} INFO - Processing /home/airflow/.local/lib/python3.7/site-packages/airflow/example_dags/example_python_operator.py took 9.390 seconds
[2022-11-04T19:39:38.825+0000] {processor.py:154} INFO - Started process (PID=292) to work on /home/airflow/.local/lib/python3.7/site-packages/airflow/example_dags/example_python_operator.py
[2022-11-04T19:39:38.827+0000] {processor.py:756} INFO - Processing file /home/airflow/.local/lib/python3.7/site-packages/airflow/example_dags/example_python_operator.py for tasks to queue
[2022-11-04T19:39:38.828+0000] {logging_mixin.py:120} INFO - [2022-11-04T19:39:38.828+0000] {dagbag.py:537} INFO - Filling up the DagBag from /home/airflow/.local/lib/python3.7/site-packages/airflow/example_dags/example_python_operator.py
[2022-11-04T19:39:38.850+0000] {logging_mixin.py:120} INFO - [2022-11-04T19:39:38.850+0000] {taskmixin.py:205} WARNING - Dependency <Task(_PythonDecoratedOperator): print_the_context>, log_sql_query already registered for DAG: example_python_operator
[2022-11-04T19:39:38.851+0000] {logging_mixin.py:120} INFO - [2022-11-04T19:39:38.851+0000] {taskmixin.py:205} WARNING - Dependency <Task(_PythonDecoratedOperator): log_sql_query>, print_the_context already registered for DAG: example_python_operator
[2022-11-04T19:39:38.853+0000] {logging_mixin.py:120} INFO - [2022-11-04T19:39:38.853+0000] {taskmixin.py:205} WARNING - Dependency <Task(_PythonDecoratedOperator): print_the_context>, log_sql_query already registered for DAG: example_python_operator
[2022-11-04T19:39:38.854+0000] {logging_mixin.py:120} INFO - [2022-11-04T19:39:38.854+0000] {taskmixin.py:205} WARNING - Dependency <Task(_PythonDecoratedOperator): log_sql_query>, print_the_context already registered for DAG: example_python_operator
[2022-11-04T19:39:38.855+0000] {logging_mixin.py:120} INFO - [2022-11-04T19:39:38.855+0000] {taskmixin.py:205} WARNING - Dependency <Task(_PythonDecoratedOperator): print_the_context>, log_sql_query already registered for DAG: example_python_operator
[2022-11-04T19:39:38.856+0000] {logging_mixin.py:120} INFO - [2022-11-04T19:39:38.856+0000] {taskmixin.py:205} WARNING - Dependency <Task(_PythonDecoratedOperator): log_sql_query>, print_the_context already registered for DAG: example_python_operator
[2022-11-04T19:39:38.858+0000] {logging_mixin.py:120} INFO - [2022-11-04T19:39:38.857+0000] {taskmixin.py:205} WARNING - Dependency <Task(_PythonDecoratedOperator): print_the_context>, log_sql_query already registered for DAG: example_python_operator
[2022-11-04T19:39:38.859+0000] {logging_mixin.py:120} INFO - [2022-11-04T19:39:38.858+0000] {taskmixin.py:205} WARNING - Dependency <Task(_PythonDecoratedOperator): log_sql_query>, print_the_context already registered for DAG: example_python_operator
[2022-11-04T19:39:38.872+0000] {processor.py:766} INFO - DAG(s) dict_keys(['example_python_operator']) retrieved from /home/airflow/.local/lib/python3.7/site-packages/airflow/example_dags/example_python_operator.py
[2022-11-04T19:39:38.929+0000] {logging_mixin.py:120} INFO - [2022-11-04T19:39:38.929+0000] {dag.py:2585} INFO - Sync 1 DAGs
[2022-11-04T19:39:38.958+0000] {logging_mixin.py:120} INFO - [2022-11-04T19:39:38.958+0000] {dag.py:3340} INFO - Setting next_dagrun for example_python_operator to None, run_after=None
[2022-11-04T19:39:39.001+0000] {processor.py:176} INFO - Processing /home/airflow/.local/lib/python3.7/site-packages/airflow/example_dags/example_python_operator.py took 0.179 seconds
[2022-11-04T19:40:09.865+0000] {processor.py:154} INFO - Started process (PID=360) to work on /home/airflow/.local/lib/python3.7/site-packages/airflow/example_dags/example_python_operator.py
[2022-11-04T19:40:09.867+0000] {processor.py:756} INFO - Processing file /home/airflow/.local/lib/python3.7/site-packages/airflow/example_dags/example_python_operator.py for tasks to queue
[2022-11-04T19:40:09.869+0000] {logging_mixin.py:120} INFO - [2022-11-04T19:40:09.868+0000] {dagbag.py:537} INFO - Filling up the DagBag from /home/airflow/.local/lib/python3.7/site-packages/airflow/example_dags/example_python_operator.py
[2022-11-04T19:40:09.886+0000] {logging_mixin.py:120} INFO - [2022-11-04T19:40:09.886+0000] {taskmixin.py:205} WARNING - Dependency <Task(_PythonDecoratedOperator): print_the_context>, log_sql_query already registered for DAG: example_python_operator
[2022-11-04T19:40:09.887+0000] {logging_mixin.py:120} INFO - [2022-11-04T19:40:09.887+0000] {taskmixin.py:205} WARNING - Dependency <Task(_PythonDecoratedOperator): log_sql_query>, print_the_context already registered for DAG: example_python_operator
[2022-11-04T19:40:09.889+0000] {logging_mixin.py:120} INFO - [2022-11-04T19:40:09.888+0000] {taskmixin.py:205} WARNING - Dependency <Task(_PythonDecoratedOperator): print_the_context>, log_sql_query already registered for DAG: example_python_operator
[2022-11-04T19:40:09.889+0000] {logging_mixin.py:120} INFO - [2022-11-04T19:40:09.889+0000] {taskmixin.py:205} WARNING - Dependency <Task(_PythonDecoratedOperator): log_sql_query>, print_the_context already registered for DAG: example_python_operator
[2022-11-04T19:40:09.891+0000] {logging_mixin.py:120} INFO - [2022-11-04T19:40:09.891+0000] {taskmixin.py:205} WARNING - Dependency <Task(_PythonDecoratedOperator): print_the_context>, log_sql_query already registered for DAG: example_python_operator
[2022-11-04T19:40:09.892+0000] {logging_mixin.py:120} INFO - [2022-11-04T19:40:09.892+0000] {taskmixin.py:205} WARNING - Dependency <Task(_PythonDecoratedOperator): log_sql_query>, print_the_context already registered for DAG: example_python_operator
[2022-11-04T19:40:09.893+0000] {logging_mixin.py:120} INFO - [2022-11-04T19:40:09.893+0000] {taskmixin.py:205} WARNING - Dependency <Task(_PythonDecoratedOperator): print_the_context>, log_sql_query already registered for DAG: example_python_operator
[2022-11-04T19:40:09.894+0000] {logging_mixin.py:120} INFO - [2022-11-04T19:40:09.894+0000] {taskmixin.py:205} WARNING - Dependency <Task(_PythonDecoratedOperator): log_sql_query>, print_the_context already registered for DAG: example_python_operator
[2022-11-04T19:40:09.902+0000] {processor.py:766} INFO - DAG(s) dict_keys(['example_python_operator']) retrieved from /home/airflow/.local/lib/python3.7/site-packages/airflow/example_dags/example_python_operator.py
[2022-11-04T19:40:09.968+0000] {logging_mixin.py:120} INFO - [2022-11-04T19:40:09.968+0000] {dag.py:2585} INFO - Sync 1 DAGs
[2022-11-04T19:40:10.013+0000] {logging_mixin.py:120} INFO - [2022-11-04T19:40:10.013+0000] {dag.py:3340} INFO - Setting next_dagrun for example_python_operator to None, run_after=None
[2022-11-04T19:40:10.062+0000] {processor.py:176} INFO - Processing /home/airflow/.local/lib/python3.7/site-packages/airflow/example_dags/example_python_operator.py took 0.203 seconds
[2022-11-04T19:40:43.688+0000] {processor.py:154} INFO - Started process (PID=422) to work on /home/airflow/.local/lib/python3.7/site-packages/airflow/example_dags/example_python_operator.py
[2022-11-04T19:40:43.696+0000] {processor.py:756} INFO - Processing file /home/airflow/.local/lib/python3.7/site-packages/airflow/example_dags/example_python_operator.py for tasks to queue
[2022-11-04T19:40:43.699+0000] {logging_mixin.py:120} INFO - [2022-11-04T19:40:43.699+0000] {dagbag.py:537} INFO - Filling up the DagBag from /home/airflow/.local/lib/python3.7/site-packages/airflow/example_dags/example_python_operator.py
[2022-11-04T19:40:43.782+0000] {logging_mixin.py:120} INFO - [2022-11-04T19:40:43.781+0000] {taskmixin.py:205} WARNING - Dependency <Task(_PythonDecoratedOperator): print_the_context>, log_sql_query already registered for DAG: example_python_operator
[2022-11-04T19:40:43.785+0000] {logging_mixin.py:120} INFO - [2022-11-04T19:40:43.784+0000] {taskmixin.py:205} WARNING - Dependency <Task(_PythonDecoratedOperator): log_sql_query>, print_the_context already registered for DAG: example_python_operator
[2022-11-04T19:40:43.791+0000] {logging_mixin.py:120} INFO - [2022-11-04T19:40:43.791+0000] {taskmixin.py:205} WARNING - Dependency <Task(_PythonDecoratedOperator): print_the_context>, log_sql_query already registered for DAG: example_python_operator
[2022-11-04T19:40:43.793+0000] {logging_mixin.py:120} INFO - [2022-11-04T19:40:43.792+0000] {taskmixin.py:205} WARNING - Dependency <Task(_PythonDecoratedOperator): log_sql_query>, print_the_context already registered for DAG: example_python_operator
[2022-11-04T19:40:43.796+0000] {logging_mixin.py:120} INFO - [2022-11-04T19:40:43.796+0000] {taskmixin.py:205} WARNING - Dependency <Task(_PythonDecoratedOperator): print_the_context>, log_sql_query already registered for DAG: example_python_operator
[2022-11-04T19:40:43.798+0000] {logging_mixin.py:120} INFO - [2022-11-04T19:40:43.797+0000] {taskmixin.py:205} WARNING - Dependency <Task(_PythonDecoratedOperator): log_sql_query>, print_the_context already registered for DAG: example_python_operator
[2022-11-04T19:40:43.809+0000] {logging_mixin.py:120} INFO - [2022-11-04T19:40:43.809+0000] {taskmixin.py:205} WARNING - Dependency <Task(_PythonDecoratedOperator): print_the_context>, log_sql_query already registered for DAG: example_python_operator
[2022-11-04T19:40:43.814+0000] {logging_mixin.py:120} INFO - [2022-11-04T19:40:43.813+0000] {taskmixin.py:205} WARNING - Dependency <Task(_PythonDecoratedOperator): log_sql_query>, print_the_context already registered for DAG: example_python_operator
[2022-11-04T19:40:43.894+0000] {processor.py:766} INFO - DAG(s) dict_keys(['example_python_operator']) retrieved from /home/airflow/.local/lib/python3.7/site-packages/airflow/example_dags/example_python_operator.py
[2022-11-04T19:40:44.169+0000] {logging_mixin.py:120} INFO - [2022-11-04T19:40:44.168+0000] {dag.py:2585} INFO - Sync 1 DAGs
[2022-11-04T19:40:44.279+0000] {logging_mixin.py:120} INFO - [2022-11-04T19:40:44.278+0000] {dag.py:3340} INFO - Setting next_dagrun for example_python_operator to None, run_after=None
[2022-11-04T19:40:44.376+0000] {processor.py:176} INFO - Processing /home/airflow/.local/lib/python3.7/site-packages/airflow/example_dags/example_python_operator.py took 0.715 seconds
[2022-11-04T19:48:51.705+0000] {processor.py:154} INFO - Started process (PID=454) to work on /home/airflow/.local/lib/python3.7/site-packages/airflow/example_dags/example_python_operator.py
[2022-11-04T19:48:51.707+0000] {processor.py:756} INFO - Processing file /home/airflow/.local/lib/python3.7/site-packages/airflow/example_dags/example_python_operator.py for tasks to queue
[2022-11-04T19:48:51.709+0000] {logging_mixin.py:120} INFO - [2022-11-04T19:48:51.708+0000] {dagbag.py:537} INFO - Filling up the DagBag from /home/airflow/.local/lib/python3.7/site-packages/airflow/example_dags/example_python_operator.py
[2022-11-04T19:48:51.740+0000] {logging_mixin.py:120} INFO - [2022-11-04T19:48:51.739+0000] {taskmixin.py:205} WARNING - Dependency <Task(_PythonDecoratedOperator): print_the_context>, log_sql_query already registered for DAG: example_python_operator
[2022-11-04T19:48:51.741+0000] {logging_mixin.py:120} INFO - [2022-11-04T19:48:51.741+0000] {taskmixin.py:205} WARNING - Dependency <Task(_PythonDecoratedOperator): log_sql_query>, print_the_context already registered for DAG: example_python_operator
[2022-11-04T19:48:51.743+0000] {logging_mixin.py:120} INFO - [2022-11-04T19:48:51.743+0000] {taskmixin.py:205} WARNING - Dependency <Task(_PythonDecoratedOperator): print_the_context>, log_sql_query already registered for DAG: example_python_operator
[2022-11-04T19:48:51.744+0000] {logging_mixin.py:120} INFO - [2022-11-04T19:48:51.744+0000] {taskmixin.py:205} WARNING - Dependency <Task(_PythonDecoratedOperator): log_sql_query>, print_the_context already registered for DAG: example_python_operator
[2022-11-04T19:48:51.746+0000] {logging_mixin.py:120} INFO - [2022-11-04T19:48:51.746+0000] {taskmixin.py:205} WARNING - Dependency <Task(_PythonDecoratedOperator): print_the_context>, log_sql_query already registered for DAG: example_python_operator
[2022-11-04T19:48:51.747+0000] {logging_mixin.py:120} INFO - [2022-11-04T19:48:51.746+0000] {taskmixin.py:205} WARNING - Dependency <Task(_PythonDecoratedOperator): log_sql_query>, print_the_context already registered for DAG: example_python_operator
[2022-11-04T19:48:51.748+0000] {logging_mixin.py:120} INFO - [2022-11-04T19:48:51.748+0000] {taskmixin.py:205} WARNING - Dependency <Task(_PythonDecoratedOperator): print_the_context>, log_sql_query already registered for DAG: example_python_operator
[2022-11-04T19:48:51.749+0000] {logging_mixin.py:120} INFO - [2022-11-04T19:48:51.749+0000] {taskmixin.py:205} WARNING - Dependency <Task(_PythonDecoratedOperator): log_sql_query>, print_the_context already registered for DAG: example_python_operator
[2022-11-04T19:48:51.761+0000] {processor.py:766} INFO - DAG(s) dict_keys(['example_python_operator']) retrieved from /home/airflow/.local/lib/python3.7/site-packages/airflow/example_dags/example_python_operator.py
[2022-11-04T19:48:51.894+0000] {logging_mixin.py:120} INFO - [2022-11-04T19:48:51.893+0000] {dag.py:2585} INFO - Sync 1 DAGs
[2022-11-04T19:48:51.956+0000] {logging_mixin.py:120} INFO - [2022-11-04T19:48:51.956+0000] {dag.py:3340} INFO - Setting next_dagrun for example_python_operator to None, run_after=None
[2022-11-04T19:48:51.996+0000] {processor.py:176} INFO - Processing /home/airflow/.local/lib/python3.7/site-packages/airflow/example_dags/example_python_operator.py took 0.295 seconds
