[2022-11-04T19:37:28.842+0000] {processor.py:154} INFO - Started process (PID=90) to work on /home/airflow/.local/lib/python3.7/site-packages/airflow/example_dags/example_branch_day_of_week_operator.py
[2022-11-04T19:37:28.852+0000] {processor.py:756} INFO - Processing file /home/airflow/.local/lib/python3.7/site-packages/airflow/example_dags/example_branch_day_of_week_operator.py for tasks to queue
[2022-11-04T19:37:28.859+0000] {logging_mixin.py:120} INFO - [2022-11-04T19:37:28.857+0000] {dagbag.py:537} INFO - Filling up the DagBag from /home/airflow/.local/lib/python3.7/site-packages/airflow/example_dags/example_branch_day_of_week_operator.py
[2022-11-04T19:37:29.168+0000] {processor.py:766} INFO - DAG(s) dict_keys(['example_weekday_branch_operator']) retrieved from /home/airflow/.local/lib/python3.7/site-packages/airflow/example_dags/example_branch_day_of_week_operator.py
[2022-11-04T19:37:30.604+0000] {logging_mixin.py:120} INFO - [2022-11-04T19:37:30.603+0000] {manager.py:507} INFO - Created Permission View: can read on DAG:example_weekday_branch_operator
[2022-11-04T19:37:30.646+0000] {logging_mixin.py:120} INFO - [2022-11-04T19:37:30.646+0000] {manager.py:507} INFO - Created Permission View: can edit on DAG:example_weekday_branch_operator
[2022-11-04T19:37:30.677+0000] {logging_mixin.py:120} INFO - [2022-11-04T19:37:30.676+0000] {manager.py:507} INFO - Created Permission View: can delete on DAG:example_weekday_branch_operator
[2022-11-04T19:37:30.678+0000] {logging_mixin.py:120} INFO - [2022-11-04T19:37:30.678+0000] {dag.py:2585} INFO - Sync 1 DAGs
[2022-11-04T19:37:30.749+0000] {logging_mixin.py:120} INFO - [2022-11-04T19:37:30.749+0000] {dag.py:2606} INFO - Creating ORM DAG for example_weekday_branch_operator
[2022-11-04T19:37:30.810+0000] {logging_mixin.py:120} INFO - [2022-11-04T19:37:30.810+0000] {dag.py:3340} INFO - Setting next_dagrun for example_weekday_branch_operator to 2022-11-03T00:00:00+00:00, run_after=2022-11-04T00:00:00+00:00
[2022-11-04T19:37:30.893+0000] {processor.py:176} INFO - Processing /home/airflow/.local/lib/python3.7/site-packages/airflow/example_dags/example_branch_day_of_week_operator.py took 2.059 seconds
[2022-11-04T19:38:06.849+0000] {processor.py:154} INFO - Started process (PID=150) to work on /home/airflow/.local/lib/python3.7/site-packages/airflow/example_dags/example_branch_day_of_week_operator.py
[2022-11-04T19:38:06.850+0000] {processor.py:756} INFO - Processing file /home/airflow/.local/lib/python3.7/site-packages/airflow/example_dags/example_branch_day_of_week_operator.py for tasks to queue
[2022-11-04T19:38:06.852+0000] {logging_mixin.py:120} INFO - [2022-11-04T19:38:06.852+0000] {dagbag.py:537} INFO - Filling up the DagBag from /home/airflow/.local/lib/python3.7/site-packages/airflow/example_dags/example_branch_day_of_week_operator.py
[2022-11-04T19:38:06.886+0000] {processor.py:766} INFO - DAG(s) dict_keys(['example_weekday_branch_operator']) retrieved from /home/airflow/.local/lib/python3.7/site-packages/airflow/example_dags/example_branch_day_of_week_operator.py
[2022-11-04T19:38:06.957+0000] {logging_mixin.py:120} INFO - [2022-11-04T19:38:06.956+0000] {dag.py:2585} INFO - Sync 1 DAGs
[2022-11-04T19:38:07.009+0000] {logging_mixin.py:120} INFO - [2022-11-04T19:38:07.009+0000] {dag.py:3340} INFO - Setting next_dagrun for example_weekday_branch_operator to 2022-11-03T00:00:00+00:00, run_after=2022-11-04T00:00:00+00:00
[2022-11-04T19:38:07.100+0000] {processor.py:176} INFO - Processing /home/airflow/.local/lib/python3.7/site-packages/airflow/example_dags/example_branch_day_of_week_operator.py took 0.255 seconds
[2022-11-04T19:38:48.061+0000] {processor.py:154} INFO - Started process (PID=220) to work on /home/airflow/.local/lib/python3.7/site-packages/airflow/example_dags/example_branch_day_of_week_operator.py
[2022-11-04T19:38:48.190+0000] {processor.py:756} INFO - Processing file /home/airflow/.local/lib/python3.7/site-packages/airflow/example_dags/example_branch_day_of_week_operator.py for tasks to queue
[2022-11-04T19:38:48.191+0000] {logging_mixin.py:120} INFO - [2022-11-04T19:38:48.191+0000] {dagbag.py:537} INFO - Filling up the DagBag from /home/airflow/.local/lib/python3.7/site-packages/airflow/example_dags/example_branch_day_of_week_operator.py
[2022-11-04T19:38:50.112+0000] {processor.py:766} INFO - DAG(s) dict_keys(['example_weekday_branch_operator']) retrieved from /home/airflow/.local/lib/python3.7/site-packages/airflow/example_dags/example_branch_day_of_week_operator.py
[2022-11-04T19:38:50.150+0000] {logging_mixin.py:120} INFO - [2022-11-04T19:38:50.149+0000] {dag.py:2585} INFO - Sync 1 DAGs
[2022-11-04T19:38:50.176+0000] {logging_mixin.py:120} INFO - [2022-11-04T19:38:50.176+0000] {dag.py:3340} INFO - Setting next_dagrun for example_weekday_branch_operator to 2022-11-03T00:00:00+00:00, run_after=2022-11-04T00:00:00+00:00
[2022-11-04T19:38:56.098+0000] {processor.py:176} INFO - Processing /home/airflow/.local/lib/python3.7/site-packages/airflow/example_dags/example_branch_day_of_week_operator.py took 8.039 seconds
[2022-11-04T19:39:29.718+0000] {processor.py:154} INFO - Started process (PID=280) to work on /home/airflow/.local/lib/python3.7/site-packages/airflow/example_dags/example_branch_day_of_week_operator.py
[2022-11-04T19:39:30.740+0000] {processor.py:756} INFO - Processing file /home/airflow/.local/lib/python3.7/site-packages/airflow/example_dags/example_branch_day_of_week_operator.py for tasks to queue
[2022-11-04T19:39:30.741+0000] {logging_mixin.py:120} INFO - [2022-11-04T19:39:30.741+0000] {dagbag.py:537} INFO - Filling up the DagBag from /home/airflow/.local/lib/python3.7/site-packages/airflow/example_dags/example_branch_day_of_week_operator.py
[2022-11-04T19:39:30.757+0000] {processor.py:766} INFO - DAG(s) dict_keys(['example_weekday_branch_operator']) retrieved from /home/airflow/.local/lib/python3.7/site-packages/airflow/example_dags/example_branch_day_of_week_operator.py
[2022-11-04T19:39:30.800+0000] {logging_mixin.py:120} INFO - [2022-11-04T19:39:30.800+0000] {dag.py:2585} INFO - Sync 1 DAGs
[2022-11-04T19:39:31.086+0000] {logging_mixin.py:120} INFO - [2022-11-04T19:39:31.085+0000] {dag.py:3340} INFO - Setting next_dagrun for example_weekday_branch_operator to 2022-11-03T00:00:00+00:00, run_after=2022-11-04T00:00:00+00:00
[2022-11-04T19:39:31.545+0000] {processor.py:176} INFO - Processing /home/airflow/.local/lib/python3.7/site-packages/airflow/example_dags/example_branch_day_of_week_operator.py took 1.830 seconds
[2022-11-04T19:40:01.752+0000] {processor.py:154} INFO - Started process (PID=350) to work on /home/airflow/.local/lib/python3.7/site-packages/airflow/example_dags/example_branch_day_of_week_operator.py
[2022-11-04T19:40:01.753+0000] {processor.py:756} INFO - Processing file /home/airflow/.local/lib/python3.7/site-packages/airflow/example_dags/example_branch_day_of_week_operator.py for tasks to queue
[2022-11-04T19:40:01.755+0000] {logging_mixin.py:120} INFO - [2022-11-04T19:40:01.755+0000] {dagbag.py:537} INFO - Filling up the DagBag from /home/airflow/.local/lib/python3.7/site-packages/airflow/example_dags/example_branch_day_of_week_operator.py
[2022-11-04T19:40:01.778+0000] {processor.py:766} INFO - DAG(s) dict_keys(['example_weekday_branch_operator']) retrieved from /home/airflow/.local/lib/python3.7/site-packages/airflow/example_dags/example_branch_day_of_week_operator.py
[2022-11-04T19:40:01.842+0000] {logging_mixin.py:120} INFO - [2022-11-04T19:40:01.842+0000] {dag.py:2585} INFO - Sync 1 DAGs
[2022-11-04T19:40:01.874+0000] {logging_mixin.py:120} INFO - [2022-11-04T19:40:01.874+0000] {dag.py:3340} INFO - Setting next_dagrun for example_weekday_branch_operator to 2022-11-03T00:00:00+00:00, run_after=2022-11-04T00:00:00+00:00
[2022-11-04T19:40:01.901+0000] {processor.py:176} INFO - Processing /home/airflow/.local/lib/python3.7/site-packages/airflow/example_dags/example_branch_day_of_week_operator.py took 0.155 seconds
[2022-11-04T19:40:32.349+0000] {processor.py:154} INFO - Started process (PID=410) to work on /home/airflow/.local/lib/python3.7/site-packages/airflow/example_dags/example_branch_day_of_week_operator.py
[2022-11-04T19:40:32.350+0000] {processor.py:756} INFO - Processing file /home/airflow/.local/lib/python3.7/site-packages/airflow/example_dags/example_branch_day_of_week_operator.py for tasks to queue
[2022-11-04T19:40:32.352+0000] {logging_mixin.py:120} INFO - [2022-11-04T19:40:32.352+0000] {dagbag.py:537} INFO - Filling up the DagBag from /home/airflow/.local/lib/python3.7/site-packages/airflow/example_dags/example_branch_day_of_week_operator.py
[2022-11-04T19:40:32.366+0000] {processor.py:766} INFO - DAG(s) dict_keys(['example_weekday_branch_operator']) retrieved from /home/airflow/.local/lib/python3.7/site-packages/airflow/example_dags/example_branch_day_of_week_operator.py
[2022-11-04T19:40:32.409+0000] {logging_mixin.py:120} INFO - [2022-11-04T19:40:32.408+0000] {dag.py:2585} INFO - Sync 1 DAGs
[2022-11-04T19:40:32.442+0000] {logging_mixin.py:120} INFO - [2022-11-04T19:40:32.441+0000] {dag.py:3340} INFO - Setting next_dagrun for example_weekday_branch_operator to 2022-11-03T00:00:00+00:00, run_after=2022-11-04T00:00:00+00:00
[2022-11-04T19:40:32.772+0000] {processor.py:176} INFO - Processing /home/airflow/.local/lib/python3.7/site-packages/airflow/example_dags/example_branch_day_of_week_operator.py took 0.426 seconds
[2022-11-04T19:48:51.149+0000] {processor.py:154} INFO - Started process (PID=451) to work on /home/airflow/.local/lib/python3.7/site-packages/airflow/example_dags/example_branch_day_of_week_operator.py
[2022-11-04T19:48:51.151+0000] {processor.py:756} INFO - Processing file /home/airflow/.local/lib/python3.7/site-packages/airflow/example_dags/example_branch_day_of_week_operator.py for tasks to queue
[2022-11-04T19:48:51.153+0000] {logging_mixin.py:120} INFO - [2022-11-04T19:48:51.153+0000] {dagbag.py:537} INFO - Filling up the DagBag from /home/airflow/.local/lib/python3.7/site-packages/airflow/example_dags/example_branch_day_of_week_operator.py
[2022-11-04T19:48:51.182+0000] {processor.py:766} INFO - DAG(s) dict_keys(['example_weekday_branch_operator']) retrieved from /home/airflow/.local/lib/python3.7/site-packages/airflow/example_dags/example_branch_day_of_week_operator.py
[2022-11-04T19:48:51.261+0000] {logging_mixin.py:120} INFO - [2022-11-04T19:48:51.261+0000] {dag.py:2585} INFO - Sync 1 DAGs
[2022-11-04T19:48:51.310+0000] {logging_mixin.py:120} INFO - [2022-11-04T19:48:51.309+0000] {dag.py:3340} INFO - Setting next_dagrun for example_weekday_branch_operator to 2022-11-03T00:00:00+00:00, run_after=2022-11-04T00:00:00+00:00
[2022-11-04T19:48:51.357+0000] {processor.py:176} INFO - Processing /home/airflow/.local/lib/python3.7/site-packages/airflow/example_dags/example_branch_day_of_week_operator.py took 0.212 seconds
