[2022-11-04T19:37:31.959+0000] {processor.py:154} INFO - Started process (PID=94) to work on /home/airflow/.local/lib/python3.7/site-packages/airflow/example_dags/example_sla_dag.py
[2022-11-04T19:37:31.961+0000] {processor.py:756} INFO - Processing file /home/airflow/.local/lib/python3.7/site-packages/airflow/example_dags/example_sla_dag.py for tasks to queue
[2022-11-04T19:37:31.963+0000] {logging_mixin.py:120} INFO - [2022-11-04T19:37:31.962+0000] {dagbag.py:537} INFO - Filling up the DagBag from /home/airflow/.local/lib/python3.7/site-packages/airflow/example_dags/example_sla_dag.py
[2022-11-04T19:37:32.262+0000] {processor.py:766} INFO - DAG(s) dict_keys(['example_sla_dag']) retrieved from /home/airflow/.local/lib/python3.7/site-packages/airflow/example_dags/example_sla_dag.py
[2022-11-04T19:37:32.584+0000] {logging_mixin.py:120} INFO - [2022-11-04T19:37:32.583+0000] {manager.py:507} INFO - Created Permission View: can read on DAG:example_sla_dag
[2022-11-04T19:37:32.618+0000] {logging_mixin.py:120} INFO - [2022-11-04T19:37:32.618+0000] {manager.py:507} INFO - Created Permission View: can edit on DAG:example_sla_dag
[2022-11-04T19:37:32.644+0000] {logging_mixin.py:120} INFO - [2022-11-04T19:37:32.644+0000] {manager.py:507} INFO - Created Permission View: can delete on DAG:example_sla_dag
[2022-11-04T19:37:32.645+0000] {logging_mixin.py:120} INFO - [2022-11-04T19:37:32.645+0000] {dag.py:2585} INFO - Sync 1 DAGs
[2022-11-04T19:37:32.685+0000] {logging_mixin.py:120} INFO - [2022-11-04T19:37:32.684+0000] {dag.py:2606} INFO - Creating ORM DAG for example_sla_dag
[2022-11-04T19:37:32.732+0000] {logging_mixin.py:120} INFO - [2022-11-04T19:37:32.732+0000] {dag.py:3340} INFO - Setting next_dagrun for example_sla_dag to 2022-11-04T19:34:00+00:00, run_after=2022-11-04T19:36:00+00:00
[2022-11-04T19:37:32.780+0000] {processor.py:176} INFO - Processing /home/airflow/.local/lib/python3.7/site-packages/airflow/example_dags/example_sla_dag.py took 0.825 seconds
[2022-11-04T19:38:07.500+0000] {processor.py:154} INFO - Started process (PID=154) to work on /home/airflow/.local/lib/python3.7/site-packages/airflow/example_dags/example_sla_dag.py
[2022-11-04T19:38:07.507+0000] {processor.py:756} INFO - Processing file /home/airflow/.local/lib/python3.7/site-packages/airflow/example_dags/example_sla_dag.py for tasks to queue
[2022-11-04T19:38:07.513+0000] {logging_mixin.py:120} INFO - [2022-11-04T19:38:07.512+0000] {dagbag.py:537} INFO - Filling up the DagBag from /home/airflow/.local/lib/python3.7/site-packages/airflow/example_dags/example_sla_dag.py
[2022-11-04T19:38:07.569+0000] {processor.py:766} INFO - DAG(s) dict_keys(['example_sla_dag']) retrieved from /home/airflow/.local/lib/python3.7/site-packages/airflow/example_dags/example_sla_dag.py
[2022-11-04T19:38:07.640+0000] {logging_mixin.py:120} INFO - [2022-11-04T19:38:07.640+0000] {dag.py:2585} INFO - Sync 1 DAGs
[2022-11-04T19:38:07.677+0000] {logging_mixin.py:120} INFO - [2022-11-04T19:38:07.677+0000] {dag.py:3340} INFO - Setting next_dagrun for example_sla_dag to 2022-11-04T19:36:00+00:00, run_after=2022-11-04T19:38:00+00:00
[2022-11-04T19:38:07.710+0000] {processor.py:176} INFO - Processing /home/airflow/.local/lib/python3.7/site-packages/airflow/example_dags/example_sla_dag.py took 0.231 seconds
[2022-11-04T19:39:08.761+0000] {processor.py:154} INFO - Started process (PID=233) to work on /home/airflow/.local/lib/python3.7/site-packages/airflow/example_dags/example_sla_dag.py
[2022-11-04T19:39:08.793+0000] {processor.py:756} INFO - Processing file /home/airflow/.local/lib/python3.7/site-packages/airflow/example_dags/example_sla_dag.py for tasks to queue
[2022-11-04T19:39:08.795+0000] {logging_mixin.py:120} INFO - [2022-11-04T19:39:08.794+0000] {dagbag.py:537} INFO - Filling up the DagBag from /home/airflow/.local/lib/python3.7/site-packages/airflow/example_dags/example_sla_dag.py
[2022-11-04T19:39:08.865+0000] {processor.py:766} INFO - DAG(s) dict_keys(['example_sla_dag']) retrieved from /home/airflow/.local/lib/python3.7/site-packages/airflow/example_dags/example_sla_dag.py
[2022-11-04T19:39:08.988+0000] {logging_mixin.py:120} INFO - [2022-11-04T19:39:08.988+0000] {dag.py:2585} INFO - Sync 1 DAGs
[2022-11-04T19:39:09.025+0000] {logging_mixin.py:120} INFO - [2022-11-04T19:39:09.025+0000] {dag.py:3340} INFO - Setting next_dagrun for example_sla_dag to 2022-11-04T19:36:00+00:00, run_after=2022-11-04T19:38:00+00:00
[2022-11-04T19:39:09.087+0000] {processor.py:176} INFO - Processing /home/airflow/.local/lib/python3.7/site-packages/airflow/example_dags/example_sla_dag.py took 0.330 seconds
[2022-11-04T19:39:39.851+0000] {processor.py:154} INFO - Started process (PID=293) to work on /home/airflow/.local/lib/python3.7/site-packages/airflow/example_dags/example_sla_dag.py
[2022-11-04T19:39:39.853+0000] {processor.py:756} INFO - Processing file /home/airflow/.local/lib/python3.7/site-packages/airflow/example_dags/example_sla_dag.py for tasks to queue
[2022-11-04T19:39:39.854+0000] {logging_mixin.py:120} INFO - [2022-11-04T19:39:39.854+0000] {dagbag.py:537} INFO - Filling up the DagBag from /home/airflow/.local/lib/python3.7/site-packages/airflow/example_dags/example_sla_dag.py
[2022-11-04T19:39:39.883+0000] {processor.py:766} INFO - DAG(s) dict_keys(['example_sla_dag']) retrieved from /home/airflow/.local/lib/python3.7/site-packages/airflow/example_dags/example_sla_dag.py
[2022-11-04T19:39:39.942+0000] {logging_mixin.py:120} INFO - [2022-11-04T19:39:39.942+0000] {dag.py:2585} INFO - Sync 1 DAGs
[2022-11-04T19:39:39.983+0000] {logging_mixin.py:120} INFO - [2022-11-04T19:39:39.983+0000] {dag.py:3340} INFO - Setting next_dagrun for example_sla_dag to 2022-11-04T19:36:00+00:00, run_after=2022-11-04T19:38:00+00:00
[2022-11-04T19:39:40.012+0000] {processor.py:176} INFO - Processing /home/airflow/.local/lib/python3.7/site-packages/airflow/example_dags/example_sla_dag.py took 0.164 seconds
[2022-11-04T19:40:10.095+0000] {processor.py:154} INFO - Started process (PID=361) to work on /home/airflow/.local/lib/python3.7/site-packages/airflow/example_dags/example_sla_dag.py
[2022-11-04T19:40:10.096+0000] {processor.py:756} INFO - Processing file /home/airflow/.local/lib/python3.7/site-packages/airflow/example_dags/example_sla_dag.py for tasks to queue
[2022-11-04T19:40:10.098+0000] {logging_mixin.py:120} INFO - [2022-11-04T19:40:10.098+0000] {dagbag.py:537} INFO - Filling up the DagBag from /home/airflow/.local/lib/python3.7/site-packages/airflow/example_dags/example_sla_dag.py
[2022-11-04T19:40:10.131+0000] {processor.py:766} INFO - DAG(s) dict_keys(['example_sla_dag']) retrieved from /home/airflow/.local/lib/python3.7/site-packages/airflow/example_dags/example_sla_dag.py
[2022-11-04T19:40:10.186+0000] {logging_mixin.py:120} INFO - [2022-11-04T19:40:10.186+0000] {dag.py:2585} INFO - Sync 1 DAGs
[2022-11-04T19:40:10.232+0000] {logging_mixin.py:120} INFO - [2022-11-04T19:40:10.232+0000] {dag.py:3340} INFO - Setting next_dagrun for example_sla_dag to 2022-11-04T19:38:00+00:00, run_after=2022-11-04T19:40:00+00:00
[2022-11-04T19:40:10.270+0000] {processor.py:176} INFO - Processing /home/airflow/.local/lib/python3.7/site-packages/airflow/example_dags/example_sla_dag.py took 0.179 seconds
[2022-11-04T19:40:44.457+0000] {processor.py:154} INFO - Started process (PID=423) to work on /home/airflow/.local/lib/python3.7/site-packages/airflow/example_dags/example_sla_dag.py
[2022-11-04T19:40:44.459+0000] {processor.py:756} INFO - Processing file /home/airflow/.local/lib/python3.7/site-packages/airflow/example_dags/example_sla_dag.py for tasks to queue
[2022-11-04T19:40:44.461+0000] {logging_mixin.py:120} INFO - [2022-11-04T19:40:44.460+0000] {dagbag.py:537} INFO - Filling up the DagBag from /home/airflow/.local/lib/python3.7/site-packages/airflow/example_dags/example_sla_dag.py
[2022-11-04T19:40:44.551+0000] {processor.py:766} INFO - DAG(s) dict_keys(['example_sla_dag']) retrieved from /home/airflow/.local/lib/python3.7/site-packages/airflow/example_dags/example_sla_dag.py
[2022-11-04T19:40:44.718+0000] {logging_mixin.py:120} INFO - [2022-11-04T19:40:44.718+0000] {dag.py:2585} INFO - Sync 1 DAGs
[2022-11-04T19:40:44.833+0000] {logging_mixin.py:120} INFO - [2022-11-04T19:40:44.832+0000] {dag.py:3340} INFO - Setting next_dagrun for example_sla_dag to 2022-11-04T19:38:00+00:00, run_after=2022-11-04T19:40:00+00:00
[2022-11-04T19:40:44.909+0000] {processor.py:176} INFO - Processing /home/airflow/.local/lib/python3.7/site-packages/airflow/example_dags/example_sla_dag.py took 0.457 seconds
[2022-11-04T19:48:51.721+0000] {processor.py:154} INFO - Started process (PID=455) to work on /home/airflow/.local/lib/python3.7/site-packages/airflow/example_dags/example_sla_dag.py
[2022-11-04T19:48:51.722+0000] {processor.py:756} INFO - Processing file /home/airflow/.local/lib/python3.7/site-packages/airflow/example_dags/example_sla_dag.py for tasks to queue
[2022-11-04T19:48:51.723+0000] {logging_mixin.py:120} INFO - [2022-11-04T19:48:51.723+0000] {dagbag.py:537} INFO - Filling up the DagBag from /home/airflow/.local/lib/python3.7/site-packages/airflow/example_dags/example_sla_dag.py
[2022-11-04T19:48:51.761+0000] {processor.py:766} INFO - DAG(s) dict_keys(['example_sla_dag']) retrieved from /home/airflow/.local/lib/python3.7/site-packages/airflow/example_dags/example_sla_dag.py
[2022-11-04T19:48:51.877+0000] {logging_mixin.py:120} INFO - [2022-11-04T19:48:51.876+0000] {dag.py:2585} INFO - Sync 1 DAGs
[2022-11-04T19:48:51.953+0000] {logging_mixin.py:120} INFO - [2022-11-04T19:48:51.953+0000] {dag.py:3340} INFO - Setting next_dagrun for example_sla_dag to 2022-11-04T19:46:00+00:00, run_after=2022-11-04T19:48:00+00:00
[2022-11-04T19:48:51.995+0000] {processor.py:176} INFO - Processing /home/airflow/.local/lib/python3.7/site-packages/airflow/example_dags/example_sla_dag.py took 0.279 seconds
