[2022-11-04T19:37:37.286+0000] {processor.py:154} INFO - Started process (PID=108) to work on /home/airflow/.local/lib/python3.7/site-packages/airflow/example_dags/example_xcomargs.py
[2022-11-04T19:37:37.287+0000] {processor.py:756} INFO - Processing file /home/airflow/.local/lib/python3.7/site-packages/airflow/example_dags/example_xcomargs.py for tasks to queue
[2022-11-04T19:37:37.289+0000] {logging_mixin.py:120} INFO - [2022-11-04T19:37:37.288+0000] {dagbag.py:537} INFO - Filling up the DagBag from /home/airflow/.local/lib/python3.7/site-packages/airflow/example_dags/example_xcomargs.py
[2022-11-04T19:37:37.317+0000] {processor.py:766} INFO - DAG(s) dict_keys(['example_xcom_args_with_operators', 'example_xcom_args']) retrieved from /home/airflow/.local/lib/python3.7/site-packages/airflow/example_dags/example_xcomargs.py
[2022-11-04T19:37:37.504+0000] {logging_mixin.py:120} INFO - [2022-11-04T19:37:37.504+0000] {manager.py:507} INFO - Created Permission View: can read on DAG:example_xcom_args_with_operators
[2022-11-04T19:37:37.521+0000] {logging_mixin.py:120} INFO - [2022-11-04T19:37:37.521+0000] {manager.py:507} INFO - Created Permission View: can edit on DAG:example_xcom_args_with_operators
[2022-11-04T19:37:37.537+0000] {logging_mixin.py:120} INFO - [2022-11-04T19:37:37.537+0000] {manager.py:507} INFO - Created Permission View: can delete on DAG:example_xcom_args_with_operators
[2022-11-04T19:37:37.563+0000] {logging_mixin.py:120} INFO - [2022-11-04T19:37:37.563+0000] {manager.py:507} INFO - Created Permission View: can read on DAG:example_xcom_args
[2022-11-04T19:37:37.574+0000] {logging_mixin.py:120} INFO - [2022-11-04T19:37:37.574+0000] {manager.py:507} INFO - Created Permission View: can edit on DAG:example_xcom_args
[2022-11-04T19:37:37.589+0000] {logging_mixin.py:120} INFO - [2022-11-04T19:37:37.588+0000] {manager.py:507} INFO - Created Permission View: can delete on DAG:example_xcom_args
[2022-11-04T19:37:37.590+0000] {logging_mixin.py:120} INFO - [2022-11-04T19:37:37.589+0000] {dag.py:2585} INFO - Sync 2 DAGs
[2022-11-04T19:37:37.609+0000] {logging_mixin.py:120} INFO - [2022-11-04T19:37:37.609+0000] {dag.py:2606} INFO - Creating ORM DAG for example_xcom_args_with_operators
[2022-11-04T19:37:37.611+0000] {logging_mixin.py:120} INFO - [2022-11-04T19:37:37.611+0000] {dag.py:2606} INFO - Creating ORM DAG for example_xcom_args
[2022-11-04T19:37:37.625+0000] {logging_mixin.py:120} INFO - [2022-11-04T19:37:37.625+0000] {dag.py:3340} INFO - Setting next_dagrun for example_xcom_args to None, run_after=None
[2022-11-04T19:37:37.626+0000] {logging_mixin.py:120} INFO - [2022-11-04T19:37:37.626+0000] {dag.py:3340} INFO - Setting next_dagrun for example_xcom_args_with_operators to None, run_after=None
[2022-11-04T19:37:37.653+0000] {processor.py:176} INFO - Processing /home/airflow/.local/lib/python3.7/site-packages/airflow/example_dags/example_xcomargs.py took 0.370 seconds
[2022-11-04T19:38:10.278+0000] {processor.py:154} INFO - Started process (PID=171) to work on /home/airflow/.local/lib/python3.7/site-packages/airflow/example_dags/example_xcomargs.py
[2022-11-04T19:38:10.280+0000] {processor.py:756} INFO - Processing file /home/airflow/.local/lib/python3.7/site-packages/airflow/example_dags/example_xcomargs.py for tasks to queue
[2022-11-04T19:38:10.282+0000] {logging_mixin.py:120} INFO - [2022-11-04T19:38:10.281+0000] {dagbag.py:537} INFO - Filling up the DagBag from /home/airflow/.local/lib/python3.7/site-packages/airflow/example_dags/example_xcomargs.py
[2022-11-04T19:38:10.358+0000] {processor.py:766} INFO - DAG(s) dict_keys(['example_xcom_args', 'example_xcom_args_with_operators']) retrieved from /home/airflow/.local/lib/python3.7/site-packages/airflow/example_dags/example_xcomargs.py
[2022-11-04T19:38:10.512+0000] {logging_mixin.py:120} INFO - [2022-11-04T19:38:10.512+0000] {dag.py:2585} INFO - Sync 2 DAGs
[2022-11-04T19:38:10.609+0000] {logging_mixin.py:120} INFO - [2022-11-04T19:38:10.609+0000] {dag.py:3340} INFO - Setting next_dagrun for example_xcom_args to None, run_after=None
[2022-11-04T19:38:10.622+0000] {logging_mixin.py:120} INFO - [2022-11-04T19:38:10.621+0000] {dag.py:3340} INFO - Setting next_dagrun for example_xcom_args_with_operators to None, run_after=None
[2022-11-04T19:38:10.661+0000] {processor.py:176} INFO - Processing /home/airflow/.local/lib/python3.7/site-packages/airflow/example_dags/example_xcomargs.py took 0.387 seconds
[2022-11-04T19:39:15.000+0000] {processor.py:154} INFO - Started process (PID=265) to work on /home/airflow/.local/lib/python3.7/site-packages/airflow/example_dags/example_xcomargs.py
[2022-11-04T19:39:15.001+0000] {processor.py:756} INFO - Processing file /home/airflow/.local/lib/python3.7/site-packages/airflow/example_dags/example_xcomargs.py for tasks to queue
[2022-11-04T19:39:15.002+0000] {logging_mixin.py:120} INFO - [2022-11-04T19:39:15.002+0000] {dagbag.py:537} INFO - Filling up the DagBag from /home/airflow/.local/lib/python3.7/site-packages/airflow/example_dags/example_xcomargs.py
[2022-11-04T19:39:15.051+0000] {processor.py:766} INFO - DAG(s) dict_keys(['example_xcom_args_with_operators', 'example_xcom_args']) retrieved from /home/airflow/.local/lib/python3.7/site-packages/airflow/example_dags/example_xcomargs.py
[2022-11-04T19:39:15.113+0000] {logging_mixin.py:120} INFO - [2022-11-04T19:39:15.112+0000] {dag.py:2585} INFO - Sync 2 DAGs
[2022-11-04T19:39:15.149+0000] {logging_mixin.py:120} INFO - [2022-11-04T19:39:15.149+0000] {dag.py:3340} INFO - Setting next_dagrun for example_xcom_args to None, run_after=None
[2022-11-04T19:39:15.155+0000] {logging_mixin.py:120} INFO - [2022-11-04T19:39:15.154+0000] {dag.py:3340} INFO - Setting next_dagrun for example_xcom_args_with_operators to None, run_after=None
[2022-11-04T19:39:15.180+0000] {processor.py:176} INFO - Processing /home/airflow/.local/lib/python3.7/site-packages/airflow/example_dags/example_xcomargs.py took 0.185 seconds
[2022-11-04T19:39:45.837+0000] {processor.py:154} INFO - Started process (PID=334) to work on /home/airflow/.local/lib/python3.7/site-packages/airflow/example_dags/example_xcomargs.py
[2022-11-04T19:39:45.838+0000] {processor.py:756} INFO - Processing file /home/airflow/.local/lib/python3.7/site-packages/airflow/example_dags/example_xcomargs.py for tasks to queue
[2022-11-04T19:39:45.840+0000] {logging_mixin.py:120} INFO - [2022-11-04T19:39:45.839+0000] {dagbag.py:537} INFO - Filling up the DagBag from /home/airflow/.local/lib/python3.7/site-packages/airflow/example_dags/example_xcomargs.py
[2022-11-04T19:39:45.876+0000] {processor.py:766} INFO - DAG(s) dict_keys(['example_xcom_args', 'example_xcom_args_with_operators']) retrieved from /home/airflow/.local/lib/python3.7/site-packages/airflow/example_dags/example_xcomargs.py
[2022-11-04T19:39:45.931+0000] {logging_mixin.py:120} INFO - [2022-11-04T19:39:45.931+0000] {dag.py:2585} INFO - Sync 2 DAGs
[2022-11-04T19:39:45.977+0000] {logging_mixin.py:120} INFO - [2022-11-04T19:39:45.977+0000] {dag.py:3340} INFO - Setting next_dagrun for example_xcom_args to None, run_after=None
[2022-11-04T19:39:45.983+0000] {logging_mixin.py:120} INFO - [2022-11-04T19:39:45.983+0000] {dag.py:3340} INFO - Setting next_dagrun for example_xcom_args_with_operators to None, run_after=None
[2022-11-04T19:39:46.029+0000] {processor.py:176} INFO - Processing /home/airflow/.local/lib/python3.7/site-packages/airflow/example_dags/example_xcomargs.py took 0.197 seconds
[2022-11-04T19:40:24.617+0000] {processor.py:154} INFO - Started process (PID=395) to work on /home/airflow/.local/lib/python3.7/site-packages/airflow/example_dags/example_xcomargs.py
[2022-11-04T19:40:24.618+0000] {processor.py:756} INFO - Processing file /home/airflow/.local/lib/python3.7/site-packages/airflow/example_dags/example_xcomargs.py for tasks to queue
[2022-11-04T19:40:24.619+0000] {logging_mixin.py:120} INFO - [2022-11-04T19:40:24.619+0000] {dagbag.py:537} INFO - Filling up the DagBag from /home/airflow/.local/lib/python3.7/site-packages/airflow/example_dags/example_xcomargs.py
[2022-11-04T19:40:24.644+0000] {processor.py:766} INFO - DAG(s) dict_keys(['example_xcom_args', 'example_xcom_args_with_operators']) retrieved from /home/airflow/.local/lib/python3.7/site-packages/airflow/example_dags/example_xcomargs.py
[2022-11-04T19:40:24.694+0000] {logging_mixin.py:120} INFO - [2022-11-04T19:40:24.694+0000] {dag.py:2585} INFO - Sync 2 DAGs
[2022-11-04T19:40:24.720+0000] {logging_mixin.py:120} INFO - [2022-11-04T19:40:24.720+0000] {dag.py:3340} INFO - Setting next_dagrun for example_xcom_args to None, run_after=None
[2022-11-04T19:40:24.725+0000] {logging_mixin.py:120} INFO - [2022-11-04T19:40:24.725+0000] {dag.py:3340} INFO - Setting next_dagrun for example_xcom_args_with_operators to None, run_after=None
[2022-11-04T19:40:24.755+0000] {processor.py:176} INFO - Processing /home/airflow/.local/lib/python3.7/site-packages/airflow/example_dags/example_xcomargs.py took 0.141 seconds
[2022-11-04T19:48:54.011+0000] {processor.py:154} INFO - Started process (PID=469) to work on /home/airflow/.local/lib/python3.7/site-packages/airflow/example_dags/example_xcomargs.py
[2022-11-04T19:48:54.013+0000] {processor.py:756} INFO - Processing file /home/airflow/.local/lib/python3.7/site-packages/airflow/example_dags/example_xcomargs.py for tasks to queue
[2022-11-04T19:48:54.015+0000] {logging_mixin.py:120} INFO - [2022-11-04T19:48:54.015+0000] {dagbag.py:537} INFO - Filling up the DagBag from /home/airflow/.local/lib/python3.7/site-packages/airflow/example_dags/example_xcomargs.py
[2022-11-04T19:48:54.101+0000] {processor.py:766} INFO - DAG(s) dict_keys(['example_xcom_args', 'example_xcom_args_with_operators']) retrieved from /home/airflow/.local/lib/python3.7/site-packages/airflow/example_dags/example_xcomargs.py
[2022-11-04T19:48:54.190+0000] {logging_mixin.py:120} INFO - [2022-11-04T19:48:54.190+0000] {dag.py:2585} INFO - Sync 2 DAGs
[2022-11-04T19:48:54.227+0000] {logging_mixin.py:120} INFO - [2022-11-04T19:48:54.227+0000] {dag.py:3340} INFO - Setting next_dagrun for example_xcom_args to None, run_after=None
[2022-11-04T19:48:54.237+0000] {logging_mixin.py:120} INFO - [2022-11-04T19:48:54.236+0000] {dag.py:3340} INFO - Setting next_dagrun for example_xcom_args_with_operators to None, run_after=None
[2022-11-04T19:48:54.366+0000] {processor.py:176} INFO - Processing /home/airflow/.local/lib/python3.7/site-packages/airflow/example_dags/example_xcomargs.py took 0.361 seconds
