[2022-11-04T19:37:14.100+0000] {processor.py:154} INFO - Started process (PID=69) to work on /home/airflow/.local/lib/python3.7/site-packages/airflow/example_dags/example_kubernetes_executor.py
[2022-11-04T19:37:14.105+0000] {processor.py:756} INFO - Processing file /home/airflow/.local/lib/python3.7/site-packages/airflow/example_dags/example_kubernetes_executor.py for tasks to queue
[2022-11-04T19:37:14.107+0000] {logging_mixin.py:120} INFO - [2022-11-04T19:37:14.107+0000] {dagbag.py:537} INFO - Filling up the DagBag from /home/airflow/.local/lib/python3.7/site-packages/airflow/example_dags/example_kubernetes_executor.py
[2022-11-04T19:37:14.227+0000] {processor.py:766} INFO - DAG(s) dict_keys(['example_kubernetes_executor']) retrieved from /home/airflow/.local/lib/python3.7/site-packages/airflow/example_dags/example_kubernetes_executor.py
[2022-11-04T19:37:14.876+0000] {logging_mixin.py:120} INFO - [2022-11-04T19:37:14.875+0000] {manager.py:507} INFO - Created Permission View: can read on DAG:example_kubernetes_executor
[2022-11-04T19:37:14.917+0000] {logging_mixin.py:120} INFO - [2022-11-04T19:37:14.916+0000] {manager.py:507} INFO - Created Permission View: can edit on DAG:example_kubernetes_executor
[2022-11-04T19:37:14.945+0000] {logging_mixin.py:120} INFO - [2022-11-04T19:37:14.945+0000] {manager.py:507} INFO - Created Permission View: can delete on DAG:example_kubernetes_executor
[2022-11-04T19:37:14.947+0000] {logging_mixin.py:120} INFO - [2022-11-04T19:37:14.946+0000] {dag.py:2585} INFO - Sync 1 DAGs
[2022-11-04T19:37:14.989+0000] {logging_mixin.py:120} INFO - [2022-11-04T19:37:14.988+0000] {dag.py:2606} INFO - Creating ORM DAG for example_kubernetes_executor
[2022-11-04T19:37:15.016+0000] {logging_mixin.py:120} INFO - [2022-11-04T19:37:15.016+0000] {dag.py:3340} INFO - Setting next_dagrun for example_kubernetes_executor to None, run_after=None
[2022-11-04T19:37:15.065+0000] {processor.py:176} INFO - Processing /home/airflow/.local/lib/python3.7/site-packages/airflow/example_dags/example_kubernetes_executor.py took 0.970 seconds
[2022-11-04T19:37:45.755+0000] {processor.py:154} INFO - Started process (PID=129) to work on /home/airflow/.local/lib/python3.7/site-packages/airflow/example_dags/example_kubernetes_executor.py
[2022-11-04T19:37:45.756+0000] {processor.py:756} INFO - Processing file /home/airflow/.local/lib/python3.7/site-packages/airflow/example_dags/example_kubernetes_executor.py for tasks to queue
[2022-11-04T19:37:45.758+0000] {logging_mixin.py:120} INFO - [2022-11-04T19:37:45.757+0000] {dagbag.py:537} INFO - Filling up the DagBag from /home/airflow/.local/lib/python3.7/site-packages/airflow/example_dags/example_kubernetes_executor.py
[2022-11-04T19:37:50.720+0000] {processor.py:766} INFO - DAG(s) dict_keys(['example_kubernetes_executor']) retrieved from /home/airflow/.local/lib/python3.7/site-packages/airflow/example_dags/example_kubernetes_executor.py
[2022-11-04T19:37:52.527+0000] {logging_mixin.py:120} INFO - [2022-11-04T19:37:52.526+0000] {dag.py:2585} INFO - Sync 1 DAGs
[2022-11-04T19:37:52.559+0000] {logging_mixin.py:120} INFO - [2022-11-04T19:37:52.559+0000] {dag.py:3340} INFO - Setting next_dagrun for example_kubernetes_executor to None, run_after=None
[2022-11-04T19:37:54.856+0000] {processor.py:176} INFO - Processing /home/airflow/.local/lib/python3.7/site-packages/airflow/example_dags/example_kubernetes_executor.py took 9.104 seconds
[2022-11-04T19:38:24.898+0000] {processor.py:154} INFO - Started process (PID=192) to work on /home/airflow/.local/lib/python3.7/site-packages/airflow/example_dags/example_kubernetes_executor.py
[2022-11-04T19:38:24.899+0000] {processor.py:756} INFO - Processing file /home/airflow/.local/lib/python3.7/site-packages/airflow/example_dags/example_kubernetes_executor.py for tasks to queue
[2022-11-04T19:38:24.900+0000] {logging_mixin.py:120} INFO - [2022-11-04T19:38:24.900+0000] {dagbag.py:537} INFO - Filling up the DagBag from /home/airflow/.local/lib/python3.7/site-packages/airflow/example_dags/example_kubernetes_executor.py
[2022-11-04T19:38:24.931+0000] {processor.py:766} INFO - DAG(s) dict_keys(['example_kubernetes_executor']) retrieved from /home/airflow/.local/lib/python3.7/site-packages/airflow/example_dags/example_kubernetes_executor.py
[2022-11-04T19:38:24.974+0000] {logging_mixin.py:120} INFO - [2022-11-04T19:38:24.974+0000] {dag.py:2585} INFO - Sync 1 DAGs
[2022-11-04T19:38:25.000+0000] {logging_mixin.py:120} INFO - [2022-11-04T19:38:25.000+0000] {dag.py:3340} INFO - Setting next_dagrun for example_kubernetes_executor to None, run_after=None
[2022-11-04T19:38:25.025+0000] {processor.py:176} INFO - Processing /home/airflow/.local/lib/python3.7/site-packages/airflow/example_dags/example_kubernetes_executor.py took 0.130 seconds
[2022-11-04T19:39:12.302+0000] {processor.py:154} INFO - Started process (PID=247) to work on /home/airflow/.local/lib/python3.7/site-packages/airflow/example_dags/example_kubernetes_executor.py
[2022-11-04T19:39:12.509+0000] {processor.py:756} INFO - Processing file /home/airflow/.local/lib/python3.7/site-packages/airflow/example_dags/example_kubernetes_executor.py for tasks to queue
[2022-11-04T19:39:12.510+0000] {logging_mixin.py:120} INFO - [2022-11-04T19:39:12.510+0000] {dagbag.py:537} INFO - Filling up the DagBag from /home/airflow/.local/lib/python3.7/site-packages/airflow/example_dags/example_kubernetes_executor.py
[2022-11-04T19:39:12.584+0000] {processor.py:766} INFO - DAG(s) dict_keys(['example_kubernetes_executor']) retrieved from /home/airflow/.local/lib/python3.7/site-packages/airflow/example_dags/example_kubernetes_executor.py
[2022-11-04T19:39:12.655+0000] {logging_mixin.py:120} INFO - [2022-11-04T19:39:12.655+0000] {dag.py:2585} INFO - Sync 1 DAGs
[2022-11-04T19:39:12.692+0000] {logging_mixin.py:120} INFO - [2022-11-04T19:39:12.692+0000] {dag.py:3340} INFO - Setting next_dagrun for example_kubernetes_executor to None, run_after=None
[2022-11-04T19:39:12.790+0000] {processor.py:176} INFO - Processing /home/airflow/.local/lib/python3.7/site-packages/airflow/example_dags/example_kubernetes_executor.py took 0.491 seconds
[2022-11-04T19:39:43.624+0000] {processor.py:154} INFO - Started process (PID=307) to work on /home/airflow/.local/lib/python3.7/site-packages/airflow/example_dags/example_kubernetes_executor.py
[2022-11-04T19:39:43.625+0000] {processor.py:756} INFO - Processing file /home/airflow/.local/lib/python3.7/site-packages/airflow/example_dags/example_kubernetes_executor.py for tasks to queue
[2022-11-04T19:39:43.626+0000] {logging_mixin.py:120} INFO - [2022-11-04T19:39:43.626+0000] {dagbag.py:537} INFO - Filling up the DagBag from /home/airflow/.local/lib/python3.7/site-packages/airflow/example_dags/example_kubernetes_executor.py
[2022-11-04T19:39:43.652+0000] {processor.py:766} INFO - DAG(s) dict_keys(['example_kubernetes_executor']) retrieved from /home/airflow/.local/lib/python3.7/site-packages/airflow/example_dags/example_kubernetes_executor.py
[2022-11-04T19:39:43.695+0000] {logging_mixin.py:120} INFO - [2022-11-04T19:39:43.695+0000] {dag.py:2585} INFO - Sync 1 DAGs
[2022-11-04T19:39:43.720+0000] {logging_mixin.py:120} INFO - [2022-11-04T19:39:43.720+0000] {dag.py:3340} INFO - Setting next_dagrun for example_kubernetes_executor to None, run_after=None
[2022-11-04T19:39:43.744+0000] {processor.py:176} INFO - Processing /home/airflow/.local/lib/python3.7/site-packages/airflow/example_dags/example_kubernetes_executor.py took 0.123 seconds
[2022-11-04T19:40:21.202+0000] {processor.py:154} INFO - Started process (PID=375) to work on /home/airflow/.local/lib/python3.7/site-packages/airflow/example_dags/example_kubernetes_executor.py
[2022-11-04T19:40:21.204+0000] {processor.py:756} INFO - Processing file /home/airflow/.local/lib/python3.7/site-packages/airflow/example_dags/example_kubernetes_executor.py for tasks to queue
[2022-11-04T19:40:21.205+0000] {logging_mixin.py:120} INFO - [2022-11-04T19:40:21.204+0000] {dagbag.py:537} INFO - Filling up the DagBag from /home/airflow/.local/lib/python3.7/site-packages/airflow/example_dags/example_kubernetes_executor.py
[2022-11-04T19:40:21.232+0000] {processor.py:766} INFO - DAG(s) dict_keys(['example_kubernetes_executor']) retrieved from /home/airflow/.local/lib/python3.7/site-packages/airflow/example_dags/example_kubernetes_executor.py
[2022-11-04T19:40:21.353+0000] {logging_mixin.py:120} INFO - [2022-11-04T19:40:21.353+0000] {dag.py:2585} INFO - Sync 1 DAGs
[2022-11-04T19:40:21.379+0000] {logging_mixin.py:120} INFO - [2022-11-04T19:40:21.379+0000] {dag.py:3340} INFO - Setting next_dagrun for example_kubernetes_executor to None, run_after=None
[2022-11-04T19:40:21.561+0000] {processor.py:176} INFO - Processing /home/airflow/.local/lib/python3.7/site-packages/airflow/example_dags/example_kubernetes_executor.py took 0.361 seconds
[2022-11-04T19:48:46.780+0000] {processor.py:154} INFO - Started process (PID=438) to work on /home/airflow/.local/lib/python3.7/site-packages/airflow/example_dags/example_kubernetes_executor.py
[2022-11-04T19:48:46.781+0000] {processor.py:756} INFO - Processing file /home/airflow/.local/lib/python3.7/site-packages/airflow/example_dags/example_kubernetes_executor.py for tasks to queue
[2022-11-04T19:48:46.784+0000] {logging_mixin.py:120} INFO - [2022-11-04T19:48:46.784+0000] {dagbag.py:537} INFO - Filling up the DagBag from /home/airflow/.local/lib/python3.7/site-packages/airflow/example_dags/example_kubernetes_executor.py
[2022-11-04T19:48:47.156+0000] {processor.py:766} INFO - DAG(s) dict_keys(['example_kubernetes_executor']) retrieved from /home/airflow/.local/lib/python3.7/site-packages/airflow/example_dags/example_kubernetes_executor.py
[2022-11-04T19:48:47.620+0000] {logging_mixin.py:120} INFO - [2022-11-04T19:48:47.619+0000] {dag.py:2585} INFO - Sync 1 DAGs
[2022-11-04T19:48:47.754+0000] {logging_mixin.py:120} INFO - [2022-11-04T19:48:47.753+0000] {dag.py:3340} INFO - Setting next_dagrun for example_kubernetes_executor to None, run_after=None
[2022-11-04T19:48:47.861+0000] {processor.py:176} INFO - Processing /home/airflow/.local/lib/python3.7/site-packages/airflow/example_dags/example_kubernetes_executor.py took 1.087 seconds
[2022-11-04T19:49:18.091+0000] {processor.py:154} INFO - Started process (PID=489) to work on /home/airflow/.local/lib/python3.7/site-packages/airflow/example_dags/example_kubernetes_executor.py
[2022-11-04T19:49:18.092+0000] {processor.py:756} INFO - Processing file /home/airflow/.local/lib/python3.7/site-packages/airflow/example_dags/example_kubernetes_executor.py for tasks to queue
[2022-11-04T19:49:18.094+0000] {logging_mixin.py:120} INFO - [2022-11-04T19:49:18.094+0000] {dagbag.py:537} INFO - Filling up the DagBag from /home/airflow/.local/lib/python3.7/site-packages/airflow/example_dags/example_kubernetes_executor.py
[2022-11-04T19:49:28.070+0000] {processor.py:766} INFO - DAG(s) dict_keys(['example_kubernetes_executor']) retrieved from /home/airflow/.local/lib/python3.7/site-packages/airflow/example_dags/example_kubernetes_executor.py
[2022-11-04T19:49:28.479+0000] {logging_mixin.py:120} INFO - [2022-11-04T19:49:28.479+0000] {dag.py:2585} INFO - Sync 1 DAGs
[2022-11-04T19:49:28.756+0000] {logging_mixin.py:120} INFO - [2022-11-04T19:49:28.750+0000] {dag.py:3340} INFO - Setting next_dagrun for example_kubernetes_executor to None, run_after=None
[2022-11-04T19:49:29.218+0000] {processor.py:176} INFO - Processing /home/airflow/.local/lib/python3.7/site-packages/airflow/example_dags/example_kubernetes_executor.py took 11.133 seconds
