[2022-11-04T19:37:30.163+0000] {processor.py:154} INFO - Started process (PID=91) to work on /home/airflow/.local/lib/python3.7/site-packages/airflow/example_dags/tutorial_taskflow_api.py
[2022-11-04T19:37:30.165+0000] {processor.py:756} INFO - Processing file /home/airflow/.local/lib/python3.7/site-packages/airflow/example_dags/tutorial_taskflow_api.py for tasks to queue
[2022-11-04T19:37:30.166+0000] {logging_mixin.py:120} INFO - [2022-11-04T19:37:30.166+0000] {dagbag.py:537} INFO - Filling up the DagBag from /home/airflow/.local/lib/python3.7/site-packages/airflow/example_dags/tutorial_taskflow_api.py
[2022-11-04T19:37:30.298+0000] {processor.py:766} INFO - DAG(s) dict_keys(['tutorial_taskflow_api']) retrieved from /home/airflow/.local/lib/python3.7/site-packages/airflow/example_dags/tutorial_taskflow_api.py
[2022-11-04T19:37:30.867+0000] {logging_mixin.py:120} INFO - [2022-11-04T19:37:30.867+0000] {manager.py:507} INFO - Created Permission View: can read on DAG:tutorial_taskflow_api
[2022-11-04T19:37:30.903+0000] {logging_mixin.py:120} INFO - [2022-11-04T19:37:30.902+0000] {manager.py:507} INFO - Created Permission View: can edit on DAG:tutorial_taskflow_api
[2022-11-04T19:37:30.949+0000] {logging_mixin.py:120} INFO - [2022-11-04T19:37:30.947+0000] {manager.py:507} INFO - Created Permission View: can delete on DAG:tutorial_taskflow_api
[2022-11-04T19:37:30.956+0000] {logging_mixin.py:120} INFO - [2022-11-04T19:37:30.951+0000] {dag.py:2585} INFO - Sync 1 DAGs
[2022-11-04T19:37:31.007+0000] {logging_mixin.py:120} INFO - [2022-11-04T19:37:31.006+0000] {dag.py:2606} INFO - Creating ORM DAG for tutorial_taskflow_api
[2022-11-04T19:37:31.052+0000] {logging_mixin.py:120} INFO - [2022-11-04T19:37:31.051+0000] {dag.py:3340} INFO - Setting next_dagrun for tutorial_taskflow_api to None, run_after=None
[2022-11-04T19:37:31.139+0000] {processor.py:176} INFO - Processing /home/airflow/.local/lib/python3.7/site-packages/airflow/example_dags/tutorial_taskflow_api.py took 0.994 seconds
[2022-11-04T19:38:06.888+0000] {processor.py:154} INFO - Started process (PID=151) to work on /home/airflow/.local/lib/python3.7/site-packages/airflow/example_dags/tutorial_taskflow_api.py
[2022-11-04T19:38:06.891+0000] {processor.py:756} INFO - Processing file /home/airflow/.local/lib/python3.7/site-packages/airflow/example_dags/tutorial_taskflow_api.py for tasks to queue
[2022-11-04T19:38:06.894+0000] {logging_mixin.py:120} INFO - [2022-11-04T19:38:06.893+0000] {dagbag.py:537} INFO - Filling up the DagBag from /home/airflow/.local/lib/python3.7/site-packages/airflow/example_dags/tutorial_taskflow_api.py
[2022-11-04T19:38:06.930+0000] {processor.py:766} INFO - DAG(s) dict_keys(['tutorial_taskflow_api']) retrieved from /home/airflow/.local/lib/python3.7/site-packages/airflow/example_dags/tutorial_taskflow_api.py
[2022-11-04T19:38:06.997+0000] {logging_mixin.py:120} INFO - [2022-11-04T19:38:06.997+0000] {dag.py:2585} INFO - Sync 1 DAGs
[2022-11-04T19:38:07.100+0000] {logging_mixin.py:120} INFO - [2022-11-04T19:38:07.100+0000] {dag.py:3340} INFO - Setting next_dagrun for tutorial_taskflow_api to None, run_after=None
[2022-11-04T19:38:07.191+0000] {processor.py:176} INFO - Processing /home/airflow/.local/lib/python3.7/site-packages/airflow/example_dags/tutorial_taskflow_api.py took 0.309 seconds
[2022-11-04T19:38:48.485+0000] {processor.py:154} INFO - Started process (PID=221) to work on /home/airflow/.local/lib/python3.7/site-packages/airflow/example_dags/tutorial_taskflow_api.py
[2022-11-04T19:38:48.532+0000] {processor.py:756} INFO - Processing file /home/airflow/.local/lib/python3.7/site-packages/airflow/example_dags/tutorial_taskflow_api.py for tasks to queue
[2022-11-04T19:38:48.537+0000] {logging_mixin.py:120} INFO - [2022-11-04T19:38:48.536+0000] {dagbag.py:537} INFO - Filling up the DagBag from /home/airflow/.local/lib/python3.7/site-packages/airflow/example_dags/tutorial_taskflow_api.py
[2022-11-04T19:38:49.135+0000] {processor.py:766} INFO - DAG(s) dict_keys(['tutorial_taskflow_api']) retrieved from /home/airflow/.local/lib/python3.7/site-packages/airflow/example_dags/tutorial_taskflow_api.py
[2022-11-04T19:38:49.318+0000] {logging_mixin.py:120} INFO - [2022-11-04T19:38:49.318+0000] {dag.py:2585} INFO - Sync 1 DAGs
[2022-11-04T19:38:49.342+0000] {logging_mixin.py:120} INFO - [2022-11-04T19:38:49.342+0000] {dag.py:3340} INFO - Setting next_dagrun for tutorial_taskflow_api to None, run_after=None
[2022-11-04T19:38:56.098+0000] {processor.py:176} INFO - Processing /home/airflow/.local/lib/python3.7/site-packages/airflow/example_dags/tutorial_taskflow_api.py took 7.615 seconds
[2022-11-04T19:39:29.718+0000] {processor.py:154} INFO - Started process (PID=281) to work on /home/airflow/.local/lib/python3.7/site-packages/airflow/example_dags/tutorial_taskflow_api.py
[2022-11-04T19:39:30.740+0000] {processor.py:756} INFO - Processing file /home/airflow/.local/lib/python3.7/site-packages/airflow/example_dags/tutorial_taskflow_api.py for tasks to queue
[2022-11-04T19:39:30.741+0000] {logging_mixin.py:120} INFO - [2022-11-04T19:39:30.741+0000] {dagbag.py:537} INFO - Filling up the DagBag from /home/airflow/.local/lib/python3.7/site-packages/airflow/example_dags/tutorial_taskflow_api.py
[2022-11-04T19:39:30.765+0000] {processor.py:766} INFO - DAG(s) dict_keys(['tutorial_taskflow_api']) retrieved from /home/airflow/.local/lib/python3.7/site-packages/airflow/example_dags/tutorial_taskflow_api.py
[2022-11-04T19:39:31.071+0000] {logging_mixin.py:120} INFO - [2022-11-04T19:39:31.071+0000] {dag.py:2585} INFO - Sync 1 DAGs
[2022-11-04T19:39:31.102+0000] {logging_mixin.py:120} INFO - [2022-11-04T19:39:31.102+0000] {dag.py:3340} INFO - Setting next_dagrun for tutorial_taskflow_api to None, run_after=None
[2022-11-04T19:39:31.545+0000] {processor.py:176} INFO - Processing /home/airflow/.local/lib/python3.7/site-packages/airflow/example_dags/tutorial_taskflow_api.py took 1.830 seconds
[2022-11-04T19:40:01.751+0000] {processor.py:154} INFO - Started process (PID=351) to work on /home/airflow/.local/lib/python3.7/site-packages/airflow/example_dags/tutorial_taskflow_api.py
[2022-11-04T19:40:01.753+0000] {processor.py:756} INFO - Processing file /home/airflow/.local/lib/python3.7/site-packages/airflow/example_dags/tutorial_taskflow_api.py for tasks to queue
[2022-11-04T19:40:01.755+0000] {logging_mixin.py:120} INFO - [2022-11-04T19:40:01.755+0000] {dagbag.py:537} INFO - Filling up the DagBag from /home/airflow/.local/lib/python3.7/site-packages/airflow/example_dags/tutorial_taskflow_api.py
[2022-11-04T19:40:01.792+0000] {processor.py:766} INFO - DAG(s) dict_keys(['tutorial_taskflow_api']) retrieved from /home/airflow/.local/lib/python3.7/site-packages/airflow/example_dags/tutorial_taskflow_api.py
[2022-11-04T19:40:01.847+0000] {logging_mixin.py:120} INFO - [2022-11-04T19:40:01.847+0000] {dag.py:2585} INFO - Sync 1 DAGs
[2022-11-04T19:40:01.876+0000] {logging_mixin.py:120} INFO - [2022-11-04T19:40:01.875+0000] {dag.py:3340} INFO - Setting next_dagrun for tutorial_taskflow_api to None, run_after=None
[2022-11-04T19:40:01.902+0000] {processor.py:176} INFO - Processing /home/airflow/.local/lib/python3.7/site-packages/airflow/example_dags/tutorial_taskflow_api.py took 0.156 seconds
[2022-11-04T19:40:32.349+0000] {processor.py:154} INFO - Started process (PID=411) to work on /home/airflow/.local/lib/python3.7/site-packages/airflow/example_dags/tutorial_taskflow_api.py
[2022-11-04T19:40:32.350+0000] {processor.py:756} INFO - Processing file /home/airflow/.local/lib/python3.7/site-packages/airflow/example_dags/tutorial_taskflow_api.py for tasks to queue
[2022-11-04T19:40:32.352+0000] {logging_mixin.py:120} INFO - [2022-11-04T19:40:32.351+0000] {dagbag.py:537} INFO - Filling up the DagBag from /home/airflow/.local/lib/python3.7/site-packages/airflow/example_dags/tutorial_taskflow_api.py
[2022-11-04T19:40:32.370+0000] {processor.py:766} INFO - DAG(s) dict_keys(['tutorial_taskflow_api']) retrieved from /home/airflow/.local/lib/python3.7/site-packages/airflow/example_dags/tutorial_taskflow_api.py
[2022-11-04T19:40:32.415+0000] {logging_mixin.py:120} INFO - [2022-11-04T19:40:32.414+0000] {dag.py:2585} INFO - Sync 1 DAGs
[2022-11-04T19:40:32.444+0000] {logging_mixin.py:120} INFO - [2022-11-04T19:40:32.443+0000] {dag.py:3340} INFO - Setting next_dagrun for tutorial_taskflow_api to None, run_after=None
[2022-11-04T19:40:32.772+0000] {processor.py:176} INFO - Processing /home/airflow/.local/lib/python3.7/site-packages/airflow/example_dags/tutorial_taskflow_api.py took 0.426 seconds
[2022-11-04T19:48:51.429+0000] {processor.py:154} INFO - Started process (PID=452) to work on /home/airflow/.local/lib/python3.7/site-packages/airflow/example_dags/tutorial_taskflow_api.py
[2022-11-04T19:48:51.431+0000] {processor.py:756} INFO - Processing file /home/airflow/.local/lib/python3.7/site-packages/airflow/example_dags/tutorial_taskflow_api.py for tasks to queue
[2022-11-04T19:48:51.433+0000] {logging_mixin.py:120} INFO - [2022-11-04T19:48:51.433+0000] {dagbag.py:537} INFO - Filling up the DagBag from /home/airflow/.local/lib/python3.7/site-packages/airflow/example_dags/tutorial_taskflow_api.py
[2022-11-04T19:48:51.479+0000] {processor.py:766} INFO - DAG(s) dict_keys(['tutorial_taskflow_api']) retrieved from /home/airflow/.local/lib/python3.7/site-packages/airflow/example_dags/tutorial_taskflow_api.py
[2022-11-04T19:48:51.560+0000] {logging_mixin.py:120} INFO - [2022-11-04T19:48:51.560+0000] {dag.py:2585} INFO - Sync 1 DAGs
[2022-11-04T19:48:51.615+0000] {logging_mixin.py:120} INFO - [2022-11-04T19:48:51.614+0000] {dag.py:3340} INFO - Setting next_dagrun for tutorial_taskflow_api to None, run_after=None
[2022-11-04T19:48:51.663+0000] {processor.py:176} INFO - Processing /home/airflow/.local/lib/python3.7/site-packages/airflow/example_dags/tutorial_taskflow_api.py took 0.239 seconds
