[2022-11-04T19:37:19.829+0000] {processor.py:154} INFO - Started process (PID=78) to work on /home/airflow/.local/lib/python3.7/site-packages/airflow/example_dags/tutorial.py
[2022-11-04T19:37:19.843+0000] {processor.py:756} INFO - Processing file /home/airflow/.local/lib/python3.7/site-packages/airflow/example_dags/tutorial.py for tasks to queue
[2022-11-04T19:37:19.863+0000] {logging_mixin.py:120} INFO - [2022-11-04T19:37:19.863+0000] {dagbag.py:537} INFO - Filling up the DagBag from /home/airflow/.local/lib/python3.7/site-packages/airflow/example_dags/tutorial.py
[2022-11-04T19:37:20.137+0000] {processor.py:766} INFO - DAG(s) dict_keys(['tutorial']) retrieved from /home/airflow/.local/lib/python3.7/site-packages/airflow/example_dags/tutorial.py
[2022-11-04T19:37:21.042+0000] {logging_mixin.py:120} INFO - [2022-11-04T19:37:21.041+0000] {manager.py:507} INFO - Created Permission View: can read on DAG:tutorial
[2022-11-04T19:37:21.073+0000] {logging_mixin.py:120} INFO - [2022-11-04T19:37:21.072+0000] {manager.py:507} INFO - Created Permission View: can edit on DAG:tutorial
[2022-11-04T19:37:21.100+0000] {logging_mixin.py:120} INFO - [2022-11-04T19:37:21.100+0000] {manager.py:507} INFO - Created Permission View: can delete on DAG:tutorial
[2022-11-04T19:37:21.102+0000] {logging_mixin.py:120} INFO - [2022-11-04T19:37:21.102+0000] {dag.py:2585} INFO - Sync 1 DAGs
[2022-11-04T19:37:21.290+0000] {logging_mixin.py:120} INFO - [2022-11-04T19:37:21.290+0000] {dag.py:2606} INFO - Creating ORM DAG for tutorial
[2022-11-04T19:37:21.366+0000] {logging_mixin.py:120} INFO - [2022-11-04T19:37:21.363+0000] {dag.py:3340} INFO - Setting next_dagrun for tutorial to 2022-11-03T19:37:21.354905+00:00, run_after=2022-11-04T19:37:21.354905+00:00
[2022-11-04T19:37:21.470+0000] {processor.py:176} INFO - Processing /home/airflow/.local/lib/python3.7/site-packages/airflow/example_dags/tutorial.py took 1.694 seconds
[2022-11-04T19:38:05.930+0000] {processor.py:154} INFO - Started process (PID=147) to work on /home/airflow/.local/lib/python3.7/site-packages/airflow/example_dags/tutorial.py
[2022-11-04T19:38:05.931+0000] {processor.py:756} INFO - Processing file /home/airflow/.local/lib/python3.7/site-packages/airflow/example_dags/tutorial.py for tasks to queue
[2022-11-04T19:38:05.933+0000] {logging_mixin.py:120} INFO - [2022-11-04T19:38:05.932+0000] {dagbag.py:537} INFO - Filling up the DagBag from /home/airflow/.local/lib/python3.7/site-packages/airflow/example_dags/tutorial.py
[2022-11-04T19:38:05.966+0000] {processor.py:766} INFO - DAG(s) dict_keys(['tutorial']) retrieved from /home/airflow/.local/lib/python3.7/site-packages/airflow/example_dags/tutorial.py
[2022-11-04T19:38:06.183+0000] {logging_mixin.py:120} INFO - [2022-11-04T19:38:06.182+0000] {dag.py:2585} INFO - Sync 1 DAGs
[2022-11-04T19:38:06.238+0000] {logging_mixin.py:120} INFO - [2022-11-04T19:38:06.238+0000] {dag.py:3340} INFO - Setting next_dagrun for tutorial to 2022-11-03T19:38:06.237422+00:00, run_after=2022-11-04T19:38:06.237422+00:00
[2022-11-04T19:38:06.305+0000] {processor.py:176} INFO - Processing /home/airflow/.local/lib/python3.7/site-packages/airflow/example_dags/tutorial.py took 0.378 seconds
[2022-11-04T19:38:38.323+0000] {processor.py:154} INFO - Started process (PID=207) to work on /home/airflow/.local/lib/python3.7/site-packages/airflow/example_dags/tutorial.py
[2022-11-04T19:38:38.563+0000] {processor.py:756} INFO - Processing file /home/airflow/.local/lib/python3.7/site-packages/airflow/example_dags/tutorial.py for tasks to queue
[2022-11-04T19:38:38.565+0000] {logging_mixin.py:120} INFO - [2022-11-04T19:38:38.565+0000] {dagbag.py:537} INFO - Filling up the DagBag from /home/airflow/.local/lib/python3.7/site-packages/airflow/example_dags/tutorial.py
[2022-11-04T19:38:38.762+0000] {processor.py:766} INFO - DAG(s) dict_keys(['tutorial']) retrieved from /home/airflow/.local/lib/python3.7/site-packages/airflow/example_dags/tutorial.py
[2022-11-04T19:38:38.803+0000] {logging_mixin.py:120} INFO - [2022-11-04T19:38:38.803+0000] {dag.py:2585} INFO - Sync 1 DAGs
[2022-11-04T19:38:38.832+0000] {logging_mixin.py:120} INFO - [2022-11-04T19:38:38.832+0000] {dag.py:3340} INFO - Setting next_dagrun for tutorial to 2022-11-03T19:38:38.832002+00:00, run_after=2022-11-04T19:38:38.832002+00:00
[2022-11-04T19:38:39.134+0000] {processor.py:176} INFO - Processing /home/airflow/.local/lib/python3.7/site-packages/airflow/example_dags/tutorial.py took 0.816 seconds
[2022-11-04T19:39:13.568+0000] {processor.py:154} INFO - Started process (PID=255) to work on /home/airflow/.local/lib/python3.7/site-packages/airflow/example_dags/tutorial.py
[2022-11-04T19:39:13.569+0000] {processor.py:756} INFO - Processing file /home/airflow/.local/lib/python3.7/site-packages/airflow/example_dags/tutorial.py for tasks to queue
[2022-11-04T19:39:13.570+0000] {logging_mixin.py:120} INFO - [2022-11-04T19:39:13.570+0000] {dagbag.py:537} INFO - Filling up the DagBag from /home/airflow/.local/lib/python3.7/site-packages/airflow/example_dags/tutorial.py
[2022-11-04T19:39:13.593+0000] {processor.py:766} INFO - DAG(s) dict_keys(['tutorial']) retrieved from /home/airflow/.local/lib/python3.7/site-packages/airflow/example_dags/tutorial.py
[2022-11-04T19:39:13.656+0000] {logging_mixin.py:120} INFO - [2022-11-04T19:39:13.655+0000] {dag.py:2585} INFO - Sync 1 DAGs
[2022-11-04T19:39:13.713+0000] {logging_mixin.py:120} INFO - [2022-11-04T19:39:13.713+0000] {dag.py:3340} INFO - Setting next_dagrun for tutorial to 2022-11-03T19:39:13.712890+00:00, run_after=2022-11-04T19:39:13.712890+00:00
[2022-11-04T19:39:13.765+0000] {processor.py:176} INFO - Processing /home/airflow/.local/lib/python3.7/site-packages/airflow/example_dags/tutorial.py took 0.200 seconds
[2022-11-04T19:39:44.400+0000] {processor.py:154} INFO - Started process (PID=315) to work on /home/airflow/.local/lib/python3.7/site-packages/airflow/example_dags/tutorial.py
[2022-11-04T19:39:44.402+0000] {processor.py:756} INFO - Processing file /home/airflow/.local/lib/python3.7/site-packages/airflow/example_dags/tutorial.py for tasks to queue
[2022-11-04T19:39:44.402+0000] {logging_mixin.py:120} INFO - [2022-11-04T19:39:44.402+0000] {dagbag.py:537} INFO - Filling up the DagBag from /home/airflow/.local/lib/python3.7/site-packages/airflow/example_dags/tutorial.py
[2022-11-04T19:39:44.416+0000] {processor.py:766} INFO - DAG(s) dict_keys(['tutorial']) retrieved from /home/airflow/.local/lib/python3.7/site-packages/airflow/example_dags/tutorial.py
[2022-11-04T19:39:44.455+0000] {logging_mixin.py:120} INFO - [2022-11-04T19:39:44.455+0000] {dag.py:2585} INFO - Sync 1 DAGs
[2022-11-04T19:39:44.484+0000] {logging_mixin.py:120} INFO - [2022-11-04T19:39:44.483+0000] {dag.py:3340} INFO - Setting next_dagrun for tutorial to 2022-11-03T19:39:44.483794+00:00, run_after=2022-11-04T19:39:44.483794+00:00
[2022-11-04T19:39:44.574+0000] {processor.py:176} INFO - Processing /home/airflow/.local/lib/python3.7/site-packages/airflow/example_dags/tutorial.py took 0.176 seconds
[2022-11-04T19:40:23.153+0000] {processor.py:154} INFO - Started process (PID=384) to work on /home/airflow/.local/lib/python3.7/site-packages/airflow/example_dags/tutorial.py
[2022-11-04T19:40:23.155+0000] {processor.py:756} INFO - Processing file /home/airflow/.local/lib/python3.7/site-packages/airflow/example_dags/tutorial.py for tasks to queue
[2022-11-04T19:40:23.156+0000] {logging_mixin.py:120} INFO - [2022-11-04T19:40:23.156+0000] {dagbag.py:537} INFO - Filling up the DagBag from /home/airflow/.local/lib/python3.7/site-packages/airflow/example_dags/tutorial.py
[2022-11-04T19:40:23.178+0000] {processor.py:766} INFO - DAG(s) dict_keys(['tutorial']) retrieved from /home/airflow/.local/lib/python3.7/site-packages/airflow/example_dags/tutorial.py
[2022-11-04T19:40:23.235+0000] {logging_mixin.py:120} INFO - [2022-11-04T19:40:23.235+0000] {dag.py:2585} INFO - Sync 1 DAGs
[2022-11-04T19:40:23.278+0000] {logging_mixin.py:120} INFO - [2022-11-04T19:40:23.278+0000] {dag.py:3340} INFO - Setting next_dagrun for tutorial to 2022-11-03T19:40:23.277752+00:00, run_after=2022-11-04T19:40:23.277752+00:00
[2022-11-04T19:40:23.316+0000] {processor.py:176} INFO - Processing /home/airflow/.local/lib/python3.7/site-packages/airflow/example_dags/tutorial.py took 0.168 seconds
[2022-11-04T19:48:50.873+0000] {processor.py:154} INFO - Started process (PID=448) to work on /home/airflow/.local/lib/python3.7/site-packages/airflow/example_dags/tutorial.py
[2022-11-04T19:48:50.875+0000] {processor.py:756} INFO - Processing file /home/airflow/.local/lib/python3.7/site-packages/airflow/example_dags/tutorial.py for tasks to queue
[2022-11-04T19:48:50.877+0000] {logging_mixin.py:120} INFO - [2022-11-04T19:48:50.876+0000] {dagbag.py:537} INFO - Filling up the DagBag from /home/airflow/.local/lib/python3.7/site-packages/airflow/example_dags/tutorial.py
[2022-11-04T19:48:50.907+0000] {processor.py:766} INFO - DAG(s) dict_keys(['tutorial']) retrieved from /home/airflow/.local/lib/python3.7/site-packages/airflow/example_dags/tutorial.py
[2022-11-04T19:48:50.986+0000] {logging_mixin.py:120} INFO - [2022-11-04T19:48:50.985+0000] {dag.py:2585} INFO - Sync 1 DAGs
[2022-11-04T19:48:51.043+0000] {logging_mixin.py:120} INFO - [2022-11-04T19:48:51.043+0000] {dag.py:3340} INFO - Setting next_dagrun for tutorial to 2022-11-03T19:48:51.042235+00:00, run_after=2022-11-04T19:48:51.042235+00:00
[2022-11-04T19:48:51.084+0000] {processor.py:176} INFO - Processing /home/airflow/.local/lib/python3.7/site-packages/airflow/example_dags/tutorial.py took 0.217 seconds
