[2022-11-16T22:11:38.310+0000] {taskinstance.py:1165} INFO - Dependencies all met for <TaskInstance: MyPersonalAirflowProject.waiting_nasa_confirmation scheduled__2022-10-03T00:00:00+00:00 [queued]>
[2022-11-16T22:11:38.322+0000] {taskinstance.py:1165} INFO - Dependencies all met for <TaskInstance: MyPersonalAirflowProject.waiting_nasa_confirmation scheduled__2022-10-03T00:00:00+00:00 [queued]>
[2022-11-16T22:11:38.322+0000] {taskinstance.py:1362} INFO - 
--------------------------------------------------------------------------------
[2022-11-16T22:11:38.324+0000] {taskinstance.py:1363} INFO - Starting attempt 1 of 1
[2022-11-16T22:11:38.324+0000] {taskinstance.py:1364} INFO - 
--------------------------------------------------------------------------------
[2022-11-16T22:11:38.344+0000] {taskinstance.py:1383} INFO - Executing <Task(FileSensor): waiting_nasa_confirmation> on 2022-10-03 00:00:00+00:00
[2022-11-16T22:11:38.349+0000] {standard_task_runner.py:55} INFO - Started process 4791 to run task
[2022-11-16T22:11:38.352+0000] {standard_task_runner.py:82} INFO - Running: ['***', 'tasks', 'run', 'MyPersonalAirflowProject', 'waiting_nasa_confirmation', 'scheduled__2022-10-03T00:00:00+00:00', '--job-id', '1453', '--raw', '--subdir', 'DAGS_FOLDER/FinalPersonalProject.py', '--cfg-path', '/tmp/tmpv_irmrda']
[2022-11-16T22:11:38.353+0000] {standard_task_runner.py:83} INFO - Job 1453: Subtask waiting_nasa_confirmation
[2022-11-16T22:11:38.421+0000] {task_command.py:376} INFO - Running <TaskInstance: MyPersonalAirflowProject.waiting_nasa_confirmation scheduled__2022-10-03T00:00:00+00:00 [running]> on host 638485efabe7
[2022-11-16T22:11:38.500+0000] {taskinstance.py:1592} INFO - Exporting the following env vars:
AIRFLOW_CTX_DAG_OWNER=***
AIRFLOW_CTX_DAG_ID=MyPersonalAirflowProject
AIRFLOW_CTX_TASK_ID=waiting_nasa_confirmation
AIRFLOW_CTX_EXECUTION_DATE=2022-10-03T00:00:00+00:00
AIRFLOW_CTX_TRY_NUMBER=1
AIRFLOW_CTX_DAG_RUN_ID=scheduled__2022-10-03T00:00:00+00:00
[2022-11-16T22:11:38.514+0000] {base.py:71} INFO - Using connection ID 'fs_default' for task execution.
[2022-11-16T22:11:38.515+0000] {filesystem.py:58} INFO - Poking for file /tmp/reponse_20221003.txt
[2022-11-16T22:11:38.516+0000] {filesystem.py:63} INFO - Found File /tmp/reponse_20221003.txt last modified: 20221116221137
[2022-11-16T22:11:38.517+0000] {base.py:213} INFO - Success criteria met. Exiting.
[2022-11-16T22:11:38.528+0000] {taskinstance.py:1406} INFO - Marking task as SUCCESS. dag_id=MyPersonalAirflowProject, task_id=waiting_nasa_confirmation, execution_date=20221003T000000, start_date=20221116T221138, end_date=20221116T221138
[2022-11-16T22:11:38.592+0000] {local_task_job.py:164} INFO - Task exited with return code 0
[2022-11-16T22:11:38.635+0000] {local_task_job.py:273} INFO - 1 downstream tasks scheduled from follow-on schedule check
[2022-11-17T16:25:23.441+0000] {taskinstance.py:1165} INFO - Dependencies all met for <TaskInstance: MyPersonalAirflowProject.waiting_nasa_confirmation scheduled__2022-10-03T00:00:00+00:00 [queued]>
[2022-11-17T16:25:23.455+0000] {taskinstance.py:1165} INFO - Dependencies all met for <TaskInstance: MyPersonalAirflowProject.waiting_nasa_confirmation scheduled__2022-10-03T00:00:00+00:00 [queued]>
[2022-11-17T16:25:23.455+0000] {taskinstance.py:1362} INFO - 
--------------------------------------------------------------------------------
[2022-11-17T16:25:23.456+0000] {taskinstance.py:1363} INFO - Starting attempt 1 of 1
[2022-11-17T16:25:23.456+0000] {taskinstance.py:1364} INFO - 
--------------------------------------------------------------------------------
[2022-11-17T16:25:23.474+0000] {taskinstance.py:1383} INFO - Executing <Task(FileSensor): waiting_nasa_confirmation> on 2022-10-03 00:00:00+00:00
[2022-11-17T16:25:23.479+0000] {standard_task_runner.py:55} INFO - Started process 2996 to run task
[2022-11-17T16:25:23.482+0000] {standard_task_runner.py:82} INFO - Running: ['***', 'tasks', 'run', 'MyPersonalAirflowProject', 'waiting_nasa_confirmation', 'scheduled__2022-10-03T00:00:00+00:00', '--job-id', '2041', '--raw', '--subdir', 'DAGS_FOLDER/FinalPersonalProject.py', '--cfg-path', '/tmp/tmp7w_i0ebl']
[2022-11-17T16:25:23.483+0000] {standard_task_runner.py:83} INFO - Job 2041: Subtask waiting_nasa_confirmation
[2022-11-17T16:25:23.552+0000] {task_command.py:376} INFO - Running <TaskInstance: MyPersonalAirflowProject.waiting_nasa_confirmation scheduled__2022-10-03T00:00:00+00:00 [running]> on host 638485efabe7
[2022-11-17T16:25:23.629+0000] {taskinstance.py:1592} INFO - Exporting the following env vars:
AIRFLOW_CTX_DAG_OWNER=***
AIRFLOW_CTX_DAG_ID=MyPersonalAirflowProject
AIRFLOW_CTX_TASK_ID=waiting_nasa_confirmation
AIRFLOW_CTX_EXECUTION_DATE=2022-10-03T00:00:00+00:00
AIRFLOW_CTX_TRY_NUMBER=1
AIRFLOW_CTX_DAG_RUN_ID=scheduled__2022-10-03T00:00:00+00:00
[2022-11-17T16:25:23.639+0000] {base.py:71} INFO - Using connection ID 'fs_default' for task execution.
[2022-11-17T16:25:23.640+0000] {filesystem.py:58} INFO - Poking for file /tmp/reponse_20221003.txt
[2022-11-17T16:25:23.640+0000] {filesystem.py:63} INFO - Found File /tmp/reponse_20221003.txt last modified: 20221117162522
[2022-11-17T16:25:23.641+0000] {base.py:213} INFO - Success criteria met. Exiting.
[2022-11-17T16:25:23.651+0000] {taskinstance.py:1406} INFO - Marking task as SUCCESS. dag_id=MyPersonalAirflowProject, task_id=waiting_nasa_confirmation, execution_date=20221003T000000, start_date=20221117T162523, end_date=20221117T162523
[2022-11-17T16:25:23.696+0000] {local_task_job.py:164} INFO - Task exited with return code 0
[2022-11-17T16:25:23.742+0000] {local_task_job.py:273} INFO - 1 downstream tasks scheduled from follow-on schedule check
[2022-11-17T17:17:30.157+0000] {taskinstance.py:1165} INFO - Dependencies all met for <TaskInstance: MyPersonalAirflowProject.waiting_nasa_confirmation scheduled__2022-10-03T00:00:00+00:00 [queued]>
[2022-11-17T17:17:30.174+0000] {taskinstance.py:1165} INFO - Dependencies all met for <TaskInstance: MyPersonalAirflowProject.waiting_nasa_confirmation scheduled__2022-10-03T00:00:00+00:00 [queued]>
[2022-11-17T17:17:30.175+0000] {taskinstance.py:1362} INFO - 
--------------------------------------------------------------------------------
[2022-11-17T17:17:30.175+0000] {taskinstance.py:1363} INFO - Starting attempt 1 of 1
[2022-11-17T17:17:30.176+0000] {taskinstance.py:1364} INFO - 
--------------------------------------------------------------------------------
[2022-11-17T17:17:30.196+0000] {taskinstance.py:1383} INFO - Executing <Task(FileSensor): waiting_nasa_confirmation> on 2022-10-03 00:00:00+00:00
[2022-11-17T17:17:30.203+0000] {standard_task_runner.py:55} INFO - Started process 6638 to run task
[2022-11-17T17:17:30.205+0000] {standard_task_runner.py:82} INFO - Running: ['***', 'tasks', 'run', 'MyPersonalAirflowProject', 'waiting_nasa_confirmation', 'scheduled__2022-10-03T00:00:00+00:00', '--job-id', '2451', '--raw', '--subdir', 'DAGS_FOLDER/FinalPersonalProject.py', '--cfg-path', '/tmp/tmp7n43pnyr']
[2022-11-17T17:17:30.206+0000] {standard_task_runner.py:83} INFO - Job 2451: Subtask waiting_nasa_confirmation
[2022-11-17T17:17:30.283+0000] {task_command.py:376} INFO - Running <TaskInstance: MyPersonalAirflowProject.waiting_nasa_confirmation scheduled__2022-10-03T00:00:00+00:00 [running]> on host 638485efabe7
[2022-11-17T17:17:30.374+0000] {taskinstance.py:1592} INFO - Exporting the following env vars:
AIRFLOW_CTX_DAG_OWNER=***
AIRFLOW_CTX_DAG_ID=MyPersonalAirflowProject
AIRFLOW_CTX_TASK_ID=waiting_nasa_confirmation
AIRFLOW_CTX_EXECUTION_DATE=2022-10-03T00:00:00+00:00
AIRFLOW_CTX_TRY_NUMBER=1
AIRFLOW_CTX_DAG_RUN_ID=scheduled__2022-10-03T00:00:00+00:00
[2022-11-17T17:17:30.386+0000] {base.py:71} INFO - Using connection ID 'fs_default' for task execution.
[2022-11-17T17:17:30.387+0000] {filesystem.py:58} INFO - Poking for file /tmp/reponse_20221003.txt
[2022-11-17T17:17:30.388+0000] {filesystem.py:63} INFO - Found File /tmp/reponse_20221003.txt last modified: 20221117171729
[2022-11-17T17:17:30.389+0000] {base.py:213} INFO - Success criteria met. Exiting.
[2022-11-17T17:17:30.402+0000] {taskinstance.py:1406} INFO - Marking task as SUCCESS. dag_id=MyPersonalAirflowProject, task_id=waiting_nasa_confirmation, execution_date=20221003T000000, start_date=20221117T171730, end_date=20221117T171730
[2022-11-17T17:17:30.460+0000] {local_task_job.py:164} INFO - Task exited with return code 0
[2022-11-17T17:17:30.504+0000] {local_task_job.py:273} INFO - 1 downstream tasks scheduled from follow-on schedule check
