[2022-11-17T16:42:09.632+0000] {taskinstance.py:1165} INFO - Dependencies all met for <TaskInstance: MyPersonalAirflowProject.end_confirmation_from_nasa scheduled__2022-11-03T00:00:00+00:00 [queued]>
[2022-11-17T16:42:09.646+0000] {taskinstance.py:1165} INFO - Dependencies all met for <TaskInstance: MyPersonalAirflowProject.end_confirmation_from_nasa scheduled__2022-11-03T00:00:00+00:00 [queued]>
[2022-11-17T16:42:09.647+0000] {taskinstance.py:1362} INFO - 
--------------------------------------------------------------------------------
[2022-11-17T16:42:09.648+0000] {taskinstance.py:1363} INFO - Starting attempt 1 of 1
[2022-11-17T16:42:09.648+0000] {taskinstance.py:1364} INFO - 
--------------------------------------------------------------------------------
[2022-11-17T16:42:09.664+0000] {taskinstance.py:1383} INFO - Executing <Task(BashOperator): end_confirmation_from_nasa> on 2022-11-03 00:00:00+00:00
[2022-11-17T16:42:09.670+0000] {standard_task_runner.py:55} INFO - Started process 4537 to run task
[2022-11-17T16:42:09.673+0000] {standard_task_runner.py:82} INFO - Running: ['***', 'tasks', 'run', 'MyPersonalAirflowProject', 'end_confirmation_from_nasa', 'scheduled__2022-11-03T00:00:00+00:00', '--job-id', '2290', '--raw', '--subdir', 'DAGS_FOLDER/FinalPersonalProject.py', '--cfg-path', '/tmp/tmp2ikv6_9n']
[2022-11-17T16:42:09.674+0000] {standard_task_runner.py:83} INFO - Job 2290: Subtask end_confirmation_from_nasa
[2022-11-17T16:42:09.743+0000] {task_command.py:376} INFO - Running <TaskInstance: MyPersonalAirflowProject.end_confirmation_from_nasa scheduled__2022-11-03T00:00:00+00:00 [running]> on host 638485efabe7
[2022-11-17T16:42:09.826+0000] {taskinstance.py:1592} INFO - Exporting the following env vars:
AIRFLOW_CTX_DAG_OWNER=***
AIRFLOW_CTX_DAG_ID=MyPersonalAirflowProject
AIRFLOW_CTX_TASK_ID=end_confirmation_from_nasa
AIRFLOW_CTX_EXECUTION_DATE=2022-11-03T00:00:00+00:00
AIRFLOW_CTX_TRY_NUMBER=1
AIRFLOW_CTX_DAG_RUN_ID=scheduled__2022-11-03T00:00:00+00:00
[2022-11-17T16:42:09.827+0000] {subprocess.py:63} INFO - Tmp dir root location: 
 /tmp
[2022-11-17T16:42:09.828+0000] {subprocess.py:75} INFO - Running command: ['/bin/bash', '-c', 'echo "The Confirmation file was created successfully"']
[2022-11-17T16:42:09.840+0000] {subprocess.py:86} INFO - Output:
[2022-11-17T16:42:09.841+0000] {subprocess.py:93} INFO - The Confirmation file was created successfully
[2022-11-17T16:42:09.842+0000] {subprocess.py:97} INFO - Command exited with return code 0
[2022-11-17T16:42:09.871+0000] {taskinstance.py:1406} INFO - Marking task as SUCCESS. dag_id=MyPersonalAirflowProject, task_id=end_confirmation_from_nasa, execution_date=20221103T000000, start_date=20221117T164209, end_date=20221117T164209
[2022-11-17T16:42:09.927+0000] {local_task_job.py:164} INFO - Task exited with return code 0
[2022-11-17T16:42:09.969+0000] {local_task_job.py:273} INFO - 1 downstream tasks scheduled from follow-on schedule check
[2022-11-17T17:33:14.179+0000] {taskinstance.py:1165} INFO - Dependencies all met for <TaskInstance: MyPersonalAirflowProject.end_confirmation_from_nasa scheduled__2022-11-03T00:00:00+00:00 [queued]>
[2022-11-17T17:33:14.286+0000] {taskinstance.py:1165} INFO - Dependencies all met for <TaskInstance: MyPersonalAirflowProject.end_confirmation_from_nasa scheduled__2022-11-03T00:00:00+00:00 [queued]>
[2022-11-17T17:33:14.287+0000] {taskinstance.py:1362} INFO - 
--------------------------------------------------------------------------------
[2022-11-17T17:33:14.287+0000] {taskinstance.py:1363} INFO - Starting attempt 1 of 1
[2022-11-17T17:33:14.288+0000] {taskinstance.py:1364} INFO - 
--------------------------------------------------------------------------------
[2022-11-17T17:33:14.306+0000] {taskinstance.py:1383} INFO - Executing <Task(BashOperator): end_confirmation_from_nasa> on 2022-11-03 00:00:00+00:00
[2022-11-17T17:33:14.311+0000] {standard_task_runner.py:55} INFO - Started process 8148 to run task
[2022-11-17T17:33:14.314+0000] {standard_task_runner.py:82} INFO - Running: ['***', 'tasks', 'run', 'MyPersonalAirflowProject', 'end_confirmation_from_nasa', 'scheduled__2022-11-03T00:00:00+00:00', '--job-id', '2700', '--raw', '--subdir', 'DAGS_FOLDER/FinalPersonalProject.py', '--cfg-path', '/tmp/tmphd6ri8pk']
[2022-11-17T17:33:14.315+0000] {standard_task_runner.py:83} INFO - Job 2700: Subtask end_confirmation_from_nasa
[2022-11-17T17:33:14.384+0000] {task_command.py:376} INFO - Running <TaskInstance: MyPersonalAirflowProject.end_confirmation_from_nasa scheduled__2022-11-03T00:00:00+00:00 [running]> on host 638485efabe7
[2022-11-17T17:33:14.465+0000] {taskinstance.py:1592} INFO - Exporting the following env vars:
AIRFLOW_CTX_DAG_OWNER=***
AIRFLOW_CTX_DAG_ID=MyPersonalAirflowProject
AIRFLOW_CTX_TASK_ID=end_confirmation_from_nasa
AIRFLOW_CTX_EXECUTION_DATE=2022-11-03T00:00:00+00:00
AIRFLOW_CTX_TRY_NUMBER=1
AIRFLOW_CTX_DAG_RUN_ID=scheduled__2022-11-03T00:00:00+00:00
[2022-11-17T17:33:14.466+0000] {subprocess.py:63} INFO - Tmp dir root location: 
 /tmp
[2022-11-17T17:33:14.467+0000] {subprocess.py:75} INFO - Running command: ['/bin/bash', '-c', 'echo "The Confirmation file was created successfully"']
[2022-11-17T17:33:14.477+0000] {subprocess.py:86} INFO - Output:
[2022-11-17T17:33:14.479+0000] {subprocess.py:93} INFO - The Confirmation file was created successfully
[2022-11-17T17:33:14.480+0000] {subprocess.py:97} INFO - Command exited with return code 0
[2022-11-17T17:33:14.506+0000] {taskinstance.py:1406} INFO - Marking task as SUCCESS. dag_id=MyPersonalAirflowProject, task_id=end_confirmation_from_nasa, execution_date=20221103T000000, start_date=20221117T173314, end_date=20221117T173314
[2022-11-17T17:33:14.526+0000] {local_task_job.py:164} INFO - Task exited with return code 0
[2022-11-17T17:33:14.562+0000] {local_task_job.py:273} INFO - 1 downstream tasks scheduled from follow-on schedule check
