[2022-11-08T20:29:50.260+0000] {taskinstance.py:1165} INFO - Dependencies all met for <TaskInstance: 6-monitoring_1.task3 scheduled__2022-01-06T00:00:00+00:00 [queued]>
[2022-11-08T20:29:50.293+0000] {taskinstance.py:1165} INFO - Dependencies all met for <TaskInstance: 6-monitoring_1.task3 scheduled__2022-01-06T00:00:00+00:00 [queued]>
[2022-11-08T20:29:50.294+0000] {taskinstance.py:1362} INFO - 
--------------------------------------------------------------------------------
[2022-11-08T20:29:50.297+0000] {taskinstance.py:1363} INFO - Starting attempt 1 of 1
[2022-11-08T20:29:50.298+0000] {taskinstance.py:1364} INFO - 
--------------------------------------------------------------------------------
[2022-11-08T20:29:50.341+0000] {taskinstance.py:1383} INFO - Executing <Task(BashOperator): task3> on 2022-01-06 00:00:00+00:00
[2022-11-08T20:29:50.354+0000] {standard_task_runner.py:55} INFO - Started process 3729 to run task
[2022-11-08T20:29:50.361+0000] {standard_task_runner.py:82} INFO - Running: ['***', 'tasks', 'run', '6-monitoring_1', 'task3', 'scheduled__2022-01-06T00:00:00+00:00', '--job-id', '550', '--raw', '--subdir', 'DAGS_FOLDER/6.1-monitoring.py', '--cfg-path', '/tmp/tmp1dv010yb']
[2022-11-08T20:29:50.363+0000] {standard_task_runner.py:83} INFO - Job 550: Subtask task3
[2022-11-08T20:29:50.512+0000] {task_command.py:376} INFO - Running <TaskInstance: 6-monitoring_1.task3 scheduled__2022-01-06T00:00:00+00:00 [running]> on host 638485efabe7
[2022-11-08T20:29:50.727+0000] {taskinstance.py:1592} INFO - Exporting the following env vars:
AIRFLOW_CTX_DAG_OWNER=***
AIRFLOW_CTX_DAG_ID=6-monitoring_1
AIRFLOW_CTX_TASK_ID=task3
AIRFLOW_CTX_EXECUTION_DATE=2022-01-06T00:00:00+00:00
AIRFLOW_CTX_TRY_NUMBER=1
AIRFLOW_CTX_DAG_RUN_ID=scheduled__2022-01-06T00:00:00+00:00
[2022-11-08T20:29:50.734+0000] {subprocess.py:63} INFO - Tmp dir root location: 
 /tmp
[2022-11-08T20:29:50.738+0000] {subprocess.py:75} INFO - Running command: ['/bin/bash', '-c', "sleep 2 && echo 'task3'"]
[2022-11-08T20:29:50.771+0000] {subprocess.py:86} INFO - Output:
[2022-11-08T20:29:52.787+0000] {subprocess.py:93} INFO - task3
[2022-11-08T20:29:52.789+0000] {subprocess.py:97} INFO - Command exited with return code 0
[2022-11-08T20:29:52.842+0000] {taskinstance.py:1406} INFO - Marking task as SUCCESS. dag_id=6-monitoring_1, task_id=task3, execution_date=20220106T000000, start_date=20221108T202950, end_date=20221108T202952
[2022-11-08T20:29:52.900+0000] {local_task_job.py:164} INFO - Task exited with return code 0
[2022-11-08T20:29:52.954+0000] {local_task_job.py:273} INFO - 1 downstream tasks scheduled from follow-on schedule check
