[2022-11-17T16:33:09.183+0000] {taskinstance.py:1165} INFO - Dependencies all met for <TaskInstance: MyPersonalAirflowProject.Marketing_team_Notification scheduled__2022-10-18T00:00:00+00:00 [queued]>
[2022-11-17T16:33:09.199+0000] {taskinstance.py:1165} INFO - Dependencies all met for <TaskInstance: MyPersonalAirflowProject.Marketing_team_Notification scheduled__2022-10-18T00:00:00+00:00 [queued]>
[2022-11-17T16:33:09.199+0000] {taskinstance.py:1362} INFO - 
--------------------------------------------------------------------------------
[2022-11-17T16:33:09.202+0000] {taskinstance.py:1363} INFO - Starting attempt 1 of 1
[2022-11-17T16:33:09.203+0000] {taskinstance.py:1364} INFO - 
--------------------------------------------------------------------------------
[2022-11-17T16:33:09.227+0000] {taskinstance.py:1383} INFO - Executing <Task(BashOperator): Marketing_team_Notification> on 2022-10-18 00:00:00+00:00
[2022-11-17T16:33:09.233+0000] {standard_task_runner.py:55} INFO - Started process 3748 to run task
[2022-11-17T16:33:09.236+0000] {standard_task_runner.py:82} INFO - Running: ['***', 'tasks', 'run', 'MyPersonalAirflowProject', 'Marketing_team_Notification', 'scheduled__2022-10-18T00:00:00+00:00', '--job-id', '2166', '--raw', '--subdir', 'DAGS_FOLDER/FinalPersonalProject.py', '--cfg-path', '/tmp/tmplxsa0ir9']
[2022-11-17T16:33:09.237+0000] {standard_task_runner.py:83} INFO - Job 2166: Subtask Marketing_team_Notification
[2022-11-17T16:33:09.307+0000] {task_command.py:376} INFO - Running <TaskInstance: MyPersonalAirflowProject.Marketing_team_Notification scheduled__2022-10-18T00:00:00+00:00 [running]> on host 638485efabe7
[2022-11-17T16:33:09.386+0000] {taskinstance.py:1592} INFO - Exporting the following env vars:
AIRFLOW_CTX_DAG_OWNER=***
AIRFLOW_CTX_DAG_ID=MyPersonalAirflowProject
AIRFLOW_CTX_TASK_ID=Marketing_team_Notification
AIRFLOW_CTX_EXECUTION_DATE=2022-10-18T00:00:00+00:00
AIRFLOW_CTX_TRY_NUMBER=1
AIRFLOW_CTX_DAG_RUN_ID=scheduled__2022-10-18T00:00:00+00:00
[2022-11-17T16:33:09.387+0000] {subprocess.py:63} INFO - Tmp dir root location: 
 /tmp
[2022-11-17T16:33:09.388+0000] {subprocess.py:75} INFO - Running command: ['/bin/bash', '-c', 'echo "Hi Marketing team, Space X data for 2022-10-18 are now available!.. Please check them out!"']
[2022-11-17T16:33:09.402+0000] {subprocess.py:86} INFO - Output:
[2022-11-17T16:33:09.403+0000] {subprocess.py:93} INFO - Hi Marketing team, Space X data for 2022-10-18 are now available!.. Please check them out!
[2022-11-17T16:33:09.404+0000] {subprocess.py:97} INFO - Command exited with return code 0
[2022-11-17T16:33:09.432+0000] {taskinstance.py:1406} INFO - Marking task as SUCCESS. dag_id=MyPersonalAirflowProject, task_id=Marketing_team_Notification, execution_date=20221018T000000, start_date=20221117T163309, end_date=20221117T163309
[2022-11-17T16:33:09.489+0000] {local_task_job.py:164} INFO - Task exited with return code 0
[2022-11-17T16:33:09.557+0000] {local_task_job.py:273} INFO - 0 downstream tasks scheduled from follow-on schedule check
[2022-11-17T17:25:15.985+0000] {taskinstance.py:1165} INFO - Dependencies all met for <TaskInstance: MyPersonalAirflowProject.Marketing_team_Notification scheduled__2022-10-18T00:00:00+00:00 [queued]>
[2022-11-17T17:25:15.999+0000] {taskinstance.py:1165} INFO - Dependencies all met for <TaskInstance: MyPersonalAirflowProject.Marketing_team_Notification scheduled__2022-10-18T00:00:00+00:00 [queued]>
[2022-11-17T17:25:16.000+0000] {taskinstance.py:1362} INFO - 
--------------------------------------------------------------------------------
[2022-11-17T17:25:16.000+0000] {taskinstance.py:1363} INFO - Starting attempt 1 of 1
[2022-11-17T17:25:16.001+0000] {taskinstance.py:1364} INFO - 
--------------------------------------------------------------------------------
[2022-11-17T17:25:16.017+0000] {taskinstance.py:1383} INFO - Executing <Task(BashOperator): Marketing_team_Notification> on 2022-10-18 00:00:00+00:00
[2022-11-17T17:25:16.023+0000] {standard_task_runner.py:55} INFO - Started process 7392 to run task
[2022-11-17T17:25:16.026+0000] {standard_task_runner.py:82} INFO - Running: ['***', 'tasks', 'run', 'MyPersonalAirflowProject', 'Marketing_team_Notification', 'scheduled__2022-10-18T00:00:00+00:00', '--job-id', '2576', '--raw', '--subdir', 'DAGS_FOLDER/FinalPersonalProject.py', '--cfg-path', '/tmp/tmptzoi9oto']
[2022-11-17T17:25:16.027+0000] {standard_task_runner.py:83} INFO - Job 2576: Subtask Marketing_team_Notification
[2022-11-17T17:25:16.095+0000] {task_command.py:376} INFO - Running <TaskInstance: MyPersonalAirflowProject.Marketing_team_Notification scheduled__2022-10-18T00:00:00+00:00 [running]> on host 638485efabe7
[2022-11-17T17:25:16.177+0000] {taskinstance.py:1592} INFO - Exporting the following env vars:
AIRFLOW_CTX_DAG_OWNER=***
AIRFLOW_CTX_DAG_ID=MyPersonalAirflowProject
AIRFLOW_CTX_TASK_ID=Marketing_team_Notification
AIRFLOW_CTX_EXECUTION_DATE=2022-10-18T00:00:00+00:00
AIRFLOW_CTX_TRY_NUMBER=1
AIRFLOW_CTX_DAG_RUN_ID=scheduled__2022-10-18T00:00:00+00:00
[2022-11-17T17:25:16.179+0000] {subprocess.py:63} INFO - Tmp dir root location: 
 /tmp
[2022-11-17T17:25:16.180+0000] {subprocess.py:75} INFO - Running command: ['/bin/bash', '-c', 'echo "Hi Marketing team, Space X data for 2022-10-18 are now available!.. Please check them out!"']
[2022-11-17T17:25:16.192+0000] {subprocess.py:86} INFO - Output:
[2022-11-17T17:25:16.193+0000] {subprocess.py:93} INFO - Hi Marketing team, Space X data for 2022-10-18 are now available!.. Please check them out!
[2022-11-17T17:25:16.194+0000] {subprocess.py:97} INFO - Command exited with return code 0
[2022-11-17T17:25:16.223+0000] {taskinstance.py:1406} INFO - Marking task as SUCCESS. dag_id=MyPersonalAirflowProject, task_id=Marketing_team_Notification, execution_date=20221018T000000, start_date=20221117T172515, end_date=20221117T172516
[2022-11-17T17:25:16.278+0000] {local_task_job.py:164} INFO - Task exited with return code 0
[2022-11-17T17:25:16.301+0000] {local_task_job.py:273} INFO - 0 downstream tasks scheduled from follow-on schedule check
