[2022-11-16T21:34:47.422+0000] {taskinstance.py:1165} INFO - Dependencies all met for <TaskInstance: MyPersonalAirflowProject.waiting_nasa_confirmation scheduled__2022-11-04T00:00:00+00:00 [queued]>
[2022-11-16T21:34:47.436+0000] {taskinstance.py:1165} INFO - Dependencies all met for <TaskInstance: MyPersonalAirflowProject.waiting_nasa_confirmation scheduled__2022-11-04T00:00:00+00:00 [queued]>
[2022-11-16T21:34:47.437+0000] {taskinstance.py:1362} INFO - 
--------------------------------------------------------------------------------
[2022-11-16T21:34:47.438+0000] {taskinstance.py:1363} INFO - Starting attempt 1 of 1
[2022-11-16T21:34:47.438+0000] {taskinstance.py:1364} INFO - 
--------------------------------------------------------------------------------
[2022-11-16T21:34:47.457+0000] {taskinstance.py:1383} INFO - Executing <Task(FileSensor): waiting_nasa_confirmation> on 2022-11-04 00:00:00+00:00
[2022-11-16T21:34:47.464+0000] {standard_task_runner.py:55} INFO - Started process 3154 to run task
[2022-11-16T21:34:47.467+0000] {standard_task_runner.py:82} INFO - Running: ['***', 'tasks', 'run', 'MyPersonalAirflowProject', 'waiting_nasa_confirmation', 'scheduled__2022-11-04T00:00:00+00:00', '--job-id', '1407', '--raw', '--subdir', 'DAGS_FOLDER/FinalPersonalProject.py', '--cfg-path', '/tmp/tmproxsn6tc']
[2022-11-16T21:34:47.468+0000] {standard_task_runner.py:83} INFO - Job 1407: Subtask waiting_nasa_confirmation
[2022-11-16T21:34:47.539+0000] {task_command.py:376} INFO - Running <TaskInstance: MyPersonalAirflowProject.waiting_nasa_confirmation scheduled__2022-11-04T00:00:00+00:00 [running]> on host 638485efabe7
[2022-11-16T21:34:47.620+0000] {taskinstance.py:1592} INFO - Exporting the following env vars:
AIRFLOW_CTX_DAG_OWNER=***
AIRFLOW_CTX_DAG_ID=MyPersonalAirflowProject
AIRFLOW_CTX_TASK_ID=waiting_nasa_confirmation
AIRFLOW_CTX_EXECUTION_DATE=2022-11-04T00:00:00+00:00
AIRFLOW_CTX_TRY_NUMBER=1
AIRFLOW_CTX_DAG_RUN_ID=scheduled__2022-11-04T00:00:00+00:00
[2022-11-16T21:34:47.630+0000] {base.py:71} INFO - Using connection ID 'fs_default' for task execution.
[2022-11-16T21:34:47.631+0000] {filesystem.py:58} INFO - Poking for file /tmp/reponse_20221104.txt
[2022-11-16T21:34:47.632+0000] {filesystem.py:63} INFO - Found File /tmp/reponse_20221104.txt last modified: 20221116213446
[2022-11-16T21:34:47.632+0000] {base.py:213} INFO - Success criteria met. Exiting.
[2022-11-16T21:34:47.644+0000] {taskinstance.py:1406} INFO - Marking task as SUCCESS. dag_id=MyPersonalAirflowProject, task_id=waiting_nasa_confirmation, execution_date=20221104T000000, start_date=20221116T213447, end_date=20221116T213447
[2022-11-16T21:34:47.717+0000] {local_task_job.py:164} INFO - Task exited with return code 0
[2022-11-16T21:34:47.752+0000] {local_task_job.py:273} INFO - 1 downstream tasks scheduled from follow-on schedule check
[2022-11-16T22:31:37.309+0000] {taskinstance.py:1165} INFO - Dependencies all met for <TaskInstance: MyPersonalAirflowProject.waiting_nasa_confirmation scheduled__2022-11-04T00:00:00+00:00 [queued]>
[2022-11-16T22:31:37.333+0000] {taskinstance.py:1165} INFO - Dependencies all met for <TaskInstance: MyPersonalAirflowProject.waiting_nasa_confirmation scheduled__2022-11-04T00:00:00+00:00 [queued]>
[2022-11-16T22:31:37.334+0000] {taskinstance.py:1362} INFO - 
--------------------------------------------------------------------------------
[2022-11-16T22:31:37.334+0000] {taskinstance.py:1363} INFO - Starting attempt 1 of 1
[2022-11-16T22:31:37.335+0000] {taskinstance.py:1364} INFO - 
--------------------------------------------------------------------------------
[2022-11-16T22:31:37.366+0000] {taskinstance.py:1383} INFO - Executing <Task(FileSensor): waiting_nasa_confirmation> on 2022-11-04 00:00:00+00:00
[2022-11-16T22:31:37.382+0000] {standard_task_runner.py:55} INFO - Started process 6161 to run task
[2022-11-16T22:31:37.386+0000] {standard_task_runner.py:82} INFO - Running: ['***', 'tasks', 'run', 'MyPersonalAirflowProject', 'waiting_nasa_confirmation', 'scheduled__2022-11-04T00:00:00+00:00', '--job-id', '1645', '--raw', '--subdir', 'DAGS_FOLDER/FinalPersonalProject.py', '--cfg-path', '/tmp/tmps9j155h3']
[2022-11-16T22:31:37.388+0000] {standard_task_runner.py:83} INFO - Job 1645: Subtask waiting_nasa_confirmation
[2022-11-16T22:31:37.533+0000] {task_command.py:376} INFO - Running <TaskInstance: MyPersonalAirflowProject.waiting_nasa_confirmation scheduled__2022-11-04T00:00:00+00:00 [running]> on host 638485efabe7
[2022-11-16T22:31:37.678+0000] {taskinstance.py:1592} INFO - Exporting the following env vars:
AIRFLOW_CTX_DAG_OWNER=***
AIRFLOW_CTX_DAG_ID=MyPersonalAirflowProject
AIRFLOW_CTX_TASK_ID=waiting_nasa_confirmation
AIRFLOW_CTX_EXECUTION_DATE=2022-11-04T00:00:00+00:00
AIRFLOW_CTX_TRY_NUMBER=1
AIRFLOW_CTX_DAG_RUN_ID=scheduled__2022-11-04T00:00:00+00:00
[2022-11-16T22:31:37.695+0000] {base.py:71} INFO - Using connection ID 'fs_default' for task execution.
[2022-11-16T22:31:37.697+0000] {filesystem.py:58} INFO - Poking for file /tmp/reponse_20221104.txt
[2022-11-16T22:31:37.698+0000] {filesystem.py:63} INFO - Found File /tmp/reponse_20221104.txt last modified: 20221116223130
[2022-11-16T22:31:37.699+0000] {base.py:213} INFO - Success criteria met. Exiting.
[2022-11-16T22:31:37.714+0000] {taskinstance.py:1406} INFO - Marking task as SUCCESS. dag_id=MyPersonalAirflowProject, task_id=waiting_nasa_confirmation, execution_date=20221104T000000, start_date=20221116T223137, end_date=20221116T223137
[2022-11-16T22:31:37.799+0000] {local_task_job.py:164} INFO - Task exited with return code 0
[2022-11-16T22:31:37.866+0000] {local_task_job.py:273} INFO - 1 downstream tasks scheduled from follow-on schedule check
[2022-11-17T16:42:37.998+0000] {taskinstance.py:1165} INFO - Dependencies all met for <TaskInstance: MyPersonalAirflowProject.waiting_nasa_confirmation scheduled__2022-11-04T00:00:00+00:00 [queued]>
[2022-11-17T16:42:38.011+0000] {taskinstance.py:1165} INFO - Dependencies all met for <TaskInstance: MyPersonalAirflowProject.waiting_nasa_confirmation scheduled__2022-11-04T00:00:00+00:00 [queued]>
[2022-11-17T16:42:38.011+0000] {taskinstance.py:1362} INFO - 
--------------------------------------------------------------------------------
[2022-11-17T16:42:38.012+0000] {taskinstance.py:1363} INFO - Starting attempt 1 of 1
[2022-11-17T16:42:38.012+0000] {taskinstance.py:1364} INFO - 
--------------------------------------------------------------------------------
[2022-11-17T16:42:38.032+0000] {taskinstance.py:1383} INFO - Executing <Task(FileSensor): waiting_nasa_confirmation> on 2022-11-04 00:00:00+00:00
[2022-11-17T16:42:38.038+0000] {standard_task_runner.py:55} INFO - Started process 4578 to run task
[2022-11-17T16:42:38.041+0000] {standard_task_runner.py:82} INFO - Running: ['***', 'tasks', 'run', 'MyPersonalAirflowProject', 'waiting_nasa_confirmation', 'scheduled__2022-11-04T00:00:00+00:00', '--job-id', '2297', '--raw', '--subdir', 'DAGS_FOLDER/FinalPersonalProject.py', '--cfg-path', '/tmp/tmpaegtdt5n']
[2022-11-17T16:42:38.041+0000] {standard_task_runner.py:83} INFO - Job 2297: Subtask waiting_nasa_confirmation
[2022-11-17T16:42:38.107+0000] {task_command.py:376} INFO - Running <TaskInstance: MyPersonalAirflowProject.waiting_nasa_confirmation scheduled__2022-11-04T00:00:00+00:00 [running]> on host 638485efabe7
[2022-11-17T16:42:38.191+0000] {taskinstance.py:1592} INFO - Exporting the following env vars:
AIRFLOW_CTX_DAG_OWNER=***
AIRFLOW_CTX_DAG_ID=MyPersonalAirflowProject
AIRFLOW_CTX_TASK_ID=waiting_nasa_confirmation
AIRFLOW_CTX_EXECUTION_DATE=2022-11-04T00:00:00+00:00
AIRFLOW_CTX_TRY_NUMBER=1
AIRFLOW_CTX_DAG_RUN_ID=scheduled__2022-11-04T00:00:00+00:00
[2022-11-17T16:42:38.202+0000] {base.py:71} INFO - Using connection ID 'fs_default' for task execution.
[2022-11-17T16:42:38.203+0000] {filesystem.py:58} INFO - Poking for file /tmp/reponse_20221104.txt
[2022-11-17T16:42:38.203+0000] {filesystem.py:63} INFO - Found File /tmp/reponse_20221104.txt last modified: 20221117164237
[2022-11-17T16:42:38.204+0000] {base.py:213} INFO - Success criteria met. Exiting.
[2022-11-17T16:42:38.216+0000] {taskinstance.py:1406} INFO - Marking task as SUCCESS. dag_id=MyPersonalAirflowProject, task_id=waiting_nasa_confirmation, execution_date=20221104T000000, start_date=20221117T164238, end_date=20221117T164238
[2022-11-17T16:42:38.253+0000] {local_task_job.py:164} INFO - Task exited with return code 0
[2022-11-17T16:42:38.302+0000] {local_task_job.py:273} INFO - 1 downstream tasks scheduled from follow-on schedule check
[2022-11-17T17:33:43.439+0000] {taskinstance.py:1165} INFO - Dependencies all met for <TaskInstance: MyPersonalAirflowProject.waiting_nasa_confirmation scheduled__2022-11-04T00:00:00+00:00 [queued]>
[2022-11-17T17:33:43.451+0000] {taskinstance.py:1165} INFO - Dependencies all met for <TaskInstance: MyPersonalAirflowProject.waiting_nasa_confirmation scheduled__2022-11-04T00:00:00+00:00 [queued]>
[2022-11-17T17:33:43.452+0000] {taskinstance.py:1362} INFO - 
--------------------------------------------------------------------------------
[2022-11-17T17:33:43.453+0000] {taskinstance.py:1363} INFO - Starting attempt 1 of 1
[2022-11-17T17:33:43.453+0000] {taskinstance.py:1364} INFO - 
--------------------------------------------------------------------------------
[2022-11-17T17:33:43.470+0000] {taskinstance.py:1383} INFO - Executing <Task(FileSensor): waiting_nasa_confirmation> on 2022-11-04 00:00:00+00:00
[2022-11-17T17:33:43.476+0000] {standard_task_runner.py:55} INFO - Started process 8198 to run task
[2022-11-17T17:33:43.478+0000] {standard_task_runner.py:82} INFO - Running: ['***', 'tasks', 'run', 'MyPersonalAirflowProject', 'waiting_nasa_confirmation', 'scheduled__2022-11-04T00:00:00+00:00', '--job-id', '2707', '--raw', '--subdir', 'DAGS_FOLDER/FinalPersonalProject.py', '--cfg-path', '/tmp/tmpq3s8wei9']
[2022-11-17T17:33:43.479+0000] {standard_task_runner.py:83} INFO - Job 2707: Subtask waiting_nasa_confirmation
[2022-11-17T17:33:43.547+0000] {task_command.py:376} INFO - Running <TaskInstance: MyPersonalAirflowProject.waiting_nasa_confirmation scheduled__2022-11-04T00:00:00+00:00 [running]> on host 638485efabe7
[2022-11-17T17:33:43.628+0000] {taskinstance.py:1592} INFO - Exporting the following env vars:
AIRFLOW_CTX_DAG_OWNER=***
AIRFLOW_CTX_DAG_ID=MyPersonalAirflowProject
AIRFLOW_CTX_TASK_ID=waiting_nasa_confirmation
AIRFLOW_CTX_EXECUTION_DATE=2022-11-04T00:00:00+00:00
AIRFLOW_CTX_TRY_NUMBER=1
AIRFLOW_CTX_DAG_RUN_ID=scheduled__2022-11-04T00:00:00+00:00
[2022-11-17T17:33:43.639+0000] {base.py:71} INFO - Using connection ID 'fs_default' for task execution.
[2022-11-17T17:33:43.639+0000] {filesystem.py:58} INFO - Poking for file /tmp/reponse_20221104.txt
[2022-11-17T17:33:43.640+0000] {filesystem.py:63} INFO - Found File /tmp/reponse_20221104.txt last modified: 20221117173342
[2022-11-17T17:33:43.641+0000] {base.py:213} INFO - Success criteria met. Exiting.
[2022-11-17T17:33:43.651+0000] {taskinstance.py:1406} INFO - Marking task as SUCCESS. dag_id=MyPersonalAirflowProject, task_id=waiting_nasa_confirmation, execution_date=20221104T000000, start_date=20221117T173343, end_date=20221117T173343
[2022-11-17T17:33:43.692+0000] {local_task_job.py:164} INFO - Task exited with return code 0
[2022-11-17T17:33:43.739+0000] {local_task_job.py:273} INFO - 1 downstream tasks scheduled from follow-on schedule check
