[2022-11-04T19:48:57.370+0000] {taskinstance.py:1165} INFO - Dependencies all met for <TaskInstance: orquestation.TASK1 scheduled__2022-05-25T00:00:00+00:00 [queued]>
[2022-11-04T19:48:57.387+0000] {taskinstance.py:1165} INFO - Dependencies all met for <TaskInstance: orquestation.TASK1 scheduled__2022-05-25T00:00:00+00:00 [queued]>
[2022-11-04T19:48:57.388+0000] {taskinstance.py:1362} INFO - 
--------------------------------------------------------------------------------
[2022-11-04T19:48:57.388+0000] {taskinstance.py:1363} INFO - Starting attempt 1 of 1
[2022-11-04T19:48:57.501+0000] {taskinstance.py:1364} INFO - 
--------------------------------------------------------------------------------
[2022-11-04T19:48:57.633+0000] {taskinstance.py:1383} INFO - Executing <Task(BashOperator): TASK1> on 2022-05-25 00:00:00+00:00
[2022-11-04T19:48:57.642+0000] {standard_task_runner.py:55} INFO - Started process 281 to run task
[2022-11-04T19:48:57.645+0000] {standard_task_runner.py:82} INFO - Running: ['***', 'tasks', 'run', 'orquestation', 'TASK1', 'scheduled__2022-05-25T00:00:00+00:00', '--job-id', '27', '--raw', '--subdir', 'DAGS_FOLDER/5.1-orquestacion.py', '--cfg-path', '/tmp/tmpp872mjwm']
[2022-11-04T19:48:57.647+0000] {standard_task_runner.py:83} INFO - Job 27: Subtask TASK1
[2022-11-04T19:48:57.824+0000] {task_command.py:376} INFO - Running <TaskInstance: orquestation.TASK1 scheduled__2022-05-25T00:00:00+00:00 [running]> on host 208ed96b478a
[2022-11-04T19:48:58.049+0000] {taskinstance.py:1592} INFO - Exporting the following env vars:
AIRFLOW_CTX_DAG_OWNER=***
AIRFLOW_CTX_DAG_ID=orquestation
AIRFLOW_CTX_TASK_ID=TASK1
AIRFLOW_CTX_EXECUTION_DATE=2022-05-25T00:00:00+00:00
AIRFLOW_CTX_TRY_NUMBER=1
AIRFLOW_CTX_DAG_RUN_ID=scheduled__2022-05-25T00:00:00+00:00
[2022-11-04T19:48:58.052+0000] {subprocess.py:63} INFO - Tmp dir root location: 
 /tmp
[2022-11-04T19:48:58.053+0000] {subprocess.py:75} INFO - Running command: ['/bin/bash', '-c', "SLEEP 2 && ECHO 'TASK1'"]
[2022-11-04T19:48:58.069+0000] {subprocess.py:86} INFO - Output:
[2022-11-04T19:48:58.071+0000] {subprocess.py:93} INFO - /bin/bash: line 1: SLEEP: command not found
[2022-11-04T19:48:58.072+0000] {subprocess.py:97} INFO - Command exited with return code 127
[2022-11-04T19:48:58.086+0000] {taskinstance.py:1851} ERROR - Task failed with exception
Traceback (most recent call last):
  File "/home/airflow/.local/lib/python3.7/site-packages/airflow/operators/bash.py", line 197, in execute
    f'Bash command failed. The command returned a non-zero exit code {result.exit_code}.'
airflow.exceptions.AirflowException: Bash command failed. The command returned a non-zero exit code 127.
[2022-11-04T19:48:58.091+0000] {taskinstance.py:1406} INFO - Marking task as FAILED. dag_id=orquestation, task_id=TASK1, execution_date=20220525T000000, start_date=20221104T194857, end_date=20221104T194858
[2022-11-04T19:48:58.213+0000] {standard_task_runner.py:105} ERROR - Failed to execute job 27 for task TASK1 (Bash command failed. The command returned a non-zero exit code 127.; 281)
[2022-11-04T19:48:58.260+0000] {local_task_job.py:164} INFO - Task exited with return code 1
[2022-11-04T19:48:58.353+0000] {local_task_job.py:273} INFO - 0 downstream tasks scheduled from follow-on schedule check
[2022-11-04T21:13:35.022+0000] {taskinstance.py:1165} INFO - Dependencies all met for <TaskInstance: orquestation.task1 scheduled__2022-05-25T00:00:00+00:00 [queued]>
[2022-11-04T21:13:35.046+0000] {taskinstance.py:1165} INFO - Dependencies all met for <TaskInstance: orquestation.task1 scheduled__2022-05-25T00:00:00+00:00 [queued]>
[2022-11-04T21:13:35.046+0000] {taskinstance.py:1362} INFO - 
--------------------------------------------------------------------------------
[2022-11-04T21:13:35.047+0000] {taskinstance.py:1363} INFO - Starting attempt 1 of 1
[2022-11-04T21:13:35.048+0000] {taskinstance.py:1364} INFO - 
--------------------------------------------------------------------------------
[2022-11-04T21:13:35.068+0000] {taskinstance.py:1383} INFO - Executing <Task(BashOperator): task1> on 2022-05-25 00:00:00+00:00
[2022-11-04T21:13:35.078+0000] {standard_task_runner.py:55} INFO - Started process 418 to run task
[2022-11-04T21:13:35.083+0000] {standard_task_runner.py:82} INFO - Running: ['***', 'tasks', 'run', 'orquestation', 'task1', 'scheduled__2022-05-25T00:00:00+00:00', '--job-id', '102', '--raw', '--subdir', 'DAGS_FOLDER/5.1-orquestacion.py', '--cfg-path', '/tmp/tmpxi89ysho']
[2022-11-04T21:13:35.084+0000] {standard_task_runner.py:83} INFO - Job 102: Subtask task1
[2022-11-04T21:13:35.182+0000] {task_command.py:376} INFO - Running <TaskInstance: orquestation.task1 scheduled__2022-05-25T00:00:00+00:00 [running]> on host 643e334f405f
[2022-11-04T21:13:35.312+0000] {taskinstance.py:1592} INFO - Exporting the following env vars:
AIRFLOW_CTX_DAG_OWNER=***
AIRFLOW_CTX_DAG_ID=orquestation
AIRFLOW_CTX_TASK_ID=task1
AIRFLOW_CTX_EXECUTION_DATE=2022-05-25T00:00:00+00:00
AIRFLOW_CTX_TRY_NUMBER=1
AIRFLOW_CTX_DAG_RUN_ID=scheduled__2022-05-25T00:00:00+00:00
[2022-11-04T21:13:35.342+0000] {subprocess.py:63} INFO - Tmp dir root location: 
 /tmp
[2022-11-04T21:13:35.351+0000] {subprocess.py:75} INFO - Running command: ['/bin/bash', '-c', "sleep 2 && echo 'task1'"]
[2022-11-04T21:13:35.379+0000] {subprocess.py:86} INFO - Output:
[2022-11-04T21:13:37.714+0000] {subprocess.py:93} INFO - task1
[2022-11-04T21:13:37.715+0000] {subprocess.py:97} INFO - Command exited with return code 0
[2022-11-04T21:13:37.754+0000] {taskinstance.py:1406} INFO - Marking task as SUCCESS. dag_id=orquestation, task_id=task1, execution_date=20220525T000000, start_date=20221104T211335, end_date=20221104T211337
[2022-11-04T21:13:37.825+0000] {local_task_job.py:164} INFO - Task exited with return code 0
[2022-11-04T21:13:37.884+0000] {local_task_job.py:273} INFO - 1 downstream tasks scheduled from follow-on schedule check
[2022-11-04T21:33:23.133+0000] {taskinstance.py:1165} INFO - Dependencies all met for <TaskInstance: orquestation.task1 scheduled__2022-05-25T00:00:00+00:00 [queued]>
[2022-11-04T21:33:23.154+0000] {taskinstance.py:1165} INFO - Dependencies all met for <TaskInstance: orquestation.task1 scheduled__2022-05-25T00:00:00+00:00 [queued]>
[2022-11-04T21:33:23.155+0000] {taskinstance.py:1362} INFO - 
--------------------------------------------------------------------------------
[2022-11-04T21:33:23.156+0000] {taskinstance.py:1363} INFO - Starting attempt 1 of 1
[2022-11-04T21:33:23.156+0000] {taskinstance.py:1364} INFO - 
--------------------------------------------------------------------------------
[2022-11-04T21:33:23.180+0000] {taskinstance.py:1383} INFO - Executing <Task(BashOperator): task1> on 2022-05-25 00:00:00+00:00
[2022-11-04T21:33:23.189+0000] {standard_task_runner.py:55} INFO - Started process 1066 to run task
[2022-11-04T21:33:23.194+0000] {standard_task_runner.py:82} INFO - Running: ['***', 'tasks', 'run', 'orquestation', 'task1', 'scheduled__2022-05-25T00:00:00+00:00', '--job-id', '202', '--raw', '--subdir', 'DAGS_FOLDER/5.1-orquestacion.py', '--cfg-path', '/tmp/tmp80gibyfv']
[2022-11-04T21:33:23.196+0000] {standard_task_runner.py:83} INFO - Job 202: Subtask task1
[2022-11-04T21:33:23.284+0000] {task_command.py:376} INFO - Running <TaskInstance: orquestation.task1 scheduled__2022-05-25T00:00:00+00:00 [running]> on host 643e334f405f
[2022-11-04T21:33:23.389+0000] {taskinstance.py:1592} INFO - Exporting the following env vars:
AIRFLOW_CTX_DAG_OWNER=***
AIRFLOW_CTX_DAG_ID=orquestation
AIRFLOW_CTX_TASK_ID=task1
AIRFLOW_CTX_EXECUTION_DATE=2022-05-25T00:00:00+00:00
AIRFLOW_CTX_TRY_NUMBER=1
AIRFLOW_CTX_DAG_RUN_ID=scheduled__2022-05-25T00:00:00+00:00
[2022-11-04T21:33:23.391+0000] {subprocess.py:63} INFO - Tmp dir root location: 
 /tmp
[2022-11-04T21:33:23.393+0000] {subprocess.py:75} INFO - Running command: ['/bin/bash', '-c', "sleep 2 && echo 'task1'"]
[2022-11-04T21:33:23.410+0000] {subprocess.py:86} INFO - Output:
[2022-11-04T21:33:25.415+0000] {subprocess.py:93} INFO - task1
[2022-11-04T21:33:25.416+0000] {subprocess.py:97} INFO - Command exited with return code 0
[2022-11-04T21:33:25.458+0000] {taskinstance.py:1406} INFO - Marking task as SUCCESS. dag_id=orquestation, task_id=task1, execution_date=20220525T000000, start_date=20221104T213323, end_date=20221104T213325
[2022-11-04T21:33:25.493+0000] {local_task_job.py:164} INFO - Task exited with return code 0
[2022-11-04T21:33:25.554+0000] {local_task_job.py:273} INFO - 1 downstream tasks scheduled from follow-on schedule check
[2022-11-04T21:44:24.913+0000] {taskinstance.py:1165} INFO - Dependencies all met for <TaskInstance: orquestation.task1 scheduled__2022-05-25T00:00:00+00:00 [queued]>
[2022-11-04T21:44:24.929+0000] {taskinstance.py:1165} INFO - Dependencies all met for <TaskInstance: orquestation.task1 scheduled__2022-05-25T00:00:00+00:00 [queued]>
[2022-11-04T21:44:24.930+0000] {taskinstance.py:1362} INFO - 
--------------------------------------------------------------------------------
[2022-11-04T21:44:24.930+0000] {taskinstance.py:1363} INFO - Starting attempt 1 of 1
[2022-11-04T21:44:24.930+0000] {taskinstance.py:1364} INFO - 
--------------------------------------------------------------------------------
[2022-11-04T21:44:24.948+0000] {taskinstance.py:1383} INFO - Executing <Task(BashOperator): task1> on 2022-05-25 00:00:00+00:00
[2022-11-04T21:44:24.954+0000] {standard_task_runner.py:55} INFO - Started process 2178 to run task
[2022-11-04T21:44:24.957+0000] {standard_task_runner.py:82} INFO - Running: ['***', 'tasks', 'run', 'orquestation', 'task1', 'scheduled__2022-05-25T00:00:00+00:00', '--job-id', '351', '--raw', '--subdir', 'DAGS_FOLDER/5.1-orquestacion.py', '--cfg-path', '/tmp/tmphmfxd1o7']
[2022-11-04T21:44:24.958+0000] {standard_task_runner.py:83} INFO - Job 351: Subtask task1
[2022-11-04T21:44:25.022+0000] {task_command.py:376} INFO - Running <TaskInstance: orquestation.task1 scheduled__2022-05-25T00:00:00+00:00 [running]> on host 643e334f405f
[2022-11-04T21:44:25.094+0000] {taskinstance.py:1592} INFO - Exporting the following env vars:
AIRFLOW_CTX_DAG_OWNER=***
AIRFLOW_CTX_DAG_ID=orquestation
AIRFLOW_CTX_TASK_ID=task1
AIRFLOW_CTX_EXECUTION_DATE=2022-05-25T00:00:00+00:00
AIRFLOW_CTX_TRY_NUMBER=1
AIRFLOW_CTX_DAG_RUN_ID=scheduled__2022-05-25T00:00:00+00:00
[2022-11-04T21:44:25.096+0000] {subprocess.py:63} INFO - Tmp dir root location: 
 /tmp
[2022-11-04T21:44:25.097+0000] {subprocess.py:75} INFO - Running command: ['/bin/bash', '-c', "sleep 2 && echo 'task1'"]
[2022-11-04T21:44:25.109+0000] {subprocess.py:86} INFO - Output:
[2022-11-04T21:44:27.112+0000] {subprocess.py:93} INFO - task1
[2022-11-04T21:44:27.113+0000] {subprocess.py:97} INFO - Command exited with return code 0
[2022-11-04T21:44:27.139+0000] {taskinstance.py:1406} INFO - Marking task as SUCCESS. dag_id=orquestation, task_id=task1, execution_date=20220525T000000, start_date=20221104T214424, end_date=20221104T214427
[2022-11-04T21:44:27.178+0000] {local_task_job.py:164} INFO - Task exited with return code 0
[2022-11-04T21:44:27.223+0000] {local_task_job.py:273} INFO - 1 downstream tasks scheduled from follow-on schedule check
