[2022-11-16T22:35:17.921+0000] {taskinstance.py:1165} INFO - Dependencies all met for <TaskInstance: MyPersonalAirflowProject.copy_data_to_local scheduled__2022-10-03T00:00:00+00:00 [queued]>
[2022-11-16T22:35:17.936+0000] {taskinstance.py:1165} INFO - Dependencies all met for <TaskInstance: MyPersonalAirflowProject.copy_data_to_local scheduled__2022-10-03T00:00:00+00:00 [queued]>
[2022-11-16T22:35:17.936+0000] {taskinstance.py:1362} INFO - 
--------------------------------------------------------------------------------
[2022-11-16T22:35:17.938+0000] {taskinstance.py:1363} INFO - Starting attempt 2 of 2
[2022-11-16T22:35:17.938+0000] {taskinstance.py:1364} INFO - 
--------------------------------------------------------------------------------
[2022-11-16T22:35:17.959+0000] {taskinstance.py:1383} INFO - Executing <Task(PythonOperator): copy_data_to_local> on 2022-10-03 00:00:00+00:00
[2022-11-16T22:35:18.150+0000] {standard_task_runner.py:55} INFO - Started process 6440 to run task
[2022-11-16T22:35:18.153+0000] {standard_task_runner.py:82} INFO - Running: ['***', 'tasks', 'run', 'MyPersonalAirflowProject', 'copy_data_to_local', 'scheduled__2022-10-03T00:00:00+00:00', '--job-id', '1684', '--raw', '--subdir', 'DAGS_FOLDER/FinalPersonalProject.py', '--cfg-path', '/tmp/tmpv7j10ia6']
[2022-11-16T22:35:18.154+0000] {standard_task_runner.py:83} INFO - Job 1684: Subtask copy_data_to_local
[2022-11-16T22:35:18.220+0000] {task_command.py:376} INFO - Running <TaskInstance: MyPersonalAirflowProject.copy_data_to_local scheduled__2022-10-03T00:00:00+00:00 [running]> on host 638485efabe7
[2022-11-16T22:35:18.305+0000] {taskinstance.py:1592} INFO - Exporting the following env vars:
AIRFLOW_CTX_DAG_OWNER=***
AIRFLOW_CTX_DAG_ID=MyPersonalAirflowProject
AIRFLOW_CTX_TASK_ID=copy_data_to_local
AIRFLOW_CTX_EXECUTION_DATE=2022-10-03T00:00:00+00:00
AIRFLOW_CTX_TRY_NUMBER=2
AIRFLOW_CTX_DAG_RUN_ID=scheduled__2022-10-03T00:00:00+00:00
[2022-11-16T22:35:19.011+0000] {python.py:177} INFO - Done. Returned value was: None
[2022-11-16T22:35:19.023+0000] {taskinstance.py:1406} INFO - Marking task as SUCCESS. dag_id=MyPersonalAirflowProject, task_id=copy_data_to_local, execution_date=20221003T000000, start_date=20221116T223517, end_date=20221116T223519
[2022-11-16T22:35:19.049+0000] {local_task_job.py:164} INFO - Task exited with return code 0
[2022-11-16T22:35:19.077+0000] {local_task_job.py:273} INFO - 1 downstream tasks scheduled from follow-on schedule check
