[2022-11-17T16:44:18.506+0000] {taskinstance.py:1165} INFO - Dependencies all met for <TaskInstance: MyPersonalAirflowProject.Marketing_team_Notification scheduled__2022-11-07T00:00:00+00:00 [queued]>
[2022-11-17T16:44:18.520+0000] {taskinstance.py:1165} INFO - Dependencies all met for <TaskInstance: MyPersonalAirflowProject.Marketing_team_Notification scheduled__2022-11-07T00:00:00+00:00 [queued]>
[2022-11-17T16:44:18.521+0000] {taskinstance.py:1362} INFO - 
--------------------------------------------------------------------------------
[2022-11-17T16:44:18.522+0000] {taskinstance.py:1363} INFO - Starting attempt 1 of 1
[2022-11-17T16:44:18.522+0000] {taskinstance.py:1364} INFO - 
--------------------------------------------------------------------------------
[2022-11-17T16:44:18.540+0000] {taskinstance.py:1383} INFO - Executing <Task(BashOperator): Marketing_team_Notification> on 2022-11-07 00:00:00+00:00
[2022-11-17T16:44:18.585+0000] {standard_task_runner.py:55} INFO - Started process 4751 to run task
[2022-11-17T16:44:18.589+0000] {standard_task_runner.py:82} INFO - Running: ['***', 'tasks', 'run', 'MyPersonalAirflowProject', 'Marketing_team_Notification', 'scheduled__2022-11-07T00:00:00+00:00', '--job-id', '2326', '--raw', '--subdir', 'DAGS_FOLDER/FinalPersonalProject.py', '--cfg-path', '/tmp/tmpih6w1fi0']
[2022-11-17T16:44:18.590+0000] {standard_task_runner.py:83} INFO - Job 2326: Subtask Marketing_team_Notification
[2022-11-17T16:44:18.672+0000] {task_command.py:376} INFO - Running <TaskInstance: MyPersonalAirflowProject.Marketing_team_Notification scheduled__2022-11-07T00:00:00+00:00 [running]> on host 638485efabe7
[2022-11-17T16:44:18.752+0000] {taskinstance.py:1592} INFO - Exporting the following env vars:
AIRFLOW_CTX_DAG_OWNER=***
AIRFLOW_CTX_DAG_ID=MyPersonalAirflowProject
AIRFLOW_CTX_TASK_ID=Marketing_team_Notification
AIRFLOW_CTX_EXECUTION_DATE=2022-11-07T00:00:00+00:00
AIRFLOW_CTX_TRY_NUMBER=1
AIRFLOW_CTX_DAG_RUN_ID=scheduled__2022-11-07T00:00:00+00:00
[2022-11-17T16:44:18.754+0000] {subprocess.py:63} INFO - Tmp dir root location: 
 /tmp
[2022-11-17T16:44:18.755+0000] {subprocess.py:75} INFO - Running command: ['/bin/bash', '-c', 'echo "Hi Marketing team, Space X data for 2022-11-07 are now available!.. Please check them out!"']
[2022-11-17T16:44:18.766+0000] {subprocess.py:86} INFO - Output:
[2022-11-17T16:44:18.768+0000] {subprocess.py:93} INFO - Hi Marketing team, Space X data for 2022-11-07 are now available!.. Please check them out!
[2022-11-17T16:44:18.768+0000] {subprocess.py:97} INFO - Command exited with return code 0
[2022-11-17T16:44:18.796+0000] {taskinstance.py:1406} INFO - Marking task as SUCCESS. dag_id=MyPersonalAirflowProject, task_id=Marketing_team_Notification, execution_date=20221107T000000, start_date=20221117T164418, end_date=20221117T164418
[2022-11-17T16:44:18.842+0000] {local_task_job.py:164} INFO - Task exited with return code 0
[2022-11-17T16:44:18.868+0000] {local_task_job.py:273} INFO - 0 downstream tasks scheduled from follow-on schedule check
[2022-11-17T17:35:18.590+0000] {taskinstance.py:1165} INFO - Dependencies all met for <TaskInstance: MyPersonalAirflowProject.Marketing_team_Notification scheduled__2022-11-07T00:00:00+00:00 [queued]>
[2022-11-17T17:35:18.605+0000] {taskinstance.py:1165} INFO - Dependencies all met for <TaskInstance: MyPersonalAirflowProject.Marketing_team_Notification scheduled__2022-11-07T00:00:00+00:00 [queued]>
[2022-11-17T17:35:18.606+0000] {taskinstance.py:1362} INFO - 
--------------------------------------------------------------------------------
[2022-11-17T17:35:18.607+0000] {taskinstance.py:1363} INFO - Starting attempt 1 of 1
[2022-11-17T17:35:18.607+0000] {taskinstance.py:1364} INFO - 
--------------------------------------------------------------------------------
[2022-11-17T17:35:18.626+0000] {taskinstance.py:1383} INFO - Executing <Task(BashOperator): Marketing_team_Notification> on 2022-11-07 00:00:00+00:00
[2022-11-17T17:35:18.632+0000] {standard_task_runner.py:55} INFO - Started process 8364 to run task
[2022-11-17T17:35:18.635+0000] {standard_task_runner.py:82} INFO - Running: ['***', 'tasks', 'run', 'MyPersonalAirflowProject', 'Marketing_team_Notification', 'scheduled__2022-11-07T00:00:00+00:00', '--job-id', '2737', '--raw', '--subdir', 'DAGS_FOLDER/FinalPersonalProject.py', '--cfg-path', '/tmp/tmpn4j79ly8']
[2022-11-17T17:35:18.637+0000] {standard_task_runner.py:83} INFO - Job 2737: Subtask Marketing_team_Notification
[2022-11-17T17:35:18.707+0000] {task_command.py:376} INFO - Running <TaskInstance: MyPersonalAirflowProject.Marketing_team_Notification scheduled__2022-11-07T00:00:00+00:00 [running]> on host 638485efabe7
[2022-11-17T17:35:18.795+0000] {taskinstance.py:1592} INFO - Exporting the following env vars:
AIRFLOW_CTX_DAG_OWNER=***
AIRFLOW_CTX_DAG_ID=MyPersonalAirflowProject
AIRFLOW_CTX_TASK_ID=Marketing_team_Notification
AIRFLOW_CTX_EXECUTION_DATE=2022-11-07T00:00:00+00:00
AIRFLOW_CTX_TRY_NUMBER=1
AIRFLOW_CTX_DAG_RUN_ID=scheduled__2022-11-07T00:00:00+00:00
[2022-11-17T17:35:18.797+0000] {subprocess.py:63} INFO - Tmp dir root location: 
 /tmp
[2022-11-17T17:35:18.798+0000] {subprocess.py:75} INFO - Running command: ['/bin/bash', '-c', 'echo "Hi Marketing team, Space X data for 2022-11-07 are now available!.. Please check them out!"']
[2022-11-17T17:35:18.813+0000] {subprocess.py:86} INFO - Output:
[2022-11-17T17:35:18.815+0000] {subprocess.py:93} INFO - Hi Marketing team, Space X data for 2022-11-07 are now available!.. Please check them out!
[2022-11-17T17:35:18.816+0000] {subprocess.py:97} INFO - Command exited with return code 0
[2022-11-17T17:35:18.857+0000] {taskinstance.py:1406} INFO - Marking task as SUCCESS. dag_id=MyPersonalAirflowProject, task_id=Marketing_team_Notification, execution_date=20221107T000000, start_date=20221117T173518, end_date=20221117T173518
[2022-11-17T17:35:18.929+0000] {local_task_job.py:164} INFO - Task exited with return code 0
[2022-11-17T17:35:18.955+0000] {local_task_job.py:273} INFO - 0 downstream tasks scheduled from follow-on schedule check
