[2022-11-17T16:52:37.541+0000] {taskinstance.py:1165} INFO - Dependencies all met for <TaskInstance: MyPersonalAirflowProject.Data_Team_Notification scheduled__2022-11-16T00:00:00+00:00 [queued]>
[2022-11-17T16:52:37.553+0000] {taskinstance.py:1165} INFO - Dependencies all met for <TaskInstance: MyPersonalAirflowProject.Data_Team_Notification scheduled__2022-11-16T00:00:00+00:00 [queued]>
[2022-11-17T16:52:37.554+0000] {taskinstance.py:1362} INFO - 
--------------------------------------------------------------------------------
[2022-11-17T16:52:37.576+0000] {taskinstance.py:1363} INFO - Starting attempt 4 of 4
[2022-11-17T16:52:37.577+0000] {taskinstance.py:1364} INFO - 
--------------------------------------------------------------------------------
[2022-11-17T16:52:37.733+0000] {taskinstance.py:1383} INFO - Executing <Task(NotifyOperator): Data_Team_Notification> on 2022-11-16 00:00:00+00:00
[2022-11-17T16:52:37.739+0000] {standard_task_runner.py:55} INFO - Started process 5345 to run task
[2022-11-17T16:52:37.742+0000] {standard_task_runner.py:82} INFO - Running: ['***', 'tasks', 'run', 'MyPersonalAirflowProject', 'Data_Team_Notification', 'scheduled__2022-11-16T00:00:00+00:00', '--job-id', '2403', '--raw', '--subdir', 'DAGS_FOLDER/FinalPersonalProject.py', '--cfg-path', '/tmp/tmponto7tqu']
[2022-11-17T16:52:37.743+0000] {standard_task_runner.py:83} INFO - Job 2403: Subtask Data_Team_Notification
[2022-11-17T16:52:38.030+0000] {task_command.py:376} INFO - Running <TaskInstance: MyPersonalAirflowProject.Data_Team_Notification scheduled__2022-11-16T00:00:00+00:00 [running]> on host 638485efabe7
[2022-11-17T16:52:38.282+0000] {taskinstance.py:1592} INFO - Exporting the following env vars:
AIRFLOW_CTX_DAG_OWNER=***
AIRFLOW_CTX_DAG_ID=MyPersonalAirflowProject
AIRFLOW_CTX_TASK_ID=Data_Team_Notification
AIRFLOW_CTX_EXECUTION_DATE=2022-11-16T00:00:00+00:00
AIRFLOW_CTX_TRY_NUMBER=4
AIRFLOW_CTX_DAG_RUN_ID=scheduled__2022-11-16T00:00:00+00:00
[2022-11-17T16:52:38.283+0000] {taskinstance.py:1851} ERROR - Task failed with exception
Traceback (most recent call last):
  File "/opt/airflow/dags/FinalPersonalProject_Notification.py", line 9, in execute
    print(f"Hi Data team, Space X data for {kwargs['logical_date']}  are now available!.. Please check them out!")
NameError: name 'kwargs' is not defined
[2022-11-17T16:52:38.296+0000] {taskinstance.py:1406} INFO - Marking task as FAILED. dag_id=MyPersonalAirflowProject, task_id=Data_Team_Notification, execution_date=20221116T000000, start_date=20221117T165237, end_date=20221117T165238
[2022-11-17T16:52:38.449+0000] {standard_task_runner.py:105} ERROR - Failed to execute job 2403 for task Data_Team_Notification (name 'kwargs' is not defined; 5345)
[2022-11-17T16:52:38.478+0000] {local_task_job.py:164} INFO - Task exited with return code 1
[2022-11-17T16:52:38.768+0000] {local_task_job.py:273} INFO - 0 downstream tasks scheduled from follow-on schedule check
