[2022-11-17T16:57:14.926+0000] {taskinstance.py:1165} INFO - Dependencies all met for <TaskInstance: MyPersonalAirflowProject.Data_Team_Notification scheduled__2022-11-16T00:00:00+00:00 [queued]>
[2022-11-17T16:57:14.941+0000] {taskinstance.py:1165} INFO - Dependencies all met for <TaskInstance: MyPersonalAirflowProject.Data_Team_Notification scheduled__2022-11-16T00:00:00+00:00 [queued]>
[2022-11-17T16:57:14.942+0000] {taskinstance.py:1362} INFO - 
--------------------------------------------------------------------------------
[2022-11-17T16:57:14.944+0000] {taskinstance.py:1363} INFO - Starting attempt 6 of 6
[2022-11-17T16:57:14.944+0000] {taskinstance.py:1364} INFO - 
--------------------------------------------------------------------------------
[2022-11-17T16:57:14.971+0000] {taskinstance.py:1383} INFO - Executing <Task(NotifyOperator): Data_Team_Notification> on 2022-11-16 00:00:00+00:00
[2022-11-17T16:57:14.978+0000] {standard_task_runner.py:55} INFO - Started process 5588 to run task
[2022-11-17T16:57:14.981+0000] {standard_task_runner.py:82} INFO - Running: ['***', 'tasks', 'run', 'MyPersonalAirflowProject', 'Data_Team_Notification', 'scheduled__2022-11-16T00:00:00+00:00', '--job-id', '2415', '--raw', '--subdir', 'DAGS_FOLDER/FinalPersonalProject.py', '--cfg-path', '/tmp/tmpqlnmavak']
[2022-11-17T16:57:14.982+0000] {standard_task_runner.py:83} INFO - Job 2415: Subtask Data_Team_Notification
[2022-11-17T16:57:15.049+0000] {task_command.py:376} INFO - Running <TaskInstance: MyPersonalAirflowProject.Data_Team_Notification scheduled__2022-11-16T00:00:00+00:00 [running]> on host 638485efabe7
[2022-11-17T16:57:15.125+0000] {taskinstance.py:1592} INFO - Exporting the following env vars:
AIRFLOW_CTX_DAG_OWNER=***
AIRFLOW_CTX_DAG_ID=MyPersonalAirflowProject
AIRFLOW_CTX_TASK_ID=Data_Team_Notification
AIRFLOW_CTX_EXECUTION_DATE=2022-11-16T00:00:00+00:00
AIRFLOW_CTX_TRY_NUMBER=6
AIRFLOW_CTX_DAG_RUN_ID=scheduled__2022-11-16T00:00:00+00:00
[2022-11-17T16:57:15.126+0000] {logging_mixin.py:120} INFO - Hi Data team, Space X data for {{ds}}  are now available!.. Please check them out!
[2022-11-17T16:57:15.138+0000] {taskinstance.py:1406} INFO - Marking task as SUCCESS. dag_id=MyPersonalAirflowProject, task_id=Data_Team_Notification, execution_date=20221116T000000, start_date=20221117T165714, end_date=20221117T165715
[2022-11-17T16:57:15.194+0000] {local_task_job.py:164} INFO - Task exited with return code 0
[2022-11-17T16:57:15.216+0000] {local_task_job.py:273} INFO - 0 downstream tasks scheduled from follow-on schedule check
