[2022-11-17T16:58:14.229+0000] {taskinstance.py:1165} INFO - Dependencies all met for <TaskInstance: MyPersonalAirflowProject.Data_Team_Notification scheduled__2022-11-16T00:00:00+00:00 [queued]>
[2022-11-17T16:58:14.243+0000] {taskinstance.py:1165} INFO - Dependencies all met for <TaskInstance: MyPersonalAirflowProject.Data_Team_Notification scheduled__2022-11-16T00:00:00+00:00 [queued]>
[2022-11-17T16:58:14.243+0000] {taskinstance.py:1362} INFO - 
--------------------------------------------------------------------------------
[2022-11-17T16:58:14.245+0000] {taskinstance.py:1363} INFO - Starting attempt 7 of 7
[2022-11-17T16:58:14.245+0000] {taskinstance.py:1364} INFO - 
--------------------------------------------------------------------------------
[2022-11-17T16:58:14.271+0000] {taskinstance.py:1383} INFO - Executing <Task(NotifyOperator): Data_Team_Notification> on 2022-11-16 00:00:00+00:00
[2022-11-17T16:58:14.278+0000] {standard_task_runner.py:55} INFO - Started process 5659 to run task
[2022-11-17T16:58:14.281+0000] {standard_task_runner.py:82} INFO - Running: ['***', 'tasks', 'run', 'MyPersonalAirflowProject', 'Data_Team_Notification', 'scheduled__2022-11-16T00:00:00+00:00', '--job-id', '2422', '--raw', '--subdir', 'DAGS_FOLDER/FinalPersonalProject.py', '--cfg-path', '/tmp/tmpetigrt9d']
[2022-11-17T16:58:14.282+0000] {standard_task_runner.py:83} INFO - Job 2422: Subtask Data_Team_Notification
[2022-11-17T16:58:14.350+0000] {task_command.py:376} INFO - Running <TaskInstance: MyPersonalAirflowProject.Data_Team_Notification scheduled__2022-11-16T00:00:00+00:00 [running]> on host 638485efabe7
[2022-11-17T16:58:14.530+0000] {taskinstance.py:1592} INFO - Exporting the following env vars:
AIRFLOW_CTX_DAG_OWNER=***
AIRFLOW_CTX_DAG_ID=MyPersonalAirflowProject
AIRFLOW_CTX_TASK_ID=Data_Team_Notification
AIRFLOW_CTX_EXECUTION_DATE=2022-11-16T00:00:00+00:00
AIRFLOW_CTX_TRY_NUMBER=7
AIRFLOW_CTX_DAG_RUN_ID=scheduled__2022-11-16T00:00:00+00:00
[2022-11-17T16:58:14.532+0000] {logging_mixin.py:120} INFO - Hi Data team, Space X data for {{ds}}  are now available!.. Please check them out!
[2022-11-17T16:58:14.544+0000] {taskinstance.py:1406} INFO - Marking task as SUCCESS. dag_id=MyPersonalAirflowProject, task_id=Data_Team_Notification, execution_date=20221116T000000, start_date=20221117T165814, end_date=20221117T165814
[2022-11-17T16:58:14.575+0000] {local_task_job.py:164} INFO - Task exited with return code 0
[2022-11-17T16:58:14.597+0000] {local_task_job.py:273} INFO - 0 downstream tasks scheduled from follow-on schedule check
