[2022-11-08T19:37:33.086+0000] {taskinstance.py:1165} INFO - Dependencies all met for <TaskInstance: 6-monitoring_1.task4 scheduled__2022-01-19T00:00:00+00:00 [queued]>
[2022-11-08T19:37:33.114+0000] {taskinstance.py:1165} INFO - Dependencies all met for <TaskInstance: 6-monitoring_1.task4 scheduled__2022-01-19T00:00:00+00:00 [queued]>
[2022-11-08T19:37:33.116+0000] {taskinstance.py:1362} INFO - 
--------------------------------------------------------------------------------
[2022-11-08T19:37:33.119+0000] {taskinstance.py:1363} INFO - Starting attempt 1 of 1
[2022-11-08T19:37:33.120+0000] {taskinstance.py:1364} INFO - 
--------------------------------------------------------------------------------
[2022-11-08T19:37:33.154+0000] {taskinstance.py:1383} INFO - Executing <Task(PythonOperator): task4> on 2022-01-19 00:00:00+00:00
[2022-11-08T19:37:33.169+0000] {standard_task_runner.py:55} INFO - Started process 2311 to run task
[2022-11-08T19:37:33.178+0000] {standard_task_runner.py:82} INFO - Running: ['***', 'tasks', 'run', '6-monitoring_1', 'task4', 'scheduled__2022-01-19T00:00:00+00:00', '--job-id', '519', '--raw', '--subdir', 'DAGS_FOLDER/6.1-monitoring.py', '--cfg-path', '/tmp/tmpn4qgk8bz']
[2022-11-08T19:37:33.181+0000] {standard_task_runner.py:83} INFO - Job 519: Subtask task4
[2022-11-08T19:37:33.327+0000] {task_command.py:376} INFO - Running <TaskInstance: 6-monitoring_1.task4 scheduled__2022-01-19T00:00:00+00:00 [running]> on host 638485efabe7
[2022-11-08T19:37:33.533+0000] {taskinstance.py:1592} INFO - Exporting the following env vars:
AIRFLOW_CTX_DAG_OWNER=***
AIRFLOW_CTX_DAG_ID=6-monitoring_1
AIRFLOW_CTX_TASK_ID=task4
AIRFLOW_CTX_EXECUTION_DATE=2022-01-19T00:00:00+00:00
AIRFLOW_CTX_TRY_NUMBER=1
AIRFLOW_CTX_DAG_RUN_ID=scheduled__2022-01-19T00:00:00+00:00
[2022-11-08T19:37:33.536+0000] {python.py:177} INFO - Done. Returned value was: None
[2022-11-08T19:37:33.556+0000] {taskinstance.py:1406} INFO - Marking task as SUCCESS. dag_id=6-monitoring_1, task_id=task4, execution_date=20220119T000000, start_date=20221108T193733, end_date=20221108T193733
[2022-11-08T19:37:33.621+0000] {local_task_job.py:164} INFO - Task exited with return code 0
[2022-11-08T19:37:33.666+0000] {local_task_job.py:273} INFO - 1 downstream tasks scheduled from follow-on schedule check
