[2022-11-16T21:33:32.378+0000] {taskinstance.py:1165} INFO - Dependencies all met for <TaskInstance: MyPersonalAirflowProject.waiting_nasa_confirmation scheduled__2022-11-01T00:00:00+00:00 [queued]>
[2022-11-16T21:33:32.394+0000] {taskinstance.py:1165} INFO - Dependencies all met for <TaskInstance: MyPersonalAirflowProject.waiting_nasa_confirmation scheduled__2022-11-01T00:00:00+00:00 [queued]>
[2022-11-16T21:33:32.395+0000] {taskinstance.py:1362} INFO - 
--------------------------------------------------------------------------------
[2022-11-16T21:33:32.396+0000] {taskinstance.py:1363} INFO - Starting attempt 1 of 1
[2022-11-16T21:33:32.397+0000] {taskinstance.py:1364} INFO - 
--------------------------------------------------------------------------------
[2022-11-16T21:33:32.417+0000] {taskinstance.py:1383} INFO - Executing <Task(FileSensor): waiting_nasa_confirmation> on 2022-11-01 00:00:00+00:00
[2022-11-16T21:33:32.424+0000] {standard_task_runner.py:55} INFO - Started process 3064 to run task
[2022-11-16T21:33:32.427+0000] {standard_task_runner.py:82} INFO - Running: ['***', 'tasks', 'run', 'MyPersonalAirflowProject', 'waiting_nasa_confirmation', 'scheduled__2022-11-01T00:00:00+00:00', '--job-id', '1398', '--raw', '--subdir', 'DAGS_FOLDER/FinalPersonalProject.py', '--cfg-path', '/tmp/tmp4erjhq7s']
[2022-11-16T21:33:32.428+0000] {standard_task_runner.py:83} INFO - Job 1398: Subtask waiting_nasa_confirmation
[2022-11-16T21:33:32.508+0000] {task_command.py:376} INFO - Running <TaskInstance: MyPersonalAirflowProject.waiting_nasa_confirmation scheduled__2022-11-01T00:00:00+00:00 [running]> on host 638485efabe7
[2022-11-16T21:33:32.596+0000] {taskinstance.py:1592} INFO - Exporting the following env vars:
AIRFLOW_CTX_DAG_OWNER=***
AIRFLOW_CTX_DAG_ID=MyPersonalAirflowProject
AIRFLOW_CTX_TASK_ID=waiting_nasa_confirmation
AIRFLOW_CTX_EXECUTION_DATE=2022-11-01T00:00:00+00:00
AIRFLOW_CTX_TRY_NUMBER=1
AIRFLOW_CTX_DAG_RUN_ID=scheduled__2022-11-01T00:00:00+00:00
[2022-11-16T21:33:32.607+0000] {base.py:71} INFO - Using connection ID 'fs_default' for task execution.
[2022-11-16T21:33:32.608+0000] {filesystem.py:58} INFO - Poking for file /tmp/reponse_20221101.txt
[2022-11-16T21:33:32.608+0000] {filesystem.py:63} INFO - Found File /tmp/reponse_20221101.txt last modified: 20221116213330
[2022-11-16T21:33:32.609+0000] {base.py:213} INFO - Success criteria met. Exiting.
[2022-11-16T21:33:32.621+0000] {taskinstance.py:1406} INFO - Marking task as SUCCESS. dag_id=MyPersonalAirflowProject, task_id=waiting_nasa_confirmation, execution_date=20221101T000000, start_date=20221116T213332, end_date=20221116T213332
[2022-11-16T21:33:32.687+0000] {local_task_job.py:164} INFO - Task exited with return code 0
[2022-11-16T21:33:32.726+0000] {local_task_job.py:273} INFO - 1 downstream tasks scheduled from follow-on schedule check
[2022-11-16T22:29:52.664+0000] {taskinstance.py:1165} INFO - Dependencies all met for <TaskInstance: MyPersonalAirflowProject.waiting_nasa_confirmation scheduled__2022-11-01T00:00:00+00:00 [queued]>
[2022-11-16T22:29:52.701+0000] {taskinstance.py:1165} INFO - Dependencies all met for <TaskInstance: MyPersonalAirflowProject.waiting_nasa_confirmation scheduled__2022-11-01T00:00:00+00:00 [queued]>
[2022-11-16T22:29:52.701+0000] {taskinstance.py:1362} INFO - 
--------------------------------------------------------------------------------
[2022-11-16T22:29:52.702+0000] {taskinstance.py:1363} INFO - Starting attempt 1 of 1
[2022-11-16T22:29:52.702+0000] {taskinstance.py:1364} INFO - 
--------------------------------------------------------------------------------
[2022-11-16T22:29:52.723+0000] {taskinstance.py:1383} INFO - Executing <Task(FileSensor): waiting_nasa_confirmation> on 2022-11-01 00:00:00+00:00
[2022-11-16T22:29:52.730+0000] {standard_task_runner.py:55} INFO - Started process 6038 to run task
[2022-11-16T22:29:52.733+0000] {standard_task_runner.py:82} INFO - Running: ['***', 'tasks', 'run', 'MyPersonalAirflowProject', 'waiting_nasa_confirmation', 'scheduled__2022-11-01T00:00:00+00:00', '--job-id', '1627', '--raw', '--subdir', 'DAGS_FOLDER/FinalPersonalProject.py', '--cfg-path', '/tmp/tmpitv920n9']
[2022-11-16T22:29:52.734+0000] {standard_task_runner.py:83} INFO - Job 1627: Subtask waiting_nasa_confirmation
[2022-11-16T22:29:52.801+0000] {task_command.py:376} INFO - Running <TaskInstance: MyPersonalAirflowProject.waiting_nasa_confirmation scheduled__2022-11-01T00:00:00+00:00 [running]> on host 638485efabe7
[2022-11-16T22:29:52.888+0000] {taskinstance.py:1592} INFO - Exporting the following env vars:
AIRFLOW_CTX_DAG_OWNER=***
AIRFLOW_CTX_DAG_ID=MyPersonalAirflowProject
AIRFLOW_CTX_TASK_ID=waiting_nasa_confirmation
AIRFLOW_CTX_EXECUTION_DATE=2022-11-01T00:00:00+00:00
AIRFLOW_CTX_TRY_NUMBER=1
AIRFLOW_CTX_DAG_RUN_ID=scheduled__2022-11-01T00:00:00+00:00
[2022-11-16T22:29:52.899+0000] {base.py:71} INFO - Using connection ID 'fs_default' for task execution.
[2022-11-16T22:29:52.900+0000] {filesystem.py:58} INFO - Poking for file /tmp/reponse_20221101.txt
[2022-11-16T22:29:52.900+0000] {filesystem.py:63} INFO - Found File /tmp/reponse_20221101.txt last modified: 20221116222950
[2022-11-16T22:29:52.901+0000] {base.py:213} INFO - Success criteria met. Exiting.
[2022-11-16T22:29:52.917+0000] {taskinstance.py:1406} INFO - Marking task as SUCCESS. dag_id=MyPersonalAirflowProject, task_id=waiting_nasa_confirmation, execution_date=20221101T000000, start_date=20221116T222952, end_date=20221116T222952
[2022-11-16T22:29:52.970+0000] {local_task_job.py:164} INFO - Task exited with return code 0
[2022-11-16T22:29:53.023+0000] {local_task_job.py:273} INFO - 1 downstream tasks scheduled from follow-on schedule check
[2022-11-17T16:41:06.779+0000] {taskinstance.py:1165} INFO - Dependencies all met for <TaskInstance: MyPersonalAirflowProject.waiting_nasa_confirmation scheduled__2022-11-01T00:00:00+00:00 [queued]>
[2022-11-17T16:41:06.795+0000] {taskinstance.py:1165} INFO - Dependencies all met for <TaskInstance: MyPersonalAirflowProject.waiting_nasa_confirmation scheduled__2022-11-01T00:00:00+00:00 [queued]>
[2022-11-17T16:41:06.795+0000] {taskinstance.py:1362} INFO - 
--------------------------------------------------------------------------------
[2022-11-17T16:41:06.796+0000] {taskinstance.py:1363} INFO - Starting attempt 1 of 1
[2022-11-17T16:41:06.797+0000] {taskinstance.py:1364} INFO - 
--------------------------------------------------------------------------------
[2022-11-17T16:41:06.815+0000] {taskinstance.py:1383} INFO - Executing <Task(FileSensor): waiting_nasa_confirmation> on 2022-11-01 00:00:00+00:00
[2022-11-17T16:41:06.821+0000] {standard_task_runner.py:55} INFO - Started process 4430 to run task
[2022-11-17T16:41:06.824+0000] {standard_task_runner.py:82} INFO - Running: ['***', 'tasks', 'run', 'MyPersonalAirflowProject', 'waiting_nasa_confirmation', 'scheduled__2022-11-01T00:00:00+00:00', '--job-id', '2273', '--raw', '--subdir', 'DAGS_FOLDER/FinalPersonalProject.py', '--cfg-path', '/tmp/tmp_m0fn_8d']
[2022-11-17T16:41:06.825+0000] {standard_task_runner.py:83} INFO - Job 2273: Subtask waiting_nasa_confirmation
[2022-11-17T16:41:06.896+0000] {task_command.py:376} INFO - Running <TaskInstance: MyPersonalAirflowProject.waiting_nasa_confirmation scheduled__2022-11-01T00:00:00+00:00 [running]> on host 638485efabe7
[2022-11-17T16:41:06.978+0000] {taskinstance.py:1592} INFO - Exporting the following env vars:
AIRFLOW_CTX_DAG_OWNER=***
AIRFLOW_CTX_DAG_ID=MyPersonalAirflowProject
AIRFLOW_CTX_TASK_ID=waiting_nasa_confirmation
AIRFLOW_CTX_EXECUTION_DATE=2022-11-01T00:00:00+00:00
AIRFLOW_CTX_TRY_NUMBER=1
AIRFLOW_CTX_DAG_RUN_ID=scheduled__2022-11-01T00:00:00+00:00
[2022-11-17T16:41:06.989+0000] {base.py:71} INFO - Using connection ID 'fs_default' for task execution.
[2022-11-17T16:41:06.990+0000] {filesystem.py:58} INFO - Poking for file /tmp/reponse_20221101.txt
[2022-11-17T16:41:06.991+0000] {filesystem.py:63} INFO - Found File /tmp/reponse_20221101.txt last modified: 20221117164106
[2022-11-17T16:41:06.992+0000] {base.py:213} INFO - Success criteria met. Exiting.
[2022-11-17T16:41:07.008+0000] {taskinstance.py:1406} INFO - Marking task as SUCCESS. dag_id=MyPersonalAirflowProject, task_id=waiting_nasa_confirmation, execution_date=20221101T000000, start_date=20221117T164106, end_date=20221117T164107
[2022-11-17T16:41:07.038+0000] {local_task_job.py:164} INFO - Task exited with return code 0
[2022-11-17T16:41:07.086+0000] {local_task_job.py:273} INFO - 1 downstream tasks scheduled from follow-on schedule check
[2022-11-17T17:32:10.094+0000] {taskinstance.py:1165} INFO - Dependencies all met for <TaskInstance: MyPersonalAirflowProject.waiting_nasa_confirmation scheduled__2022-11-01T00:00:00+00:00 [queued]>
[2022-11-17T17:32:10.105+0000] {taskinstance.py:1165} INFO - Dependencies all met for <TaskInstance: MyPersonalAirflowProject.waiting_nasa_confirmation scheduled__2022-11-01T00:00:00+00:00 [queued]>
[2022-11-17T17:32:10.106+0000] {taskinstance.py:1362} INFO - 
--------------------------------------------------------------------------------
[2022-11-17T17:32:10.106+0000] {taskinstance.py:1363} INFO - Starting attempt 1 of 1
[2022-11-17T17:32:10.107+0000] {taskinstance.py:1364} INFO - 
--------------------------------------------------------------------------------
[2022-11-17T17:32:10.125+0000] {taskinstance.py:1383} INFO - Executing <Task(FileSensor): waiting_nasa_confirmation> on 2022-11-01 00:00:00+00:00
[2022-11-17T17:32:10.130+0000] {standard_task_runner.py:55} INFO - Started process 8051 to run task
[2022-11-17T17:32:10.133+0000] {standard_task_runner.py:82} INFO - Running: ['***', 'tasks', 'run', 'MyPersonalAirflowProject', 'waiting_nasa_confirmation', 'scheduled__2022-11-01T00:00:00+00:00', '--job-id', '2683', '--raw', '--subdir', 'DAGS_FOLDER/FinalPersonalProject.py', '--cfg-path', '/tmp/tmpzu0f6rsx']
[2022-11-17T17:32:10.134+0000] {standard_task_runner.py:83} INFO - Job 2683: Subtask waiting_nasa_confirmation
[2022-11-17T17:32:10.200+0000] {task_command.py:376} INFO - Running <TaskInstance: MyPersonalAirflowProject.waiting_nasa_confirmation scheduled__2022-11-01T00:00:00+00:00 [running]> on host 638485efabe7
[2022-11-17T17:32:10.283+0000] {taskinstance.py:1592} INFO - Exporting the following env vars:
AIRFLOW_CTX_DAG_OWNER=***
AIRFLOW_CTX_DAG_ID=MyPersonalAirflowProject
AIRFLOW_CTX_TASK_ID=waiting_nasa_confirmation
AIRFLOW_CTX_EXECUTION_DATE=2022-11-01T00:00:00+00:00
AIRFLOW_CTX_TRY_NUMBER=1
AIRFLOW_CTX_DAG_RUN_ID=scheduled__2022-11-01T00:00:00+00:00
[2022-11-17T17:32:10.292+0000] {base.py:71} INFO - Using connection ID 'fs_default' for task execution.
[2022-11-17T17:32:10.293+0000] {filesystem.py:58} INFO - Poking for file /tmp/reponse_20221101.txt
[2022-11-17T17:32:10.294+0000] {filesystem.py:63} INFO - Found File /tmp/reponse_20221101.txt last modified: 20221117173208
[2022-11-17T17:32:10.295+0000] {base.py:213} INFO - Success criteria met. Exiting.
[2022-11-17T17:32:10.305+0000] {taskinstance.py:1406} INFO - Marking task as SUCCESS. dag_id=MyPersonalAirflowProject, task_id=waiting_nasa_confirmation, execution_date=20221101T000000, start_date=20221117T173210, end_date=20221117T173210
[2022-11-17T17:32:10.347+0000] {local_task_job.py:164} INFO - Task exited with return code 0
[2022-11-17T17:32:10.388+0000] {local_task_job.py:273} INFO - 1 downstream tasks scheduled from follow-on schedule check
