[2022-11-17T16:38:56.262+0000] {taskinstance.py:1165} INFO - Dependencies all met for <TaskInstance: MyPersonalAirflowProject.end_confirmation_from_nasa scheduled__2022-10-28T00:00:00+00:00 [queued]>
[2022-11-17T16:38:56.280+0000] {taskinstance.py:1165} INFO - Dependencies all met for <TaskInstance: MyPersonalAirflowProject.end_confirmation_from_nasa scheduled__2022-10-28T00:00:00+00:00 [queued]>
[2022-11-17T16:38:56.281+0000] {taskinstance.py:1362} INFO - 
--------------------------------------------------------------------------------
[2022-11-17T16:38:56.301+0000] {taskinstance.py:1363} INFO - Starting attempt 1 of 1
[2022-11-17T16:38:56.301+0000] {taskinstance.py:1364} INFO - 
--------------------------------------------------------------------------------
[2022-11-17T16:38:56.807+0000] {taskinstance.py:1383} INFO - Executing <Task(BashOperator): end_confirmation_from_nasa> on 2022-10-28 00:00:00+00:00
[2022-11-17T16:38:56.813+0000] {standard_task_runner.py:55} INFO - Started process 4240 to run task
[2022-11-17T16:38:56.816+0000] {standard_task_runner.py:82} INFO - Running: ['***', 'tasks', 'run', 'MyPersonalAirflowProject', 'end_confirmation_from_nasa', 'scheduled__2022-10-28T00:00:00+00:00', '--job-id', '2242', '--raw', '--subdir', 'DAGS_FOLDER/FinalPersonalProject.py', '--cfg-path', '/tmp/tmpciq_bgk8']
[2022-11-17T16:38:56.817+0000] {standard_task_runner.py:83} INFO - Job 2242: Subtask end_confirmation_from_nasa
[2022-11-17T16:38:57.271+0000] {task_command.py:376} INFO - Running <TaskInstance: MyPersonalAirflowProject.end_confirmation_from_nasa scheduled__2022-10-28T00:00:00+00:00 [running]> on host 638485efabe7
[2022-11-17T16:38:58.171+0000] {taskinstance.py:1592} INFO - Exporting the following env vars:
AIRFLOW_CTX_DAG_OWNER=***
AIRFLOW_CTX_DAG_ID=MyPersonalAirflowProject
AIRFLOW_CTX_TASK_ID=end_confirmation_from_nasa
AIRFLOW_CTX_EXECUTION_DATE=2022-10-28T00:00:00+00:00
AIRFLOW_CTX_TRY_NUMBER=1
AIRFLOW_CTX_DAG_RUN_ID=scheduled__2022-10-28T00:00:00+00:00
[2022-11-17T16:38:58.172+0000] {subprocess.py:63} INFO - Tmp dir root location: 
 /tmp
[2022-11-17T16:38:58.263+0000] {subprocess.py:75} INFO - Running command: ['/bin/bash', '-c', 'echo "The Confirmation file was created successfully"']
[2022-11-17T16:38:58.275+0000] {subprocess.py:86} INFO - Output:
[2022-11-17T16:38:58.277+0000] {subprocess.py:93} INFO - The Confirmation file was created successfully
[2022-11-17T16:38:58.277+0000] {subprocess.py:97} INFO - Command exited with return code 0
[2022-11-17T16:38:58.820+0000] {taskinstance.py:1406} INFO - Marking task as SUCCESS. dag_id=MyPersonalAirflowProject, task_id=end_confirmation_from_nasa, execution_date=20221028T000000, start_date=20221117T163856, end_date=20221117T163858
[2022-11-17T16:38:59.486+0000] {local_task_job.py:164} INFO - Task exited with return code 0
[2022-11-17T16:38:59.836+0000] {local_task_job.py:273} INFO - 1 downstream tasks scheduled from follow-on schedule check
[2022-11-17T17:30:12.336+0000] {taskinstance.py:1165} INFO - Dependencies all met for <TaskInstance: MyPersonalAirflowProject.end_confirmation_from_nasa scheduled__2022-10-28T00:00:00+00:00 [queued]>
[2022-11-17T17:30:12.354+0000] {taskinstance.py:1165} INFO - Dependencies all met for <TaskInstance: MyPersonalAirflowProject.end_confirmation_from_nasa scheduled__2022-10-28T00:00:00+00:00 [queued]>
[2022-11-17T17:30:12.355+0000] {taskinstance.py:1362} INFO - 
--------------------------------------------------------------------------------
[2022-11-17T17:30:12.355+0000] {taskinstance.py:1363} INFO - Starting attempt 1 of 1
[2022-11-17T17:30:12.355+0000] {taskinstance.py:1364} INFO - 
--------------------------------------------------------------------------------
[2022-11-17T17:30:12.373+0000] {taskinstance.py:1383} INFO - Executing <Task(BashOperator): end_confirmation_from_nasa> on 2022-10-28 00:00:00+00:00
[2022-11-17T17:30:12.378+0000] {standard_task_runner.py:55} INFO - Started process 7863 to run task
[2022-11-17T17:30:12.381+0000] {standard_task_runner.py:82} INFO - Running: ['***', 'tasks', 'run', 'MyPersonalAirflowProject', 'end_confirmation_from_nasa', 'scheduled__2022-10-28T00:00:00+00:00', '--job-id', '2652', '--raw', '--subdir', 'DAGS_FOLDER/FinalPersonalProject.py', '--cfg-path', '/tmp/tmpqte8pao4']
[2022-11-17T17:30:12.382+0000] {standard_task_runner.py:83} INFO - Job 2652: Subtask end_confirmation_from_nasa
[2022-11-17T17:30:12.448+0000] {task_command.py:376} INFO - Running <TaskInstance: MyPersonalAirflowProject.end_confirmation_from_nasa scheduled__2022-10-28T00:00:00+00:00 [running]> on host 638485efabe7
[2022-11-17T17:30:12.529+0000] {taskinstance.py:1592} INFO - Exporting the following env vars:
AIRFLOW_CTX_DAG_OWNER=***
AIRFLOW_CTX_DAG_ID=MyPersonalAirflowProject
AIRFLOW_CTX_TASK_ID=end_confirmation_from_nasa
AIRFLOW_CTX_EXECUTION_DATE=2022-10-28T00:00:00+00:00
AIRFLOW_CTX_TRY_NUMBER=1
AIRFLOW_CTX_DAG_RUN_ID=scheduled__2022-10-28T00:00:00+00:00
[2022-11-17T17:30:12.530+0000] {subprocess.py:63} INFO - Tmp dir root location: 
 /tmp
[2022-11-17T17:30:12.531+0000] {subprocess.py:75} INFO - Running command: ['/bin/bash', '-c', 'echo "The Confirmation file was created successfully"']
[2022-11-17T17:30:12.542+0000] {subprocess.py:86} INFO - Output:
[2022-11-17T17:30:12.543+0000] {subprocess.py:93} INFO - The Confirmation file was created successfully
[2022-11-17T17:30:12.544+0000] {subprocess.py:97} INFO - Command exited with return code 0
[2022-11-17T17:30:12.572+0000] {taskinstance.py:1406} INFO - Marking task as SUCCESS. dag_id=MyPersonalAirflowProject, task_id=end_confirmation_from_nasa, execution_date=20221028T000000, start_date=20221117T173012, end_date=20221117T173012
[2022-11-17T17:30:12.594+0000] {local_task_job.py:164} INFO - Task exited with return code 0
[2022-11-17T17:30:12.634+0000] {local_task_job.py:273} INFO - 0 downstream tasks scheduled from follow-on schedule check
