[2022-11-15T21:06:31.637+0000] {taskinstance.py:1165} INFO - Dependencies all met for <TaskInstance: 10-branching.start_15_june scheduled__2022-07-01T00:00:00+00:00 [queued]>
[2022-11-15T21:06:31.665+0000] {taskinstance.py:1165} INFO - Dependencies all met for <TaskInstance: 10-branching.start_15_june scheduled__2022-07-01T00:00:00+00:00 [queued]>
[2022-11-15T21:06:31.666+0000] {taskinstance.py:1362} INFO - 
--------------------------------------------------------------------------------
[2022-11-15T21:06:31.668+0000] {taskinstance.py:1363} INFO - Starting attempt 1 of 1
[2022-11-15T21:06:31.669+0000] {taskinstance.py:1364} INFO - 
--------------------------------------------------------------------------------
[2022-11-15T21:06:31.702+0000] {taskinstance.py:1383} INFO - Executing <Task(BashOperator): start_15_june> on 2022-07-01 00:00:00+00:00
[2022-11-15T21:06:31.714+0000] {standard_task_runner.py:55} INFO - Started process 2147 to run task
[2022-11-15T21:06:31.721+0000] {standard_task_runner.py:82} INFO - Running: ['***', 'tasks', 'run', '10-branching', 'start_15_june', 'scheduled__2022-07-01T00:00:00+00:00', '--job-id', '1137', '--raw', '--subdir', 'DAGS_FOLDER/10-branchpythonoperator.py', '--cfg-path', '/tmp/tmpwlqtq6jy']
[2022-11-15T21:06:31.722+0000] {standard_task_runner.py:83} INFO - Job 1137: Subtask start_15_june
[2022-11-15T21:06:31.843+0000] {task_command.py:376} INFO - Running <TaskInstance: 10-branching.start_15_june scheduled__2022-07-01T00:00:00+00:00 [running]> on host 638485efabe7
[2022-11-15T21:06:31.948+0000] {taskinstance.py:1592} INFO - Exporting the following env vars:
AIRFLOW_CTX_DAG_OWNER=***
AIRFLOW_CTX_DAG_ID=10-branching
AIRFLOW_CTX_TASK_ID=start_15_june
AIRFLOW_CTX_EXECUTION_DATE=2022-07-01T00:00:00+00:00
AIRFLOW_CTX_TRY_NUMBER=1
AIRFLOW_CTX_DAG_RUN_ID=scheduled__2022-07-01T00:00:00+00:00
[2022-11-15T21:06:31.983+0000] {subprocess.py:63} INFO - Tmp dir root location: 
 /tmp
[2022-11-15T21:06:31.990+0000] {subprocess.py:75} INFO - Running command: ['/bin/bash', '-c', "echo 'Running 2022-07-01'"]
[2022-11-15T21:06:32.025+0000] {subprocess.py:86} INFO - Output:
[2022-11-15T21:06:32.083+0000] {subprocess.py:93} INFO - Running 2022-07-01
[2022-11-15T21:06:32.087+0000] {subprocess.py:97} INFO - Command exited with return code 0
[2022-11-15T21:06:32.122+0000] {taskinstance.py:1406} INFO - Marking task as SUCCESS. dag_id=10-branching, task_id=start_15_june, execution_date=20220701T000000, start_date=20221115T210631, end_date=20221115T210632
[2022-11-15T21:06:32.174+0000] {local_task_job.py:164} INFO - Task exited with return code 0
[2022-11-15T21:06:32.201+0000] {local_task_job.py:273} INFO - 0 downstream tasks scheduled from follow-on schedule check
[2022-11-15T21:20:58.944+0000] {taskinstance.py:1165} INFO - Dependencies all met for <TaskInstance: 10-branching.start_15_june scheduled__2022-07-01T00:00:00+00:00 [queued]>
[2022-11-15T21:20:58.962+0000] {taskinstance.py:1165} INFO - Dependencies all met for <TaskInstance: 10-branching.start_15_june scheduled__2022-07-01T00:00:00+00:00 [queued]>
[2022-11-15T21:20:58.963+0000] {taskinstance.py:1362} INFO - 
--------------------------------------------------------------------------------
[2022-11-15T21:20:58.963+0000] {taskinstance.py:1363} INFO - Starting attempt 1 of 1
[2022-11-15T21:20:58.964+0000] {taskinstance.py:1364} INFO - 
--------------------------------------------------------------------------------
[2022-11-15T21:20:58.983+0000] {taskinstance.py:1383} INFO - Executing <Task(BashOperator): start_15_june> on 2022-07-01 00:00:00+00:00
[2022-11-15T21:20:58.991+0000] {standard_task_runner.py:55} INFO - Started process 2615 to run task
[2022-11-15T21:20:58.995+0000] {standard_task_runner.py:82} INFO - Running: ['***', 'tasks', 'run', '10-branching', 'start_15_june', 'scheduled__2022-07-01T00:00:00+00:00', '--job-id', '1206', '--raw', '--subdir', 'DAGS_FOLDER/10-branchpythonoperator.py', '--cfg-path', '/tmp/tmpj1ut7is6']
[2022-11-15T21:20:58.997+0000] {standard_task_runner.py:83} INFO - Job 1206: Subtask start_15_june
[2022-11-15T21:20:59.074+0000] {task_command.py:376} INFO - Running <TaskInstance: 10-branching.start_15_june scheduled__2022-07-01T00:00:00+00:00 [running]> on host 638485efabe7
[2022-11-15T21:20:59.158+0000] {taskinstance.py:1592} INFO - Exporting the following env vars:
AIRFLOW_CTX_DAG_OWNER=***
AIRFLOW_CTX_DAG_ID=10-branching
AIRFLOW_CTX_TASK_ID=start_15_june
AIRFLOW_CTX_EXECUTION_DATE=2022-07-01T00:00:00+00:00
AIRFLOW_CTX_TRY_NUMBER=1
AIRFLOW_CTX_DAG_RUN_ID=scheduled__2022-07-01T00:00:00+00:00
[2022-11-15T21:20:59.160+0000] {subprocess.py:63} INFO - Tmp dir root location: 
 /tmp
[2022-11-15T21:20:59.161+0000] {subprocess.py:75} INFO - Running command: ['/bin/bash', '-c', "echo 'Running 2022-07-01'"]
[2022-11-15T21:20:59.174+0000] {subprocess.py:86} INFO - Output:
[2022-11-15T21:20:59.176+0000] {subprocess.py:93} INFO - Running 2022-07-01
[2022-11-15T21:20:59.176+0000] {subprocess.py:97} INFO - Command exited with return code 0
[2022-11-15T21:20:59.205+0000] {taskinstance.py:1406} INFO - Marking task as SUCCESS. dag_id=10-branching, task_id=start_15_june, execution_date=20220701T000000, start_date=20221115T212058, end_date=20221115T212059
[2022-11-15T21:20:59.250+0000] {local_task_job.py:164} INFO - Task exited with return code 0
[2022-11-15T21:20:59.273+0000] {local_task_job.py:273} INFO - 0 downstream tasks scheduled from follow-on schedule check
