[2022-11-17T16:25:30.992+0000] {taskinstance.py:1165} INFO - Dependencies all met for <TaskInstance: MyPersonalAirflowProject.Marketing_team_Notification scheduled__2022-10-03T00:00:00+00:00 [queued]>
[2022-11-17T16:25:31.007+0000] {taskinstance.py:1165} INFO - Dependencies all met for <TaskInstance: MyPersonalAirflowProject.Marketing_team_Notification scheduled__2022-10-03T00:00:00+00:00 [queued]>
[2022-11-17T16:25:31.008+0000] {taskinstance.py:1362} INFO - 
--------------------------------------------------------------------------------
[2022-11-17T16:25:31.009+0000] {taskinstance.py:1363} INFO - Starting attempt 1 of 1
[2022-11-17T16:25:31.009+0000] {taskinstance.py:1364} INFO - 
--------------------------------------------------------------------------------
[2022-11-17T16:25:31.027+0000] {taskinstance.py:1383} INFO - Executing <Task(BashOperator): Marketing_team_Notification> on 2022-10-03 00:00:00+00:00
[2022-11-17T16:25:31.034+0000] {standard_task_runner.py:55} INFO - Started process 3022 to run task
[2022-11-17T16:25:31.037+0000] {standard_task_runner.py:82} INFO - Running: ['***', 'tasks', 'run', 'MyPersonalAirflowProject', 'Marketing_team_Notification', 'scheduled__2022-10-03T00:00:00+00:00', '--job-id', '2046', '--raw', '--subdir', 'DAGS_FOLDER/FinalPersonalProject.py', '--cfg-path', '/tmp/tmp9dynql8k']
[2022-11-17T16:25:31.038+0000] {standard_task_runner.py:83} INFO - Job 2046: Subtask Marketing_team_Notification
[2022-11-17T16:25:31.106+0000] {task_command.py:376} INFO - Running <TaskInstance: MyPersonalAirflowProject.Marketing_team_Notification scheduled__2022-10-03T00:00:00+00:00 [running]> on host 638485efabe7
[2022-11-17T16:25:31.186+0000] {taskinstance.py:1592} INFO - Exporting the following env vars:
AIRFLOW_CTX_DAG_OWNER=***
AIRFLOW_CTX_DAG_ID=MyPersonalAirflowProject
AIRFLOW_CTX_TASK_ID=Marketing_team_Notification
AIRFLOW_CTX_EXECUTION_DATE=2022-10-03T00:00:00+00:00
AIRFLOW_CTX_TRY_NUMBER=1
AIRFLOW_CTX_DAG_RUN_ID=scheduled__2022-10-03T00:00:00+00:00
[2022-11-17T16:25:31.188+0000] {subprocess.py:63} INFO - Tmp dir root location: 
 /tmp
[2022-11-17T16:25:31.189+0000] {subprocess.py:75} INFO - Running command: ['/bin/bash', '-c', 'echo "Hi Marketing team, Space X data for 2022-10-03 are now available!.. Please check them out!"']
[2022-11-17T16:25:31.201+0000] {subprocess.py:86} INFO - Output:
[2022-11-17T16:25:31.202+0000] {subprocess.py:93} INFO - Hi Marketing team, Space X data for 2022-10-03 are now available!.. Please check them out!
[2022-11-17T16:25:31.203+0000] {subprocess.py:97} INFO - Command exited with return code 0
[2022-11-17T16:25:31.233+0000] {taskinstance.py:1406} INFO - Marking task as SUCCESS. dag_id=MyPersonalAirflowProject, task_id=Marketing_team_Notification, execution_date=20221003T000000, start_date=20221117T162530, end_date=20221117T162531
[2022-11-17T16:25:31.290+0000] {local_task_job.py:164} INFO - Task exited with return code 0
[2022-11-17T16:25:31.312+0000] {local_task_job.py:273} INFO - 0 downstream tasks scheduled from follow-on schedule check
[2022-11-17T17:17:36.479+0000] {taskinstance.py:1165} INFO - Dependencies all met for <TaskInstance: MyPersonalAirflowProject.Marketing_team_Notification scheduled__2022-10-03T00:00:00+00:00 [queued]>
[2022-11-17T17:17:36.495+0000] {taskinstance.py:1165} INFO - Dependencies all met for <TaskInstance: MyPersonalAirflowProject.Marketing_team_Notification scheduled__2022-10-03T00:00:00+00:00 [queued]>
[2022-11-17T17:17:36.496+0000] {taskinstance.py:1362} INFO - 
--------------------------------------------------------------------------------
[2022-11-17T17:17:36.496+0000] {taskinstance.py:1363} INFO - Starting attempt 1 of 1
[2022-11-17T17:17:36.497+0000] {taskinstance.py:1364} INFO - 
--------------------------------------------------------------------------------
[2022-11-17T17:17:36.516+0000] {taskinstance.py:1383} INFO - Executing <Task(BashOperator): Marketing_team_Notification> on 2022-10-03 00:00:00+00:00
[2022-11-17T17:17:36.522+0000] {standard_task_runner.py:55} INFO - Started process 6664 to run task
[2022-11-17T17:17:36.525+0000] {standard_task_runner.py:82} INFO - Running: ['***', 'tasks', 'run', 'MyPersonalAirflowProject', 'Marketing_team_Notification', 'scheduled__2022-10-03T00:00:00+00:00', '--job-id', '2456', '--raw', '--subdir', 'DAGS_FOLDER/FinalPersonalProject.py', '--cfg-path', '/tmp/tmpeyez3w3d']
[2022-11-17T17:17:36.527+0000] {standard_task_runner.py:83} INFO - Job 2456: Subtask Marketing_team_Notification
[2022-11-17T17:17:36.601+0000] {task_command.py:376} INFO - Running <TaskInstance: MyPersonalAirflowProject.Marketing_team_Notification scheduled__2022-10-03T00:00:00+00:00 [running]> on host 638485efabe7
[2022-11-17T17:17:36.682+0000] {taskinstance.py:1592} INFO - Exporting the following env vars:
AIRFLOW_CTX_DAG_OWNER=***
AIRFLOW_CTX_DAG_ID=MyPersonalAirflowProject
AIRFLOW_CTX_TASK_ID=Marketing_team_Notification
AIRFLOW_CTX_EXECUTION_DATE=2022-10-03T00:00:00+00:00
AIRFLOW_CTX_TRY_NUMBER=1
AIRFLOW_CTX_DAG_RUN_ID=scheduled__2022-10-03T00:00:00+00:00
[2022-11-17T17:17:36.685+0000] {subprocess.py:63} INFO - Tmp dir root location: 
 /tmp
[2022-11-17T17:17:36.686+0000] {subprocess.py:75} INFO - Running command: ['/bin/bash', '-c', 'echo "Hi Marketing team, Space X data for 2022-10-03 are now available!.. Please check them out!"']
[2022-11-17T17:17:36.698+0000] {subprocess.py:86} INFO - Output:
[2022-11-17T17:17:36.699+0000] {subprocess.py:93} INFO - Hi Marketing team, Space X data for 2022-10-03 are now available!.. Please check them out!
[2022-11-17T17:17:36.700+0000] {subprocess.py:97} INFO - Command exited with return code 0
[2022-11-17T17:17:36.729+0000] {taskinstance.py:1406} INFO - Marking task as SUCCESS. dag_id=MyPersonalAirflowProject, task_id=Marketing_team_Notification, execution_date=20221003T000000, start_date=20221117T171736, end_date=20221117T171736
[2022-11-17T17:17:36.779+0000] {local_task_job.py:164} INFO - Task exited with return code 0
[2022-11-17T17:17:36.801+0000] {local_task_job.py:273} INFO - 0 downstream tasks scheduled from follow-on schedule check
