[2022-11-17T16:06:49.493+0000] {taskinstance.py:1165} INFO - Dependencies all met for <TaskInstance: MyPersonalAirflowProject.copy_data_to_local scheduled__2022-11-13T00:00:00+00:00 [queued]>
[2022-11-17T16:06:49.508+0000] {taskinstance.py:1165} INFO - Dependencies all met for <TaskInstance: MyPersonalAirflowProject.copy_data_to_local scheduled__2022-11-13T00:00:00+00:00 [queued]>
[2022-11-17T16:06:49.508+0000] {taskinstance.py:1362} INFO - 
--------------------------------------------------------------------------------
[2022-11-17T16:06:49.612+0000] {taskinstance.py:1363} INFO - Starting attempt 1 of 1
[2022-11-17T16:06:49.613+0000] {taskinstance.py:1364} INFO - 
--------------------------------------------------------------------------------
[2022-11-17T16:06:49.881+0000] {taskinstance.py:1383} INFO - Executing <Task(PythonOperator): copy_data_to_local> on 2022-11-13 00:00:00+00:00
[2022-11-17T16:06:49.890+0000] {standard_task_runner.py:55} INFO - Started process 2013 to run task
[2022-11-17T16:06:49.893+0000] {standard_task_runner.py:82} INFO - Running: ['***', 'tasks', 'run', 'MyPersonalAirflowProject', 'copy_data_to_local', 'scheduled__2022-11-13T00:00:00+00:00', '--job-id', '2004', '--raw', '--subdir', 'DAGS_FOLDER/FinalPersonalProject.py', '--cfg-path', '/tmp/tmpok62ublr']
[2022-11-17T16:06:49.894+0000] {standard_task_runner.py:83} INFO - Job 2004: Subtask copy_data_to_local
[2022-11-17T16:06:50.029+0000] {task_command.py:376} INFO - Running <TaskInstance: MyPersonalAirflowProject.copy_data_to_local scheduled__2022-11-13T00:00:00+00:00 [running]> on host 638485efabe7
[2022-11-17T16:06:50.215+0000] {taskinstance.py:1592} INFO - Exporting the following env vars:
AIRFLOW_CTX_DAG_OWNER=***
AIRFLOW_CTX_DAG_ID=MyPersonalAirflowProject
AIRFLOW_CTX_TASK_ID=copy_data_to_local
AIRFLOW_CTX_EXECUTION_DATE=2022-11-13T00:00:00+00:00
AIRFLOW_CTX_TRY_NUMBER=1
AIRFLOW_CTX_DAG_RUN_ID=scheduled__2022-11-13T00:00:00+00:00
[2022-11-17T16:06:50.503+0000] {python.py:177} INFO - Done. Returned value was: None
[2022-11-17T16:06:50.519+0000] {taskinstance.py:1406} INFO - Marking task as SUCCESS. dag_id=MyPersonalAirflowProject, task_id=copy_data_to_local, execution_date=20221113T000000, start_date=20221117T160649, end_date=20221117T160650
[2022-11-17T16:06:50.549+0000] {local_task_job.py:164} INFO - Task exited with return code 0
[2022-11-17T16:06:50.654+0000] {local_task_job.py:273} INFO - 1 downstream tasks scheduled from follow-on schedule check
[2022-11-17T16:48:16.453+0000] {taskinstance.py:1165} INFO - Dependencies all met for <TaskInstance: MyPersonalAirflowProject.copy_data_to_local scheduled__2022-11-13T00:00:00+00:00 [queued]>
[2022-11-17T16:48:16.630+0000] {taskinstance.py:1165} INFO - Dependencies all met for <TaskInstance: MyPersonalAirflowProject.copy_data_to_local scheduled__2022-11-13T00:00:00+00:00 [queued]>
[2022-11-17T16:48:16.631+0000] {taskinstance.py:1362} INFO - 
--------------------------------------------------------------------------------
[2022-11-17T16:48:16.632+0000] {taskinstance.py:1363} INFO - Starting attempt 1 of 1
[2022-11-17T16:48:16.632+0000] {taskinstance.py:1364} INFO - 
--------------------------------------------------------------------------------
[2022-11-17T16:48:17.158+0000] {taskinstance.py:1383} INFO - Executing <Task(PythonOperator): copy_data_to_local> on 2022-11-13 00:00:00+00:00
[2022-11-17T16:48:17.164+0000] {standard_task_runner.py:55} INFO - Started process 5056 to run task
[2022-11-17T16:48:17.167+0000] {standard_task_runner.py:82} INFO - Running: ['***', 'tasks', 'run', 'MyPersonalAirflowProject', 'copy_data_to_local', 'scheduled__2022-11-13T00:00:00+00:00', '--job-id', '2372', '--raw', '--subdir', 'DAGS_FOLDER/FinalPersonalProject.py', '--cfg-path', '/tmp/tmpq0ph24yh']
[2022-11-17T16:48:17.168+0000] {standard_task_runner.py:83} INFO - Job 2372: Subtask copy_data_to_local
[2022-11-17T16:48:18.390+0000] {task_command.py:376} INFO - Running <TaskInstance: MyPersonalAirflowProject.copy_data_to_local scheduled__2022-11-13T00:00:00+00:00 [running]> on host 638485efabe7
[2022-11-17T16:48:20.640+0000] {taskinstance.py:1592} INFO - Exporting the following env vars:
AIRFLOW_CTX_DAG_OWNER=***
AIRFLOW_CTX_DAG_ID=MyPersonalAirflowProject
AIRFLOW_CTX_TASK_ID=copy_data_to_local
AIRFLOW_CTX_EXECUTION_DATE=2022-11-13T00:00:00+00:00
AIRFLOW_CTX_TRY_NUMBER=1
AIRFLOW_CTX_DAG_RUN_ID=scheduled__2022-11-13T00:00:00+00:00
[2022-11-17T16:48:24.473+0000] {python.py:177} INFO - Done. Returned value was: None
[2022-11-17T16:48:24.485+0000] {taskinstance.py:1406} INFO - Marking task as SUCCESS. dag_id=MyPersonalAirflowProject, task_id=copy_data_to_local, execution_date=20221113T000000, start_date=20221117T164816, end_date=20221117T164824
[2022-11-17T16:48:24.602+0000] {local_task_job.py:164} INFO - Task exited with return code 0
[2022-11-17T16:48:24.639+0000] {local_task_job.py:273} INFO - 1 downstream tasks scheduled from follow-on schedule check
[2022-11-17T17:38:18.328+0000] {taskinstance.py:1165} INFO - Dependencies all met for <TaskInstance: MyPersonalAirflowProject.copy_data_to_local scheduled__2022-11-13T00:00:00+00:00 [queued]>
[2022-11-17T17:38:18.341+0000] {taskinstance.py:1165} INFO - Dependencies all met for <TaskInstance: MyPersonalAirflowProject.copy_data_to_local scheduled__2022-11-13T00:00:00+00:00 [queued]>
[2022-11-17T17:38:18.342+0000] {taskinstance.py:1362} INFO - 
--------------------------------------------------------------------------------
[2022-11-17T17:38:18.342+0000] {taskinstance.py:1363} INFO - Starting attempt 1 of 1
[2022-11-17T17:38:18.342+0000] {taskinstance.py:1364} INFO - 
--------------------------------------------------------------------------------
[2022-11-17T17:38:18.359+0000] {taskinstance.py:1383} INFO - Executing <Task(PythonOperator): copy_data_to_local> on 2022-11-13 00:00:00+00:00
[2022-11-17T17:38:18.365+0000] {standard_task_runner.py:55} INFO - Started process 8649 to run task
[2022-11-17T17:38:18.367+0000] {standard_task_runner.py:82} INFO - Running: ['***', 'tasks', 'run', 'MyPersonalAirflowProject', 'copy_data_to_local', 'scheduled__2022-11-13T00:00:00+00:00', '--job-id', '2782', '--raw', '--subdir', 'DAGS_FOLDER/FinalPersonalProject.py', '--cfg-path', '/tmp/tmpcip3_tpt']
[2022-11-17T17:38:18.368+0000] {standard_task_runner.py:83} INFO - Job 2782: Subtask copy_data_to_local
[2022-11-17T17:38:18.434+0000] {task_command.py:376} INFO - Running <TaskInstance: MyPersonalAirflowProject.copy_data_to_local scheduled__2022-11-13T00:00:00+00:00 [running]> on host 638485efabe7
[2022-11-17T17:38:18.509+0000] {taskinstance.py:1592} INFO - Exporting the following env vars:
AIRFLOW_CTX_DAG_OWNER=***
AIRFLOW_CTX_DAG_ID=MyPersonalAirflowProject
AIRFLOW_CTX_TASK_ID=copy_data_to_local
AIRFLOW_CTX_EXECUTION_DATE=2022-11-13T00:00:00+00:00
AIRFLOW_CTX_TRY_NUMBER=1
AIRFLOW_CTX_DAG_RUN_ID=scheduled__2022-11-13T00:00:00+00:00
[2022-11-17T17:38:18.722+0000] {python.py:177} INFO - Done. Returned value was: None
[2022-11-17T17:38:18.732+0000] {taskinstance.py:1406} INFO - Marking task as SUCCESS. dag_id=MyPersonalAirflowProject, task_id=copy_data_to_local, execution_date=20221113T000000, start_date=20221117T173818, end_date=20221117T173818
[2022-11-17T17:38:18.781+0000] {local_task_job.py:164} INFO - Task exited with return code 0
[2022-11-17T17:38:18.814+0000] {local_task_job.py:273} INFO - 1 downstream tasks scheduled from follow-on schedule check
