[2022-11-16T22:13:53.649+0000] {taskinstance.py:1165} INFO - Dependencies all met for <TaskInstance: MyPersonalAirflowProject.waiting_nasa_confirmation scheduled__2022-10-07T00:00:00+00:00 [queued]>
[2022-11-16T22:13:53.662+0000] {taskinstance.py:1165} INFO - Dependencies all met for <TaskInstance: MyPersonalAirflowProject.waiting_nasa_confirmation scheduled__2022-10-07T00:00:00+00:00 [queued]>
[2022-11-16T22:13:53.662+0000] {taskinstance.py:1362} INFO - 
--------------------------------------------------------------------------------
[2022-11-16T22:13:53.663+0000] {taskinstance.py:1363} INFO - Starting attempt 1 of 1
[2022-11-16T22:13:53.664+0000] {taskinstance.py:1364} INFO - 
--------------------------------------------------------------------------------
[2022-11-16T22:13:53.683+0000] {taskinstance.py:1383} INFO - Executing <Task(FileSensor): waiting_nasa_confirmation> on 2022-10-07 00:00:00+00:00
[2022-11-16T22:13:53.689+0000] {standard_task_runner.py:55} INFO - Started process 4968 to run task
[2022-11-16T22:13:53.692+0000] {standard_task_runner.py:82} INFO - Running: ['***', 'tasks', 'run', 'MyPersonalAirflowProject', 'waiting_nasa_confirmation', 'scheduled__2022-10-07T00:00:00+00:00', '--job-id', '1477', '--raw', '--subdir', 'DAGS_FOLDER/FinalPersonalProject.py', '--cfg-path', '/tmp/tmpgm3s4fim']
[2022-11-16T22:13:53.693+0000] {standard_task_runner.py:83} INFO - Job 1477: Subtask waiting_nasa_confirmation
[2022-11-16T22:13:53.763+0000] {task_command.py:376} INFO - Running <TaskInstance: MyPersonalAirflowProject.waiting_nasa_confirmation scheduled__2022-10-07T00:00:00+00:00 [running]> on host 638485efabe7
[2022-11-16T22:13:53.844+0000] {taskinstance.py:1592} INFO - Exporting the following env vars:
AIRFLOW_CTX_DAG_OWNER=***
AIRFLOW_CTX_DAG_ID=MyPersonalAirflowProject
AIRFLOW_CTX_TASK_ID=waiting_nasa_confirmation
AIRFLOW_CTX_EXECUTION_DATE=2022-10-07T00:00:00+00:00
AIRFLOW_CTX_TRY_NUMBER=1
AIRFLOW_CTX_DAG_RUN_ID=scheduled__2022-10-07T00:00:00+00:00
[2022-11-16T22:13:53.855+0000] {base.py:71} INFO - Using connection ID 'fs_default' for task execution.
[2022-11-16T22:13:53.855+0000] {filesystem.py:58} INFO - Poking for file /tmp/reponse_20221007.txt
[2022-11-16T22:13:53.856+0000] {filesystem.py:63} INFO - Found File /tmp/reponse_20221007.txt last modified: 20221116221352
[2022-11-16T22:13:53.856+0000] {base.py:213} INFO - Success criteria met. Exiting.
[2022-11-16T22:13:53.869+0000] {taskinstance.py:1406} INFO - Marking task as SUCCESS. dag_id=MyPersonalAirflowProject, task_id=waiting_nasa_confirmation, execution_date=20221007T000000, start_date=20221116T221353, end_date=20221116T221353
[2022-11-16T22:13:53.936+0000] {local_task_job.py:164} INFO - Task exited with return code 0
[2022-11-16T22:13:53.983+0000] {local_task_job.py:273} INFO - 1 downstream tasks scheduled from follow-on schedule check
[2022-11-17T16:27:27.251+0000] {taskinstance.py:1165} INFO - Dependencies all met for <TaskInstance: MyPersonalAirflowProject.waiting_nasa_confirmation scheduled__2022-10-07T00:00:00+00:00 [queued]>
[2022-11-17T16:27:27.265+0000] {taskinstance.py:1165} INFO - Dependencies all met for <TaskInstance: MyPersonalAirflowProject.waiting_nasa_confirmation scheduled__2022-10-07T00:00:00+00:00 [queued]>
[2022-11-17T16:27:27.265+0000] {taskinstance.py:1362} INFO - 
--------------------------------------------------------------------------------
[2022-11-17T16:27:27.266+0000] {taskinstance.py:1363} INFO - Starting attempt 1 of 1
[2022-11-17T16:27:27.266+0000] {taskinstance.py:1364} INFO - 
--------------------------------------------------------------------------------
[2022-11-17T16:27:27.284+0000] {taskinstance.py:1383} INFO - Executing <Task(FileSensor): waiting_nasa_confirmation> on 2022-10-07 00:00:00+00:00
[2022-11-17T16:27:27.289+0000] {standard_task_runner.py:55} INFO - Started process 3195 to run task
[2022-11-17T16:27:27.292+0000] {standard_task_runner.py:82} INFO - Running: ['***', 'tasks', 'run', 'MyPersonalAirflowProject', 'waiting_nasa_confirmation', 'scheduled__2022-10-07T00:00:00+00:00', '--job-id', '2073', '--raw', '--subdir', 'DAGS_FOLDER/FinalPersonalProject.py', '--cfg-path', '/tmp/tmp7ujqsk3a']
[2022-11-17T16:27:27.294+0000] {standard_task_runner.py:83} INFO - Job 2073: Subtask waiting_nasa_confirmation
[2022-11-17T16:27:27.359+0000] {task_command.py:376} INFO - Running <TaskInstance: MyPersonalAirflowProject.waiting_nasa_confirmation scheduled__2022-10-07T00:00:00+00:00 [running]> on host 638485efabe7
[2022-11-17T16:27:27.441+0000] {taskinstance.py:1592} INFO - Exporting the following env vars:
AIRFLOW_CTX_DAG_OWNER=***
AIRFLOW_CTX_DAG_ID=MyPersonalAirflowProject
AIRFLOW_CTX_TASK_ID=waiting_nasa_confirmation
AIRFLOW_CTX_EXECUTION_DATE=2022-10-07T00:00:00+00:00
AIRFLOW_CTX_TRY_NUMBER=1
AIRFLOW_CTX_DAG_RUN_ID=scheduled__2022-10-07T00:00:00+00:00
[2022-11-17T16:27:27.451+0000] {base.py:71} INFO - Using connection ID 'fs_default' for task execution.
[2022-11-17T16:27:27.452+0000] {filesystem.py:58} INFO - Poking for file /tmp/reponse_20221007.txt
[2022-11-17T16:27:27.453+0000] {filesystem.py:63} INFO - Found File /tmp/reponse_20221007.txt last modified: 20221117162726
[2022-11-17T16:27:27.453+0000] {base.py:213} INFO - Success criteria met. Exiting.
[2022-11-17T16:27:27.463+0000] {taskinstance.py:1406} INFO - Marking task as SUCCESS. dag_id=MyPersonalAirflowProject, task_id=waiting_nasa_confirmation, execution_date=20221007T000000, start_date=20221117T162727, end_date=20221117T162727
[2022-11-17T16:27:27.505+0000] {local_task_job.py:164} INFO - Task exited with return code 0
[2022-11-17T16:27:27.550+0000] {local_task_job.py:273} INFO - 1 downstream tasks scheduled from follow-on schedule check
[2022-11-17T17:19:33.861+0000] {taskinstance.py:1165} INFO - Dependencies all met for <TaskInstance: MyPersonalAirflowProject.waiting_nasa_confirmation scheduled__2022-10-07T00:00:00+00:00 [queued]>
[2022-11-17T17:19:33.875+0000] {taskinstance.py:1165} INFO - Dependencies all met for <TaskInstance: MyPersonalAirflowProject.waiting_nasa_confirmation scheduled__2022-10-07T00:00:00+00:00 [queued]>
[2022-11-17T17:19:33.876+0000] {taskinstance.py:1362} INFO - 
--------------------------------------------------------------------------------
[2022-11-17T17:19:33.877+0000] {taskinstance.py:1363} INFO - Starting attempt 1 of 1
[2022-11-17T17:19:33.877+0000] {taskinstance.py:1364} INFO - 
--------------------------------------------------------------------------------
[2022-11-17T17:19:33.901+0000] {taskinstance.py:1383} INFO - Executing <Task(FileSensor): waiting_nasa_confirmation> on 2022-10-07 00:00:00+00:00
[2022-11-17T17:19:33.908+0000] {standard_task_runner.py:55} INFO - Started process 6828 to run task
[2022-11-17T17:19:33.911+0000] {standard_task_runner.py:82} INFO - Running: ['***', 'tasks', 'run', 'MyPersonalAirflowProject', 'waiting_nasa_confirmation', 'scheduled__2022-10-07T00:00:00+00:00', '--job-id', '2483', '--raw', '--subdir', 'DAGS_FOLDER/FinalPersonalProject.py', '--cfg-path', '/tmp/tmp4tao_x7b']
[2022-11-17T17:19:33.912+0000] {standard_task_runner.py:83} INFO - Job 2483: Subtask waiting_nasa_confirmation
[2022-11-17T17:19:33.992+0000] {task_command.py:376} INFO - Running <TaskInstance: MyPersonalAirflowProject.waiting_nasa_confirmation scheduled__2022-10-07T00:00:00+00:00 [running]> on host 638485efabe7
[2022-11-17T17:19:34.079+0000] {taskinstance.py:1592} INFO - Exporting the following env vars:
AIRFLOW_CTX_DAG_OWNER=***
AIRFLOW_CTX_DAG_ID=MyPersonalAirflowProject
AIRFLOW_CTX_TASK_ID=waiting_nasa_confirmation
AIRFLOW_CTX_EXECUTION_DATE=2022-10-07T00:00:00+00:00
AIRFLOW_CTX_TRY_NUMBER=1
AIRFLOW_CTX_DAG_RUN_ID=scheduled__2022-10-07T00:00:00+00:00
[2022-11-17T17:19:34.090+0000] {base.py:71} INFO - Using connection ID 'fs_default' for task execution.
[2022-11-17T17:19:34.090+0000] {filesystem.py:58} INFO - Poking for file /tmp/reponse_20221007.txt
[2022-11-17T17:19:34.091+0000] {filesystem.py:63} INFO - Found File /tmp/reponse_20221007.txt last modified: 20221117171932
[2022-11-17T17:19:34.091+0000] {base.py:213} INFO - Success criteria met. Exiting.
[2022-11-17T17:19:34.104+0000] {taskinstance.py:1406} INFO - Marking task as SUCCESS. dag_id=MyPersonalAirflowProject, task_id=waiting_nasa_confirmation, execution_date=20221007T000000, start_date=20221117T171933, end_date=20221117T171934
[2022-11-17T17:19:34.165+0000] {local_task_job.py:164} INFO - Task exited with return code 0
[2022-11-17T17:19:34.212+0000] {local_task_job.py:273} INFO - 1 downstream tasks scheduled from follow-on schedule check
