[2022-11-17T16:03:46.074+0000] {taskinstance.py:1165} INFO - Dependencies all met for <TaskInstance: MyPersonalAirflowProject.waiting_nasa_confirmation scheduled__2022-11-07T00:00:00+00:00 [queued]>
[2022-11-17T16:03:46.092+0000] {taskinstance.py:1165} INFO - Dependencies all met for <TaskInstance: MyPersonalAirflowProject.waiting_nasa_confirmation scheduled__2022-11-07T00:00:00+00:00 [queued]>
[2022-11-17T16:03:46.093+0000] {taskinstance.py:1362} INFO - 
--------------------------------------------------------------------------------
[2022-11-17T16:03:46.094+0000] {taskinstance.py:1363} INFO - Starting attempt 3 of 3
[2022-11-17T16:03:46.094+0000] {taskinstance.py:1364} INFO - 
--------------------------------------------------------------------------------
[2022-11-17T16:03:46.116+0000] {taskinstance.py:1383} INFO - Executing <Task(FileSensor): waiting_nasa_confirmation> on 2022-11-07 00:00:00+00:00
[2022-11-17T16:03:46.123+0000] {standard_task_runner.py:55} INFO - Started process 1739 to run task
[2022-11-17T16:03:46.126+0000] {standard_task_runner.py:82} INFO - Running: ['***', 'tasks', 'run', 'MyPersonalAirflowProject', 'waiting_nasa_confirmation', 'scheduled__2022-11-07T00:00:00+00:00', '--job-id', '1965', '--raw', '--subdir', 'DAGS_FOLDER/FinalPersonalProject.py', '--cfg-path', '/tmp/tmp43w5w6cd']
[2022-11-17T16:03:46.127+0000] {standard_task_runner.py:83} INFO - Job 1965: Subtask waiting_nasa_confirmation
[2022-11-17T16:03:46.200+0000] {task_command.py:376} INFO - Running <TaskInstance: MyPersonalAirflowProject.waiting_nasa_confirmation scheduled__2022-11-07T00:00:00+00:00 [running]> on host 638485efabe7
[2022-11-17T16:03:46.332+0000] {taskinstance.py:1592} INFO - Exporting the following env vars:
AIRFLOW_CTX_DAG_OWNER=***
AIRFLOW_CTX_DAG_ID=MyPersonalAirflowProject
AIRFLOW_CTX_TASK_ID=waiting_nasa_confirmation
AIRFLOW_CTX_EXECUTION_DATE=2022-11-07T00:00:00+00:00
AIRFLOW_CTX_TRY_NUMBER=3
AIRFLOW_CTX_DAG_RUN_ID=scheduled__2022-11-07T00:00:00+00:00
[2022-11-17T16:03:46.349+0000] {base.py:71} INFO - Using connection ID 'fs_default' for task execution.
[2022-11-17T16:03:46.350+0000] {filesystem.py:58} INFO - Poking for file /tmp/reponse_20221107.txt
[2022-11-17T16:03:46.351+0000] {filesystem.py:63} INFO - Found File /tmp/reponse_20221107.txt last modified: 20221117160345
[2022-11-17T16:03:46.352+0000] {base.py:213} INFO - Success criteria met. Exiting.
[2022-11-17T16:03:46.366+0000] {taskinstance.py:1406} INFO - Marking task as SUCCESS. dag_id=MyPersonalAirflowProject, task_id=waiting_nasa_confirmation, execution_date=20221107T000000, start_date=20221117T160346, end_date=20221117T160346
[2022-11-17T16:03:46.420+0000] {local_task_job.py:164} INFO - Task exited with return code 0
[2022-11-17T16:03:46.470+0000] {local_task_job.py:273} INFO - 0 downstream tasks scheduled from follow-on schedule check
