[2022-11-17T16:43:40.091+0000] {taskinstance.py:1165} INFO - Dependencies all met for <TaskInstance: MyPersonalAirflowProject.end_confirmation_from_nasa scheduled__2022-11-06T00:00:00+00:00 [queued]>
[2022-11-17T16:43:40.108+0000] {taskinstance.py:1165} INFO - Dependencies all met for <TaskInstance: MyPersonalAirflowProject.end_confirmation_from_nasa scheduled__2022-11-06T00:00:00+00:00 [queued]>
[2022-11-17T16:43:40.109+0000] {taskinstance.py:1362} INFO - 
--------------------------------------------------------------------------------
[2022-11-17T16:43:40.138+0000] {taskinstance.py:1363} INFO - Starting attempt 1 of 1
[2022-11-17T16:43:40.139+0000] {taskinstance.py:1364} INFO - 
--------------------------------------------------------------------------------
[2022-11-17T16:43:40.157+0000] {taskinstance.py:1383} INFO - Executing <Task(BashOperator): end_confirmation_from_nasa> on 2022-11-06 00:00:00+00:00
[2022-11-17T16:43:40.162+0000] {standard_task_runner.py:55} INFO - Started process 4684 to run task
[2022-11-17T16:43:40.165+0000] {standard_task_runner.py:82} INFO - Running: ['***', 'tasks', 'run', 'MyPersonalAirflowProject', 'end_confirmation_from_nasa', 'scheduled__2022-11-06T00:00:00+00:00', '--job-id', '2314', '--raw', '--subdir', 'DAGS_FOLDER/FinalPersonalProject.py', '--cfg-path', '/tmp/tmp7uz9um1d']
[2022-11-17T16:43:40.166+0000] {standard_task_runner.py:83} INFO - Job 2314: Subtask end_confirmation_from_nasa
[2022-11-17T16:43:40.378+0000] {task_command.py:376} INFO - Running <TaskInstance: MyPersonalAirflowProject.end_confirmation_from_nasa scheduled__2022-11-06T00:00:00+00:00 [running]> on host 638485efabe7
[2022-11-17T16:43:40.522+0000] {taskinstance.py:1592} INFO - Exporting the following env vars:
AIRFLOW_CTX_DAG_OWNER=***
AIRFLOW_CTX_DAG_ID=MyPersonalAirflowProject
AIRFLOW_CTX_TASK_ID=end_confirmation_from_nasa
AIRFLOW_CTX_EXECUTION_DATE=2022-11-06T00:00:00+00:00
AIRFLOW_CTX_TRY_NUMBER=1
AIRFLOW_CTX_DAG_RUN_ID=scheduled__2022-11-06T00:00:00+00:00
[2022-11-17T16:43:40.524+0000] {subprocess.py:63} INFO - Tmp dir root location: 
 /tmp
[2022-11-17T16:43:40.525+0000] {subprocess.py:75} INFO - Running command: ['/bin/bash', '-c', 'echo "The Confirmation file was created successfully"']
[2022-11-17T16:43:40.536+0000] {subprocess.py:86} INFO - Output:
[2022-11-17T16:43:40.537+0000] {subprocess.py:93} INFO - The Confirmation file was created successfully
[2022-11-17T16:43:40.538+0000] {subprocess.py:97} INFO - Command exited with return code 0
[2022-11-17T16:43:40.707+0000] {taskinstance.py:1406} INFO - Marking task as SUCCESS. dag_id=MyPersonalAirflowProject, task_id=end_confirmation_from_nasa, execution_date=20221106T000000, start_date=20221117T164340, end_date=20221117T164340
[2022-11-17T16:43:40.901+0000] {local_task_job.py:164} INFO - Task exited with return code 0
[2022-11-17T16:43:41.152+0000] {local_task_job.py:273} INFO - 1 downstream tasks scheduled from follow-on schedule check
[2022-11-17T17:34:43.646+0000] {taskinstance.py:1165} INFO - Dependencies all met for <TaskInstance: MyPersonalAirflowProject.end_confirmation_from_nasa scheduled__2022-11-06T00:00:00+00:00 [queued]>
[2022-11-17T17:34:43.669+0000] {taskinstance.py:1165} INFO - Dependencies all met for <TaskInstance: MyPersonalAirflowProject.end_confirmation_from_nasa scheduled__2022-11-06T00:00:00+00:00 [queued]>
[2022-11-17T17:34:43.670+0000] {taskinstance.py:1362} INFO - 
--------------------------------------------------------------------------------
[2022-11-17T17:34:43.670+0000] {taskinstance.py:1363} INFO - Starting attempt 1 of 1
[2022-11-17T17:34:43.671+0000] {taskinstance.py:1364} INFO - 
--------------------------------------------------------------------------------
[2022-11-17T17:34:43.691+0000] {taskinstance.py:1383} INFO - Executing <Task(BashOperator): end_confirmation_from_nasa> on 2022-11-06 00:00:00+00:00
[2022-11-17T17:34:43.701+0000] {standard_task_runner.py:55} INFO - Started process 8295 to run task
[2022-11-17T17:34:43.706+0000] {standard_task_runner.py:82} INFO - Running: ['***', 'tasks', 'run', 'MyPersonalAirflowProject', 'end_confirmation_from_nasa', 'scheduled__2022-11-06T00:00:00+00:00', '--job-id', '2724', '--raw', '--subdir', 'DAGS_FOLDER/FinalPersonalProject.py', '--cfg-path', '/tmp/tmp274x6bul']
[2022-11-17T17:34:43.707+0000] {standard_task_runner.py:83} INFO - Job 2724: Subtask end_confirmation_from_nasa
[2022-11-17T17:34:43.800+0000] {task_command.py:376} INFO - Running <TaskInstance: MyPersonalAirflowProject.end_confirmation_from_nasa scheduled__2022-11-06T00:00:00+00:00 [running]> on host 638485efabe7
[2022-11-17T17:34:43.914+0000] {taskinstance.py:1592} INFO - Exporting the following env vars:
AIRFLOW_CTX_DAG_OWNER=***
AIRFLOW_CTX_DAG_ID=MyPersonalAirflowProject
AIRFLOW_CTX_TASK_ID=end_confirmation_from_nasa
AIRFLOW_CTX_EXECUTION_DATE=2022-11-06T00:00:00+00:00
AIRFLOW_CTX_TRY_NUMBER=1
AIRFLOW_CTX_DAG_RUN_ID=scheduled__2022-11-06T00:00:00+00:00
[2022-11-17T17:34:43.916+0000] {subprocess.py:63} INFO - Tmp dir root location: 
 /tmp
[2022-11-17T17:34:43.917+0000] {subprocess.py:75} INFO - Running command: ['/bin/bash', '-c', 'echo "The Confirmation file was created successfully"']
[2022-11-17T17:34:43.934+0000] {subprocess.py:86} INFO - Output:
[2022-11-17T17:34:43.938+0000] {subprocess.py:93} INFO - The Confirmation file was created successfully
[2022-11-17T17:34:43.939+0000] {subprocess.py:97} INFO - Command exited with return code 0
[2022-11-17T17:34:43.976+0000] {taskinstance.py:1406} INFO - Marking task as SUCCESS. dag_id=MyPersonalAirflowProject, task_id=end_confirmation_from_nasa, execution_date=20221106T000000, start_date=20221117T173443, end_date=20221117T173443
[2022-11-17T17:34:44.038+0000] {local_task_job.py:164} INFO - Task exited with return code 0
[2022-11-17T17:34:44.075+0000] {local_task_job.py:273} INFO - 1 downstream tasks scheduled from follow-on schedule check
