[2022-11-16T21:23:28.666+0000] {taskinstance.py:1165} INFO - Dependencies all met for <TaskInstance: MyPersonalAirflowProject.nasa_verification_task scheduled__2022-10-22T00:00:00+00:00 [queued]>
[2022-11-16T21:23:28.690+0000] {taskinstance.py:1165} INFO - Dependencies all met for <TaskInstance: MyPersonalAirflowProject.nasa_verification_task scheduled__2022-10-22T00:00:00+00:00 [queued]>
[2022-11-16T21:23:28.691+0000] {taskinstance.py:1362} INFO - 
--------------------------------------------------------------------------------
[2022-11-16T21:23:28.692+0000] {taskinstance.py:1363} INFO - Starting attempt 5 of 5
[2022-11-16T21:23:28.692+0000] {taskinstance.py:1364} INFO - 
--------------------------------------------------------------------------------
[2022-11-16T21:23:28.713+0000] {taskinstance.py:1383} INFO - Executing <Task(BashOperator): nasa_verification_task> on 2022-10-22 00:00:00+00:00
[2022-11-16T21:23:28.720+0000] {standard_task_runner.py:55} INFO - Started process 2525 to run task
[2022-11-16T21:23:28.724+0000] {standard_task_runner.py:82} INFO - Running: ['***', 'tasks', 'run', 'MyPersonalAirflowProject', 'nasa_verification_task', 'scheduled__2022-10-22T00:00:00+00:00', '--job-id', '1363', '--raw', '--subdir', 'DAGS_FOLDER/FinalPersonalProject.py', '--cfg-path', '/tmp/tmpn7mg0y0y']
[2022-11-16T21:23:28.725+0000] {standard_task_runner.py:83} INFO - Job 1363: Subtask nasa_verification_task
[2022-11-16T21:23:28.792+0000] {task_command.py:376} INFO - Running <TaskInstance: MyPersonalAirflowProject.nasa_verification_task scheduled__2022-10-22T00:00:00+00:00 [running]> on host 638485efabe7
[2022-11-16T21:23:28.896+0000] {taskinstance.py:1592} INFO - Exporting the following env vars:
AIRFLOW_CTX_DAG_OWNER=***
AIRFLOW_CTX_DAG_ID=MyPersonalAirflowProject
AIRFLOW_CTX_TASK_ID=nasa_verification_task
AIRFLOW_CTX_EXECUTION_DATE=2022-10-22T00:00:00+00:00
AIRFLOW_CTX_TRY_NUMBER=5
AIRFLOW_CTX_DAG_RUN_ID=scheduled__2022-10-22T00:00:00+00:00
[2022-11-16T21:23:28.901+0000] {subprocess.py:63} INFO - Tmp dir root location: 
 /tmp
[2022-11-16T21:23:28.903+0000] {subprocess.py:75} INFO - Running command: ['/bin/bash', '-c', 'sleep 20 && echo "OK"> /tmp/reponse_20221022.txt']
[2022-11-16T21:23:28.917+0000] {subprocess.py:86} INFO - Output:
[2022-11-16T21:23:48.988+0000] {subprocess.py:97} INFO - Command exited with return code 0
[2022-11-16T21:23:49.028+0000] {taskinstance.py:1406} INFO - Marking task as SUCCESS. dag_id=MyPersonalAirflowProject, task_id=nasa_verification_task, execution_date=20221022T000000, start_date=20221116T212328, end_date=20221116T212349
[2022-11-16T21:23:49.074+0000] {local_task_job.py:164} INFO - Task exited with return code 0
[2022-11-16T21:23:49.119+0000] {local_task_job.py:273} INFO - 1 downstream tasks scheduled from follow-on schedule check
