[2022-11-16T21:02:41.119+0000] {taskinstance.py:1165} INFO - Dependencies all met for <TaskInstance: MyPersonalAirflowProject.nasa_verification_task scheduled__2022-10-22T00:00:00+00:00 [queued]>
[2022-11-16T21:02:41.143+0000] {taskinstance.py:1165} INFO - Dependencies all met for <TaskInstance: MyPersonalAirflowProject.nasa_verification_task scheduled__2022-10-22T00:00:00+00:00 [queued]>
[2022-11-16T21:02:41.144+0000] {taskinstance.py:1362} INFO - 
--------------------------------------------------------------------------------
[2022-11-16T21:02:41.146+0000] {taskinstance.py:1363} INFO - Starting attempt 1 of 1
[2022-11-16T21:02:41.147+0000] {taskinstance.py:1364} INFO - 
--------------------------------------------------------------------------------
[2022-11-16T21:02:41.177+0000] {taskinstance.py:1383} INFO - Executing <Task(BashOperator): nasa_verification_task> on 2022-10-22 00:00:00+00:00
[2022-11-16T21:02:41.186+0000] {standard_task_runner.py:55} INFO - Started process 1406 to run task
[2022-11-16T21:02:41.190+0000] {standard_task_runner.py:82} INFO - Running: ['***', 'tasks', 'run', 'MyPersonalAirflowProject', 'nasa_verification_task', 'scheduled__2022-10-22T00:00:00+00:00', '--job-id', '1299', '--raw', '--subdir', 'DAGS_FOLDER/FinalPersonalProject.py', '--cfg-path', '/tmp/tmpgw2el623']
[2022-11-16T21:02:41.191+0000] {standard_task_runner.py:83} INFO - Job 1299: Subtask nasa_verification_task
[2022-11-16T21:02:41.271+0000] {task_command.py:376} INFO - Running <TaskInstance: MyPersonalAirflowProject.nasa_verification_task scheduled__2022-10-22T00:00:00+00:00 [running]> on host 638485efabe7
[2022-11-16T21:02:41.356+0000] {taskinstance.py:1592} INFO - Exporting the following env vars:
AIRFLOW_CTX_DAG_OWNER=***
AIRFLOW_CTX_DAG_ID=MyPersonalAirflowProject
AIRFLOW_CTX_TASK_ID=nasa_verification_task
AIRFLOW_CTX_EXECUTION_DATE=2022-10-22T00:00:00+00:00
AIRFLOW_CTX_TRY_NUMBER=1
AIRFLOW_CTX_DAG_RUN_ID=scheduled__2022-10-22T00:00:00+00:00
[2022-11-16T21:02:41.357+0000] {subprocess.py:63} INFO - Tmp dir root location: 
 /tmp
[2022-11-16T21:02:41.359+0000] {subprocess.py:75} INFO - Running command: ['/bin/bash', '-c', 'sleep 20 && echo ÖK"> /tmp/reponse_20221022.txt']
[2022-11-16T21:02:41.372+0000] {subprocess.py:86} INFO - Output:
[2022-11-16T21:02:41.374+0000] {subprocess.py:93} INFO - /bin/bash: -c: line 1: unexpected EOF while looking for matching `"'
[2022-11-16T21:02:41.375+0000] {subprocess.py:93} INFO - /bin/bash: -c: line 2: syntax error: unexpected end of file
[2022-11-16T21:02:41.375+0000] {subprocess.py:97} INFO - Command exited with return code 2
[2022-11-16T21:02:41.392+0000] {taskinstance.py:1851} ERROR - Task failed with exception
Traceback (most recent call last):
  File "/home/airflow/.local/lib/python3.7/site-packages/airflow/operators/bash.py", line 197, in execute
    f'Bash command failed. The command returned a non-zero exit code {result.exit_code}.'
airflow.exceptions.AirflowException: Bash command failed. The command returned a non-zero exit code 2.
[2022-11-16T21:02:41.397+0000] {taskinstance.py:1406} INFO - Marking task as FAILED. dag_id=MyPersonalAirflowProject, task_id=nasa_verification_task, execution_date=20221022T000000, start_date=20221116T210241, end_date=20221116T210241
[2022-11-16T21:02:41.414+0000] {standard_task_runner.py:105} ERROR - Failed to execute job 1299 for task nasa_verification_task (Bash command failed. The command returned a non-zero exit code 2.; 1406)
[2022-11-16T21:02:41.454+0000] {local_task_job.py:164} INFO - Task exited with return code 1
[2022-11-16T21:02:41.479+0000] {local_task_job.py:273} INFO - 0 downstream tasks scheduled from follow-on schedule check
[2022-11-16T22:21:46.013+0000] {taskinstance.py:1165} INFO - Dependencies all met for <TaskInstance: MyPersonalAirflowProject.nasa_verification_task scheduled__2022-10-22T00:00:00+00:00 [queued]>
[2022-11-16T22:21:46.040+0000] {taskinstance.py:1165} INFO - Dependencies all met for <TaskInstance: MyPersonalAirflowProject.nasa_verification_task scheduled__2022-10-22T00:00:00+00:00 [queued]>
[2022-11-16T22:21:46.040+0000] {taskinstance.py:1362} INFO - 
--------------------------------------------------------------------------------
[2022-11-16T22:21:46.041+0000] {taskinstance.py:1363} INFO - Starting attempt 1 of 1
[2022-11-16T22:21:46.041+0000] {taskinstance.py:1364} INFO - 
--------------------------------------------------------------------------------
[2022-11-16T22:21:46.064+0000] {taskinstance.py:1383} INFO - Executing <Task(BashOperator): nasa_verification_task> on 2022-10-22 00:00:00+00:00
[2022-11-16T22:21:46.072+0000] {standard_task_runner.py:55} INFO - Started process 5591 to run task
[2022-11-16T22:21:46.075+0000] {standard_task_runner.py:82} INFO - Running: ['***', 'tasks', 'run', 'MyPersonalAirflowProject', 'nasa_verification_task', 'scheduled__2022-10-22T00:00:00+00:00', '--job-id', '1566', '--raw', '--subdir', 'DAGS_FOLDER/FinalPersonalProject.py', '--cfg-path', '/tmp/tmpwi9upwa3']
[2022-11-16T22:21:46.075+0000] {standard_task_runner.py:83} INFO - Job 1566: Subtask nasa_verification_task
[2022-11-16T22:21:47.828+0000] {task_command.py:376} INFO - Running <TaskInstance: MyPersonalAirflowProject.nasa_verification_task scheduled__2022-10-22T00:00:00+00:00 [running]> on host 638485efabe7
[2022-11-16T22:21:47.923+0000] {taskinstance.py:1592} INFO - Exporting the following env vars:
AIRFLOW_CTX_DAG_OWNER=***
AIRFLOW_CTX_DAG_ID=MyPersonalAirflowProject
AIRFLOW_CTX_TASK_ID=nasa_verification_task
AIRFLOW_CTX_EXECUTION_DATE=2022-10-22T00:00:00+00:00
AIRFLOW_CTX_TRY_NUMBER=1
AIRFLOW_CTX_DAG_RUN_ID=scheduled__2022-10-22T00:00:00+00:00
[2022-11-16T22:21:47.931+0000] {subprocess.py:63} INFO - Tmp dir root location: 
 /tmp
[2022-11-16T22:21:47.932+0000] {subprocess.py:75} INFO - Running command: ['/bin/bash', '-c', 'sleep 20 && echo "OK"> /tmp/reponse_20221022.txt']
[2022-11-16T22:21:47.946+0000] {subprocess.py:86} INFO - Output:
[2022-11-16T22:22:08.049+0000] {subprocess.py:97} INFO - Command exited with return code 0
[2022-11-16T22:22:08.091+0000] {taskinstance.py:1406} INFO - Marking task as SUCCESS. dag_id=MyPersonalAirflowProject, task_id=nasa_verification_task, execution_date=20221022T000000, start_date=20221116T222146, end_date=20221116T222208
[2022-11-16T22:22:08.168+0000] {local_task_job.py:164} INFO - Task exited with return code 0
[2022-11-16T22:22:08.210+0000] {local_task_job.py:273} INFO - 1 downstream tasks scheduled from follow-on schedule check
[2022-11-17T16:34:45.936+0000] {taskinstance.py:1165} INFO - Dependencies all met for <TaskInstance: MyPersonalAirflowProject.nasa_verification_task scheduled__2022-10-22T00:00:00+00:00 [queued]>
[2022-11-17T16:34:45.951+0000] {taskinstance.py:1165} INFO - Dependencies all met for <TaskInstance: MyPersonalAirflowProject.nasa_verification_task scheduled__2022-10-22T00:00:00+00:00 [queued]>
[2022-11-17T16:34:45.952+0000] {taskinstance.py:1362} INFO - 
--------------------------------------------------------------------------------
[2022-11-17T16:34:45.952+0000] {taskinstance.py:1363} INFO - Starting attempt 1 of 1
[2022-11-17T16:34:45.953+0000] {taskinstance.py:1364} INFO - 
--------------------------------------------------------------------------------
[2022-11-17T16:34:45.971+0000] {taskinstance.py:1383} INFO - Executing <Task(BashOperator): nasa_verification_task> on 2022-10-22 00:00:00+00:00
[2022-11-17T16:34:45.977+0000] {standard_task_runner.py:55} INFO - Started process 3893 to run task
[2022-11-17T16:34:45.980+0000] {standard_task_runner.py:82} INFO - Running: ['***', 'tasks', 'run', 'MyPersonalAirflowProject', 'nasa_verification_task', 'scheduled__2022-10-22T00:00:00+00:00', '--job-id', '2192', '--raw', '--subdir', 'DAGS_FOLDER/FinalPersonalProject.py', '--cfg-path', '/tmp/tmpmseqyxcb']
[2022-11-17T16:34:45.981+0000] {standard_task_runner.py:83} INFO - Job 2192: Subtask nasa_verification_task
[2022-11-17T16:34:46.048+0000] {task_command.py:376} INFO - Running <TaskInstance: MyPersonalAirflowProject.nasa_verification_task scheduled__2022-10-22T00:00:00+00:00 [running]> on host 638485efabe7
[2022-11-17T16:34:46.131+0000] {taskinstance.py:1592} INFO - Exporting the following env vars:
AIRFLOW_CTX_DAG_OWNER=***
AIRFLOW_CTX_DAG_ID=MyPersonalAirflowProject
AIRFLOW_CTX_TASK_ID=nasa_verification_task
AIRFLOW_CTX_EXECUTION_DATE=2022-10-22T00:00:00+00:00
AIRFLOW_CTX_TRY_NUMBER=1
AIRFLOW_CTX_DAG_RUN_ID=scheduled__2022-10-22T00:00:00+00:00
[2022-11-17T16:34:46.133+0000] {subprocess.py:63} INFO - Tmp dir root location: 
 /tmp
[2022-11-17T16:34:46.134+0000] {subprocess.py:75} INFO - Running command: ['/bin/bash', '-c', 'sleep 20 && echo "OK"> /tmp/reponse_20221022.txt']
[2022-11-17T16:34:46.145+0000] {subprocess.py:86} INFO - Output:
[2022-11-17T16:35:06.149+0000] {subprocess.py:97} INFO - Command exited with return code 0
[2022-11-17T16:35:06.217+0000] {taskinstance.py:1406} INFO - Marking task as SUCCESS. dag_id=MyPersonalAirflowProject, task_id=nasa_verification_task, execution_date=20221022T000000, start_date=20221117T163445, end_date=20221117T163506
[2022-11-17T16:35:06.296+0000] {local_task_job.py:164} INFO - Task exited with return code 0
[2022-11-17T16:35:06.359+0000] {local_task_job.py:273} INFO - 1 downstream tasks scheduled from follow-on schedule check
[2022-11-17T17:26:48.587+0000] {taskinstance.py:1165} INFO - Dependencies all met for <TaskInstance: MyPersonalAirflowProject.nasa_verification_task scheduled__2022-10-22T00:00:00+00:00 [queued]>
[2022-11-17T17:26:48.600+0000] {taskinstance.py:1165} INFO - Dependencies all met for <TaskInstance: MyPersonalAirflowProject.nasa_verification_task scheduled__2022-10-22T00:00:00+00:00 [queued]>
[2022-11-17T17:26:48.600+0000] {taskinstance.py:1362} INFO - 
--------------------------------------------------------------------------------
[2022-11-17T17:26:48.601+0000] {taskinstance.py:1363} INFO - Starting attempt 1 of 1
[2022-11-17T17:26:48.601+0000] {taskinstance.py:1364} INFO - 
--------------------------------------------------------------------------------
[2022-11-17T17:26:48.621+0000] {taskinstance.py:1383} INFO - Executing <Task(BashOperator): nasa_verification_task> on 2022-10-22 00:00:00+00:00
[2022-11-17T17:26:48.626+0000] {standard_task_runner.py:55} INFO - Started process 7544 to run task
[2022-11-17T17:26:48.629+0000] {standard_task_runner.py:82} INFO - Running: ['***', 'tasks', 'run', 'MyPersonalAirflowProject', 'nasa_verification_task', 'scheduled__2022-10-22T00:00:00+00:00', '--job-id', '2602', '--raw', '--subdir', 'DAGS_FOLDER/FinalPersonalProject.py', '--cfg-path', '/tmp/tmpj33aunw9']
[2022-11-17T17:26:48.630+0000] {standard_task_runner.py:83} INFO - Job 2602: Subtask nasa_verification_task
[2022-11-17T17:26:48.696+0000] {task_command.py:376} INFO - Running <TaskInstance: MyPersonalAirflowProject.nasa_verification_task scheduled__2022-10-22T00:00:00+00:00 [running]> on host 638485efabe7
[2022-11-17T17:26:48.774+0000] {taskinstance.py:1592} INFO - Exporting the following env vars:
AIRFLOW_CTX_DAG_OWNER=***
AIRFLOW_CTX_DAG_ID=MyPersonalAirflowProject
AIRFLOW_CTX_TASK_ID=nasa_verification_task
AIRFLOW_CTX_EXECUTION_DATE=2022-10-22T00:00:00+00:00
AIRFLOW_CTX_TRY_NUMBER=1
AIRFLOW_CTX_DAG_RUN_ID=scheduled__2022-10-22T00:00:00+00:00
[2022-11-17T17:26:48.776+0000] {subprocess.py:63} INFO - Tmp dir root location: 
 /tmp
[2022-11-17T17:26:48.777+0000] {subprocess.py:75} INFO - Running command: ['/bin/bash', '-c', 'sleep 20 && echo "OK"> /tmp/reponse_20221022.txt']
[2022-11-17T17:26:48.788+0000] {subprocess.py:86} INFO - Output:
[2022-11-17T17:27:08.794+0000] {subprocess.py:97} INFO - Command exited with return code 0
[2022-11-17T17:27:08.825+0000] {taskinstance.py:1406} INFO - Marking task as SUCCESS. dag_id=MyPersonalAirflowProject, task_id=nasa_verification_task, execution_date=20221022T000000, start_date=20221117T172648, end_date=20221117T172708
[2022-11-17T17:27:08.862+0000] {local_task_job.py:164} INFO - Task exited with return code 0
[2022-11-17T17:27:08.898+0000] {local_task_job.py:273} INFO - 1 downstream tasks scheduled from follow-on schedule check
