[2022-11-15T21:20:55.251+0000] {taskinstance.py:1165} INFO - Dependencies all met for <TaskInstance: 10-branching.start_15_june scheduled__2022-06-28T00:00:00+00:00 [queued]>
[2022-11-15T21:20:55.271+0000] {taskinstance.py:1165} INFO - Dependencies all met for <TaskInstance: 10-branching.start_15_june scheduled__2022-06-28T00:00:00+00:00 [queued]>
[2022-11-15T21:20:55.272+0000] {taskinstance.py:1362} INFO - 
--------------------------------------------------------------------------------
[2022-11-15T21:20:55.273+0000] {taskinstance.py:1363} INFO - Starting attempt 1 of 1
[2022-11-15T21:20:55.274+0000] {taskinstance.py:1364} INFO - 
--------------------------------------------------------------------------------
[2022-11-15T21:20:55.298+0000] {taskinstance.py:1383} INFO - Executing <Task(BashOperator): start_15_june> on 2022-06-28 00:00:00+00:00
[2022-11-15T21:20:55.309+0000] {standard_task_runner.py:55} INFO - Started process 2599 to run task
[2022-11-15T21:20:55.315+0000] {standard_task_runner.py:82} INFO - Running: ['***', 'tasks', 'run', '10-branching', 'start_15_june', 'scheduled__2022-06-28T00:00:00+00:00', '--job-id', '1199', '--raw', '--subdir', 'DAGS_FOLDER/10-branchpythonoperator.py', '--cfg-path', '/tmp/tmp45x5b526']
[2022-11-15T21:20:55.316+0000] {standard_task_runner.py:83} INFO - Job 1199: Subtask start_15_june
[2022-11-15T21:20:55.427+0000] {task_command.py:376} INFO - Running <TaskInstance: 10-branching.start_15_june scheduled__2022-06-28T00:00:00+00:00 [running]> on host 638485efabe7
[2022-11-15T21:20:55.531+0000] {taskinstance.py:1592} INFO - Exporting the following env vars:
AIRFLOW_CTX_DAG_OWNER=***
AIRFLOW_CTX_DAG_ID=10-branching
AIRFLOW_CTX_TASK_ID=start_15_june
AIRFLOW_CTX_EXECUTION_DATE=2022-06-28T00:00:00+00:00
AIRFLOW_CTX_TRY_NUMBER=1
AIRFLOW_CTX_DAG_RUN_ID=scheduled__2022-06-28T00:00:00+00:00
[2022-11-15T21:20:55.533+0000] {subprocess.py:63} INFO - Tmp dir root location: 
 /tmp
[2022-11-15T21:20:55.534+0000] {subprocess.py:75} INFO - Running command: ['/bin/bash', '-c', "echo 'Running 2022-06-28'"]
[2022-11-15T21:20:55.554+0000] {subprocess.py:86} INFO - Output:
[2022-11-15T21:20:55.558+0000] {subprocess.py:93} INFO - Running 2022-06-28
[2022-11-15T21:20:55.559+0000] {subprocess.py:97} INFO - Command exited with return code 0
[2022-11-15T21:20:55.602+0000] {taskinstance.py:1406} INFO - Marking task as SUCCESS. dag_id=10-branching, task_id=start_15_june, execution_date=20220628T000000, start_date=20221115T212055, end_date=20221115T212055
[2022-11-15T21:20:55.648+0000] {local_task_job.py:164} INFO - Task exited with return code 0
[2022-11-15T21:20:55.679+0000] {local_task_job.py:273} INFO - 0 downstream tasks scheduled from follow-on schedule check
