[2022-11-17T16:04:21.976+0000] {taskinstance.py:1165} INFO - Dependencies all met for <TaskInstance: MyPersonalAirflowProject.copy_data_to_local scheduled__2022-11-08T00:00:00+00:00 [queued]>
[2022-11-17T16:04:21.992+0000] {taskinstance.py:1165} INFO - Dependencies all met for <TaskInstance: MyPersonalAirflowProject.copy_data_to_local scheduled__2022-11-08T00:00:00+00:00 [queued]>
[2022-11-17T16:04:21.993+0000] {taskinstance.py:1362} INFO - 
--------------------------------------------------------------------------------
[2022-11-17T16:04:21.995+0000] {taskinstance.py:1363} INFO - Starting attempt 1 of 1
[2022-11-17T16:04:21.996+0000] {taskinstance.py:1364} INFO - 
--------------------------------------------------------------------------------
[2022-11-17T16:04:22.019+0000] {taskinstance.py:1383} INFO - Executing <Task(PythonOperator): copy_data_to_local> on 2022-11-08 00:00:00+00:00
[2022-11-17T16:04:22.026+0000] {standard_task_runner.py:55} INFO - Started process 1795 to run task
[2022-11-17T16:04:22.028+0000] {standard_task_runner.py:82} INFO - Running: ['***', 'tasks', 'run', 'MyPersonalAirflowProject', 'copy_data_to_local', 'scheduled__2022-11-08T00:00:00+00:00', '--job-id', '1974', '--raw', '--subdir', 'DAGS_FOLDER/FinalPersonalProject.py', '--cfg-path', '/tmp/tmplurqovns']
[2022-11-17T16:04:22.029+0000] {standard_task_runner.py:83} INFO - Job 1974: Subtask copy_data_to_local
[2022-11-17T16:04:22.216+0000] {task_command.py:376} INFO - Running <TaskInstance: MyPersonalAirflowProject.copy_data_to_local scheduled__2022-11-08T00:00:00+00:00 [running]> on host 638485efabe7
[2022-11-17T16:04:22.305+0000] {taskinstance.py:1592} INFO - Exporting the following env vars:
AIRFLOW_CTX_DAG_OWNER=***
AIRFLOW_CTX_DAG_ID=MyPersonalAirflowProject
AIRFLOW_CTX_TASK_ID=copy_data_to_local
AIRFLOW_CTX_EXECUTION_DATE=2022-11-08T00:00:00+00:00
AIRFLOW_CTX_TRY_NUMBER=1
AIRFLOW_CTX_DAG_RUN_ID=scheduled__2022-11-08T00:00:00+00:00
[2022-11-17T16:04:22.585+0000] {python.py:177} INFO - Done. Returned value was: None
[2022-11-17T16:04:22.603+0000] {taskinstance.py:1406} INFO - Marking task as SUCCESS. dag_id=MyPersonalAirflowProject, task_id=copy_data_to_local, execution_date=20221108T000000, start_date=20221117T160421, end_date=20221117T160422
[2022-11-17T16:04:22.643+0000] {local_task_job.py:164} INFO - Task exited with return code 0
[2022-11-17T16:04:22.682+0000] {local_task_job.py:273} INFO - 0 downstream tasks scheduled from follow-on schedule check
[2022-11-17T16:44:46.210+0000] {taskinstance.py:1165} INFO - Dependencies all met for <TaskInstance: MyPersonalAirflowProject.copy_data_to_local scheduled__2022-11-08T00:00:00+00:00 [queued]>
[2022-11-17T16:44:46.224+0000] {taskinstance.py:1165} INFO - Dependencies all met for <TaskInstance: MyPersonalAirflowProject.copy_data_to_local scheduled__2022-11-08T00:00:00+00:00 [queued]>
[2022-11-17T16:44:46.224+0000] {taskinstance.py:1362} INFO - 
--------------------------------------------------------------------------------
[2022-11-17T16:44:46.225+0000] {taskinstance.py:1363} INFO - Starting attempt 1 of 1
[2022-11-17T16:44:46.225+0000] {taskinstance.py:1364} INFO - 
--------------------------------------------------------------------------------
[2022-11-17T16:44:46.242+0000] {taskinstance.py:1383} INFO - Executing <Task(PythonOperator): copy_data_to_local> on 2022-11-08 00:00:00+00:00
[2022-11-17T16:44:46.248+0000] {standard_task_runner.py:55} INFO - Started process 4787 to run task
[2022-11-17T16:44:46.251+0000] {standard_task_runner.py:82} INFO - Running: ['***', 'tasks', 'run', 'MyPersonalAirflowProject', 'copy_data_to_local', 'scheduled__2022-11-08T00:00:00+00:00', '--job-id', '2332', '--raw', '--subdir', 'DAGS_FOLDER/FinalPersonalProject.py', '--cfg-path', '/tmp/tmpwo4lt73f']
[2022-11-17T16:44:46.252+0000] {standard_task_runner.py:83} INFO - Job 2332: Subtask copy_data_to_local
[2022-11-17T16:44:46.324+0000] {task_command.py:376} INFO - Running <TaskInstance: MyPersonalAirflowProject.copy_data_to_local scheduled__2022-11-08T00:00:00+00:00 [running]> on host 638485efabe7
[2022-11-17T16:44:46.408+0000] {taskinstance.py:1592} INFO - Exporting the following env vars:
AIRFLOW_CTX_DAG_OWNER=***
AIRFLOW_CTX_DAG_ID=MyPersonalAirflowProject
AIRFLOW_CTX_TASK_ID=copy_data_to_local
AIRFLOW_CTX_EXECUTION_DATE=2022-11-08T00:00:00+00:00
AIRFLOW_CTX_TRY_NUMBER=1
AIRFLOW_CTX_DAG_RUN_ID=scheduled__2022-11-08T00:00:00+00:00
[2022-11-17T16:44:46.715+0000] {python.py:177} INFO - Done. Returned value was: None
[2022-11-17T16:44:46.727+0000] {taskinstance.py:1406} INFO - Marking task as SUCCESS. dag_id=MyPersonalAirflowProject, task_id=copy_data_to_local, execution_date=20221108T000000, start_date=20221117T164446, end_date=20221117T164446
[2022-11-17T16:44:46.785+0000] {local_task_job.py:164} INFO - Task exited with return code 0
[2022-11-17T16:44:46.821+0000] {local_task_job.py:273} INFO - 1 downstream tasks scheduled from follow-on schedule check
[2022-11-17T17:35:46.878+0000] {taskinstance.py:1165} INFO - Dependencies all met for <TaskInstance: MyPersonalAirflowProject.copy_data_to_local scheduled__2022-11-08T00:00:00+00:00 [queued]>
[2022-11-17T17:35:46.891+0000] {taskinstance.py:1165} INFO - Dependencies all met for <TaskInstance: MyPersonalAirflowProject.copy_data_to_local scheduled__2022-11-08T00:00:00+00:00 [queued]>
[2022-11-17T17:35:46.891+0000] {taskinstance.py:1362} INFO - 
--------------------------------------------------------------------------------
[2022-11-17T17:35:46.892+0000] {taskinstance.py:1363} INFO - Starting attempt 1 of 1
[2022-11-17T17:35:46.892+0000] {taskinstance.py:1364} INFO - 
--------------------------------------------------------------------------------
[2022-11-17T17:35:46.910+0000] {taskinstance.py:1383} INFO - Executing <Task(PythonOperator): copy_data_to_local> on 2022-11-08 00:00:00+00:00
[2022-11-17T17:35:46.915+0000] {standard_task_runner.py:55} INFO - Started process 8407 to run task
[2022-11-17T17:35:46.917+0000] {standard_task_runner.py:82} INFO - Running: ['***', 'tasks', 'run', 'MyPersonalAirflowProject', 'copy_data_to_local', 'scheduled__2022-11-08T00:00:00+00:00', '--job-id', '2742', '--raw', '--subdir', 'DAGS_FOLDER/FinalPersonalProject.py', '--cfg-path', '/tmp/tmpf6r2pzi7']
[2022-11-17T17:35:46.918+0000] {standard_task_runner.py:83} INFO - Job 2742: Subtask copy_data_to_local
[2022-11-17T17:35:46.986+0000] {task_command.py:376} INFO - Running <TaskInstance: MyPersonalAirflowProject.copy_data_to_local scheduled__2022-11-08T00:00:00+00:00 [running]> on host 638485efabe7
[2022-11-17T17:35:47.066+0000] {taskinstance.py:1592} INFO - Exporting the following env vars:
AIRFLOW_CTX_DAG_OWNER=***
AIRFLOW_CTX_DAG_ID=MyPersonalAirflowProject
AIRFLOW_CTX_TASK_ID=copy_data_to_local
AIRFLOW_CTX_EXECUTION_DATE=2022-11-08T00:00:00+00:00
AIRFLOW_CTX_TRY_NUMBER=1
AIRFLOW_CTX_DAG_RUN_ID=scheduled__2022-11-08T00:00:00+00:00
[2022-11-17T17:35:47.268+0000] {python.py:177} INFO - Done. Returned value was: None
[2022-11-17T17:35:47.280+0000] {taskinstance.py:1406} INFO - Marking task as SUCCESS. dag_id=MyPersonalAirflowProject, task_id=copy_data_to_local, execution_date=20221108T000000, start_date=20221117T173546, end_date=20221117T173547
[2022-11-17T17:35:47.331+0000] {local_task_job.py:164} INFO - Task exited with return code 0
[2022-11-17T17:35:47.369+0000] {local_task_job.py:273} INFO - 1 downstream tasks scheduled from follow-on schedule check
