[2022-11-16T22:19:54.505+0000] {taskinstance.py:1165} INFO - Dependencies all met for <TaskInstance: MyPersonalAirflowProject.Print_Imported_data scheduled__2022-10-18T00:00:00+00:00 [queued]>
[2022-11-16T22:19:54.521+0000] {taskinstance.py:1165} INFO - Dependencies all met for <TaskInstance: MyPersonalAirflowProject.Print_Imported_data scheduled__2022-10-18T00:00:00+00:00 [queued]>
[2022-11-16T22:19:54.522+0000] {taskinstance.py:1362} INFO - 
--------------------------------------------------------------------------------
[2022-11-16T22:19:54.523+0000] {taskinstance.py:1363} INFO - Starting attempt 1 of 1
[2022-11-16T22:19:54.523+0000] {taskinstance.py:1364} INFO - 
--------------------------------------------------------------------------------
[2022-11-16T22:19:54.546+0000] {taskinstance.py:1383} INFO - Executing <Task(BashOperator): Print_Imported_data> on 2022-10-18 00:00:00+00:00
[2022-11-16T22:19:54.556+0000] {standard_task_runner.py:55} INFO - Started process 5455 to run task
[2022-11-16T22:19:54.560+0000] {standard_task_runner.py:82} INFO - Running: ['***', 'tasks', 'run', 'MyPersonalAirflowProject', 'Print_Imported_data', 'scheduled__2022-10-18T00:00:00+00:00', '--job-id', '1547', '--raw', '--subdir', 'DAGS_FOLDER/FinalPersonalProject.py', '--cfg-path', '/tmp/tmpvve_f0zn']
[2022-11-16T22:19:54.561+0000] {standard_task_runner.py:83} INFO - Job 1547: Subtask Print_Imported_data
[2022-11-16T22:19:54.646+0000] {task_command.py:376} INFO - Running <TaskInstance: MyPersonalAirflowProject.Print_Imported_data scheduled__2022-10-18T00:00:00+00:00 [running]> on host 638485efabe7
[2022-11-16T22:19:54.745+0000] {taskinstance.py:1592} INFO - Exporting the following env vars:
AIRFLOW_CTX_DAG_OWNER=***
AIRFLOW_CTX_DAG_ID=MyPersonalAirflowProject
AIRFLOW_CTX_TASK_ID=Print_Imported_data
AIRFLOW_CTX_EXECUTION_DATE=2022-10-18T00:00:00+00:00
AIRFLOW_CTX_TRY_NUMBER=1
AIRFLOW_CTX_DAG_RUN_ID=scheduled__2022-10-18T00:00:00+00:00
[2022-11-16T22:19:54.755+0000] {subprocess.py:63} INFO - Tmp dir root location: 
 /tmp
[2022-11-16T22:19:54.756+0000] {subprocess.py:75} INFO - Running command: ['/bin/bash', '-c', 'ls /tmp/ && head /tmp/platzi_data.csv']
[2022-11-16T22:19:54.781+0000] {subprocess.py:86} INFO - Output:
[2022-11-16T22:19:54.840+0000] {subprocess.py:93} INFO - ***tmpk5xxq3nx
[2022-11-16T22:19:54.842+0000] {subprocess.py:93} INFO - ***tmplkvca7ip
[2022-11-16T22:19:54.843+0000] {subprocess.py:93} INFO - ***tmpodkacs8z
[2022-11-16T22:19:54.844+0000] {subprocess.py:93} INFO - ***tmpw16bbviy
[2022-11-16T22:19:54.846+0000] {subprocess.py:93} INFO - file.txt
[2022-11-16T22:19:54.851+0000] {subprocess.py:93} INFO - history.json
[2022-11-16T22:19:54.853+0000] {subprocess.py:93} INFO - platzi_data_20221001.csv
[2022-11-16T22:19:54.854+0000] {subprocess.py:93} INFO - platzi_data_20221002.csv
[2022-11-16T22:19:54.855+0000] {subprocess.py:93} INFO - platzi_data_20221003.csv
[2022-11-16T22:19:54.856+0000] {subprocess.py:93} INFO - platzi_data_20221004.csv
[2022-11-16T22:19:54.857+0000] {subprocess.py:93} INFO - platzi_data_20221005.csv
[2022-11-16T22:19:54.858+0000] {subprocess.py:93} INFO - platzi_data_20221006.csv
[2022-11-16T22:19:54.859+0000] {subprocess.py:93} INFO - platzi_data_20221007.csv
[2022-11-16T22:19:54.860+0000] {subprocess.py:93} INFO - platzi_data_20221008.csv
[2022-11-16T22:19:54.861+0000] {subprocess.py:93} INFO - platzi_data_20221009.csv
[2022-11-16T22:19:54.863+0000] {subprocess.py:93} INFO - platzi_data_20221010.csv
[2022-11-16T22:19:54.863+0000] {subprocess.py:93} INFO - platzi_data_20221011.csv
[2022-11-16T22:19:54.864+0000] {subprocess.py:93} INFO - platzi_data_20221012.csv
[2022-11-16T22:19:54.865+0000] {subprocess.py:93} INFO - platzi_data_20221013.csv
[2022-11-16T22:19:54.865+0000] {subprocess.py:93} INFO - platzi_data_20221014.csv
[2022-11-16T22:19:54.865+0000] {subprocess.py:93} INFO - platzi_data_20221015.csv
[2022-11-16T22:19:54.866+0000] {subprocess.py:93} INFO - platzi_data_20221016.csv
[2022-11-16T22:19:54.867+0000] {subprocess.py:93} INFO - platzi_data_20221017.csv
[2022-11-16T22:19:54.867+0000] {subprocess.py:93} INFO - platzi_data_20221018.csv
[2022-11-16T22:19:54.868+0000] {subprocess.py:93} INFO - pymp-8yik9lbi
[2022-11-16T22:19:54.868+0000] {subprocess.py:93} INFO - pymp-y00k7agg
[2022-11-16T22:19:54.869+0000] {subprocess.py:93} INFO - reponse_20221001.txt
[2022-11-16T22:19:54.870+0000] {subprocess.py:93} INFO - reponse_20221002.txt
[2022-11-16T22:19:54.870+0000] {subprocess.py:93} INFO - reponse_20221003.txt
[2022-11-16T22:19:54.871+0000] {subprocess.py:93} INFO - reponse_20221004.txt
[2022-11-16T22:19:54.871+0000] {subprocess.py:93} INFO - reponse_20221005.txt
[2022-11-16T22:19:54.872+0000] {subprocess.py:93} INFO - reponse_20221006.txt
[2022-11-16T22:19:54.872+0000] {subprocess.py:93} INFO - reponse_20221007.txt
[2022-11-16T22:19:54.873+0000] {subprocess.py:93} INFO - reponse_20221008.txt
[2022-11-16T22:19:54.873+0000] {subprocess.py:93} INFO - reponse_20221009.txt
[2022-11-16T22:19:54.874+0000] {subprocess.py:93} INFO - reponse_20221010.txt
[2022-11-16T22:19:54.874+0000] {subprocess.py:93} INFO - reponse_20221011.txt
[2022-11-16T22:19:54.875+0000] {subprocess.py:93} INFO - reponse_20221012.txt
[2022-11-16T22:19:54.876+0000] {subprocess.py:93} INFO - reponse_20221013.txt
[2022-11-16T22:19:54.876+0000] {subprocess.py:93} INFO - reponse_20221014.txt
[2022-11-16T22:19:54.877+0000] {subprocess.py:93} INFO - reponse_20221015.txt
[2022-11-16T22:19:54.877+0000] {subprocess.py:93} INFO - reponse_20221016.txt
[2022-11-16T22:19:54.878+0000] {subprocess.py:93} INFO - reponse_20221017.txt
[2022-11-16T22:19:54.878+0000] {subprocess.py:93} INFO - reponse_20221018.txt
[2022-11-16T22:19:54.879+0000] {subprocess.py:93} INFO - reponse_20221022.txt
[2022-11-16T22:19:54.879+0000] {subprocess.py:93} INFO - reponse_20221023.txt
[2022-11-16T22:19:54.880+0000] {subprocess.py:93} INFO - reponse_20221024.txt
[2022-11-16T22:19:54.880+0000] {subprocess.py:93} INFO - reponse_20221025.txt
[2022-11-16T22:19:54.881+0000] {subprocess.py:93} INFO - reponse_20221026.txt
[2022-11-16T22:19:54.881+0000] {subprocess.py:93} INFO - reponse_20221027.txt
[2022-11-16T22:19:54.882+0000] {subprocess.py:93} INFO - reponse_20221028.txt
[2022-11-16T22:19:54.882+0000] {subprocess.py:93} INFO - reponse_20221029.txt
[2022-11-16T22:19:54.883+0000] {subprocess.py:93} INFO - reponse_20221030.txt
[2022-11-16T22:19:54.884+0000] {subprocess.py:93} INFO - reponse_20221031.txt
[2022-11-16T22:19:54.884+0000] {subprocess.py:93} INFO - reponse_20221101.txt
[2022-11-16T22:19:54.885+0000] {subprocess.py:93} INFO - reponse_20221102.txt
[2022-11-16T22:19:54.885+0000] {subprocess.py:93} INFO - reponse_20221103.txt
[2022-11-16T22:19:54.886+0000] {subprocess.py:93} INFO - reponse_20221104.txt
[2022-11-16T22:19:54.886+0000] {subprocess.py:93} INFO - reponse_20221105.txt
[2022-11-16T22:19:54.887+0000] {subprocess.py:93} INFO - reponse_20221106.txt
[2022-11-16T22:19:54.887+0000] {subprocess.py:93} INFO - reponse_20221107.txt
[2022-11-16T22:19:54.888+0000] {subprocess.py:93} INFO - reponse_20221108.txt
[2022-11-16T22:19:54.888+0000] {subprocess.py:93} INFO - reponse_20221109.txt
[2022-11-16T22:19:54.889+0000] {subprocess.py:93} INFO - reponse_20221110.txt
[2022-11-16T22:19:54.890+0000] {subprocess.py:93} INFO - reponse_20221111.txt
[2022-11-16T22:19:54.890+0000] {subprocess.py:93} INFO - reponse_20221112.txt
[2022-11-16T22:19:54.891+0000] {subprocess.py:93} INFO - reponse_20221113.txt
[2022-11-16T22:19:54.891+0000] {subprocess.py:93} INFO - reponse_20221114.txt
[2022-11-16T22:19:54.892+0000] {subprocess.py:93} INFO - reponse_20221115.txt
[2022-11-16T22:19:54.893+0000] {subprocess.py:93} INFO - tmp061o5asr
[2022-11-16T22:19:54.893+0000] {subprocess.py:93} INFO - tmp1b_v374g
[2022-11-16T22:19:54.894+0000] {subprocess.py:93} INFO - tmp2n3y4qb3
[2022-11-16T22:19:54.895+0000] {subprocess.py:93} INFO - tmp2ztydtyd
[2022-11-16T22:19:54.895+0000] {subprocess.py:93} INFO - tmp546oqdk0
[2022-11-16T22:19:54.896+0000] {subprocess.py:93} INFO - tmp57roj99h
[2022-11-16T22:19:54.896+0000] {subprocess.py:93} INFO - tmp5lejojs5
[2022-11-16T22:19:54.897+0000] {subprocess.py:93} INFO - tmp5nj2onwa
[2022-11-16T22:19:54.897+0000] {subprocess.py:93} INFO - tmp64cxrvul
[2022-11-16T22:19:54.898+0000] {subprocess.py:93} INFO - tmp6g4l21c1
[2022-11-16T22:19:54.898+0000] {subprocess.py:93} INFO - tmp7c6bgots
[2022-11-16T22:19:54.899+0000] {subprocess.py:93} INFO - tmp7khebugo
[2022-11-16T22:19:54.899+0000] {subprocess.py:93} INFO - tmp7lvtz6wk
[2022-11-16T22:19:54.900+0000] {subprocess.py:93} INFO - tmp8_n1aj39
[2022-11-16T22:19:54.900+0000] {subprocess.py:93} INFO - tmp8c_dsk2e
[2022-11-16T22:19:54.900+0000] {subprocess.py:93} INFO - tmp928ntdt7
[2022-11-16T22:19:54.901+0000] {subprocess.py:93} INFO - tmp9503grtb
[2022-11-16T22:19:54.901+0000] {subprocess.py:93} INFO - tmp_afh1uos
[2022-11-16T22:19:54.901+0000] {subprocess.py:93} INFO - tmp_m6lsnw3
[2022-11-16T22:19:54.902+0000] {subprocess.py:93} INFO - tmp_vy6n6_q
[2022-11-16T22:19:54.902+0000] {subprocess.py:93} INFO - tmpcnj5oj8y
[2022-11-16T22:19:54.902+0000] {subprocess.py:93} INFO - tmpcu_pom_6
[2022-11-16T22:19:54.903+0000] {subprocess.py:93} INFO - tmpdmc2g1zb
[2022-11-16T22:19:54.903+0000] {subprocess.py:93} INFO - tmpe4k1ogev
[2022-11-16T22:19:54.903+0000] {subprocess.py:93} INFO - tmpg_n88zm7
[2022-11-16T22:19:54.904+0000] {subprocess.py:93} INFO - tmpgg8mkst1
[2022-11-16T22:19:54.904+0000] {subprocess.py:93} INFO - tmpgi8v82jx
[2022-11-16T22:19:54.904+0000] {subprocess.py:93} INFO - tmpiez6kail
[2022-11-16T22:19:54.905+0000] {subprocess.py:93} INFO - tmpj1n4wxza
[2022-11-16T22:19:54.905+0000] {subprocess.py:93} INFO - tmpjsznho2e
[2022-11-16T22:19:54.905+0000] {subprocess.py:93} INFO - tmpkrg9_cgk
[2022-11-16T22:19:54.906+0000] {subprocess.py:93} INFO - tmpl13ymsfs
[2022-11-16T22:19:54.906+0000] {subprocess.py:93} INFO - tmplrbhl64b
[2022-11-16T22:19:54.907+0000] {subprocess.py:93} INFO - tmpn38ozedg
[2022-11-16T22:19:54.907+0000] {subprocess.py:93} INFO - tmpn96u_4ih
[2022-11-16T22:19:54.908+0000] {subprocess.py:93} INFO - tmpo3nf6k5c
[2022-11-16T22:19:54.908+0000] {subprocess.py:93} INFO - tmpoy_ljy8t
[2022-11-16T22:19:54.909+0000] {subprocess.py:93} INFO - tmpp4w9yq6x
[2022-11-16T22:19:54.910+0000] {subprocess.py:93} INFO - tmppfidxzjr
[2022-11-16T22:19:54.910+0000] {subprocess.py:93} INFO - tmpr681bhfw
[2022-11-16T22:19:54.911+0000] {subprocess.py:93} INFO - tmpr9102hwf
[2022-11-16T22:19:54.912+0000] {subprocess.py:93} INFO - tmpt4qo16oq
[2022-11-16T22:19:54.912+0000] {subprocess.py:93} INFO - tmptn832g5z
[2022-11-16T22:19:54.913+0000] {subprocess.py:93} INFO - tmpu9qbl0wh
[2022-11-16T22:19:54.913+0000] {subprocess.py:93} INFO - tmpuq8ywung
[2022-11-16T22:19:54.914+0000] {subprocess.py:93} INFO - tmpv606o9_9
[2022-11-16T22:19:54.914+0000] {subprocess.py:93} INFO - tmpxf7g1lc4
[2022-11-16T22:19:54.915+0000] {subprocess.py:93} INFO - tmpxktobcjf
[2022-11-16T22:19:54.915+0000] {subprocess.py:93} INFO - tmpz91iizm7
[2022-11-16T22:19:54.916+0000] {subprocess.py:93} INFO - head: cannot open '/tmp/platzi_data.csv' for reading: No such file or directory
[2022-11-16T22:19:54.916+0000] {subprocess.py:97} INFO - Command exited with return code 1
[2022-11-16T22:19:54.930+0000] {taskinstance.py:1851} ERROR - Task failed with exception
Traceback (most recent call last):
  File "/home/airflow/.local/lib/python3.7/site-packages/airflow/operators/bash.py", line 197, in execute
    f'Bash command failed. The command returned a non-zero exit code {result.exit_code}.'
airflow.exceptions.AirflowException: Bash command failed. The command returned a non-zero exit code 1.
[2022-11-16T22:19:54.935+0000] {taskinstance.py:1406} INFO - Marking task as FAILED. dag_id=MyPersonalAirflowProject, task_id=Print_Imported_data, execution_date=20221018T000000, start_date=20221116T221954, end_date=20221116T221954
[2022-11-16T22:19:54.952+0000] {standard_task_runner.py:105} ERROR - Failed to execute job 1547 for task Print_Imported_data (Bash command failed. The command returned a non-zero exit code 1.; 5455)
[2022-11-16T22:19:55.007+0000] {local_task_job.py:164} INFO - Task exited with return code 1
[2022-11-16T22:19:55.044+0000] {local_task_job.py:273} INFO - 0 downstream tasks scheduled from follow-on schedule check
[2022-11-17T16:33:07.886+0000] {taskinstance.py:1165} INFO - Dependencies all met for <TaskInstance: MyPersonalAirflowProject.Print_Imported_data scheduled__2022-10-18T00:00:00+00:00 [queued]>
[2022-11-17T16:33:07.902+0000] {taskinstance.py:1165} INFO - Dependencies all met for <TaskInstance: MyPersonalAirflowProject.Print_Imported_data scheduled__2022-10-18T00:00:00+00:00 [queued]>
[2022-11-17T16:33:07.903+0000] {taskinstance.py:1362} INFO - 
--------------------------------------------------------------------------------
[2022-11-17T16:33:07.903+0000] {taskinstance.py:1363} INFO - Starting attempt 1 of 1
[2022-11-17T16:33:07.904+0000] {taskinstance.py:1364} INFO - 
--------------------------------------------------------------------------------
[2022-11-17T16:33:07.922+0000] {taskinstance.py:1383} INFO - Executing <Task(BashOperator): Print_Imported_data> on 2022-10-18 00:00:00+00:00
[2022-11-17T16:33:07.927+0000] {standard_task_runner.py:55} INFO - Started process 3743 to run task
[2022-11-17T16:33:07.930+0000] {standard_task_runner.py:82} INFO - Running: ['***', 'tasks', 'run', 'MyPersonalAirflowProject', 'Print_Imported_data', 'scheduled__2022-10-18T00:00:00+00:00', '--job-id', '2165', '--raw', '--subdir', 'DAGS_FOLDER/FinalPersonalProject.py', '--cfg-path', '/tmp/tmprpesy43s']
[2022-11-17T16:33:07.931+0000] {standard_task_runner.py:83} INFO - Job 2165: Subtask Print_Imported_data
[2022-11-17T16:33:07.995+0000] {task_command.py:376} INFO - Running <TaskInstance: MyPersonalAirflowProject.Print_Imported_data scheduled__2022-10-18T00:00:00+00:00 [running]> on host 638485efabe7
[2022-11-17T16:33:08.083+0000] {taskinstance.py:1592} INFO - Exporting the following env vars:
AIRFLOW_CTX_DAG_OWNER=***
AIRFLOW_CTX_DAG_ID=MyPersonalAirflowProject
AIRFLOW_CTX_TASK_ID=Print_Imported_data
AIRFLOW_CTX_EXECUTION_DATE=2022-10-18T00:00:00+00:00
AIRFLOW_CTX_TRY_NUMBER=1
AIRFLOW_CTX_DAG_RUN_ID=scheduled__2022-10-18T00:00:00+00:00
[2022-11-17T16:33:08.085+0000] {subprocess.py:63} INFO - Tmp dir root location: 
 /tmp
[2022-11-17T16:33:08.086+0000] {subprocess.py:75} INFO - Running command: ['/bin/bash', '-c', 'ls /tmp/ && head /tmp/platzi_data_20221018.csv']
[2022-11-17T16:33:08.098+0000] {subprocess.py:86} INFO - Output:
[2022-11-17T16:33:08.101+0000] {subprocess.py:93} INFO - ***tmp9qnnilea
[2022-11-17T16:33:08.102+0000] {subprocess.py:93} INFO - ***tmpk5xxq3nx
[2022-11-17T16:33:08.103+0000] {subprocess.py:93} INFO - ***tmplkvca7ip
[2022-11-17T16:33:08.103+0000] {subprocess.py:93} INFO - ***tmpodkacs8z
[2022-11-17T16:33:08.104+0000] {subprocess.py:93} INFO - file.txt
[2022-11-17T16:33:08.104+0000] {subprocess.py:93} INFO - history.json
[2022-11-17T16:33:08.105+0000] {subprocess.py:93} INFO - platzi_data_20221001.csv
[2022-11-17T16:33:08.105+0000] {subprocess.py:93} INFO - platzi_data_20221002.csv
[2022-11-17T16:33:08.106+0000] {subprocess.py:93} INFO - platzi_data_20221003.csv
[2022-11-17T16:33:08.106+0000] {subprocess.py:93} INFO - platzi_data_20221004.csv
[2022-11-17T16:33:08.106+0000] {subprocess.py:93} INFO - platzi_data_20221005.csv
[2022-11-17T16:33:08.107+0000] {subprocess.py:93} INFO - platzi_data_20221006.csv
[2022-11-17T16:33:08.107+0000] {subprocess.py:93} INFO - platzi_data_20221007.csv
[2022-11-17T16:33:08.107+0000] {subprocess.py:93} INFO - platzi_data_20221008.csv
[2022-11-17T16:33:08.108+0000] {subprocess.py:93} INFO - platzi_data_20221009.csv
[2022-11-17T16:33:08.108+0000] {subprocess.py:93} INFO - platzi_data_20221010.csv
[2022-11-17T16:33:08.108+0000] {subprocess.py:93} INFO - platzi_data_20221011.csv
[2022-11-17T16:33:08.109+0000] {subprocess.py:93} INFO - platzi_data_20221012.csv
[2022-11-17T16:33:08.109+0000] {subprocess.py:93} INFO - platzi_data_20221013.csv
[2022-11-17T16:33:08.110+0000] {subprocess.py:93} INFO - platzi_data_20221014.csv
[2022-11-17T16:33:08.110+0000] {subprocess.py:93} INFO - platzi_data_20221015.csv
[2022-11-17T16:33:08.110+0000] {subprocess.py:93} INFO - platzi_data_20221016.csv
[2022-11-17T16:33:08.111+0000] {subprocess.py:93} INFO - platzi_data_20221017.csv
[2022-11-17T16:33:08.111+0000] {subprocess.py:93} INFO - platzi_data_20221018.csv
[2022-11-17T16:33:08.111+0000] {subprocess.py:93} INFO - platzi_data_20221019.csv
[2022-11-17T16:33:08.112+0000] {subprocess.py:93} INFO - platzi_data_20221020.csv
[2022-11-17T16:33:08.112+0000] {subprocess.py:93} INFO - platzi_data_20221021.csv
[2022-11-17T16:33:08.112+0000] {subprocess.py:93} INFO - platzi_data_20221022.csv
[2022-11-17T16:33:08.113+0000] {subprocess.py:93} INFO - platzi_data_20221023.csv
[2022-11-17T16:33:08.113+0000] {subprocess.py:93} INFO - platzi_data_20221024.csv
[2022-11-17T16:33:08.113+0000] {subprocess.py:93} INFO - platzi_data_20221025.csv
[2022-11-17T16:33:08.113+0000] {subprocess.py:93} INFO - platzi_data_20221026.csv
[2022-11-17T16:33:08.114+0000] {subprocess.py:93} INFO - platzi_data_20221027.csv
[2022-11-17T16:33:08.114+0000] {subprocess.py:93} INFO - platzi_data_20221028.csv
[2022-11-17T16:33:08.114+0000] {subprocess.py:93} INFO - platzi_data_20221029.csv
[2022-11-17T16:33:08.115+0000] {subprocess.py:93} INFO - platzi_data_20221030.csv
[2022-11-17T16:33:08.115+0000] {subprocess.py:93} INFO - platzi_data_20221031.csv
[2022-11-17T16:33:08.115+0000] {subprocess.py:93} INFO - platzi_data_20221101.csv
[2022-11-17T16:33:08.115+0000] {subprocess.py:93} INFO - platzi_data_20221102.csv
[2022-11-17T16:33:08.116+0000] {subprocess.py:93} INFO - platzi_data_20221103.csv
[2022-11-17T16:33:08.116+0000] {subprocess.py:93} INFO - platzi_data_20221104.csv
[2022-11-17T16:33:08.116+0000] {subprocess.py:93} INFO - platzi_data_20221105.csv
[2022-11-17T16:33:08.116+0000] {subprocess.py:93} INFO - platzi_data_20221106.csv
[2022-11-17T16:33:08.117+0000] {subprocess.py:93} INFO - platzi_data_20221107.csv
[2022-11-17T16:33:08.117+0000] {subprocess.py:93} INFO - platzi_data_20221108.csv
[2022-11-17T16:33:08.117+0000] {subprocess.py:93} INFO - platzi_data_20221109.csv
[2022-11-17T16:33:08.118+0000] {subprocess.py:93} INFO - platzi_data_20221110.csv
[2022-11-17T16:33:08.118+0000] {subprocess.py:93} INFO - platzi_data_20221111.csv
[2022-11-17T16:33:08.118+0000] {subprocess.py:93} INFO - platzi_data_20221112.csv
[2022-11-17T16:33:08.118+0000] {subprocess.py:93} INFO - platzi_data_20221113.csv
[2022-11-17T16:33:08.119+0000] {subprocess.py:93} INFO - platzi_data_20221114.csv
[2022-11-17T16:33:08.119+0000] {subprocess.py:93} INFO - platzi_data_20221115.csv
[2022-11-17T16:33:08.119+0000] {subprocess.py:93} INFO - platzi_data_20221116.csv
[2022-11-17T16:33:08.120+0000] {subprocess.py:93} INFO - pymp-8yik9lbi
[2022-11-17T16:33:08.120+0000] {subprocess.py:93} INFO - pymp-sbqt6pho
[2022-11-17T16:33:08.121+0000] {subprocess.py:93} INFO - reponse_20221001.txt
[2022-11-17T16:33:08.121+0000] {subprocess.py:93} INFO - reponse_20221002.txt
[2022-11-17T16:33:08.122+0000] {subprocess.py:93} INFO - reponse_20221003.txt
[2022-11-17T16:33:08.122+0000] {subprocess.py:93} INFO - reponse_20221004.txt
[2022-11-17T16:33:08.123+0000] {subprocess.py:93} INFO - reponse_20221005.txt
[2022-11-17T16:33:08.123+0000] {subprocess.py:93} INFO - reponse_20221006.txt
[2022-11-17T16:33:08.124+0000] {subprocess.py:93} INFO - reponse_20221007.txt
[2022-11-17T16:33:08.124+0000] {subprocess.py:93} INFO - reponse_20221008.txt
[2022-11-17T16:33:08.125+0000] {subprocess.py:93} INFO - reponse_20221009.txt
[2022-11-17T16:33:08.125+0000] {subprocess.py:93} INFO - reponse_20221010.txt
[2022-11-17T16:33:08.126+0000] {subprocess.py:93} INFO - reponse_20221011.txt
[2022-11-17T16:33:08.126+0000] {subprocess.py:93} INFO - reponse_20221012.txt
[2022-11-17T16:33:08.127+0000] {subprocess.py:93} INFO - reponse_20221013.txt
[2022-11-17T16:33:08.127+0000] {subprocess.py:93} INFO - reponse_20221014.txt
[2022-11-17T16:33:08.128+0000] {subprocess.py:93} INFO - reponse_20221015.txt
[2022-11-17T16:33:08.128+0000] {subprocess.py:93} INFO - reponse_20221016.txt
[2022-11-17T16:33:08.129+0000] {subprocess.py:93} INFO - reponse_20221017.txt
[2022-11-17T16:33:08.129+0000] {subprocess.py:93} INFO - reponse_20221018.txt
[2022-11-17T16:33:08.130+0000] {subprocess.py:93} INFO - reponse_20221019.txt
[2022-11-17T16:33:08.130+0000] {subprocess.py:93} INFO - reponse_20221020.txt
[2022-11-17T16:33:08.131+0000] {subprocess.py:93} INFO - reponse_20221021.txt
[2022-11-17T16:33:08.131+0000] {subprocess.py:93} INFO - reponse_20221022.txt
[2022-11-17T16:33:08.132+0000] {subprocess.py:93} INFO - reponse_20221023.txt
[2022-11-17T16:33:08.132+0000] {subprocess.py:93} INFO - reponse_20221024.txt
[2022-11-17T16:33:08.132+0000] {subprocess.py:93} INFO - reponse_20221025.txt
[2022-11-17T16:33:08.133+0000] {subprocess.py:93} INFO - reponse_20221026.txt
[2022-11-17T16:33:08.133+0000] {subprocess.py:93} INFO - reponse_20221027.txt
[2022-11-17T16:33:08.133+0000] {subprocess.py:93} INFO - reponse_20221028.txt
[2022-11-17T16:33:08.133+0000] {subprocess.py:93} INFO - reponse_20221029.txt
[2022-11-17T16:33:08.134+0000] {subprocess.py:93} INFO - reponse_20221030.txt
[2022-11-17T16:33:08.134+0000] {subprocess.py:93} INFO - reponse_20221031.txt
[2022-11-17T16:33:08.135+0000] {subprocess.py:93} INFO - reponse_20221101.txt
[2022-11-17T16:33:08.135+0000] {subprocess.py:93} INFO - reponse_20221102.txt
[2022-11-17T16:33:08.135+0000] {subprocess.py:93} INFO - reponse_20221103.txt
[2022-11-17T16:33:08.136+0000] {subprocess.py:93} INFO - reponse_20221104.txt
[2022-11-17T16:33:08.136+0000] {subprocess.py:93} INFO - reponse_20221105.txt
[2022-11-17T16:33:08.136+0000] {subprocess.py:93} INFO - reponse_20221106.txt
[2022-11-17T16:33:08.137+0000] {subprocess.py:93} INFO - reponse_20221107.txt
[2022-11-17T16:33:08.137+0000] {subprocess.py:93} INFO - reponse_20221108.txt
[2022-11-17T16:33:08.137+0000] {subprocess.py:93} INFO - reponse_20221109.txt
[2022-11-17T16:33:08.138+0000] {subprocess.py:93} INFO - reponse_20221110.txt
[2022-11-17T16:33:08.138+0000] {subprocess.py:93} INFO - reponse_20221111.txt
[2022-11-17T16:33:08.139+0000] {subprocess.py:93} INFO - reponse_20221112.txt
[2022-11-17T16:33:08.139+0000] {subprocess.py:93} INFO - reponse_20221113.txt
[2022-11-17T16:33:08.139+0000] {subprocess.py:93} INFO - reponse_20221114.txt
[2022-11-17T16:33:08.139+0000] {subprocess.py:93} INFO - reponse_20221115.txt
[2022-11-17T16:33:08.140+0000] {subprocess.py:93} INFO - reponse_20221116.txt
[2022-11-17T16:33:08.140+0000] {subprocess.py:93} INFO - tmp061o5asr
[2022-11-17T16:33:08.140+0000] {subprocess.py:93} INFO - tmp1b_v374g
[2022-11-17T16:33:08.141+0000] {subprocess.py:93} INFO - tmp2n3y4qb3
[2022-11-17T16:33:08.141+0000] {subprocess.py:93} INFO - tmp2ztydtyd
[2022-11-17T16:33:08.141+0000] {subprocess.py:93} INFO - tmp546oqdk0
[2022-11-17T16:33:08.142+0000] {subprocess.py:93} INFO - tmp57roj99h
[2022-11-17T16:33:08.142+0000] {subprocess.py:93} INFO - tmp5lejojs5
[2022-11-17T16:33:08.142+0000] {subprocess.py:93} INFO - tmp5nj2onwa
[2022-11-17T16:33:08.142+0000] {subprocess.py:93} INFO - tmp64cxrvul
[2022-11-17T16:33:08.143+0000] {subprocess.py:93} INFO - tmp6g4l21c1
[2022-11-17T16:33:08.143+0000] {subprocess.py:93} INFO - tmp7c6bgots
[2022-11-17T16:33:08.143+0000] {subprocess.py:93} INFO - tmp7khebugo
[2022-11-17T16:33:08.143+0000] {subprocess.py:93} INFO - tmp7lvtz6wk
[2022-11-17T16:33:08.144+0000] {subprocess.py:93} INFO - tmp8_n1aj39
[2022-11-17T16:33:08.144+0000] {subprocess.py:93} INFO - tmp8c_dsk2e
[2022-11-17T16:33:08.145+0000] {subprocess.py:93} INFO - tmp928ntdt7
[2022-11-17T16:33:08.145+0000] {subprocess.py:93} INFO - tmp9503grtb
[2022-11-17T16:33:08.145+0000] {subprocess.py:93} INFO - tmp_afh1uos
[2022-11-17T16:33:08.145+0000] {subprocess.py:93} INFO - tmp_m6lsnw3
[2022-11-17T16:33:08.146+0000] {subprocess.py:93} INFO - tmp_vy6n6_q
[2022-11-17T16:33:08.146+0000] {subprocess.py:93} INFO - tmpcnj5oj8y
[2022-11-17T16:33:08.146+0000] {subprocess.py:93} INFO - tmpcu_pom_6
[2022-11-17T16:33:08.146+0000] {subprocess.py:93} INFO - tmpdmc2g1zb
[2022-11-17T16:33:08.147+0000] {subprocess.py:93} INFO - tmpe4k1ogev
[2022-11-17T16:33:08.147+0000] {subprocess.py:93} INFO - tmpg_n88zm7
[2022-11-17T16:33:08.147+0000] {subprocess.py:93} INFO - tmpgg8mkst1
[2022-11-17T16:33:08.148+0000] {subprocess.py:93} INFO - tmpgi8v82jx
[2022-11-17T16:33:08.148+0000] {subprocess.py:93} INFO - tmpiez6kail
[2022-11-17T16:33:08.148+0000] {subprocess.py:93} INFO - tmpj1n4wxza
[2022-11-17T16:33:08.148+0000] {subprocess.py:93} INFO - tmpjsznho2e
[2022-11-17T16:33:08.149+0000] {subprocess.py:93} INFO - tmpkrg9_cgk
[2022-11-17T16:33:08.149+0000] {subprocess.py:93} INFO - tmpl13ymsfs
[2022-11-17T16:33:08.150+0000] {subprocess.py:93} INFO - tmplrbhl64b
[2022-11-17T16:33:08.150+0000] {subprocess.py:93} INFO - tmpn38ozedg
[2022-11-17T16:33:08.150+0000] {subprocess.py:93} INFO - tmpn96u_4ih
[2022-11-17T16:33:08.151+0000] {subprocess.py:93} INFO - tmpo3nf6k5c
[2022-11-17T16:33:08.151+0000] {subprocess.py:93} INFO - tmpoy_ljy8t
[2022-11-17T16:33:08.151+0000] {subprocess.py:93} INFO - tmpp4w9yq6x
[2022-11-17T16:33:08.151+0000] {subprocess.py:93} INFO - tmppfidxzjr
[2022-11-17T16:33:08.152+0000] {subprocess.py:93} INFO - tmpr681bhfw
[2022-11-17T16:33:08.152+0000] {subprocess.py:93} INFO - tmpr9102hwf
[2022-11-17T16:33:08.152+0000] {subprocess.py:93} INFO - tmpt4qo16oq
[2022-11-17T16:33:08.153+0000] {subprocess.py:93} INFO - tmptn832g5z
[2022-11-17T16:33:08.153+0000] {subprocess.py:93} INFO - tmpu9qbl0wh
[2022-11-17T16:33:08.153+0000] {subprocess.py:93} INFO - tmpuq8ywung
[2022-11-17T16:33:08.153+0000] {subprocess.py:93} INFO - tmpv606o9_9
[2022-11-17T16:33:08.154+0000] {subprocess.py:93} INFO - tmpxf7g1lc4
[2022-11-17T16:33:08.154+0000] {subprocess.py:93} INFO - tmpxktobcjf
[2022-11-17T16:33:08.155+0000] {subprocess.py:93} INFO - tmpz91iizm7
[2022-11-17T16:33:08.155+0000] {subprocess.py:93} INFO - ,student,timestamp
[2022-11-17T16:33:08.155+0000] {subprocess.py:93} INFO - 0,Maria Cruz,2022-10-18 00:00:00+00:00
[2022-11-17T16:33:08.155+0000] {subprocess.py:93} INFO - 1,Daniel Crema,2022-10-18 00:00:00+00:00
[2022-11-17T16:33:08.156+0000] {subprocess.py:93} INFO - 2,Elon Musk,2022-10-18 00:00:00+00:00
[2022-11-17T16:33:08.156+0000] {subprocess.py:93} INFO - 3,Karol Castrejon,2022-10-18 00:00:00+00:00
[2022-11-17T16:33:08.156+0000] {subprocess.py:93} INFO - 4,Freddy Vega,2022-10-18 00:00:00+00:00
[2022-11-17T16:33:08.157+0000] {subprocess.py:93} INFO - 5,Freddy Montañez,2022-10-18 00:00:00+00:00
[2022-11-17T16:33:08.157+0000] {subprocess.py:97} INFO - Command exited with return code 0
[2022-11-17T16:33:08.186+0000] {taskinstance.py:1406} INFO - Marking task as SUCCESS. dag_id=MyPersonalAirflowProject, task_id=Print_Imported_data, execution_date=20221018T000000, start_date=20221117T163307, end_date=20221117T163308
[2022-11-17T16:33:08.224+0000] {local_task_job.py:164} INFO - Task exited with return code 0
[2022-11-17T16:33:08.251+0000] {local_task_job.py:273} INFO - 2 downstream tasks scheduled from follow-on schedule check
[2022-11-17T17:25:14.727+0000] {taskinstance.py:1165} INFO - Dependencies all met for <TaskInstance: MyPersonalAirflowProject.Print_Imported_data scheduled__2022-10-18T00:00:00+00:00 [queued]>
[2022-11-17T17:25:14.742+0000] {taskinstance.py:1165} INFO - Dependencies all met for <TaskInstance: MyPersonalAirflowProject.Print_Imported_data scheduled__2022-10-18T00:00:00+00:00 [queued]>
[2022-11-17T17:25:14.742+0000] {taskinstance.py:1362} INFO - 
--------------------------------------------------------------------------------
[2022-11-17T17:25:14.743+0000] {taskinstance.py:1363} INFO - Starting attempt 1 of 1
[2022-11-17T17:25:14.743+0000] {taskinstance.py:1364} INFO - 
--------------------------------------------------------------------------------
[2022-11-17T17:25:14.762+0000] {taskinstance.py:1383} INFO - Executing <Task(BashOperator): Print_Imported_data> on 2022-10-18 00:00:00+00:00
[2022-11-17T17:25:14.768+0000] {standard_task_runner.py:55} INFO - Started process 7387 to run task
[2022-11-17T17:25:14.771+0000] {standard_task_runner.py:82} INFO - Running: ['***', 'tasks', 'run', 'MyPersonalAirflowProject', 'Print_Imported_data', 'scheduled__2022-10-18T00:00:00+00:00', '--job-id', '2575', '--raw', '--subdir', 'DAGS_FOLDER/FinalPersonalProject.py', '--cfg-path', '/tmp/tmpgly9_7at']
[2022-11-17T17:25:14.771+0000] {standard_task_runner.py:83} INFO - Job 2575: Subtask Print_Imported_data
[2022-11-17T17:25:14.935+0000] {task_command.py:376} INFO - Running <TaskInstance: MyPersonalAirflowProject.Print_Imported_data scheduled__2022-10-18T00:00:00+00:00 [running]> on host 638485efabe7
[2022-11-17T17:25:15.015+0000] {taskinstance.py:1592} INFO - Exporting the following env vars:
AIRFLOW_CTX_DAG_OWNER=***
AIRFLOW_CTX_DAG_ID=MyPersonalAirflowProject
AIRFLOW_CTX_TASK_ID=Print_Imported_data
AIRFLOW_CTX_EXECUTION_DATE=2022-10-18T00:00:00+00:00
AIRFLOW_CTX_TRY_NUMBER=1
AIRFLOW_CTX_DAG_RUN_ID=scheduled__2022-10-18T00:00:00+00:00
[2022-11-17T17:25:15.016+0000] {subprocess.py:63} INFO - Tmp dir root location: 
 /tmp
[2022-11-17T17:25:15.017+0000] {subprocess.py:75} INFO - Running command: ['/bin/bash', '-c', 'ls /tmp/ && head /tmp/platzi_data_20221018.csv']
[2022-11-17T17:25:15.029+0000] {subprocess.py:86} INFO - Output:
[2022-11-17T17:25:15.036+0000] {subprocess.py:93} INFO - ***tmpk5xxq3nx
[2022-11-17T17:25:15.037+0000] {subprocess.py:93} INFO - ***tmplkvca7ip
[2022-11-17T17:25:15.037+0000] {subprocess.py:93} INFO - ***tmpodkacs8z
[2022-11-17T17:25:15.038+0000] {subprocess.py:93} INFO - ***tmpvmo8m0ub
[2022-11-17T17:25:15.038+0000] {subprocess.py:93} INFO - file.txt
[2022-11-17T17:25:15.039+0000] {subprocess.py:93} INFO - history.json
[2022-11-17T17:25:15.039+0000] {subprocess.py:93} INFO - platzi_data_20221001.csv
[2022-11-17T17:25:15.040+0000] {subprocess.py:93} INFO - platzi_data_20221002.csv
[2022-11-17T17:25:15.040+0000] {subprocess.py:93} INFO - platzi_data_20221003.csv
[2022-11-17T17:25:15.041+0000] {subprocess.py:93} INFO - platzi_data_20221004.csv
[2022-11-17T17:25:15.041+0000] {subprocess.py:93} INFO - platzi_data_20221005.csv
[2022-11-17T17:25:15.041+0000] {subprocess.py:93} INFO - platzi_data_20221006.csv
[2022-11-17T17:25:15.042+0000] {subprocess.py:93} INFO - platzi_data_20221007.csv
[2022-11-17T17:25:15.042+0000] {subprocess.py:93} INFO - platzi_data_20221008.csv
[2022-11-17T17:25:15.042+0000] {subprocess.py:93} INFO - platzi_data_20221009.csv
[2022-11-17T17:25:15.043+0000] {subprocess.py:93} INFO - platzi_data_20221010.csv
[2022-11-17T17:25:15.043+0000] {subprocess.py:93} INFO - platzi_data_20221011.csv
[2022-11-17T17:25:15.044+0000] {subprocess.py:93} INFO - platzi_data_20221012.csv
[2022-11-17T17:25:15.044+0000] {subprocess.py:93} INFO - platzi_data_20221013.csv
[2022-11-17T17:25:15.044+0000] {subprocess.py:93} INFO - platzi_data_20221014.csv
[2022-11-17T17:25:15.045+0000] {subprocess.py:93} INFO - platzi_data_20221015.csv
[2022-11-17T17:25:15.045+0000] {subprocess.py:93} INFO - platzi_data_20221016.csv
[2022-11-17T17:25:15.046+0000] {subprocess.py:93} INFO - platzi_data_20221017.csv
[2022-11-17T17:25:15.046+0000] {subprocess.py:93} INFO - platzi_data_20221018.csv
[2022-11-17T17:25:15.047+0000] {subprocess.py:93} INFO - platzi_data_20221019.csv
[2022-11-17T17:25:15.047+0000] {subprocess.py:93} INFO - platzi_data_20221020.csv
[2022-11-17T17:25:15.047+0000] {subprocess.py:93} INFO - platzi_data_20221021.csv
[2022-11-17T17:25:15.048+0000] {subprocess.py:93} INFO - platzi_data_20221022.csv
[2022-11-17T17:25:15.048+0000] {subprocess.py:93} INFO - platzi_data_20221023.csv
[2022-11-17T17:25:15.048+0000] {subprocess.py:93} INFO - platzi_data_20221024.csv
[2022-11-17T17:25:15.049+0000] {subprocess.py:93} INFO - platzi_data_20221025.csv
[2022-11-17T17:25:15.049+0000] {subprocess.py:93} INFO - platzi_data_20221026.csv
[2022-11-17T17:25:15.049+0000] {subprocess.py:93} INFO - platzi_data_20221027.csv
[2022-11-17T17:25:15.050+0000] {subprocess.py:93} INFO - platzi_data_20221028.csv
[2022-11-17T17:25:15.050+0000] {subprocess.py:93} INFO - platzi_data_20221029.csv
[2022-11-17T17:25:15.050+0000] {subprocess.py:93} INFO - platzi_data_20221030.csv
[2022-11-17T17:25:15.050+0000] {subprocess.py:93} INFO - platzi_data_20221031.csv
[2022-11-17T17:25:15.051+0000] {subprocess.py:93} INFO - platzi_data_20221101.csv
[2022-11-17T17:25:15.051+0000] {subprocess.py:93} INFO - platzi_data_20221102.csv
[2022-11-17T17:25:15.051+0000] {subprocess.py:93} INFO - platzi_data_20221103.csv
[2022-11-17T17:25:15.051+0000] {subprocess.py:93} INFO - platzi_data_20221104.csv
[2022-11-17T17:25:15.052+0000] {subprocess.py:93} INFO - platzi_data_20221105.csv
[2022-11-17T17:25:15.052+0000] {subprocess.py:93} INFO - platzi_data_20221106.csv
[2022-11-17T17:25:15.052+0000] {subprocess.py:93} INFO - platzi_data_20221107.csv
[2022-11-17T17:25:15.053+0000] {subprocess.py:93} INFO - platzi_data_20221108.csv
[2022-11-17T17:25:15.053+0000] {subprocess.py:93} INFO - platzi_data_20221109.csv
[2022-11-17T17:25:15.053+0000] {subprocess.py:93} INFO - platzi_data_20221110.csv
[2022-11-17T17:25:15.053+0000] {subprocess.py:93} INFO - platzi_data_20221111.csv
[2022-11-17T17:25:15.054+0000] {subprocess.py:93} INFO - platzi_data_20221112.csv
[2022-11-17T17:25:15.055+0000] {subprocess.py:93} INFO - platzi_data_20221113.csv
[2022-11-17T17:25:15.055+0000] {subprocess.py:93} INFO - platzi_data_20221114.csv
[2022-11-17T17:25:15.055+0000] {subprocess.py:93} INFO - platzi_data_20221115.csv
[2022-11-17T17:25:15.055+0000] {subprocess.py:93} INFO - platzi_data_20221116.csv
[2022-11-17T17:25:15.056+0000] {subprocess.py:93} INFO - pymp-8yik9lbi
[2022-11-17T17:25:15.056+0000] {subprocess.py:93} INFO - pymp-sbqt6pho
[2022-11-17T17:25:15.056+0000] {subprocess.py:93} INFO - reponse_20221001.txt
[2022-11-17T17:25:15.057+0000] {subprocess.py:93} INFO - reponse_20221002.txt
[2022-11-17T17:25:15.057+0000] {subprocess.py:93} INFO - reponse_20221003.txt
[2022-11-17T17:25:15.057+0000] {subprocess.py:93} INFO - reponse_20221004.txt
[2022-11-17T17:25:15.057+0000] {subprocess.py:93} INFO - reponse_20221005.txt
[2022-11-17T17:25:15.058+0000] {subprocess.py:93} INFO - reponse_20221006.txt
[2022-11-17T17:25:15.058+0000] {subprocess.py:93} INFO - reponse_20221007.txt
[2022-11-17T17:25:15.058+0000] {subprocess.py:93} INFO - reponse_20221008.txt
[2022-11-17T17:25:15.058+0000] {subprocess.py:93} INFO - reponse_20221009.txt
[2022-11-17T17:25:15.059+0000] {subprocess.py:93} INFO - reponse_20221010.txt
[2022-11-17T17:25:15.059+0000] {subprocess.py:93} INFO - reponse_20221011.txt
[2022-11-17T17:25:15.059+0000] {subprocess.py:93} INFO - reponse_20221012.txt
[2022-11-17T17:25:15.060+0000] {subprocess.py:93} INFO - reponse_20221013.txt
[2022-11-17T17:25:15.060+0000] {subprocess.py:93} INFO - reponse_20221014.txt
[2022-11-17T17:25:15.060+0000] {subprocess.py:93} INFO - reponse_20221015.txt
[2022-11-17T17:25:15.061+0000] {subprocess.py:93} INFO - reponse_20221016.txt
[2022-11-17T17:25:15.061+0000] {subprocess.py:93} INFO - reponse_20221017.txt
[2022-11-17T17:25:15.061+0000] {subprocess.py:93} INFO - reponse_20221018.txt
[2022-11-17T17:25:15.062+0000] {subprocess.py:93} INFO - reponse_20221019.txt
[2022-11-17T17:25:15.062+0000] {subprocess.py:93} INFO - reponse_20221020.txt
[2022-11-17T17:25:15.062+0000] {subprocess.py:93} INFO - reponse_20221021.txt
[2022-11-17T17:25:15.062+0000] {subprocess.py:93} INFO - reponse_20221022.txt
[2022-11-17T17:25:15.063+0000] {subprocess.py:93} INFO - reponse_20221023.txt
[2022-11-17T17:25:15.063+0000] {subprocess.py:93} INFO - reponse_20221024.txt
[2022-11-17T17:25:15.063+0000] {subprocess.py:93} INFO - reponse_20221025.txt
[2022-11-17T17:25:15.064+0000] {subprocess.py:93} INFO - reponse_20221026.txt
[2022-11-17T17:25:15.064+0000] {subprocess.py:93} INFO - reponse_20221027.txt
[2022-11-17T17:25:15.064+0000] {subprocess.py:93} INFO - reponse_20221028.txt
[2022-11-17T17:25:15.064+0000] {subprocess.py:93} INFO - reponse_20221029.txt
[2022-11-17T17:25:15.065+0000] {subprocess.py:93} INFO - reponse_20221030.txt
[2022-11-17T17:25:15.065+0000] {subprocess.py:93} INFO - reponse_20221031.txt
[2022-11-17T17:25:15.065+0000] {subprocess.py:93} INFO - reponse_20221101.txt
[2022-11-17T17:25:15.066+0000] {subprocess.py:93} INFO - reponse_20221102.txt
[2022-11-17T17:25:15.066+0000] {subprocess.py:93} INFO - reponse_20221103.txt
[2022-11-17T17:25:15.066+0000] {subprocess.py:93} INFO - reponse_20221104.txt
[2022-11-17T17:25:15.066+0000] {subprocess.py:93} INFO - reponse_20221105.txt
[2022-11-17T17:25:15.067+0000] {subprocess.py:93} INFO - reponse_20221106.txt
[2022-11-17T17:25:15.067+0000] {subprocess.py:93} INFO - reponse_20221107.txt
[2022-11-17T17:25:15.067+0000] {subprocess.py:93} INFO - reponse_20221108.txt
[2022-11-17T17:25:15.068+0000] {subprocess.py:93} INFO - reponse_20221109.txt
[2022-11-17T17:25:15.068+0000] {subprocess.py:93} INFO - reponse_20221110.txt
[2022-11-17T17:25:15.068+0000] {subprocess.py:93} INFO - reponse_20221111.txt
[2022-11-17T17:25:15.068+0000] {subprocess.py:93} INFO - reponse_20221112.txt
[2022-11-17T17:25:15.069+0000] {subprocess.py:93} INFO - reponse_20221113.txt
[2022-11-17T17:25:15.069+0000] {subprocess.py:93} INFO - reponse_20221114.txt
[2022-11-17T17:25:15.069+0000] {subprocess.py:93} INFO - reponse_20221115.txt
[2022-11-17T17:25:15.070+0000] {subprocess.py:93} INFO - reponse_20221116.txt
[2022-11-17T17:25:15.070+0000] {subprocess.py:93} INFO - tmp061o5asr
[2022-11-17T17:25:15.070+0000] {subprocess.py:93} INFO - tmp1b_v374g
[2022-11-17T17:25:15.070+0000] {subprocess.py:93} INFO - tmp2n3y4qb3
[2022-11-17T17:25:15.071+0000] {subprocess.py:93} INFO - tmp2ztydtyd
[2022-11-17T17:25:15.071+0000] {subprocess.py:93} INFO - tmp546oqdk0
[2022-11-17T17:25:15.071+0000] {subprocess.py:93} INFO - tmp57roj99h
[2022-11-17T17:25:15.072+0000] {subprocess.py:93} INFO - tmp5lejojs5
[2022-11-17T17:25:15.072+0000] {subprocess.py:93} INFO - tmp5nj2onwa
[2022-11-17T17:25:15.072+0000] {subprocess.py:93} INFO - tmp64cxrvul
[2022-11-17T17:25:15.072+0000] {subprocess.py:93} INFO - tmp6g4l21c1
[2022-11-17T17:25:15.073+0000] {subprocess.py:93} INFO - tmp7c6bgots
[2022-11-17T17:25:15.073+0000] {subprocess.py:93} INFO - tmp7khebugo
[2022-11-17T17:25:15.073+0000] {subprocess.py:93} INFO - tmp7lvtz6wk
[2022-11-17T17:25:15.073+0000] {subprocess.py:93} INFO - tmp8_n1aj39
[2022-11-17T17:25:15.074+0000] {subprocess.py:93} INFO - tmp8c_dsk2e
[2022-11-17T17:25:15.074+0000] {subprocess.py:93} INFO - tmp928ntdt7
[2022-11-17T17:25:15.074+0000] {subprocess.py:93} INFO - tmp9503grtb
[2022-11-17T17:25:15.075+0000] {subprocess.py:93} INFO - tmp_afh1uos
[2022-11-17T17:25:15.075+0000] {subprocess.py:93} INFO - tmp_m6lsnw3
[2022-11-17T17:25:15.076+0000] {subprocess.py:93} INFO - tmp_vy6n6_q
[2022-11-17T17:25:15.076+0000] {subprocess.py:93} INFO - tmpcnj5oj8y
[2022-11-17T17:25:15.076+0000] {subprocess.py:93} INFO - tmpcu_pom_6
[2022-11-17T17:25:15.076+0000] {subprocess.py:93} INFO - tmpdmc2g1zb
[2022-11-17T17:25:15.077+0000] {subprocess.py:93} INFO - tmpe4k1ogev
[2022-11-17T17:25:15.077+0000] {subprocess.py:93} INFO - tmpg_n88zm7
[2022-11-17T17:25:15.077+0000] {subprocess.py:93} INFO - tmpgg8mkst1
[2022-11-17T17:25:15.078+0000] {subprocess.py:93} INFO - tmpgi8v82jx
[2022-11-17T17:25:15.078+0000] {subprocess.py:93} INFO - tmpiez6kail
[2022-11-17T17:25:15.078+0000] {subprocess.py:93} INFO - tmpj1n4wxza
[2022-11-17T17:25:15.079+0000] {subprocess.py:93} INFO - tmpjsznho2e
[2022-11-17T17:25:15.079+0000] {subprocess.py:93} INFO - tmpkrg9_cgk
[2022-11-17T17:25:15.079+0000] {subprocess.py:93} INFO - tmpl13ymsfs
[2022-11-17T17:25:15.079+0000] {subprocess.py:93} INFO - tmplrbhl64b
[2022-11-17T17:25:15.080+0000] {subprocess.py:93} INFO - tmpn38ozedg
[2022-11-17T17:25:15.080+0000] {subprocess.py:93} INFO - tmpn96u_4ih
[2022-11-17T17:25:15.080+0000] {subprocess.py:93} INFO - tmpo3nf6k5c
[2022-11-17T17:25:15.080+0000] {subprocess.py:93} INFO - tmpoy_ljy8t
[2022-11-17T17:25:15.081+0000] {subprocess.py:93} INFO - tmpp4w9yq6x
[2022-11-17T17:25:15.081+0000] {subprocess.py:93} INFO - tmppfidxzjr
[2022-11-17T17:25:15.081+0000] {subprocess.py:93} INFO - tmpr681bhfw
[2022-11-17T17:25:15.082+0000] {subprocess.py:93} INFO - tmpr9102hwf
[2022-11-17T17:25:15.082+0000] {subprocess.py:93} INFO - tmpt4qo16oq
[2022-11-17T17:25:15.082+0000] {subprocess.py:93} INFO - tmptn832g5z
[2022-11-17T17:25:15.082+0000] {subprocess.py:93} INFO - tmpu9qbl0wh
[2022-11-17T17:25:15.083+0000] {subprocess.py:93} INFO - tmpuq8ywung
[2022-11-17T17:25:15.083+0000] {subprocess.py:93} INFO - tmpv606o9_9
[2022-11-17T17:25:15.083+0000] {subprocess.py:93} INFO - tmpxf7g1lc4
[2022-11-17T17:25:15.083+0000] {subprocess.py:93} INFO - tmpxktobcjf
[2022-11-17T17:25:15.084+0000] {subprocess.py:93} INFO - tmpz91iizm7
[2022-11-17T17:25:15.084+0000] {subprocess.py:93} INFO - ,student,timestamp
[2022-11-17T17:25:15.084+0000] {subprocess.py:93} INFO - 0,Maria Cruz,2022-10-18 00:00:00+00:00
[2022-11-17T17:25:15.085+0000] {subprocess.py:93} INFO - 1,Daniel Crema,2022-10-18 00:00:00+00:00
[2022-11-17T17:25:15.085+0000] {subprocess.py:93} INFO - 2,Elon Musk,2022-10-18 00:00:00+00:00
[2022-11-17T17:25:15.085+0000] {subprocess.py:93} INFO - 3,Karol Castrejon,2022-10-18 00:00:00+00:00
[2022-11-17T17:25:15.086+0000] {subprocess.py:93} INFO - 4,Freddy Vega,2022-10-18 00:00:00+00:00
[2022-11-17T17:25:15.086+0000] {subprocess.py:93} INFO - 5,Freddy Montañez,2022-10-18 00:00:00+00:00
[2022-11-17T17:25:15.086+0000] {subprocess.py:97} INFO - Command exited with return code 0
[2022-11-17T17:25:15.114+0000] {taskinstance.py:1406} INFO - Marking task as SUCCESS. dag_id=MyPersonalAirflowProject, task_id=Print_Imported_data, execution_date=20221018T000000, start_date=20221117T172514, end_date=20221117T172515
[2022-11-17T17:25:15.145+0000] {local_task_job.py:164} INFO - Task exited with return code 0
[2022-11-17T17:25:15.172+0000] {local_task_job.py:273} INFO - 2 downstream tasks scheduled from follow-on schedule check
