[2022-11-04T19:48:50.881+0000] {taskinstance.py:1165} INFO - Dependencies all met for <TaskInstance: orquestation.TASK1 scheduled__2022-05-17T00:00:00+00:00 [queued]>
[2022-11-04T19:48:50.916+0000] {taskinstance.py:1165} INFO - Dependencies all met for <TaskInstance: orquestation.TASK1 scheduled__2022-05-17T00:00:00+00:00 [queued]>
[2022-11-04T19:48:50.917+0000] {taskinstance.py:1362} INFO - 
--------------------------------------------------------------------------------
[2022-11-04T19:48:50.918+0000] {taskinstance.py:1363} INFO - Starting attempt 1 of 1
[2022-11-04T19:48:50.920+0000] {taskinstance.py:1364} INFO - 
--------------------------------------------------------------------------------
[2022-11-04T19:48:50.977+0000] {taskinstance.py:1383} INFO - Executing <Task(BashOperator): TASK1> on 2022-05-17 00:00:00+00:00
[2022-11-04T19:48:50.990+0000] {standard_task_runner.py:55} INFO - Started process 253 to run task
[2022-11-04T19:48:50.998+0000] {standard_task_runner.py:82} INFO - Running: ['***', 'tasks', 'run', 'orquestation', 'TASK1', 'scheduled__2022-05-17T00:00:00+00:00', '--job-id', '19', '--raw', '--subdir', 'DAGS_FOLDER/5.1-orquestacion.py', '--cfg-path', '/tmp/tmpofqnn4r7']
[2022-11-04T19:48:50.999+0000] {standard_task_runner.py:83} INFO - Job 19: Subtask TASK1
[2022-11-04T19:48:50.862+0000] {task_command.py:376} INFO - Running <TaskInstance: orquestation.TASK1 scheduled__2022-05-17T00:00:00+00:00 [running]> on host 208ed96b478a
[2022-11-04T19:48:51.004+0000] {taskinstance.py:1592} INFO - Exporting the following env vars:
AIRFLOW_CTX_DAG_OWNER=***
AIRFLOW_CTX_DAG_ID=orquestation
AIRFLOW_CTX_TASK_ID=TASK1
AIRFLOW_CTX_EXECUTION_DATE=2022-05-17T00:00:00+00:00
AIRFLOW_CTX_TRY_NUMBER=1
AIRFLOW_CTX_DAG_RUN_ID=scheduled__2022-05-17T00:00:00+00:00
[2022-11-04T19:48:51.006+0000] {subprocess.py:63} INFO - Tmp dir root location: 
 /tmp
[2022-11-04T19:48:51.007+0000] {subprocess.py:75} INFO - Running command: ['/bin/bash', '-c', "SLEEP 2 && ECHO 'TASK1'"]
[2022-11-04T19:48:51.030+0000] {subprocess.py:86} INFO - Output:
[2022-11-04T19:48:51.033+0000] {subprocess.py:93} INFO - /bin/bash: line 1: SLEEP: command not found
[2022-11-04T19:48:51.035+0000] {subprocess.py:97} INFO - Command exited with return code 127
[2022-11-04T19:48:51.057+0000] {taskinstance.py:1851} ERROR - Task failed with exception
Traceback (most recent call last):
  File "/home/airflow/.local/lib/python3.7/site-packages/airflow/operators/bash.py", line 197, in execute
    f'Bash command failed. The command returned a non-zero exit code {result.exit_code}.'
airflow.exceptions.AirflowException: Bash command failed. The command returned a non-zero exit code 127.
[2022-11-04T19:48:51.063+0000] {taskinstance.py:1406} INFO - Marking task as FAILED. dag_id=orquestation, task_id=TASK1, execution_date=20220517T000000, start_date=20221104T194850, end_date=20221104T194851
[2022-11-04T19:48:51.088+0000] {standard_task_runner.py:105} ERROR - Failed to execute job 19 for task TASK1 (Bash command failed. The command returned a non-zero exit code 127.; 253)
[2022-11-04T19:48:51.111+0000] {local_task_job.py:164} INFO - Task exited with return code 1
[2022-11-04T19:48:51.174+0000] {local_task_job.py:273} INFO - 0 downstream tasks scheduled from follow-on schedule check
[2022-11-04T21:13:21.651+0000] {taskinstance.py:1165} INFO - Dependencies all met for <TaskInstance: orquestation.task1 scheduled__2022-05-17T00:00:00+00:00 [queued]>
[2022-11-04T21:13:21.672+0000] {taskinstance.py:1165} INFO - Dependencies all met for <TaskInstance: orquestation.task1 scheduled__2022-05-17T00:00:00+00:00 [queued]>
[2022-11-04T21:13:21.673+0000] {taskinstance.py:1362} INFO - 
--------------------------------------------------------------------------------
[2022-11-04T21:13:21.673+0000] {taskinstance.py:1363} INFO - Starting attempt 1 of 1
[2022-11-04T21:13:21.673+0000] {taskinstance.py:1364} INFO - 
--------------------------------------------------------------------------------
[2022-11-04T21:13:21.696+0000] {taskinstance.py:1383} INFO - Executing <Task(BashOperator): task1> on 2022-05-17 00:00:00+00:00
[2022-11-04T21:13:21.706+0000] {standard_task_runner.py:55} INFO - Started process 381 to run task
[2022-11-04T21:13:21.709+0000] {standard_task_runner.py:82} INFO - Running: ['***', 'tasks', 'run', 'orquestation', 'task1', 'scheduled__2022-05-17T00:00:00+00:00', '--job-id', '94', '--raw', '--subdir', 'DAGS_FOLDER/5.1-orquestacion.py', '--cfg-path', '/tmp/tmpdtn7oeuq']
[2022-11-04T21:13:21.710+0000] {standard_task_runner.py:83} INFO - Job 94: Subtask task1
[2022-11-04T21:13:21.786+0000] {task_command.py:376} INFO - Running <TaskInstance: orquestation.task1 scheduled__2022-05-17T00:00:00+00:00 [running]> on host 643e334f405f
[2022-11-04T21:13:21.881+0000] {taskinstance.py:1592} INFO - Exporting the following env vars:
AIRFLOW_CTX_DAG_OWNER=***
AIRFLOW_CTX_DAG_ID=orquestation
AIRFLOW_CTX_TASK_ID=task1
AIRFLOW_CTX_EXECUTION_DATE=2022-05-17T00:00:00+00:00
AIRFLOW_CTX_TRY_NUMBER=1
AIRFLOW_CTX_DAG_RUN_ID=scheduled__2022-05-17T00:00:00+00:00
[2022-11-04T21:13:21.899+0000] {subprocess.py:63} INFO - Tmp dir root location: 
 /tmp
[2022-11-04T21:13:21.900+0000] {subprocess.py:75} INFO - Running command: ['/bin/bash', '-c', "sleep 2 && echo 'task1'"]
[2022-11-04T21:13:21.919+0000] {subprocess.py:86} INFO - Output:
[2022-11-04T21:13:23.968+0000] {subprocess.py:93} INFO - task1
[2022-11-04T21:13:23.968+0000] {subprocess.py:97} INFO - Command exited with return code 0
[2022-11-04T21:13:23.995+0000] {taskinstance.py:1406} INFO - Marking task as SUCCESS. dag_id=orquestation, task_id=task1, execution_date=20220517T000000, start_date=20221104T211321, end_date=20221104T211323
[2022-11-04T21:13:24.050+0000] {local_task_job.py:164} INFO - Task exited with return code 0
[2022-11-04T21:13:24.088+0000] {local_task_job.py:273} INFO - 0 downstream tasks scheduled from follow-on schedule check
[2022-11-04T21:32:49.731+0000] {taskinstance.py:1165} INFO - Dependencies all met for <TaskInstance: orquestation.task1 scheduled__2022-05-17T00:00:00+00:00 [queued]>
[2022-11-04T21:32:49.757+0000] {taskinstance.py:1165} INFO - Dependencies all met for <TaskInstance: orquestation.task1 scheduled__2022-05-17T00:00:00+00:00 [queued]>
[2022-11-04T21:32:49.758+0000] {taskinstance.py:1362} INFO - 
--------------------------------------------------------------------------------
[2022-11-04T21:32:49.758+0000] {taskinstance.py:1363} INFO - Starting attempt 1 of 1
[2022-11-04T21:32:49.759+0000] {taskinstance.py:1364} INFO - 
--------------------------------------------------------------------------------
[2022-11-04T21:32:49.785+0000] {taskinstance.py:1383} INFO - Executing <Task(BashOperator): task1> on 2022-05-17 00:00:00+00:00
[2022-11-04T21:32:49.793+0000] {standard_task_runner.py:55} INFO - Started process 920 to run task
[2022-11-04T21:32:49.800+0000] {standard_task_runner.py:82} INFO - Running: ['***', 'tasks', 'run', 'orquestation', 'task1', 'scheduled__2022-05-17T00:00:00+00:00', '--job-id', '172', '--raw', '--subdir', 'DAGS_FOLDER/5.1-orquestacion.py', '--cfg-path', '/tmp/tmpqkvpsyqo']
[2022-11-04T21:32:49.801+0000] {standard_task_runner.py:83} INFO - Job 172: Subtask task1
[2022-11-04T21:32:49.902+0000] {task_command.py:376} INFO - Running <TaskInstance: orquestation.task1 scheduled__2022-05-17T00:00:00+00:00 [running]> on host 643e334f405f
[2022-11-04T21:32:50.011+0000] {taskinstance.py:1592} INFO - Exporting the following env vars:
AIRFLOW_CTX_DAG_OWNER=***
AIRFLOW_CTX_DAG_ID=orquestation
AIRFLOW_CTX_TASK_ID=task1
AIRFLOW_CTX_EXECUTION_DATE=2022-05-17T00:00:00+00:00
AIRFLOW_CTX_TRY_NUMBER=1
AIRFLOW_CTX_DAG_RUN_ID=scheduled__2022-05-17T00:00:00+00:00
[2022-11-04T21:32:50.014+0000] {subprocess.py:63} INFO - Tmp dir root location: 
 /tmp
[2022-11-04T21:32:50.016+0000] {subprocess.py:75} INFO - Running command: ['/bin/bash', '-c', "sleep 2 && echo 'task1'"]
[2022-11-04T21:32:50.036+0000] {subprocess.py:86} INFO - Output:
[2022-11-04T21:32:52.050+0000] {subprocess.py:93} INFO - task1
[2022-11-04T21:32:52.051+0000] {subprocess.py:97} INFO - Command exited with return code 0
[2022-11-04T21:32:52.100+0000] {taskinstance.py:1406} INFO - Marking task as SUCCESS. dag_id=orquestation, task_id=task1, execution_date=20220517T000000, start_date=20221104T213249, end_date=20221104T213252
[2022-11-04T21:32:52.139+0000] {local_task_job.py:164} INFO - Task exited with return code 0
[2022-11-04T21:32:52.210+0000] {local_task_job.py:273} INFO - 1 downstream tasks scheduled from follow-on schedule check
[2022-11-04T21:42:55.140+0000] {taskinstance.py:1165} INFO - Dependencies all met for <TaskInstance: orquestation.task1 scheduled__2022-05-17T00:00:00+00:00 [queued]>
[2022-11-04T21:42:55.155+0000] {taskinstance.py:1165} INFO - Dependencies all met for <TaskInstance: orquestation.task1 scheduled__2022-05-17T00:00:00+00:00 [queued]>
[2022-11-04T21:42:55.156+0000] {taskinstance.py:1362} INFO - 
--------------------------------------------------------------------------------
[2022-11-04T21:42:55.156+0000] {taskinstance.py:1363} INFO - Starting attempt 1 of 1
[2022-11-04T21:42:55.157+0000] {taskinstance.py:1364} INFO - 
--------------------------------------------------------------------------------
[2022-11-04T21:42:55.173+0000] {taskinstance.py:1383} INFO - Executing <Task(BashOperator): task1> on 2022-05-17 00:00:00+00:00
[2022-11-04T21:42:55.179+0000] {standard_task_runner.py:55} INFO - Started process 1978 to run task
[2022-11-04T21:42:55.182+0000] {standard_task_runner.py:82} INFO - Running: ['***', 'tasks', 'run', 'orquestation', 'task1', 'scheduled__2022-05-17T00:00:00+00:00', '--job-id', '319', '--raw', '--subdir', 'DAGS_FOLDER/5.1-orquestacion.py', '--cfg-path', '/tmp/tmpyz4q2ncl']
[2022-11-04T21:42:55.183+0000] {standard_task_runner.py:83} INFO - Job 319: Subtask task1
[2022-11-04T21:42:55.244+0000] {task_command.py:376} INFO - Running <TaskInstance: orquestation.task1 scheduled__2022-05-17T00:00:00+00:00 [running]> on host 643e334f405f
[2022-11-04T21:42:55.316+0000] {taskinstance.py:1592} INFO - Exporting the following env vars:
AIRFLOW_CTX_DAG_OWNER=***
AIRFLOW_CTX_DAG_ID=orquestation
AIRFLOW_CTX_TASK_ID=task1
AIRFLOW_CTX_EXECUTION_DATE=2022-05-17T00:00:00+00:00
AIRFLOW_CTX_TRY_NUMBER=1
AIRFLOW_CTX_DAG_RUN_ID=scheduled__2022-05-17T00:00:00+00:00
[2022-11-04T21:42:55.317+0000] {subprocess.py:63} INFO - Tmp dir root location: 
 /tmp
[2022-11-04T21:42:55.318+0000] {subprocess.py:75} INFO - Running command: ['/bin/bash', '-c', "sleep 2 && echo 'task1'"]
[2022-11-04T21:42:55.330+0000] {subprocess.py:86} INFO - Output:
[2022-11-04T21:42:57.333+0000] {subprocess.py:93} INFO - task1
[2022-11-04T21:42:57.334+0000] {subprocess.py:97} INFO - Command exited with return code 0
[2022-11-04T21:42:57.368+0000] {taskinstance.py:1406} INFO - Marking task as SUCCESS. dag_id=orquestation, task_id=task1, execution_date=20220517T000000, start_date=20221104T214255, end_date=20221104T214257
[2022-11-04T21:42:57.402+0000] {local_task_job.py:164} INFO - Task exited with return code 0
[2022-11-04T21:42:57.446+0000] {local_task_job.py:273} INFO - 1 downstream tasks scheduled from follow-on schedule check
