[2022-11-16T21:30:47.480+0000] {taskinstance.py:1165} INFO - Dependencies all met for <TaskInstance: MyPersonalAirflowProject.waiting_nasa_confirmation scheduled__2022-10-26T00:00:00+00:00 [queued]>
[2022-11-16T21:30:47.496+0000] {taskinstance.py:1165} INFO - Dependencies all met for <TaskInstance: MyPersonalAirflowProject.waiting_nasa_confirmation scheduled__2022-10-26T00:00:00+00:00 [queued]>
[2022-11-16T21:30:47.497+0000] {taskinstance.py:1362} INFO - 
--------------------------------------------------------------------------------
[2022-11-16T21:30:47.498+0000] {taskinstance.py:1363} INFO - Starting attempt 2 of 2
[2022-11-16T21:30:47.499+0000] {taskinstance.py:1364} INFO - 
--------------------------------------------------------------------------------
[2022-11-16T21:30:47.519+0000] {taskinstance.py:1383} INFO - Executing <Task(FileSensor): waiting_nasa_confirmation> on 2022-10-26 00:00:00+00:00
[2022-11-16T21:30:47.687+0000] {standard_task_runner.py:55} INFO - Started process 2892 to run task
[2022-11-16T21:30:47.690+0000] {standard_task_runner.py:82} INFO - Running: ['***', 'tasks', 'run', 'MyPersonalAirflowProject', 'waiting_nasa_confirmation', 'scheduled__2022-10-26T00:00:00+00:00', '--job-id', '1380', '--raw', '--subdir', 'DAGS_FOLDER/FinalPersonalProject.py', '--cfg-path', '/tmp/tmpq8gplfrr']
[2022-11-16T21:30:47.691+0000] {standard_task_runner.py:83} INFO - Job 1380: Subtask waiting_nasa_confirmation
[2022-11-16T21:30:47.768+0000] {task_command.py:376} INFO - Running <TaskInstance: MyPersonalAirflowProject.waiting_nasa_confirmation scheduled__2022-10-26T00:00:00+00:00 [running]> on host 638485efabe7
[2022-11-16T21:30:47.866+0000] {taskinstance.py:1592} INFO - Exporting the following env vars:
AIRFLOW_CTX_DAG_OWNER=***
AIRFLOW_CTX_DAG_ID=MyPersonalAirflowProject
AIRFLOW_CTX_TASK_ID=waiting_nasa_confirmation
AIRFLOW_CTX_EXECUTION_DATE=2022-10-26T00:00:00+00:00
AIRFLOW_CTX_TRY_NUMBER=2
AIRFLOW_CTX_DAG_RUN_ID=scheduled__2022-10-26T00:00:00+00:00
[2022-11-16T21:30:47.886+0000] {base.py:71} INFO - Using connection ID 'fs_default' for task execution.
[2022-11-16T21:30:47.887+0000] {filesystem.py:58} INFO - Poking for file /tmp/reponse_20221026.txt
[2022-11-16T21:30:47.888+0000] {filesystem.py:63} INFO - Found File /tmp/reponse_20221026.txt last modified: 20221116213046
[2022-11-16T21:30:47.888+0000] {base.py:213} INFO - Success criteria met. Exiting.
[2022-11-16T21:30:47.900+0000] {taskinstance.py:1406} INFO - Marking task as SUCCESS. dag_id=MyPersonalAirflowProject, task_id=waiting_nasa_confirmation, execution_date=20221026T000000, start_date=20221116T213047, end_date=20221116T213047
[2022-11-16T21:30:47.962+0000] {local_task_job.py:164} INFO - Task exited with return code 0
[2022-11-16T21:30:48.001+0000] {local_task_job.py:273} INFO - 1 downstream tasks scheduled from follow-on schedule check
[2022-11-17T15:57:34.060+0000] {taskinstance.py:1165} INFO - Dependencies all met for <TaskInstance: MyPersonalAirflowProject.waiting_nasa_confirmation scheduled__2022-10-26T00:00:00+00:00 [queued]>
[2022-11-17T15:57:34.075+0000] {taskinstance.py:1165} INFO - Dependencies all met for <TaskInstance: MyPersonalAirflowProject.waiting_nasa_confirmation scheduled__2022-10-26T00:00:00+00:00 [queued]>
[2022-11-17T15:57:34.076+0000] {taskinstance.py:1362} INFO - 
--------------------------------------------------------------------------------
[2022-11-17T15:57:34.077+0000] {taskinstance.py:1363} INFO - Starting attempt 2 of 2
[2022-11-17T15:57:34.077+0000] {taskinstance.py:1364} INFO - 
--------------------------------------------------------------------------------
[2022-11-17T15:57:34.099+0000] {taskinstance.py:1383} INFO - Executing <Task(FileSensor): waiting_nasa_confirmation> on 2022-10-26 00:00:00+00:00
[2022-11-17T15:57:34.106+0000] {standard_task_runner.py:55} INFO - Started process 1227 to run task
[2022-11-17T15:57:34.108+0000] {standard_task_runner.py:82} INFO - Running: ['***', 'tasks', 'run', 'MyPersonalAirflowProject', 'waiting_nasa_confirmation', 'scheduled__2022-10-26T00:00:00+00:00', '--job-id', '1893', '--raw', '--subdir', 'DAGS_FOLDER/FinalPersonalProject.py', '--cfg-path', '/tmp/tmpu3idkjg_']
[2022-11-17T15:57:34.110+0000] {standard_task_runner.py:83} INFO - Job 1893: Subtask waiting_nasa_confirmation
[2022-11-17T15:57:34.178+0000] {task_command.py:376} INFO - Running <TaskInstance: MyPersonalAirflowProject.waiting_nasa_confirmation scheduled__2022-10-26T00:00:00+00:00 [running]> on host 638485efabe7
[2022-11-17T15:57:34.261+0000] {taskinstance.py:1592} INFO - Exporting the following env vars:
AIRFLOW_CTX_DAG_OWNER=***
AIRFLOW_CTX_DAG_ID=MyPersonalAirflowProject
AIRFLOW_CTX_TASK_ID=waiting_nasa_confirmation
AIRFLOW_CTX_EXECUTION_DATE=2022-10-26T00:00:00+00:00
AIRFLOW_CTX_TRY_NUMBER=2
AIRFLOW_CTX_DAG_RUN_ID=scheduled__2022-10-26T00:00:00+00:00
[2022-11-17T15:57:34.272+0000] {base.py:71} INFO - Using connection ID 'fs_default' for task execution.
[2022-11-17T15:57:34.273+0000] {filesystem.py:58} INFO - Poking for file /tmp/reponse_20221026.txt
[2022-11-17T15:57:34.274+0000] {filesystem.py:63} INFO - Found File /tmp/reponse_20221026.txt last modified: 20221117155732
[2022-11-17T15:57:34.275+0000] {base.py:213} INFO - Success criteria met. Exiting.
[2022-11-17T15:57:34.287+0000] {taskinstance.py:1406} INFO - Marking task as SUCCESS. dag_id=MyPersonalAirflowProject, task_id=waiting_nasa_confirmation, execution_date=20221026T000000, start_date=20221117T155734, end_date=20221117T155734
[2022-11-17T15:57:34.322+0000] {local_task_job.py:164} INFO - Task exited with return code 0
[2022-11-17T15:57:34.365+0000] {local_task_job.py:273} INFO - 1 downstream tasks scheduled from follow-on schedule check
