[2022-11-16T21:24:52.367+0000] {taskinstance.py:1165} INFO - Dependencies all met for <TaskInstance: MyPersonalAirflowProject.waiting_nasa_confirmation scheduled__2022-10-26T00:00:00+00:00 [queued]>
[2022-11-16T21:24:52.380+0000] {taskinstance.py:1165} INFO - Dependencies all met for <TaskInstance: MyPersonalAirflowProject.waiting_nasa_confirmation scheduled__2022-10-26T00:00:00+00:00 [queued]>
[2022-11-16T21:24:52.381+0000] {taskinstance.py:1362} INFO - 
--------------------------------------------------------------------------------
[2022-11-16T21:24:52.382+0000] {taskinstance.py:1363} INFO - Starting attempt 1 of 1
[2022-11-16T21:24:52.383+0000] {taskinstance.py:1364} INFO - 
--------------------------------------------------------------------------------
[2022-11-16T21:24:52.401+0000] {taskinstance.py:1383} INFO - Executing <Task(FileSensor): waiting_nasa_confirmation> on 2022-10-26 00:00:00+00:00
[2022-11-16T21:24:52.407+0000] {standard_task_runner.py:55} INFO - Started process 2598 to run task
[2022-11-16T21:24:52.410+0000] {standard_task_runner.py:82} INFO - Running: ['***', 'tasks', 'run', 'MyPersonalAirflowProject', 'waiting_nasa_confirmation', 'scheduled__2022-10-26T00:00:00+00:00', '--job-id', '1366', '--raw', '--subdir', 'DAGS_FOLDER/FinalPersonalProject.py', '--cfg-path', '/tmp/tmpdrpvu4ev']
[2022-11-16T21:24:52.411+0000] {standard_task_runner.py:83} INFO - Job 1366: Subtask waiting_nasa_confirmation
[2022-11-16T21:24:52.485+0000] {task_command.py:376} INFO - Running <TaskInstance: MyPersonalAirflowProject.waiting_nasa_confirmation scheduled__2022-10-26T00:00:00+00:00 [running]> on host 638485efabe7
[2022-11-16T21:24:52.564+0000] {taskinstance.py:1592} INFO - Exporting the following env vars:
AIRFLOW_CTX_DAG_OWNER=***
AIRFLOW_CTX_DAG_ID=MyPersonalAirflowProject
AIRFLOW_CTX_TASK_ID=waiting_nasa_confirmation
AIRFLOW_CTX_EXECUTION_DATE=2022-10-26T00:00:00+00:00
AIRFLOW_CTX_TRY_NUMBER=1
AIRFLOW_CTX_DAG_RUN_ID=scheduled__2022-10-26T00:00:00+00:00
[2022-11-16T21:24:52.575+0000] {base.py:71} INFO - Using connection ID 'fs_default' for task execution.
[2022-11-16T21:24:52.576+0000] {filesystem.py:58} INFO - Poking for file /tmp/reponse_20221026.txt
[2022-11-16T21:25:52.620+0000] {base.py:71} INFO - Using connection ID 'fs_default' for task execution.
[2022-11-16T21:25:52.621+0000] {filesystem.py:58} INFO - Poking for file /tmp/reponse_20221026.txt
[2022-11-16T21:26:52.748+0000] {base.py:71} INFO - Using connection ID 'fs_default' for task execution.
[2022-11-16T21:26:52.749+0000] {filesystem.py:58} INFO - Poking for file /tmp/reponse_20221026.txt
[2022-11-16T21:27:29.578+0000] {local_task_job.py:228} WARNING - State of this instance has been externally set to success. Terminating instance.
[2022-11-16T21:27:29.580+0000] {process_utils.py:133} INFO - Sending Signals.SIGTERM to group 2598. PIDs of all processes in the group: [2598]
[2022-11-16T21:27:29.580+0000] {process_utils.py:84} INFO - Sending the signal Signals.SIGTERM to group 2598
[2022-11-16T21:27:29.581+0000] {taskinstance.py:1562} ERROR - Received SIGTERM. Terminating subprocesses.
[2022-11-16T21:27:29.917+0000] {process_utils.py:79} INFO - Process psutil.Process(pid=2598, status='terminated', exitcode=0, started='21:24:52') (2598) terminated with exit code 0
[2022-11-16T22:25:47.485+0000] {taskinstance.py:1165} INFO - Dependencies all met for <TaskInstance: MyPersonalAirflowProject.waiting_nasa_confirmation scheduled__2022-10-26T00:00:00+00:00 [queued]>
[2022-11-16T22:25:47.504+0000] {taskinstance.py:1165} INFO - Dependencies all met for <TaskInstance: MyPersonalAirflowProject.waiting_nasa_confirmation scheduled__2022-10-26T00:00:00+00:00 [queued]>
[2022-11-16T22:25:47.505+0000] {taskinstance.py:1362} INFO - 
--------------------------------------------------------------------------------
[2022-11-16T22:25:47.505+0000] {taskinstance.py:1363} INFO - Starting attempt 1 of 1
[2022-11-16T22:25:47.506+0000] {taskinstance.py:1364} INFO - 
--------------------------------------------------------------------------------
[2022-11-16T22:25:47.532+0000] {taskinstance.py:1383} INFO - Executing <Task(FileSensor): waiting_nasa_confirmation> on 2022-10-26 00:00:00+00:00
[2022-11-16T22:25:47.542+0000] {standard_task_runner.py:55} INFO - Started process 5782 to run task
[2022-11-16T22:25:47.545+0000] {standard_task_runner.py:82} INFO - Running: ['***', 'tasks', 'run', 'MyPersonalAirflowProject', 'waiting_nasa_confirmation', 'scheduled__2022-10-26T00:00:00+00:00', '--job-id', '1591', '--raw', '--subdir', 'DAGS_FOLDER/FinalPersonalProject.py', '--cfg-path', '/tmp/tmp5c9e7tjy']
[2022-11-16T22:25:47.547+0000] {standard_task_runner.py:83} INFO - Job 1591: Subtask waiting_nasa_confirmation
[2022-11-16T22:25:47.643+0000] {task_command.py:376} INFO - Running <TaskInstance: MyPersonalAirflowProject.waiting_nasa_confirmation scheduled__2022-10-26T00:00:00+00:00 [running]> on host 638485efabe7
[2022-11-16T22:25:47.732+0000] {taskinstance.py:1592} INFO - Exporting the following env vars:
AIRFLOW_CTX_DAG_OWNER=***
AIRFLOW_CTX_DAG_ID=MyPersonalAirflowProject
AIRFLOW_CTX_TASK_ID=waiting_nasa_confirmation
AIRFLOW_CTX_EXECUTION_DATE=2022-10-26T00:00:00+00:00
AIRFLOW_CTX_TRY_NUMBER=1
AIRFLOW_CTX_DAG_RUN_ID=scheduled__2022-10-26T00:00:00+00:00
[2022-11-16T22:25:47.746+0000] {base.py:71} INFO - Using connection ID 'fs_default' for task execution.
[2022-11-16T22:25:47.747+0000] {filesystem.py:58} INFO - Poking for file /tmp/reponse_20221026.txt
[2022-11-16T22:25:47.748+0000] {filesystem.py:63} INFO - Found File /tmp/reponse_20221026.txt last modified: 20221116222546
[2022-11-16T22:25:47.748+0000] {base.py:213} INFO - Success criteria met. Exiting.
[2022-11-16T22:25:47.760+0000] {taskinstance.py:1406} INFO - Marking task as SUCCESS. dag_id=MyPersonalAirflowProject, task_id=waiting_nasa_confirmation, execution_date=20221026T000000, start_date=20221116T222547, end_date=20221116T222547
[2022-11-16T22:25:47.800+0000] {local_task_job.py:164} INFO - Task exited with return code 0
[2022-11-16T22:25:47.852+0000] {local_task_job.py:273} INFO - 1 downstream tasks scheduled from follow-on schedule check
[2022-11-17T16:37:33.512+0000] {taskinstance.py:1165} INFO - Dependencies all met for <TaskInstance: MyPersonalAirflowProject.waiting_nasa_confirmation scheduled__2022-10-26T00:00:00+00:00 [queued]>
[2022-11-17T16:37:33.531+0000] {taskinstance.py:1165} INFO - Dependencies all met for <TaskInstance: MyPersonalAirflowProject.waiting_nasa_confirmation scheduled__2022-10-26T00:00:00+00:00 [queued]>
[2022-11-17T16:37:33.532+0000] {taskinstance.py:1362} INFO - 
--------------------------------------------------------------------------------
[2022-11-17T16:37:33.532+0000] {taskinstance.py:1363} INFO - Starting attempt 1 of 1
[2022-11-17T16:37:33.533+0000] {taskinstance.py:1364} INFO - 
--------------------------------------------------------------------------------
[2022-11-17T16:37:33.553+0000] {taskinstance.py:1383} INFO - Executing <Task(FileSensor): waiting_nasa_confirmation> on 2022-10-26 00:00:00+00:00
[2022-11-17T16:37:33.559+0000] {standard_task_runner.py:55} INFO - Started process 4124 to run task
[2022-11-17T16:37:33.562+0000] {standard_task_runner.py:82} INFO - Running: ['***', 'tasks', 'run', 'MyPersonalAirflowProject', 'waiting_nasa_confirmation', 'scheduled__2022-10-26T00:00:00+00:00', '--job-id', '2225', '--raw', '--subdir', 'DAGS_FOLDER/FinalPersonalProject.py', '--cfg-path', '/tmp/tmp08c8z7xe']
[2022-11-17T16:37:33.563+0000] {standard_task_runner.py:83} INFO - Job 2225: Subtask waiting_nasa_confirmation
[2022-11-17T16:37:33.640+0000] {task_command.py:376} INFO - Running <TaskInstance: MyPersonalAirflowProject.waiting_nasa_confirmation scheduled__2022-10-26T00:00:00+00:00 [running]> on host 638485efabe7
[2022-11-17T16:37:33.731+0000] {taskinstance.py:1592} INFO - Exporting the following env vars:
AIRFLOW_CTX_DAG_OWNER=***
AIRFLOW_CTX_DAG_ID=MyPersonalAirflowProject
AIRFLOW_CTX_TASK_ID=waiting_nasa_confirmation
AIRFLOW_CTX_EXECUTION_DATE=2022-10-26T00:00:00+00:00
AIRFLOW_CTX_TRY_NUMBER=1
AIRFLOW_CTX_DAG_RUN_ID=scheduled__2022-10-26T00:00:00+00:00
[2022-11-17T16:37:33.742+0000] {base.py:71} INFO - Using connection ID 'fs_default' for task execution.
[2022-11-17T16:37:33.743+0000] {filesystem.py:58} INFO - Poking for file /tmp/reponse_20221026.txt
[2022-11-17T16:37:33.743+0000] {filesystem.py:63} INFO - Found File /tmp/reponse_20221026.txt last modified: 20221117163732
[2022-11-17T16:37:33.744+0000] {base.py:213} INFO - Success criteria met. Exiting.
[2022-11-17T16:37:33.755+0000] {taskinstance.py:1406} INFO - Marking task as SUCCESS. dag_id=MyPersonalAirflowProject, task_id=waiting_nasa_confirmation, execution_date=20221026T000000, start_date=20221117T163733, end_date=20221117T163733
[2022-11-17T16:37:33.815+0000] {local_task_job.py:164} INFO - Task exited with return code 0
[2022-11-17T16:37:33.865+0000] {local_task_job.py:273} INFO - 0 downstream tasks scheduled from follow-on schedule check
[2022-11-17T17:29:11.686+0000] {taskinstance.py:1165} INFO - Dependencies all met for <TaskInstance: MyPersonalAirflowProject.waiting_nasa_confirmation scheduled__2022-10-26T00:00:00+00:00 [queued]>
[2022-11-17T17:29:11.698+0000] {taskinstance.py:1165} INFO - Dependencies all met for <TaskInstance: MyPersonalAirflowProject.waiting_nasa_confirmation scheduled__2022-10-26T00:00:00+00:00 [queued]>
[2022-11-17T17:29:11.699+0000] {taskinstance.py:1362} INFO - 
--------------------------------------------------------------------------------
[2022-11-17T17:29:11.700+0000] {taskinstance.py:1363} INFO - Starting attempt 1 of 1
[2022-11-17T17:29:11.701+0000] {taskinstance.py:1364} INFO - 
--------------------------------------------------------------------------------
[2022-11-17T17:29:11.716+0000] {taskinstance.py:1383} INFO - Executing <Task(FileSensor): waiting_nasa_confirmation> on 2022-10-26 00:00:00+00:00
[2022-11-17T17:29:11.722+0000] {standard_task_runner.py:55} INFO - Started process 7757 to run task
[2022-11-17T17:29:11.724+0000] {standard_task_runner.py:82} INFO - Running: ['***', 'tasks', 'run', 'MyPersonalAirflowProject', 'waiting_nasa_confirmation', 'scheduled__2022-10-26T00:00:00+00:00', '--job-id', '2635', '--raw', '--subdir', 'DAGS_FOLDER/FinalPersonalProject.py', '--cfg-path', '/tmp/tmpbcjv5hxa']
[2022-11-17T17:29:11.725+0000] {standard_task_runner.py:83} INFO - Job 2635: Subtask waiting_nasa_confirmation
[2022-11-17T17:29:11.790+0000] {task_command.py:376} INFO - Running <TaskInstance: MyPersonalAirflowProject.waiting_nasa_confirmation scheduled__2022-10-26T00:00:00+00:00 [running]> on host 638485efabe7
[2022-11-17T17:29:11.926+0000] {taskinstance.py:1592} INFO - Exporting the following env vars:
AIRFLOW_CTX_DAG_OWNER=***
AIRFLOW_CTX_DAG_ID=MyPersonalAirflowProject
AIRFLOW_CTX_TASK_ID=waiting_nasa_confirmation
AIRFLOW_CTX_EXECUTION_DATE=2022-10-26T00:00:00+00:00
AIRFLOW_CTX_TRY_NUMBER=1
AIRFLOW_CTX_DAG_RUN_ID=scheduled__2022-10-26T00:00:00+00:00
[2022-11-17T17:29:11.935+0000] {base.py:71} INFO - Using connection ID 'fs_default' for task execution.
[2022-11-17T17:29:11.936+0000] {filesystem.py:58} INFO - Poking for file /tmp/reponse_20221026.txt
[2022-11-17T17:29:11.936+0000] {filesystem.py:63} INFO - Found File /tmp/reponse_20221026.txt last modified: 20221117172911
[2022-11-17T17:29:11.937+0000] {base.py:213} INFO - Success criteria met. Exiting.
[2022-11-17T17:29:11.947+0000] {taskinstance.py:1406} INFO - Marking task as SUCCESS. dag_id=MyPersonalAirflowProject, task_id=waiting_nasa_confirmation, execution_date=20221026T000000, start_date=20221117T172911, end_date=20221117T172911
[2022-11-17T17:29:11.978+0000] {local_task_job.py:164} INFO - Task exited with return code 0
[2022-11-17T17:29:12.019+0000] {local_task_job.py:273} INFO - 1 downstream tasks scheduled from follow-on schedule check
