[2022-11-16T21:03:22.752+0000] {taskinstance.py:1165} INFO - Dependencies all met for <TaskInstance: MyPersonalAirflowProject.nasa_verification_task scheduled__2022-11-05T00:00:00+00:00 [queued]>
[2022-11-16T21:03:22.766+0000] {taskinstance.py:1165} INFO - Dependencies all met for <TaskInstance: MyPersonalAirflowProject.nasa_verification_task scheduled__2022-11-05T00:00:00+00:00 [queued]>
[2022-11-16T21:03:22.766+0000] {taskinstance.py:1362} INFO - 
--------------------------------------------------------------------------------
[2022-11-16T21:03:22.767+0000] {taskinstance.py:1363} INFO - Starting attempt 1 of 1
[2022-11-16T21:03:22.767+0000] {taskinstance.py:1364} INFO - 
--------------------------------------------------------------------------------
[2022-11-16T21:03:22.786+0000] {taskinstance.py:1383} INFO - Executing <Task(BashOperator): nasa_verification_task> on 2022-11-05 00:00:00+00:00
[2022-11-16T21:03:22.791+0000] {standard_task_runner.py:55} INFO - Started process 1475 to run task
[2022-11-16T21:03:22.794+0000] {standard_task_runner.py:82} INFO - Running: ['***', 'tasks', 'run', 'MyPersonalAirflowProject', 'nasa_verification_task', 'scheduled__2022-11-05T00:00:00+00:00', '--job-id', '1313', '--raw', '--subdir', 'DAGS_FOLDER/FinalPersonalProject.py', '--cfg-path', '/tmp/tmp8cqai_q6']
[2022-11-16T21:03:22.794+0000] {standard_task_runner.py:83} INFO - Job 1313: Subtask nasa_verification_task
[2022-11-16T21:03:22.861+0000] {task_command.py:376} INFO - Running <TaskInstance: MyPersonalAirflowProject.nasa_verification_task scheduled__2022-11-05T00:00:00+00:00 [running]> on host 638485efabe7
[2022-11-16T21:03:22.943+0000] {taskinstance.py:1592} INFO - Exporting the following env vars:
AIRFLOW_CTX_DAG_OWNER=***
AIRFLOW_CTX_DAG_ID=MyPersonalAirflowProject
AIRFLOW_CTX_TASK_ID=nasa_verification_task
AIRFLOW_CTX_EXECUTION_DATE=2022-11-05T00:00:00+00:00
AIRFLOW_CTX_TRY_NUMBER=1
AIRFLOW_CTX_DAG_RUN_ID=scheduled__2022-11-05T00:00:00+00:00
[2022-11-16T21:03:22.945+0000] {subprocess.py:63} INFO - Tmp dir root location: 
 /tmp
[2022-11-16T21:03:22.947+0000] {subprocess.py:75} INFO - Running command: ['/bin/bash', '-c', 'sleep 20 && echo ÖK"> /tmp/reponse_20221105.txt']
[2022-11-16T21:03:22.959+0000] {subprocess.py:86} INFO - Output:
[2022-11-16T21:03:22.960+0000] {subprocess.py:93} INFO - /bin/bash: -c: line 1: unexpected EOF while looking for matching `"'
[2022-11-16T21:03:22.961+0000] {subprocess.py:93} INFO - /bin/bash: -c: line 2: syntax error: unexpected end of file
[2022-11-16T21:03:22.962+0000] {subprocess.py:97} INFO - Command exited with return code 2
[2022-11-16T21:03:22.973+0000] {taskinstance.py:1851} ERROR - Task failed with exception
Traceback (most recent call last):
  File "/home/airflow/.local/lib/python3.7/site-packages/airflow/operators/bash.py", line 197, in execute
    f'Bash command failed. The command returned a non-zero exit code {result.exit_code}.'
airflow.exceptions.AirflowException: Bash command failed. The command returned a non-zero exit code 2.
[2022-11-16T21:03:22.977+0000] {taskinstance.py:1406} INFO - Marking task as FAILED. dag_id=MyPersonalAirflowProject, task_id=nasa_verification_task, execution_date=20221105T000000, start_date=20221116T210322, end_date=20221116T210322
[2022-11-16T21:03:22.993+0000] {standard_task_runner.py:105} ERROR - Failed to execute job 1313 for task nasa_verification_task (Bash command failed. The command returned a non-zero exit code 2.; 1475)
[2022-11-16T21:03:23.011+0000] {local_task_job.py:164} INFO - Task exited with return code 1
[2022-11-16T21:03:23.034+0000] {local_task_job.py:273} INFO - 0 downstream tasks scheduled from follow-on schedule check
[2022-11-16T22:31:49.334+0000] {taskinstance.py:1165} INFO - Dependencies all met for <TaskInstance: MyPersonalAirflowProject.nasa_verification_task scheduled__2022-11-05T00:00:00+00:00 [queued]>
[2022-11-16T22:31:49.349+0000] {taskinstance.py:1165} INFO - Dependencies all met for <TaskInstance: MyPersonalAirflowProject.nasa_verification_task scheduled__2022-11-05T00:00:00+00:00 [queued]>
[2022-11-16T22:31:49.350+0000] {taskinstance.py:1362} INFO - 
--------------------------------------------------------------------------------
[2022-11-16T22:31:49.350+0000] {taskinstance.py:1363} INFO - Starting attempt 1 of 1
[2022-11-16T22:31:49.351+0000] {taskinstance.py:1364} INFO - 
--------------------------------------------------------------------------------
[2022-11-16T22:31:49.371+0000] {taskinstance.py:1383} INFO - Executing <Task(BashOperator): nasa_verification_task> on 2022-11-05 00:00:00+00:00
[2022-11-16T22:31:49.380+0000] {standard_task_runner.py:55} INFO - Started process 6186 to run task
[2022-11-16T22:31:49.383+0000] {standard_task_runner.py:82} INFO - Running: ['***', 'tasks', 'run', 'MyPersonalAirflowProject', 'nasa_verification_task', 'scheduled__2022-11-05T00:00:00+00:00', '--job-id', '1650', '--raw', '--subdir', 'DAGS_FOLDER/FinalPersonalProject.py', '--cfg-path', '/tmp/tmpwx8m1nzi']
[2022-11-16T22:31:49.383+0000] {standard_task_runner.py:83} INFO - Job 1650: Subtask nasa_verification_task
[2022-11-16T22:31:49.469+0000] {task_command.py:376} INFO - Running <TaskInstance: MyPersonalAirflowProject.nasa_verification_task scheduled__2022-11-05T00:00:00+00:00 [running]> on host 638485efabe7
[2022-11-16T22:31:49.616+0000] {taskinstance.py:1592} INFO - Exporting the following env vars:
AIRFLOW_CTX_DAG_OWNER=***
AIRFLOW_CTX_DAG_ID=MyPersonalAirflowProject
AIRFLOW_CTX_TASK_ID=nasa_verification_task
AIRFLOW_CTX_EXECUTION_DATE=2022-11-05T00:00:00+00:00
AIRFLOW_CTX_TRY_NUMBER=1
AIRFLOW_CTX_DAG_RUN_ID=scheduled__2022-11-05T00:00:00+00:00
[2022-11-16T22:31:49.669+0000] {subprocess.py:63} INFO - Tmp dir root location: 
 /tmp
[2022-11-16T22:31:49.670+0000] {subprocess.py:75} INFO - Running command: ['/bin/bash', '-c', 'sleep 20 && echo "OK"> /tmp/reponse_20221105.txt']
[2022-11-16T22:31:49.698+0000] {subprocess.py:86} INFO - Output:
[2022-11-16T22:32:09.768+0000] {subprocess.py:97} INFO - Command exited with return code 0
[2022-11-16T22:32:09.824+0000] {taskinstance.py:1406} INFO - Marking task as SUCCESS. dag_id=MyPersonalAirflowProject, task_id=nasa_verification_task, execution_date=20221105T000000, start_date=20221116T223149, end_date=20221116T223209
[2022-11-16T22:32:09.903+0000] {local_task_job.py:164} INFO - Task exited with return code 0
[2022-11-16T22:32:09.945+0000] {local_task_job.py:273} INFO - 1 downstream tasks scheduled from follow-on schedule check
[2022-11-17T16:42:46.277+0000] {taskinstance.py:1165} INFO - Dependencies all met for <TaskInstance: MyPersonalAirflowProject.nasa_verification_task scheduled__2022-11-05T00:00:00+00:00 [queued]>
[2022-11-17T16:42:46.289+0000] {taskinstance.py:1165} INFO - Dependencies all met for <TaskInstance: MyPersonalAirflowProject.nasa_verification_task scheduled__2022-11-05T00:00:00+00:00 [queued]>
[2022-11-17T16:42:46.290+0000] {taskinstance.py:1362} INFO - 
--------------------------------------------------------------------------------
[2022-11-17T16:42:46.290+0000] {taskinstance.py:1363} INFO - Starting attempt 1 of 1
[2022-11-17T16:42:46.291+0000] {taskinstance.py:1364} INFO - 
--------------------------------------------------------------------------------
[2022-11-17T16:42:46.308+0000] {taskinstance.py:1383} INFO - Executing <Task(BashOperator): nasa_verification_task> on 2022-11-05 00:00:00+00:00
[2022-11-17T16:42:46.313+0000] {standard_task_runner.py:55} INFO - Started process 4608 to run task
[2022-11-17T16:42:46.316+0000] {standard_task_runner.py:82} INFO - Running: ['***', 'tasks', 'run', 'MyPersonalAirflowProject', 'nasa_verification_task', 'scheduled__2022-11-05T00:00:00+00:00', '--job-id', '2304', '--raw', '--subdir', 'DAGS_FOLDER/FinalPersonalProject.py', '--cfg-path', '/tmp/tmpm8cmysm5']
[2022-11-17T16:42:46.317+0000] {standard_task_runner.py:83} INFO - Job 2304: Subtask nasa_verification_task
[2022-11-17T16:42:46.382+0000] {task_command.py:376} INFO - Running <TaskInstance: MyPersonalAirflowProject.nasa_verification_task scheduled__2022-11-05T00:00:00+00:00 [running]> on host 638485efabe7
[2022-11-17T16:42:46.467+0000] {taskinstance.py:1592} INFO - Exporting the following env vars:
AIRFLOW_CTX_DAG_OWNER=***
AIRFLOW_CTX_DAG_ID=MyPersonalAirflowProject
AIRFLOW_CTX_TASK_ID=nasa_verification_task
AIRFLOW_CTX_EXECUTION_DATE=2022-11-05T00:00:00+00:00
AIRFLOW_CTX_TRY_NUMBER=1
AIRFLOW_CTX_DAG_RUN_ID=scheduled__2022-11-05T00:00:00+00:00
[2022-11-17T16:42:46.468+0000] {subprocess.py:63} INFO - Tmp dir root location: 
 /tmp
[2022-11-17T16:42:46.469+0000] {subprocess.py:75} INFO - Running command: ['/bin/bash', '-c', 'sleep 20 && echo "OK"> /tmp/reponse_20221105.txt']
[2022-11-17T16:42:46.480+0000] {subprocess.py:86} INFO - Output:
[2022-11-17T16:43:06.486+0000] {subprocess.py:97} INFO - Command exited with return code 0
[2022-11-17T16:43:06.518+0000] {taskinstance.py:1406} INFO - Marking task as SUCCESS. dag_id=MyPersonalAirflowProject, task_id=nasa_verification_task, execution_date=20221105T000000, start_date=20221117T164246, end_date=20221117T164306
[2022-11-17T16:43:06.572+0000] {local_task_job.py:164} INFO - Task exited with return code 0
[2022-11-17T16:43:06.609+0000] {local_task_job.py:273} INFO - 1 downstream tasks scheduled from follow-on schedule check
[2022-11-17T17:33:52.129+0000] {taskinstance.py:1165} INFO - Dependencies all met for <TaskInstance: MyPersonalAirflowProject.nasa_verification_task scheduled__2022-11-05T00:00:00+00:00 [queued]>
[2022-11-17T17:33:52.142+0000] {taskinstance.py:1165} INFO - Dependencies all met for <TaskInstance: MyPersonalAirflowProject.nasa_verification_task scheduled__2022-11-05T00:00:00+00:00 [queued]>
[2022-11-17T17:33:52.143+0000] {taskinstance.py:1362} INFO - 
--------------------------------------------------------------------------------
[2022-11-17T17:33:52.143+0000] {taskinstance.py:1363} INFO - Starting attempt 1 of 1
[2022-11-17T17:33:52.144+0000] {taskinstance.py:1364} INFO - 
--------------------------------------------------------------------------------
[2022-11-17T17:33:52.162+0000] {taskinstance.py:1383} INFO - Executing <Task(BashOperator): nasa_verification_task> on 2022-11-05 00:00:00+00:00
[2022-11-17T17:33:52.168+0000] {standard_task_runner.py:55} INFO - Started process 8228 to run task
[2022-11-17T17:33:52.170+0000] {standard_task_runner.py:82} INFO - Running: ['***', 'tasks', 'run', 'MyPersonalAirflowProject', 'nasa_verification_task', 'scheduled__2022-11-05T00:00:00+00:00', '--job-id', '2714', '--raw', '--subdir', 'DAGS_FOLDER/FinalPersonalProject.py', '--cfg-path', '/tmp/tmp7jan1e8u']
[2022-11-17T17:33:52.171+0000] {standard_task_runner.py:83} INFO - Job 2714: Subtask nasa_verification_task
[2022-11-17T17:33:52.241+0000] {task_command.py:376} INFO - Running <TaskInstance: MyPersonalAirflowProject.nasa_verification_task scheduled__2022-11-05T00:00:00+00:00 [running]> on host 638485efabe7
[2022-11-17T17:33:52.372+0000] {taskinstance.py:1592} INFO - Exporting the following env vars:
AIRFLOW_CTX_DAG_OWNER=***
AIRFLOW_CTX_DAG_ID=MyPersonalAirflowProject
AIRFLOW_CTX_TASK_ID=nasa_verification_task
AIRFLOW_CTX_EXECUTION_DATE=2022-11-05T00:00:00+00:00
AIRFLOW_CTX_TRY_NUMBER=1
AIRFLOW_CTX_DAG_RUN_ID=scheduled__2022-11-05T00:00:00+00:00
[2022-11-17T17:33:52.374+0000] {subprocess.py:63} INFO - Tmp dir root location: 
 /tmp
[2022-11-17T17:33:52.375+0000] {subprocess.py:75} INFO - Running command: ['/bin/bash', '-c', 'sleep 20 && echo "OK"> /tmp/reponse_20221105.txt']
[2022-11-17T17:33:52.386+0000] {subprocess.py:86} INFO - Output:
[2022-11-17T17:34:12.411+0000] {subprocess.py:97} INFO - Command exited with return code 0
[2022-11-17T17:34:12.439+0000] {taskinstance.py:1406} INFO - Marking task as SUCCESS. dag_id=MyPersonalAirflowProject, task_id=nasa_verification_task, execution_date=20221105T000000, start_date=20221117T173352, end_date=20221117T173412
[2022-11-17T17:34:12.468+0000] {local_task_job.py:164} INFO - Task exited with return code 0
[2022-11-17T17:34:12.503+0000] {local_task_job.py:273} INFO - 1 downstream tasks scheduled from follow-on schedule check
