[2022-11-16T21:06:18.013+0000] {taskinstance.py:1165} INFO - Dependencies all met for <TaskInstance: MyPersonalAirflowProject.nasa_verification_task scheduled__2022-11-05T00:00:00+00:00 [queued]>
[2022-11-16T21:06:18.026+0000] {taskinstance.py:1165} INFO - Dependencies all met for <TaskInstance: MyPersonalAirflowProject.nasa_verification_task scheduled__2022-11-05T00:00:00+00:00 [queued]>
[2022-11-16T21:06:18.026+0000] {taskinstance.py:1362} INFO - 
--------------------------------------------------------------------------------
[2022-11-16T21:06:18.027+0000] {taskinstance.py:1363} INFO - Starting attempt 2 of 2
[2022-11-16T21:06:18.028+0000] {taskinstance.py:1364} INFO - 
--------------------------------------------------------------------------------
[2022-11-16T21:06:18.045+0000] {taskinstance.py:1383} INFO - Executing <Task(BashOperator): nasa_verification_task> on 2022-11-05 00:00:00+00:00
[2022-11-16T21:06:18.052+0000] {standard_task_runner.py:55} INFO - Started process 1679 to run task
[2022-11-16T21:06:18.055+0000] {standard_task_runner.py:82} INFO - Running: ['***', 'tasks', 'run', 'MyPersonalAirflowProject', 'nasa_verification_task', 'scheduled__2022-11-05T00:00:00+00:00', '--job-id', '1339', '--raw', '--subdir', 'DAGS_FOLDER/FinalPersonalProject.py', '--cfg-path', '/tmp/tmpd_gkifnh']
[2022-11-16T21:06:18.055+0000] {standard_task_runner.py:83} INFO - Job 1339: Subtask nasa_verification_task
[2022-11-16T21:06:18.137+0000] {task_command.py:376} INFO - Running <TaskInstance: MyPersonalAirflowProject.nasa_verification_task scheduled__2022-11-05T00:00:00+00:00 [running]> on host 638485efabe7
[2022-11-16T21:06:18.226+0000] {taskinstance.py:1592} INFO - Exporting the following env vars:
AIRFLOW_CTX_DAG_OWNER=***
AIRFLOW_CTX_DAG_ID=MyPersonalAirflowProject
AIRFLOW_CTX_TASK_ID=nasa_verification_task
AIRFLOW_CTX_EXECUTION_DATE=2022-11-05T00:00:00+00:00
AIRFLOW_CTX_TRY_NUMBER=2
AIRFLOW_CTX_DAG_RUN_ID=scheduled__2022-11-05T00:00:00+00:00
[2022-11-16T21:06:18.227+0000] {subprocess.py:63} INFO - Tmp dir root location: 
 /tmp
[2022-11-16T21:06:18.228+0000] {subprocess.py:75} INFO - Running command: ['/bin/bash', '-c', 'sleep 20 && echo OK"> /tmp/reponse_20221105.txt']
[2022-11-16T21:06:18.241+0000] {subprocess.py:86} INFO - Output:
[2022-11-16T21:06:18.243+0000] {subprocess.py:93} INFO - /bin/bash: -c: line 1: unexpected EOF while looking for matching `"'
[2022-11-16T21:06:18.244+0000] {subprocess.py:93} INFO - /bin/bash: -c: line 2: syntax error: unexpected end of file
[2022-11-16T21:06:18.244+0000] {subprocess.py:97} INFO - Command exited with return code 2
[2022-11-16T21:06:18.259+0000] {taskinstance.py:1851} ERROR - Task failed with exception
Traceback (most recent call last):
  File "/home/airflow/.local/lib/python3.7/site-packages/airflow/operators/bash.py", line 197, in execute
    f'Bash command failed. The command returned a non-zero exit code {result.exit_code}.'
airflow.exceptions.AirflowException: Bash command failed. The command returned a non-zero exit code 2.
[2022-11-16T21:06:18.263+0000] {taskinstance.py:1406} INFO - Marking task as FAILED. dag_id=MyPersonalAirflowProject, task_id=nasa_verification_task, execution_date=20221105T000000, start_date=20221116T210618, end_date=20221116T210618
[2022-11-16T21:06:18.278+0000] {standard_task_runner.py:105} ERROR - Failed to execute job 1339 for task nasa_verification_task (Bash command failed. The command returned a non-zero exit code 2.; 1679)
[2022-11-16T21:06:18.308+0000] {local_task_job.py:164} INFO - Task exited with return code 1
[2022-11-16T21:06:18.345+0000] {local_task_job.py:273} INFO - 0 downstream tasks scheduled from follow-on schedule check
[2022-11-17T16:02:23.743+0000] {taskinstance.py:1165} INFO - Dependencies all met for <TaskInstance: MyPersonalAirflowProject.nasa_verification_task scheduled__2022-11-05T00:00:00+00:00 [queued]>
[2022-11-17T16:02:23.762+0000] {taskinstance.py:1165} INFO - Dependencies all met for <TaskInstance: MyPersonalAirflowProject.nasa_verification_task scheduled__2022-11-05T00:00:00+00:00 [queued]>
[2022-11-17T16:02:23.763+0000] {taskinstance.py:1362} INFO - 
--------------------------------------------------------------------------------
[2022-11-17T16:02:23.764+0000] {taskinstance.py:1363} INFO - Starting attempt 2 of 2
[2022-11-17T16:02:23.765+0000] {taskinstance.py:1364} INFO - 
--------------------------------------------------------------------------------
[2022-11-17T16:02:23.790+0000] {taskinstance.py:1383} INFO - Executing <Task(BashOperator): nasa_verification_task> on 2022-11-05 00:00:00+00:00
[2022-11-17T16:02:23.798+0000] {standard_task_runner.py:55} INFO - Started process 1639 to run task
[2022-11-17T16:02:23.801+0000] {standard_task_runner.py:82} INFO - Running: ['***', 'tasks', 'run', 'MyPersonalAirflowProject', 'nasa_verification_task', 'scheduled__2022-11-05T00:00:00+00:00', '--job-id', '1952', '--raw', '--subdir', 'DAGS_FOLDER/FinalPersonalProject.py', '--cfg-path', '/tmp/tmpf3jt6pjy']
[2022-11-17T16:02:23.803+0000] {standard_task_runner.py:83} INFO - Job 1952: Subtask nasa_verification_task
[2022-11-17T16:02:23.899+0000] {task_command.py:376} INFO - Running <TaskInstance: MyPersonalAirflowProject.nasa_verification_task scheduled__2022-11-05T00:00:00+00:00 [running]> on host 638485efabe7
[2022-11-17T16:02:24.030+0000] {taskinstance.py:1592} INFO - Exporting the following env vars:
AIRFLOW_CTX_DAG_OWNER=***
AIRFLOW_CTX_DAG_ID=MyPersonalAirflowProject
AIRFLOW_CTX_TASK_ID=nasa_verification_task
AIRFLOW_CTX_EXECUTION_DATE=2022-11-05T00:00:00+00:00
AIRFLOW_CTX_TRY_NUMBER=2
AIRFLOW_CTX_DAG_RUN_ID=scheduled__2022-11-05T00:00:00+00:00
[2022-11-17T16:02:24.032+0000] {subprocess.py:63} INFO - Tmp dir root location: 
 /tmp
[2022-11-17T16:02:24.033+0000] {subprocess.py:75} INFO - Running command: ['/bin/bash', '-c', 'sleep 20 && echo "OK"> /tmp/reponse_20221105.txt']
[2022-11-17T16:02:24.048+0000] {subprocess.py:86} INFO - Output:
[2022-11-17T16:02:44.055+0000] {subprocess.py:97} INFO - Command exited with return code 0
[2022-11-17T16:02:44.090+0000] {taskinstance.py:1406} INFO - Marking task as SUCCESS. dag_id=MyPersonalAirflowProject, task_id=nasa_verification_task, execution_date=20221105T000000, start_date=20221117T160223, end_date=20221117T160244
[2022-11-17T16:02:44.135+0000] {local_task_job.py:164} INFO - Task exited with return code 0
[2022-11-17T16:02:44.176+0000] {local_task_job.py:273} INFO - 1 downstream tasks scheduled from follow-on schedule check
