[2022-11-17T16:48:45.159+0000] {taskinstance.py:1165} INFO - Dependencies all met for <TaskInstance: MyPersonalAirflowProject.Marketing_team_Notification scheduled__2022-11-13T00:00:00+00:00 [queued]>
[2022-11-17T16:48:45.198+0000] {taskinstance.py:1165} INFO - Dependencies all met for <TaskInstance: MyPersonalAirflowProject.Marketing_team_Notification scheduled__2022-11-13T00:00:00+00:00 [queued]>
[2022-11-17T16:48:45.199+0000] {taskinstance.py:1362} INFO - 
--------------------------------------------------------------------------------
[2022-11-17T16:48:45.203+0000] {taskinstance.py:1363} INFO - Starting attempt 1 of 1
[2022-11-17T16:48:45.204+0000] {taskinstance.py:1364} INFO - 
--------------------------------------------------------------------------------
[2022-11-17T16:48:45.239+0000] {taskinstance.py:1383} INFO - Executing <Task(BashOperator): Marketing_team_Notification> on 2022-11-13 00:00:00+00:00
[2022-11-17T16:48:45.245+0000] {standard_task_runner.py:55} INFO - Started process 5083 to run task
[2022-11-17T16:48:45.249+0000] {standard_task_runner.py:82} INFO - Running: ['***', 'tasks', 'run', 'MyPersonalAirflowProject', 'Marketing_team_Notification', 'scheduled__2022-11-13T00:00:00+00:00', '--job-id', '2375', '--raw', '--subdir', 'DAGS_FOLDER/FinalPersonalProject.py', '--cfg-path', '/tmp/tmpd3c75its']
[2022-11-17T16:48:45.250+0000] {standard_task_runner.py:83} INFO - Job 2375: Subtask Marketing_team_Notification
[2022-11-17T16:48:45.326+0000] {task_command.py:376} INFO - Running <TaskInstance: MyPersonalAirflowProject.Marketing_team_Notification scheduled__2022-11-13T00:00:00+00:00 [running]> on host 638485efabe7
[2022-11-17T16:48:45.446+0000] {taskinstance.py:1592} INFO - Exporting the following env vars:
AIRFLOW_CTX_DAG_OWNER=***
AIRFLOW_CTX_DAG_ID=MyPersonalAirflowProject
AIRFLOW_CTX_TASK_ID=Marketing_team_Notification
AIRFLOW_CTX_EXECUTION_DATE=2022-11-13T00:00:00+00:00
AIRFLOW_CTX_TRY_NUMBER=1
AIRFLOW_CTX_DAG_RUN_ID=scheduled__2022-11-13T00:00:00+00:00
[2022-11-17T16:48:45.450+0000] {subprocess.py:63} INFO - Tmp dir root location: 
 /tmp
[2022-11-17T16:48:45.452+0000] {subprocess.py:75} INFO - Running command: ['/bin/bash', '-c', 'echo "Hi Marketing team, Space X data for 2022-11-13 are now available!.. Please check them out!"']
[2022-11-17T16:48:45.466+0000] {subprocess.py:86} INFO - Output:
[2022-11-17T16:48:45.467+0000] {subprocess.py:93} INFO - Hi Marketing team, Space X data for 2022-11-13 are now available!.. Please check them out!
[2022-11-17T16:48:45.468+0000] {subprocess.py:97} INFO - Command exited with return code 0
[2022-11-17T16:48:45.506+0000] {taskinstance.py:1406} INFO - Marking task as SUCCESS. dag_id=MyPersonalAirflowProject, task_id=Marketing_team_Notification, execution_date=20221113T000000, start_date=20221117T164845, end_date=20221117T164845
[2022-11-17T16:48:45.550+0000] {local_task_job.py:164} INFO - Task exited with return code 0
[2022-11-17T16:48:45.577+0000] {local_task_job.py:273} INFO - 0 downstream tasks scheduled from follow-on schedule check
[2022-11-17T17:38:21.378+0000] {taskinstance.py:1165} INFO - Dependencies all met for <TaskInstance: MyPersonalAirflowProject.Marketing_team_Notification scheduled__2022-11-13T00:00:00+00:00 [queued]>
[2022-11-17T17:38:21.393+0000] {taskinstance.py:1165} INFO - Dependencies all met for <TaskInstance: MyPersonalAirflowProject.Marketing_team_Notification scheduled__2022-11-13T00:00:00+00:00 [queued]>
[2022-11-17T17:38:21.393+0000] {taskinstance.py:1362} INFO - 
--------------------------------------------------------------------------------
[2022-11-17T17:38:21.394+0000] {taskinstance.py:1363} INFO - Starting attempt 1 of 1
[2022-11-17T17:38:21.395+0000] {taskinstance.py:1364} INFO - 
--------------------------------------------------------------------------------
[2022-11-17T17:38:21.413+0000] {taskinstance.py:1383} INFO - Executing <Task(BashOperator): Marketing_team_Notification> on 2022-11-13 00:00:00+00:00
[2022-11-17T17:38:21.420+0000] {standard_task_runner.py:55} INFO - Started process 8657 to run task
[2022-11-17T17:38:21.423+0000] {standard_task_runner.py:82} INFO - Running: ['***', 'tasks', 'run', 'MyPersonalAirflowProject', 'Marketing_team_Notification', 'scheduled__2022-11-13T00:00:00+00:00', '--job-id', '2785', '--raw', '--subdir', 'DAGS_FOLDER/FinalPersonalProject.py', '--cfg-path', '/tmp/tmpiq4pdxw0']
[2022-11-17T17:38:21.424+0000] {standard_task_runner.py:83} INFO - Job 2785: Subtask Marketing_team_Notification
[2022-11-17T17:38:21.503+0000] {task_command.py:376} INFO - Running <TaskInstance: MyPersonalAirflowProject.Marketing_team_Notification scheduled__2022-11-13T00:00:00+00:00 [running]> on host 638485efabe7
[2022-11-17T17:38:21.594+0000] {taskinstance.py:1592} INFO - Exporting the following env vars:
AIRFLOW_CTX_DAG_OWNER=***
AIRFLOW_CTX_DAG_ID=MyPersonalAirflowProject
AIRFLOW_CTX_TASK_ID=Marketing_team_Notification
AIRFLOW_CTX_EXECUTION_DATE=2022-11-13T00:00:00+00:00
AIRFLOW_CTX_TRY_NUMBER=1
AIRFLOW_CTX_DAG_RUN_ID=scheduled__2022-11-13T00:00:00+00:00
[2022-11-17T17:38:21.595+0000] {subprocess.py:63} INFO - Tmp dir root location: 
 /tmp
[2022-11-17T17:38:21.597+0000] {subprocess.py:75} INFO - Running command: ['/bin/bash', '-c', 'echo "Hi Marketing team, Space X data for 2022-11-13 are now available!.. Please check them out!"']
[2022-11-17T17:38:21.613+0000] {subprocess.py:86} INFO - Output:
[2022-11-17T17:38:21.615+0000] {subprocess.py:93} INFO - Hi Marketing team, Space X data for 2022-11-13 are now available!.. Please check them out!
[2022-11-17T17:38:21.616+0000] {subprocess.py:97} INFO - Command exited with return code 0
[2022-11-17T17:38:21.650+0000] {taskinstance.py:1406} INFO - Marking task as SUCCESS. dag_id=MyPersonalAirflowProject, task_id=Marketing_team_Notification, execution_date=20221113T000000, start_date=20221117T173821, end_date=20221117T173821
[2022-11-17T17:38:21.675+0000] {local_task_job.py:164} INFO - Task exited with return code 0
[2022-11-17T17:38:21.698+0000] {local_task_job.py:273} INFO - 0 downstream tasks scheduled from follow-on schedule check
