[2022-11-17T16:26:01.610+0000] {taskinstance.py:1165} INFO - Dependencies all met for <TaskInstance: MyPersonalAirflowProject.Marketing_team_Notification scheduled__2022-10-04T00:00:00+00:00 [queued]>
[2022-11-17T16:26:01.623+0000] {taskinstance.py:1165} INFO - Dependencies all met for <TaskInstance: MyPersonalAirflowProject.Marketing_team_Notification scheduled__2022-10-04T00:00:00+00:00 [queued]>
[2022-11-17T16:26:01.623+0000] {taskinstance.py:1362} INFO - 
--------------------------------------------------------------------------------
[2022-11-17T16:26:01.624+0000] {taskinstance.py:1363} INFO - Starting attempt 1 of 1
[2022-11-17T16:26:01.625+0000] {taskinstance.py:1364} INFO - 
--------------------------------------------------------------------------------
[2022-11-17T16:26:01.642+0000] {taskinstance.py:1383} INFO - Executing <Task(BashOperator): Marketing_team_Notification> on 2022-10-04 00:00:00+00:00
[2022-11-17T16:26:01.647+0000] {standard_task_runner.py:55} INFO - Started process 3065 to run task
[2022-11-17T16:26:01.650+0000] {standard_task_runner.py:82} INFO - Running: ['***', 'tasks', 'run', 'MyPersonalAirflowProject', 'Marketing_team_Notification', 'scheduled__2022-10-04T00:00:00+00:00', '--job-id', '2054', '--raw', '--subdir', 'DAGS_FOLDER/FinalPersonalProject.py', '--cfg-path', '/tmp/tmplkcax_yz']
[2022-11-17T16:26:01.651+0000] {standard_task_runner.py:83} INFO - Job 2054: Subtask Marketing_team_Notification
[2022-11-17T16:26:01.716+0000] {task_command.py:376} INFO - Running <TaskInstance: MyPersonalAirflowProject.Marketing_team_Notification scheduled__2022-10-04T00:00:00+00:00 [running]> on host 638485efabe7
[2022-11-17T16:26:01.795+0000] {taskinstance.py:1592} INFO - Exporting the following env vars:
AIRFLOW_CTX_DAG_OWNER=***
AIRFLOW_CTX_DAG_ID=MyPersonalAirflowProject
AIRFLOW_CTX_TASK_ID=Marketing_team_Notification
AIRFLOW_CTX_EXECUTION_DATE=2022-10-04T00:00:00+00:00
AIRFLOW_CTX_TRY_NUMBER=1
AIRFLOW_CTX_DAG_RUN_ID=scheduled__2022-10-04T00:00:00+00:00
[2022-11-17T16:26:01.796+0000] {subprocess.py:63} INFO - Tmp dir root location: 
 /tmp
[2022-11-17T16:26:01.797+0000] {subprocess.py:75} INFO - Running command: ['/bin/bash', '-c', 'echo "Hi Marketing team, Space X data for 2022-10-04 are now available!.. Please check them out!"']
[2022-11-17T16:26:01.809+0000] {subprocess.py:86} INFO - Output:
[2022-11-17T16:26:01.810+0000] {subprocess.py:93} INFO - Hi Marketing team, Space X data for 2022-10-04 are now available!.. Please check them out!
[2022-11-17T16:26:01.811+0000] {subprocess.py:97} INFO - Command exited with return code 0
[2022-11-17T16:26:01.839+0000] {taskinstance.py:1406} INFO - Marking task as SUCCESS. dag_id=MyPersonalAirflowProject, task_id=Marketing_team_Notification, execution_date=20221004T000000, start_date=20221117T162601, end_date=20221117T162601
[2022-11-17T16:26:01.863+0000] {local_task_job.py:164} INFO - Task exited with return code 0
[2022-11-17T16:26:01.883+0000] {local_task_job.py:273} INFO - 0 downstream tasks scheduled from follow-on schedule check
[2022-11-17T17:18:05.926+0000] {taskinstance.py:1165} INFO - Dependencies all met for <TaskInstance: MyPersonalAirflowProject.Marketing_team_Notification scheduled__2022-10-04T00:00:00+00:00 [queued]>
[2022-11-17T17:18:05.941+0000] {taskinstance.py:1165} INFO - Dependencies all met for <TaskInstance: MyPersonalAirflowProject.Marketing_team_Notification scheduled__2022-10-04T00:00:00+00:00 [queued]>
[2022-11-17T17:18:05.941+0000] {taskinstance.py:1362} INFO - 
--------------------------------------------------------------------------------
[2022-11-17T17:18:05.942+0000] {taskinstance.py:1363} INFO - Starting attempt 1 of 1
[2022-11-17T17:18:05.942+0000] {taskinstance.py:1364} INFO - 
--------------------------------------------------------------------------------
[2022-11-17T17:18:05.959+0000] {taskinstance.py:1383} INFO - Executing <Task(BashOperator): Marketing_team_Notification> on 2022-10-04 00:00:00+00:00
[2022-11-17T17:18:05.965+0000] {standard_task_runner.py:55} INFO - Started process 6707 to run task
[2022-11-17T17:18:05.968+0000] {standard_task_runner.py:82} INFO - Running: ['***', 'tasks', 'run', 'MyPersonalAirflowProject', 'Marketing_team_Notification', 'scheduled__2022-10-04T00:00:00+00:00', '--job-id', '2464', '--raw', '--subdir', 'DAGS_FOLDER/FinalPersonalProject.py', '--cfg-path', '/tmp/tmpum67iy8b']
[2022-11-17T17:18:05.969+0000] {standard_task_runner.py:83} INFO - Job 2464: Subtask Marketing_team_Notification
[2022-11-17T17:18:06.038+0000] {task_command.py:376} INFO - Running <TaskInstance: MyPersonalAirflowProject.Marketing_team_Notification scheduled__2022-10-04T00:00:00+00:00 [running]> on host 638485efabe7
[2022-11-17T17:18:06.117+0000] {taskinstance.py:1592} INFO - Exporting the following env vars:
AIRFLOW_CTX_DAG_OWNER=***
AIRFLOW_CTX_DAG_ID=MyPersonalAirflowProject
AIRFLOW_CTX_TASK_ID=Marketing_team_Notification
AIRFLOW_CTX_EXECUTION_DATE=2022-10-04T00:00:00+00:00
AIRFLOW_CTX_TRY_NUMBER=1
AIRFLOW_CTX_DAG_RUN_ID=scheduled__2022-10-04T00:00:00+00:00
[2022-11-17T17:18:06.118+0000] {subprocess.py:63} INFO - Tmp dir root location: 
 /tmp
[2022-11-17T17:18:06.119+0000] {subprocess.py:75} INFO - Running command: ['/bin/bash', '-c', 'echo "Hi Marketing team, Space X data for 2022-10-04 are now available!.. Please check them out!"']
[2022-11-17T17:18:06.130+0000] {subprocess.py:86} INFO - Output:
[2022-11-17T17:18:06.132+0000] {subprocess.py:93} INFO - Hi Marketing team, Space X data for 2022-10-04 are now available!.. Please check them out!
[2022-11-17T17:18:06.133+0000] {subprocess.py:97} INFO - Command exited with return code 0
[2022-11-17T17:18:06.162+0000] {taskinstance.py:1406} INFO - Marking task as SUCCESS. dag_id=MyPersonalAirflowProject, task_id=Marketing_team_Notification, execution_date=20221004T000000, start_date=20221117T171805, end_date=20221117T171806
[2022-11-17T17:18:06.220+0000] {local_task_job.py:164} INFO - Task exited with return code 0
[2022-11-17T17:18:06.242+0000] {local_task_job.py:273} INFO - 0 downstream tasks scheduled from follow-on schedule check
