[2022-11-16T22:30:38.259+0000] {taskinstance.py:1165} INFO - Dependencies all met for <TaskInstance: MyPersonalAirflowProject.Print_Imported_data scheduled__2022-11-02T00:00:00+00:00 [queued]>
[2022-11-16T22:30:38.283+0000] {taskinstance.py:1165} INFO - Dependencies all met for <TaskInstance: MyPersonalAirflowProject.Print_Imported_data scheduled__2022-11-02T00:00:00+00:00 [queued]>
[2022-11-16T22:30:38.284+0000] {taskinstance.py:1362} INFO - 
--------------------------------------------------------------------------------
[2022-11-16T22:30:38.305+0000] {taskinstance.py:1363} INFO - Starting attempt 1 of 1
[2022-11-16T22:30:38.306+0000] {taskinstance.py:1364} INFO - 
--------------------------------------------------------------------------------
[2022-11-16T22:30:38.339+0000] {taskinstance.py:1383} INFO - Executing <Task(BashOperator): Print_Imported_data> on 2022-11-02 00:00:00+00:00
[2022-11-16T22:30:38.348+0000] {standard_task_runner.py:55} INFO - Started process 6097 to run task
[2022-11-16T22:30:38.350+0000] {standard_task_runner.py:82} INFO - Running: ['***', 'tasks', 'run', 'MyPersonalAirflowProject', 'Print_Imported_data', 'scheduled__2022-11-02T00:00:00+00:00', '--job-id', '1637', '--raw', '--subdir', 'DAGS_FOLDER/FinalPersonalProject.py', '--cfg-path', '/tmp/tmpihciatjn']
[2022-11-16T22:30:38.351+0000] {standard_task_runner.py:83} INFO - Job 1637: Subtask Print_Imported_data
[2022-11-16T22:30:38.434+0000] {task_command.py:376} INFO - Running <TaskInstance: MyPersonalAirflowProject.Print_Imported_data scheduled__2022-11-02T00:00:00+00:00 [running]> on host 638485efabe7
[2022-11-16T22:30:38.555+0000] {taskinstance.py:1592} INFO - Exporting the following env vars:
AIRFLOW_CTX_DAG_OWNER=***
AIRFLOW_CTX_DAG_ID=MyPersonalAirflowProject
AIRFLOW_CTX_TASK_ID=Print_Imported_data
AIRFLOW_CTX_EXECUTION_DATE=2022-11-02T00:00:00+00:00
AIRFLOW_CTX_TRY_NUMBER=1
AIRFLOW_CTX_DAG_RUN_ID=scheduled__2022-11-02T00:00:00+00:00
[2022-11-16T22:30:38.557+0000] {subprocess.py:63} INFO - Tmp dir root location: 
 /tmp
[2022-11-16T22:30:38.558+0000] {subprocess.py:75} INFO - Running command: ['/bin/bash', '-c', 'ls /tmp/ && head /tmp/platzi_data.csv']
[2022-11-16T22:30:38.576+0000] {subprocess.py:86} INFO - Output:
[2022-11-16T22:30:38.610+0000] {subprocess.py:93} INFO - ***tmpk5xxq3nx
[2022-11-16T22:30:38.612+0000] {subprocess.py:93} INFO - ***tmplkvca7ip
[2022-11-16T22:30:38.614+0000] {subprocess.py:93} INFO - ***tmpodkacs8z
[2022-11-16T22:30:38.615+0000] {subprocess.py:93} INFO - ***tmpsiajaxgl
[2022-11-16T22:30:38.616+0000] {subprocess.py:93} INFO - file.txt
[2022-11-16T22:30:38.617+0000] {subprocess.py:93} INFO - history.json
[2022-11-16T22:30:38.618+0000] {subprocess.py:93} INFO - platzi_data_20221001.csv
[2022-11-16T22:30:38.619+0000] {subprocess.py:93} INFO - platzi_data_20221002.csv
[2022-11-16T22:30:38.619+0000] {subprocess.py:93} INFO - platzi_data_20221003.csv
[2022-11-16T22:30:38.619+0000] {subprocess.py:93} INFO - platzi_data_20221004.csv
[2022-11-16T22:30:38.620+0000] {subprocess.py:93} INFO - platzi_data_20221005.csv
[2022-11-16T22:30:38.620+0000] {subprocess.py:93} INFO - platzi_data_20221006.csv
[2022-11-16T22:30:38.621+0000] {subprocess.py:93} INFO - platzi_data_20221007.csv
[2022-11-16T22:30:38.621+0000] {subprocess.py:93} INFO - platzi_data_20221008.csv
[2022-11-16T22:30:38.622+0000] {subprocess.py:93} INFO - platzi_data_20221009.csv
[2022-11-16T22:30:38.622+0000] {subprocess.py:93} INFO - platzi_data_20221010.csv
[2022-11-16T22:30:38.622+0000] {subprocess.py:93} INFO - platzi_data_20221011.csv
[2022-11-16T22:30:38.622+0000] {subprocess.py:93} INFO - platzi_data_20221012.csv
[2022-11-16T22:30:38.623+0000] {subprocess.py:93} INFO - platzi_data_20221013.csv
[2022-11-16T22:30:38.623+0000] {subprocess.py:93} INFO - platzi_data_20221014.csv
[2022-11-16T22:30:38.624+0000] {subprocess.py:93} INFO - platzi_data_20221015.csv
[2022-11-16T22:30:38.625+0000] {subprocess.py:93} INFO - platzi_data_20221016.csv
[2022-11-16T22:30:38.626+0000] {subprocess.py:93} INFO - platzi_data_20221017.csv
[2022-11-16T22:30:38.626+0000] {subprocess.py:93} INFO - platzi_data_20221018.csv
[2022-11-16T22:30:38.627+0000] {subprocess.py:93} INFO - platzi_data_20221019.csv
[2022-11-16T22:30:38.628+0000] {subprocess.py:93} INFO - platzi_data_20221020.csv
[2022-11-16T22:30:38.629+0000] {subprocess.py:93} INFO - platzi_data_20221021.csv
[2022-11-16T22:30:38.629+0000] {subprocess.py:93} INFO - platzi_data_20221022.csv
[2022-11-16T22:30:38.629+0000] {subprocess.py:93} INFO - platzi_data_20221023.csv
[2022-11-16T22:30:38.630+0000] {subprocess.py:93} INFO - platzi_data_20221024.csv
[2022-11-16T22:30:38.631+0000] {subprocess.py:93} INFO - platzi_data_20221025.csv
[2022-11-16T22:30:38.631+0000] {subprocess.py:93} INFO - platzi_data_20221026.csv
[2022-11-16T22:30:38.632+0000] {subprocess.py:93} INFO - platzi_data_20221027.csv
[2022-11-16T22:30:38.632+0000] {subprocess.py:93} INFO - platzi_data_20221028.csv
[2022-11-16T22:30:38.632+0000] {subprocess.py:93} INFO - platzi_data_20221029.csv
[2022-11-16T22:30:38.633+0000] {subprocess.py:93} INFO - platzi_data_20221030.csv
[2022-11-16T22:30:38.633+0000] {subprocess.py:93} INFO - platzi_data_20221031.csv
[2022-11-16T22:30:38.634+0000] {subprocess.py:93} INFO - platzi_data_20221101.csv
[2022-11-16T22:30:38.634+0000] {subprocess.py:93} INFO - platzi_data_20221102.csv
[2022-11-16T22:30:38.635+0000] {subprocess.py:93} INFO - pymp-8yik9lbi
[2022-11-16T22:30:38.636+0000] {subprocess.py:93} INFO - pymp-y00k7agg
[2022-11-16T22:30:38.636+0000] {subprocess.py:93} INFO - reponse_20221001.txt
[2022-11-16T22:30:38.637+0000] {subprocess.py:93} INFO - reponse_20221002.txt
[2022-11-16T22:30:38.637+0000] {subprocess.py:93} INFO - reponse_20221003.txt
[2022-11-16T22:30:38.637+0000] {subprocess.py:93} INFO - reponse_20221004.txt
[2022-11-16T22:30:38.637+0000] {subprocess.py:93} INFO - reponse_20221005.txt
[2022-11-16T22:30:38.638+0000] {subprocess.py:93} INFO - reponse_20221006.txt
[2022-11-16T22:30:38.638+0000] {subprocess.py:93} INFO - reponse_20221007.txt
[2022-11-16T22:30:38.639+0000] {subprocess.py:93} INFO - reponse_20221008.txt
[2022-11-16T22:30:38.639+0000] {subprocess.py:93} INFO - reponse_20221009.txt
[2022-11-16T22:30:38.640+0000] {subprocess.py:93} INFO - reponse_20221010.txt
[2022-11-16T22:30:38.640+0000] {subprocess.py:93} INFO - reponse_20221011.txt
[2022-11-16T22:30:38.640+0000] {subprocess.py:93} INFO - reponse_20221012.txt
[2022-11-16T22:30:38.641+0000] {subprocess.py:93} INFO - reponse_20221013.txt
[2022-11-16T22:30:38.642+0000] {subprocess.py:93} INFO - reponse_20221014.txt
[2022-11-16T22:30:38.642+0000] {subprocess.py:93} INFO - reponse_20221015.txt
[2022-11-16T22:30:38.644+0000] {subprocess.py:93} INFO - reponse_20221016.txt
[2022-11-16T22:30:38.645+0000] {subprocess.py:93} INFO - reponse_20221017.txt
[2022-11-16T22:30:38.646+0000] {subprocess.py:93} INFO - reponse_20221018.txt
[2022-11-16T22:30:38.647+0000] {subprocess.py:93} INFO - reponse_20221019.txt
[2022-11-16T22:30:38.648+0000] {subprocess.py:93} INFO - reponse_20221020.txt
[2022-11-16T22:30:38.649+0000] {subprocess.py:93} INFO - reponse_20221021.txt
[2022-11-16T22:30:38.650+0000] {subprocess.py:93} INFO - reponse_20221022.txt
[2022-11-16T22:30:38.651+0000] {subprocess.py:93} INFO - reponse_20221023.txt
[2022-11-16T22:30:38.651+0000] {subprocess.py:93} INFO - reponse_20221024.txt
[2022-11-16T22:30:38.651+0000] {subprocess.py:93} INFO - reponse_20221025.txt
[2022-11-16T22:30:38.652+0000] {subprocess.py:93} INFO - reponse_20221026.txt
[2022-11-16T22:30:38.653+0000] {subprocess.py:93} INFO - reponse_20221027.txt
[2022-11-16T22:30:38.653+0000] {subprocess.py:93} INFO - reponse_20221028.txt
[2022-11-16T22:30:38.654+0000] {subprocess.py:93} INFO - reponse_20221029.txt
[2022-11-16T22:30:38.654+0000] {subprocess.py:93} INFO - reponse_20221030.txt
[2022-11-16T22:30:38.655+0000] {subprocess.py:93} INFO - reponse_20221031.txt
[2022-11-16T22:30:38.655+0000] {subprocess.py:93} INFO - reponse_20221101.txt
[2022-11-16T22:30:38.655+0000] {subprocess.py:93} INFO - reponse_20221102.txt
[2022-11-16T22:30:38.656+0000] {subprocess.py:93} INFO - reponse_20221103.txt
[2022-11-16T22:30:38.656+0000] {subprocess.py:93} INFO - reponse_20221104.txt
[2022-11-16T22:30:38.657+0000] {subprocess.py:93} INFO - reponse_20221105.txt
[2022-11-16T22:30:38.657+0000] {subprocess.py:93} INFO - reponse_20221106.txt
[2022-11-16T22:30:38.658+0000] {subprocess.py:93} INFO - reponse_20221107.txt
[2022-11-16T22:30:38.659+0000] {subprocess.py:93} INFO - reponse_20221108.txt
[2022-11-16T22:30:38.660+0000] {subprocess.py:93} INFO - reponse_20221109.txt
[2022-11-16T22:30:38.660+0000] {subprocess.py:93} INFO - reponse_20221110.txt
[2022-11-16T22:30:38.661+0000] {subprocess.py:93} INFO - reponse_20221111.txt
[2022-11-16T22:30:38.661+0000] {subprocess.py:93} INFO - reponse_20221112.txt
[2022-11-16T22:30:38.662+0000] {subprocess.py:93} INFO - reponse_20221113.txt
[2022-11-16T22:30:38.662+0000] {subprocess.py:93} INFO - reponse_20221114.txt
[2022-11-16T22:30:38.663+0000] {subprocess.py:93} INFO - reponse_20221115.txt
[2022-11-16T22:30:38.663+0000] {subprocess.py:93} INFO - tmp061o5asr
[2022-11-16T22:30:38.664+0000] {subprocess.py:93} INFO - tmp1b_v374g
[2022-11-16T22:30:38.665+0000] {subprocess.py:93} INFO - tmp2n3y4qb3
[2022-11-16T22:30:38.665+0000] {subprocess.py:93} INFO - tmp2ztydtyd
[2022-11-16T22:30:38.666+0000] {subprocess.py:93} INFO - tmp546oqdk0
[2022-11-16T22:30:38.667+0000] {subprocess.py:93} INFO - tmp57roj99h
[2022-11-16T22:30:38.667+0000] {subprocess.py:93} INFO - tmp5lejojs5
[2022-11-16T22:30:38.667+0000] {subprocess.py:93} INFO - tmp5nj2onwa
[2022-11-16T22:30:38.668+0000] {subprocess.py:93} INFO - tmp64cxrvul
[2022-11-16T22:30:38.668+0000] {subprocess.py:93} INFO - tmp6g4l21c1
[2022-11-16T22:30:38.668+0000] {subprocess.py:93} INFO - tmp7c6bgots
[2022-11-16T22:30:38.669+0000] {subprocess.py:93} INFO - tmp7khebugo
[2022-11-16T22:30:38.669+0000] {subprocess.py:93} INFO - tmp7lvtz6wk
[2022-11-16T22:30:38.669+0000] {subprocess.py:93} INFO - tmp8_n1aj39
[2022-11-16T22:30:38.670+0000] {subprocess.py:93} INFO - tmp8c_dsk2e
[2022-11-16T22:30:38.670+0000] {subprocess.py:93} INFO - tmp928ntdt7
[2022-11-16T22:30:38.671+0000] {subprocess.py:93} INFO - tmp9503grtb
[2022-11-16T22:30:38.671+0000] {subprocess.py:93} INFO - tmp_afh1uos
[2022-11-16T22:30:38.672+0000] {subprocess.py:93} INFO - tmp_m6lsnw3
[2022-11-16T22:30:38.672+0000] {subprocess.py:93} INFO - tmp_vy6n6_q
[2022-11-16T22:30:38.672+0000] {subprocess.py:93} INFO - tmpcnj5oj8y
[2022-11-16T22:30:38.673+0000] {subprocess.py:93} INFO - tmpcu_pom_6
[2022-11-16T22:30:38.674+0000] {subprocess.py:93} INFO - tmpdmc2g1zb
[2022-11-16T22:30:38.676+0000] {subprocess.py:93} INFO - tmpe4k1ogev
[2022-11-16T22:30:38.677+0000] {subprocess.py:93} INFO - tmpg_n88zm7
[2022-11-16T22:30:38.678+0000] {subprocess.py:93} INFO - tmpgg8mkst1
[2022-11-16T22:30:38.679+0000] {subprocess.py:93} INFO - tmpgi8v82jx
[2022-11-16T22:30:38.681+0000] {subprocess.py:93} INFO - tmpiez6kail
[2022-11-16T22:30:38.682+0000] {subprocess.py:93} INFO - tmpj1n4wxza
[2022-11-16T22:30:38.683+0000] {subprocess.py:93} INFO - tmpjsznho2e
[2022-11-16T22:30:38.683+0000] {subprocess.py:93} INFO - tmpkrg9_cgk
[2022-11-16T22:30:38.684+0000] {subprocess.py:93} INFO - tmpl13ymsfs
[2022-11-16T22:30:38.684+0000] {subprocess.py:93} INFO - tmplrbhl64b
[2022-11-16T22:30:38.684+0000] {subprocess.py:93} INFO - tmpn38ozedg
[2022-11-16T22:30:38.684+0000] {subprocess.py:93} INFO - tmpn96u_4ih
[2022-11-16T22:30:38.685+0000] {subprocess.py:93} INFO - tmpo3nf6k5c
[2022-11-16T22:30:38.685+0000] {subprocess.py:93} INFO - tmpoy_ljy8t
[2022-11-16T22:30:38.685+0000] {subprocess.py:93} INFO - tmpp4w9yq6x
[2022-11-16T22:30:38.685+0000] {subprocess.py:93} INFO - tmppfidxzjr
[2022-11-16T22:30:38.686+0000] {subprocess.py:93} INFO - tmpr681bhfw
[2022-11-16T22:30:38.686+0000] {subprocess.py:93} INFO - tmpr9102hwf
[2022-11-16T22:30:38.686+0000] {subprocess.py:93} INFO - tmpt4qo16oq
[2022-11-16T22:30:38.687+0000] {subprocess.py:93} INFO - tmptn832g5z
[2022-11-16T22:30:38.687+0000] {subprocess.py:93} INFO - tmpu9qbl0wh
[2022-11-16T22:30:38.688+0000] {subprocess.py:93} INFO - tmpuq8ywung
[2022-11-16T22:30:38.689+0000] {subprocess.py:93} INFO - tmpv606o9_9
[2022-11-16T22:30:38.692+0000] {subprocess.py:93} INFO - tmpxf7g1lc4
[2022-11-16T22:30:38.695+0000] {subprocess.py:93} INFO - tmpxktobcjf
[2022-11-16T22:30:38.695+0000] {subprocess.py:93} INFO - tmpz91iizm7
[2022-11-16T22:30:38.696+0000] {subprocess.py:93} INFO - head: cannot open '/tmp/platzi_data.csv' for reading: No such file or directory
[2022-11-16T22:30:38.697+0000] {subprocess.py:97} INFO - Command exited with return code 1
[2022-11-16T22:30:38.749+0000] {taskinstance.py:1851} ERROR - Task failed with exception
Traceback (most recent call last):
  File "/home/airflow/.local/lib/python3.7/site-packages/airflow/operators/bash.py", line 197, in execute
    f'Bash command failed. The command returned a non-zero exit code {result.exit_code}.'
airflow.exceptions.AirflowException: Bash command failed. The command returned a non-zero exit code 1.
[2022-11-16T22:30:38.784+0000] {taskinstance.py:1406} INFO - Marking task as FAILED. dag_id=MyPersonalAirflowProject, task_id=Print_Imported_data, execution_date=20221102T000000, start_date=20221116T223038, end_date=20221116T223038
[2022-11-16T22:30:38.819+0000] {standard_task_runner.py:105} ERROR - Failed to execute job 1637 for task Print_Imported_data (Bash command failed. The command returned a non-zero exit code 1.; 6097)
[2022-11-16T22:30:38.867+0000] {local_task_job.py:164} INFO - Task exited with return code 1
[2022-11-16T22:30:38.900+0000] {local_task_job.py:273} INFO - 0 downstream tasks scheduled from follow-on schedule check
[2022-11-17T16:41:43.711+0000] {taskinstance.py:1165} INFO - Dependencies all met for <TaskInstance: MyPersonalAirflowProject.Print_Imported_data scheduled__2022-11-02T00:00:00+00:00 [queued]>
[2022-11-17T16:41:43.728+0000] {taskinstance.py:1165} INFO - Dependencies all met for <TaskInstance: MyPersonalAirflowProject.Print_Imported_data scheduled__2022-11-02T00:00:00+00:00 [queued]>
[2022-11-17T16:41:43.728+0000] {taskinstance.py:1362} INFO - 
--------------------------------------------------------------------------------
[2022-11-17T16:41:43.729+0000] {taskinstance.py:1363} INFO - Starting attempt 1 of 1
[2022-11-17T16:41:43.729+0000] {taskinstance.py:1364} INFO - 
--------------------------------------------------------------------------------
[2022-11-17T16:41:43.747+0000] {taskinstance.py:1383} INFO - Executing <Task(BashOperator): Print_Imported_data> on 2022-11-02 00:00:00+00:00
[2022-11-17T16:41:43.754+0000] {standard_task_runner.py:55} INFO - Started process 4503 to run task
[2022-11-17T16:41:43.757+0000] {standard_task_runner.py:82} INFO - Running: ['***', 'tasks', 'run', 'MyPersonalAirflowProject', 'Print_Imported_data', 'scheduled__2022-11-02T00:00:00+00:00', '--job-id', '2285', '--raw', '--subdir', 'DAGS_FOLDER/FinalPersonalProject.py', '--cfg-path', '/tmp/tmpaj79q45g']
[2022-11-17T16:41:43.758+0000] {standard_task_runner.py:83} INFO - Job 2285: Subtask Print_Imported_data
[2022-11-17T16:41:43.824+0000] {task_command.py:376} INFO - Running <TaskInstance: MyPersonalAirflowProject.Print_Imported_data scheduled__2022-11-02T00:00:00+00:00 [running]> on host 638485efabe7
[2022-11-17T16:41:43.922+0000] {taskinstance.py:1592} INFO - Exporting the following env vars:
AIRFLOW_CTX_DAG_OWNER=***
AIRFLOW_CTX_DAG_ID=MyPersonalAirflowProject
AIRFLOW_CTX_TASK_ID=Print_Imported_data
AIRFLOW_CTX_EXECUTION_DATE=2022-11-02T00:00:00+00:00
AIRFLOW_CTX_TRY_NUMBER=1
AIRFLOW_CTX_DAG_RUN_ID=scheduled__2022-11-02T00:00:00+00:00
[2022-11-17T16:41:43.924+0000] {subprocess.py:63} INFO - Tmp dir root location: 
 /tmp
[2022-11-17T16:41:43.926+0000] {subprocess.py:75} INFO - Running command: ['/bin/bash', '-c', 'ls /tmp/ && head /tmp/platzi_data_20221102.csv']
[2022-11-17T16:41:43.939+0000] {subprocess.py:86} INFO - Output:
[2022-11-17T16:41:43.943+0000] {subprocess.py:93} INFO - ***tmp4cpo3xe1
[2022-11-17T16:41:43.944+0000] {subprocess.py:93} INFO - ***tmpk5xxq3nx
[2022-11-17T16:41:43.945+0000] {subprocess.py:93} INFO - ***tmplkvca7ip
[2022-11-17T16:41:43.945+0000] {subprocess.py:93} INFO - ***tmpodkacs8z
[2022-11-17T16:41:43.946+0000] {subprocess.py:93} INFO - file.txt
[2022-11-17T16:41:43.946+0000] {subprocess.py:93} INFO - history.json
[2022-11-17T16:41:43.947+0000] {subprocess.py:93} INFO - platzi_data_20221001.csv
[2022-11-17T16:41:43.948+0000] {subprocess.py:93} INFO - platzi_data_20221002.csv
[2022-11-17T16:41:43.948+0000] {subprocess.py:93} INFO - platzi_data_20221003.csv
[2022-11-17T16:41:43.949+0000] {subprocess.py:93} INFO - platzi_data_20221004.csv
[2022-11-17T16:41:43.949+0000] {subprocess.py:93} INFO - platzi_data_20221005.csv
[2022-11-17T16:41:43.950+0000] {subprocess.py:93} INFO - platzi_data_20221006.csv
[2022-11-17T16:41:43.951+0000] {subprocess.py:93} INFO - platzi_data_20221007.csv
[2022-11-17T16:41:43.951+0000] {subprocess.py:93} INFO - platzi_data_20221008.csv
[2022-11-17T16:41:43.952+0000] {subprocess.py:93} INFO - platzi_data_20221009.csv
[2022-11-17T16:41:43.952+0000] {subprocess.py:93} INFO - platzi_data_20221010.csv
[2022-11-17T16:41:43.953+0000] {subprocess.py:93} INFO - platzi_data_20221011.csv
[2022-11-17T16:41:43.953+0000] {subprocess.py:93} INFO - platzi_data_20221012.csv
[2022-11-17T16:41:43.954+0000] {subprocess.py:93} INFO - platzi_data_20221013.csv
[2022-11-17T16:41:43.954+0000] {subprocess.py:93} INFO - platzi_data_20221014.csv
[2022-11-17T16:41:43.955+0000] {subprocess.py:93} INFO - platzi_data_20221015.csv
[2022-11-17T16:41:43.955+0000] {subprocess.py:93} INFO - platzi_data_20221016.csv
[2022-11-17T16:41:43.955+0000] {subprocess.py:93} INFO - platzi_data_20221017.csv
[2022-11-17T16:41:43.956+0000] {subprocess.py:93} INFO - platzi_data_20221018.csv
[2022-11-17T16:41:43.956+0000] {subprocess.py:93} INFO - platzi_data_20221019.csv
[2022-11-17T16:41:43.957+0000] {subprocess.py:93} INFO - platzi_data_20221020.csv
[2022-11-17T16:41:43.957+0000] {subprocess.py:93} INFO - platzi_data_20221021.csv
[2022-11-17T16:41:43.957+0000] {subprocess.py:93} INFO - platzi_data_20221022.csv
[2022-11-17T16:41:43.958+0000] {subprocess.py:93} INFO - platzi_data_20221023.csv
[2022-11-17T16:41:43.958+0000] {subprocess.py:93} INFO - platzi_data_20221024.csv
[2022-11-17T16:41:43.958+0000] {subprocess.py:93} INFO - platzi_data_20221025.csv
[2022-11-17T16:41:43.959+0000] {subprocess.py:93} INFO - platzi_data_20221026.csv
[2022-11-17T16:41:43.959+0000] {subprocess.py:93} INFO - platzi_data_20221027.csv
[2022-11-17T16:41:43.960+0000] {subprocess.py:93} INFO - platzi_data_20221028.csv
[2022-11-17T16:41:43.960+0000] {subprocess.py:93} INFO - platzi_data_20221029.csv
[2022-11-17T16:41:43.960+0000] {subprocess.py:93} INFO - platzi_data_20221030.csv
[2022-11-17T16:41:43.961+0000] {subprocess.py:93} INFO - platzi_data_20221031.csv
[2022-11-17T16:41:43.961+0000] {subprocess.py:93} INFO - platzi_data_20221101.csv
[2022-11-17T16:41:43.961+0000] {subprocess.py:93} INFO - platzi_data_20221102.csv
[2022-11-17T16:41:43.962+0000] {subprocess.py:93} INFO - platzi_data_20221103.csv
[2022-11-17T16:41:43.962+0000] {subprocess.py:93} INFO - platzi_data_20221104.csv
[2022-11-17T16:41:43.963+0000] {subprocess.py:93} INFO - platzi_data_20221105.csv
[2022-11-17T16:41:43.963+0000] {subprocess.py:93} INFO - platzi_data_20221106.csv
[2022-11-17T16:41:43.964+0000] {subprocess.py:93} INFO - platzi_data_20221107.csv
[2022-11-17T16:41:43.965+0000] {subprocess.py:93} INFO - platzi_data_20221108.csv
[2022-11-17T16:41:43.965+0000] {subprocess.py:93} INFO - platzi_data_20221109.csv
[2022-11-17T16:41:43.966+0000] {subprocess.py:93} INFO - platzi_data_20221110.csv
[2022-11-17T16:41:43.966+0000] {subprocess.py:93} INFO - platzi_data_20221111.csv
[2022-11-17T16:41:43.967+0000] {subprocess.py:93} INFO - platzi_data_20221112.csv
[2022-11-17T16:41:43.967+0000] {subprocess.py:93} INFO - platzi_data_20221113.csv
[2022-11-17T16:41:43.967+0000] {subprocess.py:93} INFO - platzi_data_20221114.csv
[2022-11-17T16:41:43.968+0000] {subprocess.py:93} INFO - platzi_data_20221115.csv
[2022-11-17T16:41:43.969+0000] {subprocess.py:93} INFO - platzi_data_20221116.csv
[2022-11-17T16:41:43.969+0000] {subprocess.py:93} INFO - pymp-8yik9lbi
[2022-11-17T16:41:43.970+0000] {subprocess.py:93} INFO - pymp-sbqt6pho
[2022-11-17T16:41:43.971+0000] {subprocess.py:93} INFO - reponse_20221001.txt
[2022-11-17T16:41:43.972+0000] {subprocess.py:93} INFO - reponse_20221002.txt
[2022-11-17T16:41:43.972+0000] {subprocess.py:93} INFO - reponse_20221003.txt
[2022-11-17T16:41:43.973+0000] {subprocess.py:93} INFO - reponse_20221004.txt
[2022-11-17T16:41:43.973+0000] {subprocess.py:93} INFO - reponse_20221005.txt
[2022-11-17T16:41:43.974+0000] {subprocess.py:93} INFO - reponse_20221006.txt
[2022-11-17T16:41:43.975+0000] {subprocess.py:93} INFO - reponse_20221007.txt
[2022-11-17T16:41:43.975+0000] {subprocess.py:93} INFO - reponse_20221008.txt
[2022-11-17T16:41:43.976+0000] {subprocess.py:93} INFO - reponse_20221009.txt
[2022-11-17T16:41:43.976+0000] {subprocess.py:93} INFO - reponse_20221010.txt
[2022-11-17T16:41:43.977+0000] {subprocess.py:93} INFO - reponse_20221011.txt
[2022-11-17T16:41:43.978+0000] {subprocess.py:93} INFO - reponse_20221012.txt
[2022-11-17T16:41:43.978+0000] {subprocess.py:93} INFO - reponse_20221013.txt
[2022-11-17T16:41:43.979+0000] {subprocess.py:93} INFO - reponse_20221014.txt
[2022-11-17T16:41:43.979+0000] {subprocess.py:93} INFO - reponse_20221015.txt
[2022-11-17T16:41:43.980+0000] {subprocess.py:93} INFO - reponse_20221016.txt
[2022-11-17T16:41:43.980+0000] {subprocess.py:93} INFO - reponse_20221017.txt
[2022-11-17T16:41:43.981+0000] {subprocess.py:93} INFO - reponse_20221018.txt
[2022-11-17T16:41:43.981+0000] {subprocess.py:93} INFO - reponse_20221019.txt
[2022-11-17T16:41:43.982+0000] {subprocess.py:93} INFO - reponse_20221020.txt
[2022-11-17T16:41:43.982+0000] {subprocess.py:93} INFO - reponse_20221021.txt
[2022-11-17T16:41:43.983+0000] {subprocess.py:93} INFO - reponse_20221022.txt
[2022-11-17T16:41:43.983+0000] {subprocess.py:93} INFO - reponse_20221023.txt
[2022-11-17T16:41:43.984+0000] {subprocess.py:93} INFO - reponse_20221024.txt
[2022-11-17T16:41:43.984+0000] {subprocess.py:93} INFO - reponse_20221025.txt
[2022-11-17T16:41:43.985+0000] {subprocess.py:93} INFO - reponse_20221026.txt
[2022-11-17T16:41:43.986+0000] {subprocess.py:93} INFO - reponse_20221027.txt
[2022-11-17T16:41:43.986+0000] {subprocess.py:93} INFO - reponse_20221028.txt
[2022-11-17T16:41:43.987+0000] {subprocess.py:93} INFO - reponse_20221029.txt
[2022-11-17T16:41:43.987+0000] {subprocess.py:93} INFO - reponse_20221030.txt
[2022-11-17T16:41:43.988+0000] {subprocess.py:93} INFO - reponse_20221031.txt
[2022-11-17T16:41:43.989+0000] {subprocess.py:93} INFO - reponse_20221101.txt
[2022-11-17T16:41:43.989+0000] {subprocess.py:93} INFO - reponse_20221102.txt
[2022-11-17T16:41:43.990+0000] {subprocess.py:93} INFO - reponse_20221103.txt
[2022-11-17T16:41:43.991+0000] {subprocess.py:93} INFO - reponse_20221104.txt
[2022-11-17T16:41:43.991+0000] {subprocess.py:93} INFO - reponse_20221105.txt
[2022-11-17T16:41:43.992+0000] {subprocess.py:93} INFO - reponse_20221106.txt
[2022-11-17T16:41:43.993+0000] {subprocess.py:93} INFO - reponse_20221107.txt
[2022-11-17T16:41:43.993+0000] {subprocess.py:93} INFO - reponse_20221108.txt
[2022-11-17T16:41:43.994+0000] {subprocess.py:93} INFO - reponse_20221109.txt
[2022-11-17T16:41:43.995+0000] {subprocess.py:93} INFO - reponse_20221110.txt
[2022-11-17T16:41:43.995+0000] {subprocess.py:93} INFO - reponse_20221111.txt
[2022-11-17T16:41:43.996+0000] {subprocess.py:93} INFO - reponse_20221112.txt
[2022-11-17T16:41:43.996+0000] {subprocess.py:93} INFO - reponse_20221113.txt
[2022-11-17T16:41:43.997+0000] {subprocess.py:93} INFO - reponse_20221114.txt
[2022-11-17T16:41:43.997+0000] {subprocess.py:93} INFO - reponse_20221115.txt
[2022-11-17T16:41:43.998+0000] {subprocess.py:93} INFO - reponse_20221116.txt
[2022-11-17T16:41:43.999+0000] {subprocess.py:93} INFO - tmp061o5asr
[2022-11-17T16:41:43.999+0000] {subprocess.py:93} INFO - tmp1b_v374g
[2022-11-17T16:41:44.000+0000] {subprocess.py:93} INFO - tmp2n3y4qb3
[2022-11-17T16:41:44.000+0000] {subprocess.py:93} INFO - tmp2ztydtyd
[2022-11-17T16:41:44.001+0000] {subprocess.py:93} INFO - tmp546oqdk0
[2022-11-17T16:41:44.001+0000] {subprocess.py:93} INFO - tmp57roj99h
[2022-11-17T16:41:44.002+0000] {subprocess.py:93} INFO - tmp5lejojs5
[2022-11-17T16:41:44.002+0000] {subprocess.py:93} INFO - tmp5nj2onwa
[2022-11-17T16:41:44.003+0000] {subprocess.py:93} INFO - tmp64cxrvul
[2022-11-17T16:41:44.003+0000] {subprocess.py:93} INFO - tmp6g4l21c1
[2022-11-17T16:41:44.004+0000] {subprocess.py:93} INFO - tmp7c6bgots
[2022-11-17T16:41:44.005+0000] {subprocess.py:93} INFO - tmp7khebugo
[2022-11-17T16:41:44.005+0000] {subprocess.py:93} INFO - tmp7lvtz6wk
[2022-11-17T16:41:44.006+0000] {subprocess.py:93} INFO - tmp8_n1aj39
[2022-11-17T16:41:44.007+0000] {subprocess.py:93} INFO - tmp8c_dsk2e
[2022-11-17T16:41:44.007+0000] {subprocess.py:93} INFO - tmp928ntdt7
[2022-11-17T16:41:44.008+0000] {subprocess.py:93} INFO - tmp9503grtb
[2022-11-17T16:41:44.008+0000] {subprocess.py:93} INFO - tmp_afh1uos
[2022-11-17T16:41:44.008+0000] {subprocess.py:93} INFO - tmp_m6lsnw3
[2022-11-17T16:41:44.009+0000] {subprocess.py:93} INFO - tmp_vy6n6_q
[2022-11-17T16:41:44.009+0000] {subprocess.py:93} INFO - tmpcnj5oj8y
[2022-11-17T16:41:44.010+0000] {subprocess.py:93} INFO - tmpcu_pom_6
[2022-11-17T16:41:44.010+0000] {subprocess.py:93} INFO - tmpdmc2g1zb
[2022-11-17T16:41:44.011+0000] {subprocess.py:93} INFO - tmpe4k1ogev
[2022-11-17T16:41:44.011+0000] {subprocess.py:93} INFO - tmpg_n88zm7
[2022-11-17T16:41:44.012+0000] {subprocess.py:93} INFO - tmpgg8mkst1
[2022-11-17T16:41:44.012+0000] {subprocess.py:93} INFO - tmpgi8v82jx
[2022-11-17T16:41:44.013+0000] {subprocess.py:93} INFO - tmpiez6kail
[2022-11-17T16:41:44.013+0000] {subprocess.py:93} INFO - tmpj1n4wxza
[2022-11-17T16:41:44.014+0000] {subprocess.py:93} INFO - tmpjsznho2e
[2022-11-17T16:41:44.014+0000] {subprocess.py:93} INFO - tmpkrg9_cgk
[2022-11-17T16:41:44.015+0000] {subprocess.py:93} INFO - tmpl13ymsfs
[2022-11-17T16:41:44.015+0000] {subprocess.py:93} INFO - tmplrbhl64b
[2022-11-17T16:41:44.016+0000] {subprocess.py:93} INFO - tmpn38ozedg
[2022-11-17T16:41:44.016+0000] {subprocess.py:93} INFO - tmpn96u_4ih
[2022-11-17T16:41:44.017+0000] {subprocess.py:93} INFO - tmpo3nf6k5c
[2022-11-17T16:41:44.017+0000] {subprocess.py:93} INFO - tmpoy_ljy8t
[2022-11-17T16:41:44.018+0000] {subprocess.py:93} INFO - tmpp4w9yq6x
[2022-11-17T16:41:44.018+0000] {subprocess.py:93} INFO - tmppfidxzjr
[2022-11-17T16:41:44.019+0000] {subprocess.py:93} INFO - tmpr681bhfw
[2022-11-17T16:41:44.019+0000] {subprocess.py:93} INFO - tmpr9102hwf
[2022-11-17T16:41:44.019+0000] {subprocess.py:93} INFO - tmpt4qo16oq
[2022-11-17T16:41:44.020+0000] {subprocess.py:93} INFO - tmptn832g5z
[2022-11-17T16:41:44.020+0000] {subprocess.py:93} INFO - tmpu9qbl0wh
[2022-11-17T16:41:44.021+0000] {subprocess.py:93} INFO - tmpuq8ywung
[2022-11-17T16:41:44.021+0000] {subprocess.py:93} INFO - tmpv606o9_9
[2022-11-17T16:41:44.022+0000] {subprocess.py:93} INFO - tmpxf7g1lc4
[2022-11-17T16:41:44.022+0000] {subprocess.py:93} INFO - tmpxktobcjf
[2022-11-17T16:41:44.023+0000] {subprocess.py:93} INFO - tmpz91iizm7
[2022-11-17T16:41:44.023+0000] {subprocess.py:93} INFO - ,student,timestamp
[2022-11-17T16:41:44.023+0000] {subprocess.py:93} INFO - 0,Maria Cruz,2022-11-02 00:00:00+00:00
[2022-11-17T16:41:44.024+0000] {subprocess.py:93} INFO - 1,Daniel Crema,2022-11-02 00:00:00+00:00
[2022-11-17T16:41:44.024+0000] {subprocess.py:93} INFO - 2,Elon Musk,2022-11-02 00:00:00+00:00
[2022-11-17T16:41:44.025+0000] {subprocess.py:93} INFO - 3,Karol Castrejon,2022-11-02 00:00:00+00:00
[2022-11-17T16:41:44.025+0000] {subprocess.py:93} INFO - 4,Freddy Vega,2022-11-02 00:00:00+00:00
[2022-11-17T16:41:44.025+0000] {subprocess.py:93} INFO - 5,Freddy Montañez,2022-11-02 00:00:00+00:00
[2022-11-17T16:41:44.026+0000] {subprocess.py:97} INFO - Command exited with return code 0
[2022-11-17T16:41:44.056+0000] {taskinstance.py:1406} INFO - Marking task as SUCCESS. dag_id=MyPersonalAirflowProject, task_id=Print_Imported_data, execution_date=20221102T000000, start_date=20221117T164143, end_date=20221117T164144
[2022-11-17T16:41:44.090+0000] {local_task_job.py:164} INFO - Task exited with return code 0
[2022-11-17T16:41:44.116+0000] {local_task_job.py:273} INFO - 2 downstream tasks scheduled from follow-on schedule check
[2022-11-17T17:32:46.195+0000] {taskinstance.py:1165} INFO - Dependencies all met for <TaskInstance: MyPersonalAirflowProject.Print_Imported_data scheduled__2022-11-02T00:00:00+00:00 [queued]>
[2022-11-17T17:32:46.345+0000] {taskinstance.py:1165} INFO - Dependencies all met for <TaskInstance: MyPersonalAirflowProject.Print_Imported_data scheduled__2022-11-02T00:00:00+00:00 [queued]>
[2022-11-17T17:32:46.346+0000] {taskinstance.py:1362} INFO - 
--------------------------------------------------------------------------------
[2022-11-17T17:32:46.346+0000] {taskinstance.py:1363} INFO - Starting attempt 1 of 1
[2022-11-17T17:32:46.347+0000] {taskinstance.py:1364} INFO - 
--------------------------------------------------------------------------------
[2022-11-17T17:32:46.364+0000] {taskinstance.py:1383} INFO - Executing <Task(BashOperator): Print_Imported_data> on 2022-11-02 00:00:00+00:00
[2022-11-17T17:32:46.370+0000] {standard_task_runner.py:55} INFO - Started process 8115 to run task
[2022-11-17T17:32:46.372+0000] {standard_task_runner.py:82} INFO - Running: ['***', 'tasks', 'run', 'MyPersonalAirflowProject', 'Print_Imported_data', 'scheduled__2022-11-02T00:00:00+00:00', '--job-id', '2695', '--raw', '--subdir', 'DAGS_FOLDER/FinalPersonalProject.py', '--cfg-path', '/tmp/tmpeh2pkego']
[2022-11-17T17:32:46.373+0000] {standard_task_runner.py:83} INFO - Job 2695: Subtask Print_Imported_data
[2022-11-17T17:32:46.438+0000] {task_command.py:376} INFO - Running <TaskInstance: MyPersonalAirflowProject.Print_Imported_data scheduled__2022-11-02T00:00:00+00:00 [running]> on host 638485efabe7
[2022-11-17T17:32:46.598+0000] {taskinstance.py:1592} INFO - Exporting the following env vars:
AIRFLOW_CTX_DAG_OWNER=***
AIRFLOW_CTX_DAG_ID=MyPersonalAirflowProject
AIRFLOW_CTX_TASK_ID=Print_Imported_data
AIRFLOW_CTX_EXECUTION_DATE=2022-11-02T00:00:00+00:00
AIRFLOW_CTX_TRY_NUMBER=1
AIRFLOW_CTX_DAG_RUN_ID=scheduled__2022-11-02T00:00:00+00:00
[2022-11-17T17:32:46.600+0000] {subprocess.py:63} INFO - Tmp dir root location: 
 /tmp
[2022-11-17T17:32:46.601+0000] {subprocess.py:75} INFO - Running command: ['/bin/bash', '-c', 'ls /tmp/ && head /tmp/platzi_data_20221102.csv']
[2022-11-17T17:32:46.611+0000] {subprocess.py:86} INFO - Output:
[2022-11-17T17:32:46.615+0000] {subprocess.py:93} INFO - ***tmpbwh0dlj1
[2022-11-17T17:32:46.615+0000] {subprocess.py:93} INFO - ***tmpk5xxq3nx
[2022-11-17T17:32:46.616+0000] {subprocess.py:93} INFO - ***tmplkvca7ip
[2022-11-17T17:32:46.617+0000] {subprocess.py:93} INFO - ***tmpodkacs8z
[2022-11-17T17:32:46.617+0000] {subprocess.py:93} INFO - file.txt
[2022-11-17T17:32:46.617+0000] {subprocess.py:93} INFO - history.json
[2022-11-17T17:32:46.618+0000] {subprocess.py:93} INFO - platzi_data_20221001.csv
[2022-11-17T17:32:46.618+0000] {subprocess.py:93} INFO - platzi_data_20221002.csv
[2022-11-17T17:32:46.618+0000] {subprocess.py:93} INFO - platzi_data_20221003.csv
[2022-11-17T17:32:46.619+0000] {subprocess.py:93} INFO - platzi_data_20221004.csv
[2022-11-17T17:32:46.619+0000] {subprocess.py:93} INFO - platzi_data_20221005.csv
[2022-11-17T17:32:46.619+0000] {subprocess.py:93} INFO - platzi_data_20221006.csv
[2022-11-17T17:32:46.620+0000] {subprocess.py:93} INFO - platzi_data_20221007.csv
[2022-11-17T17:32:46.620+0000] {subprocess.py:93} INFO - platzi_data_20221008.csv
[2022-11-17T17:32:46.620+0000] {subprocess.py:93} INFO - platzi_data_20221009.csv
[2022-11-17T17:32:46.621+0000] {subprocess.py:93} INFO - platzi_data_20221010.csv
[2022-11-17T17:32:46.621+0000] {subprocess.py:93} INFO - platzi_data_20221011.csv
[2022-11-17T17:32:46.621+0000] {subprocess.py:93} INFO - platzi_data_20221012.csv
[2022-11-17T17:32:46.621+0000] {subprocess.py:93} INFO - platzi_data_20221013.csv
[2022-11-17T17:32:46.622+0000] {subprocess.py:93} INFO - platzi_data_20221014.csv
[2022-11-17T17:32:46.622+0000] {subprocess.py:93} INFO - platzi_data_20221015.csv
[2022-11-17T17:32:46.622+0000] {subprocess.py:93} INFO - platzi_data_20221016.csv
[2022-11-17T17:32:46.623+0000] {subprocess.py:93} INFO - platzi_data_20221017.csv
[2022-11-17T17:32:46.623+0000] {subprocess.py:93} INFO - platzi_data_20221018.csv
[2022-11-17T17:32:46.623+0000] {subprocess.py:93} INFO - platzi_data_20221019.csv
[2022-11-17T17:32:46.624+0000] {subprocess.py:93} INFO - platzi_data_20221020.csv
[2022-11-17T17:32:46.624+0000] {subprocess.py:93} INFO - platzi_data_20221021.csv
[2022-11-17T17:32:46.624+0000] {subprocess.py:93} INFO - platzi_data_20221022.csv
[2022-11-17T17:32:46.624+0000] {subprocess.py:93} INFO - platzi_data_20221023.csv
[2022-11-17T17:32:46.625+0000] {subprocess.py:93} INFO - platzi_data_20221024.csv
[2022-11-17T17:32:46.625+0000] {subprocess.py:93} INFO - platzi_data_20221025.csv
[2022-11-17T17:32:46.625+0000] {subprocess.py:93} INFO - platzi_data_20221026.csv
[2022-11-17T17:32:46.625+0000] {subprocess.py:93} INFO - platzi_data_20221027.csv
[2022-11-17T17:32:46.626+0000] {subprocess.py:93} INFO - platzi_data_20221028.csv
[2022-11-17T17:32:46.626+0000] {subprocess.py:93} INFO - platzi_data_20221029.csv
[2022-11-17T17:32:46.626+0000] {subprocess.py:93} INFO - platzi_data_20221030.csv
[2022-11-17T17:32:46.627+0000] {subprocess.py:93} INFO - platzi_data_20221031.csv
[2022-11-17T17:32:46.627+0000] {subprocess.py:93} INFO - platzi_data_20221101.csv
[2022-11-17T17:32:46.627+0000] {subprocess.py:93} INFO - platzi_data_20221102.csv
[2022-11-17T17:32:46.627+0000] {subprocess.py:93} INFO - platzi_data_20221103.csv
[2022-11-17T17:32:46.628+0000] {subprocess.py:93} INFO - platzi_data_20221104.csv
[2022-11-17T17:32:46.628+0000] {subprocess.py:93} INFO - platzi_data_20221105.csv
[2022-11-17T17:32:46.628+0000] {subprocess.py:93} INFO - platzi_data_20221106.csv
[2022-11-17T17:32:46.628+0000] {subprocess.py:93} INFO - platzi_data_20221107.csv
[2022-11-17T17:32:46.629+0000] {subprocess.py:93} INFO - platzi_data_20221108.csv
[2022-11-17T17:32:46.629+0000] {subprocess.py:93} INFO - platzi_data_20221109.csv
[2022-11-17T17:32:46.629+0000] {subprocess.py:93} INFO - platzi_data_20221110.csv
[2022-11-17T17:32:46.629+0000] {subprocess.py:93} INFO - platzi_data_20221111.csv
[2022-11-17T17:32:46.630+0000] {subprocess.py:93} INFO - platzi_data_20221112.csv
[2022-11-17T17:32:46.630+0000] {subprocess.py:93} INFO - platzi_data_20221113.csv
[2022-11-17T17:32:46.630+0000] {subprocess.py:93} INFO - platzi_data_20221114.csv
[2022-11-17T17:32:46.630+0000] {subprocess.py:93} INFO - platzi_data_20221115.csv
[2022-11-17T17:32:46.631+0000] {subprocess.py:93} INFO - platzi_data_20221116.csv
[2022-11-17T17:32:46.631+0000] {subprocess.py:93} INFO - pymp-8yik9lbi
[2022-11-17T17:32:46.631+0000] {subprocess.py:93} INFO - pymp-sbqt6pho
[2022-11-17T17:32:46.632+0000] {subprocess.py:93} INFO - reponse_20221001.txt
[2022-11-17T17:32:46.632+0000] {subprocess.py:93} INFO - reponse_20221002.txt
[2022-11-17T17:32:46.632+0000] {subprocess.py:93} INFO - reponse_20221003.txt
[2022-11-17T17:32:46.632+0000] {subprocess.py:93} INFO - reponse_20221004.txt
[2022-11-17T17:32:46.633+0000] {subprocess.py:93} INFO - reponse_20221005.txt
[2022-11-17T17:32:46.633+0000] {subprocess.py:93} INFO - reponse_20221006.txt
[2022-11-17T17:32:46.633+0000] {subprocess.py:93} INFO - reponse_20221007.txt
[2022-11-17T17:32:46.633+0000] {subprocess.py:93} INFO - reponse_20221008.txt
[2022-11-17T17:32:46.634+0000] {subprocess.py:93} INFO - reponse_20221009.txt
[2022-11-17T17:32:46.634+0000] {subprocess.py:93} INFO - reponse_20221010.txt
[2022-11-17T17:32:46.634+0000] {subprocess.py:93} INFO - reponse_20221011.txt
[2022-11-17T17:32:46.635+0000] {subprocess.py:93} INFO - reponse_20221012.txt
[2022-11-17T17:32:46.635+0000] {subprocess.py:93} INFO - reponse_20221013.txt
[2022-11-17T17:32:46.635+0000] {subprocess.py:93} INFO - reponse_20221014.txt
[2022-11-17T17:32:46.635+0000] {subprocess.py:93} INFO - reponse_20221015.txt
[2022-11-17T17:32:46.636+0000] {subprocess.py:93} INFO - reponse_20221016.txt
[2022-11-17T17:32:46.636+0000] {subprocess.py:93} INFO - reponse_20221017.txt
[2022-11-17T17:32:46.636+0000] {subprocess.py:93} INFO - reponse_20221018.txt
[2022-11-17T17:32:46.636+0000] {subprocess.py:93} INFO - reponse_20221019.txt
[2022-11-17T17:32:46.637+0000] {subprocess.py:93} INFO - reponse_20221020.txt
[2022-11-17T17:32:46.637+0000] {subprocess.py:93} INFO - reponse_20221021.txt
[2022-11-17T17:32:46.637+0000] {subprocess.py:93} INFO - reponse_20221022.txt
[2022-11-17T17:32:46.638+0000] {subprocess.py:93} INFO - reponse_20221023.txt
[2022-11-17T17:32:46.638+0000] {subprocess.py:93} INFO - reponse_20221024.txt
[2022-11-17T17:32:46.638+0000] {subprocess.py:93} INFO - reponse_20221025.txt
[2022-11-17T17:32:46.638+0000] {subprocess.py:93} INFO - reponse_20221026.txt
[2022-11-17T17:32:46.639+0000] {subprocess.py:93} INFO - reponse_20221027.txt
[2022-11-17T17:32:46.639+0000] {subprocess.py:93} INFO - reponse_20221028.txt
[2022-11-17T17:32:46.639+0000] {subprocess.py:93} INFO - reponse_20221029.txt
[2022-11-17T17:32:46.639+0000] {subprocess.py:93} INFO - reponse_20221030.txt
[2022-11-17T17:32:46.640+0000] {subprocess.py:93} INFO - reponse_20221031.txt
[2022-11-17T17:32:46.640+0000] {subprocess.py:93} INFO - reponse_20221101.txt
[2022-11-17T17:32:46.640+0000] {subprocess.py:93} INFO - reponse_20221102.txt
[2022-11-17T17:32:46.640+0000] {subprocess.py:93} INFO - reponse_20221103.txt
[2022-11-17T17:32:46.641+0000] {subprocess.py:93} INFO - reponse_20221104.txt
[2022-11-17T17:32:46.641+0000] {subprocess.py:93} INFO - reponse_20221105.txt
[2022-11-17T17:32:46.641+0000] {subprocess.py:93} INFO - reponse_20221106.txt
[2022-11-17T17:32:46.641+0000] {subprocess.py:93} INFO - reponse_20221107.txt
[2022-11-17T17:32:46.642+0000] {subprocess.py:93} INFO - reponse_20221108.txt
[2022-11-17T17:32:46.642+0000] {subprocess.py:93} INFO - reponse_20221109.txt
[2022-11-17T17:32:46.642+0000] {subprocess.py:93} INFO - reponse_20221110.txt
[2022-11-17T17:32:46.642+0000] {subprocess.py:93} INFO - reponse_20221111.txt
[2022-11-17T17:32:46.643+0000] {subprocess.py:93} INFO - reponse_20221112.txt
[2022-11-17T17:32:46.643+0000] {subprocess.py:93} INFO - reponse_20221113.txt
[2022-11-17T17:32:46.643+0000] {subprocess.py:93} INFO - reponse_20221114.txt
[2022-11-17T17:32:46.644+0000] {subprocess.py:93} INFO - reponse_20221115.txt
[2022-11-17T17:32:46.644+0000] {subprocess.py:93} INFO - reponse_20221116.txt
[2022-11-17T17:32:46.644+0000] {subprocess.py:93} INFO - tmp061o5asr
[2022-11-17T17:32:46.644+0000] {subprocess.py:93} INFO - tmp1b_v374g
[2022-11-17T17:32:46.645+0000] {subprocess.py:93} INFO - tmp2n3y4qb3
[2022-11-17T17:32:46.645+0000] {subprocess.py:93} INFO - tmp2ztydtyd
[2022-11-17T17:32:46.645+0000] {subprocess.py:93} INFO - tmp546oqdk0
[2022-11-17T17:32:46.645+0000] {subprocess.py:93} INFO - tmp57roj99h
[2022-11-17T17:32:46.646+0000] {subprocess.py:93} INFO - tmp5lejojs5
[2022-11-17T17:32:46.646+0000] {subprocess.py:93} INFO - tmp5nj2onwa
[2022-11-17T17:32:46.646+0000] {subprocess.py:93} INFO - tmp64cxrvul
[2022-11-17T17:32:46.646+0000] {subprocess.py:93} INFO - tmp6g4l21c1
[2022-11-17T17:32:46.647+0000] {subprocess.py:93} INFO - tmp7c6bgots
[2022-11-17T17:32:46.647+0000] {subprocess.py:93} INFO - tmp7khebugo
[2022-11-17T17:32:46.647+0000] {subprocess.py:93} INFO - tmp7lvtz6wk
[2022-11-17T17:32:46.648+0000] {subprocess.py:93} INFO - tmp8_n1aj39
[2022-11-17T17:32:46.648+0000] {subprocess.py:93} INFO - tmp8c_dsk2e
[2022-11-17T17:32:46.648+0000] {subprocess.py:93} INFO - tmp928ntdt7
[2022-11-17T17:32:46.648+0000] {subprocess.py:93} INFO - tmp9503grtb
[2022-11-17T17:32:46.649+0000] {subprocess.py:93} INFO - tmp_afh1uos
[2022-11-17T17:32:46.649+0000] {subprocess.py:93} INFO - tmp_m6lsnw3
[2022-11-17T17:32:46.649+0000] {subprocess.py:93} INFO - tmp_vy6n6_q
[2022-11-17T17:32:46.649+0000] {subprocess.py:93} INFO - tmpcnj5oj8y
[2022-11-17T17:32:46.650+0000] {subprocess.py:93} INFO - tmpcu_pom_6
[2022-11-17T17:32:46.650+0000] {subprocess.py:93} INFO - tmpdmc2g1zb
[2022-11-17T17:32:46.650+0000] {subprocess.py:93} INFO - tmpe4k1ogev
[2022-11-17T17:32:46.651+0000] {subprocess.py:93} INFO - tmpg_n88zm7
[2022-11-17T17:32:46.651+0000] {subprocess.py:93} INFO - tmpgg8mkst1
[2022-11-17T17:32:46.651+0000] {subprocess.py:93} INFO - tmpgi8v82jx
[2022-11-17T17:32:46.652+0000] {subprocess.py:93} INFO - tmpiez6kail
[2022-11-17T17:32:46.652+0000] {subprocess.py:93} INFO - tmpj1n4wxza
[2022-11-17T17:32:46.652+0000] {subprocess.py:93} INFO - tmpjsznho2e
[2022-11-17T17:32:46.653+0000] {subprocess.py:93} INFO - tmpkrg9_cgk
[2022-11-17T17:32:46.653+0000] {subprocess.py:93} INFO - tmpl13ymsfs
[2022-11-17T17:32:46.653+0000] {subprocess.py:93} INFO - tmplrbhl64b
[2022-11-17T17:32:46.653+0000] {subprocess.py:93} INFO - tmpn38ozedg
[2022-11-17T17:32:46.654+0000] {subprocess.py:93} INFO - tmpn96u_4ih
[2022-11-17T17:32:46.654+0000] {subprocess.py:93} INFO - tmpo3nf6k5c
[2022-11-17T17:32:46.654+0000] {subprocess.py:93} INFO - tmpoy_ljy8t
[2022-11-17T17:32:46.655+0000] {subprocess.py:93} INFO - tmpp4w9yq6x
[2022-11-17T17:32:46.655+0000] {subprocess.py:93} INFO - tmppfidxzjr
[2022-11-17T17:32:46.655+0000] {subprocess.py:93} INFO - tmpr681bhfw
[2022-11-17T17:32:46.655+0000] {subprocess.py:93} INFO - tmpr9102hwf
[2022-11-17T17:32:46.656+0000] {subprocess.py:93} INFO - tmpt4qo16oq
[2022-11-17T17:32:46.656+0000] {subprocess.py:93} INFO - tmptn832g5z
[2022-11-17T17:32:46.656+0000] {subprocess.py:93} INFO - tmpu9qbl0wh
[2022-11-17T17:32:46.656+0000] {subprocess.py:93} INFO - tmpuq8ywung
[2022-11-17T17:32:46.657+0000] {subprocess.py:93} INFO - tmpv606o9_9
[2022-11-17T17:32:46.657+0000] {subprocess.py:93} INFO - tmpxf7g1lc4
[2022-11-17T17:32:46.657+0000] {subprocess.py:93} INFO - tmpxktobcjf
[2022-11-17T17:32:46.658+0000] {subprocess.py:93} INFO - tmpz91iizm7
[2022-11-17T17:32:46.658+0000] {subprocess.py:93} INFO - ,student,timestamp
[2022-11-17T17:32:46.658+0000] {subprocess.py:93} INFO - 0,Maria Cruz,2022-11-02 00:00:00+00:00
[2022-11-17T17:32:46.658+0000] {subprocess.py:93} INFO - 1,Daniel Crema,2022-11-02 00:00:00+00:00
[2022-11-17T17:32:46.659+0000] {subprocess.py:93} INFO - 2,Elon Musk,2022-11-02 00:00:00+00:00
[2022-11-17T17:32:46.659+0000] {subprocess.py:93} INFO - 3,Karol Castrejon,2022-11-02 00:00:00+00:00
[2022-11-17T17:32:46.659+0000] {subprocess.py:93} INFO - 4,Freddy Vega,2022-11-02 00:00:00+00:00
[2022-11-17T17:32:46.659+0000] {subprocess.py:93} INFO - 5,Freddy Montañez,2022-11-02 00:00:00+00:00
[2022-11-17T17:32:46.660+0000] {subprocess.py:97} INFO - Command exited with return code 0
[2022-11-17T17:32:46.688+0000] {taskinstance.py:1406} INFO - Marking task as SUCCESS. dag_id=MyPersonalAirflowProject, task_id=Print_Imported_data, execution_date=20221102T000000, start_date=20221117T173246, end_date=20221117T173246
[2022-11-17T17:32:46.747+0000] {local_task_job.py:164} INFO - Task exited with return code 0
[2022-11-17T17:32:46.787+0000] {local_task_job.py:273} INFO - 2 downstream tasks scheduled from follow-on schedule check
