[2022-11-16T21:35:39.860+0000] {taskinstance.py:1165} INFO - Dependencies all met for <TaskInstance: MyPersonalAirflowProject.end_task scheduled__2022-11-06T00:00:00+00:00 [queued]>
[2022-11-16T21:35:39.887+0000] {taskinstance.py:1165} INFO - Dependencies all met for <TaskInstance: MyPersonalAirflowProject.end_task scheduled__2022-11-06T00:00:00+00:00 [queued]>
[2022-11-16T21:35:39.888+0000] {taskinstance.py:1362} INFO - 
--------------------------------------------------------------------------------
[2022-11-16T21:35:39.971+0000] {taskinstance.py:1363} INFO - Starting attempt 1 of 1
[2022-11-16T21:35:39.971+0000] {taskinstance.py:1364} INFO - 
--------------------------------------------------------------------------------
[2022-11-16T21:35:40.142+0000] {taskinstance.py:1383} INFO - Executing <Task(BashOperator): end_task> on 2022-11-06 00:00:00+00:00
[2022-11-16T21:35:40.149+0000] {standard_task_runner.py:55} INFO - Started process 3210 to run task
[2022-11-16T21:35:40.153+0000] {standard_task_runner.py:82} INFO - Running: ['***', 'tasks', 'run', 'MyPersonalAirflowProject', 'end_task', 'scheduled__2022-11-06T00:00:00+00:00', '--job-id', '1414', '--raw', '--subdir', 'DAGS_FOLDER/FinalPersonalProject.py', '--cfg-path', '/tmp/tmpr04mfpw8']
[2022-11-16T21:35:40.154+0000] {standard_task_runner.py:83} INFO - Job 1414: Subtask end_task
[2022-11-16T21:35:40.235+0000] {task_command.py:376} INFO - Running <TaskInstance: MyPersonalAirflowProject.end_task scheduled__2022-11-06T00:00:00+00:00 [running]> on host 638485efabe7
[2022-11-16T21:35:40.326+0000] {taskinstance.py:1592} INFO - Exporting the following env vars:
AIRFLOW_CTX_DAG_OWNER=***
AIRFLOW_CTX_DAG_ID=MyPersonalAirflowProject
AIRFLOW_CTX_TASK_ID=end_task
AIRFLOW_CTX_EXECUTION_DATE=2022-11-06T00:00:00+00:00
AIRFLOW_CTX_TRY_NUMBER=1
AIRFLOW_CTX_DAG_RUN_ID=scheduled__2022-11-06T00:00:00+00:00
[2022-11-16T21:35:40.328+0000] {subprocess.py:63} INFO - Tmp dir root location: 
 /tmp
[2022-11-16T21:35:40.329+0000] {subprocess.py:75} INFO - Running command: ['/bin/bash', '-c', 'echo "The file was created successfully"']
[2022-11-16T21:35:40.340+0000] {subprocess.py:86} INFO - Output:
[2022-11-16T21:35:40.423+0000] {subprocess.py:93} INFO - The file was created successfully
[2022-11-16T21:35:40.424+0000] {subprocess.py:97} INFO - Command exited with return code 0
[2022-11-16T21:35:40.454+0000] {taskinstance.py:1406} INFO - Marking task as SUCCESS. dag_id=MyPersonalAirflowProject, task_id=end_task, execution_date=20221106T000000, start_date=20221116T213539, end_date=20221116T213540
[2022-11-16T21:35:40.501+0000] {local_task_job.py:164} INFO - Task exited with return code 0
[2022-11-16T21:35:40.523+0000] {local_task_job.py:273} INFO - 0 downstream tasks scheduled from follow-on schedule check
[2022-11-16T22:32:45.661+0000] {taskinstance.py:1165} INFO - Dependencies all met for <TaskInstance: MyPersonalAirflowProject.end_task scheduled__2022-11-06T00:00:00+00:00 [queued]>
[2022-11-16T22:32:45.684+0000] {taskinstance.py:1165} INFO - Dependencies all met for <TaskInstance: MyPersonalAirflowProject.end_task scheduled__2022-11-06T00:00:00+00:00 [queued]>
[2022-11-16T22:32:45.685+0000] {taskinstance.py:1362} INFO - 
--------------------------------------------------------------------------------
[2022-11-16T22:32:45.685+0000] {taskinstance.py:1363} INFO - Starting attempt 1 of 1
[2022-11-16T22:32:45.686+0000] {taskinstance.py:1364} INFO - 
--------------------------------------------------------------------------------
[2022-11-16T22:32:45.711+0000] {taskinstance.py:1383} INFO - Executing <Task(BashOperator): end_task> on 2022-11-06 00:00:00+00:00
[2022-11-16T22:32:45.718+0000] {standard_task_runner.py:55} INFO - Started process 6248 to run task
[2022-11-16T22:32:45.721+0000] {standard_task_runner.py:82} INFO - Running: ['***', 'tasks', 'run', 'MyPersonalAirflowProject', 'end_task', 'scheduled__2022-11-06T00:00:00+00:00', '--job-id', '1658', '--raw', '--subdir', 'DAGS_FOLDER/FinalPersonalProject.py', '--cfg-path', '/tmp/tmppbfkh09v']
[2022-11-16T22:32:45.722+0000] {standard_task_runner.py:83} INFO - Job 1658: Subtask end_task
[2022-11-16T22:32:45.790+0000] {task_command.py:376} INFO - Running <TaskInstance: MyPersonalAirflowProject.end_task scheduled__2022-11-06T00:00:00+00:00 [running]> on host 638485efabe7
[2022-11-16T22:32:45.872+0000] {taskinstance.py:1592} INFO - Exporting the following env vars:
AIRFLOW_CTX_DAG_OWNER=***
AIRFLOW_CTX_DAG_ID=MyPersonalAirflowProject
AIRFLOW_CTX_TASK_ID=end_task
AIRFLOW_CTX_EXECUTION_DATE=2022-11-06T00:00:00+00:00
AIRFLOW_CTX_TRY_NUMBER=1
AIRFLOW_CTX_DAG_RUN_ID=scheduled__2022-11-06T00:00:00+00:00
[2022-11-16T22:32:45.874+0000] {subprocess.py:63} INFO - Tmp dir root location: 
 /tmp
[2022-11-16T22:32:45.875+0000] {subprocess.py:75} INFO - Running command: ['/bin/bash', '-c', 'echo "The Verification file was created successfully"']
[2022-11-16T22:32:45.887+0000] {subprocess.py:86} INFO - Output:
[2022-11-16T22:32:45.890+0000] {subprocess.py:93} INFO - The Verification file was created successfully
[2022-11-16T22:32:45.890+0000] {subprocess.py:97} INFO - Command exited with return code 0
[2022-11-16T22:32:45.920+0000] {taskinstance.py:1406} INFO - Marking task as SUCCESS. dag_id=MyPersonalAirflowProject, task_id=end_task, execution_date=20221106T000000, start_date=20221116T223245, end_date=20221116T223245
[2022-11-16T22:32:45.950+0000] {local_task_job.py:164} INFO - Task exited with return code 0
[2022-11-16T22:32:45.988+0000] {local_task_job.py:273} INFO - 1 downstream tasks scheduled from follow-on schedule check
