[2022-11-17T16:35:50.683+0000] {taskinstance.py:1165} INFO - Dependencies all met for <TaskInstance: MyPersonalAirflowProject.end_confirmation_from_nasa scheduled__2022-10-23T00:00:00+00:00 [queued]>
[2022-11-17T16:35:50.700+0000] {taskinstance.py:1165} INFO - Dependencies all met for <TaskInstance: MyPersonalAirflowProject.end_confirmation_from_nasa scheduled__2022-10-23T00:00:00+00:00 [queued]>
[2022-11-17T16:35:50.701+0000] {taskinstance.py:1362} INFO - 
--------------------------------------------------------------------------------
[2022-11-17T16:35:50.703+0000] {taskinstance.py:1363} INFO - Starting attempt 1 of 1
[2022-11-17T16:35:50.703+0000] {taskinstance.py:1364} INFO - 
--------------------------------------------------------------------------------
[2022-11-17T16:35:50.722+0000] {taskinstance.py:1383} INFO - Executing <Task(BashOperator): end_confirmation_from_nasa> on 2022-10-23 00:00:00+00:00
[2022-11-17T16:35:50.729+0000] {standard_task_runner.py:55} INFO - Started process 3969 to run task
[2022-11-17T16:35:50.731+0000] {standard_task_runner.py:82} INFO - Running: ['***', 'tasks', 'run', 'MyPersonalAirflowProject', 'end_confirmation_from_nasa', 'scheduled__2022-10-23T00:00:00+00:00', '--job-id', '2202', '--raw', '--subdir', 'DAGS_FOLDER/FinalPersonalProject.py', '--cfg-path', '/tmp/tmp4syuxmaq']
[2022-11-17T16:35:50.732+0000] {standard_task_runner.py:83} INFO - Job 2202: Subtask end_confirmation_from_nasa
[2022-11-17T16:35:50.805+0000] {task_command.py:376} INFO - Running <TaskInstance: MyPersonalAirflowProject.end_confirmation_from_nasa scheduled__2022-10-23T00:00:00+00:00 [running]> on host 638485efabe7
[2022-11-17T16:35:50.878+0000] {taskinstance.py:1592} INFO - Exporting the following env vars:
AIRFLOW_CTX_DAG_OWNER=***
AIRFLOW_CTX_DAG_ID=MyPersonalAirflowProject
AIRFLOW_CTX_TASK_ID=end_confirmation_from_nasa
AIRFLOW_CTX_EXECUTION_DATE=2022-10-23T00:00:00+00:00
AIRFLOW_CTX_TRY_NUMBER=1
AIRFLOW_CTX_DAG_RUN_ID=scheduled__2022-10-23T00:00:00+00:00
[2022-11-17T16:35:50.880+0000] {subprocess.py:63} INFO - Tmp dir root location: 
 /tmp
[2022-11-17T16:35:50.881+0000] {subprocess.py:75} INFO - Running command: ['/bin/bash', '-c', 'echo "The Confirmation file was created successfully"']
[2022-11-17T16:35:50.892+0000] {subprocess.py:86} INFO - Output:
[2022-11-17T16:35:50.894+0000] {subprocess.py:93} INFO - The Confirmation file was created successfully
[2022-11-17T16:35:50.895+0000] {subprocess.py:97} INFO - Command exited with return code 0
[2022-11-17T16:35:50.924+0000] {taskinstance.py:1406} INFO - Marking task as SUCCESS. dag_id=MyPersonalAirflowProject, task_id=end_confirmation_from_nasa, execution_date=20221023T000000, start_date=20221117T163550, end_date=20221117T163550
[2022-11-17T16:35:50.984+0000] {local_task_job.py:164} INFO - Task exited with return code 0
[2022-11-17T16:35:51.021+0000] {local_task_job.py:273} INFO - 1 downstream tasks scheduled from follow-on schedule check
[2022-11-17T17:27:41.269+0000] {taskinstance.py:1165} INFO - Dependencies all met for <TaskInstance: MyPersonalAirflowProject.end_confirmation_from_nasa scheduled__2022-10-23T00:00:00+00:00 [queued]>
[2022-11-17T17:27:41.286+0000] {taskinstance.py:1165} INFO - Dependencies all met for <TaskInstance: MyPersonalAirflowProject.end_confirmation_from_nasa scheduled__2022-10-23T00:00:00+00:00 [queued]>
[2022-11-17T17:27:41.287+0000] {taskinstance.py:1362} INFO - 
--------------------------------------------------------------------------------
[2022-11-17T17:27:41.288+0000] {taskinstance.py:1363} INFO - Starting attempt 1 of 1
[2022-11-17T17:27:41.288+0000] {taskinstance.py:1364} INFO - 
--------------------------------------------------------------------------------
[2022-11-17T17:27:41.309+0000] {taskinstance.py:1383} INFO - Executing <Task(BashOperator): end_confirmation_from_nasa> on 2022-10-23 00:00:00+00:00
[2022-11-17T17:27:41.317+0000] {standard_task_runner.py:55} INFO - Started process 7620 to run task
[2022-11-17T17:27:41.319+0000] {standard_task_runner.py:82} INFO - Running: ['***', 'tasks', 'run', 'MyPersonalAirflowProject', 'end_confirmation_from_nasa', 'scheduled__2022-10-23T00:00:00+00:00', '--job-id', '2612', '--raw', '--subdir', 'DAGS_FOLDER/FinalPersonalProject.py', '--cfg-path', '/tmp/tmpyqtxuy01']
[2022-11-17T17:27:41.320+0000] {standard_task_runner.py:83} INFO - Job 2612: Subtask end_confirmation_from_nasa
[2022-11-17T17:27:41.409+0000] {task_command.py:376} INFO - Running <TaskInstance: MyPersonalAirflowProject.end_confirmation_from_nasa scheduled__2022-10-23T00:00:00+00:00 [running]> on host 638485efabe7
[2022-11-17T17:27:41.508+0000] {taskinstance.py:1592} INFO - Exporting the following env vars:
AIRFLOW_CTX_DAG_OWNER=***
AIRFLOW_CTX_DAG_ID=MyPersonalAirflowProject
AIRFLOW_CTX_TASK_ID=end_confirmation_from_nasa
AIRFLOW_CTX_EXECUTION_DATE=2022-10-23T00:00:00+00:00
AIRFLOW_CTX_TRY_NUMBER=1
AIRFLOW_CTX_DAG_RUN_ID=scheduled__2022-10-23T00:00:00+00:00
[2022-11-17T17:27:41.510+0000] {subprocess.py:63} INFO - Tmp dir root location: 
 /tmp
[2022-11-17T17:27:41.512+0000] {subprocess.py:75} INFO - Running command: ['/bin/bash', '-c', 'echo "The Confirmation file was created successfully"']
[2022-11-17T17:27:41.527+0000] {subprocess.py:86} INFO - Output:
[2022-11-17T17:27:41.529+0000] {subprocess.py:93} INFO - The Confirmation file was created successfully
[2022-11-17T17:27:41.530+0000] {subprocess.py:97} INFO - Command exited with return code 0
[2022-11-17T17:27:41.564+0000] {taskinstance.py:1406} INFO - Marking task as SUCCESS. dag_id=MyPersonalAirflowProject, task_id=end_confirmation_from_nasa, execution_date=20221023T000000, start_date=20221117T172741, end_date=20221117T172741
[2022-11-17T17:27:41.613+0000] {local_task_job.py:164} INFO - Task exited with return code 0
[2022-11-17T17:27:41.661+0000] {local_task_job.py:273} INFO - 1 downstream tasks scheduled from follow-on schedule check
