[2022-11-04T20:52:14.121+0000] {taskinstance.py:1165} INFO - Dependencies all met for <TaskInstance: orquestation.task2 scheduled__2022-05-29T00:00:00+00:00 [queued]>
[2022-11-04T20:52:14.132+0000] {taskinstance.py:1165} INFO - Dependencies all met for <TaskInstance: orquestation.task2 scheduled__2022-05-29T00:00:00+00:00 [queued]>
[2022-11-04T20:52:14.133+0000] {taskinstance.py:1362} INFO - 
--------------------------------------------------------------------------------
[2022-11-04T20:52:14.134+0000] {taskinstance.py:1363} INFO - Starting attempt 1 of 1
[2022-11-04T20:52:14.135+0000] {taskinstance.py:1364} INFO - 
--------------------------------------------------------------------------------
[2022-11-04T20:52:14.153+0000] {taskinstance.py:1383} INFO - Executing <Task(BashOperator): task2> on 2022-05-29 00:00:00+00:00
[2022-11-04T20:52:14.160+0000] {standard_task_runner.py:55} INFO - Started process 2623 to run task
[2022-11-04T20:52:14.163+0000] {standard_task_runner.py:82} INFO - Running: ['***', 'tasks', 'run', 'orquestation', 'task2', 'scheduled__2022-05-29T00:00:00+00:00', '--job-id', '62', '--raw', '--subdir', 'DAGS_FOLDER/5.1-orquestacion.py', '--cfg-path', '/tmp/tmpzj75ntlm']
[2022-11-04T20:52:14.164+0000] {standard_task_runner.py:83} INFO - Job 62: Subtask task2
[2022-11-04T20:52:14.229+0000] {task_command.py:376} INFO - Running <TaskInstance: orquestation.task2 scheduled__2022-05-29T00:00:00+00:00 [running]> on host 208ed96b478a
[2022-11-04T20:52:14.309+0000] {taskinstance.py:1592} INFO - Exporting the following env vars:
AIRFLOW_CTX_DAG_OWNER=***
AIRFLOW_CTX_DAG_ID=orquestation
AIRFLOW_CTX_TASK_ID=task2
AIRFLOW_CTX_EXECUTION_DATE=2022-05-29T00:00:00+00:00
AIRFLOW_CTX_TRY_NUMBER=1
AIRFLOW_CTX_DAG_RUN_ID=scheduled__2022-05-29T00:00:00+00:00
[2022-11-04T20:52:14.310+0000] {subprocess.py:63} INFO - Tmp dir root location: 
 /tmp
[2022-11-04T20:52:14.311+0000] {subprocess.py:75} INFO - Running command: ['/bin/bash', '-c', "sleep 2 && echo 'task2'"]
[2022-11-04T20:52:14.324+0000] {subprocess.py:86} INFO - Output:
[2022-11-04T20:52:16.327+0000] {subprocess.py:93} INFO - task2
[2022-11-04T20:52:16.328+0000] {subprocess.py:97} INFO - Command exited with return code 0
[2022-11-04T20:52:16.362+0000] {taskinstance.py:1406} INFO - Marking task as SUCCESS. dag_id=orquestation, task_id=task2, execution_date=20220529T000000, start_date=20221104T205214, end_date=20221104T205216
[2022-11-04T20:52:16.424+0000] {local_task_job.py:164} INFO - Task exited with return code 0
[2022-11-04T20:52:16.452+0000] {local_task_job.py:273} INFO - 2 downstream tasks scheduled from follow-on schedule check
[2022-11-04T21:33:46.791+0000] {taskinstance.py:1165} INFO - Dependencies all met for <TaskInstance: orquestation.task2 scheduled__2022-05-29T00:00:00+00:00 [queued]>
[2022-11-04T21:33:46.816+0000] {taskinstance.py:1165} INFO - Dependencies all met for <TaskInstance: orquestation.task2 scheduled__2022-05-29T00:00:00+00:00 [queued]>
[2022-11-04T21:33:46.817+0000] {taskinstance.py:1362} INFO - 
--------------------------------------------------------------------------------
[2022-11-04T21:33:46.818+0000] {taskinstance.py:1363} INFO - Starting attempt 1 of 1
[2022-11-04T21:33:46.818+0000] {taskinstance.py:1364} INFO - 
--------------------------------------------------------------------------------
[2022-11-04T21:33:46.843+0000] {taskinstance.py:1383} INFO - Executing <Task(BashOperator): task2> on 2022-05-29 00:00:00+00:00
[2022-11-04T21:33:46.851+0000] {standard_task_runner.py:55} INFO - Started process 1163 to run task
[2022-11-04T21:33:46.857+0000] {standard_task_runner.py:82} INFO - Running: ['***', 'tasks', 'run', 'orquestation', 'task2', 'scheduled__2022-05-29T00:00:00+00:00', '--job-id', '222', '--raw', '--subdir', 'DAGS_FOLDER/5.1-orquestacion.py', '--cfg-path', '/tmp/tmpidp3rb_s']
[2022-11-04T21:33:46.858+0000] {standard_task_runner.py:83} INFO - Job 222: Subtask task2
[2022-11-04T21:33:46.965+0000] {task_command.py:376} INFO - Running <TaskInstance: orquestation.task2 scheduled__2022-05-29T00:00:00+00:00 [running]> on host 643e334f405f
[2022-11-04T21:33:47.093+0000] {taskinstance.py:1592} INFO - Exporting the following env vars:
AIRFLOW_CTX_DAG_OWNER=***
AIRFLOW_CTX_DAG_ID=orquestation
AIRFLOW_CTX_TASK_ID=task2
AIRFLOW_CTX_EXECUTION_DATE=2022-05-29T00:00:00+00:00
AIRFLOW_CTX_TRY_NUMBER=1
AIRFLOW_CTX_DAG_RUN_ID=scheduled__2022-05-29T00:00:00+00:00
[2022-11-04T21:33:47.102+0000] {subprocess.py:63} INFO - Tmp dir root location: 
 /tmp
[2022-11-04T21:33:47.105+0000] {subprocess.py:75} INFO - Running command: ['/bin/bash', '-c', "sleep 2 && echo 'task2'"]
[2022-11-04T21:33:47.136+0000] {subprocess.py:86} INFO - Output:
[2022-11-04T21:33:49.204+0000] {subprocess.py:93} INFO - task2
[2022-11-04T21:33:49.206+0000] {subprocess.py:97} INFO - Command exited with return code 0
[2022-11-04T21:33:49.258+0000] {taskinstance.py:1406} INFO - Marking task as SUCCESS. dag_id=orquestation, task_id=task2, execution_date=20220529T000000, start_date=20221104T213346, end_date=20221104T213349
[2022-11-04T21:33:49.318+0000] {local_task_job.py:164} INFO - Task exited with return code 0
[2022-11-04T21:33:49.363+0000] {local_task_job.py:273} INFO - 2 downstream tasks scheduled from follow-on schedule check
[2022-11-04T21:45:13.303+0000] {taskinstance.py:1165} INFO - Dependencies all met for <TaskInstance: orquestation.task2 scheduled__2022-05-29T00:00:00+00:00 [queued]>
[2022-11-04T21:45:13.320+0000] {taskinstance.py:1165} INFO - Dependencies all met for <TaskInstance: orquestation.task2 scheduled__2022-05-29T00:00:00+00:00 [queued]>
[2022-11-04T21:45:13.321+0000] {taskinstance.py:1362} INFO - 
--------------------------------------------------------------------------------
[2022-11-04T21:45:13.321+0000] {taskinstance.py:1363} INFO - Starting attempt 1 of 1
[2022-11-04T21:45:13.321+0000] {taskinstance.py:1364} INFO - 
--------------------------------------------------------------------------------
[2022-11-04T21:45:13.342+0000] {taskinstance.py:1383} INFO - Executing <Task(BashOperator): task2> on 2022-05-29 00:00:00+00:00
[2022-11-04T21:45:13.349+0000] {standard_task_runner.py:55} INFO - Started process 2283 to run task
[2022-11-04T21:45:13.352+0000] {standard_task_runner.py:82} INFO - Running: ['***', 'tasks', 'run', 'orquestation', 'task2', 'scheduled__2022-05-29T00:00:00+00:00', '--job-id', '368', '--raw', '--subdir', 'DAGS_FOLDER/5.1-orquestacion.py', '--cfg-path', '/tmp/tmp4mlulum1']
[2022-11-04T21:45:13.353+0000] {standard_task_runner.py:83} INFO - Job 368: Subtask task2
[2022-11-04T21:45:13.430+0000] {task_command.py:376} INFO - Running <TaskInstance: orquestation.task2 scheduled__2022-05-29T00:00:00+00:00 [running]> on host 643e334f405f
[2022-11-04T21:45:13.515+0000] {taskinstance.py:1592} INFO - Exporting the following env vars:
AIRFLOW_CTX_DAG_OWNER=***
AIRFLOW_CTX_DAG_ID=orquestation
AIRFLOW_CTX_TASK_ID=task2
AIRFLOW_CTX_EXECUTION_DATE=2022-05-29T00:00:00+00:00
AIRFLOW_CTX_TRY_NUMBER=1
AIRFLOW_CTX_DAG_RUN_ID=scheduled__2022-05-29T00:00:00+00:00
[2022-11-04T21:45:13.517+0000] {subprocess.py:63} INFO - Tmp dir root location: 
 /tmp
[2022-11-04T21:45:13.518+0000] {subprocess.py:75} INFO - Running command: ['/bin/bash', '-c', "sleep 2 && echo 'task2'"]
[2022-11-04T21:45:13.534+0000] {subprocess.py:86} INFO - Output:
[2022-11-04T21:45:15.538+0000] {subprocess.py:93} INFO - task2
[2022-11-04T21:45:15.539+0000] {subprocess.py:97} INFO - Command exited with return code 0
[2022-11-04T21:45:15.567+0000] {taskinstance.py:1406} INFO - Marking task as SUCCESS. dag_id=orquestation, task_id=task2, execution_date=20220529T000000, start_date=20221104T214513, end_date=20221104T214515
[2022-11-04T21:45:15.612+0000] {local_task_job.py:164} INFO - Task exited with return code 0
[2022-11-04T21:45:15.649+0000] {local_task_job.py:273} INFO - 2 downstream tasks scheduled from follow-on schedule check
