[2022-11-04T21:31:51.154+0000] {taskinstance.py:1165} INFO - Dependencies all met for <TaskInstance: orquestation.task3 scheduled__2022-05-02T00:00:00+00:00 [queued]>
[2022-11-04T21:31:51.180+0000] {taskinstance.py:1165} INFO - Dependencies all met for <TaskInstance: orquestation.task3 scheduled__2022-05-02T00:00:00+00:00 [queued]>
[2022-11-04T21:31:51.181+0000] {taskinstance.py:1362} INFO - 
--------------------------------------------------------------------------------
[2022-11-04T21:31:51.182+0000] {taskinstance.py:1363} INFO - Starting attempt 1 of 1
[2022-11-04T21:31:51.183+0000] {taskinstance.py:1364} INFO - 
--------------------------------------------------------------------------------
[2022-11-04T21:31:51.227+0000] {taskinstance.py:1383} INFO - Executing <Task(BashOperator): task3> on 2022-05-02 00:00:00+00:00
[2022-11-04T21:31:51.237+0000] {standard_task_runner.py:55} INFO - Started process 677 to run task
[2022-11-04T21:31:51.242+0000] {standard_task_runner.py:82} INFO - Running: ['***', 'tasks', 'run', 'orquestation', 'task3', 'scheduled__2022-05-02T00:00:00+00:00', '--job-id', '118', '--raw', '--subdir', 'DAGS_FOLDER/5.1-orquestacion.py', '--cfg-path', '/tmp/tmpu6u544ir']
[2022-11-04T21:31:51.243+0000] {standard_task_runner.py:83} INFO - Job 118: Subtask task3
[2022-11-04T21:31:51.337+0000] {task_command.py:376} INFO - Running <TaskInstance: orquestation.task3 scheduled__2022-05-02T00:00:00+00:00 [running]> on host 643e334f405f
[2022-11-04T21:31:51.448+0000] {taskinstance.py:1592} INFO - Exporting the following env vars:
AIRFLOW_CTX_DAG_OWNER=***
AIRFLOW_CTX_DAG_ID=orquestation
AIRFLOW_CTX_TASK_ID=task3
AIRFLOW_CTX_EXECUTION_DATE=2022-05-02T00:00:00+00:00
AIRFLOW_CTX_TRY_NUMBER=1
AIRFLOW_CTX_DAG_RUN_ID=scheduled__2022-05-02T00:00:00+00:00
[2022-11-04T21:31:51.450+0000] {subprocess.py:63} INFO - Tmp dir root location: 
 /tmp
[2022-11-04T21:31:51.451+0000] {subprocess.py:75} INFO - Running command: ['/bin/bash', '-c', "sleep 2 && echo 'task3'"]
[2022-11-04T21:31:51.465+0000] {subprocess.py:86} INFO - Output:
[2022-11-04T21:31:53.469+0000] {subprocess.py:93} INFO - task3
[2022-11-04T21:31:53.470+0000] {subprocess.py:97} INFO - Command exited with return code 0
[2022-11-04T21:31:53.508+0000] {taskinstance.py:1406} INFO - Marking task as SUCCESS. dag_id=orquestation, task_id=task3, execution_date=20220502T000000, start_date=20221104T213151, end_date=20221104T213153
[2022-11-04T21:31:53.784+0000] {local_task_job.py:164} INFO - Task exited with return code 0
[2022-11-04T21:31:53.811+0000] {local_task_job.py:273} INFO - 0 downstream tasks scheduled from follow-on schedule check
[2022-11-04T21:40:22.950+0000] {taskinstance.py:1165} INFO - Dependencies all met for <TaskInstance: orquestation.task3 scheduled__2022-05-02T00:00:00+00:00 [queued]>
[2022-11-04T21:40:22.967+0000] {taskinstance.py:1165} INFO - Dependencies all met for <TaskInstance: orquestation.task3 scheduled__2022-05-02T00:00:00+00:00 [queued]>
[2022-11-04T21:40:22.968+0000] {taskinstance.py:1362} INFO - 
--------------------------------------------------------------------------------
[2022-11-04T21:40:22.968+0000] {taskinstance.py:1363} INFO - Starting attempt 1 of 1
[2022-11-04T21:40:22.968+0000] {taskinstance.py:1364} INFO - 
--------------------------------------------------------------------------------
[2022-11-04T21:40:22.986+0000] {taskinstance.py:1383} INFO - Executing <Task(BashOperator): task3> on 2022-05-02 00:00:00+00:00
[2022-11-04T21:40:22.992+0000] {standard_task_runner.py:55} INFO - Started process 1629 to run task
[2022-11-04T21:40:22.995+0000] {standard_task_runner.py:82} INFO - Running: ['***', 'tasks', 'run', 'orquestation', 'task3', 'scheduled__2022-05-02T00:00:00+00:00', '--job-id', '261', '--raw', '--subdir', 'DAGS_FOLDER/5.1-orquestacion.py', '--cfg-path', '/tmp/tmp2wp4fvkx']
[2022-11-04T21:40:22.996+0000] {standard_task_runner.py:83} INFO - Job 261: Subtask task3
[2022-11-04T21:40:23.067+0000] {task_command.py:376} INFO - Running <TaskInstance: orquestation.task3 scheduled__2022-05-02T00:00:00+00:00 [running]> on host 643e334f405f
[2022-11-04T21:40:23.157+0000] {taskinstance.py:1592} INFO - Exporting the following env vars:
AIRFLOW_CTX_DAG_OWNER=***
AIRFLOW_CTX_DAG_ID=orquestation
AIRFLOW_CTX_TASK_ID=task3
AIRFLOW_CTX_EXECUTION_DATE=2022-05-02T00:00:00+00:00
AIRFLOW_CTX_TRY_NUMBER=1
AIRFLOW_CTX_DAG_RUN_ID=scheduled__2022-05-02T00:00:00+00:00
[2022-11-04T21:40:23.159+0000] {subprocess.py:63} INFO - Tmp dir root location: 
 /tmp
[2022-11-04T21:40:23.160+0000] {subprocess.py:75} INFO - Running command: ['/bin/bash', '-c', "sleep 2 && echo 'task3'"]
[2022-11-04T21:40:23.175+0000] {subprocess.py:86} INFO - Output:
[2022-11-04T21:40:25.179+0000] {subprocess.py:93} INFO - task3
[2022-11-04T21:40:25.180+0000] {subprocess.py:97} INFO - Command exited with return code 0
[2022-11-04T21:40:25.208+0000] {taskinstance.py:1406} INFO - Marking task as SUCCESS. dag_id=orquestation, task_id=task3, execution_date=20220502T000000, start_date=20221104T214022, end_date=20221104T214025
[2022-11-04T21:40:25.256+0000] {local_task_job.py:164} INFO - Task exited with return code 0
[2022-11-04T21:40:25.276+0000] {local_task_job.py:273} INFO - 0 downstream tasks scheduled from follow-on schedule check
