[2022-11-15T21:20:36.020+0000] {taskinstance.py:1165} INFO - Dependencies all met for <TaskInstance: 10-branching.finish_14_june scheduled__2022-06-10T00:00:00+00:00 [queued]>
[2022-11-15T21:20:36.040+0000] {taskinstance.py:1165} INFO - Dependencies all met for <TaskInstance: 10-branching.finish_14_june scheduled__2022-06-10T00:00:00+00:00 [queued]>
[2022-11-15T21:20:36.041+0000] {taskinstance.py:1362} INFO - 
--------------------------------------------------------------------------------
[2022-11-15T21:20:36.043+0000] {taskinstance.py:1363} INFO - Starting attempt 1 of 1
[2022-11-15T21:20:36.044+0000] {taskinstance.py:1364} INFO - 
--------------------------------------------------------------------------------
[2022-11-15T21:20:36.068+0000] {taskinstance.py:1383} INFO - Executing <Task(BashOperator): finish_14_june> on 2022-06-10 00:00:00+00:00
[2022-11-15T21:20:36.077+0000] {standard_task_runner.py:55} INFO - Started process 2497 to run task
[2022-11-15T21:20:36.081+0000] {standard_task_runner.py:82} INFO - Running: ['***', 'tasks', 'run', '10-branching', 'finish_14_june', 'scheduled__2022-06-10T00:00:00+00:00', '--job-id', '1166', '--raw', '--subdir', 'DAGS_FOLDER/10-branchpythonoperator.py', '--cfg-path', '/tmp/tmp_pt4wgha']
[2022-11-15T21:20:36.081+0000] {standard_task_runner.py:83} INFO - Job 1166: Subtask finish_14_june
[2022-11-15T21:20:36.189+0000] {task_command.py:376} INFO - Running <TaskInstance: 10-branching.finish_14_june scheduled__2022-06-10T00:00:00+00:00 [running]> on host 638485efabe7
[2022-11-15T21:20:36.287+0000] {taskinstance.py:1592} INFO - Exporting the following env vars:
AIRFLOW_CTX_DAG_OWNER=***
AIRFLOW_CTX_DAG_ID=10-branching
AIRFLOW_CTX_TASK_ID=finish_14_june
AIRFLOW_CTX_EXECUTION_DATE=2022-06-10T00:00:00+00:00
AIRFLOW_CTX_TRY_NUMBER=1
AIRFLOW_CTX_DAG_RUN_ID=scheduled__2022-06-10T00:00:00+00:00
[2022-11-15T21:20:36.289+0000] {subprocess.py:63} INFO - Tmp dir root location: 
 /tmp
[2022-11-15T21:20:36.291+0000] {subprocess.py:75} INFO - Running command: ['/bin/bash', '-c', "echo 'Running 2022-06-10'"]
[2022-11-15T21:20:36.306+0000] {subprocess.py:86} INFO - Output:
[2022-11-15T21:20:36.308+0000] {subprocess.py:93} INFO - Running 2022-06-10
[2022-11-15T21:20:36.308+0000] {subprocess.py:97} INFO - Command exited with return code 0
[2022-11-15T21:20:36.341+0000] {taskinstance.py:1406} INFO - Marking task as SUCCESS. dag_id=10-branching, task_id=finish_14_june, execution_date=20220610T000000, start_date=20221115T212036, end_date=20221115T212036
[2022-11-15T21:20:36.374+0000] {local_task_job.py:164} INFO - Task exited with return code 0
[2022-11-15T21:20:36.399+0000] {local_task_job.py:273} INFO - 0 downstream tasks scheduled from follow-on schedule check
