[2022-11-17T16:34:43.578+0000] {taskinstance.py:1165} INFO - Dependencies all met for <TaskInstance: MyPersonalAirflowProject.Marketing_team_Notification scheduled__2022-10-21T00:00:00+00:00 [queued]>
[2022-11-17T16:34:43.594+0000] {taskinstance.py:1165} INFO - Dependencies all met for <TaskInstance: MyPersonalAirflowProject.Marketing_team_Notification scheduled__2022-10-21T00:00:00+00:00 [queued]>
[2022-11-17T16:34:43.595+0000] {taskinstance.py:1362} INFO - 
--------------------------------------------------------------------------------
[2022-11-17T16:34:43.596+0000] {taskinstance.py:1363} INFO - Starting attempt 1 of 1
[2022-11-17T16:34:43.596+0000] {taskinstance.py:1364} INFO - 
--------------------------------------------------------------------------------
[2022-11-17T16:34:43.621+0000] {taskinstance.py:1383} INFO - Executing <Task(BashOperator): Marketing_team_Notification> on 2022-10-21 00:00:00+00:00
[2022-11-17T16:34:43.630+0000] {standard_task_runner.py:55} INFO - Started process 3890 to run task
[2022-11-17T16:34:43.633+0000] {standard_task_runner.py:82} INFO - Running: ['***', 'tasks', 'run', 'MyPersonalAirflowProject', 'Marketing_team_Notification', 'scheduled__2022-10-21T00:00:00+00:00', '--job-id', '2190', '--raw', '--subdir', 'DAGS_FOLDER/FinalPersonalProject.py', '--cfg-path', '/tmp/tmpthu4i8wp']
[2022-11-17T16:34:43.634+0000] {standard_task_runner.py:83} INFO - Job 2190: Subtask Marketing_team_Notification
[2022-11-17T16:34:43.707+0000] {task_command.py:376} INFO - Running <TaskInstance: MyPersonalAirflowProject.Marketing_team_Notification scheduled__2022-10-21T00:00:00+00:00 [running]> on host 638485efabe7
[2022-11-17T16:34:43.799+0000] {taskinstance.py:1592} INFO - Exporting the following env vars:
AIRFLOW_CTX_DAG_OWNER=***
AIRFLOW_CTX_DAG_ID=MyPersonalAirflowProject
AIRFLOW_CTX_TASK_ID=Marketing_team_Notification
AIRFLOW_CTX_EXECUTION_DATE=2022-10-21T00:00:00+00:00
AIRFLOW_CTX_TRY_NUMBER=1
AIRFLOW_CTX_DAG_RUN_ID=scheduled__2022-10-21T00:00:00+00:00
[2022-11-17T16:34:43.800+0000] {subprocess.py:63} INFO - Tmp dir root location: 
 /tmp
[2022-11-17T16:34:43.802+0000] {subprocess.py:75} INFO - Running command: ['/bin/bash', '-c', 'echo "Hi Marketing team, Space X data for 2022-10-21 are now available!.. Please check them out!"']
[2022-11-17T16:34:43.817+0000] {subprocess.py:86} INFO - Output:
[2022-11-17T16:34:43.819+0000] {subprocess.py:93} INFO - Hi Marketing team, Space X data for 2022-10-21 are now available!.. Please check them out!
[2022-11-17T16:34:43.820+0000] {subprocess.py:97} INFO - Command exited with return code 0
[2022-11-17T16:34:43.852+0000] {taskinstance.py:1406} INFO - Marking task as SUCCESS. dag_id=MyPersonalAirflowProject, task_id=Marketing_team_Notification, execution_date=20221021T000000, start_date=20221117T163443, end_date=20221117T163443
[2022-11-17T16:34:43.886+0000] {local_task_job.py:164} INFO - Task exited with return code 0
[2022-11-17T16:34:43.918+0000] {local_task_job.py:273} INFO - 0 downstream tasks scheduled from follow-on schedule check
[2022-11-17T17:26:46.260+0000] {taskinstance.py:1165} INFO - Dependencies all met for <TaskInstance: MyPersonalAirflowProject.Marketing_team_Notification scheduled__2022-10-21T00:00:00+00:00 [queued]>
[2022-11-17T17:26:46.274+0000] {taskinstance.py:1165} INFO - Dependencies all met for <TaskInstance: MyPersonalAirflowProject.Marketing_team_Notification scheduled__2022-10-21T00:00:00+00:00 [queued]>
[2022-11-17T17:26:46.275+0000] {taskinstance.py:1362} INFO - 
--------------------------------------------------------------------------------
[2022-11-17T17:26:46.276+0000] {taskinstance.py:1363} INFO - Starting attempt 1 of 1
[2022-11-17T17:26:46.277+0000] {taskinstance.py:1364} INFO - 
--------------------------------------------------------------------------------
[2022-11-17T17:26:46.301+0000] {taskinstance.py:1383} INFO - Executing <Task(BashOperator): Marketing_team_Notification> on 2022-10-21 00:00:00+00:00
[2022-11-17T17:26:46.307+0000] {standard_task_runner.py:55} INFO - Started process 7541 to run task
[2022-11-17T17:26:46.310+0000] {standard_task_runner.py:82} INFO - Running: ['***', 'tasks', 'run', 'MyPersonalAirflowProject', 'Marketing_team_Notification', 'scheduled__2022-10-21T00:00:00+00:00', '--job-id', '2601', '--raw', '--subdir', 'DAGS_FOLDER/FinalPersonalProject.py', '--cfg-path', '/tmp/tmp2jipe7wb']
[2022-11-17T17:26:46.311+0000] {standard_task_runner.py:83} INFO - Job 2601: Subtask Marketing_team_Notification
[2022-11-17T17:26:46.389+0000] {task_command.py:376} INFO - Running <TaskInstance: MyPersonalAirflowProject.Marketing_team_Notification scheduled__2022-10-21T00:00:00+00:00 [running]> on host 638485efabe7
[2022-11-17T17:26:46.470+0000] {taskinstance.py:1592} INFO - Exporting the following env vars:
AIRFLOW_CTX_DAG_OWNER=***
AIRFLOW_CTX_DAG_ID=MyPersonalAirflowProject
AIRFLOW_CTX_TASK_ID=Marketing_team_Notification
AIRFLOW_CTX_EXECUTION_DATE=2022-10-21T00:00:00+00:00
AIRFLOW_CTX_TRY_NUMBER=1
AIRFLOW_CTX_DAG_RUN_ID=scheduled__2022-10-21T00:00:00+00:00
[2022-11-17T17:26:46.472+0000] {subprocess.py:63} INFO - Tmp dir root location: 
 /tmp
[2022-11-17T17:26:46.473+0000] {subprocess.py:75} INFO - Running command: ['/bin/bash', '-c', 'echo "Hi Marketing team, Space X data for 2022-10-21 are now available!.. Please check them out!"']
[2022-11-17T17:26:46.485+0000] {subprocess.py:86} INFO - Output:
[2022-11-17T17:26:46.486+0000] {subprocess.py:93} INFO - Hi Marketing team, Space X data for 2022-10-21 are now available!.. Please check them out!
[2022-11-17T17:26:46.487+0000] {subprocess.py:97} INFO - Command exited with return code 0
[2022-11-17T17:26:46.516+0000] {taskinstance.py:1406} INFO - Marking task as SUCCESS. dag_id=MyPersonalAirflowProject, task_id=Marketing_team_Notification, execution_date=20221021T000000, start_date=20221117T172646, end_date=20221117T172646
[2022-11-17T17:26:46.563+0000] {local_task_job.py:164} INFO - Task exited with return code 0
[2022-11-17T17:26:46.587+0000] {local_task_job.py:273} INFO - 0 downstream tasks scheduled from follow-on schedule check
