[2022-11-08T17:37:33.499+0000] {taskinstance.py:1165} INFO - Dependencies all met for <TaskInstance: 6-monitoring_1.task5 scheduled__2022-01-08T00:00:00+00:00 [queued]>
[2022-11-08T17:37:33.564+0000] {taskinstance.py:1165} INFO - Dependencies all met for <TaskInstance: 6-monitoring_1.task5 scheduled__2022-01-08T00:00:00+00:00 [queued]>
[2022-11-08T17:37:33.567+0000] {taskinstance.py:1362} INFO - 
--------------------------------------------------------------------------------
[2022-11-08T17:37:33.575+0000] {taskinstance.py:1363} INFO - Starting attempt 1 of 1
[2022-11-08T17:37:33.578+0000] {taskinstance.py:1364} INFO - 
--------------------------------------------------------------------------------
[2022-11-08T17:37:33.632+0000] {taskinstance.py:1383} INFO - Executing <Task(BashOperator): task5> on 2022-01-08 00:00:00+00:00
[2022-11-08T17:37:33.644+0000] {standard_task_runner.py:55} INFO - Started process 633 to run task
[2022-11-08T17:37:33.649+0000] {standard_task_runner.py:82} INFO - Running: ['***', 'tasks', 'run', '6-monitoring_1', 'task5', 'scheduled__2022-01-08T00:00:00+00:00', '--job-id', '401', '--raw', '--subdir', 'DAGS_FOLDER/6.1-monitoring.py', '--cfg-path', '/tmp/tmpj7xnolgd']
[2022-11-08T17:37:33.650+0000] {standard_task_runner.py:83} INFO - Job 401: Subtask task5
[2022-11-08T17:37:33.777+0000] {task_command.py:376} INFO - Running <TaskInstance: 6-monitoring_1.task5 scheduled__2022-01-08T00:00:00+00:00 [running]> on host 638485efabe7
[2022-11-08T17:37:33.938+0000] {taskinstance.py:1592} INFO - Exporting the following env vars:
AIRFLOW_CTX_DAG_OWNER=***
AIRFLOW_CTX_DAG_ID=6-monitoring_1
AIRFLOW_CTX_TASK_ID=task5
AIRFLOW_CTX_EXECUTION_DATE=2022-01-08T00:00:00+00:00
AIRFLOW_CTX_TRY_NUMBER=1
AIRFLOW_CTX_DAG_RUN_ID=scheduled__2022-01-08T00:00:00+00:00
[2022-11-08T17:37:33.941+0000] {subprocess.py:63} INFO - Tmp dir root location: 
 /tmp
[2022-11-08T17:37:33.942+0000] {subprocess.py:75} INFO - Running command: ['/bin/bash', '-c', "sleep 2 && echo 'task5'"]
[2022-11-08T17:37:33.964+0000] {subprocess.py:86} INFO - Output:
[2022-11-08T17:37:36.035+0000] {subprocess.py:93} INFO - task5
[2022-11-08T17:37:36.036+0000] {subprocess.py:97} INFO - Command exited with return code 0
[2022-11-08T17:37:36.085+0000] {taskinstance.py:1406} INFO - Marking task as SUCCESS. dag_id=6-monitoring_1, task_id=task5, execution_date=20220108T000000, start_date=20221108T173733, end_date=20221108T173736
[2022-11-08T17:37:36.145+0000] {local_task_job.py:164} INFO - Task exited with return code 0
[2022-11-08T17:37:36.212+0000] {local_task_job.py:273} INFO - 0 downstream tasks scheduled from follow-on schedule check
