[2022-11-04T21:32:10.624+0000] {taskinstance.py:1165} INFO - Dependencies all met for <TaskInstance: orquestation.task3 scheduled__2022-05-06T00:00:00+00:00 [queued]>
[2022-11-04T21:32:10.649+0000] {taskinstance.py:1165} INFO - Dependencies all met for <TaskInstance: orquestation.task3 scheduled__2022-05-06T00:00:00+00:00 [queued]>
[2022-11-04T21:32:10.650+0000] {taskinstance.py:1362} INFO - 
--------------------------------------------------------------------------------
[2022-11-04T21:32:10.650+0000] {taskinstance.py:1363} INFO - Starting attempt 1 of 1
[2022-11-04T21:32:10.653+0000] {taskinstance.py:1364} INFO - 
--------------------------------------------------------------------------------
[2022-11-04T21:32:10.687+0000] {taskinstance.py:1383} INFO - Executing <Task(BashOperator): task3> on 2022-05-06 00:00:00+00:00
[2022-11-04T21:32:10.699+0000] {standard_task_runner.py:55} INFO - Started process 750 to run task
[2022-11-04T21:32:10.706+0000] {standard_task_runner.py:82} INFO - Running: ['***', 'tasks', 'run', 'orquestation', 'task3', 'scheduled__2022-05-06T00:00:00+00:00', '--job-id', '134', '--raw', '--subdir', 'DAGS_FOLDER/5.1-orquestacion.py', '--cfg-path', '/tmp/tmpqhb8flc7']
[2022-11-04T21:32:10.707+0000] {standard_task_runner.py:83} INFO - Job 134: Subtask task3
[2022-11-04T21:32:10.812+0000] {task_command.py:376} INFO - Running <TaskInstance: orquestation.task3 scheduled__2022-05-06T00:00:00+00:00 [running]> on host 643e334f405f
[2022-11-04T21:32:10.934+0000] {taskinstance.py:1592} INFO - Exporting the following env vars:
AIRFLOW_CTX_DAG_OWNER=***
AIRFLOW_CTX_DAG_ID=orquestation
AIRFLOW_CTX_TASK_ID=task3
AIRFLOW_CTX_EXECUTION_DATE=2022-05-06T00:00:00+00:00
AIRFLOW_CTX_TRY_NUMBER=1
AIRFLOW_CTX_DAG_RUN_ID=scheduled__2022-05-06T00:00:00+00:00
[2022-11-04T21:32:10.936+0000] {subprocess.py:63} INFO - Tmp dir root location: 
 /tmp
[2022-11-04T21:32:10.938+0000] {subprocess.py:75} INFO - Running command: ['/bin/bash', '-c', "sleep 2 && echo 'task3'"]
[2022-11-04T21:32:10.961+0000] {subprocess.py:86} INFO - Output:
[2022-11-04T21:32:13.024+0000] {subprocess.py:93} INFO - task3
[2022-11-04T21:32:13.025+0000] {subprocess.py:97} INFO - Command exited with return code 0
[2022-11-04T21:32:13.062+0000] {taskinstance.py:1406} INFO - Marking task as SUCCESS. dag_id=orquestation, task_id=task3, execution_date=20220506T000000, start_date=20221104T213210, end_date=20221104T213213
[2022-11-04T21:32:13.124+0000] {local_task_job.py:164} INFO - Task exited with return code 0
[2022-11-04T21:32:13.151+0000] {local_task_job.py:273} INFO - 0 downstream tasks scheduled from follow-on schedule check
[2022-11-04T21:41:06.101+0000] {taskinstance.py:1165} INFO - Dependencies all met for <TaskInstance: orquestation.task3 scheduled__2022-05-06T00:00:00+00:00 [queued]>
[2022-11-04T21:41:06.118+0000] {taskinstance.py:1165} INFO - Dependencies all met for <TaskInstance: orquestation.task3 scheduled__2022-05-06T00:00:00+00:00 [queued]>
[2022-11-04T21:41:06.118+0000] {taskinstance.py:1362} INFO - 
--------------------------------------------------------------------------------
[2022-11-04T21:41:06.119+0000] {taskinstance.py:1363} INFO - Starting attempt 1 of 1
[2022-11-04T21:41:06.119+0000] {taskinstance.py:1364} INFO - 
--------------------------------------------------------------------------------
[2022-11-04T21:41:06.141+0000] {taskinstance.py:1383} INFO - Executing <Task(BashOperator): task3> on 2022-05-06 00:00:00+00:00
[2022-11-04T21:41:06.149+0000] {standard_task_runner.py:55} INFO - Started process 1721 to run task
[2022-11-04T21:41:06.152+0000] {standard_task_runner.py:82} INFO - Running: ['***', 'tasks', 'run', 'orquestation', 'task3', 'scheduled__2022-05-06T00:00:00+00:00', '--job-id', '278', '--raw', '--subdir', 'DAGS_FOLDER/5.1-orquestacion.py', '--cfg-path', '/tmp/tmpzuz6wcro']
[2022-11-04T21:41:06.153+0000] {standard_task_runner.py:83} INFO - Job 278: Subtask task3
[2022-11-04T21:41:06.218+0000] {task_command.py:376} INFO - Running <TaskInstance: orquestation.task3 scheduled__2022-05-06T00:00:00+00:00 [running]> on host 643e334f405f
[2022-11-04T21:41:06.383+0000] {taskinstance.py:1592} INFO - Exporting the following env vars:
AIRFLOW_CTX_DAG_OWNER=***
AIRFLOW_CTX_DAG_ID=orquestation
AIRFLOW_CTX_TASK_ID=task3
AIRFLOW_CTX_EXECUTION_DATE=2022-05-06T00:00:00+00:00
AIRFLOW_CTX_TRY_NUMBER=1
AIRFLOW_CTX_DAG_RUN_ID=scheduled__2022-05-06T00:00:00+00:00
[2022-11-04T21:41:06.385+0000] {subprocess.py:63} INFO - Tmp dir root location: 
 /tmp
[2022-11-04T21:41:06.387+0000] {subprocess.py:75} INFO - Running command: ['/bin/bash', '-c', "sleep 2 && echo 'task3'"]
[2022-11-04T21:41:06.401+0000] {subprocess.py:86} INFO - Output:
[2022-11-04T21:41:08.406+0000] {subprocess.py:93} INFO - task3
[2022-11-04T21:41:08.407+0000] {subprocess.py:97} INFO - Command exited with return code 0
[2022-11-04T21:41:08.438+0000] {taskinstance.py:1406} INFO - Marking task as SUCCESS. dag_id=orquestation, task_id=task3, execution_date=20220506T000000, start_date=20221104T214106, end_date=20221104T214108
[2022-11-04T21:41:08.493+0000] {local_task_job.py:164} INFO - Task exited with return code 0
[2022-11-04T21:41:08.517+0000] {local_task_job.py:273} INFO - 0 downstream tasks scheduled from follow-on schedule check
