[2022-11-16T21:05:26.904+0000] {taskinstance.py:1165} INFO - Dependencies all met for <TaskInstance: MyPersonalAirflowProject.nasa_verification_task scheduled__2022-10-24T00:00:00+00:00 [queued]>
[2022-11-16T21:05:26.920+0000] {taskinstance.py:1165} INFO - Dependencies all met for <TaskInstance: MyPersonalAirflowProject.nasa_verification_task scheduled__2022-10-24T00:00:00+00:00 [queued]>
[2022-11-16T21:05:26.920+0000] {taskinstance.py:1362} INFO - 
--------------------------------------------------------------------------------
[2022-11-16T21:05:26.922+0000] {taskinstance.py:1363} INFO - Starting attempt 2 of 2
[2022-11-16T21:05:26.922+0000] {taskinstance.py:1364} INFO - 
--------------------------------------------------------------------------------
[2022-11-16T21:05:26.941+0000] {taskinstance.py:1383} INFO - Executing <Task(BashOperator): nasa_verification_task> on 2022-10-24 00:00:00+00:00
[2022-11-16T21:05:26.948+0000] {standard_task_runner.py:55} INFO - Started process 1607 to run task
[2022-11-16T21:05:26.950+0000] {standard_task_runner.py:82} INFO - Running: ['***', 'tasks', 'run', 'MyPersonalAirflowProject', 'nasa_verification_task', 'scheduled__2022-10-24T00:00:00+00:00', '--job-id', '1327', '--raw', '--subdir', 'DAGS_FOLDER/FinalPersonalProject.py', '--cfg-path', '/tmp/tmpl3chcg03']
[2022-11-16T21:05:26.951+0000] {standard_task_runner.py:83} INFO - Job 1327: Subtask nasa_verification_task
[2022-11-16T21:05:27.019+0000] {task_command.py:376} INFO - Running <TaskInstance: MyPersonalAirflowProject.nasa_verification_task scheduled__2022-10-24T00:00:00+00:00 [running]> on host 638485efabe7
[2022-11-16T21:05:27.099+0000] {taskinstance.py:1592} INFO - Exporting the following env vars:
AIRFLOW_CTX_DAG_OWNER=***
AIRFLOW_CTX_DAG_ID=MyPersonalAirflowProject
AIRFLOW_CTX_TASK_ID=nasa_verification_task
AIRFLOW_CTX_EXECUTION_DATE=2022-10-24T00:00:00+00:00
AIRFLOW_CTX_TRY_NUMBER=2
AIRFLOW_CTX_DAG_RUN_ID=scheduled__2022-10-24T00:00:00+00:00
[2022-11-16T21:05:27.100+0000] {subprocess.py:63} INFO - Tmp dir root location: 
 /tmp
[2022-11-16T21:05:27.102+0000] {subprocess.py:75} INFO - Running command: ['/bin/bash', '-c', 'sleep 20 && echo OK"> /tmp/reponse_20221024.txt']
[2022-11-16T21:05:27.114+0000] {subprocess.py:86} INFO - Output:
[2022-11-16T21:05:27.115+0000] {subprocess.py:93} INFO - /bin/bash: -c: line 1: unexpected EOF while looking for matching `"'
[2022-11-16T21:05:27.116+0000] {subprocess.py:93} INFO - /bin/bash: -c: line 2: syntax error: unexpected end of file
[2022-11-16T21:05:27.117+0000] {subprocess.py:97} INFO - Command exited with return code 2
[2022-11-16T21:05:27.129+0000] {taskinstance.py:1851} ERROR - Task failed with exception
Traceback (most recent call last):
  File "/home/airflow/.local/lib/python3.7/site-packages/airflow/operators/bash.py", line 197, in execute
    f'Bash command failed. The command returned a non-zero exit code {result.exit_code}.'
airflow.exceptions.AirflowException: Bash command failed. The command returned a non-zero exit code 2.
[2022-11-16T21:05:27.133+0000] {taskinstance.py:1406} INFO - Marking task as FAILED. dag_id=MyPersonalAirflowProject, task_id=nasa_verification_task, execution_date=20221024T000000, start_date=20221116T210526, end_date=20221116T210527
[2022-11-16T21:05:27.150+0000] {standard_task_runner.py:105} ERROR - Failed to execute job 1327 for task nasa_verification_task (Bash command failed. The command returned a non-zero exit code 2.; 1607)
[2022-11-16T21:05:27.202+0000] {local_task_job.py:164} INFO - Task exited with return code 1
[2022-11-16T21:05:27.256+0000] {local_task_job.py:273} INFO - 0 downstream tasks scheduled from follow-on schedule check
[2022-11-17T15:56:09.156+0000] {taskinstance.py:1165} INFO - Dependencies all met for <TaskInstance: MyPersonalAirflowProject.nasa_verification_task scheduled__2022-10-24T00:00:00+00:00 [queued]>
[2022-11-17T15:56:09.169+0000] {taskinstance.py:1165} INFO - Dependencies all met for <TaskInstance: MyPersonalAirflowProject.nasa_verification_task scheduled__2022-10-24T00:00:00+00:00 [queued]>
[2022-11-17T15:56:09.169+0000] {taskinstance.py:1362} INFO - 
--------------------------------------------------------------------------------
[2022-11-17T15:56:09.170+0000] {taskinstance.py:1363} INFO - Starting attempt 2 of 2
[2022-11-17T15:56:09.170+0000] {taskinstance.py:1364} INFO - 
--------------------------------------------------------------------------------
[2022-11-17T15:56:09.188+0000] {taskinstance.py:1383} INFO - Executing <Task(BashOperator): nasa_verification_task> on 2022-10-24 00:00:00+00:00
[2022-11-17T15:56:09.193+0000] {standard_task_runner.py:55} INFO - Started process 1119 to run task
[2022-11-17T15:56:09.197+0000] {standard_task_runner.py:82} INFO - Running: ['***', 'tasks', 'run', 'MyPersonalAirflowProject', 'nasa_verification_task', 'scheduled__2022-10-24T00:00:00+00:00', '--job-id', '1880', '--raw', '--subdir', 'DAGS_FOLDER/FinalPersonalProject.py', '--cfg-path', '/tmp/tmpeb44idex']
[2022-11-17T15:56:09.198+0000] {standard_task_runner.py:83} INFO - Job 1880: Subtask nasa_verification_task
[2022-11-17T15:56:09.261+0000] {task_command.py:376} INFO - Running <TaskInstance: MyPersonalAirflowProject.nasa_verification_task scheduled__2022-10-24T00:00:00+00:00 [running]> on host 638485efabe7
[2022-11-17T15:56:09.337+0000] {taskinstance.py:1592} INFO - Exporting the following env vars:
AIRFLOW_CTX_DAG_OWNER=***
AIRFLOW_CTX_DAG_ID=MyPersonalAirflowProject
AIRFLOW_CTX_TASK_ID=nasa_verification_task
AIRFLOW_CTX_EXECUTION_DATE=2022-10-24T00:00:00+00:00
AIRFLOW_CTX_TRY_NUMBER=2
AIRFLOW_CTX_DAG_RUN_ID=scheduled__2022-10-24T00:00:00+00:00
[2022-11-17T15:56:09.339+0000] {subprocess.py:63} INFO - Tmp dir root location: 
 /tmp
[2022-11-17T15:56:09.341+0000] {subprocess.py:75} INFO - Running command: ['/bin/bash', '-c', 'sleep 20 && echo "OK"> /tmp/reponse_20221024.txt']
[2022-11-17T15:56:09.351+0000] {subprocess.py:86} INFO - Output:
[2022-11-17T15:56:29.357+0000] {subprocess.py:97} INFO - Command exited with return code 0
[2022-11-17T15:56:29.387+0000] {taskinstance.py:1406} INFO - Marking task as SUCCESS. dag_id=MyPersonalAirflowProject, task_id=nasa_verification_task, execution_date=20221024T000000, start_date=20221117T155609, end_date=20221117T155629
[2022-11-17T15:56:29.422+0000] {local_task_job.py:164} INFO - Task exited with return code 0
[2022-11-17T15:56:29.460+0000] {local_task_job.py:273} INFO - 1 downstream tasks scheduled from follow-on schedule check
