[2022-11-04T21:33:58.523+0000] {taskinstance.py:1165} INFO - Dependencies all met for <TaskInstance: orquestation.task3 scheduled__2022-05-31T00:00:00+00:00 [queued]>
[2022-11-04T21:33:58.549+0000] {taskinstance.py:1165} INFO - Dependencies all met for <TaskInstance: orquestation.task3 scheduled__2022-05-31T00:00:00+00:00 [queued]>
[2022-11-04T21:33:58.549+0000] {taskinstance.py:1362} INFO - 
--------------------------------------------------------------------------------
[2022-11-04T21:33:58.550+0000] {taskinstance.py:1363} INFO - Starting attempt 1 of 1
[2022-11-04T21:33:58.551+0000] {taskinstance.py:1364} INFO - 
--------------------------------------------------------------------------------
[2022-11-04T21:33:58.585+0000] {taskinstance.py:1383} INFO - Executing <Task(BashOperator): task3> on 2022-05-31 00:00:00+00:00
[2022-11-04T21:33:58.596+0000] {standard_task_runner.py:55} INFO - Started process 1221 to run task
[2022-11-04T21:33:58.599+0000] {standard_task_runner.py:82} INFO - Running: ['***', 'tasks', 'run', 'orquestation', 'task3', 'scheduled__2022-05-31T00:00:00+00:00', '--job-id', '234', '--raw', '--subdir', 'DAGS_FOLDER/5.1-orquestacion.py', '--cfg-path', '/tmp/tmpgrhumyd3']
[2022-11-04T21:33:58.600+0000] {standard_task_runner.py:83} INFO - Job 234: Subtask task3
[2022-11-04T21:33:58.693+0000] {task_command.py:376} INFO - Running <TaskInstance: orquestation.task3 scheduled__2022-05-31T00:00:00+00:00 [running]> on host 643e334f405f
[2022-11-04T21:33:58.797+0000] {taskinstance.py:1592} INFO - Exporting the following env vars:
AIRFLOW_CTX_DAG_OWNER=***
AIRFLOW_CTX_DAG_ID=orquestation
AIRFLOW_CTX_TASK_ID=task3
AIRFLOW_CTX_EXECUTION_DATE=2022-05-31T00:00:00+00:00
AIRFLOW_CTX_TRY_NUMBER=1
AIRFLOW_CTX_DAG_RUN_ID=scheduled__2022-05-31T00:00:00+00:00
[2022-11-04T21:33:58.799+0000] {subprocess.py:63} INFO - Tmp dir root location: 
 /tmp
[2022-11-04T21:33:58.800+0000] {subprocess.py:75} INFO - Running command: ['/bin/bash', '-c', "sleep 2 && echo 'task3'"]
[2022-11-04T21:33:58.820+0000] {subprocess.py:86} INFO - Output:
[2022-11-04T21:34:00.828+0000] {subprocess.py:93} INFO - task3
[2022-11-04T21:34:00.829+0000] {subprocess.py:97} INFO - Command exited with return code 0
[2022-11-04T21:34:00.866+0000] {taskinstance.py:1406} INFO - Marking task as SUCCESS. dag_id=orquestation, task_id=task3, execution_date=20220531T000000, start_date=20221104T213358, end_date=20221104T213400
[2022-11-04T21:34:00.901+0000] {local_task_job.py:164} INFO - Task exited with return code 0
[2022-11-04T21:34:00.923+0000] {local_task_job.py:273} INFO - 0 downstream tasks scheduled from follow-on schedule check
[2022-11-04T21:45:37.097+0000] {taskinstance.py:1165} INFO - Dependencies all met for <TaskInstance: orquestation.task3 scheduled__2022-05-31T00:00:00+00:00 [queued]>
[2022-11-04T21:45:37.119+0000] {taskinstance.py:1165} INFO - Dependencies all met for <TaskInstance: orquestation.task3 scheduled__2022-05-31T00:00:00+00:00 [queued]>
[2022-11-04T21:45:37.120+0000] {taskinstance.py:1362} INFO - 
--------------------------------------------------------------------------------
[2022-11-04T21:45:37.120+0000] {taskinstance.py:1363} INFO - Starting attempt 1 of 1
[2022-11-04T21:45:37.121+0000] {taskinstance.py:1364} INFO - 
--------------------------------------------------------------------------------
[2022-11-04T21:45:37.142+0000] {taskinstance.py:1383} INFO - Executing <Task(BashOperator): task3> on 2022-05-31 00:00:00+00:00
[2022-11-04T21:45:37.150+0000] {standard_task_runner.py:55} INFO - Started process 2339 to run task
[2022-11-04T21:45:37.153+0000] {standard_task_runner.py:82} INFO - Running: ['***', 'tasks', 'run', 'orquestation', 'task3', 'scheduled__2022-05-31T00:00:00+00:00', '--job-id', '378', '--raw', '--subdir', 'DAGS_FOLDER/5.1-orquestacion.py', '--cfg-path', '/tmp/tmplc8_a3an']
[2022-11-04T21:45:37.154+0000] {standard_task_runner.py:83} INFO - Job 378: Subtask task3
[2022-11-04T21:45:37.226+0000] {task_command.py:376} INFO - Running <TaskInstance: orquestation.task3 scheduled__2022-05-31T00:00:00+00:00 [running]> on host 643e334f405f
[2022-11-04T21:45:37.324+0000] {taskinstance.py:1592} INFO - Exporting the following env vars:
AIRFLOW_CTX_DAG_OWNER=***
AIRFLOW_CTX_DAG_ID=orquestation
AIRFLOW_CTX_TASK_ID=task3
AIRFLOW_CTX_EXECUTION_DATE=2022-05-31T00:00:00+00:00
AIRFLOW_CTX_TRY_NUMBER=1
AIRFLOW_CTX_DAG_RUN_ID=scheduled__2022-05-31T00:00:00+00:00
[2022-11-04T21:45:37.326+0000] {subprocess.py:63} INFO - Tmp dir root location: 
 /tmp
[2022-11-04T21:45:37.328+0000] {subprocess.py:75} INFO - Running command: ['/bin/bash', '-c', "sleep 2 && echo 'task3'"]
[2022-11-04T21:45:37.344+0000] {subprocess.py:86} INFO - Output:
[2022-11-04T21:45:39.349+0000] {subprocess.py:93} INFO - task3
[2022-11-04T21:45:39.350+0000] {subprocess.py:97} INFO - Command exited with return code 0
[2022-11-04T21:45:39.380+0000] {taskinstance.py:1406} INFO - Marking task as SUCCESS. dag_id=orquestation, task_id=task3, execution_date=20220531T000000, start_date=20221104T214537, end_date=20221104T214539
[2022-11-04T21:45:39.413+0000] {local_task_job.py:164} INFO - Task exited with return code 0
[2022-11-04T21:45:39.434+0000] {local_task_job.py:273} INFO - 0 downstream tasks scheduled from follow-on schedule check
