[2022-11-16T22:11:45.520+0000] {taskinstance.py:1165} INFO - Dependencies all met for <TaskInstance: MyPersonalAirflowProject.Print_Imported_data scheduled__2022-10-03T00:00:00+00:00 [queued]>
[2022-11-16T22:11:45.533+0000] {taskinstance.py:1165} INFO - Dependencies all met for <TaskInstance: MyPersonalAirflowProject.Print_Imported_data scheduled__2022-10-03T00:00:00+00:00 [queued]>
[2022-11-16T22:11:45.534+0000] {taskinstance.py:1362} INFO - 
--------------------------------------------------------------------------------
[2022-11-16T22:11:45.535+0000] {taskinstance.py:1363} INFO - Starting attempt 1 of 1
[2022-11-16T22:11:45.536+0000] {taskinstance.py:1364} INFO - 
--------------------------------------------------------------------------------
[2022-11-16T22:11:45.556+0000] {taskinstance.py:1383} INFO - Executing <Task(BashOperator): Print_Imported_data> on 2022-10-03 00:00:00+00:00
[2022-11-16T22:11:45.562+0000] {standard_task_runner.py:55} INFO - Started process 4812 to run task
[2022-11-16T22:11:45.565+0000] {standard_task_runner.py:82} INFO - Running: ['***', 'tasks', 'run', 'MyPersonalAirflowProject', 'Print_Imported_data', 'scheduled__2022-10-03T00:00:00+00:00', '--job-id', '1457', '--raw', '--subdir', 'DAGS_FOLDER/FinalPersonalProject.py', '--cfg-path', '/tmp/tmpdlo2r_dh']
[2022-11-16T22:11:45.566+0000] {standard_task_runner.py:83} INFO - Job 1457: Subtask Print_Imported_data
[2022-11-16T22:11:45.632+0000] {task_command.py:376} INFO - Running <TaskInstance: MyPersonalAirflowProject.Print_Imported_data scheduled__2022-10-03T00:00:00+00:00 [running]> on host 638485efabe7
[2022-11-16T22:11:45.713+0000] {taskinstance.py:1592} INFO - Exporting the following env vars:
AIRFLOW_CTX_DAG_OWNER=***
AIRFLOW_CTX_DAG_ID=MyPersonalAirflowProject
AIRFLOW_CTX_TASK_ID=Print_Imported_data
AIRFLOW_CTX_EXECUTION_DATE=2022-10-03T00:00:00+00:00
AIRFLOW_CTX_TRY_NUMBER=1
AIRFLOW_CTX_DAG_RUN_ID=scheduled__2022-10-03T00:00:00+00:00
[2022-11-16T22:11:45.721+0000] {subprocess.py:63} INFO - Tmp dir root location: 
 /tmp
[2022-11-16T22:11:45.722+0000] {subprocess.py:75} INFO - Running command: ['/bin/bash', '-c', 'ls /tmp/ && head /tmp/platzi_data.csv']
[2022-11-16T22:11:45.736+0000] {subprocess.py:86} INFO - Output:
[2022-11-16T22:11:45.770+0000] {subprocess.py:93} INFO - ***tmpbz6dzfkd
[2022-11-16T22:11:45.771+0000] {subprocess.py:93} INFO - ***tmpk5xxq3nx
[2022-11-16T22:11:45.771+0000] {subprocess.py:93} INFO - ***tmplkvca7ip
[2022-11-16T22:11:45.772+0000] {subprocess.py:93} INFO - ***tmpodkacs8z
[2022-11-16T22:11:45.772+0000] {subprocess.py:93} INFO - file.txt
[2022-11-16T22:11:45.773+0000] {subprocess.py:93} INFO - history.json
[2022-11-16T22:11:45.773+0000] {subprocess.py:93} INFO - platzi_data_20221001.csv
[2022-11-16T22:11:45.774+0000] {subprocess.py:93} INFO - platzi_data_20221002.csv
[2022-11-16T22:11:45.774+0000] {subprocess.py:93} INFO - platzi_data_20221003.csv
[2022-11-16T22:11:45.774+0000] {subprocess.py:93} INFO - pymp-8yik9lbi
[2022-11-16T22:11:45.775+0000] {subprocess.py:93} INFO - pymp-y00k7agg
[2022-11-16T22:11:45.775+0000] {subprocess.py:93} INFO - reponse_20221001.txt
[2022-11-16T22:11:45.776+0000] {subprocess.py:93} INFO - reponse_20221002.txt
[2022-11-16T22:11:45.776+0000] {subprocess.py:93} INFO - reponse_20221003.txt
[2022-11-16T22:11:45.776+0000] {subprocess.py:93} INFO - reponse_20221022.txt
[2022-11-16T22:11:45.777+0000] {subprocess.py:93} INFO - reponse_20221023.txt
[2022-11-16T22:11:45.777+0000] {subprocess.py:93} INFO - reponse_20221024.txt
[2022-11-16T22:11:45.777+0000] {subprocess.py:93} INFO - reponse_20221025.txt
[2022-11-16T22:11:45.778+0000] {subprocess.py:93} INFO - reponse_20221026.txt
[2022-11-16T22:11:45.778+0000] {subprocess.py:93} INFO - reponse_20221027.txt
[2022-11-16T22:11:45.778+0000] {subprocess.py:93} INFO - reponse_20221028.txt
[2022-11-16T22:11:45.779+0000] {subprocess.py:93} INFO - reponse_20221029.txt
[2022-11-16T22:11:45.779+0000] {subprocess.py:93} INFO - reponse_20221030.txt
[2022-11-16T22:11:45.779+0000] {subprocess.py:93} INFO - reponse_20221031.txt
[2022-11-16T22:11:45.780+0000] {subprocess.py:93} INFO - reponse_20221101.txt
[2022-11-16T22:11:45.780+0000] {subprocess.py:93} INFO - reponse_20221102.txt
[2022-11-16T22:11:45.781+0000] {subprocess.py:93} INFO - reponse_20221103.txt
[2022-11-16T22:11:45.781+0000] {subprocess.py:93} INFO - reponse_20221104.txt
[2022-11-16T22:11:45.781+0000] {subprocess.py:93} INFO - reponse_20221105.txt
[2022-11-16T22:11:45.781+0000] {subprocess.py:93} INFO - reponse_20221106.txt
[2022-11-16T22:11:45.782+0000] {subprocess.py:93} INFO - reponse_20221107.txt
[2022-11-16T22:11:45.782+0000] {subprocess.py:93} INFO - reponse_20221108.txt
[2022-11-16T22:11:45.782+0000] {subprocess.py:93} INFO - reponse_20221109.txt
[2022-11-16T22:11:45.783+0000] {subprocess.py:93} INFO - reponse_20221110.txt
[2022-11-16T22:11:45.783+0000] {subprocess.py:93} INFO - reponse_20221111.txt
[2022-11-16T22:11:45.783+0000] {subprocess.py:93} INFO - reponse_20221112.txt
[2022-11-16T22:11:45.784+0000] {subprocess.py:93} INFO - reponse_20221113.txt
[2022-11-16T22:11:45.784+0000] {subprocess.py:93} INFO - reponse_20221114.txt
[2022-11-16T22:11:45.784+0000] {subprocess.py:93} INFO - reponse_20221115.txt
[2022-11-16T22:11:45.785+0000] {subprocess.py:93} INFO - tmp061o5asr
[2022-11-16T22:11:45.785+0000] {subprocess.py:93} INFO - tmp1b_v374g
[2022-11-16T22:11:45.785+0000] {subprocess.py:93} INFO - tmp2n3y4qb3
[2022-11-16T22:11:45.786+0000] {subprocess.py:93} INFO - tmp2ztydtyd
[2022-11-16T22:11:45.786+0000] {subprocess.py:93} INFO - tmp546oqdk0
[2022-11-16T22:11:45.787+0000] {subprocess.py:93} INFO - tmp57roj99h
[2022-11-16T22:11:45.787+0000] {subprocess.py:93} INFO - tmp5lejojs5
[2022-11-16T22:11:45.787+0000] {subprocess.py:93} INFO - tmp5nj2onwa
[2022-11-16T22:11:45.787+0000] {subprocess.py:93} INFO - tmp64cxrvul
[2022-11-16T22:11:45.788+0000] {subprocess.py:93} INFO - tmp6g4l21c1
[2022-11-16T22:11:45.788+0000] {subprocess.py:93} INFO - tmp7c6bgots
[2022-11-16T22:11:45.788+0000] {subprocess.py:93} INFO - tmp7khebugo
[2022-11-16T22:11:45.789+0000] {subprocess.py:93} INFO - tmp7lvtz6wk
[2022-11-16T22:11:45.789+0000] {subprocess.py:93} INFO - tmp8_n1aj39
[2022-11-16T22:11:45.789+0000] {subprocess.py:93} INFO - tmp8c_dsk2e
[2022-11-16T22:11:45.789+0000] {subprocess.py:93} INFO - tmp928ntdt7
[2022-11-16T22:11:45.790+0000] {subprocess.py:93} INFO - tmp9503grtb
[2022-11-16T22:11:45.790+0000] {subprocess.py:93} INFO - tmp_afh1uos
[2022-11-16T22:11:45.790+0000] {subprocess.py:93} INFO - tmp_m6lsnw3
[2022-11-16T22:11:45.791+0000] {subprocess.py:93} INFO - tmp_vy6n6_q
[2022-11-16T22:11:45.791+0000] {subprocess.py:93} INFO - tmpcnj5oj8y
[2022-11-16T22:11:45.791+0000] {subprocess.py:93} INFO - tmpcu_pom_6
[2022-11-16T22:11:45.791+0000] {subprocess.py:93} INFO - tmpdmc2g1zb
[2022-11-16T22:11:45.792+0000] {subprocess.py:93} INFO - tmpe4k1ogev
[2022-11-16T22:11:45.792+0000] {subprocess.py:93} INFO - tmpg_n88zm7
[2022-11-16T22:11:45.793+0000] {subprocess.py:93} INFO - tmpgg8mkst1
[2022-11-16T22:11:45.793+0000] {subprocess.py:93} INFO - tmpgi8v82jx
[2022-11-16T22:11:45.793+0000] {subprocess.py:93} INFO - tmpiez6kail
[2022-11-16T22:11:45.794+0000] {subprocess.py:93} INFO - tmpj1n4wxza
[2022-11-16T22:11:45.794+0000] {subprocess.py:93} INFO - tmpjsznho2e
[2022-11-16T22:11:45.794+0000] {subprocess.py:93} INFO - tmpkrg9_cgk
[2022-11-16T22:11:45.795+0000] {subprocess.py:93} INFO - tmpl13ymsfs
[2022-11-16T22:11:45.795+0000] {subprocess.py:93} INFO - tmplrbhl64b
[2022-11-16T22:11:45.795+0000] {subprocess.py:93} INFO - tmpn38ozedg
[2022-11-16T22:11:45.795+0000] {subprocess.py:93} INFO - tmpn96u_4ih
[2022-11-16T22:11:45.796+0000] {subprocess.py:93} INFO - tmpo3nf6k5c
[2022-11-16T22:11:45.796+0000] {subprocess.py:93} INFO - tmpoy_ljy8t
[2022-11-16T22:11:45.796+0000] {subprocess.py:93} INFO - tmpp4w9yq6x
[2022-11-16T22:11:45.797+0000] {subprocess.py:93} INFO - tmppfidxzjr
[2022-11-16T22:11:45.797+0000] {subprocess.py:93} INFO - tmpr681bhfw
[2022-11-16T22:11:45.797+0000] {subprocess.py:93} INFO - tmpr9102hwf
[2022-11-16T22:11:45.797+0000] {subprocess.py:93} INFO - tmpt4qo16oq
[2022-11-16T22:11:45.798+0000] {subprocess.py:93} INFO - tmptn832g5z
[2022-11-16T22:11:45.798+0000] {subprocess.py:93} INFO - tmpu9qbl0wh
[2022-11-16T22:11:45.798+0000] {subprocess.py:93} INFO - tmpuq8ywung
[2022-11-16T22:11:45.799+0000] {subprocess.py:93} INFO - tmpv606o9_9
[2022-11-16T22:11:45.799+0000] {subprocess.py:93} INFO - tmpxf7g1lc4
[2022-11-16T22:11:45.799+0000] {subprocess.py:93} INFO - tmpxktobcjf
[2022-11-16T22:11:45.800+0000] {subprocess.py:93} INFO - tmpz91iizm7
[2022-11-16T22:11:45.800+0000] {subprocess.py:93} INFO - head: cannot open '/tmp/platzi_data.csv' for reading: No such file or directory
[2022-11-16T22:11:45.800+0000] {subprocess.py:97} INFO - Command exited with return code 1
[2022-11-16T22:11:45.812+0000] {taskinstance.py:1851} ERROR - Task failed with exception
Traceback (most recent call last):
  File "/home/airflow/.local/lib/python3.7/site-packages/airflow/operators/bash.py", line 197, in execute
    f'Bash command failed. The command returned a non-zero exit code {result.exit_code}.'
airflow.exceptions.AirflowException: Bash command failed. The command returned a non-zero exit code 1.
[2022-11-16T22:11:45.817+0000] {taskinstance.py:1406} INFO - Marking task as FAILED. dag_id=MyPersonalAirflowProject, task_id=Print_Imported_data, execution_date=20221003T000000, start_date=20221116T221145, end_date=20221116T221145
[2022-11-16T22:11:45.837+0000] {standard_task_runner.py:105} ERROR - Failed to execute job 1457 for task Print_Imported_data (Bash command failed. The command returned a non-zero exit code 1.; 4812)
[2022-11-16T22:11:45.849+0000] {local_task_job.py:164} INFO - Task exited with return code 1
[2022-11-16T22:11:45.870+0000] {local_task_job.py:273} INFO - 0 downstream tasks scheduled from follow-on schedule check
[2022-11-17T16:25:29.737+0000] {taskinstance.py:1165} INFO - Dependencies all met for <TaskInstance: MyPersonalAirflowProject.Print_Imported_data scheduled__2022-10-03T00:00:00+00:00 [queued]>
[2022-11-17T16:25:29.750+0000] {taskinstance.py:1165} INFO - Dependencies all met for <TaskInstance: MyPersonalAirflowProject.Print_Imported_data scheduled__2022-10-03T00:00:00+00:00 [queued]>
[2022-11-17T16:25:29.750+0000] {taskinstance.py:1362} INFO - 
--------------------------------------------------------------------------------
[2022-11-17T16:25:29.751+0000] {taskinstance.py:1363} INFO - Starting attempt 1 of 1
[2022-11-17T16:25:29.751+0000] {taskinstance.py:1364} INFO - 
--------------------------------------------------------------------------------
[2022-11-17T16:25:29.771+0000] {taskinstance.py:1383} INFO - Executing <Task(BashOperator): Print_Imported_data> on 2022-10-03 00:00:00+00:00
[2022-11-17T16:25:29.776+0000] {standard_task_runner.py:55} INFO - Started process 3017 to run task
[2022-11-17T16:25:29.779+0000] {standard_task_runner.py:82} INFO - Running: ['***', 'tasks', 'run', 'MyPersonalAirflowProject', 'Print_Imported_data', 'scheduled__2022-10-03T00:00:00+00:00', '--job-id', '2045', '--raw', '--subdir', 'DAGS_FOLDER/FinalPersonalProject.py', '--cfg-path', '/tmp/tmp_o4_4gd7']
[2022-11-17T16:25:29.779+0000] {standard_task_runner.py:83} INFO - Job 2045: Subtask Print_Imported_data
[2022-11-17T16:25:29.850+0000] {task_command.py:376} INFO - Running <TaskInstance: MyPersonalAirflowProject.Print_Imported_data scheduled__2022-10-03T00:00:00+00:00 [running]> on host 638485efabe7
[2022-11-17T16:25:29.928+0000] {taskinstance.py:1592} INFO - Exporting the following env vars:
AIRFLOW_CTX_DAG_OWNER=***
AIRFLOW_CTX_DAG_ID=MyPersonalAirflowProject
AIRFLOW_CTX_TASK_ID=Print_Imported_data
AIRFLOW_CTX_EXECUTION_DATE=2022-10-03T00:00:00+00:00
AIRFLOW_CTX_TRY_NUMBER=1
AIRFLOW_CTX_DAG_RUN_ID=scheduled__2022-10-03T00:00:00+00:00
[2022-11-17T16:25:29.929+0000] {subprocess.py:63} INFO - Tmp dir root location: 
 /tmp
[2022-11-17T16:25:29.930+0000] {subprocess.py:75} INFO - Running command: ['/bin/bash', '-c', 'ls /tmp/ && head /tmp/platzi_data_20221003.csv']
[2022-11-17T16:25:29.942+0000] {subprocess.py:86} INFO - Output:
[2022-11-17T16:25:29.945+0000] {subprocess.py:93} INFO - ***tmp358y67jg
[2022-11-17T16:25:29.945+0000] {subprocess.py:93} INFO - ***tmpk5xxq3nx
[2022-11-17T16:25:29.946+0000] {subprocess.py:93} INFO - ***tmplkvca7ip
[2022-11-17T16:25:29.946+0000] {subprocess.py:93} INFO - ***tmpodkacs8z
[2022-11-17T16:25:29.946+0000] {subprocess.py:93} INFO - file.txt
[2022-11-17T16:25:29.947+0000] {subprocess.py:93} INFO - history.json
[2022-11-17T16:25:29.947+0000] {subprocess.py:93} INFO - platzi_data_20221001.csv
[2022-11-17T16:25:29.947+0000] {subprocess.py:93} INFO - platzi_data_20221002.csv
[2022-11-17T16:25:29.948+0000] {subprocess.py:93} INFO - platzi_data_20221003.csv
[2022-11-17T16:25:29.948+0000] {subprocess.py:93} INFO - platzi_data_20221004.csv
[2022-11-17T16:25:29.948+0000] {subprocess.py:93} INFO - platzi_data_20221005.csv
[2022-11-17T16:25:29.949+0000] {subprocess.py:93} INFO - platzi_data_20221006.csv
[2022-11-17T16:25:29.949+0000] {subprocess.py:93} INFO - platzi_data_20221007.csv
[2022-11-17T16:25:29.950+0000] {subprocess.py:93} INFO - platzi_data_20221008.csv
[2022-11-17T16:25:29.950+0000] {subprocess.py:93} INFO - platzi_data_20221009.csv
[2022-11-17T16:25:29.950+0000] {subprocess.py:93} INFO - platzi_data_20221010.csv
[2022-11-17T16:25:29.951+0000] {subprocess.py:93} INFO - platzi_data_20221011.csv
[2022-11-17T16:25:29.951+0000] {subprocess.py:93} INFO - platzi_data_20221012.csv
[2022-11-17T16:25:29.951+0000] {subprocess.py:93} INFO - platzi_data_20221013.csv
[2022-11-17T16:25:29.952+0000] {subprocess.py:93} INFO - platzi_data_20221014.csv
[2022-11-17T16:25:29.952+0000] {subprocess.py:93} INFO - platzi_data_20221015.csv
[2022-11-17T16:25:29.953+0000] {subprocess.py:93} INFO - platzi_data_20221016.csv
[2022-11-17T16:25:29.953+0000] {subprocess.py:93} INFO - platzi_data_20221017.csv
[2022-11-17T16:25:29.953+0000] {subprocess.py:93} INFO - platzi_data_20221018.csv
[2022-11-17T16:25:29.954+0000] {subprocess.py:93} INFO - platzi_data_20221019.csv
[2022-11-17T16:25:29.954+0000] {subprocess.py:93} INFO - platzi_data_20221020.csv
[2022-11-17T16:25:29.954+0000] {subprocess.py:93} INFO - platzi_data_20221021.csv
[2022-11-17T16:25:29.954+0000] {subprocess.py:93} INFO - platzi_data_20221022.csv
[2022-11-17T16:25:29.955+0000] {subprocess.py:93} INFO - platzi_data_20221023.csv
[2022-11-17T16:25:29.955+0000] {subprocess.py:93} INFO - platzi_data_20221024.csv
[2022-11-17T16:25:29.955+0000] {subprocess.py:93} INFO - platzi_data_20221025.csv
[2022-11-17T16:25:29.955+0000] {subprocess.py:93} INFO - platzi_data_20221026.csv
[2022-11-17T16:25:29.956+0000] {subprocess.py:93} INFO - platzi_data_20221027.csv
[2022-11-17T16:25:29.956+0000] {subprocess.py:93} INFO - platzi_data_20221028.csv
[2022-11-17T16:25:29.956+0000] {subprocess.py:93} INFO - platzi_data_20221029.csv
[2022-11-17T16:25:29.956+0000] {subprocess.py:93} INFO - platzi_data_20221030.csv
[2022-11-17T16:25:29.957+0000] {subprocess.py:93} INFO - platzi_data_20221031.csv
[2022-11-17T16:25:29.957+0000] {subprocess.py:93} INFO - platzi_data_20221101.csv
[2022-11-17T16:25:29.957+0000] {subprocess.py:93} INFO - platzi_data_20221102.csv
[2022-11-17T16:25:29.957+0000] {subprocess.py:93} INFO - platzi_data_20221103.csv
[2022-11-17T16:25:29.958+0000] {subprocess.py:93} INFO - platzi_data_20221104.csv
[2022-11-17T16:25:29.958+0000] {subprocess.py:93} INFO - platzi_data_20221105.csv
[2022-11-17T16:25:29.958+0000] {subprocess.py:93} INFO - platzi_data_20221106.csv
[2022-11-17T16:25:29.958+0000] {subprocess.py:93} INFO - platzi_data_20221107.csv
[2022-11-17T16:25:29.959+0000] {subprocess.py:93} INFO - platzi_data_20221108.csv
[2022-11-17T16:25:29.959+0000] {subprocess.py:93} INFO - platzi_data_20221109.csv
[2022-11-17T16:25:29.959+0000] {subprocess.py:93} INFO - platzi_data_20221110.csv
[2022-11-17T16:25:29.960+0000] {subprocess.py:93} INFO - platzi_data_20221111.csv
[2022-11-17T16:25:29.960+0000] {subprocess.py:93} INFO - platzi_data_20221112.csv
[2022-11-17T16:25:29.960+0000] {subprocess.py:93} INFO - platzi_data_20221113.csv
[2022-11-17T16:25:29.960+0000] {subprocess.py:93} INFO - platzi_data_20221114.csv
[2022-11-17T16:25:29.961+0000] {subprocess.py:93} INFO - platzi_data_20221115.csv
[2022-11-17T16:25:29.961+0000] {subprocess.py:93} INFO - platzi_data_20221116.csv
[2022-11-17T16:25:29.961+0000] {subprocess.py:93} INFO - pymp-8yik9lbi
[2022-11-17T16:25:29.961+0000] {subprocess.py:93} INFO - pymp-sbqt6pho
[2022-11-17T16:25:29.962+0000] {subprocess.py:93} INFO - reponse_20221001.txt
[2022-11-17T16:25:29.962+0000] {subprocess.py:93} INFO - reponse_20221002.txt
[2022-11-17T16:25:29.962+0000] {subprocess.py:93} INFO - reponse_20221003.txt
[2022-11-17T16:25:29.962+0000] {subprocess.py:93} INFO - reponse_20221004.txt
[2022-11-17T16:25:29.962+0000] {subprocess.py:93} INFO - reponse_20221005.txt
[2022-11-17T16:25:29.963+0000] {subprocess.py:93} INFO - reponse_20221006.txt
[2022-11-17T16:25:29.963+0000] {subprocess.py:93} INFO - reponse_20221007.txt
[2022-11-17T16:25:29.963+0000] {subprocess.py:93} INFO - reponse_20221008.txt
[2022-11-17T16:25:29.963+0000] {subprocess.py:93} INFO - reponse_20221009.txt
[2022-11-17T16:25:29.964+0000] {subprocess.py:93} INFO - reponse_20221010.txt
[2022-11-17T16:25:29.964+0000] {subprocess.py:93} INFO - reponse_20221011.txt
[2022-11-17T16:25:29.964+0000] {subprocess.py:93} INFO - reponse_20221012.txt
[2022-11-17T16:25:29.964+0000] {subprocess.py:93} INFO - reponse_20221013.txt
[2022-11-17T16:25:29.965+0000] {subprocess.py:93} INFO - reponse_20221014.txt
[2022-11-17T16:25:29.965+0000] {subprocess.py:93} INFO - reponse_20221015.txt
[2022-11-17T16:25:29.965+0000] {subprocess.py:93} INFO - reponse_20221016.txt
[2022-11-17T16:25:29.966+0000] {subprocess.py:93} INFO - reponse_20221017.txt
[2022-11-17T16:25:29.966+0000] {subprocess.py:93} INFO - reponse_20221018.txt
[2022-11-17T16:25:29.966+0000] {subprocess.py:93} INFO - reponse_20221019.txt
[2022-11-17T16:25:29.967+0000] {subprocess.py:93} INFO - reponse_20221020.txt
[2022-11-17T16:25:29.967+0000] {subprocess.py:93} INFO - reponse_20221021.txt
[2022-11-17T16:25:29.968+0000] {subprocess.py:93} INFO - reponse_20221022.txt
[2022-11-17T16:25:29.968+0000] {subprocess.py:93} INFO - reponse_20221023.txt
[2022-11-17T16:25:29.968+0000] {subprocess.py:93} INFO - reponse_20221024.txt
[2022-11-17T16:25:29.968+0000] {subprocess.py:93} INFO - reponse_20221025.txt
[2022-11-17T16:25:29.969+0000] {subprocess.py:93} INFO - reponse_20221026.txt
[2022-11-17T16:25:29.969+0000] {subprocess.py:93} INFO - reponse_20221027.txt
[2022-11-17T16:25:29.969+0000] {subprocess.py:93} INFO - reponse_20221028.txt
[2022-11-17T16:25:29.969+0000] {subprocess.py:93} INFO - reponse_20221029.txt
[2022-11-17T16:25:29.969+0000] {subprocess.py:93} INFO - reponse_20221030.txt
[2022-11-17T16:25:29.970+0000] {subprocess.py:93} INFO - reponse_20221031.txt
[2022-11-17T16:25:29.970+0000] {subprocess.py:93} INFO - reponse_20221101.txt
[2022-11-17T16:25:29.970+0000] {subprocess.py:93} INFO - reponse_20221102.txt
[2022-11-17T16:25:29.970+0000] {subprocess.py:93} INFO - reponse_20221103.txt
[2022-11-17T16:25:29.971+0000] {subprocess.py:93} INFO - reponse_20221104.txt
[2022-11-17T16:25:29.971+0000] {subprocess.py:93} INFO - reponse_20221105.txt
[2022-11-17T16:25:29.971+0000] {subprocess.py:93} INFO - reponse_20221106.txt
[2022-11-17T16:25:29.971+0000] {subprocess.py:93} INFO - reponse_20221107.txt
[2022-11-17T16:25:29.972+0000] {subprocess.py:93} INFO - reponse_20221108.txt
[2022-11-17T16:25:29.972+0000] {subprocess.py:93} INFO - reponse_20221109.txt
[2022-11-17T16:25:29.972+0000] {subprocess.py:93} INFO - reponse_20221110.txt
[2022-11-17T16:25:29.973+0000] {subprocess.py:93} INFO - reponse_20221111.txt
[2022-11-17T16:25:29.973+0000] {subprocess.py:93} INFO - reponse_20221112.txt
[2022-11-17T16:25:29.973+0000] {subprocess.py:93} INFO - reponse_20221113.txt
[2022-11-17T16:25:29.974+0000] {subprocess.py:93} INFO - reponse_20221114.txt
[2022-11-17T16:25:29.974+0000] {subprocess.py:93} INFO - reponse_20221115.txt
[2022-11-17T16:25:29.974+0000] {subprocess.py:93} INFO - reponse_20221116.txt
[2022-11-17T16:25:29.974+0000] {subprocess.py:93} INFO - tmp061o5asr
[2022-11-17T16:25:29.975+0000] {subprocess.py:93} INFO - tmp1b_v374g
[2022-11-17T16:25:29.975+0000] {subprocess.py:93} INFO - tmp2n3y4qb3
[2022-11-17T16:25:29.975+0000] {subprocess.py:93} INFO - tmp2ztydtyd
[2022-11-17T16:25:29.975+0000] {subprocess.py:93} INFO - tmp546oqdk0
[2022-11-17T16:25:29.976+0000] {subprocess.py:93} INFO - tmp57roj99h
[2022-11-17T16:25:29.976+0000] {subprocess.py:93} INFO - tmp5lejojs5
[2022-11-17T16:25:29.976+0000] {subprocess.py:93} INFO - tmp5nj2onwa
[2022-11-17T16:25:29.976+0000] {subprocess.py:93} INFO - tmp64cxrvul
[2022-11-17T16:25:29.976+0000] {subprocess.py:93} INFO - tmp6g4l21c1
[2022-11-17T16:25:29.977+0000] {subprocess.py:93} INFO - tmp7c6bgots
[2022-11-17T16:25:29.977+0000] {subprocess.py:93} INFO - tmp7khebugo
[2022-11-17T16:25:29.977+0000] {subprocess.py:93} INFO - tmp7lvtz6wk
[2022-11-17T16:25:29.977+0000] {subprocess.py:93} INFO - tmp8_n1aj39
[2022-11-17T16:25:29.978+0000] {subprocess.py:93} INFO - tmp8c_dsk2e
[2022-11-17T16:25:29.978+0000] {subprocess.py:93} INFO - tmp928ntdt7
[2022-11-17T16:25:29.978+0000] {subprocess.py:93} INFO - tmp9503grtb
[2022-11-17T16:25:29.978+0000] {subprocess.py:93} INFO - tmp_afh1uos
[2022-11-17T16:25:29.979+0000] {subprocess.py:93} INFO - tmp_m6lsnw3
[2022-11-17T16:25:29.979+0000] {subprocess.py:93} INFO - tmp_vy6n6_q
[2022-11-17T16:25:29.980+0000] {subprocess.py:93} INFO - tmpcnj5oj8y
[2022-11-17T16:25:29.980+0000] {subprocess.py:93} INFO - tmpcu_pom_6
[2022-11-17T16:25:29.980+0000] {subprocess.py:93} INFO - tmpdmc2g1zb
[2022-11-17T16:25:29.980+0000] {subprocess.py:93} INFO - tmpe4k1ogev
[2022-11-17T16:25:29.981+0000] {subprocess.py:93} INFO - tmpg_n88zm7
[2022-11-17T16:25:29.981+0000] {subprocess.py:93} INFO - tmpgg8mkst1
[2022-11-17T16:25:29.981+0000] {subprocess.py:93} INFO - tmpgi8v82jx
[2022-11-17T16:25:29.981+0000] {subprocess.py:93} INFO - tmpiez6kail
[2022-11-17T16:25:29.982+0000] {subprocess.py:93} INFO - tmpj1n4wxza
[2022-11-17T16:25:29.982+0000] {subprocess.py:93} INFO - tmpjsznho2e
[2022-11-17T16:25:29.982+0000] {subprocess.py:93} INFO - tmpkrg9_cgk
[2022-11-17T16:25:29.983+0000] {subprocess.py:93} INFO - tmpl13ymsfs
[2022-11-17T16:25:29.983+0000] {subprocess.py:93} INFO - tmplrbhl64b
[2022-11-17T16:25:29.983+0000] {subprocess.py:93} INFO - tmpn38ozedg
[2022-11-17T16:25:29.984+0000] {subprocess.py:93} INFO - tmpn96u_4ih
[2022-11-17T16:25:29.984+0000] {subprocess.py:93} INFO - tmpo3nf6k5c
[2022-11-17T16:25:29.984+0000] {subprocess.py:93} INFO - tmpoy_ljy8t
[2022-11-17T16:25:29.984+0000] {subprocess.py:93} INFO - tmpp4w9yq6x
[2022-11-17T16:25:29.985+0000] {subprocess.py:93} INFO - tmppfidxzjr
[2022-11-17T16:25:29.985+0000] {subprocess.py:93} INFO - tmpr681bhfw
[2022-11-17T16:25:29.985+0000] {subprocess.py:93} INFO - tmpr9102hwf
[2022-11-17T16:25:29.985+0000] {subprocess.py:93} INFO - tmpt4qo16oq
[2022-11-17T16:25:29.986+0000] {subprocess.py:93} INFO - tmptn832g5z
[2022-11-17T16:25:29.986+0000] {subprocess.py:93} INFO - tmpu9qbl0wh
[2022-11-17T16:25:29.986+0000] {subprocess.py:93} INFO - tmpuq8ywung
[2022-11-17T16:25:29.986+0000] {subprocess.py:93} INFO - tmpv606o9_9
[2022-11-17T16:25:29.987+0000] {subprocess.py:93} INFO - tmpxf7g1lc4
[2022-11-17T16:25:29.987+0000] {subprocess.py:93} INFO - tmpxktobcjf
[2022-11-17T16:25:29.988+0000] {subprocess.py:93} INFO - tmpz91iizm7
[2022-11-17T16:25:29.988+0000] {subprocess.py:93} INFO - ,student,timestamp
[2022-11-17T16:25:29.988+0000] {subprocess.py:93} INFO - 0,Maria Cruz,2022-10-03 00:00:00+00:00
[2022-11-17T16:25:29.988+0000] {subprocess.py:93} INFO - 1,Daniel Crema,2022-10-03 00:00:00+00:00
[2022-11-17T16:25:29.989+0000] {subprocess.py:93} INFO - 2,Elon Musk,2022-10-03 00:00:00+00:00
[2022-11-17T16:25:29.989+0000] {subprocess.py:93} INFO - 3,Karol Castrejon,2022-10-03 00:00:00+00:00
[2022-11-17T16:25:29.989+0000] {subprocess.py:93} INFO - 4,Freddy Vega,2022-10-03 00:00:00+00:00
[2022-11-17T16:25:29.989+0000] {subprocess.py:93} INFO - 5,Freddy Montañez,2022-10-03 00:00:00+00:00
[2022-11-17T16:25:29.990+0000] {subprocess.py:97} INFO - Command exited with return code 0
[2022-11-17T16:25:30.016+0000] {taskinstance.py:1406} INFO - Marking task as SUCCESS. dag_id=MyPersonalAirflowProject, task_id=Print_Imported_data, execution_date=20221003T000000, start_date=20221117T162529, end_date=20221117T162530
[2022-11-17T16:25:30.072+0000] {local_task_job.py:164} INFO - Task exited with return code 0
[2022-11-17T16:25:30.100+0000] {local_task_job.py:273} INFO - 2 downstream tasks scheduled from follow-on schedule check
[2022-11-17T17:17:34.742+0000] {taskinstance.py:1165} INFO - Dependencies all met for <TaskInstance: MyPersonalAirflowProject.Print_Imported_data scheduled__2022-10-03T00:00:00+00:00 [queued]>
[2022-11-17T17:17:34.759+0000] {taskinstance.py:1165} INFO - Dependencies all met for <TaskInstance: MyPersonalAirflowProject.Print_Imported_data scheduled__2022-10-03T00:00:00+00:00 [queued]>
[2022-11-17T17:17:34.759+0000] {taskinstance.py:1362} INFO - 
--------------------------------------------------------------------------------
[2022-11-17T17:17:34.760+0000] {taskinstance.py:1363} INFO - Starting attempt 1 of 1
[2022-11-17T17:17:34.760+0000] {taskinstance.py:1364} INFO - 
--------------------------------------------------------------------------------
[2022-11-17T17:17:34.778+0000] {taskinstance.py:1383} INFO - Executing <Task(BashOperator): Print_Imported_data> on 2022-10-03 00:00:00+00:00
[2022-11-17T17:17:34.786+0000] {standard_task_runner.py:55} INFO - Started process 6650 to run task
[2022-11-17T17:17:34.789+0000] {standard_task_runner.py:82} INFO - Running: ['***', 'tasks', 'run', 'MyPersonalAirflowProject', 'Print_Imported_data', 'scheduled__2022-10-03T00:00:00+00:00', '--job-id', '2455', '--raw', '--subdir', 'DAGS_FOLDER/FinalPersonalProject.py', '--cfg-path', '/tmp/tmpu0_cy4n6']
[2022-11-17T17:17:34.790+0000] {standard_task_runner.py:83} INFO - Job 2455: Subtask Print_Imported_data
[2022-11-17T17:17:34.865+0000] {task_command.py:376} INFO - Running <TaskInstance: MyPersonalAirflowProject.Print_Imported_data scheduled__2022-10-03T00:00:00+00:00 [running]> on host 638485efabe7
[2022-11-17T17:17:34.941+0000] {taskinstance.py:1592} INFO - Exporting the following env vars:
AIRFLOW_CTX_DAG_OWNER=***
AIRFLOW_CTX_DAG_ID=MyPersonalAirflowProject
AIRFLOW_CTX_TASK_ID=Print_Imported_data
AIRFLOW_CTX_EXECUTION_DATE=2022-10-03T00:00:00+00:00
AIRFLOW_CTX_TRY_NUMBER=1
AIRFLOW_CTX_DAG_RUN_ID=scheduled__2022-10-03T00:00:00+00:00
[2022-11-17T17:17:34.943+0000] {subprocess.py:63} INFO - Tmp dir root location: 
 /tmp
[2022-11-17T17:17:34.944+0000] {subprocess.py:75} INFO - Running command: ['/bin/bash', '-c', 'ls /tmp/ && head /tmp/platzi_data_20221003.csv']
[2022-11-17T17:17:34.955+0000] {subprocess.py:86} INFO - Output:
[2022-11-17T17:17:34.959+0000] {subprocess.py:93} INFO - ***tmp1wjb_iqd
[2022-11-17T17:17:34.960+0000] {subprocess.py:93} INFO - ***tmpk5xxq3nx
[2022-11-17T17:17:34.960+0000] {subprocess.py:93} INFO - ***tmplkvca7ip
[2022-11-17T17:17:34.961+0000] {subprocess.py:93} INFO - ***tmpodkacs8z
[2022-11-17T17:17:34.962+0000] {subprocess.py:93} INFO - file.txt
[2022-11-17T17:17:34.962+0000] {subprocess.py:93} INFO - history.json
[2022-11-17T17:17:34.963+0000] {subprocess.py:93} INFO - platzi_data_20221001.csv
[2022-11-17T17:17:34.963+0000] {subprocess.py:93} INFO - platzi_data_20221002.csv
[2022-11-17T17:17:34.964+0000] {subprocess.py:93} INFO - platzi_data_20221003.csv
[2022-11-17T17:17:34.964+0000] {subprocess.py:93} INFO - platzi_data_20221004.csv
[2022-11-17T17:17:34.965+0000] {subprocess.py:93} INFO - platzi_data_20221005.csv
[2022-11-17T17:17:34.965+0000] {subprocess.py:93} INFO - platzi_data_20221006.csv
[2022-11-17T17:17:34.966+0000] {subprocess.py:93} INFO - platzi_data_20221007.csv
[2022-11-17T17:17:34.967+0000] {subprocess.py:93} INFO - platzi_data_20221008.csv
[2022-11-17T17:17:34.967+0000] {subprocess.py:93} INFO - platzi_data_20221009.csv
[2022-11-17T17:17:34.968+0000] {subprocess.py:93} INFO - platzi_data_20221010.csv
[2022-11-17T17:17:34.968+0000] {subprocess.py:93} INFO - platzi_data_20221011.csv
[2022-11-17T17:17:34.969+0000] {subprocess.py:93} INFO - platzi_data_20221012.csv
[2022-11-17T17:17:34.969+0000] {subprocess.py:93} INFO - platzi_data_20221013.csv
[2022-11-17T17:17:34.970+0000] {subprocess.py:93} INFO - platzi_data_20221014.csv
[2022-11-17T17:17:34.970+0000] {subprocess.py:93} INFO - platzi_data_20221015.csv
[2022-11-17T17:17:34.971+0000] {subprocess.py:93} INFO - platzi_data_20221016.csv
[2022-11-17T17:17:34.971+0000] {subprocess.py:93} INFO - platzi_data_20221017.csv
[2022-11-17T17:17:34.972+0000] {subprocess.py:93} INFO - platzi_data_20221018.csv
[2022-11-17T17:17:34.972+0000] {subprocess.py:93} INFO - platzi_data_20221019.csv
[2022-11-17T17:17:34.972+0000] {subprocess.py:93} INFO - platzi_data_20221020.csv
[2022-11-17T17:17:34.973+0000] {subprocess.py:93} INFO - platzi_data_20221021.csv
[2022-11-17T17:17:34.973+0000] {subprocess.py:93} INFO - platzi_data_20221022.csv
[2022-11-17T17:17:34.973+0000] {subprocess.py:93} INFO - platzi_data_20221023.csv
[2022-11-17T17:17:34.974+0000] {subprocess.py:93} INFO - platzi_data_20221024.csv
[2022-11-17T17:17:34.974+0000] {subprocess.py:93} INFO - platzi_data_20221025.csv
[2022-11-17T17:17:34.974+0000] {subprocess.py:93} INFO - platzi_data_20221026.csv
[2022-11-17T17:17:34.975+0000] {subprocess.py:93} INFO - platzi_data_20221027.csv
[2022-11-17T17:17:34.975+0000] {subprocess.py:93} INFO - platzi_data_20221028.csv
[2022-11-17T17:17:34.976+0000] {subprocess.py:93} INFO - platzi_data_20221029.csv
[2022-11-17T17:17:34.976+0000] {subprocess.py:93} INFO - platzi_data_20221030.csv
[2022-11-17T17:17:34.976+0000] {subprocess.py:93} INFO - platzi_data_20221031.csv
[2022-11-17T17:17:34.977+0000] {subprocess.py:93} INFO - platzi_data_20221101.csv
[2022-11-17T17:17:34.977+0000] {subprocess.py:93} INFO - platzi_data_20221102.csv
[2022-11-17T17:17:34.977+0000] {subprocess.py:93} INFO - platzi_data_20221103.csv
[2022-11-17T17:17:34.978+0000] {subprocess.py:93} INFO - platzi_data_20221104.csv
[2022-11-17T17:17:34.978+0000] {subprocess.py:93} INFO - platzi_data_20221105.csv
[2022-11-17T17:17:34.978+0000] {subprocess.py:93} INFO - platzi_data_20221106.csv
[2022-11-17T17:17:34.979+0000] {subprocess.py:93} INFO - platzi_data_20221107.csv
[2022-11-17T17:17:34.979+0000] {subprocess.py:93} INFO - platzi_data_20221108.csv
[2022-11-17T17:17:34.979+0000] {subprocess.py:93} INFO - platzi_data_20221109.csv
[2022-11-17T17:17:34.979+0000] {subprocess.py:93} INFO - platzi_data_20221110.csv
[2022-11-17T17:17:34.980+0000] {subprocess.py:93} INFO - platzi_data_20221111.csv
[2022-11-17T17:17:34.980+0000] {subprocess.py:93} INFO - platzi_data_20221112.csv
[2022-11-17T17:17:34.980+0000] {subprocess.py:93} INFO - platzi_data_20221113.csv
[2022-11-17T17:17:34.981+0000] {subprocess.py:93} INFO - platzi_data_20221114.csv
[2022-11-17T17:17:34.981+0000] {subprocess.py:93} INFO - platzi_data_20221115.csv
[2022-11-17T17:17:34.981+0000] {subprocess.py:93} INFO - platzi_data_20221116.csv
[2022-11-17T17:17:34.981+0000] {subprocess.py:93} INFO - pymp-8yik9lbi
[2022-11-17T17:17:34.982+0000] {subprocess.py:93} INFO - pymp-sbqt6pho
[2022-11-17T17:17:34.982+0000] {subprocess.py:93} INFO - reponse_20221001.txt
[2022-11-17T17:17:34.982+0000] {subprocess.py:93} INFO - reponse_20221002.txt
[2022-11-17T17:17:34.982+0000] {subprocess.py:93} INFO - reponse_20221003.txt
[2022-11-17T17:17:34.983+0000] {subprocess.py:93} INFO - reponse_20221004.txt
[2022-11-17T17:17:34.983+0000] {subprocess.py:93} INFO - reponse_20221005.txt
[2022-11-17T17:17:34.983+0000] {subprocess.py:93} INFO - reponse_20221006.txt
[2022-11-17T17:17:34.983+0000] {subprocess.py:93} INFO - reponse_20221007.txt
[2022-11-17T17:17:34.984+0000] {subprocess.py:93} INFO - reponse_20221008.txt
[2022-11-17T17:17:34.984+0000] {subprocess.py:93} INFO - reponse_20221009.txt
[2022-11-17T17:17:34.984+0000] {subprocess.py:93} INFO - reponse_20221010.txt
[2022-11-17T17:17:34.985+0000] {subprocess.py:93} INFO - reponse_20221011.txt
[2022-11-17T17:17:34.985+0000] {subprocess.py:93} INFO - reponse_20221012.txt
[2022-11-17T17:17:34.985+0000] {subprocess.py:93} INFO - reponse_20221013.txt
[2022-11-17T17:17:34.986+0000] {subprocess.py:93} INFO - reponse_20221014.txt
[2022-11-17T17:17:34.986+0000] {subprocess.py:93} INFO - reponse_20221015.txt
[2022-11-17T17:17:34.986+0000] {subprocess.py:93} INFO - reponse_20221016.txt
[2022-11-17T17:17:34.986+0000] {subprocess.py:93} INFO - reponse_20221017.txt
[2022-11-17T17:17:34.987+0000] {subprocess.py:93} INFO - reponse_20221018.txt
[2022-11-17T17:17:34.987+0000] {subprocess.py:93} INFO - reponse_20221019.txt
[2022-11-17T17:17:34.987+0000] {subprocess.py:93} INFO - reponse_20221020.txt
[2022-11-17T17:17:34.988+0000] {subprocess.py:93} INFO - reponse_20221021.txt
[2022-11-17T17:17:34.988+0000] {subprocess.py:93} INFO - reponse_20221022.txt
[2022-11-17T17:17:34.988+0000] {subprocess.py:93} INFO - reponse_20221023.txt
[2022-11-17T17:17:34.988+0000] {subprocess.py:93} INFO - reponse_20221024.txt
[2022-11-17T17:17:34.989+0000] {subprocess.py:93} INFO - reponse_20221025.txt
[2022-11-17T17:17:34.989+0000] {subprocess.py:93} INFO - reponse_20221026.txt
[2022-11-17T17:17:34.989+0000] {subprocess.py:93} INFO - reponse_20221027.txt
[2022-11-17T17:17:34.989+0000] {subprocess.py:93} INFO - reponse_20221028.txt
[2022-11-17T17:17:34.990+0000] {subprocess.py:93} INFO - reponse_20221029.txt
[2022-11-17T17:17:34.990+0000] {subprocess.py:93} INFO - reponse_20221030.txt
[2022-11-17T17:17:34.990+0000] {subprocess.py:93} INFO - reponse_20221031.txt
[2022-11-17T17:17:34.991+0000] {subprocess.py:93} INFO - reponse_20221101.txt
[2022-11-17T17:17:34.991+0000] {subprocess.py:93} INFO - reponse_20221102.txt
[2022-11-17T17:17:34.991+0000] {subprocess.py:93} INFO - reponse_20221103.txt
[2022-11-17T17:17:34.991+0000] {subprocess.py:93} INFO - reponse_20221104.txt
[2022-11-17T17:17:34.992+0000] {subprocess.py:93} INFO - reponse_20221105.txt
[2022-11-17T17:17:34.992+0000] {subprocess.py:93} INFO - reponse_20221106.txt
[2022-11-17T17:17:34.992+0000] {subprocess.py:93} INFO - reponse_20221107.txt
[2022-11-17T17:17:34.992+0000] {subprocess.py:93} INFO - reponse_20221108.txt
[2022-11-17T17:17:34.993+0000] {subprocess.py:93} INFO - reponse_20221109.txt
[2022-11-17T17:17:34.993+0000] {subprocess.py:93} INFO - reponse_20221110.txt
[2022-11-17T17:17:34.993+0000] {subprocess.py:93} INFO - reponse_20221111.txt
[2022-11-17T17:17:34.994+0000] {subprocess.py:93} INFO - reponse_20221112.txt
[2022-11-17T17:17:34.994+0000] {subprocess.py:93} INFO - reponse_20221113.txt
[2022-11-17T17:17:34.994+0000] {subprocess.py:93} INFO - reponse_20221114.txt
[2022-11-17T17:17:34.995+0000] {subprocess.py:93} INFO - reponse_20221115.txt
[2022-11-17T17:17:34.995+0000] {subprocess.py:93} INFO - reponse_20221116.txt
[2022-11-17T17:17:34.995+0000] {subprocess.py:93} INFO - tmp061o5asr
[2022-11-17T17:17:34.995+0000] {subprocess.py:93} INFO - tmp1b_v374g
[2022-11-17T17:17:34.996+0000] {subprocess.py:93} INFO - tmp2n3y4qb3
[2022-11-17T17:17:34.996+0000] {subprocess.py:93} INFO - tmp2ztydtyd
[2022-11-17T17:17:34.996+0000] {subprocess.py:93} INFO - tmp546oqdk0
[2022-11-17T17:17:34.997+0000] {subprocess.py:93} INFO - tmp57roj99h
[2022-11-17T17:17:34.997+0000] {subprocess.py:93} INFO - tmp5lejojs5
[2022-11-17T17:17:34.997+0000] {subprocess.py:93} INFO - tmp5nj2onwa
[2022-11-17T17:17:34.997+0000] {subprocess.py:93} INFO - tmp64cxrvul
[2022-11-17T17:17:34.998+0000] {subprocess.py:93} INFO - tmp6g4l21c1
[2022-11-17T17:17:34.998+0000] {subprocess.py:93} INFO - tmp7c6bgots
[2022-11-17T17:17:34.998+0000] {subprocess.py:93} INFO - tmp7khebugo
[2022-11-17T17:17:34.998+0000] {subprocess.py:93} INFO - tmp7lvtz6wk
[2022-11-17T17:17:34.999+0000] {subprocess.py:93} INFO - tmp8_n1aj39
[2022-11-17T17:17:34.999+0000] {subprocess.py:93} INFO - tmp8c_dsk2e
[2022-11-17T17:17:34.999+0000] {subprocess.py:93} INFO - tmp928ntdt7
[2022-11-17T17:17:34.999+0000] {subprocess.py:93} INFO - tmp9503grtb
[2022-11-17T17:17:35.000+0000] {subprocess.py:93} INFO - tmp_afh1uos
[2022-11-17T17:17:35.000+0000] {subprocess.py:93} INFO - tmp_m6lsnw3
[2022-11-17T17:17:35.000+0000] {subprocess.py:93} INFO - tmp_vy6n6_q
[2022-11-17T17:17:35.001+0000] {subprocess.py:93} INFO - tmpcnj5oj8y
[2022-11-17T17:17:35.001+0000] {subprocess.py:93} INFO - tmpcu_pom_6
[2022-11-17T17:17:35.001+0000] {subprocess.py:93} INFO - tmpdmc2g1zb
[2022-11-17T17:17:35.001+0000] {subprocess.py:93} INFO - tmpe4k1ogev
[2022-11-17T17:17:35.002+0000] {subprocess.py:93} INFO - tmpg_n88zm7
[2022-11-17T17:17:35.002+0000] {subprocess.py:93} INFO - tmpgg8mkst1
[2022-11-17T17:17:35.002+0000] {subprocess.py:93} INFO - tmpgi8v82jx
[2022-11-17T17:17:35.003+0000] {subprocess.py:93} INFO - tmpiez6kail
[2022-11-17T17:17:35.003+0000] {subprocess.py:93} INFO - tmpj1n4wxza
[2022-11-17T17:17:35.003+0000] {subprocess.py:93} INFO - tmpjsznho2e
[2022-11-17T17:17:35.003+0000] {subprocess.py:93} INFO - tmpkrg9_cgk
[2022-11-17T17:17:35.004+0000] {subprocess.py:93} INFO - tmpl13ymsfs
[2022-11-17T17:17:35.004+0000] {subprocess.py:93} INFO - tmplrbhl64b
[2022-11-17T17:17:35.004+0000] {subprocess.py:93} INFO - tmpn38ozedg
[2022-11-17T17:17:35.005+0000] {subprocess.py:93} INFO - tmpn96u_4ih
[2022-11-17T17:17:35.005+0000] {subprocess.py:93} INFO - tmpo3nf6k5c
[2022-11-17T17:17:35.005+0000] {subprocess.py:93} INFO - tmpoy_ljy8t
[2022-11-17T17:17:35.005+0000] {subprocess.py:93} INFO - tmpp4w9yq6x
[2022-11-17T17:17:35.006+0000] {subprocess.py:93} INFO - tmppfidxzjr
[2022-11-17T17:17:35.006+0000] {subprocess.py:93} INFO - tmpr681bhfw
[2022-11-17T17:17:35.006+0000] {subprocess.py:93} INFO - tmpr9102hwf
[2022-11-17T17:17:35.006+0000] {subprocess.py:93} INFO - tmpt4qo16oq
[2022-11-17T17:17:35.007+0000] {subprocess.py:93} INFO - tmptn832g5z
[2022-11-17T17:17:35.007+0000] {subprocess.py:93} INFO - tmpu9qbl0wh
[2022-11-17T17:17:35.007+0000] {subprocess.py:93} INFO - tmpuq8ywung
[2022-11-17T17:17:35.008+0000] {subprocess.py:93} INFO - tmpv606o9_9
[2022-11-17T17:17:35.008+0000] {subprocess.py:93} INFO - tmpxf7g1lc4
[2022-11-17T17:17:35.008+0000] {subprocess.py:93} INFO - tmpxktobcjf
[2022-11-17T17:17:35.008+0000] {subprocess.py:93} INFO - tmpz91iizm7
[2022-11-17T17:17:35.009+0000] {subprocess.py:93} INFO - ,student,timestamp
[2022-11-17T17:17:35.009+0000] {subprocess.py:93} INFO - 0,Maria Cruz,2022-10-03 00:00:00+00:00
[2022-11-17T17:17:35.009+0000] {subprocess.py:93} INFO - 1,Daniel Crema,2022-10-03 00:00:00+00:00
[2022-11-17T17:17:35.010+0000] {subprocess.py:93} INFO - 2,Elon Musk,2022-10-03 00:00:00+00:00
[2022-11-17T17:17:35.010+0000] {subprocess.py:93} INFO - 3,Karol Castrejon,2022-10-03 00:00:00+00:00
[2022-11-17T17:17:35.010+0000] {subprocess.py:93} INFO - 4,Freddy Vega,2022-10-03 00:00:00+00:00
[2022-11-17T17:17:35.010+0000] {subprocess.py:93} INFO - 5,Freddy Montañez,2022-10-03 00:00:00+00:00
[2022-11-17T17:17:35.011+0000] {subprocess.py:97} INFO - Command exited with return code 0
[2022-11-17T17:17:35.038+0000] {taskinstance.py:1406} INFO - Marking task as SUCCESS. dag_id=MyPersonalAirflowProject, task_id=Print_Imported_data, execution_date=20221003T000000, start_date=20221117T171734, end_date=20221117T171735
[2022-11-17T17:17:35.082+0000] {local_task_job.py:164} INFO - Task exited with return code 0
[2022-11-17T17:17:35.110+0000] {local_task_job.py:273} INFO - 2 downstream tasks scheduled from follow-on schedule check
