[2022-11-04T21:33:02.049+0000] {taskinstance.py:1165} INFO - Dependencies all met for <TaskInstance: orquestation.task2 scheduled__2022-05-19T00:00:00+00:00 [queued]>
[2022-11-04T21:33:02.079+0000] {taskinstance.py:1165} INFO - Dependencies all met for <TaskInstance: orquestation.task2 scheduled__2022-05-19T00:00:00+00:00 [queued]>
[2022-11-04T21:33:02.081+0000] {taskinstance.py:1362} INFO - 
--------------------------------------------------------------------------------
[2022-11-04T21:33:02.081+0000] {taskinstance.py:1363} INFO - Starting attempt 1 of 1
[2022-11-04T21:33:02.083+0000] {taskinstance.py:1364} INFO - 
--------------------------------------------------------------------------------
[2022-11-04T21:33:02.118+0000] {taskinstance.py:1383} INFO - Executing <Task(BashOperator): task2> on 2022-05-19 00:00:00+00:00
[2022-11-04T21:33:02.130+0000] {standard_task_runner.py:55} INFO - Started process 978 to run task
[2022-11-04T21:33:02.136+0000] {standard_task_runner.py:82} INFO - Running: ['***', 'tasks', 'run', 'orquestation', 'task2', 'scheduled__2022-05-19T00:00:00+00:00', '--job-id', '183', '--raw', '--subdir', 'DAGS_FOLDER/5.1-orquestacion.py', '--cfg-path', '/tmp/tmpl2n7sxzf']
[2022-11-04T21:33:02.138+0000] {standard_task_runner.py:83} INFO - Job 183: Subtask task2
[2022-11-04T21:33:02.276+0000] {task_command.py:376} INFO - Running <TaskInstance: orquestation.task2 scheduled__2022-05-19T00:00:00+00:00 [running]> on host 643e334f405f
[2022-11-04T21:33:02.447+0000] {taskinstance.py:1592} INFO - Exporting the following env vars:
AIRFLOW_CTX_DAG_OWNER=***
AIRFLOW_CTX_DAG_ID=orquestation
AIRFLOW_CTX_TASK_ID=task2
AIRFLOW_CTX_EXECUTION_DATE=2022-05-19T00:00:00+00:00
AIRFLOW_CTX_TRY_NUMBER=1
AIRFLOW_CTX_DAG_RUN_ID=scheduled__2022-05-19T00:00:00+00:00
[2022-11-04T21:33:02.529+0000] {subprocess.py:63} INFO - Tmp dir root location: 
 /tmp
[2022-11-04T21:33:02.536+0000] {subprocess.py:75} INFO - Running command: ['/bin/bash', '-c', "sleep 2 && echo 'task2'"]
[2022-11-04T21:33:02.567+0000] {subprocess.py:86} INFO - Output:
[2022-11-04T21:33:04.705+0000] {subprocess.py:93} INFO - task2
[2022-11-04T21:33:04.706+0000] {subprocess.py:97} INFO - Command exited with return code 0
[2022-11-04T21:33:04.771+0000] {taskinstance.py:1406} INFO - Marking task as SUCCESS. dag_id=orquestation, task_id=task2, execution_date=20220519T000000, start_date=20221104T213302, end_date=20221104T213304
[2022-11-04T21:33:04.839+0000] {local_task_job.py:164} INFO - Task exited with return code 0
[2022-11-04T21:33:04.922+0000] {local_task_job.py:273} INFO - 2 downstream tasks scheduled from follow-on schedule check
[2022-11-04T21:43:22.378+0000] {taskinstance.py:1165} INFO - Dependencies all met for <TaskInstance: orquestation.task2 scheduled__2022-05-19T00:00:00+00:00 [queued]>
[2022-11-04T21:43:22.392+0000] {taskinstance.py:1165} INFO - Dependencies all met for <TaskInstance: orquestation.task2 scheduled__2022-05-19T00:00:00+00:00 [queued]>
[2022-11-04T21:43:22.392+0000] {taskinstance.py:1362} INFO - 
--------------------------------------------------------------------------------
[2022-11-04T21:43:22.393+0000] {taskinstance.py:1363} INFO - Starting attempt 1 of 1
[2022-11-04T21:43:22.393+0000] {taskinstance.py:1364} INFO - 
--------------------------------------------------------------------------------
[2022-11-04T21:43:22.408+0000] {taskinstance.py:1383} INFO - Executing <Task(BashOperator): task2> on 2022-05-19 00:00:00+00:00
[2022-11-04T21:43:22.415+0000] {standard_task_runner.py:55} INFO - Started process 2032 to run task
[2022-11-04T21:43:22.418+0000] {standard_task_runner.py:82} INFO - Running: ['***', 'tasks', 'run', 'orquestation', 'task2', 'scheduled__2022-05-19T00:00:00+00:00', '--job-id', '328', '--raw', '--subdir', 'DAGS_FOLDER/5.1-orquestacion.py', '--cfg-path', '/tmp/tmpy54pldfb']
[2022-11-04T21:43:22.419+0000] {standard_task_runner.py:83} INFO - Job 328: Subtask task2
[2022-11-04T21:43:22.480+0000] {task_command.py:376} INFO - Running <TaskInstance: orquestation.task2 scheduled__2022-05-19T00:00:00+00:00 [running]> on host 643e334f405f
[2022-11-04T21:43:22.551+0000] {taskinstance.py:1592} INFO - Exporting the following env vars:
AIRFLOW_CTX_DAG_OWNER=***
AIRFLOW_CTX_DAG_ID=orquestation
AIRFLOW_CTX_TASK_ID=task2
AIRFLOW_CTX_EXECUTION_DATE=2022-05-19T00:00:00+00:00
AIRFLOW_CTX_TRY_NUMBER=1
AIRFLOW_CTX_DAG_RUN_ID=scheduled__2022-05-19T00:00:00+00:00
[2022-11-04T21:43:22.552+0000] {subprocess.py:63} INFO - Tmp dir root location: 
 /tmp
[2022-11-04T21:43:22.554+0000] {subprocess.py:75} INFO - Running command: ['/bin/bash', '-c', "sleep 2 && echo 'task2'"]
[2022-11-04T21:43:22.565+0000] {subprocess.py:86} INFO - Output:
[2022-11-04T21:43:24.569+0000] {subprocess.py:93} INFO - task2
[2022-11-04T21:43:24.570+0000] {subprocess.py:97} INFO - Command exited with return code 0
[2022-11-04T21:43:24.596+0000] {taskinstance.py:1406} INFO - Marking task as SUCCESS. dag_id=orquestation, task_id=task2, execution_date=20220519T000000, start_date=20221104T214322, end_date=20221104T214324
[2022-11-04T21:43:24.636+0000] {local_task_job.py:164} INFO - Task exited with return code 0
[2022-11-04T21:43:24.666+0000] {local_task_job.py:273} INFO - 2 downstream tasks scheduled from follow-on schedule check
