[2022-11-16T21:31:37.822+0000] {taskinstance.py:1165} INFO - Dependencies all met for <TaskInstance: MyPersonalAirflowProject.waiting_nasa_confirmation scheduled__2022-10-28T00:00:00+00:00 [queued]>
[2022-11-16T21:31:37.837+0000] {taskinstance.py:1165} INFO - Dependencies all met for <TaskInstance: MyPersonalAirflowProject.waiting_nasa_confirmation scheduled__2022-10-28T00:00:00+00:00 [queued]>
[2022-11-16T21:31:37.838+0000] {taskinstance.py:1362} INFO - 
--------------------------------------------------------------------------------
[2022-11-16T21:31:37.839+0000] {taskinstance.py:1363} INFO - Starting attempt 1 of 1
[2022-11-16T21:31:37.839+0000] {taskinstance.py:1364} INFO - 
--------------------------------------------------------------------------------
[2022-11-16T21:31:37.857+0000] {taskinstance.py:1383} INFO - Executing <Task(FileSensor): waiting_nasa_confirmation> on 2022-10-28 00:00:00+00:00
[2022-11-16T21:31:37.864+0000] {standard_task_runner.py:55} INFO - Started process 2956 to run task
[2022-11-16T21:31:37.867+0000] {standard_task_runner.py:82} INFO - Running: ['***', 'tasks', 'run', 'MyPersonalAirflowProject', 'waiting_nasa_confirmation', 'scheduled__2022-10-28T00:00:00+00:00', '--job-id', '1386', '--raw', '--subdir', 'DAGS_FOLDER/FinalPersonalProject.py', '--cfg-path', '/tmp/tmp4skksune']
[2022-11-16T21:31:37.867+0000] {standard_task_runner.py:83} INFO - Job 1386: Subtask waiting_nasa_confirmation
[2022-11-16T21:31:37.936+0000] {task_command.py:376} INFO - Running <TaskInstance: MyPersonalAirflowProject.waiting_nasa_confirmation scheduled__2022-10-28T00:00:00+00:00 [running]> on host 638485efabe7
[2022-11-16T21:31:38.155+0000] {taskinstance.py:1592} INFO - Exporting the following env vars:
AIRFLOW_CTX_DAG_OWNER=***
AIRFLOW_CTX_DAG_ID=MyPersonalAirflowProject
AIRFLOW_CTX_TASK_ID=waiting_nasa_confirmation
AIRFLOW_CTX_EXECUTION_DATE=2022-10-28T00:00:00+00:00
AIRFLOW_CTX_TRY_NUMBER=1
AIRFLOW_CTX_DAG_RUN_ID=scheduled__2022-10-28T00:00:00+00:00
[2022-11-16T21:31:38.165+0000] {base.py:71} INFO - Using connection ID 'fs_default' for task execution.
[2022-11-16T21:31:38.166+0000] {filesystem.py:58} INFO - Poking for file /tmp/reponse_20221028.txt
[2022-11-16T21:31:38.167+0000] {filesystem.py:63} INFO - Found File /tmp/reponse_20221028.txt last modified: 20221116213136
[2022-11-16T21:31:38.168+0000] {base.py:213} INFO - Success criteria met. Exiting.
[2022-11-16T21:31:38.180+0000] {taskinstance.py:1406} INFO - Marking task as SUCCESS. dag_id=MyPersonalAirflowProject, task_id=waiting_nasa_confirmation, execution_date=20221028T000000, start_date=20221116T213137, end_date=20221116T213138
[2022-11-16T21:31:38.244+0000] {local_task_job.py:164} INFO - Task exited with return code 0
[2022-11-16T21:31:38.283+0000] {local_task_job.py:273} INFO - 1 downstream tasks scheduled from follow-on schedule check
[2022-11-16T22:26:54.953+0000] {taskinstance.py:1165} INFO - Dependencies all met for <TaskInstance: MyPersonalAirflowProject.waiting_nasa_confirmation scheduled__2022-10-28T00:00:00+00:00 [queued]>
[2022-11-16T22:26:54.982+0000] {taskinstance.py:1165} INFO - Dependencies all met for <TaskInstance: MyPersonalAirflowProject.waiting_nasa_confirmation scheduled__2022-10-28T00:00:00+00:00 [queued]>
[2022-11-16T22:26:54.983+0000] {taskinstance.py:1362} INFO - 
--------------------------------------------------------------------------------
[2022-11-16T22:26:54.984+0000] {taskinstance.py:1363} INFO - Starting attempt 1 of 1
[2022-11-16T22:26:54.984+0000] {taskinstance.py:1364} INFO - 
--------------------------------------------------------------------------------
[2022-11-16T22:26:55.019+0000] {taskinstance.py:1383} INFO - Executing <Task(FileSensor): waiting_nasa_confirmation> on 2022-10-28 00:00:00+00:00
[2022-11-16T22:26:55.030+0000] {standard_task_runner.py:55} INFO - Started process 5858 to run task
[2022-11-16T22:26:55.035+0000] {standard_task_runner.py:82} INFO - Running: ['***', 'tasks', 'run', 'MyPersonalAirflowProject', 'waiting_nasa_confirmation', 'scheduled__2022-10-28T00:00:00+00:00', '--job-id', '1603', '--raw', '--subdir', 'DAGS_FOLDER/FinalPersonalProject.py', '--cfg-path', '/tmp/tmp7fsqhc41']
[2022-11-16T22:26:55.037+0000] {standard_task_runner.py:83} INFO - Job 1603: Subtask waiting_nasa_confirmation
[2022-11-16T22:26:55.134+0000] {task_command.py:376} INFO - Running <TaskInstance: MyPersonalAirflowProject.waiting_nasa_confirmation scheduled__2022-10-28T00:00:00+00:00 [running]> on host 638485efabe7
[2022-11-16T22:26:55.310+0000] {taskinstance.py:1592} INFO - Exporting the following env vars:
AIRFLOW_CTX_DAG_OWNER=***
AIRFLOW_CTX_DAG_ID=MyPersonalAirflowProject
AIRFLOW_CTX_TASK_ID=waiting_nasa_confirmation
AIRFLOW_CTX_EXECUTION_DATE=2022-10-28T00:00:00+00:00
AIRFLOW_CTX_TRY_NUMBER=1
AIRFLOW_CTX_DAG_RUN_ID=scheduled__2022-10-28T00:00:00+00:00
[2022-11-16T22:26:55.330+0000] {base.py:71} INFO - Using connection ID 'fs_default' for task execution.
[2022-11-16T22:26:55.332+0000] {filesystem.py:58} INFO - Poking for file /tmp/reponse_20221028.txt
[2022-11-16T22:26:55.333+0000] {filesystem.py:63} INFO - Found File /tmp/reponse_20221028.txt last modified: 20221116222652
[2022-11-16T22:26:55.334+0000] {base.py:213} INFO - Success criteria met. Exiting.
[2022-11-16T22:26:55.353+0000] {taskinstance.py:1406} INFO - Marking task as SUCCESS. dag_id=MyPersonalAirflowProject, task_id=waiting_nasa_confirmation, execution_date=20221028T000000, start_date=20221116T222654, end_date=20221116T222655
[2022-11-16T22:26:55.743+0000] {local_task_job.py:164} INFO - Task exited with return code 0
[2022-11-16T22:26:55.795+0000] {local_task_job.py:273} INFO - 0 downstream tasks scheduled from follow-on schedule check
[2022-11-17T16:38:53.088+0000] {taskinstance.py:1165} INFO - Dependencies all met for <TaskInstance: MyPersonalAirflowProject.waiting_nasa_confirmation scheduled__2022-10-28T00:00:00+00:00 [queued]>
[2022-11-17T16:38:53.215+0000] {taskinstance.py:1165} INFO - Dependencies all met for <TaskInstance: MyPersonalAirflowProject.waiting_nasa_confirmation scheduled__2022-10-28T00:00:00+00:00 [queued]>
[2022-11-17T16:38:53.215+0000] {taskinstance.py:1362} INFO - 
--------------------------------------------------------------------------------
[2022-11-17T16:38:53.216+0000] {taskinstance.py:1363} INFO - Starting attempt 1 of 1
[2022-11-17T16:38:53.216+0000] {taskinstance.py:1364} INFO - 
--------------------------------------------------------------------------------
[2022-11-17T16:38:53.309+0000] {taskinstance.py:1383} INFO - Executing <Task(FileSensor): waiting_nasa_confirmation> on 2022-10-28 00:00:00+00:00
[2022-11-17T16:38:53.315+0000] {standard_task_runner.py:55} INFO - Started process 4229 to run task
[2022-11-17T16:38:53.317+0000] {standard_task_runner.py:82} INFO - Running: ['***', 'tasks', 'run', 'MyPersonalAirflowProject', 'waiting_nasa_confirmation', 'scheduled__2022-10-28T00:00:00+00:00', '--job-id', '2241', '--raw', '--subdir', 'DAGS_FOLDER/FinalPersonalProject.py', '--cfg-path', '/tmp/tmpdrq88evh']
[2022-11-17T16:38:53.318+0000] {standard_task_runner.py:83} INFO - Job 2241: Subtask waiting_nasa_confirmation
[2022-11-17T16:38:53.534+0000] {task_command.py:376} INFO - Running <TaskInstance: MyPersonalAirflowProject.waiting_nasa_confirmation scheduled__2022-10-28T00:00:00+00:00 [running]> on host 638485efabe7
[2022-11-17T16:38:53.775+0000] {taskinstance.py:1592} INFO - Exporting the following env vars:
AIRFLOW_CTX_DAG_OWNER=***
AIRFLOW_CTX_DAG_ID=MyPersonalAirflowProject
AIRFLOW_CTX_TASK_ID=waiting_nasa_confirmation
AIRFLOW_CTX_EXECUTION_DATE=2022-10-28T00:00:00+00:00
AIRFLOW_CTX_TRY_NUMBER=1
AIRFLOW_CTX_DAG_RUN_ID=scheduled__2022-10-28T00:00:00+00:00
[2022-11-17T16:38:53.785+0000] {base.py:71} INFO - Using connection ID 'fs_default' for task execution.
[2022-11-17T16:38:53.786+0000] {filesystem.py:58} INFO - Poking for file /tmp/reponse_20221028.txt
[2022-11-17T16:38:53.786+0000] {filesystem.py:63} INFO - Found File /tmp/reponse_20221028.txt last modified: 20221117163852
[2022-11-17T16:38:53.787+0000] {base.py:213} INFO - Success criteria met. Exiting.
[2022-11-17T16:38:53.796+0000] {taskinstance.py:1406} INFO - Marking task as SUCCESS. dag_id=MyPersonalAirflowProject, task_id=waiting_nasa_confirmation, execution_date=20221028T000000, start_date=20221117T163853, end_date=20221117T163853
[2022-11-17T16:38:53.974+0000] {local_task_job.py:164} INFO - Task exited with return code 0
[2022-11-17T16:38:54.084+0000] {local_task_job.py:273} INFO - 1 downstream tasks scheduled from follow-on schedule check
[2022-11-17T17:30:11.126+0000] {taskinstance.py:1165} INFO - Dependencies all met for <TaskInstance: MyPersonalAirflowProject.waiting_nasa_confirmation scheduled__2022-10-28T00:00:00+00:00 [queued]>
[2022-11-17T17:30:11.140+0000] {taskinstance.py:1165} INFO - Dependencies all met for <TaskInstance: MyPersonalAirflowProject.waiting_nasa_confirmation scheduled__2022-10-28T00:00:00+00:00 [queued]>
[2022-11-17T17:30:11.141+0000] {taskinstance.py:1362} INFO - 
--------------------------------------------------------------------------------
[2022-11-17T17:30:11.141+0000] {taskinstance.py:1363} INFO - Starting attempt 1 of 1
[2022-11-17T17:30:11.142+0000] {taskinstance.py:1364} INFO - 
--------------------------------------------------------------------------------
[2022-11-17T17:30:11.159+0000] {taskinstance.py:1383} INFO - Executing <Task(FileSensor): waiting_nasa_confirmation> on 2022-10-28 00:00:00+00:00
[2022-11-17T17:30:11.164+0000] {standard_task_runner.py:55} INFO - Started process 7861 to run task
[2022-11-17T17:30:11.167+0000] {standard_task_runner.py:82} INFO - Running: ['***', 'tasks', 'run', 'MyPersonalAirflowProject', 'waiting_nasa_confirmation', 'scheduled__2022-10-28T00:00:00+00:00', '--job-id', '2651', '--raw', '--subdir', 'DAGS_FOLDER/FinalPersonalProject.py', '--cfg-path', '/tmp/tmpurm1eg3s']
[2022-11-17T17:30:11.168+0000] {standard_task_runner.py:83} INFO - Job 2651: Subtask waiting_nasa_confirmation
[2022-11-17T17:30:11.239+0000] {task_command.py:376} INFO - Running <TaskInstance: MyPersonalAirflowProject.waiting_nasa_confirmation scheduled__2022-10-28T00:00:00+00:00 [running]> on host 638485efabe7
[2022-11-17T17:30:11.315+0000] {taskinstance.py:1592} INFO - Exporting the following env vars:
AIRFLOW_CTX_DAG_OWNER=***
AIRFLOW_CTX_DAG_ID=MyPersonalAirflowProject
AIRFLOW_CTX_TASK_ID=waiting_nasa_confirmation
AIRFLOW_CTX_EXECUTION_DATE=2022-10-28T00:00:00+00:00
AIRFLOW_CTX_TRY_NUMBER=1
AIRFLOW_CTX_DAG_RUN_ID=scheduled__2022-10-28T00:00:00+00:00
[2022-11-17T17:30:11.328+0000] {base.py:71} INFO - Using connection ID 'fs_default' for task execution.
[2022-11-17T17:30:11.329+0000] {filesystem.py:58} INFO - Poking for file /tmp/reponse_20221028.txt
[2022-11-17T17:30:11.329+0000] {filesystem.py:63} INFO - Found File /tmp/reponse_20221028.txt last modified: 20221117173010
[2022-11-17T17:30:11.329+0000] {base.py:213} INFO - Success criteria met. Exiting.
[2022-11-17T17:30:11.340+0000] {taskinstance.py:1406} INFO - Marking task as SUCCESS. dag_id=MyPersonalAirflowProject, task_id=waiting_nasa_confirmation, execution_date=20221028T000000, start_date=20221117T173011, end_date=20221117T173011
[2022-11-17T17:30:11.380+0000] {local_task_job.py:164} INFO - Task exited with return code 0
[2022-11-17T17:30:11.424+0000] {local_task_job.py:273} INFO - 1 downstream tasks scheduled from follow-on schedule check
