[2022-11-16T22:33:20.252+0000] {taskinstance.py:1165} INFO - Dependencies all met for <TaskInstance: MyPersonalAirflowProject.Print_Imported_data scheduled__2022-11-07T00:00:00+00:00 [queued]>
[2022-11-16T22:33:20.265+0000] {taskinstance.py:1165} INFO - Dependencies all met for <TaskInstance: MyPersonalAirflowProject.Print_Imported_data scheduled__2022-11-07T00:00:00+00:00 [queued]>
[2022-11-16T22:33:20.266+0000] {taskinstance.py:1362} INFO - 
--------------------------------------------------------------------------------
[2022-11-16T22:33:20.268+0000] {taskinstance.py:1363} INFO - Starting attempt 1 of 1
[2022-11-16T22:33:20.269+0000] {taskinstance.py:1364} INFO - 
--------------------------------------------------------------------------------
[2022-11-16T22:33:20.288+0000] {taskinstance.py:1383} INFO - Executing <Task(BashOperator): Print_Imported_data> on 2022-11-07 00:00:00+00:00
[2022-11-16T22:33:20.294+0000] {standard_task_runner.py:55} INFO - Started process 6309 to run task
[2022-11-16T22:33:20.297+0000] {standard_task_runner.py:82} INFO - Running: ['***', 'tasks', 'run', 'MyPersonalAirflowProject', 'Print_Imported_data', 'scheduled__2022-11-07T00:00:00+00:00', '--job-id', '1668', '--raw', '--subdir', 'DAGS_FOLDER/FinalPersonalProject.py', '--cfg-path', '/tmp/tmp2fi7h5qv']
[2022-11-16T22:33:20.298+0000] {standard_task_runner.py:83} INFO - Job 1668: Subtask Print_Imported_data
[2022-11-16T22:33:20.367+0000] {task_command.py:376} INFO - Running <TaskInstance: MyPersonalAirflowProject.Print_Imported_data scheduled__2022-11-07T00:00:00+00:00 [running]> on host 638485efabe7
[2022-11-16T22:33:20.454+0000] {taskinstance.py:1592} INFO - Exporting the following env vars:
AIRFLOW_CTX_DAG_OWNER=***
AIRFLOW_CTX_DAG_ID=MyPersonalAirflowProject
AIRFLOW_CTX_TASK_ID=Print_Imported_data
AIRFLOW_CTX_EXECUTION_DATE=2022-11-07T00:00:00+00:00
AIRFLOW_CTX_TRY_NUMBER=1
AIRFLOW_CTX_DAG_RUN_ID=scheduled__2022-11-07T00:00:00+00:00
[2022-11-16T22:33:20.455+0000] {subprocess.py:63} INFO - Tmp dir root location: 
 /tmp
[2022-11-16T22:33:20.456+0000] {subprocess.py:75} INFO - Running command: ['/bin/bash', '-c', 'ls /tmp/ && head /tmp/platzi_data.csv']
[2022-11-16T22:33:20.469+0000] {subprocess.py:86} INFO - Output:
[2022-11-16T22:33:20.483+0000] {subprocess.py:93} INFO - ***tmpfnzqi6c6
[2022-11-16T22:33:20.484+0000] {subprocess.py:93} INFO - ***tmpk5xxq3nx
[2022-11-16T22:33:20.484+0000] {subprocess.py:93} INFO - ***tmplkvca7ip
[2022-11-16T22:33:20.485+0000] {subprocess.py:93} INFO - ***tmpodkacs8z
[2022-11-16T22:33:20.485+0000] {subprocess.py:93} INFO - ***tmpy8b5r6w3
[2022-11-16T22:33:20.485+0000] {subprocess.py:93} INFO - file.txt
[2022-11-16T22:33:20.486+0000] {subprocess.py:93} INFO - history.json
[2022-11-16T22:33:20.486+0000] {subprocess.py:93} INFO - platzi_data_20221001.csv
[2022-11-16T22:33:20.487+0000] {subprocess.py:93} INFO - platzi_data_20221002.csv
[2022-11-16T22:33:20.487+0000] {subprocess.py:93} INFO - platzi_data_20221003.csv
[2022-11-16T22:33:20.487+0000] {subprocess.py:93} INFO - platzi_data_20221004.csv
[2022-11-16T22:33:20.488+0000] {subprocess.py:93} INFO - platzi_data_20221005.csv
[2022-11-16T22:33:20.488+0000] {subprocess.py:93} INFO - platzi_data_20221006.csv
[2022-11-16T22:33:20.489+0000] {subprocess.py:93} INFO - platzi_data_20221007.csv
[2022-11-16T22:33:20.489+0000] {subprocess.py:93} INFO - platzi_data_20221008.csv
[2022-11-16T22:33:20.489+0000] {subprocess.py:93} INFO - platzi_data_20221009.csv
[2022-11-16T22:33:20.490+0000] {subprocess.py:93} INFO - platzi_data_20221010.csv
[2022-11-16T22:33:20.490+0000] {subprocess.py:93} INFO - platzi_data_20221011.csv
[2022-11-16T22:33:20.490+0000] {subprocess.py:93} INFO - platzi_data_20221012.csv
[2022-11-16T22:33:20.491+0000] {subprocess.py:93} INFO - platzi_data_20221013.csv
[2022-11-16T22:33:20.491+0000] {subprocess.py:93} INFO - platzi_data_20221014.csv
[2022-11-16T22:33:20.491+0000] {subprocess.py:93} INFO - platzi_data_20221015.csv
[2022-11-16T22:33:20.491+0000] {subprocess.py:93} INFO - platzi_data_20221016.csv
[2022-11-16T22:33:20.492+0000] {subprocess.py:93} INFO - platzi_data_20221017.csv
[2022-11-16T22:33:20.492+0000] {subprocess.py:93} INFO - platzi_data_20221018.csv
[2022-11-16T22:33:20.493+0000] {subprocess.py:93} INFO - platzi_data_20221019.csv
[2022-11-16T22:33:20.493+0000] {subprocess.py:93} INFO - platzi_data_20221020.csv
[2022-11-16T22:33:20.493+0000] {subprocess.py:93} INFO - platzi_data_20221021.csv
[2022-11-16T22:33:20.493+0000] {subprocess.py:93} INFO - platzi_data_20221022.csv
[2022-11-16T22:33:20.494+0000] {subprocess.py:93} INFO - platzi_data_20221023.csv
[2022-11-16T22:33:20.494+0000] {subprocess.py:93} INFO - platzi_data_20221024.csv
[2022-11-16T22:33:20.494+0000] {subprocess.py:93} INFO - platzi_data_20221025.csv
[2022-11-16T22:33:20.495+0000] {subprocess.py:93} INFO - platzi_data_20221026.csv
[2022-11-16T22:33:20.495+0000] {subprocess.py:93} INFO - platzi_data_20221027.csv
[2022-11-16T22:33:20.495+0000] {subprocess.py:93} INFO - platzi_data_20221028.csv
[2022-11-16T22:33:20.496+0000] {subprocess.py:93} INFO - platzi_data_20221029.csv
[2022-11-16T22:33:20.496+0000] {subprocess.py:93} INFO - platzi_data_20221030.csv
[2022-11-16T22:33:20.496+0000] {subprocess.py:93} INFO - platzi_data_20221031.csv
[2022-11-16T22:33:20.496+0000] {subprocess.py:93} INFO - platzi_data_20221101.csv
[2022-11-16T22:33:20.497+0000] {subprocess.py:93} INFO - platzi_data_20221102.csv
[2022-11-16T22:33:20.497+0000] {subprocess.py:93} INFO - platzi_data_20221103.csv
[2022-11-16T22:33:20.497+0000] {subprocess.py:93} INFO - platzi_data_20221104.csv
[2022-11-16T22:33:20.498+0000] {subprocess.py:93} INFO - platzi_data_20221105.csv
[2022-11-16T22:33:20.498+0000] {subprocess.py:93} INFO - platzi_data_20221106.csv
[2022-11-16T22:33:20.498+0000] {subprocess.py:93} INFO - platzi_data_20221107.csv
[2022-11-16T22:33:20.499+0000] {subprocess.py:93} INFO - pymp-8yik9lbi
[2022-11-16T22:33:20.500+0000] {subprocess.py:93} INFO - pymp-y00k7agg
[2022-11-16T22:33:20.500+0000] {subprocess.py:93} INFO - reponse_20221001.txt
[2022-11-16T22:33:20.501+0000] {subprocess.py:93} INFO - reponse_20221002.txt
[2022-11-16T22:33:20.501+0000] {subprocess.py:93} INFO - reponse_20221003.txt
[2022-11-16T22:33:20.501+0000] {subprocess.py:93} INFO - reponse_20221004.txt
[2022-11-16T22:33:20.501+0000] {subprocess.py:93} INFO - reponse_20221005.txt
[2022-11-16T22:33:20.502+0000] {subprocess.py:93} INFO - reponse_20221006.txt
[2022-11-16T22:33:20.502+0000] {subprocess.py:93} INFO - reponse_20221007.txt
[2022-11-16T22:33:20.502+0000] {subprocess.py:93} INFO - reponse_20221008.txt
[2022-11-16T22:33:20.503+0000] {subprocess.py:93} INFO - reponse_20221009.txt
[2022-11-16T22:33:20.503+0000] {subprocess.py:93} INFO - reponse_20221010.txt
[2022-11-16T22:33:20.503+0000] {subprocess.py:93} INFO - reponse_20221011.txt
[2022-11-16T22:33:20.503+0000] {subprocess.py:93} INFO - reponse_20221012.txt
[2022-11-16T22:33:20.504+0000] {subprocess.py:93} INFO - reponse_20221013.txt
[2022-11-16T22:33:20.504+0000] {subprocess.py:93} INFO - reponse_20221014.txt
[2022-11-16T22:33:20.504+0000] {subprocess.py:93} INFO - reponse_20221015.txt
[2022-11-16T22:33:20.505+0000] {subprocess.py:93} INFO - reponse_20221016.txt
[2022-11-16T22:33:20.505+0000] {subprocess.py:93} INFO - reponse_20221017.txt
[2022-11-16T22:33:20.505+0000] {subprocess.py:93} INFO - reponse_20221018.txt
[2022-11-16T22:33:20.505+0000] {subprocess.py:93} INFO - reponse_20221019.txt
[2022-11-16T22:33:20.506+0000] {subprocess.py:93} INFO - reponse_20221020.txt
[2022-11-16T22:33:20.506+0000] {subprocess.py:93} INFO - reponse_20221021.txt
[2022-11-16T22:33:20.506+0000] {subprocess.py:93} INFO - reponse_20221022.txt
[2022-11-16T22:33:20.507+0000] {subprocess.py:93} INFO - reponse_20221023.txt
[2022-11-16T22:33:20.507+0000] {subprocess.py:93} INFO - reponse_20221024.txt
[2022-11-16T22:33:20.507+0000] {subprocess.py:93} INFO - reponse_20221025.txt
[2022-11-16T22:33:20.508+0000] {subprocess.py:93} INFO - reponse_20221026.txt
[2022-11-16T22:33:20.508+0000] {subprocess.py:93} INFO - reponse_20221027.txt
[2022-11-16T22:33:20.508+0000] {subprocess.py:93} INFO - reponse_20221028.txt
[2022-11-16T22:33:20.508+0000] {subprocess.py:93} INFO - reponse_20221029.txt
[2022-11-16T22:33:20.509+0000] {subprocess.py:93} INFO - reponse_20221030.txt
[2022-11-16T22:33:20.509+0000] {subprocess.py:93} INFO - reponse_20221031.txt
[2022-11-16T22:33:20.509+0000] {subprocess.py:93} INFO - reponse_20221101.txt
[2022-11-16T22:33:20.510+0000] {subprocess.py:93} INFO - reponse_20221102.txt
[2022-11-16T22:33:20.510+0000] {subprocess.py:93} INFO - reponse_20221103.txt
[2022-11-16T22:33:20.510+0000] {subprocess.py:93} INFO - reponse_20221104.txt
[2022-11-16T22:33:20.511+0000] {subprocess.py:93} INFO - reponse_20221105.txt
[2022-11-16T22:33:20.511+0000] {subprocess.py:93} INFO - reponse_20221106.txt
[2022-11-16T22:33:20.511+0000] {subprocess.py:93} INFO - reponse_20221107.txt
[2022-11-16T22:33:20.511+0000] {subprocess.py:93} INFO - reponse_20221108.txt
[2022-11-16T22:33:20.512+0000] {subprocess.py:93} INFO - reponse_20221109.txt
[2022-11-16T22:33:20.512+0000] {subprocess.py:93} INFO - reponse_20221110.txt
[2022-11-16T22:33:20.512+0000] {subprocess.py:93} INFO - reponse_20221111.txt
[2022-11-16T22:33:20.513+0000] {subprocess.py:93} INFO - reponse_20221112.txt
[2022-11-16T22:33:20.513+0000] {subprocess.py:93} INFO - reponse_20221113.txt
[2022-11-16T22:33:20.513+0000] {subprocess.py:93} INFO - reponse_20221114.txt
[2022-11-16T22:33:20.513+0000] {subprocess.py:93} INFO - reponse_20221115.txt
[2022-11-16T22:33:20.514+0000] {subprocess.py:93} INFO - tmp061o5asr
[2022-11-16T22:33:20.514+0000] {subprocess.py:93} INFO - tmp1b_v374g
[2022-11-16T22:33:20.514+0000] {subprocess.py:93} INFO - tmp2n3y4qb3
[2022-11-16T22:33:20.515+0000] {subprocess.py:93} INFO - tmp2ztydtyd
[2022-11-16T22:33:20.515+0000] {subprocess.py:93} INFO - tmp546oqdk0
[2022-11-16T22:33:20.515+0000] {subprocess.py:93} INFO - tmp57roj99h
[2022-11-16T22:33:20.516+0000] {subprocess.py:93} INFO - tmp5lejojs5
[2022-11-16T22:33:20.517+0000] {subprocess.py:93} INFO - tmp5nj2onwa
[2022-11-16T22:33:20.517+0000] {subprocess.py:93} INFO - tmp64cxrvul
[2022-11-16T22:33:20.517+0000] {subprocess.py:93} INFO - tmp6g4l21c1
[2022-11-16T22:33:20.518+0000] {subprocess.py:93} INFO - tmp7c6bgots
[2022-11-16T22:33:20.518+0000] {subprocess.py:93} INFO - tmp7khebugo
[2022-11-16T22:33:20.518+0000] {subprocess.py:93} INFO - tmp7lvtz6wk
[2022-11-16T22:33:20.518+0000] {subprocess.py:93} INFO - tmp8_n1aj39
[2022-11-16T22:33:20.519+0000] {subprocess.py:93} INFO - tmp8c_dsk2e
[2022-11-16T22:33:20.519+0000] {subprocess.py:93} INFO - tmp928ntdt7
[2022-11-16T22:33:20.519+0000] {subprocess.py:93} INFO - tmp9503grtb
[2022-11-16T22:33:20.520+0000] {subprocess.py:93} INFO - tmp_afh1uos
[2022-11-16T22:33:20.520+0000] {subprocess.py:93} INFO - tmp_m6lsnw3
[2022-11-16T22:33:20.520+0000] {subprocess.py:93} INFO - tmp_vy6n6_q
[2022-11-16T22:33:20.520+0000] {subprocess.py:93} INFO - tmpcnj5oj8y
[2022-11-16T22:33:20.521+0000] {subprocess.py:93} INFO - tmpcu_pom_6
[2022-11-16T22:33:20.521+0000] {subprocess.py:93} INFO - tmpdmc2g1zb
[2022-11-16T22:33:20.521+0000] {subprocess.py:93} INFO - tmpe4k1ogev
[2022-11-16T22:33:20.522+0000] {subprocess.py:93} INFO - tmpg_n88zm7
[2022-11-16T22:33:20.522+0000] {subprocess.py:93} INFO - tmpgg8mkst1
[2022-11-16T22:33:20.522+0000] {subprocess.py:93} INFO - tmpgi8v82jx
[2022-11-16T22:33:20.522+0000] {subprocess.py:93} INFO - tmpiez6kail
[2022-11-16T22:33:20.523+0000] {subprocess.py:93} INFO - tmpj1n4wxza
[2022-11-16T22:33:20.523+0000] {subprocess.py:93} INFO - tmpjsznho2e
[2022-11-16T22:33:20.523+0000] {subprocess.py:93} INFO - tmpkrg9_cgk
[2022-11-16T22:33:20.524+0000] {subprocess.py:93} INFO - tmpl13ymsfs
[2022-11-16T22:33:20.524+0000] {subprocess.py:93} INFO - tmplrbhl64b
[2022-11-16T22:33:20.524+0000] {subprocess.py:93} INFO - tmpn38ozedg
[2022-11-16T22:33:20.525+0000] {subprocess.py:93} INFO - tmpn96u_4ih
[2022-11-16T22:33:20.525+0000] {subprocess.py:93} INFO - tmpo3nf6k5c
[2022-11-16T22:33:20.525+0000] {subprocess.py:93} INFO - tmpoy_ljy8t
[2022-11-16T22:33:20.526+0000] {subprocess.py:93} INFO - tmpp4w9yq6x
[2022-11-16T22:33:20.526+0000] {subprocess.py:93} INFO - tmppfidxzjr
[2022-11-16T22:33:20.526+0000] {subprocess.py:93} INFO - tmpr681bhfw
[2022-11-16T22:33:20.526+0000] {subprocess.py:93} INFO - tmpr9102hwf
[2022-11-16T22:33:20.527+0000] {subprocess.py:93} INFO - tmpt4qo16oq
[2022-11-16T22:33:20.527+0000] {subprocess.py:93} INFO - tmptn832g5z
[2022-11-16T22:33:20.527+0000] {subprocess.py:93} INFO - tmpu9qbl0wh
[2022-11-16T22:33:20.527+0000] {subprocess.py:93} INFO - tmpuq8ywung
[2022-11-16T22:33:20.528+0000] {subprocess.py:93} INFO - tmpv606o9_9
[2022-11-16T22:33:20.528+0000] {subprocess.py:93} INFO - tmpxf7g1lc4
[2022-11-16T22:33:20.528+0000] {subprocess.py:93} INFO - tmpxktobcjf
[2022-11-16T22:33:20.529+0000] {subprocess.py:93} INFO - tmpz91iizm7
[2022-11-16T22:33:20.529+0000] {subprocess.py:93} INFO - head: cannot open '/tmp/platzi_data.csv' for reading: No such file or directory
[2022-11-16T22:33:20.529+0000] {subprocess.py:97} INFO - Command exited with return code 1
[2022-11-16T22:33:20.542+0000] {taskinstance.py:1851} ERROR - Task failed with exception
Traceback (most recent call last):
  File "/home/airflow/.local/lib/python3.7/site-packages/airflow/operators/bash.py", line 197, in execute
    f'Bash command failed. The command returned a non-zero exit code {result.exit_code}.'
airflow.exceptions.AirflowException: Bash command failed. The command returned a non-zero exit code 1.
[2022-11-16T22:33:20.549+0000] {taskinstance.py:1406} INFO - Marking task as FAILED. dag_id=MyPersonalAirflowProject, task_id=Print_Imported_data, execution_date=20221107T000000, start_date=20221116T223320, end_date=20221116T223320
[2022-11-16T22:33:20.566+0000] {standard_task_runner.py:105} ERROR - Failed to execute job 1668 for task Print_Imported_data (Bash command failed. The command returned a non-zero exit code 1.; 6309)
[2022-11-16T22:33:20.595+0000] {local_task_job.py:164} INFO - Task exited with return code 1
[2022-11-16T22:33:20.619+0000] {local_task_job.py:273} INFO - 0 downstream tasks scheduled from follow-on schedule check
[2022-11-17T16:44:17.266+0000] {taskinstance.py:1165} INFO - Dependencies all met for <TaskInstance: MyPersonalAirflowProject.Print_Imported_data scheduled__2022-11-07T00:00:00+00:00 [queued]>
[2022-11-17T16:44:17.279+0000] {taskinstance.py:1165} INFO - Dependencies all met for <TaskInstance: MyPersonalAirflowProject.Print_Imported_data scheduled__2022-11-07T00:00:00+00:00 [queued]>
[2022-11-17T16:44:17.280+0000] {taskinstance.py:1362} INFO - 
--------------------------------------------------------------------------------
[2022-11-17T16:44:17.280+0000] {taskinstance.py:1363} INFO - Starting attempt 1 of 1
[2022-11-17T16:44:17.281+0000] {taskinstance.py:1364} INFO - 
--------------------------------------------------------------------------------
[2022-11-17T16:44:17.303+0000] {taskinstance.py:1383} INFO - Executing <Task(BashOperator): Print_Imported_data> on 2022-11-07 00:00:00+00:00
[2022-11-17T16:44:17.308+0000] {standard_task_runner.py:55} INFO - Started process 4746 to run task
[2022-11-17T16:44:17.311+0000] {standard_task_runner.py:82} INFO - Running: ['***', 'tasks', 'run', 'MyPersonalAirflowProject', 'Print_Imported_data', 'scheduled__2022-11-07T00:00:00+00:00', '--job-id', '2325', '--raw', '--subdir', 'DAGS_FOLDER/FinalPersonalProject.py', '--cfg-path', '/tmp/tmpd_9h8o_9']
[2022-11-17T16:44:17.311+0000] {standard_task_runner.py:83} INFO - Job 2325: Subtask Print_Imported_data
[2022-11-17T16:44:17.377+0000] {task_command.py:376} INFO - Running <TaskInstance: MyPersonalAirflowProject.Print_Imported_data scheduled__2022-11-07T00:00:00+00:00 [running]> on host 638485efabe7
[2022-11-17T16:44:17.454+0000] {taskinstance.py:1592} INFO - Exporting the following env vars:
AIRFLOW_CTX_DAG_OWNER=***
AIRFLOW_CTX_DAG_ID=MyPersonalAirflowProject
AIRFLOW_CTX_TASK_ID=Print_Imported_data
AIRFLOW_CTX_EXECUTION_DATE=2022-11-07T00:00:00+00:00
AIRFLOW_CTX_TRY_NUMBER=1
AIRFLOW_CTX_DAG_RUN_ID=scheduled__2022-11-07T00:00:00+00:00
[2022-11-17T16:44:17.456+0000] {subprocess.py:63} INFO - Tmp dir root location: 
 /tmp
[2022-11-17T16:44:17.457+0000] {subprocess.py:75} INFO - Running command: ['/bin/bash', '-c', 'ls /tmp/ && head /tmp/platzi_data_20221107.csv']
[2022-11-17T16:44:17.468+0000] {subprocess.py:86} INFO - Output:
[2022-11-17T16:44:17.472+0000] {subprocess.py:93} INFO - ***tmp26caj76l
[2022-11-17T16:44:17.472+0000] {subprocess.py:93} INFO - ***tmpk5xxq3nx
[2022-11-17T16:44:17.473+0000] {subprocess.py:93} INFO - ***tmplkvca7ip
[2022-11-17T16:44:17.473+0000] {subprocess.py:93} INFO - ***tmpodkacs8z
[2022-11-17T16:44:17.474+0000] {subprocess.py:93} INFO - file.txt
[2022-11-17T16:44:17.474+0000] {subprocess.py:93} INFO - history.json
[2022-11-17T16:44:17.474+0000] {subprocess.py:93} INFO - platzi_data_20221001.csv
[2022-11-17T16:44:17.475+0000] {subprocess.py:93} INFO - platzi_data_20221002.csv
[2022-11-17T16:44:17.475+0000] {subprocess.py:93} INFO - platzi_data_20221003.csv
[2022-11-17T16:44:17.475+0000] {subprocess.py:93} INFO - platzi_data_20221004.csv
[2022-11-17T16:44:17.476+0000] {subprocess.py:93} INFO - platzi_data_20221005.csv
[2022-11-17T16:44:17.476+0000] {subprocess.py:93} INFO - platzi_data_20221006.csv
[2022-11-17T16:44:17.476+0000] {subprocess.py:93} INFO - platzi_data_20221007.csv
[2022-11-17T16:44:17.476+0000] {subprocess.py:93} INFO - platzi_data_20221008.csv
[2022-11-17T16:44:17.477+0000] {subprocess.py:93} INFO - platzi_data_20221009.csv
[2022-11-17T16:44:17.477+0000] {subprocess.py:93} INFO - platzi_data_20221010.csv
[2022-11-17T16:44:17.477+0000] {subprocess.py:93} INFO - platzi_data_20221011.csv
[2022-11-17T16:44:17.478+0000] {subprocess.py:93} INFO - platzi_data_20221012.csv
[2022-11-17T16:44:17.478+0000] {subprocess.py:93} INFO - platzi_data_20221013.csv
[2022-11-17T16:44:17.478+0000] {subprocess.py:93} INFO - platzi_data_20221014.csv
[2022-11-17T16:44:17.479+0000] {subprocess.py:93} INFO - platzi_data_20221015.csv
[2022-11-17T16:44:17.479+0000] {subprocess.py:93} INFO - platzi_data_20221016.csv
[2022-11-17T16:44:17.479+0000] {subprocess.py:93} INFO - platzi_data_20221017.csv
[2022-11-17T16:44:17.480+0000] {subprocess.py:93} INFO - platzi_data_20221018.csv
[2022-11-17T16:44:17.480+0000] {subprocess.py:93} INFO - platzi_data_20221019.csv
[2022-11-17T16:44:17.480+0000] {subprocess.py:93} INFO - platzi_data_20221020.csv
[2022-11-17T16:44:17.480+0000] {subprocess.py:93} INFO - platzi_data_20221021.csv
[2022-11-17T16:44:17.481+0000] {subprocess.py:93} INFO - platzi_data_20221022.csv
[2022-11-17T16:44:17.481+0000] {subprocess.py:93} INFO - platzi_data_20221023.csv
[2022-11-17T16:44:17.481+0000] {subprocess.py:93} INFO - platzi_data_20221024.csv
[2022-11-17T16:44:17.481+0000] {subprocess.py:93} INFO - platzi_data_20221025.csv
[2022-11-17T16:44:17.482+0000] {subprocess.py:93} INFO - platzi_data_20221026.csv
[2022-11-17T16:44:17.482+0000] {subprocess.py:93} INFO - platzi_data_20221027.csv
[2022-11-17T16:44:17.482+0000] {subprocess.py:93} INFO - platzi_data_20221028.csv
[2022-11-17T16:44:17.483+0000] {subprocess.py:93} INFO - platzi_data_20221029.csv
[2022-11-17T16:44:17.483+0000] {subprocess.py:93} INFO - platzi_data_20221030.csv
[2022-11-17T16:44:17.483+0000] {subprocess.py:93} INFO - platzi_data_20221031.csv
[2022-11-17T16:44:17.483+0000] {subprocess.py:93} INFO - platzi_data_20221101.csv
[2022-11-17T16:44:17.484+0000] {subprocess.py:93} INFO - platzi_data_20221102.csv
[2022-11-17T16:44:17.484+0000] {subprocess.py:93} INFO - platzi_data_20221103.csv
[2022-11-17T16:44:17.484+0000] {subprocess.py:93} INFO - platzi_data_20221104.csv
[2022-11-17T16:44:17.485+0000] {subprocess.py:93} INFO - platzi_data_20221105.csv
[2022-11-17T16:44:17.485+0000] {subprocess.py:93} INFO - platzi_data_20221106.csv
[2022-11-17T16:44:17.485+0000] {subprocess.py:93} INFO - platzi_data_20221107.csv
[2022-11-17T16:44:17.485+0000] {subprocess.py:93} INFO - platzi_data_20221108.csv
[2022-11-17T16:44:17.486+0000] {subprocess.py:93} INFO - platzi_data_20221109.csv
[2022-11-17T16:44:17.486+0000] {subprocess.py:93} INFO - platzi_data_20221110.csv
[2022-11-17T16:44:17.486+0000] {subprocess.py:93} INFO - platzi_data_20221111.csv
[2022-11-17T16:44:17.487+0000] {subprocess.py:93} INFO - platzi_data_20221112.csv
[2022-11-17T16:44:17.487+0000] {subprocess.py:93} INFO - platzi_data_20221113.csv
[2022-11-17T16:44:17.487+0000] {subprocess.py:93} INFO - platzi_data_20221114.csv
[2022-11-17T16:44:17.488+0000] {subprocess.py:93} INFO - platzi_data_20221115.csv
[2022-11-17T16:44:17.488+0000] {subprocess.py:93} INFO - platzi_data_20221116.csv
[2022-11-17T16:44:17.488+0000] {subprocess.py:93} INFO - pymp-8yik9lbi
[2022-11-17T16:44:17.489+0000] {subprocess.py:93} INFO - pymp-sbqt6pho
[2022-11-17T16:44:17.489+0000] {subprocess.py:93} INFO - reponse_20221001.txt
[2022-11-17T16:44:17.489+0000] {subprocess.py:93} INFO - reponse_20221002.txt
[2022-11-17T16:44:17.489+0000] {subprocess.py:93} INFO - reponse_20221003.txt
[2022-11-17T16:44:17.490+0000] {subprocess.py:93} INFO - reponse_20221004.txt
[2022-11-17T16:44:17.490+0000] {subprocess.py:93} INFO - reponse_20221005.txt
[2022-11-17T16:44:17.490+0000] {subprocess.py:93} INFO - reponse_20221006.txt
[2022-11-17T16:44:17.490+0000] {subprocess.py:93} INFO - reponse_20221007.txt
[2022-11-17T16:44:17.491+0000] {subprocess.py:93} INFO - reponse_20221008.txt
[2022-11-17T16:44:17.491+0000] {subprocess.py:93} INFO - reponse_20221009.txt
[2022-11-17T16:44:17.491+0000] {subprocess.py:93} INFO - reponse_20221010.txt
[2022-11-17T16:44:17.492+0000] {subprocess.py:93} INFO - reponse_20221011.txt
[2022-11-17T16:44:17.492+0000] {subprocess.py:93} INFO - reponse_20221012.txt
[2022-11-17T16:44:17.492+0000] {subprocess.py:93} INFO - reponse_20221013.txt
[2022-11-17T16:44:17.493+0000] {subprocess.py:93} INFO - reponse_20221014.txt
[2022-11-17T16:44:17.493+0000] {subprocess.py:93} INFO - reponse_20221015.txt
[2022-11-17T16:44:17.493+0000] {subprocess.py:93} INFO - reponse_20221016.txt
[2022-11-17T16:44:17.493+0000] {subprocess.py:93} INFO - reponse_20221017.txt
[2022-11-17T16:44:17.494+0000] {subprocess.py:93} INFO - reponse_20221018.txt
[2022-11-17T16:44:17.494+0000] {subprocess.py:93} INFO - reponse_20221019.txt
[2022-11-17T16:44:17.494+0000] {subprocess.py:93} INFO - reponse_20221020.txt
[2022-11-17T16:44:17.495+0000] {subprocess.py:93} INFO - reponse_20221021.txt
[2022-11-17T16:44:17.495+0000] {subprocess.py:93} INFO - reponse_20221022.txt
[2022-11-17T16:44:17.495+0000] {subprocess.py:93} INFO - reponse_20221023.txt
[2022-11-17T16:44:17.496+0000] {subprocess.py:93} INFO - reponse_20221024.txt
[2022-11-17T16:44:17.496+0000] {subprocess.py:93} INFO - reponse_20221025.txt
[2022-11-17T16:44:17.496+0000] {subprocess.py:93} INFO - reponse_20221026.txt
[2022-11-17T16:44:17.496+0000] {subprocess.py:93} INFO - reponse_20221027.txt
[2022-11-17T16:44:17.497+0000] {subprocess.py:93} INFO - reponse_20221028.txt
[2022-11-17T16:44:17.497+0000] {subprocess.py:93} INFO - reponse_20221029.txt
[2022-11-17T16:44:17.497+0000] {subprocess.py:93} INFO - reponse_20221030.txt
[2022-11-17T16:44:17.497+0000] {subprocess.py:93} INFO - reponse_20221031.txt
[2022-11-17T16:44:17.498+0000] {subprocess.py:93} INFO - reponse_20221101.txt
[2022-11-17T16:44:17.498+0000] {subprocess.py:93} INFO - reponse_20221102.txt
[2022-11-17T16:44:17.498+0000] {subprocess.py:93} INFO - reponse_20221103.txt
[2022-11-17T16:44:17.499+0000] {subprocess.py:93} INFO - reponse_20221104.txt
[2022-11-17T16:44:17.499+0000] {subprocess.py:93} INFO - reponse_20221105.txt
[2022-11-17T16:44:17.499+0000] {subprocess.py:93} INFO - reponse_20221106.txt
[2022-11-17T16:44:17.499+0000] {subprocess.py:93} INFO - reponse_20221107.txt
[2022-11-17T16:44:17.500+0000] {subprocess.py:93} INFO - reponse_20221108.txt
[2022-11-17T16:44:17.500+0000] {subprocess.py:93} INFO - reponse_20221109.txt
[2022-11-17T16:44:17.500+0000] {subprocess.py:93} INFO - reponse_20221110.txt
[2022-11-17T16:44:17.501+0000] {subprocess.py:93} INFO - reponse_20221111.txt
[2022-11-17T16:44:17.501+0000] {subprocess.py:93} INFO - reponse_20221112.txt
[2022-11-17T16:44:17.501+0000] {subprocess.py:93} INFO - reponse_20221113.txt
[2022-11-17T16:44:17.501+0000] {subprocess.py:93} INFO - reponse_20221114.txt
[2022-11-17T16:44:17.502+0000] {subprocess.py:93} INFO - reponse_20221115.txt
[2022-11-17T16:44:17.502+0000] {subprocess.py:93} INFO - reponse_20221116.txt
[2022-11-17T16:44:17.502+0000] {subprocess.py:93} INFO - tmp061o5asr
[2022-11-17T16:44:17.503+0000] {subprocess.py:93} INFO - tmp1b_v374g
[2022-11-17T16:44:17.503+0000] {subprocess.py:93} INFO - tmp2n3y4qb3
[2022-11-17T16:44:17.503+0000] {subprocess.py:93} INFO - tmp2ztydtyd
[2022-11-17T16:44:17.503+0000] {subprocess.py:93} INFO - tmp546oqdk0
[2022-11-17T16:44:17.504+0000] {subprocess.py:93} INFO - tmp57roj99h
[2022-11-17T16:44:17.504+0000] {subprocess.py:93} INFO - tmp5lejojs5
[2022-11-17T16:44:17.504+0000] {subprocess.py:93} INFO - tmp5nj2onwa
[2022-11-17T16:44:17.505+0000] {subprocess.py:93} INFO - tmp64cxrvul
[2022-11-17T16:44:17.505+0000] {subprocess.py:93} INFO - tmp6g4l21c1
[2022-11-17T16:44:17.505+0000] {subprocess.py:93} INFO - tmp7c6bgots
[2022-11-17T16:44:17.505+0000] {subprocess.py:93} INFO - tmp7khebugo
[2022-11-17T16:44:17.506+0000] {subprocess.py:93} INFO - tmp7lvtz6wk
[2022-11-17T16:44:17.506+0000] {subprocess.py:93} INFO - tmp8_n1aj39
[2022-11-17T16:44:17.506+0000] {subprocess.py:93} INFO - tmp8c_dsk2e
[2022-11-17T16:44:17.506+0000] {subprocess.py:93} INFO - tmp928ntdt7
[2022-11-17T16:44:17.507+0000] {subprocess.py:93} INFO - tmp9503grtb
[2022-11-17T16:44:17.507+0000] {subprocess.py:93} INFO - tmp_afh1uos
[2022-11-17T16:44:17.507+0000] {subprocess.py:93} INFO - tmp_m6lsnw3
[2022-11-17T16:44:17.507+0000] {subprocess.py:93} INFO - tmp_vy6n6_q
[2022-11-17T16:44:17.508+0000] {subprocess.py:93} INFO - tmpcnj5oj8y
[2022-11-17T16:44:17.508+0000] {subprocess.py:93} INFO - tmpcu_pom_6
[2022-11-17T16:44:17.508+0000] {subprocess.py:93} INFO - tmpdmc2g1zb
[2022-11-17T16:44:17.509+0000] {subprocess.py:93} INFO - tmpe4k1ogev
[2022-11-17T16:44:17.509+0000] {subprocess.py:93} INFO - tmpg_n88zm7
[2022-11-17T16:44:17.509+0000] {subprocess.py:93} INFO - tmpgg8mkst1
[2022-11-17T16:44:17.509+0000] {subprocess.py:93} INFO - tmpgi8v82jx
[2022-11-17T16:44:17.510+0000] {subprocess.py:93} INFO - tmpiez6kail
[2022-11-17T16:44:17.510+0000] {subprocess.py:93} INFO - tmpj1n4wxza
[2022-11-17T16:44:17.510+0000] {subprocess.py:93} INFO - tmpjsznho2e
[2022-11-17T16:44:17.510+0000] {subprocess.py:93} INFO - tmpkrg9_cgk
[2022-11-17T16:44:17.511+0000] {subprocess.py:93} INFO - tmpl13ymsfs
[2022-11-17T16:44:17.511+0000] {subprocess.py:93} INFO - tmplrbhl64b
[2022-11-17T16:44:17.511+0000] {subprocess.py:93} INFO - tmpn38ozedg
[2022-11-17T16:44:17.512+0000] {subprocess.py:93} INFO - tmpn96u_4ih
[2022-11-17T16:44:17.512+0000] {subprocess.py:93} INFO - tmpo3nf6k5c
[2022-11-17T16:44:17.512+0000] {subprocess.py:93} INFO - tmpoy_ljy8t
[2022-11-17T16:44:17.512+0000] {subprocess.py:93} INFO - tmpp4w9yq6x
[2022-11-17T16:44:17.513+0000] {subprocess.py:93} INFO - tmppfidxzjr
[2022-11-17T16:44:17.513+0000] {subprocess.py:93} INFO - tmpr681bhfw
[2022-11-17T16:44:17.513+0000] {subprocess.py:93} INFO - tmpr9102hwf
[2022-11-17T16:44:17.514+0000] {subprocess.py:93} INFO - tmpt4qo16oq
[2022-11-17T16:44:17.514+0000] {subprocess.py:93} INFO - tmptn832g5z
[2022-11-17T16:44:17.514+0000] {subprocess.py:93} INFO - tmpu9qbl0wh
[2022-11-17T16:44:17.515+0000] {subprocess.py:93} INFO - tmpuq8ywung
[2022-11-17T16:44:17.515+0000] {subprocess.py:93} INFO - tmpv606o9_9
[2022-11-17T16:44:17.515+0000] {subprocess.py:93} INFO - tmpxf7g1lc4
[2022-11-17T16:44:17.515+0000] {subprocess.py:93} INFO - tmpxktobcjf
[2022-11-17T16:44:17.516+0000] {subprocess.py:93} INFO - tmpz91iizm7
[2022-11-17T16:44:17.516+0000] {subprocess.py:93} INFO - ,student,timestamp
[2022-11-17T16:44:17.516+0000] {subprocess.py:93} INFO - 0,Maria Cruz,2022-11-07 00:00:00+00:00
[2022-11-17T16:44:17.517+0000] {subprocess.py:93} INFO - 1,Daniel Crema,2022-11-07 00:00:00+00:00
[2022-11-17T16:44:17.517+0000] {subprocess.py:93} INFO - 2,Elon Musk,2022-11-07 00:00:00+00:00
[2022-11-17T16:44:17.517+0000] {subprocess.py:93} INFO - 3,Karol Castrejon,2022-11-07 00:00:00+00:00
[2022-11-17T16:44:17.517+0000] {subprocess.py:93} INFO - 4,Freddy Vega,2022-11-07 00:00:00+00:00
[2022-11-17T16:44:17.518+0000] {subprocess.py:93} INFO - 5,Freddy Montañez,2022-11-07 00:00:00+00:00
[2022-11-17T16:44:17.518+0000] {subprocess.py:97} INFO - Command exited with return code 0
[2022-11-17T16:44:17.546+0000] {taskinstance.py:1406} INFO - Marking task as SUCCESS. dag_id=MyPersonalAirflowProject, task_id=Print_Imported_data, execution_date=20221107T000000, start_date=20221117T164417, end_date=20221117T164417
[2022-11-17T16:44:17.603+0000] {local_task_job.py:164} INFO - Task exited with return code 0
[2022-11-17T16:44:17.630+0000] {local_task_job.py:273} INFO - 2 downstream tasks scheduled from follow-on schedule check
[2022-11-17T17:35:17.553+0000] {taskinstance.py:1165} INFO - Dependencies all met for <TaskInstance: MyPersonalAirflowProject.Print_Imported_data scheduled__2022-11-07T00:00:00+00:00 [queued]>
[2022-11-17T17:35:17.568+0000] {taskinstance.py:1165} INFO - Dependencies all met for <TaskInstance: MyPersonalAirflowProject.Print_Imported_data scheduled__2022-11-07T00:00:00+00:00 [queued]>
[2022-11-17T17:35:17.568+0000] {taskinstance.py:1362} INFO - 
--------------------------------------------------------------------------------
[2022-11-17T17:35:17.569+0000] {taskinstance.py:1363} INFO - Starting attempt 1 of 1
[2022-11-17T17:35:17.569+0000] {taskinstance.py:1364} INFO - 
--------------------------------------------------------------------------------
[2022-11-17T17:35:17.586+0000] {taskinstance.py:1383} INFO - Executing <Task(BashOperator): Print_Imported_data> on 2022-11-07 00:00:00+00:00
[2022-11-17T17:35:17.591+0000] {standard_task_runner.py:55} INFO - Started process 8358 to run task
[2022-11-17T17:35:17.594+0000] {standard_task_runner.py:82} INFO - Running: ['***', 'tasks', 'run', 'MyPersonalAirflowProject', 'Print_Imported_data', 'scheduled__2022-11-07T00:00:00+00:00', '--job-id', '2735', '--raw', '--subdir', 'DAGS_FOLDER/FinalPersonalProject.py', '--cfg-path', '/tmp/tmprnretsya']
[2022-11-17T17:35:17.595+0000] {standard_task_runner.py:83} INFO - Job 2735: Subtask Print_Imported_data
[2022-11-17T17:35:17.661+0000] {task_command.py:376} INFO - Running <TaskInstance: MyPersonalAirflowProject.Print_Imported_data scheduled__2022-11-07T00:00:00+00:00 [running]> on host 638485efabe7
[2022-11-17T17:35:17.747+0000] {taskinstance.py:1592} INFO - Exporting the following env vars:
AIRFLOW_CTX_DAG_OWNER=***
AIRFLOW_CTX_DAG_ID=MyPersonalAirflowProject
AIRFLOW_CTX_TASK_ID=Print_Imported_data
AIRFLOW_CTX_EXECUTION_DATE=2022-11-07T00:00:00+00:00
AIRFLOW_CTX_TRY_NUMBER=1
AIRFLOW_CTX_DAG_RUN_ID=scheduled__2022-11-07T00:00:00+00:00
[2022-11-17T17:35:17.749+0000] {subprocess.py:63} INFO - Tmp dir root location: 
 /tmp
[2022-11-17T17:35:17.751+0000] {subprocess.py:75} INFO - Running command: ['/bin/bash', '-c', 'ls /tmp/ && head /tmp/platzi_data_20221107.csv']
[2022-11-17T17:35:17.763+0000] {subprocess.py:86} INFO - Output:
[2022-11-17T17:35:17.767+0000] {subprocess.py:93} INFO - ***tmpd9d34ebz
[2022-11-17T17:35:17.768+0000] {subprocess.py:93} INFO - ***tmpk5xxq3nx
[2022-11-17T17:35:17.768+0000] {subprocess.py:93} INFO - ***tmplkvca7ip
[2022-11-17T17:35:17.769+0000] {subprocess.py:93} INFO - ***tmpodkacs8z
[2022-11-17T17:35:17.769+0000] {subprocess.py:93} INFO - file.txt
[2022-11-17T17:35:17.770+0000] {subprocess.py:93} INFO - history.json
[2022-11-17T17:35:17.770+0000] {subprocess.py:93} INFO - platzi_data_20221001.csv
[2022-11-17T17:35:17.770+0000] {subprocess.py:93} INFO - platzi_data_20221002.csv
[2022-11-17T17:35:17.770+0000] {subprocess.py:93} INFO - platzi_data_20221003.csv
[2022-11-17T17:35:17.771+0000] {subprocess.py:93} INFO - platzi_data_20221004.csv
[2022-11-17T17:35:17.771+0000] {subprocess.py:93} INFO - platzi_data_20221005.csv
[2022-11-17T17:35:17.771+0000] {subprocess.py:93} INFO - platzi_data_20221006.csv
[2022-11-17T17:35:17.772+0000] {subprocess.py:93} INFO - platzi_data_20221007.csv
[2022-11-17T17:35:17.772+0000] {subprocess.py:93} INFO - platzi_data_20221008.csv
[2022-11-17T17:35:17.772+0000] {subprocess.py:93} INFO - platzi_data_20221009.csv
[2022-11-17T17:35:17.773+0000] {subprocess.py:93} INFO - platzi_data_20221010.csv
[2022-11-17T17:35:17.773+0000] {subprocess.py:93} INFO - platzi_data_20221011.csv
[2022-11-17T17:35:17.773+0000] {subprocess.py:93} INFO - platzi_data_20221012.csv
[2022-11-17T17:35:17.774+0000] {subprocess.py:93} INFO - platzi_data_20221013.csv
[2022-11-17T17:35:17.774+0000] {subprocess.py:93} INFO - platzi_data_20221014.csv
[2022-11-17T17:35:17.774+0000] {subprocess.py:93} INFO - platzi_data_20221015.csv
[2022-11-17T17:35:17.774+0000] {subprocess.py:93} INFO - platzi_data_20221016.csv
[2022-11-17T17:35:17.775+0000] {subprocess.py:93} INFO - platzi_data_20221017.csv
[2022-11-17T17:35:17.775+0000] {subprocess.py:93} INFO - platzi_data_20221018.csv
[2022-11-17T17:35:17.775+0000] {subprocess.py:93} INFO - platzi_data_20221019.csv
[2022-11-17T17:35:17.776+0000] {subprocess.py:93} INFO - platzi_data_20221020.csv
[2022-11-17T17:35:17.776+0000] {subprocess.py:93} INFO - platzi_data_20221021.csv
[2022-11-17T17:35:17.776+0000] {subprocess.py:93} INFO - platzi_data_20221022.csv
[2022-11-17T17:35:17.776+0000] {subprocess.py:93} INFO - platzi_data_20221023.csv
[2022-11-17T17:35:17.777+0000] {subprocess.py:93} INFO - platzi_data_20221024.csv
[2022-11-17T17:35:17.777+0000] {subprocess.py:93} INFO - platzi_data_20221025.csv
[2022-11-17T17:35:17.777+0000] {subprocess.py:93} INFO - platzi_data_20221026.csv
[2022-11-17T17:35:17.778+0000] {subprocess.py:93} INFO - platzi_data_20221027.csv
[2022-11-17T17:35:17.778+0000] {subprocess.py:93} INFO - platzi_data_20221028.csv
[2022-11-17T17:35:17.778+0000] {subprocess.py:93} INFO - platzi_data_20221029.csv
[2022-11-17T17:35:17.779+0000] {subprocess.py:93} INFO - platzi_data_20221030.csv
[2022-11-17T17:35:17.779+0000] {subprocess.py:93} INFO - platzi_data_20221031.csv
[2022-11-17T17:35:17.779+0000] {subprocess.py:93} INFO - platzi_data_20221101.csv
[2022-11-17T17:35:17.780+0000] {subprocess.py:93} INFO - platzi_data_20221102.csv
[2022-11-17T17:35:17.780+0000] {subprocess.py:93} INFO - platzi_data_20221103.csv
[2022-11-17T17:35:17.780+0000] {subprocess.py:93} INFO - platzi_data_20221104.csv
[2022-11-17T17:35:17.781+0000] {subprocess.py:93} INFO - platzi_data_20221105.csv
[2022-11-17T17:35:17.781+0000] {subprocess.py:93} INFO - platzi_data_20221106.csv
[2022-11-17T17:35:17.781+0000] {subprocess.py:93} INFO - platzi_data_20221107.csv
[2022-11-17T17:35:17.781+0000] {subprocess.py:93} INFO - platzi_data_20221108.csv
[2022-11-17T17:35:17.782+0000] {subprocess.py:93} INFO - platzi_data_20221109.csv
[2022-11-17T17:35:17.782+0000] {subprocess.py:93} INFO - platzi_data_20221110.csv
[2022-11-17T17:35:17.782+0000] {subprocess.py:93} INFO - platzi_data_20221111.csv
[2022-11-17T17:35:17.783+0000] {subprocess.py:93} INFO - platzi_data_20221112.csv
[2022-11-17T17:35:17.783+0000] {subprocess.py:93} INFO - platzi_data_20221113.csv
[2022-11-17T17:35:17.783+0000] {subprocess.py:93} INFO - platzi_data_20221114.csv
[2022-11-17T17:35:17.784+0000] {subprocess.py:93} INFO - platzi_data_20221115.csv
[2022-11-17T17:35:17.785+0000] {subprocess.py:93} INFO - platzi_data_20221116.csv
[2022-11-17T17:35:17.785+0000] {subprocess.py:93} INFO - pymp-8yik9lbi
[2022-11-17T17:35:17.786+0000] {subprocess.py:93} INFO - pymp-sbqt6pho
[2022-11-17T17:35:17.786+0000] {subprocess.py:93} INFO - reponse_20221001.txt
[2022-11-17T17:35:17.787+0000] {subprocess.py:93} INFO - reponse_20221002.txt
[2022-11-17T17:35:17.787+0000] {subprocess.py:93} INFO - reponse_20221003.txt
[2022-11-17T17:35:17.787+0000] {subprocess.py:93} INFO - reponse_20221004.txt
[2022-11-17T17:35:17.788+0000] {subprocess.py:93} INFO - reponse_20221005.txt
[2022-11-17T17:35:17.788+0000] {subprocess.py:93} INFO - reponse_20221006.txt
[2022-11-17T17:35:17.789+0000] {subprocess.py:93} INFO - reponse_20221007.txt
[2022-11-17T17:35:17.789+0000] {subprocess.py:93} INFO - reponse_20221008.txt
[2022-11-17T17:35:17.789+0000] {subprocess.py:93} INFO - reponse_20221009.txt
[2022-11-17T17:35:17.790+0000] {subprocess.py:93} INFO - reponse_20221010.txt
[2022-11-17T17:35:17.790+0000] {subprocess.py:93} INFO - reponse_20221011.txt
[2022-11-17T17:35:17.790+0000] {subprocess.py:93} INFO - reponse_20221012.txt
[2022-11-17T17:35:17.790+0000] {subprocess.py:93} INFO - reponse_20221013.txt
[2022-11-17T17:35:17.791+0000] {subprocess.py:93} INFO - reponse_20221014.txt
[2022-11-17T17:35:17.791+0000] {subprocess.py:93} INFO - reponse_20221015.txt
[2022-11-17T17:35:17.792+0000] {subprocess.py:93} INFO - reponse_20221016.txt
[2022-11-17T17:35:17.792+0000] {subprocess.py:93} INFO - reponse_20221017.txt
[2022-11-17T17:35:17.792+0000] {subprocess.py:93} INFO - reponse_20221018.txt
[2022-11-17T17:35:17.793+0000] {subprocess.py:93} INFO - reponse_20221019.txt
[2022-11-17T17:35:17.793+0000] {subprocess.py:93} INFO - reponse_20221020.txt
[2022-11-17T17:35:17.794+0000] {subprocess.py:93} INFO - reponse_20221021.txt
[2022-11-17T17:35:17.794+0000] {subprocess.py:93} INFO - reponse_20221022.txt
[2022-11-17T17:35:17.795+0000] {subprocess.py:93} INFO - reponse_20221023.txt
[2022-11-17T17:35:17.795+0000] {subprocess.py:93} INFO - reponse_20221024.txt
[2022-11-17T17:35:17.795+0000] {subprocess.py:93} INFO - reponse_20221025.txt
[2022-11-17T17:35:17.796+0000] {subprocess.py:93} INFO - reponse_20221026.txt
[2022-11-17T17:35:17.796+0000] {subprocess.py:93} INFO - reponse_20221027.txt
[2022-11-17T17:35:17.796+0000] {subprocess.py:93} INFO - reponse_20221028.txt
[2022-11-17T17:35:17.797+0000] {subprocess.py:93} INFO - reponse_20221029.txt
[2022-11-17T17:35:17.797+0000] {subprocess.py:93} INFO - reponse_20221030.txt
[2022-11-17T17:35:17.797+0000] {subprocess.py:93} INFO - reponse_20221031.txt
[2022-11-17T17:35:17.797+0000] {subprocess.py:93} INFO - reponse_20221101.txt
[2022-11-17T17:35:17.798+0000] {subprocess.py:93} INFO - reponse_20221102.txt
[2022-11-17T17:35:17.798+0000] {subprocess.py:93} INFO - reponse_20221103.txt
[2022-11-17T17:35:17.798+0000] {subprocess.py:93} INFO - reponse_20221104.txt
[2022-11-17T17:35:17.799+0000] {subprocess.py:93} INFO - reponse_20221105.txt
[2022-11-17T17:35:17.800+0000] {subprocess.py:93} INFO - reponse_20221106.txt
[2022-11-17T17:35:17.800+0000] {subprocess.py:93} INFO - reponse_20221107.txt
[2022-11-17T17:35:17.801+0000] {subprocess.py:93} INFO - reponse_20221108.txt
[2022-11-17T17:35:17.801+0000] {subprocess.py:93} INFO - reponse_20221109.txt
[2022-11-17T17:35:17.801+0000] {subprocess.py:93} INFO - reponse_20221110.txt
[2022-11-17T17:35:17.802+0000] {subprocess.py:93} INFO - reponse_20221111.txt
[2022-11-17T17:35:17.802+0000] {subprocess.py:93} INFO - reponse_20221112.txt
[2022-11-17T17:35:17.802+0000] {subprocess.py:93} INFO - reponse_20221113.txt
[2022-11-17T17:35:17.802+0000] {subprocess.py:93} INFO - reponse_20221114.txt
[2022-11-17T17:35:17.803+0000] {subprocess.py:93} INFO - reponse_20221115.txt
[2022-11-17T17:35:17.803+0000] {subprocess.py:93} INFO - reponse_20221116.txt
[2022-11-17T17:35:17.803+0000] {subprocess.py:93} INFO - tmp061o5asr
[2022-11-17T17:35:17.803+0000] {subprocess.py:93} INFO - tmp1b_v374g
[2022-11-17T17:35:17.804+0000] {subprocess.py:93} INFO - tmp2n3y4qb3
[2022-11-17T17:35:17.804+0000] {subprocess.py:93} INFO - tmp2ztydtyd
[2022-11-17T17:35:17.804+0000] {subprocess.py:93} INFO - tmp546oqdk0
[2022-11-17T17:35:17.805+0000] {subprocess.py:93} INFO - tmp57roj99h
[2022-11-17T17:35:17.805+0000] {subprocess.py:93} INFO - tmp5lejojs5
[2022-11-17T17:35:17.805+0000] {subprocess.py:93} INFO - tmp5nj2onwa
[2022-11-17T17:35:17.805+0000] {subprocess.py:93} INFO - tmp64cxrvul
[2022-11-17T17:35:17.806+0000] {subprocess.py:93} INFO - tmp6g4l21c1
[2022-11-17T17:35:17.806+0000] {subprocess.py:93} INFO - tmp7c6bgots
[2022-11-17T17:35:17.806+0000] {subprocess.py:93} INFO - tmp7khebugo
[2022-11-17T17:35:17.806+0000] {subprocess.py:93} INFO - tmp7lvtz6wk
[2022-11-17T17:35:17.807+0000] {subprocess.py:93} INFO - tmp8_n1aj39
[2022-11-17T17:35:17.807+0000] {subprocess.py:93} INFO - tmp8c_dsk2e
[2022-11-17T17:35:17.807+0000] {subprocess.py:93} INFO - tmp928ntdt7
[2022-11-17T17:35:17.807+0000] {subprocess.py:93} INFO - tmp9503grtb
[2022-11-17T17:35:17.808+0000] {subprocess.py:93} INFO - tmp_afh1uos
[2022-11-17T17:35:17.808+0000] {subprocess.py:93} INFO - tmp_m6lsnw3
[2022-11-17T17:35:17.808+0000] {subprocess.py:93} INFO - tmp_vy6n6_q
[2022-11-17T17:35:17.808+0000] {subprocess.py:93} INFO - tmpcnj5oj8y
[2022-11-17T17:35:17.809+0000] {subprocess.py:93} INFO - tmpcu_pom_6
[2022-11-17T17:35:17.810+0000] {subprocess.py:93} INFO - tmpdmc2g1zb
[2022-11-17T17:35:17.810+0000] {subprocess.py:93} INFO - tmpe4k1ogev
[2022-11-17T17:35:17.811+0000] {subprocess.py:93} INFO - tmpg_n88zm7
[2022-11-17T17:35:17.811+0000] {subprocess.py:93} INFO - tmpgg8mkst1
[2022-11-17T17:35:17.811+0000] {subprocess.py:93} INFO - tmpgi8v82jx
[2022-11-17T17:35:17.812+0000] {subprocess.py:93} INFO - tmpiez6kail
[2022-11-17T17:35:17.812+0000] {subprocess.py:93} INFO - tmpj1n4wxza
[2022-11-17T17:35:17.813+0000] {subprocess.py:93} INFO - tmpjsznho2e
[2022-11-17T17:35:17.813+0000] {subprocess.py:93} INFO - tmpkrg9_cgk
[2022-11-17T17:35:17.814+0000] {subprocess.py:93} INFO - tmpl13ymsfs
[2022-11-17T17:35:17.814+0000] {subprocess.py:93} INFO - tmplrbhl64b
[2022-11-17T17:35:17.815+0000] {subprocess.py:93} INFO - tmpn38ozedg
[2022-11-17T17:35:17.815+0000] {subprocess.py:93} INFO - tmpn96u_4ih
[2022-11-17T17:35:17.816+0000] {subprocess.py:93} INFO - tmpo3nf6k5c
[2022-11-17T17:35:17.816+0000] {subprocess.py:93} INFO - tmpoy_ljy8t
[2022-11-17T17:35:17.816+0000] {subprocess.py:93} INFO - tmpp4w9yq6x
[2022-11-17T17:35:17.817+0000] {subprocess.py:93} INFO - tmppfidxzjr
[2022-11-17T17:35:17.817+0000] {subprocess.py:93} INFO - tmpr681bhfw
[2022-11-17T17:35:17.818+0000] {subprocess.py:93} INFO - tmpr9102hwf
[2022-11-17T17:35:17.818+0000] {subprocess.py:93} INFO - tmpt4qo16oq
[2022-11-17T17:35:17.818+0000] {subprocess.py:93} INFO - tmptn832g5z
[2022-11-17T17:35:17.819+0000] {subprocess.py:93} INFO - tmpu9qbl0wh
[2022-11-17T17:35:17.819+0000] {subprocess.py:93} INFO - tmpuq8ywung
[2022-11-17T17:35:17.820+0000] {subprocess.py:93} INFO - tmpv606o9_9
[2022-11-17T17:35:17.820+0000] {subprocess.py:93} INFO - tmpxf7g1lc4
[2022-11-17T17:35:17.821+0000] {subprocess.py:93} INFO - tmpxktobcjf
[2022-11-17T17:35:17.821+0000] {subprocess.py:93} INFO - tmpz91iizm7
[2022-11-17T17:35:17.822+0000] {subprocess.py:93} INFO - ,student,timestamp
[2022-11-17T17:35:17.822+0000] {subprocess.py:93} INFO - 0,Maria Cruz,2022-11-07 00:00:00+00:00
[2022-11-17T17:35:17.823+0000] {subprocess.py:93} INFO - 1,Daniel Crema,2022-11-07 00:00:00+00:00
[2022-11-17T17:35:17.823+0000] {subprocess.py:93} INFO - 2,Elon Musk,2022-11-07 00:00:00+00:00
[2022-11-17T17:35:17.824+0000] {subprocess.py:93} INFO - 3,Karol Castrejon,2022-11-07 00:00:00+00:00
[2022-11-17T17:35:17.824+0000] {subprocess.py:93} INFO - 4,Freddy Vega,2022-11-07 00:00:00+00:00
[2022-11-17T17:35:17.824+0000] {subprocess.py:93} INFO - 5,Freddy Montañez,2022-11-07 00:00:00+00:00
[2022-11-17T17:35:17.825+0000] {subprocess.py:97} INFO - Command exited with return code 0
[2022-11-17T17:35:17.851+0000] {taskinstance.py:1406} INFO - Marking task as SUCCESS. dag_id=MyPersonalAirflowProject, task_id=Print_Imported_data, execution_date=20221107T000000, start_date=20221117T173517, end_date=20221117T173517
[2022-11-17T17:35:17.887+0000] {local_task_job.py:164} INFO - Task exited with return code 0
[2022-11-17T17:35:17.915+0000] {local_task_job.py:273} INFO - 2 downstream tasks scheduled from follow-on schedule check
