[2022-11-16T22:29:23.847+0000] {taskinstance.py:1165} INFO - Dependencies all met for <TaskInstance: MyPersonalAirflowProject.Print_Imported_data scheduled__2022-10-31T00:00:00+00:00 [queued]>
[2022-11-16T22:29:23.864+0000] {taskinstance.py:1165} INFO - Dependencies all met for <TaskInstance: MyPersonalAirflowProject.Print_Imported_data scheduled__2022-10-31T00:00:00+00:00 [queued]>
[2022-11-16T22:29:23.865+0000] {taskinstance.py:1362} INFO - 
--------------------------------------------------------------------------------
[2022-11-16T22:29:23.866+0000] {taskinstance.py:1363} INFO - Starting attempt 1 of 1
[2022-11-16T22:29:23.867+0000] {taskinstance.py:1364} INFO - 
--------------------------------------------------------------------------------
[2022-11-16T22:29:23.890+0000] {taskinstance.py:1383} INFO - Executing <Task(BashOperator): Print_Imported_data> on 2022-10-31 00:00:00+00:00
[2022-11-16T22:29:23.899+0000] {standard_task_runner.py:55} INFO - Started process 6012 to run task
[2022-11-16T22:29:23.902+0000] {standard_task_runner.py:82} INFO - Running: ['***', 'tasks', 'run', 'MyPersonalAirflowProject', 'Print_Imported_data', 'scheduled__2022-10-31T00:00:00+00:00', '--job-id', '1625', '--raw', '--subdir', 'DAGS_FOLDER/FinalPersonalProject.py', '--cfg-path', '/tmp/tmpx0l1rznl']
[2022-11-16T22:29:23.903+0000] {standard_task_runner.py:83} INFO - Job 1625: Subtask Print_Imported_data
[2022-11-16T22:29:23.984+0000] {task_command.py:376} INFO - Running <TaskInstance: MyPersonalAirflowProject.Print_Imported_data scheduled__2022-10-31T00:00:00+00:00 [running]> on host 638485efabe7
[2022-11-16T22:29:24.092+0000] {taskinstance.py:1592} INFO - Exporting the following env vars:
AIRFLOW_CTX_DAG_OWNER=***
AIRFLOW_CTX_DAG_ID=MyPersonalAirflowProject
AIRFLOW_CTX_TASK_ID=Print_Imported_data
AIRFLOW_CTX_EXECUTION_DATE=2022-10-31T00:00:00+00:00
AIRFLOW_CTX_TRY_NUMBER=1
AIRFLOW_CTX_DAG_RUN_ID=scheduled__2022-10-31T00:00:00+00:00
[2022-11-16T22:29:24.094+0000] {subprocess.py:63} INFO - Tmp dir root location: 
 /tmp
[2022-11-16T22:29:24.096+0000] {subprocess.py:75} INFO - Running command: ['/bin/bash', '-c', 'ls /tmp/ && head /tmp/platzi_data.csv']
[2022-11-16T22:29:24.112+0000] {subprocess.py:86} INFO - Output:
[2022-11-16T22:29:24.124+0000] {subprocess.py:93} INFO - ***tmpifw9uz8s
[2022-11-16T22:29:24.125+0000] {subprocess.py:93} INFO - ***tmpk5xxq3nx
[2022-11-16T22:29:24.126+0000] {subprocess.py:93} INFO - ***tmplkvca7ip
[2022-11-16T22:29:24.127+0000] {subprocess.py:93} INFO - ***tmpodkacs8z
[2022-11-16T22:29:24.127+0000] {subprocess.py:93} INFO - file.txt
[2022-11-16T22:29:24.128+0000] {subprocess.py:93} INFO - history.json
[2022-11-16T22:29:24.128+0000] {subprocess.py:93} INFO - platzi_data_20221001.csv
[2022-11-16T22:29:24.129+0000] {subprocess.py:93} INFO - platzi_data_20221002.csv
[2022-11-16T22:29:24.130+0000] {subprocess.py:93} INFO - platzi_data_20221003.csv
[2022-11-16T22:29:24.130+0000] {subprocess.py:93} INFO - platzi_data_20221004.csv
[2022-11-16T22:29:24.131+0000] {subprocess.py:93} INFO - platzi_data_20221005.csv
[2022-11-16T22:29:24.131+0000] {subprocess.py:93} INFO - platzi_data_20221006.csv
[2022-11-16T22:29:24.132+0000] {subprocess.py:93} INFO - platzi_data_20221007.csv
[2022-11-16T22:29:24.133+0000] {subprocess.py:93} INFO - platzi_data_20221008.csv
[2022-11-16T22:29:24.133+0000] {subprocess.py:93} INFO - platzi_data_20221009.csv
[2022-11-16T22:29:24.134+0000] {subprocess.py:93} INFO - platzi_data_20221010.csv
[2022-11-16T22:29:24.135+0000] {subprocess.py:93} INFO - platzi_data_20221011.csv
[2022-11-16T22:29:24.136+0000] {subprocess.py:93} INFO - platzi_data_20221012.csv
[2022-11-16T22:29:24.136+0000] {subprocess.py:93} INFO - platzi_data_20221013.csv
[2022-11-16T22:29:24.137+0000] {subprocess.py:93} INFO - platzi_data_20221014.csv
[2022-11-16T22:29:24.138+0000] {subprocess.py:93} INFO - platzi_data_20221015.csv
[2022-11-16T22:29:24.138+0000] {subprocess.py:93} INFO - platzi_data_20221016.csv
[2022-11-16T22:29:24.139+0000] {subprocess.py:93} INFO - platzi_data_20221017.csv
[2022-11-16T22:29:24.139+0000] {subprocess.py:93} INFO - platzi_data_20221018.csv
[2022-11-16T22:29:24.140+0000] {subprocess.py:93} INFO - platzi_data_20221019.csv
[2022-11-16T22:29:24.141+0000] {subprocess.py:93} INFO - platzi_data_20221020.csv
[2022-11-16T22:29:24.141+0000] {subprocess.py:93} INFO - platzi_data_20221021.csv
[2022-11-16T22:29:24.142+0000] {subprocess.py:93} INFO - platzi_data_20221022.csv
[2022-11-16T22:29:24.142+0000] {subprocess.py:93} INFO - platzi_data_20221023.csv
[2022-11-16T22:29:24.143+0000] {subprocess.py:93} INFO - platzi_data_20221024.csv
[2022-11-16T22:29:24.143+0000] {subprocess.py:93} INFO - platzi_data_20221025.csv
[2022-11-16T22:29:24.144+0000] {subprocess.py:93} INFO - platzi_data_20221026.csv
[2022-11-16T22:29:24.144+0000] {subprocess.py:93} INFO - platzi_data_20221027.csv
[2022-11-16T22:29:24.145+0000] {subprocess.py:93} INFO - platzi_data_20221028.csv
[2022-11-16T22:29:24.145+0000] {subprocess.py:93} INFO - platzi_data_20221029.csv
[2022-11-16T22:29:24.146+0000] {subprocess.py:93} INFO - platzi_data_20221030.csv
[2022-11-16T22:29:24.146+0000] {subprocess.py:93} INFO - platzi_data_20221031.csv
[2022-11-16T22:29:24.146+0000] {subprocess.py:93} INFO - pymp-8yik9lbi
[2022-11-16T22:29:24.147+0000] {subprocess.py:93} INFO - pymp-y00k7agg
[2022-11-16T22:29:24.147+0000] {subprocess.py:93} INFO - reponse_20221001.txt
[2022-11-16T22:29:24.147+0000] {subprocess.py:93} INFO - reponse_20221002.txt
[2022-11-16T22:29:24.148+0000] {subprocess.py:93} INFO - reponse_20221003.txt
[2022-11-16T22:29:24.148+0000] {subprocess.py:93} INFO - reponse_20221004.txt
[2022-11-16T22:29:24.149+0000] {subprocess.py:93} INFO - reponse_20221005.txt
[2022-11-16T22:29:24.149+0000] {subprocess.py:93} INFO - reponse_20221006.txt
[2022-11-16T22:29:24.150+0000] {subprocess.py:93} INFO - reponse_20221007.txt
[2022-11-16T22:29:24.150+0000] {subprocess.py:93} INFO - reponse_20221008.txt
[2022-11-16T22:29:24.150+0000] {subprocess.py:93} INFO - reponse_20221009.txt
[2022-11-16T22:29:24.151+0000] {subprocess.py:93} INFO - reponse_20221010.txt
[2022-11-16T22:29:24.151+0000] {subprocess.py:93} INFO - reponse_20221011.txt
[2022-11-16T22:29:24.151+0000] {subprocess.py:93} INFO - reponse_20221012.txt
[2022-11-16T22:29:24.152+0000] {subprocess.py:93} INFO - reponse_20221013.txt
[2022-11-16T22:29:24.152+0000] {subprocess.py:93} INFO - reponse_20221014.txt
[2022-11-16T22:29:24.152+0000] {subprocess.py:93} INFO - reponse_20221015.txt
[2022-11-16T22:29:24.152+0000] {subprocess.py:93} INFO - reponse_20221016.txt
[2022-11-16T22:29:24.153+0000] {subprocess.py:93} INFO - reponse_20221017.txt
[2022-11-16T22:29:24.153+0000] {subprocess.py:93} INFO - reponse_20221018.txt
[2022-11-16T22:29:24.154+0000] {subprocess.py:93} INFO - reponse_20221019.txt
[2022-11-16T22:29:24.154+0000] {subprocess.py:93} INFO - reponse_20221020.txt
[2022-11-16T22:29:24.154+0000] {subprocess.py:93} INFO - reponse_20221021.txt
[2022-11-16T22:29:24.155+0000] {subprocess.py:93} INFO - reponse_20221022.txt
[2022-11-16T22:29:24.155+0000] {subprocess.py:93} INFO - reponse_20221023.txt
[2022-11-16T22:29:24.156+0000] {subprocess.py:93} INFO - reponse_20221024.txt
[2022-11-16T22:29:24.156+0000] {subprocess.py:93} INFO - reponse_20221025.txt
[2022-11-16T22:29:24.156+0000] {subprocess.py:93} INFO - reponse_20221026.txt
[2022-11-16T22:29:24.157+0000] {subprocess.py:93} INFO - reponse_20221027.txt
[2022-11-16T22:29:24.158+0000] {subprocess.py:93} INFO - reponse_20221028.txt
[2022-11-16T22:29:24.159+0000] {subprocess.py:93} INFO - reponse_20221029.txt
[2022-11-16T22:29:24.159+0000] {subprocess.py:93} INFO - reponse_20221030.txt
[2022-11-16T22:29:24.160+0000] {subprocess.py:93} INFO - reponse_20221031.txt
[2022-11-16T22:29:24.161+0000] {subprocess.py:93} INFO - reponse_20221101.txt
[2022-11-16T22:29:24.162+0000] {subprocess.py:93} INFO - reponse_20221102.txt
[2022-11-16T22:29:24.162+0000] {subprocess.py:93} INFO - reponse_20221103.txt
[2022-11-16T22:29:24.162+0000] {subprocess.py:93} INFO - reponse_20221104.txt
[2022-11-16T22:29:24.163+0000] {subprocess.py:93} INFO - reponse_20221105.txt
[2022-11-16T22:29:24.163+0000] {subprocess.py:93} INFO - reponse_20221106.txt
[2022-11-16T22:29:24.163+0000] {subprocess.py:93} INFO - reponse_20221107.txt
[2022-11-16T22:29:24.164+0000] {subprocess.py:93} INFO - reponse_20221108.txt
[2022-11-16T22:29:24.164+0000] {subprocess.py:93} INFO - reponse_20221109.txt
[2022-11-16T22:29:24.164+0000] {subprocess.py:93} INFO - reponse_20221110.txt
[2022-11-16T22:29:24.165+0000] {subprocess.py:93} INFO - reponse_20221111.txt
[2022-11-16T22:29:24.165+0000] {subprocess.py:93} INFO - reponse_20221112.txt
[2022-11-16T22:29:24.165+0000] {subprocess.py:93} INFO - reponse_20221113.txt
[2022-11-16T22:29:24.166+0000] {subprocess.py:93} INFO - reponse_20221114.txt
[2022-11-16T22:29:24.166+0000] {subprocess.py:93} INFO - reponse_20221115.txt
[2022-11-16T22:29:24.167+0000] {subprocess.py:93} INFO - tmp061o5asr
[2022-11-16T22:29:24.168+0000] {subprocess.py:93} INFO - tmp1b_v374g
[2022-11-16T22:29:24.168+0000] {subprocess.py:93} INFO - tmp2n3y4qb3
[2022-11-16T22:29:24.169+0000] {subprocess.py:93} INFO - tmp2ztydtyd
[2022-11-16T22:29:24.170+0000] {subprocess.py:93} INFO - tmp546oqdk0
[2022-11-16T22:29:24.170+0000] {subprocess.py:93} INFO - tmp57roj99h
[2022-11-16T22:29:24.170+0000] {subprocess.py:93} INFO - tmp5lejojs5
[2022-11-16T22:29:24.171+0000] {subprocess.py:93} INFO - tmp5nj2onwa
[2022-11-16T22:29:24.171+0000] {subprocess.py:93} INFO - tmp64cxrvul
[2022-11-16T22:29:24.172+0000] {subprocess.py:93} INFO - tmp6g4l21c1
[2022-11-16T22:29:24.172+0000] {subprocess.py:93} INFO - tmp7c6bgots
[2022-11-16T22:29:24.172+0000] {subprocess.py:93} INFO - tmp7khebugo
[2022-11-16T22:29:24.173+0000] {subprocess.py:93} INFO - tmp7lvtz6wk
[2022-11-16T22:29:24.173+0000] {subprocess.py:93} INFO - tmp8_n1aj39
[2022-11-16T22:29:24.174+0000] {subprocess.py:93} INFO - tmp8c_dsk2e
[2022-11-16T22:29:24.174+0000] {subprocess.py:93} INFO - tmp928ntdt7
[2022-11-16T22:29:24.175+0000] {subprocess.py:93} INFO - tmp9503grtb
[2022-11-16T22:29:24.175+0000] {subprocess.py:93} INFO - tmp_afh1uos
[2022-11-16T22:29:24.175+0000] {subprocess.py:93} INFO - tmp_m6lsnw3
[2022-11-16T22:29:24.176+0000] {subprocess.py:93} INFO - tmp_vy6n6_q
[2022-11-16T22:29:24.176+0000] {subprocess.py:93} INFO - tmpcnj5oj8y
[2022-11-16T22:29:24.177+0000] {subprocess.py:93} INFO - tmpcu_pom_6
[2022-11-16T22:29:24.177+0000] {subprocess.py:93} INFO - tmpdmc2g1zb
[2022-11-16T22:29:24.177+0000] {subprocess.py:93} INFO - tmpe4k1ogev
[2022-11-16T22:29:24.178+0000] {subprocess.py:93} INFO - tmpg_n88zm7
[2022-11-16T22:29:24.178+0000] {subprocess.py:93} INFO - tmpgg8mkst1
[2022-11-16T22:29:24.178+0000] {subprocess.py:93} INFO - tmpgi8v82jx
[2022-11-16T22:29:24.179+0000] {subprocess.py:93} INFO - tmpiez6kail
[2022-11-16T22:29:24.179+0000] {subprocess.py:93} INFO - tmpj1n4wxza
[2022-11-16T22:29:24.179+0000] {subprocess.py:93} INFO - tmpjsznho2e
[2022-11-16T22:29:24.180+0000] {subprocess.py:93} INFO - tmpkrg9_cgk
[2022-11-16T22:29:24.180+0000] {subprocess.py:93} INFO - tmpl13ymsfs
[2022-11-16T22:29:24.181+0000] {subprocess.py:93} INFO - tmplrbhl64b
[2022-11-16T22:29:24.181+0000] {subprocess.py:93} INFO - tmpn38ozedg
[2022-11-16T22:29:24.181+0000] {subprocess.py:93} INFO - tmpn96u_4ih
[2022-11-16T22:29:24.182+0000] {subprocess.py:93} INFO - tmpo3nf6k5c
[2022-11-16T22:29:24.182+0000] {subprocess.py:93} INFO - tmpoy_ljy8t
[2022-11-16T22:29:24.182+0000] {subprocess.py:93} INFO - tmpp4w9yq6x
[2022-11-16T22:29:24.183+0000] {subprocess.py:93} INFO - tmppfidxzjr
[2022-11-16T22:29:24.183+0000] {subprocess.py:93} INFO - tmpr681bhfw
[2022-11-16T22:29:24.184+0000] {subprocess.py:93} INFO - tmpr9102hwf
[2022-11-16T22:29:24.184+0000] {subprocess.py:93} INFO - tmpt4qo16oq
[2022-11-16T22:29:24.185+0000] {subprocess.py:93} INFO - tmptn832g5z
[2022-11-16T22:29:24.185+0000] {subprocess.py:93} INFO - tmpu9qbl0wh
[2022-11-16T22:29:24.186+0000] {subprocess.py:93} INFO - tmpuq8ywung
[2022-11-16T22:29:24.186+0000] {subprocess.py:93} INFO - tmpv606o9_9
[2022-11-16T22:29:24.187+0000] {subprocess.py:93} INFO - tmpxf7g1lc4
[2022-11-16T22:29:24.187+0000] {subprocess.py:93} INFO - tmpxktobcjf
[2022-11-16T22:29:24.188+0000] {subprocess.py:93} INFO - tmpz91iizm7
[2022-11-16T22:29:24.188+0000] {subprocess.py:93} INFO - head: cannot open '/tmp/platzi_data.csv' for reading: No such file or directory
[2022-11-16T22:29:24.189+0000] {subprocess.py:97} INFO - Command exited with return code 1
[2022-11-16T22:29:24.204+0000] {taskinstance.py:1851} ERROR - Task failed with exception
Traceback (most recent call last):
  File "/home/airflow/.local/lib/python3.7/site-packages/airflow/operators/bash.py", line 197, in execute
    f'Bash command failed. The command returned a non-zero exit code {result.exit_code}.'
airflow.exceptions.AirflowException: Bash command failed. The command returned a non-zero exit code 1.
[2022-11-16T22:29:24.209+0000] {taskinstance.py:1406} INFO - Marking task as FAILED. dag_id=MyPersonalAirflowProject, task_id=Print_Imported_data, execution_date=20221031T000000, start_date=20221116T222923, end_date=20221116T222924
[2022-11-16T22:29:24.227+0000] {standard_task_runner.py:105} ERROR - Failed to execute job 1625 for task Print_Imported_data (Bash command failed. The command returned a non-zero exit code 1.; 6012)
[2022-11-16T22:29:24.270+0000] {local_task_job.py:164} INFO - Task exited with return code 1
[2022-11-16T22:29:24.292+0000] {local_task_job.py:273} INFO - 0 downstream tasks scheduled from follow-on schedule check
[2022-11-17T16:40:38.046+0000] {taskinstance.py:1165} INFO - Dependencies all met for <TaskInstance: MyPersonalAirflowProject.Print_Imported_data scheduled__2022-10-31T00:00:00+00:00 [queued]>
[2022-11-17T16:40:38.062+0000] {taskinstance.py:1165} INFO - Dependencies all met for <TaskInstance: MyPersonalAirflowProject.Print_Imported_data scheduled__2022-10-31T00:00:00+00:00 [queued]>
[2022-11-17T16:40:38.062+0000] {taskinstance.py:1362} INFO - 
--------------------------------------------------------------------------------
[2022-11-17T16:40:38.063+0000] {taskinstance.py:1363} INFO - Starting attempt 1 of 1
[2022-11-17T16:40:38.064+0000] {taskinstance.py:1364} INFO - 
--------------------------------------------------------------------------------
[2022-11-17T16:40:38.089+0000] {taskinstance.py:1383} INFO - Executing <Task(BashOperator): Print_Imported_data> on 2022-10-31 00:00:00+00:00
[2022-11-17T16:40:38.094+0000] {standard_task_runner.py:55} INFO - Started process 4399 to run task
[2022-11-17T16:40:38.097+0000] {standard_task_runner.py:82} INFO - Running: ['***', 'tasks', 'run', 'MyPersonalAirflowProject', 'Print_Imported_data', 'scheduled__2022-10-31T00:00:00+00:00', '--job-id', '2269', '--raw', '--subdir', 'DAGS_FOLDER/FinalPersonalProject.py', '--cfg-path', '/tmp/tmpslmxjdfr']
[2022-11-17T16:40:38.098+0000] {standard_task_runner.py:83} INFO - Job 2269: Subtask Print_Imported_data
[2022-11-17T16:40:38.163+0000] {task_command.py:376} INFO - Running <TaskInstance: MyPersonalAirflowProject.Print_Imported_data scheduled__2022-10-31T00:00:00+00:00 [running]> on host 638485efabe7
[2022-11-17T16:40:38.255+0000] {taskinstance.py:1592} INFO - Exporting the following env vars:
AIRFLOW_CTX_DAG_OWNER=***
AIRFLOW_CTX_DAG_ID=MyPersonalAirflowProject
AIRFLOW_CTX_TASK_ID=Print_Imported_data
AIRFLOW_CTX_EXECUTION_DATE=2022-10-31T00:00:00+00:00
AIRFLOW_CTX_TRY_NUMBER=1
AIRFLOW_CTX_DAG_RUN_ID=scheduled__2022-10-31T00:00:00+00:00
[2022-11-17T16:40:38.257+0000] {subprocess.py:63} INFO - Tmp dir root location: 
 /tmp
[2022-11-17T16:40:38.258+0000] {subprocess.py:75} INFO - Running command: ['/bin/bash', '-c', 'ls /tmp/ && head /tmp/platzi_data_20221031.csv']
[2022-11-17T16:40:38.269+0000] {subprocess.py:86} INFO - Output:
[2022-11-17T16:40:38.272+0000] {subprocess.py:93} INFO - ***tmpk5xxq3nx
[2022-11-17T16:40:38.273+0000] {subprocess.py:93} INFO - ***tmplkvca7ip
[2022-11-17T16:40:38.274+0000] {subprocess.py:93} INFO - ***tmpodkacs8z
[2022-11-17T16:40:38.274+0000] {subprocess.py:93} INFO - ***tmpvh3jcklb
[2022-11-17T16:40:38.275+0000] {subprocess.py:93} INFO - file.txt
[2022-11-17T16:40:38.275+0000] {subprocess.py:93} INFO - history.json
[2022-11-17T16:40:38.276+0000] {subprocess.py:93} INFO - platzi_data_20221001.csv
[2022-11-17T16:40:38.276+0000] {subprocess.py:93} INFO - platzi_data_20221002.csv
[2022-11-17T16:40:38.276+0000] {subprocess.py:93} INFO - platzi_data_20221003.csv
[2022-11-17T16:40:38.277+0000] {subprocess.py:93} INFO - platzi_data_20221004.csv
[2022-11-17T16:40:38.277+0000] {subprocess.py:93} INFO - platzi_data_20221005.csv
[2022-11-17T16:40:38.278+0000] {subprocess.py:93} INFO - platzi_data_20221006.csv
[2022-11-17T16:40:38.278+0000] {subprocess.py:93} INFO - platzi_data_20221007.csv
[2022-11-17T16:40:38.278+0000] {subprocess.py:93} INFO - platzi_data_20221008.csv
[2022-11-17T16:40:38.279+0000] {subprocess.py:93} INFO - platzi_data_20221009.csv
[2022-11-17T16:40:38.279+0000] {subprocess.py:93} INFO - platzi_data_20221010.csv
[2022-11-17T16:40:38.280+0000] {subprocess.py:93} INFO - platzi_data_20221011.csv
[2022-11-17T16:40:38.280+0000] {subprocess.py:93} INFO - platzi_data_20221012.csv
[2022-11-17T16:40:38.280+0000] {subprocess.py:93} INFO - platzi_data_20221013.csv
[2022-11-17T16:40:38.281+0000] {subprocess.py:93} INFO - platzi_data_20221014.csv
[2022-11-17T16:40:38.281+0000] {subprocess.py:93} INFO - platzi_data_20221015.csv
[2022-11-17T16:40:38.281+0000] {subprocess.py:93} INFO - platzi_data_20221016.csv
[2022-11-17T16:40:38.282+0000] {subprocess.py:93} INFO - platzi_data_20221017.csv
[2022-11-17T16:40:38.282+0000] {subprocess.py:93} INFO - platzi_data_20221018.csv
[2022-11-17T16:40:38.283+0000] {subprocess.py:93} INFO - platzi_data_20221019.csv
[2022-11-17T16:40:38.283+0000] {subprocess.py:93} INFO - platzi_data_20221020.csv
[2022-11-17T16:40:38.283+0000] {subprocess.py:93} INFO - platzi_data_20221021.csv
[2022-11-17T16:40:38.284+0000] {subprocess.py:93} INFO - platzi_data_20221022.csv
[2022-11-17T16:40:38.284+0000] {subprocess.py:93} INFO - platzi_data_20221023.csv
[2022-11-17T16:40:38.285+0000] {subprocess.py:93} INFO - platzi_data_20221024.csv
[2022-11-17T16:40:38.286+0000] {subprocess.py:93} INFO - platzi_data_20221025.csv
[2022-11-17T16:40:38.286+0000] {subprocess.py:93} INFO - platzi_data_20221026.csv
[2022-11-17T16:40:38.287+0000] {subprocess.py:93} INFO - platzi_data_20221027.csv
[2022-11-17T16:40:38.287+0000] {subprocess.py:93} INFO - platzi_data_20221028.csv
[2022-11-17T16:40:38.288+0000] {subprocess.py:93} INFO - platzi_data_20221029.csv
[2022-11-17T16:40:38.288+0000] {subprocess.py:93} INFO - platzi_data_20221030.csv
[2022-11-17T16:40:38.289+0000] {subprocess.py:93} INFO - platzi_data_20221031.csv
[2022-11-17T16:40:38.289+0000] {subprocess.py:93} INFO - platzi_data_20221101.csv
[2022-11-17T16:40:38.289+0000] {subprocess.py:93} INFO - platzi_data_20221102.csv
[2022-11-17T16:40:38.290+0000] {subprocess.py:93} INFO - platzi_data_20221103.csv
[2022-11-17T16:40:38.290+0000] {subprocess.py:93} INFO - platzi_data_20221104.csv
[2022-11-17T16:40:38.290+0000] {subprocess.py:93} INFO - platzi_data_20221105.csv
[2022-11-17T16:40:38.291+0000] {subprocess.py:93} INFO - platzi_data_20221106.csv
[2022-11-17T16:40:38.291+0000] {subprocess.py:93} INFO - platzi_data_20221107.csv
[2022-11-17T16:40:38.291+0000] {subprocess.py:93} INFO - platzi_data_20221108.csv
[2022-11-17T16:40:38.292+0000] {subprocess.py:93} INFO - platzi_data_20221109.csv
[2022-11-17T16:40:38.292+0000] {subprocess.py:93} INFO - platzi_data_20221110.csv
[2022-11-17T16:40:38.292+0000] {subprocess.py:93} INFO - platzi_data_20221111.csv
[2022-11-17T16:40:38.293+0000] {subprocess.py:93} INFO - platzi_data_20221112.csv
[2022-11-17T16:40:38.293+0000] {subprocess.py:93} INFO - platzi_data_20221113.csv
[2022-11-17T16:40:38.293+0000] {subprocess.py:93} INFO - platzi_data_20221114.csv
[2022-11-17T16:40:38.294+0000] {subprocess.py:93} INFO - platzi_data_20221115.csv
[2022-11-17T16:40:38.294+0000] {subprocess.py:93} INFO - platzi_data_20221116.csv
[2022-11-17T16:40:38.294+0000] {subprocess.py:93} INFO - pymp-8yik9lbi
[2022-11-17T16:40:38.295+0000] {subprocess.py:93} INFO - pymp-sbqt6pho
[2022-11-17T16:40:38.295+0000] {subprocess.py:93} INFO - reponse_20221001.txt
[2022-11-17T16:40:38.295+0000] {subprocess.py:93} INFO - reponse_20221002.txt
[2022-11-17T16:40:38.296+0000] {subprocess.py:93} INFO - reponse_20221003.txt
[2022-11-17T16:40:38.296+0000] {subprocess.py:93} INFO - reponse_20221004.txt
[2022-11-17T16:40:38.296+0000] {subprocess.py:93} INFO - reponse_20221005.txt
[2022-11-17T16:40:38.297+0000] {subprocess.py:93} INFO - reponse_20221006.txt
[2022-11-17T16:40:38.297+0000] {subprocess.py:93} INFO - reponse_20221007.txt
[2022-11-17T16:40:38.297+0000] {subprocess.py:93} INFO - reponse_20221008.txt
[2022-11-17T16:40:38.298+0000] {subprocess.py:93} INFO - reponse_20221009.txt
[2022-11-17T16:40:38.298+0000] {subprocess.py:93} INFO - reponse_20221010.txt
[2022-11-17T16:40:38.298+0000] {subprocess.py:93} INFO - reponse_20221011.txt
[2022-11-17T16:40:38.299+0000] {subprocess.py:93} INFO - reponse_20221012.txt
[2022-11-17T16:40:38.299+0000] {subprocess.py:93} INFO - reponse_20221013.txt
[2022-11-17T16:40:38.300+0000] {subprocess.py:93} INFO - reponse_20221014.txt
[2022-11-17T16:40:38.300+0000] {subprocess.py:93} INFO - reponse_20221015.txt
[2022-11-17T16:40:38.301+0000] {subprocess.py:93} INFO - reponse_20221016.txt
[2022-11-17T16:40:38.301+0000] {subprocess.py:93} INFO - reponse_20221017.txt
[2022-11-17T16:40:38.301+0000] {subprocess.py:93} INFO - reponse_20221018.txt
[2022-11-17T16:40:38.302+0000] {subprocess.py:93} INFO - reponse_20221019.txt
[2022-11-17T16:40:38.302+0000] {subprocess.py:93} INFO - reponse_20221020.txt
[2022-11-17T16:40:38.303+0000] {subprocess.py:93} INFO - reponse_20221021.txt
[2022-11-17T16:40:38.303+0000] {subprocess.py:93} INFO - reponse_20221022.txt
[2022-11-17T16:40:38.303+0000] {subprocess.py:93} INFO - reponse_20221023.txt
[2022-11-17T16:40:38.304+0000] {subprocess.py:93} INFO - reponse_20221024.txt
[2022-11-17T16:40:38.304+0000] {subprocess.py:93} INFO - reponse_20221025.txt
[2022-11-17T16:40:38.305+0000] {subprocess.py:93} INFO - reponse_20221026.txt
[2022-11-17T16:40:38.305+0000] {subprocess.py:93} INFO - reponse_20221027.txt
[2022-11-17T16:40:38.305+0000] {subprocess.py:93} INFO - reponse_20221028.txt
[2022-11-17T16:40:38.306+0000] {subprocess.py:93} INFO - reponse_20221029.txt
[2022-11-17T16:40:38.306+0000] {subprocess.py:93} INFO - reponse_20221030.txt
[2022-11-17T16:40:38.307+0000] {subprocess.py:93} INFO - reponse_20221031.txt
[2022-11-17T16:40:38.307+0000] {subprocess.py:93} INFO - reponse_20221101.txt
[2022-11-17T16:40:38.308+0000] {subprocess.py:93} INFO - reponse_20221102.txt
[2022-11-17T16:40:38.308+0000] {subprocess.py:93} INFO - reponse_20221103.txt
[2022-11-17T16:40:38.309+0000] {subprocess.py:93} INFO - reponse_20221104.txt
[2022-11-17T16:40:38.309+0000] {subprocess.py:93} INFO - reponse_20221105.txt
[2022-11-17T16:40:38.310+0000] {subprocess.py:93} INFO - reponse_20221106.txt
[2022-11-17T16:40:38.310+0000] {subprocess.py:93} INFO - reponse_20221107.txt
[2022-11-17T16:40:38.311+0000] {subprocess.py:93} INFO - reponse_20221108.txt
[2022-11-17T16:40:38.311+0000] {subprocess.py:93} INFO - reponse_20221109.txt
[2022-11-17T16:40:38.311+0000] {subprocess.py:93} INFO - reponse_20221110.txt
[2022-11-17T16:40:38.312+0000] {subprocess.py:93} INFO - reponse_20221111.txt
[2022-11-17T16:40:38.312+0000] {subprocess.py:93} INFO - reponse_20221112.txt
[2022-11-17T16:40:38.313+0000] {subprocess.py:93} INFO - reponse_20221113.txt
[2022-11-17T16:40:38.313+0000] {subprocess.py:93} INFO - reponse_20221114.txt
[2022-11-17T16:40:38.313+0000] {subprocess.py:93} INFO - reponse_20221115.txt
[2022-11-17T16:40:38.314+0000] {subprocess.py:93} INFO - reponse_20221116.txt
[2022-11-17T16:40:38.314+0000] {subprocess.py:93} INFO - tmp061o5asr
[2022-11-17T16:40:38.314+0000] {subprocess.py:93} INFO - tmp1b_v374g
[2022-11-17T16:40:38.315+0000] {subprocess.py:93} INFO - tmp2n3y4qb3
[2022-11-17T16:40:38.315+0000] {subprocess.py:93} INFO - tmp2ztydtyd
[2022-11-17T16:40:38.315+0000] {subprocess.py:93} INFO - tmp546oqdk0
[2022-11-17T16:40:38.316+0000] {subprocess.py:93} INFO - tmp57roj99h
[2022-11-17T16:40:38.316+0000] {subprocess.py:93} INFO - tmp5lejojs5
[2022-11-17T16:40:38.316+0000] {subprocess.py:93} INFO - tmp5nj2onwa
[2022-11-17T16:40:38.317+0000] {subprocess.py:93} INFO - tmp64cxrvul
[2022-11-17T16:40:38.317+0000] {subprocess.py:93} INFO - tmp6g4l21c1
[2022-11-17T16:40:38.317+0000] {subprocess.py:93} INFO - tmp7c6bgots
[2022-11-17T16:40:38.318+0000] {subprocess.py:93} INFO - tmp7khebugo
[2022-11-17T16:40:38.318+0000] {subprocess.py:93} INFO - tmp7lvtz6wk
[2022-11-17T16:40:38.318+0000] {subprocess.py:93} INFO - tmp8_n1aj39
[2022-11-17T16:40:38.319+0000] {subprocess.py:93} INFO - tmp8c_dsk2e
[2022-11-17T16:40:38.319+0000] {subprocess.py:93} INFO - tmp928ntdt7
[2022-11-17T16:40:38.319+0000] {subprocess.py:93} INFO - tmp9503grtb
[2022-11-17T16:40:38.320+0000] {subprocess.py:93} INFO - tmp_afh1uos
[2022-11-17T16:40:38.320+0000] {subprocess.py:93} INFO - tmp_m6lsnw3
[2022-11-17T16:40:38.320+0000] {subprocess.py:93} INFO - tmp_vy6n6_q
[2022-11-17T16:40:38.321+0000] {subprocess.py:93} INFO - tmpcnj5oj8y
[2022-11-17T16:40:38.321+0000] {subprocess.py:93} INFO - tmpcu_pom_6
[2022-11-17T16:40:38.322+0000] {subprocess.py:93} INFO - tmpdmc2g1zb
[2022-11-17T16:40:38.322+0000] {subprocess.py:93} INFO - tmpe4k1ogev
[2022-11-17T16:40:38.322+0000] {subprocess.py:93} INFO - tmpg_n88zm7
[2022-11-17T16:40:38.323+0000] {subprocess.py:93} INFO - tmpgg8mkst1
[2022-11-17T16:40:38.323+0000] {subprocess.py:93} INFO - tmpgi8v82jx
[2022-11-17T16:40:38.323+0000] {subprocess.py:93} INFO - tmpiez6kail
[2022-11-17T16:40:38.324+0000] {subprocess.py:93} INFO - tmpj1n4wxza
[2022-11-17T16:40:38.324+0000] {subprocess.py:93} INFO - tmpjsznho2e
[2022-11-17T16:40:38.324+0000] {subprocess.py:93} INFO - tmpkrg9_cgk
[2022-11-17T16:40:38.325+0000] {subprocess.py:93} INFO - tmpl13ymsfs
[2022-11-17T16:40:38.325+0000] {subprocess.py:93} INFO - tmplrbhl64b
[2022-11-17T16:40:38.325+0000] {subprocess.py:93} INFO - tmpn38ozedg
[2022-11-17T16:40:38.326+0000] {subprocess.py:93} INFO - tmpn96u_4ih
[2022-11-17T16:40:38.326+0000] {subprocess.py:93} INFO - tmpo3nf6k5c
[2022-11-17T16:40:38.326+0000] {subprocess.py:93} INFO - tmpoy_ljy8t
[2022-11-17T16:40:38.327+0000] {subprocess.py:93} INFO - tmpp4w9yq6x
[2022-11-17T16:40:38.327+0000] {subprocess.py:93} INFO - tmppfidxzjr
[2022-11-17T16:40:38.327+0000] {subprocess.py:93} INFO - tmpr681bhfw
[2022-11-17T16:40:38.328+0000] {subprocess.py:93} INFO - tmpr9102hwf
[2022-11-17T16:40:38.328+0000] {subprocess.py:93} INFO - tmpt4qo16oq
[2022-11-17T16:40:38.328+0000] {subprocess.py:93} INFO - tmptn832g5z
[2022-11-17T16:40:38.329+0000] {subprocess.py:93} INFO - tmpu9qbl0wh
[2022-11-17T16:40:38.329+0000] {subprocess.py:93} INFO - tmpuq8ywung
[2022-11-17T16:40:38.329+0000] {subprocess.py:93} INFO - tmpv606o9_9
[2022-11-17T16:40:38.330+0000] {subprocess.py:93} INFO - tmpxf7g1lc4
[2022-11-17T16:40:38.330+0000] {subprocess.py:93} INFO - tmpxktobcjf
[2022-11-17T16:40:38.330+0000] {subprocess.py:93} INFO - tmpz91iizm7
[2022-11-17T16:40:38.331+0000] {subprocess.py:93} INFO - ,student,timestamp
[2022-11-17T16:40:38.331+0000] {subprocess.py:93} INFO - 0,Maria Cruz,2022-10-31 00:00:00+00:00
[2022-11-17T16:40:38.331+0000] {subprocess.py:93} INFO - 1,Daniel Crema,2022-10-31 00:00:00+00:00
[2022-11-17T16:40:38.332+0000] {subprocess.py:93} INFO - 2,Elon Musk,2022-10-31 00:00:00+00:00
[2022-11-17T16:40:38.332+0000] {subprocess.py:93} INFO - 3,Karol Castrejon,2022-10-31 00:00:00+00:00
[2022-11-17T16:40:38.333+0000] {subprocess.py:93} INFO - 4,Freddy Vega,2022-10-31 00:00:00+00:00
[2022-11-17T16:40:38.333+0000] {subprocess.py:93} INFO - 5,Freddy Montañez,2022-10-31 00:00:00+00:00
[2022-11-17T16:40:38.334+0000] {subprocess.py:97} INFO - Command exited with return code 0
[2022-11-17T16:40:38.361+0000] {taskinstance.py:1406} INFO - Marking task as SUCCESS. dag_id=MyPersonalAirflowProject, task_id=Print_Imported_data, execution_date=20221031T000000, start_date=20221117T164038, end_date=20221117T164038
[2022-11-17T16:40:38.390+0000] {local_task_job.py:164} INFO - Task exited with return code 0
[2022-11-17T16:40:38.421+0000] {local_task_job.py:273} INFO - 2 downstream tasks scheduled from follow-on schedule check
[2022-11-17T17:31:44.510+0000] {taskinstance.py:1165} INFO - Dependencies all met for <TaskInstance: MyPersonalAirflowProject.Print_Imported_data scheduled__2022-10-31T00:00:00+00:00 [queued]>
[2022-11-17T17:31:44.523+0000] {taskinstance.py:1165} INFO - Dependencies all met for <TaskInstance: MyPersonalAirflowProject.Print_Imported_data scheduled__2022-10-31T00:00:00+00:00 [queued]>
[2022-11-17T17:31:44.523+0000] {taskinstance.py:1362} INFO - 
--------------------------------------------------------------------------------
[2022-11-17T17:31:44.524+0000] {taskinstance.py:1363} INFO - Starting attempt 1 of 1
[2022-11-17T17:31:44.524+0000] {taskinstance.py:1364} INFO - 
--------------------------------------------------------------------------------
[2022-11-17T17:31:44.541+0000] {taskinstance.py:1383} INFO - Executing <Task(BashOperator): Print_Imported_data> on 2022-10-31 00:00:00+00:00
[2022-11-17T17:31:44.546+0000] {standard_task_runner.py:55} INFO - Started process 8020 to run task
[2022-11-17T17:31:44.549+0000] {standard_task_runner.py:82} INFO - Running: ['***', 'tasks', 'run', 'MyPersonalAirflowProject', 'Print_Imported_data', 'scheduled__2022-10-31T00:00:00+00:00', '--job-id', '2679', '--raw', '--subdir', 'DAGS_FOLDER/FinalPersonalProject.py', '--cfg-path', '/tmp/tmpc41t6sr6']
[2022-11-17T17:31:44.550+0000] {standard_task_runner.py:83} INFO - Job 2679: Subtask Print_Imported_data
[2022-11-17T17:31:44.613+0000] {task_command.py:376} INFO - Running <TaskInstance: MyPersonalAirflowProject.Print_Imported_data scheduled__2022-10-31T00:00:00+00:00 [running]> on host 638485efabe7
[2022-11-17T17:31:44.690+0000] {taskinstance.py:1592} INFO - Exporting the following env vars:
AIRFLOW_CTX_DAG_OWNER=***
AIRFLOW_CTX_DAG_ID=MyPersonalAirflowProject
AIRFLOW_CTX_TASK_ID=Print_Imported_data
AIRFLOW_CTX_EXECUTION_DATE=2022-10-31T00:00:00+00:00
AIRFLOW_CTX_TRY_NUMBER=1
AIRFLOW_CTX_DAG_RUN_ID=scheduled__2022-10-31T00:00:00+00:00
[2022-11-17T17:31:44.692+0000] {subprocess.py:63} INFO - Tmp dir root location: 
 /tmp
[2022-11-17T17:31:44.693+0000] {subprocess.py:75} INFO - Running command: ['/bin/bash', '-c', 'ls /tmp/ && head /tmp/platzi_data_20221031.csv']
[2022-11-17T17:31:44.703+0000] {subprocess.py:86} INFO - Output:
[2022-11-17T17:31:44.706+0000] {subprocess.py:93} INFO - ***tmpk5xxq3nx
[2022-11-17T17:31:44.707+0000] {subprocess.py:93} INFO - ***tmplkvca7ip
[2022-11-17T17:31:44.708+0000] {subprocess.py:93} INFO - ***tmplr8lg74y
[2022-11-17T17:31:44.708+0000] {subprocess.py:93} INFO - ***tmpodkacs8z
[2022-11-17T17:31:44.709+0000] {subprocess.py:93} INFO - file.txt
[2022-11-17T17:31:44.709+0000] {subprocess.py:93} INFO - history.json
[2022-11-17T17:31:44.709+0000] {subprocess.py:93} INFO - platzi_data_20221001.csv
[2022-11-17T17:31:44.709+0000] {subprocess.py:93} INFO - platzi_data_20221002.csv
[2022-11-17T17:31:44.710+0000] {subprocess.py:93} INFO - platzi_data_20221003.csv
[2022-11-17T17:31:44.710+0000] {subprocess.py:93} INFO - platzi_data_20221004.csv
[2022-11-17T17:31:44.710+0000] {subprocess.py:93} INFO - platzi_data_20221005.csv
[2022-11-17T17:31:44.711+0000] {subprocess.py:93} INFO - platzi_data_20221006.csv
[2022-11-17T17:31:44.711+0000] {subprocess.py:93} INFO - platzi_data_20221007.csv
[2022-11-17T17:31:44.711+0000] {subprocess.py:93} INFO - platzi_data_20221008.csv
[2022-11-17T17:31:44.712+0000] {subprocess.py:93} INFO - platzi_data_20221009.csv
[2022-11-17T17:31:44.712+0000] {subprocess.py:93} INFO - platzi_data_20221010.csv
[2022-11-17T17:31:44.712+0000] {subprocess.py:93} INFO - platzi_data_20221011.csv
[2022-11-17T17:31:44.713+0000] {subprocess.py:93} INFO - platzi_data_20221012.csv
[2022-11-17T17:31:44.713+0000] {subprocess.py:93} INFO - platzi_data_20221013.csv
[2022-11-17T17:31:44.713+0000] {subprocess.py:93} INFO - platzi_data_20221014.csv
[2022-11-17T17:31:44.714+0000] {subprocess.py:93} INFO - platzi_data_20221015.csv
[2022-11-17T17:31:44.714+0000] {subprocess.py:93} INFO - platzi_data_20221016.csv
[2022-11-17T17:31:44.714+0000] {subprocess.py:93} INFO - platzi_data_20221017.csv
[2022-11-17T17:31:44.715+0000] {subprocess.py:93} INFO - platzi_data_20221018.csv
[2022-11-17T17:31:44.715+0000] {subprocess.py:93} INFO - platzi_data_20221019.csv
[2022-11-17T17:31:44.715+0000] {subprocess.py:93} INFO - platzi_data_20221020.csv
[2022-11-17T17:31:44.716+0000] {subprocess.py:93} INFO - platzi_data_20221021.csv
[2022-11-17T17:31:44.716+0000] {subprocess.py:93} INFO - platzi_data_20221022.csv
[2022-11-17T17:31:44.716+0000] {subprocess.py:93} INFO - platzi_data_20221023.csv
[2022-11-17T17:31:44.716+0000] {subprocess.py:93} INFO - platzi_data_20221024.csv
[2022-11-17T17:31:44.717+0000] {subprocess.py:93} INFO - platzi_data_20221025.csv
[2022-11-17T17:31:44.717+0000] {subprocess.py:93} INFO - platzi_data_20221026.csv
[2022-11-17T17:31:44.717+0000] {subprocess.py:93} INFO - platzi_data_20221027.csv
[2022-11-17T17:31:44.718+0000] {subprocess.py:93} INFO - platzi_data_20221028.csv
[2022-11-17T17:31:44.718+0000] {subprocess.py:93} INFO - platzi_data_20221029.csv
[2022-11-17T17:31:44.718+0000] {subprocess.py:93} INFO - platzi_data_20221030.csv
[2022-11-17T17:31:44.718+0000] {subprocess.py:93} INFO - platzi_data_20221031.csv
[2022-11-17T17:31:44.719+0000] {subprocess.py:93} INFO - platzi_data_20221101.csv
[2022-11-17T17:31:44.719+0000] {subprocess.py:93} INFO - platzi_data_20221102.csv
[2022-11-17T17:31:44.719+0000] {subprocess.py:93} INFO - platzi_data_20221103.csv
[2022-11-17T17:31:44.719+0000] {subprocess.py:93} INFO - platzi_data_20221104.csv
[2022-11-17T17:31:44.720+0000] {subprocess.py:93} INFO - platzi_data_20221105.csv
[2022-11-17T17:31:44.720+0000] {subprocess.py:93} INFO - platzi_data_20221106.csv
[2022-11-17T17:31:44.720+0000] {subprocess.py:93} INFO - platzi_data_20221107.csv
[2022-11-17T17:31:44.720+0000] {subprocess.py:93} INFO - platzi_data_20221108.csv
[2022-11-17T17:31:44.721+0000] {subprocess.py:93} INFO - platzi_data_20221109.csv
[2022-11-17T17:31:44.721+0000] {subprocess.py:93} INFO - platzi_data_20221110.csv
[2022-11-17T17:31:44.721+0000] {subprocess.py:93} INFO - platzi_data_20221111.csv
[2022-11-17T17:31:44.722+0000] {subprocess.py:93} INFO - platzi_data_20221112.csv
[2022-11-17T17:31:44.722+0000] {subprocess.py:93} INFO - platzi_data_20221113.csv
[2022-11-17T17:31:44.722+0000] {subprocess.py:93} INFO - platzi_data_20221114.csv
[2022-11-17T17:31:44.722+0000] {subprocess.py:93} INFO - platzi_data_20221115.csv
[2022-11-17T17:31:44.723+0000] {subprocess.py:93} INFO - platzi_data_20221116.csv
[2022-11-17T17:31:44.723+0000] {subprocess.py:93} INFO - pymp-8yik9lbi
[2022-11-17T17:31:44.724+0000] {subprocess.py:93} INFO - pymp-sbqt6pho
[2022-11-17T17:31:44.724+0000] {subprocess.py:93} INFO - reponse_20221001.txt
[2022-11-17T17:31:44.724+0000] {subprocess.py:93} INFO - reponse_20221002.txt
[2022-11-17T17:31:44.725+0000] {subprocess.py:93} INFO - reponse_20221003.txt
[2022-11-17T17:31:44.725+0000] {subprocess.py:93} INFO - reponse_20221004.txt
[2022-11-17T17:31:44.725+0000] {subprocess.py:93} INFO - reponse_20221005.txt
[2022-11-17T17:31:44.725+0000] {subprocess.py:93} INFO - reponse_20221006.txt
[2022-11-17T17:31:44.726+0000] {subprocess.py:93} INFO - reponse_20221007.txt
[2022-11-17T17:31:44.726+0000] {subprocess.py:93} INFO - reponse_20221008.txt
[2022-11-17T17:31:44.726+0000] {subprocess.py:93} INFO - reponse_20221009.txt
[2022-11-17T17:31:44.726+0000] {subprocess.py:93} INFO - reponse_20221010.txt
[2022-11-17T17:31:44.727+0000] {subprocess.py:93} INFO - reponse_20221011.txt
[2022-11-17T17:31:44.727+0000] {subprocess.py:93} INFO - reponse_20221012.txt
[2022-11-17T17:31:44.727+0000] {subprocess.py:93} INFO - reponse_20221013.txt
[2022-11-17T17:31:44.728+0000] {subprocess.py:93} INFO - reponse_20221014.txt
[2022-11-17T17:31:44.728+0000] {subprocess.py:93} INFO - reponse_20221015.txt
[2022-11-17T17:31:44.728+0000] {subprocess.py:93} INFO - reponse_20221016.txt
[2022-11-17T17:31:44.728+0000] {subprocess.py:93} INFO - reponse_20221017.txt
[2022-11-17T17:31:44.729+0000] {subprocess.py:93} INFO - reponse_20221018.txt
[2022-11-17T17:31:44.729+0000] {subprocess.py:93} INFO - reponse_20221019.txt
[2022-11-17T17:31:44.729+0000] {subprocess.py:93} INFO - reponse_20221020.txt
[2022-11-17T17:31:44.730+0000] {subprocess.py:93} INFO - reponse_20221021.txt
[2022-11-17T17:31:44.730+0000] {subprocess.py:93} INFO - reponse_20221022.txt
[2022-11-17T17:31:44.730+0000] {subprocess.py:93} INFO - reponse_20221023.txt
[2022-11-17T17:31:44.730+0000] {subprocess.py:93} INFO - reponse_20221024.txt
[2022-11-17T17:31:44.731+0000] {subprocess.py:93} INFO - reponse_20221025.txt
[2022-11-17T17:31:44.731+0000] {subprocess.py:93} INFO - reponse_20221026.txt
[2022-11-17T17:31:44.731+0000] {subprocess.py:93} INFO - reponse_20221027.txt
[2022-11-17T17:31:44.732+0000] {subprocess.py:93} INFO - reponse_20221028.txt
[2022-11-17T17:31:44.732+0000] {subprocess.py:93} INFO - reponse_20221029.txt
[2022-11-17T17:31:44.732+0000] {subprocess.py:93} INFO - reponse_20221030.txt
[2022-11-17T17:31:44.733+0000] {subprocess.py:93} INFO - reponse_20221031.txt
[2022-11-17T17:31:44.733+0000] {subprocess.py:93} INFO - reponse_20221101.txt
[2022-11-17T17:31:44.733+0000] {subprocess.py:93} INFO - reponse_20221102.txt
[2022-11-17T17:31:44.734+0000] {subprocess.py:93} INFO - reponse_20221103.txt
[2022-11-17T17:31:44.734+0000] {subprocess.py:93} INFO - reponse_20221104.txt
[2022-11-17T17:31:44.734+0000] {subprocess.py:93} INFO - reponse_20221105.txt
[2022-11-17T17:31:44.734+0000] {subprocess.py:93} INFO - reponse_20221106.txt
[2022-11-17T17:31:44.735+0000] {subprocess.py:93} INFO - reponse_20221107.txt
[2022-11-17T17:31:44.735+0000] {subprocess.py:93} INFO - reponse_20221108.txt
[2022-11-17T17:31:44.735+0000] {subprocess.py:93} INFO - reponse_20221109.txt
[2022-11-17T17:31:44.735+0000] {subprocess.py:93} INFO - reponse_20221110.txt
[2022-11-17T17:31:44.736+0000] {subprocess.py:93} INFO - reponse_20221111.txt
[2022-11-17T17:31:44.736+0000] {subprocess.py:93} INFO - reponse_20221112.txt
[2022-11-17T17:31:44.736+0000] {subprocess.py:93} INFO - reponse_20221113.txt
[2022-11-17T17:31:44.737+0000] {subprocess.py:93} INFO - reponse_20221114.txt
[2022-11-17T17:31:44.737+0000] {subprocess.py:93} INFO - reponse_20221115.txt
[2022-11-17T17:31:44.737+0000] {subprocess.py:93} INFO - reponse_20221116.txt
[2022-11-17T17:31:44.738+0000] {subprocess.py:93} INFO - tmp061o5asr
[2022-11-17T17:31:44.739+0000] {subprocess.py:93} INFO - tmp1b_v374g
[2022-11-17T17:31:44.739+0000] {subprocess.py:93} INFO - tmp2n3y4qb3
[2022-11-17T17:31:44.740+0000] {subprocess.py:93} INFO - tmp2ztydtyd
[2022-11-17T17:31:44.740+0000] {subprocess.py:93} INFO - tmp546oqdk0
[2022-11-17T17:31:44.740+0000] {subprocess.py:93} INFO - tmp57roj99h
[2022-11-17T17:31:44.741+0000] {subprocess.py:93} INFO - tmp5lejojs5
[2022-11-17T17:31:44.741+0000] {subprocess.py:93} INFO - tmp5nj2onwa
[2022-11-17T17:31:44.741+0000] {subprocess.py:93} INFO - tmp64cxrvul
[2022-11-17T17:31:44.741+0000] {subprocess.py:93} INFO - tmp6g4l21c1
[2022-11-17T17:31:44.742+0000] {subprocess.py:93} INFO - tmp7c6bgots
[2022-11-17T17:31:44.742+0000] {subprocess.py:93} INFO - tmp7khebugo
[2022-11-17T17:31:44.742+0000] {subprocess.py:93} INFO - tmp7lvtz6wk
[2022-11-17T17:31:44.743+0000] {subprocess.py:93} INFO - tmp8_n1aj39
[2022-11-17T17:31:44.743+0000] {subprocess.py:93} INFO - tmp8c_dsk2e
[2022-11-17T17:31:44.743+0000] {subprocess.py:93} INFO - tmp928ntdt7
[2022-11-17T17:31:44.743+0000] {subprocess.py:93} INFO - tmp9503grtb
[2022-11-17T17:31:44.744+0000] {subprocess.py:93} INFO - tmp_afh1uos
[2022-11-17T17:31:44.744+0000] {subprocess.py:93} INFO - tmp_m6lsnw3
[2022-11-17T17:31:44.744+0000] {subprocess.py:93} INFO - tmp_vy6n6_q
[2022-11-17T17:31:44.745+0000] {subprocess.py:93} INFO - tmpcnj5oj8y
[2022-11-17T17:31:44.745+0000] {subprocess.py:93} INFO - tmpcu_pom_6
[2022-11-17T17:31:44.745+0000] {subprocess.py:93} INFO - tmpdmc2g1zb
[2022-11-17T17:31:44.745+0000] {subprocess.py:93} INFO - tmpe4k1ogev
[2022-11-17T17:31:44.746+0000] {subprocess.py:93} INFO - tmpg_n88zm7
[2022-11-17T17:31:44.746+0000] {subprocess.py:93} INFO - tmpgg8mkst1
[2022-11-17T17:31:44.746+0000] {subprocess.py:93} INFO - tmpgi8v82jx
[2022-11-17T17:31:44.747+0000] {subprocess.py:93} INFO - tmpiez6kail
[2022-11-17T17:31:44.747+0000] {subprocess.py:93} INFO - tmpj1n4wxza
[2022-11-17T17:31:44.747+0000] {subprocess.py:93} INFO - tmpjsznho2e
[2022-11-17T17:31:44.747+0000] {subprocess.py:93} INFO - tmpkrg9_cgk
[2022-11-17T17:31:44.748+0000] {subprocess.py:93} INFO - tmpl13ymsfs
[2022-11-17T17:31:44.748+0000] {subprocess.py:93} INFO - tmplrbhl64b
[2022-11-17T17:31:44.748+0000] {subprocess.py:93} INFO - tmpn38ozedg
[2022-11-17T17:31:44.748+0000] {subprocess.py:93} INFO - tmpn96u_4ih
[2022-11-17T17:31:44.749+0000] {subprocess.py:93} INFO - tmpo3nf6k5c
[2022-11-17T17:31:44.749+0000] {subprocess.py:93} INFO - tmpoy_ljy8t
[2022-11-17T17:31:44.749+0000] {subprocess.py:93} INFO - tmpp4w9yq6x
[2022-11-17T17:31:44.750+0000] {subprocess.py:93} INFO - tmppfidxzjr
[2022-11-17T17:31:44.750+0000] {subprocess.py:93} INFO - tmpr681bhfw
[2022-11-17T17:31:44.750+0000] {subprocess.py:93} INFO - tmpr9102hwf
[2022-11-17T17:31:44.750+0000] {subprocess.py:93} INFO - tmpt4qo16oq
[2022-11-17T17:31:44.751+0000] {subprocess.py:93} INFO - tmptn832g5z
[2022-11-17T17:31:44.751+0000] {subprocess.py:93} INFO - tmpu9qbl0wh
[2022-11-17T17:31:44.752+0000] {subprocess.py:93} INFO - tmpuq8ywung
[2022-11-17T17:31:44.752+0000] {subprocess.py:93} INFO - tmpv606o9_9
[2022-11-17T17:31:44.752+0000] {subprocess.py:93} INFO - tmpxf7g1lc4
[2022-11-17T17:31:44.752+0000] {subprocess.py:93} INFO - tmpxktobcjf
[2022-11-17T17:31:44.753+0000] {subprocess.py:93} INFO - tmpz91iizm7
[2022-11-17T17:31:44.753+0000] {subprocess.py:93} INFO - ,student,timestamp
[2022-11-17T17:31:44.753+0000] {subprocess.py:93} INFO - 0,Maria Cruz,2022-10-31 00:00:00+00:00
[2022-11-17T17:31:44.754+0000] {subprocess.py:93} INFO - 1,Daniel Crema,2022-10-31 00:00:00+00:00
[2022-11-17T17:31:44.754+0000] {subprocess.py:93} INFO - 2,Elon Musk,2022-10-31 00:00:00+00:00
[2022-11-17T17:31:44.754+0000] {subprocess.py:93} INFO - 3,Karol Castrejon,2022-10-31 00:00:00+00:00
[2022-11-17T17:31:44.755+0000] {subprocess.py:93} INFO - 4,Freddy Vega,2022-10-31 00:00:00+00:00
[2022-11-17T17:31:44.755+0000] {subprocess.py:93} INFO - 5,Freddy Montañez,2022-10-31 00:00:00+00:00
[2022-11-17T17:31:44.755+0000] {subprocess.py:97} INFO - Command exited with return code 0
[2022-11-17T17:31:44.782+0000] {taskinstance.py:1406} INFO - Marking task as SUCCESS. dag_id=MyPersonalAirflowProject, task_id=Print_Imported_data, execution_date=20221031T000000, start_date=20221117T173144, end_date=20221117T173144
[2022-11-17T17:31:44.842+0000] {local_task_job.py:164} INFO - Task exited with return code 0
[2022-11-17T17:31:44.871+0000] {local_task_job.py:273} INFO - 2 downstream tasks scheduled from follow-on schedule check
