[2022-11-04T21:32:10.623+0000] {taskinstance.py:1165} INFO - Dependencies all met for <TaskInstance: orquestation.task2 scheduled__2022-05-07T00:00:00+00:00 [queued]>
[2022-11-04T21:32:10.646+0000] {taskinstance.py:1165} INFO - Dependencies all met for <TaskInstance: orquestation.task2 scheduled__2022-05-07T00:00:00+00:00 [queued]>
[2022-11-04T21:32:10.647+0000] {taskinstance.py:1362} INFO - 
--------------------------------------------------------------------------------
[2022-11-04T21:32:10.648+0000] {taskinstance.py:1363} INFO - Starting attempt 1 of 1
[2022-11-04T21:32:10.649+0000] {taskinstance.py:1364} INFO - 
--------------------------------------------------------------------------------
[2022-11-04T21:32:10.676+0000] {taskinstance.py:1383} INFO - Executing <Task(BashOperator): task2> on 2022-05-07 00:00:00+00:00
[2022-11-04T21:32:10.687+0000] {standard_task_runner.py:55} INFO - Started process 749 to run task
[2022-11-04T21:32:10.691+0000] {standard_task_runner.py:82} INFO - Running: ['***', 'tasks', 'run', 'orquestation', 'task2', 'scheduled__2022-05-07T00:00:00+00:00', '--job-id', '136', '--raw', '--subdir', 'DAGS_FOLDER/5.1-orquestacion.py', '--cfg-path', '/tmp/tmpuft70be9']
[2022-11-04T21:32:10.692+0000] {standard_task_runner.py:83} INFO - Job 136: Subtask task2
[2022-11-04T21:32:10.801+0000] {task_command.py:376} INFO - Running <TaskInstance: orquestation.task2 scheduled__2022-05-07T00:00:00+00:00 [running]> on host 643e334f405f
[2022-11-04T21:32:10.922+0000] {taskinstance.py:1592} INFO - Exporting the following env vars:
AIRFLOW_CTX_DAG_OWNER=***
AIRFLOW_CTX_DAG_ID=orquestation
AIRFLOW_CTX_TASK_ID=task2
AIRFLOW_CTX_EXECUTION_DATE=2022-05-07T00:00:00+00:00
AIRFLOW_CTX_TRY_NUMBER=1
AIRFLOW_CTX_DAG_RUN_ID=scheduled__2022-05-07T00:00:00+00:00
[2022-11-04T21:32:10.935+0000] {subprocess.py:63} INFO - Tmp dir root location: 
 /tmp
[2022-11-04T21:32:10.937+0000] {subprocess.py:75} INFO - Running command: ['/bin/bash', '-c', "sleep 2 && echo 'task2'"]
[2022-11-04T21:32:10.961+0000] {subprocess.py:86} INFO - Output:
[2022-11-04T21:32:13.024+0000] {subprocess.py:93} INFO - task2
[2022-11-04T21:32:13.025+0000] {subprocess.py:97} INFO - Command exited with return code 0
[2022-11-04T21:32:13.061+0000] {taskinstance.py:1406} INFO - Marking task as SUCCESS. dag_id=orquestation, task_id=task2, execution_date=20220507T000000, start_date=20221104T213210, end_date=20221104T213213
[2022-11-04T21:32:13.112+0000] {local_task_job.py:164} INFO - Task exited with return code 0
[2022-11-04T21:32:13.154+0000] {local_task_job.py:273} INFO - 2 downstream tasks scheduled from follow-on schedule check
[2022-11-04T21:41:14.003+0000] {taskinstance.py:1165} INFO - Dependencies all met for <TaskInstance: orquestation.task2 scheduled__2022-05-07T00:00:00+00:00 [queued]>
[2022-11-04T21:41:14.019+0000] {taskinstance.py:1165} INFO - Dependencies all met for <TaskInstance: orquestation.task2 scheduled__2022-05-07T00:00:00+00:00 [queued]>
[2022-11-04T21:41:14.019+0000] {taskinstance.py:1362} INFO - 
--------------------------------------------------------------------------------
[2022-11-04T21:41:14.020+0000] {taskinstance.py:1363} INFO - Starting attempt 1 of 1
[2022-11-04T21:41:14.020+0000] {taskinstance.py:1364} INFO - 
--------------------------------------------------------------------------------
[2022-11-04T21:41:14.041+0000] {taskinstance.py:1383} INFO - Executing <Task(BashOperator): task2> on 2022-05-07 00:00:00+00:00
[2022-11-04T21:41:14.051+0000] {standard_task_runner.py:55} INFO - Started process 1740 to run task
[2022-11-04T21:41:14.055+0000] {standard_task_runner.py:82} INFO - Running: ['***', 'tasks', 'run', 'orquestation', 'task2', 'scheduled__2022-05-07T00:00:00+00:00', '--job-id', '280', '--raw', '--subdir', 'DAGS_FOLDER/5.1-orquestacion.py', '--cfg-path', '/tmp/tmptc8u7mft']
[2022-11-04T21:41:14.056+0000] {standard_task_runner.py:83} INFO - Job 280: Subtask task2
[2022-11-04T21:41:14.146+0000] {task_command.py:376} INFO - Running <TaskInstance: orquestation.task2 scheduled__2022-05-07T00:00:00+00:00 [running]> on host 643e334f405f
[2022-11-04T21:41:14.238+0000] {taskinstance.py:1592} INFO - Exporting the following env vars:
AIRFLOW_CTX_DAG_OWNER=***
AIRFLOW_CTX_DAG_ID=orquestation
AIRFLOW_CTX_TASK_ID=task2
AIRFLOW_CTX_EXECUTION_DATE=2022-05-07T00:00:00+00:00
AIRFLOW_CTX_TRY_NUMBER=1
AIRFLOW_CTX_DAG_RUN_ID=scheduled__2022-05-07T00:00:00+00:00
[2022-11-04T21:41:14.240+0000] {subprocess.py:63} INFO - Tmp dir root location: 
 /tmp
[2022-11-04T21:41:14.241+0000] {subprocess.py:75} INFO - Running command: ['/bin/bash', '-c', "sleep 2 && echo 'task2'"]
[2022-11-04T21:41:14.259+0000] {subprocess.py:86} INFO - Output:
[2022-11-04T21:41:16.264+0000] {subprocess.py:93} INFO - task2
[2022-11-04T21:41:16.265+0000] {subprocess.py:97} INFO - Command exited with return code 0
[2022-11-04T21:41:16.291+0000] {taskinstance.py:1406} INFO - Marking task as SUCCESS. dag_id=orquestation, task_id=task2, execution_date=20220507T000000, start_date=20221104T214114, end_date=20221104T214116
[2022-11-04T21:41:16.354+0000] {local_task_job.py:164} INFO - Task exited with return code 0
[2022-11-04T21:41:16.389+0000] {local_task_job.py:273} INFO - 2 downstream tasks scheduled from follow-on schedule check
