[2022-11-08T18:49:48.337+0000] {taskinstance.py:1165} INFO - Dependencies all met for <TaskInstance: 6-monitoring_1.task2 scheduled__2022-01-08T00:00:00+00:00 [queued]>
[2022-11-08T18:49:48.366+0000] {taskinstance.py:1165} INFO - Dependencies all met for <TaskInstance: 6-monitoring_1.task2 scheduled__2022-01-08T00:00:00+00:00 [queued]>
[2022-11-08T18:49:48.366+0000] {taskinstance.py:1362} INFO - 
--------------------------------------------------------------------------------
[2022-11-08T18:49:48.367+0000] {taskinstance.py:1363} INFO - Starting attempt 1 of 1
[2022-11-08T18:49:48.368+0000] {taskinstance.py:1364} INFO - 
--------------------------------------------------------------------------------
[2022-11-08T18:49:48.394+0000] {taskinstance.py:1383} INFO - Executing <Task(BashOperator): task2> on 2022-01-08 00:00:00+00:00
[2022-11-08T18:49:48.400+0000] {standard_task_runner.py:55} INFO - Started process 1126 to run task
[2022-11-08T18:49:48.407+0000] {standard_task_runner.py:82} INFO - Running: ['***', 'tasks', 'run', '6-monitoring_1', 'task2', 'scheduled__2022-01-08T00:00:00+00:00', '--job-id', '464', '--raw', '--subdir', 'DAGS_FOLDER/6.1-monitoring.py', '--cfg-path', '/tmp/tmpty6itk1u']
[2022-11-08T18:49:48.407+0000] {standard_task_runner.py:83} INFO - Job 464: Subtask task2
[2022-11-08T18:49:49.013+0000] {task_command.py:376} INFO - Running <TaskInstance: 6-monitoring_1.task2 scheduled__2022-01-08T00:00:00+00:00 [running]> on host 638485efabe7
[2022-11-08T18:49:49.171+0000] {taskinstance.py:1592} INFO - Exporting the following env vars:
AIRFLOW_CTX_DAG_OWNER=***
AIRFLOW_CTX_DAG_ID=6-monitoring_1
AIRFLOW_CTX_TASK_ID=task2
AIRFLOW_CTX_EXECUTION_DATE=2022-01-08T00:00:00+00:00
AIRFLOW_CTX_TRY_NUMBER=1
AIRFLOW_CTX_DAG_RUN_ID=scheduled__2022-01-08T00:00:00+00:00
[2022-11-08T18:49:49.180+0000] {subprocess.py:63} INFO - Tmp dir root location: 
 /tmp
[2022-11-08T18:49:49.185+0000] {subprocess.py:75} INFO - Running command: ['/bin/bash', '-c', "sleep 2 && echo 'task2'"]
[2022-11-08T18:49:49.218+0000] {subprocess.py:86} INFO - Output:
[2022-11-08T18:49:51.327+0000] {subprocess.py:93} INFO - task2
[2022-11-08T18:49:51.328+0000] {subprocess.py:97} INFO - Command exited with return code 0
[2022-11-08T18:49:51.373+0000] {taskinstance.py:1406} INFO - Marking task as SUCCESS. dag_id=6-monitoring_1, task_id=task2, execution_date=20220108T000000, start_date=20221108T184948, end_date=20221108T184951
[2022-11-08T18:49:51.514+0000] {local_task_job.py:164} INFO - Task exited with return code 0
[2022-11-08T18:49:51.554+0000] {local_task_job.py:273} INFO - 1 downstream tasks scheduled from follow-on schedule check
[2022-11-08T20:52:21.824+0000] {taskinstance.py:1165} INFO - Dependencies all met for <TaskInstance: 6-monitoring_1.task2 scheduled__2022-01-08T00:00:00+00:00 [queued]>
[2022-11-08T20:52:21.908+0000] {taskinstance.py:1165} INFO - Dependencies all met for <TaskInstance: 6-monitoring_1.task2 scheduled__2022-01-08T00:00:00+00:00 [queued]>
[2022-11-08T20:52:21.909+0000] {taskinstance.py:1362} INFO - 
--------------------------------------------------------------------------------
[2022-11-08T20:52:21.910+0000] {taskinstance.py:1363} INFO - Starting attempt 1 of 1
[2022-11-08T20:52:21.912+0000] {taskinstance.py:1364} INFO - 
--------------------------------------------------------------------------------
[2022-11-08T20:52:21.998+0000] {taskinstance.py:1383} INFO - Executing <Task(BashOperator): task2> on 2022-01-08 00:00:00+00:00
[2022-11-08T20:52:22.020+0000] {standard_task_runner.py:55} INFO - Started process 3855 to run task
[2022-11-08T20:52:22.034+0000] {standard_task_runner.py:82} INFO - Running: ['***', 'tasks', 'run', '6-monitoring_1', 'task2', 'scheduled__2022-01-08T00:00:00+00:00', '--job-id', '570', '--raw', '--subdir', 'DAGS_FOLDER/6.1-monitoring.py', '--cfg-path', '/tmp/tmp6ak0ju0g']
[2022-11-08T20:52:22.036+0000] {standard_task_runner.py:83} INFO - Job 570: Subtask task2
[2022-11-08T20:52:22.316+0000] {task_command.py:376} INFO - Running <TaskInstance: 6-monitoring_1.task2 scheduled__2022-01-08T00:00:00+00:00 [running]> on host 638485efabe7
[2022-11-08T20:52:23.275+0000] {taskinstance.py:1592} INFO - Exporting the following env vars:
AIRFLOW_CTX_DAG_OWNER=***
AIRFLOW_CTX_DAG_ID=6-monitoring_1
AIRFLOW_CTX_TASK_ID=task2
AIRFLOW_CTX_EXECUTION_DATE=2022-01-08T00:00:00+00:00
AIRFLOW_CTX_TRY_NUMBER=1
AIRFLOW_CTX_DAG_RUN_ID=scheduled__2022-01-08T00:00:00+00:00
[2022-11-08T20:52:23.406+0000] {subprocess.py:63} INFO - Tmp dir root location: 
 /tmp
[2022-11-08T20:52:23.420+0000] {subprocess.py:75} INFO - Running command: ['/bin/bash', '-c', "sleep 2 && echo 'task2'"]
[2022-11-08T20:52:23.507+0000] {subprocess.py:86} INFO - Output:
[2022-11-08T20:52:25.732+0000] {subprocess.py:93} INFO - task2
[2022-11-08T20:52:25.735+0000] {subprocess.py:97} INFO - Command exited with return code 0
[2022-11-08T20:52:25.853+0000] {taskinstance.py:1406} INFO - Marking task as SUCCESS. dag_id=6-monitoring_1, task_id=task2, execution_date=20220108T000000, start_date=20221108T205221, end_date=20221108T205225
[2022-11-08T20:52:26.053+0000] {local_task_job.py:164} INFO - Task exited with return code 0
[2022-11-08T20:52:26.135+0000] {local_task_job.py:273} INFO - 1 downstream tasks scheduled from follow-on schedule check
