[2022-11-04T21:32:41.473+0000] {taskinstance.py:1165} INFO - Dependencies all met for <TaskInstance: orquestation.task3 scheduled__2022-05-13T00:00:00+00:00 [queued]>
[2022-11-04T21:32:41.496+0000] {taskinstance.py:1165} INFO - Dependencies all met for <TaskInstance: orquestation.task3 scheduled__2022-05-13T00:00:00+00:00 [queued]>
[2022-11-04T21:32:41.497+0000] {taskinstance.py:1362} INFO - 
--------------------------------------------------------------------------------
[2022-11-04T21:32:41.498+0000] {taskinstance.py:1363} INFO - Starting attempt 1 of 1
[2022-11-04T21:32:41.499+0000] {taskinstance.py:1364} INFO - 
--------------------------------------------------------------------------------
[2022-11-04T21:32:41.531+0000] {taskinstance.py:1383} INFO - Executing <Task(BashOperator): task3> on 2022-05-13 00:00:00+00:00
[2022-11-04T21:32:41.544+0000] {standard_task_runner.py:55} INFO - Started process 880 to run task
[2022-11-04T21:32:41.549+0000] {standard_task_runner.py:82} INFO - Running: ['***', 'tasks', 'run', 'orquestation', 'task3', 'scheduled__2022-05-13T00:00:00+00:00', '--job-id', '163', '--raw', '--subdir', 'DAGS_FOLDER/5.1-orquestacion.py', '--cfg-path', '/tmp/tmpz8jdro_6']
[2022-11-04T21:32:41.550+0000] {standard_task_runner.py:83} INFO - Job 163: Subtask task3
[2022-11-04T21:32:41.654+0000] {task_command.py:376} INFO - Running <TaskInstance: orquestation.task3 scheduled__2022-05-13T00:00:00+00:00 [running]> on host 643e334f405f
[2022-11-04T21:32:41.831+0000] {taskinstance.py:1592} INFO - Exporting the following env vars:
AIRFLOW_CTX_DAG_OWNER=***
AIRFLOW_CTX_DAG_ID=orquestation
AIRFLOW_CTX_TASK_ID=task3
AIRFLOW_CTX_EXECUTION_DATE=2022-05-13T00:00:00+00:00
AIRFLOW_CTX_TRY_NUMBER=1
AIRFLOW_CTX_DAG_RUN_ID=scheduled__2022-05-13T00:00:00+00:00
[2022-11-04T21:32:41.852+0000] {subprocess.py:63} INFO - Tmp dir root location: 
 /tmp
[2022-11-04T21:32:41.853+0000] {subprocess.py:75} INFO - Running command: ['/bin/bash', '-c', "sleep 2 && echo 'task3'"]
[2022-11-04T21:32:41.879+0000] {subprocess.py:86} INFO - Output:
[2022-11-04T21:32:43.937+0000] {subprocess.py:93} INFO - task3
[2022-11-04T21:32:43.938+0000] {subprocess.py:97} INFO - Command exited with return code 0
[2022-11-04T21:32:43.977+0000] {taskinstance.py:1406} INFO - Marking task as SUCCESS. dag_id=orquestation, task_id=task3, execution_date=20220513T000000, start_date=20221104T213241, end_date=20221104T213243
[2022-11-04T21:32:44.049+0000] {local_task_job.py:164} INFO - Task exited with return code 0
[2022-11-04T21:32:44.089+0000] {local_task_job.py:273} INFO - 0 downstream tasks scheduled from follow-on schedule check
[2022-11-04T21:42:20.491+0000] {taskinstance.py:1165} INFO - Dependencies all met for <TaskInstance: orquestation.task3 scheduled__2022-05-13T00:00:00+00:00 [queued]>
[2022-11-04T21:42:20.509+0000] {taskinstance.py:1165} INFO - Dependencies all met for <TaskInstance: orquestation.task3 scheduled__2022-05-13T00:00:00+00:00 [queued]>
[2022-11-04T21:42:20.510+0000] {taskinstance.py:1362} INFO - 
--------------------------------------------------------------------------------
[2022-11-04T21:42:20.510+0000] {taskinstance.py:1363} INFO - Starting attempt 1 of 1
[2022-11-04T21:42:20.511+0000] {taskinstance.py:1364} INFO - 
--------------------------------------------------------------------------------
[2022-11-04T21:42:20.526+0000] {taskinstance.py:1383} INFO - Executing <Task(BashOperator): task3> on 2022-05-13 00:00:00+00:00
[2022-11-04T21:42:20.533+0000] {standard_task_runner.py:55} INFO - Started process 1896 to run task
[2022-11-04T21:42:20.536+0000] {standard_task_runner.py:82} INFO - Running: ['***', 'tasks', 'run', 'orquestation', 'task3', 'scheduled__2022-05-13T00:00:00+00:00', '--job-id', '305', '--raw', '--subdir', 'DAGS_FOLDER/5.1-orquestacion.py', '--cfg-path', '/tmp/tmpdcfwk8_d']
[2022-11-04T21:42:20.537+0000] {standard_task_runner.py:83} INFO - Job 305: Subtask task3
[2022-11-04T21:42:20.604+0000] {task_command.py:376} INFO - Running <TaskInstance: orquestation.task3 scheduled__2022-05-13T00:00:00+00:00 [running]> on host 643e334f405f
[2022-11-04T21:42:20.681+0000] {taskinstance.py:1592} INFO - Exporting the following env vars:
AIRFLOW_CTX_DAG_OWNER=***
AIRFLOW_CTX_DAG_ID=orquestation
AIRFLOW_CTX_TASK_ID=task3
AIRFLOW_CTX_EXECUTION_DATE=2022-05-13T00:00:00+00:00
AIRFLOW_CTX_TRY_NUMBER=1
AIRFLOW_CTX_DAG_RUN_ID=scheduled__2022-05-13T00:00:00+00:00
[2022-11-04T21:42:20.683+0000] {subprocess.py:63} INFO - Tmp dir root location: 
 /tmp
[2022-11-04T21:42:20.684+0000] {subprocess.py:75} INFO - Running command: ['/bin/bash', '-c', "sleep 2 && echo 'task3'"]
[2022-11-04T21:42:20.698+0000] {subprocess.py:86} INFO - Output:
[2022-11-04T21:42:22.701+0000] {subprocess.py:93} INFO - task3
[2022-11-04T21:42:22.702+0000] {subprocess.py:97} INFO - Command exited with return code 0
[2022-11-04T21:42:22.732+0000] {taskinstance.py:1406} INFO - Marking task as SUCCESS. dag_id=orquestation, task_id=task3, execution_date=20220513T000000, start_date=20221104T214220, end_date=20221104T214222
[2022-11-04T21:42:22.757+0000] {local_task_job.py:164} INFO - Task exited with return code 0
[2022-11-04T21:42:22.779+0000] {local_task_job.py:273} INFO - 0 downstream tasks scheduled from follow-on schedule check
