[2022-11-17T15:56:05.806+0000] {taskinstance.py:1165} INFO - Dependencies all met for <TaskInstance: MyPersonalAirflowProject.copy_data_to_local scheduled__2022-10-23T00:00:00+00:00 [queued]>
[2022-11-17T15:56:05.822+0000] {taskinstance.py:1165} INFO - Dependencies all met for <TaskInstance: MyPersonalAirflowProject.copy_data_to_local scheduled__2022-10-23T00:00:00+00:00 [queued]>
[2022-11-17T15:56:05.822+0000] {taskinstance.py:1362} INFO - 
--------------------------------------------------------------------------------
[2022-11-17T15:56:05.823+0000] {taskinstance.py:1363} INFO - Starting attempt 2 of 2
[2022-11-17T15:56:05.824+0000] {taskinstance.py:1364} INFO - 
--------------------------------------------------------------------------------
[2022-11-17T15:56:05.842+0000] {taskinstance.py:1383} INFO - Executing <Task(PythonOperator): copy_data_to_local> on 2022-10-23 00:00:00+00:00
[2022-11-17T15:56:05.884+0000] {standard_task_runner.py:55} INFO - Started process 1112 to run task
[2022-11-17T15:56:05.888+0000] {standard_task_runner.py:82} INFO - Running: ['***', 'tasks', 'run', 'MyPersonalAirflowProject', 'copy_data_to_local', 'scheduled__2022-10-23T00:00:00+00:00', '--job-id', '1878', '--raw', '--subdir', 'DAGS_FOLDER/FinalPersonalProject.py', '--cfg-path', '/tmp/tmph5ha1ne0']
[2022-11-17T15:56:05.889+0000] {standard_task_runner.py:83} INFO - Job 1878: Subtask copy_data_to_local
[2022-11-17T15:56:05.968+0000] {task_command.py:376} INFO - Running <TaskInstance: MyPersonalAirflowProject.copy_data_to_local scheduled__2022-10-23T00:00:00+00:00 [running]> on host 638485efabe7
[2022-11-17T15:56:06.045+0000] {taskinstance.py:1592} INFO - Exporting the following env vars:
AIRFLOW_CTX_DAG_OWNER=***
AIRFLOW_CTX_DAG_ID=MyPersonalAirflowProject
AIRFLOW_CTX_TASK_ID=copy_data_to_local
AIRFLOW_CTX_EXECUTION_DATE=2022-10-23T00:00:00+00:00
AIRFLOW_CTX_TRY_NUMBER=2
AIRFLOW_CTX_DAG_RUN_ID=scheduled__2022-10-23T00:00:00+00:00
[2022-11-17T15:56:06.252+0000] {python.py:177} INFO - Done. Returned value was: None
[2022-11-17T15:56:06.265+0000] {taskinstance.py:1406} INFO - Marking task as SUCCESS. dag_id=MyPersonalAirflowProject, task_id=copy_data_to_local, execution_date=20221023T000000, start_date=20221117T155605, end_date=20221117T155606
[2022-11-17T15:56:06.301+0000] {local_task_job.py:164} INFO - Task exited with return code 0
[2022-11-17T15:56:06.330+0000] {local_task_job.py:273} INFO - 1 downstream tasks scheduled from follow-on schedule check
