[2022-11-16T22:23:32.106+0000] {taskinstance.py:1165} INFO - Dependencies all met for <TaskInstance: MyPersonalAirflowProject.copy_data_to_local scheduled__2022-10-23T00:00:00+00:00 [queued]>
[2022-11-16T22:23:32.124+0000] {taskinstance.py:1165} INFO - Dependencies all met for <TaskInstance: MyPersonalAirflowProject.copy_data_to_local scheduled__2022-10-23T00:00:00+00:00 [queued]>
[2022-11-16T22:23:32.125+0000] {taskinstance.py:1362} INFO - 
--------------------------------------------------------------------------------
[2022-11-16T22:23:32.127+0000] {taskinstance.py:1363} INFO - Starting attempt 1 of 1
[2022-11-16T22:23:32.128+0000] {taskinstance.py:1364} INFO - 
--------------------------------------------------------------------------------
[2022-11-16T22:23:32.160+0000] {taskinstance.py:1383} INFO - Executing <Task(PythonOperator): copy_data_to_local> on 2022-10-23 00:00:00+00:00
[2022-11-16T22:23:32.171+0000] {standard_task_runner.py:55} INFO - Started process 5659 to run task
[2022-11-16T22:23:32.174+0000] {standard_task_runner.py:82} INFO - Running: ['***', 'tasks', 'run', 'MyPersonalAirflowProject', 'copy_data_to_local', 'scheduled__2022-10-23T00:00:00+00:00', '--job-id', '1576', '--raw', '--subdir', 'DAGS_FOLDER/FinalPersonalProject.py', '--cfg-path', '/tmp/tmp3d6vni8a']
[2022-11-16T22:23:32.175+0000] {standard_task_runner.py:83} INFO - Job 1576: Subtask copy_data_to_local
[2022-11-16T22:23:32.260+0000] {task_command.py:376} INFO - Running <TaskInstance: MyPersonalAirflowProject.copy_data_to_local scheduled__2022-10-23T00:00:00+00:00 [running]> on host 638485efabe7
[2022-11-16T22:23:32.357+0000] {taskinstance.py:1592} INFO - Exporting the following env vars:
AIRFLOW_CTX_DAG_OWNER=***
AIRFLOW_CTX_DAG_ID=MyPersonalAirflowProject
AIRFLOW_CTX_TASK_ID=copy_data_to_local
AIRFLOW_CTX_EXECUTION_DATE=2022-10-23T00:00:00+00:00
AIRFLOW_CTX_TRY_NUMBER=1
AIRFLOW_CTX_DAG_RUN_ID=scheduled__2022-10-23T00:00:00+00:00
[2022-11-16T22:23:33.261+0000] {python.py:177} INFO - Done. Returned value was: None
[2022-11-16T22:23:33.280+0000] {taskinstance.py:1406} INFO - Marking task as SUCCESS. dag_id=MyPersonalAirflowProject, task_id=copy_data_to_local, execution_date=20221023T000000, start_date=20221116T222332, end_date=20221116T222333
[2022-11-16T22:23:33.338+0000] {local_task_job.py:164} INFO - Task exited with return code 0
[2022-11-16T22:23:33.376+0000] {local_task_job.py:273} INFO - 1 downstream tasks scheduled from follow-on schedule check
[2022-11-17T16:35:54.476+0000] {taskinstance.py:1165} INFO - Dependencies all met for <TaskInstance: MyPersonalAirflowProject.copy_data_to_local scheduled__2022-10-23T00:00:00+00:00 [queued]>
[2022-11-17T16:35:54.495+0000] {taskinstance.py:1165} INFO - Dependencies all met for <TaskInstance: MyPersonalAirflowProject.copy_data_to_local scheduled__2022-10-23T00:00:00+00:00 [queued]>
[2022-11-17T16:35:54.496+0000] {taskinstance.py:1362} INFO - 
--------------------------------------------------------------------------------
[2022-11-17T16:35:54.497+0000] {taskinstance.py:1363} INFO - Starting attempt 1 of 1
[2022-11-17T16:35:54.498+0000] {taskinstance.py:1364} INFO - 
--------------------------------------------------------------------------------
[2022-11-17T16:35:54.519+0000] {taskinstance.py:1383} INFO - Executing <Task(PythonOperator): copy_data_to_local> on 2022-10-23 00:00:00+00:00
[2022-11-17T16:35:54.528+0000] {standard_task_runner.py:55} INFO - Started process 3985 to run task
[2022-11-17T16:35:54.533+0000] {standard_task_runner.py:82} INFO - Running: ['***', 'tasks', 'run', 'MyPersonalAirflowProject', 'copy_data_to_local', 'scheduled__2022-10-23T00:00:00+00:00', '--job-id', '2204', '--raw', '--subdir', 'DAGS_FOLDER/FinalPersonalProject.py', '--cfg-path', '/tmp/tmps2x71l8z']
[2022-11-17T16:35:54.534+0000] {standard_task_runner.py:83} INFO - Job 2204: Subtask copy_data_to_local
[2022-11-17T16:35:54.618+0000] {task_command.py:376} INFO - Running <TaskInstance: MyPersonalAirflowProject.copy_data_to_local scheduled__2022-10-23T00:00:00+00:00 [running]> on host 638485efabe7
[2022-11-17T16:35:54.706+0000] {taskinstance.py:1592} INFO - Exporting the following env vars:
AIRFLOW_CTX_DAG_OWNER=***
AIRFLOW_CTX_DAG_ID=MyPersonalAirflowProject
AIRFLOW_CTX_TASK_ID=copy_data_to_local
AIRFLOW_CTX_EXECUTION_DATE=2022-10-23T00:00:00+00:00
AIRFLOW_CTX_TRY_NUMBER=1
AIRFLOW_CTX_DAG_RUN_ID=scheduled__2022-10-23T00:00:00+00:00
[2022-11-17T16:35:54.965+0000] {python.py:177} INFO - Done. Returned value was: None
[2022-11-17T16:35:54.981+0000] {taskinstance.py:1406} INFO - Marking task as SUCCESS. dag_id=MyPersonalAirflowProject, task_id=copy_data_to_local, execution_date=20221023T000000, start_date=20221117T163554, end_date=20221117T163554
[2022-11-17T16:35:55.027+0000] {local_task_job.py:164} INFO - Task exited with return code 0
[2022-11-17T16:35:55.062+0000] {local_task_job.py:273} INFO - 1 downstream tasks scheduled from follow-on schedule check
[2022-11-17T17:27:45.075+0000] {taskinstance.py:1165} INFO - Dependencies all met for <TaskInstance: MyPersonalAirflowProject.copy_data_to_local scheduled__2022-10-23T00:00:00+00:00 [queued]>
[2022-11-17T17:27:45.087+0000] {taskinstance.py:1165} INFO - Dependencies all met for <TaskInstance: MyPersonalAirflowProject.copy_data_to_local scheduled__2022-10-23T00:00:00+00:00 [queued]>
[2022-11-17T17:27:45.087+0000] {taskinstance.py:1362} INFO - 
--------------------------------------------------------------------------------
[2022-11-17T17:27:45.088+0000] {taskinstance.py:1363} INFO - Starting attempt 1 of 1
[2022-11-17T17:27:45.088+0000] {taskinstance.py:1364} INFO - 
--------------------------------------------------------------------------------
[2022-11-17T17:27:45.104+0000] {taskinstance.py:1383} INFO - Executing <Task(PythonOperator): copy_data_to_local> on 2022-10-23 00:00:00+00:00
[2022-11-17T17:27:45.110+0000] {standard_task_runner.py:55} INFO - Started process 7627 to run task
[2022-11-17T17:27:45.113+0000] {standard_task_runner.py:82} INFO - Running: ['***', 'tasks', 'run', 'MyPersonalAirflowProject', 'copy_data_to_local', 'scheduled__2022-10-23T00:00:00+00:00', '--job-id', '2614', '--raw', '--subdir', 'DAGS_FOLDER/FinalPersonalProject.py', '--cfg-path', '/tmp/tmpvnn45c9l']
[2022-11-17T17:27:45.113+0000] {standard_task_runner.py:83} INFO - Job 2614: Subtask copy_data_to_local
[2022-11-17T17:27:45.177+0000] {task_command.py:376} INFO - Running <TaskInstance: MyPersonalAirflowProject.copy_data_to_local scheduled__2022-10-23T00:00:00+00:00 [running]> on host 638485efabe7
[2022-11-17T17:27:45.255+0000] {taskinstance.py:1592} INFO - Exporting the following env vars:
AIRFLOW_CTX_DAG_OWNER=***
AIRFLOW_CTX_DAG_ID=MyPersonalAirflowProject
AIRFLOW_CTX_TASK_ID=copy_data_to_local
AIRFLOW_CTX_EXECUTION_DATE=2022-10-23T00:00:00+00:00
AIRFLOW_CTX_TRY_NUMBER=1
AIRFLOW_CTX_DAG_RUN_ID=scheduled__2022-10-23T00:00:00+00:00
[2022-11-17T17:27:45.473+0000] {python.py:177} INFO - Done. Returned value was: None
[2022-11-17T17:27:45.484+0000] {taskinstance.py:1406} INFO - Marking task as SUCCESS. dag_id=MyPersonalAirflowProject, task_id=copy_data_to_local, execution_date=20221023T000000, start_date=20221117T172745, end_date=20221117T172745
[2022-11-17T17:27:45.526+0000] {local_task_job.py:164} INFO - Task exited with return code 0
[2022-11-17T17:27:45.560+0000] {local_task_job.py:273} INFO - 1 downstream tasks scheduled from follow-on schedule check
