[2022-11-09T14:59:51.144+0000] {taskinstance.py:1165} INFO - Dependencies all met for <TaskInstance: 6-monitoring_2.task2 scheduled__2022-01-03T00:00:00+00:00 [queued]>
[2022-11-09T14:59:51.170+0000] {taskinstance.py:1165} INFO - Dependencies all met for <TaskInstance: 6-monitoring_2.task2 scheduled__2022-01-03T00:00:00+00:00 [queued]>
[2022-11-09T14:59:51.171+0000] {taskinstance.py:1362} INFO - 
--------------------------------------------------------------------------------
[2022-11-09T14:59:51.187+0000] {taskinstance.py:1363} INFO - Starting attempt 1 of 3
[2022-11-09T14:59:51.187+0000] {taskinstance.py:1364} INFO - 
--------------------------------------------------------------------------------
[2022-11-09T14:59:51.215+0000] {taskinstance.py:1383} INFO - Executing <Task(BashOperator): task2> on 2022-01-03 00:00:00+00:00
[2022-11-09T14:59:51.223+0000] {standard_task_runner.py:55} INFO - Started process 632 to run task
[2022-11-09T14:59:51.227+0000] {standard_task_runner.py:82} INFO - Running: ['***', 'tasks', 'run', '6-monitoring_2', 'task2', 'scheduled__2022-01-03T00:00:00+00:00', '--job-id', '610', '--raw', '--subdir', 'DAGS_FOLDER/6.2-monitoring.py', '--cfg-path', '/tmp/tmptux0ou1e']
[2022-11-09T14:59:51.227+0000] {standard_task_runner.py:83} INFO - Job 610: Subtask task2
[2022-11-09T14:59:51.324+0000] {task_command.py:376} INFO - Running <TaskInstance: 6-monitoring_2.task2 scheduled__2022-01-03T00:00:00+00:00 [running]> on host 638485efabe7
[2022-11-09T14:59:51.417+0000] {taskinstance.py:1592} INFO - Exporting the following env vars:
AIRFLOW_CTX_DAG_OWNER=***
AIRFLOW_CTX_DAG_ID=6-monitoring_2
AIRFLOW_CTX_TASK_ID=task2
AIRFLOW_CTX_EXECUTION_DATE=2022-01-03T00:00:00+00:00
AIRFLOW_CTX_TRY_NUMBER=1
AIRFLOW_CTX_DAG_RUN_ID=scheduled__2022-01-03T00:00:00+00:00
[2022-11-09T14:59:51.419+0000] {subprocess.py:63} INFO - Tmp dir root location: 
 /tmp
[2022-11-09T14:59:51.420+0000] {subprocess.py:75} INFO - Running command: ['/bin/bash', '-c', "sleep 3 && echo 'task2'"]
[2022-11-09T14:59:51.432+0000] {subprocess.py:86} INFO - Output:
[2022-11-09T14:59:54.462+0000] {subprocess.py:93} INFO - task2
[2022-11-09T14:59:54.463+0000] {subprocess.py:97} INFO - Command exited with return code 0
[2022-11-09T14:59:54.499+0000] {taskinstance.py:1406} INFO - Marking task as SUCCESS. dag_id=6-monitoring_2, task_id=task2, execution_date=20220103T000000, start_date=20221109T145951, end_date=20221109T145954
[2022-11-09T14:59:54.540+0000] {local_task_job.py:164} INFO - Task exited with return code 0
[2022-11-09T14:59:54.585+0000] {local_task_job.py:273} INFO - 0 downstream tasks scheduled from follow-on schedule check
