[2022-11-16T22:23:29.521+0000] {taskinstance.py:1165} INFO - Dependencies all met for <TaskInstance: MyPersonalAirflowProject.SpaceX_data scheduled__2022-10-23T00:00:00+00:00 [queued]>
[2022-11-16T22:23:29.554+0000] {taskinstance.py:1165} INFO - Dependencies all met for <TaskInstance: MyPersonalAirflowProject.SpaceX_data scheduled__2022-10-23T00:00:00+00:00 [queued]>
[2022-11-16T22:23:29.555+0000] {taskinstance.py:1362} INFO - 
--------------------------------------------------------------------------------
[2022-11-16T22:23:29.556+0000] {taskinstance.py:1363} INFO - Starting attempt 1 of 1
[2022-11-16T22:23:29.557+0000] {taskinstance.py:1364} INFO - 
--------------------------------------------------------------------------------
[2022-11-16T22:23:29.599+0000] {taskinstance.py:1383} INFO - Executing <Task(BashOperator): SpaceX_data> on 2022-10-23 00:00:00+00:00
[2022-11-16T22:23:29.608+0000] {standard_task_runner.py:55} INFO - Started process 5655 to run task
[2022-11-16T22:23:29.611+0000] {standard_task_runner.py:82} INFO - Running: ['***', 'tasks', 'run', 'MyPersonalAirflowProject', 'SpaceX_data', 'scheduled__2022-10-23T00:00:00+00:00', '--job-id', '1575', '--raw', '--subdir', 'DAGS_FOLDER/FinalPersonalProject.py', '--cfg-path', '/tmp/tmpcjumu1qg']
[2022-11-16T22:23:29.613+0000] {standard_task_runner.py:83} INFO - Job 1575: Subtask SpaceX_data
[2022-11-16T22:23:29.699+0000] {task_command.py:376} INFO - Running <TaskInstance: MyPersonalAirflowProject.SpaceX_data scheduled__2022-10-23T00:00:00+00:00 [running]> on host 638485efabe7
[2022-11-16T22:23:29.800+0000] {taskinstance.py:1592} INFO - Exporting the following env vars:
AIRFLOW_CTX_DAG_OWNER=***
AIRFLOW_CTX_DAG_ID=MyPersonalAirflowProject
AIRFLOW_CTX_TASK_ID=SpaceX_data
AIRFLOW_CTX_EXECUTION_DATE=2022-10-23T00:00:00+00:00
AIRFLOW_CTX_TRY_NUMBER=1
AIRFLOW_CTX_DAG_RUN_ID=scheduled__2022-10-23T00:00:00+00:00
[2022-11-16T22:23:29.816+0000] {subprocess.py:63} INFO - Tmp dir root location: 
 /tmp
[2022-11-16T22:23:29.817+0000] {subprocess.py:75} INFO - Running command: ['/bin/bash', '-c', "curl -o /tmp/history.json -L 'https://api.spacexdata.com/v4/history'"]
[2022-11-16T22:23:29.832+0000] {subprocess.py:86} INFO - Output:
[2022-11-16T22:23:29.926+0000] {subprocess.py:93} INFO -   % Total    % Received % Xferd  Average Speed   Time    Time     Time  Current
[2022-11-16T22:23:29.927+0000] {subprocess.py:93} INFO -                                  Dload  Upload   Total   Spent    Left  Speed
[2022-11-16T22:23:30.250+0000] {subprocess.py:93} INFO -   0     0    0     0    0     0      0      0 --:--:-- --:--:-- --:--:--     0100  6756    0  6756    0     0  20916      0 --:--:-- --:--:-- --:--:-- 20981
[2022-11-16T22:23:30.255+0000] {subprocess.py:97} INFO - Command exited with return code 0
[2022-11-16T22:23:30.300+0000] {taskinstance.py:1406} INFO - Marking task as SUCCESS. dag_id=MyPersonalAirflowProject, task_id=SpaceX_data, execution_date=20221023T000000, start_date=20221116T222329, end_date=20221116T222330
[2022-11-16T22:23:30.391+0000] {local_task_job.py:164} INFO - Task exited with return code 0
[2022-11-16T22:23:30.436+0000] {local_task_job.py:273} INFO - 1 downstream tasks scheduled from follow-on schedule check
[2022-11-17T16:35:51.905+0000] {taskinstance.py:1165} INFO - Dependencies all met for <TaskInstance: MyPersonalAirflowProject.SpaceX_data scheduled__2022-10-23T00:00:00+00:00 [queued]>
[2022-11-17T16:35:51.917+0000] {taskinstance.py:1165} INFO - Dependencies all met for <TaskInstance: MyPersonalAirflowProject.SpaceX_data scheduled__2022-10-23T00:00:00+00:00 [queued]>
[2022-11-17T16:35:51.918+0000] {taskinstance.py:1362} INFO - 
--------------------------------------------------------------------------------
[2022-11-17T16:35:51.919+0000] {taskinstance.py:1363} INFO - Starting attempt 1 of 1
[2022-11-17T16:35:51.919+0000] {taskinstance.py:1364} INFO - 
--------------------------------------------------------------------------------
[2022-11-17T16:35:51.944+0000] {taskinstance.py:1383} INFO - Executing <Task(BashOperator): SpaceX_data> on 2022-10-23 00:00:00+00:00
[2022-11-17T16:35:51.950+0000] {standard_task_runner.py:55} INFO - Started process 3972 to run task
[2022-11-17T16:35:51.953+0000] {standard_task_runner.py:82} INFO - Running: ['***', 'tasks', 'run', 'MyPersonalAirflowProject', 'SpaceX_data', 'scheduled__2022-10-23T00:00:00+00:00', '--job-id', '2203', '--raw', '--subdir', 'DAGS_FOLDER/FinalPersonalProject.py', '--cfg-path', '/tmp/tmptgjrofw5']
[2022-11-17T16:35:51.954+0000] {standard_task_runner.py:83} INFO - Job 2203: Subtask SpaceX_data
[2022-11-17T16:35:52.031+0000] {task_command.py:376} INFO - Running <TaskInstance: MyPersonalAirflowProject.SpaceX_data scheduled__2022-10-23T00:00:00+00:00 [running]> on host 638485efabe7
[2022-11-17T16:35:52.109+0000] {taskinstance.py:1592} INFO - Exporting the following env vars:
AIRFLOW_CTX_DAG_OWNER=***
AIRFLOW_CTX_DAG_ID=MyPersonalAirflowProject
AIRFLOW_CTX_TASK_ID=SpaceX_data
AIRFLOW_CTX_EXECUTION_DATE=2022-10-23T00:00:00+00:00
AIRFLOW_CTX_TRY_NUMBER=1
AIRFLOW_CTX_DAG_RUN_ID=scheduled__2022-10-23T00:00:00+00:00
[2022-11-17T16:35:52.111+0000] {subprocess.py:63} INFO - Tmp dir root location: 
 /tmp
[2022-11-17T16:35:52.112+0000] {subprocess.py:75} INFO - Running command: ['/bin/bash', '-c', "curl -o /tmp/history.json -L 'https://api.spacexdata.com/v4/history'"]
[2022-11-17T16:35:52.123+0000] {subprocess.py:86} INFO - Output:
[2022-11-17T16:35:52.131+0000] {subprocess.py:93} INFO -   % Total    % Received % Xferd  Average Speed   Time    Time     Time  Current
[2022-11-17T16:35:52.132+0000] {subprocess.py:93} INFO -                                  Dload  Upload   Total   Spent    Left  Speed
[2022-11-17T16:35:52.822+0000] {subprocess.py:93} INFO -   0     0    0     0    0     0      0      0 --:--:-- --:--:-- --:--:--     0  0     0    0     0    0     0      0      0 --:--:-- --:--:-- --:--:--     0100  6756    0  6756    0     0   9791      0 --:--:-- --:--:-- --:--:--  9777
[2022-11-17T16:35:52.825+0000] {subprocess.py:97} INFO - Command exited with return code 0
[2022-11-17T16:35:52.855+0000] {taskinstance.py:1406} INFO - Marking task as SUCCESS. dag_id=MyPersonalAirflowProject, task_id=SpaceX_data, execution_date=20221023T000000, start_date=20221117T163551, end_date=20221117T163552
[2022-11-17T16:35:52.889+0000] {local_task_job.py:164} INFO - Task exited with return code 0
[2022-11-17T16:35:52.929+0000] {local_task_job.py:273} INFO - 1 downstream tasks scheduled from follow-on schedule check
[2022-11-17T17:27:42.493+0000] {taskinstance.py:1165} INFO - Dependencies all met for <TaskInstance: MyPersonalAirflowProject.SpaceX_data scheduled__2022-10-23T00:00:00+00:00 [queued]>
[2022-11-17T17:27:42.504+0000] {taskinstance.py:1165} INFO - Dependencies all met for <TaskInstance: MyPersonalAirflowProject.SpaceX_data scheduled__2022-10-23T00:00:00+00:00 [queued]>
[2022-11-17T17:27:42.505+0000] {taskinstance.py:1362} INFO - 
--------------------------------------------------------------------------------
[2022-11-17T17:27:42.505+0000] {taskinstance.py:1363} INFO - Starting attempt 1 of 1
[2022-11-17T17:27:42.506+0000] {taskinstance.py:1364} INFO - 
--------------------------------------------------------------------------------
[2022-11-17T17:27:42.538+0000] {taskinstance.py:1383} INFO - Executing <Task(BashOperator): SpaceX_data> on 2022-10-23 00:00:00+00:00
[2022-11-17T17:27:42.543+0000] {standard_task_runner.py:55} INFO - Started process 7623 to run task
[2022-11-17T17:27:42.546+0000] {standard_task_runner.py:82} INFO - Running: ['***', 'tasks', 'run', 'MyPersonalAirflowProject', 'SpaceX_data', 'scheduled__2022-10-23T00:00:00+00:00', '--job-id', '2613', '--raw', '--subdir', 'DAGS_FOLDER/FinalPersonalProject.py', '--cfg-path', '/tmp/tmpudefd7s8']
[2022-11-17T17:27:42.547+0000] {standard_task_runner.py:83} INFO - Job 2613: Subtask SpaceX_data
[2022-11-17T17:27:42.612+0000] {task_command.py:376} INFO - Running <TaskInstance: MyPersonalAirflowProject.SpaceX_data scheduled__2022-10-23T00:00:00+00:00 [running]> on host 638485efabe7
[2022-11-17T17:27:42.693+0000] {taskinstance.py:1592} INFO - Exporting the following env vars:
AIRFLOW_CTX_DAG_OWNER=***
AIRFLOW_CTX_DAG_ID=MyPersonalAirflowProject
AIRFLOW_CTX_TASK_ID=SpaceX_data
AIRFLOW_CTX_EXECUTION_DATE=2022-10-23T00:00:00+00:00
AIRFLOW_CTX_TRY_NUMBER=1
AIRFLOW_CTX_DAG_RUN_ID=scheduled__2022-10-23T00:00:00+00:00
[2022-11-17T17:27:42.695+0000] {subprocess.py:63} INFO - Tmp dir root location: 
 /tmp
[2022-11-17T17:27:42.696+0000] {subprocess.py:75} INFO - Running command: ['/bin/bash', '-c', "curl -o /tmp/history.json -L 'https://api.spacexdata.com/v4/history'"]
[2022-11-17T17:27:42.709+0000] {subprocess.py:86} INFO - Output:
[2022-11-17T17:27:42.718+0000] {subprocess.py:93} INFO -   % Total    % Received % Xferd  Average Speed   Time    Time     Time  Current
[2022-11-17T17:27:42.719+0000] {subprocess.py:93} INFO -                                  Dload  Upload   Total   Spent    Left  Speed
[2022-11-17T17:27:43.549+0000] {subprocess.py:93} INFO -   0     0    0     0    0     0      0      0 --:--:-- --:--:-- --:--:--     0  0     0    0     0    0     0      0      0 --:--:-- --:--:-- --:--:--     0100  6756    0  6756    0     0   8129      0 --:--:-- --:--:-- --:--:--  8120
[2022-11-17T17:27:43.552+0000] {subprocess.py:97} INFO - Command exited with return code 0
[2022-11-17T17:27:43.588+0000] {taskinstance.py:1406} INFO - Marking task as SUCCESS. dag_id=MyPersonalAirflowProject, task_id=SpaceX_data, execution_date=20221023T000000, start_date=20221117T172742, end_date=20221117T172743
[2022-11-17T17:27:43.647+0000] {local_task_job.py:164} INFO - Task exited with return code 0
[2022-11-17T17:27:43.681+0000] {local_task_job.py:273} INFO - 1 downstream tasks scheduled from follow-on schedule check
