[2022-11-17T15:56:03.042+0000] {taskinstance.py:1165} INFO - Dependencies all met for <TaskInstance: MyPersonalAirflowProject.SpaceX_data scheduled__2022-10-23T00:00:00+00:00 [queued]>
[2022-11-17T15:56:03.058+0000] {taskinstance.py:1165} INFO - Dependencies all met for <TaskInstance: MyPersonalAirflowProject.SpaceX_data scheduled__2022-10-23T00:00:00+00:00 [queued]>
[2022-11-17T15:56:03.059+0000] {taskinstance.py:1362} INFO - 
--------------------------------------------------------------------------------
[2022-11-17T15:56:03.060+0000] {taskinstance.py:1363} INFO - Starting attempt 2 of 2
[2022-11-17T15:56:03.061+0000] {taskinstance.py:1364} INFO - 
--------------------------------------------------------------------------------
[2022-11-17T15:56:03.084+0000] {taskinstance.py:1383} INFO - Executing <Task(BashOperator): SpaceX_data> on 2022-10-23 00:00:00+00:00
[2022-11-17T15:56:03.090+0000] {standard_task_runner.py:55} INFO - Started process 1106 to run task
[2022-11-17T15:56:03.094+0000] {standard_task_runner.py:82} INFO - Running: ['***', 'tasks', 'run', 'MyPersonalAirflowProject', 'SpaceX_data', 'scheduled__2022-10-23T00:00:00+00:00', '--job-id', '1877', '--raw', '--subdir', 'DAGS_FOLDER/FinalPersonalProject.py', '--cfg-path', '/tmp/tmpqrjx_wvo']
[2022-11-17T15:56:03.095+0000] {standard_task_runner.py:83} INFO - Job 1877: Subtask SpaceX_data
[2022-11-17T15:56:03.172+0000] {task_command.py:376} INFO - Running <TaskInstance: MyPersonalAirflowProject.SpaceX_data scheduled__2022-10-23T00:00:00+00:00 [running]> on host 638485efabe7
[2022-11-17T15:56:03.253+0000] {taskinstance.py:1592} INFO - Exporting the following env vars:
AIRFLOW_CTX_DAG_OWNER=***
AIRFLOW_CTX_DAG_ID=MyPersonalAirflowProject
AIRFLOW_CTX_TASK_ID=SpaceX_data
AIRFLOW_CTX_EXECUTION_DATE=2022-10-23T00:00:00+00:00
AIRFLOW_CTX_TRY_NUMBER=2
AIRFLOW_CTX_DAG_RUN_ID=scheduled__2022-10-23T00:00:00+00:00
[2022-11-17T15:56:03.256+0000] {subprocess.py:63} INFO - Tmp dir root location: 
 /tmp
[2022-11-17T15:56:03.257+0000] {subprocess.py:75} INFO - Running command: ['/bin/bash', '-c', "curl -o /tmp/history.json -L 'https://api.spacexdata.com/v4/history'"]
[2022-11-17T15:56:03.269+0000] {subprocess.py:86} INFO - Output:
[2022-11-17T15:56:03.277+0000] {subprocess.py:93} INFO -   % Total    % Received % Xferd  Average Speed   Time    Time     Time  Current
[2022-11-17T15:56:03.278+0000] {subprocess.py:93} INFO -                                  Dload  Upload   Total   Spent    Left  Speed
[2022-11-17T15:56:04.079+0000] {subprocess.py:93} INFO -   0     0    0     0    0     0      0      0 --:--:-- --:--:-- --:--:--     0100  6756    0  6756    0     0   8434      0 --:--:-- --:--:-- --:--:--  8434
[2022-11-17T15:56:04.082+0000] {subprocess.py:97} INFO - Command exited with return code 0
[2022-11-17T15:56:04.112+0000] {taskinstance.py:1406} INFO - Marking task as SUCCESS. dag_id=MyPersonalAirflowProject, task_id=SpaceX_data, execution_date=20221023T000000, start_date=20221117T155603, end_date=20221117T155604
[2022-11-17T15:56:04.151+0000] {local_task_job.py:164} INFO - Task exited with return code 0
[2022-11-17T15:56:04.186+0000] {local_task_job.py:273} INFO - 1 downstream tasks scheduled from follow-on schedule check
