[2022-11-16T22:12:16.800+0000] {taskinstance.py:1165} INFO - Dependencies all met for <TaskInstance: MyPersonalAirflowProject.Print_Imported_data scheduled__2022-10-04T00:00:00+00:00 [queued]>
[2022-11-16T22:12:16.814+0000] {taskinstance.py:1165} INFO - Dependencies all met for <TaskInstance: MyPersonalAirflowProject.Print_Imported_data scheduled__2022-10-04T00:00:00+00:00 [queued]>
[2022-11-16T22:12:16.815+0000] {taskinstance.py:1362} INFO - 
--------------------------------------------------------------------------------
[2022-11-16T22:12:16.817+0000] {taskinstance.py:1363} INFO - Starting attempt 1 of 1
[2022-11-16T22:12:16.817+0000] {taskinstance.py:1364} INFO - 
--------------------------------------------------------------------------------
[2022-11-16T22:12:16.838+0000] {taskinstance.py:1383} INFO - Executing <Task(BashOperator): Print_Imported_data> on 2022-10-04 00:00:00+00:00
[2022-11-16T22:12:16.846+0000] {standard_task_runner.py:55} INFO - Started process 4850 to run task
[2022-11-16T22:12:16.849+0000] {standard_task_runner.py:82} INFO - Running: ['***', 'tasks', 'run', 'MyPersonalAirflowProject', 'Print_Imported_data', 'scheduled__2022-10-04T00:00:00+00:00', '--job-id', '1463', '--raw', '--subdir', 'DAGS_FOLDER/FinalPersonalProject.py', '--cfg-path', '/tmp/tmpdrzsrf70']
[2022-11-16T22:12:16.850+0000] {standard_task_runner.py:83} INFO - Job 1463: Subtask Print_Imported_data
[2022-11-16T22:12:16.917+0000] {task_command.py:376} INFO - Running <TaskInstance: MyPersonalAirflowProject.Print_Imported_data scheduled__2022-10-04T00:00:00+00:00 [running]> on host 638485efabe7
[2022-11-16T22:12:17.013+0000] {taskinstance.py:1592} INFO - Exporting the following env vars:
AIRFLOW_CTX_DAG_OWNER=***
AIRFLOW_CTX_DAG_ID=MyPersonalAirflowProject
AIRFLOW_CTX_TASK_ID=Print_Imported_data
AIRFLOW_CTX_EXECUTION_DATE=2022-10-04T00:00:00+00:00
AIRFLOW_CTX_TRY_NUMBER=1
AIRFLOW_CTX_DAG_RUN_ID=scheduled__2022-10-04T00:00:00+00:00
[2022-11-16T22:12:17.015+0000] {subprocess.py:63} INFO - Tmp dir root location: 
 /tmp
[2022-11-16T22:12:17.016+0000] {subprocess.py:75} INFO - Running command: ['/bin/bash', '-c', 'ls /tmp/ && head /tmp/platzi_data.csv']
[2022-11-16T22:12:17.029+0000] {subprocess.py:86} INFO - Output:
[2022-11-16T22:12:17.041+0000] {subprocess.py:93} INFO - ***tmpd5ax9sdb
[2022-11-16T22:12:17.041+0000] {subprocess.py:93} INFO - ***tmpk5xxq3nx
[2022-11-16T22:12:17.042+0000] {subprocess.py:93} INFO - ***tmplkvca7ip
[2022-11-16T22:12:17.043+0000] {subprocess.py:93} INFO - ***tmpodkacs8z
[2022-11-16T22:12:17.043+0000] {subprocess.py:93} INFO - file.txt
[2022-11-16T22:12:17.043+0000] {subprocess.py:93} INFO - history.json
[2022-11-16T22:12:17.044+0000] {subprocess.py:93} INFO - platzi_data_20221001.csv
[2022-11-16T22:12:17.044+0000] {subprocess.py:93} INFO - platzi_data_20221002.csv
[2022-11-16T22:12:17.044+0000] {subprocess.py:93} INFO - platzi_data_20221003.csv
[2022-11-16T22:12:17.045+0000] {subprocess.py:93} INFO - platzi_data_20221004.csv
[2022-11-16T22:12:17.045+0000] {subprocess.py:93} INFO - pymp-8yik9lbi
[2022-11-16T22:12:17.045+0000] {subprocess.py:93} INFO - pymp-y00k7agg
[2022-11-16T22:12:17.046+0000] {subprocess.py:93} INFO - reponse_20221001.txt
[2022-11-16T22:12:17.046+0000] {subprocess.py:93} INFO - reponse_20221002.txt
[2022-11-16T22:12:17.046+0000] {subprocess.py:93} INFO - reponse_20221003.txt
[2022-11-16T22:12:17.046+0000] {subprocess.py:93} INFO - reponse_20221004.txt
[2022-11-16T22:12:17.047+0000] {subprocess.py:93} INFO - reponse_20221022.txt
[2022-11-16T22:12:17.047+0000] {subprocess.py:93} INFO - reponse_20221023.txt
[2022-11-16T22:12:17.047+0000] {subprocess.py:93} INFO - reponse_20221024.txt
[2022-11-16T22:12:17.048+0000] {subprocess.py:93} INFO - reponse_20221025.txt
[2022-11-16T22:12:17.048+0000] {subprocess.py:93} INFO - reponse_20221026.txt
[2022-11-16T22:12:17.049+0000] {subprocess.py:93} INFO - reponse_20221027.txt
[2022-11-16T22:12:17.049+0000] {subprocess.py:93} INFO - reponse_20221028.txt
[2022-11-16T22:12:17.049+0000] {subprocess.py:93} INFO - reponse_20221029.txt
[2022-11-16T22:12:17.050+0000] {subprocess.py:93} INFO - reponse_20221030.txt
[2022-11-16T22:12:17.050+0000] {subprocess.py:93} INFO - reponse_20221031.txt
[2022-11-16T22:12:17.051+0000] {subprocess.py:93} INFO - reponse_20221101.txt
[2022-11-16T22:12:17.051+0000] {subprocess.py:93} INFO - reponse_20221102.txt
[2022-11-16T22:12:17.051+0000] {subprocess.py:93} INFO - reponse_20221103.txt
[2022-11-16T22:12:17.052+0000] {subprocess.py:93} INFO - reponse_20221104.txt
[2022-11-16T22:12:17.052+0000] {subprocess.py:93} INFO - reponse_20221105.txt
[2022-11-16T22:12:17.052+0000] {subprocess.py:93} INFO - reponse_20221106.txt
[2022-11-16T22:12:17.053+0000] {subprocess.py:93} INFO - reponse_20221107.txt
[2022-11-16T22:12:17.053+0000] {subprocess.py:93} INFO - reponse_20221108.txt
[2022-11-16T22:12:17.054+0000] {subprocess.py:93} INFO - reponse_20221109.txt
[2022-11-16T22:12:17.054+0000] {subprocess.py:93} INFO - reponse_20221110.txt
[2022-11-16T22:12:17.054+0000] {subprocess.py:93} INFO - reponse_20221111.txt
[2022-11-16T22:12:17.055+0000] {subprocess.py:93} INFO - reponse_20221112.txt
[2022-11-16T22:12:17.055+0000] {subprocess.py:93} INFO - reponse_20221113.txt
[2022-11-16T22:12:17.055+0000] {subprocess.py:93} INFO - reponse_20221114.txt
[2022-11-16T22:12:17.056+0000] {subprocess.py:93} INFO - reponse_20221115.txt
[2022-11-16T22:12:17.056+0000] {subprocess.py:93} INFO - tmp061o5asr
[2022-11-16T22:12:17.056+0000] {subprocess.py:93} INFO - tmp1b_v374g
[2022-11-16T22:12:17.057+0000] {subprocess.py:93} INFO - tmp2n3y4qb3
[2022-11-16T22:12:17.057+0000] {subprocess.py:93} INFO - tmp2ztydtyd
[2022-11-16T22:12:17.058+0000] {subprocess.py:93} INFO - tmp546oqdk0
[2022-11-16T22:12:17.058+0000] {subprocess.py:93} INFO - tmp57roj99h
[2022-11-16T22:12:17.058+0000] {subprocess.py:93} INFO - tmp5lejojs5
[2022-11-16T22:12:17.058+0000] {subprocess.py:93} INFO - tmp5nj2onwa
[2022-11-16T22:12:17.059+0000] {subprocess.py:93} INFO - tmp64cxrvul
[2022-11-16T22:12:17.059+0000] {subprocess.py:93} INFO - tmp6g4l21c1
[2022-11-16T22:12:17.059+0000] {subprocess.py:93} INFO - tmp7c6bgots
[2022-11-16T22:12:17.060+0000] {subprocess.py:93} INFO - tmp7khebugo
[2022-11-16T22:12:17.060+0000] {subprocess.py:93} INFO - tmp7lvtz6wk
[2022-11-16T22:12:17.060+0000] {subprocess.py:93} INFO - tmp8_n1aj39
[2022-11-16T22:12:17.061+0000] {subprocess.py:93} INFO - tmp8c_dsk2e
[2022-11-16T22:12:17.061+0000] {subprocess.py:93} INFO - tmp928ntdt7
[2022-11-16T22:12:17.061+0000] {subprocess.py:93} INFO - tmp9503grtb
[2022-11-16T22:12:17.062+0000] {subprocess.py:93} INFO - tmp_afh1uos
[2022-11-16T22:12:17.062+0000] {subprocess.py:93} INFO - tmp_m6lsnw3
[2022-11-16T22:12:17.062+0000] {subprocess.py:93} INFO - tmp_vy6n6_q
[2022-11-16T22:12:17.063+0000] {subprocess.py:93} INFO - tmpcnj5oj8y
[2022-11-16T22:12:17.063+0000] {subprocess.py:93} INFO - tmpcu_pom_6
[2022-11-16T22:12:17.064+0000] {subprocess.py:93} INFO - tmpdmc2g1zb
[2022-11-16T22:12:17.064+0000] {subprocess.py:93} INFO - tmpe4k1ogev
[2022-11-16T22:12:17.064+0000] {subprocess.py:93} INFO - tmpg_n88zm7
[2022-11-16T22:12:17.064+0000] {subprocess.py:93} INFO - tmpgg8mkst1
[2022-11-16T22:12:17.065+0000] {subprocess.py:93} INFO - tmpgi8v82jx
[2022-11-16T22:12:17.065+0000] {subprocess.py:93} INFO - tmpiez6kail
[2022-11-16T22:12:17.065+0000] {subprocess.py:93} INFO - tmpj1n4wxza
[2022-11-16T22:12:17.066+0000] {subprocess.py:93} INFO - tmpjsznho2e
[2022-11-16T22:12:17.066+0000] {subprocess.py:93} INFO - tmpkrg9_cgk
[2022-11-16T22:12:17.066+0000] {subprocess.py:93} INFO - tmpl13ymsfs
[2022-11-16T22:12:17.067+0000] {subprocess.py:93} INFO - tmplrbhl64b
[2022-11-16T22:12:17.067+0000] {subprocess.py:93} INFO - tmpn38ozedg
[2022-11-16T22:12:17.067+0000] {subprocess.py:93} INFO - tmpn96u_4ih
[2022-11-16T22:12:17.068+0000] {subprocess.py:93} INFO - tmpo3nf6k5c
[2022-11-16T22:12:17.068+0000] {subprocess.py:93} INFO - tmpoy_ljy8t
[2022-11-16T22:12:17.068+0000] {subprocess.py:93} INFO - tmpp4w9yq6x
[2022-11-16T22:12:17.069+0000] {subprocess.py:93} INFO - tmppfidxzjr
[2022-11-16T22:12:17.069+0000] {subprocess.py:93} INFO - tmpr681bhfw
[2022-11-16T22:12:17.069+0000] {subprocess.py:93} INFO - tmpr9102hwf
[2022-11-16T22:12:17.070+0000] {subprocess.py:93} INFO - tmpt4qo16oq
[2022-11-16T22:12:17.070+0000] {subprocess.py:93} INFO - tmptn832g5z
[2022-11-16T22:12:17.070+0000] {subprocess.py:93} INFO - tmpu9qbl0wh
[2022-11-16T22:12:17.071+0000] {subprocess.py:93} INFO - tmpuq8ywung
[2022-11-16T22:12:17.071+0000] {subprocess.py:93} INFO - tmpv606o9_9
[2022-11-16T22:12:17.071+0000] {subprocess.py:93} INFO - tmpxf7g1lc4
[2022-11-16T22:12:17.072+0000] {subprocess.py:93} INFO - tmpxktobcjf
[2022-11-16T22:12:17.072+0000] {subprocess.py:93} INFO - tmpz91iizm7
[2022-11-16T22:12:17.072+0000] {subprocess.py:93} INFO - head: cannot open '/tmp/platzi_data.csv' for reading: No such file or directory
[2022-11-16T22:12:17.073+0000] {subprocess.py:97} INFO - Command exited with return code 1
[2022-11-16T22:12:17.085+0000] {taskinstance.py:1851} ERROR - Task failed with exception
Traceback (most recent call last):
  File "/home/airflow/.local/lib/python3.7/site-packages/airflow/operators/bash.py", line 197, in execute
    f'Bash command failed. The command returned a non-zero exit code {result.exit_code}.'
airflow.exceptions.AirflowException: Bash command failed. The command returned a non-zero exit code 1.
[2022-11-16T22:12:17.090+0000] {taskinstance.py:1406} INFO - Marking task as FAILED. dag_id=MyPersonalAirflowProject, task_id=Print_Imported_data, execution_date=20221004T000000, start_date=20221116T221216, end_date=20221116T221217
[2022-11-16T22:12:17.107+0000] {standard_task_runner.py:105} ERROR - Failed to execute job 1463 for task Print_Imported_data (Bash command failed. The command returned a non-zero exit code 1.; 4850)
[2022-11-16T22:12:17.127+0000] {local_task_job.py:164} INFO - Task exited with return code 1
[2022-11-16T22:12:17.165+0000] {local_task_job.py:273} INFO - 0 downstream tasks scheduled from follow-on schedule check
[2022-11-17T16:26:00.351+0000] {taskinstance.py:1165} INFO - Dependencies all met for <TaskInstance: MyPersonalAirflowProject.Print_Imported_data scheduled__2022-10-04T00:00:00+00:00 [queued]>
[2022-11-17T16:26:00.364+0000] {taskinstance.py:1165} INFO - Dependencies all met for <TaskInstance: MyPersonalAirflowProject.Print_Imported_data scheduled__2022-10-04T00:00:00+00:00 [queued]>
[2022-11-17T16:26:00.365+0000] {taskinstance.py:1362} INFO - 
--------------------------------------------------------------------------------
[2022-11-17T16:26:00.365+0000] {taskinstance.py:1363} INFO - Starting attempt 1 of 1
[2022-11-17T16:26:00.366+0000] {taskinstance.py:1364} INFO - 
--------------------------------------------------------------------------------
[2022-11-17T16:26:00.383+0000] {taskinstance.py:1383} INFO - Executing <Task(BashOperator): Print_Imported_data> on 2022-10-04 00:00:00+00:00
[2022-11-17T16:26:00.388+0000] {standard_task_runner.py:55} INFO - Started process 3060 to run task
[2022-11-17T16:26:00.391+0000] {standard_task_runner.py:82} INFO - Running: ['***', 'tasks', 'run', 'MyPersonalAirflowProject', 'Print_Imported_data', 'scheduled__2022-10-04T00:00:00+00:00', '--job-id', '2053', '--raw', '--subdir', 'DAGS_FOLDER/FinalPersonalProject.py', '--cfg-path', '/tmp/tmpqb92ywpa']
[2022-11-17T16:26:00.392+0000] {standard_task_runner.py:83} INFO - Job 2053: Subtask Print_Imported_data
[2022-11-17T16:26:00.458+0000] {task_command.py:376} INFO - Running <TaskInstance: MyPersonalAirflowProject.Print_Imported_data scheduled__2022-10-04T00:00:00+00:00 [running]> on host 638485efabe7
[2022-11-17T16:26:00.536+0000] {taskinstance.py:1592} INFO - Exporting the following env vars:
AIRFLOW_CTX_DAG_OWNER=***
AIRFLOW_CTX_DAG_ID=MyPersonalAirflowProject
AIRFLOW_CTX_TASK_ID=Print_Imported_data
AIRFLOW_CTX_EXECUTION_DATE=2022-10-04T00:00:00+00:00
AIRFLOW_CTX_TRY_NUMBER=1
AIRFLOW_CTX_DAG_RUN_ID=scheduled__2022-10-04T00:00:00+00:00
[2022-11-17T16:26:00.538+0000] {subprocess.py:63} INFO - Tmp dir root location: 
 /tmp
[2022-11-17T16:26:00.539+0000] {subprocess.py:75} INFO - Running command: ['/bin/bash', '-c', 'ls /tmp/ && head /tmp/platzi_data_20221004.csv']
[2022-11-17T16:26:00.549+0000] {subprocess.py:86} INFO - Output:
[2022-11-17T16:26:00.553+0000] {subprocess.py:93} INFO - ***tmpk5xxq3nx
[2022-11-17T16:26:00.554+0000] {subprocess.py:93} INFO - ***tmplkvca7ip
[2022-11-17T16:26:00.555+0000] {subprocess.py:93} INFO - ***tmpodkacs8z
[2022-11-17T16:26:00.555+0000] {subprocess.py:93} INFO - ***tmpuf2xxnkq
[2022-11-17T16:26:00.556+0000] {subprocess.py:93} INFO - file.txt
[2022-11-17T16:26:00.556+0000] {subprocess.py:93} INFO - history.json
[2022-11-17T16:26:00.556+0000] {subprocess.py:93} INFO - platzi_data_20221001.csv
[2022-11-17T16:26:00.557+0000] {subprocess.py:93} INFO - platzi_data_20221002.csv
[2022-11-17T16:26:00.557+0000] {subprocess.py:93} INFO - platzi_data_20221003.csv
[2022-11-17T16:26:00.558+0000] {subprocess.py:93} INFO - platzi_data_20221004.csv
[2022-11-17T16:26:00.558+0000] {subprocess.py:93} INFO - platzi_data_20221005.csv
[2022-11-17T16:26:00.558+0000] {subprocess.py:93} INFO - platzi_data_20221006.csv
[2022-11-17T16:26:00.559+0000] {subprocess.py:93} INFO - platzi_data_20221007.csv
[2022-11-17T16:26:00.559+0000] {subprocess.py:93} INFO - platzi_data_20221008.csv
[2022-11-17T16:26:00.560+0000] {subprocess.py:93} INFO - platzi_data_20221009.csv
[2022-11-17T16:26:00.560+0000] {subprocess.py:93} INFO - platzi_data_20221010.csv
[2022-11-17T16:26:00.560+0000] {subprocess.py:93} INFO - platzi_data_20221011.csv
[2022-11-17T16:26:00.560+0000] {subprocess.py:93} INFO - platzi_data_20221012.csv
[2022-11-17T16:26:00.561+0000] {subprocess.py:93} INFO - platzi_data_20221013.csv
[2022-11-17T16:26:00.561+0000] {subprocess.py:93} INFO - platzi_data_20221014.csv
[2022-11-17T16:26:00.561+0000] {subprocess.py:93} INFO - platzi_data_20221015.csv
[2022-11-17T16:26:00.562+0000] {subprocess.py:93} INFO - platzi_data_20221016.csv
[2022-11-17T16:26:00.562+0000] {subprocess.py:93} INFO - platzi_data_20221017.csv
[2022-11-17T16:26:00.562+0000] {subprocess.py:93} INFO - platzi_data_20221018.csv
[2022-11-17T16:26:00.562+0000] {subprocess.py:93} INFO - platzi_data_20221019.csv
[2022-11-17T16:26:00.563+0000] {subprocess.py:93} INFO - platzi_data_20221020.csv
[2022-11-17T16:26:00.563+0000] {subprocess.py:93} INFO - platzi_data_20221021.csv
[2022-11-17T16:26:00.563+0000] {subprocess.py:93} INFO - platzi_data_20221022.csv
[2022-11-17T16:26:00.564+0000] {subprocess.py:93} INFO - platzi_data_20221023.csv
[2022-11-17T16:26:00.564+0000] {subprocess.py:93} INFO - platzi_data_20221024.csv
[2022-11-17T16:26:00.565+0000] {subprocess.py:93} INFO - platzi_data_20221025.csv
[2022-11-17T16:26:00.565+0000] {subprocess.py:93} INFO - platzi_data_20221026.csv
[2022-11-17T16:26:00.565+0000] {subprocess.py:93} INFO - platzi_data_20221027.csv
[2022-11-17T16:26:00.566+0000] {subprocess.py:93} INFO - platzi_data_20221028.csv
[2022-11-17T16:26:00.566+0000] {subprocess.py:93} INFO - platzi_data_20221029.csv
[2022-11-17T16:26:00.566+0000] {subprocess.py:93} INFO - platzi_data_20221030.csv
[2022-11-17T16:26:00.566+0000] {subprocess.py:93} INFO - platzi_data_20221031.csv
[2022-11-17T16:26:00.567+0000] {subprocess.py:93} INFO - platzi_data_20221101.csv
[2022-11-17T16:26:00.567+0000] {subprocess.py:93} INFO - platzi_data_20221102.csv
[2022-11-17T16:26:00.567+0000] {subprocess.py:93} INFO - platzi_data_20221103.csv
[2022-11-17T16:26:00.567+0000] {subprocess.py:93} INFO - platzi_data_20221104.csv
[2022-11-17T16:26:00.568+0000] {subprocess.py:93} INFO - platzi_data_20221105.csv
[2022-11-17T16:26:00.568+0000] {subprocess.py:93} INFO - platzi_data_20221106.csv
[2022-11-17T16:26:00.568+0000] {subprocess.py:93} INFO - platzi_data_20221107.csv
[2022-11-17T16:26:00.569+0000] {subprocess.py:93} INFO - platzi_data_20221108.csv
[2022-11-17T16:26:00.569+0000] {subprocess.py:93} INFO - platzi_data_20221109.csv
[2022-11-17T16:26:00.569+0000] {subprocess.py:93} INFO - platzi_data_20221110.csv
[2022-11-17T16:26:00.569+0000] {subprocess.py:93} INFO - platzi_data_20221111.csv
[2022-11-17T16:26:00.570+0000] {subprocess.py:93} INFO - platzi_data_20221112.csv
[2022-11-17T16:26:00.570+0000] {subprocess.py:93} INFO - platzi_data_20221113.csv
[2022-11-17T16:26:00.570+0000] {subprocess.py:93} INFO - platzi_data_20221114.csv
[2022-11-17T16:26:00.571+0000] {subprocess.py:93} INFO - platzi_data_20221115.csv
[2022-11-17T16:26:00.572+0000] {subprocess.py:93} INFO - platzi_data_20221116.csv
[2022-11-17T16:26:00.572+0000] {subprocess.py:93} INFO - pymp-8yik9lbi
[2022-11-17T16:26:00.572+0000] {subprocess.py:93} INFO - pymp-sbqt6pho
[2022-11-17T16:26:00.573+0000] {subprocess.py:93} INFO - reponse_20221001.txt
[2022-11-17T16:26:00.573+0000] {subprocess.py:93} INFO - reponse_20221002.txt
[2022-11-17T16:26:00.573+0000] {subprocess.py:93} INFO - reponse_20221003.txt
[2022-11-17T16:26:00.574+0000] {subprocess.py:93} INFO - reponse_20221004.txt
[2022-11-17T16:26:00.574+0000] {subprocess.py:93} INFO - reponse_20221005.txt
[2022-11-17T16:26:00.574+0000] {subprocess.py:93} INFO - reponse_20221006.txt
[2022-11-17T16:26:00.574+0000] {subprocess.py:93} INFO - reponse_20221007.txt
[2022-11-17T16:26:00.575+0000] {subprocess.py:93} INFO - reponse_20221008.txt
[2022-11-17T16:26:00.575+0000] {subprocess.py:93} INFO - reponse_20221009.txt
[2022-11-17T16:26:00.575+0000] {subprocess.py:93} INFO - reponse_20221010.txt
[2022-11-17T16:26:00.576+0000] {subprocess.py:93} INFO - reponse_20221011.txt
[2022-11-17T16:26:00.576+0000] {subprocess.py:93} INFO - reponse_20221012.txt
[2022-11-17T16:26:00.576+0000] {subprocess.py:93} INFO - reponse_20221013.txt
[2022-11-17T16:26:00.576+0000] {subprocess.py:93} INFO - reponse_20221014.txt
[2022-11-17T16:26:00.577+0000] {subprocess.py:93} INFO - reponse_20221015.txt
[2022-11-17T16:26:00.577+0000] {subprocess.py:93} INFO - reponse_20221016.txt
[2022-11-17T16:26:00.577+0000] {subprocess.py:93} INFO - reponse_20221017.txt
[2022-11-17T16:26:00.578+0000] {subprocess.py:93} INFO - reponse_20221018.txt
[2022-11-17T16:26:00.578+0000] {subprocess.py:93} INFO - reponse_20221019.txt
[2022-11-17T16:26:00.579+0000] {subprocess.py:93} INFO - reponse_20221020.txt
[2022-11-17T16:26:00.579+0000] {subprocess.py:93} INFO - reponse_20221021.txt
[2022-11-17T16:26:00.580+0000] {subprocess.py:93} INFO - reponse_20221022.txt
[2022-11-17T16:26:00.580+0000] {subprocess.py:93} INFO - reponse_20221023.txt
[2022-11-17T16:26:00.580+0000] {subprocess.py:93} INFO - reponse_20221024.txt
[2022-11-17T16:26:00.580+0000] {subprocess.py:93} INFO - reponse_20221025.txt
[2022-11-17T16:26:00.581+0000] {subprocess.py:93} INFO - reponse_20221026.txt
[2022-11-17T16:26:00.581+0000] {subprocess.py:93} INFO - reponse_20221027.txt
[2022-11-17T16:26:00.581+0000] {subprocess.py:93} INFO - reponse_20221028.txt
[2022-11-17T16:26:00.581+0000] {subprocess.py:93} INFO - reponse_20221029.txt
[2022-11-17T16:26:00.582+0000] {subprocess.py:93} INFO - reponse_20221030.txt
[2022-11-17T16:26:00.582+0000] {subprocess.py:93} INFO - reponse_20221031.txt
[2022-11-17T16:26:00.582+0000] {subprocess.py:93} INFO - reponse_20221101.txt
[2022-11-17T16:26:00.583+0000] {subprocess.py:93} INFO - reponse_20221102.txt
[2022-11-17T16:26:00.583+0000] {subprocess.py:93} INFO - reponse_20221103.txt
[2022-11-17T16:26:00.583+0000] {subprocess.py:93} INFO - reponse_20221104.txt
[2022-11-17T16:26:00.583+0000] {subprocess.py:93} INFO - reponse_20221105.txt
[2022-11-17T16:26:00.584+0000] {subprocess.py:93} INFO - reponse_20221106.txt
[2022-11-17T16:26:00.584+0000] {subprocess.py:93} INFO - reponse_20221107.txt
[2022-11-17T16:26:00.585+0000] {subprocess.py:93} INFO - reponse_20221108.txt
[2022-11-17T16:26:00.585+0000] {subprocess.py:93} INFO - reponse_20221109.txt
[2022-11-17T16:26:00.585+0000] {subprocess.py:93} INFO - reponse_20221110.txt
[2022-11-17T16:26:00.586+0000] {subprocess.py:93} INFO - reponse_20221111.txt
[2022-11-17T16:26:00.586+0000] {subprocess.py:93} INFO - reponse_20221112.txt
[2022-11-17T16:26:00.586+0000] {subprocess.py:93} INFO - reponse_20221113.txt
[2022-11-17T16:26:00.586+0000] {subprocess.py:93} INFO - reponse_20221114.txt
[2022-11-17T16:26:00.587+0000] {subprocess.py:93} INFO - reponse_20221115.txt
[2022-11-17T16:26:00.588+0000] {subprocess.py:93} INFO - reponse_20221116.txt
[2022-11-17T16:26:00.588+0000] {subprocess.py:93} INFO - tmp061o5asr
[2022-11-17T16:26:00.588+0000] {subprocess.py:93} INFO - tmp1b_v374g
[2022-11-17T16:26:00.589+0000] {subprocess.py:93} INFO - tmp2n3y4qb3
[2022-11-17T16:26:00.589+0000] {subprocess.py:93} INFO - tmp2ztydtyd
[2022-11-17T16:26:00.589+0000] {subprocess.py:93} INFO - tmp546oqdk0
[2022-11-17T16:26:00.589+0000] {subprocess.py:93} INFO - tmp57roj99h
[2022-11-17T16:26:00.590+0000] {subprocess.py:93} INFO - tmp5lejojs5
[2022-11-17T16:26:00.590+0000] {subprocess.py:93} INFO - tmp5nj2onwa
[2022-11-17T16:26:00.590+0000] {subprocess.py:93} INFO - tmp64cxrvul
[2022-11-17T16:26:00.591+0000] {subprocess.py:93} INFO - tmp6g4l21c1
[2022-11-17T16:26:00.591+0000] {subprocess.py:93} INFO - tmp7c6bgots
[2022-11-17T16:26:00.591+0000] {subprocess.py:93} INFO - tmp7khebugo
[2022-11-17T16:26:00.592+0000] {subprocess.py:93} INFO - tmp7lvtz6wk
[2022-11-17T16:26:00.592+0000] {subprocess.py:93} INFO - tmp8_n1aj39
[2022-11-17T16:26:00.592+0000] {subprocess.py:93} INFO - tmp8c_dsk2e
[2022-11-17T16:26:00.593+0000] {subprocess.py:93} INFO - tmp928ntdt7
[2022-11-17T16:26:00.593+0000] {subprocess.py:93} INFO - tmp9503grtb
[2022-11-17T16:26:00.593+0000] {subprocess.py:93} INFO - tmp_afh1uos
[2022-11-17T16:26:00.594+0000] {subprocess.py:93} INFO - tmp_m6lsnw3
[2022-11-17T16:26:00.594+0000] {subprocess.py:93} INFO - tmp_vy6n6_q
[2022-11-17T16:26:00.594+0000] {subprocess.py:93} INFO - tmpcnj5oj8y
[2022-11-17T16:26:00.595+0000] {subprocess.py:93} INFO - tmpcu_pom_6
[2022-11-17T16:26:00.595+0000] {subprocess.py:93} INFO - tmpdmc2g1zb
[2022-11-17T16:26:00.595+0000] {subprocess.py:93} INFO - tmpe4k1ogev
[2022-11-17T16:26:00.596+0000] {subprocess.py:93} INFO - tmpg_n88zm7
[2022-11-17T16:26:00.596+0000] {subprocess.py:93} INFO - tmpgg8mkst1
[2022-11-17T16:26:00.596+0000] {subprocess.py:93} INFO - tmpgi8v82jx
[2022-11-17T16:26:00.596+0000] {subprocess.py:93} INFO - tmpiez6kail
[2022-11-17T16:26:00.597+0000] {subprocess.py:93} INFO - tmpj1n4wxza
[2022-11-17T16:26:00.597+0000] {subprocess.py:93} INFO - tmpjsznho2e
[2022-11-17T16:26:00.597+0000] {subprocess.py:93} INFO - tmpkrg9_cgk
[2022-11-17T16:26:00.598+0000] {subprocess.py:93} INFO - tmpl13ymsfs
[2022-11-17T16:26:00.598+0000] {subprocess.py:93} INFO - tmplrbhl64b
[2022-11-17T16:26:00.598+0000] {subprocess.py:93} INFO - tmpn38ozedg
[2022-11-17T16:26:00.599+0000] {subprocess.py:93} INFO - tmpn96u_4ih
[2022-11-17T16:26:00.599+0000] {subprocess.py:93} INFO - tmpo3nf6k5c
[2022-11-17T16:26:00.600+0000] {subprocess.py:93} INFO - tmpoy_ljy8t
[2022-11-17T16:26:00.600+0000] {subprocess.py:93} INFO - tmpp4w9yq6x
[2022-11-17T16:26:00.600+0000] {subprocess.py:93} INFO - tmppfidxzjr
[2022-11-17T16:26:00.600+0000] {subprocess.py:93} INFO - tmpr681bhfw
[2022-11-17T16:26:00.601+0000] {subprocess.py:93} INFO - tmpr9102hwf
[2022-11-17T16:26:00.601+0000] {subprocess.py:93} INFO - tmpt4qo16oq
[2022-11-17T16:26:00.601+0000] {subprocess.py:93} INFO - tmptn832g5z
[2022-11-17T16:26:00.602+0000] {subprocess.py:93} INFO - tmpu9qbl0wh
[2022-11-17T16:26:00.602+0000] {subprocess.py:93} INFO - tmpuq8ywung
[2022-11-17T16:26:00.602+0000] {subprocess.py:93} INFO - tmpv606o9_9
[2022-11-17T16:26:00.602+0000] {subprocess.py:93} INFO - tmpxf7g1lc4
[2022-11-17T16:26:00.603+0000] {subprocess.py:93} INFO - tmpxktobcjf
[2022-11-17T16:26:00.603+0000] {subprocess.py:93} INFO - tmpz91iizm7
[2022-11-17T16:26:00.603+0000] {subprocess.py:93} INFO - ,student,timestamp
[2022-11-17T16:26:00.604+0000] {subprocess.py:93} INFO - 0,Maria Cruz,2022-10-04 00:00:00+00:00
[2022-11-17T16:26:00.605+0000] {subprocess.py:93} INFO - 1,Daniel Crema,2022-10-04 00:00:00+00:00
[2022-11-17T16:26:00.605+0000] {subprocess.py:93} INFO - 2,Elon Musk,2022-10-04 00:00:00+00:00
[2022-11-17T16:26:00.605+0000] {subprocess.py:93} INFO - 3,Karol Castrejon,2022-10-04 00:00:00+00:00
[2022-11-17T16:26:00.606+0000] {subprocess.py:93} INFO - 4,Freddy Vega,2022-10-04 00:00:00+00:00
[2022-11-17T16:26:00.606+0000] {subprocess.py:93} INFO - 5,Freddy Montañez,2022-10-04 00:00:00+00:00
[2022-11-17T16:26:00.607+0000] {subprocess.py:97} INFO - Command exited with return code 0
[2022-11-17T16:26:00.634+0000] {taskinstance.py:1406} INFO - Marking task as SUCCESS. dag_id=MyPersonalAirflowProject, task_id=Print_Imported_data, execution_date=20221004T000000, start_date=20221117T162600, end_date=20221117T162600
[2022-11-17T16:26:00.684+0000] {local_task_job.py:164} INFO - Task exited with return code 0
[2022-11-17T16:26:00.709+0000] {local_task_job.py:273} INFO - 2 downstream tasks scheduled from follow-on schedule check
[2022-11-17T17:18:04.773+0000] {taskinstance.py:1165} INFO - Dependencies all met for <TaskInstance: MyPersonalAirflowProject.Print_Imported_data scheduled__2022-10-04T00:00:00+00:00 [queued]>
[2022-11-17T17:18:04.788+0000] {taskinstance.py:1165} INFO - Dependencies all met for <TaskInstance: MyPersonalAirflowProject.Print_Imported_data scheduled__2022-10-04T00:00:00+00:00 [queued]>
[2022-11-17T17:18:04.789+0000] {taskinstance.py:1362} INFO - 
--------------------------------------------------------------------------------
[2022-11-17T17:18:04.789+0000] {taskinstance.py:1363} INFO - Starting attempt 1 of 1
[2022-11-17T17:18:04.790+0000] {taskinstance.py:1364} INFO - 
--------------------------------------------------------------------------------
[2022-11-17T17:18:04.810+0000] {taskinstance.py:1383} INFO - Executing <Task(BashOperator): Print_Imported_data> on 2022-10-04 00:00:00+00:00
[2022-11-17T17:18:04.818+0000] {standard_task_runner.py:55} INFO - Started process 6702 to run task
[2022-11-17T17:18:04.820+0000] {standard_task_runner.py:82} INFO - Running: ['***', 'tasks', 'run', 'MyPersonalAirflowProject', 'Print_Imported_data', 'scheduled__2022-10-04T00:00:00+00:00', '--job-id', '2463', '--raw', '--subdir', 'DAGS_FOLDER/FinalPersonalProject.py', '--cfg-path', '/tmp/tmphmksak7x']
[2022-11-17T17:18:04.821+0000] {standard_task_runner.py:83} INFO - Job 2463: Subtask Print_Imported_data
[2022-11-17T17:18:04.941+0000] {task_command.py:376} INFO - Running <TaskInstance: MyPersonalAirflowProject.Print_Imported_data scheduled__2022-10-04T00:00:00+00:00 [running]> on host 638485efabe7
[2022-11-17T17:18:05.025+0000] {taskinstance.py:1592} INFO - Exporting the following env vars:
AIRFLOW_CTX_DAG_OWNER=***
AIRFLOW_CTX_DAG_ID=MyPersonalAirflowProject
AIRFLOW_CTX_TASK_ID=Print_Imported_data
AIRFLOW_CTX_EXECUTION_DATE=2022-10-04T00:00:00+00:00
AIRFLOW_CTX_TRY_NUMBER=1
AIRFLOW_CTX_DAG_RUN_ID=scheduled__2022-10-04T00:00:00+00:00
[2022-11-17T17:18:05.026+0000] {subprocess.py:63} INFO - Tmp dir root location: 
 /tmp
[2022-11-17T17:18:05.027+0000] {subprocess.py:75} INFO - Running command: ['/bin/bash', '-c', 'ls /tmp/ && head /tmp/platzi_data_20221004.csv']
[2022-11-17T17:18:05.037+0000] {subprocess.py:86} INFO - Output:
[2022-11-17T17:18:05.042+0000] {subprocess.py:93} INFO - ***tmpk5xxq3nx
[2022-11-17T17:18:05.042+0000] {subprocess.py:93} INFO - ***tmplkvca7ip
[2022-11-17T17:18:05.043+0000] {subprocess.py:93} INFO - ***tmpodkacs8z
[2022-11-17T17:18:05.043+0000] {subprocess.py:93} INFO - ***tmpxs0zkghk
[2022-11-17T17:18:05.044+0000] {subprocess.py:93} INFO - file.txt
[2022-11-17T17:18:05.044+0000] {subprocess.py:93} INFO - history.json
[2022-11-17T17:18:05.045+0000] {subprocess.py:93} INFO - platzi_data_20221001.csv
[2022-11-17T17:18:05.045+0000] {subprocess.py:93} INFO - platzi_data_20221002.csv
[2022-11-17T17:18:05.045+0000] {subprocess.py:93} INFO - platzi_data_20221003.csv
[2022-11-17T17:18:05.046+0000] {subprocess.py:93} INFO - platzi_data_20221004.csv
[2022-11-17T17:18:05.046+0000] {subprocess.py:93} INFO - platzi_data_20221005.csv
[2022-11-17T17:18:05.046+0000] {subprocess.py:93} INFO - platzi_data_20221006.csv
[2022-11-17T17:18:05.047+0000] {subprocess.py:93} INFO - platzi_data_20221007.csv
[2022-11-17T17:18:05.047+0000] {subprocess.py:93} INFO - platzi_data_20221008.csv
[2022-11-17T17:18:05.047+0000] {subprocess.py:93} INFO - platzi_data_20221009.csv
[2022-11-17T17:18:05.048+0000] {subprocess.py:93} INFO - platzi_data_20221010.csv
[2022-11-17T17:18:05.048+0000] {subprocess.py:93} INFO - platzi_data_20221011.csv
[2022-11-17T17:18:05.048+0000] {subprocess.py:93} INFO - platzi_data_20221012.csv
[2022-11-17T17:18:05.049+0000] {subprocess.py:93} INFO - platzi_data_20221013.csv
[2022-11-17T17:18:05.049+0000] {subprocess.py:93} INFO - platzi_data_20221014.csv
[2022-11-17T17:18:05.049+0000] {subprocess.py:93} INFO - platzi_data_20221015.csv
[2022-11-17T17:18:05.050+0000] {subprocess.py:93} INFO - platzi_data_20221016.csv
[2022-11-17T17:18:05.050+0000] {subprocess.py:93} INFO - platzi_data_20221017.csv
[2022-11-17T17:18:05.051+0000] {subprocess.py:93} INFO - platzi_data_20221018.csv
[2022-11-17T17:18:05.051+0000] {subprocess.py:93} INFO - platzi_data_20221019.csv
[2022-11-17T17:18:05.051+0000] {subprocess.py:93} INFO - platzi_data_20221020.csv
[2022-11-17T17:18:05.052+0000] {subprocess.py:93} INFO - platzi_data_20221021.csv
[2022-11-17T17:18:05.052+0000] {subprocess.py:93} INFO - platzi_data_20221022.csv
[2022-11-17T17:18:05.052+0000] {subprocess.py:93} INFO - platzi_data_20221023.csv
[2022-11-17T17:18:05.053+0000] {subprocess.py:93} INFO - platzi_data_20221024.csv
[2022-11-17T17:18:05.053+0000] {subprocess.py:93} INFO - platzi_data_20221025.csv
[2022-11-17T17:18:05.053+0000] {subprocess.py:93} INFO - platzi_data_20221026.csv
[2022-11-17T17:18:05.053+0000] {subprocess.py:93} INFO - platzi_data_20221027.csv
[2022-11-17T17:18:05.054+0000] {subprocess.py:93} INFO - platzi_data_20221028.csv
[2022-11-17T17:18:05.054+0000] {subprocess.py:93} INFO - platzi_data_20221029.csv
[2022-11-17T17:18:05.054+0000] {subprocess.py:93} INFO - platzi_data_20221030.csv
[2022-11-17T17:18:05.055+0000] {subprocess.py:93} INFO - platzi_data_20221031.csv
[2022-11-17T17:18:05.055+0000] {subprocess.py:93} INFO - platzi_data_20221101.csv
[2022-11-17T17:18:05.055+0000] {subprocess.py:93} INFO - platzi_data_20221102.csv
[2022-11-17T17:18:05.055+0000] {subprocess.py:93} INFO - platzi_data_20221103.csv
[2022-11-17T17:18:05.056+0000] {subprocess.py:93} INFO - platzi_data_20221104.csv
[2022-11-17T17:18:05.056+0000] {subprocess.py:93} INFO - platzi_data_20221105.csv
[2022-11-17T17:18:05.056+0000] {subprocess.py:93} INFO - platzi_data_20221106.csv
[2022-11-17T17:18:05.057+0000] {subprocess.py:93} INFO - platzi_data_20221107.csv
[2022-11-17T17:18:05.057+0000] {subprocess.py:93} INFO - platzi_data_20221108.csv
[2022-11-17T17:18:05.057+0000] {subprocess.py:93} INFO - platzi_data_20221109.csv
[2022-11-17T17:18:05.057+0000] {subprocess.py:93} INFO - platzi_data_20221110.csv
[2022-11-17T17:18:05.058+0000] {subprocess.py:93} INFO - platzi_data_20221111.csv
[2022-11-17T17:18:05.058+0000] {subprocess.py:93} INFO - platzi_data_20221112.csv
[2022-11-17T17:18:05.058+0000] {subprocess.py:93} INFO - platzi_data_20221113.csv
[2022-11-17T17:18:05.058+0000] {subprocess.py:93} INFO - platzi_data_20221114.csv
[2022-11-17T17:18:05.059+0000] {subprocess.py:93} INFO - platzi_data_20221115.csv
[2022-11-17T17:18:05.059+0000] {subprocess.py:93} INFO - platzi_data_20221116.csv
[2022-11-17T17:18:05.059+0000] {subprocess.py:93} INFO - pymp-8yik9lbi
[2022-11-17T17:18:05.060+0000] {subprocess.py:93} INFO - pymp-sbqt6pho
[2022-11-17T17:18:05.060+0000] {subprocess.py:93} INFO - reponse_20221001.txt
[2022-11-17T17:18:05.060+0000] {subprocess.py:93} INFO - reponse_20221002.txt
[2022-11-17T17:18:05.060+0000] {subprocess.py:93} INFO - reponse_20221003.txt
[2022-11-17T17:18:05.061+0000] {subprocess.py:93} INFO - reponse_20221004.txt
[2022-11-17T17:18:05.061+0000] {subprocess.py:93} INFO - reponse_20221005.txt
[2022-11-17T17:18:05.061+0000] {subprocess.py:93} INFO - reponse_20221006.txt
[2022-11-17T17:18:05.061+0000] {subprocess.py:93} INFO - reponse_20221007.txt
[2022-11-17T17:18:05.062+0000] {subprocess.py:93} INFO - reponse_20221008.txt
[2022-11-17T17:18:05.062+0000] {subprocess.py:93} INFO - reponse_20221009.txt
[2022-11-17T17:18:05.062+0000] {subprocess.py:93} INFO - reponse_20221010.txt
[2022-11-17T17:18:05.062+0000] {subprocess.py:93} INFO - reponse_20221011.txt
[2022-11-17T17:18:05.063+0000] {subprocess.py:93} INFO - reponse_20221012.txt
[2022-11-17T17:18:05.063+0000] {subprocess.py:93} INFO - reponse_20221013.txt
[2022-11-17T17:18:05.063+0000] {subprocess.py:93} INFO - reponse_20221014.txt
[2022-11-17T17:18:05.064+0000] {subprocess.py:93} INFO - reponse_20221015.txt
[2022-11-17T17:18:05.064+0000] {subprocess.py:93} INFO - reponse_20221016.txt
[2022-11-17T17:18:05.064+0000] {subprocess.py:93} INFO - reponse_20221017.txt
[2022-11-17T17:18:05.064+0000] {subprocess.py:93} INFO - reponse_20221018.txt
[2022-11-17T17:18:05.065+0000] {subprocess.py:93} INFO - reponse_20221019.txt
[2022-11-17T17:18:05.065+0000] {subprocess.py:93} INFO - reponse_20221020.txt
[2022-11-17T17:18:05.065+0000] {subprocess.py:93} INFO - reponse_20221021.txt
[2022-11-17T17:18:05.066+0000] {subprocess.py:93} INFO - reponse_20221022.txt
[2022-11-17T17:18:05.066+0000] {subprocess.py:93} INFO - reponse_20221023.txt
[2022-11-17T17:18:05.066+0000] {subprocess.py:93} INFO - reponse_20221024.txt
[2022-11-17T17:18:05.066+0000] {subprocess.py:93} INFO - reponse_20221025.txt
[2022-11-17T17:18:05.067+0000] {subprocess.py:93} INFO - reponse_20221026.txt
[2022-11-17T17:18:05.067+0000] {subprocess.py:93} INFO - reponse_20221027.txt
[2022-11-17T17:18:05.067+0000] {subprocess.py:93} INFO - reponse_20221028.txt
[2022-11-17T17:18:05.067+0000] {subprocess.py:93} INFO - reponse_20221029.txt
[2022-11-17T17:18:05.068+0000] {subprocess.py:93} INFO - reponse_20221030.txt
[2022-11-17T17:18:05.068+0000] {subprocess.py:93} INFO - reponse_20221031.txt
[2022-11-17T17:18:05.068+0000] {subprocess.py:93} INFO - reponse_20221101.txt
[2022-11-17T17:18:05.068+0000] {subprocess.py:93} INFO - reponse_20221102.txt
[2022-11-17T17:18:05.069+0000] {subprocess.py:93} INFO - reponse_20221103.txt
[2022-11-17T17:18:05.069+0000] {subprocess.py:93} INFO - reponse_20221104.txt
[2022-11-17T17:18:05.069+0000] {subprocess.py:93} INFO - reponse_20221105.txt
[2022-11-17T17:18:05.070+0000] {subprocess.py:93} INFO - reponse_20221106.txt
[2022-11-17T17:18:05.070+0000] {subprocess.py:93} INFO - reponse_20221107.txt
[2022-11-17T17:18:05.070+0000] {subprocess.py:93} INFO - reponse_20221108.txt
[2022-11-17T17:18:05.070+0000] {subprocess.py:93} INFO - reponse_20221109.txt
[2022-11-17T17:18:05.071+0000] {subprocess.py:93} INFO - reponse_20221110.txt
[2022-11-17T17:18:05.071+0000] {subprocess.py:93} INFO - reponse_20221111.txt
[2022-11-17T17:18:05.071+0000] {subprocess.py:93} INFO - reponse_20221112.txt
[2022-11-17T17:18:05.071+0000] {subprocess.py:93} INFO - reponse_20221113.txt
[2022-11-17T17:18:05.072+0000] {subprocess.py:93} INFO - reponse_20221114.txt
[2022-11-17T17:18:05.072+0000] {subprocess.py:93} INFO - reponse_20221115.txt
[2022-11-17T17:18:05.072+0000] {subprocess.py:93} INFO - reponse_20221116.txt
[2022-11-17T17:18:05.072+0000] {subprocess.py:93} INFO - tmp061o5asr
[2022-11-17T17:18:05.073+0000] {subprocess.py:93} INFO - tmp1b_v374g
[2022-11-17T17:18:05.073+0000] {subprocess.py:93} INFO - tmp2n3y4qb3
[2022-11-17T17:18:05.073+0000] {subprocess.py:93} INFO - tmp2ztydtyd
[2022-11-17T17:18:05.073+0000] {subprocess.py:93} INFO - tmp546oqdk0
[2022-11-17T17:18:05.074+0000] {subprocess.py:93} INFO - tmp57roj99h
[2022-11-17T17:18:05.074+0000] {subprocess.py:93} INFO - tmp5lejojs5
[2022-11-17T17:18:05.074+0000] {subprocess.py:93} INFO - tmp5nj2onwa
[2022-11-17T17:18:05.075+0000] {subprocess.py:93} INFO - tmp64cxrvul
[2022-11-17T17:18:05.075+0000] {subprocess.py:93} INFO - tmp6g4l21c1
[2022-11-17T17:18:05.075+0000] {subprocess.py:93} INFO - tmp7c6bgots
[2022-11-17T17:18:05.075+0000] {subprocess.py:93} INFO - tmp7khebugo
[2022-11-17T17:18:05.076+0000] {subprocess.py:93} INFO - tmp7lvtz6wk
[2022-11-17T17:18:05.076+0000] {subprocess.py:93} INFO - tmp8_n1aj39
[2022-11-17T17:18:05.076+0000] {subprocess.py:93} INFO - tmp8c_dsk2e
[2022-11-17T17:18:05.077+0000] {subprocess.py:93} INFO - tmp928ntdt7
[2022-11-17T17:18:05.077+0000] {subprocess.py:93} INFO - tmp9503grtb
[2022-11-17T17:18:05.077+0000] {subprocess.py:93} INFO - tmp_afh1uos
[2022-11-17T17:18:05.077+0000] {subprocess.py:93} INFO - tmp_m6lsnw3
[2022-11-17T17:18:05.078+0000] {subprocess.py:93} INFO - tmp_vy6n6_q
[2022-11-17T17:18:05.078+0000] {subprocess.py:93} INFO - tmpcnj5oj8y
[2022-11-17T17:18:05.078+0000] {subprocess.py:93} INFO - tmpcu_pom_6
[2022-11-17T17:18:05.078+0000] {subprocess.py:93} INFO - tmpdmc2g1zb
[2022-11-17T17:18:05.079+0000] {subprocess.py:93} INFO - tmpe4k1ogev
[2022-11-17T17:18:05.079+0000] {subprocess.py:93} INFO - tmpg_n88zm7
[2022-11-17T17:18:05.079+0000] {subprocess.py:93} INFO - tmpgg8mkst1
[2022-11-17T17:18:05.080+0000] {subprocess.py:93} INFO - tmpgi8v82jx
[2022-11-17T17:18:05.080+0000] {subprocess.py:93} INFO - tmpiez6kail
[2022-11-17T17:18:05.080+0000] {subprocess.py:93} INFO - tmpj1n4wxza
[2022-11-17T17:18:05.080+0000] {subprocess.py:93} INFO - tmpjsznho2e
[2022-11-17T17:18:05.081+0000] {subprocess.py:93} INFO - tmpkrg9_cgk
[2022-11-17T17:18:05.081+0000] {subprocess.py:93} INFO - tmpl13ymsfs
[2022-11-17T17:18:05.081+0000] {subprocess.py:93} INFO - tmplrbhl64b
[2022-11-17T17:18:05.081+0000] {subprocess.py:93} INFO - tmpn38ozedg
[2022-11-17T17:18:05.082+0000] {subprocess.py:93} INFO - tmpn96u_4ih
[2022-11-17T17:18:05.082+0000] {subprocess.py:93} INFO - tmpo3nf6k5c
[2022-11-17T17:18:05.082+0000] {subprocess.py:93} INFO - tmpoy_ljy8t
[2022-11-17T17:18:05.083+0000] {subprocess.py:93} INFO - tmpp4w9yq6x
[2022-11-17T17:18:05.083+0000] {subprocess.py:93} INFO - tmppfidxzjr
[2022-11-17T17:18:05.083+0000] {subprocess.py:93} INFO - tmpr681bhfw
[2022-11-17T17:18:05.083+0000] {subprocess.py:93} INFO - tmpr9102hwf
[2022-11-17T17:18:05.084+0000] {subprocess.py:93} INFO - tmpt4qo16oq
[2022-11-17T17:18:05.084+0000] {subprocess.py:93} INFO - tmptn832g5z
[2022-11-17T17:18:05.084+0000] {subprocess.py:93} INFO - tmpu9qbl0wh
[2022-11-17T17:18:05.084+0000] {subprocess.py:93} INFO - tmpuq8ywung
[2022-11-17T17:18:05.085+0000] {subprocess.py:93} INFO - tmpv606o9_9
[2022-11-17T17:18:05.085+0000] {subprocess.py:93} INFO - tmpxf7g1lc4
[2022-11-17T17:18:05.085+0000] {subprocess.py:93} INFO - tmpxktobcjf
[2022-11-17T17:18:05.086+0000] {subprocess.py:93} INFO - tmpz91iizm7
[2022-11-17T17:18:05.086+0000] {subprocess.py:93} INFO - ,student,timestamp
[2022-11-17T17:18:05.086+0000] {subprocess.py:93} INFO - 0,Maria Cruz,2022-10-04 00:00:00+00:00
[2022-11-17T17:18:05.086+0000] {subprocess.py:93} INFO - 1,Daniel Crema,2022-10-04 00:00:00+00:00
[2022-11-17T17:18:05.087+0000] {subprocess.py:93} INFO - 2,Elon Musk,2022-10-04 00:00:00+00:00
[2022-11-17T17:18:05.087+0000] {subprocess.py:93} INFO - 3,Karol Castrejon,2022-10-04 00:00:00+00:00
[2022-11-17T17:18:05.087+0000] {subprocess.py:93} INFO - 4,Freddy Vega,2022-10-04 00:00:00+00:00
[2022-11-17T17:18:05.087+0000] {subprocess.py:93} INFO - 5,Freddy Montañez,2022-10-04 00:00:00+00:00
[2022-11-17T17:18:05.088+0000] {subprocess.py:97} INFO - Command exited with return code 0
[2022-11-17T17:18:05.114+0000] {taskinstance.py:1406} INFO - Marking task as SUCCESS. dag_id=MyPersonalAirflowProject, task_id=Print_Imported_data, execution_date=20221004T000000, start_date=20221117T171804, end_date=20221117T171805
[2022-11-17T17:18:05.154+0000] {local_task_job.py:164} INFO - Task exited with return code 0
[2022-11-17T17:18:05.182+0000] {local_task_job.py:273} INFO - 2 downstream tasks scheduled from follow-on schedule check
