[2022-11-16T22:17:42.410+0000] {taskinstance.py:1165} INFO - Dependencies all met for <TaskInstance: MyPersonalAirflowProject.Print_Imported_data scheduled__2022-10-14T00:00:00+00:00 [queued]>
[2022-11-16T22:17:42.426+0000] {taskinstance.py:1165} INFO - Dependencies all met for <TaskInstance: MyPersonalAirflowProject.Print_Imported_data scheduled__2022-10-14T00:00:00+00:00 [queued]>
[2022-11-16T22:17:42.426+0000] {taskinstance.py:1362} INFO - 
--------------------------------------------------------------------------------
[2022-11-16T22:17:42.428+0000] {taskinstance.py:1363} INFO - Starting attempt 1 of 1
[2022-11-16T22:17:42.428+0000] {taskinstance.py:1364} INFO - 
--------------------------------------------------------------------------------
[2022-11-16T22:17:42.450+0000] {taskinstance.py:1383} INFO - Executing <Task(BashOperator): Print_Imported_data> on 2022-10-14 00:00:00+00:00
[2022-11-16T22:17:42.459+0000] {standard_task_runner.py:55} INFO - Started process 5285 to run task
[2022-11-16T22:17:42.462+0000] {standard_task_runner.py:82} INFO - Running: ['***', 'tasks', 'run', 'MyPersonalAirflowProject', 'Print_Imported_data', 'scheduled__2022-10-14T00:00:00+00:00', '--job-id', '1523', '--raw', '--subdir', 'DAGS_FOLDER/FinalPersonalProject.py', '--cfg-path', '/tmp/tmpe4sle1yl']
[2022-11-16T22:17:42.463+0000] {standard_task_runner.py:83} INFO - Job 1523: Subtask Print_Imported_data
[2022-11-16T22:17:42.533+0000] {task_command.py:376} INFO - Running <TaskInstance: MyPersonalAirflowProject.Print_Imported_data scheduled__2022-10-14T00:00:00+00:00 [running]> on host 638485efabe7
[2022-11-16T22:17:42.612+0000] {taskinstance.py:1592} INFO - Exporting the following env vars:
AIRFLOW_CTX_DAG_OWNER=***
AIRFLOW_CTX_DAG_ID=MyPersonalAirflowProject
AIRFLOW_CTX_TASK_ID=Print_Imported_data
AIRFLOW_CTX_EXECUTION_DATE=2022-10-14T00:00:00+00:00
AIRFLOW_CTX_TRY_NUMBER=1
AIRFLOW_CTX_DAG_RUN_ID=scheduled__2022-10-14T00:00:00+00:00
[2022-11-16T22:17:42.613+0000] {subprocess.py:63} INFO - Tmp dir root location: 
 /tmp
[2022-11-16T22:17:42.614+0000] {subprocess.py:75} INFO - Running command: ['/bin/bash', '-c', 'ls /tmp/ && head /tmp/platzi_data.csv']
[2022-11-16T22:17:42.625+0000] {subprocess.py:86} INFO - Output:
[2022-11-16T22:17:42.635+0000] {subprocess.py:93} INFO - ***tmp29w63_yh
[2022-11-16T22:17:42.636+0000] {subprocess.py:93} INFO - ***tmpk5xxq3nx
[2022-11-16T22:17:42.636+0000] {subprocess.py:93} INFO - ***tmplkvca7ip
[2022-11-16T22:17:42.636+0000] {subprocess.py:93} INFO - ***tmpodkacs8z
[2022-11-16T22:17:42.637+0000] {subprocess.py:93} INFO - file.txt
[2022-11-16T22:17:42.637+0000] {subprocess.py:93} INFO - history.json
[2022-11-16T22:17:42.637+0000] {subprocess.py:93} INFO - platzi_data_20221001.csv
[2022-11-16T22:17:42.638+0000] {subprocess.py:93} INFO - platzi_data_20221002.csv
[2022-11-16T22:17:42.638+0000] {subprocess.py:93} INFO - platzi_data_20221003.csv
[2022-11-16T22:17:42.638+0000] {subprocess.py:93} INFO - platzi_data_20221004.csv
[2022-11-16T22:17:42.639+0000] {subprocess.py:93} INFO - platzi_data_20221005.csv
[2022-11-16T22:17:42.639+0000] {subprocess.py:93} INFO - platzi_data_20221006.csv
[2022-11-16T22:17:42.640+0000] {subprocess.py:93} INFO - platzi_data_20221007.csv
[2022-11-16T22:17:42.640+0000] {subprocess.py:93} INFO - platzi_data_20221008.csv
[2022-11-16T22:17:42.640+0000] {subprocess.py:93} INFO - platzi_data_20221009.csv
[2022-11-16T22:17:42.641+0000] {subprocess.py:93} INFO - platzi_data_20221010.csv
[2022-11-16T22:17:42.641+0000] {subprocess.py:93} INFO - platzi_data_20221011.csv
[2022-11-16T22:17:42.641+0000] {subprocess.py:93} INFO - platzi_data_20221012.csv
[2022-11-16T22:17:42.642+0000] {subprocess.py:93} INFO - platzi_data_20221013.csv
[2022-11-16T22:17:42.642+0000] {subprocess.py:93} INFO - platzi_data_20221014.csv
[2022-11-16T22:17:42.642+0000] {subprocess.py:93} INFO - pymp-8yik9lbi
[2022-11-16T22:17:42.643+0000] {subprocess.py:93} INFO - pymp-y00k7agg
[2022-11-16T22:17:42.643+0000] {subprocess.py:93} INFO - reponse_20221001.txt
[2022-11-16T22:17:42.643+0000] {subprocess.py:93} INFO - reponse_20221002.txt
[2022-11-16T22:17:42.643+0000] {subprocess.py:93} INFO - reponse_20221003.txt
[2022-11-16T22:17:42.644+0000] {subprocess.py:93} INFO - reponse_20221004.txt
[2022-11-16T22:17:42.644+0000] {subprocess.py:93} INFO - reponse_20221005.txt
[2022-11-16T22:17:42.644+0000] {subprocess.py:93} INFO - reponse_20221006.txt
[2022-11-16T22:17:42.645+0000] {subprocess.py:93} INFO - reponse_20221007.txt
[2022-11-16T22:17:42.645+0000] {subprocess.py:93} INFO - reponse_20221008.txt
[2022-11-16T22:17:42.645+0000] {subprocess.py:93} INFO - reponse_20221009.txt
[2022-11-16T22:17:42.645+0000] {subprocess.py:93} INFO - reponse_20221010.txt
[2022-11-16T22:17:42.646+0000] {subprocess.py:93} INFO - reponse_20221011.txt
[2022-11-16T22:17:42.646+0000] {subprocess.py:93} INFO - reponse_20221012.txt
[2022-11-16T22:17:42.646+0000] {subprocess.py:93} INFO - reponse_20221013.txt
[2022-11-16T22:17:42.646+0000] {subprocess.py:93} INFO - reponse_20221014.txt
[2022-11-16T22:17:42.647+0000] {subprocess.py:93} INFO - reponse_20221022.txt
[2022-11-16T22:17:42.647+0000] {subprocess.py:93} INFO - reponse_20221023.txt
[2022-11-16T22:17:42.647+0000] {subprocess.py:93} INFO - reponse_20221024.txt
[2022-11-16T22:17:42.647+0000] {subprocess.py:93} INFO - reponse_20221025.txt
[2022-11-16T22:17:42.648+0000] {subprocess.py:93} INFO - reponse_20221026.txt
[2022-11-16T22:17:42.648+0000] {subprocess.py:93} INFO - reponse_20221027.txt
[2022-11-16T22:17:42.648+0000] {subprocess.py:93} INFO - reponse_20221028.txt
[2022-11-16T22:17:42.648+0000] {subprocess.py:93} INFO - reponse_20221029.txt
[2022-11-16T22:17:42.649+0000] {subprocess.py:93} INFO - reponse_20221030.txt
[2022-11-16T22:17:42.649+0000] {subprocess.py:93} INFO - reponse_20221031.txt
[2022-11-16T22:17:42.649+0000] {subprocess.py:93} INFO - reponse_20221101.txt
[2022-11-16T22:17:42.650+0000] {subprocess.py:93} INFO - reponse_20221102.txt
[2022-11-16T22:17:42.650+0000] {subprocess.py:93} INFO - reponse_20221103.txt
[2022-11-16T22:17:42.650+0000] {subprocess.py:93} INFO - reponse_20221104.txt
[2022-11-16T22:17:42.650+0000] {subprocess.py:93} INFO - reponse_20221105.txt
[2022-11-16T22:17:42.651+0000] {subprocess.py:93} INFO - reponse_20221106.txt
[2022-11-16T22:17:42.651+0000] {subprocess.py:93} INFO - reponse_20221107.txt
[2022-11-16T22:17:42.652+0000] {subprocess.py:93} INFO - reponse_20221108.txt
[2022-11-16T22:17:42.652+0000] {subprocess.py:93} INFO - reponse_20221109.txt
[2022-11-16T22:17:42.652+0000] {subprocess.py:93} INFO - reponse_20221110.txt
[2022-11-16T22:17:42.652+0000] {subprocess.py:93} INFO - reponse_20221111.txt
[2022-11-16T22:17:42.653+0000] {subprocess.py:93} INFO - reponse_20221112.txt
[2022-11-16T22:17:42.653+0000] {subprocess.py:93} INFO - reponse_20221113.txt
[2022-11-16T22:17:42.653+0000] {subprocess.py:93} INFO - reponse_20221114.txt
[2022-11-16T22:17:42.654+0000] {subprocess.py:93} INFO - reponse_20221115.txt
[2022-11-16T22:17:42.654+0000] {subprocess.py:93} INFO - tmp061o5asr
[2022-11-16T22:17:42.654+0000] {subprocess.py:93} INFO - tmp1b_v374g
[2022-11-16T22:17:42.655+0000] {subprocess.py:93} INFO - tmp2n3y4qb3
[2022-11-16T22:17:42.655+0000] {subprocess.py:93} INFO - tmp2ztydtyd
[2022-11-16T22:17:42.655+0000] {subprocess.py:93} INFO - tmp546oqdk0
[2022-11-16T22:17:42.656+0000] {subprocess.py:93} INFO - tmp57roj99h
[2022-11-16T22:17:42.656+0000] {subprocess.py:93} INFO - tmp5lejojs5
[2022-11-16T22:17:42.656+0000] {subprocess.py:93} INFO - tmp5nj2onwa
[2022-11-16T22:17:42.656+0000] {subprocess.py:93} INFO - tmp64cxrvul
[2022-11-16T22:17:42.657+0000] {subprocess.py:93} INFO - tmp6g4l21c1
[2022-11-16T22:17:42.657+0000] {subprocess.py:93} INFO - tmp7c6bgots
[2022-11-16T22:17:42.657+0000] {subprocess.py:93} INFO - tmp7khebugo
[2022-11-16T22:17:42.657+0000] {subprocess.py:93} INFO - tmp7lvtz6wk
[2022-11-16T22:17:42.658+0000] {subprocess.py:93} INFO - tmp8_n1aj39
[2022-11-16T22:17:42.658+0000] {subprocess.py:93} INFO - tmp8c_dsk2e
[2022-11-16T22:17:42.658+0000] {subprocess.py:93} INFO - tmp928ntdt7
[2022-11-16T22:17:42.659+0000] {subprocess.py:93} INFO - tmp9503grtb
[2022-11-16T22:17:42.659+0000] {subprocess.py:93} INFO - tmp_afh1uos
[2022-11-16T22:17:42.659+0000] {subprocess.py:93} INFO - tmp_m6lsnw3
[2022-11-16T22:17:42.659+0000] {subprocess.py:93} INFO - tmp_vy6n6_q
[2022-11-16T22:17:42.660+0000] {subprocess.py:93} INFO - tmpcnj5oj8y
[2022-11-16T22:17:42.660+0000] {subprocess.py:93} INFO - tmpcu_pom_6
[2022-11-16T22:17:42.660+0000] {subprocess.py:93} INFO - tmpdmc2g1zb
[2022-11-16T22:17:42.660+0000] {subprocess.py:93} INFO - tmpe4k1ogev
[2022-11-16T22:17:42.661+0000] {subprocess.py:93} INFO - tmpg_n88zm7
[2022-11-16T22:17:42.661+0000] {subprocess.py:93} INFO - tmpgg8mkst1
[2022-11-16T22:17:42.661+0000] {subprocess.py:93} INFO - tmpgi8v82jx
[2022-11-16T22:17:42.662+0000] {subprocess.py:93} INFO - tmpiez6kail
[2022-11-16T22:17:42.662+0000] {subprocess.py:93} INFO - tmpj1n4wxza
[2022-11-16T22:17:42.662+0000] {subprocess.py:93} INFO - tmpjsznho2e
[2022-11-16T22:17:42.662+0000] {subprocess.py:93} INFO - tmpkrg9_cgk
[2022-11-16T22:17:42.663+0000] {subprocess.py:93} INFO - tmpl13ymsfs
[2022-11-16T22:17:42.663+0000] {subprocess.py:93} INFO - tmplrbhl64b
[2022-11-16T22:17:42.663+0000] {subprocess.py:93} INFO - tmpn38ozedg
[2022-11-16T22:17:42.663+0000] {subprocess.py:93} INFO - tmpn96u_4ih
[2022-11-16T22:17:42.664+0000] {subprocess.py:93} INFO - tmpo3nf6k5c
[2022-11-16T22:17:42.664+0000] {subprocess.py:93} INFO - tmpoy_ljy8t
[2022-11-16T22:17:42.664+0000] {subprocess.py:93} INFO - tmpp4w9yq6x
[2022-11-16T22:17:42.664+0000] {subprocess.py:93} INFO - tmppfidxzjr
[2022-11-16T22:17:42.665+0000] {subprocess.py:93} INFO - tmpr681bhfw
[2022-11-16T22:17:42.665+0000] {subprocess.py:93} INFO - tmpr9102hwf
[2022-11-16T22:17:42.665+0000] {subprocess.py:93} INFO - tmpt4qo16oq
[2022-11-16T22:17:42.665+0000] {subprocess.py:93} INFO - tmptn832g5z
[2022-11-16T22:17:42.666+0000] {subprocess.py:93} INFO - tmpu9qbl0wh
[2022-11-16T22:17:42.666+0000] {subprocess.py:93} INFO - tmpuq8ywung
[2022-11-16T22:17:42.666+0000] {subprocess.py:93} INFO - tmpv606o9_9
[2022-11-16T22:17:42.666+0000] {subprocess.py:93} INFO - tmpxf7g1lc4
[2022-11-16T22:17:42.667+0000] {subprocess.py:93} INFO - tmpxktobcjf
[2022-11-16T22:17:42.667+0000] {subprocess.py:93} INFO - tmpz91iizm7
[2022-11-16T22:17:42.667+0000] {subprocess.py:93} INFO - head: cannot open '/tmp/platzi_data.csv' for reading: No such file or directory
[2022-11-16T22:17:42.668+0000] {subprocess.py:97} INFO - Command exited with return code 1
[2022-11-16T22:17:42.679+0000] {taskinstance.py:1851} ERROR - Task failed with exception
Traceback (most recent call last):
  File "/home/airflow/.local/lib/python3.7/site-packages/airflow/operators/bash.py", line 197, in execute
    f'Bash command failed. The command returned a non-zero exit code {result.exit_code}.'
airflow.exceptions.AirflowException: Bash command failed. The command returned a non-zero exit code 1.
[2022-11-16T22:17:42.685+0000] {taskinstance.py:1406} INFO - Marking task as FAILED. dag_id=MyPersonalAirflowProject, task_id=Print_Imported_data, execution_date=20221014T000000, start_date=20221116T221742, end_date=20221116T221742
[2022-11-16T22:17:42.699+0000] {standard_task_runner.py:105} ERROR - Failed to execute job 1523 for task Print_Imported_data (Bash command failed. The command returned a non-zero exit code 1.; 5285)
[2022-11-16T22:17:42.763+0000] {local_task_job.py:164} INFO - Task exited with return code 1
[2022-11-16T22:17:42.786+0000] {local_task_job.py:273} INFO - 0 downstream tasks scheduled from follow-on schedule check
[2022-11-17T16:31:01.811+0000] {taskinstance.py:1165} INFO - Dependencies all met for <TaskInstance: MyPersonalAirflowProject.Print_Imported_data scheduled__2022-10-14T00:00:00+00:00 [queued]>
[2022-11-17T16:31:01.824+0000] {taskinstance.py:1165} INFO - Dependencies all met for <TaskInstance: MyPersonalAirflowProject.Print_Imported_data scheduled__2022-10-14T00:00:00+00:00 [queued]>
[2022-11-17T16:31:01.825+0000] {taskinstance.py:1362} INFO - 
--------------------------------------------------------------------------------
[2022-11-17T16:31:01.826+0000] {taskinstance.py:1363} INFO - Starting attempt 1 of 1
[2022-11-17T16:31:01.826+0000] {taskinstance.py:1364} INFO - 
--------------------------------------------------------------------------------
[2022-11-17T16:31:01.843+0000] {taskinstance.py:1383} INFO - Executing <Task(BashOperator): Print_Imported_data> on 2022-10-14 00:00:00+00:00
[2022-11-17T16:31:01.848+0000] {standard_task_runner.py:55} INFO - Started process 3544 to run task
[2022-11-17T16:31:01.851+0000] {standard_task_runner.py:82} INFO - Running: ['***', 'tasks', 'run', 'MyPersonalAirflowProject', 'Print_Imported_data', 'scheduled__2022-10-14T00:00:00+00:00', '--job-id', '2133', '--raw', '--subdir', 'DAGS_FOLDER/FinalPersonalProject.py', '--cfg-path', '/tmp/tmpbbd40rjx']
[2022-11-17T16:31:01.852+0000] {standard_task_runner.py:83} INFO - Job 2133: Subtask Print_Imported_data
[2022-11-17T16:31:01.920+0000] {task_command.py:376} INFO - Running <TaskInstance: MyPersonalAirflowProject.Print_Imported_data scheduled__2022-10-14T00:00:00+00:00 [running]> on host 638485efabe7
[2022-11-17T16:31:02.084+0000] {taskinstance.py:1592} INFO - Exporting the following env vars:
AIRFLOW_CTX_DAG_OWNER=***
AIRFLOW_CTX_DAG_ID=MyPersonalAirflowProject
AIRFLOW_CTX_TASK_ID=Print_Imported_data
AIRFLOW_CTX_EXECUTION_DATE=2022-10-14T00:00:00+00:00
AIRFLOW_CTX_TRY_NUMBER=1
AIRFLOW_CTX_DAG_RUN_ID=scheduled__2022-10-14T00:00:00+00:00
[2022-11-17T16:31:02.085+0000] {subprocess.py:63} INFO - Tmp dir root location: 
 /tmp
[2022-11-17T16:31:02.086+0000] {subprocess.py:75} INFO - Running command: ['/bin/bash', '-c', 'ls /tmp/ && head /tmp/platzi_data_20221014.csv']
[2022-11-17T16:31:02.097+0000] {subprocess.py:86} INFO - Output:
[2022-11-17T16:31:02.102+0000] {subprocess.py:93} INFO - ***tmp1er_uadd
[2022-11-17T16:31:02.103+0000] {subprocess.py:93} INFO - ***tmpk5xxq3nx
[2022-11-17T16:31:02.104+0000] {subprocess.py:93} INFO - ***tmplkvca7ip
[2022-11-17T16:31:02.104+0000] {subprocess.py:93} INFO - ***tmpodkacs8z
[2022-11-17T16:31:02.105+0000] {subprocess.py:93} INFO - file.txt
[2022-11-17T16:31:02.105+0000] {subprocess.py:93} INFO - history.json
[2022-11-17T16:31:02.105+0000] {subprocess.py:93} INFO - platzi_data_20221001.csv
[2022-11-17T16:31:02.106+0000] {subprocess.py:93} INFO - platzi_data_20221002.csv
[2022-11-17T16:31:02.106+0000] {subprocess.py:93} INFO - platzi_data_20221003.csv
[2022-11-17T16:31:02.106+0000] {subprocess.py:93} INFO - platzi_data_20221004.csv
[2022-11-17T16:31:02.107+0000] {subprocess.py:93} INFO - platzi_data_20221005.csv
[2022-11-17T16:31:02.107+0000] {subprocess.py:93} INFO - platzi_data_20221006.csv
[2022-11-17T16:31:02.107+0000] {subprocess.py:93} INFO - platzi_data_20221007.csv
[2022-11-17T16:31:02.107+0000] {subprocess.py:93} INFO - platzi_data_20221008.csv
[2022-11-17T16:31:02.108+0000] {subprocess.py:93} INFO - platzi_data_20221009.csv
[2022-11-17T16:31:02.108+0000] {subprocess.py:93} INFO - platzi_data_20221010.csv
[2022-11-17T16:31:02.108+0000] {subprocess.py:93} INFO - platzi_data_20221011.csv
[2022-11-17T16:31:02.109+0000] {subprocess.py:93} INFO - platzi_data_20221012.csv
[2022-11-17T16:31:02.109+0000] {subprocess.py:93} INFO - platzi_data_20221013.csv
[2022-11-17T16:31:02.109+0000] {subprocess.py:93} INFO - platzi_data_20221014.csv
[2022-11-17T16:31:02.109+0000] {subprocess.py:93} INFO - platzi_data_20221015.csv
[2022-11-17T16:31:02.110+0000] {subprocess.py:93} INFO - platzi_data_20221016.csv
[2022-11-17T16:31:02.110+0000] {subprocess.py:93} INFO - platzi_data_20221017.csv
[2022-11-17T16:31:02.110+0000] {subprocess.py:93} INFO - platzi_data_20221018.csv
[2022-11-17T16:31:02.110+0000] {subprocess.py:93} INFO - platzi_data_20221019.csv
[2022-11-17T16:31:02.111+0000] {subprocess.py:93} INFO - platzi_data_20221020.csv
[2022-11-17T16:31:02.111+0000] {subprocess.py:93} INFO - platzi_data_20221021.csv
[2022-11-17T16:31:02.111+0000] {subprocess.py:93} INFO - platzi_data_20221022.csv
[2022-11-17T16:31:02.111+0000] {subprocess.py:93} INFO - platzi_data_20221023.csv
[2022-11-17T16:31:02.112+0000] {subprocess.py:93} INFO - platzi_data_20221024.csv
[2022-11-17T16:31:02.112+0000] {subprocess.py:93} INFO - platzi_data_20221025.csv
[2022-11-17T16:31:02.112+0000] {subprocess.py:93} INFO - platzi_data_20221026.csv
[2022-11-17T16:31:02.113+0000] {subprocess.py:93} INFO - platzi_data_20221027.csv
[2022-11-17T16:31:02.113+0000] {subprocess.py:93} INFO - platzi_data_20221028.csv
[2022-11-17T16:31:02.113+0000] {subprocess.py:93} INFO - platzi_data_20221029.csv
[2022-11-17T16:31:02.113+0000] {subprocess.py:93} INFO - platzi_data_20221030.csv
[2022-11-17T16:31:02.114+0000] {subprocess.py:93} INFO - platzi_data_20221031.csv
[2022-11-17T16:31:02.114+0000] {subprocess.py:93} INFO - platzi_data_20221101.csv
[2022-11-17T16:31:02.114+0000] {subprocess.py:93} INFO - platzi_data_20221102.csv
[2022-11-17T16:31:02.115+0000] {subprocess.py:93} INFO - platzi_data_20221103.csv
[2022-11-17T16:31:02.115+0000] {subprocess.py:93} INFO - platzi_data_20221104.csv
[2022-11-17T16:31:02.115+0000] {subprocess.py:93} INFO - platzi_data_20221105.csv
[2022-11-17T16:31:02.115+0000] {subprocess.py:93} INFO - platzi_data_20221106.csv
[2022-11-17T16:31:02.115+0000] {subprocess.py:93} INFO - platzi_data_20221107.csv
[2022-11-17T16:31:02.116+0000] {subprocess.py:93} INFO - platzi_data_20221108.csv
[2022-11-17T16:31:02.116+0000] {subprocess.py:93} INFO - platzi_data_20221109.csv
[2022-11-17T16:31:02.116+0000] {subprocess.py:93} INFO - platzi_data_20221110.csv
[2022-11-17T16:31:02.116+0000] {subprocess.py:93} INFO - platzi_data_20221111.csv
[2022-11-17T16:31:02.117+0000] {subprocess.py:93} INFO - platzi_data_20221112.csv
[2022-11-17T16:31:02.117+0000] {subprocess.py:93} INFO - platzi_data_20221113.csv
[2022-11-17T16:31:02.117+0000] {subprocess.py:93} INFO - platzi_data_20221114.csv
[2022-11-17T16:31:02.117+0000] {subprocess.py:93} INFO - platzi_data_20221115.csv
[2022-11-17T16:31:02.118+0000] {subprocess.py:93} INFO - platzi_data_20221116.csv
[2022-11-17T16:31:02.118+0000] {subprocess.py:93} INFO - pymp-8yik9lbi
[2022-11-17T16:31:02.118+0000] {subprocess.py:93} INFO - pymp-sbqt6pho
[2022-11-17T16:31:02.118+0000] {subprocess.py:93} INFO - reponse_20221001.txt
[2022-11-17T16:31:02.119+0000] {subprocess.py:93} INFO - reponse_20221002.txt
[2022-11-17T16:31:02.119+0000] {subprocess.py:93} INFO - reponse_20221003.txt
[2022-11-17T16:31:02.119+0000] {subprocess.py:93} INFO - reponse_20221004.txt
[2022-11-17T16:31:02.119+0000] {subprocess.py:93} INFO - reponse_20221005.txt
[2022-11-17T16:31:02.120+0000] {subprocess.py:93} INFO - reponse_20221006.txt
[2022-11-17T16:31:02.120+0000] {subprocess.py:93} INFO - reponse_20221007.txt
[2022-11-17T16:31:02.120+0000] {subprocess.py:93} INFO - reponse_20221008.txt
[2022-11-17T16:31:02.120+0000] {subprocess.py:93} INFO - reponse_20221009.txt
[2022-11-17T16:31:02.121+0000] {subprocess.py:93} INFO - reponse_20221010.txt
[2022-11-17T16:31:02.121+0000] {subprocess.py:93} INFO - reponse_20221011.txt
[2022-11-17T16:31:02.121+0000] {subprocess.py:93} INFO - reponse_20221012.txt
[2022-11-17T16:31:02.121+0000] {subprocess.py:93} INFO - reponse_20221013.txt
[2022-11-17T16:31:02.122+0000] {subprocess.py:93} INFO - reponse_20221014.txt
[2022-11-17T16:31:02.122+0000] {subprocess.py:93} INFO - reponse_20221015.txt
[2022-11-17T16:31:02.122+0000] {subprocess.py:93} INFO - reponse_20221016.txt
[2022-11-17T16:31:02.123+0000] {subprocess.py:93} INFO - reponse_20221017.txt
[2022-11-17T16:31:02.123+0000] {subprocess.py:93} INFO - reponse_20221018.txt
[2022-11-17T16:31:02.123+0000] {subprocess.py:93} INFO - reponse_20221019.txt
[2022-11-17T16:31:02.123+0000] {subprocess.py:93} INFO - reponse_20221020.txt
[2022-11-17T16:31:02.123+0000] {subprocess.py:93} INFO - reponse_20221021.txt
[2022-11-17T16:31:02.124+0000] {subprocess.py:93} INFO - reponse_20221022.txt
[2022-11-17T16:31:02.124+0000] {subprocess.py:93} INFO - reponse_20221023.txt
[2022-11-17T16:31:02.124+0000] {subprocess.py:93} INFO - reponse_20221024.txt
[2022-11-17T16:31:02.125+0000] {subprocess.py:93} INFO - reponse_20221025.txt
[2022-11-17T16:31:02.125+0000] {subprocess.py:93} INFO - reponse_20221026.txt
[2022-11-17T16:31:02.125+0000] {subprocess.py:93} INFO - reponse_20221027.txt
[2022-11-17T16:31:02.125+0000] {subprocess.py:93} INFO - reponse_20221028.txt
[2022-11-17T16:31:02.126+0000] {subprocess.py:93} INFO - reponse_20221029.txt
[2022-11-17T16:31:02.126+0000] {subprocess.py:93} INFO - reponse_20221030.txt
[2022-11-17T16:31:02.126+0000] {subprocess.py:93} INFO - reponse_20221031.txt
[2022-11-17T16:31:02.126+0000] {subprocess.py:93} INFO - reponse_20221101.txt
[2022-11-17T16:31:02.126+0000] {subprocess.py:93} INFO - reponse_20221102.txt
[2022-11-17T16:31:02.127+0000] {subprocess.py:93} INFO - reponse_20221103.txt
[2022-11-17T16:31:02.127+0000] {subprocess.py:93} INFO - reponse_20221104.txt
[2022-11-17T16:31:02.127+0000] {subprocess.py:93} INFO - reponse_20221105.txt
[2022-11-17T16:31:02.127+0000] {subprocess.py:93} INFO - reponse_20221106.txt
[2022-11-17T16:31:02.128+0000] {subprocess.py:93} INFO - reponse_20221107.txt
[2022-11-17T16:31:02.128+0000] {subprocess.py:93} INFO - reponse_20221108.txt
[2022-11-17T16:31:02.128+0000] {subprocess.py:93} INFO - reponse_20221109.txt
[2022-11-17T16:31:02.129+0000] {subprocess.py:93} INFO - reponse_20221110.txt
[2022-11-17T16:31:02.129+0000] {subprocess.py:93} INFO - reponse_20221111.txt
[2022-11-17T16:31:02.130+0000] {subprocess.py:93} INFO - reponse_20221112.txt
[2022-11-17T16:31:02.130+0000] {subprocess.py:93} INFO - reponse_20221113.txt
[2022-11-17T16:31:02.130+0000] {subprocess.py:93} INFO - reponse_20221114.txt
[2022-11-17T16:31:02.130+0000] {subprocess.py:93} INFO - reponse_20221115.txt
[2022-11-17T16:31:02.131+0000] {subprocess.py:93} INFO - reponse_20221116.txt
[2022-11-17T16:31:02.131+0000] {subprocess.py:93} INFO - tmp061o5asr
[2022-11-17T16:31:02.131+0000] {subprocess.py:93} INFO - tmp1b_v374g
[2022-11-17T16:31:02.131+0000] {subprocess.py:93} INFO - tmp2n3y4qb3
[2022-11-17T16:31:02.132+0000] {subprocess.py:93} INFO - tmp2ztydtyd
[2022-11-17T16:31:02.132+0000] {subprocess.py:93} INFO - tmp546oqdk0
[2022-11-17T16:31:02.132+0000] {subprocess.py:93} INFO - tmp57roj99h
[2022-11-17T16:31:02.132+0000] {subprocess.py:93} INFO - tmp5lejojs5
[2022-11-17T16:31:02.132+0000] {subprocess.py:93} INFO - tmp5nj2onwa
[2022-11-17T16:31:02.133+0000] {subprocess.py:93} INFO - tmp64cxrvul
[2022-11-17T16:31:02.133+0000] {subprocess.py:93} INFO - tmp6g4l21c1
[2022-11-17T16:31:02.133+0000] {subprocess.py:93} INFO - tmp7c6bgots
[2022-11-17T16:31:02.133+0000] {subprocess.py:93} INFO - tmp7khebugo
[2022-11-17T16:31:02.134+0000] {subprocess.py:93} INFO - tmp7lvtz6wk
[2022-11-17T16:31:02.134+0000] {subprocess.py:93} INFO - tmp8_n1aj39
[2022-11-17T16:31:02.134+0000] {subprocess.py:93} INFO - tmp8c_dsk2e
[2022-11-17T16:31:02.135+0000] {subprocess.py:93} INFO - tmp928ntdt7
[2022-11-17T16:31:02.135+0000] {subprocess.py:93} INFO - tmp9503grtb
[2022-11-17T16:31:02.135+0000] {subprocess.py:93} INFO - tmp_afh1uos
[2022-11-17T16:31:02.135+0000] {subprocess.py:93} INFO - tmp_m6lsnw3
[2022-11-17T16:31:02.136+0000] {subprocess.py:93} INFO - tmp_vy6n6_q
[2022-11-17T16:31:02.136+0000] {subprocess.py:93} INFO - tmpcnj5oj8y
[2022-11-17T16:31:02.136+0000] {subprocess.py:93} INFO - tmpcu_pom_6
[2022-11-17T16:31:02.136+0000] {subprocess.py:93} INFO - tmpdmc2g1zb
[2022-11-17T16:31:02.137+0000] {subprocess.py:93} INFO - tmpe4k1ogev
[2022-11-17T16:31:02.137+0000] {subprocess.py:93} INFO - tmpg_n88zm7
[2022-11-17T16:31:02.137+0000] {subprocess.py:93} INFO - tmpgg8mkst1
[2022-11-17T16:31:02.137+0000] {subprocess.py:93} INFO - tmpgi8v82jx
[2022-11-17T16:31:02.138+0000] {subprocess.py:93} INFO - tmpiez6kail
[2022-11-17T16:31:02.138+0000] {subprocess.py:93} INFO - tmpj1n4wxza
[2022-11-17T16:31:02.138+0000] {subprocess.py:93} INFO - tmpjsznho2e
[2022-11-17T16:31:02.138+0000] {subprocess.py:93} INFO - tmpkrg9_cgk
[2022-11-17T16:31:02.139+0000] {subprocess.py:93} INFO - tmpl13ymsfs
[2022-11-17T16:31:02.139+0000] {subprocess.py:93} INFO - tmplrbhl64b
[2022-11-17T16:31:02.139+0000] {subprocess.py:93} INFO - tmpn38ozedg
[2022-11-17T16:31:02.139+0000] {subprocess.py:93} INFO - tmpn96u_4ih
[2022-11-17T16:31:02.140+0000] {subprocess.py:93} INFO - tmpo3nf6k5c
[2022-11-17T16:31:02.140+0000] {subprocess.py:93} INFO - tmpoy_ljy8t
[2022-11-17T16:31:02.140+0000] {subprocess.py:93} INFO - tmpp4w9yq6x
[2022-11-17T16:31:02.140+0000] {subprocess.py:93} INFO - tmppfidxzjr
[2022-11-17T16:31:02.141+0000] {subprocess.py:93} INFO - tmpr681bhfw
[2022-11-17T16:31:02.141+0000] {subprocess.py:93} INFO - tmpr9102hwf
[2022-11-17T16:31:02.141+0000] {subprocess.py:93} INFO - tmpt4qo16oq
[2022-11-17T16:31:02.142+0000] {subprocess.py:93} INFO - tmptn832g5z
[2022-11-17T16:31:02.142+0000] {subprocess.py:93} INFO - tmpu9qbl0wh
[2022-11-17T16:31:02.142+0000] {subprocess.py:93} INFO - tmpuq8ywung
[2022-11-17T16:31:02.142+0000] {subprocess.py:93} INFO - tmpv606o9_9
[2022-11-17T16:31:02.142+0000] {subprocess.py:93} INFO - tmpxf7g1lc4
[2022-11-17T16:31:02.143+0000] {subprocess.py:93} INFO - tmpxktobcjf
[2022-11-17T16:31:02.143+0000] {subprocess.py:93} INFO - tmpz91iizm7
[2022-11-17T16:31:02.143+0000] {subprocess.py:93} INFO - ,student,timestamp
[2022-11-17T16:31:02.143+0000] {subprocess.py:93} INFO - 0,Maria Cruz,2022-10-14 00:00:00+00:00
[2022-11-17T16:31:02.144+0000] {subprocess.py:93} INFO - 1,Daniel Crema,2022-10-14 00:00:00+00:00
[2022-11-17T16:31:02.144+0000] {subprocess.py:93} INFO - 2,Elon Musk,2022-10-14 00:00:00+00:00
[2022-11-17T16:31:02.144+0000] {subprocess.py:93} INFO - 3,Karol Castrejon,2022-10-14 00:00:00+00:00
[2022-11-17T16:31:02.145+0000] {subprocess.py:93} INFO - 4,Freddy Vega,2022-10-14 00:00:00+00:00
[2022-11-17T16:31:02.145+0000] {subprocess.py:93} INFO - 5,Freddy Montañez,2022-10-14 00:00:00+00:00
[2022-11-17T16:31:02.145+0000] {subprocess.py:97} INFO - Command exited with return code 0
[2022-11-17T16:31:02.173+0000] {taskinstance.py:1406} INFO - Marking task as SUCCESS. dag_id=MyPersonalAirflowProject, task_id=Print_Imported_data, execution_date=20221014T000000, start_date=20221117T163101, end_date=20221117T163102
[2022-11-17T16:31:02.225+0000] {local_task_job.py:164} INFO - Task exited with return code 0
[2022-11-17T16:31:02.252+0000] {local_task_job.py:273} INFO - 2 downstream tasks scheduled from follow-on schedule check
[2022-11-17T17:23:10.850+0000] {taskinstance.py:1165} INFO - Dependencies all met for <TaskInstance: MyPersonalAirflowProject.Print_Imported_data scheduled__2022-10-14T00:00:00+00:00 [queued]>
[2022-11-17T17:23:10.864+0000] {taskinstance.py:1165} INFO - Dependencies all met for <TaskInstance: MyPersonalAirflowProject.Print_Imported_data scheduled__2022-10-14T00:00:00+00:00 [queued]>
[2022-11-17T17:23:10.865+0000] {taskinstance.py:1362} INFO - 
--------------------------------------------------------------------------------
[2022-11-17T17:23:10.866+0000] {taskinstance.py:1363} INFO - Starting attempt 1 of 1
[2022-11-17T17:23:10.866+0000] {taskinstance.py:1364} INFO - 
--------------------------------------------------------------------------------
[2022-11-17T17:23:10.885+0000] {taskinstance.py:1383} INFO - Executing <Task(BashOperator): Print_Imported_data> on 2022-10-14 00:00:00+00:00
[2022-11-17T17:23:10.945+0000] {standard_task_runner.py:55} INFO - Started process 7187 to run task
[2022-11-17T17:23:10.948+0000] {standard_task_runner.py:82} INFO - Running: ['***', 'tasks', 'run', 'MyPersonalAirflowProject', 'Print_Imported_data', 'scheduled__2022-10-14T00:00:00+00:00', '--job-id', '2543', '--raw', '--subdir', 'DAGS_FOLDER/FinalPersonalProject.py', '--cfg-path', '/tmp/tmpqi70g35m']
[2022-11-17T17:23:10.949+0000] {standard_task_runner.py:83} INFO - Job 2543: Subtask Print_Imported_data
[2022-11-17T17:23:11.028+0000] {task_command.py:376} INFO - Running <TaskInstance: MyPersonalAirflowProject.Print_Imported_data scheduled__2022-10-14T00:00:00+00:00 [running]> on host 638485efabe7
[2022-11-17T17:23:11.111+0000] {taskinstance.py:1592} INFO - Exporting the following env vars:
AIRFLOW_CTX_DAG_OWNER=***
AIRFLOW_CTX_DAG_ID=MyPersonalAirflowProject
AIRFLOW_CTX_TASK_ID=Print_Imported_data
AIRFLOW_CTX_EXECUTION_DATE=2022-10-14T00:00:00+00:00
AIRFLOW_CTX_TRY_NUMBER=1
AIRFLOW_CTX_DAG_RUN_ID=scheduled__2022-10-14T00:00:00+00:00
[2022-11-17T17:23:11.113+0000] {subprocess.py:63} INFO - Tmp dir root location: 
 /tmp
[2022-11-17T17:23:11.114+0000] {subprocess.py:75} INFO - Running command: ['/bin/bash', '-c', 'ls /tmp/ && head /tmp/platzi_data_20221014.csv']
[2022-11-17T17:23:11.126+0000] {subprocess.py:86} INFO - Output:
[2022-11-17T17:23:11.136+0000] {subprocess.py:93} INFO - ***tmpk5xxq3nx
[2022-11-17T17:23:11.137+0000] {subprocess.py:93} INFO - ***tmplkvca7ip
[2022-11-17T17:23:11.138+0000] {subprocess.py:93} INFO - ***tmpodkacs8z
[2022-11-17T17:23:11.138+0000] {subprocess.py:93} INFO - ***tmpzwttkumr
[2022-11-17T17:23:11.139+0000] {subprocess.py:93} INFO - file.txt
[2022-11-17T17:23:11.139+0000] {subprocess.py:93} INFO - history.json
[2022-11-17T17:23:11.140+0000] {subprocess.py:93} INFO - platzi_data_20221001.csv
[2022-11-17T17:23:11.140+0000] {subprocess.py:93} INFO - platzi_data_20221002.csv
[2022-11-17T17:23:11.141+0000] {subprocess.py:93} INFO - platzi_data_20221003.csv
[2022-11-17T17:23:11.141+0000] {subprocess.py:93} INFO - platzi_data_20221004.csv
[2022-11-17T17:23:11.141+0000] {subprocess.py:93} INFO - platzi_data_20221005.csv
[2022-11-17T17:23:11.142+0000] {subprocess.py:93} INFO - platzi_data_20221006.csv
[2022-11-17T17:23:11.142+0000] {subprocess.py:93} INFO - platzi_data_20221007.csv
[2022-11-17T17:23:11.142+0000] {subprocess.py:93} INFO - platzi_data_20221008.csv
[2022-11-17T17:23:11.143+0000] {subprocess.py:93} INFO - platzi_data_20221009.csv
[2022-11-17T17:23:11.143+0000] {subprocess.py:93} INFO - platzi_data_20221010.csv
[2022-11-17T17:23:11.144+0000] {subprocess.py:93} INFO - platzi_data_20221011.csv
[2022-11-17T17:23:11.144+0000] {subprocess.py:93} INFO - platzi_data_20221012.csv
[2022-11-17T17:23:11.145+0000] {subprocess.py:93} INFO - platzi_data_20221013.csv
[2022-11-17T17:23:11.145+0000] {subprocess.py:93} INFO - platzi_data_20221014.csv
[2022-11-17T17:23:11.145+0000] {subprocess.py:93} INFO - platzi_data_20221015.csv
[2022-11-17T17:23:11.145+0000] {subprocess.py:93} INFO - platzi_data_20221016.csv
[2022-11-17T17:23:11.146+0000] {subprocess.py:93} INFO - platzi_data_20221017.csv
[2022-11-17T17:23:11.146+0000] {subprocess.py:93} INFO - platzi_data_20221018.csv
[2022-11-17T17:23:11.146+0000] {subprocess.py:93} INFO - platzi_data_20221019.csv
[2022-11-17T17:23:11.147+0000] {subprocess.py:93} INFO - platzi_data_20221020.csv
[2022-11-17T17:23:11.147+0000] {subprocess.py:93} INFO - platzi_data_20221021.csv
[2022-11-17T17:23:11.147+0000] {subprocess.py:93} INFO - platzi_data_20221022.csv
[2022-11-17T17:23:11.147+0000] {subprocess.py:93} INFO - platzi_data_20221023.csv
[2022-11-17T17:23:11.148+0000] {subprocess.py:93} INFO - platzi_data_20221024.csv
[2022-11-17T17:23:11.148+0000] {subprocess.py:93} INFO - platzi_data_20221025.csv
[2022-11-17T17:23:11.148+0000] {subprocess.py:93} INFO - platzi_data_20221026.csv
[2022-11-17T17:23:11.149+0000] {subprocess.py:93} INFO - platzi_data_20221027.csv
[2022-11-17T17:23:11.149+0000] {subprocess.py:93} INFO - platzi_data_20221028.csv
[2022-11-17T17:23:11.149+0000] {subprocess.py:93} INFO - platzi_data_20221029.csv
[2022-11-17T17:23:11.149+0000] {subprocess.py:93} INFO - platzi_data_20221030.csv
[2022-11-17T17:23:11.150+0000] {subprocess.py:93} INFO - platzi_data_20221031.csv
[2022-11-17T17:23:11.150+0000] {subprocess.py:93} INFO - platzi_data_20221101.csv
[2022-11-17T17:23:11.150+0000] {subprocess.py:93} INFO - platzi_data_20221102.csv
[2022-11-17T17:23:11.150+0000] {subprocess.py:93} INFO - platzi_data_20221103.csv
[2022-11-17T17:23:11.151+0000] {subprocess.py:93} INFO - platzi_data_20221104.csv
[2022-11-17T17:23:11.151+0000] {subprocess.py:93} INFO - platzi_data_20221105.csv
[2022-11-17T17:23:11.151+0000] {subprocess.py:93} INFO - platzi_data_20221106.csv
[2022-11-17T17:23:11.152+0000] {subprocess.py:93} INFO - platzi_data_20221107.csv
[2022-11-17T17:23:11.152+0000] {subprocess.py:93} INFO - platzi_data_20221108.csv
[2022-11-17T17:23:11.152+0000] {subprocess.py:93} INFO - platzi_data_20221109.csv
[2022-11-17T17:23:11.152+0000] {subprocess.py:93} INFO - platzi_data_20221110.csv
[2022-11-17T17:23:11.153+0000] {subprocess.py:93} INFO - platzi_data_20221111.csv
[2022-11-17T17:23:11.153+0000] {subprocess.py:93} INFO - platzi_data_20221112.csv
[2022-11-17T17:23:11.153+0000] {subprocess.py:93} INFO - platzi_data_20221113.csv
[2022-11-17T17:23:11.153+0000] {subprocess.py:93} INFO - platzi_data_20221114.csv
[2022-11-17T17:23:11.154+0000] {subprocess.py:93} INFO - platzi_data_20221115.csv
[2022-11-17T17:23:11.154+0000] {subprocess.py:93} INFO - platzi_data_20221116.csv
[2022-11-17T17:23:11.154+0000] {subprocess.py:93} INFO - pymp-8yik9lbi
[2022-11-17T17:23:11.155+0000] {subprocess.py:93} INFO - pymp-sbqt6pho
[2022-11-17T17:23:11.155+0000] {subprocess.py:93} INFO - reponse_20221001.txt
[2022-11-17T17:23:11.155+0000] {subprocess.py:93} INFO - reponse_20221002.txt
[2022-11-17T17:23:11.156+0000] {subprocess.py:93} INFO - reponse_20221003.txt
[2022-11-17T17:23:11.156+0000] {subprocess.py:93} INFO - reponse_20221004.txt
[2022-11-17T17:23:11.156+0000] {subprocess.py:93} INFO - reponse_20221005.txt
[2022-11-17T17:23:11.156+0000] {subprocess.py:93} INFO - reponse_20221006.txt
[2022-11-17T17:23:11.157+0000] {subprocess.py:93} INFO - reponse_20221007.txt
[2022-11-17T17:23:11.157+0000] {subprocess.py:93} INFO - reponse_20221008.txt
[2022-11-17T17:23:11.157+0000] {subprocess.py:93} INFO - reponse_20221009.txt
[2022-11-17T17:23:11.157+0000] {subprocess.py:93} INFO - reponse_20221010.txt
[2022-11-17T17:23:11.158+0000] {subprocess.py:93} INFO - reponse_20221011.txt
[2022-11-17T17:23:11.158+0000] {subprocess.py:93} INFO - reponse_20221012.txt
[2022-11-17T17:23:11.158+0000] {subprocess.py:93} INFO - reponse_20221013.txt
[2022-11-17T17:23:11.158+0000] {subprocess.py:93} INFO - reponse_20221014.txt
[2022-11-17T17:23:11.159+0000] {subprocess.py:93} INFO - reponse_20221015.txt
[2022-11-17T17:23:11.159+0000] {subprocess.py:93} INFO - reponse_20221016.txt
[2022-11-17T17:23:11.159+0000] {subprocess.py:93} INFO - reponse_20221017.txt
[2022-11-17T17:23:11.160+0000] {subprocess.py:93} INFO - reponse_20221018.txt
[2022-11-17T17:23:11.160+0000] {subprocess.py:93} INFO - reponse_20221019.txt
[2022-11-17T17:23:11.160+0000] {subprocess.py:93} INFO - reponse_20221020.txt
[2022-11-17T17:23:11.161+0000] {subprocess.py:93} INFO - reponse_20221021.txt
[2022-11-17T17:23:11.161+0000] {subprocess.py:93} INFO - reponse_20221022.txt
[2022-11-17T17:23:11.161+0000] {subprocess.py:93} INFO - reponse_20221023.txt
[2022-11-17T17:23:11.161+0000] {subprocess.py:93} INFO - reponse_20221024.txt
[2022-11-17T17:23:11.162+0000] {subprocess.py:93} INFO - reponse_20221025.txt
[2022-11-17T17:23:11.162+0000] {subprocess.py:93} INFO - reponse_20221026.txt
[2022-11-17T17:23:11.162+0000] {subprocess.py:93} INFO - reponse_20221027.txt
[2022-11-17T17:23:11.162+0000] {subprocess.py:93} INFO - reponse_20221028.txt
[2022-11-17T17:23:11.163+0000] {subprocess.py:93} INFO - reponse_20221029.txt
[2022-11-17T17:23:11.163+0000] {subprocess.py:93} INFO - reponse_20221030.txt
[2022-11-17T17:23:11.163+0000] {subprocess.py:93} INFO - reponse_20221031.txt
[2022-11-17T17:23:11.163+0000] {subprocess.py:93} INFO - reponse_20221101.txt
[2022-11-17T17:23:11.164+0000] {subprocess.py:93} INFO - reponse_20221102.txt
[2022-11-17T17:23:11.164+0000] {subprocess.py:93} INFO - reponse_20221103.txt
[2022-11-17T17:23:11.164+0000] {subprocess.py:93} INFO - reponse_20221104.txt
[2022-11-17T17:23:11.165+0000] {subprocess.py:93} INFO - reponse_20221105.txt
[2022-11-17T17:23:11.165+0000] {subprocess.py:93} INFO - reponse_20221106.txt
[2022-11-17T17:23:11.165+0000] {subprocess.py:93} INFO - reponse_20221107.txt
[2022-11-17T17:23:11.165+0000] {subprocess.py:93} INFO - reponse_20221108.txt
[2022-11-17T17:23:11.166+0000] {subprocess.py:93} INFO - reponse_20221109.txt
[2022-11-17T17:23:11.166+0000] {subprocess.py:93} INFO - reponse_20221110.txt
[2022-11-17T17:23:11.166+0000] {subprocess.py:93} INFO - reponse_20221111.txt
[2022-11-17T17:23:11.167+0000] {subprocess.py:93} INFO - reponse_20221112.txt
[2022-11-17T17:23:11.167+0000] {subprocess.py:93} INFO - reponse_20221113.txt
[2022-11-17T17:23:11.167+0000] {subprocess.py:93} INFO - reponse_20221114.txt
[2022-11-17T17:23:11.167+0000] {subprocess.py:93} INFO - reponse_20221115.txt
[2022-11-17T17:23:11.168+0000] {subprocess.py:93} INFO - reponse_20221116.txt
[2022-11-17T17:23:11.168+0000] {subprocess.py:93} INFO - tmp061o5asr
[2022-11-17T17:23:11.168+0000] {subprocess.py:93} INFO - tmp1b_v374g
[2022-11-17T17:23:11.168+0000] {subprocess.py:93} INFO - tmp2n3y4qb3
[2022-11-17T17:23:11.169+0000] {subprocess.py:93} INFO - tmp2ztydtyd
[2022-11-17T17:23:11.169+0000] {subprocess.py:93} INFO - tmp546oqdk0
[2022-11-17T17:23:11.169+0000] {subprocess.py:93} INFO - tmp57roj99h
[2022-11-17T17:23:11.170+0000] {subprocess.py:93} INFO - tmp5lejojs5
[2022-11-17T17:23:11.170+0000] {subprocess.py:93} INFO - tmp5nj2onwa
[2022-11-17T17:23:11.170+0000] {subprocess.py:93} INFO - tmp64cxrvul
[2022-11-17T17:23:11.170+0000] {subprocess.py:93} INFO - tmp6g4l21c1
[2022-11-17T17:23:11.171+0000] {subprocess.py:93} INFO - tmp7c6bgots
[2022-11-17T17:23:11.171+0000] {subprocess.py:93} INFO - tmp7khebugo
[2022-11-17T17:23:11.171+0000] {subprocess.py:93} INFO - tmp7lvtz6wk
[2022-11-17T17:23:11.171+0000] {subprocess.py:93} INFO - tmp8_n1aj39
[2022-11-17T17:23:11.172+0000] {subprocess.py:93} INFO - tmp8c_dsk2e
[2022-11-17T17:23:11.172+0000] {subprocess.py:93} INFO - tmp928ntdt7
[2022-11-17T17:23:11.172+0000] {subprocess.py:93} INFO - tmp9503grtb
[2022-11-17T17:23:11.172+0000] {subprocess.py:93} INFO - tmp_afh1uos
[2022-11-17T17:23:11.173+0000] {subprocess.py:93} INFO - tmp_m6lsnw3
[2022-11-17T17:23:11.173+0000] {subprocess.py:93} INFO - tmp_vy6n6_q
[2022-11-17T17:23:11.173+0000] {subprocess.py:93} INFO - tmpcnj5oj8y
[2022-11-17T17:23:11.174+0000] {subprocess.py:93} INFO - tmpcu_pom_6
[2022-11-17T17:23:11.174+0000] {subprocess.py:93} INFO - tmpdmc2g1zb
[2022-11-17T17:23:11.174+0000] {subprocess.py:93} INFO - tmpe4k1ogev
[2022-11-17T17:23:11.175+0000] {subprocess.py:93} INFO - tmpg_n88zm7
[2022-11-17T17:23:11.175+0000] {subprocess.py:93} INFO - tmpgg8mkst1
[2022-11-17T17:23:11.175+0000] {subprocess.py:93} INFO - tmpgi8v82jx
[2022-11-17T17:23:11.176+0000] {subprocess.py:93} INFO - tmpiez6kail
[2022-11-17T17:23:11.176+0000] {subprocess.py:93} INFO - tmpj1n4wxza
[2022-11-17T17:23:11.177+0000] {subprocess.py:93} INFO - tmpjsznho2e
[2022-11-17T17:23:11.177+0000] {subprocess.py:93} INFO - tmpkrg9_cgk
[2022-11-17T17:23:11.178+0000] {subprocess.py:93} INFO - tmpl13ymsfs
[2022-11-17T17:23:11.178+0000] {subprocess.py:93} INFO - tmplrbhl64b
[2022-11-17T17:23:11.178+0000] {subprocess.py:93} INFO - tmpn38ozedg
[2022-11-17T17:23:11.179+0000] {subprocess.py:93} INFO - tmpn96u_4ih
[2022-11-17T17:23:11.179+0000] {subprocess.py:93} INFO - tmpo3nf6k5c
[2022-11-17T17:23:11.180+0000] {subprocess.py:93} INFO - tmpoy_ljy8t
[2022-11-17T17:23:11.180+0000] {subprocess.py:93} INFO - tmpp4w9yq6x
[2022-11-17T17:23:11.181+0000] {subprocess.py:93} INFO - tmppfidxzjr
[2022-11-17T17:23:11.181+0000] {subprocess.py:93} INFO - tmpr681bhfw
[2022-11-17T17:23:11.181+0000] {subprocess.py:93} INFO - tmpr9102hwf
[2022-11-17T17:23:11.182+0000] {subprocess.py:93} INFO - tmpt4qo16oq
[2022-11-17T17:23:11.182+0000] {subprocess.py:93} INFO - tmptn832g5z
[2022-11-17T17:23:11.183+0000] {subprocess.py:93} INFO - tmpu9qbl0wh
[2022-11-17T17:23:11.183+0000] {subprocess.py:93} INFO - tmpuq8ywung
[2022-11-17T17:23:11.183+0000] {subprocess.py:93} INFO - tmpv606o9_9
[2022-11-17T17:23:11.184+0000] {subprocess.py:93} INFO - tmpxf7g1lc4
[2022-11-17T17:23:11.184+0000] {subprocess.py:93} INFO - tmpxktobcjf
[2022-11-17T17:23:11.185+0000] {subprocess.py:93} INFO - tmpz91iizm7
[2022-11-17T17:23:11.185+0000] {subprocess.py:93} INFO - ,student,timestamp
[2022-11-17T17:23:11.185+0000] {subprocess.py:93} INFO - 0,Maria Cruz,2022-10-14 00:00:00+00:00
[2022-11-17T17:23:11.186+0000] {subprocess.py:93} INFO - 1,Daniel Crema,2022-10-14 00:00:00+00:00
[2022-11-17T17:23:11.186+0000] {subprocess.py:93} INFO - 2,Elon Musk,2022-10-14 00:00:00+00:00
[2022-11-17T17:23:11.187+0000] {subprocess.py:93} INFO - 3,Karol Castrejon,2022-10-14 00:00:00+00:00
[2022-11-17T17:23:11.187+0000] {subprocess.py:93} INFO - 4,Freddy Vega,2022-10-14 00:00:00+00:00
[2022-11-17T17:23:11.188+0000] {subprocess.py:93} INFO - 5,Freddy Montañez,2022-10-14 00:00:00+00:00
[2022-11-17T17:23:11.188+0000] {subprocess.py:97} INFO - Command exited with return code 0
[2022-11-17T17:23:11.218+0000] {taskinstance.py:1406} INFO - Marking task as SUCCESS. dag_id=MyPersonalAirflowProject, task_id=Print_Imported_data, execution_date=20221014T000000, start_date=20221117T172310, end_date=20221117T172311
[2022-11-17T17:23:11.241+0000] {local_task_job.py:164} INFO - Task exited with return code 0
[2022-11-17T17:23:11.268+0000] {local_task_job.py:273} INFO - 2 downstream tasks scheduled from follow-on schedule check
