[2022-11-04T21:32:31.467+0000] {taskinstance.py:1165} INFO - Dependencies all met for <TaskInstance: orquestation.task2 scheduled__2022-05-12T00:00:00+00:00 [queued]>
[2022-11-04T21:32:31.504+0000] {taskinstance.py:1165} INFO - Dependencies all met for <TaskInstance: orquestation.task2 scheduled__2022-05-12T00:00:00+00:00 [queued]>
[2022-11-04T21:32:31.505+0000] {taskinstance.py:1362} INFO - 
--------------------------------------------------------------------------------
[2022-11-04T21:32:31.506+0000] {taskinstance.py:1363} INFO - Starting attempt 1 of 1
[2022-11-04T21:32:31.507+0000] {taskinstance.py:1364} INFO - 
--------------------------------------------------------------------------------
[2022-11-04T21:32:31.550+0000] {taskinstance.py:1383} INFO - Executing <Task(BashOperator): task2> on 2022-05-12 00:00:00+00:00
[2022-11-04T21:32:31.564+0000] {standard_task_runner.py:55} INFO - Started process 845 to run task
[2022-11-04T21:32:31.569+0000] {standard_task_runner.py:82} INFO - Running: ['***', 'tasks', 'run', 'orquestation', 'task2', 'scheduled__2022-05-12T00:00:00+00:00', '--job-id', '156', '--raw', '--subdir', 'DAGS_FOLDER/5.1-orquestacion.py', '--cfg-path', '/tmp/tmpc2edvqu1']
[2022-11-04T21:32:31.571+0000] {standard_task_runner.py:83} INFO - Job 156: Subtask task2
[2022-11-04T21:32:31.764+0000] {task_command.py:376} INFO - Running <TaskInstance: orquestation.task2 scheduled__2022-05-12T00:00:00+00:00 [running]> on host 643e334f405f
[2022-11-04T21:32:31.964+0000] {taskinstance.py:1592} INFO - Exporting the following env vars:
AIRFLOW_CTX_DAG_OWNER=***
AIRFLOW_CTX_DAG_ID=orquestation
AIRFLOW_CTX_TASK_ID=task2
AIRFLOW_CTX_EXECUTION_DATE=2022-05-12T00:00:00+00:00
AIRFLOW_CTX_TRY_NUMBER=1
AIRFLOW_CTX_DAG_RUN_ID=scheduled__2022-05-12T00:00:00+00:00
[2022-11-04T21:32:32.007+0000] {subprocess.py:63} INFO - Tmp dir root location: 
 /tmp
[2022-11-04T21:32:32.013+0000] {subprocess.py:75} INFO - Running command: ['/bin/bash', '-c', "sleep 2 && echo 'task2'"]
[2022-11-04T21:32:32.039+0000] {subprocess.py:86} INFO - Output:
[2022-11-04T21:32:34.675+0000] {subprocess.py:93} INFO - task2
[2022-11-04T21:32:34.679+0000] {subprocess.py:97} INFO - Command exited with return code 0
[2022-11-04T21:32:34.889+0000] {taskinstance.py:1406} INFO - Marking task as SUCCESS. dag_id=orquestation, task_id=task2, execution_date=20220512T000000, start_date=20221104T213231, end_date=20221104T213234
[2022-11-04T21:32:34.992+0000] {local_task_job.py:164} INFO - Task exited with return code 0
[2022-11-04T21:32:35.219+0000] {local_task_job.py:273} INFO - 2 downstream tasks scheduled from follow-on schedule check
[2022-11-04T21:42:06.508+0000] {taskinstance.py:1165} INFO - Dependencies all met for <TaskInstance: orquestation.task2 scheduled__2022-05-12T00:00:00+00:00 [queued]>
[2022-11-04T21:42:06.523+0000] {taskinstance.py:1165} INFO - Dependencies all met for <TaskInstance: orquestation.task2 scheduled__2022-05-12T00:00:00+00:00 [queued]>
[2022-11-04T21:42:06.523+0000] {taskinstance.py:1362} INFO - 
--------------------------------------------------------------------------------
[2022-11-04T21:42:06.524+0000] {taskinstance.py:1363} INFO - Starting attempt 1 of 1
[2022-11-04T21:42:06.524+0000] {taskinstance.py:1364} INFO - 
--------------------------------------------------------------------------------
[2022-11-04T21:42:06.540+0000] {taskinstance.py:1383} INFO - Executing <Task(BashOperator): task2> on 2022-05-12 00:00:00+00:00
[2022-11-04T21:42:06.546+0000] {standard_task_runner.py:55} INFO - Started process 1866 to run task
[2022-11-04T21:42:06.549+0000] {standard_task_runner.py:82} INFO - Running: ['***', 'tasks', 'run', 'orquestation', 'task2', 'scheduled__2022-05-12T00:00:00+00:00', '--job-id', '300', '--raw', '--subdir', 'DAGS_FOLDER/5.1-orquestacion.py', '--cfg-path', '/tmp/tmpr6zjm_ye']
[2022-11-04T21:42:06.550+0000] {standard_task_runner.py:83} INFO - Job 300: Subtask task2
[2022-11-04T21:42:06.609+0000] {task_command.py:376} INFO - Running <TaskInstance: orquestation.task2 scheduled__2022-05-12T00:00:00+00:00 [running]> on host 643e334f405f
[2022-11-04T21:42:06.679+0000] {taskinstance.py:1592} INFO - Exporting the following env vars:
AIRFLOW_CTX_DAG_OWNER=***
AIRFLOW_CTX_DAG_ID=orquestation
AIRFLOW_CTX_TASK_ID=task2
AIRFLOW_CTX_EXECUTION_DATE=2022-05-12T00:00:00+00:00
AIRFLOW_CTX_TRY_NUMBER=1
AIRFLOW_CTX_DAG_RUN_ID=scheduled__2022-05-12T00:00:00+00:00
[2022-11-04T21:42:06.680+0000] {subprocess.py:63} INFO - Tmp dir root location: 
 /tmp
[2022-11-04T21:42:06.681+0000] {subprocess.py:75} INFO - Running command: ['/bin/bash', '-c', "sleep 2 && echo 'task2'"]
[2022-11-04T21:42:06.693+0000] {subprocess.py:86} INFO - Output:
[2022-11-04T21:42:08.695+0000] {subprocess.py:93} INFO - task2
[2022-11-04T21:42:08.696+0000] {subprocess.py:97} INFO - Command exited with return code 0
[2022-11-04T21:42:08.722+0000] {taskinstance.py:1406} INFO - Marking task as SUCCESS. dag_id=orquestation, task_id=task2, execution_date=20220512T000000, start_date=20221104T214206, end_date=20221104T214208
[2022-11-04T21:42:08.769+0000] {local_task_job.py:164} INFO - Task exited with return code 0
[2022-11-04T21:42:08.800+0000] {local_task_job.py:273} INFO - 2 downstream tasks scheduled from follow-on schedule check
