[2022-11-04T20:52:17.078+0000] {taskinstance.py:1165} INFO - Dependencies all met for <TaskInstance: orquestation.task4 scheduled__2022-05-29T00:00:00+00:00 [queued]>
[2022-11-04T20:52:17.092+0000] {taskinstance.py:1165} INFO - Dependencies all met for <TaskInstance: orquestation.task4 scheduled__2022-05-29T00:00:00+00:00 [queued]>
[2022-11-04T20:52:17.092+0000] {taskinstance.py:1362} INFO - 
--------------------------------------------------------------------------------
[2022-11-04T20:52:17.093+0000] {taskinstance.py:1363} INFO - Starting attempt 1 of 1
[2022-11-04T20:52:17.094+0000] {taskinstance.py:1364} INFO - 
--------------------------------------------------------------------------------
[2022-11-04T20:52:17.113+0000] {taskinstance.py:1383} INFO - Executing <Task(BashOperator): task4> on 2022-05-29 00:00:00+00:00
[2022-11-04T20:52:17.121+0000] {standard_task_runner.py:55} INFO - Started process 2628 to run task
[2022-11-04T20:52:17.124+0000] {standard_task_runner.py:82} INFO - Running: ['***', 'tasks', 'run', 'orquestation', 'task4', 'scheduled__2022-05-29T00:00:00+00:00', '--job-id', '63', '--raw', '--subdir', 'DAGS_FOLDER/5.1-orquestacion.py', '--cfg-path', '/tmp/tmpr7te0lh5']
[2022-11-04T20:52:17.125+0000] {standard_task_runner.py:83} INFO - Job 63: Subtask task4
[2022-11-04T20:52:17.206+0000] {task_command.py:376} INFO - Running <TaskInstance: orquestation.task4 scheduled__2022-05-29T00:00:00+00:00 [running]> on host 208ed96b478a
[2022-11-04T20:52:17.296+0000] {taskinstance.py:1592} INFO - Exporting the following env vars:
AIRFLOW_CTX_DAG_OWNER=***
AIRFLOW_CTX_DAG_ID=orquestation
AIRFLOW_CTX_TASK_ID=task4
AIRFLOW_CTX_EXECUTION_DATE=2022-05-29T00:00:00+00:00
AIRFLOW_CTX_TRY_NUMBER=1
AIRFLOW_CTX_DAG_RUN_ID=scheduled__2022-05-29T00:00:00+00:00
[2022-11-04T20:52:17.299+0000] {subprocess.py:63} INFO - Tmp dir root location: 
 /tmp
[2022-11-04T20:52:17.300+0000] {subprocess.py:75} INFO - Running command: ['/bin/bash', '-c', "sleep 2 && echo 'task4'"]
[2022-11-04T20:52:17.315+0000] {subprocess.py:86} INFO - Output:
[2022-11-04T20:52:19.337+0000] {subprocess.py:93} INFO - task4
[2022-11-04T20:52:19.339+0000] {subprocess.py:97} INFO - Command exited with return code 0
[2022-11-04T20:52:19.407+0000] {taskinstance.py:1406} INFO - Marking task as SUCCESS. dag_id=orquestation, task_id=task4, execution_date=20220529T000000, start_date=20221104T205217, end_date=20221104T205219
[2022-11-04T20:52:19.465+0000] {local_task_job.py:164} INFO - Task exited with return code 0
[2022-11-04T20:52:19.626+0000] {local_task_job.py:273} INFO - 0 downstream tasks scheduled from follow-on schedule check
[2022-11-04T21:33:50.747+0000] {taskinstance.py:1165} INFO - Dependencies all met for <TaskInstance: orquestation.task4 scheduled__2022-05-29T00:00:00+00:00 [queued]>
[2022-11-04T21:33:50.775+0000] {taskinstance.py:1165} INFO - Dependencies all met for <TaskInstance: orquestation.task4 scheduled__2022-05-29T00:00:00+00:00 [queued]>
[2022-11-04T21:33:50.776+0000] {taskinstance.py:1362} INFO - 
--------------------------------------------------------------------------------
[2022-11-04T21:33:50.777+0000] {taskinstance.py:1363} INFO - Starting attempt 1 of 1
[2022-11-04T21:33:50.778+0000] {taskinstance.py:1364} INFO - 
--------------------------------------------------------------------------------
[2022-11-04T21:33:50.818+0000] {taskinstance.py:1383} INFO - Executing <Task(BashOperator): task4> on 2022-05-29 00:00:00+00:00
[2022-11-04T21:33:50.828+0000] {standard_task_runner.py:55} INFO - Started process 1182 to run task
[2022-11-04T21:33:50.833+0000] {standard_task_runner.py:82} INFO - Running: ['***', 'tasks', 'run', 'orquestation', 'task4', 'scheduled__2022-05-29T00:00:00+00:00', '--job-id', '227', '--raw', '--subdir', 'DAGS_FOLDER/5.1-orquestacion.py', '--cfg-path', '/tmp/tmp7k4wjngb']
[2022-11-04T21:33:50.834+0000] {standard_task_runner.py:83} INFO - Job 227: Subtask task4
[2022-11-04T21:33:50.929+0000] {task_command.py:376} INFO - Running <TaskInstance: orquestation.task4 scheduled__2022-05-29T00:00:00+00:00 [running]> on host 643e334f405f
[2022-11-04T21:33:51.044+0000] {taskinstance.py:1592} INFO - Exporting the following env vars:
AIRFLOW_CTX_DAG_OWNER=***
AIRFLOW_CTX_DAG_ID=orquestation
AIRFLOW_CTX_TASK_ID=task4
AIRFLOW_CTX_EXECUTION_DATE=2022-05-29T00:00:00+00:00
AIRFLOW_CTX_TRY_NUMBER=1
AIRFLOW_CTX_DAG_RUN_ID=scheduled__2022-05-29T00:00:00+00:00
[2022-11-04T21:33:51.046+0000] {subprocess.py:63} INFO - Tmp dir root location: 
 /tmp
[2022-11-04T21:33:51.048+0000] {subprocess.py:75} INFO - Running command: ['/bin/bash', '-c', "sleep 2 && echo 'task4'"]
[2022-11-04T21:33:51.067+0000] {subprocess.py:86} INFO - Output:
[2022-11-04T21:33:53.076+0000] {subprocess.py:93} INFO - task4
[2022-11-04T21:33:53.077+0000] {subprocess.py:97} INFO - Command exited with return code 0
[2022-11-04T21:33:53.120+0000] {taskinstance.py:1406} INFO - Marking task as SUCCESS. dag_id=orquestation, task_id=task4, execution_date=20220529T000000, start_date=20221104T213350, end_date=20221104T213353
[2022-11-04T21:33:53.172+0000] {local_task_job.py:164} INFO - Task exited with return code 0
[2022-11-04T21:33:53.199+0000] {local_task_job.py:273} INFO - 0 downstream tasks scheduled from follow-on schedule check
[2022-11-04T21:45:16.426+0000] {taskinstance.py:1165} INFO - Dependencies all met for <TaskInstance: orquestation.task4 scheduled__2022-05-29T00:00:00+00:00 [queued]>
[2022-11-04T21:45:16.445+0000] {taskinstance.py:1165} INFO - Dependencies all met for <TaskInstance: orquestation.task4 scheduled__2022-05-29T00:00:00+00:00 [queued]>
[2022-11-04T21:45:16.445+0000] {taskinstance.py:1362} INFO - 
--------------------------------------------------------------------------------
[2022-11-04T21:45:16.446+0000] {taskinstance.py:1363} INFO - Starting attempt 1 of 1
[2022-11-04T21:45:16.446+0000] {taskinstance.py:1364} INFO - 
--------------------------------------------------------------------------------
[2022-11-04T21:45:16.464+0000] {taskinstance.py:1383} INFO - Executing <Task(BashOperator): task4> on 2022-05-29 00:00:00+00:00
[2022-11-04T21:45:16.471+0000] {standard_task_runner.py:55} INFO - Started process 2288 to run task
[2022-11-04T21:45:16.475+0000] {standard_task_runner.py:82} INFO - Running: ['***', 'tasks', 'run', 'orquestation', 'task4', 'scheduled__2022-05-29T00:00:00+00:00', '--job-id', '370', '--raw', '--subdir', 'DAGS_FOLDER/5.1-orquestacion.py', '--cfg-path', '/tmp/tmpv30vpojq']
[2022-11-04T21:45:16.476+0000] {standard_task_runner.py:83} INFO - Job 370: Subtask task4
[2022-11-04T21:45:16.551+0000] {task_command.py:376} INFO - Running <TaskInstance: orquestation.task4 scheduled__2022-05-29T00:00:00+00:00 [running]> on host 643e334f405f
[2022-11-04T21:45:16.638+0000] {taskinstance.py:1592} INFO - Exporting the following env vars:
AIRFLOW_CTX_DAG_OWNER=***
AIRFLOW_CTX_DAG_ID=orquestation
AIRFLOW_CTX_TASK_ID=task4
AIRFLOW_CTX_EXECUTION_DATE=2022-05-29T00:00:00+00:00
AIRFLOW_CTX_TRY_NUMBER=1
AIRFLOW_CTX_DAG_RUN_ID=scheduled__2022-05-29T00:00:00+00:00
[2022-11-04T21:45:16.639+0000] {subprocess.py:63} INFO - Tmp dir root location: 
 /tmp
[2022-11-04T21:45:16.641+0000] {subprocess.py:75} INFO - Running command: ['/bin/bash', '-c', "sleep 2 && echo 'task4'"]
[2022-11-04T21:45:16.655+0000] {subprocess.py:86} INFO - Output:
[2022-11-04T21:45:18.659+0000] {subprocess.py:93} INFO - task4
[2022-11-04T21:45:18.660+0000] {subprocess.py:97} INFO - Command exited with return code 0
[2022-11-04T21:45:18.697+0000] {taskinstance.py:1406} INFO - Marking task as SUCCESS. dag_id=orquestation, task_id=task4, execution_date=20220529T000000, start_date=20221104T214516, end_date=20221104T214518
[2022-11-04T21:45:18.735+0000] {local_task_job.py:164} INFO - Task exited with return code 0
[2022-11-04T21:45:18.757+0000] {local_task_job.py:273} INFO - 0 downstream tasks scheduled from follow-on schedule check
