[2022-11-16T21:03:40.951+0000] {taskinstance.py:1165} INFO - Dependencies all met for <TaskInstance: MyPersonalAirflowProject.nasa_verification_task scheduled__2022-11-12T00:00:00+00:00 [queued]>
[2022-11-16T21:03:40.966+0000] {taskinstance.py:1165} INFO - Dependencies all met for <TaskInstance: MyPersonalAirflowProject.nasa_verification_task scheduled__2022-11-12T00:00:00+00:00 [queued]>
[2022-11-16T21:03:40.966+0000] {taskinstance.py:1362} INFO - 
--------------------------------------------------------------------------------
[2022-11-16T21:03:40.968+0000] {taskinstance.py:1363} INFO - Starting attempt 1 of 1
[2022-11-16T21:03:40.968+0000] {taskinstance.py:1364} INFO - 
--------------------------------------------------------------------------------
[2022-11-16T21:03:40.988+0000] {taskinstance.py:1383} INFO - Executing <Task(BashOperator): nasa_verification_task> on 2022-11-12 00:00:00+00:00
[2022-11-16T21:03:40.995+0000] {standard_task_runner.py:55} INFO - Started process 1505 to run task
[2022-11-16T21:03:40.999+0000] {standard_task_runner.py:82} INFO - Running: ['***', 'tasks', 'run', 'MyPersonalAirflowProject', 'nasa_verification_task', 'scheduled__2022-11-12T00:00:00+00:00', '--job-id', '1320', '--raw', '--subdir', 'DAGS_FOLDER/FinalPersonalProject.py', '--cfg-path', '/tmp/tmp6bbo7jca']
[2022-11-16T21:03:41.000+0000] {standard_task_runner.py:83} INFO - Job 1320: Subtask nasa_verification_task
[2022-11-16T21:03:41.067+0000] {task_command.py:376} INFO - Running <TaskInstance: MyPersonalAirflowProject.nasa_verification_task scheduled__2022-11-12T00:00:00+00:00 [running]> on host 638485efabe7
[2022-11-16T21:03:41.148+0000] {taskinstance.py:1592} INFO - Exporting the following env vars:
AIRFLOW_CTX_DAG_OWNER=***
AIRFLOW_CTX_DAG_ID=MyPersonalAirflowProject
AIRFLOW_CTX_TASK_ID=nasa_verification_task
AIRFLOW_CTX_EXECUTION_DATE=2022-11-12T00:00:00+00:00
AIRFLOW_CTX_TRY_NUMBER=1
AIRFLOW_CTX_DAG_RUN_ID=scheduled__2022-11-12T00:00:00+00:00
[2022-11-16T21:03:41.149+0000] {subprocess.py:63} INFO - Tmp dir root location: 
 /tmp
[2022-11-16T21:03:41.150+0000] {subprocess.py:75} INFO - Running command: ['/bin/bash', '-c', 'sleep 20 && echo ÖK"> /tmp/reponse_20221112.txt']
[2022-11-16T21:03:41.167+0000] {subprocess.py:86} INFO - Output:
[2022-11-16T21:03:41.168+0000] {subprocess.py:93} INFO - /bin/bash: -c: line 1: unexpected EOF while looking for matching `"'
[2022-11-16T21:03:41.169+0000] {subprocess.py:93} INFO - /bin/bash: -c: line 2: syntax error: unexpected end of file
[2022-11-16T21:03:41.169+0000] {subprocess.py:97} INFO - Command exited with return code 2
[2022-11-16T21:03:41.182+0000] {taskinstance.py:1851} ERROR - Task failed with exception
Traceback (most recent call last):
  File "/home/airflow/.local/lib/python3.7/site-packages/airflow/operators/bash.py", line 197, in execute
    f'Bash command failed. The command returned a non-zero exit code {result.exit_code}.'
airflow.exceptions.AirflowException: Bash command failed. The command returned a non-zero exit code 2.
[2022-11-16T21:03:41.187+0000] {taskinstance.py:1406} INFO - Marking task as FAILED. dag_id=MyPersonalAirflowProject, task_id=nasa_verification_task, execution_date=20221112T000000, start_date=20221116T210340, end_date=20221116T210341
[2022-11-16T21:03:41.220+0000] {standard_task_runner.py:105} ERROR - Failed to execute job 1320 for task nasa_verification_task (Bash command failed. The command returned a non-zero exit code 2.; 1505)
[2022-11-16T21:03:41.284+0000] {local_task_job.py:164} INFO - Task exited with return code 1
[2022-11-16T21:03:41.307+0000] {local_task_job.py:273} INFO - 0 downstream tasks scheduled from follow-on schedule check
[2022-11-17T16:05:52.137+0000] {taskinstance.py:1165} INFO - Dependencies all met for <TaskInstance: MyPersonalAirflowProject.nasa_verification_task scheduled__2022-11-12T00:00:00+00:00 [queued]>
[2022-11-17T16:05:52.152+0000] {taskinstance.py:1165} INFO - Dependencies all met for <TaskInstance: MyPersonalAirflowProject.nasa_verification_task scheduled__2022-11-12T00:00:00+00:00 [queued]>
[2022-11-17T16:05:52.152+0000] {taskinstance.py:1362} INFO - 
--------------------------------------------------------------------------------
[2022-11-17T16:05:52.153+0000] {taskinstance.py:1363} INFO - Starting attempt 1 of 1
[2022-11-17T16:05:52.154+0000] {taskinstance.py:1364} INFO - 
--------------------------------------------------------------------------------
[2022-11-17T16:05:52.171+0000] {taskinstance.py:1383} INFO - Executing <Task(BashOperator): nasa_verification_task> on 2022-11-12 00:00:00+00:00
[2022-11-17T16:05:52.177+0000] {standard_task_runner.py:55} INFO - Started process 1934 to run task
[2022-11-17T16:05:52.180+0000] {standard_task_runner.py:82} INFO - Running: ['***', 'tasks', 'run', 'MyPersonalAirflowProject', 'nasa_verification_task', 'scheduled__2022-11-12T00:00:00+00:00', '--job-id', '1994', '--raw', '--subdir', 'DAGS_FOLDER/FinalPersonalProject.py', '--cfg-path', '/tmp/tmpnw9fl4sy']
[2022-11-17T16:05:52.181+0000] {standard_task_runner.py:83} INFO - Job 1994: Subtask nasa_verification_task
[2022-11-17T16:05:52.259+0000] {task_command.py:376} INFO - Running <TaskInstance: MyPersonalAirflowProject.nasa_verification_task scheduled__2022-11-12T00:00:00+00:00 [running]> on host 638485efabe7
[2022-11-17T16:05:52.355+0000] {taskinstance.py:1592} INFO - Exporting the following env vars:
AIRFLOW_CTX_DAG_OWNER=***
AIRFLOW_CTX_DAG_ID=MyPersonalAirflowProject
AIRFLOW_CTX_TASK_ID=nasa_verification_task
AIRFLOW_CTX_EXECUTION_DATE=2022-11-12T00:00:00+00:00
AIRFLOW_CTX_TRY_NUMBER=1
AIRFLOW_CTX_DAG_RUN_ID=scheduled__2022-11-12T00:00:00+00:00
[2022-11-17T16:05:52.357+0000] {subprocess.py:63} INFO - Tmp dir root location: 
 /tmp
[2022-11-17T16:05:52.359+0000] {subprocess.py:75} INFO - Running command: ['/bin/bash', '-c', 'sleep 20 && echo "OK"> /tmp/reponse_20221112.txt']
[2022-11-17T16:05:52.371+0000] {subprocess.py:86} INFO - Output:
[2022-11-17T16:06:12.376+0000] {subprocess.py:97} INFO - Command exited with return code 0
[2022-11-17T16:06:12.408+0000] {taskinstance.py:1406} INFO - Marking task as SUCCESS. dag_id=MyPersonalAirflowProject, task_id=nasa_verification_task, execution_date=20221112T000000, start_date=20221117T160552, end_date=20221117T160612
[2022-11-17T16:06:12.434+0000] {local_task_job.py:164} INFO - Task exited with return code 0
[2022-11-17T16:06:12.471+0000] {local_task_job.py:273} INFO - 1 downstream tasks scheduled from follow-on schedule check
[2022-11-17T16:46:42.376+0000] {taskinstance.py:1165} INFO - Dependencies all met for <TaskInstance: MyPersonalAirflowProject.nasa_verification_task scheduled__2022-11-12T00:00:00+00:00 [queued]>
[2022-11-17T16:46:42.517+0000] {taskinstance.py:1165} INFO - Dependencies all met for <TaskInstance: MyPersonalAirflowProject.nasa_verification_task scheduled__2022-11-12T00:00:00+00:00 [queued]>
[2022-11-17T16:46:42.518+0000] {taskinstance.py:1362} INFO - 
--------------------------------------------------------------------------------
[2022-11-17T16:46:42.518+0000] {taskinstance.py:1363} INFO - Starting attempt 1 of 1
[2022-11-17T16:46:42.519+0000] {taskinstance.py:1364} INFO - 
--------------------------------------------------------------------------------
[2022-11-17T16:46:42.681+0000] {taskinstance.py:1383} INFO - Executing <Task(BashOperator): nasa_verification_task> on 2022-11-12 00:00:00+00:00
[2022-11-17T16:46:42.690+0000] {standard_task_runner.py:55} INFO - Started process 4965 to run task
[2022-11-17T16:46:42.693+0000] {standard_task_runner.py:82} INFO - Running: ['***', 'tasks', 'run', 'MyPersonalAirflowProject', 'nasa_verification_task', 'scheduled__2022-11-12T00:00:00+00:00', '--job-id', '2360', '--raw', '--subdir', 'DAGS_FOLDER/FinalPersonalProject.py', '--cfg-path', '/tmp/tmpml0xt0xd']
[2022-11-17T16:46:42.694+0000] {standard_task_runner.py:83} INFO - Job 2360: Subtask nasa_verification_task
[2022-11-17T16:46:42.851+0000] {task_command.py:376} INFO - Running <TaskInstance: MyPersonalAirflowProject.nasa_verification_task scheduled__2022-11-12T00:00:00+00:00 [running]> on host 638485efabe7
[2022-11-17T16:46:44.076+0000] {taskinstance.py:1592} INFO - Exporting the following env vars:
AIRFLOW_CTX_DAG_OWNER=***
AIRFLOW_CTX_DAG_ID=MyPersonalAirflowProject
AIRFLOW_CTX_TASK_ID=nasa_verification_task
AIRFLOW_CTX_EXECUTION_DATE=2022-11-12T00:00:00+00:00
AIRFLOW_CTX_TRY_NUMBER=1
AIRFLOW_CTX_DAG_RUN_ID=scheduled__2022-11-12T00:00:00+00:00
[2022-11-17T16:46:44.078+0000] {subprocess.py:63} INFO - Tmp dir root location: 
 /tmp
[2022-11-17T16:46:44.079+0000] {subprocess.py:75} INFO - Running command: ['/bin/bash', '-c', 'sleep 20 && echo "OK"> /tmp/reponse_20221112.txt']
[2022-11-17T16:46:44.091+0000] {subprocess.py:86} INFO - Output:
[2022-11-17T16:47:04.097+0000] {subprocess.py:97} INFO - Command exited with return code 0
[2022-11-17T16:47:06.529+0000] {taskinstance.py:1406} INFO - Marking task as SUCCESS. dag_id=MyPersonalAirflowProject, task_id=nasa_verification_task, execution_date=20221112T000000, start_date=20221117T164642, end_date=20221117T164706
[2022-11-17T16:47:07.245+0000] {local_task_job.py:164} INFO - Task exited with return code 0
[2022-11-17T16:47:08.796+0000] {local_task_job.py:273} INFO - 1 downstream tasks scheduled from follow-on schedule check
[2022-11-17T17:37:20.752+0000] {taskinstance.py:1165} INFO - Dependencies all met for <TaskInstance: MyPersonalAirflowProject.nasa_verification_task scheduled__2022-11-12T00:00:00+00:00 [queued]>
[2022-11-17T17:37:20.765+0000] {taskinstance.py:1165} INFO - Dependencies all met for <TaskInstance: MyPersonalAirflowProject.nasa_verification_task scheduled__2022-11-12T00:00:00+00:00 [queued]>
[2022-11-17T17:37:20.765+0000] {taskinstance.py:1362} INFO - 
--------------------------------------------------------------------------------
[2022-11-17T17:37:20.766+0000] {taskinstance.py:1363} INFO - Starting attempt 1 of 1
[2022-11-17T17:37:20.766+0000] {taskinstance.py:1364} INFO - 
--------------------------------------------------------------------------------
[2022-11-17T17:37:20.783+0000] {taskinstance.py:1383} INFO - Executing <Task(BashOperator): nasa_verification_task> on 2022-11-12 00:00:00+00:00
[2022-11-17T17:37:20.789+0000] {standard_task_runner.py:55} INFO - Started process 8566 to run task
[2022-11-17T17:37:20.792+0000] {standard_task_runner.py:82} INFO - Running: ['***', 'tasks', 'run', 'MyPersonalAirflowProject', 'nasa_verification_task', 'scheduled__2022-11-12T00:00:00+00:00', '--job-id', '2770', '--raw', '--subdir', 'DAGS_FOLDER/FinalPersonalProject.py', '--cfg-path', '/tmp/tmpl87vq6cz']
[2022-11-17T17:37:20.793+0000] {standard_task_runner.py:83} INFO - Job 2770: Subtask nasa_verification_task
[2022-11-17T17:37:20.860+0000] {task_command.py:376} INFO - Running <TaskInstance: MyPersonalAirflowProject.nasa_verification_task scheduled__2022-11-12T00:00:00+00:00 [running]> on host 638485efabe7
[2022-11-17T17:37:20.940+0000] {taskinstance.py:1592} INFO - Exporting the following env vars:
AIRFLOW_CTX_DAG_OWNER=***
AIRFLOW_CTX_DAG_ID=MyPersonalAirflowProject
AIRFLOW_CTX_TASK_ID=nasa_verification_task
AIRFLOW_CTX_EXECUTION_DATE=2022-11-12T00:00:00+00:00
AIRFLOW_CTX_TRY_NUMBER=1
AIRFLOW_CTX_DAG_RUN_ID=scheduled__2022-11-12T00:00:00+00:00
[2022-11-17T17:37:20.941+0000] {subprocess.py:63} INFO - Tmp dir root location: 
 /tmp
[2022-11-17T17:37:20.942+0000] {subprocess.py:75} INFO - Running command: ['/bin/bash', '-c', 'sleep 20 && echo "OK"> /tmp/reponse_20221112.txt']
[2022-11-17T17:37:20.952+0000] {subprocess.py:86} INFO - Output:
[2022-11-17T17:37:40.957+0000] {subprocess.py:97} INFO - Command exited with return code 0
[2022-11-17T17:37:40.990+0000] {taskinstance.py:1406} INFO - Marking task as SUCCESS. dag_id=MyPersonalAirflowProject, task_id=nasa_verification_task, execution_date=20221112T000000, start_date=20221117T173720, end_date=20221117T173740
[2022-11-17T17:37:41.033+0000] {local_task_job.py:164} INFO - Task exited with return code 0
[2022-11-17T17:37:41.072+0000] {local_task_job.py:273} INFO - 1 downstream tasks scheduled from follow-on schedule check
