[2022-11-09T14:59:04.184+0000] {taskinstance.py:1165} INFO - Dependencies all met for <TaskInstance: 6-monitoring_2.task5 scheduled__2022-01-01T00:00:00+00:00 [queued]>
[2022-11-09T14:59:04.198+0000] {taskinstance.py:1165} INFO - Dependencies all met for <TaskInstance: 6-monitoring_2.task5 scheduled__2022-01-01T00:00:00+00:00 [queued]>
[2022-11-09T14:59:04.199+0000] {taskinstance.py:1362} INFO - 
--------------------------------------------------------------------------------
[2022-11-09T14:59:04.230+0000] {taskinstance.py:1363} INFO - Starting attempt 1 of 3
[2022-11-09T14:59:04.231+0000] {taskinstance.py:1364} INFO - 
--------------------------------------------------------------------------------
[2022-11-09T14:59:04.307+0000] {taskinstance.py:1383} INFO - Executing <Task(BashOperator): task5> on 2022-01-01 00:00:00+00:00
[2022-11-09T14:59:04.312+0000] {standard_task_runner.py:55} INFO - Started process 593 to run task
[2022-11-09T14:59:04.315+0000] {standard_task_runner.py:82} INFO - Running: ['***', 'tasks', 'run', '6-monitoring_2', 'task5', 'scheduled__2022-01-01T00:00:00+00:00', '--job-id', '607', '--raw', '--subdir', 'DAGS_FOLDER/6.2-monitoring.py', '--cfg-path', '/tmp/tmpmz5k31s8']
[2022-11-09T14:59:04.316+0000] {standard_task_runner.py:83} INFO - Job 607: Subtask task5
[2022-11-09T14:59:04.459+0000] {task_command.py:376} INFO - Running <TaskInstance: 6-monitoring_2.task5 scheduled__2022-01-01T00:00:00+00:00 [running]> on host 638485efabe7
[2022-11-09T14:59:04.673+0000] {taskinstance.py:1592} INFO - Exporting the following env vars:
AIRFLOW_CTX_DAG_OWNER=***
AIRFLOW_CTX_DAG_ID=6-monitoring_2
AIRFLOW_CTX_TASK_ID=task5
AIRFLOW_CTX_EXECUTION_DATE=2022-01-01T00:00:00+00:00
AIRFLOW_CTX_TRY_NUMBER=1
AIRFLOW_CTX_DAG_RUN_ID=scheduled__2022-01-01T00:00:00+00:00
[2022-11-09T14:59:06.733+0000] {subprocess.py:63} INFO - Tmp dir root location: 
 /tmp
[2022-11-09T14:59:08.433+0000] {subprocess.py:75} INFO - Running command: ['/bin/bash', '-c', "sleep 2 && echo 'task5'"]
[2022-11-09T14:59:12.661+0000] {subprocess.py:86} INFO - Output:
[2022-11-09T14:59:14.897+0000] {subprocess.py:93} INFO - task5
[2022-11-09T14:59:14.922+0000] {subprocess.py:97} INFO - Command exited with return code 0
[2022-11-09T14:59:15.068+0000] {taskinstance.py:1406} INFO - Marking task as SUCCESS. dag_id=6-monitoring_2, task_id=task5, execution_date=20220101T000000, start_date=20221109T145904, end_date=20221109T145915
[2022-11-09T14:59:15.130+0000] {local_task_job.py:164} INFO - Task exited with return code 0
[2022-11-09T14:59:15.255+0000] {local_task_job.py:273} INFO - 0 downstream tasks scheduled from follow-on schedule check
