[2022-11-15T21:20:40.815+0000] {taskinstance.py:1165} INFO - Dependencies all met for <TaskInstance: 10-branching.finish_14_june scheduled__2022-06-13T00:00:00+00:00 [queued]>
[2022-11-15T21:20:40.863+0000] {taskinstance.py:1165} INFO - Dependencies all met for <TaskInstance: 10-branching.finish_14_june scheduled__2022-06-13T00:00:00+00:00 [queued]>
[2022-11-15T21:20:40.864+0000] {taskinstance.py:1362} INFO - 
--------------------------------------------------------------------------------
[2022-11-15T21:20:40.865+0000] {taskinstance.py:1363} INFO - Starting attempt 1 of 1
[2022-11-15T21:20:40.866+0000] {taskinstance.py:1364} INFO - 
--------------------------------------------------------------------------------
[2022-11-15T21:20:40.937+0000] {taskinstance.py:1383} INFO - Executing <Task(BashOperator): finish_14_june> on 2022-06-13 00:00:00+00:00
[2022-11-15T21:20:40.951+0000] {standard_task_runner.py:55} INFO - Started process 2527 to run task
[2022-11-15T21:20:40.962+0000] {standard_task_runner.py:82} INFO - Running: ['***', 'tasks', 'run', '10-branching', 'finish_14_june', 'scheduled__2022-06-13T00:00:00+00:00', '--job-id', '1174', '--raw', '--subdir', 'DAGS_FOLDER/10-branchpythonoperator.py', '--cfg-path', '/tmp/tmpoa8sirl8']
[2022-11-15T21:20:40.964+0000] {standard_task_runner.py:83} INFO - Job 1174: Subtask finish_14_june
[2022-11-15T21:20:41.165+0000] {task_command.py:376} INFO - Running <TaskInstance: 10-branching.finish_14_june scheduled__2022-06-13T00:00:00+00:00 [running]> on host 638485efabe7
[2022-11-15T21:20:41.400+0000] {taskinstance.py:1592} INFO - Exporting the following env vars:
AIRFLOW_CTX_DAG_OWNER=***
AIRFLOW_CTX_DAG_ID=10-branching
AIRFLOW_CTX_TASK_ID=finish_14_june
AIRFLOW_CTX_EXECUTION_DATE=2022-06-13T00:00:00+00:00
AIRFLOW_CTX_TRY_NUMBER=1
AIRFLOW_CTX_DAG_RUN_ID=scheduled__2022-06-13T00:00:00+00:00
[2022-11-15T21:20:41.415+0000] {subprocess.py:63} INFO - Tmp dir root location: 
 /tmp
[2022-11-15T21:20:41.419+0000] {subprocess.py:75} INFO - Running command: ['/bin/bash', '-c', "echo 'Running 2022-06-13'"]
[2022-11-15T21:20:41.453+0000] {subprocess.py:86} INFO - Output:
[2022-11-15T21:20:41.458+0000] {subprocess.py:93} INFO - Running 2022-06-13
[2022-11-15T21:20:41.460+0000] {subprocess.py:97} INFO - Command exited with return code 0
[2022-11-15T21:20:41.516+0000] {taskinstance.py:1406} INFO - Marking task as SUCCESS. dag_id=10-branching, task_id=finish_14_june, execution_date=20220613T000000, start_date=20221115T212040, end_date=20221115T212041
[2022-11-15T21:20:41.606+0000] {local_task_job.py:164} INFO - Task exited with return code 0
[2022-11-15T21:20:41.691+0000] {local_task_job.py:273} INFO - 0 downstream tasks scheduled from follow-on schedule check
