[2022-11-17T16:45:19.532+0000] {taskinstance.py:1165} INFO - Dependencies all met for <TaskInstance: MyPersonalAirflowProject.Marketing_team_Notification scheduled__2022-11-09T00:00:00+00:00 [queued]>
[2022-11-17T16:45:19.546+0000] {taskinstance.py:1165} INFO - Dependencies all met for <TaskInstance: MyPersonalAirflowProject.Marketing_team_Notification scheduled__2022-11-09T00:00:00+00:00 [queued]>
[2022-11-17T16:45:19.546+0000] {taskinstance.py:1362} INFO - 
--------------------------------------------------------------------------------
[2022-11-17T16:45:19.548+0000] {taskinstance.py:1363} INFO - Starting attempt 1 of 1
[2022-11-17T16:45:19.548+0000] {taskinstance.py:1364} INFO - 
--------------------------------------------------------------------------------
[2022-11-17T16:45:19.572+0000] {taskinstance.py:1383} INFO - Executing <Task(BashOperator): Marketing_team_Notification> on 2022-11-09 00:00:00+00:00
[2022-11-17T16:45:19.578+0000] {standard_task_runner.py:55} INFO - Started process 4848 to run task
[2022-11-17T16:45:19.581+0000] {standard_task_runner.py:82} INFO - Running: ['***', 'tasks', 'run', 'MyPersonalAirflowProject', 'Marketing_team_Notification', 'scheduled__2022-11-09T00:00:00+00:00', '--job-id', '2342', '--raw', '--subdir', 'DAGS_FOLDER/FinalPersonalProject.py', '--cfg-path', '/tmp/tmp0c9vuwm6']
[2022-11-17T16:45:19.582+0000] {standard_task_runner.py:83} INFO - Job 2342: Subtask Marketing_team_Notification
[2022-11-17T16:45:19.649+0000] {task_command.py:376} INFO - Running <TaskInstance: MyPersonalAirflowProject.Marketing_team_Notification scheduled__2022-11-09T00:00:00+00:00 [running]> on host 638485efabe7
[2022-11-17T16:45:19.727+0000] {taskinstance.py:1592} INFO - Exporting the following env vars:
AIRFLOW_CTX_DAG_OWNER=***
AIRFLOW_CTX_DAG_ID=MyPersonalAirflowProject
AIRFLOW_CTX_TASK_ID=Marketing_team_Notification
AIRFLOW_CTX_EXECUTION_DATE=2022-11-09T00:00:00+00:00
AIRFLOW_CTX_TRY_NUMBER=1
AIRFLOW_CTX_DAG_RUN_ID=scheduled__2022-11-09T00:00:00+00:00
[2022-11-17T16:45:19.728+0000] {subprocess.py:63} INFO - Tmp dir root location: 
 /tmp
[2022-11-17T16:45:19.729+0000] {subprocess.py:75} INFO - Running command: ['/bin/bash', '-c', 'echo "Hi Marketing team, Space X data for 2022-11-09 are now available!.. Please check them out!"']
[2022-11-17T16:45:19.740+0000] {subprocess.py:86} INFO - Output:
[2022-11-17T16:45:19.741+0000] {subprocess.py:93} INFO - Hi Marketing team, Space X data for 2022-11-09 are now available!.. Please check them out!
[2022-11-17T16:45:19.742+0000] {subprocess.py:97} INFO - Command exited with return code 0
[2022-11-17T16:45:19.773+0000] {taskinstance.py:1406} INFO - Marking task as SUCCESS. dag_id=MyPersonalAirflowProject, task_id=Marketing_team_Notification, execution_date=20221109T000000, start_date=20221117T164519, end_date=20221117T164519
[2022-11-17T16:45:19.794+0000] {local_task_job.py:164} INFO - Task exited with return code 0
[2022-11-17T16:45:19.820+0000] {local_task_job.py:273} INFO - 0 downstream tasks scheduled from follow-on schedule check
[2022-11-17T17:36:18.678+0000] {taskinstance.py:1165} INFO - Dependencies all met for <TaskInstance: MyPersonalAirflowProject.Marketing_team_Notification scheduled__2022-11-09T00:00:00+00:00 [queued]>
[2022-11-17T17:36:18.693+0000] {taskinstance.py:1165} INFO - Dependencies all met for <TaskInstance: MyPersonalAirflowProject.Marketing_team_Notification scheduled__2022-11-09T00:00:00+00:00 [queued]>
[2022-11-17T17:36:18.694+0000] {taskinstance.py:1362} INFO - 
--------------------------------------------------------------------------------
[2022-11-17T17:36:18.695+0000] {taskinstance.py:1363} INFO - Starting attempt 1 of 1
[2022-11-17T17:36:18.695+0000] {taskinstance.py:1364} INFO - 
--------------------------------------------------------------------------------
[2022-11-17T17:36:18.714+0000] {taskinstance.py:1383} INFO - Executing <Task(BashOperator): Marketing_team_Notification> on 2022-11-09 00:00:00+00:00
[2022-11-17T17:36:18.721+0000] {standard_task_runner.py:55} INFO - Started process 8458 to run task
[2022-11-17T17:36:18.724+0000] {standard_task_runner.py:82} INFO - Running: ['***', 'tasks', 'run', 'MyPersonalAirflowProject', 'Marketing_team_Notification', 'scheduled__2022-11-09T00:00:00+00:00', '--job-id', '2752', '--raw', '--subdir', 'DAGS_FOLDER/FinalPersonalProject.py', '--cfg-path', '/tmp/tmparn9tizw']
[2022-11-17T17:36:18.725+0000] {standard_task_runner.py:83} INFO - Job 2752: Subtask Marketing_team_Notification
[2022-11-17T17:36:18.803+0000] {task_command.py:376} INFO - Running <TaskInstance: MyPersonalAirflowProject.Marketing_team_Notification scheduled__2022-11-09T00:00:00+00:00 [running]> on host 638485efabe7
[2022-11-17T17:36:18.895+0000] {taskinstance.py:1592} INFO - Exporting the following env vars:
AIRFLOW_CTX_DAG_OWNER=***
AIRFLOW_CTX_DAG_ID=MyPersonalAirflowProject
AIRFLOW_CTX_TASK_ID=Marketing_team_Notification
AIRFLOW_CTX_EXECUTION_DATE=2022-11-09T00:00:00+00:00
AIRFLOW_CTX_TRY_NUMBER=1
AIRFLOW_CTX_DAG_RUN_ID=scheduled__2022-11-09T00:00:00+00:00
[2022-11-17T17:36:18.897+0000] {subprocess.py:63} INFO - Tmp dir root location: 
 /tmp
[2022-11-17T17:36:18.898+0000] {subprocess.py:75} INFO - Running command: ['/bin/bash', '-c', 'echo "Hi Marketing team, Space X data for 2022-11-09 are now available!.. Please check them out!"']
[2022-11-17T17:36:18.910+0000] {subprocess.py:86} INFO - Output:
[2022-11-17T17:36:18.912+0000] {subprocess.py:93} INFO - Hi Marketing team, Space X data for 2022-11-09 are now available!.. Please check them out!
[2022-11-17T17:36:18.913+0000] {subprocess.py:97} INFO - Command exited with return code 0
[2022-11-17T17:36:18.945+0000] {taskinstance.py:1406} INFO - Marking task as SUCCESS. dag_id=MyPersonalAirflowProject, task_id=Marketing_team_Notification, execution_date=20221109T000000, start_date=20221117T173618, end_date=20221117T173618
[2022-11-17T17:36:18.977+0000] {local_task_job.py:164} INFO - Task exited with return code 0
[2022-11-17T17:36:18.998+0000] {local_task_job.py:273} INFO - 0 downstream tasks scheduled from follow-on schedule check
