[2022-11-17T16:39:05.896+0000] {taskinstance.py:1165} INFO - Dependencies all met for <TaskInstance: MyPersonalAirflowProject.Marketing_team_Notification scheduled__2022-10-28T00:00:00+00:00 [queued]>
[2022-11-17T16:39:05.908+0000] {taskinstance.py:1165} INFO - Dependencies all met for <TaskInstance: MyPersonalAirflowProject.Marketing_team_Notification scheduled__2022-10-28T00:00:00+00:00 [queued]>
[2022-11-17T16:39:05.909+0000] {taskinstance.py:1362} INFO - 
--------------------------------------------------------------------------------
[2022-11-17T16:39:05.929+0000] {taskinstance.py:1363} INFO - Starting attempt 1 of 1
[2022-11-17T16:39:05.930+0000] {taskinstance.py:1364} INFO - 
--------------------------------------------------------------------------------
[2022-11-17T16:39:05.993+0000] {taskinstance.py:1383} INFO - Executing <Task(BashOperator): Marketing_team_Notification> on 2022-10-28 00:00:00+00:00
[2022-11-17T16:39:06.000+0000] {standard_task_runner.py:55} INFO - Started process 4256 to run task
[2022-11-17T16:39:06.003+0000] {standard_task_runner.py:82} INFO - Running: ['***', 'tasks', 'run', 'MyPersonalAirflowProject', 'Marketing_team_Notification', 'scheduled__2022-10-28T00:00:00+00:00', '--job-id', '2247', '--raw', '--subdir', 'DAGS_FOLDER/FinalPersonalProject.py', '--cfg-path', '/tmp/tmpnpc6watg']
[2022-11-17T16:39:06.004+0000] {standard_task_runner.py:83} INFO - Job 2247: Subtask Marketing_team_Notification
[2022-11-17T16:39:06.158+0000] {task_command.py:376} INFO - Running <TaskInstance: MyPersonalAirflowProject.Marketing_team_Notification scheduled__2022-10-28T00:00:00+00:00 [running]> on host 638485efabe7
[2022-11-17T16:39:06.288+0000] {taskinstance.py:1592} INFO - Exporting the following env vars:
AIRFLOW_CTX_DAG_OWNER=***
AIRFLOW_CTX_DAG_ID=MyPersonalAirflowProject
AIRFLOW_CTX_TASK_ID=Marketing_team_Notification
AIRFLOW_CTX_EXECUTION_DATE=2022-10-28T00:00:00+00:00
AIRFLOW_CTX_TRY_NUMBER=1
AIRFLOW_CTX_DAG_RUN_ID=scheduled__2022-10-28T00:00:00+00:00
[2022-11-17T16:39:06.290+0000] {subprocess.py:63} INFO - Tmp dir root location: 
 /tmp
[2022-11-17T16:39:06.292+0000] {subprocess.py:75} INFO - Running command: ['/bin/bash', '-c', 'echo "Hi Marketing team, Space X data for 2022-10-28 are now available!.. Please check them out!"']
[2022-11-17T16:39:06.308+0000] {subprocess.py:86} INFO - Output:
[2022-11-17T16:39:06.310+0000] {subprocess.py:93} INFO - Hi Marketing team, Space X data for 2022-10-28 are now available!.. Please check them out!
[2022-11-17T16:39:06.311+0000] {subprocess.py:97} INFO - Command exited with return code 0
[2022-11-17T16:39:06.421+0000] {taskinstance.py:1406} INFO - Marking task as SUCCESS. dag_id=MyPersonalAirflowProject, task_id=Marketing_team_Notification, execution_date=20221028T000000, start_date=20221117T163905, end_date=20221117T163906
[2022-11-17T16:39:06.537+0000] {local_task_job.py:164} INFO - Task exited with return code 0
[2022-11-17T16:39:06.649+0000] {local_task_job.py:273} INFO - 0 downstream tasks scheduled from follow-on schedule check
[2022-11-17T17:30:16.657+0000] {taskinstance.py:1165} INFO - Dependencies all met for <TaskInstance: MyPersonalAirflowProject.Marketing_team_Notification scheduled__2022-10-28T00:00:00+00:00 [queued]>
[2022-11-17T17:30:16.670+0000] {taskinstance.py:1165} INFO - Dependencies all met for <TaskInstance: MyPersonalAirflowProject.Marketing_team_Notification scheduled__2022-10-28T00:00:00+00:00 [queued]>
[2022-11-17T17:30:16.671+0000] {taskinstance.py:1362} INFO - 
--------------------------------------------------------------------------------
[2022-11-17T17:30:16.671+0000] {taskinstance.py:1363} INFO - Starting attempt 1 of 1
[2022-11-17T17:30:16.672+0000] {taskinstance.py:1364} INFO - 
--------------------------------------------------------------------------------
[2022-11-17T17:30:16.688+0000] {taskinstance.py:1383} INFO - Executing <Task(BashOperator): Marketing_team_Notification> on 2022-10-28 00:00:00+00:00
[2022-11-17T17:30:16.694+0000] {standard_task_runner.py:55} INFO - Started process 7878 to run task
[2022-11-17T17:30:16.696+0000] {standard_task_runner.py:82} INFO - Running: ['***', 'tasks', 'run', 'MyPersonalAirflowProject', 'Marketing_team_Notification', 'scheduled__2022-10-28T00:00:00+00:00', '--job-id', '2657', '--raw', '--subdir', 'DAGS_FOLDER/FinalPersonalProject.py', '--cfg-path', '/tmp/tmpkkb4w10a']
[2022-11-17T17:30:16.697+0000] {standard_task_runner.py:83} INFO - Job 2657: Subtask Marketing_team_Notification
[2022-11-17T17:30:16.768+0000] {task_command.py:376} INFO - Running <TaskInstance: MyPersonalAirflowProject.Marketing_team_Notification scheduled__2022-10-28T00:00:00+00:00 [running]> on host 638485efabe7
[2022-11-17T17:30:16.843+0000] {taskinstance.py:1592} INFO - Exporting the following env vars:
AIRFLOW_CTX_DAG_OWNER=***
AIRFLOW_CTX_DAG_ID=MyPersonalAirflowProject
AIRFLOW_CTX_TASK_ID=Marketing_team_Notification
AIRFLOW_CTX_EXECUTION_DATE=2022-10-28T00:00:00+00:00
AIRFLOW_CTX_TRY_NUMBER=1
AIRFLOW_CTX_DAG_RUN_ID=scheduled__2022-10-28T00:00:00+00:00
[2022-11-17T17:30:16.845+0000] {subprocess.py:63} INFO - Tmp dir root location: 
 /tmp
[2022-11-17T17:30:16.847+0000] {subprocess.py:75} INFO - Running command: ['/bin/bash', '-c', 'echo "Hi Marketing team, Space X data for 2022-10-28 are now available!.. Please check them out!"']
[2022-11-17T17:30:16.858+0000] {subprocess.py:86} INFO - Output:
[2022-11-17T17:30:16.859+0000] {subprocess.py:93} INFO - Hi Marketing team, Space X data for 2022-10-28 are now available!.. Please check them out!
[2022-11-17T17:30:16.860+0000] {subprocess.py:97} INFO - Command exited with return code 0
[2022-11-17T17:30:16.889+0000] {taskinstance.py:1406} INFO - Marking task as SUCCESS. dag_id=MyPersonalAirflowProject, task_id=Marketing_team_Notification, execution_date=20221028T000000, start_date=20221117T173016, end_date=20221117T173016
[2022-11-17T17:30:16.949+0000] {local_task_job.py:164} INFO - Task exited with return code 0
[2022-11-17T17:30:16.970+0000] {local_task_job.py:273} INFO - 0 downstream tasks scheduled from follow-on schedule check
