[2022-11-04T19:49:16.434+0000] {taskinstance.py:1165} INFO - Dependencies all met for <TaskInstance: orquestation.TASK1 scheduled__2022-05-27T00:00:00+00:00 [queued]>
[2022-11-04T19:49:16.452+0000] {taskinstance.py:1165} INFO - Dependencies all met for <TaskInstance: orquestation.TASK1 scheduled__2022-05-27T00:00:00+00:00 [queued]>
[2022-11-04T19:49:16.453+0000] {taskinstance.py:1362} INFO - 
--------------------------------------------------------------------------------
[2022-11-04T19:49:16.454+0000] {taskinstance.py:1363} INFO - Starting attempt 1 of 1
[2022-11-04T19:49:16.608+0000] {taskinstance.py:1364} INFO - 
--------------------------------------------------------------------------------
[2022-11-04T19:49:16.848+0000] {taskinstance.py:1383} INFO - Executing <Task(BashOperator): TASK1> on 2022-05-27 00:00:00+00:00
[2022-11-04T19:49:16.861+0000] {standard_task_runner.py:55} INFO - Started process 301 to run task
[2022-11-04T19:49:16.866+0000] {standard_task_runner.py:82} INFO - Running: ['***', 'tasks', 'run', 'orquestation', 'TASK1', 'scheduled__2022-05-27T00:00:00+00:00', '--job-id', '29', '--raw', '--subdir', 'DAGS_FOLDER/5.1-orquestacion.py', '--cfg-path', '/tmp/tmpacoqxje6']
[2022-11-04T19:49:16.867+0000] {standard_task_runner.py:83} INFO - Job 29: Subtask TASK1
[2022-11-04T19:49:17.445+0000] {task_command.py:376} INFO - Running <TaskInstance: orquestation.TASK1 scheduled__2022-05-27T00:00:00+00:00 [running]> on host 208ed96b478a
[2022-11-04T19:49:20.720+0000] {taskinstance.py:1592} INFO - Exporting the following env vars:
AIRFLOW_CTX_DAG_OWNER=***
AIRFLOW_CTX_DAG_ID=orquestation
AIRFLOW_CTX_TASK_ID=TASK1
AIRFLOW_CTX_EXECUTION_DATE=2022-05-27T00:00:00+00:00
AIRFLOW_CTX_TRY_NUMBER=1
AIRFLOW_CTX_DAG_RUN_ID=scheduled__2022-05-27T00:00:00+00:00
[2022-11-04T19:49:20.722+0000] {subprocess.py:63} INFO - Tmp dir root location: 
 /tmp
[2022-11-04T19:49:20.723+0000] {subprocess.py:75} INFO - Running command: ['/bin/bash', '-c', "SLEEP 2 && ECHO 'TASK1'"]
[2022-11-04T19:49:20.736+0000] {subprocess.py:86} INFO - Output:
[2022-11-04T19:49:22.328+0000] {subprocess.py:93} INFO - /bin/bash: line 1: SLEEP: command not found
[2022-11-04T19:49:22.484+0000] {subprocess.py:97} INFO - Command exited with return code 127
[2022-11-04T19:49:23.846+0000] {taskinstance.py:1851} ERROR - Task failed with exception
Traceback (most recent call last):
  File "/home/airflow/.local/lib/python3.7/site-packages/airflow/operators/bash.py", line 197, in execute
    f'Bash command failed. The command returned a non-zero exit code {result.exit_code}.'
airflow.exceptions.AirflowException: Bash command failed. The command returned a non-zero exit code 127.
[2022-11-04T19:49:24.409+0000] {taskinstance.py:1406} INFO - Marking task as FAILED. dag_id=orquestation, task_id=TASK1, execution_date=20220527T000000, start_date=20221104T194916, end_date=20221104T194924
[2022-11-04T19:49:25.340+0000] {standard_task_runner.py:105} ERROR - Failed to execute job 29 for task TASK1 (Bash command failed. The command returned a non-zero exit code 127.; 301)
[2022-11-04T19:49:25.384+0000] {local_task_job.py:164} INFO - Task exited with return code 1
[2022-11-04T19:49:26.117+0000] {local_task_job.py:273} INFO - 0 downstream tasks scheduled from follow-on schedule check
[2022-11-04T21:33:32.032+0000] {taskinstance.py:1165} INFO - Dependencies all met for <TaskInstance: orquestation.task1 scheduled__2022-05-27T00:00:00+00:00 [queued]>
[2022-11-04T21:33:32.063+0000] {taskinstance.py:1165} INFO - Dependencies all met for <TaskInstance: orquestation.task1 scheduled__2022-05-27T00:00:00+00:00 [queued]>
[2022-11-04T21:33:32.063+0000] {taskinstance.py:1362} INFO - 
--------------------------------------------------------------------------------
[2022-11-04T21:33:32.064+0000] {taskinstance.py:1363} INFO - Starting attempt 1 of 1
[2022-11-04T21:33:32.065+0000] {taskinstance.py:1364} INFO - 
--------------------------------------------------------------------------------
[2022-11-04T21:33:32.098+0000] {taskinstance.py:1383} INFO - Executing <Task(BashOperator): task1> on 2022-05-27 00:00:00+00:00
[2022-11-04T21:33:32.110+0000] {standard_task_runner.py:55} INFO - Started process 1108 to run task
[2022-11-04T21:33:32.116+0000] {standard_task_runner.py:82} INFO - Running: ['***', 'tasks', 'run', 'orquestation', 'task1', 'scheduled__2022-05-27T00:00:00+00:00', '--job-id', '209', '--raw', '--subdir', 'DAGS_FOLDER/5.1-orquestacion.py', '--cfg-path', '/tmp/tmpt6fzoynt']
[2022-11-04T21:33:32.117+0000] {standard_task_runner.py:83} INFO - Job 209: Subtask task1
[2022-11-04T21:33:32.247+0000] {task_command.py:376} INFO - Running <TaskInstance: orquestation.task1 scheduled__2022-05-27T00:00:00+00:00 [running]> on host 643e334f405f
[2022-11-04T21:33:32.365+0000] {taskinstance.py:1592} INFO - Exporting the following env vars:
AIRFLOW_CTX_DAG_OWNER=***
AIRFLOW_CTX_DAG_ID=orquestation
AIRFLOW_CTX_TASK_ID=task1
AIRFLOW_CTX_EXECUTION_DATE=2022-05-27T00:00:00+00:00
AIRFLOW_CTX_TRY_NUMBER=1
AIRFLOW_CTX_DAG_RUN_ID=scheduled__2022-05-27T00:00:00+00:00
[2022-11-04T21:33:32.386+0000] {subprocess.py:63} INFO - Tmp dir root location: 
 /tmp
[2022-11-04T21:33:32.388+0000] {subprocess.py:75} INFO - Running command: ['/bin/bash', '-c', "sleep 2 && echo 'task1'"]
[2022-11-04T21:33:32.415+0000] {subprocess.py:86} INFO - Output:
[2022-11-04T21:33:34.467+0000] {subprocess.py:93} INFO - task1
[2022-11-04T21:33:34.468+0000] {subprocess.py:97} INFO - Command exited with return code 0
[2022-11-04T21:33:34.508+0000] {taskinstance.py:1406} INFO - Marking task as SUCCESS. dag_id=orquestation, task_id=task1, execution_date=20220527T000000, start_date=20221104T213332, end_date=20221104T213334
[2022-11-04T21:33:34.575+0000] {local_task_job.py:164} INFO - Task exited with return code 0
[2022-11-04T21:33:34.647+0000] {local_task_job.py:273} INFO - 1 downstream tasks scheduled from follow-on schedule check
[2022-11-04T21:44:47.100+0000] {taskinstance.py:1165} INFO - Dependencies all met for <TaskInstance: orquestation.task1 scheduled__2022-05-27T00:00:00+00:00 [queued]>
[2022-11-04T21:44:47.114+0000] {taskinstance.py:1165} INFO - Dependencies all met for <TaskInstance: orquestation.task1 scheduled__2022-05-27T00:00:00+00:00 [queued]>
[2022-11-04T21:44:47.115+0000] {taskinstance.py:1362} INFO - 
--------------------------------------------------------------------------------
[2022-11-04T21:44:47.115+0000] {taskinstance.py:1363} INFO - Starting attempt 1 of 1
[2022-11-04T21:44:47.116+0000] {taskinstance.py:1364} INFO - 
--------------------------------------------------------------------------------
[2022-11-04T21:44:47.135+0000] {taskinstance.py:1383} INFO - Executing <Task(BashOperator): task1> on 2022-05-27 00:00:00+00:00
[2022-11-04T21:44:47.142+0000] {standard_task_runner.py:55} INFO - Started process 2228 to run task
[2022-11-04T21:44:47.146+0000] {standard_task_runner.py:82} INFO - Running: ['***', 'tasks', 'run', 'orquestation', 'task1', 'scheduled__2022-05-27T00:00:00+00:00', '--job-id', '359', '--raw', '--subdir', 'DAGS_FOLDER/5.1-orquestacion.py', '--cfg-path', '/tmp/tmpa0uq0203']
[2022-11-04T21:44:47.146+0000] {standard_task_runner.py:83} INFO - Job 359: Subtask task1
[2022-11-04T21:44:47.216+0000] {task_command.py:376} INFO - Running <TaskInstance: orquestation.task1 scheduled__2022-05-27T00:00:00+00:00 [running]> on host 643e334f405f
[2022-11-04T21:44:47.297+0000] {taskinstance.py:1592} INFO - Exporting the following env vars:
AIRFLOW_CTX_DAG_OWNER=***
AIRFLOW_CTX_DAG_ID=orquestation
AIRFLOW_CTX_TASK_ID=task1
AIRFLOW_CTX_EXECUTION_DATE=2022-05-27T00:00:00+00:00
AIRFLOW_CTX_TRY_NUMBER=1
AIRFLOW_CTX_DAG_RUN_ID=scheduled__2022-05-27T00:00:00+00:00
[2022-11-04T21:44:47.298+0000] {subprocess.py:63} INFO - Tmp dir root location: 
 /tmp
[2022-11-04T21:44:47.300+0000] {subprocess.py:75} INFO - Running command: ['/bin/bash', '-c', "sleep 2 && echo 'task1'"]
[2022-11-04T21:44:47.314+0000] {subprocess.py:86} INFO - Output:
[2022-11-04T21:44:49.318+0000] {subprocess.py:93} INFO - task1
[2022-11-04T21:44:49.319+0000] {subprocess.py:97} INFO - Command exited with return code 0
[2022-11-04T21:44:49.352+0000] {taskinstance.py:1406} INFO - Marking task as SUCCESS. dag_id=orquestation, task_id=task1, execution_date=20220527T000000, start_date=20221104T214447, end_date=20221104T214449
[2022-11-04T21:44:49.406+0000] {local_task_job.py:164} INFO - Task exited with return code 0
[2022-11-04T21:44:49.464+0000] {local_task_job.py:273} INFO - 1 downstream tasks scheduled from follow-on schedule check
