[2022-11-16T22:17:08.594+0000] {taskinstance.py:1165} INFO - Dependencies all met for <TaskInstance: MyPersonalAirflowProject.copy_data_to_local scheduled__2022-10-13T00:00:00+00:00 [queued]>
[2022-11-16T22:17:08.611+0000] {taskinstance.py:1165} INFO - Dependencies all met for <TaskInstance: MyPersonalAirflowProject.copy_data_to_local scheduled__2022-10-13T00:00:00+00:00 [queued]>
[2022-11-16T22:17:08.612+0000] {taskinstance.py:1362} INFO - 
--------------------------------------------------------------------------------
[2022-11-16T22:17:08.613+0000] {taskinstance.py:1363} INFO - Starting attempt 1 of 1
[2022-11-16T22:17:08.614+0000] {taskinstance.py:1364} INFO - 
--------------------------------------------------------------------------------
[2022-11-16T22:17:08.639+0000] {taskinstance.py:1383} INFO - Executing <Task(PythonOperator): copy_data_to_local> on 2022-10-13 00:00:00+00:00
[2022-11-16T22:17:08.648+0000] {standard_task_runner.py:55} INFO - Started process 5235 to run task
[2022-11-16T22:17:08.652+0000] {standard_task_runner.py:82} INFO - Running: ['***', 'tasks', 'run', 'MyPersonalAirflowProject', 'copy_data_to_local', 'scheduled__2022-10-13T00:00:00+00:00', '--job-id', '1516', '--raw', '--subdir', 'DAGS_FOLDER/FinalPersonalProject.py', '--cfg-path', '/tmp/tmpov15ltjw']
[2022-11-16T22:17:08.653+0000] {standard_task_runner.py:83} INFO - Job 1516: Subtask copy_data_to_local
[2022-11-16T22:17:08.738+0000] {task_command.py:376} INFO - Running <TaskInstance: MyPersonalAirflowProject.copy_data_to_local scheduled__2022-10-13T00:00:00+00:00 [running]> on host 638485efabe7
[2022-11-16T22:17:08.845+0000] {taskinstance.py:1592} INFO - Exporting the following env vars:
AIRFLOW_CTX_DAG_OWNER=***
AIRFLOW_CTX_DAG_ID=MyPersonalAirflowProject
AIRFLOW_CTX_TASK_ID=copy_data_to_local
AIRFLOW_CTX_EXECUTION_DATE=2022-10-13T00:00:00+00:00
AIRFLOW_CTX_TRY_NUMBER=1
AIRFLOW_CTX_DAG_RUN_ID=scheduled__2022-10-13T00:00:00+00:00
[2022-11-16T22:17:09.570+0000] {python.py:177} INFO - Done. Returned value was: None
[2022-11-16T22:17:09.585+0000] {taskinstance.py:1406} INFO - Marking task as SUCCESS. dag_id=MyPersonalAirflowProject, task_id=copy_data_to_local, execution_date=20221013T000000, start_date=20221116T221708, end_date=20221116T221709
[2022-11-16T22:17:09.666+0000] {local_task_job.py:164} INFO - Task exited with return code 0
[2022-11-16T22:17:09.694+0000] {local_task_job.py:273} INFO - 1 downstream tasks scheduled from follow-on schedule check
[2022-11-17T16:30:31.543+0000] {taskinstance.py:1165} INFO - Dependencies all met for <TaskInstance: MyPersonalAirflowProject.copy_data_to_local scheduled__2022-10-13T00:00:00+00:00 [queued]>
[2022-11-17T16:30:31.556+0000] {taskinstance.py:1165} INFO - Dependencies all met for <TaskInstance: MyPersonalAirflowProject.copy_data_to_local scheduled__2022-10-13T00:00:00+00:00 [queued]>
[2022-11-17T16:30:31.556+0000] {taskinstance.py:1362} INFO - 
--------------------------------------------------------------------------------
[2022-11-17T16:30:31.557+0000] {taskinstance.py:1363} INFO - Starting attempt 1 of 1
[2022-11-17T16:30:31.557+0000] {taskinstance.py:1364} INFO - 
--------------------------------------------------------------------------------
[2022-11-17T16:30:31.575+0000] {taskinstance.py:1383} INFO - Executing <Task(PythonOperator): copy_data_to_local> on 2022-10-13 00:00:00+00:00
[2022-11-17T16:30:31.580+0000] {standard_task_runner.py:55} INFO - Started process 3498 to run task
[2022-11-17T16:30:31.583+0000] {standard_task_runner.py:82} INFO - Running: ['***', 'tasks', 'run', 'MyPersonalAirflowProject', 'copy_data_to_local', 'scheduled__2022-10-13T00:00:00+00:00', '--job-id', '2124', '--raw', '--subdir', 'DAGS_FOLDER/FinalPersonalProject.py', '--cfg-path', '/tmp/tmp2uqlqdms']
[2022-11-17T16:30:31.584+0000] {standard_task_runner.py:83} INFO - Job 2124: Subtask copy_data_to_local
[2022-11-17T16:30:31.701+0000] {task_command.py:376} INFO - Running <TaskInstance: MyPersonalAirflowProject.copy_data_to_local scheduled__2022-10-13T00:00:00+00:00 [running]> on host 638485efabe7
[2022-11-17T16:30:31.783+0000] {taskinstance.py:1592} INFO - Exporting the following env vars:
AIRFLOW_CTX_DAG_OWNER=***
AIRFLOW_CTX_DAG_ID=MyPersonalAirflowProject
AIRFLOW_CTX_TASK_ID=copy_data_to_local
AIRFLOW_CTX_EXECUTION_DATE=2022-10-13T00:00:00+00:00
AIRFLOW_CTX_TRY_NUMBER=1
AIRFLOW_CTX_DAG_RUN_ID=scheduled__2022-10-13T00:00:00+00:00
[2022-11-17T16:30:31.980+0000] {python.py:177} INFO - Done. Returned value was: None
[2022-11-17T16:30:31.991+0000] {taskinstance.py:1406} INFO - Marking task as SUCCESS. dag_id=MyPersonalAirflowProject, task_id=copy_data_to_local, execution_date=20221013T000000, start_date=20221117T163031, end_date=20221117T163031
[2022-11-17T16:30:32.036+0000] {local_task_job.py:164} INFO - Task exited with return code 0
[2022-11-17T16:30:32.070+0000] {local_task_job.py:273} INFO - 1 downstream tasks scheduled from follow-on schedule check
[2022-11-17T17:22:39.369+0000] {taskinstance.py:1165} INFO - Dependencies all met for <TaskInstance: MyPersonalAirflowProject.copy_data_to_local scheduled__2022-10-13T00:00:00+00:00 [queued]>
[2022-11-17T17:22:39.385+0000] {taskinstance.py:1165} INFO - Dependencies all met for <TaskInstance: MyPersonalAirflowProject.copy_data_to_local scheduled__2022-10-13T00:00:00+00:00 [queued]>
[2022-11-17T17:22:39.385+0000] {taskinstance.py:1362} INFO - 
--------------------------------------------------------------------------------
[2022-11-17T17:22:39.386+0000] {taskinstance.py:1363} INFO - Starting attempt 1 of 1
[2022-11-17T17:22:39.386+0000] {taskinstance.py:1364} INFO - 
--------------------------------------------------------------------------------
[2022-11-17T17:22:39.407+0000] {taskinstance.py:1383} INFO - Executing <Task(PythonOperator): copy_data_to_local> on 2022-10-13 00:00:00+00:00
[2022-11-17T17:22:39.415+0000] {standard_task_runner.py:55} INFO - Started process 7139 to run task
[2022-11-17T17:22:39.418+0000] {standard_task_runner.py:82} INFO - Running: ['***', 'tasks', 'run', 'MyPersonalAirflowProject', 'copy_data_to_local', 'scheduled__2022-10-13T00:00:00+00:00', '--job-id', '2534', '--raw', '--subdir', 'DAGS_FOLDER/FinalPersonalProject.py', '--cfg-path', '/tmp/tmpr9hgshwi']
[2022-11-17T17:22:39.419+0000] {standard_task_runner.py:83} INFO - Job 2534: Subtask copy_data_to_local
[2022-11-17T17:22:39.507+0000] {task_command.py:376} INFO - Running <TaskInstance: MyPersonalAirflowProject.copy_data_to_local scheduled__2022-10-13T00:00:00+00:00 [running]> on host 638485efabe7
[2022-11-17T17:22:39.646+0000] {taskinstance.py:1592} INFO - Exporting the following env vars:
AIRFLOW_CTX_DAG_OWNER=***
AIRFLOW_CTX_DAG_ID=MyPersonalAirflowProject
AIRFLOW_CTX_TASK_ID=copy_data_to_local
AIRFLOW_CTX_EXECUTION_DATE=2022-10-13T00:00:00+00:00
AIRFLOW_CTX_TRY_NUMBER=1
AIRFLOW_CTX_DAG_RUN_ID=scheduled__2022-10-13T00:00:00+00:00
[2022-11-17T17:22:39.957+0000] {python.py:177} INFO - Done. Returned value was: None
[2022-11-17T17:22:39.970+0000] {taskinstance.py:1406} INFO - Marking task as SUCCESS. dag_id=MyPersonalAirflowProject, task_id=copy_data_to_local, execution_date=20221013T000000, start_date=20221117T172239, end_date=20221117T172239
[2022-11-17T17:22:40.033+0000] {local_task_job.py:164} INFO - Task exited with return code 0
[2022-11-17T17:22:40.073+0000] {local_task_job.py:273} INFO - 1 downstream tasks scheduled from follow-on schedule check
