[2022-11-16T22:37:48.920+0000] {taskinstance.py:1165} INFO - Dependencies all met for <TaskInstance: MyPersonalAirflowProject.end_task scheduled__2022-10-03T00:00:00+00:00 [queued]>
[2022-11-16T22:37:48.937+0000] {taskinstance.py:1165} INFO - Dependencies all met for <TaskInstance: MyPersonalAirflowProject.end_task scheduled__2022-10-03T00:00:00+00:00 [queued]>
[2022-11-16T22:37:48.938+0000] {taskinstance.py:1362} INFO - 
--------------------------------------------------------------------------------
[2022-11-16T22:37:48.939+0000] {taskinstance.py:1363} INFO - Starting attempt 3 of 3
[2022-11-16T22:37:48.940+0000] {taskinstance.py:1364} INFO - 
--------------------------------------------------------------------------------
[2022-11-16T22:37:48.963+0000] {taskinstance.py:1383} INFO - Executing <Task(BashOperator): end_task> on 2022-10-03 00:00:00+00:00
[2022-11-16T22:37:49.278+0000] {standard_task_runner.py:55} INFO - Started process 6637 to run task
[2022-11-16T22:37:49.282+0000] {standard_task_runner.py:82} INFO - Running: ['***', 'tasks', 'run', 'MyPersonalAirflowProject', 'end_task', 'scheduled__2022-10-03T00:00:00+00:00', '--job-id', '1711', '--raw', '--subdir', 'DAGS_FOLDER/FinalPersonalProject.py', '--cfg-path', '/tmp/tmplhijbaqb']
[2022-11-16T22:37:49.282+0000] {standard_task_runner.py:83} INFO - Job 1711: Subtask end_task
[2022-11-16T22:37:49.358+0000] {task_command.py:376} INFO - Running <TaskInstance: MyPersonalAirflowProject.end_task scheduled__2022-10-03T00:00:00+00:00 [running]> on host 638485efabe7
[2022-11-16T22:37:49.443+0000] {taskinstance.py:1592} INFO - Exporting the following env vars:
AIRFLOW_CTX_DAG_OWNER=***
AIRFLOW_CTX_DAG_ID=MyPersonalAirflowProject
AIRFLOW_CTX_TASK_ID=end_task
AIRFLOW_CTX_EXECUTION_DATE=2022-10-03T00:00:00+00:00
AIRFLOW_CTX_TRY_NUMBER=3
AIRFLOW_CTX_DAG_RUN_ID=scheduled__2022-10-03T00:00:00+00:00
[2022-11-16T22:37:49.445+0000] {subprocess.py:63} INFO - Tmp dir root location: 
 /tmp
[2022-11-16T22:37:49.446+0000] {subprocess.py:75} INFO - Running command: ['/bin/bash', '-c', 'echo "The Verification file was created successfully"']
[2022-11-16T22:37:49.459+0000] {subprocess.py:86} INFO - Output:
[2022-11-16T22:37:49.461+0000] {subprocess.py:93} INFO - The Verification file was created successfully
[2022-11-16T22:37:49.462+0000] {subprocess.py:97} INFO - Command exited with return code 0
[2022-11-16T22:37:49.493+0000] {taskinstance.py:1406} INFO - Marking task as SUCCESS. dag_id=MyPersonalAirflowProject, task_id=end_task, execution_date=20221003T000000, start_date=20221116T223748, end_date=20221116T223749
[2022-11-16T22:37:49.556+0000] {local_task_job.py:164} INFO - Task exited with return code 0
[2022-11-16T22:37:49.594+0000] {local_task_job.py:273} INFO - 1 downstream tasks scheduled from follow-on schedule check
