[2022-11-03T22:33:56.467+0000] {taskinstance.py:1165} INFO - Dependencies all met for <TaskInstance: bashoperator.hello_with_bash scheduled__2022-11-01T00:00:00+00:00 [queued]>
[2022-11-03T22:33:56.506+0000] {taskinstance.py:1165} INFO - Dependencies all met for <TaskInstance: bashoperator.hello_with_bash scheduled__2022-11-01T00:00:00+00:00 [queued]>
[2022-11-03T22:33:56.507+0000] {taskinstance.py:1362} INFO - 
--------------------------------------------------------------------------------
[2022-11-03T22:33:56.508+0000] {taskinstance.py:1363} INFO - Starting attempt 1 of 1
[2022-11-03T22:33:56.509+0000] {taskinstance.py:1364} INFO - 
--------------------------------------------------------------------------------
[2022-11-03T22:33:56.535+0000] {taskinstance.py:1383} INFO - Executing <Task(BashOperator): hello_with_bash> on 2022-11-01 00:00:00+00:00
[2022-11-03T22:33:56.547+0000] {standard_task_runner.py:55} INFO - Started process 5175 to run task
[2022-11-03T22:33:56.552+0000] {standard_task_runner.py:82} INFO - Running: ['***', 'tasks', 'run', 'bashoperator', 'hello_with_bash', 'scheduled__2022-11-01T00:00:00+00:00', '--job-id', '10', '--raw', '--subdir', 'DAGS_FOLDER/1-bashoperator.py', '--cfg-path', '/tmp/tmpxr0tek79']
[2022-11-03T22:33:56.554+0000] {standard_task_runner.py:83} INFO - Job 10: Subtask hello_with_bash
[2022-11-03T22:33:56.665+0000] {task_command.py:376} INFO - Running <TaskInstance: bashoperator.hello_with_bash scheduled__2022-11-01T00:00:00+00:00 [running]> on host c7d12af55512
[2022-11-03T22:33:56.777+0000] {taskinstance.py:1592} INFO - Exporting the following env vars:
AIRFLOW_CTX_DAG_OWNER=***
AIRFLOW_CTX_DAG_ID=bashoperator
AIRFLOW_CTX_TASK_ID=hello_with_bash
AIRFLOW_CTX_EXECUTION_DATE=2022-11-01T00:00:00+00:00
AIRFLOW_CTX_TRY_NUMBER=1
AIRFLOW_CTX_DAG_RUN_ID=scheduled__2022-11-01T00:00:00+00:00
[2022-11-03T22:33:56.786+0000] {subprocess.py:63} INFO - Tmp dir root location: 
 /tmp
[2022-11-03T22:33:56.788+0000] {subprocess.py:75} INFO - Running command: ['/bin/bash', '-c', "echo 'Hi Platzi people from bash operator'"]
[2022-11-03T22:33:56.812+0000] {subprocess.py:86} INFO - Output:
[2022-11-03T22:33:56.825+0000] {subprocess.py:93} INFO - Hi Platzi people from bash operator
[2022-11-03T22:33:56.827+0000] {subprocess.py:97} INFO - Command exited with return code 0
[2022-11-03T22:33:56.877+0000] {taskinstance.py:1406} INFO - Marking task as SUCCESS. dag_id=bashoperator, task_id=hello_with_bash, execution_date=20221101T000000, start_date=20221103T223356, end_date=20221103T223356
[2022-11-03T22:33:56.935+0000] {local_task_job.py:164} INFO - Task exited with return code 0
[2022-11-03T22:33:56.973+0000] {local_task_job.py:273} INFO - 0 downstream tasks scheduled from follow-on schedule check
[2022-11-03T22:34:34.192+0000] {taskinstance.py:1165} INFO - Dependencies all met for <TaskInstance: bashoperator.hello_with_bash scheduled__2022-11-01T00:00:00+00:00 [queued]>
[2022-11-03T22:34:34.206+0000] {taskinstance.py:1165} INFO - Dependencies all met for <TaskInstance: bashoperator.hello_with_bash scheduled__2022-11-01T00:00:00+00:00 [queued]>
[2022-11-03T22:34:34.207+0000] {taskinstance.py:1362} INFO - 
--------------------------------------------------------------------------------
[2022-11-03T22:34:34.207+0000] {taskinstance.py:1363} INFO - Starting attempt 1 of 1
[2022-11-03T22:34:34.208+0000] {taskinstance.py:1364} INFO - 
--------------------------------------------------------------------------------
[2022-11-03T22:34:34.225+0000] {taskinstance.py:1383} INFO - Executing <Task(BashOperator): hello_with_bash> on 2022-11-01 00:00:00+00:00
[2022-11-03T22:34:34.231+0000] {standard_task_runner.py:55} INFO - Started process 5208 to run task
[2022-11-03T22:34:34.234+0000] {standard_task_runner.py:82} INFO - Running: ['***', 'tasks', 'run', 'bashoperator', 'hello_with_bash', 'scheduled__2022-11-01T00:00:00+00:00', '--job-id', '11', '--raw', '--subdir', 'DAGS_FOLDER/1-bashoperator.py', '--cfg-path', '/tmp/tmp1r8xquco']
[2022-11-03T22:34:34.235+0000] {standard_task_runner.py:83} INFO - Job 11: Subtask hello_with_bash
[2022-11-03T22:34:34.298+0000] {task_command.py:376} INFO - Running <TaskInstance: bashoperator.hello_with_bash scheduled__2022-11-01T00:00:00+00:00 [running]> on host c7d12af55512
[2022-11-03T22:34:34.376+0000] {taskinstance.py:1592} INFO - Exporting the following env vars:
AIRFLOW_CTX_DAG_OWNER=***
AIRFLOW_CTX_DAG_ID=bashoperator
AIRFLOW_CTX_TASK_ID=hello_with_bash
AIRFLOW_CTX_EXECUTION_DATE=2022-11-01T00:00:00+00:00
AIRFLOW_CTX_TRY_NUMBER=1
AIRFLOW_CTX_DAG_RUN_ID=scheduled__2022-11-01T00:00:00+00:00
[2022-11-03T22:34:34.377+0000] {subprocess.py:63} INFO - Tmp dir root location: 
 /tmp
[2022-11-03T22:34:34.379+0000] {subprocess.py:75} INFO - Running command: ['/bin/bash', '-c', "echo 'Hi Platzi people from bash operator'"]
[2022-11-03T22:34:34.393+0000] {subprocess.py:86} INFO - Output:
[2022-11-03T22:34:34.395+0000] {subprocess.py:93} INFO - Hi Platzi people from bash operator
[2022-11-03T22:34:34.396+0000] {subprocess.py:97} INFO - Command exited with return code 0
[2022-11-03T22:34:34.426+0000] {taskinstance.py:1406} INFO - Marking task as SUCCESS. dag_id=bashoperator, task_id=hello_with_bash, execution_date=20221101T000000, start_date=20221103T223434, end_date=20221103T223434
[2022-11-03T22:34:34.449+0000] {local_task_job.py:164} INFO - Task exited with return code 0
[2022-11-03T22:34:34.469+0000] {local_task_job.py:273} INFO - 0 downstream tasks scheduled from follow-on schedule check
