[2022-11-04T17:17:34.049+0000] {taskinstance.py:1165} INFO - Dependencies all met for <TaskInstance: dependencias.task3 scheduled__2022-11-01T00:00:00+00:00 [queued]>
[2022-11-04T17:17:34.068+0000] {taskinstance.py:1165} INFO - Dependencies all met for <TaskInstance: dependencias.task3 scheduled__2022-11-01T00:00:00+00:00 [queued]>
[2022-11-04T17:17:34.069+0000] {taskinstance.py:1362} INFO - 
--------------------------------------------------------------------------------
[2022-11-04T17:17:34.070+0000] {taskinstance.py:1363} INFO - Starting attempt 1 of 1
[2022-11-04T17:17:34.097+0000] {taskinstance.py:1364} INFO - 
--------------------------------------------------------------------------------
[2022-11-04T17:17:34.127+0000] {taskinstance.py:1383} INFO - Executing <Task(BashOperator): task3> on 2022-11-01 00:00:00+00:00
[2022-11-04T17:17:34.133+0000] {standard_task_runner.py:55} INFO - Started process 1520 to run task
[2022-11-04T17:17:34.136+0000] {standard_task_runner.py:82} INFO - Running: ['***', 'tasks', 'run', 'dependencias', 'task3', 'scheduled__2022-11-01T00:00:00+00:00', '--job-id', '20', '--raw', '--subdir', 'DAGS_FOLDER/3-dependencias.py', '--cfg-path', '/tmp/tmpmrh2v0tq']
[2022-11-04T17:17:34.137+0000] {standard_task_runner.py:83} INFO - Job 20: Subtask task3
[2022-11-04T17:17:34.223+0000] {task_command.py:376} INFO - Running <TaskInstance: dependencias.task3 scheduled__2022-11-01T00:00:00+00:00 [running]> on host c7d12af55512
[2022-11-04T17:17:36.732+0000] {taskinstance.py:1592} INFO - Exporting the following env vars:
AIRFLOW_CTX_DAG_OWNER=***
AIRFLOW_CTX_DAG_ID=dependencias
AIRFLOW_CTX_TASK_ID=task3
AIRFLOW_CTX_EXECUTION_DATE=2022-11-01T00:00:00+00:00
AIRFLOW_CTX_TRY_NUMBER=1
AIRFLOW_CTX_DAG_RUN_ID=scheduled__2022-11-01T00:00:00+00:00
[2022-11-04T17:17:36.735+0000] {subprocess.py:63} INFO - Tmp dir root location: 
 /tmp
[2022-11-04T17:17:36.736+0000] {subprocess.py:75} INFO - Running command: ['/bin/bash', '-c', "echo 'Task3'"]
[2022-11-04T17:17:36.749+0000] {subprocess.py:86} INFO - Output:
[2022-11-04T17:17:36.751+0000] {subprocess.py:93} INFO - Task3
[2022-11-04T17:17:36.752+0000] {subprocess.py:97} INFO - Command exited with return code 0
[2022-11-04T17:17:43.711+0000] {taskinstance.py:1406} INFO - Marking task as SUCCESS. dag_id=dependencias, task_id=task3, execution_date=20221101T000000, start_date=20221104T171734, end_date=20221104T171743
[2022-11-04T17:17:45.106+0000] {local_task_job.py:164} INFO - Task exited with return code 0
[2022-11-04T17:17:45.160+0000] {local_task_job.py:273} INFO - 0 downstream tasks scheduled from follow-on schedule check
