[2022-11-16T22:22:24.625+0000] {taskinstance.py:1165} INFO - Dependencies all met for <TaskInstance: MyPersonalAirflowProject.Print_Imported_data scheduled__2022-10-22T00:00:00+00:00 [queued]>
[2022-11-16T22:22:24.646+0000] {taskinstance.py:1165} INFO - Dependencies all met for <TaskInstance: MyPersonalAirflowProject.Print_Imported_data scheduled__2022-10-22T00:00:00+00:00 [queued]>
[2022-11-16T22:22:24.647+0000] {taskinstance.py:1362} INFO - 
--------------------------------------------------------------------------------
[2022-11-16T22:22:24.648+0000] {taskinstance.py:1363} INFO - Starting attempt 1 of 1
[2022-11-16T22:22:24.649+0000] {taskinstance.py:1364} INFO - 
--------------------------------------------------------------------------------
[2022-11-16T22:22:24.669+0000] {taskinstance.py:1383} INFO - Executing <Task(BashOperator): Print_Imported_data> on 2022-10-22 00:00:00+00:00
[2022-11-16T22:22:24.676+0000] {standard_task_runner.py:55} INFO - Started process 5624 to run task
[2022-11-16T22:22:24.679+0000] {standard_task_runner.py:82} INFO - Running: ['***', 'tasks', 'run', 'MyPersonalAirflowProject', 'Print_Imported_data', 'scheduled__2022-10-22T00:00:00+00:00', '--job-id', '1571', '--raw', '--subdir', 'DAGS_FOLDER/FinalPersonalProject.py', '--cfg-path', '/tmp/tmp_os0d5bp']
[2022-11-16T22:22:24.680+0000] {standard_task_runner.py:83} INFO - Job 1571: Subtask Print_Imported_data
[2022-11-16T22:22:24.750+0000] {task_command.py:376} INFO - Running <TaskInstance: MyPersonalAirflowProject.Print_Imported_data scheduled__2022-10-22T00:00:00+00:00 [running]> on host 638485efabe7
[2022-11-16T22:22:24.872+0000] {taskinstance.py:1592} INFO - Exporting the following env vars:
AIRFLOW_CTX_DAG_OWNER=***
AIRFLOW_CTX_DAG_ID=MyPersonalAirflowProject
AIRFLOW_CTX_TASK_ID=Print_Imported_data
AIRFLOW_CTX_EXECUTION_DATE=2022-10-22T00:00:00+00:00
AIRFLOW_CTX_TRY_NUMBER=1
AIRFLOW_CTX_DAG_RUN_ID=scheduled__2022-10-22T00:00:00+00:00
[2022-11-16T22:22:24.881+0000] {subprocess.py:63} INFO - Tmp dir root location: 
 /tmp
[2022-11-16T22:22:24.882+0000] {subprocess.py:75} INFO - Running command: ['/bin/bash', '-c', 'ls /tmp/ && head /tmp/platzi_data.csv']
[2022-11-16T22:22:24.898+0000] {subprocess.py:86} INFO - Output:
[2022-11-16T22:22:24.918+0000] {subprocess.py:93} INFO - ***tmp2i7far2k
[2022-11-16T22:22:24.919+0000] {subprocess.py:93} INFO - ***tmpk5xxq3nx
[2022-11-16T22:22:24.919+0000] {subprocess.py:93} INFO - ***tmplkvca7ip
[2022-11-16T22:22:24.920+0000] {subprocess.py:93} INFO - ***tmpodkacs8z
[2022-11-16T22:22:24.921+0000] {subprocess.py:93} INFO - file.txt
[2022-11-16T22:22:24.922+0000] {subprocess.py:93} INFO - history.json
[2022-11-16T22:22:24.922+0000] {subprocess.py:93} INFO - platzi_data_20221001.csv
[2022-11-16T22:22:24.923+0000] {subprocess.py:93} INFO - platzi_data_20221002.csv
[2022-11-16T22:22:24.924+0000] {subprocess.py:93} INFO - platzi_data_20221003.csv
[2022-11-16T22:22:24.924+0000] {subprocess.py:93} INFO - platzi_data_20221004.csv
[2022-11-16T22:22:24.925+0000] {subprocess.py:93} INFO - platzi_data_20221005.csv
[2022-11-16T22:22:24.925+0000] {subprocess.py:93} INFO - platzi_data_20221006.csv
[2022-11-16T22:22:24.926+0000] {subprocess.py:93} INFO - platzi_data_20221007.csv
[2022-11-16T22:22:24.926+0000] {subprocess.py:93} INFO - platzi_data_20221008.csv
[2022-11-16T22:22:24.927+0000] {subprocess.py:93} INFO - platzi_data_20221009.csv
[2022-11-16T22:22:24.927+0000] {subprocess.py:93} INFO - platzi_data_20221010.csv
[2022-11-16T22:22:24.928+0000] {subprocess.py:93} INFO - platzi_data_20221011.csv
[2022-11-16T22:22:24.928+0000] {subprocess.py:93} INFO - platzi_data_20221012.csv
[2022-11-16T22:22:24.929+0000] {subprocess.py:93} INFO - platzi_data_20221013.csv
[2022-11-16T22:22:24.930+0000] {subprocess.py:93} INFO - platzi_data_20221014.csv
[2022-11-16T22:22:24.930+0000] {subprocess.py:93} INFO - platzi_data_20221015.csv
[2022-11-16T22:22:24.931+0000] {subprocess.py:93} INFO - platzi_data_20221016.csv
[2022-11-16T22:22:24.931+0000] {subprocess.py:93} INFO - platzi_data_20221017.csv
[2022-11-16T22:22:24.931+0000] {subprocess.py:93} INFO - platzi_data_20221018.csv
[2022-11-16T22:22:24.932+0000] {subprocess.py:93} INFO - platzi_data_20221019.csv
[2022-11-16T22:22:24.932+0000] {subprocess.py:93} INFO - platzi_data_20221020.csv
[2022-11-16T22:22:24.933+0000] {subprocess.py:93} INFO - platzi_data_20221021.csv
[2022-11-16T22:22:24.933+0000] {subprocess.py:93} INFO - platzi_data_20221022.csv
[2022-11-16T22:22:24.934+0000] {subprocess.py:93} INFO - pymp-8yik9lbi
[2022-11-16T22:22:24.934+0000] {subprocess.py:93} INFO - pymp-y00k7agg
[2022-11-16T22:22:24.935+0000] {subprocess.py:93} INFO - reponse_20221001.txt
[2022-11-16T22:22:24.935+0000] {subprocess.py:93} INFO - reponse_20221002.txt
[2022-11-16T22:22:24.936+0000] {subprocess.py:93} INFO - reponse_20221003.txt
[2022-11-16T22:22:24.937+0000] {subprocess.py:93} INFO - reponse_20221004.txt
[2022-11-16T22:22:24.938+0000] {subprocess.py:93} INFO - reponse_20221005.txt
[2022-11-16T22:22:24.939+0000] {subprocess.py:93} INFO - reponse_20221006.txt
[2022-11-16T22:22:24.939+0000] {subprocess.py:93} INFO - reponse_20221007.txt
[2022-11-16T22:22:24.940+0000] {subprocess.py:93} INFO - reponse_20221008.txt
[2022-11-16T22:22:24.941+0000] {subprocess.py:93} INFO - reponse_20221009.txt
[2022-11-16T22:22:24.941+0000] {subprocess.py:93} INFO - reponse_20221010.txt
[2022-11-16T22:22:24.942+0000] {subprocess.py:93} INFO - reponse_20221011.txt
[2022-11-16T22:22:24.942+0000] {subprocess.py:93} INFO - reponse_20221012.txt
[2022-11-16T22:22:24.943+0000] {subprocess.py:93} INFO - reponse_20221013.txt
[2022-11-16T22:22:24.944+0000] {subprocess.py:93} INFO - reponse_20221014.txt
[2022-11-16T22:22:24.944+0000] {subprocess.py:93} INFO - reponse_20221015.txt
[2022-11-16T22:22:24.944+0000] {subprocess.py:93} INFO - reponse_20221016.txt
[2022-11-16T22:22:24.945+0000] {subprocess.py:93} INFO - reponse_20221017.txt
[2022-11-16T22:22:24.945+0000] {subprocess.py:93} INFO - reponse_20221018.txt
[2022-11-16T22:22:24.945+0000] {subprocess.py:93} INFO - reponse_20221019.txt
[2022-11-16T22:22:24.945+0000] {subprocess.py:93} INFO - reponse_20221020.txt
[2022-11-16T22:22:24.946+0000] {subprocess.py:93} INFO - reponse_20221021.txt
[2022-11-16T22:22:24.946+0000] {subprocess.py:93} INFO - reponse_20221022.txt
[2022-11-16T22:22:24.946+0000] {subprocess.py:93} INFO - reponse_20221023.txt
[2022-11-16T22:22:24.947+0000] {subprocess.py:93} INFO - reponse_20221024.txt
[2022-11-16T22:22:24.947+0000] {subprocess.py:93} INFO - reponse_20221025.txt
[2022-11-16T22:22:24.948+0000] {subprocess.py:93} INFO - reponse_20221026.txt
[2022-11-16T22:22:24.949+0000] {subprocess.py:93} INFO - reponse_20221027.txt
[2022-11-16T22:22:24.949+0000] {subprocess.py:93} INFO - reponse_20221028.txt
[2022-11-16T22:22:24.950+0000] {subprocess.py:93} INFO - reponse_20221029.txt
[2022-11-16T22:22:24.950+0000] {subprocess.py:93} INFO - reponse_20221030.txt
[2022-11-16T22:22:24.951+0000] {subprocess.py:93} INFO - reponse_20221031.txt
[2022-11-16T22:22:24.952+0000] {subprocess.py:93} INFO - reponse_20221101.txt
[2022-11-16T22:22:24.952+0000] {subprocess.py:93} INFO - reponse_20221102.txt
[2022-11-16T22:22:24.953+0000] {subprocess.py:93} INFO - reponse_20221103.txt
[2022-11-16T22:22:24.953+0000] {subprocess.py:93} INFO - reponse_20221104.txt
[2022-11-16T22:22:24.954+0000] {subprocess.py:93} INFO - reponse_20221105.txt
[2022-11-16T22:22:24.955+0000] {subprocess.py:93} INFO - reponse_20221106.txt
[2022-11-16T22:22:24.955+0000] {subprocess.py:93} INFO - reponse_20221107.txt
[2022-11-16T22:22:24.956+0000] {subprocess.py:93} INFO - reponse_20221108.txt
[2022-11-16T22:22:24.956+0000] {subprocess.py:93} INFO - reponse_20221109.txt
[2022-11-16T22:22:24.957+0000] {subprocess.py:93} INFO - reponse_20221110.txt
[2022-11-16T22:22:24.958+0000] {subprocess.py:93} INFO - reponse_20221111.txt
[2022-11-16T22:22:24.958+0000] {subprocess.py:93} INFO - reponse_20221112.txt
[2022-11-16T22:22:24.959+0000] {subprocess.py:93} INFO - reponse_20221113.txt
[2022-11-16T22:22:24.960+0000] {subprocess.py:93} INFO - reponse_20221114.txt
[2022-11-16T22:22:24.960+0000] {subprocess.py:93} INFO - reponse_20221115.txt
[2022-11-16T22:22:24.961+0000] {subprocess.py:93} INFO - tmp061o5asr
[2022-11-16T22:22:24.961+0000] {subprocess.py:93} INFO - tmp1b_v374g
[2022-11-16T22:22:24.962+0000] {subprocess.py:93} INFO - tmp2n3y4qb3
[2022-11-16T22:22:24.962+0000] {subprocess.py:93} INFO - tmp2ztydtyd
[2022-11-16T22:22:24.963+0000] {subprocess.py:93} INFO - tmp546oqdk0
[2022-11-16T22:22:24.964+0000] {subprocess.py:93} INFO - tmp57roj99h
[2022-11-16T22:22:24.964+0000] {subprocess.py:93} INFO - tmp5lejojs5
[2022-11-16T22:22:24.965+0000] {subprocess.py:93} INFO - tmp5nj2onwa
[2022-11-16T22:22:24.965+0000] {subprocess.py:93} INFO - tmp64cxrvul
[2022-11-16T22:22:24.966+0000] {subprocess.py:93} INFO - tmp6g4l21c1
[2022-11-16T22:22:24.966+0000] {subprocess.py:93} INFO - tmp7c6bgots
[2022-11-16T22:22:24.967+0000] {subprocess.py:93} INFO - tmp7khebugo
[2022-11-16T22:22:24.967+0000] {subprocess.py:93} INFO - tmp7lvtz6wk
[2022-11-16T22:22:24.968+0000] {subprocess.py:93} INFO - tmp8_n1aj39
[2022-11-16T22:22:24.968+0000] {subprocess.py:93} INFO - tmp8c_dsk2e
[2022-11-16T22:22:24.969+0000] {subprocess.py:93} INFO - tmp928ntdt7
[2022-11-16T22:22:24.969+0000] {subprocess.py:93} INFO - tmp9503grtb
[2022-11-16T22:22:24.970+0000] {subprocess.py:93} INFO - tmp_afh1uos
[2022-11-16T22:22:24.970+0000] {subprocess.py:93} INFO - tmp_m6lsnw3
[2022-11-16T22:22:24.971+0000] {subprocess.py:93} INFO - tmp_vy6n6_q
[2022-11-16T22:22:24.971+0000] {subprocess.py:93} INFO - tmpcnj5oj8y
[2022-11-16T22:22:24.972+0000] {subprocess.py:93} INFO - tmpcu_pom_6
[2022-11-16T22:22:24.972+0000] {subprocess.py:93} INFO - tmpdmc2g1zb
[2022-11-16T22:22:24.972+0000] {subprocess.py:93} INFO - tmpe4k1ogev
[2022-11-16T22:22:24.973+0000] {subprocess.py:93} INFO - tmpg_n88zm7
[2022-11-16T22:22:24.973+0000] {subprocess.py:93} INFO - tmpgg8mkst1
[2022-11-16T22:22:24.974+0000] {subprocess.py:93} INFO - tmpgi8v82jx
[2022-11-16T22:22:24.974+0000] {subprocess.py:93} INFO - tmpiez6kail
[2022-11-16T22:22:24.975+0000] {subprocess.py:93} INFO - tmpj1n4wxza
[2022-11-16T22:22:24.975+0000] {subprocess.py:93} INFO - tmpjsznho2e
[2022-11-16T22:22:24.976+0000] {subprocess.py:93} INFO - tmpkrg9_cgk
[2022-11-16T22:22:24.976+0000] {subprocess.py:93} INFO - tmpl13ymsfs
[2022-11-16T22:22:24.976+0000] {subprocess.py:93} INFO - tmplrbhl64b
[2022-11-16T22:22:24.977+0000] {subprocess.py:93} INFO - tmpn38ozedg
[2022-11-16T22:22:24.977+0000] {subprocess.py:93} INFO - tmpn96u_4ih
[2022-11-16T22:22:24.978+0000] {subprocess.py:93} INFO - tmpo3nf6k5c
[2022-11-16T22:22:24.978+0000] {subprocess.py:93} INFO - tmpoy_ljy8t
[2022-11-16T22:22:24.979+0000] {subprocess.py:93} INFO - tmpp4w9yq6x
[2022-11-16T22:22:24.979+0000] {subprocess.py:93} INFO - tmppfidxzjr
[2022-11-16T22:22:24.979+0000] {subprocess.py:93} INFO - tmpr681bhfw
[2022-11-16T22:22:24.980+0000] {subprocess.py:93} INFO - tmpr9102hwf
[2022-11-16T22:22:24.980+0000] {subprocess.py:93} INFO - tmpt4qo16oq
[2022-11-16T22:22:24.981+0000] {subprocess.py:93} INFO - tmptn832g5z
[2022-11-16T22:22:24.981+0000] {subprocess.py:93} INFO - tmpu9qbl0wh
[2022-11-16T22:22:24.982+0000] {subprocess.py:93} INFO - tmpuq8ywung
[2022-11-16T22:22:24.983+0000] {subprocess.py:93} INFO - tmpv606o9_9
[2022-11-16T22:22:24.984+0000] {subprocess.py:93} INFO - tmpxf7g1lc4
[2022-11-16T22:22:24.984+0000] {subprocess.py:93} INFO - tmpxktobcjf
[2022-11-16T22:22:24.985+0000] {subprocess.py:93} INFO - tmpz91iizm7
[2022-11-16T22:22:24.986+0000] {subprocess.py:93} INFO - head: cannot open '/tmp/platzi_data.csv' for reading: No such file or directory
[2022-11-16T22:22:24.987+0000] {subprocess.py:97} INFO - Command exited with return code 1
[2022-11-16T22:22:25.003+0000] {taskinstance.py:1851} ERROR - Task failed with exception
Traceback (most recent call last):
  File "/home/airflow/.local/lib/python3.7/site-packages/airflow/operators/bash.py", line 197, in execute
    f'Bash command failed. The command returned a non-zero exit code {result.exit_code}.'
airflow.exceptions.AirflowException: Bash command failed. The command returned a non-zero exit code 1.
[2022-11-16T22:22:25.009+0000] {taskinstance.py:1406} INFO - Marking task as FAILED. dag_id=MyPersonalAirflowProject, task_id=Print_Imported_data, execution_date=20221022T000000, start_date=20221116T222224, end_date=20221116T222225
[2022-11-16T22:22:25.039+0000] {standard_task_runner.py:105} ERROR - Failed to execute job 1571 for task Print_Imported_data (Bash command failed. The command returned a non-zero exit code 1.; 5624)
[2022-11-16T22:22:25.081+0000] {local_task_job.py:164} INFO - Task exited with return code 1
[2022-11-16T22:22:25.105+0000] {local_task_job.py:273} INFO - 0 downstream tasks scheduled from follow-on schedule check
[2022-11-17T16:35:25.233+0000] {taskinstance.py:1165} INFO - Dependencies all met for <TaskInstance: MyPersonalAirflowProject.Print_Imported_data scheduled__2022-10-22T00:00:00+00:00 [queued]>
[2022-11-17T16:35:25.249+0000] {taskinstance.py:1165} INFO - Dependencies all met for <TaskInstance: MyPersonalAirflowProject.Print_Imported_data scheduled__2022-10-22T00:00:00+00:00 [queued]>
[2022-11-17T16:35:25.250+0000] {taskinstance.py:1362} INFO - 
--------------------------------------------------------------------------------
[2022-11-17T16:35:25.251+0000] {taskinstance.py:1363} INFO - Starting attempt 1 of 1
[2022-11-17T16:35:25.251+0000] {taskinstance.py:1364} INFO - 
--------------------------------------------------------------------------------
[2022-11-17T16:35:25.271+0000] {taskinstance.py:1383} INFO - Executing <Task(BashOperator): Print_Imported_data> on 2022-10-22 00:00:00+00:00
[2022-11-17T16:35:25.278+0000] {standard_task_runner.py:55} INFO - Started process 3936 to run task
[2022-11-17T16:35:25.281+0000] {standard_task_runner.py:82} INFO - Running: ['***', 'tasks', 'run', 'MyPersonalAirflowProject', 'Print_Imported_data', 'scheduled__2022-10-22T00:00:00+00:00', '--job-id', '2197', '--raw', '--subdir', 'DAGS_FOLDER/FinalPersonalProject.py', '--cfg-path', '/tmp/tmpdovwx5dh']
[2022-11-17T16:35:25.282+0000] {standard_task_runner.py:83} INFO - Job 2197: Subtask Print_Imported_data
[2022-11-17T16:35:25.353+0000] {task_command.py:376} INFO - Running <TaskInstance: MyPersonalAirflowProject.Print_Imported_data scheduled__2022-10-22T00:00:00+00:00 [running]> on host 638485efabe7
[2022-11-17T16:35:25.446+0000] {taskinstance.py:1592} INFO - Exporting the following env vars:
AIRFLOW_CTX_DAG_OWNER=***
AIRFLOW_CTX_DAG_ID=MyPersonalAirflowProject
AIRFLOW_CTX_TASK_ID=Print_Imported_data
AIRFLOW_CTX_EXECUTION_DATE=2022-10-22T00:00:00+00:00
AIRFLOW_CTX_TRY_NUMBER=1
AIRFLOW_CTX_DAG_RUN_ID=scheduled__2022-10-22T00:00:00+00:00
[2022-11-17T16:35:25.447+0000] {subprocess.py:63} INFO - Tmp dir root location: 
 /tmp
[2022-11-17T16:35:25.448+0000] {subprocess.py:75} INFO - Running command: ['/bin/bash', '-c', 'ls /tmp/ && head /tmp/platzi_data_20221022.csv']
[2022-11-17T16:35:25.460+0000] {subprocess.py:86} INFO - Output:
[2022-11-17T16:35:25.464+0000] {subprocess.py:93} INFO - ***tmpbr7tpvi9
[2022-11-17T16:35:25.465+0000] {subprocess.py:93} INFO - ***tmpk5xxq3nx
[2022-11-17T16:35:25.466+0000] {subprocess.py:93} INFO - ***tmplkvca7ip
[2022-11-17T16:35:25.466+0000] {subprocess.py:93} INFO - ***tmpodkacs8z
[2022-11-17T16:35:25.467+0000] {subprocess.py:93} INFO - file.txt
[2022-11-17T16:35:25.467+0000] {subprocess.py:93} INFO - history.json
[2022-11-17T16:35:25.467+0000] {subprocess.py:93} INFO - platzi_data_20221001.csv
[2022-11-17T16:35:25.468+0000] {subprocess.py:93} INFO - platzi_data_20221002.csv
[2022-11-17T16:35:25.468+0000] {subprocess.py:93} INFO - platzi_data_20221003.csv
[2022-11-17T16:35:25.468+0000] {subprocess.py:93} INFO - platzi_data_20221004.csv
[2022-11-17T16:35:25.469+0000] {subprocess.py:93} INFO - platzi_data_20221005.csv
[2022-11-17T16:35:25.470+0000] {subprocess.py:93} INFO - platzi_data_20221006.csv
[2022-11-17T16:35:25.470+0000] {subprocess.py:93} INFO - platzi_data_20221007.csv
[2022-11-17T16:35:25.471+0000] {subprocess.py:93} INFO - platzi_data_20221008.csv
[2022-11-17T16:35:25.472+0000] {subprocess.py:93} INFO - platzi_data_20221009.csv
[2022-11-17T16:35:25.472+0000] {subprocess.py:93} INFO - platzi_data_20221010.csv
[2022-11-17T16:35:25.473+0000] {subprocess.py:93} INFO - platzi_data_20221011.csv
[2022-11-17T16:35:25.473+0000] {subprocess.py:93} INFO - platzi_data_20221012.csv
[2022-11-17T16:35:25.474+0000] {subprocess.py:93} INFO - platzi_data_20221013.csv
[2022-11-17T16:35:25.474+0000] {subprocess.py:93} INFO - platzi_data_20221014.csv
[2022-11-17T16:35:25.475+0000] {subprocess.py:93} INFO - platzi_data_20221015.csv
[2022-11-17T16:35:25.475+0000] {subprocess.py:93} INFO - platzi_data_20221016.csv
[2022-11-17T16:35:25.476+0000] {subprocess.py:93} INFO - platzi_data_20221017.csv
[2022-11-17T16:35:25.477+0000] {subprocess.py:93} INFO - platzi_data_20221018.csv
[2022-11-17T16:35:25.477+0000] {subprocess.py:93} INFO - platzi_data_20221019.csv
[2022-11-17T16:35:25.477+0000] {subprocess.py:93} INFO - platzi_data_20221020.csv
[2022-11-17T16:35:25.478+0000] {subprocess.py:93} INFO - platzi_data_20221021.csv
[2022-11-17T16:35:25.478+0000] {subprocess.py:93} INFO - platzi_data_20221022.csv
[2022-11-17T16:35:25.478+0000] {subprocess.py:93} INFO - platzi_data_20221023.csv
[2022-11-17T16:35:25.479+0000] {subprocess.py:93} INFO - platzi_data_20221024.csv
[2022-11-17T16:35:25.479+0000] {subprocess.py:93} INFO - platzi_data_20221025.csv
[2022-11-17T16:35:25.480+0000] {subprocess.py:93} INFO - platzi_data_20221026.csv
[2022-11-17T16:35:25.480+0000] {subprocess.py:93} INFO - platzi_data_20221027.csv
[2022-11-17T16:35:25.481+0000] {subprocess.py:93} INFO - platzi_data_20221028.csv
[2022-11-17T16:35:25.481+0000] {subprocess.py:93} INFO - platzi_data_20221029.csv
[2022-11-17T16:35:25.481+0000] {subprocess.py:93} INFO - platzi_data_20221030.csv
[2022-11-17T16:35:25.482+0000] {subprocess.py:93} INFO - platzi_data_20221031.csv
[2022-11-17T16:35:25.482+0000] {subprocess.py:93} INFO - platzi_data_20221101.csv
[2022-11-17T16:35:25.483+0000] {subprocess.py:93} INFO - platzi_data_20221102.csv
[2022-11-17T16:35:25.483+0000] {subprocess.py:93} INFO - platzi_data_20221103.csv
[2022-11-17T16:35:25.483+0000] {subprocess.py:93} INFO - platzi_data_20221104.csv
[2022-11-17T16:35:25.484+0000] {subprocess.py:93} INFO - platzi_data_20221105.csv
[2022-11-17T16:35:25.484+0000] {subprocess.py:93} INFO - platzi_data_20221106.csv
[2022-11-17T16:35:25.485+0000] {subprocess.py:93} INFO - platzi_data_20221107.csv
[2022-11-17T16:35:25.485+0000] {subprocess.py:93} INFO - platzi_data_20221108.csv
[2022-11-17T16:35:25.486+0000] {subprocess.py:93} INFO - platzi_data_20221109.csv
[2022-11-17T16:35:25.486+0000] {subprocess.py:93} INFO - platzi_data_20221110.csv
[2022-11-17T16:35:25.487+0000] {subprocess.py:93} INFO - platzi_data_20221111.csv
[2022-11-17T16:35:25.487+0000] {subprocess.py:93} INFO - platzi_data_20221112.csv
[2022-11-17T16:35:25.487+0000] {subprocess.py:93} INFO - platzi_data_20221113.csv
[2022-11-17T16:35:25.488+0000] {subprocess.py:93} INFO - platzi_data_20221114.csv
[2022-11-17T16:35:25.488+0000] {subprocess.py:93} INFO - platzi_data_20221115.csv
[2022-11-17T16:35:25.489+0000] {subprocess.py:93} INFO - platzi_data_20221116.csv
[2022-11-17T16:35:25.489+0000] {subprocess.py:93} INFO - pymp-8yik9lbi
[2022-11-17T16:35:25.489+0000] {subprocess.py:93} INFO - pymp-sbqt6pho
[2022-11-17T16:35:25.490+0000] {subprocess.py:93} INFO - reponse_20221001.txt
[2022-11-17T16:35:25.490+0000] {subprocess.py:93} INFO - reponse_20221002.txt
[2022-11-17T16:35:25.491+0000] {subprocess.py:93} INFO - reponse_20221003.txt
[2022-11-17T16:35:25.491+0000] {subprocess.py:93} INFO - reponse_20221004.txt
[2022-11-17T16:35:25.492+0000] {subprocess.py:93} INFO - reponse_20221005.txt
[2022-11-17T16:35:25.493+0000] {subprocess.py:93} INFO - reponse_20221006.txt
[2022-11-17T16:35:25.493+0000] {subprocess.py:93} INFO - reponse_20221007.txt
[2022-11-17T16:35:25.494+0000] {subprocess.py:93} INFO - reponse_20221008.txt
[2022-11-17T16:35:25.494+0000] {subprocess.py:93} INFO - reponse_20221009.txt
[2022-11-17T16:35:25.495+0000] {subprocess.py:93} INFO - reponse_20221010.txt
[2022-11-17T16:35:25.495+0000] {subprocess.py:93} INFO - reponse_20221011.txt
[2022-11-17T16:35:25.495+0000] {subprocess.py:93} INFO - reponse_20221012.txt
[2022-11-17T16:35:25.496+0000] {subprocess.py:93} INFO - reponse_20221013.txt
[2022-11-17T16:35:25.496+0000] {subprocess.py:93} INFO - reponse_20221014.txt
[2022-11-17T16:35:25.496+0000] {subprocess.py:93} INFO - reponse_20221015.txt
[2022-11-17T16:35:25.496+0000] {subprocess.py:93} INFO - reponse_20221016.txt
[2022-11-17T16:35:25.497+0000] {subprocess.py:93} INFO - reponse_20221017.txt
[2022-11-17T16:35:25.497+0000] {subprocess.py:93} INFO - reponse_20221018.txt
[2022-11-17T16:35:25.497+0000] {subprocess.py:93} INFO - reponse_20221019.txt
[2022-11-17T16:35:25.498+0000] {subprocess.py:93} INFO - reponse_20221020.txt
[2022-11-17T16:35:25.498+0000] {subprocess.py:93} INFO - reponse_20221021.txt
[2022-11-17T16:35:25.499+0000] {subprocess.py:93} INFO - reponse_20221022.txt
[2022-11-17T16:35:25.500+0000] {subprocess.py:93} INFO - reponse_20221023.txt
[2022-11-17T16:35:25.500+0000] {subprocess.py:93} INFO - reponse_20221024.txt
[2022-11-17T16:35:25.500+0000] {subprocess.py:93} INFO - reponse_20221025.txt
[2022-11-17T16:35:25.500+0000] {subprocess.py:93} INFO - reponse_20221026.txt
[2022-11-17T16:35:25.501+0000] {subprocess.py:93} INFO - reponse_20221027.txt
[2022-11-17T16:35:25.501+0000] {subprocess.py:93} INFO - reponse_20221028.txt
[2022-11-17T16:35:25.502+0000] {subprocess.py:93} INFO - reponse_20221029.txt
[2022-11-17T16:35:25.502+0000] {subprocess.py:93} INFO - reponse_20221030.txt
[2022-11-17T16:35:25.503+0000] {subprocess.py:93} INFO - reponse_20221031.txt
[2022-11-17T16:35:25.503+0000] {subprocess.py:93} INFO - reponse_20221101.txt
[2022-11-17T16:35:25.504+0000] {subprocess.py:93} INFO - reponse_20221102.txt
[2022-11-17T16:35:25.504+0000] {subprocess.py:93} INFO - reponse_20221103.txt
[2022-11-17T16:35:25.505+0000] {subprocess.py:93} INFO - reponse_20221104.txt
[2022-11-17T16:35:25.505+0000] {subprocess.py:93} INFO - reponse_20221105.txt
[2022-11-17T16:35:25.505+0000] {subprocess.py:93} INFO - reponse_20221106.txt
[2022-11-17T16:35:25.505+0000] {subprocess.py:93} INFO - reponse_20221107.txt
[2022-11-17T16:35:25.506+0000] {subprocess.py:93} INFO - reponse_20221108.txt
[2022-11-17T16:35:25.506+0000] {subprocess.py:93} INFO - reponse_20221109.txt
[2022-11-17T16:35:25.506+0000] {subprocess.py:93} INFO - reponse_20221110.txt
[2022-11-17T16:35:25.506+0000] {subprocess.py:93} INFO - reponse_20221111.txt
[2022-11-17T16:35:25.507+0000] {subprocess.py:93} INFO - reponse_20221112.txt
[2022-11-17T16:35:25.507+0000] {subprocess.py:93} INFO - reponse_20221113.txt
[2022-11-17T16:35:25.507+0000] {subprocess.py:93} INFO - reponse_20221114.txt
[2022-11-17T16:35:25.507+0000] {subprocess.py:93} INFO - reponse_20221115.txt
[2022-11-17T16:35:25.508+0000] {subprocess.py:93} INFO - reponse_20221116.txt
[2022-11-17T16:35:25.508+0000] {subprocess.py:93} INFO - tmp061o5asr
[2022-11-17T16:35:25.508+0000] {subprocess.py:93} INFO - tmp1b_v374g
[2022-11-17T16:35:25.509+0000] {subprocess.py:93} INFO - tmp2n3y4qb3
[2022-11-17T16:35:25.510+0000] {subprocess.py:93} INFO - tmp2ztydtyd
[2022-11-17T16:35:25.510+0000] {subprocess.py:93} INFO - tmp546oqdk0
[2022-11-17T16:35:25.511+0000] {subprocess.py:93} INFO - tmp57roj99h
[2022-11-17T16:35:25.511+0000] {subprocess.py:93} INFO - tmp5lejojs5
[2022-11-17T16:35:25.512+0000] {subprocess.py:93} INFO - tmp5nj2onwa
[2022-11-17T16:35:25.512+0000] {subprocess.py:93} INFO - tmp64cxrvul
[2022-11-17T16:35:25.513+0000] {subprocess.py:93} INFO - tmp6g4l21c1
[2022-11-17T16:35:25.513+0000] {subprocess.py:93} INFO - tmp7c6bgots
[2022-11-17T16:35:25.513+0000] {subprocess.py:93} INFO - tmp7khebugo
[2022-11-17T16:35:25.513+0000] {subprocess.py:93} INFO - tmp7lvtz6wk
[2022-11-17T16:35:25.514+0000] {subprocess.py:93} INFO - tmp8_n1aj39
[2022-11-17T16:35:25.514+0000] {subprocess.py:93} INFO - tmp8c_dsk2e
[2022-11-17T16:35:25.514+0000] {subprocess.py:93} INFO - tmp928ntdt7
[2022-11-17T16:35:25.515+0000] {subprocess.py:93} INFO - tmp9503grtb
[2022-11-17T16:35:25.515+0000] {subprocess.py:93} INFO - tmp_afh1uos
[2022-11-17T16:35:25.515+0000] {subprocess.py:93} INFO - tmp_m6lsnw3
[2022-11-17T16:35:25.516+0000] {subprocess.py:93} INFO - tmp_vy6n6_q
[2022-11-17T16:35:25.516+0000] {subprocess.py:93} INFO - tmpcnj5oj8y
[2022-11-17T16:35:25.517+0000] {subprocess.py:93} INFO - tmpcu_pom_6
[2022-11-17T16:35:25.517+0000] {subprocess.py:93} INFO - tmpdmc2g1zb
[2022-11-17T16:35:25.518+0000] {subprocess.py:93} INFO - tmpe4k1ogev
[2022-11-17T16:35:25.518+0000] {subprocess.py:93} INFO - tmpg_n88zm7
[2022-11-17T16:35:25.519+0000] {subprocess.py:93} INFO - tmpgg8mkst1
[2022-11-17T16:35:25.519+0000] {subprocess.py:93} INFO - tmpgi8v82jx
[2022-11-17T16:35:25.520+0000] {subprocess.py:93} INFO - tmpiez6kail
[2022-11-17T16:35:25.520+0000] {subprocess.py:93} INFO - tmpj1n4wxza
[2022-11-17T16:35:25.521+0000] {subprocess.py:93} INFO - tmpjsznho2e
[2022-11-17T16:35:25.521+0000] {subprocess.py:93} INFO - tmpkrg9_cgk
[2022-11-17T16:35:25.521+0000] {subprocess.py:93} INFO - tmpl13ymsfs
[2022-11-17T16:35:25.522+0000] {subprocess.py:93} INFO - tmplrbhl64b
[2022-11-17T16:35:25.522+0000] {subprocess.py:93} INFO - tmpn38ozedg
[2022-11-17T16:35:25.522+0000] {subprocess.py:93} INFO - tmpn96u_4ih
[2022-11-17T16:35:25.522+0000] {subprocess.py:93} INFO - tmpo3nf6k5c
[2022-11-17T16:35:25.523+0000] {subprocess.py:93} INFO - tmpoy_ljy8t
[2022-11-17T16:35:25.523+0000] {subprocess.py:93} INFO - tmpp4w9yq6x
[2022-11-17T16:35:25.523+0000] {subprocess.py:93} INFO - tmppfidxzjr
[2022-11-17T16:35:25.524+0000] {subprocess.py:93} INFO - tmpr681bhfw
[2022-11-17T16:35:25.524+0000] {subprocess.py:93} INFO - tmpr9102hwf
[2022-11-17T16:35:25.525+0000] {subprocess.py:93} INFO - tmpt4qo16oq
[2022-11-17T16:35:25.526+0000] {subprocess.py:93} INFO - tmptn832g5z
[2022-11-17T16:35:25.526+0000] {subprocess.py:93} INFO - tmpu9qbl0wh
[2022-11-17T16:35:25.527+0000] {subprocess.py:93} INFO - tmpuq8ywung
[2022-11-17T16:35:25.527+0000] {subprocess.py:93} INFO - tmpv606o9_9
[2022-11-17T16:35:25.528+0000] {subprocess.py:93} INFO - tmpxf7g1lc4
[2022-11-17T16:35:25.528+0000] {subprocess.py:93} INFO - tmpxktobcjf
[2022-11-17T16:35:25.528+0000] {subprocess.py:93} INFO - tmpz91iizm7
[2022-11-17T16:35:25.529+0000] {subprocess.py:93} INFO - ,student,timestamp
[2022-11-17T16:35:25.529+0000] {subprocess.py:93} INFO - 0,Maria Cruz,2022-10-22 00:00:00+00:00
[2022-11-17T16:35:25.530+0000] {subprocess.py:93} INFO - 1,Daniel Crema,2022-10-22 00:00:00+00:00
[2022-11-17T16:35:25.530+0000] {subprocess.py:93} INFO - 2,Elon Musk,2022-10-22 00:00:00+00:00
[2022-11-17T16:35:25.531+0000] {subprocess.py:93} INFO - 3,Karol Castrejon,2022-10-22 00:00:00+00:00
[2022-11-17T16:35:25.531+0000] {subprocess.py:93} INFO - 4,Freddy Vega,2022-10-22 00:00:00+00:00
[2022-11-17T16:35:25.531+0000] {subprocess.py:93} INFO - 5,Freddy Montañez,2022-10-22 00:00:00+00:00
[2022-11-17T16:35:25.532+0000] {subprocess.py:97} INFO - Command exited with return code 0
[2022-11-17T16:35:25.566+0000] {taskinstance.py:1406} INFO - Marking task as SUCCESS. dag_id=MyPersonalAirflowProject, task_id=Print_Imported_data, execution_date=20221022T000000, start_date=20221117T163525, end_date=20221117T163525
[2022-11-17T16:35:25.614+0000] {local_task_job.py:164} INFO - Task exited with return code 0
[2022-11-17T16:35:25.648+0000] {local_task_job.py:273} INFO - 2 downstream tasks scheduled from follow-on schedule check
[2022-11-17T17:27:14.582+0000] {taskinstance.py:1165} INFO - Dependencies all met for <TaskInstance: MyPersonalAirflowProject.Print_Imported_data scheduled__2022-10-22T00:00:00+00:00 [queued]>
[2022-11-17T17:27:14.595+0000] {taskinstance.py:1165} INFO - Dependencies all met for <TaskInstance: MyPersonalAirflowProject.Print_Imported_data scheduled__2022-10-22T00:00:00+00:00 [queued]>
[2022-11-17T17:27:14.596+0000] {taskinstance.py:1362} INFO - 
--------------------------------------------------------------------------------
[2022-11-17T17:27:14.596+0000] {taskinstance.py:1363} INFO - Starting attempt 1 of 1
[2022-11-17T17:27:14.597+0000] {taskinstance.py:1364} INFO - 
--------------------------------------------------------------------------------
[2022-11-17T17:27:14.614+0000] {taskinstance.py:1383} INFO - Executing <Task(BashOperator): Print_Imported_data> on 2022-10-22 00:00:00+00:00
[2022-11-17T17:27:14.622+0000] {standard_task_runner.py:55} INFO - Started process 7578 to run task
[2022-11-17T17:27:14.624+0000] {standard_task_runner.py:82} INFO - Running: ['***', 'tasks', 'run', 'MyPersonalAirflowProject', 'Print_Imported_data', 'scheduled__2022-10-22T00:00:00+00:00', '--job-id', '2607', '--raw', '--subdir', 'DAGS_FOLDER/FinalPersonalProject.py', '--cfg-path', '/tmp/tmpqjdqqyze']
[2022-11-17T17:27:14.625+0000] {standard_task_runner.py:83} INFO - Job 2607: Subtask Print_Imported_data
[2022-11-17T17:27:14.693+0000] {task_command.py:376} INFO - Running <TaskInstance: MyPersonalAirflowProject.Print_Imported_data scheduled__2022-10-22T00:00:00+00:00 [running]> on host 638485efabe7
[2022-11-17T17:27:14.771+0000] {taskinstance.py:1592} INFO - Exporting the following env vars:
AIRFLOW_CTX_DAG_OWNER=***
AIRFLOW_CTX_DAG_ID=MyPersonalAirflowProject
AIRFLOW_CTX_TASK_ID=Print_Imported_data
AIRFLOW_CTX_EXECUTION_DATE=2022-10-22T00:00:00+00:00
AIRFLOW_CTX_TRY_NUMBER=1
AIRFLOW_CTX_DAG_RUN_ID=scheduled__2022-10-22T00:00:00+00:00
[2022-11-17T17:27:14.772+0000] {subprocess.py:63} INFO - Tmp dir root location: 
 /tmp
[2022-11-17T17:27:14.773+0000] {subprocess.py:75} INFO - Running command: ['/bin/bash', '-c', 'ls /tmp/ && head /tmp/platzi_data_20221022.csv']
[2022-11-17T17:27:14.785+0000] {subprocess.py:86} INFO - Output:
[2022-11-17T17:27:14.789+0000] {subprocess.py:93} INFO - ***tmpk5xxq3nx
[2022-11-17T17:27:14.790+0000] {subprocess.py:93} INFO - ***tmplkvca7ip
[2022-11-17T17:27:14.790+0000] {subprocess.py:93} INFO - ***tmpodkacs8z
[2022-11-17T17:27:14.791+0000] {subprocess.py:93} INFO - ***tmptyeow3wu
[2022-11-17T17:27:14.791+0000] {subprocess.py:93} INFO - file.txt
[2022-11-17T17:27:14.792+0000] {subprocess.py:93} INFO - history.json
[2022-11-17T17:27:14.792+0000] {subprocess.py:93} INFO - platzi_data_20221001.csv
[2022-11-17T17:27:14.792+0000] {subprocess.py:93} INFO - platzi_data_20221002.csv
[2022-11-17T17:27:14.793+0000] {subprocess.py:93} INFO - platzi_data_20221003.csv
[2022-11-17T17:27:14.793+0000] {subprocess.py:93} INFO - platzi_data_20221004.csv
[2022-11-17T17:27:14.793+0000] {subprocess.py:93} INFO - platzi_data_20221005.csv
[2022-11-17T17:27:14.794+0000] {subprocess.py:93} INFO - platzi_data_20221006.csv
[2022-11-17T17:27:14.794+0000] {subprocess.py:93} INFO - platzi_data_20221007.csv
[2022-11-17T17:27:14.795+0000] {subprocess.py:93} INFO - platzi_data_20221008.csv
[2022-11-17T17:27:14.795+0000] {subprocess.py:93} INFO - platzi_data_20221009.csv
[2022-11-17T17:27:14.795+0000] {subprocess.py:93} INFO - platzi_data_20221010.csv
[2022-11-17T17:27:14.796+0000] {subprocess.py:93} INFO - platzi_data_20221011.csv
[2022-11-17T17:27:14.796+0000] {subprocess.py:93} INFO - platzi_data_20221012.csv
[2022-11-17T17:27:14.797+0000] {subprocess.py:93} INFO - platzi_data_20221013.csv
[2022-11-17T17:27:14.797+0000] {subprocess.py:93} INFO - platzi_data_20221014.csv
[2022-11-17T17:27:14.797+0000] {subprocess.py:93} INFO - platzi_data_20221015.csv
[2022-11-17T17:27:14.798+0000] {subprocess.py:93} INFO - platzi_data_20221016.csv
[2022-11-17T17:27:14.798+0000] {subprocess.py:93} INFO - platzi_data_20221017.csv
[2022-11-17T17:27:14.798+0000] {subprocess.py:93} INFO - platzi_data_20221018.csv
[2022-11-17T17:27:14.799+0000] {subprocess.py:93} INFO - platzi_data_20221019.csv
[2022-11-17T17:27:14.799+0000] {subprocess.py:93} INFO - platzi_data_20221020.csv
[2022-11-17T17:27:14.799+0000] {subprocess.py:93} INFO - platzi_data_20221021.csv
[2022-11-17T17:27:14.800+0000] {subprocess.py:93} INFO - platzi_data_20221022.csv
[2022-11-17T17:27:14.800+0000] {subprocess.py:93} INFO - platzi_data_20221023.csv
[2022-11-17T17:27:14.800+0000] {subprocess.py:93} INFO - platzi_data_20221024.csv
[2022-11-17T17:27:14.801+0000] {subprocess.py:93} INFO - platzi_data_20221025.csv
[2022-11-17T17:27:14.801+0000] {subprocess.py:93} INFO - platzi_data_20221026.csv
[2022-11-17T17:27:14.801+0000] {subprocess.py:93} INFO - platzi_data_20221027.csv
[2022-11-17T17:27:14.802+0000] {subprocess.py:93} INFO - platzi_data_20221028.csv
[2022-11-17T17:27:14.802+0000] {subprocess.py:93} INFO - platzi_data_20221029.csv
[2022-11-17T17:27:14.802+0000] {subprocess.py:93} INFO - platzi_data_20221030.csv
[2022-11-17T17:27:14.803+0000] {subprocess.py:93} INFO - platzi_data_20221031.csv
[2022-11-17T17:27:14.803+0000] {subprocess.py:93} INFO - platzi_data_20221101.csv
[2022-11-17T17:27:14.803+0000] {subprocess.py:93} INFO - platzi_data_20221102.csv
[2022-11-17T17:27:14.804+0000] {subprocess.py:93} INFO - platzi_data_20221103.csv
[2022-11-17T17:27:14.804+0000] {subprocess.py:93} INFO - platzi_data_20221104.csv
[2022-11-17T17:27:14.804+0000] {subprocess.py:93} INFO - platzi_data_20221105.csv
[2022-11-17T17:27:14.804+0000] {subprocess.py:93} INFO - platzi_data_20221106.csv
[2022-11-17T17:27:14.805+0000] {subprocess.py:93} INFO - platzi_data_20221107.csv
[2022-11-17T17:27:14.805+0000] {subprocess.py:93} INFO - platzi_data_20221108.csv
[2022-11-17T17:27:14.805+0000] {subprocess.py:93} INFO - platzi_data_20221109.csv
[2022-11-17T17:27:14.806+0000] {subprocess.py:93} INFO - platzi_data_20221110.csv
[2022-11-17T17:27:14.806+0000] {subprocess.py:93} INFO - platzi_data_20221111.csv
[2022-11-17T17:27:14.806+0000] {subprocess.py:93} INFO - platzi_data_20221112.csv
[2022-11-17T17:27:14.806+0000] {subprocess.py:93} INFO - platzi_data_20221113.csv
[2022-11-17T17:27:14.807+0000] {subprocess.py:93} INFO - platzi_data_20221114.csv
[2022-11-17T17:27:14.807+0000] {subprocess.py:93} INFO - platzi_data_20221115.csv
[2022-11-17T17:27:14.807+0000] {subprocess.py:93} INFO - platzi_data_20221116.csv
[2022-11-17T17:27:14.807+0000] {subprocess.py:93} INFO - pymp-8yik9lbi
[2022-11-17T17:27:14.808+0000] {subprocess.py:93} INFO - pymp-sbqt6pho
[2022-11-17T17:27:14.808+0000] {subprocess.py:93} INFO - reponse_20221001.txt
[2022-11-17T17:27:14.808+0000] {subprocess.py:93} INFO - reponse_20221002.txt
[2022-11-17T17:27:14.809+0000] {subprocess.py:93} INFO - reponse_20221003.txt
[2022-11-17T17:27:14.809+0000] {subprocess.py:93} INFO - reponse_20221004.txt
[2022-11-17T17:27:14.809+0000] {subprocess.py:93} INFO - reponse_20221005.txt
[2022-11-17T17:27:14.809+0000] {subprocess.py:93} INFO - reponse_20221006.txt
[2022-11-17T17:27:14.810+0000] {subprocess.py:93} INFO - reponse_20221007.txt
[2022-11-17T17:27:14.810+0000] {subprocess.py:93} INFO - reponse_20221008.txt
[2022-11-17T17:27:14.810+0000] {subprocess.py:93} INFO - reponse_20221009.txt
[2022-11-17T17:27:14.810+0000] {subprocess.py:93} INFO - reponse_20221010.txt
[2022-11-17T17:27:14.811+0000] {subprocess.py:93} INFO - reponse_20221011.txt
[2022-11-17T17:27:14.811+0000] {subprocess.py:93} INFO - reponse_20221012.txt
[2022-11-17T17:27:14.812+0000] {subprocess.py:93} INFO - reponse_20221013.txt
[2022-11-17T17:27:14.812+0000] {subprocess.py:93} INFO - reponse_20221014.txt
[2022-11-17T17:27:14.813+0000] {subprocess.py:93} INFO - reponse_20221015.txt
[2022-11-17T17:27:14.813+0000] {subprocess.py:93} INFO - reponse_20221016.txt
[2022-11-17T17:27:14.813+0000] {subprocess.py:93} INFO - reponse_20221017.txt
[2022-11-17T17:27:14.814+0000] {subprocess.py:93} INFO - reponse_20221018.txt
[2022-11-17T17:27:14.814+0000] {subprocess.py:93} INFO - reponse_20221019.txt
[2022-11-17T17:27:14.814+0000] {subprocess.py:93} INFO - reponse_20221020.txt
[2022-11-17T17:27:14.814+0000] {subprocess.py:93} INFO - reponse_20221021.txt
[2022-11-17T17:27:14.815+0000] {subprocess.py:93} INFO - reponse_20221022.txt
[2022-11-17T17:27:14.815+0000] {subprocess.py:93} INFO - reponse_20221023.txt
[2022-11-17T17:27:14.815+0000] {subprocess.py:93} INFO - reponse_20221024.txt
[2022-11-17T17:27:14.816+0000] {subprocess.py:93} INFO - reponse_20221025.txt
[2022-11-17T17:27:14.816+0000] {subprocess.py:93} INFO - reponse_20221026.txt
[2022-11-17T17:27:14.816+0000] {subprocess.py:93} INFO - reponse_20221027.txt
[2022-11-17T17:27:14.817+0000] {subprocess.py:93} INFO - reponse_20221028.txt
[2022-11-17T17:27:14.817+0000] {subprocess.py:93} INFO - reponse_20221029.txt
[2022-11-17T17:27:14.817+0000] {subprocess.py:93} INFO - reponse_20221030.txt
[2022-11-17T17:27:14.817+0000] {subprocess.py:93} INFO - reponse_20221031.txt
[2022-11-17T17:27:14.818+0000] {subprocess.py:93} INFO - reponse_20221101.txt
[2022-11-17T17:27:14.818+0000] {subprocess.py:93} INFO - reponse_20221102.txt
[2022-11-17T17:27:14.818+0000] {subprocess.py:93} INFO - reponse_20221103.txt
[2022-11-17T17:27:14.819+0000] {subprocess.py:93} INFO - reponse_20221104.txt
[2022-11-17T17:27:14.819+0000] {subprocess.py:93} INFO - reponse_20221105.txt
[2022-11-17T17:27:14.819+0000] {subprocess.py:93} INFO - reponse_20221106.txt
[2022-11-17T17:27:14.819+0000] {subprocess.py:93} INFO - reponse_20221107.txt
[2022-11-17T17:27:14.820+0000] {subprocess.py:93} INFO - reponse_20221108.txt
[2022-11-17T17:27:14.820+0000] {subprocess.py:93} INFO - reponse_20221109.txt
[2022-11-17T17:27:14.820+0000] {subprocess.py:93} INFO - reponse_20221110.txt
[2022-11-17T17:27:14.820+0000] {subprocess.py:93} INFO - reponse_20221111.txt
[2022-11-17T17:27:14.821+0000] {subprocess.py:93} INFO - reponse_20221112.txt
[2022-11-17T17:27:14.821+0000] {subprocess.py:93} INFO - reponse_20221113.txt
[2022-11-17T17:27:14.821+0000] {subprocess.py:93} INFO - reponse_20221114.txt
[2022-11-17T17:27:14.822+0000] {subprocess.py:93} INFO - reponse_20221115.txt
[2022-11-17T17:27:14.822+0000] {subprocess.py:93} INFO - reponse_20221116.txt
[2022-11-17T17:27:14.822+0000] {subprocess.py:93} INFO - tmp061o5asr
[2022-11-17T17:27:14.823+0000] {subprocess.py:93} INFO - tmp1b_v374g
[2022-11-17T17:27:14.823+0000] {subprocess.py:93} INFO - tmp2n3y4qb3
[2022-11-17T17:27:14.823+0000] {subprocess.py:93} INFO - tmp2ztydtyd
[2022-11-17T17:27:14.823+0000] {subprocess.py:93} INFO - tmp546oqdk0
[2022-11-17T17:27:14.824+0000] {subprocess.py:93} INFO - tmp57roj99h
[2022-11-17T17:27:14.824+0000] {subprocess.py:93} INFO - tmp5lejojs5
[2022-11-17T17:27:14.824+0000] {subprocess.py:93} INFO - tmp5nj2onwa
[2022-11-17T17:27:14.825+0000] {subprocess.py:93} INFO - tmp64cxrvul
[2022-11-17T17:27:14.825+0000] {subprocess.py:93} INFO - tmp6g4l21c1
[2022-11-17T17:27:14.825+0000] {subprocess.py:93} INFO - tmp7c6bgots
[2022-11-17T17:27:14.825+0000] {subprocess.py:93} INFO - tmp7khebugo
[2022-11-17T17:27:14.826+0000] {subprocess.py:93} INFO - tmp7lvtz6wk
[2022-11-17T17:27:14.826+0000] {subprocess.py:93} INFO - tmp8_n1aj39
[2022-11-17T17:27:14.826+0000] {subprocess.py:93} INFO - tmp8c_dsk2e
[2022-11-17T17:27:14.827+0000] {subprocess.py:93} INFO - tmp928ntdt7
[2022-11-17T17:27:14.827+0000] {subprocess.py:93} INFO - tmp9503grtb
[2022-11-17T17:27:14.828+0000] {subprocess.py:93} INFO - tmp_afh1uos
[2022-11-17T17:27:14.828+0000] {subprocess.py:93} INFO - tmp_m6lsnw3
[2022-11-17T17:27:14.828+0000] {subprocess.py:93} INFO - tmp_vy6n6_q
[2022-11-17T17:27:14.829+0000] {subprocess.py:93} INFO - tmpcnj5oj8y
[2022-11-17T17:27:14.829+0000] {subprocess.py:93} INFO - tmpcu_pom_6
[2022-11-17T17:27:14.829+0000] {subprocess.py:93} INFO - tmpdmc2g1zb
[2022-11-17T17:27:14.829+0000] {subprocess.py:93} INFO - tmpe4k1ogev
[2022-11-17T17:27:14.830+0000] {subprocess.py:93} INFO - tmpg_n88zm7
[2022-11-17T17:27:14.830+0000] {subprocess.py:93} INFO - tmpgg8mkst1
[2022-11-17T17:27:14.830+0000] {subprocess.py:93} INFO - tmpgi8v82jx
[2022-11-17T17:27:14.831+0000] {subprocess.py:93} INFO - tmpiez6kail
[2022-11-17T17:27:14.831+0000] {subprocess.py:93} INFO - tmpj1n4wxza
[2022-11-17T17:27:14.831+0000] {subprocess.py:93} INFO - tmpjsznho2e
[2022-11-17T17:27:14.831+0000] {subprocess.py:93} INFO - tmpkrg9_cgk
[2022-11-17T17:27:14.832+0000] {subprocess.py:93} INFO - tmpl13ymsfs
[2022-11-17T17:27:14.832+0000] {subprocess.py:93} INFO - tmplrbhl64b
[2022-11-17T17:27:14.832+0000] {subprocess.py:93} INFO - tmpn38ozedg
[2022-11-17T17:27:14.833+0000] {subprocess.py:93} INFO - tmpn96u_4ih
[2022-11-17T17:27:14.833+0000] {subprocess.py:93} INFO - tmpo3nf6k5c
[2022-11-17T17:27:14.833+0000] {subprocess.py:93} INFO - tmpoy_ljy8t
[2022-11-17T17:27:14.833+0000] {subprocess.py:93} INFO - tmpp4w9yq6x
[2022-11-17T17:27:14.834+0000] {subprocess.py:93} INFO - tmppfidxzjr
[2022-11-17T17:27:14.834+0000] {subprocess.py:93} INFO - tmpr681bhfw
[2022-11-17T17:27:14.834+0000] {subprocess.py:93} INFO - tmpr9102hwf
[2022-11-17T17:27:14.835+0000] {subprocess.py:93} INFO - tmpt4qo16oq
[2022-11-17T17:27:14.835+0000] {subprocess.py:93} INFO - tmptn832g5z
[2022-11-17T17:27:14.835+0000] {subprocess.py:93} INFO - tmpu9qbl0wh
[2022-11-17T17:27:14.836+0000] {subprocess.py:93} INFO - tmpuq8ywung
[2022-11-17T17:27:14.836+0000] {subprocess.py:93} INFO - tmpv606o9_9
[2022-11-17T17:27:14.836+0000] {subprocess.py:93} INFO - tmpxf7g1lc4
[2022-11-17T17:27:14.836+0000] {subprocess.py:93} INFO - tmpxktobcjf
[2022-11-17T17:27:14.837+0000] {subprocess.py:93} INFO - tmpz91iizm7
[2022-11-17T17:27:14.837+0000] {subprocess.py:93} INFO - ,student,timestamp
[2022-11-17T17:27:14.838+0000] {subprocess.py:93} INFO - 0,Maria Cruz,2022-10-22 00:00:00+00:00
[2022-11-17T17:27:14.838+0000] {subprocess.py:93} INFO - 1,Daniel Crema,2022-10-22 00:00:00+00:00
[2022-11-17T17:27:14.838+0000] {subprocess.py:93} INFO - 2,Elon Musk,2022-10-22 00:00:00+00:00
[2022-11-17T17:27:14.839+0000] {subprocess.py:93} INFO - 3,Karol Castrejon,2022-10-22 00:00:00+00:00
[2022-11-17T17:27:14.839+0000] {subprocess.py:93} INFO - 4,Freddy Vega,2022-10-22 00:00:00+00:00
[2022-11-17T17:27:14.839+0000] {subprocess.py:93} INFO - 5,Freddy Montañez,2022-10-22 00:00:00+00:00
[2022-11-17T17:27:14.840+0000] {subprocess.py:97} INFO - Command exited with return code 0
[2022-11-17T17:27:14.867+0000] {taskinstance.py:1406} INFO - Marking task as SUCCESS. dag_id=MyPersonalAirflowProject, task_id=Print_Imported_data, execution_date=20221022T000000, start_date=20221117T172714, end_date=20221117T172714
[2022-11-17T17:27:14.917+0000] {local_task_job.py:164} INFO - Task exited with return code 0
[2022-11-17T17:27:14.952+0000] {local_task_job.py:273} INFO - 2 downstream tasks scheduled from follow-on schedule check
