[2022-11-04T21:33:27.525+0000] {taskinstance.py:1165} INFO - Dependencies all met for <TaskInstance: orquestation.task3 scheduled__2022-05-24T00:00:00+00:00 [queued]>
[2022-11-04T21:33:27.549+0000] {taskinstance.py:1165} INFO - Dependencies all met for <TaskInstance: orquestation.task3 scheduled__2022-05-24T00:00:00+00:00 [queued]>
[2022-11-04T21:33:27.550+0000] {taskinstance.py:1362} INFO - 
--------------------------------------------------------------------------------
[2022-11-04T21:33:27.550+0000] {taskinstance.py:1363} INFO - Starting attempt 1 of 1
[2022-11-04T21:33:27.551+0000] {taskinstance.py:1364} INFO - 
--------------------------------------------------------------------------------
[2022-11-04T21:33:27.574+0000] {taskinstance.py:1383} INFO - Executing <Task(BashOperator): task3> on 2022-05-24 00:00:00+00:00
[2022-11-04T21:33:27.584+0000] {standard_task_runner.py:55} INFO - Started process 1090 to run task
[2022-11-04T21:33:27.589+0000] {standard_task_runner.py:82} INFO - Running: ['***', 'tasks', 'run', 'orquestation', 'task3', 'scheduled__2022-05-24T00:00:00+00:00', '--job-id', '208', '--raw', '--subdir', 'DAGS_FOLDER/5.1-orquestacion.py', '--cfg-path', '/tmp/tmpkzub_49l']
[2022-11-04T21:33:27.590+0000] {standard_task_runner.py:83} INFO - Job 208: Subtask task3
[2022-11-04T21:33:27.689+0000] {task_command.py:376} INFO - Running <TaskInstance: orquestation.task3 scheduled__2022-05-24T00:00:00+00:00 [running]> on host 643e334f405f
[2022-11-04T21:33:27.811+0000] {taskinstance.py:1592} INFO - Exporting the following env vars:
AIRFLOW_CTX_DAG_OWNER=***
AIRFLOW_CTX_DAG_ID=orquestation
AIRFLOW_CTX_TASK_ID=task3
AIRFLOW_CTX_EXECUTION_DATE=2022-05-24T00:00:00+00:00
AIRFLOW_CTX_TRY_NUMBER=1
AIRFLOW_CTX_DAG_RUN_ID=scheduled__2022-05-24T00:00:00+00:00
[2022-11-04T21:33:27.813+0000] {subprocess.py:63} INFO - Tmp dir root location: 
 /tmp
[2022-11-04T21:33:27.815+0000] {subprocess.py:75} INFO - Running command: ['/bin/bash', '-c', "sleep 2 && echo 'task3'"]
[2022-11-04T21:33:27.838+0000] {subprocess.py:86} INFO - Output:
[2022-11-04T21:33:29.870+0000] {subprocess.py:93} INFO - task3
[2022-11-04T21:33:29.874+0000] {subprocess.py:97} INFO - Command exited with return code 0
[2022-11-04T21:33:30.009+0000] {taskinstance.py:1406} INFO - Marking task as SUCCESS. dag_id=orquestation, task_id=task3, execution_date=20220524T000000, start_date=20221104T213327, end_date=20221104T213330
[2022-11-04T21:33:30.171+0000] {local_task_job.py:164} INFO - Task exited with return code 0
[2022-11-04T21:33:30.603+0000] {local_task_job.py:273} INFO - 0 downstream tasks scheduled from follow-on schedule check
[2022-11-04T21:44:20.964+0000] {taskinstance.py:1165} INFO - Dependencies all met for <TaskInstance: orquestation.task3 scheduled__2022-05-24T00:00:00+00:00 [queued]>
[2022-11-04T21:44:20.986+0000] {taskinstance.py:1165} INFO - Dependencies all met for <TaskInstance: orquestation.task3 scheduled__2022-05-24T00:00:00+00:00 [queued]>
[2022-11-04T21:44:20.987+0000] {taskinstance.py:1362} INFO - 
--------------------------------------------------------------------------------
[2022-11-04T21:44:20.987+0000] {taskinstance.py:1363} INFO - Starting attempt 1 of 1
[2022-11-04T21:44:20.988+0000] {taskinstance.py:1364} INFO - 
--------------------------------------------------------------------------------
[2022-11-04T21:44:21.011+0000] {taskinstance.py:1383} INFO - Executing <Task(BashOperator): task3> on 2022-05-24 00:00:00+00:00
[2022-11-04T21:44:21.020+0000] {standard_task_runner.py:55} INFO - Started process 2162 to run task
[2022-11-04T21:44:21.025+0000] {standard_task_runner.py:82} INFO - Running: ['***', 'tasks', 'run', 'orquestation', 'task3', 'scheduled__2022-05-24T00:00:00+00:00', '--job-id', '349', '--raw', '--subdir', 'DAGS_FOLDER/5.1-orquestacion.py', '--cfg-path', '/tmp/tmp5y2dojiw']
[2022-11-04T21:44:21.026+0000] {standard_task_runner.py:83} INFO - Job 349: Subtask task3
[2022-11-04T21:44:21.110+0000] {task_command.py:376} INFO - Running <TaskInstance: orquestation.task3 scheduled__2022-05-24T00:00:00+00:00 [running]> on host 643e334f405f
[2022-11-04T21:44:21.201+0000] {taskinstance.py:1592} INFO - Exporting the following env vars:
AIRFLOW_CTX_DAG_OWNER=***
AIRFLOW_CTX_DAG_ID=orquestation
AIRFLOW_CTX_TASK_ID=task3
AIRFLOW_CTX_EXECUTION_DATE=2022-05-24T00:00:00+00:00
AIRFLOW_CTX_TRY_NUMBER=1
AIRFLOW_CTX_DAG_RUN_ID=scheduled__2022-05-24T00:00:00+00:00
[2022-11-04T21:44:21.202+0000] {subprocess.py:63} INFO - Tmp dir root location: 
 /tmp
[2022-11-04T21:44:21.203+0000] {subprocess.py:75} INFO - Running command: ['/bin/bash', '-c', "sleep 2 && echo 'task3'"]
[2022-11-04T21:44:21.216+0000] {subprocess.py:86} INFO - Output:
[2022-11-04T21:44:23.219+0000] {subprocess.py:93} INFO - task3
[2022-11-04T21:44:23.220+0000] {subprocess.py:97} INFO - Command exited with return code 0
[2022-11-04T21:44:23.252+0000] {taskinstance.py:1406} INFO - Marking task as SUCCESS. dag_id=orquestation, task_id=task3, execution_date=20220524T000000, start_date=20221104T214420, end_date=20221104T214423
[2022-11-04T21:44:23.324+0000] {local_task_job.py:164} INFO - Task exited with return code 0
[2022-11-04T21:44:23.456+0000] {local_task_job.py:273} INFO - 0 downstream tasks scheduled from follow-on schedule check
