[2022-11-17T16:32:02.374+0000] {taskinstance.py:1165} INFO - Dependencies all met for <TaskInstance: MyPersonalAirflowProject.Data_Team_Notification scheduled__2022-10-16T00:00:00+00:00 [queued]>
[2022-11-17T16:32:02.393+0000] {taskinstance.py:1165} INFO - Dependencies all met for <TaskInstance: MyPersonalAirflowProject.Data_Team_Notification scheduled__2022-10-16T00:00:00+00:00 [queued]>
[2022-11-17T16:32:02.393+0000] {taskinstance.py:1362} INFO - 
--------------------------------------------------------------------------------
[2022-11-17T16:32:02.394+0000] {taskinstance.py:1363} INFO - Starting attempt 1 of 1
[2022-11-17T16:32:02.395+0000] {taskinstance.py:1364} INFO - 
--------------------------------------------------------------------------------
[2022-11-17T16:32:02.414+0000] {taskinstance.py:1383} INFO - Executing <Task(NotifyOperator): Data_Team_Notification> on 2022-10-16 00:00:00+00:00
[2022-11-17T16:32:02.420+0000] {standard_task_runner.py:55} INFO - Started process 3654 to run task
[2022-11-17T16:32:02.423+0000] {standard_task_runner.py:82} INFO - Running: ['***', 'tasks', 'run', 'MyPersonalAirflowProject', 'Data_Team_Notification', 'scheduled__2022-10-16T00:00:00+00:00', '--job-id', '2151', '--raw', '--subdir', 'DAGS_FOLDER/FinalPersonalProject.py', '--cfg-path', '/tmp/tmpioc0opc_']
[2022-11-17T16:32:02.424+0000] {standard_task_runner.py:83} INFO - Job 2151: Subtask Data_Team_Notification
[2022-11-17T16:32:02.490+0000] {task_command.py:376} INFO - Running <TaskInstance: MyPersonalAirflowProject.Data_Team_Notification scheduled__2022-10-16T00:00:00+00:00 [running]> on host 638485efabe7
[2022-11-17T16:32:02.567+0000] {taskinstance.py:1592} INFO - Exporting the following env vars:
AIRFLOW_CTX_DAG_OWNER=***
AIRFLOW_CTX_DAG_ID=MyPersonalAirflowProject
AIRFLOW_CTX_TASK_ID=Data_Team_Notification
AIRFLOW_CTX_EXECUTION_DATE=2022-10-16T00:00:00+00:00
AIRFLOW_CTX_TRY_NUMBER=1
AIRFLOW_CTX_DAG_RUN_ID=scheduled__2022-10-16T00:00:00+00:00
[2022-11-17T16:32:02.568+0000] {logging_mixin.py:120} INFO - Hi Data team, Space X data for {ds} are now available!.. Please check them out!
[2022-11-17T16:32:02.579+0000] {taskinstance.py:1406} INFO - Marking task as SUCCESS. dag_id=MyPersonalAirflowProject, task_id=Data_Team_Notification, execution_date=20221016T000000, start_date=20221117T163202, end_date=20221117T163202
[2022-11-17T16:32:02.635+0000] {local_task_job.py:164} INFO - Task exited with return code 0
[2022-11-17T16:32:02.664+0000] {local_task_job.py:273} INFO - 0 downstream tasks scheduled from follow-on schedule check
[2022-11-17T17:24:16.520+0000] {taskinstance.py:1165} INFO - Dependencies all met for <TaskInstance: MyPersonalAirflowProject.Data_Team_Notification scheduled__2022-10-16T00:00:00+00:00 [queued]>
[2022-11-17T17:24:16.533+0000] {taskinstance.py:1165} INFO - Dependencies all met for <TaskInstance: MyPersonalAirflowProject.Data_Team_Notification scheduled__2022-10-16T00:00:00+00:00 [queued]>
[2022-11-17T17:24:16.534+0000] {taskinstance.py:1362} INFO - 
--------------------------------------------------------------------------------
[2022-11-17T17:24:16.535+0000] {taskinstance.py:1363} INFO - Starting attempt 1 of 1
[2022-11-17T17:24:16.535+0000] {taskinstance.py:1364} INFO - 
--------------------------------------------------------------------------------
[2022-11-17T17:24:16.552+0000] {taskinstance.py:1383} INFO - Executing <Task(NotifyOperator): Data_Team_Notification> on 2022-10-16 00:00:00+00:00
[2022-11-17T17:24:16.558+0000] {standard_task_runner.py:55} INFO - Started process 7296 to run task
[2022-11-17T17:24:16.561+0000] {standard_task_runner.py:82} INFO - Running: ['***', 'tasks', 'run', 'MyPersonalAirflowProject', 'Data_Team_Notification', 'scheduled__2022-10-16T00:00:00+00:00', '--job-id', '2560', '--raw', '--subdir', 'DAGS_FOLDER/FinalPersonalProject.py', '--cfg-path', '/tmp/tmp87ixklnn']
[2022-11-17T17:24:16.562+0000] {standard_task_runner.py:83} INFO - Job 2560: Subtask Data_Team_Notification
[2022-11-17T17:24:16.631+0000] {task_command.py:376} INFO - Running <TaskInstance: MyPersonalAirflowProject.Data_Team_Notification scheduled__2022-10-16T00:00:00+00:00 [running]> on host 638485efabe7
[2022-11-17T17:24:16.708+0000] {taskinstance.py:1592} INFO - Exporting the following env vars:
AIRFLOW_CTX_DAG_OWNER=***
AIRFLOW_CTX_DAG_ID=MyPersonalAirflowProject
AIRFLOW_CTX_TASK_ID=Data_Team_Notification
AIRFLOW_CTX_EXECUTION_DATE=2022-10-16T00:00:00+00:00
AIRFLOW_CTX_TRY_NUMBER=1
AIRFLOW_CTX_DAG_RUN_ID=scheduled__2022-10-16T00:00:00+00:00
[2022-11-17T17:24:16.709+0000] {logging_mixin.py:120} INFO - Hi Data team, Space X data for 2022-11-17  are now available!.. Please check them out!
[2022-11-17T17:24:16.722+0000] {taskinstance.py:1406} INFO - Marking task as SUCCESS. dag_id=MyPersonalAirflowProject, task_id=Data_Team_Notification, execution_date=20221016T000000, start_date=20221117T172416, end_date=20221117T172416
[2022-11-17T17:24:16.774+0000] {local_task_job.py:164} INFO - Task exited with return code 0
[2022-11-17T17:24:16.796+0000] {local_task_job.py:273} INFO - 0 downstream tasks scheduled from follow-on schedule check
