[2022-11-04T21:33:37.076+0000] {taskinstance.py:1165} INFO - Dependencies all met for <TaskInstance: orquestation.task2 scheduled__2022-05-27T00:00:00+00:00 [queued]>
[2022-11-04T21:33:37.099+0000] {taskinstance.py:1165} INFO - Dependencies all met for <TaskInstance: orquestation.task2 scheduled__2022-05-27T00:00:00+00:00 [queued]>
[2022-11-04T21:33:37.100+0000] {taskinstance.py:1362} INFO - 
--------------------------------------------------------------------------------
[2022-11-04T21:33:37.101+0000] {taskinstance.py:1363} INFO - Starting attempt 1 of 1
[2022-11-04T21:33:37.102+0000] {taskinstance.py:1364} INFO - 
--------------------------------------------------------------------------------
[2022-11-04T21:33:37.132+0000] {taskinstance.py:1383} INFO - Executing <Task(BashOperator): task2> on 2022-05-27 00:00:00+00:00
[2022-11-04T21:33:37.141+0000] {standard_task_runner.py:55} INFO - Started process 1130 to run task
[2022-11-04T21:33:37.146+0000] {standard_task_runner.py:82} INFO - Running: ['***', 'tasks', 'run', 'orquestation', 'task2', 'scheduled__2022-05-27T00:00:00+00:00', '--job-id', '216', '--raw', '--subdir', 'DAGS_FOLDER/5.1-orquestacion.py', '--cfg-path', '/tmp/tmpsr7r68rf']
[2022-11-04T21:33:37.147+0000] {standard_task_runner.py:83} INFO - Job 216: Subtask task2
[2022-11-04T21:33:37.251+0000] {task_command.py:376} INFO - Running <TaskInstance: orquestation.task2 scheduled__2022-05-27T00:00:00+00:00 [running]> on host 643e334f405f
[2022-11-04T21:33:37.379+0000] {taskinstance.py:1592} INFO - Exporting the following env vars:
AIRFLOW_CTX_DAG_OWNER=***
AIRFLOW_CTX_DAG_ID=orquestation
AIRFLOW_CTX_TASK_ID=task2
AIRFLOW_CTX_EXECUTION_DATE=2022-05-27T00:00:00+00:00
AIRFLOW_CTX_TRY_NUMBER=1
AIRFLOW_CTX_DAG_RUN_ID=scheduled__2022-05-27T00:00:00+00:00
[2022-11-04T21:33:37.383+0000] {subprocess.py:63} INFO - Tmp dir root location: 
 /tmp
[2022-11-04T21:33:37.385+0000] {subprocess.py:75} INFO - Running command: ['/bin/bash', '-c', "sleep 2 && echo 'task2'"]
[2022-11-04T21:33:37.405+0000] {subprocess.py:86} INFO - Output:
[2022-11-04T21:33:39.417+0000] {subprocess.py:93} INFO - task2
[2022-11-04T21:33:39.418+0000] {subprocess.py:97} INFO - Command exited with return code 0
[2022-11-04T21:33:39.458+0000] {taskinstance.py:1406} INFO - Marking task as SUCCESS. dag_id=orquestation, task_id=task2, execution_date=20220527T000000, start_date=20221104T213337, end_date=20221104T213339
[2022-11-04T21:33:39.527+0000] {local_task_job.py:164} INFO - Task exited with return code 0
[2022-11-04T21:33:39.580+0000] {local_task_job.py:273} INFO - 2 downstream tasks scheduled from follow-on schedule check
[2022-11-04T21:44:50.551+0000] {taskinstance.py:1165} INFO - Dependencies all met for <TaskInstance: orquestation.task2 scheduled__2022-05-27T00:00:00+00:00 [queued]>
[2022-11-04T21:44:50.577+0000] {taskinstance.py:1165} INFO - Dependencies all met for <TaskInstance: orquestation.task2 scheduled__2022-05-27T00:00:00+00:00 [queued]>
[2022-11-04T21:44:50.578+0000] {taskinstance.py:1362} INFO - 
--------------------------------------------------------------------------------
[2022-11-04T21:44:50.578+0000] {taskinstance.py:1363} INFO - Starting attempt 1 of 1
[2022-11-04T21:44:50.579+0000] {taskinstance.py:1364} INFO - 
--------------------------------------------------------------------------------
[2022-11-04T21:44:50.603+0000] {taskinstance.py:1383} INFO - Executing <Task(BashOperator): task2> on 2022-05-27 00:00:00+00:00
[2022-11-04T21:44:50.613+0000] {standard_task_runner.py:55} INFO - Started process 2232 to run task
[2022-11-04T21:44:50.617+0000] {standard_task_runner.py:82} INFO - Running: ['***', 'tasks', 'run', 'orquestation', 'task2', 'scheduled__2022-05-27T00:00:00+00:00', '--job-id', '360', '--raw', '--subdir', 'DAGS_FOLDER/5.1-orquestacion.py', '--cfg-path', '/tmp/tmpvqzdhsi3']
[2022-11-04T21:44:50.618+0000] {standard_task_runner.py:83} INFO - Job 360: Subtask task2
[2022-11-04T21:44:50.708+0000] {task_command.py:376} INFO - Running <TaskInstance: orquestation.task2 scheduled__2022-05-27T00:00:00+00:00 [running]> on host 643e334f405f
[2022-11-04T21:44:50.823+0000] {taskinstance.py:1592} INFO - Exporting the following env vars:
AIRFLOW_CTX_DAG_OWNER=***
AIRFLOW_CTX_DAG_ID=orquestation
AIRFLOW_CTX_TASK_ID=task2
AIRFLOW_CTX_EXECUTION_DATE=2022-05-27T00:00:00+00:00
AIRFLOW_CTX_TRY_NUMBER=1
AIRFLOW_CTX_DAG_RUN_ID=scheduled__2022-05-27T00:00:00+00:00
[2022-11-04T21:44:50.825+0000] {subprocess.py:63} INFO - Tmp dir root location: 
 /tmp
[2022-11-04T21:44:50.827+0000] {subprocess.py:75} INFO - Running command: ['/bin/bash', '-c', "sleep 2 && echo 'task2'"]
[2022-11-04T21:44:50.859+0000] {subprocess.py:86} INFO - Output:
[2022-11-04T21:44:52.865+0000] {subprocess.py:93} INFO - task2
[2022-11-04T21:44:52.866+0000] {subprocess.py:97} INFO - Command exited with return code 0
[2022-11-04T21:44:52.898+0000] {taskinstance.py:1406} INFO - Marking task as SUCCESS. dag_id=orquestation, task_id=task2, execution_date=20220527T000000, start_date=20221104T214450, end_date=20221104T214452
[2022-11-04T21:44:52.958+0000] {local_task_job.py:164} INFO - Task exited with return code 0
[2022-11-04T21:44:53.013+0000] {local_task_job.py:273} INFO - 2 downstream tasks scheduled from follow-on schedule check
