[2022-11-16T22:13:11.794+0000] {taskinstance.py:1165} INFO - Dependencies all met for <TaskInstance: MyPersonalAirflowProject.waiting_nasa_confirmation scheduled__2022-10-06T00:00:00+00:00 [queued]>
[2022-11-16T22:13:11.808+0000] {taskinstance.py:1165} INFO - Dependencies all met for <TaskInstance: MyPersonalAirflowProject.waiting_nasa_confirmation scheduled__2022-10-06T00:00:00+00:00 [queued]>
[2022-11-16T22:13:11.809+0000] {taskinstance.py:1362} INFO - 
--------------------------------------------------------------------------------
[2022-11-16T22:13:11.810+0000] {taskinstance.py:1363} INFO - Starting attempt 1 of 1
[2022-11-16T22:13:11.810+0000] {taskinstance.py:1364} INFO - 
--------------------------------------------------------------------------------
[2022-11-16T22:13:11.831+0000] {taskinstance.py:1383} INFO - Executing <Task(FileSensor): waiting_nasa_confirmation> on 2022-10-06 00:00:00+00:00
[2022-11-16T22:13:11.838+0000] {standard_task_runner.py:55} INFO - Started process 4923 to run task
[2022-11-16T22:13:11.840+0000] {standard_task_runner.py:82} INFO - Running: ['***', 'tasks', 'run', 'MyPersonalAirflowProject', 'waiting_nasa_confirmation', 'scheduled__2022-10-06T00:00:00+00:00', '--job-id', '1471', '--raw', '--subdir', 'DAGS_FOLDER/FinalPersonalProject.py', '--cfg-path', '/tmp/tmpin3kcntb']
[2022-11-16T22:13:11.841+0000] {standard_task_runner.py:83} INFO - Job 1471: Subtask waiting_nasa_confirmation
[2022-11-16T22:13:11.938+0000] {task_command.py:376} INFO - Running <TaskInstance: MyPersonalAirflowProject.waiting_nasa_confirmation scheduled__2022-10-06T00:00:00+00:00 [running]> on host 638485efabe7
[2022-11-16T22:13:12.027+0000] {taskinstance.py:1592} INFO - Exporting the following env vars:
AIRFLOW_CTX_DAG_OWNER=***
AIRFLOW_CTX_DAG_ID=MyPersonalAirflowProject
AIRFLOW_CTX_TASK_ID=waiting_nasa_confirmation
AIRFLOW_CTX_EXECUTION_DATE=2022-10-06T00:00:00+00:00
AIRFLOW_CTX_TRY_NUMBER=1
AIRFLOW_CTX_DAG_RUN_ID=scheduled__2022-10-06T00:00:00+00:00
[2022-11-16T22:13:12.040+0000] {base.py:71} INFO - Using connection ID 'fs_default' for task execution.
[2022-11-16T22:13:12.041+0000] {filesystem.py:58} INFO - Poking for file /tmp/reponse_20221006.txt
[2022-11-16T22:13:12.042+0000] {filesystem.py:63} INFO - Found File /tmp/reponse_20221006.txt last modified: 20221116221310
[2022-11-16T22:13:12.042+0000] {base.py:213} INFO - Success criteria met. Exiting.
[2022-11-16T22:13:12.056+0000] {taskinstance.py:1406} INFO - Marking task as SUCCESS. dag_id=MyPersonalAirflowProject, task_id=waiting_nasa_confirmation, execution_date=20221006T000000, start_date=20221116T221311, end_date=20221116T221312
[2022-11-16T22:13:12.090+0000] {local_task_job.py:164} INFO - Task exited with return code 0
[2022-11-16T22:13:12.134+0000] {local_task_job.py:273} INFO - 1 downstream tasks scheduled from follow-on schedule check
[2022-11-17T16:26:55.299+0000] {taskinstance.py:1165} INFO - Dependencies all met for <TaskInstance: MyPersonalAirflowProject.waiting_nasa_confirmation scheduled__2022-10-06T00:00:00+00:00 [queued]>
[2022-11-17T16:26:55.383+0000] {taskinstance.py:1165} INFO - Dependencies all met for <TaskInstance: MyPersonalAirflowProject.waiting_nasa_confirmation scheduled__2022-10-06T00:00:00+00:00 [queued]>
[2022-11-17T16:26:55.384+0000] {taskinstance.py:1362} INFO - 
--------------------------------------------------------------------------------
[2022-11-17T16:26:55.385+0000] {taskinstance.py:1363} INFO - Starting attempt 1 of 1
[2022-11-17T16:26:55.385+0000] {taskinstance.py:1364} INFO - 
--------------------------------------------------------------------------------
[2022-11-17T16:26:55.403+0000] {taskinstance.py:1383} INFO - Executing <Task(FileSensor): waiting_nasa_confirmation> on 2022-10-06 00:00:00+00:00
[2022-11-17T16:26:55.408+0000] {standard_task_runner.py:55} INFO - Started process 3143 to run task
[2022-11-17T16:26:55.411+0000] {standard_task_runner.py:82} INFO - Running: ['***', 'tasks', 'run', 'MyPersonalAirflowProject', 'waiting_nasa_confirmation', 'scheduled__2022-10-06T00:00:00+00:00', '--job-id', '2065', '--raw', '--subdir', 'DAGS_FOLDER/FinalPersonalProject.py', '--cfg-path', '/tmp/tmp5m70hynn']
[2022-11-17T16:26:55.488+0000] {standard_task_runner.py:83} INFO - Job 2065: Subtask waiting_nasa_confirmation
[2022-11-17T16:26:55.553+0000] {task_command.py:376} INFO - Running <TaskInstance: MyPersonalAirflowProject.waiting_nasa_confirmation scheduled__2022-10-06T00:00:00+00:00 [running]> on host 638485efabe7
[2022-11-17T16:26:55.630+0000] {taskinstance.py:1592} INFO - Exporting the following env vars:
AIRFLOW_CTX_DAG_OWNER=***
AIRFLOW_CTX_DAG_ID=MyPersonalAirflowProject
AIRFLOW_CTX_TASK_ID=waiting_nasa_confirmation
AIRFLOW_CTX_EXECUTION_DATE=2022-10-06T00:00:00+00:00
AIRFLOW_CTX_TRY_NUMBER=1
AIRFLOW_CTX_DAG_RUN_ID=scheduled__2022-10-06T00:00:00+00:00
[2022-11-17T16:26:55.640+0000] {base.py:71} INFO - Using connection ID 'fs_default' for task execution.
[2022-11-17T16:26:55.642+0000] {filesystem.py:58} INFO - Poking for file /tmp/reponse_20221006.txt
[2022-11-17T16:26:55.642+0000] {filesystem.py:63} INFO - Found File /tmp/reponse_20221006.txt last modified: 20221117162654
[2022-11-17T16:26:55.643+0000] {base.py:213} INFO - Success criteria met. Exiting.
[2022-11-17T16:26:55.658+0000] {taskinstance.py:1406} INFO - Marking task as SUCCESS. dag_id=MyPersonalAirflowProject, task_id=waiting_nasa_confirmation, execution_date=20221006T000000, start_date=20221117T162655, end_date=20221117T162655
[2022-11-17T16:26:55.706+0000] {local_task_job.py:164} INFO - Task exited with return code 0
[2022-11-17T16:26:55.748+0000] {local_task_job.py:273} INFO - 1 downstream tasks scheduled from follow-on schedule check
[2022-11-17T17:19:01.619+0000] {taskinstance.py:1165} INFO - Dependencies all met for <TaskInstance: MyPersonalAirflowProject.waiting_nasa_confirmation scheduled__2022-10-06T00:00:00+00:00 [queued]>
[2022-11-17T17:19:01.695+0000] {taskinstance.py:1165} INFO - Dependencies all met for <TaskInstance: MyPersonalAirflowProject.waiting_nasa_confirmation scheduled__2022-10-06T00:00:00+00:00 [queued]>
[2022-11-17T17:19:01.695+0000] {taskinstance.py:1362} INFO - 
--------------------------------------------------------------------------------
[2022-11-17T17:19:01.696+0000] {taskinstance.py:1363} INFO - Starting attempt 1 of 1
[2022-11-17T17:19:01.696+0000] {taskinstance.py:1364} INFO - 
--------------------------------------------------------------------------------
[2022-11-17T17:19:01.764+0000] {taskinstance.py:1383} INFO - Executing <Task(FileSensor): waiting_nasa_confirmation> on 2022-10-06 00:00:00+00:00
[2022-11-17T17:19:01.770+0000] {standard_task_runner.py:55} INFO - Started process 6785 to run task
[2022-11-17T17:19:01.772+0000] {standard_task_runner.py:82} INFO - Running: ['***', 'tasks', 'run', 'MyPersonalAirflowProject', 'waiting_nasa_confirmation', 'scheduled__2022-10-06T00:00:00+00:00', '--job-id', '2475', '--raw', '--subdir', 'DAGS_FOLDER/FinalPersonalProject.py', '--cfg-path', '/tmp/tmp6k00jz5s']
[2022-11-17T17:19:01.773+0000] {standard_task_runner.py:83} INFO - Job 2475: Subtask waiting_nasa_confirmation
[2022-11-17T17:19:02.001+0000] {task_command.py:376} INFO - Running <TaskInstance: MyPersonalAirflowProject.waiting_nasa_confirmation scheduled__2022-10-06T00:00:00+00:00 [running]> on host 638485efabe7
[2022-11-17T17:19:02.084+0000] {taskinstance.py:1592} INFO - Exporting the following env vars:
AIRFLOW_CTX_DAG_OWNER=***
AIRFLOW_CTX_DAG_ID=MyPersonalAirflowProject
AIRFLOW_CTX_TASK_ID=waiting_nasa_confirmation
AIRFLOW_CTX_EXECUTION_DATE=2022-10-06T00:00:00+00:00
AIRFLOW_CTX_TRY_NUMBER=1
AIRFLOW_CTX_DAG_RUN_ID=scheduled__2022-10-06T00:00:00+00:00
[2022-11-17T17:19:02.098+0000] {base.py:71} INFO - Using connection ID 'fs_default' for task execution.
[2022-11-17T17:19:02.098+0000] {filesystem.py:58} INFO - Poking for file /tmp/reponse_20221006.txt
[2022-11-17T17:19:02.099+0000] {filesystem.py:63} INFO - Found File /tmp/reponse_20221006.txt last modified: 20221117171858
[2022-11-17T17:19:02.100+0000] {base.py:213} INFO - Success criteria met. Exiting.
[2022-11-17T17:19:02.113+0000] {taskinstance.py:1406} INFO - Marking task as SUCCESS. dag_id=MyPersonalAirflowProject, task_id=waiting_nasa_confirmation, execution_date=20221006T000000, start_date=20221117T171901, end_date=20221117T171902
[2022-11-17T17:19:02.146+0000] {local_task_job.py:164} INFO - Task exited with return code 0
[2022-11-17T17:19:02.216+0000] {local_task_job.py:273} INFO - 1 downstream tasks scheduled from follow-on schedule check
