[2022-11-16T21:28:56.746+0000] {taskinstance.py:1165} INFO - Dependencies all met for <TaskInstance: MyPersonalAirflowProject.nasa_verification_task scheduled__2022-10-23T00:00:00+00:00 [queued]>
[2022-11-16T21:28:56.758+0000] {taskinstance.py:1165} INFO - Dependencies all met for <TaskInstance: MyPersonalAirflowProject.nasa_verification_task scheduled__2022-10-23T00:00:00+00:00 [queued]>
[2022-11-16T21:28:56.759+0000] {taskinstance.py:1362} INFO - 
--------------------------------------------------------------------------------
[2022-11-16T21:28:56.760+0000] {taskinstance.py:1363} INFO - Starting attempt 4 of 4
[2022-11-16T21:28:56.761+0000] {taskinstance.py:1364} INFO - 
--------------------------------------------------------------------------------
[2022-11-16T21:28:56.783+0000] {taskinstance.py:1383} INFO - Executing <Task(BashOperator): nasa_verification_task> on 2022-10-23 00:00:00+00:00
[2022-11-16T21:28:56.788+0000] {standard_task_runner.py:55} INFO - Started process 2789 to run task
[2022-11-16T21:28:56.791+0000] {standard_task_runner.py:82} INFO - Running: ['***', 'tasks', 'run', 'MyPersonalAirflowProject', 'nasa_verification_task', 'scheduled__2022-10-23T00:00:00+00:00', '--job-id', '1370', '--raw', '--subdir', 'DAGS_FOLDER/FinalPersonalProject.py', '--cfg-path', '/tmp/tmp757kq28v']
[2022-11-16T21:28:56.792+0000] {standard_task_runner.py:83} INFO - Job 1370: Subtask nasa_verification_task
[2022-11-16T21:28:56.861+0000] {task_command.py:376} INFO - Running <TaskInstance: MyPersonalAirflowProject.nasa_verification_task scheduled__2022-10-23T00:00:00+00:00 [running]> on host 638485efabe7
[2022-11-16T21:28:56.978+0000] {taskinstance.py:1592} INFO - Exporting the following env vars:
AIRFLOW_CTX_DAG_OWNER=***
AIRFLOW_CTX_DAG_ID=MyPersonalAirflowProject
AIRFLOW_CTX_TASK_ID=nasa_verification_task
AIRFLOW_CTX_EXECUTION_DATE=2022-10-23T00:00:00+00:00
AIRFLOW_CTX_TRY_NUMBER=4
AIRFLOW_CTX_DAG_RUN_ID=scheduled__2022-10-23T00:00:00+00:00
[2022-11-16T21:28:56.980+0000] {subprocess.py:63} INFO - Tmp dir root location: 
 /tmp
[2022-11-16T21:28:56.981+0000] {subprocess.py:75} INFO - Running command: ['/bin/bash', '-c', 'sleep 20 && echo "OK"> /tmp/reponse_20221023.txt']
[2022-11-16T21:28:56.993+0000] {subprocess.py:86} INFO - Output:
[2022-11-16T21:29:18.422+0000] {subprocess.py:97} INFO - Command exited with return code 0
[2022-11-16T21:29:18.648+0000] {taskinstance.py:1406} INFO - Marking task as SUCCESS. dag_id=MyPersonalAirflowProject, task_id=nasa_verification_task, execution_date=20221023T000000, start_date=20221116T212856, end_date=20221116T212918
[2022-11-16T21:29:19.168+0000] {local_task_job.py:164} INFO - Task exited with return code 0
[2022-11-16T21:29:19.286+0000] {local_task_job.py:273} INFO - 1 downstream tasks scheduled from follow-on schedule check
