[2022-11-16T21:05:21.464+0000] {taskinstance.py:1165} INFO - Dependencies all met for <TaskInstance: MyPersonalAirflowProject.nasa_verification_task scheduled__2022-10-23T00:00:00+00:00 [queued]>
[2022-11-16T21:05:21.478+0000] {taskinstance.py:1165} INFO - Dependencies all met for <TaskInstance: MyPersonalAirflowProject.nasa_verification_task scheduled__2022-10-23T00:00:00+00:00 [queued]>
[2022-11-16T21:05:21.478+0000] {taskinstance.py:1362} INFO - 
--------------------------------------------------------------------------------
[2022-11-16T21:05:21.514+0000] {taskinstance.py:1363} INFO - Starting attempt 2 of 2
[2022-11-16T21:05:21.515+0000] {taskinstance.py:1364} INFO - 
--------------------------------------------------------------------------------
[2022-11-16T21:05:21.610+0000] {taskinstance.py:1383} INFO - Executing <Task(BashOperator): nasa_verification_task> on 2022-10-23 00:00:00+00:00
[2022-11-16T21:05:21.617+0000] {standard_task_runner.py:55} INFO - Started process 1604 to run task
[2022-11-16T21:05:21.621+0000] {standard_task_runner.py:82} INFO - Running: ['***', 'tasks', 'run', 'MyPersonalAirflowProject', 'nasa_verification_task', 'scheduled__2022-10-23T00:00:00+00:00', '--job-id', '1326', '--raw', '--subdir', 'DAGS_FOLDER/FinalPersonalProject.py', '--cfg-path', '/tmp/tmp5furbwtb']
[2022-11-16T21:05:21.622+0000] {standard_task_runner.py:83} INFO - Job 1326: Subtask nasa_verification_task
[2022-11-16T21:05:21.940+0000] {task_command.py:376} INFO - Running <TaskInstance: MyPersonalAirflowProject.nasa_verification_task scheduled__2022-10-23T00:00:00+00:00 [running]> on host 638485efabe7
[2022-11-16T21:05:22.159+0000] {taskinstance.py:1592} INFO - Exporting the following env vars:
AIRFLOW_CTX_DAG_OWNER=***
AIRFLOW_CTX_DAG_ID=MyPersonalAirflowProject
AIRFLOW_CTX_TASK_ID=nasa_verification_task
AIRFLOW_CTX_EXECUTION_DATE=2022-10-23T00:00:00+00:00
AIRFLOW_CTX_TRY_NUMBER=2
AIRFLOW_CTX_DAG_RUN_ID=scheduled__2022-10-23T00:00:00+00:00
[2022-11-16T21:05:22.161+0000] {subprocess.py:63} INFO - Tmp dir root location: 
 /tmp
[2022-11-16T21:05:22.162+0000] {subprocess.py:75} INFO - Running command: ['/bin/bash', '-c', 'sleep 20 && echo OK"> /tmp/reponse_20221023.txt']
[2022-11-16T21:05:22.175+0000] {subprocess.py:86} INFO - Output:
[2022-11-16T21:05:22.176+0000] {subprocess.py:93} INFO - /bin/bash: -c: line 1: unexpected EOF while looking for matching `"'
[2022-11-16T21:05:22.177+0000] {subprocess.py:93} INFO - /bin/bash: -c: line 2: syntax error: unexpected end of file
[2022-11-16T21:05:22.178+0000] {subprocess.py:97} INFO - Command exited with return code 2
[2022-11-16T21:05:22.191+0000] {taskinstance.py:1851} ERROR - Task failed with exception
Traceback (most recent call last):
  File "/home/airflow/.local/lib/python3.7/site-packages/airflow/operators/bash.py", line 197, in execute
    f'Bash command failed. The command returned a non-zero exit code {result.exit_code}.'
airflow.exceptions.AirflowException: Bash command failed. The command returned a non-zero exit code 2.
[2022-11-16T21:05:22.195+0000] {taskinstance.py:1406} INFO - Marking task as FAILED. dag_id=MyPersonalAirflowProject, task_id=nasa_verification_task, execution_date=20221023T000000, start_date=20221116T210521, end_date=20221116T210522
[2022-11-16T21:05:22.345+0000] {standard_task_runner.py:105} ERROR - Failed to execute job 1326 for task nasa_verification_task (Bash command failed. The command returned a non-zero exit code 2.; 1604)
[2022-11-16T21:05:22.384+0000] {local_task_job.py:164} INFO - Task exited with return code 1
[2022-11-16T21:05:22.614+0000] {local_task_job.py:273} INFO - 0 downstream tasks scheduled from follow-on schedule check
[2022-11-17T15:55:36.014+0000] {taskinstance.py:1165} INFO - Dependencies all met for <TaskInstance: MyPersonalAirflowProject.nasa_verification_task scheduled__2022-10-23T00:00:00+00:00 [queued]>
[2022-11-17T15:55:36.032+0000] {taskinstance.py:1165} INFO - Dependencies all met for <TaskInstance: MyPersonalAirflowProject.nasa_verification_task scheduled__2022-10-23T00:00:00+00:00 [queued]>
[2022-11-17T15:55:36.032+0000] {taskinstance.py:1362} INFO - 
--------------------------------------------------------------------------------
[2022-11-17T15:55:36.033+0000] {taskinstance.py:1363} INFO - Starting attempt 2 of 2
[2022-11-17T15:55:36.034+0000] {taskinstance.py:1364} INFO - 
--------------------------------------------------------------------------------
[2022-11-17T15:55:36.051+0000] {taskinstance.py:1383} INFO - Executing <Task(BashOperator): nasa_verification_task> on 2022-10-23 00:00:00+00:00
[2022-11-17T15:55:36.056+0000] {standard_task_runner.py:55} INFO - Started process 1072 to run task
[2022-11-17T15:55:36.059+0000] {standard_task_runner.py:82} INFO - Running: ['***', 'tasks', 'run', 'MyPersonalAirflowProject', 'nasa_verification_task', 'scheduled__2022-10-23T00:00:00+00:00', '--job-id', '1874', '--raw', '--subdir', 'DAGS_FOLDER/FinalPersonalProject.py', '--cfg-path', '/tmp/tmp9pzyrbnw']
[2022-11-17T15:55:36.060+0000] {standard_task_runner.py:83} INFO - Job 1874: Subtask nasa_verification_task
[2022-11-17T15:55:36.136+0000] {task_command.py:376} INFO - Running <TaskInstance: MyPersonalAirflowProject.nasa_verification_task scheduled__2022-10-23T00:00:00+00:00 [running]> on host 638485efabe7
[2022-11-17T15:55:36.218+0000] {taskinstance.py:1592} INFO - Exporting the following env vars:
AIRFLOW_CTX_DAG_OWNER=***
AIRFLOW_CTX_DAG_ID=MyPersonalAirflowProject
AIRFLOW_CTX_TASK_ID=nasa_verification_task
AIRFLOW_CTX_EXECUTION_DATE=2022-10-23T00:00:00+00:00
AIRFLOW_CTX_TRY_NUMBER=2
AIRFLOW_CTX_DAG_RUN_ID=scheduled__2022-10-23T00:00:00+00:00
[2022-11-17T15:55:36.219+0000] {subprocess.py:63} INFO - Tmp dir root location: 
 /tmp
[2022-11-17T15:55:36.221+0000] {subprocess.py:75} INFO - Running command: ['/bin/bash', '-c', 'sleep 20 && echo "OK"> /tmp/reponse_20221023.txt']
[2022-11-17T15:55:36.233+0000] {subprocess.py:86} INFO - Output:
[2022-11-17T15:55:56.238+0000] {subprocess.py:97} INFO - Command exited with return code 0
[2022-11-17T15:55:56.368+0000] {taskinstance.py:1406} INFO - Marking task as SUCCESS. dag_id=MyPersonalAirflowProject, task_id=nasa_verification_task, execution_date=20221023T000000, start_date=20221117T155536, end_date=20221117T155556
[2022-11-17T15:55:56.558+0000] {local_task_job.py:164} INFO - Task exited with return code 0
[2022-11-17T15:55:56.725+0000] {local_task_job.py:273} INFO - 1 downstream tasks scheduled from follow-on schedule check
