[2022-11-16T21:05:56.636+0000] {taskinstance.py:1165} INFO - Dependencies all met for <TaskInstance: MyPersonalAirflowProject.nasa_verification_task scheduled__2022-10-31T00:00:00+00:00 [queued]>
[2022-11-16T21:05:56.648+0000] {taskinstance.py:1165} INFO - Dependencies all met for <TaskInstance: MyPersonalAirflowProject.nasa_verification_task scheduled__2022-10-31T00:00:00+00:00 [queued]>
[2022-11-16T21:05:56.649+0000] {taskinstance.py:1362} INFO - 
--------------------------------------------------------------------------------
[2022-11-16T21:05:56.651+0000] {taskinstance.py:1363} INFO - Starting attempt 2 of 2
[2022-11-16T21:05:56.652+0000] {taskinstance.py:1364} INFO - 
--------------------------------------------------------------------------------
[2022-11-16T21:05:56.670+0000] {taskinstance.py:1383} INFO - Executing <Task(BashOperator): nasa_verification_task> on 2022-10-31 00:00:00+00:00
[2022-11-16T21:05:56.676+0000] {standard_task_runner.py:55} INFO - Started process 1646 to run task
[2022-11-16T21:05:56.678+0000] {standard_task_runner.py:82} INFO - Running: ['***', 'tasks', 'run', 'MyPersonalAirflowProject', 'nasa_verification_task', 'scheduled__2022-10-31T00:00:00+00:00', '--job-id', '1334', '--raw', '--subdir', 'DAGS_FOLDER/FinalPersonalProject.py', '--cfg-path', '/tmp/tmpyffbkh7z']
[2022-11-16T21:05:56.679+0000] {standard_task_runner.py:83} INFO - Job 1334: Subtask nasa_verification_task
[2022-11-16T21:05:57.045+0000] {task_command.py:376} INFO - Running <TaskInstance: MyPersonalAirflowProject.nasa_verification_task scheduled__2022-10-31T00:00:00+00:00 [running]> on host 638485efabe7
[2022-11-16T21:05:57.127+0000] {taskinstance.py:1592} INFO - Exporting the following env vars:
AIRFLOW_CTX_DAG_OWNER=***
AIRFLOW_CTX_DAG_ID=MyPersonalAirflowProject
AIRFLOW_CTX_TASK_ID=nasa_verification_task
AIRFLOW_CTX_EXECUTION_DATE=2022-10-31T00:00:00+00:00
AIRFLOW_CTX_TRY_NUMBER=2
AIRFLOW_CTX_DAG_RUN_ID=scheduled__2022-10-31T00:00:00+00:00
[2022-11-16T21:05:57.128+0000] {subprocess.py:63} INFO - Tmp dir root location: 
 /tmp
[2022-11-16T21:05:57.129+0000] {subprocess.py:75} INFO - Running command: ['/bin/bash', '-c', 'sleep 20 && echo OK"> /tmp/reponse_20221031.txt']
[2022-11-16T21:05:57.140+0000] {subprocess.py:86} INFO - Output:
[2022-11-16T21:05:57.141+0000] {subprocess.py:93} INFO - /bin/bash: -c: line 1: unexpected EOF while looking for matching `"'
[2022-11-16T21:05:57.142+0000] {subprocess.py:93} INFO - /bin/bash: -c: line 2: syntax error: unexpected end of file
[2022-11-16T21:05:57.142+0000] {subprocess.py:97} INFO - Command exited with return code 2
[2022-11-16T21:05:57.154+0000] {taskinstance.py:1851} ERROR - Task failed with exception
Traceback (most recent call last):
  File "/home/airflow/.local/lib/python3.7/site-packages/airflow/operators/bash.py", line 197, in execute
    f'Bash command failed. The command returned a non-zero exit code {result.exit_code}.'
airflow.exceptions.AirflowException: Bash command failed. The command returned a non-zero exit code 2.
[2022-11-16T21:05:57.160+0000] {taskinstance.py:1406} INFO - Marking task as FAILED. dag_id=MyPersonalAirflowProject, task_id=nasa_verification_task, execution_date=20221031T000000, start_date=20221116T210556, end_date=20221116T210557
[2022-11-16T21:05:57.263+0000] {standard_task_runner.py:105} ERROR - Failed to execute job 1334 for task nasa_verification_task (Bash command failed. The command returned a non-zero exit code 2.; 1646)
[2022-11-16T21:05:57.304+0000] {local_task_job.py:164} INFO - Task exited with return code 1
[2022-11-16T21:05:57.336+0000] {local_task_job.py:273} INFO - 0 downstream tasks scheduled from follow-on schedule check
[2022-11-17T15:59:55.927+0000] {taskinstance.py:1165} INFO - Dependencies all met for <TaskInstance: MyPersonalAirflowProject.nasa_verification_task scheduled__2022-10-31T00:00:00+00:00 [queued]>
[2022-11-17T15:59:55.941+0000] {taskinstance.py:1165} INFO - Dependencies all met for <TaskInstance: MyPersonalAirflowProject.nasa_verification_task scheduled__2022-10-31T00:00:00+00:00 [queued]>
[2022-11-17T15:59:55.942+0000] {taskinstance.py:1362} INFO - 
--------------------------------------------------------------------------------
[2022-11-17T15:59:55.942+0000] {taskinstance.py:1363} INFO - Starting attempt 2 of 2
[2022-11-17T15:59:55.943+0000] {taskinstance.py:1364} INFO - 
--------------------------------------------------------------------------------
[2022-11-17T15:59:55.961+0000] {taskinstance.py:1383} INFO - Executing <Task(BashOperator): nasa_verification_task> on 2022-10-31 00:00:00+00:00
[2022-11-17T15:59:55.967+0000] {standard_task_runner.py:55} INFO - Started process 1423 to run task
[2022-11-17T15:59:55.970+0000] {standard_task_runner.py:82} INFO - Running: ['***', 'tasks', 'run', 'MyPersonalAirflowProject', 'nasa_verification_task', 'scheduled__2022-10-31T00:00:00+00:00', '--job-id', '1922', '--raw', '--subdir', 'DAGS_FOLDER/FinalPersonalProject.py', '--cfg-path', '/tmp/tmpv4jwmk6d']
[2022-11-17T15:59:55.971+0000] {standard_task_runner.py:83} INFO - Job 1922: Subtask nasa_verification_task
[2022-11-17T15:59:56.041+0000] {task_command.py:376} INFO - Running <TaskInstance: MyPersonalAirflowProject.nasa_verification_task scheduled__2022-10-31T00:00:00+00:00 [running]> on host 638485efabe7
[2022-11-17T15:59:56.118+0000] {taskinstance.py:1592} INFO - Exporting the following env vars:
AIRFLOW_CTX_DAG_OWNER=***
AIRFLOW_CTX_DAG_ID=MyPersonalAirflowProject
AIRFLOW_CTX_TASK_ID=nasa_verification_task
AIRFLOW_CTX_EXECUTION_DATE=2022-10-31T00:00:00+00:00
AIRFLOW_CTX_TRY_NUMBER=2
AIRFLOW_CTX_DAG_RUN_ID=scheduled__2022-10-31T00:00:00+00:00
[2022-11-17T15:59:56.120+0000] {subprocess.py:63} INFO - Tmp dir root location: 
 /tmp
[2022-11-17T15:59:56.121+0000] {subprocess.py:75} INFO - Running command: ['/bin/bash', '-c', 'sleep 20 && echo "OK"> /tmp/reponse_20221031.txt']
[2022-11-17T15:59:56.133+0000] {subprocess.py:86} INFO - Output:
[2022-11-17T16:00:16.138+0000] {subprocess.py:97} INFO - Command exited with return code 0
[2022-11-17T16:00:16.169+0000] {taskinstance.py:1406} INFO - Marking task as SUCCESS. dag_id=MyPersonalAirflowProject, task_id=nasa_verification_task, execution_date=20221031T000000, start_date=20221117T155955, end_date=20221117T160016
[2022-11-17T16:00:16.224+0000] {local_task_job.py:164} INFO - Task exited with return code 0
[2022-11-17T16:00:16.263+0000] {local_task_job.py:273} INFO - 1 downstream tasks scheduled from follow-on schedule check
