[2022-11-04T21:33:23.125+0000] {taskinstance.py:1165} INFO - Dependencies all met for <TaskInstance: orquestation.task4 scheduled__2022-05-23T00:00:00+00:00 [queued]>
[2022-11-04T21:33:23.148+0000] {taskinstance.py:1165} INFO - Dependencies all met for <TaskInstance: orquestation.task4 scheduled__2022-05-23T00:00:00+00:00 [queued]>
[2022-11-04T21:33:23.149+0000] {taskinstance.py:1362} INFO - 
--------------------------------------------------------------------------------
[2022-11-04T21:33:23.149+0000] {taskinstance.py:1363} INFO - Starting attempt 1 of 1
[2022-11-04T21:33:23.151+0000] {taskinstance.py:1364} INFO - 
--------------------------------------------------------------------------------
[2022-11-04T21:33:23.174+0000] {taskinstance.py:1383} INFO - Executing <Task(BashOperator): task4> on 2022-05-23 00:00:00+00:00
[2022-11-04T21:33:23.182+0000] {standard_task_runner.py:55} INFO - Started process 1065 to run task
[2022-11-04T21:33:23.186+0000] {standard_task_runner.py:82} INFO - Running: ['***', 'tasks', 'run', 'orquestation', 'task4', 'scheduled__2022-05-23T00:00:00+00:00', '--job-id', '201', '--raw', '--subdir', 'DAGS_FOLDER/5.1-orquestacion.py', '--cfg-path', '/tmp/tmphnh05_mj']
[2022-11-04T21:33:23.187+0000] {standard_task_runner.py:83} INFO - Job 201: Subtask task4
[2022-11-04T21:33:23.278+0000] {task_command.py:376} INFO - Running <TaskInstance: orquestation.task4 scheduled__2022-05-23T00:00:00+00:00 [running]> on host 643e334f405f
[2022-11-04T21:33:23.380+0000] {taskinstance.py:1592} INFO - Exporting the following env vars:
AIRFLOW_CTX_DAG_OWNER=***
AIRFLOW_CTX_DAG_ID=orquestation
AIRFLOW_CTX_TASK_ID=task4
AIRFLOW_CTX_EXECUTION_DATE=2022-05-23T00:00:00+00:00
AIRFLOW_CTX_TRY_NUMBER=1
AIRFLOW_CTX_DAG_RUN_ID=scheduled__2022-05-23T00:00:00+00:00
[2022-11-04T21:33:23.382+0000] {subprocess.py:63} INFO - Tmp dir root location: 
 /tmp
[2022-11-04T21:33:23.384+0000] {subprocess.py:75} INFO - Running command: ['/bin/bash', '-c', "sleep 2 && echo 'task4'"]
[2022-11-04T21:33:23.402+0000] {subprocess.py:86} INFO - Output:
[2022-11-04T21:33:25.415+0000] {subprocess.py:93} INFO - task4
[2022-11-04T21:33:25.416+0000] {subprocess.py:97} INFO - Command exited with return code 0
[2022-11-04T21:33:25.456+0000] {taskinstance.py:1406} INFO - Marking task as SUCCESS. dag_id=orquestation, task_id=task4, execution_date=20220523T000000, start_date=20221104T213323, end_date=20221104T213325
[2022-11-04T21:33:25.526+0000] {local_task_job.py:164} INFO - Task exited with return code 0
[2022-11-04T21:33:25.557+0000] {local_task_job.py:273} INFO - 0 downstream tasks scheduled from follow-on schedule check
[2022-11-04T21:44:10.708+0000] {taskinstance.py:1165} INFO - Dependencies all met for <TaskInstance: orquestation.task4 scheduled__2022-05-23T00:00:00+00:00 [queued]>
[2022-11-04T21:44:10.728+0000] {taskinstance.py:1165} INFO - Dependencies all met for <TaskInstance: orquestation.task4 scheduled__2022-05-23T00:00:00+00:00 [queued]>
[2022-11-04T21:44:10.729+0000] {taskinstance.py:1362} INFO - 
--------------------------------------------------------------------------------
[2022-11-04T21:44:10.729+0000] {taskinstance.py:1363} INFO - Starting attempt 1 of 1
[2022-11-04T21:44:10.730+0000] {taskinstance.py:1364} INFO - 
--------------------------------------------------------------------------------
[2022-11-04T21:44:10.756+0000] {taskinstance.py:1383} INFO - Executing <Task(BashOperator): task4> on 2022-05-23 00:00:00+00:00
[2022-11-04T21:44:10.763+0000] {standard_task_runner.py:55} INFO - Started process 2137 to run task
[2022-11-04T21:44:10.765+0000] {standard_task_runner.py:82} INFO - Running: ['***', 'tasks', 'run', 'orquestation', 'task4', 'scheduled__2022-05-23T00:00:00+00:00', '--job-id', '345', '--raw', '--subdir', 'DAGS_FOLDER/5.1-orquestacion.py', '--cfg-path', '/tmp/tmpjuyz5zd3']
[2022-11-04T21:44:10.766+0000] {standard_task_runner.py:83} INFO - Job 345: Subtask task4
[2022-11-04T21:44:10.842+0000] {task_command.py:376} INFO - Running <TaskInstance: orquestation.task4 scheduled__2022-05-23T00:00:00+00:00 [running]> on host 643e334f405f
[2022-11-04T21:44:10.925+0000] {taskinstance.py:1592} INFO - Exporting the following env vars:
AIRFLOW_CTX_DAG_OWNER=***
AIRFLOW_CTX_DAG_ID=orquestation
AIRFLOW_CTX_TASK_ID=task4
AIRFLOW_CTX_EXECUTION_DATE=2022-05-23T00:00:00+00:00
AIRFLOW_CTX_TRY_NUMBER=1
AIRFLOW_CTX_DAG_RUN_ID=scheduled__2022-05-23T00:00:00+00:00
[2022-11-04T21:44:10.927+0000] {subprocess.py:63} INFO - Tmp dir root location: 
 /tmp
[2022-11-04T21:44:10.928+0000] {subprocess.py:75} INFO - Running command: ['/bin/bash', '-c', "sleep 2 && echo 'task4'"]
[2022-11-04T21:44:10.943+0000] {subprocess.py:86} INFO - Output:
[2022-11-04T21:44:12.947+0000] {subprocess.py:93} INFO - task4
[2022-11-04T21:44:12.948+0000] {subprocess.py:97} INFO - Command exited with return code 0
[2022-11-04T21:44:12.976+0000] {taskinstance.py:1406} INFO - Marking task as SUCCESS. dag_id=orquestation, task_id=task4, execution_date=20220523T000000, start_date=20221104T214410, end_date=20221104T214412
[2022-11-04T21:44:13.025+0000] {local_task_job.py:164} INFO - Task exited with return code 0
[2022-11-04T21:44:13.056+0000] {local_task_job.py:273} INFO - 0 downstream tasks scheduled from follow-on schedule check
