[2022-11-09T17:14:07.221+0000] {taskinstance.py:1165} INFO - Dependencies all met for <TaskInstance: 7-filesensor_3.end_task scheduled__2022-06-19T00:00:00+00:00 [queued]>
[2022-11-09T17:14:07.244+0000] {taskinstance.py:1165} INFO - Dependencies all met for <TaskInstance: 7-filesensor_3.end_task scheduled__2022-06-19T00:00:00+00:00 [queued]>
[2022-11-09T17:14:07.244+0000] {taskinstance.py:1362} INFO - 
--------------------------------------------------------------------------------
[2022-11-09T17:14:07.247+0000] {taskinstance.py:1363} INFO - Starting attempt 1 of 1
[2022-11-09T17:14:07.247+0000] {taskinstance.py:1364} INFO - 
--------------------------------------------------------------------------------
[2022-11-09T17:14:07.279+0000] {taskinstance.py:1383} INFO - Executing <Task(BashOperator): end_task> on 2022-06-19 00:00:00+00:00
[2022-11-09T17:14:07.288+0000] {standard_task_runner.py:55} INFO - Started process 5233 to run task
[2022-11-09T17:14:07.292+0000] {standard_task_runner.py:82} INFO - Running: ['***', 'tasks', 'run', '7-filesensor_3', 'end_task', 'scheduled__2022-06-19T00:00:00+00:00', '--job-id', '928', '--raw', '--subdir', 'DAGS_FOLDER/7.3-filesensor.py', '--cfg-path', '/tmp/tmpjazfdbj9']
[2022-11-09T17:14:07.293+0000] {standard_task_runner.py:83} INFO - Job 928: Subtask end_task
[2022-11-09T17:14:07.392+0000] {task_command.py:376} INFO - Running <TaskInstance: 7-filesensor_3.end_task scheduled__2022-06-19T00:00:00+00:00 [running]> on host 638485efabe7
[2022-11-09T17:14:07.503+0000] {taskinstance.py:1592} INFO - Exporting the following env vars:
AIRFLOW_CTX_DAG_OWNER=***
AIRFLOW_CTX_DAG_ID=7-filesensor_3
AIRFLOW_CTX_TASK_ID=end_task
AIRFLOW_CTX_EXECUTION_DATE=2022-06-19T00:00:00+00:00
AIRFLOW_CTX_TRY_NUMBER=1
AIRFLOW_CTX_DAG_RUN_ID=scheduled__2022-06-19T00:00:00+00:00
[2022-11-09T17:14:07.505+0000] {subprocess.py:63} INFO - Tmp dir root location: 
 /tmp
[2022-11-09T17:14:07.506+0000] {subprocess.py:75} INFO - Running command: ['/bin/bash', '-c', 'echo "The file was created successfully"']
[2022-11-09T17:14:07.520+0000] {subprocess.py:86} INFO - Output:
[2022-11-09T17:14:07.522+0000] {subprocess.py:93} INFO - The file was created successfully
[2022-11-09T17:14:07.522+0000] {subprocess.py:97} INFO - Command exited with return code 0
[2022-11-09T17:14:07.554+0000] {taskinstance.py:1406} INFO - Marking task as SUCCESS. dag_id=7-filesensor_3, task_id=end_task, execution_date=20220619T000000, start_date=20221109T171407, end_date=20221109T171407
[2022-11-09T17:14:07.619+0000] {local_task_job.py:164} INFO - Task exited with return code 0
[2022-11-09T17:14:07.641+0000] {local_task_job.py:273} INFO - 0 downstream tasks scheduled from follow-on schedule check
