[2022-11-04T21:33:14.461+0000] {taskinstance.py:1165} INFO - Dependencies all met for <TaskInstance: orquestation.task4 scheduled__2022-05-21T00:00:00+00:00 [queued]>
[2022-11-04T21:33:14.493+0000] {taskinstance.py:1165} INFO - Dependencies all met for <TaskInstance: orquestation.task4 scheduled__2022-05-21T00:00:00+00:00 [queued]>
[2022-11-04T21:33:14.494+0000] {taskinstance.py:1362} INFO - 
--------------------------------------------------------------------------------
[2022-11-04T21:33:14.495+0000] {taskinstance.py:1363} INFO - Starting attempt 1 of 1
[2022-11-04T21:33:14.498+0000] {taskinstance.py:1364} INFO - 
--------------------------------------------------------------------------------
[2022-11-04T21:33:14.542+0000] {taskinstance.py:1383} INFO - Executing <Task(BashOperator): task4> on 2022-05-21 00:00:00+00:00
[2022-11-04T21:33:14.561+0000] {standard_task_runner.py:55} INFO - Started process 1036 to run task
[2022-11-04T21:33:14.565+0000] {standard_task_runner.py:82} INFO - Running: ['***', 'tasks', 'run', 'orquestation', 'task4', 'scheduled__2022-05-21T00:00:00+00:00', '--job-id', '195', '--raw', '--subdir', 'DAGS_FOLDER/5.1-orquestacion.py', '--cfg-path', '/tmp/tmpp7koriio']
[2022-11-04T21:33:14.567+0000] {standard_task_runner.py:83} INFO - Job 195: Subtask task4
[2022-11-04T21:33:14.668+0000] {task_command.py:376} INFO - Running <TaskInstance: orquestation.task4 scheduled__2022-05-21T00:00:00+00:00 [running]> on host 643e334f405f
[2022-11-04T21:33:14.789+0000] {taskinstance.py:1592} INFO - Exporting the following env vars:
AIRFLOW_CTX_DAG_OWNER=***
AIRFLOW_CTX_DAG_ID=orquestation
AIRFLOW_CTX_TASK_ID=task4
AIRFLOW_CTX_EXECUTION_DATE=2022-05-21T00:00:00+00:00
AIRFLOW_CTX_TRY_NUMBER=1
AIRFLOW_CTX_DAG_RUN_ID=scheduled__2022-05-21T00:00:00+00:00
[2022-11-04T21:33:14.792+0000] {subprocess.py:63} INFO - Tmp dir root location: 
 /tmp
[2022-11-04T21:33:14.794+0000] {subprocess.py:75} INFO - Running command: ['/bin/bash', '-c', "sleep 2 && echo 'task4'"]
[2022-11-04T21:33:14.812+0000] {subprocess.py:86} INFO - Output:
[2022-11-04T21:33:16.833+0000] {subprocess.py:93} INFO - task4
[2022-11-04T21:33:16.835+0000] {subprocess.py:97} INFO - Command exited with return code 0
[2022-11-04T21:33:16.887+0000] {taskinstance.py:1406} INFO - Marking task as SUCCESS. dag_id=orquestation, task_id=task4, execution_date=20220521T000000, start_date=20221104T213314, end_date=20221104T213316
[2022-11-04T21:33:16.947+0000] {local_task_job.py:164} INFO - Task exited with return code 0
[2022-11-04T21:33:16.978+0000] {local_task_job.py:273} INFO - 0 downstream tasks scheduled from follow-on schedule check
[2022-11-04T21:43:47.772+0000] {taskinstance.py:1165} INFO - Dependencies all met for <TaskInstance: orquestation.task4 scheduled__2022-05-21T00:00:00+00:00 [queued]>
[2022-11-04T21:43:47.793+0000] {taskinstance.py:1165} INFO - Dependencies all met for <TaskInstance: orquestation.task4 scheduled__2022-05-21T00:00:00+00:00 [queued]>
[2022-11-04T21:43:47.793+0000] {taskinstance.py:1362} INFO - 
--------------------------------------------------------------------------------
[2022-11-04T21:43:47.794+0000] {taskinstance.py:1363} INFO - Starting attempt 1 of 1
[2022-11-04T21:43:47.794+0000] {taskinstance.py:1364} INFO - 
--------------------------------------------------------------------------------
[2022-11-04T21:43:47.815+0000] {taskinstance.py:1383} INFO - Executing <Task(BashOperator): task4> on 2022-05-21 00:00:00+00:00
[2022-11-04T21:43:47.823+0000] {standard_task_runner.py:55} INFO - Started process 2088 to run task
[2022-11-04T21:43:47.826+0000] {standard_task_runner.py:82} INFO - Running: ['***', 'tasks', 'run', 'orquestation', 'task4', 'scheduled__2022-05-21T00:00:00+00:00', '--job-id', '337', '--raw', '--subdir', 'DAGS_FOLDER/5.1-orquestacion.py', '--cfg-path', '/tmp/tmp8m8v2a9v']
[2022-11-04T21:43:47.827+0000] {standard_task_runner.py:83} INFO - Job 337: Subtask task4
[2022-11-04T21:43:47.896+0000] {task_command.py:376} INFO - Running <TaskInstance: orquestation.task4 scheduled__2022-05-21T00:00:00+00:00 [running]> on host 643e334f405f
[2022-11-04T21:43:47.975+0000] {taskinstance.py:1592} INFO - Exporting the following env vars:
AIRFLOW_CTX_DAG_OWNER=***
AIRFLOW_CTX_DAG_ID=orquestation
AIRFLOW_CTX_TASK_ID=task4
AIRFLOW_CTX_EXECUTION_DATE=2022-05-21T00:00:00+00:00
AIRFLOW_CTX_TRY_NUMBER=1
AIRFLOW_CTX_DAG_RUN_ID=scheduled__2022-05-21T00:00:00+00:00
[2022-11-04T21:43:47.976+0000] {subprocess.py:63} INFO - Tmp dir root location: 
 /tmp
[2022-11-04T21:43:47.977+0000] {subprocess.py:75} INFO - Running command: ['/bin/bash', '-c', "sleep 2 && echo 'task4'"]
[2022-11-04T21:43:47.989+0000] {subprocess.py:86} INFO - Output:
[2022-11-04T21:43:49.993+0000] {subprocess.py:93} INFO - task4
[2022-11-04T21:43:49.994+0000] {subprocess.py:97} INFO - Command exited with return code 0
[2022-11-04T21:43:50.029+0000] {taskinstance.py:1406} INFO - Marking task as SUCCESS. dag_id=orquestation, task_id=task4, execution_date=20220521T000000, start_date=20221104T214347, end_date=20221104T214350
[2022-11-04T21:43:50.087+0000] {local_task_job.py:164} INFO - Task exited with return code 0
[2022-11-04T21:43:50.115+0000] {local_task_job.py:273} INFO - 0 downstream tasks scheduled from follow-on schedule check
