[2022-11-08T19:37:26.903+0000] {taskinstance.py:1165} INFO - Dependencies all met for <TaskInstance: 6-monitoring_1.task2 scheduled__2022-01-30T00:00:00+00:00 [queued]>
[2022-11-08T19:37:26.941+0000] {taskinstance.py:1165} INFO - Dependencies all met for <TaskInstance: 6-monitoring_1.task2 scheduled__2022-01-30T00:00:00+00:00 [queued]>
[2022-11-08T19:37:26.942+0000] {taskinstance.py:1362} INFO - 
--------------------------------------------------------------------------------
[2022-11-08T19:37:26.944+0000] {taskinstance.py:1363} INFO - Starting attempt 1 of 1
[2022-11-08T19:37:26.946+0000] {taskinstance.py:1364} INFO - 
--------------------------------------------------------------------------------
[2022-11-08T19:37:26.999+0000] {taskinstance.py:1383} INFO - Executing <Task(BashOperator): task2> on 2022-01-30 00:00:00+00:00
[2022-11-08T19:37:27.021+0000] {standard_task_runner.py:55} INFO - Started process 2289 to run task
[2022-11-08T19:37:27.042+0000] {standard_task_runner.py:82} INFO - Running: ['***', 'tasks', 'run', '6-monitoring_1', 'task2', 'scheduled__2022-01-30T00:00:00+00:00', '--job-id', '514', '--raw', '--subdir', 'DAGS_FOLDER/6.1-monitoring.py', '--cfg-path', '/tmp/tmp9zsjk38h']
[2022-11-08T19:37:27.044+0000] {standard_task_runner.py:83} INFO - Job 514: Subtask task2
[2022-11-08T19:37:27.359+0000] {task_command.py:376} INFO - Running <TaskInstance: 6-monitoring_1.task2 scheduled__2022-01-30T00:00:00+00:00 [running]> on host 638485efabe7
[2022-11-08T19:37:27.593+0000] {taskinstance.py:1592} INFO - Exporting the following env vars:
AIRFLOW_CTX_DAG_OWNER=***
AIRFLOW_CTX_DAG_ID=6-monitoring_1
AIRFLOW_CTX_TASK_ID=task2
AIRFLOW_CTX_EXECUTION_DATE=2022-01-30T00:00:00+00:00
AIRFLOW_CTX_TRY_NUMBER=1
AIRFLOW_CTX_DAG_RUN_ID=scheduled__2022-01-30T00:00:00+00:00
[2022-11-08T19:37:27.603+0000] {subprocess.py:63} INFO - Tmp dir root location: 
 /tmp
[2022-11-08T19:37:27.609+0000] {subprocess.py:75} INFO - Running command: ['/bin/bash', '-c', "sleep 2 && echo 'task2'"]
[2022-11-08T19:37:27.636+0000] {subprocess.py:86} INFO - Output:
[2022-11-08T19:37:29.804+0000] {subprocess.py:93} INFO - task2
[2022-11-08T19:37:29.807+0000] {subprocess.py:97} INFO - Command exited with return code 0
[2022-11-08T19:37:29.909+0000] {taskinstance.py:1406} INFO - Marking task as SUCCESS. dag_id=6-monitoring_1, task_id=task2, execution_date=20220130T000000, start_date=20221108T193726, end_date=20221108T193729
[2022-11-08T19:37:30.041+0000] {local_task_job.py:164} INFO - Task exited with return code 0
[2022-11-08T19:37:30.111+0000] {local_task_job.py:273} INFO - 1 downstream tasks scheduled from follow-on schedule check
