[2022-11-16T22:32:18.959+0000] {taskinstance.py:1165} INFO - Dependencies all met for <TaskInstance: MyPersonalAirflowProject.Print_Imported_data scheduled__2022-11-05T00:00:00+00:00 [queued]>
[2022-11-16T22:32:18.974+0000] {taskinstance.py:1165} INFO - Dependencies all met for <TaskInstance: MyPersonalAirflowProject.Print_Imported_data scheduled__2022-11-05T00:00:00+00:00 [queued]>
[2022-11-16T22:32:18.974+0000] {taskinstance.py:1362} INFO - 
--------------------------------------------------------------------------------
[2022-11-16T22:32:18.975+0000] {taskinstance.py:1363} INFO - Starting attempt 1 of 1
[2022-11-16T22:32:18.976+0000] {taskinstance.py:1364} INFO - 
--------------------------------------------------------------------------------
[2022-11-16T22:32:18.996+0000] {taskinstance.py:1383} INFO - Executing <Task(BashOperator): Print_Imported_data> on 2022-11-05 00:00:00+00:00
[2022-11-16T22:32:19.004+0000] {standard_task_runner.py:55} INFO - Started process 6220 to run task
[2022-11-16T22:32:19.008+0000] {standard_task_runner.py:82} INFO - Running: ['***', 'tasks', 'run', 'MyPersonalAirflowProject', 'Print_Imported_data', 'scheduled__2022-11-05T00:00:00+00:00', '--job-id', '1655', '--raw', '--subdir', 'DAGS_FOLDER/FinalPersonalProject.py', '--cfg-path', '/tmp/tmpv6npr_pf']
[2022-11-16T22:32:19.009+0000] {standard_task_runner.py:83} INFO - Job 1655: Subtask Print_Imported_data
[2022-11-16T22:32:19.083+0000] {task_command.py:376} INFO - Running <TaskInstance: MyPersonalAirflowProject.Print_Imported_data scheduled__2022-11-05T00:00:00+00:00 [running]> on host 638485efabe7
[2022-11-16T22:32:19.186+0000] {taskinstance.py:1592} INFO - Exporting the following env vars:
AIRFLOW_CTX_DAG_OWNER=***
AIRFLOW_CTX_DAG_ID=MyPersonalAirflowProject
AIRFLOW_CTX_TASK_ID=Print_Imported_data
AIRFLOW_CTX_EXECUTION_DATE=2022-11-05T00:00:00+00:00
AIRFLOW_CTX_TRY_NUMBER=1
AIRFLOW_CTX_DAG_RUN_ID=scheduled__2022-11-05T00:00:00+00:00
[2022-11-16T22:32:19.187+0000] {subprocess.py:63} INFO - Tmp dir root location: 
 /tmp
[2022-11-16T22:32:19.189+0000] {subprocess.py:75} INFO - Running command: ['/bin/bash', '-c', 'ls /tmp/ && head /tmp/platzi_data.csv']
[2022-11-16T22:32:19.201+0000] {subprocess.py:86} INFO - Output:
[2022-11-16T22:32:19.224+0000] {subprocess.py:93} INFO - ***tmpk5xxq3nx
[2022-11-16T22:32:19.225+0000] {subprocess.py:93} INFO - ***tmplkvca7ip
[2022-11-16T22:32:19.225+0000] {subprocess.py:93} INFO - ***tmpodkacs8z
[2022-11-16T22:32:19.225+0000] {subprocess.py:93} INFO - ***tmpp5mjlteo
[2022-11-16T22:32:19.226+0000] {subprocess.py:93} INFO - file.txt
[2022-11-16T22:32:19.226+0000] {subprocess.py:93} INFO - history.json
[2022-11-16T22:32:19.226+0000] {subprocess.py:93} INFO - platzi_data_20221001.csv
[2022-11-16T22:32:19.227+0000] {subprocess.py:93} INFO - platzi_data_20221002.csv
[2022-11-16T22:32:19.227+0000] {subprocess.py:93} INFO - platzi_data_20221003.csv
[2022-11-16T22:32:19.227+0000] {subprocess.py:93} INFO - platzi_data_20221004.csv
[2022-11-16T22:32:19.228+0000] {subprocess.py:93} INFO - platzi_data_20221005.csv
[2022-11-16T22:32:19.228+0000] {subprocess.py:93} INFO - platzi_data_20221006.csv
[2022-11-16T22:32:19.228+0000] {subprocess.py:93} INFO - platzi_data_20221007.csv
[2022-11-16T22:32:19.228+0000] {subprocess.py:93} INFO - platzi_data_20221008.csv
[2022-11-16T22:32:19.229+0000] {subprocess.py:93} INFO - platzi_data_20221009.csv
[2022-11-16T22:32:19.229+0000] {subprocess.py:93} INFO - platzi_data_20221010.csv
[2022-11-16T22:32:19.229+0000] {subprocess.py:93} INFO - platzi_data_20221011.csv
[2022-11-16T22:32:19.230+0000] {subprocess.py:93} INFO - platzi_data_20221012.csv
[2022-11-16T22:32:19.230+0000] {subprocess.py:93} INFO - platzi_data_20221013.csv
[2022-11-16T22:32:19.230+0000] {subprocess.py:93} INFO - platzi_data_20221014.csv
[2022-11-16T22:32:19.231+0000] {subprocess.py:93} INFO - platzi_data_20221015.csv
[2022-11-16T22:32:19.231+0000] {subprocess.py:93} INFO - platzi_data_20221016.csv
[2022-11-16T22:32:19.231+0000] {subprocess.py:93} INFO - platzi_data_20221017.csv
[2022-11-16T22:32:19.231+0000] {subprocess.py:93} INFO - platzi_data_20221018.csv
[2022-11-16T22:32:19.232+0000] {subprocess.py:93} INFO - platzi_data_20221019.csv
[2022-11-16T22:32:19.232+0000] {subprocess.py:93} INFO - platzi_data_20221020.csv
[2022-11-16T22:32:19.232+0000] {subprocess.py:93} INFO - platzi_data_20221021.csv
[2022-11-16T22:32:19.233+0000] {subprocess.py:93} INFO - platzi_data_20221022.csv
[2022-11-16T22:32:19.233+0000] {subprocess.py:93} INFO - platzi_data_20221023.csv
[2022-11-16T22:32:19.233+0000] {subprocess.py:93} INFO - platzi_data_20221024.csv
[2022-11-16T22:32:19.233+0000] {subprocess.py:93} INFO - platzi_data_20221025.csv
[2022-11-16T22:32:19.234+0000] {subprocess.py:93} INFO - platzi_data_20221026.csv
[2022-11-16T22:32:19.234+0000] {subprocess.py:93} INFO - platzi_data_20221027.csv
[2022-11-16T22:32:19.234+0000] {subprocess.py:93} INFO - platzi_data_20221028.csv
[2022-11-16T22:32:19.234+0000] {subprocess.py:93} INFO - platzi_data_20221029.csv
[2022-11-16T22:32:19.235+0000] {subprocess.py:93} INFO - platzi_data_20221030.csv
[2022-11-16T22:32:19.235+0000] {subprocess.py:93} INFO - platzi_data_20221031.csv
[2022-11-16T22:32:19.235+0000] {subprocess.py:93} INFO - platzi_data_20221101.csv
[2022-11-16T22:32:19.235+0000] {subprocess.py:93} INFO - platzi_data_20221102.csv
[2022-11-16T22:32:19.236+0000] {subprocess.py:93} INFO - platzi_data_20221103.csv
[2022-11-16T22:32:19.236+0000] {subprocess.py:93} INFO - platzi_data_20221104.csv
[2022-11-16T22:32:19.236+0000] {subprocess.py:93} INFO - platzi_data_20221105.csv
[2022-11-16T22:32:19.236+0000] {subprocess.py:93} INFO - pymp-8yik9lbi
[2022-11-16T22:32:19.237+0000] {subprocess.py:93} INFO - pymp-y00k7agg
[2022-11-16T22:32:19.237+0000] {subprocess.py:93} INFO - reponse_20221001.txt
[2022-11-16T22:32:19.237+0000] {subprocess.py:93} INFO - reponse_20221002.txt
[2022-11-16T22:32:19.237+0000] {subprocess.py:93} INFO - reponse_20221003.txt
[2022-11-16T22:32:19.238+0000] {subprocess.py:93} INFO - reponse_20221004.txt
[2022-11-16T22:32:19.238+0000] {subprocess.py:93} INFO - reponse_20221005.txt
[2022-11-16T22:32:19.238+0000] {subprocess.py:93} INFO - reponse_20221006.txt
[2022-11-16T22:32:19.238+0000] {subprocess.py:93} INFO - reponse_20221007.txt
[2022-11-16T22:32:19.239+0000] {subprocess.py:93} INFO - reponse_20221008.txt
[2022-11-16T22:32:19.239+0000] {subprocess.py:93} INFO - reponse_20221009.txt
[2022-11-16T22:32:19.239+0000] {subprocess.py:93} INFO - reponse_20221010.txt
[2022-11-16T22:32:19.239+0000] {subprocess.py:93} INFO - reponse_20221011.txt
[2022-11-16T22:32:19.240+0000] {subprocess.py:93} INFO - reponse_20221012.txt
[2022-11-16T22:32:19.240+0000] {subprocess.py:93} INFO - reponse_20221013.txt
[2022-11-16T22:32:19.240+0000] {subprocess.py:93} INFO - reponse_20221014.txt
[2022-11-16T22:32:19.240+0000] {subprocess.py:93} INFO - reponse_20221015.txt
[2022-11-16T22:32:19.241+0000] {subprocess.py:93} INFO - reponse_20221016.txt
[2022-11-16T22:32:19.241+0000] {subprocess.py:93} INFO - reponse_20221017.txt
[2022-11-16T22:32:19.241+0000] {subprocess.py:93} INFO - reponse_20221018.txt
[2022-11-16T22:32:19.242+0000] {subprocess.py:93} INFO - reponse_20221019.txt
[2022-11-16T22:32:19.242+0000] {subprocess.py:93} INFO - reponse_20221020.txt
[2022-11-16T22:32:19.243+0000] {subprocess.py:93} INFO - reponse_20221021.txt
[2022-11-16T22:32:19.243+0000] {subprocess.py:93} INFO - reponse_20221022.txt
[2022-11-16T22:32:19.243+0000] {subprocess.py:93} INFO - reponse_20221023.txt
[2022-11-16T22:32:19.244+0000] {subprocess.py:93} INFO - reponse_20221024.txt
[2022-11-16T22:32:19.244+0000] {subprocess.py:93} INFO - reponse_20221025.txt
[2022-11-16T22:32:19.244+0000] {subprocess.py:93} INFO - reponse_20221026.txt
[2022-11-16T22:32:19.245+0000] {subprocess.py:93} INFO - reponse_20221027.txt
[2022-11-16T22:32:19.245+0000] {subprocess.py:93} INFO - reponse_20221028.txt
[2022-11-16T22:32:19.245+0000] {subprocess.py:93} INFO - reponse_20221029.txt
[2022-11-16T22:32:19.246+0000] {subprocess.py:93} INFO - reponse_20221030.txt
[2022-11-16T22:32:19.246+0000] {subprocess.py:93} INFO - reponse_20221031.txt
[2022-11-16T22:32:19.246+0000] {subprocess.py:93} INFO - reponse_20221101.txt
[2022-11-16T22:32:19.246+0000] {subprocess.py:93} INFO - reponse_20221102.txt
[2022-11-16T22:32:19.247+0000] {subprocess.py:93} INFO - reponse_20221103.txt
[2022-11-16T22:32:19.247+0000] {subprocess.py:93} INFO - reponse_20221104.txt
[2022-11-16T22:32:19.247+0000] {subprocess.py:93} INFO - reponse_20221105.txt
[2022-11-16T22:32:19.247+0000] {subprocess.py:93} INFO - reponse_20221106.txt
[2022-11-16T22:32:19.248+0000] {subprocess.py:93} INFO - reponse_20221107.txt
[2022-11-16T22:32:19.248+0000] {subprocess.py:93} INFO - reponse_20221108.txt
[2022-11-16T22:32:19.248+0000] {subprocess.py:93} INFO - reponse_20221109.txt
[2022-11-16T22:32:19.248+0000] {subprocess.py:93} INFO - reponse_20221110.txt
[2022-11-16T22:32:19.249+0000] {subprocess.py:93} INFO - reponse_20221111.txt
[2022-11-16T22:32:19.249+0000] {subprocess.py:93} INFO - reponse_20221112.txt
[2022-11-16T22:32:19.249+0000] {subprocess.py:93} INFO - reponse_20221113.txt
[2022-11-16T22:32:19.250+0000] {subprocess.py:93} INFO - reponse_20221114.txt
[2022-11-16T22:32:19.250+0000] {subprocess.py:93} INFO - reponse_20221115.txt
[2022-11-16T22:32:19.250+0000] {subprocess.py:93} INFO - tmp061o5asr
[2022-11-16T22:32:19.250+0000] {subprocess.py:93} INFO - tmp1b_v374g
[2022-11-16T22:32:19.251+0000] {subprocess.py:93} INFO - tmp2n3y4qb3
[2022-11-16T22:32:19.251+0000] {subprocess.py:93} INFO - tmp2ztydtyd
[2022-11-16T22:32:19.251+0000] {subprocess.py:93} INFO - tmp546oqdk0
[2022-11-16T22:32:19.252+0000] {subprocess.py:93} INFO - tmp57roj99h
[2022-11-16T22:32:19.252+0000] {subprocess.py:93} INFO - tmp5lejojs5
[2022-11-16T22:32:19.252+0000] {subprocess.py:93} INFO - tmp5nj2onwa
[2022-11-16T22:32:19.252+0000] {subprocess.py:93} INFO - tmp64cxrvul
[2022-11-16T22:32:19.253+0000] {subprocess.py:93} INFO - tmp6g4l21c1
[2022-11-16T22:32:19.253+0000] {subprocess.py:93} INFO - tmp7c6bgots
[2022-11-16T22:32:19.253+0000] {subprocess.py:93} INFO - tmp7khebugo
[2022-11-16T22:32:19.253+0000] {subprocess.py:93} INFO - tmp7lvtz6wk
[2022-11-16T22:32:19.254+0000] {subprocess.py:93} INFO - tmp8_n1aj39
[2022-11-16T22:32:19.255+0000] {subprocess.py:93} INFO - tmp8c_dsk2e
[2022-11-16T22:32:19.255+0000] {subprocess.py:93} INFO - tmp928ntdt7
[2022-11-16T22:32:19.256+0000] {subprocess.py:93} INFO - tmp9503grtb
[2022-11-16T22:32:19.256+0000] {subprocess.py:93} INFO - tmp_afh1uos
[2022-11-16T22:32:19.257+0000] {subprocess.py:93} INFO - tmp_m6lsnw3
[2022-11-16T22:32:19.257+0000] {subprocess.py:93} INFO - tmp_vy6n6_q
[2022-11-16T22:32:19.258+0000] {subprocess.py:93} INFO - tmpcnj5oj8y
[2022-11-16T22:32:19.258+0000] {subprocess.py:93} INFO - tmpcu_pom_6
[2022-11-16T22:32:19.259+0000] {subprocess.py:93} INFO - tmpdmc2g1zb
[2022-11-16T22:32:19.259+0000] {subprocess.py:93} INFO - tmpe4k1ogev
[2022-11-16T22:32:19.260+0000] {subprocess.py:93} INFO - tmpg_n88zm7
[2022-11-16T22:32:19.260+0000] {subprocess.py:93} INFO - tmpgg8mkst1
[2022-11-16T22:32:19.261+0000] {subprocess.py:93} INFO - tmpgi8v82jx
[2022-11-16T22:32:19.261+0000] {subprocess.py:93} INFO - tmpiez6kail
[2022-11-16T22:32:19.262+0000] {subprocess.py:93} INFO - tmpj1n4wxza
[2022-11-16T22:32:19.262+0000] {subprocess.py:93} INFO - tmpjsznho2e
[2022-11-16T22:32:19.262+0000] {subprocess.py:93} INFO - tmpkrg9_cgk
[2022-11-16T22:32:19.263+0000] {subprocess.py:93} INFO - tmpl13ymsfs
[2022-11-16T22:32:19.263+0000] {subprocess.py:93} INFO - tmplrbhl64b
[2022-11-16T22:32:19.263+0000] {subprocess.py:93} INFO - tmpn38ozedg
[2022-11-16T22:32:19.264+0000] {subprocess.py:93} INFO - tmpn96u_4ih
[2022-11-16T22:32:19.264+0000] {subprocess.py:93} INFO - tmpo3nf6k5c
[2022-11-16T22:32:19.264+0000] {subprocess.py:93} INFO - tmpoy_ljy8t
[2022-11-16T22:32:19.265+0000] {subprocess.py:93} INFO - tmpp4w9yq6x
[2022-11-16T22:32:19.265+0000] {subprocess.py:93} INFO - tmppfidxzjr
[2022-11-16T22:32:19.266+0000] {subprocess.py:93} INFO - tmpr681bhfw
[2022-11-16T22:32:19.266+0000] {subprocess.py:93} INFO - tmpr9102hwf
[2022-11-16T22:32:19.266+0000] {subprocess.py:93} INFO - tmpt4qo16oq
[2022-11-16T22:32:19.267+0000] {subprocess.py:93} INFO - tmptn832g5z
[2022-11-16T22:32:19.267+0000] {subprocess.py:93} INFO - tmpu9qbl0wh
[2022-11-16T22:32:19.267+0000] {subprocess.py:93} INFO - tmpuq8ywung
[2022-11-16T22:32:19.268+0000] {subprocess.py:93} INFO - tmpv606o9_9
[2022-11-16T22:32:19.268+0000] {subprocess.py:93} INFO - tmpxf7g1lc4
[2022-11-16T22:32:19.268+0000] {subprocess.py:93} INFO - tmpxktobcjf
[2022-11-16T22:32:19.269+0000] {subprocess.py:93} INFO - tmpz91iizm7
[2022-11-16T22:32:19.269+0000] {subprocess.py:93} INFO - head: cannot open '/tmp/platzi_data.csv' for reading: No such file or directory
[2022-11-16T22:32:19.270+0000] {subprocess.py:97} INFO - Command exited with return code 1
[2022-11-16T22:32:19.282+0000] {taskinstance.py:1851} ERROR - Task failed with exception
Traceback (most recent call last):
  File "/home/airflow/.local/lib/python3.7/site-packages/airflow/operators/bash.py", line 197, in execute
    f'Bash command failed. The command returned a non-zero exit code {result.exit_code}.'
airflow.exceptions.AirflowException: Bash command failed. The command returned a non-zero exit code 1.
[2022-11-16T22:32:19.287+0000] {taskinstance.py:1406} INFO - Marking task as FAILED. dag_id=MyPersonalAirflowProject, task_id=Print_Imported_data, execution_date=20221105T000000, start_date=20221116T223218, end_date=20221116T223219
[2022-11-16T22:32:19.303+0000] {standard_task_runner.py:105} ERROR - Failed to execute job 1655 for task Print_Imported_data (Bash command failed. The command returned a non-zero exit code 1.; 6220)
[2022-11-16T22:32:19.314+0000] {local_task_job.py:164} INFO - Task exited with return code 1
[2022-11-16T22:32:19.338+0000] {local_task_job.py:273} INFO - 0 downstream tasks scheduled from follow-on schedule check
[2022-11-17T16:43:13.128+0000] {taskinstance.py:1165} INFO - Dependencies all met for <TaskInstance: MyPersonalAirflowProject.Print_Imported_data scheduled__2022-11-05T00:00:00+00:00 [queued]>
[2022-11-17T16:43:13.142+0000] {taskinstance.py:1165} INFO - Dependencies all met for <TaskInstance: MyPersonalAirflowProject.Print_Imported_data scheduled__2022-11-05T00:00:00+00:00 [queued]>
[2022-11-17T16:43:13.143+0000] {taskinstance.py:1362} INFO - 
--------------------------------------------------------------------------------
[2022-11-17T16:43:13.143+0000] {taskinstance.py:1363} INFO - Starting attempt 1 of 1
[2022-11-17T16:43:13.144+0000] {taskinstance.py:1364} INFO - 
--------------------------------------------------------------------------------
[2022-11-17T16:43:13.160+0000] {taskinstance.py:1383} INFO - Executing <Task(BashOperator): Print_Imported_data> on 2022-11-05 00:00:00+00:00
[2022-11-17T16:43:13.166+0000] {standard_task_runner.py:55} INFO - Started process 4642 to run task
[2022-11-17T16:43:13.168+0000] {standard_task_runner.py:82} INFO - Running: ['***', 'tasks', 'run', 'MyPersonalAirflowProject', 'Print_Imported_data', 'scheduled__2022-11-05T00:00:00+00:00', '--job-id', '2309', '--raw', '--subdir', 'DAGS_FOLDER/FinalPersonalProject.py', '--cfg-path', '/tmp/tmpwe2ru1gz']
[2022-11-17T16:43:13.169+0000] {standard_task_runner.py:83} INFO - Job 2309: Subtask Print_Imported_data
[2022-11-17T16:43:13.236+0000] {task_command.py:376} INFO - Running <TaskInstance: MyPersonalAirflowProject.Print_Imported_data scheduled__2022-11-05T00:00:00+00:00 [running]> on host 638485efabe7
[2022-11-17T16:43:13.317+0000] {taskinstance.py:1592} INFO - Exporting the following env vars:
AIRFLOW_CTX_DAG_OWNER=***
AIRFLOW_CTX_DAG_ID=MyPersonalAirflowProject
AIRFLOW_CTX_TASK_ID=Print_Imported_data
AIRFLOW_CTX_EXECUTION_DATE=2022-11-05T00:00:00+00:00
AIRFLOW_CTX_TRY_NUMBER=1
AIRFLOW_CTX_DAG_RUN_ID=scheduled__2022-11-05T00:00:00+00:00
[2022-11-17T16:43:13.318+0000] {subprocess.py:63} INFO - Tmp dir root location: 
 /tmp
[2022-11-17T16:43:13.319+0000] {subprocess.py:75} INFO - Running command: ['/bin/bash', '-c', 'ls /tmp/ && head /tmp/platzi_data_20221105.csv']
[2022-11-17T16:43:13.331+0000] {subprocess.py:86} INFO - Output:
[2022-11-17T16:43:13.335+0000] {subprocess.py:93} INFO - ***tmpezf9m421
[2022-11-17T16:43:13.336+0000] {subprocess.py:93} INFO - ***tmpk5xxq3nx
[2022-11-17T16:43:13.336+0000] {subprocess.py:93} INFO - ***tmplkvca7ip
[2022-11-17T16:43:13.337+0000] {subprocess.py:93} INFO - ***tmpodkacs8z
[2022-11-17T16:43:13.337+0000] {subprocess.py:93} INFO - file.txt
[2022-11-17T16:43:13.338+0000] {subprocess.py:93} INFO - history.json
[2022-11-17T16:43:13.338+0000] {subprocess.py:93} INFO - platzi_data_20221001.csv
[2022-11-17T16:43:13.338+0000] {subprocess.py:93} INFO - platzi_data_20221002.csv
[2022-11-17T16:43:13.339+0000] {subprocess.py:93} INFO - platzi_data_20221003.csv
[2022-11-17T16:43:13.339+0000] {subprocess.py:93} INFO - platzi_data_20221004.csv
[2022-11-17T16:43:13.339+0000] {subprocess.py:93} INFO - platzi_data_20221005.csv
[2022-11-17T16:43:13.340+0000] {subprocess.py:93} INFO - platzi_data_20221006.csv
[2022-11-17T16:43:13.340+0000] {subprocess.py:93} INFO - platzi_data_20221007.csv
[2022-11-17T16:43:13.340+0000] {subprocess.py:93} INFO - platzi_data_20221008.csv
[2022-11-17T16:43:13.341+0000] {subprocess.py:93} INFO - platzi_data_20221009.csv
[2022-11-17T16:43:13.341+0000] {subprocess.py:93} INFO - platzi_data_20221010.csv
[2022-11-17T16:43:13.341+0000] {subprocess.py:93} INFO - platzi_data_20221011.csv
[2022-11-17T16:43:13.341+0000] {subprocess.py:93} INFO - platzi_data_20221012.csv
[2022-11-17T16:43:13.342+0000] {subprocess.py:93} INFO - platzi_data_20221013.csv
[2022-11-17T16:43:13.342+0000] {subprocess.py:93} INFO - platzi_data_20221014.csv
[2022-11-17T16:43:13.342+0000] {subprocess.py:93} INFO - platzi_data_20221015.csv
[2022-11-17T16:43:13.343+0000] {subprocess.py:93} INFO - platzi_data_20221016.csv
[2022-11-17T16:43:13.343+0000] {subprocess.py:93} INFO - platzi_data_20221017.csv
[2022-11-17T16:43:13.343+0000] {subprocess.py:93} INFO - platzi_data_20221018.csv
[2022-11-17T16:43:13.344+0000] {subprocess.py:93} INFO - platzi_data_20221019.csv
[2022-11-17T16:43:13.344+0000] {subprocess.py:93} INFO - platzi_data_20221020.csv
[2022-11-17T16:43:13.344+0000] {subprocess.py:93} INFO - platzi_data_20221021.csv
[2022-11-17T16:43:13.344+0000] {subprocess.py:93} INFO - platzi_data_20221022.csv
[2022-11-17T16:43:13.345+0000] {subprocess.py:93} INFO - platzi_data_20221023.csv
[2022-11-17T16:43:13.345+0000] {subprocess.py:93} INFO - platzi_data_20221024.csv
[2022-11-17T16:43:13.345+0000] {subprocess.py:93} INFO - platzi_data_20221025.csv
[2022-11-17T16:43:13.346+0000] {subprocess.py:93} INFO - platzi_data_20221026.csv
[2022-11-17T16:43:13.346+0000] {subprocess.py:93} INFO - platzi_data_20221027.csv
[2022-11-17T16:43:13.346+0000] {subprocess.py:93} INFO - platzi_data_20221028.csv
[2022-11-17T16:43:13.347+0000] {subprocess.py:93} INFO - platzi_data_20221029.csv
[2022-11-17T16:43:13.347+0000] {subprocess.py:93} INFO - platzi_data_20221030.csv
[2022-11-17T16:43:13.347+0000] {subprocess.py:93} INFO - platzi_data_20221031.csv
[2022-11-17T16:43:13.347+0000] {subprocess.py:93} INFO - platzi_data_20221101.csv
[2022-11-17T16:43:13.348+0000] {subprocess.py:93} INFO - platzi_data_20221102.csv
[2022-11-17T16:43:13.348+0000] {subprocess.py:93} INFO - platzi_data_20221103.csv
[2022-11-17T16:43:13.348+0000] {subprocess.py:93} INFO - platzi_data_20221104.csv
[2022-11-17T16:43:13.349+0000] {subprocess.py:93} INFO - platzi_data_20221105.csv
[2022-11-17T16:43:13.349+0000] {subprocess.py:93} INFO - platzi_data_20221106.csv
[2022-11-17T16:43:13.349+0000] {subprocess.py:93} INFO - platzi_data_20221107.csv
[2022-11-17T16:43:13.349+0000] {subprocess.py:93} INFO - platzi_data_20221108.csv
[2022-11-17T16:43:13.350+0000] {subprocess.py:93} INFO - platzi_data_20221109.csv
[2022-11-17T16:43:13.350+0000] {subprocess.py:93} INFO - platzi_data_20221110.csv
[2022-11-17T16:43:13.350+0000] {subprocess.py:93} INFO - platzi_data_20221111.csv
[2022-11-17T16:43:13.351+0000] {subprocess.py:93} INFO - platzi_data_20221112.csv
[2022-11-17T16:43:13.351+0000] {subprocess.py:93} INFO - platzi_data_20221113.csv
[2022-11-17T16:43:13.351+0000] {subprocess.py:93} INFO - platzi_data_20221114.csv
[2022-11-17T16:43:13.351+0000] {subprocess.py:93} INFO - platzi_data_20221115.csv
[2022-11-17T16:43:13.352+0000] {subprocess.py:93} INFO - platzi_data_20221116.csv
[2022-11-17T16:43:13.352+0000] {subprocess.py:93} INFO - pymp-8yik9lbi
[2022-11-17T16:43:13.352+0000] {subprocess.py:93} INFO - pymp-sbqt6pho
[2022-11-17T16:43:13.353+0000] {subprocess.py:93} INFO - reponse_20221001.txt
[2022-11-17T16:43:13.353+0000] {subprocess.py:93} INFO - reponse_20221002.txt
[2022-11-17T16:43:13.353+0000] {subprocess.py:93} INFO - reponse_20221003.txt
[2022-11-17T16:43:13.353+0000] {subprocess.py:93} INFO - reponse_20221004.txt
[2022-11-17T16:43:13.354+0000] {subprocess.py:93} INFO - reponse_20221005.txt
[2022-11-17T16:43:13.354+0000] {subprocess.py:93} INFO - reponse_20221006.txt
[2022-11-17T16:43:13.354+0000] {subprocess.py:93} INFO - reponse_20221007.txt
[2022-11-17T16:43:13.355+0000] {subprocess.py:93} INFO - reponse_20221008.txt
[2022-11-17T16:43:13.355+0000] {subprocess.py:93} INFO - reponse_20221009.txt
[2022-11-17T16:43:13.355+0000] {subprocess.py:93} INFO - reponse_20221010.txt
[2022-11-17T16:43:13.356+0000] {subprocess.py:93} INFO - reponse_20221011.txt
[2022-11-17T16:43:13.356+0000] {subprocess.py:93} INFO - reponse_20221012.txt
[2022-11-17T16:43:13.356+0000] {subprocess.py:93} INFO - reponse_20221013.txt
[2022-11-17T16:43:13.356+0000] {subprocess.py:93} INFO - reponse_20221014.txt
[2022-11-17T16:43:13.357+0000] {subprocess.py:93} INFO - reponse_20221015.txt
[2022-11-17T16:43:13.357+0000] {subprocess.py:93} INFO - reponse_20221016.txt
[2022-11-17T16:43:13.357+0000] {subprocess.py:93} INFO - reponse_20221017.txt
[2022-11-17T16:43:13.358+0000] {subprocess.py:93} INFO - reponse_20221018.txt
[2022-11-17T16:43:13.358+0000] {subprocess.py:93} INFO - reponse_20221019.txt
[2022-11-17T16:43:13.358+0000] {subprocess.py:93} INFO - reponse_20221020.txt
[2022-11-17T16:43:13.358+0000] {subprocess.py:93} INFO - reponse_20221021.txt
[2022-11-17T16:43:13.359+0000] {subprocess.py:93} INFO - reponse_20221022.txt
[2022-11-17T16:43:13.359+0000] {subprocess.py:93} INFO - reponse_20221023.txt
[2022-11-17T16:43:13.359+0000] {subprocess.py:93} INFO - reponse_20221024.txt
[2022-11-17T16:43:13.359+0000] {subprocess.py:93} INFO - reponse_20221025.txt
[2022-11-17T16:43:13.360+0000] {subprocess.py:93} INFO - reponse_20221026.txt
[2022-11-17T16:43:13.360+0000] {subprocess.py:93} INFO - reponse_20221027.txt
[2022-11-17T16:43:13.360+0000] {subprocess.py:93} INFO - reponse_20221028.txt
[2022-11-17T16:43:13.361+0000] {subprocess.py:93} INFO - reponse_20221029.txt
[2022-11-17T16:43:13.361+0000] {subprocess.py:93} INFO - reponse_20221030.txt
[2022-11-17T16:43:13.361+0000] {subprocess.py:93} INFO - reponse_20221031.txt
[2022-11-17T16:43:13.361+0000] {subprocess.py:93} INFO - reponse_20221101.txt
[2022-11-17T16:43:13.362+0000] {subprocess.py:93} INFO - reponse_20221102.txt
[2022-11-17T16:43:13.362+0000] {subprocess.py:93} INFO - reponse_20221103.txt
[2022-11-17T16:43:13.362+0000] {subprocess.py:93} INFO - reponse_20221104.txt
[2022-11-17T16:43:13.362+0000] {subprocess.py:93} INFO - reponse_20221105.txt
[2022-11-17T16:43:13.363+0000] {subprocess.py:93} INFO - reponse_20221106.txt
[2022-11-17T16:43:13.363+0000] {subprocess.py:93} INFO - reponse_20221107.txt
[2022-11-17T16:43:13.363+0000] {subprocess.py:93} INFO - reponse_20221108.txt
[2022-11-17T16:43:13.364+0000] {subprocess.py:93} INFO - reponse_20221109.txt
[2022-11-17T16:43:13.364+0000] {subprocess.py:93} INFO - reponse_20221110.txt
[2022-11-17T16:43:13.364+0000] {subprocess.py:93} INFO - reponse_20221111.txt
[2022-11-17T16:43:13.365+0000] {subprocess.py:93} INFO - reponse_20221112.txt
[2022-11-17T16:43:13.365+0000] {subprocess.py:93} INFO - reponse_20221113.txt
[2022-11-17T16:43:13.365+0000] {subprocess.py:93} INFO - reponse_20221114.txt
[2022-11-17T16:43:13.366+0000] {subprocess.py:93} INFO - reponse_20221115.txt
[2022-11-17T16:43:13.366+0000] {subprocess.py:93} INFO - reponse_20221116.txt
[2022-11-17T16:43:13.366+0000] {subprocess.py:93} INFO - tmp061o5asr
[2022-11-17T16:43:13.366+0000] {subprocess.py:93} INFO - tmp1b_v374g
[2022-11-17T16:43:13.367+0000] {subprocess.py:93} INFO - tmp2n3y4qb3
[2022-11-17T16:43:13.367+0000] {subprocess.py:93} INFO - tmp2ztydtyd
[2022-11-17T16:43:13.367+0000] {subprocess.py:93} INFO - tmp546oqdk0
[2022-11-17T16:43:13.368+0000] {subprocess.py:93} INFO - tmp57roj99h
[2022-11-17T16:43:13.368+0000] {subprocess.py:93} INFO - tmp5lejojs5
[2022-11-17T16:43:13.368+0000] {subprocess.py:93} INFO - tmp5nj2onwa
[2022-11-17T16:43:13.368+0000] {subprocess.py:93} INFO - tmp64cxrvul
[2022-11-17T16:43:13.369+0000] {subprocess.py:93} INFO - tmp6g4l21c1
[2022-11-17T16:43:13.369+0000] {subprocess.py:93} INFO - tmp7c6bgots
[2022-11-17T16:43:13.369+0000] {subprocess.py:93} INFO - tmp7khebugo
[2022-11-17T16:43:13.370+0000] {subprocess.py:93} INFO - tmp7lvtz6wk
[2022-11-17T16:43:13.370+0000] {subprocess.py:93} INFO - tmp8_n1aj39
[2022-11-17T16:43:13.370+0000] {subprocess.py:93} INFO - tmp8c_dsk2e
[2022-11-17T16:43:13.371+0000] {subprocess.py:93} INFO - tmp928ntdt7
[2022-11-17T16:43:13.371+0000] {subprocess.py:93} INFO - tmp9503grtb
[2022-11-17T16:43:13.371+0000] {subprocess.py:93} INFO - tmp_afh1uos
[2022-11-17T16:43:13.372+0000] {subprocess.py:93} INFO - tmp_m6lsnw3
[2022-11-17T16:43:13.372+0000] {subprocess.py:93} INFO - tmp_vy6n6_q
[2022-11-17T16:43:13.372+0000] {subprocess.py:93} INFO - tmpcnj5oj8y
[2022-11-17T16:43:13.372+0000] {subprocess.py:93} INFO - tmpcu_pom_6
[2022-11-17T16:43:13.373+0000] {subprocess.py:93} INFO - tmpdmc2g1zb
[2022-11-17T16:43:13.373+0000] {subprocess.py:93} INFO - tmpe4k1ogev
[2022-11-17T16:43:13.373+0000] {subprocess.py:93} INFO - tmpg_n88zm7
[2022-11-17T16:43:13.373+0000] {subprocess.py:93} INFO - tmpgg8mkst1
[2022-11-17T16:43:13.374+0000] {subprocess.py:93} INFO - tmpgi8v82jx
[2022-11-17T16:43:13.374+0000] {subprocess.py:93} INFO - tmpiez6kail
[2022-11-17T16:43:13.374+0000] {subprocess.py:93} INFO - tmpj1n4wxza
[2022-11-17T16:43:13.375+0000] {subprocess.py:93} INFO - tmpjsznho2e
[2022-11-17T16:43:13.375+0000] {subprocess.py:93} INFO - tmpkrg9_cgk
[2022-11-17T16:43:13.375+0000] {subprocess.py:93} INFO - tmpl13ymsfs
[2022-11-17T16:43:13.375+0000] {subprocess.py:93} INFO - tmplrbhl64b
[2022-11-17T16:43:13.376+0000] {subprocess.py:93} INFO - tmpn38ozedg
[2022-11-17T16:43:13.376+0000] {subprocess.py:93} INFO - tmpn96u_4ih
[2022-11-17T16:43:13.376+0000] {subprocess.py:93} INFO - tmpo3nf6k5c
[2022-11-17T16:43:13.377+0000] {subprocess.py:93} INFO - tmpoy_ljy8t
[2022-11-17T16:43:13.377+0000] {subprocess.py:93} INFO - tmpp4w9yq6x
[2022-11-17T16:43:13.377+0000] {subprocess.py:93} INFO - tmppfidxzjr
[2022-11-17T16:43:13.377+0000] {subprocess.py:93} INFO - tmpr681bhfw
[2022-11-17T16:43:13.378+0000] {subprocess.py:93} INFO - tmpr9102hwf
[2022-11-17T16:43:13.378+0000] {subprocess.py:93} INFO - tmpt4qo16oq
[2022-11-17T16:43:13.378+0000] {subprocess.py:93} INFO - tmptn832g5z
[2022-11-17T16:43:13.379+0000] {subprocess.py:93} INFO - tmpu9qbl0wh
[2022-11-17T16:43:13.379+0000] {subprocess.py:93} INFO - tmpuq8ywung
[2022-11-17T16:43:13.379+0000] {subprocess.py:93} INFO - tmpv606o9_9
[2022-11-17T16:43:13.380+0000] {subprocess.py:93} INFO - tmpxf7g1lc4
[2022-11-17T16:43:13.380+0000] {subprocess.py:93} INFO - tmpxktobcjf
[2022-11-17T16:43:13.380+0000] {subprocess.py:93} INFO - tmpz91iizm7
[2022-11-17T16:43:13.381+0000] {subprocess.py:93} INFO - ,student,timestamp
[2022-11-17T16:43:13.381+0000] {subprocess.py:93} INFO - 0,Maria Cruz,2022-11-05 00:00:00+00:00
[2022-11-17T16:43:13.381+0000] {subprocess.py:93} INFO - 1,Daniel Crema,2022-11-05 00:00:00+00:00
[2022-11-17T16:43:13.381+0000] {subprocess.py:93} INFO - 2,Elon Musk,2022-11-05 00:00:00+00:00
[2022-11-17T16:43:13.382+0000] {subprocess.py:93} INFO - 3,Karol Castrejon,2022-11-05 00:00:00+00:00
[2022-11-17T16:43:13.382+0000] {subprocess.py:93} INFO - 4,Freddy Vega,2022-11-05 00:00:00+00:00
[2022-11-17T16:43:13.382+0000] {subprocess.py:93} INFO - 5,Freddy Montañez,2022-11-05 00:00:00+00:00
[2022-11-17T16:43:13.383+0000] {subprocess.py:97} INFO - Command exited with return code 0
[2022-11-17T16:43:13.407+0000] {taskinstance.py:1406} INFO - Marking task as SUCCESS. dag_id=MyPersonalAirflowProject, task_id=Print_Imported_data, execution_date=20221105T000000, start_date=20221117T164313, end_date=20221117T164313
[2022-11-17T16:43:13.463+0000] {local_task_job.py:164} INFO - Task exited with return code 0
[2022-11-17T16:43:13.490+0000] {local_task_job.py:273} INFO - 2 downstream tasks scheduled from follow-on schedule check
[2022-11-17T17:34:17.788+0000] {taskinstance.py:1165} INFO - Dependencies all met for <TaskInstance: MyPersonalAirflowProject.Print_Imported_data scheduled__2022-11-05T00:00:00+00:00 [queued]>
[2022-11-17T17:34:17.803+0000] {taskinstance.py:1165} INFO - Dependencies all met for <TaskInstance: MyPersonalAirflowProject.Print_Imported_data scheduled__2022-11-05T00:00:00+00:00 [queued]>
[2022-11-17T17:34:17.804+0000] {taskinstance.py:1362} INFO - 
--------------------------------------------------------------------------------
[2022-11-17T17:34:17.804+0000] {taskinstance.py:1363} INFO - Starting attempt 1 of 1
[2022-11-17T17:34:17.805+0000] {taskinstance.py:1364} INFO - 
--------------------------------------------------------------------------------
[2022-11-17T17:34:17.822+0000] {taskinstance.py:1383} INFO - Executing <Task(BashOperator): Print_Imported_data> on 2022-11-05 00:00:00+00:00
[2022-11-17T17:34:17.828+0000] {standard_task_runner.py:55} INFO - Started process 8262 to run task
[2022-11-17T17:34:17.831+0000] {standard_task_runner.py:82} INFO - Running: ['***', 'tasks', 'run', 'MyPersonalAirflowProject', 'Print_Imported_data', 'scheduled__2022-11-05T00:00:00+00:00', '--job-id', '2719', '--raw', '--subdir', 'DAGS_FOLDER/FinalPersonalProject.py', '--cfg-path', '/tmp/tmpu0fhkwyo']
[2022-11-17T17:34:17.831+0000] {standard_task_runner.py:83} INFO - Job 2719: Subtask Print_Imported_data
[2022-11-17T17:34:17.899+0000] {task_command.py:376} INFO - Running <TaskInstance: MyPersonalAirflowProject.Print_Imported_data scheduled__2022-11-05T00:00:00+00:00 [running]> on host 638485efabe7
[2022-11-17T17:34:18.006+0000] {taskinstance.py:1592} INFO - Exporting the following env vars:
AIRFLOW_CTX_DAG_OWNER=***
AIRFLOW_CTX_DAG_ID=MyPersonalAirflowProject
AIRFLOW_CTX_TASK_ID=Print_Imported_data
AIRFLOW_CTX_EXECUTION_DATE=2022-11-05T00:00:00+00:00
AIRFLOW_CTX_TRY_NUMBER=1
AIRFLOW_CTX_DAG_RUN_ID=scheduled__2022-11-05T00:00:00+00:00
[2022-11-17T17:34:18.008+0000] {subprocess.py:63} INFO - Tmp dir root location: 
 /tmp
[2022-11-17T17:34:18.009+0000] {subprocess.py:75} INFO - Running command: ['/bin/bash', '-c', 'ls /tmp/ && head /tmp/platzi_data_20221105.csv']
[2022-11-17T17:34:18.022+0000] {subprocess.py:86} INFO - Output:
[2022-11-17T17:34:18.026+0000] {subprocess.py:93} INFO - ***tmpk5xxq3nx
[2022-11-17T17:34:18.027+0000] {subprocess.py:93} INFO - ***tmplkvca7ip
[2022-11-17T17:34:18.027+0000] {subprocess.py:93} INFO - ***tmpodkacs8z
[2022-11-17T17:34:18.027+0000] {subprocess.py:93} INFO - ***tmpz2np5h4t
[2022-11-17T17:34:18.028+0000] {subprocess.py:93} INFO - file.txt
[2022-11-17T17:34:18.028+0000] {subprocess.py:93} INFO - history.json
[2022-11-17T17:34:18.029+0000] {subprocess.py:93} INFO - platzi_data_20221001.csv
[2022-11-17T17:34:18.029+0000] {subprocess.py:93} INFO - platzi_data_20221002.csv
[2022-11-17T17:34:18.029+0000] {subprocess.py:93} INFO - platzi_data_20221003.csv
[2022-11-17T17:34:18.029+0000] {subprocess.py:93} INFO - platzi_data_20221004.csv
[2022-11-17T17:34:18.030+0000] {subprocess.py:93} INFO - platzi_data_20221005.csv
[2022-11-17T17:34:18.030+0000] {subprocess.py:93} INFO - platzi_data_20221006.csv
[2022-11-17T17:34:18.030+0000] {subprocess.py:93} INFO - platzi_data_20221007.csv
[2022-11-17T17:34:18.031+0000] {subprocess.py:93} INFO - platzi_data_20221008.csv
[2022-11-17T17:34:18.031+0000] {subprocess.py:93} INFO - platzi_data_20221009.csv
[2022-11-17T17:34:18.031+0000] {subprocess.py:93} INFO - platzi_data_20221010.csv
[2022-11-17T17:34:18.031+0000] {subprocess.py:93} INFO - platzi_data_20221011.csv
[2022-11-17T17:34:18.032+0000] {subprocess.py:93} INFO - platzi_data_20221012.csv
[2022-11-17T17:34:18.032+0000] {subprocess.py:93} INFO - platzi_data_20221013.csv
[2022-11-17T17:34:18.032+0000] {subprocess.py:93} INFO - platzi_data_20221014.csv
[2022-11-17T17:34:18.032+0000] {subprocess.py:93} INFO - platzi_data_20221015.csv
[2022-11-17T17:34:18.033+0000] {subprocess.py:93} INFO - platzi_data_20221016.csv
[2022-11-17T17:34:18.033+0000] {subprocess.py:93} INFO - platzi_data_20221017.csv
[2022-11-17T17:34:18.033+0000] {subprocess.py:93} INFO - platzi_data_20221018.csv
[2022-11-17T17:34:18.033+0000] {subprocess.py:93} INFO - platzi_data_20221019.csv
[2022-11-17T17:34:18.034+0000] {subprocess.py:93} INFO - platzi_data_20221020.csv
[2022-11-17T17:34:18.034+0000] {subprocess.py:93} INFO - platzi_data_20221021.csv
[2022-11-17T17:34:18.034+0000] {subprocess.py:93} INFO - platzi_data_20221022.csv
[2022-11-17T17:34:18.034+0000] {subprocess.py:93} INFO - platzi_data_20221023.csv
[2022-11-17T17:34:18.035+0000] {subprocess.py:93} INFO - platzi_data_20221024.csv
[2022-11-17T17:34:18.035+0000] {subprocess.py:93} INFO - platzi_data_20221025.csv
[2022-11-17T17:34:18.035+0000] {subprocess.py:93} INFO - platzi_data_20221026.csv
[2022-11-17T17:34:18.035+0000] {subprocess.py:93} INFO - platzi_data_20221027.csv
[2022-11-17T17:34:18.036+0000] {subprocess.py:93} INFO - platzi_data_20221028.csv
[2022-11-17T17:34:18.036+0000] {subprocess.py:93} INFO - platzi_data_20221029.csv
[2022-11-17T17:34:18.036+0000] {subprocess.py:93} INFO - platzi_data_20221030.csv
[2022-11-17T17:34:18.036+0000] {subprocess.py:93} INFO - platzi_data_20221031.csv
[2022-11-17T17:34:18.037+0000] {subprocess.py:93} INFO - platzi_data_20221101.csv
[2022-11-17T17:34:18.037+0000] {subprocess.py:93} INFO - platzi_data_20221102.csv
[2022-11-17T17:34:18.037+0000] {subprocess.py:93} INFO - platzi_data_20221103.csv
[2022-11-17T17:34:18.037+0000] {subprocess.py:93} INFO - platzi_data_20221104.csv
[2022-11-17T17:34:18.038+0000] {subprocess.py:93} INFO - platzi_data_20221105.csv
[2022-11-17T17:34:18.038+0000] {subprocess.py:93} INFO - platzi_data_20221106.csv
[2022-11-17T17:34:18.038+0000] {subprocess.py:93} INFO - platzi_data_20221107.csv
[2022-11-17T17:34:18.038+0000] {subprocess.py:93} INFO - platzi_data_20221108.csv
[2022-11-17T17:34:18.039+0000] {subprocess.py:93} INFO - platzi_data_20221109.csv
[2022-11-17T17:34:18.039+0000] {subprocess.py:93} INFO - platzi_data_20221110.csv
[2022-11-17T17:34:18.040+0000] {subprocess.py:93} INFO - platzi_data_20221111.csv
[2022-11-17T17:34:18.040+0000] {subprocess.py:93} INFO - platzi_data_20221112.csv
[2022-11-17T17:34:18.041+0000] {subprocess.py:93} INFO - platzi_data_20221113.csv
[2022-11-17T17:34:18.042+0000] {subprocess.py:93} INFO - platzi_data_20221114.csv
[2022-11-17T17:34:18.043+0000] {subprocess.py:93} INFO - platzi_data_20221115.csv
[2022-11-17T17:34:18.043+0000] {subprocess.py:93} INFO - platzi_data_20221116.csv
[2022-11-17T17:34:18.044+0000] {subprocess.py:93} INFO - pymp-8yik9lbi
[2022-11-17T17:34:18.044+0000] {subprocess.py:93} INFO - pymp-sbqt6pho
[2022-11-17T17:34:18.045+0000] {subprocess.py:93} INFO - reponse_20221001.txt
[2022-11-17T17:34:18.046+0000] {subprocess.py:93} INFO - reponse_20221002.txt
[2022-11-17T17:34:18.046+0000] {subprocess.py:93} INFO - reponse_20221003.txt
[2022-11-17T17:34:18.047+0000] {subprocess.py:93} INFO - reponse_20221004.txt
[2022-11-17T17:34:18.047+0000] {subprocess.py:93} INFO - reponse_20221005.txt
[2022-11-17T17:34:18.047+0000] {subprocess.py:93} INFO - reponse_20221006.txt
[2022-11-17T17:34:18.048+0000] {subprocess.py:93} INFO - reponse_20221007.txt
[2022-11-17T17:34:18.048+0000] {subprocess.py:93} INFO - reponse_20221008.txt
[2022-11-17T17:34:18.049+0000] {subprocess.py:93} INFO - reponse_20221009.txt
[2022-11-17T17:34:18.049+0000] {subprocess.py:93} INFO - reponse_20221010.txt
[2022-11-17T17:34:18.049+0000] {subprocess.py:93} INFO - reponse_20221011.txt
[2022-11-17T17:34:18.050+0000] {subprocess.py:93} INFO - reponse_20221012.txt
[2022-11-17T17:34:18.050+0000] {subprocess.py:93} INFO - reponse_20221013.txt
[2022-11-17T17:34:18.050+0000] {subprocess.py:93} INFO - reponse_20221014.txt
[2022-11-17T17:34:18.051+0000] {subprocess.py:93} INFO - reponse_20221015.txt
[2022-11-17T17:34:18.051+0000] {subprocess.py:93} INFO - reponse_20221016.txt
[2022-11-17T17:34:18.051+0000] {subprocess.py:93} INFO - reponse_20221017.txt
[2022-11-17T17:34:18.052+0000] {subprocess.py:93} INFO - reponse_20221018.txt
[2022-11-17T17:34:18.052+0000] {subprocess.py:93} INFO - reponse_20221019.txt
[2022-11-17T17:34:18.052+0000] {subprocess.py:93} INFO - reponse_20221020.txt
[2022-11-17T17:34:18.053+0000] {subprocess.py:93} INFO - reponse_20221021.txt
[2022-11-17T17:34:18.053+0000] {subprocess.py:93} INFO - reponse_20221022.txt
[2022-11-17T17:34:18.053+0000] {subprocess.py:93} INFO - reponse_20221023.txt
[2022-11-17T17:34:18.054+0000] {subprocess.py:93} INFO - reponse_20221024.txt
[2022-11-17T17:34:18.054+0000] {subprocess.py:93} INFO - reponse_20221025.txt
[2022-11-17T17:34:18.054+0000] {subprocess.py:93} INFO - reponse_20221026.txt
[2022-11-17T17:34:18.055+0000] {subprocess.py:93} INFO - reponse_20221027.txt
[2022-11-17T17:34:18.055+0000] {subprocess.py:93} INFO - reponse_20221028.txt
[2022-11-17T17:34:18.056+0000] {subprocess.py:93} INFO - reponse_20221029.txt
[2022-11-17T17:34:18.056+0000] {subprocess.py:93} INFO - reponse_20221030.txt
[2022-11-17T17:34:18.056+0000] {subprocess.py:93} INFO - reponse_20221031.txt
[2022-11-17T17:34:18.056+0000] {subprocess.py:93} INFO - reponse_20221101.txt
[2022-11-17T17:34:18.057+0000] {subprocess.py:93} INFO - reponse_20221102.txt
[2022-11-17T17:34:18.057+0000] {subprocess.py:93} INFO - reponse_20221103.txt
[2022-11-17T17:34:18.057+0000] {subprocess.py:93} INFO - reponse_20221104.txt
[2022-11-17T17:34:18.058+0000] {subprocess.py:93} INFO - reponse_20221105.txt
[2022-11-17T17:34:18.058+0000] {subprocess.py:93} INFO - reponse_20221106.txt
[2022-11-17T17:34:18.058+0000] {subprocess.py:93} INFO - reponse_20221107.txt
[2022-11-17T17:34:18.058+0000] {subprocess.py:93} INFO - reponse_20221108.txt
[2022-11-17T17:34:18.059+0000] {subprocess.py:93} INFO - reponse_20221109.txt
[2022-11-17T17:34:18.059+0000] {subprocess.py:93} INFO - reponse_20221110.txt
[2022-11-17T17:34:18.059+0000] {subprocess.py:93} INFO - reponse_20221111.txt
[2022-11-17T17:34:18.059+0000] {subprocess.py:93} INFO - reponse_20221112.txt
[2022-11-17T17:34:18.060+0000] {subprocess.py:93} INFO - reponse_20221113.txt
[2022-11-17T17:34:18.060+0000] {subprocess.py:93} INFO - reponse_20221114.txt
[2022-11-17T17:34:18.061+0000] {subprocess.py:93} INFO - reponse_20221115.txt
[2022-11-17T17:34:18.061+0000] {subprocess.py:93} INFO - reponse_20221116.txt
[2022-11-17T17:34:18.061+0000] {subprocess.py:93} INFO - tmp061o5asr
[2022-11-17T17:34:18.061+0000] {subprocess.py:93} INFO - tmp1b_v374g
[2022-11-17T17:34:18.062+0000] {subprocess.py:93} INFO - tmp2n3y4qb3
[2022-11-17T17:34:18.062+0000] {subprocess.py:93} INFO - tmp2ztydtyd
[2022-11-17T17:34:18.062+0000] {subprocess.py:93} INFO - tmp546oqdk0
[2022-11-17T17:34:18.063+0000] {subprocess.py:93} INFO - tmp57roj99h
[2022-11-17T17:34:18.063+0000] {subprocess.py:93} INFO - tmp5lejojs5
[2022-11-17T17:34:18.063+0000] {subprocess.py:93} INFO - tmp5nj2onwa
[2022-11-17T17:34:18.063+0000] {subprocess.py:93} INFO - tmp64cxrvul
[2022-11-17T17:34:18.064+0000] {subprocess.py:93} INFO - tmp6g4l21c1
[2022-11-17T17:34:18.064+0000] {subprocess.py:93} INFO - tmp7c6bgots
[2022-11-17T17:34:18.064+0000] {subprocess.py:93} INFO - tmp7khebugo
[2022-11-17T17:34:18.065+0000] {subprocess.py:93} INFO - tmp7lvtz6wk
[2022-11-17T17:34:18.065+0000] {subprocess.py:93} INFO - tmp8_n1aj39
[2022-11-17T17:34:18.065+0000] {subprocess.py:93} INFO - tmp8c_dsk2e
[2022-11-17T17:34:18.066+0000] {subprocess.py:93} INFO - tmp928ntdt7
[2022-11-17T17:34:18.066+0000] {subprocess.py:93} INFO - tmp9503grtb
[2022-11-17T17:34:18.066+0000] {subprocess.py:93} INFO - tmp_afh1uos
[2022-11-17T17:34:18.066+0000] {subprocess.py:93} INFO - tmp_m6lsnw3
[2022-11-17T17:34:18.067+0000] {subprocess.py:93} INFO - tmp_vy6n6_q
[2022-11-17T17:34:18.067+0000] {subprocess.py:93} INFO - tmpcnj5oj8y
[2022-11-17T17:34:18.067+0000] {subprocess.py:93} INFO - tmpcu_pom_6
[2022-11-17T17:34:18.067+0000] {subprocess.py:93} INFO - tmpdmc2g1zb
[2022-11-17T17:34:18.068+0000] {subprocess.py:93} INFO - tmpe4k1ogev
[2022-11-17T17:34:18.068+0000] {subprocess.py:93} INFO - tmpg_n88zm7
[2022-11-17T17:34:18.068+0000] {subprocess.py:93} INFO - tmpgg8mkst1
[2022-11-17T17:34:18.069+0000] {subprocess.py:93} INFO - tmpgi8v82jx
[2022-11-17T17:34:18.069+0000] {subprocess.py:93} INFO - tmpiez6kail
[2022-11-17T17:34:18.069+0000] {subprocess.py:93} INFO - tmpj1n4wxza
[2022-11-17T17:34:18.069+0000] {subprocess.py:93} INFO - tmpjsznho2e
[2022-11-17T17:34:18.070+0000] {subprocess.py:93} INFO - tmpkrg9_cgk
[2022-11-17T17:34:18.070+0000] {subprocess.py:93} INFO - tmpl13ymsfs
[2022-11-17T17:34:18.070+0000] {subprocess.py:93} INFO - tmplrbhl64b
[2022-11-17T17:34:18.070+0000] {subprocess.py:93} INFO - tmpn38ozedg
[2022-11-17T17:34:18.071+0000] {subprocess.py:93} INFO - tmpn96u_4ih
[2022-11-17T17:34:18.071+0000] {subprocess.py:93} INFO - tmpo3nf6k5c
[2022-11-17T17:34:18.071+0000] {subprocess.py:93} INFO - tmpoy_ljy8t
[2022-11-17T17:34:18.071+0000] {subprocess.py:93} INFO - tmpp4w9yq6x
[2022-11-17T17:34:18.072+0000] {subprocess.py:93} INFO - tmppfidxzjr
[2022-11-17T17:34:18.072+0000] {subprocess.py:93} INFO - tmpr681bhfw
[2022-11-17T17:34:18.072+0000] {subprocess.py:93} INFO - tmpr9102hwf
[2022-11-17T17:34:18.072+0000] {subprocess.py:93} INFO - tmpt4qo16oq
[2022-11-17T17:34:18.073+0000] {subprocess.py:93} INFO - tmptn832g5z
[2022-11-17T17:34:18.073+0000] {subprocess.py:93} INFO - tmpu9qbl0wh
[2022-11-17T17:34:18.073+0000] {subprocess.py:93} INFO - tmpuq8ywung
[2022-11-17T17:34:18.073+0000] {subprocess.py:93} INFO - tmpv606o9_9
[2022-11-17T17:34:18.074+0000] {subprocess.py:93} INFO - tmpxf7g1lc4
[2022-11-17T17:34:18.074+0000] {subprocess.py:93} INFO - tmpxktobcjf
[2022-11-17T17:34:18.074+0000] {subprocess.py:93} INFO - tmpz91iizm7
[2022-11-17T17:34:18.075+0000] {subprocess.py:93} INFO - ,student,timestamp
[2022-11-17T17:34:18.075+0000] {subprocess.py:93} INFO - 0,Maria Cruz,2022-11-05 00:00:00+00:00
[2022-11-17T17:34:18.075+0000] {subprocess.py:93} INFO - 1,Daniel Crema,2022-11-05 00:00:00+00:00
[2022-11-17T17:34:18.075+0000] {subprocess.py:93} INFO - 2,Elon Musk,2022-11-05 00:00:00+00:00
[2022-11-17T17:34:18.076+0000] {subprocess.py:93} INFO - 3,Karol Castrejon,2022-11-05 00:00:00+00:00
[2022-11-17T17:34:18.076+0000] {subprocess.py:93} INFO - 4,Freddy Vega,2022-11-05 00:00:00+00:00
[2022-11-17T17:34:18.076+0000] {subprocess.py:93} INFO - 5,Freddy Montañez,2022-11-05 00:00:00+00:00
[2022-11-17T17:34:18.077+0000] {subprocess.py:97} INFO - Command exited with return code 0
[2022-11-17T17:34:18.105+0000] {taskinstance.py:1406} INFO - Marking task as SUCCESS. dag_id=MyPersonalAirflowProject, task_id=Print_Imported_data, execution_date=20221105T000000, start_date=20221117T173417, end_date=20221117T173418
[2022-11-17T17:34:18.164+0000] {local_task_job.py:164} INFO - Task exited with return code 0
[2022-11-17T17:34:18.191+0000] {local_task_job.py:273} INFO - 2 downstream tasks scheduled from follow-on schedule check
