[2022-11-17T16:36:36.130+0000] {taskinstance.py:1165} INFO - Dependencies all met for <TaskInstance: MyPersonalAirflowProject.Marketing_team_Notification scheduled__2022-10-24T00:00:00+00:00 [queued]>
[2022-11-17T16:36:36.143+0000] {taskinstance.py:1165} INFO - Dependencies all met for <TaskInstance: MyPersonalAirflowProject.Marketing_team_Notification scheduled__2022-10-24T00:00:00+00:00 [queued]>
[2022-11-17T16:36:36.144+0000] {taskinstance.py:1362} INFO - 
--------------------------------------------------------------------------------
[2022-11-17T16:36:36.180+0000] {taskinstance.py:1363} INFO - Starting attempt 1 of 1
[2022-11-17T16:36:36.180+0000] {taskinstance.py:1364} INFO - 
--------------------------------------------------------------------------------
[2022-11-17T16:36:36.205+0000] {taskinstance.py:1383} INFO - Executing <Task(BashOperator): Marketing_team_Notification> on 2022-10-24 00:00:00+00:00
[2022-11-17T16:36:36.212+0000] {standard_task_runner.py:55} INFO - Started process 4046 to run task
[2022-11-17T16:36:36.215+0000] {standard_task_runner.py:82} INFO - Running: ['***', 'tasks', 'run', 'MyPersonalAirflowProject', 'Marketing_team_Notification', 'scheduled__2022-10-24T00:00:00+00:00', '--job-id', '2215', '--raw', '--subdir', 'DAGS_FOLDER/FinalPersonalProject.py', '--cfg-path', '/tmp/tmp3udh6eyk']
[2022-11-17T16:36:36.216+0000] {standard_task_runner.py:83} INFO - Job 2215: Subtask Marketing_team_Notification
[2022-11-17T16:36:36.291+0000] {task_command.py:376} INFO - Running <TaskInstance: MyPersonalAirflowProject.Marketing_team_Notification scheduled__2022-10-24T00:00:00+00:00 [running]> on host 638485efabe7
[2022-11-17T16:36:36.380+0000] {taskinstance.py:1592} INFO - Exporting the following env vars:
AIRFLOW_CTX_DAG_OWNER=***
AIRFLOW_CTX_DAG_ID=MyPersonalAirflowProject
AIRFLOW_CTX_TASK_ID=Marketing_team_Notification
AIRFLOW_CTX_EXECUTION_DATE=2022-10-24T00:00:00+00:00
AIRFLOW_CTX_TRY_NUMBER=1
AIRFLOW_CTX_DAG_RUN_ID=scheduled__2022-10-24T00:00:00+00:00
[2022-11-17T16:36:36.381+0000] {subprocess.py:63} INFO - Tmp dir root location: 
 /tmp
[2022-11-17T16:36:36.382+0000] {subprocess.py:75} INFO - Running command: ['/bin/bash', '-c', 'echo "Hi Marketing team, Space X data for 2022-10-24 are now available!.. Please check them out!"']
[2022-11-17T16:36:36.393+0000] {subprocess.py:86} INFO - Output:
[2022-11-17T16:36:36.395+0000] {subprocess.py:93} INFO - Hi Marketing team, Space X data for 2022-10-24 are now available!.. Please check them out!
[2022-11-17T16:36:36.396+0000] {subprocess.py:97} INFO - Command exited with return code 0
[2022-11-17T16:36:36.446+0000] {taskinstance.py:1406} INFO - Marking task as SUCCESS. dag_id=MyPersonalAirflowProject, task_id=Marketing_team_Notification, execution_date=20221024T000000, start_date=20221117T163636, end_date=20221117T163636
[2022-11-17T16:36:36.468+0000] {local_task_job.py:164} INFO - Task exited with return code 0
[2022-11-17T16:36:36.526+0000] {local_task_job.py:273} INFO - 0 downstream tasks scheduled from follow-on schedule check
[2022-11-17T17:28:18.251+0000] {taskinstance.py:1165} INFO - Dependencies all met for <TaskInstance: MyPersonalAirflowProject.Marketing_team_Notification scheduled__2022-10-24T00:00:00+00:00 [queued]>
[2022-11-17T17:28:18.264+0000] {taskinstance.py:1165} INFO - Dependencies all met for <TaskInstance: MyPersonalAirflowProject.Marketing_team_Notification scheduled__2022-10-24T00:00:00+00:00 [queued]>
[2022-11-17T17:28:18.265+0000] {taskinstance.py:1362} INFO - 
--------------------------------------------------------------------------------
[2022-11-17T17:28:18.265+0000] {taskinstance.py:1363} INFO - Starting attempt 1 of 1
[2022-11-17T17:28:18.266+0000] {taskinstance.py:1364} INFO - 
--------------------------------------------------------------------------------
[2022-11-17T17:28:18.283+0000] {taskinstance.py:1383} INFO - Executing <Task(BashOperator): Marketing_team_Notification> on 2022-10-24 00:00:00+00:00
[2022-11-17T17:28:18.289+0000] {standard_task_runner.py:55} INFO - Started process 7688 to run task
[2022-11-17T17:28:18.292+0000] {standard_task_runner.py:82} INFO - Running: ['***', 'tasks', 'run', 'MyPersonalAirflowProject', 'Marketing_team_Notification', 'scheduled__2022-10-24T00:00:00+00:00', '--job-id', '2624', '--raw', '--subdir', 'DAGS_FOLDER/FinalPersonalProject.py', '--cfg-path', '/tmp/tmp7ofgaldu']
[2022-11-17T17:28:18.293+0000] {standard_task_runner.py:83} INFO - Job 2624: Subtask Marketing_team_Notification
[2022-11-17T17:28:18.358+0000] {task_command.py:376} INFO - Running <TaskInstance: MyPersonalAirflowProject.Marketing_team_Notification scheduled__2022-10-24T00:00:00+00:00 [running]> on host 638485efabe7
[2022-11-17T17:28:18.436+0000] {taskinstance.py:1592} INFO - Exporting the following env vars:
AIRFLOW_CTX_DAG_OWNER=***
AIRFLOW_CTX_DAG_ID=MyPersonalAirflowProject
AIRFLOW_CTX_TASK_ID=Marketing_team_Notification
AIRFLOW_CTX_EXECUTION_DATE=2022-10-24T00:00:00+00:00
AIRFLOW_CTX_TRY_NUMBER=1
AIRFLOW_CTX_DAG_RUN_ID=scheduled__2022-10-24T00:00:00+00:00
[2022-11-17T17:28:18.438+0000] {subprocess.py:63} INFO - Tmp dir root location: 
 /tmp
[2022-11-17T17:28:18.439+0000] {subprocess.py:75} INFO - Running command: ['/bin/bash', '-c', 'echo "Hi Marketing team, Space X data for 2022-10-24 are now available!.. Please check them out!"']
[2022-11-17T17:28:18.450+0000] {subprocess.py:86} INFO - Output:
[2022-11-17T17:28:18.452+0000] {subprocess.py:93} INFO - Hi Marketing team, Space X data for 2022-10-24 are now available!.. Please check them out!
[2022-11-17T17:28:18.452+0000] {subprocess.py:97} INFO - Command exited with return code 0
[2022-11-17T17:28:18.483+0000] {taskinstance.py:1406} INFO - Marking task as SUCCESS. dag_id=MyPersonalAirflowProject, task_id=Marketing_team_Notification, execution_date=20221024T000000, start_date=20221117T172818, end_date=20221117T172818
[2022-11-17T17:28:18.504+0000] {local_task_job.py:164} INFO - Task exited with return code 0
[2022-11-17T17:28:18.526+0000] {local_task_job.py:273} INFO - 0 downstream tasks scheduled from follow-on schedule check
