[2022-11-15T17:02:03.129+0000] {taskinstance.py:1165} INFO - Dependencies all met for <TaskInstance: 8-templating.task1 scheduled__2022-07-05T00:00:00+00:00 [queued]>
[2022-11-15T17:02:03.146+0000] {taskinstance.py:1165} INFO - Dependencies all met for <TaskInstance: 8-templating.task1 scheduled__2022-07-05T00:00:00+00:00 [queued]>
[2022-11-15T17:02:03.146+0000] {taskinstance.py:1362} INFO - 
--------------------------------------------------------------------------------
[2022-11-15T17:02:03.147+0000] {taskinstance.py:1363} INFO - Starting attempt 1 of 1
[2022-11-15T17:02:03.148+0000] {taskinstance.py:1364} INFO - 
--------------------------------------------------------------------------------
[2022-11-15T17:02:03.167+0000] {taskinstance.py:1383} INFO - Executing <Task(BashOperator): task1> on 2022-07-05 00:00:00+00:00
[2022-11-15T17:02:03.173+0000] {standard_task_runner.py:55} INFO - Started process 1786 to run task
[2022-11-15T17:02:03.176+0000] {standard_task_runner.py:82} INFO - Running: ['***', 'tasks', 'run', '8-templating', 'task1', 'scheduled__2022-07-05T00:00:00+00:00', '--job-id', '1073', '--raw', '--subdir', 'DAGS_FOLDER/8-templating.py', '--cfg-path', '/tmp/tmp3t1cnji3']
[2022-11-15T17:02:03.177+0000] {standard_task_runner.py:83} INFO - Job 1073: Subtask task1
[2022-11-15T17:02:03.248+0000] {task_command.py:376} INFO - Running <TaskInstance: 8-templating.task1 scheduled__2022-07-05T00:00:00+00:00 [running]> on host 638485efabe7
[2022-11-15T17:02:03.348+0000] {taskinstance.py:1592} INFO - Exporting the following env vars:
AIRFLOW_CTX_DAG_OWNER=***
AIRFLOW_CTX_DAG_ID=8-templating
AIRFLOW_CTX_TASK_ID=task1
AIRFLOW_CTX_EXECUTION_DATE=2022-07-05T00:00:00+00:00
AIRFLOW_CTX_TRY_NUMBER=1
AIRFLOW_CTX_DAG_RUN_ID=scheduled__2022-07-05T00:00:00+00:00
[2022-11-15T17:02:03.350+0000] {subprocess.py:63} INFO - Tmp dir root location: 
 /tmp
[2022-11-15T17:02:03.351+0000] {subprocess.py:75} INFO - Running command: ['/bin/bash', '-c', '\n\n    echo "2022-07-05"\n    echo "file1.txt"\n\n    echo "2022-07-05"\n    echo "file2.txt"\n']
[2022-11-15T17:02:03.363+0000] {subprocess.py:86} INFO - Output:
[2022-11-15T17:02:03.365+0000] {subprocess.py:93} INFO - 2022-07-05
[2022-11-15T17:02:03.366+0000] {subprocess.py:93} INFO - file1.txt
[2022-11-15T17:02:03.367+0000] {subprocess.py:93} INFO - 2022-07-05
[2022-11-15T17:02:03.368+0000] {subprocess.py:93} INFO - file2.txt
[2022-11-15T17:02:03.369+0000] {subprocess.py:97} INFO - Command exited with return code 0
[2022-11-15T17:02:03.400+0000] {taskinstance.py:1406} INFO - Marking task as SUCCESS. dag_id=8-templating, task_id=task1, execution_date=20220705T000000, start_date=20221115T170203, end_date=20221115T170203
[2022-11-15T17:02:03.428+0000] {local_task_job.py:164} INFO - Task exited with return code 0
[2022-11-15T17:02:03.451+0000] {local_task_job.py:273} INFO - 0 downstream tasks scheduled from follow-on schedule check
