[2022-11-15T21:02:59.534+0000] {taskinstance.py:1159} INFO - Dependencies not met for <TaskInstance: 10-branching.branch scheduled__2022-07-13T00:00:00+00:00 [queued]>, dependency 'Execution Date' FAILED: The execution date is 2022-07-13T00:00:00+00:00 but this is after the task's end date 2022-07-01T00:00:00+00:00.
[2022-11-15T21:02:59.685+0000] {local_task_job.py:103} INFO - Task is not able to be run
[2022-11-15T21:12:17.691+0000] {taskinstance.py:1159} INFO - Dependencies not met for <TaskInstance: 10-branching.branch scheduled__2022-07-13T00:00:00+00:00 [queued]>, dependency 'Execution Date' FAILED: The execution date is 2022-07-13T00:00:00+00:00 but this is after the task's end date 2022-07-01T00:00:00+00:00.
[2022-11-15T21:12:17.707+0000] {local_task_job.py:103} INFO - Task is not able to be run
[2022-11-16T20:25:32.210+0000] {taskinstance.py:1165} INFO - Dependencies all met for <TaskInstance: 10-branching.branch scheduled__2022-07-13T00:00:00+00:00 [queued]>
[2022-11-16T20:25:32.251+0000] {taskinstance.py:1165} INFO - Dependencies all met for <TaskInstance: 10-branching.branch scheduled__2022-07-13T00:00:00+00:00 [queued]>
[2022-11-16T20:25:32.252+0000] {taskinstance.py:1362} INFO - 
--------------------------------------------------------------------------------
[2022-11-16T20:25:32.253+0000] {taskinstance.py:1363} INFO - Starting attempt 1 of 1
[2022-11-16T20:25:32.254+0000] {taskinstance.py:1364} INFO - 
--------------------------------------------------------------------------------
[2022-11-16T20:25:32.346+0000] {taskinstance.py:1383} INFO - Executing <Task(BranchPythonOperator): branch> on 2022-07-13 00:00:00+00:00
[2022-11-16T20:25:32.412+0000] {standard_task_runner.py:82} INFO - Running: ['***', 'tasks', 'run', '10-branching', 'branch', 'scheduled__2022-07-13T00:00:00+00:00', '--job-id', '1222', '--raw', '--subdir', 'DAGS_FOLDER/10-branchpythonoperator.py', '--cfg-path', '/tmp/tmpo0e9r1xx']
[2022-11-16T20:25:32.468+0000] {standard_task_runner.py:55} INFO - Started process 90 to run task
[2022-11-16T20:25:32.499+0000] {standard_task_runner.py:83} INFO - Job 1222: Subtask branch
[2022-11-16T20:25:34.799+0000] {task_command.py:376} INFO - Running <TaskInstance: 10-branching.branch scheduled__2022-07-13T00:00:00+00:00 [running]> on host 638485efabe7
[2022-11-16T20:25:35.426+0000] {taskinstance.py:1592} INFO - Exporting the following env vars:
AIRFLOW_CTX_DAG_OWNER=***
AIRFLOW_CTX_DAG_ID=10-branching
AIRFLOW_CTX_TASK_ID=branch
AIRFLOW_CTX_EXECUTION_DATE=2022-07-13T00:00:00+00:00
AIRFLOW_CTX_TRY_NUMBER=1
AIRFLOW_CTX_DAG_RUN_ID=scheduled__2022-07-13T00:00:00+00:00
[2022-11-16T20:25:35.429+0000] {python.py:177} INFO - Done. Returned value was: finish_14_june
[2022-11-16T20:25:35.430+0000] {skipmixin.py:155} INFO - Following branch finish_14_june
[2022-11-16T20:25:35.433+0000] {skipmixin.py:190} INFO - Skipping tasks ['start_15_june']
[2022-11-16T20:25:35.762+0000] {taskinstance.py:1406} INFO - Marking task as SUCCESS. dag_id=10-branching, task_id=branch, execution_date=20220713T000000, start_date=20221116T202532, end_date=20221116T202535
[2022-11-16T20:25:35.875+0000] {local_task_job.py:164} INFO - Task exited with return code 0
[2022-11-16T20:25:35.990+0000] {local_task_job.py:273} INFO - 1 downstream tasks scheduled from follow-on schedule check
