[2022-11-08T17:52:24.415+0000] {taskinstance.py:1165} INFO - Dependencies all met for <TaskInstance: 6-monitoring_1.task5 scheduled__2022-01-20T00:00:00+00:00 [queued]>
[2022-11-08T17:52:24.464+0000] {taskinstance.py:1165} INFO - Dependencies all met for <TaskInstance: 6-monitoring_1.task5 scheduled__2022-01-20T00:00:00+00:00 [queued]>
[2022-11-08T17:52:24.468+0000] {taskinstance.py:1362} INFO - 
--------------------------------------------------------------------------------
[2022-11-08T17:52:24.470+0000] {taskinstance.py:1363} INFO - Starting attempt 1 of 1
[2022-11-08T17:52:24.486+0000] {taskinstance.py:1364} INFO - 
--------------------------------------------------------------------------------
[2022-11-08T17:52:24.566+0000] {taskinstance.py:1383} INFO - Executing <Task(BashOperator): task5> on 2022-01-20 00:00:00+00:00
[2022-11-08T17:52:24.580+0000] {standard_task_runner.py:55} INFO - Started process 774 to run task
[2022-11-08T17:52:24.586+0000] {standard_task_runner.py:82} INFO - Running: ['***', 'tasks', 'run', '6-monitoring_1', 'task5', 'scheduled__2022-01-20T00:00:00+00:00', '--job-id', '433', '--raw', '--subdir', 'DAGS_FOLDER/6.1-monitoring.py', '--cfg-path', '/tmp/tmp_ldek8ne']
[2022-11-08T17:52:24.587+0000] {standard_task_runner.py:83} INFO - Job 433: Subtask task5
[2022-11-08T17:52:24.764+0000] {task_command.py:376} INFO - Running <TaskInstance: 6-monitoring_1.task5 scheduled__2022-01-20T00:00:00+00:00 [running]> on host 638485efabe7
[2022-11-08T17:52:24.932+0000] {taskinstance.py:1592} INFO - Exporting the following env vars:
AIRFLOW_CTX_DAG_OWNER=***
AIRFLOW_CTX_DAG_ID=6-monitoring_1
AIRFLOW_CTX_TASK_ID=task5
AIRFLOW_CTX_EXECUTION_DATE=2022-01-20T00:00:00+00:00
AIRFLOW_CTX_TRY_NUMBER=1
AIRFLOW_CTX_DAG_RUN_ID=scheduled__2022-01-20T00:00:00+00:00
[2022-11-08T17:52:24.950+0000] {subprocess.py:63} INFO - Tmp dir root location: 
 /tmp
[2022-11-08T17:52:24.952+0000] {subprocess.py:75} INFO - Running command: ['/bin/bash', '-c', "sleep 2 && echo 'task5'"]
[2022-11-08T17:52:24.980+0000] {subprocess.py:86} INFO - Output:
[2022-11-08T17:52:27.100+0000] {subprocess.py:93} INFO - task5
[2022-11-08T17:52:27.101+0000] {subprocess.py:97} INFO - Command exited with return code 0
[2022-11-08T17:52:27.129+0000] {taskinstance.py:1406} INFO - Marking task as SUCCESS. dag_id=6-monitoring_1, task_id=task5, execution_date=20220120T000000, start_date=20221108T175224, end_date=20221108T175227
[2022-11-08T17:52:27.256+0000] {local_task_job.py:164} INFO - Task exited with return code 0
[2022-11-08T17:52:27.276+0000] {local_task_job.py:273} INFO - 0 downstream tasks scheduled from follow-on schedule check
