[2022-11-15T21:20:33.021+0000] {taskinstance.py:1165} INFO - Dependencies all met for <TaskInstance: 10-branching.finish_14_june scheduled__2022-06-07T00:00:00+00:00 [queued]>
[2022-11-15T21:20:33.042+0000] {taskinstance.py:1165} INFO - Dependencies all met for <TaskInstance: 10-branching.finish_14_june scheduled__2022-06-07T00:00:00+00:00 [queued]>
[2022-11-15T21:20:33.043+0000] {taskinstance.py:1362} INFO - 
--------------------------------------------------------------------------------
[2022-11-15T21:20:33.044+0000] {taskinstance.py:1363} INFO - Starting attempt 1 of 1
[2022-11-15T21:20:33.045+0000] {taskinstance.py:1364} INFO - 
--------------------------------------------------------------------------------
[2022-11-15T21:20:33.067+0000] {taskinstance.py:1383} INFO - Executing <Task(BashOperator): finish_14_june> on 2022-06-07 00:00:00+00:00
[2022-11-15T21:20:33.077+0000] {standard_task_runner.py:55} INFO - Started process 2481 to run task
[2022-11-15T21:20:33.083+0000] {standard_task_runner.py:82} INFO - Running: ['***', 'tasks', 'run', '10-branching', 'finish_14_june', 'scheduled__2022-06-07T00:00:00+00:00', '--job-id', '1159', '--raw', '--subdir', 'DAGS_FOLDER/10-branchpythonoperator.py', '--cfg-path', '/tmp/tmpreyvz9w9']
[2022-11-15T21:20:33.085+0000] {standard_task_runner.py:83} INFO - Job 1159: Subtask finish_14_june
[2022-11-15T21:20:33.207+0000] {task_command.py:376} INFO - Running <TaskInstance: 10-branching.finish_14_june scheduled__2022-06-07T00:00:00+00:00 [running]> on host 638485efabe7
[2022-11-15T21:20:33.368+0000] {taskinstance.py:1592} INFO - Exporting the following env vars:
AIRFLOW_CTX_DAG_OWNER=***
AIRFLOW_CTX_DAG_ID=10-branching
AIRFLOW_CTX_TASK_ID=finish_14_june
AIRFLOW_CTX_EXECUTION_DATE=2022-06-07T00:00:00+00:00
AIRFLOW_CTX_TRY_NUMBER=1
AIRFLOW_CTX_DAG_RUN_ID=scheduled__2022-06-07T00:00:00+00:00
[2022-11-15T21:20:33.389+0000] {subprocess.py:63} INFO - Tmp dir root location: 
 /tmp
[2022-11-15T21:20:33.392+0000] {subprocess.py:75} INFO - Running command: ['/bin/bash', '-c', "echo 'Running 2022-06-07'"]
[2022-11-15T21:20:33.424+0000] {subprocess.py:86} INFO - Output:
[2022-11-15T21:20:33.435+0000] {subprocess.py:93} INFO - Running 2022-06-07
[2022-11-15T21:20:33.470+0000] {subprocess.py:97} INFO - Command exited with return code 0
[2022-11-15T21:20:33.533+0000] {taskinstance.py:1406} INFO - Marking task as SUCCESS. dag_id=10-branching, task_id=finish_14_june, execution_date=20220607T000000, start_date=20221115T212033, end_date=20221115T212033
[2022-11-15T21:20:33.617+0000] {local_task_job.py:164} INFO - Task exited with return code 0
[2022-11-15T21:20:33.660+0000] {local_task_job.py:273} INFO - 0 downstream tasks scheduled from follow-on schedule check
