[2022-11-04T21:13:35.007+0000] {taskinstance.py:1165} INFO - Dependencies all met for <TaskInstance: orquestation.task2 scheduled__2022-05-24T00:00:00+00:00 [queued]>
[2022-11-04T21:13:35.031+0000] {taskinstance.py:1165} INFO - Dependencies all met for <TaskInstance: orquestation.task2 scheduled__2022-05-24T00:00:00+00:00 [queued]>
[2022-11-04T21:13:35.032+0000] {taskinstance.py:1362} INFO - 
--------------------------------------------------------------------------------
[2022-11-04T21:13:35.033+0000] {taskinstance.py:1363} INFO - Starting attempt 1 of 1
[2022-11-04T21:13:35.035+0000] {taskinstance.py:1364} INFO - 
--------------------------------------------------------------------------------
[2022-11-04T21:13:35.060+0000] {taskinstance.py:1383} INFO - Executing <Task(BashOperator): task2> on 2022-05-24 00:00:00+00:00
[2022-11-04T21:13:35.068+0000] {standard_task_runner.py:55} INFO - Started process 417 to run task
[2022-11-04T21:13:35.073+0000] {standard_task_runner.py:82} INFO - Running: ['***', 'tasks', 'run', 'orquestation', 'task2', 'scheduled__2022-05-24T00:00:00+00:00', '--job-id', '100', '--raw', '--subdir', 'DAGS_FOLDER/5.1-orquestacion.py', '--cfg-path', '/tmp/tmpbcnqlf_2']
[2022-11-04T21:13:35.074+0000] {standard_task_runner.py:83} INFO - Job 100: Subtask task2
[2022-11-04T21:13:35.174+0000] {task_command.py:376} INFO - Running <TaskInstance: orquestation.task2 scheduled__2022-05-24T00:00:00+00:00 [running]> on host 643e334f405f
[2022-11-04T21:13:35.314+0000] {taskinstance.py:1592} INFO - Exporting the following env vars:
AIRFLOW_CTX_DAG_OWNER=***
AIRFLOW_CTX_DAG_ID=orquestation
AIRFLOW_CTX_TASK_ID=task2
AIRFLOW_CTX_EXECUTION_DATE=2022-05-24T00:00:00+00:00
AIRFLOW_CTX_TRY_NUMBER=1
AIRFLOW_CTX_DAG_RUN_ID=scheduled__2022-05-24T00:00:00+00:00
[2022-11-04T21:13:35.342+0000] {subprocess.py:63} INFO - Tmp dir root location: 
 /tmp
[2022-11-04T21:13:35.351+0000] {subprocess.py:75} INFO - Running command: ['/bin/bash', '-c', "sleep 2 && echo 'task2'"]
[2022-11-04T21:13:35.379+0000] {subprocess.py:86} INFO - Output:
[2022-11-04T21:13:37.714+0000] {subprocess.py:93} INFO - task2
[2022-11-04T21:13:37.715+0000] {subprocess.py:97} INFO - Command exited with return code 0
[2022-11-04T21:13:37.755+0000] {taskinstance.py:1406} INFO - Marking task as SUCCESS. dag_id=orquestation, task_id=task2, execution_date=20220524T000000, start_date=20221104T211335, end_date=20221104T211337
[2022-11-04T21:13:37.815+0000] {local_task_job.py:164} INFO - Task exited with return code 0
[2022-11-04T21:13:37.860+0000] {local_task_job.py:273} INFO - 0 downstream tasks scheduled from follow-on schedule check
[2022-11-04T21:33:23.135+0000] {taskinstance.py:1165} INFO - Dependencies all met for <TaskInstance: orquestation.task2 scheduled__2022-05-24T00:00:00+00:00 [queued]>
[2022-11-04T21:33:23.156+0000] {taskinstance.py:1165} INFO - Dependencies all met for <TaskInstance: orquestation.task2 scheduled__2022-05-24T00:00:00+00:00 [queued]>
[2022-11-04T21:33:23.157+0000] {taskinstance.py:1362} INFO - 
--------------------------------------------------------------------------------
[2022-11-04T21:33:23.157+0000] {taskinstance.py:1363} INFO - Starting attempt 1 of 1
[2022-11-04T21:33:23.158+0000] {taskinstance.py:1364} INFO - 
--------------------------------------------------------------------------------
[2022-11-04T21:33:23.181+0000] {taskinstance.py:1383} INFO - Executing <Task(BashOperator): task2> on 2022-05-24 00:00:00+00:00
[2022-11-04T21:33:23.192+0000] {standard_task_runner.py:55} INFO - Started process 1067 to run task
[2022-11-04T21:33:23.197+0000] {standard_task_runner.py:82} INFO - Running: ['***', 'tasks', 'run', 'orquestation', 'task2', 'scheduled__2022-05-24T00:00:00+00:00', '--job-id', '203', '--raw', '--subdir', 'DAGS_FOLDER/5.1-orquestacion.py', '--cfg-path', '/tmp/tmpltig_gen']
[2022-11-04T21:33:23.198+0000] {standard_task_runner.py:83} INFO - Job 203: Subtask task2
[2022-11-04T21:33:23.284+0000] {task_command.py:376} INFO - Running <TaskInstance: orquestation.task2 scheduled__2022-05-24T00:00:00+00:00 [running]> on host 643e334f405f
[2022-11-04T21:33:23.389+0000] {taskinstance.py:1592} INFO - Exporting the following env vars:
AIRFLOW_CTX_DAG_OWNER=***
AIRFLOW_CTX_DAG_ID=orquestation
AIRFLOW_CTX_TASK_ID=task2
AIRFLOW_CTX_EXECUTION_DATE=2022-05-24T00:00:00+00:00
AIRFLOW_CTX_TRY_NUMBER=1
AIRFLOW_CTX_DAG_RUN_ID=scheduled__2022-05-24T00:00:00+00:00
[2022-11-04T21:33:23.391+0000] {subprocess.py:63} INFO - Tmp dir root location: 
 /tmp
[2022-11-04T21:33:23.393+0000] {subprocess.py:75} INFO - Running command: ['/bin/bash', '-c', "sleep 2 && echo 'task2'"]
[2022-11-04T21:33:23.411+0000] {subprocess.py:86} INFO - Output:
[2022-11-04T21:33:25.415+0000] {subprocess.py:93} INFO - task2
[2022-11-04T21:33:25.416+0000] {subprocess.py:97} INFO - Command exited with return code 0
[2022-11-04T21:33:25.460+0000] {taskinstance.py:1406} INFO - Marking task as SUCCESS. dag_id=orquestation, task_id=task2, execution_date=20220524T000000, start_date=20221104T213323, end_date=20221104T213325
[2022-11-04T21:33:25.498+0000] {local_task_job.py:164} INFO - Task exited with return code 0
[2022-11-04T21:33:25.545+0000] {local_task_job.py:273} INFO - 2 downstream tasks scheduled from follow-on schedule check
[2022-11-04T21:44:17.889+0000] {taskinstance.py:1165} INFO - Dependencies all met for <TaskInstance: orquestation.task2 scheduled__2022-05-24T00:00:00+00:00 [queued]>
[2022-11-04T21:44:17.908+0000] {taskinstance.py:1165} INFO - Dependencies all met for <TaskInstance: orquestation.task2 scheduled__2022-05-24T00:00:00+00:00 [queued]>
[2022-11-04T21:44:17.908+0000] {taskinstance.py:1362} INFO - 
--------------------------------------------------------------------------------
[2022-11-04T21:44:17.909+0000] {taskinstance.py:1363} INFO - Starting attempt 1 of 1
[2022-11-04T21:44:17.910+0000] {taskinstance.py:1364} INFO - 
--------------------------------------------------------------------------------
[2022-11-04T21:44:17.932+0000] {taskinstance.py:1383} INFO - Executing <Task(BashOperator): task2> on 2022-05-24 00:00:00+00:00
[2022-11-04T21:44:17.942+0000] {standard_task_runner.py:55} INFO - Started process 2157 to run task
[2022-11-04T21:44:17.945+0000] {standard_task_runner.py:82} INFO - Running: ['***', 'tasks', 'run', 'orquestation', 'task2', 'scheduled__2022-05-24T00:00:00+00:00', '--job-id', '348', '--raw', '--subdir', 'DAGS_FOLDER/5.1-orquestacion.py', '--cfg-path', '/tmp/tmpmkchw_pw']
[2022-11-04T21:44:17.946+0000] {standard_task_runner.py:83} INFO - Job 348: Subtask task2
[2022-11-04T21:44:18.027+0000] {task_command.py:376} INFO - Running <TaskInstance: orquestation.task2 scheduled__2022-05-24T00:00:00+00:00 [running]> on host 643e334f405f
[2022-11-04T21:44:18.187+0000] {taskinstance.py:1592} INFO - Exporting the following env vars:
AIRFLOW_CTX_DAG_OWNER=***
AIRFLOW_CTX_DAG_ID=orquestation
AIRFLOW_CTX_TASK_ID=task2
AIRFLOW_CTX_EXECUTION_DATE=2022-05-24T00:00:00+00:00
AIRFLOW_CTX_TRY_NUMBER=1
AIRFLOW_CTX_DAG_RUN_ID=scheduled__2022-05-24T00:00:00+00:00
[2022-11-04T21:44:18.188+0000] {subprocess.py:63} INFO - Tmp dir root location: 
 /tmp
[2022-11-04T21:44:18.189+0000] {subprocess.py:75} INFO - Running command: ['/bin/bash', '-c', "sleep 2 && echo 'task2'"]
[2022-11-04T21:44:18.207+0000] {subprocess.py:86} INFO - Output:
[2022-11-04T21:44:20.212+0000] {subprocess.py:93} INFO - task2
[2022-11-04T21:44:20.213+0000] {subprocess.py:97} INFO - Command exited with return code 0
[2022-11-04T21:44:20.245+0000] {taskinstance.py:1406} INFO - Marking task as SUCCESS. dag_id=orquestation, task_id=task2, execution_date=20220524T000000, start_date=20221104T214417, end_date=20221104T214420
[2022-11-04T21:44:20.287+0000] {local_task_job.py:164} INFO - Task exited with return code 0
[2022-11-04T21:44:20.330+0000] {local_task_job.py:273} INFO - 2 downstream tasks scheduled from follow-on schedule check
