[2022-11-16T22:34:40.461+0000] {taskinstance.py:1165} INFO - Dependencies all met for <TaskInstance: MyPersonalAirflowProject.end_task scheduled__2022-10-02T00:00:00+00:00 [queued]>
[2022-11-16T22:34:40.480+0000] {taskinstance.py:1165} INFO - Dependencies all met for <TaskInstance: MyPersonalAirflowProject.end_task scheduled__2022-10-02T00:00:00+00:00 [queued]>
[2022-11-16T22:34:40.481+0000] {taskinstance.py:1362} INFO - 
--------------------------------------------------------------------------------
[2022-11-16T22:34:40.482+0000] {taskinstance.py:1363} INFO - Starting attempt 2 of 2
[2022-11-16T22:34:40.483+0000] {taskinstance.py:1364} INFO - 
--------------------------------------------------------------------------------
[2022-11-16T22:34:40.499+0000] {taskinstance.py:1383} INFO - Executing <Task(BashOperator): end_task> on 2022-10-02 00:00:00+00:00
[2022-11-16T22:34:40.506+0000] {standard_task_runner.py:55} INFO - Started process 6385 to run task
[2022-11-16T22:34:40.509+0000] {standard_task_runner.py:82} INFO - Running: ['***', 'tasks', 'run', 'MyPersonalAirflowProject', 'end_task', 'scheduled__2022-10-02T00:00:00+00:00', '--job-id', '1676', '--raw', '--subdir', 'DAGS_FOLDER/FinalPersonalProject.py', '--cfg-path', '/tmp/tmp3u53_pz7']
[2022-11-16T22:34:40.511+0000] {standard_task_runner.py:83} INFO - Job 1676: Subtask end_task
[2022-11-16T22:34:40.576+0000] {task_command.py:376} INFO - Running <TaskInstance: MyPersonalAirflowProject.end_task scheduled__2022-10-02T00:00:00+00:00 [running]> on host 638485efabe7
[2022-11-16T22:34:40.657+0000] {taskinstance.py:1592} INFO - Exporting the following env vars:
AIRFLOW_CTX_DAG_OWNER=***
AIRFLOW_CTX_DAG_ID=MyPersonalAirflowProject
AIRFLOW_CTX_TASK_ID=end_task
AIRFLOW_CTX_EXECUTION_DATE=2022-10-02T00:00:00+00:00
AIRFLOW_CTX_TRY_NUMBER=2
AIRFLOW_CTX_DAG_RUN_ID=scheduled__2022-10-02T00:00:00+00:00
[2022-11-16T22:34:40.660+0000] {subprocess.py:63} INFO - Tmp dir root location: 
 /tmp
[2022-11-16T22:34:40.662+0000] {subprocess.py:75} INFO - Running command: ['/bin/bash', '-c', 'echo "The Verification file was created successfully"']
[2022-11-16T22:34:40.678+0000] {subprocess.py:86} INFO - Output:
[2022-11-16T22:34:40.690+0000] {subprocess.py:93} INFO - The Verification file was created successfully
[2022-11-16T22:34:40.691+0000] {subprocess.py:97} INFO - Command exited with return code 0
[2022-11-16T22:34:40.726+0000] {taskinstance.py:1406} INFO - Marking task as SUCCESS. dag_id=MyPersonalAirflowProject, task_id=end_task, execution_date=20221002T000000, start_date=20221116T223440, end_date=20221116T223440
[2022-11-16T22:34:40.798+0000] {local_task_job.py:164} INFO - Task exited with return code 0
[2022-11-16T22:34:40.834+0000] {local_task_job.py:273} INFO - 1 downstream tasks scheduled from follow-on schedule check
