[2022-11-15T21:20:34.540+0000] {taskinstance.py:1165} INFO - Dependencies all met for <TaskInstance: 10-branching.finish_14_june scheduled__2022-06-08T00:00:00+00:00 [queued]>
[2022-11-15T21:20:34.564+0000] {taskinstance.py:1165} INFO - Dependencies all met for <TaskInstance: 10-branching.finish_14_june scheduled__2022-06-08T00:00:00+00:00 [queued]>
[2022-11-15T21:20:34.565+0000] {taskinstance.py:1362} INFO - 
--------------------------------------------------------------------------------
[2022-11-15T21:20:34.566+0000] {taskinstance.py:1363} INFO - Starting attempt 1 of 1
[2022-11-15T21:20:34.567+0000] {taskinstance.py:1364} INFO - 
--------------------------------------------------------------------------------
[2022-11-15T21:20:34.601+0000] {taskinstance.py:1383} INFO - Executing <Task(BashOperator): finish_14_june> on 2022-06-08 00:00:00+00:00
[2022-11-15T21:20:34.613+0000] {standard_task_runner.py:55} INFO - Started process 2490 to run task
[2022-11-15T21:20:34.620+0000] {standard_task_runner.py:82} INFO - Running: ['***', 'tasks', 'run', '10-branching', 'finish_14_june', 'scheduled__2022-06-08T00:00:00+00:00', '--job-id', '1164', '--raw', '--subdir', 'DAGS_FOLDER/10-branchpythonoperator.py', '--cfg-path', '/tmp/tmp6m1bl25z']
[2022-11-15T21:20:34.621+0000] {standard_task_runner.py:83} INFO - Job 1164: Subtask finish_14_june
[2022-11-15T21:20:34.772+0000] {task_command.py:376} INFO - Running <TaskInstance: 10-branching.finish_14_june scheduled__2022-06-08T00:00:00+00:00 [running]> on host 638485efabe7
[2022-11-15T21:20:34.889+0000] {taskinstance.py:1592} INFO - Exporting the following env vars:
AIRFLOW_CTX_DAG_OWNER=***
AIRFLOW_CTX_DAG_ID=10-branching
AIRFLOW_CTX_TASK_ID=finish_14_june
AIRFLOW_CTX_EXECUTION_DATE=2022-06-08T00:00:00+00:00
AIRFLOW_CTX_TRY_NUMBER=1
AIRFLOW_CTX_DAG_RUN_ID=scheduled__2022-06-08T00:00:00+00:00
[2022-11-15T21:20:34.891+0000] {subprocess.py:63} INFO - Tmp dir root location: 
 /tmp
[2022-11-15T21:20:34.893+0000] {subprocess.py:75} INFO - Running command: ['/bin/bash', '-c', "echo 'Running 2022-06-08'"]
[2022-11-15T21:20:34.917+0000] {subprocess.py:86} INFO - Output:
[2022-11-15T21:20:34.919+0000] {subprocess.py:93} INFO - Running 2022-06-08
[2022-11-15T21:20:34.920+0000] {subprocess.py:97} INFO - Command exited with return code 0
[2022-11-15T21:20:34.953+0000] {taskinstance.py:1406} INFO - Marking task as SUCCESS. dag_id=10-branching, task_id=finish_14_june, execution_date=20220608T000000, start_date=20221115T212034, end_date=20221115T212034
[2022-11-15T21:20:34.994+0000] {local_task_job.py:164} INFO - Task exited with return code 0
[2022-11-15T21:20:35.020+0000] {local_task_job.py:273} INFO - 0 downstream tasks scheduled from follow-on schedule check
