[2022-11-16T20:26:12.299+0000] {taskinstance.py:1165} INFO - Dependencies all met for <TaskInstance: 10-branching.finish_14_june scheduled__2022-07-12T00:00:00+00:00 [queued]>
[2022-11-16T20:26:12.396+0000] {taskinstance.py:1165} INFO - Dependencies all met for <TaskInstance: 10-branching.finish_14_june scheduled__2022-07-12T00:00:00+00:00 [queued]>
[2022-11-16T20:26:12.397+0000] {taskinstance.py:1362} INFO - 
--------------------------------------------------------------------------------
[2022-11-16T20:26:12.400+0000] {taskinstance.py:1363} INFO - Starting attempt 1 of 1
[2022-11-16T20:26:12.401+0000] {taskinstance.py:1364} INFO - 
--------------------------------------------------------------------------------
[2022-11-16T20:26:12.486+0000] {taskinstance.py:1383} INFO - Executing <Task(BashOperator): finish_14_june> on 2022-07-12 00:00:00+00:00
[2022-11-16T20:26:12.493+0000] {standard_task_runner.py:55} INFO - Started process 127 to run task
[2022-11-16T20:26:12.502+0000] {standard_task_runner.py:82} INFO - Running: ['***', 'tasks', 'run', '10-branching', 'finish_14_june', 'scheduled__2022-07-12T00:00:00+00:00', '--job-id', '1240', '--raw', '--subdir', 'DAGS_FOLDER/10-branchpythonoperator.py', '--cfg-path', '/tmp/tmpg762s2nl']
[2022-11-16T20:26:12.503+0000] {standard_task_runner.py:83} INFO - Job 1240: Subtask finish_14_june
[2022-11-16T20:26:12.618+0000] {task_command.py:376} INFO - Running <TaskInstance: 10-branching.finish_14_june scheduled__2022-07-12T00:00:00+00:00 [running]> on host 638485efabe7
[2022-11-16T20:26:12.848+0000] {taskinstance.py:1592} INFO - Exporting the following env vars:
AIRFLOW_CTX_DAG_OWNER=***
AIRFLOW_CTX_DAG_ID=10-branching
AIRFLOW_CTX_TASK_ID=finish_14_june
AIRFLOW_CTX_EXECUTION_DATE=2022-07-12T00:00:00+00:00
AIRFLOW_CTX_TRY_NUMBER=1
AIRFLOW_CTX_DAG_RUN_ID=scheduled__2022-07-12T00:00:00+00:00
[2022-11-16T20:26:12.914+0000] {subprocess.py:63} INFO - Tmp dir root location: 
 /tmp
[2022-11-16T20:26:12.939+0000] {subprocess.py:75} INFO - Running command: ['/bin/bash', '-c', "echo 'Running 2022-07-12'"]
[2022-11-16T20:26:13.016+0000] {subprocess.py:86} INFO - Output:
[2022-11-16T20:26:13.019+0000] {subprocess.py:93} INFO - Running 2022-07-12
[2022-11-16T20:26:13.021+0000] {subprocess.py:97} INFO - Command exited with return code 0
[2022-11-16T20:26:13.113+0000] {taskinstance.py:1406} INFO - Marking task as SUCCESS. dag_id=10-branching, task_id=finish_14_june, execution_date=20220712T000000, start_date=20221116T202612, end_date=20221116T202613
[2022-11-16T20:26:13.196+0000] {local_task_job.py:164} INFO - Task exited with return code 0
[2022-11-16T20:26:13.399+0000] {local_task_job.py:273} INFO - 0 downstream tasks scheduled from follow-on schedule check
