[2022-11-08T19:33:06.051+0000] {taskinstance.py:1165} INFO - Dependencies all met for <TaskInstance: 6-monitoring_1.task2 scheduled__2022-01-21T00:00:00+00:00 [queued]>
[2022-11-08T19:33:06.280+0000] {taskinstance.py:1165} INFO - Dependencies all met for <TaskInstance: 6-monitoring_1.task2 scheduled__2022-01-21T00:00:00+00:00 [queued]>
[2022-11-08T19:33:06.282+0000] {taskinstance.py:1362} INFO - 
--------------------------------------------------------------------------------
[2022-11-08T19:33:06.286+0000] {taskinstance.py:1363} INFO - Starting attempt 2 of 2
[2022-11-08T19:33:06.287+0000] {taskinstance.py:1364} INFO - 
--------------------------------------------------------------------------------
[2022-11-08T19:33:06.437+0000] {taskinstance.py:1383} INFO - Executing <Task(BashOperator): task2> on 2022-01-21 00:00:00+00:00
[2022-11-08T19:33:06.447+0000] {standard_task_runner.py:55} INFO - Started process 2240 to run task
[2022-11-08T19:33:06.465+0000] {standard_task_runner.py:82} INFO - Running: ['***', 'tasks', 'run', '6-monitoring_1', 'task2', 'scheduled__2022-01-21T00:00:00+00:00', '--job-id', '505', '--raw', '--subdir', 'DAGS_FOLDER/6.1-monitoring.py', '--cfg-path', '/tmp/tmpdkk1m3_4']
[2022-11-08T19:33:06.468+0000] {standard_task_runner.py:83} INFO - Job 505: Subtask task2
[2022-11-08T19:33:06.737+0000] {task_command.py:376} INFO - Running <TaskInstance: 6-monitoring_1.task2 scheduled__2022-01-21T00:00:00+00:00 [running]> on host 638485efabe7
[2022-11-08T19:33:07.449+0000] {taskinstance.py:1592} INFO - Exporting the following env vars:
AIRFLOW_CTX_DAG_OWNER=***
AIRFLOW_CTX_DAG_ID=6-monitoring_1
AIRFLOW_CTX_TASK_ID=task2
AIRFLOW_CTX_EXECUTION_DATE=2022-01-21T00:00:00+00:00
AIRFLOW_CTX_TRY_NUMBER=2
AIRFLOW_CTX_DAG_RUN_ID=scheduled__2022-01-21T00:00:00+00:00
[2022-11-08T19:33:07.619+0000] {subprocess.py:63} INFO - Tmp dir root location: 
 /tmp
[2022-11-08T19:33:07.630+0000] {subprocess.py:75} INFO - Running command: ['/bin/bash', '-c', "sleep 2 && echo 'task2'"]
[2022-11-08T19:34:22.284+0000] {local_task_job.py:164} INFO - Task exited with return code Negsignal.SIGKILL
[2022-11-08T19:34:22.403+0000] {local_task_job.py:273} INFO - 0 downstream tasks scheduled from follow-on schedule check
