[2022-11-17T16:06:45.111+0000] {taskinstance.py:1165} INFO - Dependencies all met for <TaskInstance: MyPersonalAirflowProject.SpaceX_data scheduled__2022-11-13T00:00:00+00:00 [queued]>
[2022-11-17T16:06:45.124+0000] {taskinstance.py:1165} INFO - Dependencies all met for <TaskInstance: MyPersonalAirflowProject.SpaceX_data scheduled__2022-11-13T00:00:00+00:00 [queued]>
[2022-11-17T16:06:45.125+0000] {taskinstance.py:1362} INFO - 
--------------------------------------------------------------------------------
[2022-11-17T16:06:45.168+0000] {taskinstance.py:1363} INFO - Starting attempt 1 of 1
[2022-11-17T16:06:45.169+0000] {taskinstance.py:1364} INFO - 
--------------------------------------------------------------------------------
[2022-11-17T16:06:45.187+0000] {taskinstance.py:1383} INFO - Executing <Task(BashOperator): SpaceX_data> on 2022-11-13 00:00:00+00:00
[2022-11-17T16:06:45.192+0000] {standard_task_runner.py:55} INFO - Started process 1999 to run task
[2022-11-17T16:06:45.195+0000] {standard_task_runner.py:82} INFO - Running: ['***', 'tasks', 'run', 'MyPersonalAirflowProject', 'SpaceX_data', 'scheduled__2022-11-13T00:00:00+00:00', '--job-id', '2003', '--raw', '--subdir', 'DAGS_FOLDER/FinalPersonalProject.py', '--cfg-path', '/tmp/tmpd8s4bsow']
[2022-11-17T16:06:45.196+0000] {standard_task_runner.py:83} INFO - Job 2003: Subtask SpaceX_data
[2022-11-17T16:06:45.260+0000] {task_command.py:376} INFO - Running <TaskInstance: MyPersonalAirflowProject.SpaceX_data scheduled__2022-11-13T00:00:00+00:00 [running]> on host 638485efabe7
[2022-11-17T16:06:45.473+0000] {taskinstance.py:1592} INFO - Exporting the following env vars:
AIRFLOW_CTX_DAG_OWNER=***
AIRFLOW_CTX_DAG_ID=MyPersonalAirflowProject
AIRFLOW_CTX_TASK_ID=SpaceX_data
AIRFLOW_CTX_EXECUTION_DATE=2022-11-13T00:00:00+00:00
AIRFLOW_CTX_TRY_NUMBER=1
AIRFLOW_CTX_DAG_RUN_ID=scheduled__2022-11-13T00:00:00+00:00
[2022-11-17T16:06:45.475+0000] {subprocess.py:63} INFO - Tmp dir root location: 
 /tmp
[2022-11-17T16:06:45.476+0000] {subprocess.py:75} INFO - Running command: ['/bin/bash', '-c', "curl -o /tmp/history.json -L 'https://api.spacexdata.com/v4/history'"]
[2022-11-17T16:06:45.487+0000] {subprocess.py:86} INFO - Output:
[2022-11-17T16:06:45.494+0000] {subprocess.py:93} INFO -   % Total    % Received % Xferd  Average Speed   Time    Time     Time  Current
[2022-11-17T16:06:45.495+0000] {subprocess.py:93} INFO -                                  Dload  Upload   Total   Spent    Left  Speed
[2022-11-17T16:06:45.790+0000] {subprocess.py:93} INFO -   0     0    0     0    0     0      0      0 --:--:-- --:--:-- --:--:--     0100  6756    0  6756    0     0  22901      0 --:--:-- --:--:-- --:--:-- 22901
[2022-11-17T16:06:45.826+0000] {subprocess.py:97} INFO - Command exited with return code 0
[2022-11-17T16:06:46.332+0000] {taskinstance.py:1406} INFO - Marking task as SUCCESS. dag_id=MyPersonalAirflowProject, task_id=SpaceX_data, execution_date=20221113T000000, start_date=20221117T160645, end_date=20221117T160646
[2022-11-17T16:06:47.097+0000] {local_task_job.py:164} INFO - Task exited with return code 0
[2022-11-17T16:06:47.441+0000] {local_task_job.py:273} INFO - 1 downstream tasks scheduled from follow-on schedule check
[2022-11-17T16:48:06.065+0000] {taskinstance.py:1165} INFO - Dependencies all met for <TaskInstance: MyPersonalAirflowProject.SpaceX_data scheduled__2022-11-13T00:00:00+00:00 [queued]>
[2022-11-17T16:48:06.105+0000] {taskinstance.py:1165} INFO - Dependencies all met for <TaskInstance: MyPersonalAirflowProject.SpaceX_data scheduled__2022-11-13T00:00:00+00:00 [queued]>
[2022-11-17T16:48:06.106+0000] {taskinstance.py:1362} INFO - 
--------------------------------------------------------------------------------
[2022-11-17T16:48:06.106+0000] {taskinstance.py:1363} INFO - Starting attempt 1 of 1
[2022-11-17T16:48:06.107+0000] {taskinstance.py:1364} INFO - 
--------------------------------------------------------------------------------
[2022-11-17T16:48:06.134+0000] {taskinstance.py:1383} INFO - Executing <Task(BashOperator): SpaceX_data> on 2022-11-13 00:00:00+00:00
[2022-11-17T16:48:06.141+0000] {standard_task_runner.py:55} INFO - Started process 5043 to run task
[2022-11-17T16:48:06.144+0000] {standard_task_runner.py:82} INFO - Running: ['***', 'tasks', 'run', 'MyPersonalAirflowProject', 'SpaceX_data', 'scheduled__2022-11-13T00:00:00+00:00', '--job-id', '2371', '--raw', '--subdir', 'DAGS_FOLDER/FinalPersonalProject.py', '--cfg-path', '/tmp/tmp8zjsm9yi']
[2022-11-17T16:48:06.145+0000] {standard_task_runner.py:83} INFO - Job 2371: Subtask SpaceX_data
[2022-11-17T16:48:06.231+0000] {task_command.py:376} INFO - Running <TaskInstance: MyPersonalAirflowProject.SpaceX_data scheduled__2022-11-13T00:00:00+00:00 [running]> on host 638485efabe7
[2022-11-17T16:48:06.319+0000] {taskinstance.py:1592} INFO - Exporting the following env vars:
AIRFLOW_CTX_DAG_OWNER=***
AIRFLOW_CTX_DAG_ID=MyPersonalAirflowProject
AIRFLOW_CTX_TASK_ID=SpaceX_data
AIRFLOW_CTX_EXECUTION_DATE=2022-11-13T00:00:00+00:00
AIRFLOW_CTX_TRY_NUMBER=1
AIRFLOW_CTX_DAG_RUN_ID=scheduled__2022-11-13T00:00:00+00:00
[2022-11-17T16:48:06.321+0000] {subprocess.py:63} INFO - Tmp dir root location: 
 /tmp
[2022-11-17T16:48:06.322+0000] {subprocess.py:75} INFO - Running command: ['/bin/bash', '-c', "curl -o /tmp/history.json -L 'https://api.spacexdata.com/v4/history'"]
[2022-11-17T16:48:06.335+0000] {subprocess.py:86} INFO - Output:
[2022-11-17T16:48:06.344+0000] {subprocess.py:93} INFO -   % Total    % Received % Xferd  Average Speed   Time    Time     Time  Current
[2022-11-17T16:48:06.345+0000] {subprocess.py:93} INFO -                                  Dload  Upload   Total   Spent    Left  Speed
[2022-11-17T16:48:06.514+0000] {subprocess.py:93} INFO -   0     0    0     0    0     0      0      0 --:--:-- --:--:-- --:--:--     0100  6756    0  6756    0     0  39976      0 --:--:-- --:--:-- --:--:-- 39976
[2022-11-17T16:48:06.516+0000] {subprocess.py:97} INFO - Command exited with return code 0
[2022-11-17T16:48:06.549+0000] {taskinstance.py:1406} INFO - Marking task as SUCCESS. dag_id=MyPersonalAirflowProject, task_id=SpaceX_data, execution_date=20221113T000000, start_date=20221117T164806, end_date=20221117T164806
[2022-11-17T16:48:06.598+0000] {local_task_job.py:164} INFO - Task exited with return code 0
[2022-11-17T16:48:06.633+0000] {local_task_job.py:273} INFO - 1 downstream tasks scheduled from follow-on schedule check
[2022-11-17T17:38:13.343+0000] {taskinstance.py:1165} INFO - Dependencies all met for <TaskInstance: MyPersonalAirflowProject.SpaceX_data scheduled__2022-11-13T00:00:00+00:00 [queued]>
[2022-11-17T17:38:13.358+0000] {taskinstance.py:1165} INFO - Dependencies all met for <TaskInstance: MyPersonalAirflowProject.SpaceX_data scheduled__2022-11-13T00:00:00+00:00 [queued]>
[2022-11-17T17:38:13.358+0000] {taskinstance.py:1362} INFO - 
--------------------------------------------------------------------------------
[2022-11-17T17:38:13.359+0000] {taskinstance.py:1363} INFO - Starting attempt 1 of 1
[2022-11-17T17:38:13.359+0000] {taskinstance.py:1364} INFO - 
--------------------------------------------------------------------------------
[2022-11-17T17:38:13.377+0000] {taskinstance.py:1383} INFO - Executing <Task(BashOperator): SpaceX_data> on 2022-11-13 00:00:00+00:00
[2022-11-17T17:38:13.382+0000] {standard_task_runner.py:55} INFO - Started process 8636 to run task
[2022-11-17T17:38:13.385+0000] {standard_task_runner.py:82} INFO - Running: ['***', 'tasks', 'run', 'MyPersonalAirflowProject', 'SpaceX_data', 'scheduled__2022-11-13T00:00:00+00:00', '--job-id', '2781', '--raw', '--subdir', 'DAGS_FOLDER/FinalPersonalProject.py', '--cfg-path', '/tmp/tmpk9nn8llj']
[2022-11-17T17:38:13.386+0000] {standard_task_runner.py:83} INFO - Job 2781: Subtask SpaceX_data
[2022-11-17T17:38:13.452+0000] {task_command.py:376} INFO - Running <TaskInstance: MyPersonalAirflowProject.SpaceX_data scheduled__2022-11-13T00:00:00+00:00 [running]> on host 638485efabe7
[2022-11-17T17:38:13.531+0000] {taskinstance.py:1592} INFO - Exporting the following env vars:
AIRFLOW_CTX_DAG_OWNER=***
AIRFLOW_CTX_DAG_ID=MyPersonalAirflowProject
AIRFLOW_CTX_TASK_ID=SpaceX_data
AIRFLOW_CTX_EXECUTION_DATE=2022-11-13T00:00:00+00:00
AIRFLOW_CTX_TRY_NUMBER=1
AIRFLOW_CTX_DAG_RUN_ID=scheduled__2022-11-13T00:00:00+00:00
[2022-11-17T17:38:13.533+0000] {subprocess.py:63} INFO - Tmp dir root location: 
 /tmp
[2022-11-17T17:38:13.534+0000] {subprocess.py:75} INFO - Running command: ['/bin/bash', '-c', "curl -o /tmp/history.json -L 'https://api.spacexdata.com/v4/history'"]
[2022-11-17T17:38:13.546+0000] {subprocess.py:86} INFO - Output:
[2022-11-17T17:38:13.553+0000] {subprocess.py:93} INFO -   % Total    % Received % Xferd  Average Speed   Time    Time     Time  Current
[2022-11-17T17:38:13.554+0000] {subprocess.py:93} INFO -                                  Dload  Upload   Total   Spent    Left  Speed
[2022-11-17T17:38:16.988+0000] {subprocess.py:93} INFO -   0     0    0     0    0     0      0      0 --:--:-- --:--:-- --:--:--     0  0     0    0     0    0     0      0      0 --:--:--  0:00:01 --:--:--     0  0     0    0     0    0     0      0      0 --:--:--  0:00:02 --:--:--     0  0     0    0     0    0     0      0      0 --:--:--  0:00:03 --:--:--     0100  6756    0  6756    0     0   1967      0 --:--:--  0:00:03 --:--:--  1967
[2022-11-17T17:38:16.990+0000] {subprocess.py:97} INFO - Command exited with return code 0
[2022-11-17T17:38:17.018+0000] {taskinstance.py:1406} INFO - Marking task as SUCCESS. dag_id=MyPersonalAirflowProject, task_id=SpaceX_data, execution_date=20221113T000000, start_date=20221117T173813, end_date=20221117T173817
[2022-11-17T17:38:17.068+0000] {local_task_job.py:164} INFO - Task exited with return code 0
[2022-11-17T17:38:17.103+0000] {local_task_job.py:273} INFO - 1 downstream tasks scheduled from follow-on schedule check
