[2022-11-15T21:21:58.385+0000] {taskinstance.py:1165} INFO - Dependencies all met for <TaskInstance: 10-branching.branch scheduled__2022-06-04T00:00:00+00:00 [queued]>
[2022-11-15T21:21:58.398+0000] {taskinstance.py:1165} INFO - Dependencies all met for <TaskInstance: 10-branching.branch scheduled__2022-06-04T00:00:00+00:00 [queued]>
[2022-11-15T21:21:58.399+0000] {taskinstance.py:1362} INFO - 
--------------------------------------------------------------------------------
[2022-11-15T21:21:58.400+0000] {taskinstance.py:1363} INFO - Starting attempt 2 of 2
[2022-11-15T21:21:58.401+0000] {taskinstance.py:1364} INFO - 
--------------------------------------------------------------------------------
[2022-11-15T21:21:58.419+0000] {taskinstance.py:1383} INFO - Executing <Task(BranchPythonOperator): branch> on 2022-06-04 00:00:00+00:00
[2022-11-15T21:21:58.425+0000] {standard_task_runner.py:55} INFO - Started process 2669 to run task
[2022-11-15T21:21:58.428+0000] {standard_task_runner.py:82} INFO - Running: ['***', 'tasks', 'run', '10-branching', 'branch', 'scheduled__2022-06-04T00:00:00+00:00', '--job-id', '1209', '--raw', '--subdir', 'DAGS_FOLDER/10-branchpythonoperator.py', '--cfg-path', '/tmp/tmpgy0eirpr']
[2022-11-15T21:21:58.428+0000] {standard_task_runner.py:83} INFO - Job 1209: Subtask branch
[2022-11-15T21:21:58.504+0000] {task_command.py:376} INFO - Running <TaskInstance: 10-branching.branch scheduled__2022-06-04T00:00:00+00:00 [running]> on host 638485efabe7
[2022-11-15T21:21:58.591+0000] {taskinstance.py:1592} INFO - Exporting the following env vars:
AIRFLOW_CTX_DAG_OWNER=***
AIRFLOW_CTX_DAG_ID=10-branching
AIRFLOW_CTX_TASK_ID=branch
AIRFLOW_CTX_EXECUTION_DATE=2022-06-04T00:00:00+00:00
AIRFLOW_CTX_TRY_NUMBER=2
AIRFLOW_CTX_DAG_RUN_ID=scheduled__2022-06-04T00:00:00+00:00
[2022-11-15T21:21:58.593+0000] {python.py:177} INFO - Done. Returned value was: finish_14_june
[2022-11-15T21:21:58.593+0000] {skipmixin.py:155} INFO - Following branch finish_14_june
[2022-11-15T21:21:58.594+0000] {skipmixin.py:190} INFO - Skipping tasks ['start_15_june']
[2022-11-15T21:21:58.647+0000] {taskinstance.py:1406} INFO - Marking task as SUCCESS. dag_id=10-branching, task_id=branch, execution_date=20220604T000000, start_date=20221115T212158, end_date=20221115T212158
[2022-11-15T21:21:58.681+0000] {local_task_job.py:164} INFO - Task exited with return code 0
[2022-11-15T21:21:58.716+0000] {local_task_job.py:273} INFO - 1 downstream tasks scheduled from follow-on schedule check
