[2022-11-17T16:39:05.840+0000] {taskinstance.py:1165} INFO - Dependencies all met for <TaskInstance: MyPersonalAirflowProject.Data_Team_Notification scheduled__2022-10-28T00:00:00+00:00 [queued]>
[2022-11-17T16:39:05.854+0000] {taskinstance.py:1165} INFO - Dependencies all met for <TaskInstance: MyPersonalAirflowProject.Data_Team_Notification scheduled__2022-10-28T00:00:00+00:00 [queued]>
[2022-11-17T16:39:05.855+0000] {taskinstance.py:1362} INFO - 
--------------------------------------------------------------------------------
[2022-11-17T16:39:05.869+0000] {taskinstance.py:1363} INFO - Starting attempt 1 of 1
[2022-11-17T16:39:05.870+0000] {taskinstance.py:1364} INFO - 
--------------------------------------------------------------------------------
[2022-11-17T16:39:05.950+0000] {taskinstance.py:1383} INFO - Executing <Task(NotifyOperator): Data_Team_Notification> on 2022-10-28 00:00:00+00:00
[2022-11-17T16:39:05.958+0000] {standard_task_runner.py:55} INFO - Started process 4255 to run task
[2022-11-17T16:39:05.961+0000] {standard_task_runner.py:82} INFO - Running: ['***', 'tasks', 'run', 'MyPersonalAirflowProject', 'Data_Team_Notification', 'scheduled__2022-10-28T00:00:00+00:00', '--job-id', '2246', '--raw', '--subdir', 'DAGS_FOLDER/FinalPersonalProject.py', '--cfg-path', '/tmp/tmpfpftozyg']
[2022-11-17T16:39:05.962+0000] {standard_task_runner.py:83} INFO - Job 2246: Subtask Data_Team_Notification
[2022-11-17T16:39:06.160+0000] {task_command.py:376} INFO - Running <TaskInstance: MyPersonalAirflowProject.Data_Team_Notification scheduled__2022-10-28T00:00:00+00:00 [running]> on host 638485efabe7
[2022-11-17T16:39:06.259+0000] {taskinstance.py:1592} INFO - Exporting the following env vars:
AIRFLOW_CTX_DAG_OWNER=***
AIRFLOW_CTX_DAG_ID=MyPersonalAirflowProject
AIRFLOW_CTX_TASK_ID=Data_Team_Notification
AIRFLOW_CTX_EXECUTION_DATE=2022-10-28T00:00:00+00:00
AIRFLOW_CTX_TRY_NUMBER=1
AIRFLOW_CTX_DAG_RUN_ID=scheduled__2022-10-28T00:00:00+00:00
[2022-11-17T16:39:06.270+0000] {logging_mixin.py:120} INFO - Hi Data team, Space X data for {ds} are now available!.. Please check them out!
[2022-11-17T16:39:06.285+0000] {taskinstance.py:1406} INFO - Marking task as SUCCESS. dag_id=MyPersonalAirflowProject, task_id=Data_Team_Notification, execution_date=20221028T000000, start_date=20221117T163905, end_date=20221117T163906
[2022-11-17T16:39:06.374+0000] {local_task_job.py:164} INFO - Task exited with return code 0
[2022-11-17T16:39:06.498+0000] {local_task_job.py:273} INFO - 0 downstream tasks scheduled from follow-on schedule check
[2022-11-17T17:30:16.656+0000] {taskinstance.py:1165} INFO - Dependencies all met for <TaskInstance: MyPersonalAirflowProject.Data_Team_Notification scheduled__2022-10-28T00:00:00+00:00 [queued]>
[2022-11-17T17:30:16.670+0000] {taskinstance.py:1165} INFO - Dependencies all met for <TaskInstance: MyPersonalAirflowProject.Data_Team_Notification scheduled__2022-10-28T00:00:00+00:00 [queued]>
[2022-11-17T17:30:16.671+0000] {taskinstance.py:1362} INFO - 
--------------------------------------------------------------------------------
[2022-11-17T17:30:16.671+0000] {taskinstance.py:1363} INFO - Starting attempt 1 of 1
[2022-11-17T17:30:16.672+0000] {taskinstance.py:1364} INFO - 
--------------------------------------------------------------------------------
[2022-11-17T17:30:16.697+0000] {taskinstance.py:1383} INFO - Executing <Task(NotifyOperator): Data_Team_Notification> on 2022-10-28 00:00:00+00:00
[2022-11-17T17:30:16.704+0000] {standard_task_runner.py:55} INFO - Started process 7879 to run task
[2022-11-17T17:30:16.707+0000] {standard_task_runner.py:82} INFO - Running: ['***', 'tasks', 'run', 'MyPersonalAirflowProject', 'Data_Team_Notification', 'scheduled__2022-10-28T00:00:00+00:00', '--job-id', '2656', '--raw', '--subdir', 'DAGS_FOLDER/FinalPersonalProject.py', '--cfg-path', '/tmp/tmpgoapaquj']
[2022-11-17T17:30:16.708+0000] {standard_task_runner.py:83} INFO - Job 2656: Subtask Data_Team_Notification
[2022-11-17T17:30:16.773+0000] {task_command.py:376} INFO - Running <TaskInstance: MyPersonalAirflowProject.Data_Team_Notification scheduled__2022-10-28T00:00:00+00:00 [running]> on host 638485efabe7
[2022-11-17T17:30:16.848+0000] {taskinstance.py:1592} INFO - Exporting the following env vars:
AIRFLOW_CTX_DAG_OWNER=***
AIRFLOW_CTX_DAG_ID=MyPersonalAirflowProject
AIRFLOW_CTX_TASK_ID=Data_Team_Notification
AIRFLOW_CTX_EXECUTION_DATE=2022-10-28T00:00:00+00:00
AIRFLOW_CTX_TRY_NUMBER=1
AIRFLOW_CTX_DAG_RUN_ID=scheduled__2022-10-28T00:00:00+00:00
[2022-11-17T17:30:16.849+0000] {logging_mixin.py:120} INFO - Hi Data team, Space X data for 2022-11-17  are now available!.. Please check them out!
[2022-11-17T17:30:16.861+0000] {taskinstance.py:1406} INFO - Marking task as SUCCESS. dag_id=MyPersonalAirflowProject, task_id=Data_Team_Notification, execution_date=20221028T000000, start_date=20221117T173016, end_date=20221117T173016
[2022-11-17T17:30:16.879+0000] {local_task_job.py:164} INFO - Task exited with return code 0
[2022-11-17T17:30:16.901+0000] {local_task_job.py:273} INFO - 0 downstream tasks scheduled from follow-on schedule check
