[2022-11-17T16:29:27.775+0000] {taskinstance.py:1165} INFO - Dependencies all met for <TaskInstance: MyPersonalAirflowProject.end_confirmation_from_nasa scheduled__2022-10-11T00:00:00+00:00 [queued]>
[2022-11-17T16:29:27.792+0000] {taskinstance.py:1165} INFO - Dependencies all met for <TaskInstance: MyPersonalAirflowProject.end_confirmation_from_nasa scheduled__2022-10-11T00:00:00+00:00 [queued]>
[2022-11-17T16:29:27.793+0000] {taskinstance.py:1362} INFO - 
--------------------------------------------------------------------------------
[2022-11-17T16:29:27.794+0000] {taskinstance.py:1363} INFO - Starting attempt 1 of 1
[2022-11-17T16:29:27.795+0000] {taskinstance.py:1364} INFO - 
--------------------------------------------------------------------------------
[2022-11-17T16:29:27.813+0000] {taskinstance.py:1383} INFO - Executing <Task(BashOperator): end_confirmation_from_nasa> on 2022-10-11 00:00:00+00:00
[2022-11-17T16:29:27.818+0000] {standard_task_runner.py:55} INFO - Started process 3387 to run task
[2022-11-17T16:29:27.821+0000] {standard_task_runner.py:82} INFO - Running: ['***', 'tasks', 'run', 'MyPersonalAirflowProject', 'end_confirmation_from_nasa', 'scheduled__2022-10-11T00:00:00+00:00', '--job-id', '2106', '--raw', '--subdir', 'DAGS_FOLDER/FinalPersonalProject.py', '--cfg-path', '/tmp/tmptfks2byg']
[2022-11-17T16:29:27.822+0000] {standard_task_runner.py:83} INFO - Job 2106: Subtask end_confirmation_from_nasa
[2022-11-17T16:29:27.892+0000] {task_command.py:376} INFO - Running <TaskInstance: MyPersonalAirflowProject.end_confirmation_from_nasa scheduled__2022-10-11T00:00:00+00:00 [running]> on host 638485efabe7
[2022-11-17T16:29:27.971+0000] {taskinstance.py:1592} INFO - Exporting the following env vars:
AIRFLOW_CTX_DAG_OWNER=***
AIRFLOW_CTX_DAG_ID=MyPersonalAirflowProject
AIRFLOW_CTX_TASK_ID=end_confirmation_from_nasa
AIRFLOW_CTX_EXECUTION_DATE=2022-10-11T00:00:00+00:00
AIRFLOW_CTX_TRY_NUMBER=1
AIRFLOW_CTX_DAG_RUN_ID=scheduled__2022-10-11T00:00:00+00:00
[2022-11-17T16:29:27.972+0000] {subprocess.py:63} INFO - Tmp dir root location: 
 /tmp
[2022-11-17T16:29:27.974+0000] {subprocess.py:75} INFO - Running command: ['/bin/bash', '-c', 'echo "The Confirmation file was created successfully"']
[2022-11-17T16:29:27.984+0000] {subprocess.py:86} INFO - Output:
[2022-11-17T16:29:27.986+0000] {subprocess.py:93} INFO - The Confirmation file was created successfully
[2022-11-17T16:29:27.987+0000] {subprocess.py:97} INFO - Command exited with return code 0
[2022-11-17T16:29:28.014+0000] {taskinstance.py:1406} INFO - Marking task as SUCCESS. dag_id=MyPersonalAirflowProject, task_id=end_confirmation_from_nasa, execution_date=20221011T000000, start_date=20221117T162927, end_date=20221117T162928
[2022-11-17T16:29:28.074+0000] {local_task_job.py:164} INFO - Task exited with return code 0
[2022-11-17T16:29:28.111+0000] {local_task_job.py:273} INFO - 1 downstream tasks scheduled from follow-on schedule check
[2022-11-17T17:21:35.778+0000] {taskinstance.py:1165} INFO - Dependencies all met for <TaskInstance: MyPersonalAirflowProject.end_confirmation_from_nasa scheduled__2022-10-11T00:00:00+00:00 [queued]>
[2022-11-17T17:21:35.792+0000] {taskinstance.py:1165} INFO - Dependencies all met for <TaskInstance: MyPersonalAirflowProject.end_confirmation_from_nasa scheduled__2022-10-11T00:00:00+00:00 [queued]>
[2022-11-17T17:21:35.793+0000] {taskinstance.py:1362} INFO - 
--------------------------------------------------------------------------------
[2022-11-17T17:21:35.794+0000] {taskinstance.py:1363} INFO - Starting attempt 1 of 1
[2022-11-17T17:21:35.794+0000] {taskinstance.py:1364} INFO - 
--------------------------------------------------------------------------------
[2022-11-17T17:21:35.812+0000] {taskinstance.py:1383} INFO - Executing <Task(BashOperator): end_confirmation_from_nasa> on 2022-10-11 00:00:00+00:00
[2022-11-17T17:21:35.818+0000] {standard_task_runner.py:55} INFO - Started process 7030 to run task
[2022-11-17T17:21:35.821+0000] {standard_task_runner.py:82} INFO - Running: ['***', 'tasks', 'run', 'MyPersonalAirflowProject', 'end_confirmation_from_nasa', 'scheduled__2022-10-11T00:00:00+00:00', '--job-id', '2516', '--raw', '--subdir', 'DAGS_FOLDER/FinalPersonalProject.py', '--cfg-path', '/tmp/tmps1dtg1h9']
[2022-11-17T17:21:35.822+0000] {standard_task_runner.py:83} INFO - Job 2516: Subtask end_confirmation_from_nasa
[2022-11-17T17:21:35.888+0000] {task_command.py:376} INFO - Running <TaskInstance: MyPersonalAirflowProject.end_confirmation_from_nasa scheduled__2022-10-11T00:00:00+00:00 [running]> on host 638485efabe7
[2022-11-17T17:21:35.964+0000] {taskinstance.py:1592} INFO - Exporting the following env vars:
AIRFLOW_CTX_DAG_OWNER=***
AIRFLOW_CTX_DAG_ID=MyPersonalAirflowProject
AIRFLOW_CTX_TASK_ID=end_confirmation_from_nasa
AIRFLOW_CTX_EXECUTION_DATE=2022-10-11T00:00:00+00:00
AIRFLOW_CTX_TRY_NUMBER=1
AIRFLOW_CTX_DAG_RUN_ID=scheduled__2022-10-11T00:00:00+00:00
[2022-11-17T17:21:35.966+0000] {subprocess.py:63} INFO - Tmp dir root location: 
 /tmp
[2022-11-17T17:21:35.967+0000] {subprocess.py:75} INFO - Running command: ['/bin/bash', '-c', 'echo "The Confirmation file was created successfully"']
[2022-11-17T17:21:35.977+0000] {subprocess.py:86} INFO - Output:
[2022-11-17T17:21:35.979+0000] {subprocess.py:93} INFO - The Confirmation file was created successfully
[2022-11-17T17:21:35.979+0000] {subprocess.py:97} INFO - Command exited with return code 0
[2022-11-17T17:21:36.004+0000] {taskinstance.py:1406} INFO - Marking task as SUCCESS. dag_id=MyPersonalAirflowProject, task_id=end_confirmation_from_nasa, execution_date=20221011T000000, start_date=20221117T172135, end_date=20221117T172136
[2022-11-17T17:21:36.033+0000] {local_task_job.py:164} INFO - Task exited with return code 0
[2022-11-17T17:21:36.068+0000] {local_task_job.py:273} INFO - 1 downstream tasks scheduled from follow-on schedule check
