[2022-11-16T20:29:24.705+0000] {taskinstance.py:1165} INFO - Dependencies all met for <TaskInstance: 10-branching.start_15_june scheduled__2022-07-23T00:00:00+00:00 [queued]>
[2022-11-16T20:29:24.725+0000] {taskinstance.py:1165} INFO - Dependencies all met for <TaskInstance: 10-branching.start_15_june scheduled__2022-07-23T00:00:00+00:00 [queued]>
[2022-11-16T20:29:24.725+0000] {taskinstance.py:1362} INFO - 
--------------------------------------------------------------------------------
[2022-11-16T20:29:24.727+0000] {taskinstance.py:1363} INFO - Starting attempt 1 of 1
[2022-11-16T20:29:24.727+0000] {taskinstance.py:1364} INFO - 
--------------------------------------------------------------------------------
[2022-11-16T20:29:24.801+0000] {taskinstance.py:1383} INFO - Executing <Task(BashOperator): start_15_june> on 2022-07-23 00:00:00+00:00
[2022-11-16T20:29:24.872+0000] {standard_task_runner.py:55} INFO - Started process 179 to run task
[2022-11-16T20:29:24.881+0000] {standard_task_runner.py:82} INFO - Running: ['***', 'tasks', 'run', '10-branching', 'start_15_june', 'scheduled__2022-07-23T00:00:00+00:00', '--job-id', '1255', '--raw', '--subdir', 'DAGS_FOLDER/10-branchpythonoperator.py', '--cfg-path', '/tmp/tmp8ccxa0rl']
[2022-11-16T20:29:24.896+0000] {standard_task_runner.py:83} INFO - Job 1255: Subtask start_15_june
[2022-11-16T20:29:25.128+0000] {task_command.py:376} INFO - Running <TaskInstance: 10-branching.start_15_june scheduled__2022-07-23T00:00:00+00:00 [running]> on host 638485efabe7
[2022-11-16T20:29:25.381+0000] {taskinstance.py:1592} INFO - Exporting the following env vars:
AIRFLOW_CTX_DAG_OWNER=***
AIRFLOW_CTX_DAG_ID=10-branching
AIRFLOW_CTX_TASK_ID=start_15_june
AIRFLOW_CTX_EXECUTION_DATE=2022-07-23T00:00:00+00:00
AIRFLOW_CTX_TRY_NUMBER=1
AIRFLOW_CTX_DAG_RUN_ID=scheduled__2022-07-23T00:00:00+00:00
[2022-11-16T20:29:25.417+0000] {subprocess.py:63} INFO - Tmp dir root location: 
 /tmp
[2022-11-16T20:29:25.420+0000] {subprocess.py:75} INFO - Running command: ['/bin/bash', '-c', "echo 'Running 2022-07-23'"]
[2022-11-16T20:29:25.477+0000] {subprocess.py:86} INFO - Output:
[2022-11-16T20:29:25.505+0000] {subprocess.py:93} INFO - Running 2022-07-23
[2022-11-16T20:29:25.507+0000] {subprocess.py:97} INFO - Command exited with return code 0
[2022-11-16T20:29:25.636+0000] {taskinstance.py:1406} INFO - Marking task as SUCCESS. dag_id=10-branching, task_id=start_15_june, execution_date=20220723T000000, start_date=20221116T202924, end_date=20221116T202925
[2022-11-16T20:29:25.758+0000] {local_task_job.py:164} INFO - Task exited with return code 0
[2022-11-16T20:29:25.814+0000] {local_task_job.py:273} INFO - 0 downstream tasks scheduled from follow-on schedule check
