[2022-11-16T21:38:01.245+0000] {taskinstance.py:1165} INFO - Dependencies all met for <TaskInstance: MyPersonalAirflowProject.end_task scheduled__2022-11-11T00:00:00+00:00 [queued]>
[2022-11-16T21:38:01.268+0000] {taskinstance.py:1165} INFO - Dependencies all met for <TaskInstance: MyPersonalAirflowProject.end_task scheduled__2022-11-11T00:00:00+00:00 [queued]>
[2022-11-16T21:38:01.269+0000] {taskinstance.py:1362} INFO - 
--------------------------------------------------------------------------------
[2022-11-16T21:38:01.271+0000] {taskinstance.py:1363} INFO - Starting attempt 1 of 1
[2022-11-16T21:38:01.271+0000] {taskinstance.py:1364} INFO - 
--------------------------------------------------------------------------------
[2022-11-16T21:38:01.300+0000] {taskinstance.py:1383} INFO - Executing <Task(BashOperator): end_task> on 2022-11-11 00:00:00+00:00
[2022-11-16T21:38:01.310+0000] {standard_task_runner.py:55} INFO - Started process 3352 to run task
[2022-11-16T21:38:01.314+0000] {standard_task_runner.py:82} INFO - Running: ['***', 'tasks', 'run', 'MyPersonalAirflowProject', 'end_task', 'scheduled__2022-11-11T00:00:00+00:00', '--job-id', '1429', '--raw', '--subdir', 'DAGS_FOLDER/FinalPersonalProject.py', '--cfg-path', '/tmp/tmpy4odzud6']
[2022-11-16T21:38:01.315+0000] {standard_task_runner.py:83} INFO - Job 1429: Subtask end_task
[2022-11-16T21:38:01.414+0000] {task_command.py:376} INFO - Running <TaskInstance: MyPersonalAirflowProject.end_task scheduled__2022-11-11T00:00:00+00:00 [running]> on host 638485efabe7
[2022-11-16T21:38:01.510+0000] {taskinstance.py:1592} INFO - Exporting the following env vars:
AIRFLOW_CTX_DAG_OWNER=***
AIRFLOW_CTX_DAG_ID=MyPersonalAirflowProject
AIRFLOW_CTX_TASK_ID=end_task
AIRFLOW_CTX_EXECUTION_DATE=2022-11-11T00:00:00+00:00
AIRFLOW_CTX_TRY_NUMBER=1
AIRFLOW_CTX_DAG_RUN_ID=scheduled__2022-11-11T00:00:00+00:00
[2022-11-16T21:38:01.512+0000] {subprocess.py:63} INFO - Tmp dir root location: 
 /tmp
[2022-11-16T21:38:01.513+0000] {subprocess.py:75} INFO - Running command: ['/bin/bash', '-c', 'echo "The file was created successfully"']
[2022-11-16T21:38:01.526+0000] {subprocess.py:86} INFO - Output:
[2022-11-16T21:38:01.527+0000] {subprocess.py:93} INFO - The file was created successfully
[2022-11-16T21:38:01.529+0000] {subprocess.py:97} INFO - Command exited with return code 0
[2022-11-16T21:38:01.561+0000] {taskinstance.py:1406} INFO - Marking task as SUCCESS. dag_id=MyPersonalAirflowProject, task_id=end_task, execution_date=20221111T000000, start_date=20221116T213801, end_date=20221116T213801
[2022-11-16T21:38:01.646+0000] {local_task_job.py:164} INFO - Task exited with return code 0
[2022-11-16T21:38:01.672+0000] {local_task_job.py:273} INFO - 0 downstream tasks scheduled from follow-on schedule check
[2022-11-17T16:05:45.833+0000] {taskinstance.py:1165} INFO - Dependencies all met for <TaskInstance: MyPersonalAirflowProject.end_task scheduled__2022-11-11T00:00:00+00:00 [queued]>
[2022-11-17T16:05:45.852+0000] {taskinstance.py:1165} INFO - Dependencies all met for <TaskInstance: MyPersonalAirflowProject.end_task scheduled__2022-11-11T00:00:00+00:00 [queued]>
[2022-11-17T16:05:45.853+0000] {taskinstance.py:1362} INFO - 
--------------------------------------------------------------------------------
[2022-11-17T16:05:45.853+0000] {taskinstance.py:1363} INFO - Starting attempt 1 of 1
[2022-11-17T16:05:45.854+0000] {taskinstance.py:1364} INFO - 
--------------------------------------------------------------------------------
[2022-11-17T16:05:45.874+0000] {taskinstance.py:1383} INFO - Executing <Task(BashOperator): end_task> on 2022-11-11 00:00:00+00:00
[2022-11-17T16:05:45.880+0000] {standard_task_runner.py:55} INFO - Started process 1911 to run task
[2022-11-17T16:05:45.884+0000] {standard_task_runner.py:82} INFO - Running: ['***', 'tasks', 'run', 'MyPersonalAirflowProject', 'end_task', 'scheduled__2022-11-11T00:00:00+00:00', '--job-id', '1990', '--raw', '--subdir', 'DAGS_FOLDER/FinalPersonalProject.py', '--cfg-path', '/tmp/tmpft72vuci']
[2022-11-17T16:05:45.885+0000] {standard_task_runner.py:83} INFO - Job 1990: Subtask end_task
[2022-11-17T16:05:45.962+0000] {task_command.py:376} INFO - Running <TaskInstance: MyPersonalAirflowProject.end_task scheduled__2022-11-11T00:00:00+00:00 [running]> on host 638485efabe7
[2022-11-17T16:05:46.064+0000] {taskinstance.py:1592} INFO - Exporting the following env vars:
AIRFLOW_CTX_DAG_OWNER=***
AIRFLOW_CTX_DAG_ID=MyPersonalAirflowProject
AIRFLOW_CTX_TASK_ID=end_task
AIRFLOW_CTX_EXECUTION_DATE=2022-11-11T00:00:00+00:00
AIRFLOW_CTX_TRY_NUMBER=1
AIRFLOW_CTX_DAG_RUN_ID=scheduled__2022-11-11T00:00:00+00:00
[2022-11-17T16:05:46.065+0000] {subprocess.py:63} INFO - Tmp dir root location: 
 /tmp
[2022-11-17T16:05:46.067+0000] {subprocess.py:75} INFO - Running command: ['/bin/bash', '-c', 'echo "The Verification file was created successfully"']
[2022-11-17T16:05:46.079+0000] {subprocess.py:86} INFO - Output:
[2022-11-17T16:05:46.080+0000] {subprocess.py:93} INFO - The Verification file was created successfully
[2022-11-17T16:05:46.081+0000] {subprocess.py:97} INFO - Command exited with return code 0
[2022-11-17T16:05:46.112+0000] {taskinstance.py:1406} INFO - Marking task as SUCCESS. dag_id=MyPersonalAirflowProject, task_id=end_task, execution_date=20221111T000000, start_date=20221117T160545, end_date=20221117T160546
[2022-11-17T16:05:46.136+0000] {local_task_job.py:164} INFO - Task exited with return code 0
[2022-11-17T16:05:46.174+0000] {local_task_job.py:273} INFO - 1 downstream tasks scheduled from follow-on schedule check
