[2022-11-17T16:29:02.861+0000] {taskinstance.py:1165} INFO - Dependencies all met for <TaskInstance: MyPersonalAirflowProject.Data_Team_Notification scheduled__2022-10-10T00:00:00+00:00 [queued]>
[2022-11-17T16:29:02.876+0000] {taskinstance.py:1165} INFO - Dependencies all met for <TaskInstance: MyPersonalAirflowProject.Data_Team_Notification scheduled__2022-10-10T00:00:00+00:00 [queued]>
[2022-11-17T16:29:02.876+0000] {taskinstance.py:1362} INFO - 
--------------------------------------------------------------------------------
[2022-11-17T16:29:02.877+0000] {taskinstance.py:1363} INFO - Starting attempt 1 of 1
[2022-11-17T16:29:02.878+0000] {taskinstance.py:1364} INFO - 
--------------------------------------------------------------------------------
[2022-11-17T16:29:02.902+0000] {taskinstance.py:1383} INFO - Executing <Task(NotifyOperator): Data_Team_Notification> on 2022-10-10 00:00:00+00:00
[2022-11-17T16:29:02.908+0000] {standard_task_runner.py:55} INFO - Started process 3360 to run task
[2022-11-17T16:29:02.911+0000] {standard_task_runner.py:82} INFO - Running: ['***', 'tasks', 'run', 'MyPersonalAirflowProject', 'Data_Team_Notification', 'scheduled__2022-10-10T00:00:00+00:00', '--job-id', '2103', '--raw', '--subdir', 'DAGS_FOLDER/FinalPersonalProject.py', '--cfg-path', '/tmp/tmp591ciwof']
[2022-11-17T16:29:02.912+0000] {standard_task_runner.py:83} INFO - Job 2103: Subtask Data_Team_Notification
[2022-11-17T16:29:02.979+0000] {task_command.py:376} INFO - Running <TaskInstance: MyPersonalAirflowProject.Data_Team_Notification scheduled__2022-10-10T00:00:00+00:00 [running]> on host 638485efabe7
[2022-11-17T16:29:03.172+0000] {taskinstance.py:1592} INFO - Exporting the following env vars:
AIRFLOW_CTX_DAG_OWNER=***
AIRFLOW_CTX_DAG_ID=MyPersonalAirflowProject
AIRFLOW_CTX_TASK_ID=Data_Team_Notification
AIRFLOW_CTX_EXECUTION_DATE=2022-10-10T00:00:00+00:00
AIRFLOW_CTX_TRY_NUMBER=1
AIRFLOW_CTX_DAG_RUN_ID=scheduled__2022-10-10T00:00:00+00:00
[2022-11-17T16:29:03.173+0000] {logging_mixin.py:120} INFO - Hi Data team, Space X data for {ds} are now available!.. Please check them out!
[2022-11-17T16:29:03.184+0000] {taskinstance.py:1406} INFO - Marking task as SUCCESS. dag_id=MyPersonalAirflowProject, task_id=Data_Team_Notification, execution_date=20221010T000000, start_date=20221117T162902, end_date=20221117T162903
[2022-11-17T16:29:03.244+0000] {local_task_job.py:164} INFO - Task exited with return code 0
[2022-11-17T16:29:03.283+0000] {local_task_job.py:273} INFO - 0 downstream tasks scheduled from follow-on schedule check
[2022-11-17T17:21:11.103+0000] {taskinstance.py:1165} INFO - Dependencies all met for <TaskInstance: MyPersonalAirflowProject.Data_Team_Notification scheduled__2022-10-10T00:00:00+00:00 [queued]>
[2022-11-17T17:21:11.117+0000] {taskinstance.py:1165} INFO - Dependencies all met for <TaskInstance: MyPersonalAirflowProject.Data_Team_Notification scheduled__2022-10-10T00:00:00+00:00 [queued]>
[2022-11-17T17:21:11.118+0000] {taskinstance.py:1362} INFO - 
--------------------------------------------------------------------------------
[2022-11-17T17:21:11.118+0000] {taskinstance.py:1363} INFO - Starting attempt 1 of 1
[2022-11-17T17:21:11.119+0000] {taskinstance.py:1364} INFO - 
--------------------------------------------------------------------------------
[2022-11-17T17:21:11.139+0000] {taskinstance.py:1383} INFO - Executing <Task(NotifyOperator): Data_Team_Notification> on 2022-10-10 00:00:00+00:00
[2022-11-17T17:21:11.145+0000] {standard_task_runner.py:55} INFO - Started process 7003 to run task
[2022-11-17T17:21:11.148+0000] {standard_task_runner.py:82} INFO - Running: ['***', 'tasks', 'run', 'MyPersonalAirflowProject', 'Data_Team_Notification', 'scheduled__2022-10-10T00:00:00+00:00', '--job-id', '2513', '--raw', '--subdir', 'DAGS_FOLDER/FinalPersonalProject.py', '--cfg-path', '/tmp/tmpoww97n7e']
[2022-11-17T17:21:11.149+0000] {standard_task_runner.py:83} INFO - Job 2513: Subtask Data_Team_Notification
[2022-11-17T17:21:11.217+0000] {task_command.py:376} INFO - Running <TaskInstance: MyPersonalAirflowProject.Data_Team_Notification scheduled__2022-10-10T00:00:00+00:00 [running]> on host 638485efabe7
[2022-11-17T17:21:11.294+0000] {taskinstance.py:1592} INFO - Exporting the following env vars:
AIRFLOW_CTX_DAG_OWNER=***
AIRFLOW_CTX_DAG_ID=MyPersonalAirflowProject
AIRFLOW_CTX_TASK_ID=Data_Team_Notification
AIRFLOW_CTX_EXECUTION_DATE=2022-10-10T00:00:00+00:00
AIRFLOW_CTX_TRY_NUMBER=1
AIRFLOW_CTX_DAG_RUN_ID=scheduled__2022-10-10T00:00:00+00:00
[2022-11-17T17:21:11.295+0000] {logging_mixin.py:120} INFO - Hi Data team, Space X data for 2022-11-17  are now available!.. Please check them out!
[2022-11-17T17:21:11.307+0000] {taskinstance.py:1406} INFO - Marking task as SUCCESS. dag_id=MyPersonalAirflowProject, task_id=Data_Team_Notification, execution_date=20221010T000000, start_date=20221117T172111, end_date=20221117T172111
[2022-11-17T17:21:11.361+0000] {local_task_job.py:164} INFO - Task exited with return code 0
[2022-11-17T17:21:11.382+0000] {local_task_job.py:273} INFO - 0 downstream tasks scheduled from follow-on schedule check
