[2022-11-04T19:48:51.038+0000] {taskinstance.py:1165} INFO - Dependencies all met for <TaskInstance: orquestation.TASK1 scheduled__2022-05-18T00:00:00+00:00 [queued]>
[2022-11-04T19:48:51.061+0000] {taskinstance.py:1165} INFO - Dependencies all met for <TaskInstance: orquestation.TASK1 scheduled__2022-05-18T00:00:00+00:00 [queued]>
[2022-11-04T19:48:51.062+0000] {taskinstance.py:1362} INFO - 
--------------------------------------------------------------------------------
[2022-11-04T19:48:51.063+0000] {taskinstance.py:1363} INFO - Starting attempt 1 of 1
[2022-11-04T19:48:51.065+0000] {taskinstance.py:1364} INFO - 
--------------------------------------------------------------------------------
[2022-11-04T19:48:51.099+0000] {taskinstance.py:1383} INFO - Executing <Task(BashOperator): TASK1> on 2022-05-18 00:00:00+00:00
[2022-11-04T19:48:51.119+0000] {standard_task_runner.py:55} INFO - Started process 256 to run task
[2022-11-04T19:48:51.125+0000] {standard_task_runner.py:82} INFO - Running: ['***', 'tasks', 'run', 'orquestation', 'TASK1', 'scheduled__2022-05-18T00:00:00+00:00', '--job-id', '20', '--raw', '--subdir', 'DAGS_FOLDER/5.1-orquestacion.py', '--cfg-path', '/tmp/tmp4l633f15']
[2022-11-04T19:48:51.126+0000] {standard_task_runner.py:83} INFO - Job 20: Subtask TASK1
[2022-11-04T19:48:51.234+0000] {task_command.py:376} INFO - Running <TaskInstance: orquestation.TASK1 scheduled__2022-05-18T00:00:00+00:00 [running]> on host 208ed96b478a
[2022-11-04T19:48:51.385+0000] {taskinstance.py:1592} INFO - Exporting the following env vars:
AIRFLOW_CTX_DAG_OWNER=***
AIRFLOW_CTX_DAG_ID=orquestation
AIRFLOW_CTX_TASK_ID=TASK1
AIRFLOW_CTX_EXECUTION_DATE=2022-05-18T00:00:00+00:00
AIRFLOW_CTX_TRY_NUMBER=1
AIRFLOW_CTX_DAG_RUN_ID=scheduled__2022-05-18T00:00:00+00:00
[2022-11-04T19:48:51.388+0000] {subprocess.py:63} INFO - Tmp dir root location: 
 /tmp
[2022-11-04T19:48:51.391+0000] {subprocess.py:75} INFO - Running command: ['/bin/bash', '-c', "SLEEP 2 && ECHO 'TASK1'"]
[2022-11-04T19:48:51.428+0000] {subprocess.py:86} INFO - Output:
[2022-11-04T19:48:51.431+0000] {subprocess.py:93} INFO - /bin/bash: line 1: SLEEP: command not found
[2022-11-04T19:48:51.433+0000] {subprocess.py:97} INFO - Command exited with return code 127
[2022-11-04T19:48:51.454+0000] {taskinstance.py:1851} ERROR - Task failed with exception
Traceback (most recent call last):
  File "/home/airflow/.local/lib/python3.7/site-packages/airflow/operators/bash.py", line 197, in execute
    f'Bash command failed. The command returned a non-zero exit code {result.exit_code}.'
airflow.exceptions.AirflowException: Bash command failed. The command returned a non-zero exit code 127.
[2022-11-04T19:48:51.462+0000] {taskinstance.py:1406} INFO - Marking task as FAILED. dag_id=orquestation, task_id=TASK1, execution_date=20220518T000000, start_date=20221104T194851, end_date=20221104T194851
[2022-11-04T19:48:51.491+0000] {standard_task_runner.py:105} ERROR - Failed to execute job 20 for task TASK1 (Bash command failed. The command returned a non-zero exit code 127.; 256)
[2022-11-04T19:48:51.539+0000] {local_task_job.py:164} INFO - Task exited with return code 1
[2022-11-04T19:48:51.595+0000] {local_task_job.py:273} INFO - 0 downstream tasks scheduled from follow-on schedule check
[2022-11-04T21:13:25.818+0000] {taskinstance.py:1165} INFO - Dependencies all met for <TaskInstance: orquestation.task1 scheduled__2022-05-18T00:00:00+00:00 [queued]>
[2022-11-04T21:13:25.840+0000] {taskinstance.py:1165} INFO - Dependencies all met for <TaskInstance: orquestation.task1 scheduled__2022-05-18T00:00:00+00:00 [queued]>
[2022-11-04T21:13:25.841+0000] {taskinstance.py:1362} INFO - 
--------------------------------------------------------------------------------
[2022-11-04T21:13:25.842+0000] {taskinstance.py:1363} INFO - Starting attempt 1 of 1
[2022-11-04T21:13:25.843+0000] {taskinstance.py:1364} INFO - 
--------------------------------------------------------------------------------
[2022-11-04T21:13:25.864+0000] {taskinstance.py:1383} INFO - Executing <Task(BashOperator): task1> on 2022-05-18 00:00:00+00:00
[2022-11-04T21:13:25.873+0000] {standard_task_runner.py:55} INFO - Started process 392 to run task
[2022-11-04T21:13:25.878+0000] {standard_task_runner.py:82} INFO - Running: ['***', 'tasks', 'run', 'orquestation', 'task1', 'scheduled__2022-05-18T00:00:00+00:00', '--job-id', '95', '--raw', '--subdir', 'DAGS_FOLDER/5.1-orquestacion.py', '--cfg-path', '/tmp/tmpaezs1odr']
[2022-11-04T21:13:25.880+0000] {standard_task_runner.py:83} INFO - Job 95: Subtask task1
[2022-11-04T21:13:25.983+0000] {task_command.py:376} INFO - Running <TaskInstance: orquestation.task1 scheduled__2022-05-18T00:00:00+00:00 [running]> on host 643e334f405f
[2022-11-04T21:13:26.100+0000] {taskinstance.py:1592} INFO - Exporting the following env vars:
AIRFLOW_CTX_DAG_OWNER=***
AIRFLOW_CTX_DAG_ID=orquestation
AIRFLOW_CTX_TASK_ID=task1
AIRFLOW_CTX_EXECUTION_DATE=2022-05-18T00:00:00+00:00
AIRFLOW_CTX_TRY_NUMBER=1
AIRFLOW_CTX_DAG_RUN_ID=scheduled__2022-05-18T00:00:00+00:00
[2022-11-04T21:13:26.102+0000] {subprocess.py:63} INFO - Tmp dir root location: 
 /tmp
[2022-11-04T21:13:26.103+0000] {subprocess.py:75} INFO - Running command: ['/bin/bash', '-c', "sleep 2 && echo 'task1'"]
[2022-11-04T21:13:26.126+0000] {subprocess.py:86} INFO - Output:
[2022-11-04T21:13:28.135+0000] {subprocess.py:93} INFO - task1
[2022-11-04T21:13:28.136+0000] {subprocess.py:97} INFO - Command exited with return code 0
[2022-11-04T21:13:28.182+0000] {taskinstance.py:1406} INFO - Marking task as SUCCESS. dag_id=orquestation, task_id=task1, execution_date=20220518T000000, start_date=20221104T211325, end_date=20221104T211328
[2022-11-04T21:13:28.459+0000] {local_task_job.py:164} INFO - Task exited with return code 0
[2022-11-04T21:13:28.504+0000] {local_task_job.py:273} INFO - 0 downstream tasks scheduled from follow-on schedule check
[2022-11-04T21:32:53.656+0000] {taskinstance.py:1165} INFO - Dependencies all met for <TaskInstance: orquestation.task1 scheduled__2022-05-18T00:00:00+00:00 [queued]>
[2022-11-04T21:32:53.677+0000] {taskinstance.py:1165} INFO - Dependencies all met for <TaskInstance: orquestation.task1 scheduled__2022-05-18T00:00:00+00:00 [queued]>
[2022-11-04T21:32:53.678+0000] {taskinstance.py:1362} INFO - 
--------------------------------------------------------------------------------
[2022-11-04T21:32:53.679+0000] {taskinstance.py:1363} INFO - Starting attempt 1 of 1
[2022-11-04T21:32:53.679+0000] {taskinstance.py:1364} INFO - 
--------------------------------------------------------------------------------
[2022-11-04T21:32:53.715+0000] {taskinstance.py:1383} INFO - Executing <Task(BashOperator): task1> on 2022-05-18 00:00:00+00:00
[2022-11-04T21:32:53.721+0000] {standard_task_runner.py:55} INFO - Started process 935 to run task
[2022-11-04T21:32:53.724+0000] {standard_task_runner.py:82} INFO - Running: ['***', 'tasks', 'run', 'orquestation', 'task1', 'scheduled__2022-05-18T00:00:00+00:00', '--job-id', '173', '--raw', '--subdir', 'DAGS_FOLDER/5.1-orquestacion.py', '--cfg-path', '/tmp/tmpgh84qqf4']
[2022-11-04T21:32:53.725+0000] {standard_task_runner.py:83} INFO - Job 173: Subtask task1
[2022-11-04T21:32:53.821+0000] {task_command.py:376} INFO - Running <TaskInstance: orquestation.task1 scheduled__2022-05-18T00:00:00+00:00 [running]> on host 643e334f405f
[2022-11-04T21:32:53.929+0000] {taskinstance.py:1592} INFO - Exporting the following env vars:
AIRFLOW_CTX_DAG_OWNER=***
AIRFLOW_CTX_DAG_ID=orquestation
AIRFLOW_CTX_TASK_ID=task1
AIRFLOW_CTX_EXECUTION_DATE=2022-05-18T00:00:00+00:00
AIRFLOW_CTX_TRY_NUMBER=1
AIRFLOW_CTX_DAG_RUN_ID=scheduled__2022-05-18T00:00:00+00:00
[2022-11-04T21:32:53.934+0000] {subprocess.py:63} INFO - Tmp dir root location: 
 /tmp
[2022-11-04T21:32:53.935+0000] {subprocess.py:75} INFO - Running command: ['/bin/bash', '-c', "sleep 2 && echo 'task1'"]
[2022-11-04T21:32:53.963+0000] {subprocess.py:86} INFO - Output:
[2022-11-04T21:32:55.973+0000] {subprocess.py:93} INFO - task1
[2022-11-04T21:32:55.974+0000] {subprocess.py:97} INFO - Command exited with return code 0
[2022-11-04T21:32:56.008+0000] {taskinstance.py:1406} INFO - Marking task as SUCCESS. dag_id=orquestation, task_id=task1, execution_date=20220518T000000, start_date=20221104T213253, end_date=20221104T213256
[2022-11-04T21:32:56.065+0000] {local_task_job.py:164} INFO - Task exited with return code 0
[2022-11-04T21:32:56.116+0000] {local_task_job.py:273} INFO - 1 downstream tasks scheduled from follow-on schedule check
[2022-11-04T21:43:05.384+0000] {taskinstance.py:1165} INFO - Dependencies all met for <TaskInstance: orquestation.task1 scheduled__2022-05-18T00:00:00+00:00 [queued]>
[2022-11-04T21:43:05.399+0000] {taskinstance.py:1165} INFO - Dependencies all met for <TaskInstance: orquestation.task1 scheduled__2022-05-18T00:00:00+00:00 [queued]>
[2022-11-04T21:43:05.400+0000] {taskinstance.py:1362} INFO - 
--------------------------------------------------------------------------------
[2022-11-04T21:43:05.400+0000] {taskinstance.py:1363} INFO - Starting attempt 1 of 1
[2022-11-04T21:43:05.401+0000] {taskinstance.py:1364} INFO - 
--------------------------------------------------------------------------------
[2022-11-04T21:43:05.417+0000] {taskinstance.py:1383} INFO - Executing <Task(BashOperator): task1> on 2022-05-18 00:00:00+00:00
[2022-11-04T21:43:05.423+0000] {standard_task_runner.py:55} INFO - Started process 2003 to run task
[2022-11-04T21:43:05.426+0000] {standard_task_runner.py:82} INFO - Running: ['***', 'tasks', 'run', 'orquestation', 'task1', 'scheduled__2022-05-18T00:00:00+00:00', '--job-id', '323', '--raw', '--subdir', 'DAGS_FOLDER/5.1-orquestacion.py', '--cfg-path', '/tmp/tmp8su58m7y']
[2022-11-04T21:43:05.427+0000] {standard_task_runner.py:83} INFO - Job 323: Subtask task1
[2022-11-04T21:43:05.493+0000] {task_command.py:376} INFO - Running <TaskInstance: orquestation.task1 scheduled__2022-05-18T00:00:00+00:00 [running]> on host 643e334f405f
[2022-11-04T21:43:05.567+0000] {taskinstance.py:1592} INFO - Exporting the following env vars:
AIRFLOW_CTX_DAG_OWNER=***
AIRFLOW_CTX_DAG_ID=orquestation
AIRFLOW_CTX_TASK_ID=task1
AIRFLOW_CTX_EXECUTION_DATE=2022-05-18T00:00:00+00:00
AIRFLOW_CTX_TRY_NUMBER=1
AIRFLOW_CTX_DAG_RUN_ID=scheduled__2022-05-18T00:00:00+00:00
[2022-11-04T21:43:05.568+0000] {subprocess.py:63} INFO - Tmp dir root location: 
 /tmp
[2022-11-04T21:43:05.569+0000] {subprocess.py:75} INFO - Running command: ['/bin/bash', '-c', "sleep 2 && echo 'task1'"]
[2022-11-04T21:43:05.582+0000] {subprocess.py:86} INFO - Output:
[2022-11-04T21:43:07.586+0000] {subprocess.py:93} INFO - task1
[2022-11-04T21:43:07.587+0000] {subprocess.py:97} INFO - Command exited with return code 0
[2022-11-04T21:43:07.614+0000] {taskinstance.py:1406} INFO - Marking task as SUCCESS. dag_id=orquestation, task_id=task1, execution_date=20220518T000000, start_date=20221104T214305, end_date=20221104T214307
[2022-11-04T21:43:07.646+0000] {local_task_job.py:164} INFO - Task exited with return code 0
[2022-11-04T21:43:07.690+0000] {local_task_job.py:273} INFO - 1 downstream tasks scheduled from follow-on schedule check
