[2022-11-16T21:03:30.559+0000] {taskinstance.py:1165} INFO - Dependencies all met for <TaskInstance: MyPersonalAirflowProject.nasa_verification_task scheduled__2022-11-08T00:00:00+00:00 [queued]>
[2022-11-16T21:03:30.573+0000] {taskinstance.py:1165} INFO - Dependencies all met for <TaskInstance: MyPersonalAirflowProject.nasa_verification_task scheduled__2022-11-08T00:00:00+00:00 [queued]>
[2022-11-16T21:03:30.573+0000] {taskinstance.py:1362} INFO - 
--------------------------------------------------------------------------------
[2022-11-16T21:03:30.574+0000] {taskinstance.py:1363} INFO - Starting attempt 1 of 1
[2022-11-16T21:03:30.575+0000] {taskinstance.py:1364} INFO - 
--------------------------------------------------------------------------------
[2022-11-16T21:03:30.594+0000] {taskinstance.py:1383} INFO - Executing <Task(BashOperator): nasa_verification_task> on 2022-11-08 00:00:00+00:00
[2022-11-16T21:03:30.601+0000] {standard_task_runner.py:55} INFO - Started process 1491 to run task
[2022-11-16T21:03:30.604+0000] {standard_task_runner.py:82} INFO - Running: ['***', 'tasks', 'run', 'MyPersonalAirflowProject', 'nasa_verification_task', 'scheduled__2022-11-08T00:00:00+00:00', '--job-id', '1316', '--raw', '--subdir', 'DAGS_FOLDER/FinalPersonalProject.py', '--cfg-path', '/tmp/tmp2mo028pn']
[2022-11-16T21:03:30.605+0000] {standard_task_runner.py:83} INFO - Job 1316: Subtask nasa_verification_task
[2022-11-16T21:03:30.677+0000] {task_command.py:376} INFO - Running <TaskInstance: MyPersonalAirflowProject.nasa_verification_task scheduled__2022-11-08T00:00:00+00:00 [running]> on host 638485efabe7
[2022-11-16T21:03:31.080+0000] {taskinstance.py:1592} INFO - Exporting the following env vars:
AIRFLOW_CTX_DAG_OWNER=***
AIRFLOW_CTX_DAG_ID=MyPersonalAirflowProject
AIRFLOW_CTX_TASK_ID=nasa_verification_task
AIRFLOW_CTX_EXECUTION_DATE=2022-11-08T00:00:00+00:00
AIRFLOW_CTX_TRY_NUMBER=1
AIRFLOW_CTX_DAG_RUN_ID=scheduled__2022-11-08T00:00:00+00:00
[2022-11-16T21:03:31.082+0000] {subprocess.py:63} INFO - Tmp dir root location: 
 /tmp
[2022-11-16T21:03:31.084+0000] {subprocess.py:75} INFO - Running command: ['/bin/bash', '-c', 'sleep 20 && echo ÖK"> /tmp/reponse_20221108.txt']
[2022-11-16T21:03:31.127+0000] {subprocess.py:86} INFO - Output:
[2022-11-16T21:03:31.130+0000] {subprocess.py:93} INFO - /bin/bash: -c: line 1: unexpected EOF while looking for matching `"'
[2022-11-16T21:03:31.132+0000] {subprocess.py:93} INFO - /bin/bash: -c: line 2: syntax error: unexpected end of file
[2022-11-16T21:03:31.134+0000] {subprocess.py:97} INFO - Command exited with return code 2
[2022-11-16T21:03:31.161+0000] {taskinstance.py:1851} ERROR - Task failed with exception
Traceback (most recent call last):
  File "/home/airflow/.local/lib/python3.7/site-packages/airflow/operators/bash.py", line 197, in execute
    f'Bash command failed. The command returned a non-zero exit code {result.exit_code}.'
airflow.exceptions.AirflowException: Bash command failed. The command returned a non-zero exit code 2.
[2022-11-16T21:03:31.169+0000] {taskinstance.py:1406} INFO - Marking task as FAILED. dag_id=MyPersonalAirflowProject, task_id=nasa_verification_task, execution_date=20221108T000000, start_date=20221116T210330, end_date=20221116T210331
[2022-11-16T21:03:31.197+0000] {standard_task_runner.py:105} ERROR - Failed to execute job 1316 for task nasa_verification_task (Bash command failed. The command returned a non-zero exit code 2.; 1491)
[2022-11-16T21:03:31.215+0000] {local_task_job.py:164} INFO - Task exited with return code 1
[2022-11-16T21:03:31.242+0000] {local_task_job.py:273} INFO - 0 downstream tasks scheduled from follow-on schedule check
[2022-11-17T16:03:52.142+0000] {taskinstance.py:1165} INFO - Dependencies all met for <TaskInstance: MyPersonalAirflowProject.nasa_verification_task scheduled__2022-11-08T00:00:00+00:00 [queued]>
[2022-11-17T16:03:52.160+0000] {taskinstance.py:1165} INFO - Dependencies all met for <TaskInstance: MyPersonalAirflowProject.nasa_verification_task scheduled__2022-11-08T00:00:00+00:00 [queued]>
[2022-11-17T16:03:52.161+0000] {taskinstance.py:1362} INFO - 
--------------------------------------------------------------------------------
[2022-11-17T16:03:52.162+0000] {taskinstance.py:1363} INFO - Starting attempt 1 of 1
[2022-11-17T16:03:52.163+0000] {taskinstance.py:1364} INFO - 
--------------------------------------------------------------------------------
[2022-11-17T16:03:52.189+0000] {taskinstance.py:1383} INFO - Executing <Task(BashOperator): nasa_verification_task> on 2022-11-08 00:00:00+00:00
[2022-11-17T16:03:52.197+0000] {standard_task_runner.py:55} INFO - Started process 1764 to run task
[2022-11-17T16:03:52.200+0000] {standard_task_runner.py:82} INFO - Running: ['***', 'tasks', 'run', 'MyPersonalAirflowProject', 'nasa_verification_task', 'scheduled__2022-11-08T00:00:00+00:00', '--job-id', '1970', '--raw', '--subdir', 'DAGS_FOLDER/FinalPersonalProject.py', '--cfg-path', '/tmp/tmpor_d2sh6']
[2022-11-17T16:03:52.201+0000] {standard_task_runner.py:83} INFO - Job 1970: Subtask nasa_verification_task
[2022-11-17T16:03:52.295+0000] {task_command.py:376} INFO - Running <TaskInstance: MyPersonalAirflowProject.nasa_verification_task scheduled__2022-11-08T00:00:00+00:00 [running]> on host 638485efabe7
[2022-11-17T16:03:52.405+0000] {taskinstance.py:1592} INFO - Exporting the following env vars:
AIRFLOW_CTX_DAG_OWNER=***
AIRFLOW_CTX_DAG_ID=MyPersonalAirflowProject
AIRFLOW_CTX_TASK_ID=nasa_verification_task
AIRFLOW_CTX_EXECUTION_DATE=2022-11-08T00:00:00+00:00
AIRFLOW_CTX_TRY_NUMBER=1
AIRFLOW_CTX_DAG_RUN_ID=scheduled__2022-11-08T00:00:00+00:00
[2022-11-17T16:03:52.407+0000] {subprocess.py:63} INFO - Tmp dir root location: 
 /tmp
[2022-11-17T16:03:52.408+0000] {subprocess.py:75} INFO - Running command: ['/bin/bash', '-c', 'sleep 20 && echo "OK"> /tmp/reponse_20221108.txt']
[2022-11-17T16:03:52.422+0000] {subprocess.py:86} INFO - Output:
[2022-11-17T16:04:12.427+0000] {subprocess.py:97} INFO - Command exited with return code 0
[2022-11-17T16:04:12.468+0000] {taskinstance.py:1406} INFO - Marking task as SUCCESS. dag_id=MyPersonalAirflowProject, task_id=nasa_verification_task, execution_date=20221108T000000, start_date=20221117T160352, end_date=20221117T160412
[2022-11-17T16:04:12.502+0000] {local_task_job.py:164} INFO - Task exited with return code 0
[2022-11-17T16:04:12.550+0000] {local_task_job.py:273} INFO - 1 downstream tasks scheduled from follow-on schedule check
[2022-11-17T16:44:21.233+0000] {taskinstance.py:1165} INFO - Dependencies all met for <TaskInstance: MyPersonalAirflowProject.nasa_verification_task scheduled__2022-11-08T00:00:00+00:00 [queued]>
[2022-11-17T16:44:21.246+0000] {taskinstance.py:1165} INFO - Dependencies all met for <TaskInstance: MyPersonalAirflowProject.nasa_verification_task scheduled__2022-11-08T00:00:00+00:00 [queued]>
[2022-11-17T16:44:21.246+0000] {taskinstance.py:1362} INFO - 
--------------------------------------------------------------------------------
[2022-11-17T16:44:21.247+0000] {taskinstance.py:1363} INFO - Starting attempt 1 of 1
[2022-11-17T16:44:21.247+0000] {taskinstance.py:1364} INFO - 
--------------------------------------------------------------------------------
[2022-11-17T16:44:21.265+0000] {taskinstance.py:1383} INFO - Executing <Task(BashOperator): nasa_verification_task> on 2022-11-08 00:00:00+00:00
[2022-11-17T16:44:21.270+0000] {standard_task_runner.py:55} INFO - Started process 4755 to run task
[2022-11-17T16:44:21.273+0000] {standard_task_runner.py:82} INFO - Running: ['***', 'tasks', 'run', 'MyPersonalAirflowProject', 'nasa_verification_task', 'scheduled__2022-11-08T00:00:00+00:00', '--job-id', '2328', '--raw', '--subdir', 'DAGS_FOLDER/FinalPersonalProject.py', '--cfg-path', '/tmp/tmpdhgombqd']
[2022-11-17T16:44:21.274+0000] {standard_task_runner.py:83} INFO - Job 2328: Subtask nasa_verification_task
[2022-11-17T16:44:21.341+0000] {task_command.py:376} INFO - Running <TaskInstance: MyPersonalAirflowProject.nasa_verification_task scheduled__2022-11-08T00:00:00+00:00 [running]> on host 638485efabe7
[2022-11-17T16:44:21.419+0000] {taskinstance.py:1592} INFO - Exporting the following env vars:
AIRFLOW_CTX_DAG_OWNER=***
AIRFLOW_CTX_DAG_ID=MyPersonalAirflowProject
AIRFLOW_CTX_TASK_ID=nasa_verification_task
AIRFLOW_CTX_EXECUTION_DATE=2022-11-08T00:00:00+00:00
AIRFLOW_CTX_TRY_NUMBER=1
AIRFLOW_CTX_DAG_RUN_ID=scheduled__2022-11-08T00:00:00+00:00
[2022-11-17T16:44:21.420+0000] {subprocess.py:63} INFO - Tmp dir root location: 
 /tmp
[2022-11-17T16:44:21.421+0000] {subprocess.py:75} INFO - Running command: ['/bin/bash', '-c', 'sleep 20 && echo "OK"> /tmp/reponse_20221108.txt']
[2022-11-17T16:44:21.433+0000] {subprocess.py:86} INFO - Output:
[2022-11-17T16:44:41.437+0000] {subprocess.py:97} INFO - Command exited with return code 0
[2022-11-17T16:44:41.466+0000] {taskinstance.py:1406} INFO - Marking task as SUCCESS. dag_id=MyPersonalAirflowProject, task_id=nasa_verification_task, execution_date=20221108T000000, start_date=20221117T164421, end_date=20221117T164441
[2022-11-17T16:44:41.513+0000] {local_task_job.py:164} INFO - Task exited with return code 0
[2022-11-17T16:44:41.551+0000] {local_task_job.py:273} INFO - 1 downstream tasks scheduled from follow-on schedule check
[2022-11-17T17:35:21.411+0000] {taskinstance.py:1165} INFO - Dependencies all met for <TaskInstance: MyPersonalAirflowProject.nasa_verification_task scheduled__2022-11-08T00:00:00+00:00 [queued]>
[2022-11-17T17:35:21.423+0000] {taskinstance.py:1165} INFO - Dependencies all met for <TaskInstance: MyPersonalAirflowProject.nasa_verification_task scheduled__2022-11-08T00:00:00+00:00 [queued]>
[2022-11-17T17:35:21.424+0000] {taskinstance.py:1362} INFO - 
--------------------------------------------------------------------------------
[2022-11-17T17:35:21.424+0000] {taskinstance.py:1363} INFO - Starting attempt 1 of 1
[2022-11-17T17:35:21.425+0000] {taskinstance.py:1364} INFO - 
--------------------------------------------------------------------------------
[2022-11-17T17:35:21.442+0000] {taskinstance.py:1383} INFO - Executing <Task(BashOperator): nasa_verification_task> on 2022-11-08 00:00:00+00:00
[2022-11-17T17:35:21.448+0000] {standard_task_runner.py:55} INFO - Started process 8367 to run task
[2022-11-17T17:35:21.450+0000] {standard_task_runner.py:82} INFO - Running: ['***', 'tasks', 'run', 'MyPersonalAirflowProject', 'nasa_verification_task', 'scheduled__2022-11-08T00:00:00+00:00', '--job-id', '2738', '--raw', '--subdir', 'DAGS_FOLDER/FinalPersonalProject.py', '--cfg-path', '/tmp/tmp9nn4qjn0']
[2022-11-17T17:35:21.451+0000] {standard_task_runner.py:83} INFO - Job 2738: Subtask nasa_verification_task
[2022-11-17T17:35:21.518+0000] {task_command.py:376} INFO - Running <TaskInstance: MyPersonalAirflowProject.nasa_verification_task scheduled__2022-11-08T00:00:00+00:00 [running]> on host 638485efabe7
[2022-11-17T17:35:21.598+0000] {taskinstance.py:1592} INFO - Exporting the following env vars:
AIRFLOW_CTX_DAG_OWNER=***
AIRFLOW_CTX_DAG_ID=MyPersonalAirflowProject
AIRFLOW_CTX_TASK_ID=nasa_verification_task
AIRFLOW_CTX_EXECUTION_DATE=2022-11-08T00:00:00+00:00
AIRFLOW_CTX_TRY_NUMBER=1
AIRFLOW_CTX_DAG_RUN_ID=scheduled__2022-11-08T00:00:00+00:00
[2022-11-17T17:35:21.599+0000] {subprocess.py:63} INFO - Tmp dir root location: 
 /tmp
[2022-11-17T17:35:21.600+0000] {subprocess.py:75} INFO - Running command: ['/bin/bash', '-c', 'sleep 20 && echo "OK"> /tmp/reponse_20221108.txt']
[2022-11-17T17:35:21.612+0000] {subprocess.py:86} INFO - Output:
[2022-11-17T17:35:41.617+0000] {subprocess.py:97} INFO - Command exited with return code 0
[2022-11-17T17:35:41.647+0000] {taskinstance.py:1406} INFO - Marking task as SUCCESS. dag_id=MyPersonalAirflowProject, task_id=nasa_verification_task, execution_date=20221108T000000, start_date=20221117T173521, end_date=20221117T173541
[2022-11-17T17:35:41.671+0000] {local_task_job.py:164} INFO - Task exited with return code 0
[2022-11-17T17:35:41.708+0000] {local_task_job.py:273} INFO - 1 downstream tasks scheduled from follow-on schedule check
