[2022-11-17T16:29:58.278+0000] {taskinstance.py:1165} INFO - Dependencies all met for <TaskInstance: MyPersonalAirflowProject.end_confirmation_from_nasa scheduled__2022-10-12T00:00:00+00:00 [queued]>
[2022-11-17T16:29:58.292+0000] {taskinstance.py:1165} INFO - Dependencies all met for <TaskInstance: MyPersonalAirflowProject.end_confirmation_from_nasa scheduled__2022-10-12T00:00:00+00:00 [queued]>
[2022-11-17T16:29:58.292+0000] {taskinstance.py:1362} INFO - 
--------------------------------------------------------------------------------
[2022-11-17T16:29:58.294+0000] {taskinstance.py:1363} INFO - Starting attempt 1 of 1
[2022-11-17T16:29:58.295+0000] {taskinstance.py:1364} INFO - 
--------------------------------------------------------------------------------
[2022-11-17T16:29:58.312+0000] {taskinstance.py:1383} INFO - Executing <Task(BashOperator): end_confirmation_from_nasa> on 2022-10-12 00:00:00+00:00
[2022-11-17T16:29:58.317+0000] {standard_task_runner.py:55} INFO - Started process 3439 to run task
[2022-11-17T16:29:58.320+0000] {standard_task_runner.py:82} INFO - Running: ['***', 'tasks', 'run', 'MyPersonalAirflowProject', 'end_confirmation_from_nasa', 'scheduled__2022-10-12T00:00:00+00:00', '--job-id', '2114', '--raw', '--subdir', 'DAGS_FOLDER/FinalPersonalProject.py', '--cfg-path', '/tmp/tmpjiv7u5g_']
[2022-11-17T16:29:58.321+0000] {standard_task_runner.py:83} INFO - Job 2114: Subtask end_confirmation_from_nasa
[2022-11-17T16:29:58.389+0000] {task_command.py:376} INFO - Running <TaskInstance: MyPersonalAirflowProject.end_confirmation_from_nasa scheduled__2022-10-12T00:00:00+00:00 [running]> on host 638485efabe7
[2022-11-17T16:29:58.461+0000] {taskinstance.py:1592} INFO - Exporting the following env vars:
AIRFLOW_CTX_DAG_OWNER=***
AIRFLOW_CTX_DAG_ID=MyPersonalAirflowProject
AIRFLOW_CTX_TASK_ID=end_confirmation_from_nasa
AIRFLOW_CTX_EXECUTION_DATE=2022-10-12T00:00:00+00:00
AIRFLOW_CTX_TRY_NUMBER=1
AIRFLOW_CTX_DAG_RUN_ID=scheduled__2022-10-12T00:00:00+00:00
[2022-11-17T16:29:58.463+0000] {subprocess.py:63} INFO - Tmp dir root location: 
 /tmp
[2022-11-17T16:29:58.465+0000] {subprocess.py:75} INFO - Running command: ['/bin/bash', '-c', 'echo "The Confirmation file was created successfully"']
[2022-11-17T16:29:58.476+0000] {subprocess.py:86} INFO - Output:
[2022-11-17T16:29:58.477+0000] {subprocess.py:93} INFO - The Confirmation file was created successfully
[2022-11-17T16:29:58.478+0000] {subprocess.py:97} INFO - Command exited with return code 0
[2022-11-17T16:29:58.507+0000] {taskinstance.py:1406} INFO - Marking task as SUCCESS. dag_id=MyPersonalAirflowProject, task_id=end_confirmation_from_nasa, execution_date=20221012T000000, start_date=20221117T162958, end_date=20221117T162958
[2022-11-17T16:29:58.533+0000] {local_task_job.py:164} INFO - Task exited with return code 0
[2022-11-17T16:29:58.570+0000] {local_task_job.py:273} INFO - 1 downstream tasks scheduled from follow-on schedule check
[2022-11-17T17:22:07.118+0000] {taskinstance.py:1165} INFO - Dependencies all met for <TaskInstance: MyPersonalAirflowProject.end_confirmation_from_nasa scheduled__2022-10-12T00:00:00+00:00 [queued]>
[2022-11-17T17:22:07.132+0000] {taskinstance.py:1165} INFO - Dependencies all met for <TaskInstance: MyPersonalAirflowProject.end_confirmation_from_nasa scheduled__2022-10-12T00:00:00+00:00 [queued]>
[2022-11-17T17:22:07.133+0000] {taskinstance.py:1362} INFO - 
--------------------------------------------------------------------------------
[2022-11-17T17:22:07.133+0000] {taskinstance.py:1363} INFO - Starting attempt 1 of 1
[2022-11-17T17:22:07.134+0000] {taskinstance.py:1364} INFO - 
--------------------------------------------------------------------------------
[2022-11-17T17:22:07.151+0000] {taskinstance.py:1383} INFO - Executing <Task(BashOperator): end_confirmation_from_nasa> on 2022-10-12 00:00:00+00:00
[2022-11-17T17:22:07.156+0000] {standard_task_runner.py:55} INFO - Started process 7082 to run task
[2022-11-17T17:22:07.159+0000] {standard_task_runner.py:82} INFO - Running: ['***', 'tasks', 'run', 'MyPersonalAirflowProject', 'end_confirmation_from_nasa', 'scheduled__2022-10-12T00:00:00+00:00', '--job-id', '2524', '--raw', '--subdir', 'DAGS_FOLDER/FinalPersonalProject.py', '--cfg-path', '/tmp/tmpbsmr0u33']
[2022-11-17T17:22:07.160+0000] {standard_task_runner.py:83} INFO - Job 2524: Subtask end_confirmation_from_nasa
[2022-11-17T17:22:07.229+0000] {task_command.py:376} INFO - Running <TaskInstance: MyPersonalAirflowProject.end_confirmation_from_nasa scheduled__2022-10-12T00:00:00+00:00 [running]> on host 638485efabe7
[2022-11-17T17:22:07.304+0000] {taskinstance.py:1592} INFO - Exporting the following env vars:
AIRFLOW_CTX_DAG_OWNER=***
AIRFLOW_CTX_DAG_ID=MyPersonalAirflowProject
AIRFLOW_CTX_TASK_ID=end_confirmation_from_nasa
AIRFLOW_CTX_EXECUTION_DATE=2022-10-12T00:00:00+00:00
AIRFLOW_CTX_TRY_NUMBER=1
AIRFLOW_CTX_DAG_RUN_ID=scheduled__2022-10-12T00:00:00+00:00
[2022-11-17T17:22:07.306+0000] {subprocess.py:63} INFO - Tmp dir root location: 
 /tmp
[2022-11-17T17:22:07.307+0000] {subprocess.py:75} INFO - Running command: ['/bin/bash', '-c', 'echo "The Confirmation file was created successfully"']
[2022-11-17T17:22:07.317+0000] {subprocess.py:86} INFO - Output:
[2022-11-17T17:22:07.319+0000] {subprocess.py:93} INFO - The Confirmation file was created successfully
[2022-11-17T17:22:07.320+0000] {subprocess.py:97} INFO - Command exited with return code 0
[2022-11-17T17:22:07.351+0000] {taskinstance.py:1406} INFO - Marking task as SUCCESS. dag_id=MyPersonalAirflowProject, task_id=end_confirmation_from_nasa, execution_date=20221012T000000, start_date=20221117T172207, end_date=20221117T172207
[2022-11-17T17:22:07.373+0000] {local_task_job.py:164} INFO - Task exited with return code 0
[2022-11-17T17:22:07.409+0000] {local_task_job.py:273} INFO - 1 downstream tasks scheduled from follow-on schedule check
