[2022-11-17T15:53:13.857+0000] {taskinstance.py:1165} INFO - Dependencies all met for <TaskInstance: MyPersonalAirflowProject.end_task scheduled__2022-10-18T00:00:00+00:00 [queued]>
[2022-11-17T15:53:13.885+0000] {taskinstance.py:1165} INFO - Dependencies all met for <TaskInstance: MyPersonalAirflowProject.end_task scheduled__2022-10-18T00:00:00+00:00 [queued]>
[2022-11-17T15:53:13.887+0000] {taskinstance.py:1362} INFO - 
--------------------------------------------------------------------------------
[2022-11-17T15:53:13.889+0000] {taskinstance.py:1363} INFO - Starting attempt 3 of 3
[2022-11-17T15:53:13.889+0000] {taskinstance.py:1364} INFO - 
--------------------------------------------------------------------------------
[2022-11-17T15:53:13.913+0000] {taskinstance.py:1383} INFO - Executing <Task(BashOperator): end_task> on 2022-10-18 00:00:00+00:00
[2022-11-17T15:53:13.923+0000] {standard_task_runner.py:55} INFO - Started process 879 to run task
[2022-11-17T15:53:13.926+0000] {standard_task_runner.py:82} INFO - Running: ['***', 'tasks', 'run', 'MyPersonalAirflowProject', 'end_task', 'scheduled__2022-10-18T00:00:00+00:00', '--job-id', '1846', '--raw', '--subdir', 'DAGS_FOLDER/FinalPersonalProject.py', '--cfg-path', '/tmp/tmp08_f0ope']
[2022-11-17T15:53:13.928+0000] {standard_task_runner.py:83} INFO - Job 1846: Subtask end_task
[2022-11-17T15:53:14.022+0000] {task_command.py:376} INFO - Running <TaskInstance: MyPersonalAirflowProject.end_task scheduled__2022-10-18T00:00:00+00:00 [running]> on host 638485efabe7
[2022-11-17T15:53:14.110+0000] {taskinstance.py:1592} INFO - Exporting the following env vars:
AIRFLOW_CTX_DAG_OWNER=***
AIRFLOW_CTX_DAG_ID=MyPersonalAirflowProject
AIRFLOW_CTX_TASK_ID=end_task
AIRFLOW_CTX_EXECUTION_DATE=2022-10-18T00:00:00+00:00
AIRFLOW_CTX_TRY_NUMBER=3
AIRFLOW_CTX_DAG_RUN_ID=scheduled__2022-10-18T00:00:00+00:00
[2022-11-17T15:53:14.112+0000] {subprocess.py:63} INFO - Tmp dir root location: 
 /tmp
[2022-11-17T15:53:14.113+0000] {subprocess.py:75} INFO - Running command: ['/bin/bash', '-c', 'echo "The Verification file was created successfully"']
[2022-11-17T15:53:14.131+0000] {subprocess.py:86} INFO - Output:
[2022-11-17T15:53:14.134+0000] {subprocess.py:93} INFO - The Verification file was created successfully
[2022-11-17T15:53:14.135+0000] {subprocess.py:97} INFO - Command exited with return code 0
[2022-11-17T15:53:14.173+0000] {taskinstance.py:1406} INFO - Marking task as SUCCESS. dag_id=MyPersonalAirflowProject, task_id=end_task, execution_date=20221018T000000, start_date=20221117T155313, end_date=20221117T155314
[2022-11-17T15:53:14.220+0000] {local_task_job.py:164} INFO - Task exited with return code 0
[2022-11-17T15:53:14.277+0000] {local_task_job.py:273} INFO - 1 downstream tasks scheduled from follow-on schedule check
