[2022-11-17T16:27:33.542+0000] {taskinstance.py:1165} INFO - Dependencies all met for <TaskInstance: MyPersonalAirflowProject.Marketing_team_Notification scheduled__2022-10-07T00:00:00+00:00 [queued]>
[2022-11-17T16:27:33.563+0000] {taskinstance.py:1165} INFO - Dependencies all met for <TaskInstance: MyPersonalAirflowProject.Marketing_team_Notification scheduled__2022-10-07T00:00:00+00:00 [queued]>
[2022-11-17T16:27:33.564+0000] {taskinstance.py:1362} INFO - 
--------------------------------------------------------------------------------
[2022-11-17T16:27:33.565+0000] {taskinstance.py:1363} INFO - Starting attempt 1 of 1
[2022-11-17T16:27:33.566+0000] {taskinstance.py:1364} INFO - 
--------------------------------------------------------------------------------
[2022-11-17T16:27:33.596+0000] {taskinstance.py:1383} INFO - Executing <Task(BashOperator): Marketing_team_Notification> on 2022-10-07 00:00:00+00:00
[2022-11-17T16:27:33.605+0000] {standard_task_runner.py:55} INFO - Started process 3213 to run task
[2022-11-17T16:27:33.608+0000] {standard_task_runner.py:82} INFO - Running: ['***', 'tasks', 'run', 'MyPersonalAirflowProject', 'Marketing_team_Notification', 'scheduled__2022-10-07T00:00:00+00:00', '--job-id', '2078', '--raw', '--subdir', 'DAGS_FOLDER/FinalPersonalProject.py', '--cfg-path', '/tmp/tmppzyxhr_a']
[2022-11-17T16:27:33.609+0000] {standard_task_runner.py:83} INFO - Job 2078: Subtask Marketing_team_Notification
[2022-11-17T16:27:33.682+0000] {task_command.py:376} INFO - Running <TaskInstance: MyPersonalAirflowProject.Marketing_team_Notification scheduled__2022-10-07T00:00:00+00:00 [running]> on host 638485efabe7
[2022-11-17T16:27:33.768+0000] {taskinstance.py:1592} INFO - Exporting the following env vars:
AIRFLOW_CTX_DAG_OWNER=***
AIRFLOW_CTX_DAG_ID=MyPersonalAirflowProject
AIRFLOW_CTX_TASK_ID=Marketing_team_Notification
AIRFLOW_CTX_EXECUTION_DATE=2022-10-07T00:00:00+00:00
AIRFLOW_CTX_TRY_NUMBER=1
AIRFLOW_CTX_DAG_RUN_ID=scheduled__2022-10-07T00:00:00+00:00
[2022-11-17T16:27:33.770+0000] {subprocess.py:63} INFO - Tmp dir root location: 
 /tmp
[2022-11-17T16:27:33.771+0000] {subprocess.py:75} INFO - Running command: ['/bin/bash', '-c', 'echo "Hi Marketing team, Space X data for 2022-10-07 are now available!.. Please check them out!"']
[2022-11-17T16:27:33.790+0000] {subprocess.py:86} INFO - Output:
[2022-11-17T16:27:33.792+0000] {subprocess.py:93} INFO - Hi Marketing team, Space X data for 2022-10-07 are now available!.. Please check them out!
[2022-11-17T16:27:33.793+0000] {subprocess.py:97} INFO - Command exited with return code 0
[2022-11-17T16:27:33.830+0000] {taskinstance.py:1406} INFO - Marking task as SUCCESS. dag_id=MyPersonalAirflowProject, task_id=Marketing_team_Notification, execution_date=20221007T000000, start_date=20221117T162733, end_date=20221117T162733
[2022-11-17T16:27:33.901+0000] {local_task_job.py:164} INFO - Task exited with return code 0
[2022-11-17T16:27:33.935+0000] {local_task_job.py:273} INFO - 0 downstream tasks scheduled from follow-on schedule check
[2022-11-17T17:19:40.564+0000] {taskinstance.py:1165} INFO - Dependencies all met for <TaskInstance: MyPersonalAirflowProject.Marketing_team_Notification scheduled__2022-10-07T00:00:00+00:00 [queued]>
[2022-11-17T17:19:40.580+0000] {taskinstance.py:1165} INFO - Dependencies all met for <TaskInstance: MyPersonalAirflowProject.Marketing_team_Notification scheduled__2022-10-07T00:00:00+00:00 [queued]>
[2022-11-17T17:19:40.581+0000] {taskinstance.py:1362} INFO - 
--------------------------------------------------------------------------------
[2022-11-17T17:19:40.581+0000] {taskinstance.py:1363} INFO - Starting attempt 1 of 1
[2022-11-17T17:19:40.582+0000] {taskinstance.py:1364} INFO - 
--------------------------------------------------------------------------------
[2022-11-17T17:19:40.601+0000] {taskinstance.py:1383} INFO - Executing <Task(BashOperator): Marketing_team_Notification> on 2022-10-07 00:00:00+00:00
[2022-11-17T17:19:40.607+0000] {standard_task_runner.py:55} INFO - Started process 6854 to run task
[2022-11-17T17:19:40.610+0000] {standard_task_runner.py:82} INFO - Running: ['***', 'tasks', 'run', 'MyPersonalAirflowProject', 'Marketing_team_Notification', 'scheduled__2022-10-07T00:00:00+00:00', '--job-id', '2488', '--raw', '--subdir', 'DAGS_FOLDER/FinalPersonalProject.py', '--cfg-path', '/tmp/tmp06e9zpp4']
[2022-11-17T17:19:40.611+0000] {standard_task_runner.py:83} INFO - Job 2488: Subtask Marketing_team_Notification
[2022-11-17T17:19:40.679+0000] {task_command.py:376} INFO - Running <TaskInstance: MyPersonalAirflowProject.Marketing_team_Notification scheduled__2022-10-07T00:00:00+00:00 [running]> on host 638485efabe7
[2022-11-17T17:19:40.757+0000] {taskinstance.py:1592} INFO - Exporting the following env vars:
AIRFLOW_CTX_DAG_OWNER=***
AIRFLOW_CTX_DAG_ID=MyPersonalAirflowProject
AIRFLOW_CTX_TASK_ID=Marketing_team_Notification
AIRFLOW_CTX_EXECUTION_DATE=2022-10-07T00:00:00+00:00
AIRFLOW_CTX_TRY_NUMBER=1
AIRFLOW_CTX_DAG_RUN_ID=scheduled__2022-10-07T00:00:00+00:00
[2022-11-17T17:19:40.758+0000] {subprocess.py:63} INFO - Tmp dir root location: 
 /tmp
[2022-11-17T17:19:40.760+0000] {subprocess.py:75} INFO - Running command: ['/bin/bash', '-c', 'echo "Hi Marketing team, Space X data for 2022-10-07 are now available!.. Please check them out!"']
[2022-11-17T17:19:40.771+0000] {subprocess.py:86} INFO - Output:
[2022-11-17T17:19:40.772+0000] {subprocess.py:93} INFO - Hi Marketing team, Space X data for 2022-10-07 are now available!.. Please check them out!
[2022-11-17T17:19:40.773+0000] {subprocess.py:97} INFO - Command exited with return code 0
[2022-11-17T17:19:40.801+0000] {taskinstance.py:1406} INFO - Marking task as SUCCESS. dag_id=MyPersonalAirflowProject, task_id=Marketing_team_Notification, execution_date=20221007T000000, start_date=20221117T171940, end_date=20221117T171940
[2022-11-17T17:19:40.823+0000] {local_task_job.py:164} INFO - Task exited with return code 0
[2022-11-17T17:19:40.844+0000] {local_task_job.py:273} INFO - 0 downstream tasks scheduled from follow-on schedule check
