[2022-11-16T21:39:03.563+0000] {taskinstance.py:1165} INFO - Dependencies all met for <TaskInstance: MyPersonalAirflowProject.end_task scheduled__2022-11-13T00:00:00+00:00 [queued]>
[2022-11-16T21:39:03.577+0000] {taskinstance.py:1165} INFO - Dependencies all met for <TaskInstance: MyPersonalAirflowProject.end_task scheduled__2022-11-13T00:00:00+00:00 [queued]>
[2022-11-16T21:39:03.578+0000] {taskinstance.py:1362} INFO - 
--------------------------------------------------------------------------------
[2022-11-16T21:39:03.695+0000] {taskinstance.py:1363} INFO - Starting attempt 1 of 1
[2022-11-16T21:39:03.695+0000] {taskinstance.py:1364} INFO - 
--------------------------------------------------------------------------------
[2022-11-16T21:39:03.966+0000] {taskinstance.py:1383} INFO - Executing <Task(BashOperator): end_task> on 2022-11-13 00:00:00+00:00
[2022-11-16T21:39:03.974+0000] {standard_task_runner.py:55} INFO - Started process 3408 to run task
[2022-11-16T21:39:03.977+0000] {standard_task_runner.py:82} INFO - Running: ['***', 'tasks', 'run', 'MyPersonalAirflowProject', 'end_task', 'scheduled__2022-11-13T00:00:00+00:00', '--job-id', '1435', '--raw', '--subdir', 'DAGS_FOLDER/FinalPersonalProject.py', '--cfg-path', '/tmp/tmp5c6pwwwr']
[2022-11-16T21:39:03.978+0000] {standard_task_runner.py:83} INFO - Job 1435: Subtask end_task
[2022-11-16T21:39:05.740+0000] {task_command.py:376} INFO - Running <TaskInstance: MyPersonalAirflowProject.end_task scheduled__2022-11-13T00:00:00+00:00 [running]> on host 638485efabe7
[2022-11-16T21:39:06.172+0000] {taskinstance.py:1592} INFO - Exporting the following env vars:
AIRFLOW_CTX_DAG_OWNER=***
AIRFLOW_CTX_DAG_ID=MyPersonalAirflowProject
AIRFLOW_CTX_TASK_ID=end_task
AIRFLOW_CTX_EXECUTION_DATE=2022-11-13T00:00:00+00:00
AIRFLOW_CTX_TRY_NUMBER=1
AIRFLOW_CTX_DAG_RUN_ID=scheduled__2022-11-13T00:00:00+00:00
[2022-11-16T21:39:09.247+0000] {subprocess.py:63} INFO - Tmp dir root location: 
 /tmp
[2022-11-16T21:39:09.249+0000] {subprocess.py:75} INFO - Running command: ['/bin/bash', '-c', 'echo "The file was created successfully"']
[2022-11-16T21:39:09.449+0000] {subprocess.py:86} INFO - Output:
[2022-11-16T21:39:11.290+0000] {subprocess.py:93} INFO - The file was created successfully
[2022-11-16T21:39:11.472+0000] {subprocess.py:97} INFO - Command exited with return code 0
[2022-11-16T21:39:12.225+0000] {taskinstance.py:1406} INFO - Marking task as SUCCESS. dag_id=MyPersonalAirflowProject, task_id=end_task, execution_date=20221113T000000, start_date=20221116T213903, end_date=20221116T213912
[2022-11-16T21:39:12.668+0000] {local_task_job.py:164} INFO - Task exited with return code 0
[2022-11-16T21:39:13.535+0000] {local_task_job.py:273} INFO - 0 downstream tasks scheduled from follow-on schedule check
[2022-11-17T16:06:43.755+0000] {taskinstance.py:1165} INFO - Dependencies all met for <TaskInstance: MyPersonalAirflowProject.end_task scheduled__2022-11-13T00:00:00+00:00 [queued]>
[2022-11-17T16:06:43.773+0000] {taskinstance.py:1165} INFO - Dependencies all met for <TaskInstance: MyPersonalAirflowProject.end_task scheduled__2022-11-13T00:00:00+00:00 [queued]>
[2022-11-17T16:06:43.774+0000] {taskinstance.py:1362} INFO - 
--------------------------------------------------------------------------------
[2022-11-17T16:06:43.774+0000] {taskinstance.py:1363} INFO - Starting attempt 1 of 1
[2022-11-17T16:06:43.775+0000] {taskinstance.py:1364} INFO - 
--------------------------------------------------------------------------------
[2022-11-17T16:06:43.793+0000] {taskinstance.py:1383} INFO - Executing <Task(BashOperator): end_task> on 2022-11-13 00:00:00+00:00
[2022-11-17T16:06:43.799+0000] {standard_task_runner.py:55} INFO - Started process 1996 to run task
[2022-11-17T16:06:43.802+0000] {standard_task_runner.py:82} INFO - Running: ['***', 'tasks', 'run', 'MyPersonalAirflowProject', 'end_task', 'scheduled__2022-11-13T00:00:00+00:00', '--job-id', '2002', '--raw', '--subdir', 'DAGS_FOLDER/FinalPersonalProject.py', '--cfg-path', '/tmp/tmpxyxwayjq']
[2022-11-17T16:06:43.803+0000] {standard_task_runner.py:83} INFO - Job 2002: Subtask end_task
[2022-11-17T16:06:43.882+0000] {task_command.py:376} INFO - Running <TaskInstance: MyPersonalAirflowProject.end_task scheduled__2022-11-13T00:00:00+00:00 [running]> on host 638485efabe7
[2022-11-17T16:06:43.976+0000] {taskinstance.py:1592} INFO - Exporting the following env vars:
AIRFLOW_CTX_DAG_OWNER=***
AIRFLOW_CTX_DAG_ID=MyPersonalAirflowProject
AIRFLOW_CTX_TASK_ID=end_task
AIRFLOW_CTX_EXECUTION_DATE=2022-11-13T00:00:00+00:00
AIRFLOW_CTX_TRY_NUMBER=1
AIRFLOW_CTX_DAG_RUN_ID=scheduled__2022-11-13T00:00:00+00:00
[2022-11-17T16:06:43.978+0000] {subprocess.py:63} INFO - Tmp dir root location: 
 /tmp
[2022-11-17T16:06:43.979+0000] {subprocess.py:75} INFO - Running command: ['/bin/bash', '-c', 'echo "The Verification file was created successfully"']
[2022-11-17T16:06:43.994+0000] {subprocess.py:86} INFO - Output:
[2022-11-17T16:06:43.996+0000] {subprocess.py:93} INFO - The Verification file was created successfully
[2022-11-17T16:06:43.997+0000] {subprocess.py:97} INFO - Command exited with return code 0
[2022-11-17T16:06:44.028+0000] {taskinstance.py:1406} INFO - Marking task as SUCCESS. dag_id=MyPersonalAirflowProject, task_id=end_task, execution_date=20221113T000000, start_date=20221117T160643, end_date=20221117T160644
[2022-11-17T16:06:44.055+0000] {local_task_job.py:164} INFO - Task exited with return code 0
[2022-11-17T16:06:44.090+0000] {local_task_job.py:273} INFO - 1 downstream tasks scheduled from follow-on schedule check
