[2022-11-15T21:20:38.743+0000] {taskinstance.py:1165} INFO - Dependencies all met for <TaskInstance: 10-branching.branch scheduled__2022-06-13T00:00:00+00:00 [queued]>
[2022-11-15T21:20:38.768+0000] {taskinstance.py:1165} INFO - Dependencies all met for <TaskInstance: 10-branching.branch scheduled__2022-06-13T00:00:00+00:00 [queued]>
[2022-11-15T21:20:38.769+0000] {taskinstance.py:1362} INFO - 
--------------------------------------------------------------------------------
[2022-11-15T21:20:38.770+0000] {taskinstance.py:1363} INFO - Starting attempt 1 of 1
[2022-11-15T21:20:38.771+0000] {taskinstance.py:1364} INFO - 
--------------------------------------------------------------------------------
[2022-11-15T21:20:38.830+0000] {taskinstance.py:1383} INFO - Executing <Task(BranchPythonOperator): branch> on 2022-06-13 00:00:00+00:00
[2022-11-15T21:20:38.851+0000] {standard_task_runner.py:55} INFO - Started process 2506 to run task
[2022-11-15T21:20:38.859+0000] {standard_task_runner.py:82} INFO - Running: ['***', 'tasks', 'run', '10-branching', 'branch', 'scheduled__2022-06-13T00:00:00+00:00', '--job-id', '1168', '--raw', '--subdir', 'DAGS_FOLDER/10-branchpythonoperator.py', '--cfg-path', '/tmp/tmpezdeh7sa']
[2022-11-15T21:20:38.862+0000] {standard_task_runner.py:83} INFO - Job 1168: Subtask branch
[2022-11-15T21:20:39.006+0000] {task_command.py:376} INFO - Running <TaskInstance: 10-branching.branch scheduled__2022-06-13T00:00:00+00:00 [running]> on host 638485efabe7
[2022-11-15T21:20:39.157+0000] {taskinstance.py:1592} INFO - Exporting the following env vars:
AIRFLOW_CTX_DAG_OWNER=***
AIRFLOW_CTX_DAG_ID=10-branching
AIRFLOW_CTX_TASK_ID=branch
AIRFLOW_CTX_EXECUTION_DATE=2022-06-13T00:00:00+00:00
AIRFLOW_CTX_TRY_NUMBER=1
AIRFLOW_CTX_DAG_RUN_ID=scheduled__2022-06-13T00:00:00+00:00
[2022-11-15T21:20:39.160+0000] {python.py:177} INFO - Done. Returned value was: finish_14_june
[2022-11-15T21:20:39.162+0000] {skipmixin.py:155} INFO - Following branch finish_14_june
[2022-11-15T21:20:39.163+0000] {skipmixin.py:190} INFO - Skipping tasks ['start_15_june']
[2022-11-15T21:20:39.262+0000] {taskinstance.py:1406} INFO - Marking task as SUCCESS. dag_id=10-branching, task_id=branch, execution_date=20220613T000000, start_date=20221115T212038, end_date=20221115T212039
[2022-11-15T21:20:39.352+0000] {local_task_job.py:164} INFO - Task exited with return code 0
[2022-11-15T21:20:39.423+0000] {local_task_job.py:273} INFO - 1 downstream tasks scheduled from follow-on schedule check
