[2022-11-04T21:38:56.686+0000] {taskinstance.py:1165} INFO - Dependencies all met for <TaskInstance: orquestation.task3 scheduled__2022-05-03T00:00:00+00:00 [queued]>
[2022-11-04T21:38:56.717+0000] {taskinstance.py:1165} INFO - Dependencies all met for <TaskInstance: orquestation.task3 scheduled__2022-05-03T00:00:00+00:00 [queued]>
[2022-11-04T21:38:56.718+0000] {taskinstance.py:1362} INFO - 
--------------------------------------------------------------------------------
[2022-11-04T21:38:56.719+0000] {taskinstance.py:1363} INFO - Starting attempt 2 of 2
[2022-11-04T21:38:56.720+0000] {taskinstance.py:1364} INFO - 
--------------------------------------------------------------------------------
[2022-11-04T21:38:56.747+0000] {taskinstance.py:1383} INFO - Executing <Task(BashOperator): task3> on 2022-05-03 00:00:00+00:00
[2022-11-04T21:38:56.818+0000] {standard_task_runner.py:55} INFO - Started process 1508 to run task
[2022-11-04T21:38:56.823+0000] {standard_task_runner.py:82} INFO - Running: ['***', 'tasks', 'run', 'orquestation', 'task3', 'scheduled__2022-05-03T00:00:00+00:00', '--job-id', '248', '--raw', '--subdir', 'DAGS_FOLDER/5.1-orquestacion.py', '--cfg-path', '/tmp/tmpzpqr_qen']
[2022-11-04T21:38:56.824+0000] {standard_task_runner.py:83} INFO - Job 248: Subtask task3
[2022-11-04T21:38:56.925+0000] {task_command.py:376} INFO - Running <TaskInstance: orquestation.task3 scheduled__2022-05-03T00:00:00+00:00 [running]> on host 643e334f405f
[2022-11-04T21:38:57.039+0000] {taskinstance.py:1592} INFO - Exporting the following env vars:
AIRFLOW_CTX_DAG_OWNER=***
AIRFLOW_CTX_DAG_ID=orquestation
AIRFLOW_CTX_TASK_ID=task3
AIRFLOW_CTX_EXECUTION_DATE=2022-05-03T00:00:00+00:00
AIRFLOW_CTX_TRY_NUMBER=2
AIRFLOW_CTX_DAG_RUN_ID=scheduled__2022-05-03T00:00:00+00:00
[2022-11-04T21:38:57.041+0000] {subprocess.py:63} INFO - Tmp dir root location: 
 /tmp
[2022-11-04T21:38:57.042+0000] {subprocess.py:75} INFO - Running command: ['/bin/bash', '-c', "sleep 2 && echo 'task3'"]
[2022-11-04T21:38:57.058+0000] {subprocess.py:86} INFO - Output:
[2022-11-04T21:38:59.063+0000] {subprocess.py:93} INFO - task3
[2022-11-04T21:38:59.063+0000] {subprocess.py:97} INFO - Command exited with return code 0
[2022-11-04T21:38:59.094+0000] {taskinstance.py:1406} INFO - Marking task as SUCCESS. dag_id=orquestation, task_id=task3, execution_date=20220503T000000, start_date=20221104T213856, end_date=20221104T213859
[2022-11-04T21:38:59.124+0000] {local_task_job.py:164} INFO - Task exited with return code 0
[2022-11-04T21:38:59.145+0000] {local_task_job.py:273} INFO - 0 downstream tasks scheduled from follow-on schedule check
