[2022-11-08T20:52:22.264+0000] {taskinstance.py:1165} INFO - Dependencies all met for <TaskInstance: 6-monitoring_1.task2 scheduled__2022-01-04T00:00:00+00:00 [queued]>
[2022-11-08T20:52:22.389+0000] {taskinstance.py:1165} INFO - Dependencies all met for <TaskInstance: 6-monitoring_1.task2 scheduled__2022-01-04T00:00:00+00:00 [queued]>
[2022-11-08T20:52:22.390+0000] {taskinstance.py:1362} INFO - 
--------------------------------------------------------------------------------
[2022-11-08T20:52:22.392+0000] {taskinstance.py:1363} INFO - Starting attempt 1 of 1
[2022-11-08T20:52:22.394+0000] {taskinstance.py:1364} INFO - 
--------------------------------------------------------------------------------
[2022-11-08T20:52:22.503+0000] {taskinstance.py:1383} INFO - Executing <Task(BashOperator): task2> on 2022-01-04 00:00:00+00:00
[2022-11-08T20:52:22.516+0000] {standard_task_runner.py:55} INFO - Started process 3856 to run task
[2022-11-08T20:52:22.525+0000] {standard_task_runner.py:82} INFO - Running: ['***', 'tasks', 'run', '6-monitoring_1', 'task2', 'scheduled__2022-01-04T00:00:00+00:00', '--job-id', '577', '--raw', '--subdir', 'DAGS_FOLDER/6.1-monitoring.py', '--cfg-path', '/tmp/tmpk040di43']
[2022-11-08T20:52:22.527+0000] {standard_task_runner.py:83} INFO - Job 577: Subtask task2
[2022-11-08T20:52:23.475+0000] {task_command.py:376} INFO - Running <TaskInstance: 6-monitoring_1.task2 scheduled__2022-01-04T00:00:00+00:00 [running]> on host 638485efabe7
[2022-11-08T20:52:23.859+0000] {taskinstance.py:1592} INFO - Exporting the following env vars:
AIRFLOW_CTX_DAG_OWNER=***
AIRFLOW_CTX_DAG_ID=6-monitoring_1
AIRFLOW_CTX_TASK_ID=task2
AIRFLOW_CTX_EXECUTION_DATE=2022-01-04T00:00:00+00:00
AIRFLOW_CTX_TRY_NUMBER=1
AIRFLOW_CTX_DAG_RUN_ID=scheduled__2022-01-04T00:00:00+00:00
[2022-11-08T20:52:23.876+0000] {subprocess.py:63} INFO - Tmp dir root location: 
 /tmp
[2022-11-08T20:52:23.879+0000] {subprocess.py:75} INFO - Running command: ['/bin/bash', '-c', "sleep 2 && echo 'task2'"]
[2022-11-08T20:52:23.909+0000] {subprocess.py:86} INFO - Output:
[2022-11-08T20:52:26.021+0000] {subprocess.py:93} INFO - task2
[2022-11-08T20:52:26.024+0000] {subprocess.py:97} INFO - Command exited with return code 0
[2022-11-08T20:52:26.122+0000] {taskinstance.py:1406} INFO - Marking task as SUCCESS. dag_id=6-monitoring_1, task_id=task2, execution_date=20220104T000000, start_date=20221108T205222, end_date=20221108T205226
[2022-11-08T20:52:26.213+0000] {local_task_job.py:164} INFO - Task exited with return code 0
[2022-11-08T20:52:26.280+0000] {local_task_job.py:273} INFO - 1 downstream tasks scheduled from follow-on schedule check
