[2022-11-17T16:42:43.961+0000] {taskinstance.py:1165} INFO - Dependencies all met for <TaskInstance: MyPersonalAirflowProject.Data_Team_Notification scheduled__2022-11-04T00:00:00+00:00 [queued]>
[2022-11-17T16:42:43.978+0000] {taskinstance.py:1165} INFO - Dependencies all met for <TaskInstance: MyPersonalAirflowProject.Data_Team_Notification scheduled__2022-11-04T00:00:00+00:00 [queued]>
[2022-11-17T16:42:43.979+0000] {taskinstance.py:1362} INFO - 
--------------------------------------------------------------------------------
[2022-11-17T16:42:43.980+0000] {taskinstance.py:1363} INFO - Starting attempt 1 of 1
[2022-11-17T16:42:43.981+0000] {taskinstance.py:1364} INFO - 
--------------------------------------------------------------------------------
[2022-11-17T16:42:44.005+0000] {taskinstance.py:1383} INFO - Executing <Task(NotifyOperator): Data_Team_Notification> on 2022-11-04 00:00:00+00:00
[2022-11-17T16:42:44.011+0000] {standard_task_runner.py:55} INFO - Started process 4605 to run task
[2022-11-17T16:42:44.014+0000] {standard_task_runner.py:82} INFO - Running: ['***', 'tasks', 'run', 'MyPersonalAirflowProject', 'Data_Team_Notification', 'scheduled__2022-11-04T00:00:00+00:00', '--job-id', '2302', '--raw', '--subdir', 'DAGS_FOLDER/FinalPersonalProject.py', '--cfg-path', '/tmp/tmptkelq3oz']
[2022-11-17T16:42:44.015+0000] {standard_task_runner.py:83} INFO - Job 2302: Subtask Data_Team_Notification
[2022-11-17T16:42:44.153+0000] {task_command.py:376} INFO - Running <TaskInstance: MyPersonalAirflowProject.Data_Team_Notification scheduled__2022-11-04T00:00:00+00:00 [running]> on host 638485efabe7
[2022-11-17T16:42:44.237+0000] {taskinstance.py:1592} INFO - Exporting the following env vars:
AIRFLOW_CTX_DAG_OWNER=***
AIRFLOW_CTX_DAG_ID=MyPersonalAirflowProject
AIRFLOW_CTX_TASK_ID=Data_Team_Notification
AIRFLOW_CTX_EXECUTION_DATE=2022-11-04T00:00:00+00:00
AIRFLOW_CTX_TRY_NUMBER=1
AIRFLOW_CTX_DAG_RUN_ID=scheduled__2022-11-04T00:00:00+00:00
[2022-11-17T16:42:44.238+0000] {logging_mixin.py:120} INFO - Hi Data team, Space X data for {ds} are now available!.. Please check them out!
[2022-11-17T16:42:44.250+0000] {taskinstance.py:1406} INFO - Marking task as SUCCESS. dag_id=MyPersonalAirflowProject, task_id=Data_Team_Notification, execution_date=20221104T000000, start_date=20221117T164243, end_date=20221117T164244
[2022-11-17T16:42:44.308+0000] {local_task_job.py:164} INFO - Task exited with return code 0
[2022-11-17T16:42:44.329+0000] {local_task_job.py:273} INFO - 0 downstream tasks scheduled from follow-on schedule check
[2022-11-17T17:33:49.894+0000] {taskinstance.py:1165} INFO - Dependencies all met for <TaskInstance: MyPersonalAirflowProject.Data_Team_Notification scheduled__2022-11-04T00:00:00+00:00 [queued]>
[2022-11-17T17:33:49.909+0000] {taskinstance.py:1165} INFO - Dependencies all met for <TaskInstance: MyPersonalAirflowProject.Data_Team_Notification scheduled__2022-11-04T00:00:00+00:00 [queued]>
[2022-11-17T17:33:49.910+0000] {taskinstance.py:1362} INFO - 
--------------------------------------------------------------------------------
[2022-11-17T17:33:49.910+0000] {taskinstance.py:1363} INFO - Starting attempt 1 of 1
[2022-11-17T17:33:49.911+0000] {taskinstance.py:1364} INFO - 
--------------------------------------------------------------------------------
[2022-11-17T17:33:49.930+0000] {taskinstance.py:1383} INFO - Executing <Task(NotifyOperator): Data_Team_Notification> on 2022-11-04 00:00:00+00:00
[2022-11-17T17:33:49.936+0000] {standard_task_runner.py:55} INFO - Started process 8216 to run task
[2022-11-17T17:33:49.939+0000] {standard_task_runner.py:82} INFO - Running: ['***', 'tasks', 'run', 'MyPersonalAirflowProject', 'Data_Team_Notification', 'scheduled__2022-11-04T00:00:00+00:00', '--job-id', '2712', '--raw', '--subdir', 'DAGS_FOLDER/FinalPersonalProject.py', '--cfg-path', '/tmp/tmpzcskxfn8']
[2022-11-17T17:33:49.939+0000] {standard_task_runner.py:83} INFO - Job 2712: Subtask Data_Team_Notification
[2022-11-17T17:33:50.015+0000] {task_command.py:376} INFO - Running <TaskInstance: MyPersonalAirflowProject.Data_Team_Notification scheduled__2022-11-04T00:00:00+00:00 [running]> on host 638485efabe7
[2022-11-17T17:33:50.100+0000] {taskinstance.py:1592} INFO - Exporting the following env vars:
AIRFLOW_CTX_DAG_OWNER=***
AIRFLOW_CTX_DAG_ID=MyPersonalAirflowProject
AIRFLOW_CTX_TASK_ID=Data_Team_Notification
AIRFLOW_CTX_EXECUTION_DATE=2022-11-04T00:00:00+00:00
AIRFLOW_CTX_TRY_NUMBER=1
AIRFLOW_CTX_DAG_RUN_ID=scheduled__2022-11-04T00:00:00+00:00
[2022-11-17T17:33:50.101+0000] {logging_mixin.py:120} INFO - Hi Data team, Space X data for 2022-11-17  are now available!.. Please check them out!
[2022-11-17T17:33:50.113+0000] {taskinstance.py:1406} INFO - Marking task as SUCCESS. dag_id=MyPersonalAirflowProject, task_id=Data_Team_Notification, execution_date=20221104T000000, start_date=20221117T173349, end_date=20221117T173350
[2022-11-17T17:33:50.151+0000] {local_task_job.py:164} INFO - Task exited with return code 0
[2022-11-17T17:33:50.175+0000] {local_task_job.py:273} INFO - 0 downstream tasks scheduled from follow-on schedule check
