[2022-11-17T16:04:49.673+0000] {taskinstance.py:1165} INFO - Dependencies all met for <TaskInstance: MyPersonalAirflowProject.SpaceX_data scheduled__2022-11-09T00:00:00+00:00 [queued]>
[2022-11-17T16:04:49.687+0000] {taskinstance.py:1165} INFO - Dependencies all met for <TaskInstance: MyPersonalAirflowProject.SpaceX_data scheduled__2022-11-09T00:00:00+00:00 [queued]>
[2022-11-17T16:04:49.688+0000] {taskinstance.py:1362} INFO - 
--------------------------------------------------------------------------------
[2022-11-17T16:04:49.689+0000] {taskinstance.py:1363} INFO - Starting attempt 1 of 1
[2022-11-17T16:04:49.690+0000] {taskinstance.py:1364} INFO - 
--------------------------------------------------------------------------------
[2022-11-17T16:04:49.711+0000] {taskinstance.py:1383} INFO - Executing <Task(BashOperator): SpaceX_data> on 2022-11-09 00:00:00+00:00
[2022-11-17T16:04:49.716+0000] {standard_task_runner.py:55} INFO - Started process 1838 to run task
[2022-11-17T16:04:49.720+0000] {standard_task_runner.py:82} INFO - Running: ['***', 'tasks', 'run', 'MyPersonalAirflowProject', 'SpaceX_data', 'scheduled__2022-11-09T00:00:00+00:00', '--job-id', '1979', '--raw', '--subdir', 'DAGS_FOLDER/FinalPersonalProject.py', '--cfg-path', '/tmp/tmpqzw6cn9i']
[2022-11-17T16:04:49.720+0000] {standard_task_runner.py:83} INFO - Job 1979: Subtask SpaceX_data
[2022-11-17T16:04:49.790+0000] {task_command.py:376} INFO - Running <TaskInstance: MyPersonalAirflowProject.SpaceX_data scheduled__2022-11-09T00:00:00+00:00 [running]> on host 638485efabe7
[2022-11-17T16:04:49.882+0000] {taskinstance.py:1592} INFO - Exporting the following env vars:
AIRFLOW_CTX_DAG_OWNER=***
AIRFLOW_CTX_DAG_ID=MyPersonalAirflowProject
AIRFLOW_CTX_TASK_ID=SpaceX_data
AIRFLOW_CTX_EXECUTION_DATE=2022-11-09T00:00:00+00:00
AIRFLOW_CTX_TRY_NUMBER=1
AIRFLOW_CTX_DAG_RUN_ID=scheduled__2022-11-09T00:00:00+00:00
[2022-11-17T16:04:49.884+0000] {subprocess.py:63} INFO - Tmp dir root location: 
 /tmp
[2022-11-17T16:04:49.885+0000] {subprocess.py:75} INFO - Running command: ['/bin/bash', '-c', "curl -o /tmp/history.json -L 'https://api.spacexdata.com/v4/history'"]
[2022-11-17T16:04:49.896+0000] {subprocess.py:86} INFO - Output:
[2022-11-17T16:04:49.904+0000] {subprocess.py:93} INFO -   % Total    % Received % Xferd  Average Speed   Time    Time     Time  Current
[2022-11-17T16:04:49.905+0000] {subprocess.py:93} INFO -                                  Dload  Upload   Total   Spent    Left  Speed
[2022-11-17T16:04:50.105+0000] {subprocess.py:93} INFO -   0     0    0     0    0     0      0      0 --:--:-- --:--:-- --:--:--     0100  6756    0  6756    0     0  33611      0 --:--:-- --:--:-- --:--:-- 33611
[2022-11-17T16:04:50.107+0000] {subprocess.py:97} INFO - Command exited with return code 0
[2022-11-17T16:04:50.139+0000] {taskinstance.py:1406} INFO - Marking task as SUCCESS. dag_id=MyPersonalAirflowProject, task_id=SpaceX_data, execution_date=20221109T000000, start_date=20221117T160449, end_date=20221117T160450
[2022-11-17T16:04:50.174+0000] {local_task_job.py:164} INFO - Task exited with return code 0
[2022-11-17T16:04:50.210+0000] {local_task_job.py:273} INFO - 1 downstream tasks scheduled from follow-on schedule check
[2022-11-17T16:45:15.550+0000] {taskinstance.py:1165} INFO - Dependencies all met for <TaskInstance: MyPersonalAirflowProject.SpaceX_data scheduled__2022-11-09T00:00:00+00:00 [queued]>
[2022-11-17T16:45:15.564+0000] {taskinstance.py:1165} INFO - Dependencies all met for <TaskInstance: MyPersonalAirflowProject.SpaceX_data scheduled__2022-11-09T00:00:00+00:00 [queued]>
[2022-11-17T16:45:15.565+0000] {taskinstance.py:1362} INFO - 
--------------------------------------------------------------------------------
[2022-11-17T16:45:15.565+0000] {taskinstance.py:1363} INFO - Starting attempt 1 of 1
[2022-11-17T16:45:15.566+0000] {taskinstance.py:1364} INFO - 
--------------------------------------------------------------------------------
[2022-11-17T16:45:15.583+0000] {taskinstance.py:1383} INFO - Executing <Task(BashOperator): SpaceX_data> on 2022-11-09 00:00:00+00:00
[2022-11-17T16:45:15.588+0000] {standard_task_runner.py:55} INFO - Started process 4835 to run task
[2022-11-17T16:45:15.591+0000] {standard_task_runner.py:82} INFO - Running: ['***', 'tasks', 'run', 'MyPersonalAirflowProject', 'SpaceX_data', 'scheduled__2022-11-09T00:00:00+00:00', '--job-id', '2339', '--raw', '--subdir', 'DAGS_FOLDER/FinalPersonalProject.py', '--cfg-path', '/tmp/tmpft2w42ed']
[2022-11-17T16:45:15.592+0000] {standard_task_runner.py:83} INFO - Job 2339: Subtask SpaceX_data
[2022-11-17T16:45:15.657+0000] {task_command.py:376} INFO - Running <TaskInstance: MyPersonalAirflowProject.SpaceX_data scheduled__2022-11-09T00:00:00+00:00 [running]> on host 638485efabe7
[2022-11-17T16:45:15.741+0000] {taskinstance.py:1592} INFO - Exporting the following env vars:
AIRFLOW_CTX_DAG_OWNER=***
AIRFLOW_CTX_DAG_ID=MyPersonalAirflowProject
AIRFLOW_CTX_TASK_ID=SpaceX_data
AIRFLOW_CTX_EXECUTION_DATE=2022-11-09T00:00:00+00:00
AIRFLOW_CTX_TRY_NUMBER=1
AIRFLOW_CTX_DAG_RUN_ID=scheduled__2022-11-09T00:00:00+00:00
[2022-11-17T16:45:15.742+0000] {subprocess.py:63} INFO - Tmp dir root location: 
 /tmp
[2022-11-17T16:45:15.743+0000] {subprocess.py:75} INFO - Running command: ['/bin/bash', '-c', "curl -o /tmp/history.json -L 'https://api.spacexdata.com/v4/history'"]
[2022-11-17T16:45:15.754+0000] {subprocess.py:86} INFO - Output:
[2022-11-17T16:45:15.761+0000] {subprocess.py:93} INFO -   % Total    % Received % Xferd  Average Speed   Time    Time     Time  Current
[2022-11-17T16:45:15.762+0000] {subprocess.py:93} INFO -                                  Dload  Upload   Total   Spent    Left  Speed
[2022-11-17T16:45:15.951+0000] {subprocess.py:93} INFO -   0     0    0     0    0     0      0      0 --:--:-- --:--:-- --:--:--     0100  6756    0  6756    0     0  35557      0 --:--:-- --:--:-- --:--:-- 35557
[2022-11-17T16:45:15.954+0000] {subprocess.py:97} INFO - Command exited with return code 0
[2022-11-17T16:45:15.984+0000] {taskinstance.py:1406} INFO - Marking task as SUCCESS. dag_id=MyPersonalAirflowProject, task_id=SpaceX_data, execution_date=20221109T000000, start_date=20221117T164515, end_date=20221117T164515
[2022-11-17T16:45:16.005+0000] {local_task_job.py:164} INFO - Task exited with return code 0
[2022-11-17T16:45:16.040+0000] {local_task_job.py:273} INFO - 1 downstream tasks scheduled from follow-on schedule check
[2022-11-17T17:36:14.591+0000] {taskinstance.py:1165} INFO - Dependencies all met for <TaskInstance: MyPersonalAirflowProject.SpaceX_data scheduled__2022-11-09T00:00:00+00:00 [queued]>
[2022-11-17T17:36:14.605+0000] {taskinstance.py:1165} INFO - Dependencies all met for <TaskInstance: MyPersonalAirflowProject.SpaceX_data scheduled__2022-11-09T00:00:00+00:00 [queued]>
[2022-11-17T17:36:14.605+0000] {taskinstance.py:1362} INFO - 
--------------------------------------------------------------------------------
[2022-11-17T17:36:14.606+0000] {taskinstance.py:1363} INFO - Starting attempt 1 of 1
[2022-11-17T17:36:14.606+0000] {taskinstance.py:1364} INFO - 
--------------------------------------------------------------------------------
[2022-11-17T17:36:14.625+0000] {taskinstance.py:1383} INFO - Executing <Task(BashOperator): SpaceX_data> on 2022-11-09 00:00:00+00:00
[2022-11-17T17:36:14.630+0000] {standard_task_runner.py:55} INFO - Started process 8446 to run task
[2022-11-17T17:36:14.633+0000] {standard_task_runner.py:82} INFO - Running: ['***', 'tasks', 'run', 'MyPersonalAirflowProject', 'SpaceX_data', 'scheduled__2022-11-09T00:00:00+00:00', '--job-id', '2749', '--raw', '--subdir', 'DAGS_FOLDER/FinalPersonalProject.py', '--cfg-path', '/tmp/tmpgnqvwh3z']
[2022-11-17T17:36:14.634+0000] {standard_task_runner.py:83} INFO - Job 2749: Subtask SpaceX_data
[2022-11-17T17:36:14.699+0000] {task_command.py:376} INFO - Running <TaskInstance: MyPersonalAirflowProject.SpaceX_data scheduled__2022-11-09T00:00:00+00:00 [running]> on host 638485efabe7
[2022-11-17T17:36:14.780+0000] {taskinstance.py:1592} INFO - Exporting the following env vars:
AIRFLOW_CTX_DAG_OWNER=***
AIRFLOW_CTX_DAG_ID=MyPersonalAirflowProject
AIRFLOW_CTX_TASK_ID=SpaceX_data
AIRFLOW_CTX_EXECUTION_DATE=2022-11-09T00:00:00+00:00
AIRFLOW_CTX_TRY_NUMBER=1
AIRFLOW_CTX_DAG_RUN_ID=scheduled__2022-11-09T00:00:00+00:00
[2022-11-17T17:36:14.781+0000] {subprocess.py:63} INFO - Tmp dir root location: 
 /tmp
[2022-11-17T17:36:14.782+0000] {subprocess.py:75} INFO - Running command: ['/bin/bash', '-c', "curl -o /tmp/history.json -L 'https://api.spacexdata.com/v4/history'"]
[2022-11-17T17:36:14.793+0000] {subprocess.py:86} INFO - Output:
[2022-11-17T17:36:14.800+0000] {subprocess.py:93} INFO -   % Total    % Received % Xferd  Average Speed   Time    Time     Time  Current
[2022-11-17T17:36:14.801+0000] {subprocess.py:93} INFO -                                  Dload  Upload   Total   Spent    Left  Speed
[2022-11-17T17:36:14.972+0000] {subprocess.py:93} INFO -   0     0    0     0    0     0      0      0 --:--:-- --:--:-- --:--:--     0100  6756    0  6756    0     0  39279      0 --:--:-- --:--:-- --:--:-- 39279
[2022-11-17T17:36:14.974+0000] {subprocess.py:97} INFO - Command exited with return code 0
[2022-11-17T17:36:15.004+0000] {taskinstance.py:1406} INFO - Marking task as SUCCESS. dag_id=MyPersonalAirflowProject, task_id=SpaceX_data, execution_date=20221109T000000, start_date=20221117T173614, end_date=20221117T173615
[2022-11-17T17:36:15.049+0000] {local_task_job.py:164} INFO - Task exited with return code 0
[2022-11-17T17:36:15.085+0000] {local_task_job.py:273} INFO - 1 downstream tasks scheduled from follow-on schedule check
