[2022-11-17T16:58:10.111+0000] {taskinstance.py:1165} INFO - Dependencies all met for <TaskInstance: MyPersonalAirflowProject.copy_data_to_local scheduled__2022-11-16T00:00:00+00:00 [queued]>
[2022-11-17T16:58:10.135+0000] {taskinstance.py:1165} INFO - Dependencies all met for <TaskInstance: MyPersonalAirflowProject.copy_data_to_local scheduled__2022-11-16T00:00:00+00:00 [queued]>
[2022-11-17T16:58:10.135+0000] {taskinstance.py:1362} INFO - 
--------------------------------------------------------------------------------
[2022-11-17T16:58:10.218+0000] {taskinstance.py:1363} INFO - Starting attempt 3 of 3
[2022-11-17T16:58:10.218+0000] {taskinstance.py:1364} INFO - 
--------------------------------------------------------------------------------
[2022-11-17T16:58:10.395+0000] {taskinstance.py:1383} INFO - Executing <Task(PythonOperator): copy_data_to_local> on 2022-11-16 00:00:00+00:00
[2022-11-17T16:58:10.405+0000] {standard_task_runner.py:55} INFO - Started process 5641 to run task
[2022-11-17T16:58:10.408+0000] {standard_task_runner.py:82} INFO - Running: ['***', 'tasks', 'run', 'MyPersonalAirflowProject', 'copy_data_to_local', 'scheduled__2022-11-16T00:00:00+00:00', '--job-id', '2420', '--raw', '--subdir', 'DAGS_FOLDER/FinalPersonalProject.py', '--cfg-path', '/tmp/tmp4_kecyil']
[2022-11-17T16:58:10.409+0000] {standard_task_runner.py:83} INFO - Job 2420: Subtask copy_data_to_local
[2022-11-17T16:58:10.745+0000] {task_command.py:376} INFO - Running <TaskInstance: MyPersonalAirflowProject.copy_data_to_local scheduled__2022-11-16T00:00:00+00:00 [running]> on host 638485efabe7
[2022-11-17T16:58:11.037+0000] {taskinstance.py:1592} INFO - Exporting the following env vars:
AIRFLOW_CTX_DAG_OWNER=***
AIRFLOW_CTX_DAG_ID=MyPersonalAirflowProject
AIRFLOW_CTX_TASK_ID=copy_data_to_local
AIRFLOW_CTX_EXECUTION_DATE=2022-11-16T00:00:00+00:00
AIRFLOW_CTX_TRY_NUMBER=3
AIRFLOW_CTX_DAG_RUN_ID=scheduled__2022-11-16T00:00:00+00:00
[2022-11-17T16:58:11.873+0000] {python.py:177} INFO - Done. Returned value was: None
[2022-11-17T16:58:11.978+0000] {taskinstance.py:1406} INFO - Marking task as SUCCESS. dag_id=MyPersonalAirflowProject, task_id=copy_data_to_local, execution_date=20221116T000000, start_date=20221117T165810, end_date=20221117T165811
[2022-11-17T16:58:12.028+0000] {local_task_job.py:164} INFO - Task exited with return code 0
[2022-11-17T16:58:12.236+0000] {local_task_job.py:273} INFO - 1 downstream tasks scheduled from follow-on schedule check
