[2022-11-17T16:08:22.228+0000] {taskinstance.py:1165} INFO - Dependencies all met for <TaskInstance: MyPersonalAirflowProject.copy_data_to_local scheduled__2022-11-16T00:00:00+00:00 [queued]>
[2022-11-17T16:08:22.254+0000] {taskinstance.py:1165} INFO - Dependencies all met for <TaskInstance: MyPersonalAirflowProject.copy_data_to_local scheduled__2022-11-16T00:00:00+00:00 [queued]>
[2022-11-17T16:08:22.254+0000] {taskinstance.py:1362} INFO - 
--------------------------------------------------------------------------------
[2022-11-17T16:08:22.255+0000] {taskinstance.py:1363} INFO - Starting attempt 1 of 1
[2022-11-17T16:08:22.256+0000] {taskinstance.py:1364} INFO - 
--------------------------------------------------------------------------------
[2022-11-17T16:08:22.273+0000] {taskinstance.py:1383} INFO - Executing <Task(PythonOperator): copy_data_to_local> on 2022-11-16 00:00:00+00:00
[2022-11-17T16:08:22.279+0000] {standard_task_runner.py:55} INFO - Started process 2146 to run task
[2022-11-17T16:08:22.282+0000] {standard_task_runner.py:82} INFO - Running: ['***', 'tasks', 'run', 'MyPersonalAirflowProject', 'copy_data_to_local', 'scheduled__2022-11-16T00:00:00+00:00', '--job-id', '2022', '--raw', '--subdir', 'DAGS_FOLDER/FinalPersonalProject.py', '--cfg-path', '/tmp/tmpvkzipui0']
[2022-11-17T16:08:22.283+0000] {standard_task_runner.py:83} INFO - Job 2022: Subtask copy_data_to_local
[2022-11-17T16:08:22.348+0000] {task_command.py:376} INFO - Running <TaskInstance: MyPersonalAirflowProject.copy_data_to_local scheduled__2022-11-16T00:00:00+00:00 [running]> on host 638485efabe7
[2022-11-17T16:08:22.429+0000] {taskinstance.py:1592} INFO - Exporting the following env vars:
AIRFLOW_CTX_DAG_OWNER=***
AIRFLOW_CTX_DAG_ID=MyPersonalAirflowProject
AIRFLOW_CTX_TASK_ID=copy_data_to_local
AIRFLOW_CTX_EXECUTION_DATE=2022-11-16T00:00:00+00:00
AIRFLOW_CTX_TRY_NUMBER=1
AIRFLOW_CTX_DAG_RUN_ID=scheduled__2022-11-16T00:00:00+00:00
[2022-11-17T16:08:22.656+0000] {python.py:177} INFO - Done. Returned value was: None
[2022-11-17T16:08:22.670+0000] {taskinstance.py:1406} INFO - Marking task as SUCCESS. dag_id=MyPersonalAirflowProject, task_id=copy_data_to_local, execution_date=20221116T000000, start_date=20221117T160822, end_date=20221117T160822
[2022-11-17T16:08:22.695+0000] {local_task_job.py:164} INFO - Task exited with return code 0
[2022-11-17T16:08:22.721+0000] {local_task_job.py:273} INFO - 1 downstream tasks scheduled from follow-on schedule check
[2022-11-17T16:50:23.574+0000] {taskinstance.py:1165} INFO - Dependencies all met for <TaskInstance: MyPersonalAirflowProject.copy_data_to_local scheduled__2022-11-16T00:00:00+00:00 [queued]>
[2022-11-17T16:50:23.589+0000] {taskinstance.py:1165} INFO - Dependencies all met for <TaskInstance: MyPersonalAirflowProject.copy_data_to_local scheduled__2022-11-16T00:00:00+00:00 [queued]>
[2022-11-17T16:50:23.590+0000] {taskinstance.py:1362} INFO - 
--------------------------------------------------------------------------------
[2022-11-17T16:50:23.590+0000] {taskinstance.py:1363} INFO - Starting attempt 1 of 1
[2022-11-17T16:50:23.591+0000] {taskinstance.py:1364} INFO - 
--------------------------------------------------------------------------------
[2022-11-17T16:50:23.610+0000] {taskinstance.py:1383} INFO - Executing <Task(PythonOperator): copy_data_to_local> on 2022-11-16 00:00:00+00:00
[2022-11-17T16:50:23.616+0000] {standard_task_runner.py:55} INFO - Started process 5223 to run task
[2022-11-17T16:50:23.620+0000] {standard_task_runner.py:82} INFO - Running: ['***', 'tasks', 'run', 'MyPersonalAirflowProject', 'copy_data_to_local', 'scheduled__2022-11-16T00:00:00+00:00', '--job-id', '2396', '--raw', '--subdir', 'DAGS_FOLDER/FinalPersonalProject.py', '--cfg-path', '/tmp/tmpyli3azvo']
[2022-11-17T16:50:23.621+0000] {standard_task_runner.py:83} INFO - Job 2396: Subtask copy_data_to_local
[2022-11-17T16:50:23.697+0000] {task_command.py:376} INFO - Running <TaskInstance: MyPersonalAirflowProject.copy_data_to_local scheduled__2022-11-16T00:00:00+00:00 [running]> on host 638485efabe7
[2022-11-17T16:50:23.786+0000] {taskinstance.py:1592} INFO - Exporting the following env vars:
AIRFLOW_CTX_DAG_OWNER=***
AIRFLOW_CTX_DAG_ID=MyPersonalAirflowProject
AIRFLOW_CTX_TASK_ID=copy_data_to_local
AIRFLOW_CTX_EXECUTION_DATE=2022-11-16T00:00:00+00:00
AIRFLOW_CTX_TRY_NUMBER=1
AIRFLOW_CTX_DAG_RUN_ID=scheduled__2022-11-16T00:00:00+00:00
[2022-11-17T16:50:24.152+0000] {python.py:177} INFO - Done. Returned value was: None
[2022-11-17T16:50:24.163+0000] {taskinstance.py:1406} INFO - Marking task as SUCCESS. dag_id=MyPersonalAirflowProject, task_id=copy_data_to_local, execution_date=20221116T000000, start_date=20221117T165023, end_date=20221117T165024
[2022-11-17T16:50:24.195+0000] {local_task_job.py:164} INFO - Task exited with return code 0
[2022-11-17T16:50:24.231+0000] {local_task_job.py:273} INFO - 1 downstream tasks scheduled from follow-on schedule check
