[2022-11-08T19:33:03.230+0000] {taskinstance.py:1165} INFO - Dependencies all met for <TaskInstance: 6-monitoring_1.task1 scheduled__2022-01-29T00:00:00+00:00 [queued]>
[2022-11-08T19:33:03.336+0000] {taskinstance.py:1165} INFO - Dependencies all met for <TaskInstance: 6-monitoring_1.task1 scheduled__2022-01-29T00:00:00+00:00 [queued]>
[2022-11-08T19:33:03.338+0000] {taskinstance.py:1362} INFO - 
--------------------------------------------------------------------------------
[2022-11-08T19:33:03.341+0000] {taskinstance.py:1363} INFO - Starting attempt 2 of 2
[2022-11-08T19:33:03.342+0000] {taskinstance.py:1364} INFO - 
--------------------------------------------------------------------------------
[2022-11-08T19:33:03.584+0000] {taskinstance.py:1383} INFO - Executing <Task(BashOperator): task1> on 2022-01-29 00:00:00+00:00
[2022-11-08T19:33:03.594+0000] {standard_task_runner.py:55} INFO - Started process 2231 to run task
[2022-11-08T19:33:03.638+0000] {standard_task_runner.py:82} INFO - Running: ['***', 'tasks', 'run', '6-monitoring_1', 'task1', 'scheduled__2022-01-29T00:00:00+00:00', '--job-id', '503', '--raw', '--subdir', 'DAGS_FOLDER/6.1-monitoring.py', '--cfg-path', '/tmp/tmppen05ua9']
[2022-11-08T19:33:03.639+0000] {standard_task_runner.py:83} INFO - Job 503: Subtask task1
[2022-11-08T19:33:03.839+0000] {task_command.py:376} INFO - Running <TaskInstance: 6-monitoring_1.task1 scheduled__2022-01-29T00:00:00+00:00 [running]> on host 638485efabe7
[2022-11-08T19:33:04.103+0000] {taskinstance.py:1592} INFO - Exporting the following env vars:
AIRFLOW_CTX_DAG_OWNER=***
AIRFLOW_CTX_DAG_ID=6-monitoring_1
AIRFLOW_CTX_TASK_ID=task1
AIRFLOW_CTX_EXECUTION_DATE=2022-01-29T00:00:00+00:00
AIRFLOW_CTX_TRY_NUMBER=2
AIRFLOW_CTX_DAG_RUN_ID=scheduled__2022-01-29T00:00:00+00:00
[2022-11-08T19:33:04.110+0000] {subprocess.py:63} INFO - Tmp dir root location: 
 /tmp
[2022-11-08T19:33:04.117+0000] {subprocess.py:75} INFO - Running command: ['/bin/bash', '-c', "sleep 2 && echo 'task1'"]
[2022-11-08T19:33:04.151+0000] {subprocess.py:86} INFO - Output:
[2022-11-08T19:33:06.263+0000] {subprocess.py:93} INFO - task1
[2022-11-08T19:33:06.265+0000] {subprocess.py:97} INFO - Command exited with return code 0
[2022-11-08T19:33:06.389+0000] {taskinstance.py:1406} INFO - Marking task as SUCCESS. dag_id=6-monitoring_1, task_id=task1, execution_date=20220129T000000, start_date=20221108T193303, end_date=20221108T193306
[2022-11-08T19:33:06.500+0000] {local_task_job.py:164} INFO - Task exited with return code 0
[2022-11-08T19:33:06.593+0000] {local_task_job.py:273} INFO - 1 downstream tasks scheduled from follow-on schedule check
