[2022-11-16T20:26:10.035+0000] {taskinstance.py:1165} INFO - Dependencies all met for <TaskInstance: 10-branching.finish_14_june scheduled__2022-07-14T00:00:00+00:00 [queued]>
[2022-11-16T20:26:10.071+0000] {taskinstance.py:1165} INFO - Dependencies all met for <TaskInstance: 10-branching.finish_14_june scheduled__2022-07-14T00:00:00+00:00 [queued]>
[2022-11-16T20:26:10.072+0000] {taskinstance.py:1362} INFO - 
--------------------------------------------------------------------------------
[2022-11-16T20:26:10.075+0000] {taskinstance.py:1363} INFO - Starting attempt 1 of 1
[2022-11-16T20:26:10.076+0000] {taskinstance.py:1364} INFO - 
--------------------------------------------------------------------------------
[2022-11-16T20:26:10.136+0000] {taskinstance.py:1383} INFO - Executing <Task(BashOperator): finish_14_june> on 2022-07-14 00:00:00+00:00
[2022-11-16T20:26:10.150+0000] {standard_task_runner.py:55} INFO - Started process 119 to run task
[2022-11-16T20:26:10.163+0000] {standard_task_runner.py:82} INFO - Running: ['***', 'tasks', 'run', '10-branching', 'finish_14_june', 'scheduled__2022-07-14T00:00:00+00:00', '--job-id', '1234', '--raw', '--subdir', 'DAGS_FOLDER/10-branchpythonoperator.py', '--cfg-path', '/tmp/tmptt4y1j4c']
[2022-11-16T20:26:10.166+0000] {standard_task_runner.py:83} INFO - Job 1234: Subtask finish_14_june
[2022-11-16T20:26:10.355+0000] {task_command.py:376} INFO - Running <TaskInstance: 10-branching.finish_14_june scheduled__2022-07-14T00:00:00+00:00 [running]> on host 638485efabe7
[2022-11-16T20:26:10.540+0000] {taskinstance.py:1592} INFO - Exporting the following env vars:
AIRFLOW_CTX_DAG_OWNER=***
AIRFLOW_CTX_DAG_ID=10-branching
AIRFLOW_CTX_TASK_ID=finish_14_june
AIRFLOW_CTX_EXECUTION_DATE=2022-07-14T00:00:00+00:00
AIRFLOW_CTX_TRY_NUMBER=1
AIRFLOW_CTX_DAG_RUN_ID=scheduled__2022-07-14T00:00:00+00:00
[2022-11-16T20:26:10.545+0000] {subprocess.py:63} INFO - Tmp dir root location: 
 /tmp
[2022-11-16T20:26:10.547+0000] {subprocess.py:75} INFO - Running command: ['/bin/bash', '-c', "echo 'Running 2022-07-14'"]
[2022-11-16T20:26:10.572+0000] {subprocess.py:86} INFO - Output:
[2022-11-16T20:26:10.575+0000] {subprocess.py:93} INFO - Running 2022-07-14
[2022-11-16T20:26:10.576+0000] {subprocess.py:97} INFO - Command exited with return code 0
[2022-11-16T20:26:10.645+0000] {taskinstance.py:1406} INFO - Marking task as SUCCESS. dag_id=10-branching, task_id=finish_14_june, execution_date=20220714T000000, start_date=20221116T202610, end_date=20221116T202610
[2022-11-16T20:26:10.696+0000] {local_task_job.py:164} INFO - Task exited with return code 0
[2022-11-16T20:26:10.734+0000] {local_task_job.py:273} INFO - 0 downstream tasks scheduled from follow-on schedule check
