[2022-11-17T16:31:57.484+0000] {taskinstance.py:1165} INFO - Dependencies all met for <TaskInstance: MyPersonalAirflowProject.end_confirmation_from_nasa scheduled__2022-10-16T00:00:00+00:00 [queued]>
[2022-11-17T16:31:57.501+0000] {taskinstance.py:1165} INFO - Dependencies all met for <TaskInstance: MyPersonalAirflowProject.end_confirmation_from_nasa scheduled__2022-10-16T00:00:00+00:00 [queued]>
[2022-11-17T16:31:57.502+0000] {taskinstance.py:1362} INFO - 
--------------------------------------------------------------------------------
[2022-11-17T16:31:57.503+0000] {taskinstance.py:1363} INFO - Starting attempt 1 of 1
[2022-11-17T16:31:57.504+0000] {taskinstance.py:1364} INFO - 
--------------------------------------------------------------------------------
[2022-11-17T16:31:57.521+0000] {taskinstance.py:1383} INFO - Executing <Task(BashOperator): end_confirmation_from_nasa> on 2022-10-16 00:00:00+00:00
[2022-11-17T16:31:57.527+0000] {standard_task_runner.py:55} INFO - Started process 3629 to run task
[2022-11-17T16:31:57.530+0000] {standard_task_runner.py:82} INFO - Running: ['***', 'tasks', 'run', 'MyPersonalAirflowProject', 'end_confirmation_from_nasa', 'scheduled__2022-10-16T00:00:00+00:00', '--job-id', '2146', '--raw', '--subdir', 'DAGS_FOLDER/FinalPersonalProject.py', '--cfg-path', '/tmp/tmp3bsw1sqb']
[2022-11-17T16:31:57.531+0000] {standard_task_runner.py:83} INFO - Job 2146: Subtask end_confirmation_from_nasa
[2022-11-17T16:31:57.601+0000] {task_command.py:376} INFO - Running <TaskInstance: MyPersonalAirflowProject.end_confirmation_from_nasa scheduled__2022-10-16T00:00:00+00:00 [running]> on host 638485efabe7
[2022-11-17T16:31:57.676+0000] {taskinstance.py:1592} INFO - Exporting the following env vars:
AIRFLOW_CTX_DAG_OWNER=***
AIRFLOW_CTX_DAG_ID=MyPersonalAirflowProject
AIRFLOW_CTX_TASK_ID=end_confirmation_from_nasa
AIRFLOW_CTX_EXECUTION_DATE=2022-10-16T00:00:00+00:00
AIRFLOW_CTX_TRY_NUMBER=1
AIRFLOW_CTX_DAG_RUN_ID=scheduled__2022-10-16T00:00:00+00:00
[2022-11-17T16:31:57.678+0000] {subprocess.py:63} INFO - Tmp dir root location: 
 /tmp
[2022-11-17T16:31:57.679+0000] {subprocess.py:75} INFO - Running command: ['/bin/bash', '-c', 'echo "The Confirmation file was created successfully"']
[2022-11-17T16:31:57.693+0000] {subprocess.py:86} INFO - Output:
[2022-11-17T16:31:57.695+0000] {subprocess.py:93} INFO - The Confirmation file was created successfully
[2022-11-17T16:31:57.696+0000] {subprocess.py:97} INFO - Command exited with return code 0
[2022-11-17T16:31:57.725+0000] {taskinstance.py:1406} INFO - Marking task as SUCCESS. dag_id=MyPersonalAirflowProject, task_id=end_confirmation_from_nasa, execution_date=20221016T000000, start_date=20221117T163157, end_date=20221117T163157
[2022-11-17T16:31:57.782+0000] {local_task_job.py:164} INFO - Task exited with return code 0
[2022-11-17T16:31:57.823+0000] {local_task_job.py:273} INFO - 1 downstream tasks scheduled from follow-on schedule check
[2022-11-17T17:24:11.469+0000] {taskinstance.py:1165} INFO - Dependencies all met for <TaskInstance: MyPersonalAirflowProject.end_confirmation_from_nasa scheduled__2022-10-16T00:00:00+00:00 [queued]>
[2022-11-17T17:24:11.487+0000] {taskinstance.py:1165} INFO - Dependencies all met for <TaskInstance: MyPersonalAirflowProject.end_confirmation_from_nasa scheduled__2022-10-16T00:00:00+00:00 [queued]>
[2022-11-17T17:24:11.487+0000] {taskinstance.py:1362} INFO - 
--------------------------------------------------------------------------------
[2022-11-17T17:24:11.488+0000] {taskinstance.py:1363} INFO - Starting attempt 1 of 1
[2022-11-17T17:24:11.488+0000] {taskinstance.py:1364} INFO - 
--------------------------------------------------------------------------------
[2022-11-17T17:24:11.509+0000] {taskinstance.py:1383} INFO - Executing <Task(BashOperator): end_confirmation_from_nasa> on 2022-10-16 00:00:00+00:00
[2022-11-17T17:24:11.515+0000] {standard_task_runner.py:55} INFO - Started process 7272 to run task
[2022-11-17T17:24:11.518+0000] {standard_task_runner.py:82} INFO - Running: ['***', 'tasks', 'run', 'MyPersonalAirflowProject', 'end_confirmation_from_nasa', 'scheduled__2022-10-16T00:00:00+00:00', '--job-id', '2556', '--raw', '--subdir', 'DAGS_FOLDER/FinalPersonalProject.py', '--cfg-path', '/tmp/tmpoiawnxjh']
[2022-11-17T17:24:11.519+0000] {standard_task_runner.py:83} INFO - Job 2556: Subtask end_confirmation_from_nasa
[2022-11-17T17:24:11.599+0000] {task_command.py:376} INFO - Running <TaskInstance: MyPersonalAirflowProject.end_confirmation_from_nasa scheduled__2022-10-16T00:00:00+00:00 [running]> on host 638485efabe7
[2022-11-17T17:24:11.680+0000] {taskinstance.py:1592} INFO - Exporting the following env vars:
AIRFLOW_CTX_DAG_OWNER=***
AIRFLOW_CTX_DAG_ID=MyPersonalAirflowProject
AIRFLOW_CTX_TASK_ID=end_confirmation_from_nasa
AIRFLOW_CTX_EXECUTION_DATE=2022-10-16T00:00:00+00:00
AIRFLOW_CTX_TRY_NUMBER=1
AIRFLOW_CTX_DAG_RUN_ID=scheduled__2022-10-16T00:00:00+00:00
[2022-11-17T17:24:11.682+0000] {subprocess.py:63} INFO - Tmp dir root location: 
 /tmp
[2022-11-17T17:24:11.683+0000] {subprocess.py:75} INFO - Running command: ['/bin/bash', '-c', 'echo "The Confirmation file was created successfully"']
[2022-11-17T17:24:11.696+0000] {subprocess.py:86} INFO - Output:
[2022-11-17T17:24:11.697+0000] {subprocess.py:93} INFO - The Confirmation file was created successfully
[2022-11-17T17:24:11.699+0000] {subprocess.py:97} INFO - Command exited with return code 0
[2022-11-17T17:24:11.731+0000] {taskinstance.py:1406} INFO - Marking task as SUCCESS. dag_id=MyPersonalAirflowProject, task_id=end_confirmation_from_nasa, execution_date=20221016T000000, start_date=20221117T172411, end_date=20221117T172411
[2022-11-17T17:24:11.772+0000] {local_task_job.py:164} INFO - Task exited with return code 0
[2022-11-17T17:24:11.811+0000] {local_task_job.py:273} INFO - 1 downstream tasks scheduled from follow-on schedule check
