[2022-11-15T17:23:39.828+0000] {taskinstance.py:1165} INFO - Dependencies all met for <TaskInstance: 9-XComm.task1 scheduled__2022-07-01T00:00:00+00:00 [queued]>
[2022-11-15T17:23:39.841+0000] {taskinstance.py:1165} INFO - Dependencies all met for <TaskInstance: 9-XComm.task1 scheduled__2022-07-01T00:00:00+00:00 [queued]>
[2022-11-15T17:23:39.842+0000] {taskinstance.py:1362} INFO - 
--------------------------------------------------------------------------------
[2022-11-15T17:23:39.842+0000] {taskinstance.py:1363} INFO - Starting attempt 2 of 2
[2022-11-15T17:23:39.843+0000] {taskinstance.py:1364} INFO - 
--------------------------------------------------------------------------------
[2022-11-15T17:23:39.860+0000] {taskinstance.py:1383} INFO - Executing <Task(BashOperator): task1> on 2022-07-01 00:00:00+00:00
[2022-11-15T17:23:39.865+0000] {standard_task_runner.py:55} INFO - Started process 2859 to run task
[2022-11-15T17:23:39.869+0000] {standard_task_runner.py:82} INFO - Running: ['***', 'tasks', 'run', '9-XComm', 'task1', 'scheduled__2022-07-01T00:00:00+00:00', '--job-id', '1105', '--raw', '--subdir', 'DAGS_FOLDER/9-XComm.py', '--cfg-path', '/tmp/tmp51cak5to']
[2022-11-15T17:23:39.870+0000] {standard_task_runner.py:83} INFO - Job 1105: Subtask task1
[2022-11-15T17:23:40.040+0000] {task_command.py:376} INFO - Running <TaskInstance: 9-XComm.task1 scheduled__2022-07-01T00:00:00+00:00 [running]> on host 638485efabe7
[2022-11-15T17:23:40.301+0000] {taskinstance.py:1592} INFO - Exporting the following env vars:
AIRFLOW_CTX_DAG_OWNER=***
AIRFLOW_CTX_DAG_ID=9-XComm
AIRFLOW_CTX_TASK_ID=task1
AIRFLOW_CTX_EXECUTION_DATE=2022-07-01T00:00:00+00:00
AIRFLOW_CTX_TRY_NUMBER=2
AIRFLOW_CTX_DAG_RUN_ID=scheduled__2022-07-01T00:00:00+00:00
[2022-11-15T17:23:40.303+0000] {subprocess.py:63} INFO - Tmp dir root location: 
 /tmp
[2022-11-15T17:23:40.304+0000] {subprocess.py:75} INFO - Running command: ['/bin/bash', '-c', 'sleep 5 && echo $((3*8))']
[2022-11-15T17:23:40.665+0000] {subprocess.py:86} INFO - Output:
[2022-11-15T17:23:45.670+0000] {subprocess.py:93} INFO - 24
[2022-11-15T17:23:45.671+0000] {subprocess.py:97} INFO - Command exited with return code 0
[2022-11-15T17:23:45.719+0000] {taskinstance.py:1406} INFO - Marking task as SUCCESS. dag_id=9-XComm, task_id=task1, execution_date=20220701T000000, start_date=20221115T172339, end_date=20221115T172345
[2022-11-15T17:23:45.771+0000] {local_task_job.py:164} INFO - Task exited with return code 0
[2022-11-15T17:23:45.938+0000] {local_task_job.py:273} INFO - 1 downstream tasks scheduled from follow-on schedule check
