[2022-11-15T17:17:17.922+0000] {taskinstance.py:1165} INFO - Dependencies all met for <TaskInstance: 9-XComm.Task1 scheduled__2022-07-01T00:00:00+00:00 [queued]>
[2022-11-15T17:17:17.940+0000] {taskinstance.py:1165} INFO - Dependencies all met for <TaskInstance: 9-XComm.Task1 scheduled__2022-07-01T00:00:00+00:00 [queued]>
[2022-11-15T17:17:17.940+0000] {taskinstance.py:1362} INFO - 
--------------------------------------------------------------------------------
[2022-11-15T17:17:17.941+0000] {taskinstance.py:1363} INFO - Starting attempt 1 of 1
[2022-11-15T17:17:17.942+0000] {taskinstance.py:1364} INFO - 
--------------------------------------------------------------------------------
[2022-11-15T17:17:17.961+0000] {taskinstance.py:1383} INFO - Executing <Task(BashOperator): Task1> on 2022-07-01 00:00:00+00:00
[2022-11-15T17:17:17.969+0000] {standard_task_runner.py:55} INFO - Started process 2544 to run task
[2022-11-15T17:17:17.972+0000] {standard_task_runner.py:82} INFO - Running: ['***', 'tasks', 'run', '9-XComm', 'Task1', 'scheduled__2022-07-01T00:00:00+00:00', '--job-id', '1101', '--raw', '--subdir', 'DAGS_FOLDER/9-XComm.py', '--cfg-path', '/tmp/tmp1cuq1yq2']
[2022-11-15T17:17:17.973+0000] {standard_task_runner.py:83} INFO - Job 1101: Subtask Task1
[2022-11-15T17:17:18.047+0000] {task_command.py:376} INFO - Running <TaskInstance: 9-XComm.Task1 scheduled__2022-07-01T00:00:00+00:00 [running]> on host 638485efabe7
[2022-11-15T17:17:18.144+0000] {taskinstance.py:1592} INFO - Exporting the following env vars:
AIRFLOW_CTX_DAG_OWNER=***
AIRFLOW_CTX_DAG_ID=9-XComm
AIRFLOW_CTX_TASK_ID=Task1
AIRFLOW_CTX_EXECUTION_DATE=2022-07-01T00:00:00+00:00
AIRFLOW_CTX_TRY_NUMBER=1
AIRFLOW_CTX_DAG_RUN_ID=scheduled__2022-07-01T00:00:00+00:00
[2022-11-15T17:17:18.146+0000] {subprocess.py:63} INFO - Tmp dir root location: 
 /tmp
[2022-11-15T17:17:18.148+0000] {subprocess.py:75} INFO - Running command: ['/bin/bash', '-c', 'sleep 5 && echo $((3*8))']
[2022-11-15T17:17:18.162+0000] {subprocess.py:86} INFO - Output:
[2022-11-15T17:17:24.041+0000] {subprocess.py:93} INFO - 24
[2022-11-15T17:17:24.042+0000] {subprocess.py:97} INFO - Command exited with return code 0
[2022-11-15T17:17:24.421+0000] {taskinstance.py:1406} INFO - Marking task as SUCCESS. dag_id=9-XComm, task_id=Task1, execution_date=20220701T000000, start_date=20221115T171717, end_date=20221115T171724
[2022-11-15T17:17:24.451+0000] {local_task_job.py:164} INFO - Task exited with return code 0
[2022-11-15T17:17:24.493+0000] {local_task_job.py:273} INFO - 1 downstream tasks scheduled from follow-on schedule check
[2022-11-15T17:18:23.393+0000] {taskinstance.py:1165} INFO - Dependencies all met for <TaskInstance: 9-XComm.task1 scheduled__2022-07-01T00:00:00+00:00 [queued]>
[2022-11-15T17:18:23.412+0000] {taskinstance.py:1165} INFO - Dependencies all met for <TaskInstance: 9-XComm.task1 scheduled__2022-07-01T00:00:00+00:00 [queued]>
[2022-11-15T17:18:23.413+0000] {taskinstance.py:1362} INFO - 
--------------------------------------------------------------------------------
[2022-11-15T17:18:23.413+0000] {taskinstance.py:1363} INFO - Starting attempt 1 of 1
[2022-11-15T17:18:23.414+0000] {taskinstance.py:1364} INFO - 
--------------------------------------------------------------------------------
[2022-11-15T17:18:23.432+0000] {taskinstance.py:1383} INFO - Executing <Task(BashOperator): task1> on 2022-07-01 00:00:00+00:00
[2022-11-15T17:18:23.439+0000] {standard_task_runner.py:55} INFO - Started process 2597 to run task
[2022-11-15T17:18:23.442+0000] {standard_task_runner.py:82} INFO - Running: ['***', 'tasks', 'run', '9-XComm', 'task1', 'scheduled__2022-07-01T00:00:00+00:00', '--job-id', '1103', '--raw', '--subdir', 'DAGS_FOLDER/9-XComm.py', '--cfg-path', '/tmp/tmp4yx4rcxt']
[2022-11-15T17:18:23.443+0000] {standard_task_runner.py:83} INFO - Job 1103: Subtask task1
[2022-11-15T17:18:23.504+0000] {task_command.py:376} INFO - Running <TaskInstance: 9-XComm.task1 scheduled__2022-07-01T00:00:00+00:00 [running]> on host 638485efabe7
[2022-11-15T17:18:23.575+0000] {taskinstance.py:1592} INFO - Exporting the following env vars:
AIRFLOW_CTX_DAG_OWNER=***
AIRFLOW_CTX_DAG_ID=9-XComm
AIRFLOW_CTX_TASK_ID=task1
AIRFLOW_CTX_EXECUTION_DATE=2022-07-01T00:00:00+00:00
AIRFLOW_CTX_TRY_NUMBER=1
AIRFLOW_CTX_DAG_RUN_ID=scheduled__2022-07-01T00:00:00+00:00
[2022-11-15T17:18:23.576+0000] {subprocess.py:63} INFO - Tmp dir root location: 
 /tmp
[2022-11-15T17:18:23.577+0000] {subprocess.py:75} INFO - Running command: ['/bin/bash', '-c', 'sleep 5 && echo $((3*8))']
[2022-11-15T17:18:23.588+0000] {subprocess.py:86} INFO - Output:
[2022-11-15T17:18:28.592+0000] {subprocess.py:93} INFO - 24
[2022-11-15T17:18:28.593+0000] {subprocess.py:97} INFO - Command exited with return code 0
[2022-11-15T17:18:28.622+0000] {taskinstance.py:1406} INFO - Marking task as SUCCESS. dag_id=9-XComm, task_id=task1, execution_date=20220701T000000, start_date=20221115T171823, end_date=20221115T171828
[2022-11-15T17:18:28.653+0000] {local_task_job.py:164} INFO - Task exited with return code 0
[2022-11-15T17:18:28.683+0000] {local_task_job.py:273} INFO - 1 downstream tasks scheduled from follow-on schedule check
