[2022-11-16T21:23:19.628+0000] {taskinstance.py:1165} INFO - Dependencies all met for <TaskInstance: MyPersonalAirflowProject.end_task scheduled__2022-10-25T00:00:00+00:00 [queued]>
[2022-11-16T21:23:19.647+0000] {taskinstance.py:1165} INFO - Dependencies all met for <TaskInstance: MyPersonalAirflowProject.end_task scheduled__2022-10-25T00:00:00+00:00 [queued]>
[2022-11-16T21:23:19.648+0000] {taskinstance.py:1362} INFO - 
--------------------------------------------------------------------------------
[2022-11-16T21:23:19.649+0000] {taskinstance.py:1363} INFO - Starting attempt 1 of 1
[2022-11-16T21:23:19.650+0000] {taskinstance.py:1364} INFO - 
--------------------------------------------------------------------------------
[2022-11-16T21:23:19.674+0000] {taskinstance.py:1383} INFO - Executing <Task(BashOperator): end_task> on 2022-10-25 00:00:00+00:00
[2022-11-16T21:23:19.682+0000] {standard_task_runner.py:55} INFO - Started process 2509 to run task
[2022-11-16T21:23:19.686+0000] {standard_task_runner.py:82} INFO - Running: ['***', 'tasks', 'run', 'MyPersonalAirflowProject', 'end_task', 'scheduled__2022-10-25T00:00:00+00:00', '--job-id', '1361', '--raw', '--subdir', 'DAGS_FOLDER/FinalPersonalProject.py', '--cfg-path', '/tmp/tmpet8p6io0']
[2022-11-16T21:23:19.687+0000] {standard_task_runner.py:83} INFO - Job 1361: Subtask end_task
[2022-11-16T21:23:19.772+0000] {task_command.py:376} INFO - Running <TaskInstance: MyPersonalAirflowProject.end_task scheduled__2022-10-25T00:00:00+00:00 [running]> on host 638485efabe7
[2022-11-16T21:23:19.873+0000] {taskinstance.py:1592} INFO - Exporting the following env vars:
AIRFLOW_CTX_DAG_OWNER=***
AIRFLOW_CTX_DAG_ID=MyPersonalAirflowProject
AIRFLOW_CTX_TASK_ID=end_task
AIRFLOW_CTX_EXECUTION_DATE=2022-10-25T00:00:00+00:00
AIRFLOW_CTX_TRY_NUMBER=1
AIRFLOW_CTX_DAG_RUN_ID=scheduled__2022-10-25T00:00:00+00:00
[2022-11-16T21:23:19.876+0000] {subprocess.py:63} INFO - Tmp dir root location: 
 /tmp
[2022-11-16T21:23:19.877+0000] {subprocess.py:75} INFO - Running command: ['/bin/bash', '-c', 'echo "The file was created successfully"']
[2022-11-16T21:23:19.894+0000] {subprocess.py:86} INFO - Output:
[2022-11-16T21:23:19.897+0000] {subprocess.py:93} INFO - The file was created successfully
[2022-11-16T21:23:19.898+0000] {subprocess.py:97} INFO - Command exited with return code 0
[2022-11-16T21:23:19.939+0000] {taskinstance.py:1406} INFO - Marking task as SUCCESS. dag_id=MyPersonalAirflowProject, task_id=end_task, execution_date=20221025T000000, start_date=20221116T212319, end_date=20221116T212319
[2022-11-16T21:23:20.285+0000] {local_task_job.py:164} INFO - Task exited with return code 0
[2022-11-16T21:23:20.328+0000] {local_task_job.py:273} INFO - 0 downstream tasks scheduled from follow-on schedule check
[2022-11-16T22:25:15.994+0000] {taskinstance.py:1165} INFO - Dependencies all met for <TaskInstance: MyPersonalAirflowProject.end_task scheduled__2022-10-25T00:00:00+00:00 [queued]>
[2022-11-16T22:25:17.328+0000] {taskinstance.py:1165} INFO - Dependencies all met for <TaskInstance: MyPersonalAirflowProject.end_task scheduled__2022-10-25T00:00:00+00:00 [queued]>
[2022-11-16T22:25:17.329+0000] {taskinstance.py:1362} INFO - 
--------------------------------------------------------------------------------
[2022-11-16T22:25:17.330+0000] {taskinstance.py:1363} INFO - Starting attempt 1 of 1
[2022-11-16T22:25:17.330+0000] {taskinstance.py:1364} INFO - 
--------------------------------------------------------------------------------
[2022-11-16T22:25:17.373+0000] {taskinstance.py:1383} INFO - Executing <Task(BashOperator): end_task> on 2022-10-25 00:00:00+00:00
[2022-11-16T22:25:17.384+0000] {standard_task_runner.py:55} INFO - Started process 5746 to run task
[2022-11-16T22:25:17.387+0000] {standard_task_runner.py:82} INFO - Running: ['***', 'tasks', 'run', 'MyPersonalAirflowProject', 'end_task', 'scheduled__2022-10-25T00:00:00+00:00', '--job-id', '1586', '--raw', '--subdir', 'DAGS_FOLDER/FinalPersonalProject.py', '--cfg-path', '/tmp/tmpcvuxpthe']
[2022-11-16T22:25:17.388+0000] {standard_task_runner.py:83} INFO - Job 1586: Subtask end_task
[2022-11-16T22:25:17.610+0000] {task_command.py:376} INFO - Running <TaskInstance: MyPersonalAirflowProject.end_task scheduled__2022-10-25T00:00:00+00:00 [running]> on host 638485efabe7
[2022-11-16T22:25:17.697+0000] {taskinstance.py:1592} INFO - Exporting the following env vars:
AIRFLOW_CTX_DAG_OWNER=***
AIRFLOW_CTX_DAG_ID=MyPersonalAirflowProject
AIRFLOW_CTX_TASK_ID=end_task
AIRFLOW_CTX_EXECUTION_DATE=2022-10-25T00:00:00+00:00
AIRFLOW_CTX_TRY_NUMBER=1
AIRFLOW_CTX_DAG_RUN_ID=scheduled__2022-10-25T00:00:00+00:00
[2022-11-16T22:25:17.716+0000] {subprocess.py:63} INFO - Tmp dir root location: 
 /tmp
[2022-11-16T22:25:17.717+0000] {subprocess.py:75} INFO - Running command: ['/bin/bash', '-c', 'echo "The Verification file was created successfully"']
[2022-11-16T22:25:17.731+0000] {subprocess.py:86} INFO - Output:
[2022-11-16T22:25:17.766+0000] {subprocess.py:93} INFO - The Verification file was created successfully
[2022-11-16T22:25:17.768+0000] {subprocess.py:97} INFO - Command exited with return code 0
[2022-11-16T22:25:17.800+0000] {taskinstance.py:1406} INFO - Marking task as SUCCESS. dag_id=MyPersonalAirflowProject, task_id=end_task, execution_date=20221025T000000, start_date=20221116T222517, end_date=20221116T222517
[2022-11-16T22:25:17.878+0000] {local_task_job.py:164} INFO - Task exited with return code 0
[2022-11-16T22:25:17.923+0000] {local_task_job.py:273} INFO - 1 downstream tasks scheduled from follow-on schedule check
