[2022-11-04T21:33:32.032+0000] {taskinstance.py:1165} INFO - Dependencies all met for <TaskInstance: orquestation.task3 scheduled__2022-05-25T00:00:00+00:00 [queued]>
[2022-11-04T21:33:32.063+0000] {taskinstance.py:1165} INFO - Dependencies all met for <TaskInstance: orquestation.task3 scheduled__2022-05-25T00:00:00+00:00 [queued]>
[2022-11-04T21:33:32.064+0000] {taskinstance.py:1362} INFO - 
--------------------------------------------------------------------------------
[2022-11-04T21:33:32.064+0000] {taskinstance.py:1363} INFO - Starting attempt 1 of 1
[2022-11-04T21:33:32.066+0000] {taskinstance.py:1364} INFO - 
--------------------------------------------------------------------------------
[2022-11-04T21:33:32.096+0000] {taskinstance.py:1383} INFO - Executing <Task(BashOperator): task3> on 2022-05-25 00:00:00+00:00
[2022-11-04T21:33:32.107+0000] {standard_task_runner.py:55} INFO - Started process 1107 to run task
[2022-11-04T21:33:32.114+0000] {standard_task_runner.py:82} INFO - Running: ['***', 'tasks', 'run', 'orquestation', 'task3', 'scheduled__2022-05-25T00:00:00+00:00', '--job-id', '210', '--raw', '--subdir', 'DAGS_FOLDER/5.1-orquestacion.py', '--cfg-path', '/tmp/tmpxej3hc0q']
[2022-11-04T21:33:32.115+0000] {standard_task_runner.py:83} INFO - Job 210: Subtask task3
[2022-11-04T21:33:32.254+0000] {task_command.py:376} INFO - Running <TaskInstance: orquestation.task3 scheduled__2022-05-25T00:00:00+00:00 [running]> on host 643e334f405f
[2022-11-04T21:33:32.383+0000] {taskinstance.py:1592} INFO - Exporting the following env vars:
AIRFLOW_CTX_DAG_OWNER=***
AIRFLOW_CTX_DAG_ID=orquestation
AIRFLOW_CTX_TASK_ID=task3
AIRFLOW_CTX_EXECUTION_DATE=2022-05-25T00:00:00+00:00
AIRFLOW_CTX_TRY_NUMBER=1
AIRFLOW_CTX_DAG_RUN_ID=scheduled__2022-05-25T00:00:00+00:00
[2022-11-04T21:33:32.386+0000] {subprocess.py:63} INFO - Tmp dir root location: 
 /tmp
[2022-11-04T21:33:32.388+0000] {subprocess.py:75} INFO - Running command: ['/bin/bash', '-c', "sleep 2 && echo 'task3'"]
[2022-11-04T21:33:32.415+0000] {subprocess.py:86} INFO - Output:
[2022-11-04T21:33:34.468+0000] {subprocess.py:93} INFO - task3
[2022-11-04T21:33:34.469+0000] {subprocess.py:97} INFO - Command exited with return code 0
[2022-11-04T21:33:34.509+0000] {taskinstance.py:1406} INFO - Marking task as SUCCESS. dag_id=orquestation, task_id=task3, execution_date=20220525T000000, start_date=20221104T213332, end_date=20221104T213334
[2022-11-04T21:33:34.575+0000] {local_task_job.py:164} INFO - Task exited with return code 0
[2022-11-04T21:33:34.601+0000] {local_task_job.py:273} INFO - 0 downstream tasks scheduled from follow-on schedule check
[2022-11-04T21:44:31.218+0000] {taskinstance.py:1165} INFO - Dependencies all met for <TaskInstance: orquestation.task3 scheduled__2022-05-25T00:00:00+00:00 [queued]>
[2022-11-04T21:44:31.236+0000] {taskinstance.py:1165} INFO - Dependencies all met for <TaskInstance: orquestation.task3 scheduled__2022-05-25T00:00:00+00:00 [queued]>
[2022-11-04T21:44:31.237+0000] {taskinstance.py:1362} INFO - 
--------------------------------------------------------------------------------
[2022-11-04T21:44:31.237+0000] {taskinstance.py:1363} INFO - Starting attempt 1 of 1
[2022-11-04T21:44:31.238+0000] {taskinstance.py:1364} INFO - 
--------------------------------------------------------------------------------
[2022-11-04T21:44:31.255+0000] {taskinstance.py:1383} INFO - Executing <Task(BashOperator): task3> on 2022-05-25 00:00:00+00:00
[2022-11-04T21:44:31.262+0000] {standard_task_runner.py:55} INFO - Started process 2187 to run task
[2022-11-04T21:44:31.266+0000] {standard_task_runner.py:82} INFO - Running: ['***', 'tasks', 'run', 'orquestation', 'task3', 'scheduled__2022-05-25T00:00:00+00:00', '--job-id', '354', '--raw', '--subdir', 'DAGS_FOLDER/5.1-orquestacion.py', '--cfg-path', '/tmp/tmp6cm46698']
[2022-11-04T21:44:31.267+0000] {standard_task_runner.py:83} INFO - Job 354: Subtask task3
[2022-11-04T21:44:31.342+0000] {task_command.py:376} INFO - Running <TaskInstance: orquestation.task3 scheduled__2022-05-25T00:00:00+00:00 [running]> on host 643e334f405f
[2022-11-04T21:44:31.424+0000] {taskinstance.py:1592} INFO - Exporting the following env vars:
AIRFLOW_CTX_DAG_OWNER=***
AIRFLOW_CTX_DAG_ID=orquestation
AIRFLOW_CTX_TASK_ID=task3
AIRFLOW_CTX_EXECUTION_DATE=2022-05-25T00:00:00+00:00
AIRFLOW_CTX_TRY_NUMBER=1
AIRFLOW_CTX_DAG_RUN_ID=scheduled__2022-05-25T00:00:00+00:00
[2022-11-04T21:44:31.426+0000] {subprocess.py:63} INFO - Tmp dir root location: 
 /tmp
[2022-11-04T21:44:31.427+0000] {subprocess.py:75} INFO - Running command: ['/bin/bash', '-c', "sleep 2 && echo 'task3'"]
[2022-11-04T21:44:31.441+0000] {subprocess.py:86} INFO - Output:
[2022-11-04T21:44:33.445+0000] {subprocess.py:93} INFO - task3
[2022-11-04T21:44:33.445+0000] {subprocess.py:97} INFO - Command exited with return code 0
[2022-11-04T21:44:33.472+0000] {taskinstance.py:1406} INFO - Marking task as SUCCESS. dag_id=orquestation, task_id=task3, execution_date=20220525T000000, start_date=20221104T214431, end_date=20221104T214433
[2022-11-04T21:44:33.527+0000] {local_task_job.py:164} INFO - Task exited with return code 0
[2022-11-04T21:44:33.545+0000] {local_task_job.py:273} INFO - 0 downstream tasks scheduled from follow-on schedule check
