[2022-11-16T21:06:00.037+0000] {taskinstance.py:1165} INFO - Dependencies all met for <TaskInstance: MyPersonalAirflowProject.nasa_verification_task scheduled__2022-11-01T00:00:00+00:00 [queued]>
[2022-11-16T21:06:00.053+0000] {taskinstance.py:1165} INFO - Dependencies all met for <TaskInstance: MyPersonalAirflowProject.nasa_verification_task scheduled__2022-11-01T00:00:00+00:00 [queued]>
[2022-11-16T21:06:00.054+0000] {taskinstance.py:1362} INFO - 
--------------------------------------------------------------------------------
[2022-11-16T21:06:00.099+0000] {taskinstance.py:1363} INFO - Starting attempt 2 of 2
[2022-11-16T21:06:00.100+0000] {taskinstance.py:1364} INFO - 
--------------------------------------------------------------------------------
[2022-11-16T21:06:00.121+0000] {taskinstance.py:1383} INFO - Executing <Task(BashOperator): nasa_verification_task> on 2022-11-01 00:00:00+00:00
[2022-11-16T21:06:00.128+0000] {standard_task_runner.py:55} INFO - Started process 1658 to run task
[2022-11-16T21:06:00.130+0000] {standard_task_runner.py:82} INFO - Running: ['***', 'tasks', 'run', 'MyPersonalAirflowProject', 'nasa_verification_task', 'scheduled__2022-11-01T00:00:00+00:00', '--job-id', '1335', '--raw', '--subdir', 'DAGS_FOLDER/FinalPersonalProject.py', '--cfg-path', '/tmp/tmpk6ycbv5p']
[2022-11-16T21:06:00.131+0000] {standard_task_runner.py:83} INFO - Job 1335: Subtask nasa_verification_task
[2022-11-16T21:06:00.202+0000] {task_command.py:376} INFO - Running <TaskInstance: MyPersonalAirflowProject.nasa_verification_task scheduled__2022-11-01T00:00:00+00:00 [running]> on host 638485efabe7
[2022-11-16T21:06:01.733+0000] {taskinstance.py:1592} INFO - Exporting the following env vars:
AIRFLOW_CTX_DAG_OWNER=***
AIRFLOW_CTX_DAG_ID=MyPersonalAirflowProject
AIRFLOW_CTX_TASK_ID=nasa_verification_task
AIRFLOW_CTX_EXECUTION_DATE=2022-11-01T00:00:00+00:00
AIRFLOW_CTX_TRY_NUMBER=2
AIRFLOW_CTX_DAG_RUN_ID=scheduled__2022-11-01T00:00:00+00:00
[2022-11-16T21:06:01.737+0000] {subprocess.py:63} INFO - Tmp dir root location: 
 /tmp
[2022-11-16T21:06:01.739+0000] {subprocess.py:75} INFO - Running command: ['/bin/bash', '-c', 'sleep 20 && echo OK"> /tmp/reponse_20221101.txt']
[2022-11-16T21:06:02.580+0000] {subprocess.py:86} INFO - Output:
[2022-11-16T21:06:02.789+0000] {subprocess.py:93} INFO - /bin/bash: -c: line 1: unexpected EOF while looking for matching `"'
[2022-11-16T21:06:02.790+0000] {subprocess.py:93} INFO - /bin/bash: -c: line 2: syntax error: unexpected end of file
[2022-11-16T21:06:02.790+0000] {subprocess.py:97} INFO - Command exited with return code 2
[2022-11-16T21:06:03.004+0000] {taskinstance.py:1851} ERROR - Task failed with exception
Traceback (most recent call last):
  File "/home/airflow/.local/lib/python3.7/site-packages/airflow/operators/bash.py", line 197, in execute
    f'Bash command failed. The command returned a non-zero exit code {result.exit_code}.'
airflow.exceptions.AirflowException: Bash command failed. The command returned a non-zero exit code 2.
[2022-11-16T21:06:03.008+0000] {taskinstance.py:1406} INFO - Marking task as FAILED. dag_id=MyPersonalAirflowProject, task_id=nasa_verification_task, execution_date=20221101T000000, start_date=20221116T210600, end_date=20221116T210603
[2022-11-16T21:06:03.202+0000] {standard_task_runner.py:105} ERROR - Failed to execute job 1335 for task nasa_verification_task (Bash command failed. The command returned a non-zero exit code 2.; 1658)
[2022-11-16T21:06:03.237+0000] {local_task_job.py:164} INFO - Task exited with return code 1
[2022-11-16T21:06:03.518+0000] {local_task_job.py:273} INFO - 0 downstream tasks scheduled from follow-on schedule check
[2022-11-17T16:00:29.987+0000] {taskinstance.py:1165} INFO - Dependencies all met for <TaskInstance: MyPersonalAirflowProject.nasa_verification_task scheduled__2022-11-01T00:00:00+00:00 [queued]>
[2022-11-17T16:00:29.999+0000] {taskinstance.py:1165} INFO - Dependencies all met for <TaskInstance: MyPersonalAirflowProject.nasa_verification_task scheduled__2022-11-01T00:00:00+00:00 [queued]>
[2022-11-17T16:00:30.000+0000] {taskinstance.py:1362} INFO - 
--------------------------------------------------------------------------------
[2022-11-17T16:00:30.000+0000] {taskinstance.py:1363} INFO - Starting attempt 2 of 2
[2022-11-17T16:00:30.001+0000] {taskinstance.py:1364} INFO - 
--------------------------------------------------------------------------------
[2022-11-17T16:00:30.020+0000] {taskinstance.py:1383} INFO - Executing <Task(BashOperator): nasa_verification_task> on 2022-11-01 00:00:00+00:00
[2022-11-17T16:00:30.026+0000] {standard_task_runner.py:55} INFO - Started process 1471 to run task
[2022-11-17T16:00:30.029+0000] {standard_task_runner.py:82} INFO - Running: ['***', 'tasks', 'run', 'MyPersonalAirflowProject', 'nasa_verification_task', 'scheduled__2022-11-01T00:00:00+00:00', '--job-id', '1928', '--raw', '--subdir', 'DAGS_FOLDER/FinalPersonalProject.py', '--cfg-path', '/tmp/tmplfw6usr3']
[2022-11-17T16:00:30.030+0000] {standard_task_runner.py:83} INFO - Job 1928: Subtask nasa_verification_task
[2022-11-17T16:00:30.095+0000] {task_command.py:376} INFO - Running <TaskInstance: MyPersonalAirflowProject.nasa_verification_task scheduled__2022-11-01T00:00:00+00:00 [running]> on host 638485efabe7
[2022-11-17T16:00:30.176+0000] {taskinstance.py:1592} INFO - Exporting the following env vars:
AIRFLOW_CTX_DAG_OWNER=***
AIRFLOW_CTX_DAG_ID=MyPersonalAirflowProject
AIRFLOW_CTX_TASK_ID=nasa_verification_task
AIRFLOW_CTX_EXECUTION_DATE=2022-11-01T00:00:00+00:00
AIRFLOW_CTX_TRY_NUMBER=2
AIRFLOW_CTX_DAG_RUN_ID=scheduled__2022-11-01T00:00:00+00:00
[2022-11-17T16:00:30.177+0000] {subprocess.py:63} INFO - Tmp dir root location: 
 /tmp
[2022-11-17T16:00:30.178+0000] {subprocess.py:75} INFO - Running command: ['/bin/bash', '-c', 'sleep 20 && echo "OK"> /tmp/reponse_20221101.txt']
[2022-11-17T16:00:30.191+0000] {subprocess.py:86} INFO - Output:
[2022-11-17T16:00:50.196+0000] {subprocess.py:97} INFO - Command exited with return code 0
[2022-11-17T16:00:50.225+0000] {taskinstance.py:1406} INFO - Marking task as SUCCESS. dag_id=MyPersonalAirflowProject, task_id=nasa_verification_task, execution_date=20221101T000000, start_date=20221117T160029, end_date=20221117T160050
[2022-11-17T16:00:50.283+0000] {local_task_job.py:164} INFO - Task exited with return code 0
[2022-11-17T16:00:50.317+0000] {local_task_job.py:273} INFO - 1 downstream tasks scheduled from follow-on schedule check
