[2022-11-16T21:03:05.349+0000] {taskinstance.py:1165} INFO - Dependencies all met for <TaskInstance: MyPersonalAirflowProject.nasa_verification_task scheduled__2022-11-01T00:00:00+00:00 [queued]>
[2022-11-16T21:03:05.365+0000] {taskinstance.py:1165} INFO - Dependencies all met for <TaskInstance: MyPersonalAirflowProject.nasa_verification_task scheduled__2022-11-01T00:00:00+00:00 [queued]>
[2022-11-16T21:03:05.365+0000] {taskinstance.py:1362} INFO - 
--------------------------------------------------------------------------------
[2022-11-16T21:03:05.367+0000] {taskinstance.py:1363} INFO - Starting attempt 1 of 1
[2022-11-16T21:03:05.368+0000] {taskinstance.py:1364} INFO - 
--------------------------------------------------------------------------------
[2022-11-16T21:03:05.387+0000] {taskinstance.py:1383} INFO - Executing <Task(BashOperator): nasa_verification_task> on 2022-11-01 00:00:00+00:00
[2022-11-16T21:03:05.522+0000] {standard_task_runner.py:55} INFO - Started process 1454 to run task
[2022-11-16T21:03:05.527+0000] {standard_task_runner.py:82} INFO - Running: ['***', 'tasks', 'run', 'MyPersonalAirflowProject', 'nasa_verification_task', 'scheduled__2022-11-01T00:00:00+00:00', '--job-id', '1309', '--raw', '--subdir', 'DAGS_FOLDER/FinalPersonalProject.py', '--cfg-path', '/tmp/tmpnb1joge9']
[2022-11-16T21:03:05.529+0000] {standard_task_runner.py:83} INFO - Job 1309: Subtask nasa_verification_task
[2022-11-16T21:03:05.607+0000] {task_command.py:376} INFO - Running <TaskInstance: MyPersonalAirflowProject.nasa_verification_task scheduled__2022-11-01T00:00:00+00:00 [running]> on host 638485efabe7
[2022-11-16T21:03:05.704+0000] {taskinstance.py:1592} INFO - Exporting the following env vars:
AIRFLOW_CTX_DAG_OWNER=***
AIRFLOW_CTX_DAG_ID=MyPersonalAirflowProject
AIRFLOW_CTX_TASK_ID=nasa_verification_task
AIRFLOW_CTX_EXECUTION_DATE=2022-11-01T00:00:00+00:00
AIRFLOW_CTX_TRY_NUMBER=1
AIRFLOW_CTX_DAG_RUN_ID=scheduled__2022-11-01T00:00:00+00:00
[2022-11-16T21:03:05.705+0000] {subprocess.py:63} INFO - Tmp dir root location: 
 /tmp
[2022-11-16T21:03:05.706+0000] {subprocess.py:75} INFO - Running command: ['/bin/bash', '-c', 'sleep 20 && echo ÖK"> /tmp/reponse_20221101.txt']
[2022-11-16T21:03:05.724+0000] {subprocess.py:86} INFO - Output:
[2022-11-16T21:03:05.726+0000] {subprocess.py:93} INFO - /bin/bash: -c: line 1: unexpected EOF while looking for matching `"'
[2022-11-16T21:03:05.727+0000] {subprocess.py:93} INFO - /bin/bash: -c: line 2: syntax error: unexpected end of file
[2022-11-16T21:03:05.728+0000] {subprocess.py:97} INFO - Command exited with return code 2
[2022-11-16T21:03:05.741+0000] {taskinstance.py:1851} ERROR - Task failed with exception
Traceback (most recent call last):
  File "/home/airflow/.local/lib/python3.7/site-packages/airflow/operators/bash.py", line 197, in execute
    f'Bash command failed. The command returned a non-zero exit code {result.exit_code}.'
airflow.exceptions.AirflowException: Bash command failed. The command returned a non-zero exit code 2.
[2022-11-16T21:03:05.746+0000] {taskinstance.py:1406} INFO - Marking task as FAILED. dag_id=MyPersonalAirflowProject, task_id=nasa_verification_task, execution_date=20221101T000000, start_date=20221116T210305, end_date=20221116T210305
[2022-11-16T21:03:05.766+0000] {standard_task_runner.py:105} ERROR - Failed to execute job 1309 for task nasa_verification_task (Bash command failed. The command returned a non-zero exit code 2.; 1454)
[2022-11-16T21:03:05.820+0000] {local_task_job.py:164} INFO - Task exited with return code 1
[2022-11-16T21:03:05.852+0000] {local_task_job.py:273} INFO - 0 downstream tasks scheduled from follow-on schedule check
[2022-11-16T22:29:30.727+0000] {taskinstance.py:1165} INFO - Dependencies all met for <TaskInstance: MyPersonalAirflowProject.nasa_verification_task scheduled__2022-11-01T00:00:00+00:00 [queued]>
[2022-11-16T22:29:30.758+0000] {taskinstance.py:1165} INFO - Dependencies all met for <TaskInstance: MyPersonalAirflowProject.nasa_verification_task scheduled__2022-11-01T00:00:00+00:00 [queued]>
[2022-11-16T22:29:30.759+0000] {taskinstance.py:1362} INFO - 
--------------------------------------------------------------------------------
[2022-11-16T22:29:30.760+0000] {taskinstance.py:1363} INFO - Starting attempt 1 of 1
[2022-11-16T22:29:30.760+0000] {taskinstance.py:1364} INFO - 
--------------------------------------------------------------------------------
[2022-11-16T22:29:30.779+0000] {taskinstance.py:1383} INFO - Executing <Task(BashOperator): nasa_verification_task> on 2022-11-01 00:00:00+00:00
[2022-11-16T22:29:30.787+0000] {standard_task_runner.py:55} INFO - Started process 6016 to run task
[2022-11-16T22:29:30.790+0000] {standard_task_runner.py:82} INFO - Running: ['***', 'tasks', 'run', 'MyPersonalAirflowProject', 'nasa_verification_task', 'scheduled__2022-11-01T00:00:00+00:00', '--job-id', '1626', '--raw', '--subdir', 'DAGS_FOLDER/FinalPersonalProject.py', '--cfg-path', '/tmp/tmpsksy4n_l']
[2022-11-16T22:29:30.791+0000] {standard_task_runner.py:83} INFO - Job 1626: Subtask nasa_verification_task
[2022-11-16T22:29:30.873+0000] {task_command.py:376} INFO - Running <TaskInstance: MyPersonalAirflowProject.nasa_verification_task scheduled__2022-11-01T00:00:00+00:00 [running]> on host 638485efabe7
[2022-11-16T22:29:30.963+0000] {taskinstance.py:1592} INFO - Exporting the following env vars:
AIRFLOW_CTX_DAG_OWNER=***
AIRFLOW_CTX_DAG_ID=MyPersonalAirflowProject
AIRFLOW_CTX_TASK_ID=nasa_verification_task
AIRFLOW_CTX_EXECUTION_DATE=2022-11-01T00:00:00+00:00
AIRFLOW_CTX_TRY_NUMBER=1
AIRFLOW_CTX_DAG_RUN_ID=scheduled__2022-11-01T00:00:00+00:00
[2022-11-16T22:29:30.964+0000] {subprocess.py:63} INFO - Tmp dir root location: 
 /tmp
[2022-11-16T22:29:30.965+0000] {subprocess.py:75} INFO - Running command: ['/bin/bash', '-c', 'sleep 20 && echo "OK"> /tmp/reponse_20221101.txt']
[2022-11-16T22:29:30.978+0000] {subprocess.py:86} INFO - Output:
[2022-11-16T22:29:50.994+0000] {subprocess.py:97} INFO - Command exited with return code 0
[2022-11-16T22:29:51.036+0000] {taskinstance.py:1406} INFO - Marking task as SUCCESS. dag_id=MyPersonalAirflowProject, task_id=nasa_verification_task, execution_date=20221101T000000, start_date=20221116T222930, end_date=20221116T222951
[2022-11-16T22:29:51.084+0000] {local_task_job.py:164} INFO - Task exited with return code 0
[2022-11-16T22:29:51.121+0000] {local_task_job.py:273} INFO - 1 downstream tasks scheduled from follow-on schedule check
[2022-11-17T16:40:44.350+0000] {taskinstance.py:1165} INFO - Dependencies all met for <TaskInstance: MyPersonalAirflowProject.nasa_verification_task scheduled__2022-11-01T00:00:00+00:00 [queued]>
[2022-11-17T16:40:44.668+0000] {taskinstance.py:1165} INFO - Dependencies all met for <TaskInstance: MyPersonalAirflowProject.nasa_verification_task scheduled__2022-11-01T00:00:00+00:00 [queued]>
[2022-11-17T16:40:44.669+0000] {taskinstance.py:1362} INFO - 
--------------------------------------------------------------------------------
[2022-11-17T16:40:44.669+0000] {taskinstance.py:1363} INFO - Starting attempt 1 of 1
[2022-11-17T16:40:44.670+0000] {taskinstance.py:1364} INFO - 
--------------------------------------------------------------------------------
[2022-11-17T16:40:45.019+0000] {taskinstance.py:1383} INFO - Executing <Task(BashOperator): nasa_verification_task> on 2022-11-01 00:00:00+00:00
[2022-11-17T16:40:45.027+0000] {standard_task_runner.py:55} INFO - Started process 4417 to run task
[2022-11-17T16:40:45.029+0000] {standard_task_runner.py:82} INFO - Running: ['***', 'tasks', 'run', 'MyPersonalAirflowProject', 'nasa_verification_task', 'scheduled__2022-11-01T00:00:00+00:00', '--job-id', '2272', '--raw', '--subdir', 'DAGS_FOLDER/FinalPersonalProject.py', '--cfg-path', '/tmp/tmpgcvf8dag']
[2022-11-17T16:40:45.030+0000] {standard_task_runner.py:83} INFO - Job 2272: Subtask nasa_verification_task
[2022-11-17T16:40:46.050+0000] {task_command.py:376} INFO - Running <TaskInstance: MyPersonalAirflowProject.nasa_verification_task scheduled__2022-11-01T00:00:00+00:00 [running]> on host 638485efabe7
[2022-11-17T16:40:46.149+0000] {taskinstance.py:1592} INFO - Exporting the following env vars:
AIRFLOW_CTX_DAG_OWNER=***
AIRFLOW_CTX_DAG_ID=MyPersonalAirflowProject
AIRFLOW_CTX_TASK_ID=nasa_verification_task
AIRFLOW_CTX_EXECUTION_DATE=2022-11-01T00:00:00+00:00
AIRFLOW_CTX_TRY_NUMBER=1
AIRFLOW_CTX_DAG_RUN_ID=scheduled__2022-11-01T00:00:00+00:00
[2022-11-17T16:40:46.150+0000] {subprocess.py:63} INFO - Tmp dir root location: 
 /tmp
[2022-11-17T16:40:46.152+0000] {subprocess.py:75} INFO - Running command: ['/bin/bash', '-c', 'sleep 20 && echo "OK"> /tmp/reponse_20221101.txt']
[2022-11-17T16:40:46.167+0000] {subprocess.py:86} INFO - Output:
[2022-11-17T16:41:06.185+0000] {subprocess.py:97} INFO - Command exited with return code 0
[2022-11-17T16:41:06.227+0000] {taskinstance.py:1406} INFO - Marking task as SUCCESS. dag_id=MyPersonalAirflowProject, task_id=nasa_verification_task, execution_date=20221101T000000, start_date=20221117T164044, end_date=20221117T164106
[2022-11-17T16:41:06.275+0000] {local_task_job.py:164} INFO - Task exited with return code 0
[2022-11-17T16:41:06.320+0000] {local_task_job.py:273} INFO - 1 downstream tasks scheduled from follow-on schedule check
[2022-11-17T17:31:48.543+0000] {taskinstance.py:1165} INFO - Dependencies all met for <TaskInstance: MyPersonalAirflowProject.nasa_verification_task scheduled__2022-11-01T00:00:00+00:00 [queued]>
[2022-11-17T17:31:48.556+0000] {taskinstance.py:1165} INFO - Dependencies all met for <TaskInstance: MyPersonalAirflowProject.nasa_verification_task scheduled__2022-11-01T00:00:00+00:00 [queued]>
[2022-11-17T17:31:48.557+0000] {taskinstance.py:1362} INFO - 
--------------------------------------------------------------------------------
[2022-11-17T17:31:48.557+0000] {taskinstance.py:1363} INFO - Starting attempt 1 of 1
[2022-11-17T17:31:48.558+0000] {taskinstance.py:1364} INFO - 
--------------------------------------------------------------------------------
[2022-11-17T17:31:48.577+0000] {taskinstance.py:1383} INFO - Executing <Task(BashOperator): nasa_verification_task> on 2022-11-01 00:00:00+00:00
[2022-11-17T17:31:48.582+0000] {standard_task_runner.py:55} INFO - Started process 8029 to run task
[2022-11-17T17:31:48.585+0000] {standard_task_runner.py:82} INFO - Running: ['***', 'tasks', 'run', 'MyPersonalAirflowProject', 'nasa_verification_task', 'scheduled__2022-11-01T00:00:00+00:00', '--job-id', '2682', '--raw', '--subdir', 'DAGS_FOLDER/FinalPersonalProject.py', '--cfg-path', '/tmp/tmp5u4wuk6g']
[2022-11-17T17:31:48.586+0000] {standard_task_runner.py:83} INFO - Job 2682: Subtask nasa_verification_task
[2022-11-17T17:31:48.650+0000] {task_command.py:376} INFO - Running <TaskInstance: MyPersonalAirflowProject.nasa_verification_task scheduled__2022-11-01T00:00:00+00:00 [running]> on host 638485efabe7
[2022-11-17T17:31:48.727+0000] {taskinstance.py:1592} INFO - Exporting the following env vars:
AIRFLOW_CTX_DAG_OWNER=***
AIRFLOW_CTX_DAG_ID=MyPersonalAirflowProject
AIRFLOW_CTX_TASK_ID=nasa_verification_task
AIRFLOW_CTX_EXECUTION_DATE=2022-11-01T00:00:00+00:00
AIRFLOW_CTX_TRY_NUMBER=1
AIRFLOW_CTX_DAG_RUN_ID=scheduled__2022-11-01T00:00:00+00:00
[2022-11-17T17:31:48.729+0000] {subprocess.py:63} INFO - Tmp dir root location: 
 /tmp
[2022-11-17T17:31:48.730+0000] {subprocess.py:75} INFO - Running command: ['/bin/bash', '-c', 'sleep 20 && echo "OK"> /tmp/reponse_20221101.txt']
[2022-11-17T17:31:48.740+0000] {subprocess.py:86} INFO - Output:
[2022-11-17T17:32:08.745+0000] {subprocess.py:97} INFO - Command exited with return code 0
[2022-11-17T17:32:08.775+0000] {taskinstance.py:1406} INFO - Marking task as SUCCESS. dag_id=MyPersonalAirflowProject, task_id=nasa_verification_task, execution_date=20221101T000000, start_date=20221117T173148, end_date=20221117T173208
[2022-11-17T17:32:08.815+0000] {local_task_job.py:164} INFO - Task exited with return code 0
[2022-11-17T17:32:08.854+0000] {local_task_job.py:273} INFO - 1 downstream tasks scheduled from follow-on schedule check
