[2022-11-09T17:14:05.333+0000] {taskinstance.py:1165} INFO - Dependencies all met for <TaskInstance: 7-filesensor_3.waiting_file scheduled__2022-06-19T00:00:00+00:00 [queued]>
[2022-11-09T17:14:05.347+0000] {taskinstance.py:1165} INFO - Dependencies all met for <TaskInstance: 7-filesensor_3.waiting_file scheduled__2022-06-19T00:00:00+00:00 [queued]>
[2022-11-09T17:14:05.347+0000] {taskinstance.py:1362} INFO - 
--------------------------------------------------------------------------------
[2022-11-09T17:14:05.348+0000] {taskinstance.py:1363} INFO - Starting attempt 1 of 1
[2022-11-09T17:14:05.349+0000] {taskinstance.py:1364} INFO - 
--------------------------------------------------------------------------------
[2022-11-09T17:14:05.367+0000] {taskinstance.py:1383} INFO - Executing <Task(FileSensor): waiting_file> on 2022-06-19 00:00:00+00:00
[2022-11-09T17:14:05.374+0000] {standard_task_runner.py:55} INFO - Started process 5231 to run task
[2022-11-09T17:14:05.377+0000] {standard_task_runner.py:82} INFO - Running: ['***', 'tasks', 'run', '7-filesensor_3', 'waiting_file', 'scheduled__2022-06-19T00:00:00+00:00', '--job-id', '927', '--raw', '--subdir', 'DAGS_FOLDER/7.3-filesensor.py', '--cfg-path', '/tmp/tmptmf5wyat']
[2022-11-09T17:14:05.378+0000] {standard_task_runner.py:83} INFO - Job 927: Subtask waiting_file
[2022-11-09T17:14:05.463+0000] {task_command.py:376} INFO - Running <TaskInstance: 7-filesensor_3.waiting_file scheduled__2022-06-19T00:00:00+00:00 [running]> on host 638485efabe7
[2022-11-09T17:14:05.568+0000] {taskinstance.py:1592} INFO - Exporting the following env vars:
AIRFLOW_CTX_DAG_OWNER=***
AIRFLOW_CTX_DAG_ID=7-filesensor_3
AIRFLOW_CTX_TASK_ID=waiting_file
AIRFLOW_CTX_EXECUTION_DATE=2022-06-19T00:00:00+00:00
AIRFLOW_CTX_TRY_NUMBER=1
AIRFLOW_CTX_DAG_RUN_ID=scheduled__2022-06-19T00:00:00+00:00
[2022-11-09T17:14:05.580+0000] {base.py:71} INFO - Using connection ID 'fs_default' for task execution.
[2022-11-09T17:14:05.580+0000] {filesystem.py:58} INFO - Poking for file /tmp/file.txt
[2022-11-09T17:14:05.581+0000] {filesystem.py:63} INFO - Found File /tmp/file.txt last modified: 20221109171404
[2022-11-09T17:14:05.582+0000] {base.py:213} INFO - Success criteria met. Exiting.
[2022-11-09T17:14:05.594+0000] {taskinstance.py:1406} INFO - Marking task as SUCCESS. dag_id=7-filesensor_3, task_id=waiting_file, execution_date=20220619T000000, start_date=20221109T171405, end_date=20221109T171405
[2022-11-09T17:14:05.632+0000] {local_task_job.py:164} INFO - Task exited with return code 0
[2022-11-09T17:14:05.666+0000] {local_task_job.py:273} INFO - 1 downstream tasks scheduled from follow-on schedule check
