[2022-11-04T21:06:57.654+0000] {taskinstance.py:1165} INFO - Dependencies all met for <TaskInstance: orquestation.task3 scheduled__2022-05-01T00:00:00+00:00 [queued]>
[2022-11-04T21:06:57.671+0000] {taskinstance.py:1165} INFO - Dependencies all met for <TaskInstance: orquestation.task3 scheduled__2022-05-01T00:00:00+00:00 [queued]>
[2022-11-04T21:06:57.671+0000] {taskinstance.py:1362} INFO - 
--------------------------------------------------------------------------------
[2022-11-04T21:06:57.672+0000] {taskinstance.py:1363} INFO - Starting attempt 2 of 2
[2022-11-04T21:06:57.673+0000] {taskinstance.py:1364} INFO - 
--------------------------------------------------------------------------------
[2022-11-04T21:06:57.695+0000] {taskinstance.py:1383} INFO - Executing <Task(BashOperator): task3> on 2022-05-01 00:00:00+00:00
[2022-11-04T21:06:57.703+0000] {standard_task_runner.py:55} INFO - Started process 292 to run task
[2022-11-04T21:06:57.708+0000] {standard_task_runner.py:82} INFO - Running: ['***', 'tasks', 'run', 'orquestation', 'task3', 'scheduled__2022-05-01T00:00:00+00:00', '--job-id', '75', '--raw', '--subdir', 'DAGS_FOLDER/5.1-orquestacion.py', '--cfg-path', '/tmp/tmpvgh_3kpr']
[2022-11-04T21:06:57.709+0000] {standard_task_runner.py:83} INFO - Job 75: Subtask task3
[2022-11-04T21:06:57.795+0000] {task_command.py:376} INFO - Running <TaskInstance: orquestation.task3 scheduled__2022-05-01T00:00:00+00:00 [running]> on host 643e334f405f
[2022-11-04T21:06:57.891+0000] {taskinstance.py:1592} INFO - Exporting the following env vars:
AIRFLOW_CTX_DAG_OWNER=***
AIRFLOW_CTX_DAG_ID=orquestation
AIRFLOW_CTX_TASK_ID=task3
AIRFLOW_CTX_EXECUTION_DATE=2022-05-01T00:00:00+00:00
AIRFLOW_CTX_TRY_NUMBER=2
AIRFLOW_CTX_DAG_RUN_ID=scheduled__2022-05-01T00:00:00+00:00
[2022-11-04T21:06:57.894+0000] {subprocess.py:63} INFO - Tmp dir root location: 
 /tmp
[2022-11-04T21:06:57.895+0000] {subprocess.py:75} INFO - Running command: ['/bin/bash', '-c', "sleep 2 && echo 'task3'"]
[2022-11-04T21:06:57.921+0000] {subprocess.py:86} INFO - Output:
[2022-11-04T21:06:59.932+0000] {subprocess.py:93} INFO - task3
[2022-11-04T21:06:59.933+0000] {subprocess.py:97} INFO - Command exited with return code 0
[2022-11-04T21:06:59.983+0000] {taskinstance.py:1406} INFO - Marking task as SUCCESS. dag_id=orquestation, task_id=task3, execution_date=20220501T000000, start_date=20221104T210657, end_date=20221104T210659
[2022-11-04T21:07:00.048+0000] {local_task_job.py:164} INFO - Task exited with return code 0
[2022-11-04T21:07:00.077+0000] {local_task_job.py:273} INFO - 0 downstream tasks scheduled from follow-on schedule check
[2022-11-04T21:38:33.399+0000] {taskinstance.py:1165} INFO - Dependencies all met for <TaskInstance: orquestation.task3 scheduled__2022-05-01T00:00:00+00:00 [queued]>
[2022-11-04T21:38:33.419+0000] {taskinstance.py:1165} INFO - Dependencies all met for <TaskInstance: orquestation.task3 scheduled__2022-05-01T00:00:00+00:00 [queued]>
[2022-11-04T21:38:33.420+0000] {taskinstance.py:1362} INFO - 
--------------------------------------------------------------------------------
[2022-11-04T21:38:33.421+0000] {taskinstance.py:1363} INFO - Starting attempt 2 of 2
[2022-11-04T21:38:33.421+0000] {taskinstance.py:1364} INFO - 
--------------------------------------------------------------------------------
[2022-11-04T21:38:33.454+0000] {taskinstance.py:1383} INFO - Executing <Task(BashOperator): task3> on 2022-05-01 00:00:00+00:00
[2022-11-04T21:38:33.465+0000] {standard_task_runner.py:55} INFO - Started process 1465 to run task
[2022-11-04T21:38:33.470+0000] {standard_task_runner.py:82} INFO - Running: ['***', 'tasks', 'run', 'orquestation', 'task3', 'scheduled__2022-05-01T00:00:00+00:00', '--job-id', '241', '--raw', '--subdir', 'DAGS_FOLDER/5.1-orquestacion.py', '--cfg-path', '/tmp/tmp3o1ikhv4']
[2022-11-04T21:38:33.471+0000] {standard_task_runner.py:83} INFO - Job 241: Subtask task3
[2022-11-04T21:38:33.585+0000] {task_command.py:376} INFO - Running <TaskInstance: orquestation.task3 scheduled__2022-05-01T00:00:00+00:00 [running]> on host 643e334f405f
[2022-11-04T21:38:33.684+0000] {taskinstance.py:1592} INFO - Exporting the following env vars:
AIRFLOW_CTX_DAG_OWNER=***
AIRFLOW_CTX_DAG_ID=orquestation
AIRFLOW_CTX_TASK_ID=task3
AIRFLOW_CTX_EXECUTION_DATE=2022-05-01T00:00:00+00:00
AIRFLOW_CTX_TRY_NUMBER=2
AIRFLOW_CTX_DAG_RUN_ID=scheduled__2022-05-01T00:00:00+00:00
[2022-11-04T21:38:33.685+0000] {subprocess.py:63} INFO - Tmp dir root location: 
 /tmp
[2022-11-04T21:38:33.687+0000] {subprocess.py:75} INFO - Running command: ['/bin/bash', '-c', "sleep 2 && echo 'task3'"]
[2022-11-04T21:38:33.703+0000] {subprocess.py:86} INFO - Output:
[2022-11-04T21:38:35.706+0000] {subprocess.py:93} INFO - task3
[2022-11-04T21:38:35.707+0000] {subprocess.py:97} INFO - Command exited with return code 0
[2022-11-04T21:38:35.737+0000] {taskinstance.py:1406} INFO - Marking task as SUCCESS. dag_id=orquestation, task_id=task3, execution_date=20220501T000000, start_date=20221104T213833, end_date=20221104T213835
[2022-11-04T21:38:35.772+0000] {local_task_job.py:164} INFO - Task exited with return code 0
[2022-11-04T21:38:35.799+0000] {local_task_job.py:273} INFO - 0 downstream tasks scheduled from follow-on schedule check
