[2022-11-17T16:24:30.283+0000] {taskinstance.py:1165} INFO - Dependencies all met for <TaskInstance: MyPersonalAirflowProject.Marketing_team_Notification scheduled__2022-10-01T00:00:00+00:00 [queued]>
[2022-11-17T16:24:30.298+0000] {taskinstance.py:1165} INFO - Dependencies all met for <TaskInstance: MyPersonalAirflowProject.Marketing_team_Notification scheduled__2022-10-01T00:00:00+00:00 [queued]>
[2022-11-17T16:24:30.299+0000] {taskinstance.py:1362} INFO - 
--------------------------------------------------------------------------------
[2022-11-17T16:24:30.300+0000] {taskinstance.py:1363} INFO - Starting attempt 1 of 1
[2022-11-17T16:24:30.300+0000] {taskinstance.py:1364} INFO - 
--------------------------------------------------------------------------------
[2022-11-17T16:24:30.319+0000] {taskinstance.py:1383} INFO - Executing <Task(BashOperator): Marketing_team_Notification> on 2022-10-01 00:00:00+00:00
[2022-11-17T16:24:30.326+0000] {standard_task_runner.py:55} INFO - Started process 2925 to run task
[2022-11-17T16:24:30.329+0000] {standard_task_runner.py:82} INFO - Running: ['***', 'tasks', 'run', 'MyPersonalAirflowProject', 'Marketing_team_Notification', 'scheduled__2022-10-01T00:00:00+00:00', '--job-id', '2030', '--raw', '--subdir', 'DAGS_FOLDER/FinalPersonalProject.py', '--cfg-path', '/tmp/tmp7ib_2qda']
[2022-11-17T16:24:30.330+0000] {standard_task_runner.py:83} INFO - Job 2030: Subtask Marketing_team_Notification
[2022-11-17T16:24:30.399+0000] {task_command.py:376} INFO - Running <TaskInstance: MyPersonalAirflowProject.Marketing_team_Notification scheduled__2022-10-01T00:00:00+00:00 [running]> on host 638485efabe7
[2022-11-17T16:24:30.488+0000] {taskinstance.py:1592} INFO - Exporting the following env vars:
AIRFLOW_CTX_DAG_OWNER=***
AIRFLOW_CTX_DAG_ID=MyPersonalAirflowProject
AIRFLOW_CTX_TASK_ID=Marketing_team_Notification
AIRFLOW_CTX_EXECUTION_DATE=2022-10-01T00:00:00+00:00
AIRFLOW_CTX_TRY_NUMBER=1
AIRFLOW_CTX_DAG_RUN_ID=scheduled__2022-10-01T00:00:00+00:00
[2022-11-17T16:24:30.490+0000] {subprocess.py:63} INFO - Tmp dir root location: 
 /tmp
[2022-11-17T16:24:30.491+0000] {subprocess.py:75} INFO - Running command: ['/bin/bash', '-c', 'echo "Hi Marketing team, Space X data for 2022-10-01 are now available!.. Please check them out!"']
[2022-11-17T16:24:30.504+0000] {subprocess.py:86} INFO - Output:
[2022-11-17T16:24:30.505+0000] {subprocess.py:93} INFO - Hi Marketing team, Space X data for 2022-10-01 are now available!.. Please check them out!
[2022-11-17T16:24:30.507+0000] {subprocess.py:97} INFO - Command exited with return code 0
[2022-11-17T16:24:30.535+0000] {taskinstance.py:1406} INFO - Marking task as SUCCESS. dag_id=MyPersonalAirflowProject, task_id=Marketing_team_Notification, execution_date=20221001T000000, start_date=20221117T162430, end_date=20221117T162430
[2022-11-17T16:24:30.582+0000] {local_task_job.py:164} INFO - Task exited with return code 0
[2022-11-17T16:24:30.607+0000] {local_task_job.py:273} INFO - 0 downstream tasks scheduled from follow-on schedule check
[2022-11-17T17:16:37.635+0000] {taskinstance.py:1165} INFO - Dependencies all met for <TaskInstance: MyPersonalAirflowProject.Marketing_team_Notification scheduled__2022-10-01T00:00:00+00:00 [queued]>
[2022-11-17T17:16:37.654+0000] {taskinstance.py:1165} INFO - Dependencies all met for <TaskInstance: MyPersonalAirflowProject.Marketing_team_Notification scheduled__2022-10-01T00:00:00+00:00 [queued]>
[2022-11-17T17:16:37.655+0000] {taskinstance.py:1362} INFO - 
--------------------------------------------------------------------------------
[2022-11-17T17:16:37.656+0000] {taskinstance.py:1363} INFO - Starting attempt 1 of 1
[2022-11-17T17:16:37.657+0000] {taskinstance.py:1364} INFO - 
--------------------------------------------------------------------------------
[2022-11-17T17:16:37.681+0000] {taskinstance.py:1383} INFO - Executing <Task(BashOperator): Marketing_team_Notification> on 2022-10-01 00:00:00+00:00
[2022-11-17T17:16:37.689+0000] {standard_task_runner.py:55} INFO - Started process 6567 to run task
[2022-11-17T17:16:37.693+0000] {standard_task_runner.py:82} INFO - Running: ['***', 'tasks', 'run', 'MyPersonalAirflowProject', 'Marketing_team_Notification', 'scheduled__2022-10-01T00:00:00+00:00', '--job-id', '2441', '--raw', '--subdir', 'DAGS_FOLDER/FinalPersonalProject.py', '--cfg-path', '/tmp/tmp912o7ek3']
[2022-11-17T17:16:37.694+0000] {standard_task_runner.py:83} INFO - Job 2441: Subtask Marketing_team_Notification
[2022-11-17T17:16:37.771+0000] {task_command.py:376} INFO - Running <TaskInstance: MyPersonalAirflowProject.Marketing_team_Notification scheduled__2022-10-01T00:00:00+00:00 [running]> on host 638485efabe7
[2022-11-17T17:16:37.860+0000] {taskinstance.py:1592} INFO - Exporting the following env vars:
AIRFLOW_CTX_DAG_OWNER=***
AIRFLOW_CTX_DAG_ID=MyPersonalAirflowProject
AIRFLOW_CTX_TASK_ID=Marketing_team_Notification
AIRFLOW_CTX_EXECUTION_DATE=2022-10-01T00:00:00+00:00
AIRFLOW_CTX_TRY_NUMBER=1
AIRFLOW_CTX_DAG_RUN_ID=scheduled__2022-10-01T00:00:00+00:00
[2022-11-17T17:16:37.862+0000] {subprocess.py:63} INFO - Tmp dir root location: 
 /tmp
[2022-11-17T17:16:37.863+0000] {subprocess.py:75} INFO - Running command: ['/bin/bash', '-c', 'echo "Hi Marketing team, Space X data for 2022-10-01 are now available!.. Please check them out!"']
[2022-11-17T17:16:37.875+0000] {subprocess.py:86} INFO - Output:
[2022-11-17T17:16:37.877+0000] {subprocess.py:93} INFO - Hi Marketing team, Space X data for 2022-10-01 are now available!.. Please check them out!
[2022-11-17T17:16:37.878+0000] {subprocess.py:97} INFO - Command exited with return code 0
[2022-11-17T17:16:37.906+0000] {taskinstance.py:1406} INFO - Marking task as SUCCESS. dag_id=MyPersonalAirflowProject, task_id=Marketing_team_Notification, execution_date=20221001T000000, start_date=20221117T171637, end_date=20221117T171637
[2022-11-17T17:16:37.946+0000] {local_task_job.py:164} INFO - Task exited with return code 0
[2022-11-17T17:16:37.969+0000] {local_task_job.py:273} INFO - 0 downstream tasks scheduled from follow-on schedule check
