[2022-11-17T16:30:03.437+0000] {taskinstance.py:1165} INFO - Dependencies all met for <TaskInstance: MyPersonalAirflowProject.Marketing_team_Notification scheduled__2022-10-12T00:00:00+00:00 [queued]>
[2022-11-17T16:30:03.452+0000] {taskinstance.py:1165} INFO - Dependencies all met for <TaskInstance: MyPersonalAirflowProject.Marketing_team_Notification scheduled__2022-10-12T00:00:00+00:00 [queued]>
[2022-11-17T16:30:03.453+0000] {taskinstance.py:1362} INFO - 
--------------------------------------------------------------------------------
[2022-11-17T16:30:03.454+0000] {taskinstance.py:1363} INFO - Starting attempt 1 of 1
[2022-11-17T16:30:03.455+0000] {taskinstance.py:1364} INFO - 
--------------------------------------------------------------------------------
[2022-11-17T16:30:03.480+0000] {taskinstance.py:1383} INFO - Executing <Task(BashOperator): Marketing_team_Notification> on 2022-10-12 00:00:00+00:00
[2022-11-17T16:30:03.487+0000] {standard_task_runner.py:55} INFO - Started process 3455 to run task
[2022-11-17T16:30:03.490+0000] {standard_task_runner.py:82} INFO - Running: ['***', 'tasks', 'run', 'MyPersonalAirflowProject', 'Marketing_team_Notification', 'scheduled__2022-10-12T00:00:00+00:00', '--job-id', '2119', '--raw', '--subdir', 'DAGS_FOLDER/FinalPersonalProject.py', '--cfg-path', '/tmp/tmpn0w07joi']
[2022-11-17T16:30:03.491+0000] {standard_task_runner.py:83} INFO - Job 2119: Subtask Marketing_team_Notification
[2022-11-17T16:30:03.556+0000] {task_command.py:376} INFO - Running <TaskInstance: MyPersonalAirflowProject.Marketing_team_Notification scheduled__2022-10-12T00:00:00+00:00 [running]> on host 638485efabe7
[2022-11-17T16:30:03.636+0000] {taskinstance.py:1592} INFO - Exporting the following env vars:
AIRFLOW_CTX_DAG_OWNER=***
AIRFLOW_CTX_DAG_ID=MyPersonalAirflowProject
AIRFLOW_CTX_TASK_ID=Marketing_team_Notification
AIRFLOW_CTX_EXECUTION_DATE=2022-10-12T00:00:00+00:00
AIRFLOW_CTX_TRY_NUMBER=1
AIRFLOW_CTX_DAG_RUN_ID=scheduled__2022-10-12T00:00:00+00:00
[2022-11-17T16:30:03.637+0000] {subprocess.py:63} INFO - Tmp dir root location: 
 /tmp
[2022-11-17T16:30:03.638+0000] {subprocess.py:75} INFO - Running command: ['/bin/bash', '-c', 'echo "Hi Marketing team, Space X data for 2022-10-12 are now available!.. Please check them out!"']
[2022-11-17T16:30:03.649+0000] {subprocess.py:86} INFO - Output:
[2022-11-17T16:30:03.651+0000] {subprocess.py:93} INFO - Hi Marketing team, Space X data for 2022-10-12 are now available!.. Please check them out!
[2022-11-17T16:30:03.652+0000] {subprocess.py:97} INFO - Command exited with return code 0
[2022-11-17T16:30:03.681+0000] {taskinstance.py:1406} INFO - Marking task as SUCCESS. dag_id=MyPersonalAirflowProject, task_id=Marketing_team_Notification, execution_date=20221012T000000, start_date=20221117T163003, end_date=20221117T163003
[2022-11-17T16:30:03.704+0000] {local_task_job.py:164} INFO - Task exited with return code 0
[2022-11-17T16:30:03.728+0000] {local_task_job.py:273} INFO - 0 downstream tasks scheduled from follow-on schedule check
[2022-11-17T17:22:12.579+0000] {taskinstance.py:1165} INFO - Dependencies all met for <TaskInstance: MyPersonalAirflowProject.Marketing_team_Notification scheduled__2022-10-12T00:00:00+00:00 [queued]>
[2022-11-17T17:22:12.593+0000] {taskinstance.py:1165} INFO - Dependencies all met for <TaskInstance: MyPersonalAirflowProject.Marketing_team_Notification scheduled__2022-10-12T00:00:00+00:00 [queued]>
[2022-11-17T17:22:12.594+0000] {taskinstance.py:1362} INFO - 
--------------------------------------------------------------------------------
[2022-11-17T17:22:12.594+0000] {taskinstance.py:1363} INFO - Starting attempt 1 of 1
[2022-11-17T17:22:12.595+0000] {taskinstance.py:1364} INFO - 
--------------------------------------------------------------------------------
[2022-11-17T17:22:12.618+0000] {taskinstance.py:1383} INFO - Executing <Task(BashOperator): Marketing_team_Notification> on 2022-10-12 00:00:00+00:00
[2022-11-17T17:22:12.665+0000] {standard_task_runner.py:55} INFO - Started process 7098 to run task
[2022-11-17T17:22:12.669+0000] {standard_task_runner.py:82} INFO - Running: ['***', 'tasks', 'run', 'MyPersonalAirflowProject', 'Marketing_team_Notification', 'scheduled__2022-10-12T00:00:00+00:00', '--job-id', '2529', '--raw', '--subdir', 'DAGS_FOLDER/FinalPersonalProject.py', '--cfg-path', '/tmp/tmp5vc6rbn0']
[2022-11-17T17:22:12.671+0000] {standard_task_runner.py:83} INFO - Job 2529: Subtask Marketing_team_Notification
[2022-11-17T17:22:12.760+0000] {task_command.py:376} INFO - Running <TaskInstance: MyPersonalAirflowProject.Marketing_team_Notification scheduled__2022-10-12T00:00:00+00:00 [running]> on host 638485efabe7
[2022-11-17T17:22:12.861+0000] {taskinstance.py:1592} INFO - Exporting the following env vars:
AIRFLOW_CTX_DAG_OWNER=***
AIRFLOW_CTX_DAG_ID=MyPersonalAirflowProject
AIRFLOW_CTX_TASK_ID=Marketing_team_Notification
AIRFLOW_CTX_EXECUTION_DATE=2022-10-12T00:00:00+00:00
AIRFLOW_CTX_TRY_NUMBER=1
AIRFLOW_CTX_DAG_RUN_ID=scheduled__2022-10-12T00:00:00+00:00
[2022-11-17T17:22:12.863+0000] {subprocess.py:63} INFO - Tmp dir root location: 
 /tmp
[2022-11-17T17:22:12.864+0000] {subprocess.py:75} INFO - Running command: ['/bin/bash', '-c', 'echo "Hi Marketing team, Space X data for 2022-10-12 are now available!.. Please check them out!"']
[2022-11-17T17:22:12.876+0000] {subprocess.py:86} INFO - Output:
[2022-11-17T17:22:12.878+0000] {subprocess.py:93} INFO - Hi Marketing team, Space X data for 2022-10-12 are now available!.. Please check them out!
[2022-11-17T17:22:12.878+0000] {subprocess.py:97} INFO - Command exited with return code 0
[2022-11-17T17:22:12.908+0000] {taskinstance.py:1406} INFO - Marking task as SUCCESS. dag_id=MyPersonalAirflowProject, task_id=Marketing_team_Notification, execution_date=20221012T000000, start_date=20221117T172212, end_date=20221117T172212
[2022-11-17T17:22:12.962+0000] {local_task_job.py:164} INFO - Task exited with return code 0
[2022-11-17T17:22:12.985+0000] {local_task_job.py:273} INFO - 0 downstream tasks scheduled from follow-on schedule check
