[2022-11-17T16:31:03.148+0000] {taskinstance.py:1165} INFO - Dependencies all met for <TaskInstance: MyPersonalAirflowProject.Marketing_team_Notification scheduled__2022-10-14T00:00:00+00:00 [queued]>
[2022-11-17T16:31:03.163+0000] {taskinstance.py:1165} INFO - Dependencies all met for <TaskInstance: MyPersonalAirflowProject.Marketing_team_Notification scheduled__2022-10-14T00:00:00+00:00 [queued]>
[2022-11-17T16:31:03.164+0000] {taskinstance.py:1362} INFO - 
--------------------------------------------------------------------------------
[2022-11-17T16:31:03.165+0000] {taskinstance.py:1363} INFO - Starting attempt 1 of 1
[2022-11-17T16:31:03.166+0000] {taskinstance.py:1364} INFO - 
--------------------------------------------------------------------------------
[2022-11-17T16:31:03.184+0000] {taskinstance.py:1383} INFO - Executing <Task(BashOperator): Marketing_team_Notification> on 2022-10-14 00:00:00+00:00
[2022-11-17T16:31:03.190+0000] {standard_task_runner.py:55} INFO - Started process 3556 to run task
[2022-11-17T16:31:03.193+0000] {standard_task_runner.py:82} INFO - Running: ['***', 'tasks', 'run', 'MyPersonalAirflowProject', 'Marketing_team_Notification', 'scheduled__2022-10-14T00:00:00+00:00', '--job-id', '2135', '--raw', '--subdir', 'DAGS_FOLDER/FinalPersonalProject.py', '--cfg-path', '/tmp/tmpl5g75onf']
[2022-11-17T16:31:03.194+0000] {standard_task_runner.py:83} INFO - Job 2135: Subtask Marketing_team_Notification
[2022-11-17T16:31:03.273+0000] {task_command.py:376} INFO - Running <TaskInstance: MyPersonalAirflowProject.Marketing_team_Notification scheduled__2022-10-14T00:00:00+00:00 [running]> on host 638485efabe7
[2022-11-17T16:31:03.357+0000] {taskinstance.py:1592} INFO - Exporting the following env vars:
AIRFLOW_CTX_DAG_OWNER=***
AIRFLOW_CTX_DAG_ID=MyPersonalAirflowProject
AIRFLOW_CTX_TASK_ID=Marketing_team_Notification
AIRFLOW_CTX_EXECUTION_DATE=2022-10-14T00:00:00+00:00
AIRFLOW_CTX_TRY_NUMBER=1
AIRFLOW_CTX_DAG_RUN_ID=scheduled__2022-10-14T00:00:00+00:00
[2022-11-17T16:31:03.358+0000] {subprocess.py:63} INFO - Tmp dir root location: 
 /tmp
[2022-11-17T16:31:03.359+0000] {subprocess.py:75} INFO - Running command: ['/bin/bash', '-c', 'echo "Hi Marketing team, Space X data for 2022-10-14 are now available!.. Please check them out!"']
[2022-11-17T16:31:03.371+0000] {subprocess.py:86} INFO - Output:
[2022-11-17T16:31:03.373+0000] {subprocess.py:93} INFO - Hi Marketing team, Space X data for 2022-10-14 are now available!.. Please check them out!
[2022-11-17T16:31:03.374+0000] {subprocess.py:97} INFO - Command exited with return code 0
[2022-11-17T16:31:03.406+0000] {taskinstance.py:1406} INFO - Marking task as SUCCESS. dag_id=MyPersonalAirflowProject, task_id=Marketing_team_Notification, execution_date=20221014T000000, start_date=20221117T163103, end_date=20221117T163103
[2022-11-17T16:31:03.447+0000] {local_task_job.py:164} INFO - Task exited with return code 0
[2022-11-17T16:31:03.470+0000] {local_task_job.py:273} INFO - 0 downstream tasks scheduled from follow-on schedule check
[2022-11-17T17:23:12.155+0000] {taskinstance.py:1165} INFO - Dependencies all met for <TaskInstance: MyPersonalAirflowProject.Marketing_team_Notification scheduled__2022-10-14T00:00:00+00:00 [queued]>
[2022-11-17T17:23:12.172+0000] {taskinstance.py:1165} INFO - Dependencies all met for <TaskInstance: MyPersonalAirflowProject.Marketing_team_Notification scheduled__2022-10-14T00:00:00+00:00 [queued]>
[2022-11-17T17:23:12.173+0000] {taskinstance.py:1362} INFO - 
--------------------------------------------------------------------------------
[2022-11-17T17:23:12.173+0000] {taskinstance.py:1363} INFO - Starting attempt 1 of 1
[2022-11-17T17:23:12.174+0000] {taskinstance.py:1364} INFO - 
--------------------------------------------------------------------------------
[2022-11-17T17:23:12.202+0000] {taskinstance.py:1383} INFO - Executing <Task(BashOperator): Marketing_team_Notification> on 2022-10-14 00:00:00+00:00
[2022-11-17T17:23:12.210+0000] {standard_task_runner.py:55} INFO - Started process 7193 to run task
[2022-11-17T17:23:12.213+0000] {standard_task_runner.py:82} INFO - Running: ['***', 'tasks', 'run', 'MyPersonalAirflowProject', 'Marketing_team_Notification', 'scheduled__2022-10-14T00:00:00+00:00', '--job-id', '2545', '--raw', '--subdir', 'DAGS_FOLDER/FinalPersonalProject.py', '--cfg-path', '/tmp/tmpm_1m9r6u']
[2022-11-17T17:23:12.214+0000] {standard_task_runner.py:83} INFO - Job 2545: Subtask Marketing_team_Notification
[2022-11-17T17:23:12.301+0000] {task_command.py:376} INFO - Running <TaskInstance: MyPersonalAirflowProject.Marketing_team_Notification scheduled__2022-10-14T00:00:00+00:00 [running]> on host 638485efabe7
[2022-11-17T17:23:12.386+0000] {taskinstance.py:1592} INFO - Exporting the following env vars:
AIRFLOW_CTX_DAG_OWNER=***
AIRFLOW_CTX_DAG_ID=MyPersonalAirflowProject
AIRFLOW_CTX_TASK_ID=Marketing_team_Notification
AIRFLOW_CTX_EXECUTION_DATE=2022-10-14T00:00:00+00:00
AIRFLOW_CTX_TRY_NUMBER=1
AIRFLOW_CTX_DAG_RUN_ID=scheduled__2022-10-14T00:00:00+00:00
[2022-11-17T17:23:12.387+0000] {subprocess.py:63} INFO - Tmp dir root location: 
 /tmp
[2022-11-17T17:23:12.389+0000] {subprocess.py:75} INFO - Running command: ['/bin/bash', '-c', 'echo "Hi Marketing team, Space X data for 2022-10-14 are now available!.. Please check them out!"']
[2022-11-17T17:23:12.401+0000] {subprocess.py:86} INFO - Output:
[2022-11-17T17:23:12.403+0000] {subprocess.py:93} INFO - Hi Marketing team, Space X data for 2022-10-14 are now available!.. Please check them out!
[2022-11-17T17:23:12.404+0000] {subprocess.py:97} INFO - Command exited with return code 0
[2022-11-17T17:23:12.436+0000] {taskinstance.py:1406} INFO - Marking task as SUCCESS. dag_id=MyPersonalAirflowProject, task_id=Marketing_team_Notification, execution_date=20221014T000000, start_date=20221117T172312, end_date=20221117T172312
[2022-11-17T17:23:12.466+0000] {local_task_job.py:164} INFO - Task exited with return code 0
[2022-11-17T17:23:12.487+0000] {local_task_job.py:273} INFO - 0 downstream tasks scheduled from follow-on schedule check
