[2022-11-04T20:50:00.187+0000] {taskinstance.py:1165} INFO - Dependencies all met for <TaskInstance: orquestation.task2 scheduled__2022-05-08T00:00:00+00:00 [queued]>
[2022-11-04T20:50:00.222+0000] {taskinstance.py:1165} INFO - Dependencies all met for <TaskInstance: orquestation.task2 scheduled__2022-05-08T00:00:00+00:00 [queued]>
[2022-11-04T20:50:00.223+0000] {taskinstance.py:1362} INFO - 
--------------------------------------------------------------------------------
[2022-11-04T20:50:00.223+0000] {taskinstance.py:1363} INFO - Starting attempt 1 of 1
[2022-11-04T20:50:00.269+0000] {taskinstance.py:1364} INFO - 
--------------------------------------------------------------------------------
[2022-11-04T20:50:00.308+0000] {taskinstance.py:1383} INFO - Executing <Task(BashOperator): task2> on 2022-05-08 00:00:00+00:00
[2022-11-04T20:50:00.316+0000] {standard_task_runner.py:55} INFO - Started process 2472 to run task
[2022-11-04T20:50:00.319+0000] {standard_task_runner.py:82} INFO - Running: ['***', 'tasks', 'run', 'orquestation', 'task2', 'scheduled__2022-05-08T00:00:00+00:00', '--job-id', '49', '--raw', '--subdir', 'DAGS_FOLDER/5.1-orquestacion.py', '--cfg-path', '/tmp/tmpn908zz_r']
[2022-11-04T20:50:00.320+0000] {standard_task_runner.py:83} INFO - Job 49: Subtask task2
[2022-11-04T20:50:00.405+0000] {task_command.py:376} INFO - Running <TaskInstance: orquestation.task2 scheduled__2022-05-08T00:00:00+00:00 [running]> on host 208ed96b478a
[2022-11-04T20:50:00.543+0000] {taskinstance.py:1592} INFO - Exporting the following env vars:
AIRFLOW_CTX_DAG_OWNER=***
AIRFLOW_CTX_DAG_ID=orquestation
AIRFLOW_CTX_TASK_ID=task2
AIRFLOW_CTX_EXECUTION_DATE=2022-05-08T00:00:00+00:00
AIRFLOW_CTX_TRY_NUMBER=1
AIRFLOW_CTX_DAG_RUN_ID=scheduled__2022-05-08T00:00:00+00:00
[2022-11-04T20:50:00.545+0000] {subprocess.py:63} INFO - Tmp dir root location: 
 /tmp
[2022-11-04T20:50:00.546+0000] {subprocess.py:75} INFO - Running command: ['/bin/bash', '-c', "sleep 2 && echo 'task2'"]
[2022-11-04T20:50:00.594+0000] {subprocess.py:86} INFO - Output:
[2022-11-04T20:50:02.632+0000] {subprocess.py:93} INFO - task2
[2022-11-04T20:50:02.633+0000] {subprocess.py:97} INFO - Command exited with return code 0
[2022-11-04T20:50:02.674+0000] {taskinstance.py:1406} INFO - Marking task as SUCCESS. dag_id=orquestation, task_id=task2, execution_date=20220508T000000, start_date=20221104T205000, end_date=20221104T205002
[2022-11-04T20:50:02.701+0000] {local_task_job.py:164} INFO - Task exited with return code 0
[2022-11-04T20:50:02.729+0000] {local_task_job.py:273} INFO - 2 downstream tasks scheduled from follow-on schedule check
[2022-11-04T21:32:14.904+0000] {taskinstance.py:1165} INFO - Dependencies all met for <TaskInstance: orquestation.task2 scheduled__2022-05-08T00:00:00+00:00 [queued]>
[2022-11-04T21:32:14.935+0000] {taskinstance.py:1165} INFO - Dependencies all met for <TaskInstance: orquestation.task2 scheduled__2022-05-08T00:00:00+00:00 [queued]>
[2022-11-04T21:32:14.936+0000] {taskinstance.py:1362} INFO - 
--------------------------------------------------------------------------------
[2022-11-04T21:32:14.937+0000] {taskinstance.py:1363} INFO - Starting attempt 1 of 1
[2022-11-04T21:32:14.938+0000] {taskinstance.py:1364} INFO - 
--------------------------------------------------------------------------------
[2022-11-04T21:32:14.972+0000] {taskinstance.py:1383} INFO - Executing <Task(BashOperator): task2> on 2022-05-08 00:00:00+00:00
[2022-11-04T21:32:14.984+0000] {standard_task_runner.py:55} INFO - Started process 771 to run task
[2022-11-04T21:32:14.989+0000] {standard_task_runner.py:82} INFO - Running: ['***', 'tasks', 'run', 'orquestation', 'task2', 'scheduled__2022-05-08T00:00:00+00:00', '--job-id', '138', '--raw', '--subdir', 'DAGS_FOLDER/5.1-orquestacion.py', '--cfg-path', '/tmp/tmp3acc39n_']
[2022-11-04T21:32:14.990+0000] {standard_task_runner.py:83} INFO - Job 138: Subtask task2
[2022-11-04T21:32:15.106+0000] {task_command.py:376} INFO - Running <TaskInstance: orquestation.task2 scheduled__2022-05-08T00:00:00+00:00 [running]> on host 643e334f405f
[2022-11-04T21:32:15.226+0000] {taskinstance.py:1592} INFO - Exporting the following env vars:
AIRFLOW_CTX_DAG_OWNER=***
AIRFLOW_CTX_DAG_ID=orquestation
AIRFLOW_CTX_TASK_ID=task2
AIRFLOW_CTX_EXECUTION_DATE=2022-05-08T00:00:00+00:00
AIRFLOW_CTX_TRY_NUMBER=1
AIRFLOW_CTX_DAG_RUN_ID=scheduled__2022-05-08T00:00:00+00:00
[2022-11-04T21:32:15.228+0000] {subprocess.py:63} INFO - Tmp dir root location: 
 /tmp
[2022-11-04T21:32:15.230+0000] {subprocess.py:75} INFO - Running command: ['/bin/bash', '-c', "sleep 2 && echo 'task2'"]
[2022-11-04T21:32:15.254+0000] {subprocess.py:86} INFO - Output:
[2022-11-04T21:32:17.269+0000] {subprocess.py:93} INFO - task2
[2022-11-04T21:32:17.270+0000] {subprocess.py:97} INFO - Command exited with return code 0
[2022-11-04T21:32:17.313+0000] {taskinstance.py:1406} INFO - Marking task as SUCCESS. dag_id=orquestation, task_id=task2, execution_date=20220508T000000, start_date=20221104T213214, end_date=20221104T213217
[2022-11-04T21:32:17.368+0000] {local_task_job.py:164} INFO - Task exited with return code 0
[2022-11-04T21:32:17.414+0000] {local_task_job.py:273} INFO - 2 downstream tasks scheduled from follow-on schedule check
[2022-11-04T21:41:24.162+0000] {taskinstance.py:1165} INFO - Dependencies all met for <TaskInstance: orquestation.task2 scheduled__2022-05-08T00:00:00+00:00 [queued]>
[2022-11-04T21:41:24.176+0000] {taskinstance.py:1165} INFO - Dependencies all met for <TaskInstance: orquestation.task2 scheduled__2022-05-08T00:00:00+00:00 [queued]>
[2022-11-04T21:41:24.177+0000] {taskinstance.py:1362} INFO - 
--------------------------------------------------------------------------------
[2022-11-04T21:41:24.177+0000] {taskinstance.py:1363} INFO - Starting attempt 1 of 1
[2022-11-04T21:41:24.178+0000] {taskinstance.py:1364} INFO - 
--------------------------------------------------------------------------------
[2022-11-04T21:41:24.193+0000] {taskinstance.py:1383} INFO - Executing <Task(BashOperator): task2> on 2022-05-08 00:00:00+00:00
[2022-11-04T21:41:24.199+0000] {standard_task_runner.py:55} INFO - Started process 1765 to run task
[2022-11-04T21:41:24.202+0000] {standard_task_runner.py:82} INFO - Running: ['***', 'tasks', 'run', 'orquestation', 'task2', 'scheduled__2022-05-08T00:00:00+00:00', '--job-id', '284', '--raw', '--subdir', 'DAGS_FOLDER/5.1-orquestacion.py', '--cfg-path', '/tmp/tmpb1a5yr83']
[2022-11-04T21:41:24.203+0000] {standard_task_runner.py:83} INFO - Job 284: Subtask task2
[2022-11-04T21:41:24.265+0000] {task_command.py:376} INFO - Running <TaskInstance: orquestation.task2 scheduled__2022-05-08T00:00:00+00:00 [running]> on host 643e334f405f
[2022-11-04T21:41:24.369+0000] {taskinstance.py:1592} INFO - Exporting the following env vars:
AIRFLOW_CTX_DAG_OWNER=***
AIRFLOW_CTX_DAG_ID=orquestation
AIRFLOW_CTX_TASK_ID=task2
AIRFLOW_CTX_EXECUTION_DATE=2022-05-08T00:00:00+00:00
AIRFLOW_CTX_TRY_NUMBER=1
AIRFLOW_CTX_DAG_RUN_ID=scheduled__2022-05-08T00:00:00+00:00
[2022-11-04T21:41:24.370+0000] {subprocess.py:63} INFO - Tmp dir root location: 
 /tmp
[2022-11-04T21:41:24.371+0000] {subprocess.py:75} INFO - Running command: ['/bin/bash', '-c', "sleep 2 && echo 'task2'"]
[2022-11-04T21:41:24.389+0000] {subprocess.py:86} INFO - Output:
[2022-11-04T21:41:26.459+0000] {subprocess.py:93} INFO - task2
[2022-11-04T21:41:26.460+0000] {subprocess.py:97} INFO - Command exited with return code 0
[2022-11-04T21:41:26.491+0000] {taskinstance.py:1406} INFO - Marking task as SUCCESS. dag_id=orquestation, task_id=task2, execution_date=20220508T000000, start_date=20221104T214124, end_date=20221104T214126
[2022-11-04T21:41:26.543+0000] {local_task_job.py:164} INFO - Task exited with return code 0
[2022-11-04T21:41:26.574+0000] {local_task_job.py:273} INFO - 2 downstream tasks scheduled from follow-on schedule check
