[2022-11-17T16:04:23.167+0000] {taskinstance.py:1165} INFO - Dependencies all met for <TaskInstance: MyPersonalAirflowProject.Print_Imported_data scheduled__2022-11-08T00:00:00+00:00 [queued]>
[2022-11-17T16:04:23.183+0000] {taskinstance.py:1165} INFO - Dependencies all met for <TaskInstance: MyPersonalAirflowProject.Print_Imported_data scheduled__2022-11-08T00:00:00+00:00 [queued]>
[2022-11-17T16:04:23.183+0000] {taskinstance.py:1362} INFO - 
--------------------------------------------------------------------------------
[2022-11-17T16:04:23.185+0000] {taskinstance.py:1363} INFO - Starting attempt 1 of 1
[2022-11-17T16:04:23.186+0000] {taskinstance.py:1364} INFO - 
--------------------------------------------------------------------------------
[2022-11-17T16:04:23.205+0000] {taskinstance.py:1383} INFO - Executing <Task(BashOperator): Print_Imported_data> on 2022-11-08 00:00:00+00:00
[2022-11-17T16:04:23.211+0000] {standard_task_runner.py:55} INFO - Started process 1798 to run task
[2022-11-17T16:04:23.215+0000] {standard_task_runner.py:82} INFO - Running: ['***', 'tasks', 'run', 'MyPersonalAirflowProject', 'Print_Imported_data', 'scheduled__2022-11-08T00:00:00+00:00', '--job-id', '1975', '--raw', '--subdir', 'DAGS_FOLDER/FinalPersonalProject.py', '--cfg-path', '/tmp/tmpj_s7vtmo']
[2022-11-17T16:04:23.216+0000] {standard_task_runner.py:83} INFO - Job 1975: Subtask Print_Imported_data
[2022-11-17T16:04:23.290+0000] {task_command.py:376} INFO - Running <TaskInstance: MyPersonalAirflowProject.Print_Imported_data scheduled__2022-11-08T00:00:00+00:00 [running]> on host 638485efabe7
[2022-11-17T16:04:23.395+0000] {taskinstance.py:1592} INFO - Exporting the following env vars:
AIRFLOW_CTX_DAG_OWNER=***
AIRFLOW_CTX_DAG_ID=MyPersonalAirflowProject
AIRFLOW_CTX_TASK_ID=Print_Imported_data
AIRFLOW_CTX_EXECUTION_DATE=2022-11-08T00:00:00+00:00
AIRFLOW_CTX_TRY_NUMBER=1
AIRFLOW_CTX_DAG_RUN_ID=scheduled__2022-11-08T00:00:00+00:00
[2022-11-17T16:04:23.397+0000] {subprocess.py:63} INFO - Tmp dir root location: 
 /tmp
[2022-11-17T16:04:23.399+0000] {subprocess.py:75} INFO - Running command: ['/bin/bash', '-c', 'ls /tmp/ && head /tmp/platzi_data_20221108.csv']
[2022-11-17T16:04:23.413+0000] {subprocess.py:86} INFO - Output:
[2022-11-17T16:04:23.417+0000] {subprocess.py:93} INFO - ***tmp3h8i9jez
[2022-11-17T16:04:23.418+0000] {subprocess.py:93} INFO - ***tmpk5xxq3nx
[2022-11-17T16:04:23.419+0000] {subprocess.py:93} INFO - ***tmplkvca7ip
[2022-11-17T16:04:23.420+0000] {subprocess.py:93} INFO - ***tmpodkacs8z
[2022-11-17T16:04:23.420+0000] {subprocess.py:93} INFO - file.txt
[2022-11-17T16:04:23.420+0000] {subprocess.py:93} INFO - history.json
[2022-11-17T16:04:23.421+0000] {subprocess.py:93} INFO - platzi_data_20221001.csv
[2022-11-17T16:04:23.421+0000] {subprocess.py:93} INFO - platzi_data_20221002.csv
[2022-11-17T16:04:23.421+0000] {subprocess.py:93} INFO - platzi_data_20221003.csv
[2022-11-17T16:04:23.422+0000] {subprocess.py:93} INFO - platzi_data_20221004.csv
[2022-11-17T16:04:23.422+0000] {subprocess.py:93} INFO - platzi_data_20221005.csv
[2022-11-17T16:04:23.422+0000] {subprocess.py:93} INFO - platzi_data_20221006.csv
[2022-11-17T16:04:23.423+0000] {subprocess.py:93} INFO - platzi_data_20221007.csv
[2022-11-17T16:04:23.423+0000] {subprocess.py:93} INFO - platzi_data_20221008.csv
[2022-11-17T16:04:23.423+0000] {subprocess.py:93} INFO - platzi_data_20221009.csv
[2022-11-17T16:04:23.424+0000] {subprocess.py:93} INFO - platzi_data_20221010.csv
[2022-11-17T16:04:23.424+0000] {subprocess.py:93} INFO - platzi_data_20221011.csv
[2022-11-17T16:04:23.425+0000] {subprocess.py:93} INFO - platzi_data_20221012.csv
[2022-11-17T16:04:23.425+0000] {subprocess.py:93} INFO - platzi_data_20221013.csv
[2022-11-17T16:04:23.425+0000] {subprocess.py:93} INFO - platzi_data_20221014.csv
[2022-11-17T16:04:23.426+0000] {subprocess.py:93} INFO - platzi_data_20221015.csv
[2022-11-17T16:04:23.426+0000] {subprocess.py:93} INFO - platzi_data_20221016.csv
[2022-11-17T16:04:23.426+0000] {subprocess.py:93} INFO - platzi_data_20221017.csv
[2022-11-17T16:04:23.427+0000] {subprocess.py:93} INFO - platzi_data_20221018.csv
[2022-11-17T16:04:23.427+0000] {subprocess.py:93} INFO - platzi_data_20221019.csv
[2022-11-17T16:04:23.428+0000] {subprocess.py:93} INFO - platzi_data_20221020.csv
[2022-11-17T16:04:23.428+0000] {subprocess.py:93} INFO - platzi_data_20221021.csv
[2022-11-17T16:04:23.428+0000] {subprocess.py:93} INFO - platzi_data_20221022.csv
[2022-11-17T16:04:23.429+0000] {subprocess.py:93} INFO - platzi_data_20221023.csv
[2022-11-17T16:04:23.429+0000] {subprocess.py:93} INFO - platzi_data_20221024.csv
[2022-11-17T16:04:23.429+0000] {subprocess.py:93} INFO - platzi_data_20221025.csv
[2022-11-17T16:04:23.430+0000] {subprocess.py:93} INFO - platzi_data_20221026.csv
[2022-11-17T16:04:23.430+0000] {subprocess.py:93} INFO - platzi_data_20221027.csv
[2022-11-17T16:04:23.430+0000] {subprocess.py:93} INFO - platzi_data_20221028.csv
[2022-11-17T16:04:23.431+0000] {subprocess.py:93} INFO - platzi_data_20221029.csv
[2022-11-17T16:04:23.431+0000] {subprocess.py:93} INFO - platzi_data_20221030.csv
[2022-11-17T16:04:23.432+0000] {subprocess.py:93} INFO - platzi_data_20221031.csv
[2022-11-17T16:04:23.432+0000] {subprocess.py:93} INFO - platzi_data_20221101.csv
[2022-11-17T16:04:23.433+0000] {subprocess.py:93} INFO - platzi_data_20221102.csv
[2022-11-17T16:04:23.433+0000] {subprocess.py:93} INFO - platzi_data_20221103.csv
[2022-11-17T16:04:23.433+0000] {subprocess.py:93} INFO - platzi_data_20221104.csv
[2022-11-17T16:04:23.434+0000] {subprocess.py:93} INFO - platzi_data_20221105.csv
[2022-11-17T16:04:23.435+0000] {subprocess.py:93} INFO - platzi_data_20221106.csv
[2022-11-17T16:04:23.435+0000] {subprocess.py:93} INFO - platzi_data_20221107.csv
[2022-11-17T16:04:23.436+0000] {subprocess.py:93} INFO - platzi_data_20221108.csv
[2022-11-17T16:04:23.436+0000] {subprocess.py:93} INFO - pymp-8yik9lbi
[2022-11-17T16:04:23.437+0000] {subprocess.py:93} INFO - pymp-sbqt6pho
[2022-11-17T16:04:23.437+0000] {subprocess.py:93} INFO - reponse_20221001.txt
[2022-11-17T16:04:23.437+0000] {subprocess.py:93} INFO - reponse_20221002.txt
[2022-11-17T16:04:23.438+0000] {subprocess.py:93} INFO - reponse_20221003.txt
[2022-11-17T16:04:23.438+0000] {subprocess.py:93} INFO - reponse_20221004.txt
[2022-11-17T16:04:23.439+0000] {subprocess.py:93} INFO - reponse_20221005.txt
[2022-11-17T16:04:23.439+0000] {subprocess.py:93} INFO - reponse_20221006.txt
[2022-11-17T16:04:23.439+0000] {subprocess.py:93} INFO - reponse_20221007.txt
[2022-11-17T16:04:23.440+0000] {subprocess.py:93} INFO - reponse_20221008.txt
[2022-11-17T16:04:23.440+0000] {subprocess.py:93} INFO - reponse_20221009.txt
[2022-11-17T16:04:23.440+0000] {subprocess.py:93} INFO - reponse_20221010.txt
[2022-11-17T16:04:23.441+0000] {subprocess.py:93} INFO - reponse_20221011.txt
[2022-11-17T16:04:23.441+0000] {subprocess.py:93} INFO - reponse_20221012.txt
[2022-11-17T16:04:23.441+0000] {subprocess.py:93} INFO - reponse_20221013.txt
[2022-11-17T16:04:23.442+0000] {subprocess.py:93} INFO - reponse_20221014.txt
[2022-11-17T16:04:23.442+0000] {subprocess.py:93} INFO - reponse_20221015.txt
[2022-11-17T16:04:23.442+0000] {subprocess.py:93} INFO - reponse_20221016.txt
[2022-11-17T16:04:23.443+0000] {subprocess.py:93} INFO - reponse_20221017.txt
[2022-11-17T16:04:23.443+0000] {subprocess.py:93} INFO - reponse_20221018.txt
[2022-11-17T16:04:23.443+0000] {subprocess.py:93} INFO - reponse_20221019.txt
[2022-11-17T16:04:23.444+0000] {subprocess.py:93} INFO - reponse_20221020.txt
[2022-11-17T16:04:23.444+0000] {subprocess.py:93} INFO - reponse_20221021.txt
[2022-11-17T16:04:23.445+0000] {subprocess.py:93} INFO - reponse_20221022.txt
[2022-11-17T16:04:23.445+0000] {subprocess.py:93} INFO - reponse_20221023.txt
[2022-11-17T16:04:23.446+0000] {subprocess.py:93} INFO - reponse_20221024.txt
[2022-11-17T16:04:23.446+0000] {subprocess.py:93} INFO - reponse_20221025.txt
[2022-11-17T16:04:23.446+0000] {subprocess.py:93} INFO - reponse_20221026.txt
[2022-11-17T16:04:23.447+0000] {subprocess.py:93} INFO - reponse_20221027.txt
[2022-11-17T16:04:23.447+0000] {subprocess.py:93} INFO - reponse_20221028.txt
[2022-11-17T16:04:23.447+0000] {subprocess.py:93} INFO - reponse_20221029.txt
[2022-11-17T16:04:23.448+0000] {subprocess.py:93} INFO - reponse_20221030.txt
[2022-11-17T16:04:23.448+0000] {subprocess.py:93} INFO - reponse_20221031.txt
[2022-11-17T16:04:23.448+0000] {subprocess.py:93} INFO - reponse_20221101.txt
[2022-11-17T16:04:23.449+0000] {subprocess.py:93} INFO - reponse_20221102.txt
[2022-11-17T16:04:23.449+0000] {subprocess.py:93} INFO - reponse_20221103.txt
[2022-11-17T16:04:23.449+0000] {subprocess.py:93} INFO - reponse_20221104.txt
[2022-11-17T16:04:23.450+0000] {subprocess.py:93} INFO - reponse_20221105.txt
[2022-11-17T16:04:23.450+0000] {subprocess.py:93} INFO - reponse_20221106.txt
[2022-11-17T16:04:23.450+0000] {subprocess.py:93} INFO - reponse_20221107.txt
[2022-11-17T16:04:23.450+0000] {subprocess.py:93} INFO - reponse_20221108.txt
[2022-11-17T16:04:23.451+0000] {subprocess.py:93} INFO - reponse_20221109.txt
[2022-11-17T16:04:23.451+0000] {subprocess.py:93} INFO - reponse_20221110.txt
[2022-11-17T16:04:23.451+0000] {subprocess.py:93} INFO - reponse_20221111.txt
[2022-11-17T16:04:23.452+0000] {subprocess.py:93} INFO - reponse_20221112.txt
[2022-11-17T16:04:23.452+0000] {subprocess.py:93} INFO - reponse_20221113.txt
[2022-11-17T16:04:23.452+0000] {subprocess.py:93} INFO - reponse_20221114.txt
[2022-11-17T16:04:23.453+0000] {subprocess.py:93} INFO - reponse_20221115.txt
[2022-11-17T16:04:23.453+0000] {subprocess.py:93} INFO - tmp061o5asr
[2022-11-17T16:04:23.453+0000] {subprocess.py:93} INFO - tmp1b_v374g
[2022-11-17T16:04:23.454+0000] {subprocess.py:93} INFO - tmp2n3y4qb3
[2022-11-17T16:04:23.454+0000] {subprocess.py:93} INFO - tmp2ztydtyd
[2022-11-17T16:04:23.454+0000] {subprocess.py:93} INFO - tmp546oqdk0
[2022-11-17T16:04:23.455+0000] {subprocess.py:93} INFO - tmp57roj99h
[2022-11-17T16:04:23.455+0000] {subprocess.py:93} INFO - tmp5lejojs5
[2022-11-17T16:04:23.455+0000] {subprocess.py:93} INFO - tmp5nj2onwa
[2022-11-17T16:04:23.456+0000] {subprocess.py:93} INFO - tmp64cxrvul
[2022-11-17T16:04:23.456+0000] {subprocess.py:93} INFO - tmp6g4l21c1
[2022-11-17T16:04:23.456+0000] {subprocess.py:93} INFO - tmp7c6bgots
[2022-11-17T16:04:23.457+0000] {subprocess.py:93} INFO - tmp7khebugo
[2022-11-17T16:04:23.457+0000] {subprocess.py:93} INFO - tmp7lvtz6wk
[2022-11-17T16:04:23.457+0000] {subprocess.py:93} INFO - tmp8_n1aj39
[2022-11-17T16:04:23.458+0000] {subprocess.py:93} INFO - tmp8c_dsk2e
[2022-11-17T16:04:23.458+0000] {subprocess.py:93} INFO - tmp928ntdt7
[2022-11-17T16:04:23.458+0000] {subprocess.py:93} INFO - tmp9503grtb
[2022-11-17T16:04:23.459+0000] {subprocess.py:93} INFO - tmp_afh1uos
[2022-11-17T16:04:23.459+0000] {subprocess.py:93} INFO - tmp_m6lsnw3
[2022-11-17T16:04:23.459+0000] {subprocess.py:93} INFO - tmp_vy6n6_q
[2022-11-17T16:04:23.460+0000] {subprocess.py:93} INFO - tmpcnj5oj8y
[2022-11-17T16:04:23.460+0000] {subprocess.py:93} INFO - tmpcu_pom_6
[2022-11-17T16:04:23.460+0000] {subprocess.py:93} INFO - tmpdmc2g1zb
[2022-11-17T16:04:23.461+0000] {subprocess.py:93} INFO - tmpe4k1ogev
[2022-11-17T16:04:23.461+0000] {subprocess.py:93} INFO - tmpg_n88zm7
[2022-11-17T16:04:23.461+0000] {subprocess.py:93} INFO - tmpgg8mkst1
[2022-11-17T16:04:23.462+0000] {subprocess.py:93} INFO - tmpgi8v82jx
[2022-11-17T16:04:23.462+0000] {subprocess.py:93} INFO - tmpiez6kail
[2022-11-17T16:04:23.462+0000] {subprocess.py:93} INFO - tmpj1n4wxza
[2022-11-17T16:04:23.463+0000] {subprocess.py:93} INFO - tmpjsznho2e
[2022-11-17T16:04:23.463+0000] {subprocess.py:93} INFO - tmpkrg9_cgk
[2022-11-17T16:04:23.463+0000] {subprocess.py:93} INFO - tmpl13ymsfs
[2022-11-17T16:04:23.464+0000] {subprocess.py:93} INFO - tmplrbhl64b
[2022-11-17T16:04:23.464+0000] {subprocess.py:93} INFO - tmpn38ozedg
[2022-11-17T16:04:23.464+0000] {subprocess.py:93} INFO - tmpn96u_4ih
[2022-11-17T16:04:23.465+0000] {subprocess.py:93} INFO - tmpo3nf6k5c
[2022-11-17T16:04:23.465+0000] {subprocess.py:93} INFO - tmpoy_ljy8t
[2022-11-17T16:04:23.465+0000] {subprocess.py:93} INFO - tmpp4w9yq6x
[2022-11-17T16:04:23.466+0000] {subprocess.py:93} INFO - tmppfidxzjr
[2022-11-17T16:04:23.466+0000] {subprocess.py:93} INFO - tmpr681bhfw
[2022-11-17T16:04:23.466+0000] {subprocess.py:93} INFO - tmpr9102hwf
[2022-11-17T16:04:23.467+0000] {subprocess.py:93} INFO - tmpt4qo16oq
[2022-11-17T16:04:23.467+0000] {subprocess.py:93} INFO - tmptn832g5z
[2022-11-17T16:04:23.468+0000] {subprocess.py:93} INFO - tmpu9qbl0wh
[2022-11-17T16:04:23.468+0000] {subprocess.py:93} INFO - tmpuq8ywung
[2022-11-17T16:04:23.469+0000] {subprocess.py:93} INFO - tmpv606o9_9
[2022-11-17T16:04:23.469+0000] {subprocess.py:93} INFO - tmpxf7g1lc4
[2022-11-17T16:04:23.469+0000] {subprocess.py:93} INFO - tmpxktobcjf
[2022-11-17T16:04:23.470+0000] {subprocess.py:93} INFO - tmpz91iizm7
[2022-11-17T16:04:23.470+0000] {subprocess.py:93} INFO - ,student,timestamp
[2022-11-17T16:04:23.470+0000] {subprocess.py:93} INFO - 0,Maria Cruz,2022-11-08 00:00:00+00:00
[2022-11-17T16:04:23.471+0000] {subprocess.py:93} INFO - 1,Daniel Crema,2022-11-08 00:00:00+00:00
[2022-11-17T16:04:23.471+0000] {subprocess.py:93} INFO - 2,Elon Musk,2022-11-08 00:00:00+00:00
[2022-11-17T16:04:23.472+0000] {subprocess.py:93} INFO - 3,Karol Castrejon,2022-11-08 00:00:00+00:00
[2022-11-17T16:04:23.472+0000] {subprocess.py:93} INFO - 4,Freddy Vega,2022-11-08 00:00:00+00:00
[2022-11-17T16:04:23.472+0000] {subprocess.py:93} INFO - 5,Freddy Montañez,2022-11-08 00:00:00+00:00
[2022-11-17T16:04:23.473+0000] {subprocess.py:97} INFO - Command exited with return code 0
[2022-11-17T16:04:23.504+0000] {taskinstance.py:1406} INFO - Marking task as SUCCESS. dag_id=MyPersonalAirflowProject, task_id=Print_Imported_data, execution_date=20221108T000000, start_date=20221117T160423, end_date=20221117T160423
[2022-11-17T16:04:23.548+0000] {local_task_job.py:164} INFO - Task exited with return code 0
[2022-11-17T16:04:23.575+0000] {local_task_job.py:273} INFO - 0 downstream tasks scheduled from follow-on schedule check
[2022-11-17T16:44:47.696+0000] {taskinstance.py:1165} INFO - Dependencies all met for <TaskInstance: MyPersonalAirflowProject.Print_Imported_data scheduled__2022-11-08T00:00:00+00:00 [queued]>
[2022-11-17T16:44:47.712+0000] {taskinstance.py:1165} INFO - Dependencies all met for <TaskInstance: MyPersonalAirflowProject.Print_Imported_data scheduled__2022-11-08T00:00:00+00:00 [queued]>
[2022-11-17T16:44:47.712+0000] {taskinstance.py:1362} INFO - 
--------------------------------------------------------------------------------
[2022-11-17T16:44:47.713+0000] {taskinstance.py:1363} INFO - Starting attempt 1 of 1
[2022-11-17T16:44:47.713+0000] {taskinstance.py:1364} INFO - 
--------------------------------------------------------------------------------
[2022-11-17T16:44:47.735+0000] {taskinstance.py:1383} INFO - Executing <Task(BashOperator): Print_Imported_data> on 2022-11-08 00:00:00+00:00
[2022-11-17T16:44:47.744+0000] {standard_task_runner.py:55} INFO - Started process 4790 to run task
[2022-11-17T16:44:47.747+0000] {standard_task_runner.py:82} INFO - Running: ['***', 'tasks', 'run', 'MyPersonalAirflowProject', 'Print_Imported_data', 'scheduled__2022-11-08T00:00:00+00:00', '--job-id', '2333', '--raw', '--subdir', 'DAGS_FOLDER/FinalPersonalProject.py', '--cfg-path', '/tmp/tmpfg6wie3o']
[2022-11-17T16:44:47.748+0000] {standard_task_runner.py:83} INFO - Job 2333: Subtask Print_Imported_data
[2022-11-17T16:44:47.821+0000] {task_command.py:376} INFO - Running <TaskInstance: MyPersonalAirflowProject.Print_Imported_data scheduled__2022-11-08T00:00:00+00:00 [running]> on host 638485efabe7
[2022-11-17T16:44:47.902+0000] {taskinstance.py:1592} INFO - Exporting the following env vars:
AIRFLOW_CTX_DAG_OWNER=***
AIRFLOW_CTX_DAG_ID=MyPersonalAirflowProject
AIRFLOW_CTX_TASK_ID=Print_Imported_data
AIRFLOW_CTX_EXECUTION_DATE=2022-11-08T00:00:00+00:00
AIRFLOW_CTX_TRY_NUMBER=1
AIRFLOW_CTX_DAG_RUN_ID=scheduled__2022-11-08T00:00:00+00:00
[2022-11-17T16:44:47.903+0000] {subprocess.py:63} INFO - Tmp dir root location: 
 /tmp
[2022-11-17T16:44:47.904+0000] {subprocess.py:75} INFO - Running command: ['/bin/bash', '-c', 'ls /tmp/ && head /tmp/platzi_data_20221108.csv']
[2022-11-17T16:44:47.915+0000] {subprocess.py:86} INFO - Output:
[2022-11-17T16:44:47.918+0000] {subprocess.py:93} INFO - ***tmpk5xxq3nx
[2022-11-17T16:44:47.919+0000] {subprocess.py:93} INFO - ***tmplkvca7ip
[2022-11-17T16:44:47.920+0000] {subprocess.py:93} INFO - ***tmplv6vqusz
[2022-11-17T16:44:47.920+0000] {subprocess.py:93} INFO - ***tmpodkacs8z
[2022-11-17T16:44:47.921+0000] {subprocess.py:93} INFO - file.txt
[2022-11-17T16:44:47.921+0000] {subprocess.py:93} INFO - history.json
[2022-11-17T16:44:47.921+0000] {subprocess.py:93} INFO - platzi_data_20221001.csv
[2022-11-17T16:44:47.922+0000] {subprocess.py:93} INFO - platzi_data_20221002.csv
[2022-11-17T16:44:47.922+0000] {subprocess.py:93} INFO - platzi_data_20221003.csv
[2022-11-17T16:44:47.922+0000] {subprocess.py:93} INFO - platzi_data_20221004.csv
[2022-11-17T16:44:47.923+0000] {subprocess.py:93} INFO - platzi_data_20221005.csv
[2022-11-17T16:44:47.923+0000] {subprocess.py:93} INFO - platzi_data_20221006.csv
[2022-11-17T16:44:47.923+0000] {subprocess.py:93} INFO - platzi_data_20221007.csv
[2022-11-17T16:44:47.924+0000] {subprocess.py:93} INFO - platzi_data_20221008.csv
[2022-11-17T16:44:47.924+0000] {subprocess.py:93} INFO - platzi_data_20221009.csv
[2022-11-17T16:44:47.924+0000] {subprocess.py:93} INFO - platzi_data_20221010.csv
[2022-11-17T16:44:47.925+0000] {subprocess.py:93} INFO - platzi_data_20221011.csv
[2022-11-17T16:44:47.925+0000] {subprocess.py:93} INFO - platzi_data_20221012.csv
[2022-11-17T16:44:47.925+0000] {subprocess.py:93} INFO - platzi_data_20221013.csv
[2022-11-17T16:44:47.926+0000] {subprocess.py:93} INFO - platzi_data_20221014.csv
[2022-11-17T16:44:47.926+0000] {subprocess.py:93} INFO - platzi_data_20221015.csv
[2022-11-17T16:44:47.926+0000] {subprocess.py:93} INFO - platzi_data_20221016.csv
[2022-11-17T16:44:47.926+0000] {subprocess.py:93} INFO - platzi_data_20221017.csv
[2022-11-17T16:44:47.927+0000] {subprocess.py:93} INFO - platzi_data_20221018.csv
[2022-11-17T16:44:47.927+0000] {subprocess.py:93} INFO - platzi_data_20221019.csv
[2022-11-17T16:44:47.927+0000] {subprocess.py:93} INFO - platzi_data_20221020.csv
[2022-11-17T16:44:47.928+0000] {subprocess.py:93} INFO - platzi_data_20221021.csv
[2022-11-17T16:44:47.928+0000] {subprocess.py:93} INFO - platzi_data_20221022.csv
[2022-11-17T16:44:47.928+0000] {subprocess.py:93} INFO - platzi_data_20221023.csv
[2022-11-17T16:44:47.928+0000] {subprocess.py:93} INFO - platzi_data_20221024.csv
[2022-11-17T16:44:47.929+0000] {subprocess.py:93} INFO - platzi_data_20221025.csv
[2022-11-17T16:44:47.929+0000] {subprocess.py:93} INFO - platzi_data_20221026.csv
[2022-11-17T16:44:47.929+0000] {subprocess.py:93} INFO - platzi_data_20221027.csv
[2022-11-17T16:44:47.930+0000] {subprocess.py:93} INFO - platzi_data_20221028.csv
[2022-11-17T16:44:47.930+0000] {subprocess.py:93} INFO - platzi_data_20221029.csv
[2022-11-17T16:44:47.930+0000] {subprocess.py:93} INFO - platzi_data_20221030.csv
[2022-11-17T16:44:47.930+0000] {subprocess.py:93} INFO - platzi_data_20221031.csv
[2022-11-17T16:44:47.931+0000] {subprocess.py:93} INFO - platzi_data_20221101.csv
[2022-11-17T16:44:47.931+0000] {subprocess.py:93} INFO - platzi_data_20221102.csv
[2022-11-17T16:44:47.931+0000] {subprocess.py:93} INFO - platzi_data_20221103.csv
[2022-11-17T16:44:47.932+0000] {subprocess.py:93} INFO - platzi_data_20221104.csv
[2022-11-17T16:44:47.932+0000] {subprocess.py:93} INFO - platzi_data_20221105.csv
[2022-11-17T16:44:47.932+0000] {subprocess.py:93} INFO - platzi_data_20221106.csv
[2022-11-17T16:44:47.932+0000] {subprocess.py:93} INFO - platzi_data_20221107.csv
[2022-11-17T16:44:47.933+0000] {subprocess.py:93} INFO - platzi_data_20221108.csv
[2022-11-17T16:44:47.933+0000] {subprocess.py:93} INFO - platzi_data_20221109.csv
[2022-11-17T16:44:47.933+0000] {subprocess.py:93} INFO - platzi_data_20221110.csv
[2022-11-17T16:44:47.934+0000] {subprocess.py:93} INFO - platzi_data_20221111.csv
[2022-11-17T16:44:47.934+0000] {subprocess.py:93} INFO - platzi_data_20221112.csv
[2022-11-17T16:44:47.934+0000] {subprocess.py:93} INFO - platzi_data_20221113.csv
[2022-11-17T16:44:47.934+0000] {subprocess.py:93} INFO - platzi_data_20221114.csv
[2022-11-17T16:44:47.935+0000] {subprocess.py:93} INFO - platzi_data_20221115.csv
[2022-11-17T16:44:47.935+0000] {subprocess.py:93} INFO - platzi_data_20221116.csv
[2022-11-17T16:44:47.935+0000] {subprocess.py:93} INFO - pymp-8yik9lbi
[2022-11-17T16:44:47.936+0000] {subprocess.py:93} INFO - pymp-sbqt6pho
[2022-11-17T16:44:47.936+0000] {subprocess.py:93} INFO - reponse_20221001.txt
[2022-11-17T16:44:47.936+0000] {subprocess.py:93} INFO - reponse_20221002.txt
[2022-11-17T16:44:47.936+0000] {subprocess.py:93} INFO - reponse_20221003.txt
[2022-11-17T16:44:47.937+0000] {subprocess.py:93} INFO - reponse_20221004.txt
[2022-11-17T16:44:47.937+0000] {subprocess.py:93} INFO - reponse_20221005.txt
[2022-11-17T16:44:47.937+0000] {subprocess.py:93} INFO - reponse_20221006.txt
[2022-11-17T16:44:47.938+0000] {subprocess.py:93} INFO - reponse_20221007.txt
[2022-11-17T16:44:47.938+0000] {subprocess.py:93} INFO - reponse_20221008.txt
[2022-11-17T16:44:47.938+0000] {subprocess.py:93} INFO - reponse_20221009.txt
[2022-11-17T16:44:47.938+0000] {subprocess.py:93} INFO - reponse_20221010.txt
[2022-11-17T16:44:47.939+0000] {subprocess.py:93} INFO - reponse_20221011.txt
[2022-11-17T16:44:47.939+0000] {subprocess.py:93} INFO - reponse_20221012.txt
[2022-11-17T16:44:47.939+0000] {subprocess.py:93} INFO - reponse_20221013.txt
[2022-11-17T16:44:47.940+0000] {subprocess.py:93} INFO - reponse_20221014.txt
[2022-11-17T16:44:47.940+0000] {subprocess.py:93} INFO - reponse_20221015.txt
[2022-11-17T16:44:47.940+0000] {subprocess.py:93} INFO - reponse_20221016.txt
[2022-11-17T16:44:47.940+0000] {subprocess.py:93} INFO - reponse_20221017.txt
[2022-11-17T16:44:47.941+0000] {subprocess.py:93} INFO - reponse_20221018.txt
[2022-11-17T16:44:47.941+0000] {subprocess.py:93} INFO - reponse_20221019.txt
[2022-11-17T16:44:47.941+0000] {subprocess.py:93} INFO - reponse_20221020.txt
[2022-11-17T16:44:47.941+0000] {subprocess.py:93} INFO - reponse_20221021.txt
[2022-11-17T16:44:47.942+0000] {subprocess.py:93} INFO - reponse_20221022.txt
[2022-11-17T16:44:47.942+0000] {subprocess.py:93} INFO - reponse_20221023.txt
[2022-11-17T16:44:47.942+0000] {subprocess.py:93} INFO - reponse_20221024.txt
[2022-11-17T16:44:47.943+0000] {subprocess.py:93} INFO - reponse_20221025.txt
[2022-11-17T16:44:47.943+0000] {subprocess.py:93} INFO - reponse_20221026.txt
[2022-11-17T16:44:47.943+0000] {subprocess.py:93} INFO - reponse_20221027.txt
[2022-11-17T16:44:47.943+0000] {subprocess.py:93} INFO - reponse_20221028.txt
[2022-11-17T16:44:47.944+0000] {subprocess.py:93} INFO - reponse_20221029.txt
[2022-11-17T16:44:47.944+0000] {subprocess.py:93} INFO - reponse_20221030.txt
[2022-11-17T16:44:47.944+0000] {subprocess.py:93} INFO - reponse_20221031.txt
[2022-11-17T16:44:47.945+0000] {subprocess.py:93} INFO - reponse_20221101.txt
[2022-11-17T16:44:47.945+0000] {subprocess.py:93} INFO - reponse_20221102.txt
[2022-11-17T16:44:47.945+0000] {subprocess.py:93} INFO - reponse_20221103.txt
[2022-11-17T16:44:47.945+0000] {subprocess.py:93} INFO - reponse_20221104.txt
[2022-11-17T16:44:47.946+0000] {subprocess.py:93} INFO - reponse_20221105.txt
[2022-11-17T16:44:47.946+0000] {subprocess.py:93} INFO - reponse_20221106.txt
[2022-11-17T16:44:47.946+0000] {subprocess.py:93} INFO - reponse_20221107.txt
[2022-11-17T16:44:47.946+0000] {subprocess.py:93} INFO - reponse_20221108.txt
[2022-11-17T16:44:47.947+0000] {subprocess.py:93} INFO - reponse_20221109.txt
[2022-11-17T16:44:47.947+0000] {subprocess.py:93} INFO - reponse_20221110.txt
[2022-11-17T16:44:47.947+0000] {subprocess.py:93} INFO - reponse_20221111.txt
[2022-11-17T16:44:47.948+0000] {subprocess.py:93} INFO - reponse_20221112.txt
[2022-11-17T16:44:47.948+0000] {subprocess.py:93} INFO - reponse_20221113.txt
[2022-11-17T16:44:47.948+0000] {subprocess.py:93} INFO - reponse_20221114.txt
[2022-11-17T16:44:47.948+0000] {subprocess.py:93} INFO - reponse_20221115.txt
[2022-11-17T16:44:47.949+0000] {subprocess.py:93} INFO - reponse_20221116.txt
[2022-11-17T16:44:47.949+0000] {subprocess.py:93} INFO - tmp061o5asr
[2022-11-17T16:44:47.949+0000] {subprocess.py:93} INFO - tmp1b_v374g
[2022-11-17T16:44:47.950+0000] {subprocess.py:93} INFO - tmp2n3y4qb3
[2022-11-17T16:44:47.950+0000] {subprocess.py:93} INFO - tmp2ztydtyd
[2022-11-17T16:44:47.950+0000] {subprocess.py:93} INFO - tmp546oqdk0
[2022-11-17T16:44:47.950+0000] {subprocess.py:93} INFO - tmp57roj99h
[2022-11-17T16:44:47.951+0000] {subprocess.py:93} INFO - tmp5lejojs5
[2022-11-17T16:44:47.951+0000] {subprocess.py:93} INFO - tmp5nj2onwa
[2022-11-17T16:44:47.951+0000] {subprocess.py:93} INFO - tmp64cxrvul
[2022-11-17T16:44:47.952+0000] {subprocess.py:93} INFO - tmp6g4l21c1
[2022-11-17T16:44:47.952+0000] {subprocess.py:93} INFO - tmp7c6bgots
[2022-11-17T16:44:47.952+0000] {subprocess.py:93} INFO - tmp7khebugo
[2022-11-17T16:44:47.952+0000] {subprocess.py:93} INFO - tmp7lvtz6wk
[2022-11-17T16:44:47.953+0000] {subprocess.py:93} INFO - tmp8_n1aj39
[2022-11-17T16:44:47.953+0000] {subprocess.py:93} INFO - tmp8c_dsk2e
[2022-11-17T16:44:47.953+0000] {subprocess.py:93} INFO - tmp928ntdt7
[2022-11-17T16:44:47.954+0000] {subprocess.py:93} INFO - tmp9503grtb
[2022-11-17T16:44:47.954+0000] {subprocess.py:93} INFO - tmp_afh1uos
[2022-11-17T16:44:47.954+0000] {subprocess.py:93} INFO - tmp_m6lsnw3
[2022-11-17T16:44:47.955+0000] {subprocess.py:93} INFO - tmp_vy6n6_q
[2022-11-17T16:44:47.955+0000] {subprocess.py:93} INFO - tmpcnj5oj8y
[2022-11-17T16:44:47.955+0000] {subprocess.py:93} INFO - tmpcu_pom_6
[2022-11-17T16:44:47.956+0000] {subprocess.py:93} INFO - tmpdmc2g1zb
[2022-11-17T16:44:47.956+0000] {subprocess.py:93} INFO - tmpe4k1ogev
[2022-11-17T16:44:47.956+0000] {subprocess.py:93} INFO - tmpg_n88zm7
[2022-11-17T16:44:47.957+0000] {subprocess.py:93} INFO - tmpgg8mkst1
[2022-11-17T16:44:47.957+0000] {subprocess.py:93} INFO - tmpgi8v82jx
[2022-11-17T16:44:47.957+0000] {subprocess.py:93} INFO - tmpiez6kail
[2022-11-17T16:44:47.957+0000] {subprocess.py:93} INFO - tmpj1n4wxza
[2022-11-17T16:44:47.958+0000] {subprocess.py:93} INFO - tmpjsznho2e
[2022-11-17T16:44:47.958+0000] {subprocess.py:93} INFO - tmpkrg9_cgk
[2022-11-17T16:44:47.958+0000] {subprocess.py:93} INFO - tmpl13ymsfs
[2022-11-17T16:44:47.958+0000] {subprocess.py:93} INFO - tmplrbhl64b
[2022-11-17T16:44:47.959+0000] {subprocess.py:93} INFO - tmpn38ozedg
[2022-11-17T16:44:47.959+0000] {subprocess.py:93} INFO - tmpn96u_4ih
[2022-11-17T16:44:47.959+0000] {subprocess.py:93} INFO - tmpo3nf6k5c
[2022-11-17T16:44:47.960+0000] {subprocess.py:93} INFO - tmpoy_ljy8t
[2022-11-17T16:44:47.960+0000] {subprocess.py:93} INFO - tmpp4w9yq6x
[2022-11-17T16:44:47.960+0000] {subprocess.py:93} INFO - tmppfidxzjr
[2022-11-17T16:44:47.960+0000] {subprocess.py:93} INFO - tmpr681bhfw
[2022-11-17T16:44:47.961+0000] {subprocess.py:93} INFO - tmpr9102hwf
[2022-11-17T16:44:47.961+0000] {subprocess.py:93} INFO - tmpt4qo16oq
[2022-11-17T16:44:47.961+0000] {subprocess.py:93} INFO - tmptn832g5z
[2022-11-17T16:44:47.961+0000] {subprocess.py:93} INFO - tmpu9qbl0wh
[2022-11-17T16:44:47.962+0000] {subprocess.py:93} INFO - tmpuq8ywung
[2022-11-17T16:44:47.962+0000] {subprocess.py:93} INFO - tmpv606o9_9
[2022-11-17T16:44:47.963+0000] {subprocess.py:93} INFO - tmpxf7g1lc4
[2022-11-17T16:44:47.963+0000] {subprocess.py:93} INFO - tmpxktobcjf
[2022-11-17T16:44:47.963+0000] {subprocess.py:93} INFO - tmpz91iizm7
[2022-11-17T16:44:47.964+0000] {subprocess.py:93} INFO - ,student,timestamp
[2022-11-17T16:44:47.964+0000] {subprocess.py:93} INFO - 0,Maria Cruz,2022-11-08 00:00:00+00:00
[2022-11-17T16:44:47.965+0000] {subprocess.py:93} INFO - 1,Daniel Crema,2022-11-08 00:00:00+00:00
[2022-11-17T16:44:47.966+0000] {subprocess.py:93} INFO - 2,Elon Musk,2022-11-08 00:00:00+00:00
[2022-11-17T16:44:47.966+0000] {subprocess.py:93} INFO - 3,Karol Castrejon,2022-11-08 00:00:00+00:00
[2022-11-17T16:44:47.967+0000] {subprocess.py:93} INFO - 4,Freddy Vega,2022-11-08 00:00:00+00:00
[2022-11-17T16:44:47.967+0000] {subprocess.py:93} INFO - 5,Freddy Montañez,2022-11-08 00:00:00+00:00
[2022-11-17T16:44:47.968+0000] {subprocess.py:97} INFO - Command exited with return code 0
[2022-11-17T16:44:47.998+0000] {taskinstance.py:1406} INFO - Marking task as SUCCESS. dag_id=MyPersonalAirflowProject, task_id=Print_Imported_data, execution_date=20221108T000000, start_date=20221117T164447, end_date=20221117T164447
[2022-11-17T16:44:48.041+0000] {local_task_job.py:164} INFO - Task exited with return code 0
[2022-11-17T16:44:48.069+0000] {local_task_job.py:273} INFO - 2 downstream tasks scheduled from follow-on schedule check
[2022-11-17T17:35:48.120+0000] {taskinstance.py:1165} INFO - Dependencies all met for <TaskInstance: MyPersonalAirflowProject.Print_Imported_data scheduled__2022-11-08T00:00:00+00:00 [queued]>
[2022-11-17T17:35:48.132+0000] {taskinstance.py:1165} INFO - Dependencies all met for <TaskInstance: MyPersonalAirflowProject.Print_Imported_data scheduled__2022-11-08T00:00:00+00:00 [queued]>
[2022-11-17T17:35:48.133+0000] {taskinstance.py:1362} INFO - 
--------------------------------------------------------------------------------
[2022-11-17T17:35:48.133+0000] {taskinstance.py:1363} INFO - Starting attempt 1 of 1
[2022-11-17T17:35:48.134+0000] {taskinstance.py:1364} INFO - 
--------------------------------------------------------------------------------
[2022-11-17T17:35:48.149+0000] {taskinstance.py:1383} INFO - Executing <Task(BashOperator): Print_Imported_data> on 2022-11-08 00:00:00+00:00
[2022-11-17T17:35:48.155+0000] {standard_task_runner.py:55} INFO - Started process 8410 to run task
[2022-11-17T17:35:48.157+0000] {standard_task_runner.py:82} INFO - Running: ['***', 'tasks', 'run', 'MyPersonalAirflowProject', 'Print_Imported_data', 'scheduled__2022-11-08T00:00:00+00:00', '--job-id', '2743', '--raw', '--subdir', 'DAGS_FOLDER/FinalPersonalProject.py', '--cfg-path', '/tmp/tmppf7nr577']
[2022-11-17T17:35:48.158+0000] {standard_task_runner.py:83} INFO - Job 2743: Subtask Print_Imported_data
[2022-11-17T17:35:48.225+0000] {task_command.py:376} INFO - Running <TaskInstance: MyPersonalAirflowProject.Print_Imported_data scheduled__2022-11-08T00:00:00+00:00 [running]> on host 638485efabe7
[2022-11-17T17:35:48.303+0000] {taskinstance.py:1592} INFO - Exporting the following env vars:
AIRFLOW_CTX_DAG_OWNER=***
AIRFLOW_CTX_DAG_ID=MyPersonalAirflowProject
AIRFLOW_CTX_TASK_ID=Print_Imported_data
AIRFLOW_CTX_EXECUTION_DATE=2022-11-08T00:00:00+00:00
AIRFLOW_CTX_TRY_NUMBER=1
AIRFLOW_CTX_DAG_RUN_ID=scheduled__2022-11-08T00:00:00+00:00
[2022-11-17T17:35:48.304+0000] {subprocess.py:63} INFO - Tmp dir root location: 
 /tmp
[2022-11-17T17:35:48.305+0000] {subprocess.py:75} INFO - Running command: ['/bin/bash', '-c', 'ls /tmp/ && head /tmp/platzi_data_20221108.csv']
[2022-11-17T17:35:48.316+0000] {subprocess.py:86} INFO - Output:
[2022-11-17T17:35:48.320+0000] {subprocess.py:93} INFO - ***tmpk5xxq3nx
[2022-11-17T17:35:48.320+0000] {subprocess.py:93} INFO - ***tmplkvca7ip
[2022-11-17T17:35:48.321+0000] {subprocess.py:93} INFO - ***tmpodkacs8z
[2022-11-17T17:35:48.322+0000] {subprocess.py:93} INFO - ***tmpwadsx84v
[2022-11-17T17:35:48.322+0000] {subprocess.py:93} INFO - file.txt
[2022-11-17T17:35:48.323+0000] {subprocess.py:93} INFO - history.json
[2022-11-17T17:35:48.323+0000] {subprocess.py:93} INFO - platzi_data_20221001.csv
[2022-11-17T17:35:48.323+0000] {subprocess.py:93} INFO - platzi_data_20221002.csv
[2022-11-17T17:35:48.324+0000] {subprocess.py:93} INFO - platzi_data_20221003.csv
[2022-11-17T17:35:48.324+0000] {subprocess.py:93} INFO - platzi_data_20221004.csv
[2022-11-17T17:35:48.325+0000] {subprocess.py:93} INFO - platzi_data_20221005.csv
[2022-11-17T17:35:48.325+0000] {subprocess.py:93} INFO - platzi_data_20221006.csv
[2022-11-17T17:35:48.325+0000] {subprocess.py:93} INFO - platzi_data_20221007.csv
[2022-11-17T17:35:48.326+0000] {subprocess.py:93} INFO - platzi_data_20221008.csv
[2022-11-17T17:35:48.326+0000] {subprocess.py:93} INFO - platzi_data_20221009.csv
[2022-11-17T17:35:48.326+0000] {subprocess.py:93} INFO - platzi_data_20221010.csv
[2022-11-17T17:35:48.327+0000] {subprocess.py:93} INFO - platzi_data_20221011.csv
[2022-11-17T17:35:48.327+0000] {subprocess.py:93} INFO - platzi_data_20221012.csv
[2022-11-17T17:35:48.328+0000] {subprocess.py:93} INFO - platzi_data_20221013.csv
[2022-11-17T17:35:48.328+0000] {subprocess.py:93} INFO - platzi_data_20221014.csv
[2022-11-17T17:35:48.328+0000] {subprocess.py:93} INFO - platzi_data_20221015.csv
[2022-11-17T17:35:48.329+0000] {subprocess.py:93} INFO - platzi_data_20221016.csv
[2022-11-17T17:35:48.329+0000] {subprocess.py:93} INFO - platzi_data_20221017.csv
[2022-11-17T17:35:48.329+0000] {subprocess.py:93} INFO - platzi_data_20221018.csv
[2022-11-17T17:35:48.330+0000] {subprocess.py:93} INFO - platzi_data_20221019.csv
[2022-11-17T17:35:48.330+0000] {subprocess.py:93} INFO - platzi_data_20221020.csv
[2022-11-17T17:35:48.330+0000] {subprocess.py:93} INFO - platzi_data_20221021.csv
[2022-11-17T17:35:48.331+0000] {subprocess.py:93} INFO - platzi_data_20221022.csv
[2022-11-17T17:35:48.331+0000] {subprocess.py:93} INFO - platzi_data_20221023.csv
[2022-11-17T17:35:48.332+0000] {subprocess.py:93} INFO - platzi_data_20221024.csv
[2022-11-17T17:35:48.332+0000] {subprocess.py:93} INFO - platzi_data_20221025.csv
[2022-11-17T17:35:48.332+0000] {subprocess.py:93} INFO - platzi_data_20221026.csv
[2022-11-17T17:35:48.333+0000] {subprocess.py:93} INFO - platzi_data_20221027.csv
[2022-11-17T17:35:48.333+0000] {subprocess.py:93} INFO - platzi_data_20221028.csv
[2022-11-17T17:35:48.333+0000] {subprocess.py:93} INFO - platzi_data_20221029.csv
[2022-11-17T17:35:48.333+0000] {subprocess.py:93} INFO - platzi_data_20221030.csv
[2022-11-17T17:35:48.334+0000] {subprocess.py:93} INFO - platzi_data_20221031.csv
[2022-11-17T17:35:48.334+0000] {subprocess.py:93} INFO - platzi_data_20221101.csv
[2022-11-17T17:35:48.334+0000] {subprocess.py:93} INFO - platzi_data_20221102.csv
[2022-11-17T17:35:48.335+0000] {subprocess.py:93} INFO - platzi_data_20221103.csv
[2022-11-17T17:35:48.335+0000] {subprocess.py:93} INFO - platzi_data_20221104.csv
[2022-11-17T17:35:48.335+0000] {subprocess.py:93} INFO - platzi_data_20221105.csv
[2022-11-17T17:35:48.335+0000] {subprocess.py:93} INFO - platzi_data_20221106.csv
[2022-11-17T17:35:48.336+0000] {subprocess.py:93} INFO - platzi_data_20221107.csv
[2022-11-17T17:35:48.336+0000] {subprocess.py:93} INFO - platzi_data_20221108.csv
[2022-11-17T17:35:48.336+0000] {subprocess.py:93} INFO - platzi_data_20221109.csv
[2022-11-17T17:35:48.337+0000] {subprocess.py:93} INFO - platzi_data_20221110.csv
[2022-11-17T17:35:48.337+0000] {subprocess.py:93} INFO - platzi_data_20221111.csv
[2022-11-17T17:35:48.337+0000] {subprocess.py:93} INFO - platzi_data_20221112.csv
[2022-11-17T17:35:48.337+0000] {subprocess.py:93} INFO - platzi_data_20221113.csv
[2022-11-17T17:35:48.338+0000] {subprocess.py:93} INFO - platzi_data_20221114.csv
[2022-11-17T17:35:48.338+0000] {subprocess.py:93} INFO - platzi_data_20221115.csv
[2022-11-17T17:35:48.338+0000] {subprocess.py:93} INFO - platzi_data_20221116.csv
[2022-11-17T17:35:48.339+0000] {subprocess.py:93} INFO - pymp-8yik9lbi
[2022-11-17T17:35:48.339+0000] {subprocess.py:93} INFO - pymp-sbqt6pho
[2022-11-17T17:35:48.339+0000] {subprocess.py:93} INFO - reponse_20221001.txt
[2022-11-17T17:35:48.339+0000] {subprocess.py:93} INFO - reponse_20221002.txt
[2022-11-17T17:35:48.340+0000] {subprocess.py:93} INFO - reponse_20221003.txt
[2022-11-17T17:35:48.340+0000] {subprocess.py:93} INFO - reponse_20221004.txt
[2022-11-17T17:35:48.340+0000] {subprocess.py:93} INFO - reponse_20221005.txt
[2022-11-17T17:35:48.340+0000] {subprocess.py:93} INFO - reponse_20221006.txt
[2022-11-17T17:35:48.341+0000] {subprocess.py:93} INFO - reponse_20221007.txt
[2022-11-17T17:35:48.341+0000] {subprocess.py:93} INFO - reponse_20221008.txt
[2022-11-17T17:35:48.341+0000] {subprocess.py:93} INFO - reponse_20221009.txt
[2022-11-17T17:35:48.342+0000] {subprocess.py:93} INFO - reponse_20221010.txt
[2022-11-17T17:35:48.342+0000] {subprocess.py:93} INFO - reponse_20221011.txt
[2022-11-17T17:35:48.342+0000] {subprocess.py:93} INFO - reponse_20221012.txt
[2022-11-17T17:35:48.343+0000] {subprocess.py:93} INFO - reponse_20221013.txt
[2022-11-17T17:35:48.343+0000] {subprocess.py:93} INFO - reponse_20221014.txt
[2022-11-17T17:35:48.344+0000] {subprocess.py:93} INFO - reponse_20221015.txt
[2022-11-17T17:35:48.344+0000] {subprocess.py:93} INFO - reponse_20221016.txt
[2022-11-17T17:35:48.344+0000] {subprocess.py:93} INFO - reponse_20221017.txt
[2022-11-17T17:35:48.345+0000] {subprocess.py:93} INFO - reponse_20221018.txt
[2022-11-17T17:35:48.345+0000] {subprocess.py:93} INFO - reponse_20221019.txt
[2022-11-17T17:35:48.345+0000] {subprocess.py:93} INFO - reponse_20221020.txt
[2022-11-17T17:35:48.345+0000] {subprocess.py:93} INFO - reponse_20221021.txt
[2022-11-17T17:35:48.346+0000] {subprocess.py:93} INFO - reponse_20221022.txt
[2022-11-17T17:35:48.346+0000] {subprocess.py:93} INFO - reponse_20221023.txt
[2022-11-17T17:35:48.346+0000] {subprocess.py:93} INFO - reponse_20221024.txt
[2022-11-17T17:35:48.347+0000] {subprocess.py:93} INFO - reponse_20221025.txt
[2022-11-17T17:35:48.347+0000] {subprocess.py:93} INFO - reponse_20221026.txt
[2022-11-17T17:35:48.347+0000] {subprocess.py:93} INFO - reponse_20221027.txt
[2022-11-17T17:35:48.347+0000] {subprocess.py:93} INFO - reponse_20221028.txt
[2022-11-17T17:35:48.348+0000] {subprocess.py:93} INFO - reponse_20221029.txt
[2022-11-17T17:35:48.348+0000] {subprocess.py:93} INFO - reponse_20221030.txt
[2022-11-17T17:35:48.348+0000] {subprocess.py:93} INFO - reponse_20221031.txt
[2022-11-17T17:35:48.349+0000] {subprocess.py:93} INFO - reponse_20221101.txt
[2022-11-17T17:35:48.349+0000] {subprocess.py:93} INFO - reponse_20221102.txt
[2022-11-17T17:35:48.349+0000] {subprocess.py:93} INFO - reponse_20221103.txt
[2022-11-17T17:35:48.349+0000] {subprocess.py:93} INFO - reponse_20221104.txt
[2022-11-17T17:35:48.350+0000] {subprocess.py:93} INFO - reponse_20221105.txt
[2022-11-17T17:35:48.350+0000] {subprocess.py:93} INFO - reponse_20221106.txt
[2022-11-17T17:35:48.350+0000] {subprocess.py:93} INFO - reponse_20221107.txt
[2022-11-17T17:35:48.350+0000] {subprocess.py:93} INFO - reponse_20221108.txt
[2022-11-17T17:35:48.351+0000] {subprocess.py:93} INFO - reponse_20221109.txt
[2022-11-17T17:35:48.351+0000] {subprocess.py:93} INFO - reponse_20221110.txt
[2022-11-17T17:35:48.351+0000] {subprocess.py:93} INFO - reponse_20221111.txt
[2022-11-17T17:35:48.352+0000] {subprocess.py:93} INFO - reponse_20221112.txt
[2022-11-17T17:35:48.352+0000] {subprocess.py:93} INFO - reponse_20221113.txt
[2022-11-17T17:35:48.352+0000] {subprocess.py:93} INFO - reponse_20221114.txt
[2022-11-17T17:35:48.352+0000] {subprocess.py:93} INFO - reponse_20221115.txt
[2022-11-17T17:35:48.353+0000] {subprocess.py:93} INFO - reponse_20221116.txt
[2022-11-17T17:35:48.353+0000] {subprocess.py:93} INFO - tmp061o5asr
[2022-11-17T17:35:48.353+0000] {subprocess.py:93} INFO - tmp1b_v374g
[2022-11-17T17:35:48.354+0000] {subprocess.py:93} INFO - tmp2n3y4qb3
[2022-11-17T17:35:48.354+0000] {subprocess.py:93} INFO - tmp2ztydtyd
[2022-11-17T17:35:48.354+0000] {subprocess.py:93} INFO - tmp546oqdk0
[2022-11-17T17:35:48.355+0000] {subprocess.py:93} INFO - tmp57roj99h
[2022-11-17T17:35:48.355+0000] {subprocess.py:93} INFO - tmp5lejojs5
[2022-11-17T17:35:48.355+0000] {subprocess.py:93} INFO - tmp5nj2onwa
[2022-11-17T17:35:48.355+0000] {subprocess.py:93} INFO - tmp64cxrvul
[2022-11-17T17:35:48.356+0000] {subprocess.py:93} INFO - tmp6g4l21c1
[2022-11-17T17:35:48.356+0000] {subprocess.py:93} INFO - tmp7c6bgots
[2022-11-17T17:35:48.356+0000] {subprocess.py:93} INFO - tmp7khebugo
[2022-11-17T17:35:48.356+0000] {subprocess.py:93} INFO - tmp7lvtz6wk
[2022-11-17T17:35:48.357+0000] {subprocess.py:93} INFO - tmp8_n1aj39
[2022-11-17T17:35:48.357+0000] {subprocess.py:93} INFO - tmp8c_dsk2e
[2022-11-17T17:35:48.357+0000] {subprocess.py:93} INFO - tmp928ntdt7
[2022-11-17T17:35:48.358+0000] {subprocess.py:93} INFO - tmp9503grtb
[2022-11-17T17:35:48.358+0000] {subprocess.py:93} INFO - tmp_afh1uos
[2022-11-17T17:35:48.358+0000] {subprocess.py:93} INFO - tmp_m6lsnw3
[2022-11-17T17:35:48.359+0000] {subprocess.py:93} INFO - tmp_vy6n6_q
[2022-11-17T17:35:48.359+0000] {subprocess.py:93} INFO - tmpcnj5oj8y
[2022-11-17T17:35:48.359+0000] {subprocess.py:93} INFO - tmpcu_pom_6
[2022-11-17T17:35:48.359+0000] {subprocess.py:93} INFO - tmpdmc2g1zb
[2022-11-17T17:35:48.360+0000] {subprocess.py:93} INFO - tmpe4k1ogev
[2022-11-17T17:35:48.360+0000] {subprocess.py:93} INFO - tmpg_n88zm7
[2022-11-17T17:35:48.360+0000] {subprocess.py:93} INFO - tmpgg8mkst1
[2022-11-17T17:35:48.361+0000] {subprocess.py:93} INFO - tmpgi8v82jx
[2022-11-17T17:35:48.361+0000] {subprocess.py:93} INFO - tmpiez6kail
[2022-11-17T17:35:48.361+0000] {subprocess.py:93} INFO - tmpj1n4wxza
[2022-11-17T17:35:48.361+0000] {subprocess.py:93} INFO - tmpjsznho2e
[2022-11-17T17:35:48.362+0000] {subprocess.py:93} INFO - tmpkrg9_cgk
[2022-11-17T17:35:48.362+0000] {subprocess.py:93} INFO - tmpl13ymsfs
[2022-11-17T17:35:48.362+0000] {subprocess.py:93} INFO - tmplrbhl64b
[2022-11-17T17:35:48.363+0000] {subprocess.py:93} INFO - tmpn38ozedg
[2022-11-17T17:35:48.363+0000] {subprocess.py:93} INFO - tmpn96u_4ih
[2022-11-17T17:35:48.363+0000] {subprocess.py:93} INFO - tmpo3nf6k5c
[2022-11-17T17:35:48.364+0000] {subprocess.py:93} INFO - tmpoy_ljy8t
[2022-11-17T17:35:48.364+0000] {subprocess.py:93} INFO - tmpp4w9yq6x
[2022-11-17T17:35:48.364+0000] {subprocess.py:93} INFO - tmppfidxzjr
[2022-11-17T17:35:48.364+0000] {subprocess.py:93} INFO - tmpr681bhfw
[2022-11-17T17:35:48.365+0000] {subprocess.py:93} INFO - tmpr9102hwf
[2022-11-17T17:35:48.365+0000] {subprocess.py:93} INFO - tmpt4qo16oq
[2022-11-17T17:35:48.365+0000] {subprocess.py:93} INFO - tmptn832g5z
[2022-11-17T17:35:48.366+0000] {subprocess.py:93} INFO - tmpu9qbl0wh
[2022-11-17T17:35:48.366+0000] {subprocess.py:93} INFO - tmpuq8ywung
[2022-11-17T17:35:48.366+0000] {subprocess.py:93} INFO - tmpv606o9_9
[2022-11-17T17:35:48.366+0000] {subprocess.py:93} INFO - tmpxf7g1lc4
[2022-11-17T17:35:48.367+0000] {subprocess.py:93} INFO - tmpxktobcjf
[2022-11-17T17:35:48.367+0000] {subprocess.py:93} INFO - tmpz91iizm7
[2022-11-17T17:35:48.367+0000] {subprocess.py:93} INFO - ,student,timestamp
[2022-11-17T17:35:48.368+0000] {subprocess.py:93} INFO - 0,Maria Cruz,2022-11-08 00:00:00+00:00
[2022-11-17T17:35:48.368+0000] {subprocess.py:93} INFO - 1,Daniel Crema,2022-11-08 00:00:00+00:00
[2022-11-17T17:35:48.368+0000] {subprocess.py:93} INFO - 2,Elon Musk,2022-11-08 00:00:00+00:00
[2022-11-17T17:35:48.369+0000] {subprocess.py:93} INFO - 3,Karol Castrejon,2022-11-08 00:00:00+00:00
[2022-11-17T17:35:48.370+0000] {subprocess.py:93} INFO - 4,Freddy Vega,2022-11-08 00:00:00+00:00
[2022-11-17T17:35:48.370+0000] {subprocess.py:93} INFO - 5,Freddy Montañez,2022-11-08 00:00:00+00:00
[2022-11-17T17:35:48.371+0000] {subprocess.py:97} INFO - Command exited with return code 0
[2022-11-17T17:35:48.396+0000] {taskinstance.py:1406} INFO - Marking task as SUCCESS. dag_id=MyPersonalAirflowProject, task_id=Print_Imported_data, execution_date=20221108T000000, start_date=20221117T173548, end_date=20221117T173548
[2022-11-17T17:35:48.451+0000] {local_task_job.py:164} INFO - Task exited with return code 0
[2022-11-17T17:35:48.473+0000] {local_task_job.py:273} INFO - 0 downstream tasks scheduled from follow-on schedule check
