[2022-11-04T21:13:30.555+0000] {taskinstance.py:1165} INFO - Dependencies all met for <TaskInstance: orquestation.task2 scheduled__2022-05-23T00:00:00+00:00 [queued]>
[2022-11-04T21:13:30.575+0000] {taskinstance.py:1165} INFO - Dependencies all met for <TaskInstance: orquestation.task2 scheduled__2022-05-23T00:00:00+00:00 [queued]>
[2022-11-04T21:13:30.576+0000] {taskinstance.py:1362} INFO - 
--------------------------------------------------------------------------------
[2022-11-04T21:13:30.576+0000] {taskinstance.py:1363} INFO - Starting attempt 1 of 1
[2022-11-04T21:13:30.578+0000] {taskinstance.py:1364} INFO - 
--------------------------------------------------------------------------------
[2022-11-04T21:13:30.596+0000] {taskinstance.py:1383} INFO - Executing <Task(BashOperator): task2> on 2022-05-23 00:00:00+00:00
[2022-11-04T21:13:30.605+0000] {standard_task_runner.py:55} INFO - Started process 404 to run task
[2022-11-04T21:13:30.609+0000] {standard_task_runner.py:82} INFO - Running: ['***', 'tasks', 'run', 'orquestation', 'task2', 'scheduled__2022-05-23T00:00:00+00:00', '--job-id', '99', '--raw', '--subdir', 'DAGS_FOLDER/5.1-orquestacion.py', '--cfg-path', '/tmp/tmpa23nbkwt']
[2022-11-04T21:13:30.610+0000] {standard_task_runner.py:83} INFO - Job 99: Subtask task2
[2022-11-04T21:13:30.686+0000] {task_command.py:376} INFO - Running <TaskInstance: orquestation.task2 scheduled__2022-05-23T00:00:00+00:00 [running]> on host 643e334f405f
[2022-11-04T21:13:30.793+0000] {taskinstance.py:1592} INFO - Exporting the following env vars:
AIRFLOW_CTX_DAG_OWNER=***
AIRFLOW_CTX_DAG_ID=orquestation
AIRFLOW_CTX_TASK_ID=task2
AIRFLOW_CTX_EXECUTION_DATE=2022-05-23T00:00:00+00:00
AIRFLOW_CTX_TRY_NUMBER=1
AIRFLOW_CTX_DAG_RUN_ID=scheduled__2022-05-23T00:00:00+00:00
[2022-11-04T21:13:30.795+0000] {subprocess.py:63} INFO - Tmp dir root location: 
 /tmp
[2022-11-04T21:13:30.796+0000] {subprocess.py:75} INFO - Running command: ['/bin/bash', '-c', "sleep 2 && echo 'task2'"]
[2022-11-04T21:13:30.817+0000] {subprocess.py:86} INFO - Output:
[2022-11-04T21:13:32.826+0000] {subprocess.py:93} INFO - task2
[2022-11-04T21:13:32.827+0000] {subprocess.py:97} INFO - Command exited with return code 0
[2022-11-04T21:13:32.863+0000] {taskinstance.py:1406} INFO - Marking task as SUCCESS. dag_id=orquestation, task_id=task2, execution_date=20220523T000000, start_date=20221104T211330, end_date=20221104T211332
[2022-11-04T21:13:32.950+0000] {local_task_job.py:164} INFO - Task exited with return code 0
[2022-11-04T21:13:32.993+0000] {local_task_job.py:273} INFO - 0 downstream tasks scheduled from follow-on schedule check
[2022-11-04T21:33:18.778+0000] {taskinstance.py:1165} INFO - Dependencies all met for <TaskInstance: orquestation.task2 scheduled__2022-05-23T00:00:00+00:00 [queued]>
[2022-11-04T21:33:18.802+0000] {taskinstance.py:1165} INFO - Dependencies all met for <TaskInstance: orquestation.task2 scheduled__2022-05-23T00:00:00+00:00 [queued]>
[2022-11-04T21:33:18.803+0000] {taskinstance.py:1362} INFO - 
--------------------------------------------------------------------------------
[2022-11-04T21:33:18.804+0000] {taskinstance.py:1363} INFO - Starting attempt 1 of 1
[2022-11-04T21:33:18.804+0000] {taskinstance.py:1364} INFO - 
--------------------------------------------------------------------------------
[2022-11-04T21:33:18.824+0000] {taskinstance.py:1383} INFO - Executing <Task(BashOperator): task2> on 2022-05-23 00:00:00+00:00
[2022-11-04T21:33:18.835+0000] {standard_task_runner.py:55} INFO - Started process 1051 to run task
[2022-11-04T21:33:18.840+0000] {standard_task_runner.py:82} INFO - Running: ['***', 'tasks', 'run', 'orquestation', 'task2', 'scheduled__2022-05-23T00:00:00+00:00', '--job-id', '200', '--raw', '--subdir', 'DAGS_FOLDER/5.1-orquestacion.py', '--cfg-path', '/tmp/tmpb5j6toll']
[2022-11-04T21:33:18.841+0000] {standard_task_runner.py:83} INFO - Job 200: Subtask task2
[2022-11-04T21:33:18.941+0000] {task_command.py:376} INFO - Running <TaskInstance: orquestation.task2 scheduled__2022-05-23T00:00:00+00:00 [running]> on host 643e334f405f
[2022-11-04T21:33:19.056+0000] {taskinstance.py:1592} INFO - Exporting the following env vars:
AIRFLOW_CTX_DAG_OWNER=***
AIRFLOW_CTX_DAG_ID=orquestation
AIRFLOW_CTX_TASK_ID=task2
AIRFLOW_CTX_EXECUTION_DATE=2022-05-23T00:00:00+00:00
AIRFLOW_CTX_TRY_NUMBER=1
AIRFLOW_CTX_DAG_RUN_ID=scheduled__2022-05-23T00:00:00+00:00
[2022-11-04T21:33:19.059+0000] {subprocess.py:63} INFO - Tmp dir root location: 
 /tmp
[2022-11-04T21:33:19.061+0000] {subprocess.py:75} INFO - Running command: ['/bin/bash', '-c', "sleep 2 && echo 'task2'"]
[2022-11-04T21:33:19.080+0000] {subprocess.py:86} INFO - Output:
[2022-11-04T21:33:21.326+0000] {subprocess.py:93} INFO - task2
[2022-11-04T21:33:21.327+0000] {subprocess.py:97} INFO - Command exited with return code 0
[2022-11-04T21:33:21.373+0000] {taskinstance.py:1406} INFO - Marking task as SUCCESS. dag_id=orquestation, task_id=task2, execution_date=20220523T000000, start_date=20221104T213318, end_date=20221104T213321
[2022-11-04T21:33:21.420+0000] {local_task_job.py:164} INFO - Task exited with return code 0
[2022-11-04T21:33:21.462+0000] {local_task_job.py:273} INFO - 2 downstream tasks scheduled from follow-on schedule check
[2022-11-04T21:44:07.704+0000] {taskinstance.py:1165} INFO - Dependencies all met for <TaskInstance: orquestation.task2 scheduled__2022-05-23T00:00:00+00:00 [queued]>
[2022-11-04T21:44:07.719+0000] {taskinstance.py:1165} INFO - Dependencies all met for <TaskInstance: orquestation.task2 scheduled__2022-05-23T00:00:00+00:00 [queued]>
[2022-11-04T21:44:07.720+0000] {taskinstance.py:1362} INFO - 
--------------------------------------------------------------------------------
[2022-11-04T21:44:07.720+0000] {taskinstance.py:1363} INFO - Starting attempt 1 of 1
[2022-11-04T21:44:07.721+0000] {taskinstance.py:1364} INFO - 
--------------------------------------------------------------------------------
[2022-11-04T21:44:07.737+0000] {taskinstance.py:1383} INFO - Executing <Task(BashOperator): task2> on 2022-05-23 00:00:00+00:00
[2022-11-04T21:44:07.743+0000] {standard_task_runner.py:55} INFO - Started process 2132 to run task
[2022-11-04T21:44:07.746+0000] {standard_task_runner.py:82} INFO - Running: ['***', 'tasks', 'run', 'orquestation', 'task2', 'scheduled__2022-05-23T00:00:00+00:00', '--job-id', '344', '--raw', '--subdir', 'DAGS_FOLDER/5.1-orquestacion.py', '--cfg-path', '/tmp/tmpijbl7fbi']
[2022-11-04T21:44:07.746+0000] {standard_task_runner.py:83} INFO - Job 344: Subtask task2
[2022-11-04T21:44:07.812+0000] {task_command.py:376} INFO - Running <TaskInstance: orquestation.task2 scheduled__2022-05-23T00:00:00+00:00 [running]> on host 643e334f405f
[2022-11-04T21:44:07.893+0000] {taskinstance.py:1592} INFO - Exporting the following env vars:
AIRFLOW_CTX_DAG_OWNER=***
AIRFLOW_CTX_DAG_ID=orquestation
AIRFLOW_CTX_TASK_ID=task2
AIRFLOW_CTX_EXECUTION_DATE=2022-05-23T00:00:00+00:00
AIRFLOW_CTX_TRY_NUMBER=1
AIRFLOW_CTX_DAG_RUN_ID=scheduled__2022-05-23T00:00:00+00:00
[2022-11-04T21:44:07.895+0000] {subprocess.py:63} INFO - Tmp dir root location: 
 /tmp
[2022-11-04T21:44:07.896+0000] {subprocess.py:75} INFO - Running command: ['/bin/bash', '-c', "sleep 2 && echo 'task2'"]
[2022-11-04T21:44:07.919+0000] {subprocess.py:86} INFO - Output:
[2022-11-04T21:44:09.923+0000] {subprocess.py:93} INFO - task2
[2022-11-04T21:44:09.924+0000] {subprocess.py:97} INFO - Command exited with return code 0
[2022-11-04T21:44:09.952+0000] {taskinstance.py:1406} INFO - Marking task as SUCCESS. dag_id=orquestation, task_id=task2, execution_date=20220523T000000, start_date=20221104T214407, end_date=20221104T214409
[2022-11-04T21:44:10.005+0000] {local_task_job.py:164} INFO - Task exited with return code 0
[2022-11-04T21:44:10.040+0000] {local_task_job.py:273} INFO - 2 downstream tasks scheduled from follow-on schedule check
