[2022-11-16T21:29:27.488+0000] {taskinstance.py:1165} INFO - Dependencies all met for <TaskInstance: MyPersonalAirflowProject.waiting_nasa_confirmation scheduled__2022-10-23T00:00:00+00:00 [queued]>
[2022-11-16T21:29:27.593+0000] {taskinstance.py:1165} INFO - Dependencies all met for <TaskInstance: MyPersonalAirflowProject.waiting_nasa_confirmation scheduled__2022-10-23T00:00:00+00:00 [queued]>
[2022-11-16T21:29:27.594+0000] {taskinstance.py:1362} INFO - 
--------------------------------------------------------------------------------
[2022-11-16T21:29:27.595+0000] {taskinstance.py:1363} INFO - Starting attempt 2 of 2
[2022-11-16T21:29:27.596+0000] {taskinstance.py:1364} INFO - 
--------------------------------------------------------------------------------
[2022-11-16T21:29:27.956+0000] {taskinstance.py:1383} INFO - Executing <Task(FileSensor): waiting_nasa_confirmation> on 2022-10-23 00:00:00+00:00
[2022-11-16T21:29:27.963+0000] {standard_task_runner.py:55} INFO - Started process 2809 to run task
[2022-11-16T21:29:27.967+0000] {standard_task_runner.py:82} INFO - Running: ['***', 'tasks', 'run', 'MyPersonalAirflowProject', 'waiting_nasa_confirmation', 'scheduled__2022-10-23T00:00:00+00:00', '--job-id', '1371', '--raw', '--subdir', 'DAGS_FOLDER/FinalPersonalProject.py', '--cfg-path', '/tmp/tmp5w5nkewe']
[2022-11-16T21:29:27.968+0000] {standard_task_runner.py:83} INFO - Job 1371: Subtask waiting_nasa_confirmation
[2022-11-16T21:29:28.191+0000] {task_command.py:376} INFO - Running <TaskInstance: MyPersonalAirflowProject.waiting_nasa_confirmation scheduled__2022-10-23T00:00:00+00:00 [running]> on host 638485efabe7
[2022-11-16T21:29:28.896+0000] {taskinstance.py:1592} INFO - Exporting the following env vars:
AIRFLOW_CTX_DAG_OWNER=***
AIRFLOW_CTX_DAG_ID=MyPersonalAirflowProject
AIRFLOW_CTX_TASK_ID=waiting_nasa_confirmation
AIRFLOW_CTX_EXECUTION_DATE=2022-10-23T00:00:00+00:00
AIRFLOW_CTX_TRY_NUMBER=2
AIRFLOW_CTX_DAG_RUN_ID=scheduled__2022-10-23T00:00:00+00:00
[2022-11-16T21:29:28.966+0000] {base.py:71} INFO - Using connection ID 'fs_default' for task execution.
[2022-11-16T21:29:28.967+0000] {filesystem.py:58} INFO - Poking for file /tmp/reponse_20221023.txt
[2022-11-16T21:29:28.967+0000] {filesystem.py:63} INFO - Found File /tmp/reponse_20221023.txt last modified: 20221116212918
[2022-11-16T21:29:28.968+0000] {base.py:213} INFO - Success criteria met. Exiting.
[2022-11-16T21:29:28.980+0000] {taskinstance.py:1406} INFO - Marking task as SUCCESS. dag_id=MyPersonalAirflowProject, task_id=waiting_nasa_confirmation, execution_date=20221023T000000, start_date=20221116T212927, end_date=20221116T212928
[2022-11-16T21:29:29.251+0000] {local_task_job.py:164} INFO - Task exited with return code 0
[2022-11-16T21:29:29.745+0000] {local_task_job.py:273} INFO - 1 downstream tasks scheduled from follow-on schedule check
[2022-11-17T15:55:58.765+0000] {taskinstance.py:1165} INFO - Dependencies all met for <TaskInstance: MyPersonalAirflowProject.waiting_nasa_confirmation scheduled__2022-10-23T00:00:00+00:00 [queued]>
[2022-11-17T15:55:58.917+0000] {taskinstance.py:1165} INFO - Dependencies all met for <TaskInstance: MyPersonalAirflowProject.waiting_nasa_confirmation scheduled__2022-10-23T00:00:00+00:00 [queued]>
[2022-11-17T15:55:58.918+0000] {taskinstance.py:1362} INFO - 
--------------------------------------------------------------------------------
[2022-11-17T15:55:58.918+0000] {taskinstance.py:1363} INFO - Starting attempt 2 of 2
[2022-11-17T15:55:58.918+0000] {taskinstance.py:1364} INFO - 
--------------------------------------------------------------------------------
[2022-11-17T15:55:58.993+0000] {taskinstance.py:1383} INFO - Executing <Task(FileSensor): waiting_nasa_confirmation> on 2022-10-23 00:00:00+00:00
[2022-11-17T15:55:59.005+0000] {standard_task_runner.py:55} INFO - Started process 1094 to run task
[2022-11-17T15:55:59.008+0000] {standard_task_runner.py:82} INFO - Running: ['***', 'tasks', 'run', 'MyPersonalAirflowProject', 'waiting_nasa_confirmation', 'scheduled__2022-10-23T00:00:00+00:00', '--job-id', '1875', '--raw', '--subdir', 'DAGS_FOLDER/FinalPersonalProject.py', '--cfg-path', '/tmp/tmpccu_ux2m']
[2022-11-17T15:55:59.279+0000] {standard_task_runner.py:83} INFO - Job 1875: Subtask waiting_nasa_confirmation
[2022-11-17T15:55:59.437+0000] {task_command.py:376} INFO - Running <TaskInstance: MyPersonalAirflowProject.waiting_nasa_confirmation scheduled__2022-10-23T00:00:00+00:00 [running]> on host 638485efabe7
[2022-11-17T15:55:59.531+0000] {taskinstance.py:1592} INFO - Exporting the following env vars:
AIRFLOW_CTX_DAG_OWNER=***
AIRFLOW_CTX_DAG_ID=MyPersonalAirflowProject
AIRFLOW_CTX_TASK_ID=waiting_nasa_confirmation
AIRFLOW_CTX_EXECUTION_DATE=2022-10-23T00:00:00+00:00
AIRFLOW_CTX_TRY_NUMBER=2
AIRFLOW_CTX_DAG_RUN_ID=scheduled__2022-10-23T00:00:00+00:00
[2022-11-17T15:55:59.542+0000] {base.py:71} INFO - Using connection ID 'fs_default' for task execution.
[2022-11-17T15:55:59.543+0000] {filesystem.py:58} INFO - Poking for file /tmp/reponse_20221023.txt
[2022-11-17T15:55:59.543+0000] {filesystem.py:63} INFO - Found File /tmp/reponse_20221023.txt last modified: 20221117155556
[2022-11-17T15:55:59.544+0000] {base.py:213} INFO - Success criteria met. Exiting.
[2022-11-17T15:55:59.555+0000] {taskinstance.py:1406} INFO - Marking task as SUCCESS. dag_id=MyPersonalAirflowProject, task_id=waiting_nasa_confirmation, execution_date=20221023T000000, start_date=20221117T155558, end_date=20221117T155559
[2022-11-17T15:55:59.583+0000] {local_task_job.py:164} INFO - Task exited with return code 0
[2022-11-17T15:55:59.628+0000] {local_task_job.py:273} INFO - 1 downstream tasks scheduled from follow-on schedule check
