[2022-11-04T21:33:06.908+0000] {taskinstance.py:1165} INFO - Dependencies all met for <TaskInstance: orquestation.task3 scheduled__2022-05-19T00:00:00+00:00 [queued]>
[2022-11-04T21:33:06.932+0000] {taskinstance.py:1165} INFO - Dependencies all met for <TaskInstance: orquestation.task3 scheduled__2022-05-19T00:00:00+00:00 [queued]>
[2022-11-04T21:33:06.933+0000] {taskinstance.py:1362} INFO - 
--------------------------------------------------------------------------------
[2022-11-04T21:33:06.934+0000] {taskinstance.py:1363} INFO - Starting attempt 1 of 1
[2022-11-04T21:33:06.935+0000] {taskinstance.py:1364} INFO - 
--------------------------------------------------------------------------------
[2022-11-04T21:33:06.965+0000] {taskinstance.py:1383} INFO - Executing <Task(BashOperator): task3> on 2022-05-19 00:00:00+00:00
[2022-11-04T21:33:06.975+0000] {standard_task_runner.py:55} INFO - Started process 995 to run task
[2022-11-04T21:33:06.980+0000] {standard_task_runner.py:82} INFO - Running: ['***', 'tasks', 'run', 'orquestation', 'task3', 'scheduled__2022-05-19T00:00:00+00:00', '--job-id', '187', '--raw', '--subdir', 'DAGS_FOLDER/5.1-orquestacion.py', '--cfg-path', '/tmp/tmpnf5la6lq']
[2022-11-04T21:33:06.981+0000] {standard_task_runner.py:83} INFO - Job 187: Subtask task3
[2022-11-04T21:33:07.071+0000] {task_command.py:376} INFO - Running <TaskInstance: orquestation.task3 scheduled__2022-05-19T00:00:00+00:00 [running]> on host 643e334f405f
[2022-11-04T21:33:07.188+0000] {taskinstance.py:1592} INFO - Exporting the following env vars:
AIRFLOW_CTX_DAG_OWNER=***
AIRFLOW_CTX_DAG_ID=orquestation
AIRFLOW_CTX_TASK_ID=task3
AIRFLOW_CTX_EXECUTION_DATE=2022-05-19T00:00:00+00:00
AIRFLOW_CTX_TRY_NUMBER=1
AIRFLOW_CTX_DAG_RUN_ID=scheduled__2022-05-19T00:00:00+00:00
[2022-11-04T21:33:07.192+0000] {subprocess.py:63} INFO - Tmp dir root location: 
 /tmp
[2022-11-04T21:33:07.195+0000] {subprocess.py:75} INFO - Running command: ['/bin/bash', '-c', "sleep 2 && echo 'task3'"]
[2022-11-04T21:33:07.217+0000] {subprocess.py:86} INFO - Output:
[2022-11-04T21:33:09.266+0000] {subprocess.py:93} INFO - task3
[2022-11-04T21:33:09.267+0000] {subprocess.py:97} INFO - Command exited with return code 0
[2022-11-04T21:33:09.313+0000] {taskinstance.py:1406} INFO - Marking task as SUCCESS. dag_id=orquestation, task_id=task3, execution_date=20220519T000000, start_date=20221104T213306, end_date=20221104T213309
[2022-11-04T21:33:09.358+0000] {local_task_job.py:164} INFO - Task exited with return code 0
[2022-11-04T21:33:09.383+0000] {local_task_job.py:273} INFO - 0 downstream tasks scheduled from follow-on schedule check
[2022-11-04T21:43:25.831+0000] {taskinstance.py:1165} INFO - Dependencies all met for <TaskInstance: orquestation.task3 scheduled__2022-05-19T00:00:00+00:00 [queued]>
[2022-11-04T21:43:25.850+0000] {taskinstance.py:1165} INFO - Dependencies all met for <TaskInstance: orquestation.task3 scheduled__2022-05-19T00:00:00+00:00 [queued]>
[2022-11-04T21:43:25.851+0000] {taskinstance.py:1362} INFO - 
--------------------------------------------------------------------------------
[2022-11-04T21:43:25.851+0000] {taskinstance.py:1363} INFO - Starting attempt 1 of 1
[2022-11-04T21:43:25.852+0000] {taskinstance.py:1364} INFO - 
--------------------------------------------------------------------------------
[2022-11-04T21:43:25.872+0000] {taskinstance.py:1383} INFO - Executing <Task(BashOperator): task3> on 2022-05-19 00:00:00+00:00
[2022-11-04T21:43:25.881+0000] {standard_task_runner.py:55} INFO - Started process 2047 to run task
[2022-11-04T21:43:25.884+0000] {standard_task_runner.py:82} INFO - Running: ['***', 'tasks', 'run', 'orquestation', 'task3', 'scheduled__2022-05-19T00:00:00+00:00', '--job-id', '329', '--raw', '--subdir', 'DAGS_FOLDER/5.1-orquestacion.py', '--cfg-path', '/tmp/tmpct_ejkkm']
[2022-11-04T21:43:25.885+0000] {standard_task_runner.py:83} INFO - Job 329: Subtask task3
[2022-11-04T21:43:25.964+0000] {task_command.py:376} INFO - Running <TaskInstance: orquestation.task3 scheduled__2022-05-19T00:00:00+00:00 [running]> on host 643e334f405f
[2022-11-04T21:43:26.046+0000] {taskinstance.py:1592} INFO - Exporting the following env vars:
AIRFLOW_CTX_DAG_OWNER=***
AIRFLOW_CTX_DAG_ID=orquestation
AIRFLOW_CTX_TASK_ID=task3
AIRFLOW_CTX_EXECUTION_DATE=2022-05-19T00:00:00+00:00
AIRFLOW_CTX_TRY_NUMBER=1
AIRFLOW_CTX_DAG_RUN_ID=scheduled__2022-05-19T00:00:00+00:00
[2022-11-04T21:43:26.047+0000] {subprocess.py:63} INFO - Tmp dir root location: 
 /tmp
[2022-11-04T21:43:26.049+0000] {subprocess.py:75} INFO - Running command: ['/bin/bash', '-c', "sleep 2 && echo 'task3'"]
[2022-11-04T21:43:26.063+0000] {subprocess.py:86} INFO - Output:
[2022-11-04T21:43:28.067+0000] {subprocess.py:93} INFO - task3
[2022-11-04T21:43:28.068+0000] {subprocess.py:97} INFO - Command exited with return code 0
[2022-11-04T21:43:28.096+0000] {taskinstance.py:1406} INFO - Marking task as SUCCESS. dag_id=orquestation, task_id=task3, execution_date=20220519T000000, start_date=20221104T214325, end_date=20221104T214328
[2022-11-04T21:43:28.145+0000] {local_task_job.py:164} INFO - Task exited with return code 0
[2022-11-04T21:43:28.189+0000] {local_task_job.py:273} INFO - 0 downstream tasks scheduled from follow-on schedule check
