[2022-11-04T20:52:17.083+0000] {taskinstance.py:1165} INFO - Dependencies all met for <TaskInstance: orquestation.task3 scheduled__2022-05-29T00:00:00+00:00 [queued]>
[2022-11-04T20:52:17.095+0000] {taskinstance.py:1165} INFO - Dependencies all met for <TaskInstance: orquestation.task3 scheduled__2022-05-29T00:00:00+00:00 [queued]>
[2022-11-04T20:52:17.096+0000] {taskinstance.py:1362} INFO - 
--------------------------------------------------------------------------------
[2022-11-04T20:52:17.096+0000] {taskinstance.py:1363} INFO - Starting attempt 1 of 1
[2022-11-04T20:52:17.098+0000] {taskinstance.py:1364} INFO - 
--------------------------------------------------------------------------------
[2022-11-04T20:52:17.121+0000] {taskinstance.py:1383} INFO - Executing <Task(BashOperator): task3> on 2022-05-29 00:00:00+00:00
[2022-11-04T20:52:17.130+0000] {standard_task_runner.py:55} INFO - Started process 2629 to run task
[2022-11-04T20:52:17.133+0000] {standard_task_runner.py:82} INFO - Running: ['***', 'tasks', 'run', 'orquestation', 'task3', 'scheduled__2022-05-29T00:00:00+00:00', '--job-id', '64', '--raw', '--subdir', 'DAGS_FOLDER/5.1-orquestacion.py', '--cfg-path', '/tmp/tmpcik_s15o']
[2022-11-04T20:52:17.134+0000] {standard_task_runner.py:83} INFO - Job 64: Subtask task3
[2022-11-04T20:52:17.214+0000] {task_command.py:376} INFO - Running <TaskInstance: orquestation.task3 scheduled__2022-05-29T00:00:00+00:00 [running]> on host 208ed96b478a
[2022-11-04T20:52:17.304+0000] {taskinstance.py:1592} INFO - Exporting the following env vars:
AIRFLOW_CTX_DAG_OWNER=***
AIRFLOW_CTX_DAG_ID=orquestation
AIRFLOW_CTX_TASK_ID=task3
AIRFLOW_CTX_EXECUTION_DATE=2022-05-29T00:00:00+00:00
AIRFLOW_CTX_TRY_NUMBER=1
AIRFLOW_CTX_DAG_RUN_ID=scheduled__2022-05-29T00:00:00+00:00
[2022-11-04T20:52:17.305+0000] {subprocess.py:63} INFO - Tmp dir root location: 
 /tmp
[2022-11-04T20:52:17.306+0000] {subprocess.py:75} INFO - Running command: ['/bin/bash', '-c', "sleep 2 && echo 'task3'"]
[2022-11-04T20:52:17.322+0000] {subprocess.py:86} INFO - Output:
[2022-11-04T20:52:19.337+0000] {subprocess.py:93} INFO - task3
[2022-11-04T20:52:19.339+0000] {subprocess.py:97} INFO - Command exited with return code 0
[2022-11-04T20:52:19.406+0000] {taskinstance.py:1406} INFO - Marking task as SUCCESS. dag_id=orquestation, task_id=task3, execution_date=20220529T000000, start_date=20221104T205217, end_date=20221104T205219
[2022-11-04T20:52:19.475+0000] {local_task_job.py:164} INFO - Task exited with return code 0
[2022-11-04T20:52:19.653+0000] {local_task_job.py:273} INFO - 0 downstream tasks scheduled from follow-on schedule check
[2022-11-04T21:33:50.746+0000] {taskinstance.py:1165} INFO - Dependencies all met for <TaskInstance: orquestation.task3 scheduled__2022-05-29T00:00:00+00:00 [queued]>
[2022-11-04T21:33:50.775+0000] {taskinstance.py:1165} INFO - Dependencies all met for <TaskInstance: orquestation.task3 scheduled__2022-05-29T00:00:00+00:00 [queued]>
[2022-11-04T21:33:50.775+0000] {taskinstance.py:1362} INFO - 
--------------------------------------------------------------------------------
[2022-11-04T21:33:50.776+0000] {taskinstance.py:1363} INFO - Starting attempt 1 of 1
[2022-11-04T21:33:50.776+0000] {taskinstance.py:1364} INFO - 
--------------------------------------------------------------------------------
[2022-11-04T21:33:50.801+0000] {taskinstance.py:1383} INFO - Executing <Task(BashOperator): task3> on 2022-05-29 00:00:00+00:00
[2022-11-04T21:33:50.811+0000] {standard_task_runner.py:55} INFO - Started process 1179 to run task
[2022-11-04T21:33:50.816+0000] {standard_task_runner.py:82} INFO - Running: ['***', 'tasks', 'run', 'orquestation', 'task3', 'scheduled__2022-05-29T00:00:00+00:00', '--job-id', '226', '--raw', '--subdir', 'DAGS_FOLDER/5.1-orquestacion.py', '--cfg-path', '/tmp/tmpsj_owzet']
[2022-11-04T21:33:50.818+0000] {standard_task_runner.py:83} INFO - Job 226: Subtask task3
[2022-11-04T21:33:50.908+0000] {task_command.py:376} INFO - Running <TaskInstance: orquestation.task3 scheduled__2022-05-29T00:00:00+00:00 [running]> on host 643e334f405f
[2022-11-04T21:33:51.028+0000] {taskinstance.py:1592} INFO - Exporting the following env vars:
AIRFLOW_CTX_DAG_OWNER=***
AIRFLOW_CTX_DAG_ID=orquestation
AIRFLOW_CTX_TASK_ID=task3
AIRFLOW_CTX_EXECUTION_DATE=2022-05-29T00:00:00+00:00
AIRFLOW_CTX_TRY_NUMBER=1
AIRFLOW_CTX_DAG_RUN_ID=scheduled__2022-05-29T00:00:00+00:00
[2022-11-04T21:33:51.030+0000] {subprocess.py:63} INFO - Tmp dir root location: 
 /tmp
[2022-11-04T21:33:51.031+0000] {subprocess.py:75} INFO - Running command: ['/bin/bash', '-c', "sleep 2 && echo 'task3'"]
[2022-11-04T21:33:51.056+0000] {subprocess.py:86} INFO - Output:
[2022-11-04T21:33:53.075+0000] {subprocess.py:93} INFO - task3
[2022-11-04T21:33:53.076+0000] {subprocess.py:97} INFO - Command exited with return code 0
[2022-11-04T21:33:53.120+0000] {taskinstance.py:1406} INFO - Marking task as SUCCESS. dag_id=orquestation, task_id=task3, execution_date=20220529T000000, start_date=20221104T213350, end_date=20221104T213353
[2022-11-04T21:33:53.196+0000] {local_task_job.py:164} INFO - Task exited with return code 0
[2022-11-04T21:33:53.228+0000] {local_task_job.py:273} INFO - 0 downstream tasks scheduled from follow-on schedule check
[2022-11-04T21:45:16.426+0000] {taskinstance.py:1165} INFO - Dependencies all met for <TaskInstance: orquestation.task3 scheduled__2022-05-29T00:00:00+00:00 [queued]>
[2022-11-04T21:45:16.444+0000] {taskinstance.py:1165} INFO - Dependencies all met for <TaskInstance: orquestation.task3 scheduled__2022-05-29T00:00:00+00:00 [queued]>
[2022-11-04T21:45:16.445+0000] {taskinstance.py:1362} INFO - 
--------------------------------------------------------------------------------
[2022-11-04T21:45:16.446+0000] {taskinstance.py:1363} INFO - Starting attempt 1 of 1
[2022-11-04T21:45:16.446+0000] {taskinstance.py:1364} INFO - 
--------------------------------------------------------------------------------
[2022-11-04T21:45:16.472+0000] {taskinstance.py:1383} INFO - Executing <Task(BashOperator): task3> on 2022-05-29 00:00:00+00:00
[2022-11-04T21:45:16.481+0000] {standard_task_runner.py:55} INFO - Started process 2289 to run task
[2022-11-04T21:45:16.484+0000] {standard_task_runner.py:82} INFO - Running: ['***', 'tasks', 'run', 'orquestation', 'task3', 'scheduled__2022-05-29T00:00:00+00:00', '--job-id', '369', '--raw', '--subdir', 'DAGS_FOLDER/5.1-orquestacion.py', '--cfg-path', '/tmp/tmpo7icfxb_']
[2022-11-04T21:45:16.485+0000] {standard_task_runner.py:83} INFO - Job 369: Subtask task3
[2022-11-04T21:45:16.559+0000] {task_command.py:376} INFO - Running <TaskInstance: orquestation.task3 scheduled__2022-05-29T00:00:00+00:00 [running]> on host 643e334f405f
[2022-11-04T21:45:16.646+0000] {taskinstance.py:1592} INFO - Exporting the following env vars:
AIRFLOW_CTX_DAG_OWNER=***
AIRFLOW_CTX_DAG_ID=orquestation
AIRFLOW_CTX_TASK_ID=task3
AIRFLOW_CTX_EXECUTION_DATE=2022-05-29T00:00:00+00:00
AIRFLOW_CTX_TRY_NUMBER=1
AIRFLOW_CTX_DAG_RUN_ID=scheduled__2022-05-29T00:00:00+00:00
[2022-11-04T21:45:16.648+0000] {subprocess.py:63} INFO - Tmp dir root location: 
 /tmp
[2022-11-04T21:45:16.649+0000] {subprocess.py:75} INFO - Running command: ['/bin/bash', '-c', "sleep 2 && echo 'task3'"]
[2022-11-04T21:45:16.661+0000] {subprocess.py:86} INFO - Output:
[2022-11-04T21:45:18.665+0000] {subprocess.py:93} INFO - task3
[2022-11-04T21:45:18.666+0000] {subprocess.py:97} INFO - Command exited with return code 0
[2022-11-04T21:45:18.702+0000] {taskinstance.py:1406} INFO - Marking task as SUCCESS. dag_id=orquestation, task_id=task3, execution_date=20220529T000000, start_date=20221104T214516, end_date=20221104T214518
[2022-11-04T21:45:18.743+0000] {local_task_job.py:164} INFO - Task exited with return code 0
[2022-11-04T21:45:18.770+0000] {local_task_job.py:273} INFO - 0 downstream tasks scheduled from follow-on schedule check
