[2022-11-17T16:49:55.207+0000] {taskinstance.py:1165} INFO - Dependencies all met for <TaskInstance: MyPersonalAirflowProject.Data_Team_Notification scheduled__2022-11-15T00:00:00+00:00 [queued]>
[2022-11-17T16:49:55.220+0000] {taskinstance.py:1165} INFO - Dependencies all met for <TaskInstance: MyPersonalAirflowProject.Data_Team_Notification scheduled__2022-11-15T00:00:00+00:00 [queued]>
[2022-11-17T16:49:55.221+0000] {taskinstance.py:1362} INFO - 
--------------------------------------------------------------------------------
[2022-11-17T16:49:55.222+0000] {taskinstance.py:1363} INFO - Starting attempt 1 of 1
[2022-11-17T16:49:55.222+0000] {taskinstance.py:1364} INFO - 
--------------------------------------------------------------------------------
[2022-11-17T16:49:55.240+0000] {taskinstance.py:1383} INFO - Executing <Task(NotifyOperator): Data_Team_Notification> on 2022-11-15 00:00:00+00:00
[2022-11-17T16:49:55.246+0000] {standard_task_runner.py:55} INFO - Started process 5178 to run task
[2022-11-17T16:49:55.249+0000] {standard_task_runner.py:82} INFO - Running: ['***', 'tasks', 'run', 'MyPersonalAirflowProject', 'Data_Team_Notification', 'scheduled__2022-11-15T00:00:00+00:00', '--job-id', '2391', '--raw', '--subdir', 'DAGS_FOLDER/FinalPersonalProject.py', '--cfg-path', '/tmp/tmp9ysxezp6']
[2022-11-17T16:49:55.250+0000] {standard_task_runner.py:83} INFO - Job 2391: Subtask Data_Team_Notification
[2022-11-17T16:49:55.335+0000] {task_command.py:376} INFO - Running <TaskInstance: MyPersonalAirflowProject.Data_Team_Notification scheduled__2022-11-15T00:00:00+00:00 [running]> on host 638485efabe7
[2022-11-17T16:49:55.426+0000] {taskinstance.py:1592} INFO - Exporting the following env vars:
AIRFLOW_CTX_DAG_OWNER=***
AIRFLOW_CTX_DAG_ID=MyPersonalAirflowProject
AIRFLOW_CTX_TASK_ID=Data_Team_Notification
AIRFLOW_CTX_EXECUTION_DATE=2022-11-15T00:00:00+00:00
AIRFLOW_CTX_TRY_NUMBER=1
AIRFLOW_CTX_DAG_RUN_ID=scheduled__2022-11-15T00:00:00+00:00
[2022-11-17T16:49:55.427+0000] {logging_mixin.py:120} INFO - Hi Data team, Space X data for {ds} are now available!.. Please check them out!
[2022-11-17T16:49:55.439+0000] {taskinstance.py:1406} INFO - Marking task as SUCCESS. dag_id=MyPersonalAirflowProject, task_id=Data_Team_Notification, execution_date=20221115T000000, start_date=20221117T164955, end_date=20221117T164955
[2022-11-17T16:49:55.502+0000] {local_task_job.py:164} INFO - Task exited with return code 0
[2022-11-17T16:49:55.524+0000] {local_task_job.py:273} INFO - 0 downstream tasks scheduled from follow-on schedule check
[2022-11-17T17:39:23.199+0000] {taskinstance.py:1165} INFO - Dependencies all met for <TaskInstance: MyPersonalAirflowProject.Data_Team_Notification scheduled__2022-11-15T00:00:00+00:00 [queued]>
[2022-11-17T17:39:23.213+0000] {taskinstance.py:1165} INFO - Dependencies all met for <TaskInstance: MyPersonalAirflowProject.Data_Team_Notification scheduled__2022-11-15T00:00:00+00:00 [queued]>
[2022-11-17T17:39:23.214+0000] {taskinstance.py:1362} INFO - 
--------------------------------------------------------------------------------
[2022-11-17T17:39:23.214+0000] {taskinstance.py:1363} INFO - Starting attempt 1 of 1
[2022-11-17T17:39:23.215+0000] {taskinstance.py:1364} INFO - 
--------------------------------------------------------------------------------
[2022-11-17T17:39:23.238+0000] {taskinstance.py:1383} INFO - Executing <Task(NotifyOperator): Data_Team_Notification> on 2022-11-15 00:00:00+00:00
[2022-11-17T17:39:23.245+0000] {standard_task_runner.py:55} INFO - Started process 8754 to run task
[2022-11-17T17:39:23.247+0000] {standard_task_runner.py:82} INFO - Running: ['***', 'tasks', 'run', 'MyPersonalAirflowProject', 'Data_Team_Notification', 'scheduled__2022-11-15T00:00:00+00:00', '--job-id', '2800', '--raw', '--subdir', 'DAGS_FOLDER/FinalPersonalProject.py', '--cfg-path', '/tmp/tmpljpy12z3']
[2022-11-17T17:39:23.248+0000] {standard_task_runner.py:83} INFO - Job 2800: Subtask Data_Team_Notification
[2022-11-17T17:39:23.366+0000] {task_command.py:376} INFO - Running <TaskInstance: MyPersonalAirflowProject.Data_Team_Notification scheduled__2022-11-15T00:00:00+00:00 [running]> on host 638485efabe7
[2022-11-17T17:39:23.448+0000] {taskinstance.py:1592} INFO - Exporting the following env vars:
AIRFLOW_CTX_DAG_OWNER=***
AIRFLOW_CTX_DAG_ID=MyPersonalAirflowProject
AIRFLOW_CTX_TASK_ID=Data_Team_Notification
AIRFLOW_CTX_EXECUTION_DATE=2022-11-15T00:00:00+00:00
AIRFLOW_CTX_TRY_NUMBER=1
AIRFLOW_CTX_DAG_RUN_ID=scheduled__2022-11-15T00:00:00+00:00
[2022-11-17T17:39:23.449+0000] {logging_mixin.py:120} INFO - Hi Data team, Space X data for 2022-11-17  are now available!.. Please check them out!
[2022-11-17T17:39:23.461+0000] {taskinstance.py:1406} INFO - Marking task as SUCCESS. dag_id=MyPersonalAirflowProject, task_id=Data_Team_Notification, execution_date=20221115T000000, start_date=20221117T173923, end_date=20221117T173923
[2022-11-17T17:39:23.501+0000] {local_task_job.py:164} INFO - Task exited with return code 0
[2022-11-17T17:39:23.524+0000] {local_task_job.py:273} INFO - 0 downstream tasks scheduled from follow-on schedule check
