[2022-11-17T16:33:33.670+0000] {taskinstance.py:1165} INFO - Dependencies all met for <TaskInstance: MyPersonalAirflowProject.end_confirmation_from_nasa scheduled__2022-10-19T00:00:00+00:00 [queued]>
[2022-11-17T16:33:33.687+0000] {taskinstance.py:1165} INFO - Dependencies all met for <TaskInstance: MyPersonalAirflowProject.end_confirmation_from_nasa scheduled__2022-10-19T00:00:00+00:00 [queued]>
[2022-11-17T16:33:33.688+0000] {taskinstance.py:1362} INFO - 
--------------------------------------------------------------------------------
[2022-11-17T16:33:33.691+0000] {taskinstance.py:1363} INFO - Starting attempt 1 of 1
[2022-11-17T16:33:33.691+0000] {taskinstance.py:1364} INFO - 
--------------------------------------------------------------------------------
[2022-11-17T16:33:33.714+0000] {taskinstance.py:1383} INFO - Executing <Task(BashOperator): end_confirmation_from_nasa> on 2022-10-19 00:00:00+00:00
[2022-11-17T16:33:33.721+0000] {standard_task_runner.py:55} INFO - Started process 3777 to run task
[2022-11-17T16:33:33.725+0000] {standard_task_runner.py:82} INFO - Running: ['***', 'tasks', 'run', 'MyPersonalAirflowProject', 'end_confirmation_from_nasa', 'scheduled__2022-10-19T00:00:00+00:00', '--job-id', '2170', '--raw', '--subdir', 'DAGS_FOLDER/FinalPersonalProject.py', '--cfg-path', '/tmp/tmpy3v01zc6']
[2022-11-17T16:33:33.726+0000] {standard_task_runner.py:83} INFO - Job 2170: Subtask end_confirmation_from_nasa
[2022-11-17T16:33:33.798+0000] {task_command.py:376} INFO - Running <TaskInstance: MyPersonalAirflowProject.end_confirmation_from_nasa scheduled__2022-10-19T00:00:00+00:00 [running]> on host 638485efabe7
[2022-11-17T16:33:33.881+0000] {taskinstance.py:1592} INFO - Exporting the following env vars:
AIRFLOW_CTX_DAG_OWNER=***
AIRFLOW_CTX_DAG_ID=MyPersonalAirflowProject
AIRFLOW_CTX_TASK_ID=end_confirmation_from_nasa
AIRFLOW_CTX_EXECUTION_DATE=2022-10-19T00:00:00+00:00
AIRFLOW_CTX_TRY_NUMBER=1
AIRFLOW_CTX_DAG_RUN_ID=scheduled__2022-10-19T00:00:00+00:00
[2022-11-17T16:33:33.883+0000] {subprocess.py:63} INFO - Tmp dir root location: 
 /tmp
[2022-11-17T16:33:33.884+0000] {subprocess.py:75} INFO - Running command: ['/bin/bash', '-c', 'echo "The Confirmation file was created successfully"']
[2022-11-17T16:33:33.903+0000] {subprocess.py:86} INFO - Output:
[2022-11-17T16:33:33.906+0000] {subprocess.py:93} INFO - The Confirmation file was created successfully
[2022-11-17T16:33:33.907+0000] {subprocess.py:97} INFO - Command exited with return code 0
[2022-11-17T16:33:33.948+0000] {taskinstance.py:1406} INFO - Marking task as SUCCESS. dag_id=MyPersonalAirflowProject, task_id=end_confirmation_from_nasa, execution_date=20221019T000000, start_date=20221117T163333, end_date=20221117T163333
[2022-11-17T16:33:33.978+0000] {local_task_job.py:164} INFO - Task exited with return code 0
[2022-11-17T16:33:34.021+0000] {local_task_job.py:273} INFO - 1 downstream tasks scheduled from follow-on schedule check
[2022-11-17T17:25:41.334+0000] {taskinstance.py:1165} INFO - Dependencies all met for <TaskInstance: MyPersonalAirflowProject.end_confirmation_from_nasa scheduled__2022-10-19T00:00:00+00:00 [queued]>
[2022-11-17T17:25:41.349+0000] {taskinstance.py:1165} INFO - Dependencies all met for <TaskInstance: MyPersonalAirflowProject.end_confirmation_from_nasa scheduled__2022-10-19T00:00:00+00:00 [queued]>
[2022-11-17T17:25:41.349+0000] {taskinstance.py:1362} INFO - 
--------------------------------------------------------------------------------
[2022-11-17T17:25:41.350+0000] {taskinstance.py:1363} INFO - Starting attempt 1 of 1
[2022-11-17T17:25:41.350+0000] {taskinstance.py:1364} INFO - 
--------------------------------------------------------------------------------
[2022-11-17T17:25:41.366+0000] {taskinstance.py:1383} INFO - Executing <Task(BashOperator): end_confirmation_from_nasa> on 2022-10-19 00:00:00+00:00
[2022-11-17T17:25:41.372+0000] {standard_task_runner.py:55} INFO - Started process 7420 to run task
[2022-11-17T17:25:41.374+0000] {standard_task_runner.py:82} INFO - Running: ['***', 'tasks', 'run', 'MyPersonalAirflowProject', 'end_confirmation_from_nasa', 'scheduled__2022-10-19T00:00:00+00:00', '--job-id', '2580', '--raw', '--subdir', 'DAGS_FOLDER/FinalPersonalProject.py', '--cfg-path', '/tmp/tmp8y77nqp2']
[2022-11-17T17:25:41.375+0000] {standard_task_runner.py:83} INFO - Job 2580: Subtask end_confirmation_from_nasa
[2022-11-17T17:25:41.443+0000] {task_command.py:376} INFO - Running <TaskInstance: MyPersonalAirflowProject.end_confirmation_from_nasa scheduled__2022-10-19T00:00:00+00:00 [running]> on host 638485efabe7
[2022-11-17T17:25:41.522+0000] {taskinstance.py:1592} INFO - Exporting the following env vars:
AIRFLOW_CTX_DAG_OWNER=***
AIRFLOW_CTX_DAG_ID=MyPersonalAirflowProject
AIRFLOW_CTX_TASK_ID=end_confirmation_from_nasa
AIRFLOW_CTX_EXECUTION_DATE=2022-10-19T00:00:00+00:00
AIRFLOW_CTX_TRY_NUMBER=1
AIRFLOW_CTX_DAG_RUN_ID=scheduled__2022-10-19T00:00:00+00:00
[2022-11-17T17:25:41.523+0000] {subprocess.py:63} INFO - Tmp dir root location: 
 /tmp
[2022-11-17T17:25:41.524+0000] {subprocess.py:75} INFO - Running command: ['/bin/bash', '-c', 'echo "The Confirmation file was created successfully"']
[2022-11-17T17:25:41.536+0000] {subprocess.py:86} INFO - Output:
[2022-11-17T17:25:41.537+0000] {subprocess.py:93} INFO - The Confirmation file was created successfully
[2022-11-17T17:25:41.538+0000] {subprocess.py:97} INFO - Command exited with return code 0
[2022-11-17T17:25:41.567+0000] {taskinstance.py:1406} INFO - Marking task as SUCCESS. dag_id=MyPersonalAirflowProject, task_id=end_confirmation_from_nasa, execution_date=20221019T000000, start_date=20221117T172541, end_date=20221117T172541
[2022-11-17T17:25:41.628+0000] {local_task_job.py:164} INFO - Task exited with return code 0
[2022-11-17T17:25:41.664+0000] {local_task_job.py:273} INFO - 1 downstream tasks scheduled from follow-on schedule check
