[2022-11-17T16:39:39.300+0000] {taskinstance.py:1165} INFO - Dependencies all met for <TaskInstance: MyPersonalAirflowProject.Marketing_team_Notification scheduled__2022-10-29T00:00:00+00:00 [queued]>
[2022-11-17T16:39:39.316+0000] {taskinstance.py:1165} INFO - Dependencies all met for <TaskInstance: MyPersonalAirflowProject.Marketing_team_Notification scheduled__2022-10-29T00:00:00+00:00 [queued]>
[2022-11-17T16:39:39.316+0000] {taskinstance.py:1362} INFO - 
--------------------------------------------------------------------------------
[2022-11-17T16:39:39.317+0000] {taskinstance.py:1363} INFO - Starting attempt 1 of 1
[2022-11-17T16:39:39.318+0000] {taskinstance.py:1364} INFO - 
--------------------------------------------------------------------------------
[2022-11-17T16:39:39.344+0000] {taskinstance.py:1383} INFO - Executing <Task(BashOperator): Marketing_team_Notification> on 2022-10-29 00:00:00+00:00
[2022-11-17T16:39:39.351+0000] {standard_task_runner.py:55} INFO - Started process 4309 to run task
[2022-11-17T16:39:39.354+0000] {standard_task_runner.py:82} INFO - Running: ['***', 'tasks', 'run', 'MyPersonalAirflowProject', 'Marketing_team_Notification', 'scheduled__2022-10-29T00:00:00+00:00', '--job-id', '2255', '--raw', '--subdir', 'DAGS_FOLDER/FinalPersonalProject.py', '--cfg-path', '/tmp/tmpjpbw0jxq']
[2022-11-17T16:39:39.355+0000] {standard_task_runner.py:83} INFO - Job 2255: Subtask Marketing_team_Notification
[2022-11-17T16:39:39.423+0000] {task_command.py:376} INFO - Running <TaskInstance: MyPersonalAirflowProject.Marketing_team_Notification scheduled__2022-10-29T00:00:00+00:00 [running]> on host 638485efabe7
[2022-11-17T16:39:39.502+0000] {taskinstance.py:1592} INFO - Exporting the following env vars:
AIRFLOW_CTX_DAG_OWNER=***
AIRFLOW_CTX_DAG_ID=MyPersonalAirflowProject
AIRFLOW_CTX_TASK_ID=Marketing_team_Notification
AIRFLOW_CTX_EXECUTION_DATE=2022-10-29T00:00:00+00:00
AIRFLOW_CTX_TRY_NUMBER=1
AIRFLOW_CTX_DAG_RUN_ID=scheduled__2022-10-29T00:00:00+00:00
[2022-11-17T16:39:39.504+0000] {subprocess.py:63} INFO - Tmp dir root location: 
 /tmp
[2022-11-17T16:39:39.505+0000] {subprocess.py:75} INFO - Running command: ['/bin/bash', '-c', 'echo "Hi Marketing team, Space X data for 2022-10-29 are now available!.. Please check them out!"']
[2022-11-17T16:39:39.517+0000] {subprocess.py:86} INFO - Output:
[2022-11-17T16:39:39.518+0000] {subprocess.py:93} INFO - Hi Marketing team, Space X data for 2022-10-29 are now available!.. Please check them out!
[2022-11-17T16:39:39.519+0000] {subprocess.py:97} INFO - Command exited with return code 0
[2022-11-17T16:39:39.548+0000] {taskinstance.py:1406} INFO - Marking task as SUCCESS. dag_id=MyPersonalAirflowProject, task_id=Marketing_team_Notification, execution_date=20221029T000000, start_date=20221117T163939, end_date=20221117T163939
[2022-11-17T16:39:39.608+0000] {local_task_job.py:164} INFO - Task exited with return code 0
[2022-11-17T16:39:39.629+0000] {local_task_job.py:273} INFO - 0 downstream tasks scheduled from follow-on schedule check
[2022-11-17T17:30:45.819+0000] {taskinstance.py:1165} INFO - Dependencies all met for <TaskInstance: MyPersonalAirflowProject.Marketing_team_Notification scheduled__2022-10-29T00:00:00+00:00 [queued]>
[2022-11-17T17:30:45.832+0000] {taskinstance.py:1165} INFO - Dependencies all met for <TaskInstance: MyPersonalAirflowProject.Marketing_team_Notification scheduled__2022-10-29T00:00:00+00:00 [queued]>
[2022-11-17T17:30:45.833+0000] {taskinstance.py:1362} INFO - 
--------------------------------------------------------------------------------
[2022-11-17T17:30:45.833+0000] {taskinstance.py:1363} INFO - Starting attempt 1 of 1
[2022-11-17T17:30:45.834+0000] {taskinstance.py:1364} INFO - 
--------------------------------------------------------------------------------
[2022-11-17T17:30:45.858+0000] {taskinstance.py:1383} INFO - Executing <Task(BashOperator): Marketing_team_Notification> on 2022-10-29 00:00:00+00:00
[2022-11-17T17:30:45.865+0000] {standard_task_runner.py:55} INFO - Started process 7931 to run task
[2022-11-17T17:30:45.867+0000] {standard_task_runner.py:82} INFO - Running: ['***', 'tasks', 'run', 'MyPersonalAirflowProject', 'Marketing_team_Notification', 'scheduled__2022-10-29T00:00:00+00:00', '--job-id', '2665', '--raw', '--subdir', 'DAGS_FOLDER/FinalPersonalProject.py', '--cfg-path', '/tmp/tmpqsigfgx6']
[2022-11-17T17:30:45.868+0000] {standard_task_runner.py:83} INFO - Job 2665: Subtask Marketing_team_Notification
[2022-11-17T17:30:45.932+0000] {task_command.py:376} INFO - Running <TaskInstance: MyPersonalAirflowProject.Marketing_team_Notification scheduled__2022-10-29T00:00:00+00:00 [running]> on host 638485efabe7
[2022-11-17T17:30:46.009+0000] {taskinstance.py:1592} INFO - Exporting the following env vars:
AIRFLOW_CTX_DAG_OWNER=***
AIRFLOW_CTX_DAG_ID=MyPersonalAirflowProject
AIRFLOW_CTX_TASK_ID=Marketing_team_Notification
AIRFLOW_CTX_EXECUTION_DATE=2022-10-29T00:00:00+00:00
AIRFLOW_CTX_TRY_NUMBER=1
AIRFLOW_CTX_DAG_RUN_ID=scheduled__2022-10-29T00:00:00+00:00
[2022-11-17T17:30:46.010+0000] {subprocess.py:63} INFO - Tmp dir root location: 
 /tmp
[2022-11-17T17:30:46.011+0000] {subprocess.py:75} INFO - Running command: ['/bin/bash', '-c', 'echo "Hi Marketing team, Space X data for 2022-10-29 are now available!.. Please check them out!"']
[2022-11-17T17:30:46.023+0000] {subprocess.py:86} INFO - Output:
[2022-11-17T17:30:46.024+0000] {subprocess.py:93} INFO - Hi Marketing team, Space X data for 2022-10-29 are now available!.. Please check them out!
[2022-11-17T17:30:46.025+0000] {subprocess.py:97} INFO - Command exited with return code 0
[2022-11-17T17:30:46.055+0000] {taskinstance.py:1406} INFO - Marking task as SUCCESS. dag_id=MyPersonalAirflowProject, task_id=Marketing_team_Notification, execution_date=20221029T000000, start_date=20221117T173045, end_date=20221117T173046
[2022-11-17T17:30:46.080+0000] {local_task_job.py:164} INFO - Task exited with return code 0
[2022-11-17T17:30:46.198+0000] {local_task_job.py:273} INFO - 0 downstream tasks scheduled from follow-on schedule check
