[2022-11-09T14:59:20.805+0000] {taskinstance.py:1165} INFO - Dependencies all met for <TaskInstance: 6-monitoring_2.task1 scheduled__2022-01-03T00:00:00+00:00 [queued]>
[2022-11-09T14:59:20.820+0000] {taskinstance.py:1165} INFO - Dependencies all met for <TaskInstance: 6-monitoring_2.task1 scheduled__2022-01-03T00:00:00+00:00 [queued]>
[2022-11-09T14:59:20.821+0000] {taskinstance.py:1362} INFO - 
--------------------------------------------------------------------------------
[2022-11-09T14:59:20.828+0000] {taskinstance.py:1363} INFO - Starting attempt 1 of 3
[2022-11-09T14:59:20.829+0000] {taskinstance.py:1364} INFO - 
--------------------------------------------------------------------------------
[2022-11-09T14:59:20.939+0000] {taskinstance.py:1383} INFO - Executing <Task(BashOperator): task1> on 2022-01-03 00:00:00+00:00
[2022-11-09T14:59:20.945+0000] {standard_task_runner.py:55} INFO - Started process 606 to run task
[2022-11-09T14:59:20.948+0000] {standard_task_runner.py:82} INFO - Running: ['***', 'tasks', 'run', '6-monitoring_2', 'task1', 'scheduled__2022-01-03T00:00:00+00:00', '--job-id', '608', '--raw', '--subdir', 'DAGS_FOLDER/6.2-monitoring.py', '--cfg-path', '/tmp/tmpbpj0xqbu']
[2022-11-09T14:59:20.949+0000] {standard_task_runner.py:83} INFO - Job 608: Subtask task1
[2022-11-09T14:59:21.071+0000] {task_command.py:376} INFO - Running <TaskInstance: 6-monitoring_2.task1 scheduled__2022-01-03T00:00:00+00:00 [running]> on host 638485efabe7
[2022-11-09T14:59:21.335+0000] {taskinstance.py:1592} INFO - Exporting the following env vars:
AIRFLOW_CTX_DAG_OWNER=***
AIRFLOW_CTX_DAG_ID=6-monitoring_2
AIRFLOW_CTX_TASK_ID=task1
AIRFLOW_CTX_EXECUTION_DATE=2022-01-03T00:00:00+00:00
AIRFLOW_CTX_TRY_NUMBER=1
AIRFLOW_CTX_DAG_RUN_ID=scheduled__2022-01-03T00:00:00+00:00
[2022-11-09T14:59:21.337+0000] {subprocess.py:63} INFO - Tmp dir root location: 
 /tmp
[2022-11-09T14:59:21.338+0000] {subprocess.py:75} INFO - Running command: ['/bin/bash', '-c', "sleep 5 && echo 'task1'"]
[2022-11-09T14:59:21.428+0000] {subprocess.py:86} INFO - Output:
[2022-11-09T14:59:26.596+0000] {subprocess.py:93} INFO - task1
[2022-11-09T14:59:26.597+0000] {subprocess.py:97} INFO - Command exited with return code 0
[2022-11-09T14:59:30.706+0000] {taskinstance.py:1406} INFO - Marking task as SUCCESS. dag_id=6-monitoring_2, task_id=task1, execution_date=20220103T000000, start_date=20221109T145920, end_date=20221109T145930
[2022-11-09T14:59:49.234+0000] {local_task_job.py:164} INFO - Task exited with return code 0
[2022-11-09T14:59:49.330+0000] {local_task_job.py:273} INFO - 1 downstream tasks scheduled from follow-on schedule check
