[2022-11-16T21:23:51.919+0000] {taskinstance.py:1165} INFO - Dependencies all met for <TaskInstance: MyPersonalAirflowProject.end_task scheduled__2022-10-22T00:00:00+00:00 [queued]>
[2022-11-16T21:23:51.936+0000] {taskinstance.py:1165} INFO - Dependencies all met for <TaskInstance: MyPersonalAirflowProject.end_task scheduled__2022-10-22T00:00:00+00:00 [queued]>
[2022-11-16T21:23:51.937+0000] {taskinstance.py:1362} INFO - 
--------------------------------------------------------------------------------
[2022-11-16T21:23:51.938+0000] {taskinstance.py:1363} INFO - Starting attempt 2 of 2
[2022-11-16T21:23:51.938+0000] {taskinstance.py:1364} INFO - 
--------------------------------------------------------------------------------
[2022-11-16T21:23:51.955+0000] {taskinstance.py:1383} INFO - Executing <Task(BashOperator): end_task> on 2022-10-22 00:00:00+00:00
[2022-11-16T21:23:51.961+0000] {standard_task_runner.py:55} INFO - Started process 2549 to run task
[2022-11-16T21:23:51.964+0000] {standard_task_runner.py:82} INFO - Running: ['***', 'tasks', 'run', 'MyPersonalAirflowProject', 'end_task', 'scheduled__2022-10-22T00:00:00+00:00', '--job-id', '1365', '--raw', '--subdir', 'DAGS_FOLDER/FinalPersonalProject.py', '--cfg-path', '/tmp/tmp1fd01xnk']
[2022-11-16T21:23:51.965+0000] {standard_task_runner.py:83} INFO - Job 1365: Subtask end_task
[2022-11-16T21:23:52.226+0000] {task_command.py:376} INFO - Running <TaskInstance: MyPersonalAirflowProject.end_task scheduled__2022-10-22T00:00:00+00:00 [running]> on host 638485efabe7
[2022-11-16T21:23:52.320+0000] {taskinstance.py:1592} INFO - Exporting the following env vars:
AIRFLOW_CTX_DAG_OWNER=***
AIRFLOW_CTX_DAG_ID=MyPersonalAirflowProject
AIRFLOW_CTX_TASK_ID=end_task
AIRFLOW_CTX_EXECUTION_DATE=2022-10-22T00:00:00+00:00
AIRFLOW_CTX_TRY_NUMBER=2
AIRFLOW_CTX_DAG_RUN_ID=scheduled__2022-10-22T00:00:00+00:00
[2022-11-16T21:23:52.321+0000] {subprocess.py:63} INFO - Tmp dir root location: 
 /tmp
[2022-11-16T21:23:52.322+0000] {subprocess.py:75} INFO - Running command: ['/bin/bash', '-c', 'echo "The file was created successfully"']
[2022-11-16T21:23:52.334+0000] {subprocess.py:86} INFO - Output:
[2022-11-16T21:23:52.336+0000] {subprocess.py:93} INFO - The file was created successfully
[2022-11-16T21:23:52.337+0000] {subprocess.py:97} INFO - Command exited with return code 0
[2022-11-16T21:23:52.369+0000] {taskinstance.py:1406} INFO - Marking task as SUCCESS. dag_id=MyPersonalAirflowProject, task_id=end_task, execution_date=20221022T000000, start_date=20221116T212351, end_date=20221116T212352
[2022-11-16T21:23:52.394+0000] {local_task_job.py:164} INFO - Task exited with return code 0
[2022-11-16T21:23:52.421+0000] {local_task_job.py:273} INFO - 0 downstream tasks scheduled from follow-on schedule check
[2022-11-17T15:55:29.148+0000] {taskinstance.py:1165} INFO - Dependencies all met for <TaskInstance: MyPersonalAirflowProject.end_task scheduled__2022-10-22T00:00:00+00:00 [queued]>
[2022-11-17T15:55:29.165+0000] {taskinstance.py:1165} INFO - Dependencies all met for <TaskInstance: MyPersonalAirflowProject.end_task scheduled__2022-10-22T00:00:00+00:00 [queued]>
[2022-11-17T15:55:29.165+0000] {taskinstance.py:1362} INFO - 
--------------------------------------------------------------------------------
[2022-11-17T15:55:29.166+0000] {taskinstance.py:1363} INFO - Starting attempt 2 of 2
[2022-11-17T15:55:29.167+0000] {taskinstance.py:1364} INFO - 
--------------------------------------------------------------------------------
[2022-11-17T15:55:29.186+0000] {taskinstance.py:1383} INFO - Executing <Task(BashOperator): end_task> on 2022-10-22 00:00:00+00:00
[2022-11-17T15:55:29.192+0000] {standard_task_runner.py:55} INFO - Started process 1058 to run task
[2022-11-17T15:55:29.195+0000] {standard_task_runner.py:82} INFO - Running: ['***', 'tasks', 'run', 'MyPersonalAirflowProject', 'end_task', 'scheduled__2022-10-22T00:00:00+00:00', '--job-id', '1870', '--raw', '--subdir', 'DAGS_FOLDER/FinalPersonalProject.py', '--cfg-path', '/tmp/tmprdw58ge2']
[2022-11-17T15:55:29.195+0000] {standard_task_runner.py:83} INFO - Job 1870: Subtask end_task
[2022-11-17T15:55:29.270+0000] {task_command.py:376} INFO - Running <TaskInstance: MyPersonalAirflowProject.end_task scheduled__2022-10-22T00:00:00+00:00 [running]> on host 638485efabe7
[2022-11-17T15:55:29.344+0000] {taskinstance.py:1592} INFO - Exporting the following env vars:
AIRFLOW_CTX_DAG_OWNER=***
AIRFLOW_CTX_DAG_ID=MyPersonalAirflowProject
AIRFLOW_CTX_TASK_ID=end_task
AIRFLOW_CTX_EXECUTION_DATE=2022-10-22T00:00:00+00:00
AIRFLOW_CTX_TRY_NUMBER=2
AIRFLOW_CTX_DAG_RUN_ID=scheduled__2022-10-22T00:00:00+00:00
[2022-11-17T15:55:29.346+0000] {subprocess.py:63} INFO - Tmp dir root location: 
 /tmp
[2022-11-17T15:55:29.347+0000] {subprocess.py:75} INFO - Running command: ['/bin/bash', '-c', 'echo "The Verification file was created successfully"']
[2022-11-17T15:55:29.358+0000] {subprocess.py:86} INFO - Output:
[2022-11-17T15:55:29.360+0000] {subprocess.py:93} INFO - The Verification file was created successfully
[2022-11-17T15:55:29.360+0000] {subprocess.py:97} INFO - Command exited with return code 0
[2022-11-17T15:55:29.390+0000] {taskinstance.py:1406} INFO - Marking task as SUCCESS. dag_id=MyPersonalAirflowProject, task_id=end_task, execution_date=20221022T000000, start_date=20221117T155529, end_date=20221117T155529
[2022-11-17T15:55:29.449+0000] {local_task_job.py:164} INFO - Task exited with return code 0
[2022-11-17T15:55:29.488+0000] {local_task_job.py:273} INFO - 1 downstream tasks scheduled from follow-on schedule check
