[2022-11-16T22:11:10.341+0000] {taskinstance.py:1165} INFO - Dependencies all met for <TaskInstance: MyPersonalAirflowProject.SpaceX_data scheduled__2022-10-02T00:00:00+00:00 [queued]>
[2022-11-16T22:11:10.355+0000] {taskinstance.py:1165} INFO - Dependencies all met for <TaskInstance: MyPersonalAirflowProject.SpaceX_data scheduled__2022-10-02T00:00:00+00:00 [queued]>
[2022-11-16T22:11:10.356+0000] {taskinstance.py:1362} INFO - 
--------------------------------------------------------------------------------
[2022-11-16T22:11:10.357+0000] {taskinstance.py:1363} INFO - Starting attempt 1 of 1
[2022-11-16T22:11:10.358+0000] {taskinstance.py:1364} INFO - 
--------------------------------------------------------------------------------
[2022-11-16T22:11:10.379+0000] {taskinstance.py:1383} INFO - Executing <Task(BashOperator): SpaceX_data> on 2022-10-02 00:00:00+00:00
[2022-11-16T22:11:10.385+0000] {standard_task_runner.py:55} INFO - Started process 4758 to run task
[2022-11-16T22:11:10.388+0000] {standard_task_runner.py:82} INFO - Running: ['***', 'tasks', 'run', 'MyPersonalAirflowProject', 'SpaceX_data', 'scheduled__2022-10-02T00:00:00+00:00', '--job-id', '1449', '--raw', '--subdir', 'DAGS_FOLDER/FinalPersonalProject.py', '--cfg-path', '/tmp/tmpw38rgqsv']
[2022-11-16T22:11:10.389+0000] {standard_task_runner.py:83} INFO - Job 1449: Subtask SpaceX_data
[2022-11-16T22:11:10.462+0000] {task_command.py:376} INFO - Running <TaskInstance: MyPersonalAirflowProject.SpaceX_data scheduled__2022-10-02T00:00:00+00:00 [running]> on host 638485efabe7
[2022-11-16T22:11:10.546+0000] {taskinstance.py:1592} INFO - Exporting the following env vars:
AIRFLOW_CTX_DAG_OWNER=***
AIRFLOW_CTX_DAG_ID=MyPersonalAirflowProject
AIRFLOW_CTX_TASK_ID=SpaceX_data
AIRFLOW_CTX_EXECUTION_DATE=2022-10-02T00:00:00+00:00
AIRFLOW_CTX_TRY_NUMBER=1
AIRFLOW_CTX_DAG_RUN_ID=scheduled__2022-10-02T00:00:00+00:00
[2022-11-16T22:11:10.548+0000] {subprocess.py:63} INFO - Tmp dir root location: 
 /tmp
[2022-11-16T22:11:10.549+0000] {subprocess.py:75} INFO - Running command: ['/bin/bash', '-c', "curl -o /tmp/history.json -L 'https://api.spacexdata.com/v4/history'"]
[2022-11-16T22:11:10.562+0000] {subprocess.py:86} INFO - Output:
[2022-11-16T22:11:10.570+0000] {subprocess.py:93} INFO -   % Total    % Received % Xferd  Average Speed   Time    Time     Time  Current
[2022-11-16T22:11:10.571+0000] {subprocess.py:93} INFO -                                  Dload  Upload   Total   Spent    Left  Speed
[2022-11-16T22:11:10.832+0000] {subprocess.py:93} INFO -   0     0    0     0    0     0      0      0 --:--:-- --:--:-- --:--:--     0100  6756    0  6756    0     0  25885      0 --:--:-- --:--:-- --:--:-- 25885
[2022-11-16T22:11:10.835+0000] {subprocess.py:97} INFO - Command exited with return code 0
[2022-11-16T22:11:10.866+0000] {taskinstance.py:1406} INFO - Marking task as SUCCESS. dag_id=MyPersonalAirflowProject, task_id=SpaceX_data, execution_date=20221002T000000, start_date=20221116T221110, end_date=20221116T221110
[2022-11-16T22:11:10.901+0000] {local_task_job.py:164} INFO - Task exited with return code 0
[2022-11-16T22:11:10.937+0000] {local_task_job.py:273} INFO - 1 downstream tasks scheduled from follow-on schedule check
[2022-11-17T16:24:56.390+0000] {taskinstance.py:1165} INFO - Dependencies all met for <TaskInstance: MyPersonalAirflowProject.SpaceX_data scheduled__2022-10-02T00:00:00+00:00 [queued]>
[2022-11-17T16:24:56.403+0000] {taskinstance.py:1165} INFO - Dependencies all met for <TaskInstance: MyPersonalAirflowProject.SpaceX_data scheduled__2022-10-02T00:00:00+00:00 [queued]>
[2022-11-17T16:24:56.404+0000] {taskinstance.py:1362} INFO - 
--------------------------------------------------------------------------------
[2022-11-17T16:24:56.405+0000] {taskinstance.py:1363} INFO - Starting attempt 1 of 1
[2022-11-17T16:24:56.405+0000] {taskinstance.py:1364} INFO - 
--------------------------------------------------------------------------------
[2022-11-17T16:24:56.422+0000] {taskinstance.py:1383} INFO - Executing <Task(BashOperator): SpaceX_data> on 2022-10-02 00:00:00+00:00
[2022-11-17T16:24:56.428+0000] {standard_task_runner.py:55} INFO - Started process 2958 to run task
[2022-11-17T16:24:56.431+0000] {standard_task_runner.py:82} INFO - Running: ['***', 'tasks', 'run', 'MyPersonalAirflowProject', 'SpaceX_data', 'scheduled__2022-10-02T00:00:00+00:00', '--job-id', '2035', '--raw', '--subdir', 'DAGS_FOLDER/FinalPersonalProject.py', '--cfg-path', '/tmp/tmpz6qnrjbn']
[2022-11-17T16:24:56.432+0000] {standard_task_runner.py:83} INFO - Job 2035: Subtask SpaceX_data
[2022-11-17T16:24:56.500+0000] {task_command.py:376} INFO - Running <TaskInstance: MyPersonalAirflowProject.SpaceX_data scheduled__2022-10-02T00:00:00+00:00 [running]> on host 638485efabe7
[2022-11-17T16:24:56.576+0000] {taskinstance.py:1592} INFO - Exporting the following env vars:
AIRFLOW_CTX_DAG_OWNER=***
AIRFLOW_CTX_DAG_ID=MyPersonalAirflowProject
AIRFLOW_CTX_TASK_ID=SpaceX_data
AIRFLOW_CTX_EXECUTION_DATE=2022-10-02T00:00:00+00:00
AIRFLOW_CTX_TRY_NUMBER=1
AIRFLOW_CTX_DAG_RUN_ID=scheduled__2022-10-02T00:00:00+00:00
[2022-11-17T16:24:56.577+0000] {subprocess.py:63} INFO - Tmp dir root location: 
 /tmp
[2022-11-17T16:24:56.578+0000] {subprocess.py:75} INFO - Running command: ['/bin/bash', '-c', "curl -o /tmp/history.json -L 'https://api.spacexdata.com/v4/history'"]
[2022-11-17T16:24:56.590+0000] {subprocess.py:86} INFO - Output:
[2022-11-17T16:24:56.597+0000] {subprocess.py:93} INFO -   % Total    % Received % Xferd  Average Speed   Time    Time     Time  Current
[2022-11-17T16:24:56.598+0000] {subprocess.py:93} INFO -                                  Dload  Upload   Total   Spent    Left  Speed
[2022-11-17T16:24:56.988+0000] {subprocess.py:93} INFO -   0     0    0     0    0     0      0      0 --:--:-- --:--:-- --:--:--     0100  6756    0  6756    0     0  17278      0 --:--:-- --:--:-- --:--:-- 17278
[2022-11-17T16:24:56.990+0000] {subprocess.py:97} INFO - Command exited with return code 0
[2022-11-17T16:24:57.019+0000] {taskinstance.py:1406} INFO - Marking task as SUCCESS. dag_id=MyPersonalAirflowProject, task_id=SpaceX_data, execution_date=20221002T000000, start_date=20221117T162456, end_date=20221117T162457
[2022-11-17T16:24:57.046+0000] {local_task_job.py:164} INFO - Task exited with return code 0
[2022-11-17T16:24:57.082+0000] {local_task_job.py:273} INFO - 1 downstream tasks scheduled from follow-on schedule check
[2022-11-17T17:17:03.321+0000] {taskinstance.py:1165} INFO - Dependencies all met for <TaskInstance: MyPersonalAirflowProject.SpaceX_data scheduled__2022-10-02T00:00:00+00:00 [queued]>
[2022-11-17T17:17:03.334+0000] {taskinstance.py:1165} INFO - Dependencies all met for <TaskInstance: MyPersonalAirflowProject.SpaceX_data scheduled__2022-10-02T00:00:00+00:00 [queued]>
[2022-11-17T17:17:03.335+0000] {taskinstance.py:1362} INFO - 
--------------------------------------------------------------------------------
[2022-11-17T17:17:03.335+0000] {taskinstance.py:1363} INFO - Starting attempt 1 of 1
[2022-11-17T17:17:03.336+0000] {taskinstance.py:1364} INFO - 
--------------------------------------------------------------------------------
[2022-11-17T17:17:03.354+0000] {taskinstance.py:1383} INFO - Executing <Task(BashOperator): SpaceX_data> on 2022-10-02 00:00:00+00:00
[2022-11-17T17:17:03.360+0000] {standard_task_runner.py:55} INFO - Started process 6599 to run task
[2022-11-17T17:17:03.362+0000] {standard_task_runner.py:82} INFO - Running: ['***', 'tasks', 'run', 'MyPersonalAirflowProject', 'SpaceX_data', 'scheduled__2022-10-02T00:00:00+00:00', '--job-id', '2445', '--raw', '--subdir', 'DAGS_FOLDER/FinalPersonalProject.py', '--cfg-path', '/tmp/tmp89qz152e']
[2022-11-17T17:17:03.363+0000] {standard_task_runner.py:83} INFO - Job 2445: Subtask SpaceX_data
[2022-11-17T17:17:03.431+0000] {task_command.py:376} INFO - Running <TaskInstance: MyPersonalAirflowProject.SpaceX_data scheduled__2022-10-02T00:00:00+00:00 [running]> on host 638485efabe7
[2022-11-17T17:17:03.510+0000] {taskinstance.py:1592} INFO - Exporting the following env vars:
AIRFLOW_CTX_DAG_OWNER=***
AIRFLOW_CTX_DAG_ID=MyPersonalAirflowProject
AIRFLOW_CTX_TASK_ID=SpaceX_data
AIRFLOW_CTX_EXECUTION_DATE=2022-10-02T00:00:00+00:00
AIRFLOW_CTX_TRY_NUMBER=1
AIRFLOW_CTX_DAG_RUN_ID=scheduled__2022-10-02T00:00:00+00:00
[2022-11-17T17:17:03.511+0000] {subprocess.py:63} INFO - Tmp dir root location: 
 /tmp
[2022-11-17T17:17:03.512+0000] {subprocess.py:75} INFO - Running command: ['/bin/bash', '-c', "curl -o /tmp/history.json -L 'https://api.spacexdata.com/v4/history'"]
[2022-11-17T17:17:03.523+0000] {subprocess.py:86} INFO - Output:
[2022-11-17T17:17:03.530+0000] {subprocess.py:93} INFO -   % Total    % Received % Xferd  Average Speed   Time    Time     Time  Current
[2022-11-17T17:17:03.531+0000] {subprocess.py:93} INFO -                                  Dload  Upload   Total   Spent    Left  Speed
[2022-11-17T17:17:03.877+0000] {subprocess.py:93} INFO -   0     0    0     0    0     0      0      0 --:--:-- --:--:-- --:--:--     0100  6756    0  6756    0     0  19469      0 --:--:-- --:--:-- --:--:-- 19469
[2022-11-17T17:17:03.880+0000] {subprocess.py:97} INFO - Command exited with return code 0
[2022-11-17T17:17:03.963+0000] {taskinstance.py:1406} INFO - Marking task as SUCCESS. dag_id=MyPersonalAirflowProject, task_id=SpaceX_data, execution_date=20221002T000000, start_date=20221117T171703, end_date=20221117T171703
[2022-11-17T17:17:04.019+0000] {local_task_job.py:164} INFO - Task exited with return code 0
[2022-11-17T17:17:04.053+0000] {local_task_job.py:273} INFO - 1 downstream tasks scheduled from follow-on schedule check
