[2022-11-16T22:25:55.633+0000] {taskinstance.py:1165} INFO - Dependencies all met for <TaskInstance: MyPersonalAirflowProject.Print_Imported_data scheduled__2022-10-26T00:00:00+00:00 [queued]>
[2022-11-16T22:25:55.671+0000] {taskinstance.py:1165} INFO - Dependencies all met for <TaskInstance: MyPersonalAirflowProject.Print_Imported_data scheduled__2022-10-26T00:00:00+00:00 [queued]>
[2022-11-16T22:25:55.676+0000] {taskinstance.py:1362} INFO - 
--------------------------------------------------------------------------------
[2022-11-16T22:25:55.680+0000] {taskinstance.py:1363} INFO - Starting attempt 1 of 1
[2022-11-16T22:25:55.683+0000] {taskinstance.py:1364} INFO - 
--------------------------------------------------------------------------------
[2022-11-16T22:25:55.739+0000] {taskinstance.py:1383} INFO - Executing <Task(BashOperator): Print_Imported_data> on 2022-10-26 00:00:00+00:00
[2022-11-16T22:25:55.758+0000] {standard_task_runner.py:55} INFO - Started process 5803 to run task
[2022-11-16T22:25:55.766+0000] {standard_task_runner.py:82} INFO - Running: ['***', 'tasks', 'run', 'MyPersonalAirflowProject', 'Print_Imported_data', 'scheduled__2022-10-26T00:00:00+00:00', '--job-id', '1595', '--raw', '--subdir', 'DAGS_FOLDER/FinalPersonalProject.py', '--cfg-path', '/tmp/tmpa3lh2njo']
[2022-11-16T22:25:55.782+0000] {standard_task_runner.py:83} INFO - Job 1595: Subtask Print_Imported_data
[2022-11-16T22:25:55.978+0000] {task_command.py:376} INFO - Running <TaskInstance: MyPersonalAirflowProject.Print_Imported_data scheduled__2022-10-26T00:00:00+00:00 [running]> on host 638485efabe7
[2022-11-16T22:25:56.165+0000] {taskinstance.py:1592} INFO - Exporting the following env vars:
AIRFLOW_CTX_DAG_OWNER=***
AIRFLOW_CTX_DAG_ID=MyPersonalAirflowProject
AIRFLOW_CTX_TASK_ID=Print_Imported_data
AIRFLOW_CTX_EXECUTION_DATE=2022-10-26T00:00:00+00:00
AIRFLOW_CTX_TRY_NUMBER=1
AIRFLOW_CTX_DAG_RUN_ID=scheduled__2022-10-26T00:00:00+00:00
[2022-11-16T22:25:56.170+0000] {subprocess.py:63} INFO - Tmp dir root location: 
 /tmp
[2022-11-16T22:25:56.175+0000] {subprocess.py:75} INFO - Running command: ['/bin/bash', '-c', 'ls /tmp/ && head /tmp/platzi_data.csv']
[2022-11-16T22:25:56.208+0000] {subprocess.py:86} INFO - Output:
[2022-11-16T22:25:56.226+0000] {subprocess.py:93} INFO - ***tmp4l2aiii1
[2022-11-16T22:25:56.227+0000] {subprocess.py:93} INFO - ***tmpk5xxq3nx
[2022-11-16T22:25:56.229+0000] {subprocess.py:93} INFO - ***tmplkvca7ip
[2022-11-16T22:25:56.233+0000] {subprocess.py:93} INFO - ***tmpodkacs8z
[2022-11-16T22:25:56.234+0000] {subprocess.py:93} INFO - file.txt
[2022-11-16T22:25:56.236+0000] {subprocess.py:93} INFO - history.json
[2022-11-16T22:25:56.237+0000] {subprocess.py:93} INFO - platzi_data_20221001.csv
[2022-11-16T22:25:56.240+0000] {subprocess.py:93} INFO - platzi_data_20221002.csv
[2022-11-16T22:25:56.241+0000] {subprocess.py:93} INFO - platzi_data_20221003.csv
[2022-11-16T22:25:56.243+0000] {subprocess.py:93} INFO - platzi_data_20221004.csv
[2022-11-16T22:25:56.244+0000] {subprocess.py:93} INFO - platzi_data_20221005.csv
[2022-11-16T22:25:56.245+0000] {subprocess.py:93} INFO - platzi_data_20221006.csv
[2022-11-16T22:25:56.246+0000] {subprocess.py:93} INFO - platzi_data_20221007.csv
[2022-11-16T22:25:56.247+0000] {subprocess.py:93} INFO - platzi_data_20221008.csv
[2022-11-16T22:25:56.249+0000] {subprocess.py:93} INFO - platzi_data_20221009.csv
[2022-11-16T22:25:56.250+0000] {subprocess.py:93} INFO - platzi_data_20221010.csv
[2022-11-16T22:25:56.251+0000] {subprocess.py:93} INFO - platzi_data_20221011.csv
[2022-11-16T22:25:56.252+0000] {subprocess.py:93} INFO - platzi_data_20221012.csv
[2022-11-16T22:25:56.253+0000] {subprocess.py:93} INFO - platzi_data_20221013.csv
[2022-11-16T22:25:56.254+0000] {subprocess.py:93} INFO - platzi_data_20221014.csv
[2022-11-16T22:25:56.255+0000] {subprocess.py:93} INFO - platzi_data_20221015.csv
[2022-11-16T22:25:56.257+0000] {subprocess.py:93} INFO - platzi_data_20221016.csv
[2022-11-16T22:25:56.259+0000] {subprocess.py:93} INFO - platzi_data_20221017.csv
[2022-11-16T22:25:56.261+0000] {subprocess.py:93} INFO - platzi_data_20221018.csv
[2022-11-16T22:25:56.263+0000] {subprocess.py:93} INFO - platzi_data_20221019.csv
[2022-11-16T22:25:56.264+0000] {subprocess.py:93} INFO - platzi_data_20221020.csv
[2022-11-16T22:25:56.266+0000] {subprocess.py:93} INFO - platzi_data_20221021.csv
[2022-11-16T22:25:56.267+0000] {subprocess.py:93} INFO - platzi_data_20221022.csv
[2022-11-16T22:25:56.269+0000] {subprocess.py:93} INFO - platzi_data_20221023.csv
[2022-11-16T22:25:56.270+0000] {subprocess.py:93} INFO - platzi_data_20221024.csv
[2022-11-16T22:25:56.271+0000] {subprocess.py:93} INFO - platzi_data_20221025.csv
[2022-11-16T22:25:56.273+0000] {subprocess.py:93} INFO - platzi_data_20221026.csv
[2022-11-16T22:25:56.275+0000] {subprocess.py:93} INFO - pymp-8yik9lbi
[2022-11-16T22:25:56.283+0000] {subprocess.py:93} INFO - pymp-y00k7agg
[2022-11-16T22:25:56.286+0000] {subprocess.py:93} INFO - reponse_20221001.txt
[2022-11-16T22:25:56.288+0000] {subprocess.py:93} INFO - reponse_20221002.txt
[2022-11-16T22:25:56.292+0000] {subprocess.py:93} INFO - reponse_20221003.txt
[2022-11-16T22:25:56.293+0000] {subprocess.py:93} INFO - reponse_20221004.txt
[2022-11-16T22:25:56.294+0000] {subprocess.py:93} INFO - reponse_20221005.txt
[2022-11-16T22:25:56.296+0000] {subprocess.py:93} INFO - reponse_20221006.txt
[2022-11-16T22:25:56.297+0000] {subprocess.py:93} INFO - reponse_20221007.txt
[2022-11-16T22:25:56.298+0000] {subprocess.py:93} INFO - reponse_20221008.txt
[2022-11-16T22:25:56.299+0000] {subprocess.py:93} INFO - reponse_20221009.txt
[2022-11-16T22:25:56.300+0000] {subprocess.py:93} INFO - reponse_20221010.txt
[2022-11-16T22:25:56.302+0000] {subprocess.py:93} INFO - reponse_20221011.txt
[2022-11-16T22:25:56.303+0000] {subprocess.py:93} INFO - reponse_20221012.txt
[2022-11-16T22:25:56.305+0000] {subprocess.py:93} INFO - reponse_20221013.txt
[2022-11-16T22:25:56.306+0000] {subprocess.py:93} INFO - reponse_20221014.txt
[2022-11-16T22:25:56.308+0000] {subprocess.py:93} INFO - reponse_20221015.txt
[2022-11-16T22:25:56.309+0000] {subprocess.py:93} INFO - reponse_20221016.txt
[2022-11-16T22:25:56.310+0000] {subprocess.py:93} INFO - reponse_20221017.txt
[2022-11-16T22:25:56.311+0000] {subprocess.py:93} INFO - reponse_20221018.txt
[2022-11-16T22:25:56.312+0000] {subprocess.py:93} INFO - reponse_20221019.txt
[2022-11-16T22:25:56.316+0000] {subprocess.py:93} INFO - reponse_20221020.txt
[2022-11-16T22:25:56.319+0000] {subprocess.py:93} INFO - reponse_20221021.txt
[2022-11-16T22:25:56.320+0000] {subprocess.py:93} INFO - reponse_20221022.txt
[2022-11-16T22:25:56.323+0000] {subprocess.py:93} INFO - reponse_20221023.txt
[2022-11-16T22:25:56.325+0000] {subprocess.py:93} INFO - reponse_20221024.txt
[2022-11-16T22:25:56.327+0000] {subprocess.py:93} INFO - reponse_20221025.txt
[2022-11-16T22:25:56.330+0000] {subprocess.py:93} INFO - reponse_20221026.txt
[2022-11-16T22:25:56.331+0000] {subprocess.py:93} INFO - reponse_20221027.txt
[2022-11-16T22:25:56.333+0000] {subprocess.py:93} INFO - reponse_20221028.txt
[2022-11-16T22:25:56.334+0000] {subprocess.py:93} INFO - reponse_20221029.txt
[2022-11-16T22:25:56.335+0000] {subprocess.py:93} INFO - reponse_20221030.txt
[2022-11-16T22:25:56.337+0000] {subprocess.py:93} INFO - reponse_20221031.txt
[2022-11-16T22:25:56.338+0000] {subprocess.py:93} INFO - reponse_20221101.txt
[2022-11-16T22:25:56.341+0000] {subprocess.py:93} INFO - reponse_20221102.txt
[2022-11-16T22:25:56.343+0000] {subprocess.py:93} INFO - reponse_20221103.txt
[2022-11-16T22:25:56.345+0000] {subprocess.py:93} INFO - reponse_20221104.txt
[2022-11-16T22:25:56.347+0000] {subprocess.py:93} INFO - reponse_20221105.txt
[2022-11-16T22:25:56.348+0000] {subprocess.py:93} INFO - reponse_20221106.txt
[2022-11-16T22:25:56.349+0000] {subprocess.py:93} INFO - reponse_20221107.txt
[2022-11-16T22:25:56.350+0000] {subprocess.py:93} INFO - reponse_20221108.txt
[2022-11-16T22:25:56.351+0000] {subprocess.py:93} INFO - reponse_20221109.txt
[2022-11-16T22:25:56.353+0000] {subprocess.py:93} INFO - reponse_20221110.txt
[2022-11-16T22:25:56.354+0000] {subprocess.py:93} INFO - reponse_20221111.txt
[2022-11-16T22:25:56.357+0000] {subprocess.py:93} INFO - reponse_20221112.txt
[2022-11-16T22:25:56.358+0000] {subprocess.py:93} INFO - reponse_20221113.txt
[2022-11-16T22:25:56.359+0000] {subprocess.py:93} INFO - reponse_20221114.txt
[2022-11-16T22:25:56.360+0000] {subprocess.py:93} INFO - reponse_20221115.txt
[2022-11-16T22:25:56.361+0000] {subprocess.py:93} INFO - tmp061o5asr
[2022-11-16T22:25:56.362+0000] {subprocess.py:93} INFO - tmp1b_v374g
[2022-11-16T22:25:56.364+0000] {subprocess.py:93} INFO - tmp2n3y4qb3
[2022-11-16T22:25:56.365+0000] {subprocess.py:93} INFO - tmp2ztydtyd
[2022-11-16T22:25:56.366+0000] {subprocess.py:93} INFO - tmp546oqdk0
[2022-11-16T22:25:56.367+0000] {subprocess.py:93} INFO - tmp57roj99h
[2022-11-16T22:25:56.367+0000] {subprocess.py:93} INFO - tmp5lejojs5
[2022-11-16T22:25:56.368+0000] {subprocess.py:93} INFO - tmp5nj2onwa
[2022-11-16T22:25:56.369+0000] {subprocess.py:93} INFO - tmp64cxrvul
[2022-11-16T22:25:56.370+0000] {subprocess.py:93} INFO - tmp6g4l21c1
[2022-11-16T22:25:56.371+0000] {subprocess.py:93} INFO - tmp7c6bgots
[2022-11-16T22:25:56.372+0000] {subprocess.py:93} INFO - tmp7khebugo
[2022-11-16T22:25:56.375+0000] {subprocess.py:93} INFO - tmp7lvtz6wk
[2022-11-16T22:25:56.376+0000] {subprocess.py:93} INFO - tmp8_n1aj39
[2022-11-16T22:25:56.377+0000] {subprocess.py:93} INFO - tmp8c_dsk2e
[2022-11-16T22:25:56.378+0000] {subprocess.py:93} INFO - tmp928ntdt7
[2022-11-16T22:25:56.379+0000] {subprocess.py:93} INFO - tmp9503grtb
[2022-11-16T22:25:56.379+0000] {subprocess.py:93} INFO - tmp_afh1uos
[2022-11-16T22:25:56.381+0000] {subprocess.py:93} INFO - tmp_m6lsnw3
[2022-11-16T22:25:56.381+0000] {subprocess.py:93} INFO - tmp_vy6n6_q
[2022-11-16T22:25:56.382+0000] {subprocess.py:93} INFO - tmpcnj5oj8y
[2022-11-16T22:25:56.383+0000] {subprocess.py:93} INFO - tmpcu_pom_6
[2022-11-16T22:25:56.385+0000] {subprocess.py:93} INFO - tmpdmc2g1zb
[2022-11-16T22:25:56.386+0000] {subprocess.py:93} INFO - tmpe4k1ogev
[2022-11-16T22:25:56.388+0000] {subprocess.py:93} INFO - tmpg_n88zm7
[2022-11-16T22:25:56.389+0000] {subprocess.py:93} INFO - tmpgg8mkst1
[2022-11-16T22:25:56.391+0000] {subprocess.py:93} INFO - tmpgi8v82jx
[2022-11-16T22:25:56.392+0000] {subprocess.py:93} INFO - tmpiez6kail
[2022-11-16T22:25:56.393+0000] {subprocess.py:93} INFO - tmpj1n4wxza
[2022-11-16T22:25:56.395+0000] {subprocess.py:93} INFO - tmpjsznho2e
[2022-11-16T22:25:56.396+0000] {subprocess.py:93} INFO - tmpkrg9_cgk
[2022-11-16T22:25:56.396+0000] {subprocess.py:93} INFO - tmpl13ymsfs
[2022-11-16T22:25:56.398+0000] {subprocess.py:93} INFO - tmplrbhl64b
[2022-11-16T22:25:56.399+0000] {subprocess.py:93} INFO - tmpn38ozedg
[2022-11-16T22:25:56.400+0000] {subprocess.py:93} INFO - tmpn96u_4ih
[2022-11-16T22:25:56.401+0000] {subprocess.py:93} INFO - tmpo3nf6k5c
[2022-11-16T22:25:56.404+0000] {subprocess.py:93} INFO - tmpoy_ljy8t
[2022-11-16T22:25:56.407+0000] {subprocess.py:93} INFO - tmpp4w9yq6x
[2022-11-16T22:25:56.409+0000] {subprocess.py:93} INFO - tmppfidxzjr
[2022-11-16T22:25:56.410+0000] {subprocess.py:93} INFO - tmpr681bhfw
[2022-11-16T22:25:56.411+0000] {subprocess.py:93} INFO - tmpr9102hwf
[2022-11-16T22:25:56.412+0000] {subprocess.py:93} INFO - tmpt4qo16oq
[2022-11-16T22:25:56.413+0000] {subprocess.py:93} INFO - tmptn832g5z
[2022-11-16T22:25:56.414+0000] {subprocess.py:93} INFO - tmpu9qbl0wh
[2022-11-16T22:25:56.415+0000] {subprocess.py:93} INFO - tmpuq8ywung
[2022-11-16T22:25:56.420+0000] {subprocess.py:93} INFO - tmpv606o9_9
[2022-11-16T22:25:56.422+0000] {subprocess.py:93} INFO - tmpxf7g1lc4
[2022-11-16T22:25:56.423+0000] {subprocess.py:93} INFO - tmpxktobcjf
[2022-11-16T22:25:56.424+0000] {subprocess.py:93} INFO - tmpz91iizm7
[2022-11-16T22:25:56.425+0000] {subprocess.py:93} INFO - head: cannot open '/tmp/platzi_data.csv' for reading: No such file or directory
[2022-11-16T22:25:56.426+0000] {subprocess.py:97} INFO - Command exited with return code 1
[2022-11-16T22:25:56.448+0000] {taskinstance.py:1851} ERROR - Task failed with exception
Traceback (most recent call last):
  File "/home/airflow/.local/lib/python3.7/site-packages/airflow/operators/bash.py", line 197, in execute
    f'Bash command failed. The command returned a non-zero exit code {result.exit_code}.'
airflow.exceptions.AirflowException: Bash command failed. The command returned a non-zero exit code 1.
[2022-11-16T22:25:56.463+0000] {taskinstance.py:1406} INFO - Marking task as FAILED. dag_id=MyPersonalAirflowProject, task_id=Print_Imported_data, execution_date=20221026T000000, start_date=20221116T222555, end_date=20221116T222556
[2022-11-16T22:25:56.503+0000] {standard_task_runner.py:105} ERROR - Failed to execute job 1595 for task Print_Imported_data (Bash command failed. The command returned a non-zero exit code 1.; 5803)
[2022-11-16T22:25:56.602+0000] {local_task_job.py:164} INFO - Task exited with return code 1
[2022-11-16T22:25:56.646+0000] {local_task_job.py:273} INFO - 0 downstream tasks scheduled from follow-on schedule check
[2022-11-17T16:37:37.898+0000] {taskinstance.py:1165} INFO - Dependencies all met for <TaskInstance: MyPersonalAirflowProject.Print_Imported_data scheduled__2022-10-26T00:00:00+00:00 [queued]>
[2022-11-17T16:37:37.936+0000] {taskinstance.py:1165} INFO - Dependencies all met for <TaskInstance: MyPersonalAirflowProject.Print_Imported_data scheduled__2022-10-26T00:00:00+00:00 [queued]>
[2022-11-17T16:37:37.936+0000] {taskinstance.py:1362} INFO - 
--------------------------------------------------------------------------------
[2022-11-17T16:37:37.937+0000] {taskinstance.py:1363} INFO - Starting attempt 1 of 1
[2022-11-17T16:37:37.938+0000] {taskinstance.py:1364} INFO - 
--------------------------------------------------------------------------------
[2022-11-17T16:37:37.979+0000] {taskinstance.py:1383} INFO - Executing <Task(BashOperator): Print_Imported_data> on 2022-10-26 00:00:00+00:00
[2022-11-17T16:37:37.984+0000] {standard_task_runner.py:55} INFO - Started process 4136 to run task
[2022-11-17T16:37:37.987+0000] {standard_task_runner.py:82} INFO - Running: ['***', 'tasks', 'run', 'MyPersonalAirflowProject', 'Print_Imported_data', 'scheduled__2022-10-26T00:00:00+00:00', '--job-id', '2229', '--raw', '--subdir', 'DAGS_FOLDER/FinalPersonalProject.py', '--cfg-path', '/tmp/tmpskmuqlvh']
[2022-11-17T16:37:37.988+0000] {standard_task_runner.py:83} INFO - Job 2229: Subtask Print_Imported_data
[2022-11-17T16:37:38.084+0000] {task_command.py:376} INFO - Running <TaskInstance: MyPersonalAirflowProject.Print_Imported_data scheduled__2022-10-26T00:00:00+00:00 [running]> on host 638485efabe7
[2022-11-17T16:37:38.212+0000] {taskinstance.py:1592} INFO - Exporting the following env vars:
AIRFLOW_CTX_DAG_OWNER=***
AIRFLOW_CTX_DAG_ID=MyPersonalAirflowProject
AIRFLOW_CTX_TASK_ID=Print_Imported_data
AIRFLOW_CTX_EXECUTION_DATE=2022-10-26T00:00:00+00:00
AIRFLOW_CTX_TRY_NUMBER=1
AIRFLOW_CTX_DAG_RUN_ID=scheduled__2022-10-26T00:00:00+00:00
[2022-11-17T16:37:38.214+0000] {subprocess.py:63} INFO - Tmp dir root location: 
 /tmp
[2022-11-17T16:37:38.215+0000] {subprocess.py:75} INFO - Running command: ['/bin/bash', '-c', 'ls /tmp/ && head /tmp/platzi_data_20221026.csv']
[2022-11-17T16:37:38.227+0000] {subprocess.py:86} INFO - Output:
[2022-11-17T16:37:38.230+0000] {subprocess.py:93} INFO - ***tmp2g6y9ptm
[2022-11-17T16:37:38.231+0000] {subprocess.py:93} INFO - ***tmpk5xxq3nx
[2022-11-17T16:37:38.232+0000] {subprocess.py:93} INFO - ***tmplkvca7ip
[2022-11-17T16:37:38.232+0000] {subprocess.py:93} INFO - ***tmpodkacs8z
[2022-11-17T16:37:38.233+0000] {subprocess.py:93} INFO - file.txt
[2022-11-17T16:37:38.233+0000] {subprocess.py:93} INFO - history.json
[2022-11-17T16:37:38.233+0000] {subprocess.py:93} INFO - platzi_data_20221001.csv
[2022-11-17T16:37:38.234+0000] {subprocess.py:93} INFO - platzi_data_20221002.csv
[2022-11-17T16:37:38.234+0000] {subprocess.py:93} INFO - platzi_data_20221003.csv
[2022-11-17T16:37:38.234+0000] {subprocess.py:93} INFO - platzi_data_20221004.csv
[2022-11-17T16:37:38.235+0000] {subprocess.py:93} INFO - platzi_data_20221005.csv
[2022-11-17T16:37:38.235+0000] {subprocess.py:93} INFO - platzi_data_20221006.csv
[2022-11-17T16:37:38.236+0000] {subprocess.py:93} INFO - platzi_data_20221007.csv
[2022-11-17T16:37:38.236+0000] {subprocess.py:93} INFO - platzi_data_20221008.csv
[2022-11-17T16:37:38.237+0000] {subprocess.py:93} INFO - platzi_data_20221009.csv
[2022-11-17T16:37:38.237+0000] {subprocess.py:93} INFO - platzi_data_20221010.csv
[2022-11-17T16:37:38.238+0000] {subprocess.py:93} INFO - platzi_data_20221011.csv
[2022-11-17T16:37:38.238+0000] {subprocess.py:93} INFO - platzi_data_20221012.csv
[2022-11-17T16:37:38.239+0000] {subprocess.py:93} INFO - platzi_data_20221013.csv
[2022-11-17T16:37:38.239+0000] {subprocess.py:93} INFO - platzi_data_20221014.csv
[2022-11-17T16:37:38.240+0000] {subprocess.py:93} INFO - platzi_data_20221015.csv
[2022-11-17T16:37:38.240+0000] {subprocess.py:93} INFO - platzi_data_20221016.csv
[2022-11-17T16:37:38.240+0000] {subprocess.py:93} INFO - platzi_data_20221017.csv
[2022-11-17T16:37:38.241+0000] {subprocess.py:93} INFO - platzi_data_20221018.csv
[2022-11-17T16:37:38.241+0000] {subprocess.py:93} INFO - platzi_data_20221019.csv
[2022-11-17T16:37:38.241+0000] {subprocess.py:93} INFO - platzi_data_20221020.csv
[2022-11-17T16:37:38.242+0000] {subprocess.py:93} INFO - platzi_data_20221021.csv
[2022-11-17T16:37:38.242+0000] {subprocess.py:93} INFO - platzi_data_20221022.csv
[2022-11-17T16:37:38.243+0000] {subprocess.py:93} INFO - platzi_data_20221023.csv
[2022-11-17T16:37:38.243+0000] {subprocess.py:93} INFO - platzi_data_20221024.csv
[2022-11-17T16:37:38.244+0000] {subprocess.py:93} INFO - platzi_data_20221025.csv
[2022-11-17T16:37:38.244+0000] {subprocess.py:93} INFO - platzi_data_20221026.csv
[2022-11-17T16:37:38.245+0000] {subprocess.py:93} INFO - platzi_data_20221027.csv
[2022-11-17T16:37:38.245+0000] {subprocess.py:93} INFO - platzi_data_20221028.csv
[2022-11-17T16:37:38.246+0000] {subprocess.py:93} INFO - platzi_data_20221029.csv
[2022-11-17T16:37:38.246+0000] {subprocess.py:93} INFO - platzi_data_20221030.csv
[2022-11-17T16:37:38.247+0000] {subprocess.py:93} INFO - platzi_data_20221031.csv
[2022-11-17T16:37:38.248+0000] {subprocess.py:93} INFO - platzi_data_20221101.csv
[2022-11-17T16:37:38.248+0000] {subprocess.py:93} INFO - platzi_data_20221102.csv
[2022-11-17T16:37:38.248+0000] {subprocess.py:93} INFO - platzi_data_20221103.csv
[2022-11-17T16:37:38.249+0000] {subprocess.py:93} INFO - platzi_data_20221104.csv
[2022-11-17T16:37:38.249+0000] {subprocess.py:93} INFO - platzi_data_20221105.csv
[2022-11-17T16:37:38.250+0000] {subprocess.py:93} INFO - platzi_data_20221106.csv
[2022-11-17T16:37:38.250+0000] {subprocess.py:93} INFO - platzi_data_20221107.csv
[2022-11-17T16:37:38.250+0000] {subprocess.py:93} INFO - platzi_data_20221108.csv
[2022-11-17T16:37:38.250+0000] {subprocess.py:93} INFO - platzi_data_20221109.csv
[2022-11-17T16:37:38.251+0000] {subprocess.py:93} INFO - platzi_data_20221110.csv
[2022-11-17T16:37:38.251+0000] {subprocess.py:93} INFO - platzi_data_20221111.csv
[2022-11-17T16:37:38.252+0000] {subprocess.py:93} INFO - platzi_data_20221112.csv
[2022-11-17T16:37:38.252+0000] {subprocess.py:93} INFO - platzi_data_20221113.csv
[2022-11-17T16:37:38.252+0000] {subprocess.py:93} INFO - platzi_data_20221114.csv
[2022-11-17T16:37:38.253+0000] {subprocess.py:93} INFO - platzi_data_20221115.csv
[2022-11-17T16:37:38.253+0000] {subprocess.py:93} INFO - platzi_data_20221116.csv
[2022-11-17T16:37:38.254+0000] {subprocess.py:93} INFO - pymp-8yik9lbi
[2022-11-17T16:37:38.254+0000] {subprocess.py:93} INFO - pymp-sbqt6pho
[2022-11-17T16:37:38.255+0000] {subprocess.py:93} INFO - reponse_20221001.txt
[2022-11-17T16:37:38.255+0000] {subprocess.py:93} INFO - reponse_20221002.txt
[2022-11-17T16:37:38.255+0000] {subprocess.py:93} INFO - reponse_20221003.txt
[2022-11-17T16:37:38.255+0000] {subprocess.py:93} INFO - reponse_20221004.txt
[2022-11-17T16:37:38.256+0000] {subprocess.py:93} INFO - reponse_20221005.txt
[2022-11-17T16:37:38.256+0000] {subprocess.py:93} INFO - reponse_20221006.txt
[2022-11-17T16:37:38.256+0000] {subprocess.py:93} INFO - reponse_20221007.txt
[2022-11-17T16:37:38.256+0000] {subprocess.py:93} INFO - reponse_20221008.txt
[2022-11-17T16:37:38.257+0000] {subprocess.py:93} INFO - reponse_20221009.txt
[2022-11-17T16:37:38.257+0000] {subprocess.py:93} INFO - reponse_20221010.txt
[2022-11-17T16:37:38.258+0000] {subprocess.py:93} INFO - reponse_20221011.txt
[2022-11-17T16:37:38.258+0000] {subprocess.py:93} INFO - reponse_20221012.txt
[2022-11-17T16:37:38.258+0000] {subprocess.py:93} INFO - reponse_20221013.txt
[2022-11-17T16:37:38.259+0000] {subprocess.py:93} INFO - reponse_20221014.txt
[2022-11-17T16:37:38.259+0000] {subprocess.py:93} INFO - reponse_20221015.txt
[2022-11-17T16:37:38.259+0000] {subprocess.py:93} INFO - reponse_20221016.txt
[2022-11-17T16:37:38.260+0000] {subprocess.py:93} INFO - reponse_20221017.txt
[2022-11-17T16:37:38.260+0000] {subprocess.py:93} INFO - reponse_20221018.txt
[2022-11-17T16:37:38.261+0000] {subprocess.py:93} INFO - reponse_20221019.txt
[2022-11-17T16:37:38.261+0000] {subprocess.py:93} INFO - reponse_20221020.txt
[2022-11-17T16:37:38.261+0000] {subprocess.py:93} INFO - reponse_20221021.txt
[2022-11-17T16:37:38.262+0000] {subprocess.py:93} INFO - reponse_20221022.txt
[2022-11-17T16:37:38.262+0000] {subprocess.py:93} INFO - reponse_20221023.txt
[2022-11-17T16:37:38.262+0000] {subprocess.py:93} INFO - reponse_20221024.txt
[2022-11-17T16:37:38.263+0000] {subprocess.py:93} INFO - reponse_20221025.txt
[2022-11-17T16:37:38.263+0000] {subprocess.py:93} INFO - reponse_20221026.txt
[2022-11-17T16:37:38.263+0000] {subprocess.py:93} INFO - reponse_20221027.txt
[2022-11-17T16:37:38.263+0000] {subprocess.py:93} INFO - reponse_20221028.txt
[2022-11-17T16:37:38.264+0000] {subprocess.py:93} INFO - reponse_20221029.txt
[2022-11-17T16:37:38.264+0000] {subprocess.py:93} INFO - reponse_20221030.txt
[2022-11-17T16:37:38.265+0000] {subprocess.py:93} INFO - reponse_20221031.txt
[2022-11-17T16:37:38.265+0000] {subprocess.py:93} INFO - reponse_20221101.txt
[2022-11-17T16:37:38.265+0000] {subprocess.py:93} INFO - reponse_20221102.txt
[2022-11-17T16:37:38.266+0000] {subprocess.py:93} INFO - reponse_20221103.txt
[2022-11-17T16:37:38.266+0000] {subprocess.py:93} INFO - reponse_20221104.txt
[2022-11-17T16:37:38.266+0000] {subprocess.py:93} INFO - reponse_20221105.txt
[2022-11-17T16:37:38.267+0000] {subprocess.py:93} INFO - reponse_20221106.txt
[2022-11-17T16:37:38.267+0000] {subprocess.py:93} INFO - reponse_20221107.txt
[2022-11-17T16:37:38.267+0000] {subprocess.py:93} INFO - reponse_20221108.txt
[2022-11-17T16:37:38.268+0000] {subprocess.py:93} INFO - reponse_20221109.txt
[2022-11-17T16:37:38.268+0000] {subprocess.py:93} INFO - reponse_20221110.txt
[2022-11-17T16:37:38.268+0000] {subprocess.py:93} INFO - reponse_20221111.txt
[2022-11-17T16:37:38.268+0000] {subprocess.py:93} INFO - reponse_20221112.txt
[2022-11-17T16:37:38.269+0000] {subprocess.py:93} INFO - reponse_20221113.txt
[2022-11-17T16:37:38.269+0000] {subprocess.py:93} INFO - reponse_20221114.txt
[2022-11-17T16:37:38.269+0000] {subprocess.py:93} INFO - reponse_20221115.txt
[2022-11-17T16:37:38.269+0000] {subprocess.py:93} INFO - reponse_20221116.txt
[2022-11-17T16:37:38.270+0000] {subprocess.py:93} INFO - tmp061o5asr
[2022-11-17T16:37:38.270+0000] {subprocess.py:93} INFO - tmp1b_v374g
[2022-11-17T16:37:38.270+0000] {subprocess.py:93} INFO - tmp2n3y4qb3
[2022-11-17T16:37:38.270+0000] {subprocess.py:93} INFO - tmp2ztydtyd
[2022-11-17T16:37:38.271+0000] {subprocess.py:93} INFO - tmp546oqdk0
[2022-11-17T16:37:38.271+0000] {subprocess.py:93} INFO - tmp57roj99h
[2022-11-17T16:37:38.271+0000] {subprocess.py:93} INFO - tmp5lejojs5
[2022-11-17T16:37:38.271+0000] {subprocess.py:93} INFO - tmp5nj2onwa
[2022-11-17T16:37:38.272+0000] {subprocess.py:93} INFO - tmp64cxrvul
[2022-11-17T16:37:38.272+0000] {subprocess.py:93} INFO - tmp6g4l21c1
[2022-11-17T16:37:38.272+0000] {subprocess.py:93} INFO - tmp7c6bgots
[2022-11-17T16:37:38.272+0000] {subprocess.py:93} INFO - tmp7khebugo
[2022-11-17T16:37:38.272+0000] {subprocess.py:93} INFO - tmp7lvtz6wk
[2022-11-17T16:37:38.273+0000] {subprocess.py:93} INFO - tmp8_n1aj39
[2022-11-17T16:37:38.273+0000] {subprocess.py:93} INFO - tmp8c_dsk2e
[2022-11-17T16:37:38.273+0000] {subprocess.py:93} INFO - tmp928ntdt7
[2022-11-17T16:37:38.273+0000] {subprocess.py:93} INFO - tmp9503grtb
[2022-11-17T16:37:38.274+0000] {subprocess.py:93} INFO - tmp_afh1uos
[2022-11-17T16:37:38.274+0000] {subprocess.py:93} INFO - tmp_m6lsnw3
[2022-11-17T16:37:38.274+0000] {subprocess.py:93} INFO - tmp_vy6n6_q
[2022-11-17T16:37:38.274+0000] {subprocess.py:93} INFO - tmpcnj5oj8y
[2022-11-17T16:37:38.275+0000] {subprocess.py:93} INFO - tmpcu_pom_6
[2022-11-17T16:37:38.275+0000] {subprocess.py:93} INFO - tmpdmc2g1zb
[2022-11-17T16:37:38.275+0000] {subprocess.py:93} INFO - tmpe4k1ogev
[2022-11-17T16:37:38.276+0000] {subprocess.py:93} INFO - tmpg_n88zm7
[2022-11-17T16:37:38.276+0000] {subprocess.py:93} INFO - tmpgg8mkst1
[2022-11-17T16:37:38.276+0000] {subprocess.py:93} INFO - tmpgi8v82jx
[2022-11-17T16:37:38.276+0000] {subprocess.py:93} INFO - tmpiez6kail
[2022-11-17T16:37:38.276+0000] {subprocess.py:93} INFO - tmpj1n4wxza
[2022-11-17T16:37:38.277+0000] {subprocess.py:93} INFO - tmpjsznho2e
[2022-11-17T16:37:38.277+0000] {subprocess.py:93} INFO - tmpkrg9_cgk
[2022-11-17T16:37:38.277+0000] {subprocess.py:93} INFO - tmpl13ymsfs
[2022-11-17T16:37:38.277+0000] {subprocess.py:93} INFO - tmplrbhl64b
[2022-11-17T16:37:38.278+0000] {subprocess.py:93} INFO - tmpn38ozedg
[2022-11-17T16:37:38.278+0000] {subprocess.py:93} INFO - tmpn96u_4ih
[2022-11-17T16:37:38.278+0000] {subprocess.py:93} INFO - tmpo3nf6k5c
[2022-11-17T16:37:38.278+0000] {subprocess.py:93} INFO - tmpoy_ljy8t
[2022-11-17T16:37:38.279+0000] {subprocess.py:93} INFO - tmpp4w9yq6x
[2022-11-17T16:37:38.279+0000] {subprocess.py:93} INFO - tmppfidxzjr
[2022-11-17T16:37:38.279+0000] {subprocess.py:93} INFO - tmpr681bhfw
[2022-11-17T16:37:38.279+0000] {subprocess.py:93} INFO - tmpr9102hwf
[2022-11-17T16:37:38.280+0000] {subprocess.py:93} INFO - tmpt4qo16oq
[2022-11-17T16:37:38.280+0000] {subprocess.py:93} INFO - tmptn832g5z
[2022-11-17T16:37:38.281+0000] {subprocess.py:93} INFO - tmpu9qbl0wh
[2022-11-17T16:37:38.281+0000] {subprocess.py:93} INFO - tmpuq8ywung
[2022-11-17T16:37:38.281+0000] {subprocess.py:93} INFO - tmpv606o9_9
[2022-11-17T16:37:38.281+0000] {subprocess.py:93} INFO - tmpxf7g1lc4
[2022-11-17T16:37:38.282+0000] {subprocess.py:93} INFO - tmpxktobcjf
[2022-11-17T16:37:38.282+0000] {subprocess.py:93} INFO - tmpz91iizm7
[2022-11-17T16:37:38.282+0000] {subprocess.py:93} INFO - ,student,timestamp
[2022-11-17T16:37:38.282+0000] {subprocess.py:93} INFO - 0,Maria Cruz,2022-10-26 00:00:00+00:00
[2022-11-17T16:37:38.283+0000] {subprocess.py:93} INFO - 1,Daniel Crema,2022-10-26 00:00:00+00:00
[2022-11-17T16:37:38.283+0000] {subprocess.py:93} INFO - 2,Elon Musk,2022-10-26 00:00:00+00:00
[2022-11-17T16:37:38.283+0000] {subprocess.py:93} INFO - 3,Karol Castrejon,2022-10-26 00:00:00+00:00
[2022-11-17T16:37:38.283+0000] {subprocess.py:93} INFO - 4,Freddy Vega,2022-10-26 00:00:00+00:00
[2022-11-17T16:37:38.284+0000] {subprocess.py:93} INFO - 5,Freddy Montañez,2022-10-26 00:00:00+00:00
[2022-11-17T16:37:38.284+0000] {subprocess.py:97} INFO - Command exited with return code 0
[2022-11-17T16:37:38.339+0000] {taskinstance.py:1406} INFO - Marking task as SUCCESS. dag_id=MyPersonalAirflowProject, task_id=Print_Imported_data, execution_date=20221026T000000, start_date=20221117T163737, end_date=20221117T163738
[2022-11-17T16:37:38.402+0000] {local_task_job.py:164} INFO - Task exited with return code 0
[2022-11-17T16:37:38.513+0000] {local_task_job.py:273} INFO - 2 downstream tasks scheduled from follow-on schedule check
[2022-11-17T17:29:16.267+0000] {taskinstance.py:1165} INFO - Dependencies all met for <TaskInstance: MyPersonalAirflowProject.Print_Imported_data scheduled__2022-10-26T00:00:00+00:00 [queued]>
[2022-11-17T17:29:16.283+0000] {taskinstance.py:1165} INFO - Dependencies all met for <TaskInstance: MyPersonalAirflowProject.Print_Imported_data scheduled__2022-10-26T00:00:00+00:00 [queued]>
[2022-11-17T17:29:16.284+0000] {taskinstance.py:1362} INFO - 
--------------------------------------------------------------------------------
[2022-11-17T17:29:16.284+0000] {taskinstance.py:1363} INFO - Starting attempt 1 of 1
[2022-11-17T17:29:16.285+0000] {taskinstance.py:1364} INFO - 
--------------------------------------------------------------------------------
[2022-11-17T17:29:16.305+0000] {taskinstance.py:1383} INFO - Executing <Task(BashOperator): Print_Imported_data> on 2022-10-26 00:00:00+00:00
[2022-11-17T17:29:16.313+0000] {standard_task_runner.py:55} INFO - Started process 7778 to run task
[2022-11-17T17:29:16.316+0000] {standard_task_runner.py:82} INFO - Running: ['***', 'tasks', 'run', 'MyPersonalAirflowProject', 'Print_Imported_data', 'scheduled__2022-10-26T00:00:00+00:00', '--job-id', '2639', '--raw', '--subdir', 'DAGS_FOLDER/FinalPersonalProject.py', '--cfg-path', '/tmp/tmpc08lenxa']
[2022-11-17T17:29:16.317+0000] {standard_task_runner.py:83} INFO - Job 2639: Subtask Print_Imported_data
[2022-11-17T17:29:16.386+0000] {task_command.py:376} INFO - Running <TaskInstance: MyPersonalAirflowProject.Print_Imported_data scheduled__2022-10-26T00:00:00+00:00 [running]> on host 638485efabe7
[2022-11-17T17:29:16.475+0000] {taskinstance.py:1592} INFO - Exporting the following env vars:
AIRFLOW_CTX_DAG_OWNER=***
AIRFLOW_CTX_DAG_ID=MyPersonalAirflowProject
AIRFLOW_CTX_TASK_ID=Print_Imported_data
AIRFLOW_CTX_EXECUTION_DATE=2022-10-26T00:00:00+00:00
AIRFLOW_CTX_TRY_NUMBER=1
AIRFLOW_CTX_DAG_RUN_ID=scheduled__2022-10-26T00:00:00+00:00
[2022-11-17T17:29:16.477+0000] {subprocess.py:63} INFO - Tmp dir root location: 
 /tmp
[2022-11-17T17:29:16.478+0000] {subprocess.py:75} INFO - Running command: ['/bin/bash', '-c', 'ls /tmp/ && head /tmp/platzi_data_20221026.csv']
[2022-11-17T17:29:16.490+0000] {subprocess.py:86} INFO - Output:
[2022-11-17T17:29:16.494+0000] {subprocess.py:93} INFO - ***tmpk5xxq3nx
[2022-11-17T17:29:16.495+0000] {subprocess.py:93} INFO - ***tmplkvca7ip
[2022-11-17T17:29:16.496+0000] {subprocess.py:93} INFO - ***tmpodkacs8z
[2022-11-17T17:29:16.496+0000] {subprocess.py:93} INFO - ***tmpxo45dwky
[2022-11-17T17:29:16.496+0000] {subprocess.py:93} INFO - file.txt
[2022-11-17T17:29:16.497+0000] {subprocess.py:93} INFO - history.json
[2022-11-17T17:29:16.497+0000] {subprocess.py:93} INFO - platzi_data_20221001.csv
[2022-11-17T17:29:16.498+0000] {subprocess.py:93} INFO - platzi_data_20221002.csv
[2022-11-17T17:29:16.498+0000] {subprocess.py:93} INFO - platzi_data_20221003.csv
[2022-11-17T17:29:16.499+0000] {subprocess.py:93} INFO - platzi_data_20221004.csv
[2022-11-17T17:29:16.499+0000] {subprocess.py:93} INFO - platzi_data_20221005.csv
[2022-11-17T17:29:16.499+0000] {subprocess.py:93} INFO - platzi_data_20221006.csv
[2022-11-17T17:29:16.500+0000] {subprocess.py:93} INFO - platzi_data_20221007.csv
[2022-11-17T17:29:16.500+0000] {subprocess.py:93} INFO - platzi_data_20221008.csv
[2022-11-17T17:29:16.501+0000] {subprocess.py:93} INFO - platzi_data_20221009.csv
[2022-11-17T17:29:16.501+0000] {subprocess.py:93} INFO - platzi_data_20221010.csv
[2022-11-17T17:29:16.501+0000] {subprocess.py:93} INFO - platzi_data_20221011.csv
[2022-11-17T17:29:16.502+0000] {subprocess.py:93} INFO - platzi_data_20221012.csv
[2022-11-17T17:29:16.502+0000] {subprocess.py:93} INFO - platzi_data_20221013.csv
[2022-11-17T17:29:16.502+0000] {subprocess.py:93} INFO - platzi_data_20221014.csv
[2022-11-17T17:29:16.503+0000] {subprocess.py:93} INFO - platzi_data_20221015.csv
[2022-11-17T17:29:16.503+0000] {subprocess.py:93} INFO - platzi_data_20221016.csv
[2022-11-17T17:29:16.503+0000] {subprocess.py:93} INFO - platzi_data_20221017.csv
[2022-11-17T17:29:16.504+0000] {subprocess.py:93} INFO - platzi_data_20221018.csv
[2022-11-17T17:29:16.504+0000] {subprocess.py:93} INFO - platzi_data_20221019.csv
[2022-11-17T17:29:16.504+0000] {subprocess.py:93} INFO - platzi_data_20221020.csv
[2022-11-17T17:29:16.505+0000] {subprocess.py:93} INFO - platzi_data_20221021.csv
[2022-11-17T17:29:16.505+0000] {subprocess.py:93} INFO - platzi_data_20221022.csv
[2022-11-17T17:29:16.505+0000] {subprocess.py:93} INFO - platzi_data_20221023.csv
[2022-11-17T17:29:16.506+0000] {subprocess.py:93} INFO - platzi_data_20221024.csv
[2022-11-17T17:29:16.506+0000] {subprocess.py:93} INFO - platzi_data_20221025.csv
[2022-11-17T17:29:16.507+0000] {subprocess.py:93} INFO - platzi_data_20221026.csv
[2022-11-17T17:29:16.507+0000] {subprocess.py:93} INFO - platzi_data_20221027.csv
[2022-11-17T17:29:16.507+0000] {subprocess.py:93} INFO - platzi_data_20221028.csv
[2022-11-17T17:29:16.507+0000] {subprocess.py:93} INFO - platzi_data_20221029.csv
[2022-11-17T17:29:16.508+0000] {subprocess.py:93} INFO - platzi_data_20221030.csv
[2022-11-17T17:29:16.508+0000] {subprocess.py:93} INFO - platzi_data_20221031.csv
[2022-11-17T17:29:16.508+0000] {subprocess.py:93} INFO - platzi_data_20221101.csv
[2022-11-17T17:29:16.509+0000] {subprocess.py:93} INFO - platzi_data_20221102.csv
[2022-11-17T17:29:16.509+0000] {subprocess.py:93} INFO - platzi_data_20221103.csv
[2022-11-17T17:29:16.510+0000] {subprocess.py:93} INFO - platzi_data_20221104.csv
[2022-11-17T17:29:16.510+0000] {subprocess.py:93} INFO - platzi_data_20221105.csv
[2022-11-17T17:29:16.510+0000] {subprocess.py:93} INFO - platzi_data_20221106.csv
[2022-11-17T17:29:16.510+0000] {subprocess.py:93} INFO - platzi_data_20221107.csv
[2022-11-17T17:29:16.511+0000] {subprocess.py:93} INFO - platzi_data_20221108.csv
[2022-11-17T17:29:16.511+0000] {subprocess.py:93} INFO - platzi_data_20221109.csv
[2022-11-17T17:29:16.511+0000] {subprocess.py:93} INFO - platzi_data_20221110.csv
[2022-11-17T17:29:16.511+0000] {subprocess.py:93} INFO - platzi_data_20221111.csv
[2022-11-17T17:29:16.512+0000] {subprocess.py:93} INFO - platzi_data_20221112.csv
[2022-11-17T17:29:16.512+0000] {subprocess.py:93} INFO - platzi_data_20221113.csv
[2022-11-17T17:29:16.512+0000] {subprocess.py:93} INFO - platzi_data_20221114.csv
[2022-11-17T17:29:16.513+0000] {subprocess.py:93} INFO - platzi_data_20221115.csv
[2022-11-17T17:29:16.513+0000] {subprocess.py:93} INFO - platzi_data_20221116.csv
[2022-11-17T17:29:16.513+0000] {subprocess.py:93} INFO - pymp-8yik9lbi
[2022-11-17T17:29:16.514+0000] {subprocess.py:93} INFO - pymp-sbqt6pho
[2022-11-17T17:29:16.515+0000] {subprocess.py:93} INFO - reponse_20221001.txt
[2022-11-17T17:29:16.515+0000] {subprocess.py:93} INFO - reponse_20221002.txt
[2022-11-17T17:29:16.516+0000] {subprocess.py:93} INFO - reponse_20221003.txt
[2022-11-17T17:29:16.516+0000] {subprocess.py:93} INFO - reponse_20221004.txt
[2022-11-17T17:29:16.516+0000] {subprocess.py:93} INFO - reponse_20221005.txt
[2022-11-17T17:29:16.517+0000] {subprocess.py:93} INFO - reponse_20221006.txt
[2022-11-17T17:29:16.517+0000] {subprocess.py:93} INFO - reponse_20221007.txt
[2022-11-17T17:29:16.518+0000] {subprocess.py:93} INFO - reponse_20221008.txt
[2022-11-17T17:29:16.518+0000] {subprocess.py:93} INFO - reponse_20221009.txt
[2022-11-17T17:29:16.518+0000] {subprocess.py:93} INFO - reponse_20221010.txt
[2022-11-17T17:29:16.519+0000] {subprocess.py:93} INFO - reponse_20221011.txt
[2022-11-17T17:29:16.519+0000] {subprocess.py:93} INFO - reponse_20221012.txt
[2022-11-17T17:29:16.519+0000] {subprocess.py:93} INFO - reponse_20221013.txt
[2022-11-17T17:29:16.520+0000] {subprocess.py:93} INFO - reponse_20221014.txt
[2022-11-17T17:29:16.520+0000] {subprocess.py:93} INFO - reponse_20221015.txt
[2022-11-17T17:29:16.520+0000] {subprocess.py:93} INFO - reponse_20221016.txt
[2022-11-17T17:29:16.521+0000] {subprocess.py:93} INFO - reponse_20221017.txt
[2022-11-17T17:29:16.521+0000] {subprocess.py:93} INFO - reponse_20221018.txt
[2022-11-17T17:29:16.521+0000] {subprocess.py:93} INFO - reponse_20221019.txt
[2022-11-17T17:29:16.522+0000] {subprocess.py:93} INFO - reponse_20221020.txt
[2022-11-17T17:29:16.522+0000] {subprocess.py:93} INFO - reponse_20221021.txt
[2022-11-17T17:29:16.523+0000] {subprocess.py:93} INFO - reponse_20221022.txt
[2022-11-17T17:29:16.523+0000] {subprocess.py:93} INFO - reponse_20221023.txt
[2022-11-17T17:29:16.524+0000] {subprocess.py:93} INFO - reponse_20221024.txt
[2022-11-17T17:29:16.524+0000] {subprocess.py:93} INFO - reponse_20221025.txt
[2022-11-17T17:29:16.525+0000] {subprocess.py:93} INFO - reponse_20221026.txt
[2022-11-17T17:29:16.525+0000] {subprocess.py:93} INFO - reponse_20221027.txt
[2022-11-17T17:29:16.526+0000] {subprocess.py:93} INFO - reponse_20221028.txt
[2022-11-17T17:29:16.526+0000] {subprocess.py:93} INFO - reponse_20221029.txt
[2022-11-17T17:29:16.526+0000] {subprocess.py:93} INFO - reponse_20221030.txt
[2022-11-17T17:29:16.527+0000] {subprocess.py:93} INFO - reponse_20221031.txt
[2022-11-17T17:29:16.527+0000] {subprocess.py:93} INFO - reponse_20221101.txt
[2022-11-17T17:29:16.527+0000] {subprocess.py:93} INFO - reponse_20221102.txt
[2022-11-17T17:29:16.528+0000] {subprocess.py:93} INFO - reponse_20221103.txt
[2022-11-17T17:29:16.528+0000] {subprocess.py:93} INFO - reponse_20221104.txt
[2022-11-17T17:29:16.528+0000] {subprocess.py:93} INFO - reponse_20221105.txt
[2022-11-17T17:29:16.529+0000] {subprocess.py:93} INFO - reponse_20221106.txt
[2022-11-17T17:29:16.529+0000] {subprocess.py:93} INFO - reponse_20221107.txt
[2022-11-17T17:29:16.529+0000] {subprocess.py:93} INFO - reponse_20221108.txt
[2022-11-17T17:29:16.530+0000] {subprocess.py:93} INFO - reponse_20221109.txt
[2022-11-17T17:29:16.530+0000] {subprocess.py:93} INFO - reponse_20221110.txt
[2022-11-17T17:29:16.530+0000] {subprocess.py:93} INFO - reponse_20221111.txt
[2022-11-17T17:29:16.531+0000] {subprocess.py:93} INFO - reponse_20221112.txt
[2022-11-17T17:29:16.531+0000] {subprocess.py:93} INFO - reponse_20221113.txt
[2022-11-17T17:29:16.531+0000] {subprocess.py:93} INFO - reponse_20221114.txt
[2022-11-17T17:29:16.532+0000] {subprocess.py:93} INFO - reponse_20221115.txt
[2022-11-17T17:29:16.532+0000] {subprocess.py:93} INFO - reponse_20221116.txt
[2022-11-17T17:29:16.532+0000] {subprocess.py:93} INFO - tmp061o5asr
[2022-11-17T17:29:16.533+0000] {subprocess.py:93} INFO - tmp1b_v374g
[2022-11-17T17:29:16.533+0000] {subprocess.py:93} INFO - tmp2n3y4qb3
[2022-11-17T17:29:16.533+0000] {subprocess.py:93} INFO - tmp2ztydtyd
[2022-11-17T17:29:16.534+0000] {subprocess.py:93} INFO - tmp546oqdk0
[2022-11-17T17:29:16.534+0000] {subprocess.py:93} INFO - tmp57roj99h
[2022-11-17T17:29:16.534+0000] {subprocess.py:93} INFO - tmp5lejojs5
[2022-11-17T17:29:16.535+0000] {subprocess.py:93} INFO - tmp5nj2onwa
[2022-11-17T17:29:16.535+0000] {subprocess.py:93} INFO - tmp64cxrvul
[2022-11-17T17:29:16.535+0000] {subprocess.py:93} INFO - tmp6g4l21c1
[2022-11-17T17:29:16.536+0000] {subprocess.py:93} INFO - tmp7c6bgots
[2022-11-17T17:29:16.536+0000] {subprocess.py:93} INFO - tmp7khebugo
[2022-11-17T17:29:16.537+0000] {subprocess.py:93} INFO - tmp7lvtz6wk
[2022-11-17T17:29:16.537+0000] {subprocess.py:93} INFO - tmp8_n1aj39
[2022-11-17T17:29:16.537+0000] {subprocess.py:93} INFO - tmp8c_dsk2e
[2022-11-17T17:29:16.538+0000] {subprocess.py:93} INFO - tmp928ntdt7
[2022-11-17T17:29:16.538+0000] {subprocess.py:93} INFO - tmp9503grtb
[2022-11-17T17:29:16.538+0000] {subprocess.py:93} INFO - tmp_afh1uos
[2022-11-17T17:29:16.539+0000] {subprocess.py:93} INFO - tmp_m6lsnw3
[2022-11-17T17:29:16.539+0000] {subprocess.py:93} INFO - tmp_vy6n6_q
[2022-11-17T17:29:16.540+0000] {subprocess.py:93} INFO - tmpcnj5oj8y
[2022-11-17T17:29:16.540+0000] {subprocess.py:93} INFO - tmpcu_pom_6
[2022-11-17T17:29:16.540+0000] {subprocess.py:93} INFO - tmpdmc2g1zb
[2022-11-17T17:29:16.541+0000] {subprocess.py:93} INFO - tmpe4k1ogev
[2022-11-17T17:29:16.541+0000] {subprocess.py:93} INFO - tmpg_n88zm7
[2022-11-17T17:29:16.542+0000] {subprocess.py:93} INFO - tmpgg8mkst1
[2022-11-17T17:29:16.542+0000] {subprocess.py:93} INFO - tmpgi8v82jx
[2022-11-17T17:29:16.543+0000] {subprocess.py:93} INFO - tmpiez6kail
[2022-11-17T17:29:16.543+0000] {subprocess.py:93} INFO - tmpj1n4wxza
[2022-11-17T17:29:16.544+0000] {subprocess.py:93} INFO - tmpjsznho2e
[2022-11-17T17:29:16.544+0000] {subprocess.py:93} INFO - tmpkrg9_cgk
[2022-11-17T17:29:16.545+0000] {subprocess.py:93} INFO - tmpl13ymsfs
[2022-11-17T17:29:16.545+0000] {subprocess.py:93} INFO - tmplrbhl64b
[2022-11-17T17:29:16.546+0000] {subprocess.py:93} INFO - tmpn38ozedg
[2022-11-17T17:29:16.546+0000] {subprocess.py:93} INFO - tmpn96u_4ih
[2022-11-17T17:29:16.546+0000] {subprocess.py:93} INFO - tmpo3nf6k5c
[2022-11-17T17:29:16.547+0000] {subprocess.py:93} INFO - tmpoy_ljy8t
[2022-11-17T17:29:16.547+0000] {subprocess.py:93} INFO - tmpp4w9yq6x
[2022-11-17T17:29:16.548+0000] {subprocess.py:93} INFO - tmppfidxzjr
[2022-11-17T17:29:16.548+0000] {subprocess.py:93} INFO - tmpr681bhfw
[2022-11-17T17:29:16.549+0000] {subprocess.py:93} INFO - tmpr9102hwf
[2022-11-17T17:29:16.549+0000] {subprocess.py:93} INFO - tmpt4qo16oq
[2022-11-17T17:29:16.550+0000] {subprocess.py:93} INFO - tmptn832g5z
[2022-11-17T17:29:16.550+0000] {subprocess.py:93} INFO - tmpu9qbl0wh
[2022-11-17T17:29:16.551+0000] {subprocess.py:93} INFO - tmpuq8ywung
[2022-11-17T17:29:16.551+0000] {subprocess.py:93} INFO - tmpv606o9_9
[2022-11-17T17:29:16.552+0000] {subprocess.py:93} INFO - tmpxf7g1lc4
[2022-11-17T17:29:16.552+0000] {subprocess.py:93} INFO - tmpxktobcjf
[2022-11-17T17:29:16.552+0000] {subprocess.py:93} INFO - tmpz91iizm7
[2022-11-17T17:29:16.553+0000] {subprocess.py:93} INFO - ,student,timestamp
[2022-11-17T17:29:16.553+0000] {subprocess.py:93} INFO - 0,Maria Cruz,2022-10-26 00:00:00+00:00
[2022-11-17T17:29:16.554+0000] {subprocess.py:93} INFO - 1,Daniel Crema,2022-10-26 00:00:00+00:00
[2022-11-17T17:29:16.554+0000] {subprocess.py:93} INFO - 2,Elon Musk,2022-10-26 00:00:00+00:00
[2022-11-17T17:29:16.554+0000] {subprocess.py:93} INFO - 3,Karol Castrejon,2022-10-26 00:00:00+00:00
[2022-11-17T17:29:16.555+0000] {subprocess.py:93} INFO - 4,Freddy Vega,2022-10-26 00:00:00+00:00
[2022-11-17T17:29:16.555+0000] {subprocess.py:93} INFO - 5,Freddy Montañez,2022-10-26 00:00:00+00:00
[2022-11-17T17:29:16.556+0000] {subprocess.py:97} INFO - Command exited with return code 0
[2022-11-17T17:29:16.588+0000] {taskinstance.py:1406} INFO - Marking task as SUCCESS. dag_id=MyPersonalAirflowProject, task_id=Print_Imported_data, execution_date=20221026T000000, start_date=20221117T172916, end_date=20221117T172916
[2022-11-17T17:29:16.650+0000] {local_task_job.py:164} INFO - Task exited with return code 0
[2022-11-17T17:29:16.677+0000] {local_task_job.py:273} INFO - 2 downstream tasks scheduled from follow-on schedule check
