[2022-11-17T16:07:53.226+0000] {taskinstance.py:1165} INFO - Dependencies all met for <TaskInstance: MyPersonalAirflowProject.copy_data_to_local scheduled__2022-11-15T00:00:00+00:00 [queued]>
[2022-11-17T16:07:53.241+0000] {taskinstance.py:1165} INFO - Dependencies all met for <TaskInstance: MyPersonalAirflowProject.copy_data_to_local scheduled__2022-11-15T00:00:00+00:00 [queued]>
[2022-11-17T16:07:53.241+0000] {taskinstance.py:1362} INFO - 
--------------------------------------------------------------------------------
[2022-11-17T16:07:53.242+0000] {taskinstance.py:1363} INFO - Starting attempt 1 of 1
[2022-11-17T16:07:53.243+0000] {taskinstance.py:1364} INFO - 
--------------------------------------------------------------------------------
[2022-11-17T16:07:53.261+0000] {taskinstance.py:1383} INFO - Executing <Task(PythonOperator): copy_data_to_local> on 2022-11-15 00:00:00+00:00
[2022-11-17T16:07:53.268+0000] {standard_task_runner.py:55} INFO - Started process 2098 to run task
[2022-11-17T16:07:53.272+0000] {standard_task_runner.py:82} INFO - Running: ['***', 'tasks', 'run', 'MyPersonalAirflowProject', 'copy_data_to_local', 'scheduled__2022-11-15T00:00:00+00:00', '--job-id', '2016', '--raw', '--subdir', 'DAGS_FOLDER/FinalPersonalProject.py', '--cfg-path', '/tmp/tmpiu80dwni']
[2022-11-17T16:07:53.272+0000] {standard_task_runner.py:83} INFO - Job 2016: Subtask copy_data_to_local
[2022-11-17T16:07:53.351+0000] {task_command.py:376} INFO - Running <TaskInstance: MyPersonalAirflowProject.copy_data_to_local scheduled__2022-11-15T00:00:00+00:00 [running]> on host 638485efabe7
[2022-11-17T16:07:53.455+0000] {taskinstance.py:1592} INFO - Exporting the following env vars:
AIRFLOW_CTX_DAG_OWNER=***
AIRFLOW_CTX_DAG_ID=MyPersonalAirflowProject
AIRFLOW_CTX_TASK_ID=copy_data_to_local
AIRFLOW_CTX_EXECUTION_DATE=2022-11-15T00:00:00+00:00
AIRFLOW_CTX_TRY_NUMBER=1
AIRFLOW_CTX_DAG_RUN_ID=scheduled__2022-11-15T00:00:00+00:00
[2022-11-17T16:07:53.756+0000] {python.py:177} INFO - Done. Returned value was: None
[2022-11-17T16:07:53.769+0000] {taskinstance.py:1406} INFO - Marking task as SUCCESS. dag_id=MyPersonalAirflowProject, task_id=copy_data_to_local, execution_date=20221115T000000, start_date=20221117T160753, end_date=20221117T160753
[2022-11-17T16:07:53.805+0000] {local_task_job.py:164} INFO - Task exited with return code 0
[2022-11-17T16:07:53.837+0000] {local_task_job.py:273} INFO - 1 downstream tasks scheduled from follow-on schedule check
[2022-11-17T16:49:52.867+0000] {taskinstance.py:1165} INFO - Dependencies all met for <TaskInstance: MyPersonalAirflowProject.copy_data_to_local scheduled__2022-11-15T00:00:00+00:00 [queued]>
[2022-11-17T16:49:52.884+0000] {taskinstance.py:1165} INFO - Dependencies all met for <TaskInstance: MyPersonalAirflowProject.copy_data_to_local scheduled__2022-11-15T00:00:00+00:00 [queued]>
[2022-11-17T16:49:52.884+0000] {taskinstance.py:1362} INFO - 
--------------------------------------------------------------------------------
[2022-11-17T16:49:52.885+0000] {taskinstance.py:1363} INFO - Starting attempt 1 of 1
[2022-11-17T16:49:52.885+0000] {taskinstance.py:1364} INFO - 
--------------------------------------------------------------------------------
[2022-11-17T16:49:52.906+0000] {taskinstance.py:1383} INFO - Executing <Task(PythonOperator): copy_data_to_local> on 2022-11-15 00:00:00+00:00
[2022-11-17T16:49:52.912+0000] {standard_task_runner.py:55} INFO - Started process 5170 to run task
[2022-11-17T16:49:52.915+0000] {standard_task_runner.py:82} INFO - Running: ['***', 'tasks', 'run', 'MyPersonalAirflowProject', 'copy_data_to_local', 'scheduled__2022-11-15T00:00:00+00:00', '--job-id', '2388', '--raw', '--subdir', 'DAGS_FOLDER/FinalPersonalProject.py', '--cfg-path', '/tmp/tmp_4q66a_1']
[2022-11-17T16:49:52.916+0000] {standard_task_runner.py:83} INFO - Job 2388: Subtask copy_data_to_local
[2022-11-17T16:49:52.993+0000] {task_command.py:376} INFO - Running <TaskInstance: MyPersonalAirflowProject.copy_data_to_local scheduled__2022-11-15T00:00:00+00:00 [running]> on host 638485efabe7
[2022-11-17T16:49:53.098+0000] {taskinstance.py:1592} INFO - Exporting the following env vars:
AIRFLOW_CTX_DAG_OWNER=***
AIRFLOW_CTX_DAG_ID=MyPersonalAirflowProject
AIRFLOW_CTX_TASK_ID=copy_data_to_local
AIRFLOW_CTX_EXECUTION_DATE=2022-11-15T00:00:00+00:00
AIRFLOW_CTX_TRY_NUMBER=1
AIRFLOW_CTX_DAG_RUN_ID=scheduled__2022-11-15T00:00:00+00:00
[2022-11-17T16:49:53.401+0000] {python.py:177} INFO - Done. Returned value was: None
[2022-11-17T16:49:53.414+0000] {taskinstance.py:1406} INFO - Marking task as SUCCESS. dag_id=MyPersonalAirflowProject, task_id=copy_data_to_local, execution_date=20221115T000000, start_date=20221117T164952, end_date=20221117T164953
[2022-11-17T16:49:53.450+0000] {local_task_job.py:164} INFO - Task exited with return code 0
[2022-11-17T16:49:53.488+0000] {local_task_job.py:273} INFO - 0 downstream tasks scheduled from follow-on schedule check
[2022-11-17T17:39:20.691+0000] {taskinstance.py:1165} INFO - Dependencies all met for <TaskInstance: MyPersonalAirflowProject.copy_data_to_local scheduled__2022-11-15T00:00:00+00:00 [queued]>
[2022-11-17T17:39:20.705+0000] {taskinstance.py:1165} INFO - Dependencies all met for <TaskInstance: MyPersonalAirflowProject.copy_data_to_local scheduled__2022-11-15T00:00:00+00:00 [queued]>
[2022-11-17T17:39:20.706+0000] {taskinstance.py:1362} INFO - 
--------------------------------------------------------------------------------
[2022-11-17T17:39:20.707+0000] {taskinstance.py:1363} INFO - Starting attempt 1 of 1
[2022-11-17T17:39:20.707+0000] {taskinstance.py:1364} INFO - 
--------------------------------------------------------------------------------
[2022-11-17T17:39:20.727+0000] {taskinstance.py:1383} INFO - Executing <Task(PythonOperator): copy_data_to_local> on 2022-11-15 00:00:00+00:00
[2022-11-17T17:39:20.733+0000] {standard_task_runner.py:55} INFO - Started process 8745 to run task
[2022-11-17T17:39:20.735+0000] {standard_task_runner.py:82} INFO - Running: ['***', 'tasks', 'run', 'MyPersonalAirflowProject', 'copy_data_to_local', 'scheduled__2022-11-15T00:00:00+00:00', '--job-id', '2798', '--raw', '--subdir', 'DAGS_FOLDER/FinalPersonalProject.py', '--cfg-path', '/tmp/tmpcokduzr5']
[2022-11-17T17:39:20.736+0000] {standard_task_runner.py:83} INFO - Job 2798: Subtask copy_data_to_local
[2022-11-17T17:39:20.803+0000] {task_command.py:376} INFO - Running <TaskInstance: MyPersonalAirflowProject.copy_data_to_local scheduled__2022-11-15T00:00:00+00:00 [running]> on host 638485efabe7
[2022-11-17T17:39:20.888+0000] {taskinstance.py:1592} INFO - Exporting the following env vars:
AIRFLOW_CTX_DAG_OWNER=***
AIRFLOW_CTX_DAG_ID=MyPersonalAirflowProject
AIRFLOW_CTX_TASK_ID=copy_data_to_local
AIRFLOW_CTX_EXECUTION_DATE=2022-11-15T00:00:00+00:00
AIRFLOW_CTX_TRY_NUMBER=1
AIRFLOW_CTX_DAG_RUN_ID=scheduled__2022-11-15T00:00:00+00:00
[2022-11-17T17:39:21.142+0000] {python.py:177} INFO - Done. Returned value was: None
[2022-11-17T17:39:21.154+0000] {taskinstance.py:1406} INFO - Marking task as SUCCESS. dag_id=MyPersonalAirflowProject, task_id=copy_data_to_local, execution_date=20221115T000000, start_date=20221117T173920, end_date=20221117T173921
[2022-11-17T17:39:21.191+0000] {local_task_job.py:164} INFO - Task exited with return code 0
[2022-11-17T17:39:21.231+0000] {local_task_job.py:273} INFO - 1 downstream tasks scheduled from follow-on schedule check
