[2022-11-17T16:32:32.632+0000] {taskinstance.py:1165} INFO - Dependencies all met for <TaskInstance: MyPersonalAirflowProject.Data_Team_Notification scheduled__2022-10-17T00:00:00+00:00 [queued]>
[2022-11-17T16:32:32.649+0000] {taskinstance.py:1165} INFO - Dependencies all met for <TaskInstance: MyPersonalAirflowProject.Data_Team_Notification scheduled__2022-10-17T00:00:00+00:00 [queued]>
[2022-11-17T16:32:32.650+0000] {taskinstance.py:1362} INFO - 
--------------------------------------------------------------------------------
[2022-11-17T16:32:32.651+0000] {taskinstance.py:1363} INFO - Starting attempt 1 of 1
[2022-11-17T16:32:32.652+0000] {taskinstance.py:1364} INFO - 
--------------------------------------------------------------------------------
[2022-11-17T16:32:32.677+0000] {taskinstance.py:1383} INFO - Executing <Task(NotifyOperator): Data_Team_Notification> on 2022-10-17 00:00:00+00:00
[2022-11-17T16:32:32.687+0000] {standard_task_runner.py:55} INFO - Started process 3697 to run task
[2022-11-17T16:32:32.695+0000] {standard_task_runner.py:82} INFO - Running: ['***', 'tasks', 'run', 'MyPersonalAirflowProject', 'Data_Team_Notification', 'scheduled__2022-10-17T00:00:00+00:00', '--job-id', '2159', '--raw', '--subdir', 'DAGS_FOLDER/FinalPersonalProject.py', '--cfg-path', '/tmp/tmpsh1tottr']
[2022-11-17T16:32:32.696+0000] {standard_task_runner.py:83} INFO - Job 2159: Subtask Data_Team_Notification
[2022-11-17T16:32:32.779+0000] {task_command.py:376} INFO - Running <TaskInstance: MyPersonalAirflowProject.Data_Team_Notification scheduled__2022-10-17T00:00:00+00:00 [running]> on host 638485efabe7
[2022-11-17T16:32:32.872+0000] {taskinstance.py:1592} INFO - Exporting the following env vars:
AIRFLOW_CTX_DAG_OWNER=***
AIRFLOW_CTX_DAG_ID=MyPersonalAirflowProject
AIRFLOW_CTX_TASK_ID=Data_Team_Notification
AIRFLOW_CTX_EXECUTION_DATE=2022-10-17T00:00:00+00:00
AIRFLOW_CTX_TRY_NUMBER=1
AIRFLOW_CTX_DAG_RUN_ID=scheduled__2022-10-17T00:00:00+00:00
[2022-11-17T16:32:32.873+0000] {logging_mixin.py:120} INFO - Hi Data team, Space X data for {ds} are now available!.. Please check them out!
[2022-11-17T16:32:32.883+0000] {taskinstance.py:1406} INFO - Marking task as SUCCESS. dag_id=MyPersonalAirflowProject, task_id=Data_Team_Notification, execution_date=20221017T000000, start_date=20221117T163232, end_date=20221117T163232
[2022-11-17T16:32:32.905+0000] {local_task_job.py:164} INFO - Task exited with return code 0
[2022-11-17T16:32:32.928+0000] {local_task_job.py:273} INFO - 0 downstream tasks scheduled from follow-on schedule check
[2022-11-17T17:24:45.646+0000] {taskinstance.py:1165} INFO - Dependencies all met for <TaskInstance: MyPersonalAirflowProject.Data_Team_Notification scheduled__2022-10-17T00:00:00+00:00 [queued]>
[2022-11-17T17:24:45.662+0000] {taskinstance.py:1165} INFO - Dependencies all met for <TaskInstance: MyPersonalAirflowProject.Data_Team_Notification scheduled__2022-10-17T00:00:00+00:00 [queued]>
[2022-11-17T17:24:45.662+0000] {taskinstance.py:1362} INFO - 
--------------------------------------------------------------------------------
[2022-11-17T17:24:45.663+0000] {taskinstance.py:1363} INFO - Starting attempt 1 of 1
[2022-11-17T17:24:45.664+0000] {taskinstance.py:1364} INFO - 
--------------------------------------------------------------------------------
[2022-11-17T17:24:45.685+0000] {taskinstance.py:1383} INFO - Executing <Task(NotifyOperator): Data_Team_Notification> on 2022-10-17 00:00:00+00:00
[2022-11-17T17:24:45.691+0000] {standard_task_runner.py:55} INFO - Started process 7339 to run task
[2022-11-17T17:24:45.694+0000] {standard_task_runner.py:82} INFO - Running: ['***', 'tasks', 'run', 'MyPersonalAirflowProject', 'Data_Team_Notification', 'scheduled__2022-10-17T00:00:00+00:00', '--job-id', '2568', '--raw', '--subdir', 'DAGS_FOLDER/FinalPersonalProject.py', '--cfg-path', '/tmp/tmpmy_yk3ms']
[2022-11-17T17:24:45.695+0000] {standard_task_runner.py:83} INFO - Job 2568: Subtask Data_Team_Notification
[2022-11-17T17:24:45.777+0000] {task_command.py:376} INFO - Running <TaskInstance: MyPersonalAirflowProject.Data_Team_Notification scheduled__2022-10-17T00:00:00+00:00 [running]> on host 638485efabe7
[2022-11-17T17:24:45.877+0000] {taskinstance.py:1592} INFO - Exporting the following env vars:
AIRFLOW_CTX_DAG_OWNER=***
AIRFLOW_CTX_DAG_ID=MyPersonalAirflowProject
AIRFLOW_CTX_TASK_ID=Data_Team_Notification
AIRFLOW_CTX_EXECUTION_DATE=2022-10-17T00:00:00+00:00
AIRFLOW_CTX_TRY_NUMBER=1
AIRFLOW_CTX_DAG_RUN_ID=scheduled__2022-10-17T00:00:00+00:00
[2022-11-17T17:24:45.878+0000] {logging_mixin.py:120} INFO - Hi Data team, Space X data for 2022-11-17  are now available!.. Please check them out!
[2022-11-17T17:24:45.889+0000] {taskinstance.py:1406} INFO - Marking task as SUCCESS. dag_id=MyPersonalAirflowProject, task_id=Data_Team_Notification, execution_date=20221017T000000, start_date=20221117T172445, end_date=20221117T172445
[2022-11-17T17:24:45.947+0000] {local_task_job.py:164} INFO - Task exited with return code 0
[2022-11-17T17:24:45.972+0000] {local_task_job.py:273} INFO - 0 downstream tasks scheduled from follow-on schedule check
