[2022-11-16T22:16:30.841+0000] {taskinstance.py:1165} INFO - Dependencies all met for <TaskInstance: MyPersonalAirflowProject.waiting_nasa_confirmation scheduled__2022-10-12T00:00:00+00:00 [queued]>
[2022-11-16T22:16:30.861+0000] {taskinstance.py:1165} INFO - Dependencies all met for <TaskInstance: MyPersonalAirflowProject.waiting_nasa_confirmation scheduled__2022-10-12T00:00:00+00:00 [queued]>
[2022-11-16T22:16:30.862+0000] {taskinstance.py:1362} INFO - 
--------------------------------------------------------------------------------
[2022-11-16T22:16:30.863+0000] {taskinstance.py:1363} INFO - Starting attempt 1 of 1
[2022-11-16T22:16:30.864+0000] {taskinstance.py:1364} INFO - 
--------------------------------------------------------------------------------
[2022-11-16T22:16:30.885+0000] {taskinstance.py:1383} INFO - Executing <Task(FileSensor): waiting_nasa_confirmation> on 2022-10-12 00:00:00+00:00
[2022-11-16T22:16:30.892+0000] {standard_task_runner.py:55} INFO - Started process 5179 to run task
[2022-11-16T22:16:30.896+0000] {standard_task_runner.py:82} INFO - Running: ['***', 'tasks', 'run', 'MyPersonalAirflowProject', 'waiting_nasa_confirmation', 'scheduled__2022-10-12T00:00:00+00:00', '--job-id', '1507', '--raw', '--subdir', 'DAGS_FOLDER/FinalPersonalProject.py', '--cfg-path', '/tmp/tmpki75qs2d']
[2022-11-16T22:16:30.897+0000] {standard_task_runner.py:83} INFO - Job 1507: Subtask waiting_nasa_confirmation
[2022-11-16T22:16:30.972+0000] {task_command.py:376} INFO - Running <TaskInstance: MyPersonalAirflowProject.waiting_nasa_confirmation scheduled__2022-10-12T00:00:00+00:00 [running]> on host 638485efabe7
[2022-11-16T22:16:31.062+0000] {taskinstance.py:1592} INFO - Exporting the following env vars:
AIRFLOW_CTX_DAG_OWNER=***
AIRFLOW_CTX_DAG_ID=MyPersonalAirflowProject
AIRFLOW_CTX_TASK_ID=waiting_nasa_confirmation
AIRFLOW_CTX_EXECUTION_DATE=2022-10-12T00:00:00+00:00
AIRFLOW_CTX_TRY_NUMBER=1
AIRFLOW_CTX_DAG_RUN_ID=scheduled__2022-10-12T00:00:00+00:00
[2022-11-16T22:16:31.080+0000] {base.py:71} INFO - Using connection ID 'fs_default' for task execution.
[2022-11-16T22:16:31.081+0000] {filesystem.py:58} INFO - Poking for file /tmp/reponse_20221012.txt
[2022-11-16T22:16:31.083+0000] {filesystem.py:63} INFO - Found File /tmp/reponse_20221012.txt last modified: 20221116221629
[2022-11-16T22:16:31.084+0000] {base.py:213} INFO - Success criteria met. Exiting.
[2022-11-16T22:16:31.099+0000] {taskinstance.py:1406} INFO - Marking task as SUCCESS. dag_id=MyPersonalAirflowProject, task_id=waiting_nasa_confirmation, execution_date=20221012T000000, start_date=20221116T221630, end_date=20221116T221631
[2022-11-16T22:16:31.146+0000] {local_task_job.py:164} INFO - Task exited with return code 0
[2022-11-16T22:16:31.223+0000] {local_task_job.py:273} INFO - 1 downstream tasks scheduled from follow-on schedule check
[2022-11-17T16:29:57.035+0000] {taskinstance.py:1165} INFO - Dependencies all met for <TaskInstance: MyPersonalAirflowProject.waiting_nasa_confirmation scheduled__2022-10-12T00:00:00+00:00 [queued]>
[2022-11-17T16:29:57.048+0000] {taskinstance.py:1165} INFO - Dependencies all met for <TaskInstance: MyPersonalAirflowProject.waiting_nasa_confirmation scheduled__2022-10-12T00:00:00+00:00 [queued]>
[2022-11-17T16:29:57.049+0000] {taskinstance.py:1362} INFO - 
--------------------------------------------------------------------------------
[2022-11-17T16:29:57.050+0000] {taskinstance.py:1363} INFO - Starting attempt 1 of 1
[2022-11-17T16:29:57.050+0000] {taskinstance.py:1364} INFO - 
--------------------------------------------------------------------------------
[2022-11-17T16:29:57.067+0000] {taskinstance.py:1383} INFO - Executing <Task(FileSensor): waiting_nasa_confirmation> on 2022-10-12 00:00:00+00:00
[2022-11-17T16:29:57.073+0000] {standard_task_runner.py:55} INFO - Started process 3437 to run task
[2022-11-17T16:29:57.076+0000] {standard_task_runner.py:82} INFO - Running: ['***', 'tasks', 'run', 'MyPersonalAirflowProject', 'waiting_nasa_confirmation', 'scheduled__2022-10-12T00:00:00+00:00', '--job-id', '2113', '--raw', '--subdir', 'DAGS_FOLDER/FinalPersonalProject.py', '--cfg-path', '/tmp/tmpujucyptm']
[2022-11-17T16:29:57.077+0000] {standard_task_runner.py:83} INFO - Job 2113: Subtask waiting_nasa_confirmation
[2022-11-17T16:29:57.148+0000] {task_command.py:376} INFO - Running <TaskInstance: MyPersonalAirflowProject.waiting_nasa_confirmation scheduled__2022-10-12T00:00:00+00:00 [running]> on host 638485efabe7
[2022-11-17T16:29:57.225+0000] {taskinstance.py:1592} INFO - Exporting the following env vars:
AIRFLOW_CTX_DAG_OWNER=***
AIRFLOW_CTX_DAG_ID=MyPersonalAirflowProject
AIRFLOW_CTX_TASK_ID=waiting_nasa_confirmation
AIRFLOW_CTX_EXECUTION_DATE=2022-10-12T00:00:00+00:00
AIRFLOW_CTX_TRY_NUMBER=1
AIRFLOW_CTX_DAG_RUN_ID=scheduled__2022-10-12T00:00:00+00:00
[2022-11-17T16:29:57.235+0000] {base.py:71} INFO - Using connection ID 'fs_default' for task execution.
[2022-11-17T16:29:57.236+0000] {filesystem.py:58} INFO - Poking for file /tmp/reponse_20221012.txt
[2022-11-17T16:29:57.237+0000] {filesystem.py:63} INFO - Found File /tmp/reponse_20221012.txt last modified: 20221117162955
[2022-11-17T16:29:57.238+0000] {base.py:213} INFO - Success criteria met. Exiting.
[2022-11-17T16:29:57.248+0000] {taskinstance.py:1406} INFO - Marking task as SUCCESS. dag_id=MyPersonalAirflowProject, task_id=waiting_nasa_confirmation, execution_date=20221012T000000, start_date=20221117T162957, end_date=20221117T162957
[2022-11-17T16:29:57.289+0000] {local_task_job.py:164} INFO - Task exited with return code 0
[2022-11-17T16:29:57.403+0000] {local_task_job.py:273} INFO - 1 downstream tasks scheduled from follow-on schedule check
[2022-11-17T17:22:05.938+0000] {taskinstance.py:1165} INFO - Dependencies all met for <TaskInstance: MyPersonalAirflowProject.waiting_nasa_confirmation scheduled__2022-10-12T00:00:00+00:00 [queued]>
[2022-11-17T17:22:05.951+0000] {taskinstance.py:1165} INFO - Dependencies all met for <TaskInstance: MyPersonalAirflowProject.waiting_nasa_confirmation scheduled__2022-10-12T00:00:00+00:00 [queued]>
[2022-11-17T17:22:05.951+0000] {taskinstance.py:1362} INFO - 
--------------------------------------------------------------------------------
[2022-11-17T17:22:05.952+0000] {taskinstance.py:1363} INFO - Starting attempt 1 of 1
[2022-11-17T17:22:05.952+0000] {taskinstance.py:1364} INFO - 
--------------------------------------------------------------------------------
[2022-11-17T17:22:05.969+0000] {taskinstance.py:1383} INFO - Executing <Task(FileSensor): waiting_nasa_confirmation> on 2022-10-12 00:00:00+00:00
[2022-11-17T17:22:05.975+0000] {standard_task_runner.py:55} INFO - Started process 7080 to run task
[2022-11-17T17:22:05.978+0000] {standard_task_runner.py:82} INFO - Running: ['***', 'tasks', 'run', 'MyPersonalAirflowProject', 'waiting_nasa_confirmation', 'scheduled__2022-10-12T00:00:00+00:00', '--job-id', '2523', '--raw', '--subdir', 'DAGS_FOLDER/FinalPersonalProject.py', '--cfg-path', '/tmp/tmpey_rzz6o']
[2022-11-17T17:22:05.979+0000] {standard_task_runner.py:83} INFO - Job 2523: Subtask waiting_nasa_confirmation
[2022-11-17T17:22:06.059+0000] {task_command.py:376} INFO - Running <TaskInstance: MyPersonalAirflowProject.waiting_nasa_confirmation scheduled__2022-10-12T00:00:00+00:00 [running]> on host 638485efabe7
[2022-11-17T17:22:06.144+0000] {taskinstance.py:1592} INFO - Exporting the following env vars:
AIRFLOW_CTX_DAG_OWNER=***
AIRFLOW_CTX_DAG_ID=MyPersonalAirflowProject
AIRFLOW_CTX_TASK_ID=waiting_nasa_confirmation
AIRFLOW_CTX_EXECUTION_DATE=2022-10-12T00:00:00+00:00
AIRFLOW_CTX_TRY_NUMBER=1
AIRFLOW_CTX_DAG_RUN_ID=scheduled__2022-10-12T00:00:00+00:00
[2022-11-17T17:22:06.156+0000] {base.py:71} INFO - Using connection ID 'fs_default' for task execution.
[2022-11-17T17:22:06.157+0000] {filesystem.py:58} INFO - Poking for file /tmp/reponse_20221012.txt
[2022-11-17T17:22:06.158+0000] {filesystem.py:63} INFO - Found File /tmp/reponse_20221012.txt last modified: 20221117172204
[2022-11-17T17:22:06.159+0000] {base.py:213} INFO - Success criteria met. Exiting.
[2022-11-17T17:22:06.172+0000] {taskinstance.py:1406} INFO - Marking task as SUCCESS. dag_id=MyPersonalAirflowProject, task_id=waiting_nasa_confirmation, execution_date=20221012T000000, start_date=20221117T172205, end_date=20221117T172206
[2022-11-17T17:22:06.191+0000] {local_task_job.py:164} INFO - Task exited with return code 0
[2022-11-17T17:22:06.232+0000] {local_task_job.py:273} INFO - 1 downstream tasks scheduled from follow-on schedule check
