[2022-11-17T16:49:55.200+0000] {taskinstance.py:1165} INFO - Dependencies all met for <TaskInstance: MyPersonalAirflowProject.Marketing_team_Notification scheduled__2022-11-15T00:00:00+00:00 [queued]>
[2022-11-17T16:49:55.218+0000] {taskinstance.py:1165} INFO - Dependencies all met for <TaskInstance: MyPersonalAirflowProject.Marketing_team_Notification scheduled__2022-11-15T00:00:00+00:00 [queued]>
[2022-11-17T16:49:55.219+0000] {taskinstance.py:1362} INFO - 
--------------------------------------------------------------------------------
[2022-11-17T16:49:55.220+0000] {taskinstance.py:1363} INFO - Starting attempt 1 of 1
[2022-11-17T16:49:55.221+0000] {taskinstance.py:1364} INFO - 
--------------------------------------------------------------------------------
[2022-11-17T16:49:55.250+0000] {taskinstance.py:1383} INFO - Executing <Task(BashOperator): Marketing_team_Notification> on 2022-11-15 00:00:00+00:00
[2022-11-17T16:49:55.258+0000] {standard_task_runner.py:55} INFO - Started process 5179 to run task
[2022-11-17T16:49:55.261+0000] {standard_task_runner.py:82} INFO - Running: ['***', 'tasks', 'run', 'MyPersonalAirflowProject', 'Marketing_team_Notification', 'scheduled__2022-11-15T00:00:00+00:00', '--job-id', '2390', '--raw', '--subdir', 'DAGS_FOLDER/FinalPersonalProject.py', '--cfg-path', '/tmp/tmplhjv1giw']
[2022-11-17T16:49:55.262+0000] {standard_task_runner.py:83} INFO - Job 2390: Subtask Marketing_team_Notification
[2022-11-17T16:49:55.337+0000] {task_command.py:376} INFO - Running <TaskInstance: MyPersonalAirflowProject.Marketing_team_Notification scheduled__2022-11-15T00:00:00+00:00 [running]> on host 638485efabe7
[2022-11-17T16:49:55.419+0000] {taskinstance.py:1592} INFO - Exporting the following env vars:
AIRFLOW_CTX_DAG_OWNER=***
AIRFLOW_CTX_DAG_ID=MyPersonalAirflowProject
AIRFLOW_CTX_TASK_ID=Marketing_team_Notification
AIRFLOW_CTX_EXECUTION_DATE=2022-11-15T00:00:00+00:00
AIRFLOW_CTX_TRY_NUMBER=1
AIRFLOW_CTX_DAG_RUN_ID=scheduled__2022-11-15T00:00:00+00:00
[2022-11-17T16:49:55.420+0000] {subprocess.py:63} INFO - Tmp dir root location: 
 /tmp
[2022-11-17T16:49:55.422+0000] {subprocess.py:75} INFO - Running command: ['/bin/bash', '-c', 'echo "Hi Marketing team, Space X data for 2022-11-15 are now available!.. Please check them out!"']
[2022-11-17T16:49:55.436+0000] {subprocess.py:86} INFO - Output:
[2022-11-17T16:49:55.438+0000] {subprocess.py:93} INFO - Hi Marketing team, Space X data for 2022-11-15 are now available!.. Please check them out!
[2022-11-17T16:49:55.439+0000] {subprocess.py:97} INFO - Command exited with return code 0
[2022-11-17T16:49:55.475+0000] {taskinstance.py:1406} INFO - Marking task as SUCCESS. dag_id=MyPersonalAirflowProject, task_id=Marketing_team_Notification, execution_date=20221115T000000, start_date=20221117T164955, end_date=20221117T164955
[2022-11-17T16:49:55.515+0000] {local_task_job.py:164} INFO - Task exited with return code 0
[2022-11-17T16:49:55.540+0000] {local_task_job.py:273} INFO - 0 downstream tasks scheduled from follow-on schedule check
[2022-11-17T17:39:23.198+0000] {taskinstance.py:1165} INFO - Dependencies all met for <TaskInstance: MyPersonalAirflowProject.Marketing_team_Notification scheduled__2022-11-15T00:00:00+00:00 [queued]>
[2022-11-17T17:39:23.211+0000] {taskinstance.py:1165} INFO - Dependencies all met for <TaskInstance: MyPersonalAirflowProject.Marketing_team_Notification scheduled__2022-11-15T00:00:00+00:00 [queued]>
[2022-11-17T17:39:23.211+0000] {taskinstance.py:1362} INFO - 
--------------------------------------------------------------------------------
[2022-11-17T17:39:23.212+0000] {taskinstance.py:1363} INFO - Starting attempt 1 of 1
[2022-11-17T17:39:23.212+0000] {taskinstance.py:1364} INFO - 
--------------------------------------------------------------------------------
[2022-11-17T17:39:23.229+0000] {taskinstance.py:1383} INFO - Executing <Task(BashOperator): Marketing_team_Notification> on 2022-11-15 00:00:00+00:00
[2022-11-17T17:39:23.235+0000] {standard_task_runner.py:55} INFO - Started process 8753 to run task
[2022-11-17T17:39:23.237+0000] {standard_task_runner.py:82} INFO - Running: ['***', 'tasks', 'run', 'MyPersonalAirflowProject', 'Marketing_team_Notification', 'scheduled__2022-11-15T00:00:00+00:00', '--job-id', '2801', '--raw', '--subdir', 'DAGS_FOLDER/FinalPersonalProject.py', '--cfg-path', '/tmp/tmpxhd21fr9']
[2022-11-17T17:39:23.238+0000] {standard_task_runner.py:83} INFO - Job 2801: Subtask Marketing_team_Notification
[2022-11-17T17:39:23.349+0000] {task_command.py:376} INFO - Running <TaskInstance: MyPersonalAirflowProject.Marketing_team_Notification scheduled__2022-11-15T00:00:00+00:00 [running]> on host 638485efabe7
[2022-11-17T17:39:23.445+0000] {taskinstance.py:1592} INFO - Exporting the following env vars:
AIRFLOW_CTX_DAG_OWNER=***
AIRFLOW_CTX_DAG_ID=MyPersonalAirflowProject
AIRFLOW_CTX_TASK_ID=Marketing_team_Notification
AIRFLOW_CTX_EXECUTION_DATE=2022-11-15T00:00:00+00:00
AIRFLOW_CTX_TRY_NUMBER=1
AIRFLOW_CTX_DAG_RUN_ID=scheduled__2022-11-15T00:00:00+00:00
[2022-11-17T17:39:23.446+0000] {subprocess.py:63} INFO - Tmp dir root location: 
 /tmp
[2022-11-17T17:39:23.447+0000] {subprocess.py:75} INFO - Running command: ['/bin/bash', '-c', 'echo "Hi Marketing team, Space X data for 2022-11-15 are now available!.. Please check them out!"']
[2022-11-17T17:39:23.460+0000] {subprocess.py:86} INFO - Output:
[2022-11-17T17:39:23.462+0000] {subprocess.py:93} INFO - Hi Marketing team, Space X data for 2022-11-15 are now available!.. Please check them out!
[2022-11-17T17:39:23.462+0000] {subprocess.py:97} INFO - Command exited with return code 0
[2022-11-17T17:39:23.492+0000] {taskinstance.py:1406} INFO - Marking task as SUCCESS. dag_id=MyPersonalAirflowProject, task_id=Marketing_team_Notification, execution_date=20221115T000000, start_date=20221117T173923, end_date=20221117T173923
[2022-11-17T17:39:23.531+0000] {local_task_job.py:164} INFO - Task exited with return code 0
[2022-11-17T17:39:23.554+0000] {local_task_job.py:273} INFO - 0 downstream tasks scheduled from follow-on schedule check
