[2022-11-04T21:32:57.238+0000] {taskinstance.py:1165} INFO - Dependencies all met for <TaskInstance: orquestation.task2 scheduled__2022-05-18T00:00:00+00:00 [queued]>
[2022-11-04T21:32:57.267+0000] {taskinstance.py:1165} INFO - Dependencies all met for <TaskInstance: orquestation.task2 scheduled__2022-05-18T00:00:00+00:00 [queued]>
[2022-11-04T21:32:57.267+0000] {taskinstance.py:1362} INFO - 
--------------------------------------------------------------------------------
[2022-11-04T21:32:57.268+0000] {taskinstance.py:1363} INFO - Starting attempt 1 of 1
[2022-11-04T21:32:57.270+0000] {taskinstance.py:1364} INFO - 
--------------------------------------------------------------------------------
[2022-11-04T21:32:57.301+0000] {taskinstance.py:1383} INFO - Executing <Task(BashOperator): task2> on 2022-05-18 00:00:00+00:00
[2022-11-04T21:32:57.322+0000] {standard_task_runner.py:55} INFO - Started process 953 to run task
[2022-11-04T21:32:57.339+0000] {standard_task_runner.py:82} INFO - Running: ['***', 'tasks', 'run', 'orquestation', 'task2', 'scheduled__2022-05-18T00:00:00+00:00', '--job-id', '179', '--raw', '--subdir', 'DAGS_FOLDER/5.1-orquestacion.py', '--cfg-path', '/tmp/tmpelvx2m1z']
[2022-11-04T21:32:57.341+0000] {standard_task_runner.py:83} INFO - Job 179: Subtask task2
[2022-11-04T21:32:57.470+0000] {task_command.py:376} INFO - Running <TaskInstance: orquestation.task2 scheduled__2022-05-18T00:00:00+00:00 [running]> on host 643e334f405f
[2022-11-04T21:32:57.589+0000] {taskinstance.py:1592} INFO - Exporting the following env vars:
AIRFLOW_CTX_DAG_OWNER=***
AIRFLOW_CTX_DAG_ID=orquestation
AIRFLOW_CTX_TASK_ID=task2
AIRFLOW_CTX_EXECUTION_DATE=2022-05-18T00:00:00+00:00
AIRFLOW_CTX_TRY_NUMBER=1
AIRFLOW_CTX_DAG_RUN_ID=scheduled__2022-05-18T00:00:00+00:00
[2022-11-04T21:32:57.592+0000] {subprocess.py:63} INFO - Tmp dir root location: 
 /tmp
[2022-11-04T21:32:57.594+0000] {subprocess.py:75} INFO - Running command: ['/bin/bash', '-c', "sleep 2 && echo 'task2'"]
[2022-11-04T21:32:57.612+0000] {subprocess.py:86} INFO - Output:
[2022-11-04T21:32:59.628+0000] {subprocess.py:93} INFO - task2
[2022-11-04T21:32:59.629+0000] {subprocess.py:97} INFO - Command exited with return code 0
[2022-11-04T21:32:59.676+0000] {taskinstance.py:1406} INFO - Marking task as SUCCESS. dag_id=orquestation, task_id=task2, execution_date=20220518T000000, start_date=20221104T213257, end_date=20221104T213259
[2022-11-04T21:32:59.750+0000] {local_task_job.py:164} INFO - Task exited with return code 0
[2022-11-04T21:32:59.812+0000] {local_task_job.py:273} INFO - 2 downstream tasks scheduled from follow-on schedule check
[2022-11-04T21:43:08.163+0000] {taskinstance.py:1165} INFO - Dependencies all met for <TaskInstance: orquestation.task2 scheduled__2022-05-18T00:00:00+00:00 [queued]>
[2022-11-04T21:43:08.179+0000] {taskinstance.py:1165} INFO - Dependencies all met for <TaskInstance: orquestation.task2 scheduled__2022-05-18T00:00:00+00:00 [queued]>
[2022-11-04T21:43:08.180+0000] {taskinstance.py:1362} INFO - 
--------------------------------------------------------------------------------
[2022-11-04T21:43:08.180+0000] {taskinstance.py:1363} INFO - Starting attempt 1 of 1
[2022-11-04T21:43:08.180+0000] {taskinstance.py:1364} INFO - 
--------------------------------------------------------------------------------
[2022-11-04T21:43:08.199+0000] {taskinstance.py:1383} INFO - Executing <Task(BashOperator): task2> on 2022-05-18 00:00:00+00:00
[2022-11-04T21:43:08.206+0000] {standard_task_runner.py:55} INFO - Started process 2007 to run task
[2022-11-04T21:43:08.210+0000] {standard_task_runner.py:82} INFO - Running: ['***', 'tasks', 'run', 'orquestation', 'task2', 'scheduled__2022-05-18T00:00:00+00:00', '--job-id', '324', '--raw', '--subdir', 'DAGS_FOLDER/5.1-orquestacion.py', '--cfg-path', '/tmp/tmpydqj5wu3']
[2022-11-04T21:43:08.211+0000] {standard_task_runner.py:83} INFO - Job 324: Subtask task2
[2022-11-04T21:43:08.278+0000] {task_command.py:376} INFO - Running <TaskInstance: orquestation.task2 scheduled__2022-05-18T00:00:00+00:00 [running]> on host 643e334f405f
[2022-11-04T21:43:08.355+0000] {taskinstance.py:1592} INFO - Exporting the following env vars:
AIRFLOW_CTX_DAG_OWNER=***
AIRFLOW_CTX_DAG_ID=orquestation
AIRFLOW_CTX_TASK_ID=task2
AIRFLOW_CTX_EXECUTION_DATE=2022-05-18T00:00:00+00:00
AIRFLOW_CTX_TRY_NUMBER=1
AIRFLOW_CTX_DAG_RUN_ID=scheduled__2022-05-18T00:00:00+00:00
[2022-11-04T21:43:08.356+0000] {subprocess.py:63} INFO - Tmp dir root location: 
 /tmp
[2022-11-04T21:43:08.357+0000] {subprocess.py:75} INFO - Running command: ['/bin/bash', '-c', "sleep 2 && echo 'task2'"]
[2022-11-04T21:43:08.370+0000] {subprocess.py:86} INFO - Output:
[2022-11-04T21:43:10.373+0000] {subprocess.py:93} INFO - task2
[2022-11-04T21:43:10.374+0000] {subprocess.py:97} INFO - Command exited with return code 0
[2022-11-04T21:43:10.402+0000] {taskinstance.py:1406} INFO - Marking task as SUCCESS. dag_id=orquestation, task_id=task2, execution_date=20220518T000000, start_date=20221104T214308, end_date=20221104T214310
[2022-11-04T21:43:10.430+0000] {local_task_job.py:164} INFO - Task exited with return code 0
[2022-11-04T21:43:10.470+0000] {local_task_job.py:273} INFO - 2 downstream tasks scheduled from follow-on schedule check
