[2022-11-04T21:31:51.153+0000] {taskinstance.py:1165} INFO - Dependencies all met for <TaskInstance: orquestation.task4 scheduled__2022-05-02T00:00:00+00:00 [queued]>
[2022-11-04T21:31:51.179+0000] {taskinstance.py:1165} INFO - Dependencies all met for <TaskInstance: orquestation.task4 scheduled__2022-05-02T00:00:00+00:00 [queued]>
[2022-11-04T21:31:51.180+0000] {taskinstance.py:1362} INFO - 
--------------------------------------------------------------------------------
[2022-11-04T21:31:51.181+0000] {taskinstance.py:1363} INFO - Starting attempt 1 of 1
[2022-11-04T21:31:51.183+0000] {taskinstance.py:1364} INFO - 
--------------------------------------------------------------------------------
[2022-11-04T21:31:51.214+0000] {taskinstance.py:1383} INFO - Executing <Task(BashOperator): task4> on 2022-05-02 00:00:00+00:00
[2022-11-04T21:31:51.223+0000] {standard_task_runner.py:55} INFO - Started process 674 to run task
[2022-11-04T21:31:51.229+0000] {standard_task_runner.py:82} INFO - Running: ['***', 'tasks', 'run', 'orquestation', 'task4', 'scheduled__2022-05-02T00:00:00+00:00', '--job-id', '119', '--raw', '--subdir', 'DAGS_FOLDER/5.1-orquestacion.py', '--cfg-path', '/tmp/tmpq3paqeyb']
[2022-11-04T21:31:51.230+0000] {standard_task_runner.py:83} INFO - Job 119: Subtask task4
[2022-11-04T21:31:51.327+0000] {task_command.py:376} INFO - Running <TaskInstance: orquestation.task4 scheduled__2022-05-02T00:00:00+00:00 [running]> on host 643e334f405f
[2022-11-04T21:31:51.428+0000] {taskinstance.py:1592} INFO - Exporting the following env vars:
AIRFLOW_CTX_DAG_OWNER=***
AIRFLOW_CTX_DAG_ID=orquestation
AIRFLOW_CTX_TASK_ID=task4
AIRFLOW_CTX_EXECUTION_DATE=2022-05-02T00:00:00+00:00
AIRFLOW_CTX_TRY_NUMBER=1
AIRFLOW_CTX_DAG_RUN_ID=scheduled__2022-05-02T00:00:00+00:00
[2022-11-04T21:31:51.430+0000] {subprocess.py:63} INFO - Tmp dir root location: 
 /tmp
[2022-11-04T21:31:51.431+0000] {subprocess.py:75} INFO - Running command: ['/bin/bash', '-c', "sleep 2 && echo 'task4'"]
[2022-11-04T21:31:51.451+0000] {subprocess.py:86} INFO - Output:
[2022-11-04T21:31:53.461+0000] {subprocess.py:93} INFO - task4
[2022-11-04T21:31:53.462+0000] {subprocess.py:97} INFO - Command exited with return code 0
[2022-11-04T21:31:53.501+0000] {taskinstance.py:1406} INFO - Marking task as SUCCESS. dag_id=orquestation, task_id=task4, execution_date=20220502T000000, start_date=20221104T213151, end_date=20221104T213153
[2022-11-04T21:31:53.770+0000] {local_task_job.py:164} INFO - Task exited with return code 0
[2022-11-04T21:31:53.796+0000] {local_task_job.py:273} INFO - 0 downstream tasks scheduled from follow-on schedule check
[2022-11-04T21:40:22.955+0000] {taskinstance.py:1165} INFO - Dependencies all met for <TaskInstance: orquestation.task4 scheduled__2022-05-02T00:00:00+00:00 [queued]>
[2022-11-04T21:40:22.972+0000] {taskinstance.py:1165} INFO - Dependencies all met for <TaskInstance: orquestation.task4 scheduled__2022-05-02T00:00:00+00:00 [queued]>
[2022-11-04T21:40:22.972+0000] {taskinstance.py:1362} INFO - 
--------------------------------------------------------------------------------
[2022-11-04T21:40:22.973+0000] {taskinstance.py:1363} INFO - Starting attempt 1 of 1
[2022-11-04T21:40:22.973+0000] {taskinstance.py:1364} INFO - 
--------------------------------------------------------------------------------
[2022-11-04T21:40:22.993+0000] {taskinstance.py:1383} INFO - Executing <Task(BashOperator): task4> on 2022-05-02 00:00:00+00:00
[2022-11-04T21:40:23.002+0000] {standard_task_runner.py:55} INFO - Started process 1630 to run task
[2022-11-04T21:40:23.005+0000] {standard_task_runner.py:82} INFO - Running: ['***', 'tasks', 'run', 'orquestation', 'task4', 'scheduled__2022-05-02T00:00:00+00:00', '--job-id', '262', '--raw', '--subdir', 'DAGS_FOLDER/5.1-orquestacion.py', '--cfg-path', '/tmp/tmp721sukda']
[2022-11-04T21:40:23.006+0000] {standard_task_runner.py:83} INFO - Job 262: Subtask task4
[2022-11-04T21:40:23.074+0000] {task_command.py:376} INFO - Running <TaskInstance: orquestation.task4 scheduled__2022-05-02T00:00:00+00:00 [running]> on host 643e334f405f
[2022-11-04T21:40:23.160+0000] {taskinstance.py:1592} INFO - Exporting the following env vars:
AIRFLOW_CTX_DAG_OWNER=***
AIRFLOW_CTX_DAG_ID=orquestation
AIRFLOW_CTX_TASK_ID=task4
AIRFLOW_CTX_EXECUTION_DATE=2022-05-02T00:00:00+00:00
AIRFLOW_CTX_TRY_NUMBER=1
AIRFLOW_CTX_DAG_RUN_ID=scheduled__2022-05-02T00:00:00+00:00
[2022-11-04T21:40:23.162+0000] {subprocess.py:63} INFO - Tmp dir root location: 
 /tmp
[2022-11-04T21:40:23.163+0000] {subprocess.py:75} INFO - Running command: ['/bin/bash', '-c', "sleep 2 && echo 'task4'"]
[2022-11-04T21:40:23.178+0000] {subprocess.py:86} INFO - Output:
[2022-11-04T21:40:25.182+0000] {subprocess.py:93} INFO - task4
[2022-11-04T21:40:25.183+0000] {subprocess.py:97} INFO - Command exited with return code 0
[2022-11-04T21:40:25.212+0000] {taskinstance.py:1406} INFO - Marking task as SUCCESS. dag_id=orquestation, task_id=task4, execution_date=20220502T000000, start_date=20221104T214022, end_date=20221104T214025
[2022-11-04T21:40:25.266+0000] {local_task_job.py:164} INFO - Task exited with return code 0
[2022-11-04T21:40:25.288+0000] {local_task_job.py:273} INFO - 0 downstream tasks scheduled from follow-on schedule check
