[2022-11-16T22:21:01.303+0000] {taskinstance.py:1165} INFO - Dependencies all met for <TaskInstance: MyPersonalAirflowProject.SpaceX_data scheduled__2022-10-20T00:00:00+00:00 [queued]>
[2022-11-16T22:21:01.318+0000] {taskinstance.py:1165} INFO - Dependencies all met for <TaskInstance: MyPersonalAirflowProject.SpaceX_data scheduled__2022-10-20T00:00:00+00:00 [queued]>
[2022-11-16T22:21:01.318+0000] {taskinstance.py:1362} INFO - 
--------------------------------------------------------------------------------
[2022-11-16T22:21:01.814+0000] {taskinstance.py:1363} INFO - Starting attempt 1 of 1
[2022-11-16T22:21:01.815+0000] {taskinstance.py:1364} INFO - 
--------------------------------------------------------------------------------
[2022-11-16T22:21:01.848+0000] {taskinstance.py:1383} INFO - Executing <Task(BashOperator): SpaceX_data> on 2022-10-20 00:00:00+00:00
[2022-11-16T22:21:01.860+0000] {standard_task_runner.py:55} INFO - Started process 5533 to run task
[2022-11-16T22:21:01.865+0000] {standard_task_runner.py:82} INFO - Running: ['***', 'tasks', 'run', 'MyPersonalAirflowProject', 'SpaceX_data', 'scheduled__2022-10-20T00:00:00+00:00', '--job-id', '1557', '--raw', '--subdir', 'DAGS_FOLDER/FinalPersonalProject.py', '--cfg-path', '/tmp/tmp85hmjkqw']
[2022-11-16T22:21:01.868+0000] {standard_task_runner.py:83} INFO - Job 1557: Subtask SpaceX_data
[2022-11-16T22:21:02.057+0000] {task_command.py:376} INFO - Running <TaskInstance: MyPersonalAirflowProject.SpaceX_data scheduled__2022-10-20T00:00:00+00:00 [running]> on host 638485efabe7
[2022-11-16T22:21:02.241+0000] {taskinstance.py:1592} INFO - Exporting the following env vars:
AIRFLOW_CTX_DAG_OWNER=***
AIRFLOW_CTX_DAG_ID=MyPersonalAirflowProject
AIRFLOW_CTX_TASK_ID=SpaceX_data
AIRFLOW_CTX_EXECUTION_DATE=2022-10-20T00:00:00+00:00
AIRFLOW_CTX_TRY_NUMBER=1
AIRFLOW_CTX_DAG_RUN_ID=scheduled__2022-10-20T00:00:00+00:00
[2022-11-16T22:21:02.243+0000] {subprocess.py:63} INFO - Tmp dir root location: 
 /tmp
[2022-11-16T22:21:02.246+0000] {subprocess.py:75} INFO - Running command: ['/bin/bash', '-c', "curl -o /tmp/history.json -L 'https://api.spacexdata.com/v4/history'"]
[2022-11-16T22:21:02.274+0000] {subprocess.py:86} INFO - Output:
[2022-11-16T22:21:02.292+0000] {subprocess.py:93} INFO -   % Total    % Received % Xferd  Average Speed   Time    Time     Time  Current
[2022-11-16T22:21:02.294+0000] {subprocess.py:93} INFO -                                  Dload  Upload   Total   Spent    Left  Speed
[2022-11-16T22:21:02.712+0000] {subprocess.py:93} INFO -   0     0    0     0    0     0      0      0 --:--:-- --:--:-- --:--:--     0  0     0    0     0    0     0      0      0 --:--:-- --:--:-- --:--:--     0100  6756    0  6756    0     0  16124      0 --:--:-- --:--:-- --:--:-- 16085
[2022-11-16T22:21:02.716+0000] {subprocess.py:97} INFO - Command exited with return code 0
[2022-11-16T22:21:02.771+0000] {taskinstance.py:1406} INFO - Marking task as SUCCESS. dag_id=MyPersonalAirflowProject, task_id=SpaceX_data, execution_date=20221020T000000, start_date=20221116T222101, end_date=20221116T222102
[2022-11-16T22:21:02.856+0000] {local_task_job.py:164} INFO - Task exited with return code 0
[2022-11-16T22:21:02.927+0000] {local_task_job.py:273} INFO - 1 downstream tasks scheduled from follow-on schedule check
[2022-11-17T16:34:06.892+0000] {taskinstance.py:1165} INFO - Dependencies all met for <TaskInstance: MyPersonalAirflowProject.SpaceX_data scheduled__2022-10-20T00:00:00+00:00 [queued]>
[2022-11-17T16:34:06.910+0000] {taskinstance.py:1165} INFO - Dependencies all met for <TaskInstance: MyPersonalAirflowProject.SpaceX_data scheduled__2022-10-20T00:00:00+00:00 [queued]>
[2022-11-17T16:34:06.911+0000] {taskinstance.py:1362} INFO - 
--------------------------------------------------------------------------------
[2022-11-17T16:34:06.911+0000] {taskinstance.py:1363} INFO - Starting attempt 1 of 1
[2022-11-17T16:34:06.912+0000] {taskinstance.py:1364} INFO - 
--------------------------------------------------------------------------------
[2022-11-17T16:34:06.931+0000] {taskinstance.py:1383} INFO - Executing <Task(BashOperator): SpaceX_data> on 2022-10-20 00:00:00+00:00
[2022-11-17T16:34:06.939+0000] {standard_task_runner.py:55} INFO - Started process 3824 to run task
[2022-11-17T16:34:06.942+0000] {standard_task_runner.py:82} INFO - Running: ['***', 'tasks', 'run', 'MyPersonalAirflowProject', 'SpaceX_data', 'scheduled__2022-10-20T00:00:00+00:00', '--job-id', '2179', '--raw', '--subdir', 'DAGS_FOLDER/FinalPersonalProject.py', '--cfg-path', '/tmp/tmp12ej4pk9']
[2022-11-17T16:34:06.943+0000] {standard_task_runner.py:83} INFO - Job 2179: Subtask SpaceX_data
[2022-11-17T16:34:07.012+0000] {task_command.py:376} INFO - Running <TaskInstance: MyPersonalAirflowProject.SpaceX_data scheduled__2022-10-20T00:00:00+00:00 [running]> on host 638485efabe7
[2022-11-17T16:34:07.107+0000] {taskinstance.py:1592} INFO - Exporting the following env vars:
AIRFLOW_CTX_DAG_OWNER=***
AIRFLOW_CTX_DAG_ID=MyPersonalAirflowProject
AIRFLOW_CTX_TASK_ID=SpaceX_data
AIRFLOW_CTX_EXECUTION_DATE=2022-10-20T00:00:00+00:00
AIRFLOW_CTX_TRY_NUMBER=1
AIRFLOW_CTX_DAG_RUN_ID=scheduled__2022-10-20T00:00:00+00:00
[2022-11-17T16:34:07.109+0000] {subprocess.py:63} INFO - Tmp dir root location: 
 /tmp
[2022-11-17T16:34:07.110+0000] {subprocess.py:75} INFO - Running command: ['/bin/bash', '-c', "curl -o /tmp/history.json -L 'https://api.spacexdata.com/v4/history'"]
[2022-11-17T16:34:07.129+0000] {subprocess.py:86} INFO - Output:
[2022-11-17T16:34:07.140+0000] {subprocess.py:93} INFO -   % Total    % Received % Xferd  Average Speed   Time    Time     Time  Current
[2022-11-17T16:34:07.141+0000] {subprocess.py:93} INFO -                                  Dload  Upload   Total   Spent    Left  Speed
[2022-11-17T16:34:07.347+0000] {subprocess.py:93} INFO -   0     0    0     0    0     0      0      0 --:--:-- --:--:-- --:--:--     0  0     0    0     0    0     0      0      0 --:--:-- --:--:-- --:--:--     0100  6756    0  6756    0     0  32637      0 --:--:-- --:--:-- --:--:-- 32637
[2022-11-17T16:34:07.350+0000] {subprocess.py:97} INFO - Command exited with return code 0
[2022-11-17T16:34:07.382+0000] {taskinstance.py:1406} INFO - Marking task as SUCCESS. dag_id=MyPersonalAirflowProject, task_id=SpaceX_data, execution_date=20221020T000000, start_date=20221117T163406, end_date=20221117T163407
[2022-11-17T16:34:07.437+0000] {local_task_job.py:164} INFO - Task exited with return code 0
[2022-11-17T16:34:07.482+0000] {local_task_job.py:273} INFO - 1 downstream tasks scheduled from follow-on schedule check
[2022-11-17T17:26:11.734+0000] {taskinstance.py:1165} INFO - Dependencies all met for <TaskInstance: MyPersonalAirflowProject.SpaceX_data scheduled__2022-10-20T00:00:00+00:00 [queued]>
[2022-11-17T17:26:11.747+0000] {taskinstance.py:1165} INFO - Dependencies all met for <TaskInstance: MyPersonalAirflowProject.SpaceX_data scheduled__2022-10-20T00:00:00+00:00 [queued]>
[2022-11-17T17:26:11.748+0000] {taskinstance.py:1362} INFO - 
--------------------------------------------------------------------------------
[2022-11-17T17:26:11.749+0000] {taskinstance.py:1363} INFO - Starting attempt 1 of 1
[2022-11-17T17:26:11.749+0000] {taskinstance.py:1364} INFO - 
--------------------------------------------------------------------------------
[2022-11-17T17:26:11.765+0000] {taskinstance.py:1383} INFO - Executing <Task(BashOperator): SpaceX_data> on 2022-10-20 00:00:00+00:00
[2022-11-17T17:26:11.771+0000] {standard_task_runner.py:55} INFO - Started process 7476 to run task
[2022-11-17T17:26:11.774+0000] {standard_task_runner.py:82} INFO - Running: ['***', 'tasks', 'run', 'MyPersonalAirflowProject', 'SpaceX_data', 'scheduled__2022-10-20T00:00:00+00:00', '--job-id', '2589', '--raw', '--subdir', 'DAGS_FOLDER/FinalPersonalProject.py', '--cfg-path', '/tmp/tmp0w9essl7']
[2022-11-17T17:26:11.775+0000] {standard_task_runner.py:83} INFO - Job 2589: Subtask SpaceX_data
[2022-11-17T17:26:11.839+0000] {task_command.py:376} INFO - Running <TaskInstance: MyPersonalAirflowProject.SpaceX_data scheduled__2022-10-20T00:00:00+00:00 [running]> on host 638485efabe7
[2022-11-17T17:26:11.913+0000] {taskinstance.py:1592} INFO - Exporting the following env vars:
AIRFLOW_CTX_DAG_OWNER=***
AIRFLOW_CTX_DAG_ID=MyPersonalAirflowProject
AIRFLOW_CTX_TASK_ID=SpaceX_data
AIRFLOW_CTX_EXECUTION_DATE=2022-10-20T00:00:00+00:00
AIRFLOW_CTX_TRY_NUMBER=1
AIRFLOW_CTX_DAG_RUN_ID=scheduled__2022-10-20T00:00:00+00:00
[2022-11-17T17:26:11.915+0000] {subprocess.py:63} INFO - Tmp dir root location: 
 /tmp
[2022-11-17T17:26:11.916+0000] {subprocess.py:75} INFO - Running command: ['/bin/bash', '-c', "curl -o /tmp/history.json -L 'https://api.spacexdata.com/v4/history'"]
[2022-11-17T17:26:11.926+0000] {subprocess.py:86} INFO - Output:
[2022-11-17T17:26:11.933+0000] {subprocess.py:93} INFO -   % Total    % Received % Xferd  Average Speed   Time    Time     Time  Current
[2022-11-17T17:26:11.934+0000] {subprocess.py:93} INFO -                                  Dload  Upload   Total   Spent    Left  Speed
[2022-11-17T17:26:12.273+0000] {subprocess.py:93} INFO -   0     0    0     0    0     0      0      0 --:--:-- --:--:-- --:--:--     0100  1707    0  1707    0     0   5035      0 --:--:-- --:--:-- --:--:--  5020100  6756    0  6756    0     0  19870      0 --:--:-- --:--:-- --:--:-- 19870
[2022-11-17T17:26:12.275+0000] {subprocess.py:97} INFO - Command exited with return code 0
[2022-11-17T17:26:12.303+0000] {taskinstance.py:1406} INFO - Marking task as SUCCESS. dag_id=MyPersonalAirflowProject, task_id=SpaceX_data, execution_date=20221020T000000, start_date=20221117T172611, end_date=20221117T172612
[2022-11-17T17:26:12.350+0000] {local_task_job.py:164} INFO - Task exited with return code 0
[2022-11-17T17:26:12.384+0000] {local_task_job.py:273} INFO - 1 downstream tasks scheduled from follow-on schedule check
