[2022-11-16T22:18:39.857+0000] {taskinstance.py:1165} INFO - Dependencies all met for <TaskInstance: MyPersonalAirflowProject.end_task scheduled__2022-10-16T00:00:00+00:00 [queued]>
[2022-11-16T22:18:39.874+0000] {taskinstance.py:1165} INFO - Dependencies all met for <TaskInstance: MyPersonalAirflowProject.end_task scheduled__2022-10-16T00:00:00+00:00 [queued]>
[2022-11-16T22:18:39.875+0000] {taskinstance.py:1362} INFO - 
--------------------------------------------------------------------------------
[2022-11-16T22:18:39.876+0000] {taskinstance.py:1363} INFO - Starting attempt 1 of 1
[2022-11-16T22:18:39.876+0000] {taskinstance.py:1364} INFO - 
--------------------------------------------------------------------------------
[2022-11-16T22:18:39.897+0000] {taskinstance.py:1383} INFO - Executing <Task(BashOperator): end_task> on 2022-10-16 00:00:00+00:00
[2022-11-16T22:18:39.907+0000] {standard_task_runner.py:55} INFO - Started process 5351 to run task
[2022-11-16T22:18:39.910+0000] {standard_task_runner.py:82} INFO - Running: ['***', 'tasks', 'run', 'MyPersonalAirflowProject', 'end_task', 'scheduled__2022-10-16T00:00:00+00:00', '--job-id', '1532', '--raw', '--subdir', 'DAGS_FOLDER/FinalPersonalProject.py', '--cfg-path', '/tmp/tmprtz6b8lk']
[2022-11-16T22:18:39.912+0000] {standard_task_runner.py:83} INFO - Job 1532: Subtask end_task
[2022-11-16T22:18:39.996+0000] {task_command.py:376} INFO - Running <TaskInstance: MyPersonalAirflowProject.end_task scheduled__2022-10-16T00:00:00+00:00 [running]> on host 638485efabe7
[2022-11-16T22:18:40.079+0000] {taskinstance.py:1592} INFO - Exporting the following env vars:
AIRFLOW_CTX_DAG_OWNER=***
AIRFLOW_CTX_DAG_ID=MyPersonalAirflowProject
AIRFLOW_CTX_TASK_ID=end_task
AIRFLOW_CTX_EXECUTION_DATE=2022-10-16T00:00:00+00:00
AIRFLOW_CTX_TRY_NUMBER=1
AIRFLOW_CTX_DAG_RUN_ID=scheduled__2022-10-16T00:00:00+00:00
[2022-11-16T22:18:40.081+0000] {subprocess.py:63} INFO - Tmp dir root location: 
 /tmp
[2022-11-16T22:18:40.082+0000] {subprocess.py:75} INFO - Running command: ['/bin/bash', '-c', 'echo "The Verification file was created successfully"']
[2022-11-16T22:18:40.096+0000] {subprocess.py:86} INFO - Output:
[2022-11-16T22:18:40.097+0000] {subprocess.py:93} INFO - The Verification file was created successfully
[2022-11-16T22:18:40.098+0000] {subprocess.py:97} INFO - Command exited with return code 0
[2022-11-16T22:18:40.129+0000] {taskinstance.py:1406} INFO - Marking task as SUCCESS. dag_id=MyPersonalAirflowProject, task_id=end_task, execution_date=20221016T000000, start_date=20221116T221839, end_date=20221116T221840
[2022-11-16T22:18:40.163+0000] {local_task_job.py:164} INFO - Task exited with return code 0
[2022-11-16T22:18:40.202+0000] {local_task_job.py:273} INFO - 1 downstream tasks scheduled from follow-on schedule check
