[2022-11-17T16:28:03.664+0000] {taskinstance.py:1165} INFO - Dependencies all met for <TaskInstance: MyPersonalAirflowProject.Data_Team_Notification scheduled__2022-10-08T00:00:00+00:00 [queued]>
[2022-11-17T16:28:03.678+0000] {taskinstance.py:1165} INFO - Dependencies all met for <TaskInstance: MyPersonalAirflowProject.Data_Team_Notification scheduled__2022-10-08T00:00:00+00:00 [queued]>
[2022-11-17T16:28:03.679+0000] {taskinstance.py:1362} INFO - 
--------------------------------------------------------------------------------
[2022-11-17T16:28:03.680+0000] {taskinstance.py:1363} INFO - Starting attempt 1 of 1
[2022-11-17T16:28:03.681+0000] {taskinstance.py:1364} INFO - 
--------------------------------------------------------------------------------
[2022-11-17T16:28:03.700+0000] {taskinstance.py:1383} INFO - Executing <Task(NotifyOperator): Data_Team_Notification> on 2022-10-08 00:00:00+00:00
[2022-11-17T16:28:03.705+0000] {standard_task_runner.py:55} INFO - Started process 3264 to run task
[2022-11-17T16:28:03.708+0000] {standard_task_runner.py:82} INFO - Running: ['***', 'tasks', 'run', 'MyPersonalAirflowProject', 'Data_Team_Notification', 'scheduled__2022-10-08T00:00:00+00:00', '--job-id', '2087', '--raw', '--subdir', 'DAGS_FOLDER/FinalPersonalProject.py', '--cfg-path', '/tmp/tmp29z4nbkr']
[2022-11-17T16:28:03.709+0000] {standard_task_runner.py:83} INFO - Job 2087: Subtask Data_Team_Notification
[2022-11-17T16:28:03.777+0000] {task_command.py:376} INFO - Running <TaskInstance: MyPersonalAirflowProject.Data_Team_Notification scheduled__2022-10-08T00:00:00+00:00 [running]> on host 638485efabe7
[2022-11-17T16:28:03.858+0000] {taskinstance.py:1592} INFO - Exporting the following env vars:
AIRFLOW_CTX_DAG_OWNER=***
AIRFLOW_CTX_DAG_ID=MyPersonalAirflowProject
AIRFLOW_CTX_TASK_ID=Data_Team_Notification
AIRFLOW_CTX_EXECUTION_DATE=2022-10-08T00:00:00+00:00
AIRFLOW_CTX_TRY_NUMBER=1
AIRFLOW_CTX_DAG_RUN_ID=scheduled__2022-10-08T00:00:00+00:00
[2022-11-17T16:28:03.859+0000] {logging_mixin.py:120} INFO - Hi Data team, Space X data for {ds} are now available!.. Please check them out!
[2022-11-17T16:28:03.871+0000] {taskinstance.py:1406} INFO - Marking task as SUCCESS. dag_id=MyPersonalAirflowProject, task_id=Data_Team_Notification, execution_date=20221008T000000, start_date=20221117T162803, end_date=20221117T162803
[2022-11-17T16:28:03.920+0000] {local_task_job.py:164} INFO - Task exited with return code 0
[2022-11-17T16:28:03.947+0000] {local_task_job.py:273} INFO - 0 downstream tasks scheduled from follow-on schedule check
[2022-11-17T17:20:10.375+0000] {taskinstance.py:1165} INFO - Dependencies all met for <TaskInstance: MyPersonalAirflowProject.Data_Team_Notification scheduled__2022-10-08T00:00:00+00:00 [queued]>
[2022-11-17T17:20:10.488+0000] {taskinstance.py:1165} INFO - Dependencies all met for <TaskInstance: MyPersonalAirflowProject.Data_Team_Notification scheduled__2022-10-08T00:00:00+00:00 [queued]>
[2022-11-17T17:20:10.488+0000] {taskinstance.py:1362} INFO - 
--------------------------------------------------------------------------------
[2022-11-17T17:20:10.489+0000] {taskinstance.py:1363} INFO - Starting attempt 1 of 1
[2022-11-17T17:20:10.490+0000] {taskinstance.py:1364} INFO - 
--------------------------------------------------------------------------------
[2022-11-17T17:20:10.512+0000] {taskinstance.py:1383} INFO - Executing <Task(NotifyOperator): Data_Team_Notification> on 2022-10-08 00:00:00+00:00
[2022-11-17T17:20:10.565+0000] {standard_task_runner.py:55} INFO - Started process 6907 to run task
[2022-11-17T17:20:10.570+0000] {standard_task_runner.py:82} INFO - Running: ['***', 'tasks', 'run', 'MyPersonalAirflowProject', 'Data_Team_Notification', 'scheduled__2022-10-08T00:00:00+00:00', '--job-id', '2497', '--raw', '--subdir', 'DAGS_FOLDER/FinalPersonalProject.py', '--cfg-path', '/tmp/tmpc_t0j724']
[2022-11-17T17:20:10.571+0000] {standard_task_runner.py:83} INFO - Job 2497: Subtask Data_Team_Notification
[2022-11-17T17:20:10.660+0000] {task_command.py:376} INFO - Running <TaskInstance: MyPersonalAirflowProject.Data_Team_Notification scheduled__2022-10-08T00:00:00+00:00 [running]> on host 638485efabe7
[2022-11-17T17:20:10.855+0000] {taskinstance.py:1592} INFO - Exporting the following env vars:
AIRFLOW_CTX_DAG_OWNER=***
AIRFLOW_CTX_DAG_ID=MyPersonalAirflowProject
AIRFLOW_CTX_TASK_ID=Data_Team_Notification
AIRFLOW_CTX_EXECUTION_DATE=2022-10-08T00:00:00+00:00
AIRFLOW_CTX_TRY_NUMBER=1
AIRFLOW_CTX_DAG_RUN_ID=scheduled__2022-10-08T00:00:00+00:00
[2022-11-17T17:20:10.857+0000] {logging_mixin.py:120} INFO - Hi Data team, Space X data for 2022-11-17  are now available!.. Please check them out!
[2022-11-17T17:20:10.871+0000] {taskinstance.py:1406} INFO - Marking task as SUCCESS. dag_id=MyPersonalAirflowProject, task_id=Data_Team_Notification, execution_date=20221008T000000, start_date=20221117T172010, end_date=20221117T172010
[2022-11-17T17:20:10.983+0000] {local_task_job.py:164} INFO - Task exited with return code 0
[2022-11-17T17:20:11.053+0000] {local_task_job.py:273} INFO - 0 downstream tasks scheduled from follow-on schedule check
