[2022-11-04T19:48:54.688+0000] {taskinstance.py:1165} INFO - Dependencies all met for <TaskInstance: orquestation.TASK1 scheduled__2022-05-20T00:00:00+00:00 [queued]>
[2022-11-04T19:48:54.703+0000] {taskinstance.py:1165} INFO - Dependencies all met for <TaskInstance: orquestation.TASK1 scheduled__2022-05-20T00:00:00+00:00 [queued]>
[2022-11-04T19:48:54.704+0000] {taskinstance.py:1362} INFO - 
--------------------------------------------------------------------------------
[2022-11-04T19:48:54.705+0000] {taskinstance.py:1363} INFO - Starting attempt 1 of 1
[2022-11-04T19:48:54.718+0000] {taskinstance.py:1364} INFO - 
--------------------------------------------------------------------------------
[2022-11-04T19:48:54.810+0000] {taskinstance.py:1383} INFO - Executing <Task(BashOperator): TASK1> on 2022-05-20 00:00:00+00:00
[2022-11-04T19:48:54.824+0000] {standard_task_runner.py:55} INFO - Started process 263 to run task
[2022-11-04T19:48:54.835+0000] {standard_task_runner.py:82} INFO - Running: ['***', 'tasks', 'run', 'orquestation', 'TASK1', 'scheduled__2022-05-20T00:00:00+00:00', '--job-id', '22', '--raw', '--subdir', 'DAGS_FOLDER/5.1-orquestacion.py', '--cfg-path', '/tmp/tmp3u45zd9v']
[2022-11-04T19:48:54.836+0000] {standard_task_runner.py:83} INFO - Job 22: Subtask TASK1
[2022-11-04T19:48:55.029+0000] {task_command.py:376} INFO - Running <TaskInstance: orquestation.TASK1 scheduled__2022-05-20T00:00:00+00:00 [running]> on host 208ed96b478a
[2022-11-04T19:48:55.341+0000] {taskinstance.py:1592} INFO - Exporting the following env vars:
AIRFLOW_CTX_DAG_OWNER=***
AIRFLOW_CTX_DAG_ID=orquestation
AIRFLOW_CTX_TASK_ID=TASK1
AIRFLOW_CTX_EXECUTION_DATE=2022-05-20T00:00:00+00:00
AIRFLOW_CTX_TRY_NUMBER=1
AIRFLOW_CTX_DAG_RUN_ID=scheduled__2022-05-20T00:00:00+00:00
[2022-11-04T19:48:55.343+0000] {subprocess.py:63} INFO - Tmp dir root location: 
 /tmp
[2022-11-04T19:48:55.344+0000] {subprocess.py:75} INFO - Running command: ['/bin/bash', '-c', "SLEEP 2 && ECHO 'TASK1'"]
[2022-11-04T19:48:55.360+0000] {subprocess.py:86} INFO - Output:
[2022-11-04T19:48:55.363+0000] {subprocess.py:93} INFO - /bin/bash: line 1: SLEEP: command not found
[2022-11-04T19:48:55.364+0000] {subprocess.py:97} INFO - Command exited with return code 127
[2022-11-04T19:48:55.378+0000] {taskinstance.py:1851} ERROR - Task failed with exception
Traceback (most recent call last):
  File "/home/airflow/.local/lib/python3.7/site-packages/airflow/operators/bash.py", line 197, in execute
    f'Bash command failed. The command returned a non-zero exit code {result.exit_code}.'
airflow.exceptions.AirflowException: Bash command failed. The command returned a non-zero exit code 127.
[2022-11-04T19:48:55.384+0000] {taskinstance.py:1406} INFO - Marking task as FAILED. dag_id=orquestation, task_id=TASK1, execution_date=20220520T000000, start_date=20221104T194854, end_date=20221104T194855
[2022-11-04T19:48:55.491+0000] {standard_task_runner.py:105} ERROR - Failed to execute job 22 for task TASK1 (Bash command failed. The command returned a non-zero exit code 127.; 263)
[2022-11-04T19:48:55.527+0000] {local_task_job.py:164} INFO - Task exited with return code 1
[2022-11-04T19:48:55.624+0000] {local_task_job.py:273} INFO - 0 downstream tasks scheduled from follow-on schedule check
[2022-11-04T21:13:35.019+0000] {taskinstance.py:1165} INFO - Dependencies all met for <TaskInstance: orquestation.task1 scheduled__2022-05-20T00:00:00+00:00 [queued]>
[2022-11-04T21:13:35.043+0000] {taskinstance.py:1165} INFO - Dependencies all met for <TaskInstance: orquestation.task1 scheduled__2022-05-20T00:00:00+00:00 [queued]>
[2022-11-04T21:13:35.044+0000] {taskinstance.py:1362} INFO - 
--------------------------------------------------------------------------------
[2022-11-04T21:13:35.045+0000] {taskinstance.py:1363} INFO - Starting attempt 1 of 1
[2022-11-04T21:13:35.046+0000] {taskinstance.py:1364} INFO - 
--------------------------------------------------------------------------------
[2022-11-04T21:13:35.070+0000] {taskinstance.py:1383} INFO - Executing <Task(BashOperator): task1> on 2022-05-20 00:00:00+00:00
[2022-11-04T21:13:35.081+0000] {standard_task_runner.py:55} INFO - Started process 419 to run task
[2022-11-04T21:13:35.086+0000] {standard_task_runner.py:82} INFO - Running: ['***', 'tasks', 'run', 'orquestation', 'task1', 'scheduled__2022-05-20T00:00:00+00:00', '--job-id', '101', '--raw', '--subdir', 'DAGS_FOLDER/5.1-orquestacion.py', '--cfg-path', '/tmp/tmpy3e4crgh']
[2022-11-04T21:13:35.087+0000] {standard_task_runner.py:83} INFO - Job 101: Subtask task1
[2022-11-04T21:13:35.187+0000] {task_command.py:376} INFO - Running <TaskInstance: orquestation.task1 scheduled__2022-05-20T00:00:00+00:00 [running]> on host 643e334f405f
[2022-11-04T21:13:35.310+0000] {taskinstance.py:1592} INFO - Exporting the following env vars:
AIRFLOW_CTX_DAG_OWNER=***
AIRFLOW_CTX_DAG_ID=orquestation
AIRFLOW_CTX_TASK_ID=task1
AIRFLOW_CTX_EXECUTION_DATE=2022-05-20T00:00:00+00:00
AIRFLOW_CTX_TRY_NUMBER=1
AIRFLOW_CTX_DAG_RUN_ID=scheduled__2022-05-20T00:00:00+00:00
[2022-11-04T21:13:35.342+0000] {subprocess.py:63} INFO - Tmp dir root location: 
 /tmp
[2022-11-04T21:13:35.352+0000] {subprocess.py:75} INFO - Running command: ['/bin/bash', '-c', "sleep 2 && echo 'task1'"]
[2022-11-04T21:13:35.379+0000] {subprocess.py:86} INFO - Output:
[2022-11-04T21:13:37.714+0000] {subprocess.py:93} INFO - task1
[2022-11-04T21:13:37.715+0000] {subprocess.py:97} INFO - Command exited with return code 0
[2022-11-04T21:13:37.755+0000] {taskinstance.py:1406} INFO - Marking task as SUCCESS. dag_id=orquestation, task_id=task1, execution_date=20220520T000000, start_date=20221104T211335, end_date=20221104T211337
[2022-11-04T21:13:37.827+0000] {local_task_job.py:164} INFO - Task exited with return code 0
[2022-11-04T21:13:37.881+0000] {local_task_job.py:273} INFO - 0 downstream tasks scheduled from follow-on schedule check
[2022-11-04T21:33:02.049+0000] {taskinstance.py:1165} INFO - Dependencies all met for <TaskInstance: orquestation.task1 scheduled__2022-05-20T00:00:00+00:00 [queued]>
[2022-11-04T21:33:02.079+0000] {taskinstance.py:1165} INFO - Dependencies all met for <TaskInstance: orquestation.task1 scheduled__2022-05-20T00:00:00+00:00 [queued]>
[2022-11-04T21:33:02.080+0000] {taskinstance.py:1362} INFO - 
--------------------------------------------------------------------------------
[2022-11-04T21:33:02.081+0000] {taskinstance.py:1363} INFO - Starting attempt 1 of 1
[2022-11-04T21:33:02.083+0000] {taskinstance.py:1364} INFO - 
--------------------------------------------------------------------------------
[2022-11-04T21:33:02.117+0000] {taskinstance.py:1383} INFO - Executing <Task(BashOperator): task1> on 2022-05-20 00:00:00+00:00
[2022-11-04T21:33:02.128+0000] {standard_task_runner.py:55} INFO - Started process 977 to run task
[2022-11-04T21:33:02.136+0000] {standard_task_runner.py:82} INFO - Running: ['***', 'tasks', 'run', 'orquestation', 'task1', 'scheduled__2022-05-20T00:00:00+00:00', '--job-id', '181', '--raw', '--subdir', 'DAGS_FOLDER/5.1-orquestacion.py', '--cfg-path', '/tmp/tmpineagak9']
[2022-11-04T21:33:02.137+0000] {standard_task_runner.py:83} INFO - Job 181: Subtask task1
[2022-11-04T21:33:02.265+0000] {task_command.py:376} INFO - Running <TaskInstance: orquestation.task1 scheduled__2022-05-20T00:00:00+00:00 [running]> on host 643e334f405f
[2022-11-04T21:33:02.446+0000] {taskinstance.py:1592} INFO - Exporting the following env vars:
AIRFLOW_CTX_DAG_OWNER=***
AIRFLOW_CTX_DAG_ID=orquestation
AIRFLOW_CTX_TASK_ID=task1
AIRFLOW_CTX_EXECUTION_DATE=2022-05-20T00:00:00+00:00
AIRFLOW_CTX_TRY_NUMBER=1
AIRFLOW_CTX_DAG_RUN_ID=scheduled__2022-05-20T00:00:00+00:00
[2022-11-04T21:33:02.529+0000] {subprocess.py:63} INFO - Tmp dir root location: 
 /tmp
[2022-11-04T21:33:02.533+0000] {subprocess.py:75} INFO - Running command: ['/bin/bash', '-c', "sleep 2 && echo 'task1'"]
[2022-11-04T21:33:02.563+0000] {subprocess.py:86} INFO - Output:
[2022-11-04T21:33:04.705+0000] {subprocess.py:93} INFO - task1
[2022-11-04T21:33:04.706+0000] {subprocess.py:97} INFO - Command exited with return code 0
[2022-11-04T21:33:04.772+0000] {taskinstance.py:1406} INFO - Marking task as SUCCESS. dag_id=orquestation, task_id=task1, execution_date=20220520T000000, start_date=20221104T213302, end_date=20221104T213304
[2022-11-04T21:33:04.837+0000] {local_task_job.py:164} INFO - Task exited with return code 0
[2022-11-04T21:33:04.945+0000] {local_task_job.py:273} INFO - 1 downstream tasks scheduled from follow-on schedule check
[2022-11-04T21:43:30.245+0000] {taskinstance.py:1165} INFO - Dependencies all met for <TaskInstance: orquestation.task1 scheduled__2022-05-20T00:00:00+00:00 [queued]>
[2022-11-04T21:43:30.261+0000] {taskinstance.py:1165} INFO - Dependencies all met for <TaskInstance: orquestation.task1 scheduled__2022-05-20T00:00:00+00:00 [queued]>
[2022-11-04T21:43:30.262+0000] {taskinstance.py:1362} INFO - 
--------------------------------------------------------------------------------
[2022-11-04T21:43:30.262+0000] {taskinstance.py:1363} INFO - Starting attempt 1 of 1
[2022-11-04T21:43:30.263+0000] {taskinstance.py:1364} INFO - 
--------------------------------------------------------------------------------
[2022-11-04T21:43:30.278+0000] {taskinstance.py:1383} INFO - Executing <Task(BashOperator): task1> on 2022-05-20 00:00:00+00:00
[2022-11-04T21:43:30.284+0000] {standard_task_runner.py:55} INFO - Started process 2053 to run task
[2022-11-04T21:43:30.288+0000] {standard_task_runner.py:82} INFO - Running: ['***', 'tasks', 'run', 'orquestation', 'task1', 'scheduled__2022-05-20T00:00:00+00:00', '--job-id', '331', '--raw', '--subdir', 'DAGS_FOLDER/5.1-orquestacion.py', '--cfg-path', '/tmp/tmpdkn25d2n']
[2022-11-04T21:43:30.288+0000] {standard_task_runner.py:83} INFO - Job 331: Subtask task1
[2022-11-04T21:43:30.353+0000] {task_command.py:376} INFO - Running <TaskInstance: orquestation.task1 scheduled__2022-05-20T00:00:00+00:00 [running]> on host 643e334f405f
[2022-11-04T21:43:30.424+0000] {taskinstance.py:1592} INFO - Exporting the following env vars:
AIRFLOW_CTX_DAG_OWNER=***
AIRFLOW_CTX_DAG_ID=orquestation
AIRFLOW_CTX_TASK_ID=task1
AIRFLOW_CTX_EXECUTION_DATE=2022-05-20T00:00:00+00:00
AIRFLOW_CTX_TRY_NUMBER=1
AIRFLOW_CTX_DAG_RUN_ID=scheduled__2022-05-20T00:00:00+00:00
[2022-11-04T21:43:30.426+0000] {subprocess.py:63} INFO - Tmp dir root location: 
 /tmp
[2022-11-04T21:43:30.427+0000] {subprocess.py:75} INFO - Running command: ['/bin/bash', '-c', "sleep 2 && echo 'task1'"]
[2022-11-04T21:43:30.440+0000] {subprocess.py:86} INFO - Output:
[2022-11-04T21:43:32.444+0000] {subprocess.py:93} INFO - task1
[2022-11-04T21:43:32.445+0000] {subprocess.py:97} INFO - Command exited with return code 0
[2022-11-04T21:43:32.472+0000] {taskinstance.py:1406} INFO - Marking task as SUCCESS. dag_id=orquestation, task_id=task1, execution_date=20220520T000000, start_date=20221104T214330, end_date=20221104T214332
[2022-11-04T21:43:32.506+0000] {local_task_job.py:164} INFO - Task exited with return code 0
[2022-11-04T21:43:32.550+0000] {local_task_job.py:273} INFO - 1 downstream tasks scheduled from follow-on schedule check
