[2022-11-16T22:22:12.492+0000] {taskinstance.py:1165} INFO - Dependencies all met for <TaskInstance: MyPersonalAirflowProject.SpaceX_data scheduled__2022-10-22T00:00:00+00:00 [queued]>
[2022-11-16T22:22:12.510+0000] {taskinstance.py:1165} INFO - Dependencies all met for <TaskInstance: MyPersonalAirflowProject.SpaceX_data scheduled__2022-10-22T00:00:00+00:00 [queued]>
[2022-11-16T22:22:12.511+0000] {taskinstance.py:1362} INFO - 
--------------------------------------------------------------------------------
[2022-11-16T22:22:12.515+0000] {taskinstance.py:1363} INFO - Starting attempt 1 of 1
[2022-11-16T22:22:12.515+0000] {taskinstance.py:1364} INFO - 
--------------------------------------------------------------------------------
[2022-11-16T22:22:12.541+0000] {taskinstance.py:1383} INFO - Executing <Task(BashOperator): SpaceX_data> on 2022-10-22 00:00:00+00:00
[2022-11-16T22:22:12.550+0000] {standard_task_runner.py:55} INFO - Started process 5615 to run task
[2022-11-16T22:22:12.555+0000] {standard_task_runner.py:82} INFO - Running: ['***', 'tasks', 'run', 'MyPersonalAirflowProject', 'SpaceX_data', 'scheduled__2022-10-22T00:00:00+00:00', '--job-id', '1569', '--raw', '--subdir', 'DAGS_FOLDER/FinalPersonalProject.py', '--cfg-path', '/tmp/tmpyo8h567a']
[2022-11-16T22:22:12.556+0000] {standard_task_runner.py:83} INFO - Job 1569: Subtask SpaceX_data
[2022-11-16T22:22:12.638+0000] {task_command.py:376} INFO - Running <TaskInstance: MyPersonalAirflowProject.SpaceX_data scheduled__2022-10-22T00:00:00+00:00 [running]> on host 638485efabe7
[2022-11-16T22:22:12.785+0000] {taskinstance.py:1592} INFO - Exporting the following env vars:
AIRFLOW_CTX_DAG_OWNER=***
AIRFLOW_CTX_DAG_ID=MyPersonalAirflowProject
AIRFLOW_CTX_TASK_ID=SpaceX_data
AIRFLOW_CTX_EXECUTION_DATE=2022-10-22T00:00:00+00:00
AIRFLOW_CTX_TRY_NUMBER=1
AIRFLOW_CTX_DAG_RUN_ID=scheduled__2022-10-22T00:00:00+00:00
[2022-11-16T22:22:12.787+0000] {subprocess.py:63} INFO - Tmp dir root location: 
 /tmp
[2022-11-16T22:22:12.788+0000] {subprocess.py:75} INFO - Running command: ['/bin/bash', '-c', "curl -o /tmp/history.json -L 'https://api.spacexdata.com/v4/history'"]
[2022-11-16T22:22:12.801+0000] {subprocess.py:86} INFO - Output:
[2022-11-16T22:22:12.811+0000] {subprocess.py:93} INFO -   % Total    % Received % Xferd  Average Speed   Time    Time     Time  Current
[2022-11-16T22:22:12.812+0000] {subprocess.py:93} INFO -                                  Dload  Upload   Total   Spent    Left  Speed
[2022-11-16T22:22:13.143+0000] {subprocess.py:93} INFO -   0     0    0     0    0     0      0      0 --:--:-- --:--:-- --:--:--     0100  6756    0  6756    0     0  20349      0 --:--:-- --:--:-- --:--:-- 20349
[2022-11-16T22:22:13.147+0000] {subprocess.py:97} INFO - Command exited with return code 0
[2022-11-16T22:22:13.196+0000] {taskinstance.py:1406} INFO - Marking task as SUCCESS. dag_id=MyPersonalAirflowProject, task_id=SpaceX_data, execution_date=20221022T000000, start_date=20221116T222212, end_date=20221116T222213
[2022-11-16T22:22:13.311+0000] {local_task_job.py:164} INFO - Task exited with return code 0
[2022-11-16T22:22:13.364+0000] {local_task_job.py:273} INFO - 1 downstream tasks scheduled from follow-on schedule check
[2022-11-17T16:35:11.760+0000] {taskinstance.py:1165} INFO - Dependencies all met for <TaskInstance: MyPersonalAirflowProject.SpaceX_data scheduled__2022-10-22T00:00:00+00:00 [queued]>
[2022-11-17T16:35:11.807+0000] {taskinstance.py:1165} INFO - Dependencies all met for <TaskInstance: MyPersonalAirflowProject.SpaceX_data scheduled__2022-10-22T00:00:00+00:00 [queued]>
[2022-11-17T16:35:11.807+0000] {taskinstance.py:1362} INFO - 
--------------------------------------------------------------------------------
[2022-11-17T16:35:11.808+0000] {taskinstance.py:1363} INFO - Starting attempt 1 of 1
[2022-11-17T16:35:11.808+0000] {taskinstance.py:1364} INFO - 
--------------------------------------------------------------------------------
[2022-11-17T16:35:11.932+0000] {taskinstance.py:1383} INFO - Executing <Task(BashOperator): SpaceX_data> on 2022-10-22 00:00:00+00:00
[2022-11-17T16:35:11.940+0000] {standard_task_runner.py:55} INFO - Started process 3920 to run task
[2022-11-17T16:35:11.942+0000] {standard_task_runner.py:82} INFO - Running: ['***', 'tasks', 'run', 'MyPersonalAirflowProject', 'SpaceX_data', 'scheduled__2022-10-22T00:00:00+00:00', '--job-id', '2195', '--raw', '--subdir', 'DAGS_FOLDER/FinalPersonalProject.py', '--cfg-path', '/tmp/tmp0fmv6q9b']
[2022-11-17T16:35:11.943+0000] {standard_task_runner.py:83} INFO - Job 2195: Subtask SpaceX_data
[2022-11-17T16:35:12.604+0000] {task_command.py:376} INFO - Running <TaskInstance: MyPersonalAirflowProject.SpaceX_data scheduled__2022-10-22T00:00:00+00:00 [running]> on host 638485efabe7
[2022-11-17T16:35:14.372+0000] {taskinstance.py:1592} INFO - Exporting the following env vars:
AIRFLOW_CTX_DAG_OWNER=***
AIRFLOW_CTX_DAG_ID=MyPersonalAirflowProject
AIRFLOW_CTX_TASK_ID=SpaceX_data
AIRFLOW_CTX_EXECUTION_DATE=2022-10-22T00:00:00+00:00
AIRFLOW_CTX_TRY_NUMBER=1
AIRFLOW_CTX_DAG_RUN_ID=scheduled__2022-10-22T00:00:00+00:00
[2022-11-17T16:35:14.374+0000] {subprocess.py:63} INFO - Tmp dir root location: 
 /tmp
[2022-11-17T16:35:14.434+0000] {subprocess.py:75} INFO - Running command: ['/bin/bash', '-c', "curl -o /tmp/history.json -L 'https://api.spacexdata.com/v4/history'"]
[2022-11-17T16:35:14.447+0000] {subprocess.py:86} INFO - Output:
[2022-11-17T16:35:14.454+0000] {subprocess.py:93} INFO -   % Total    % Received % Xferd  Average Speed   Time    Time     Time  Current
[2022-11-17T16:35:14.454+0000] {subprocess.py:93} INFO -                                  Dload  Upload   Total   Spent    Left  Speed
[2022-11-17T16:35:14.794+0000] {subprocess.py:93} INFO -   0     0    0     0    0     0      0      0 --:--:-- --:--:-- --:--:--     0100  6756    0  6756    0     0  19870      0 --:--:-- --:--:-- --:--:-- 19870
[2022-11-17T16:35:14.796+0000] {subprocess.py:97} INFO - Command exited with return code 0
[2022-11-17T16:35:15.219+0000] {taskinstance.py:1406} INFO - Marking task as SUCCESS. dag_id=MyPersonalAirflowProject, task_id=SpaceX_data, execution_date=20221022T000000, start_date=20221117T163511, end_date=20221117T163515
[2022-11-17T16:35:15.461+0000] {local_task_job.py:164} INFO - Task exited with return code 0
[2022-11-17T16:35:15.659+0000] {local_task_job.py:273} INFO - 1 downstream tasks scheduled from follow-on schedule check
[2022-11-17T17:27:11.841+0000] {taskinstance.py:1165} INFO - Dependencies all met for <TaskInstance: MyPersonalAirflowProject.SpaceX_data scheduled__2022-10-22T00:00:00+00:00 [queued]>
[2022-11-17T17:27:11.855+0000] {taskinstance.py:1165} INFO - Dependencies all met for <TaskInstance: MyPersonalAirflowProject.SpaceX_data scheduled__2022-10-22T00:00:00+00:00 [queued]>
[2022-11-17T17:27:11.855+0000] {taskinstance.py:1362} INFO - 
--------------------------------------------------------------------------------
[2022-11-17T17:27:11.856+0000] {taskinstance.py:1363} INFO - Starting attempt 1 of 1
[2022-11-17T17:27:11.857+0000] {taskinstance.py:1364} INFO - 
--------------------------------------------------------------------------------
[2022-11-17T17:27:11.876+0000] {taskinstance.py:1383} INFO - Executing <Task(BashOperator): SpaceX_data> on 2022-10-22 00:00:00+00:00
[2022-11-17T17:27:11.882+0000] {standard_task_runner.py:55} INFO - Started process 7571 to run task
[2022-11-17T17:27:11.884+0000] {standard_task_runner.py:82} INFO - Running: ['***', 'tasks', 'run', 'MyPersonalAirflowProject', 'SpaceX_data', 'scheduled__2022-10-22T00:00:00+00:00', '--job-id', '2605', '--raw', '--subdir', 'DAGS_FOLDER/FinalPersonalProject.py', '--cfg-path', '/tmp/tmp_evrqup7']
[2022-11-17T17:27:11.885+0000] {standard_task_runner.py:83} INFO - Job 2605: Subtask SpaceX_data
[2022-11-17T17:27:11.951+0000] {task_command.py:376} INFO - Running <TaskInstance: MyPersonalAirflowProject.SpaceX_data scheduled__2022-10-22T00:00:00+00:00 [running]> on host 638485efabe7
[2022-11-17T17:27:12.033+0000] {taskinstance.py:1592} INFO - Exporting the following env vars:
AIRFLOW_CTX_DAG_OWNER=***
AIRFLOW_CTX_DAG_ID=MyPersonalAirflowProject
AIRFLOW_CTX_TASK_ID=SpaceX_data
AIRFLOW_CTX_EXECUTION_DATE=2022-10-22T00:00:00+00:00
AIRFLOW_CTX_TRY_NUMBER=1
AIRFLOW_CTX_DAG_RUN_ID=scheduled__2022-10-22T00:00:00+00:00
[2022-11-17T17:27:12.036+0000] {subprocess.py:63} INFO - Tmp dir root location: 
 /tmp
[2022-11-17T17:27:12.037+0000] {subprocess.py:75} INFO - Running command: ['/bin/bash', '-c', "curl -o /tmp/history.json -L 'https://api.spacexdata.com/v4/history'"]
[2022-11-17T17:27:12.048+0000] {subprocess.py:86} INFO - Output:
[2022-11-17T17:27:12.055+0000] {subprocess.py:93} INFO -   % Total    % Received % Xferd  Average Speed   Time    Time     Time  Current
[2022-11-17T17:27:12.056+0000] {subprocess.py:93} INFO -                                  Dload  Upload   Total   Spent    Left  Speed
[2022-11-17T17:27:12.450+0000] {subprocess.py:93} INFO -   0     0    0     0    0     0      0      0 --:--:-- --:--:-- --:--:--     0  0     0    0     0    0     0      0      0 --:--:-- --:--:-- --:--:--     0100  6756    0  6756    0     0  17147      0 --:--:-- --:--:-- --:--:-- 17103
[2022-11-17T17:27:12.452+0000] {subprocess.py:97} INFO - Command exited with return code 0
[2022-11-17T17:27:12.482+0000] {taskinstance.py:1406} INFO - Marking task as SUCCESS. dag_id=MyPersonalAirflowProject, task_id=SpaceX_data, execution_date=20221022T000000, start_date=20221117T172711, end_date=20221117T172712
[2022-11-17T17:27:12.542+0000] {local_task_job.py:164} INFO - Task exited with return code 0
[2022-11-17T17:27:12.574+0000] {local_task_job.py:273} INFO - 1 downstream tasks scheduled from follow-on schedule check
