[2022-11-04T19:48:58.995+0000] {taskinstance.py:1165} INFO - Dependencies all met for <TaskInstance: orquestation.TASK1 scheduled__2022-05-22T00:00:00+00:00 [queued]>
[2022-11-04T19:48:59.111+0000] {taskinstance.py:1165} INFO - Dependencies all met for <TaskInstance: orquestation.TASK1 scheduled__2022-05-22T00:00:00+00:00 [queued]>
[2022-11-04T19:48:59.112+0000] {taskinstance.py:1362} INFO - 
--------------------------------------------------------------------------------
[2022-11-04T19:48:59.113+0000] {taskinstance.py:1363} INFO - Starting attempt 1 of 1
[2022-11-04T19:48:59.156+0000] {taskinstance.py:1364} INFO - 
--------------------------------------------------------------------------------
[2022-11-04T19:48:59.474+0000] {taskinstance.py:1383} INFO - Executing <Task(BashOperator): TASK1> on 2022-05-22 00:00:00+00:00
[2022-11-04T19:48:59.481+0000] {standard_task_runner.py:55} INFO - Started process 287 to run task
[2022-11-04T19:48:59.484+0000] {standard_task_runner.py:82} INFO - Running: ['***', 'tasks', 'run', 'orquestation', 'TASK1', 'scheduled__2022-05-22T00:00:00+00:00', '--job-id', '24', '--raw', '--subdir', 'DAGS_FOLDER/5.1-orquestacion.py', '--cfg-path', '/tmp/tmpefoja60d']
[2022-11-04T19:48:59.484+0000] {standard_task_runner.py:83} INFO - Job 24: Subtask TASK1
[2022-11-04T19:48:59.796+0000] {task_command.py:376} INFO - Running <TaskInstance: orquestation.TASK1 scheduled__2022-05-22T00:00:00+00:00 [running]> on host 208ed96b478a
[2022-11-04T19:49:00.779+0000] {taskinstance.py:1592} INFO - Exporting the following env vars:
AIRFLOW_CTX_DAG_OWNER=***
AIRFLOW_CTX_DAG_ID=orquestation
AIRFLOW_CTX_TASK_ID=TASK1
AIRFLOW_CTX_EXECUTION_DATE=2022-05-22T00:00:00+00:00
AIRFLOW_CTX_TRY_NUMBER=1
AIRFLOW_CTX_DAG_RUN_ID=scheduled__2022-05-22T00:00:00+00:00
[2022-11-04T19:49:00.787+0000] {subprocess.py:63} INFO - Tmp dir root location: 
 /tmp
[2022-11-04T19:49:00.791+0000] {subprocess.py:75} INFO - Running command: ['/bin/bash', '-c', "SLEEP 2 && ECHO 'TASK1'"]
[2022-11-04T19:49:00.852+0000] {subprocess.py:86} INFO - Output:
[2022-11-04T19:49:00.855+0000] {subprocess.py:93} INFO - /bin/bash: line 1: SLEEP: command not found
[2022-11-04T19:49:00.866+0000] {subprocess.py:97} INFO - Command exited with return code 127
[2022-11-04T19:49:00.900+0000] {taskinstance.py:1851} ERROR - Task failed with exception
Traceback (most recent call last):
  File "/home/airflow/.local/lib/python3.7/site-packages/airflow/operators/bash.py", line 197, in execute
    f'Bash command failed. The command returned a non-zero exit code {result.exit_code}.'
airflow.exceptions.AirflowException: Bash command failed. The command returned a non-zero exit code 127.
[2022-11-04T19:49:00.931+0000] {taskinstance.py:1406} INFO - Marking task as FAILED. dag_id=orquestation, task_id=TASK1, execution_date=20220522T000000, start_date=20221104T194859, end_date=20221104T194900
[2022-11-04T19:49:00.999+0000] {standard_task_runner.py:105} ERROR - Failed to execute job 24 for task TASK1 (Bash command failed. The command returned a non-zero exit code 127.; 287)
[2022-11-04T19:49:01.039+0000] {local_task_job.py:164} INFO - Task exited with return code 1
[2022-11-04T19:49:01.392+0000] {local_task_job.py:273} INFO - 0 downstream tasks scheduled from follow-on schedule check
[2022-11-04T20:06:04.964+0000] {taskinstance.py:1165} INFO - Dependencies all met for <TaskInstance: orquestation.TASK1 scheduled__2022-05-22T00:00:00+00:00 [queued]>
[2022-11-04T20:06:04.990+0000] {taskinstance.py:1165} INFO - Dependencies all met for <TaskInstance: orquestation.TASK1 scheduled__2022-05-22T00:00:00+00:00 [queued]>
[2022-11-04T20:06:04.990+0000] {taskinstance.py:1362} INFO - 
--------------------------------------------------------------------------------
[2022-11-04T20:06:04.991+0000] {taskinstance.py:1363} INFO - Starting attempt 1 of 1
[2022-11-04T20:06:04.991+0000] {taskinstance.py:1364} INFO - 
--------------------------------------------------------------------------------
[2022-11-04T20:06:05.264+0000] {taskinstance.py:1383} INFO - Executing <Task(BashOperator): TASK1> on 2022-05-22 00:00:00+00:00
[2022-11-04T20:06:05.272+0000] {standard_task_runner.py:55} INFO - Started process 454 to run task
[2022-11-04T20:06:05.275+0000] {standard_task_runner.py:82} INFO - Running: ['***', 'tasks', 'run', 'orquestation', 'TASK1', 'scheduled__2022-05-22T00:00:00+00:00', '--job-id', '37', '--raw', '--subdir', 'DAGS_FOLDER/5.1-orquestacion.py', '--cfg-path', '/tmp/tmp1_e_i5wj']
[2022-11-04T20:06:05.276+0000] {standard_task_runner.py:83} INFO - Job 37: Subtask TASK1
[2022-11-04T20:06:05.721+0000] {task_command.py:376} INFO - Running <TaskInstance: orquestation.TASK1 scheduled__2022-05-22T00:00:00+00:00 [running]> on host 208ed96b478a
[2022-11-04T20:06:07.647+0000] {taskinstance.py:1592} INFO - Exporting the following env vars:
AIRFLOW_CTX_DAG_OWNER=***
AIRFLOW_CTX_DAG_ID=orquestation
AIRFLOW_CTX_TASK_ID=TASK1
AIRFLOW_CTX_EXECUTION_DATE=2022-05-22T00:00:00+00:00
AIRFLOW_CTX_TRY_NUMBER=1
AIRFLOW_CTX_DAG_RUN_ID=scheduled__2022-05-22T00:00:00+00:00
[2022-11-04T20:06:07.890+0000] {subprocess.py:63} INFO - Tmp dir root location: 
 /tmp
[2022-11-04T20:06:07.892+0000] {subprocess.py:75} INFO - Running command: ['/bin/bash', '-c', "SLEEP 2 && ECHO 'TASK1'"]
[2022-11-04T20:06:08.140+0000] {subprocess.py:86} INFO - Output:
[2022-11-04T20:06:09.616+0000] {subprocess.py:93} INFO - /bin/bash: line 1: SLEEP: command not found
[2022-11-04T20:06:09.619+0000] {subprocess.py:97} INFO - Command exited with return code 127
[2022-11-04T20:06:09.726+0000] {taskinstance.py:1851} ERROR - Task failed with exception
Traceback (most recent call last):
  File "/home/airflow/.local/lib/python3.7/site-packages/airflow/operators/bash.py", line 197, in execute
    f'Bash command failed. The command returned a non-zero exit code {result.exit_code}.'
airflow.exceptions.AirflowException: Bash command failed. The command returned a non-zero exit code 127.
[2022-11-04T20:06:09.896+0000] {taskinstance.py:1406} INFO - Marking task as FAILED. dag_id=orquestation, task_id=TASK1, execution_date=20220522T000000, start_date=20221104T200604, end_date=20221104T200609
[2022-11-04T20:06:10.094+0000] {standard_task_runner.py:105} ERROR - Failed to execute job 37 for task TASK1 (Bash command failed. The command returned a non-zero exit code 127.; 454)
[2022-11-04T20:06:10.146+0000] {local_task_job.py:164} INFO - Task exited with return code 1
[2022-11-04T20:06:10.225+0000] {local_task_job.py:273} INFO - 0 downstream tasks scheduled from follow-on schedule check
[2022-11-04T20:25:52.752+0000] {taskinstance.py:1165} INFO - Dependencies all met for <TaskInstance: orquestation.task1 scheduled__2022-05-22T00:00:00+00:00 [queued]>
[2022-11-04T20:25:52.772+0000] {taskinstance.py:1165} INFO - Dependencies all met for <TaskInstance: orquestation.task1 scheduled__2022-05-22T00:00:00+00:00 [queued]>
[2022-11-04T20:25:52.773+0000] {taskinstance.py:1362} INFO - 
--------------------------------------------------------------------------------
[2022-11-04T20:25:52.774+0000] {taskinstance.py:1363} INFO - Starting attempt 1 of 1
[2022-11-04T20:25:52.775+0000] {taskinstance.py:1364} INFO - 
--------------------------------------------------------------------------------
[2022-11-04T20:25:52.801+0000] {taskinstance.py:1383} INFO - Executing <Task(BashOperator): task1> on 2022-05-22 00:00:00+00:00
[2022-11-04T20:25:52.810+0000] {standard_task_runner.py:55} INFO - Started process 1384 to run task
[2022-11-04T20:25:52.813+0000] {standard_task_runner.py:82} INFO - Running: ['***', 'tasks', 'run', 'orquestation', 'task1', 'scheduled__2022-05-22T00:00:00+00:00', '--job-id', '42', '--raw', '--subdir', 'DAGS_FOLDER/5.1-orquestacion.py', '--cfg-path', '/tmp/tmpau7noh91']
[2022-11-04T20:25:52.814+0000] {standard_task_runner.py:83} INFO - Job 42: Subtask task1
[2022-11-04T20:25:52.955+0000] {task_command.py:376} INFO - Running <TaskInstance: orquestation.task1 scheduled__2022-05-22T00:00:00+00:00 [running]> on host 208ed96b478a
[2022-11-04T20:25:53.072+0000] {taskinstance.py:1592} INFO - Exporting the following env vars:
AIRFLOW_CTX_DAG_OWNER=***
AIRFLOW_CTX_DAG_ID=orquestation
AIRFLOW_CTX_TASK_ID=task1
AIRFLOW_CTX_EXECUTION_DATE=2022-05-22T00:00:00+00:00
AIRFLOW_CTX_TRY_NUMBER=1
AIRFLOW_CTX_DAG_RUN_ID=scheduled__2022-05-22T00:00:00+00:00
[2022-11-04T20:25:53.076+0000] {subprocess.py:63} INFO - Tmp dir root location: 
 /tmp
[2022-11-04T20:25:53.077+0000] {subprocess.py:75} INFO - Running command: ['/bin/bash', '-c', "sleep2 && echo 'task1'"]
[2022-11-04T20:25:53.095+0000] {subprocess.py:86} INFO - Output:
[2022-11-04T20:25:53.097+0000] {subprocess.py:93} INFO - /bin/bash: line 1: sleep2: command not found
[2022-11-04T20:25:53.098+0000] {subprocess.py:97} INFO - Command exited with return code 127
[2022-11-04T20:25:53.114+0000] {taskinstance.py:1851} ERROR - Task failed with exception
Traceback (most recent call last):
  File "/home/airflow/.local/lib/python3.7/site-packages/airflow/operators/bash.py", line 197, in execute
    f'Bash command failed. The command returned a non-zero exit code {result.exit_code}.'
airflow.exceptions.AirflowException: Bash command failed. The command returned a non-zero exit code 127.
[2022-11-04T20:25:53.119+0000] {taskinstance.py:1406} INFO - Marking task as FAILED. dag_id=orquestation, task_id=task1, execution_date=20220522T000000, start_date=20221104T202552, end_date=20221104T202553
[2022-11-04T20:25:53.139+0000] {standard_task_runner.py:105} ERROR - Failed to execute job 42 for task task1 (Bash command failed. The command returned a non-zero exit code 127.; 1384)
[2022-11-04T20:25:53.187+0000] {local_task_job.py:164} INFO - Task exited with return code 1
[2022-11-04T20:25:53.230+0000] {local_task_job.py:273} INFO - 0 downstream tasks scheduled from follow-on schedule check
[2022-11-04T21:33:10.468+0000] {taskinstance.py:1165} INFO - Dependencies all met for <TaskInstance: orquestation.task1 scheduled__2022-05-22T00:00:00+00:00 [queued]>
[2022-11-04T21:33:10.492+0000] {taskinstance.py:1165} INFO - Dependencies all met for <TaskInstance: orquestation.task1 scheduled__2022-05-22T00:00:00+00:00 [queued]>
[2022-11-04T21:33:10.493+0000] {taskinstance.py:1362} INFO - 
--------------------------------------------------------------------------------
[2022-11-04T21:33:10.494+0000] {taskinstance.py:1363} INFO - Starting attempt 1 of 1
[2022-11-04T21:33:10.494+0000] {taskinstance.py:1364} INFO - 
--------------------------------------------------------------------------------
[2022-11-04T21:33:10.516+0000] {taskinstance.py:1383} INFO - Executing <Task(BashOperator): task1> on 2022-05-22 00:00:00+00:00
[2022-11-04T21:33:10.526+0000] {standard_task_runner.py:55} INFO - Started process 1010 to run task
[2022-11-04T21:33:10.534+0000] {standard_task_runner.py:82} INFO - Running: ['***', 'tasks', 'run', 'orquestation', 'task1', 'scheduled__2022-05-22T00:00:00+00:00', '--job-id', '189', '--raw', '--subdir', 'DAGS_FOLDER/5.1-orquestacion.py', '--cfg-path', '/tmp/tmpvnryteyc']
[2022-11-04T21:33:10.535+0000] {standard_task_runner.py:83} INFO - Job 189: Subtask task1
[2022-11-04T21:33:10.621+0000] {task_command.py:376} INFO - Running <TaskInstance: orquestation.task1 scheduled__2022-05-22T00:00:00+00:00 [running]> on host 643e334f405f
[2022-11-04T21:33:10.744+0000] {taskinstance.py:1592} INFO - Exporting the following env vars:
AIRFLOW_CTX_DAG_OWNER=***
AIRFLOW_CTX_DAG_ID=orquestation
AIRFLOW_CTX_TASK_ID=task1
AIRFLOW_CTX_EXECUTION_DATE=2022-05-22T00:00:00+00:00
AIRFLOW_CTX_TRY_NUMBER=1
AIRFLOW_CTX_DAG_RUN_ID=scheduled__2022-05-22T00:00:00+00:00
[2022-11-04T21:33:10.755+0000] {subprocess.py:63} INFO - Tmp dir root location: 
 /tmp
[2022-11-04T21:33:10.757+0000] {subprocess.py:75} INFO - Running command: ['/bin/bash', '-c', "sleep 2 && echo 'task1'"]
[2022-11-04T21:33:10.775+0000] {subprocess.py:86} INFO - Output:
[2022-11-04T21:33:12.801+0000] {subprocess.py:93} INFO - task1
[2022-11-04T21:33:12.802+0000] {subprocess.py:97} INFO - Command exited with return code 0
[2022-11-04T21:33:12.857+0000] {taskinstance.py:1406} INFO - Marking task as SUCCESS. dag_id=orquestation, task_id=task1, execution_date=20220522T000000, start_date=20221104T213310, end_date=20221104T213312
[2022-11-04T21:33:12.914+0000] {local_task_job.py:164} INFO - Task exited with return code 0
[2022-11-04T21:33:12.983+0000] {local_task_job.py:273} INFO - 1 downstream tasks scheduled from follow-on schedule check
[2022-11-04T21:43:52.503+0000] {taskinstance.py:1165} INFO - Dependencies all met for <TaskInstance: orquestation.task1 scheduled__2022-05-22T00:00:00+00:00 [queued]>
[2022-11-04T21:43:52.519+0000] {taskinstance.py:1165} INFO - Dependencies all met for <TaskInstance: orquestation.task1 scheduled__2022-05-22T00:00:00+00:00 [queued]>
[2022-11-04T21:43:52.520+0000] {taskinstance.py:1362} INFO - 
--------------------------------------------------------------------------------
[2022-11-04T21:43:52.520+0000] {taskinstance.py:1363} INFO - Starting attempt 1 of 1
[2022-11-04T21:43:52.521+0000] {taskinstance.py:1364} INFO - 
--------------------------------------------------------------------------------
[2022-11-04T21:43:52.558+0000] {taskinstance.py:1383} INFO - Executing <Task(BashOperator): task1> on 2022-05-22 00:00:00+00:00
[2022-11-04T21:43:52.588+0000] {standard_task_runner.py:55} INFO - Started process 2103 to run task
[2022-11-04T21:43:52.593+0000] {standard_task_runner.py:82} INFO - Running: ['***', 'tasks', 'run', 'orquestation', 'task1', 'scheduled__2022-05-22T00:00:00+00:00', '--job-id', '339', '--raw', '--subdir', 'DAGS_FOLDER/5.1-orquestacion.py', '--cfg-path', '/tmp/tmpuz1zkywq']
[2022-11-04T21:43:52.594+0000] {standard_task_runner.py:83} INFO - Job 339: Subtask task1
[2022-11-04T21:43:52.689+0000] {task_command.py:376} INFO - Running <TaskInstance: orquestation.task1 scheduled__2022-05-22T00:00:00+00:00 [running]> on host 643e334f405f
[2022-11-04T21:43:52.760+0000] {taskinstance.py:1592} INFO - Exporting the following env vars:
AIRFLOW_CTX_DAG_OWNER=***
AIRFLOW_CTX_DAG_ID=orquestation
AIRFLOW_CTX_TASK_ID=task1
AIRFLOW_CTX_EXECUTION_DATE=2022-05-22T00:00:00+00:00
AIRFLOW_CTX_TRY_NUMBER=1
AIRFLOW_CTX_DAG_RUN_ID=scheduled__2022-05-22T00:00:00+00:00
[2022-11-04T21:43:52.762+0000] {subprocess.py:63} INFO - Tmp dir root location: 
 /tmp
[2022-11-04T21:43:52.763+0000] {subprocess.py:75} INFO - Running command: ['/bin/bash', '-c', "sleep 2 && echo 'task1'"]
[2022-11-04T21:43:52.774+0000] {subprocess.py:86} INFO - Output:
[2022-11-04T21:43:54.778+0000] {subprocess.py:93} INFO - task1
[2022-11-04T21:43:54.779+0000] {subprocess.py:97} INFO - Command exited with return code 0
[2022-11-04T21:43:54.899+0000] {taskinstance.py:1406} INFO - Marking task as SUCCESS. dag_id=orquestation, task_id=task1, execution_date=20220522T000000, start_date=20221104T214352, end_date=20221104T214354
[2022-11-04T21:43:54.933+0000] {local_task_job.py:164} INFO - Task exited with return code 0
[2022-11-04T21:43:54.976+0000] {local_task_job.py:273} INFO - 1 downstream tasks scheduled from follow-on schedule check
