[2022-11-17T16:01:49.137+0000] {taskinstance.py:1165} INFO - Dependencies all met for <TaskInstance: MyPersonalAirflowProject.end_task scheduled__2022-11-03T00:00:00+00:00 [queued]>
[2022-11-17T16:01:49.155+0000] {taskinstance.py:1165} INFO - Dependencies all met for <TaskInstance: MyPersonalAirflowProject.end_task scheduled__2022-11-03T00:00:00+00:00 [queued]>
[2022-11-17T16:01:49.156+0000] {taskinstance.py:1362} INFO - 
--------------------------------------------------------------------------------
[2022-11-17T16:01:49.157+0000] {taskinstance.py:1363} INFO - Starting attempt 2 of 2
[2022-11-17T16:01:49.157+0000] {taskinstance.py:1364} INFO - 
--------------------------------------------------------------------------------
[2022-11-17T16:01:49.175+0000] {taskinstance.py:1383} INFO - Executing <Task(BashOperator): end_task> on 2022-11-03 00:00:00+00:00
[2022-11-17T16:01:49.182+0000] {standard_task_runner.py:55} INFO - Started process 1580 to run task
[2022-11-17T16:01:49.185+0000] {standard_task_runner.py:82} INFO - Running: ['***', 'tasks', 'run', 'MyPersonalAirflowProject', 'end_task', 'scheduled__2022-11-03T00:00:00+00:00', '--job-id', '1942', '--raw', '--subdir', 'DAGS_FOLDER/FinalPersonalProject.py', '--cfg-path', '/tmp/tmp50i10qjg']
[2022-11-17T16:01:49.185+0000] {standard_task_runner.py:83} INFO - Job 1942: Subtask end_task
[2022-11-17T16:01:49.258+0000] {task_command.py:376} INFO - Running <TaskInstance: MyPersonalAirflowProject.end_task scheduled__2022-11-03T00:00:00+00:00 [running]> on host 638485efabe7
[2022-11-17T16:01:49.334+0000] {taskinstance.py:1592} INFO - Exporting the following env vars:
AIRFLOW_CTX_DAG_OWNER=***
AIRFLOW_CTX_DAG_ID=MyPersonalAirflowProject
AIRFLOW_CTX_TASK_ID=end_task
AIRFLOW_CTX_EXECUTION_DATE=2022-11-03T00:00:00+00:00
AIRFLOW_CTX_TRY_NUMBER=2
AIRFLOW_CTX_DAG_RUN_ID=scheduled__2022-11-03T00:00:00+00:00
[2022-11-17T16:01:49.335+0000] {subprocess.py:63} INFO - Tmp dir root location: 
 /tmp
[2022-11-17T16:01:49.336+0000] {subprocess.py:75} INFO - Running command: ['/bin/bash', '-c', 'echo "The Verification file was created successfully"']
[2022-11-17T16:01:49.347+0000] {subprocess.py:86} INFO - Output:
[2022-11-17T16:01:49.349+0000] {subprocess.py:93} INFO - The Verification file was created successfully
[2022-11-17T16:01:49.350+0000] {subprocess.py:97} INFO - Command exited with return code 0
[2022-11-17T16:01:49.380+0000] {taskinstance.py:1406} INFO - Marking task as SUCCESS. dag_id=MyPersonalAirflowProject, task_id=end_task, execution_date=20221103T000000, start_date=20221117T160149, end_date=20221117T160149
[2022-11-17T16:01:49.437+0000] {local_task_job.py:164} INFO - Task exited with return code 0
[2022-11-17T16:01:49.471+0000] {local_task_job.py:273} INFO - 1 downstream tasks scheduled from follow-on schedule check
