[2022-11-16T22:26:28.910+0000] {taskinstance.py:1165} INFO - Dependencies all met for <TaskInstance: MyPersonalAirflowProject.Print_Imported_data scheduled__2022-10-27T00:00:00+00:00 [queued]>
[2022-11-16T22:26:28.941+0000] {taskinstance.py:1165} INFO - Dependencies all met for <TaskInstance: MyPersonalAirflowProject.Print_Imported_data scheduled__2022-10-27T00:00:00+00:00 [queued]>
[2022-11-16T22:26:28.942+0000] {taskinstance.py:1362} INFO - 
--------------------------------------------------------------------------------
[2022-11-16T22:26:28.944+0000] {taskinstance.py:1363} INFO - Starting attempt 1 of 1
[2022-11-16T22:26:28.945+0000] {taskinstance.py:1364} INFO - 
--------------------------------------------------------------------------------
[2022-11-16T22:26:28.992+0000] {taskinstance.py:1383} INFO - Executing <Task(BashOperator): Print_Imported_data> on 2022-10-27 00:00:00+00:00
[2022-11-16T22:26:29.006+0000] {standard_task_runner.py:55} INFO - Started process 5841 to run task
[2022-11-16T22:26:29.014+0000] {standard_task_runner.py:82} INFO - Running: ['***', 'tasks', 'run', 'MyPersonalAirflowProject', 'Print_Imported_data', 'scheduled__2022-10-27T00:00:00+00:00', '--job-id', '1601', '--raw', '--subdir', 'DAGS_FOLDER/FinalPersonalProject.py', '--cfg-path', '/tmp/tmpq7p8jbge']
[2022-11-16T22:26:29.015+0000] {standard_task_runner.py:83} INFO - Job 1601: Subtask Print_Imported_data
[2022-11-16T22:26:29.143+0000] {task_command.py:376} INFO - Running <TaskInstance: MyPersonalAirflowProject.Print_Imported_data scheduled__2022-10-27T00:00:00+00:00 [running]> on host 638485efabe7
[2022-11-16T22:26:29.291+0000] {taskinstance.py:1592} INFO - Exporting the following env vars:
AIRFLOW_CTX_DAG_OWNER=***
AIRFLOW_CTX_DAG_ID=MyPersonalAirflowProject
AIRFLOW_CTX_TASK_ID=Print_Imported_data
AIRFLOW_CTX_EXECUTION_DATE=2022-10-27T00:00:00+00:00
AIRFLOW_CTX_TRY_NUMBER=1
AIRFLOW_CTX_DAG_RUN_ID=scheduled__2022-10-27T00:00:00+00:00
[2022-11-16T22:26:29.317+0000] {subprocess.py:63} INFO - Tmp dir root location: 
 /tmp
[2022-11-16T22:26:29.323+0000] {subprocess.py:75} INFO - Running command: ['/bin/bash', '-c', 'ls /tmp/ && head /tmp/platzi_data.csv']
[2022-11-16T22:26:29.354+0000] {subprocess.py:86} INFO - Output:
[2022-11-16T22:26:29.402+0000] {subprocess.py:93} INFO - ***tmpclx0v7ac
[2022-11-16T22:26:29.403+0000] {subprocess.py:93} INFO - ***tmpk5xxq3nx
[2022-11-16T22:26:29.404+0000] {subprocess.py:93} INFO - ***tmplkvca7ip
[2022-11-16T22:26:29.405+0000] {subprocess.py:93} INFO - ***tmpodkacs8z
[2022-11-16T22:26:29.406+0000] {subprocess.py:93} INFO - file.txt
[2022-11-16T22:26:29.406+0000] {subprocess.py:93} INFO - history.json
[2022-11-16T22:26:29.407+0000] {subprocess.py:93} INFO - platzi_data_20221001.csv
[2022-11-16T22:26:29.408+0000] {subprocess.py:93} INFO - platzi_data_20221002.csv
[2022-11-16T22:26:29.408+0000] {subprocess.py:93} INFO - platzi_data_20221003.csv
[2022-11-16T22:26:29.409+0000] {subprocess.py:93} INFO - platzi_data_20221004.csv
[2022-11-16T22:26:29.410+0000] {subprocess.py:93} INFO - platzi_data_20221005.csv
[2022-11-16T22:26:29.410+0000] {subprocess.py:93} INFO - platzi_data_20221006.csv
[2022-11-16T22:26:29.411+0000] {subprocess.py:93} INFO - platzi_data_20221007.csv
[2022-11-16T22:26:29.412+0000] {subprocess.py:93} INFO - platzi_data_20221008.csv
[2022-11-16T22:26:29.412+0000] {subprocess.py:93} INFO - platzi_data_20221009.csv
[2022-11-16T22:26:29.413+0000] {subprocess.py:93} INFO - platzi_data_20221010.csv
[2022-11-16T22:26:29.414+0000] {subprocess.py:93} INFO - platzi_data_20221011.csv
[2022-11-16T22:26:29.415+0000] {subprocess.py:93} INFO - platzi_data_20221012.csv
[2022-11-16T22:26:29.417+0000] {subprocess.py:93} INFO - platzi_data_20221013.csv
[2022-11-16T22:26:29.417+0000] {subprocess.py:93} INFO - platzi_data_20221014.csv
[2022-11-16T22:26:29.418+0000] {subprocess.py:93} INFO - platzi_data_20221015.csv
[2022-11-16T22:26:29.419+0000] {subprocess.py:93} INFO - platzi_data_20221016.csv
[2022-11-16T22:26:29.420+0000] {subprocess.py:93} INFO - platzi_data_20221017.csv
[2022-11-16T22:26:29.421+0000] {subprocess.py:93} INFO - platzi_data_20221018.csv
[2022-11-16T22:26:29.421+0000] {subprocess.py:93} INFO - platzi_data_20221019.csv
[2022-11-16T22:26:29.422+0000] {subprocess.py:93} INFO - platzi_data_20221020.csv
[2022-11-16T22:26:29.423+0000] {subprocess.py:93} INFO - platzi_data_20221021.csv
[2022-11-16T22:26:29.424+0000] {subprocess.py:93} INFO - platzi_data_20221022.csv
[2022-11-16T22:26:29.425+0000] {subprocess.py:93} INFO - platzi_data_20221023.csv
[2022-11-16T22:26:29.425+0000] {subprocess.py:93} INFO - platzi_data_20221024.csv
[2022-11-16T22:26:29.426+0000] {subprocess.py:93} INFO - platzi_data_20221025.csv
[2022-11-16T22:26:29.427+0000] {subprocess.py:93} INFO - platzi_data_20221026.csv
[2022-11-16T22:26:29.428+0000] {subprocess.py:93} INFO - platzi_data_20221027.csv
[2022-11-16T22:26:29.428+0000] {subprocess.py:93} INFO - pymp-8yik9lbi
[2022-11-16T22:26:29.429+0000] {subprocess.py:93} INFO - pymp-y00k7agg
[2022-11-16T22:26:29.430+0000] {subprocess.py:93} INFO - reponse_20221001.txt
[2022-11-16T22:26:29.430+0000] {subprocess.py:93} INFO - reponse_20221002.txt
[2022-11-16T22:26:29.431+0000] {subprocess.py:93} INFO - reponse_20221003.txt
[2022-11-16T22:26:29.431+0000] {subprocess.py:93} INFO - reponse_20221004.txt
[2022-11-16T22:26:29.432+0000] {subprocess.py:93} INFO - reponse_20221005.txt
[2022-11-16T22:26:29.433+0000] {subprocess.py:93} INFO - reponse_20221006.txt
[2022-11-16T22:26:29.433+0000] {subprocess.py:93} INFO - reponse_20221007.txt
[2022-11-16T22:26:29.434+0000] {subprocess.py:93} INFO - reponse_20221008.txt
[2022-11-16T22:26:29.435+0000] {subprocess.py:93} INFO - reponse_20221009.txt
[2022-11-16T22:26:29.436+0000] {subprocess.py:93} INFO - reponse_20221010.txt
[2022-11-16T22:26:29.437+0000] {subprocess.py:93} INFO - reponse_20221011.txt
[2022-11-16T22:26:29.438+0000] {subprocess.py:93} INFO - reponse_20221012.txt
[2022-11-16T22:26:29.438+0000] {subprocess.py:93} INFO - reponse_20221013.txt
[2022-11-16T22:26:29.439+0000] {subprocess.py:93} INFO - reponse_20221014.txt
[2022-11-16T22:26:29.440+0000] {subprocess.py:93} INFO - reponse_20221015.txt
[2022-11-16T22:26:29.441+0000] {subprocess.py:93} INFO - reponse_20221016.txt
[2022-11-16T22:26:29.442+0000] {subprocess.py:93} INFO - reponse_20221017.txt
[2022-11-16T22:26:29.442+0000] {subprocess.py:93} INFO - reponse_20221018.txt
[2022-11-16T22:26:29.443+0000] {subprocess.py:93} INFO - reponse_20221019.txt
[2022-11-16T22:26:29.444+0000] {subprocess.py:93} INFO - reponse_20221020.txt
[2022-11-16T22:26:29.444+0000] {subprocess.py:93} INFO - reponse_20221021.txt
[2022-11-16T22:26:29.445+0000] {subprocess.py:93} INFO - reponse_20221022.txt
[2022-11-16T22:26:29.446+0000] {subprocess.py:93} INFO - reponse_20221023.txt
[2022-11-16T22:26:29.447+0000] {subprocess.py:93} INFO - reponse_20221024.txt
[2022-11-16T22:26:29.447+0000] {subprocess.py:93} INFO - reponse_20221025.txt
[2022-11-16T22:26:29.448+0000] {subprocess.py:93} INFO - reponse_20221026.txt
[2022-11-16T22:26:29.449+0000] {subprocess.py:93} INFO - reponse_20221027.txt
[2022-11-16T22:26:29.449+0000] {subprocess.py:93} INFO - reponse_20221028.txt
[2022-11-16T22:26:29.450+0000] {subprocess.py:93} INFO - reponse_20221029.txt
[2022-11-16T22:26:29.450+0000] {subprocess.py:93} INFO - reponse_20221030.txt
[2022-11-16T22:26:29.451+0000] {subprocess.py:93} INFO - reponse_20221031.txt
[2022-11-16T22:26:29.452+0000] {subprocess.py:93} INFO - reponse_20221101.txt
[2022-11-16T22:26:29.452+0000] {subprocess.py:93} INFO - reponse_20221102.txt
[2022-11-16T22:26:29.453+0000] {subprocess.py:93} INFO - reponse_20221103.txt
[2022-11-16T22:26:29.454+0000] {subprocess.py:93} INFO - reponse_20221104.txt
[2022-11-16T22:26:29.455+0000] {subprocess.py:93} INFO - reponse_20221105.txt
[2022-11-16T22:26:29.456+0000] {subprocess.py:93} INFO - reponse_20221106.txt
[2022-11-16T22:26:29.456+0000] {subprocess.py:93} INFO - reponse_20221107.txt
[2022-11-16T22:26:29.457+0000] {subprocess.py:93} INFO - reponse_20221108.txt
[2022-11-16T22:26:29.458+0000] {subprocess.py:93} INFO - reponse_20221109.txt
[2022-11-16T22:26:29.459+0000] {subprocess.py:93} INFO - reponse_20221110.txt
[2022-11-16T22:26:29.460+0000] {subprocess.py:93} INFO - reponse_20221111.txt
[2022-11-16T22:26:29.460+0000] {subprocess.py:93} INFO - reponse_20221112.txt
[2022-11-16T22:26:29.461+0000] {subprocess.py:93} INFO - reponse_20221113.txt
[2022-11-16T22:26:29.462+0000] {subprocess.py:93} INFO - reponse_20221114.txt
[2022-11-16T22:26:29.463+0000] {subprocess.py:93} INFO - reponse_20221115.txt
[2022-11-16T22:26:29.463+0000] {subprocess.py:93} INFO - tmp061o5asr
[2022-11-16T22:26:29.464+0000] {subprocess.py:93} INFO - tmp1b_v374g
[2022-11-16T22:26:29.465+0000] {subprocess.py:93} INFO - tmp2n3y4qb3
[2022-11-16T22:26:29.466+0000] {subprocess.py:93} INFO - tmp2ztydtyd
[2022-11-16T22:26:29.466+0000] {subprocess.py:93} INFO - tmp546oqdk0
[2022-11-16T22:26:29.467+0000] {subprocess.py:93} INFO - tmp57roj99h
[2022-11-16T22:26:29.468+0000] {subprocess.py:93} INFO - tmp5lejojs5
[2022-11-16T22:26:29.469+0000] {subprocess.py:93} INFO - tmp5nj2onwa
[2022-11-16T22:26:29.469+0000] {subprocess.py:93} INFO - tmp64cxrvul
[2022-11-16T22:26:29.470+0000] {subprocess.py:93} INFO - tmp6g4l21c1
[2022-11-16T22:26:29.471+0000] {subprocess.py:93} INFO - tmp7c6bgots
[2022-11-16T22:26:29.471+0000] {subprocess.py:93} INFO - tmp7khebugo
[2022-11-16T22:26:29.472+0000] {subprocess.py:93} INFO - tmp7lvtz6wk
[2022-11-16T22:26:29.473+0000] {subprocess.py:93} INFO - tmp8_n1aj39
[2022-11-16T22:26:29.473+0000] {subprocess.py:93} INFO - tmp8c_dsk2e
[2022-11-16T22:26:29.474+0000] {subprocess.py:93} INFO - tmp928ntdt7
[2022-11-16T22:26:29.475+0000] {subprocess.py:93} INFO - tmp9503grtb
[2022-11-16T22:26:29.475+0000] {subprocess.py:93} INFO - tmp_afh1uos
[2022-11-16T22:26:29.476+0000] {subprocess.py:93} INFO - tmp_m6lsnw3
[2022-11-16T22:26:29.477+0000] {subprocess.py:93} INFO - tmp_vy6n6_q
[2022-11-16T22:26:29.477+0000] {subprocess.py:93} INFO - tmpcnj5oj8y
[2022-11-16T22:26:29.478+0000] {subprocess.py:93} INFO - tmpcu_pom_6
[2022-11-16T22:26:29.479+0000] {subprocess.py:93} INFO - tmpdmc2g1zb
[2022-11-16T22:26:29.479+0000] {subprocess.py:93} INFO - tmpe4k1ogev
[2022-11-16T22:26:29.480+0000] {subprocess.py:93} INFO - tmpg_n88zm7
[2022-11-16T22:26:29.480+0000] {subprocess.py:93} INFO - tmpgg8mkst1
[2022-11-16T22:26:29.481+0000] {subprocess.py:93} INFO - tmpgi8v82jx
[2022-11-16T22:26:29.481+0000] {subprocess.py:93} INFO - tmpiez6kail
[2022-11-16T22:26:29.482+0000] {subprocess.py:93} INFO - tmpj1n4wxza
[2022-11-16T22:26:29.482+0000] {subprocess.py:93} INFO - tmpjsznho2e
[2022-11-16T22:26:29.483+0000] {subprocess.py:93} INFO - tmpkrg9_cgk
[2022-11-16T22:26:29.483+0000] {subprocess.py:93} INFO - tmpl13ymsfs
[2022-11-16T22:26:29.484+0000] {subprocess.py:93} INFO - tmplrbhl64b
[2022-11-16T22:26:29.484+0000] {subprocess.py:93} INFO - tmpn38ozedg
[2022-11-16T22:26:29.484+0000] {subprocess.py:93} INFO - tmpn96u_4ih
[2022-11-16T22:26:29.485+0000] {subprocess.py:93} INFO - tmpo3nf6k5c
[2022-11-16T22:26:29.486+0000] {subprocess.py:93} INFO - tmpoy_ljy8t
[2022-11-16T22:26:29.486+0000] {subprocess.py:93} INFO - tmpp4w9yq6x
[2022-11-16T22:26:29.487+0000] {subprocess.py:93} INFO - tmppfidxzjr
[2022-11-16T22:26:29.488+0000] {subprocess.py:93} INFO - tmpr681bhfw
[2022-11-16T22:26:29.489+0000] {subprocess.py:93} INFO - tmpr9102hwf
[2022-11-16T22:26:29.489+0000] {subprocess.py:93} INFO - tmpt4qo16oq
[2022-11-16T22:26:29.490+0000] {subprocess.py:93} INFO - tmptn832g5z
[2022-11-16T22:26:29.491+0000] {subprocess.py:93} INFO - tmpu9qbl0wh
[2022-11-16T22:26:29.491+0000] {subprocess.py:93} INFO - tmpuq8ywung
[2022-11-16T22:26:29.492+0000] {subprocess.py:93} INFO - tmpv606o9_9
[2022-11-16T22:26:29.493+0000] {subprocess.py:93} INFO - tmpxf7g1lc4
[2022-11-16T22:26:29.493+0000] {subprocess.py:93} INFO - tmpxktobcjf
[2022-11-16T22:26:29.494+0000] {subprocess.py:93} INFO - tmpz91iizm7
[2022-11-16T22:26:29.494+0000] {subprocess.py:93} INFO - head: cannot open '/tmp/platzi_data.csv' for reading: No such file or directory
[2022-11-16T22:26:29.495+0000] {subprocess.py:97} INFO - Command exited with return code 1
[2022-11-16T22:26:29.514+0000] {taskinstance.py:1851} ERROR - Task failed with exception
Traceback (most recent call last):
  File "/home/airflow/.local/lib/python3.7/site-packages/airflow/operators/bash.py", line 197, in execute
    f'Bash command failed. The command returned a non-zero exit code {result.exit_code}.'
airflow.exceptions.AirflowException: Bash command failed. The command returned a non-zero exit code 1.
[2022-11-16T22:26:29.551+0000] {taskinstance.py:1406} INFO - Marking task as FAILED. dag_id=MyPersonalAirflowProject, task_id=Print_Imported_data, execution_date=20221027T000000, start_date=20221116T222628, end_date=20221116T222629
[2022-11-16T22:26:29.580+0000] {standard_task_runner.py:105} ERROR - Failed to execute job 1601 for task Print_Imported_data (Bash command failed. The command returned a non-zero exit code 1.; 5841)
[2022-11-16T22:26:29.668+0000] {local_task_job.py:164} INFO - Task exited with return code 1
[2022-11-16T22:26:29.699+0000] {local_task_job.py:273} INFO - 0 downstream tasks scheduled from follow-on schedule check
[2022-11-17T16:38:19.646+0000] {taskinstance.py:1165} INFO - Dependencies all met for <TaskInstance: MyPersonalAirflowProject.Print_Imported_data scheduled__2022-10-27T00:00:00+00:00 [queued]>
[2022-11-17T16:38:20.248+0000] {taskinstance.py:1165} INFO - Dependencies all met for <TaskInstance: MyPersonalAirflowProject.Print_Imported_data scheduled__2022-10-27T00:00:00+00:00 [queued]>
[2022-11-17T16:38:20.248+0000] {taskinstance.py:1362} INFO - 
--------------------------------------------------------------------------------
[2022-11-17T16:38:20.249+0000] {taskinstance.py:1363} INFO - Starting attempt 1 of 1
[2022-11-17T16:38:20.249+0000] {taskinstance.py:1364} INFO - 
--------------------------------------------------------------------------------
[2022-11-17T16:38:20.684+0000] {taskinstance.py:1383} INFO - Executing <Task(BashOperator): Print_Imported_data> on 2022-10-27 00:00:00+00:00
[2022-11-17T16:38:20.689+0000] {standard_task_runner.py:55} INFO - Started process 4198 to run task
[2022-11-17T16:38:20.692+0000] {standard_task_runner.py:82} INFO - Running: ['***', 'tasks', 'run', 'MyPersonalAirflowProject', 'Print_Imported_data', 'scheduled__2022-10-27T00:00:00+00:00', '--job-id', '2237', '--raw', '--subdir', 'DAGS_FOLDER/FinalPersonalProject.py', '--cfg-path', '/tmp/tmp67l6xyhw']
[2022-11-17T16:38:20.693+0000] {standard_task_runner.py:83} INFO - Job 2237: Subtask Print_Imported_data
[2022-11-17T16:38:20.842+0000] {task_command.py:376} INFO - Running <TaskInstance: MyPersonalAirflowProject.Print_Imported_data scheduled__2022-10-27T00:00:00+00:00 [running]> on host 638485efabe7
[2022-11-17T16:38:21.471+0000] {taskinstance.py:1592} INFO - Exporting the following env vars:
AIRFLOW_CTX_DAG_OWNER=***
AIRFLOW_CTX_DAG_ID=MyPersonalAirflowProject
AIRFLOW_CTX_TASK_ID=Print_Imported_data
AIRFLOW_CTX_EXECUTION_DATE=2022-10-27T00:00:00+00:00
AIRFLOW_CTX_TRY_NUMBER=1
AIRFLOW_CTX_DAG_RUN_ID=scheduled__2022-10-27T00:00:00+00:00
[2022-11-17T16:38:21.472+0000] {subprocess.py:63} INFO - Tmp dir root location: 
 /tmp
[2022-11-17T16:38:22.266+0000] {subprocess.py:75} INFO - Running command: ['/bin/bash', '-c', 'ls /tmp/ && head /tmp/platzi_data_20221027.csv']
[2022-11-17T16:38:22.276+0000] {subprocess.py:86} INFO - Output:
[2022-11-17T16:38:22.280+0000] {subprocess.py:93} INFO - ***tmp67l9j7g_
[2022-11-17T16:38:22.280+0000] {subprocess.py:93} INFO - ***tmpk5xxq3nx
[2022-11-17T16:38:22.281+0000] {subprocess.py:93} INFO - ***tmplkvca7ip
[2022-11-17T16:38:22.282+0000] {subprocess.py:93} INFO - ***tmpodkacs8z
[2022-11-17T16:38:22.282+0000] {subprocess.py:93} INFO - file.txt
[2022-11-17T16:38:22.283+0000] {subprocess.py:93} INFO - history.json
[2022-11-17T16:38:22.283+0000] {subprocess.py:93} INFO - platzi_data_20221001.csv
[2022-11-17T16:38:22.284+0000] {subprocess.py:93} INFO - platzi_data_20221002.csv
[2022-11-17T16:38:22.284+0000] {subprocess.py:93} INFO - platzi_data_20221003.csv
[2022-11-17T16:38:22.284+0000] {subprocess.py:93} INFO - platzi_data_20221004.csv
[2022-11-17T16:38:22.285+0000] {subprocess.py:93} INFO - platzi_data_20221005.csv
[2022-11-17T16:38:22.285+0000] {subprocess.py:93} INFO - platzi_data_20221006.csv
[2022-11-17T16:38:22.285+0000] {subprocess.py:93} INFO - platzi_data_20221007.csv
[2022-11-17T16:38:22.286+0000] {subprocess.py:93} INFO - platzi_data_20221008.csv
[2022-11-17T16:38:22.286+0000] {subprocess.py:93} INFO - platzi_data_20221009.csv
[2022-11-17T16:38:22.286+0000] {subprocess.py:93} INFO - platzi_data_20221010.csv
[2022-11-17T16:38:22.286+0000] {subprocess.py:93} INFO - platzi_data_20221011.csv
[2022-11-17T16:38:22.287+0000] {subprocess.py:93} INFO - platzi_data_20221012.csv
[2022-11-17T16:38:22.287+0000] {subprocess.py:93} INFO - platzi_data_20221013.csv
[2022-11-17T16:38:22.288+0000] {subprocess.py:93} INFO - platzi_data_20221014.csv
[2022-11-17T16:38:22.288+0000] {subprocess.py:93} INFO - platzi_data_20221015.csv
[2022-11-17T16:38:22.288+0000] {subprocess.py:93} INFO - platzi_data_20221016.csv
[2022-11-17T16:38:22.288+0000] {subprocess.py:93} INFO - platzi_data_20221017.csv
[2022-11-17T16:38:22.289+0000] {subprocess.py:93} INFO - platzi_data_20221018.csv
[2022-11-17T16:38:22.289+0000] {subprocess.py:93} INFO - platzi_data_20221019.csv
[2022-11-17T16:38:22.289+0000] {subprocess.py:93} INFO - platzi_data_20221020.csv
[2022-11-17T16:38:22.290+0000] {subprocess.py:93} INFO - platzi_data_20221021.csv
[2022-11-17T16:38:22.290+0000] {subprocess.py:93} INFO - platzi_data_20221022.csv
[2022-11-17T16:38:22.291+0000] {subprocess.py:93} INFO - platzi_data_20221023.csv
[2022-11-17T16:38:22.291+0000] {subprocess.py:93} INFO - platzi_data_20221024.csv
[2022-11-17T16:38:22.291+0000] {subprocess.py:93} INFO - platzi_data_20221025.csv
[2022-11-17T16:38:22.291+0000] {subprocess.py:93} INFO - platzi_data_20221026.csv
[2022-11-17T16:38:22.292+0000] {subprocess.py:93} INFO - platzi_data_20221027.csv
[2022-11-17T16:38:22.292+0000] {subprocess.py:93} INFO - platzi_data_20221028.csv
[2022-11-17T16:38:22.293+0000] {subprocess.py:93} INFO - platzi_data_20221029.csv
[2022-11-17T16:38:22.293+0000] {subprocess.py:93} INFO - platzi_data_20221030.csv
[2022-11-17T16:38:22.293+0000] {subprocess.py:93} INFO - platzi_data_20221031.csv
[2022-11-17T16:38:22.293+0000] {subprocess.py:93} INFO - platzi_data_20221101.csv
[2022-11-17T16:38:22.294+0000] {subprocess.py:93} INFO - platzi_data_20221102.csv
[2022-11-17T16:38:22.294+0000] {subprocess.py:93} INFO - platzi_data_20221103.csv
[2022-11-17T16:38:22.294+0000] {subprocess.py:93} INFO - platzi_data_20221104.csv
[2022-11-17T16:38:22.295+0000] {subprocess.py:93} INFO - platzi_data_20221105.csv
[2022-11-17T16:38:22.295+0000] {subprocess.py:93} INFO - platzi_data_20221106.csv
[2022-11-17T16:38:22.295+0000] {subprocess.py:93} INFO - platzi_data_20221107.csv
[2022-11-17T16:38:22.295+0000] {subprocess.py:93} INFO - platzi_data_20221108.csv
[2022-11-17T16:38:22.296+0000] {subprocess.py:93} INFO - platzi_data_20221109.csv
[2022-11-17T16:38:22.296+0000] {subprocess.py:93} INFO - platzi_data_20221110.csv
[2022-11-17T16:38:22.296+0000] {subprocess.py:93} INFO - platzi_data_20221111.csv
[2022-11-17T16:38:22.297+0000] {subprocess.py:93} INFO - platzi_data_20221112.csv
[2022-11-17T16:38:22.297+0000] {subprocess.py:93} INFO - platzi_data_20221113.csv
[2022-11-17T16:38:22.297+0000] {subprocess.py:93} INFO - platzi_data_20221114.csv
[2022-11-17T16:38:22.297+0000] {subprocess.py:93} INFO - platzi_data_20221115.csv
[2022-11-17T16:38:22.298+0000] {subprocess.py:93} INFO - platzi_data_20221116.csv
[2022-11-17T16:38:22.298+0000] {subprocess.py:93} INFO - pymp-8yik9lbi
[2022-11-17T16:38:22.298+0000] {subprocess.py:93} INFO - pymp-sbqt6pho
[2022-11-17T16:38:22.299+0000] {subprocess.py:93} INFO - reponse_20221001.txt
[2022-11-17T16:38:22.299+0000] {subprocess.py:93} INFO - reponse_20221002.txt
[2022-11-17T16:38:22.299+0000] {subprocess.py:93} INFO - reponse_20221003.txt
[2022-11-17T16:38:22.299+0000] {subprocess.py:93} INFO - reponse_20221004.txt
[2022-11-17T16:38:22.300+0000] {subprocess.py:93} INFO - reponse_20221005.txt
[2022-11-17T16:38:22.300+0000] {subprocess.py:93} INFO - reponse_20221006.txt
[2022-11-17T16:38:22.300+0000] {subprocess.py:93} INFO - reponse_20221007.txt
[2022-11-17T16:38:22.301+0000] {subprocess.py:93} INFO - reponse_20221008.txt
[2022-11-17T16:38:22.301+0000] {subprocess.py:93} INFO - reponse_20221009.txt
[2022-11-17T16:38:22.301+0000] {subprocess.py:93} INFO - reponse_20221010.txt
[2022-11-17T16:38:22.302+0000] {subprocess.py:93} INFO - reponse_20221011.txt
[2022-11-17T16:38:22.302+0000] {subprocess.py:93} INFO - reponse_20221012.txt
[2022-11-17T16:38:22.302+0000] {subprocess.py:93} INFO - reponse_20221013.txt
[2022-11-17T16:38:22.302+0000] {subprocess.py:93} INFO - reponse_20221014.txt
[2022-11-17T16:38:22.303+0000] {subprocess.py:93} INFO - reponse_20221015.txt
[2022-11-17T16:38:22.303+0000] {subprocess.py:93} INFO - reponse_20221016.txt
[2022-11-17T16:38:22.303+0000] {subprocess.py:93} INFO - reponse_20221017.txt
[2022-11-17T16:38:22.303+0000] {subprocess.py:93} INFO - reponse_20221018.txt
[2022-11-17T16:38:22.304+0000] {subprocess.py:93} INFO - reponse_20221019.txt
[2022-11-17T16:38:22.304+0000] {subprocess.py:93} INFO - reponse_20221020.txt
[2022-11-17T16:38:22.304+0000] {subprocess.py:93} INFO - reponse_20221021.txt
[2022-11-17T16:38:22.305+0000] {subprocess.py:93} INFO - reponse_20221022.txt
[2022-11-17T16:38:22.305+0000] {subprocess.py:93} INFO - reponse_20221023.txt
[2022-11-17T16:38:22.305+0000] {subprocess.py:93} INFO - reponse_20221024.txt
[2022-11-17T16:38:22.305+0000] {subprocess.py:93} INFO - reponse_20221025.txt
[2022-11-17T16:38:22.306+0000] {subprocess.py:93} INFO - reponse_20221026.txt
[2022-11-17T16:38:22.306+0000] {subprocess.py:93} INFO - reponse_20221027.txt
[2022-11-17T16:38:22.306+0000] {subprocess.py:93} INFO - reponse_20221028.txt
[2022-11-17T16:38:22.306+0000] {subprocess.py:93} INFO - reponse_20221029.txt
[2022-11-17T16:38:22.307+0000] {subprocess.py:93} INFO - reponse_20221030.txt
[2022-11-17T16:38:22.307+0000] {subprocess.py:93} INFO - reponse_20221031.txt
[2022-11-17T16:38:22.307+0000] {subprocess.py:93} INFO - reponse_20221101.txt
[2022-11-17T16:38:22.307+0000] {subprocess.py:93} INFO - reponse_20221102.txt
[2022-11-17T16:38:22.308+0000] {subprocess.py:93} INFO - reponse_20221103.txt
[2022-11-17T16:38:22.308+0000] {subprocess.py:93} INFO - reponse_20221104.txt
[2022-11-17T16:38:22.308+0000] {subprocess.py:93} INFO - reponse_20221105.txt
[2022-11-17T16:38:22.309+0000] {subprocess.py:93} INFO - reponse_20221106.txt
[2022-11-17T16:38:22.309+0000] {subprocess.py:93} INFO - reponse_20221107.txt
[2022-11-17T16:38:22.309+0000] {subprocess.py:93} INFO - reponse_20221108.txt
[2022-11-17T16:38:22.309+0000] {subprocess.py:93} INFO - reponse_20221109.txt
[2022-11-17T16:38:22.310+0000] {subprocess.py:93} INFO - reponse_20221110.txt
[2022-11-17T16:38:22.310+0000] {subprocess.py:93} INFO - reponse_20221111.txt
[2022-11-17T16:38:22.310+0000] {subprocess.py:93} INFO - reponse_20221112.txt
[2022-11-17T16:38:22.310+0000] {subprocess.py:93} INFO - reponse_20221113.txt
[2022-11-17T16:38:22.311+0000] {subprocess.py:93} INFO - reponse_20221114.txt
[2022-11-17T16:38:22.311+0000] {subprocess.py:93} INFO - reponse_20221115.txt
[2022-11-17T16:38:22.311+0000] {subprocess.py:93} INFO - reponse_20221116.txt
[2022-11-17T16:38:22.311+0000] {subprocess.py:93} INFO - tmp061o5asr
[2022-11-17T16:38:22.312+0000] {subprocess.py:93} INFO - tmp1b_v374g
[2022-11-17T16:38:22.312+0000] {subprocess.py:93} INFO - tmp2n3y4qb3
[2022-11-17T16:38:22.312+0000] {subprocess.py:93} INFO - tmp2ztydtyd
[2022-11-17T16:38:22.313+0000] {subprocess.py:93} INFO - tmp546oqdk0
[2022-11-17T16:38:22.313+0000] {subprocess.py:93} INFO - tmp57roj99h
[2022-11-17T16:38:22.313+0000] {subprocess.py:93} INFO - tmp5lejojs5
[2022-11-17T16:38:22.313+0000] {subprocess.py:93} INFO - tmp5nj2onwa
[2022-11-17T16:38:22.314+0000] {subprocess.py:93} INFO - tmp64cxrvul
[2022-11-17T16:38:22.314+0000] {subprocess.py:93} INFO - tmp6g4l21c1
[2022-11-17T16:38:22.314+0000] {subprocess.py:93} INFO - tmp7c6bgots
[2022-11-17T16:38:22.315+0000] {subprocess.py:93} INFO - tmp7khebugo
[2022-11-17T16:38:22.315+0000] {subprocess.py:93} INFO - tmp7lvtz6wk
[2022-11-17T16:38:22.315+0000] {subprocess.py:93} INFO - tmp8_n1aj39
[2022-11-17T16:38:22.315+0000] {subprocess.py:93} INFO - tmp8c_dsk2e
[2022-11-17T16:38:22.316+0000] {subprocess.py:93} INFO - tmp928ntdt7
[2022-11-17T16:38:22.316+0000] {subprocess.py:93} INFO - tmp9503grtb
[2022-11-17T16:38:22.316+0000] {subprocess.py:93} INFO - tmp_afh1uos
[2022-11-17T16:38:22.316+0000] {subprocess.py:93} INFO - tmp_m6lsnw3
[2022-11-17T16:38:22.317+0000] {subprocess.py:93} INFO - tmp_vy6n6_q
[2022-11-17T16:38:22.317+0000] {subprocess.py:93} INFO - tmpcnj5oj8y
[2022-11-17T16:38:22.317+0000] {subprocess.py:93} INFO - tmpcu_pom_6
[2022-11-17T16:38:22.318+0000] {subprocess.py:93} INFO - tmpdmc2g1zb
[2022-11-17T16:38:22.318+0000] {subprocess.py:93} INFO - tmpe4k1ogev
[2022-11-17T16:38:22.318+0000] {subprocess.py:93} INFO - tmpg_n88zm7
[2022-11-17T16:38:22.318+0000] {subprocess.py:93} INFO - tmpgg8mkst1
[2022-11-17T16:38:22.319+0000] {subprocess.py:93} INFO - tmpgi8v82jx
[2022-11-17T16:38:22.319+0000] {subprocess.py:93} INFO - tmpiez6kail
[2022-11-17T16:38:22.319+0000] {subprocess.py:93} INFO - tmpj1n4wxza
[2022-11-17T16:38:22.320+0000] {subprocess.py:93} INFO - tmpjsznho2e
[2022-11-17T16:38:22.320+0000] {subprocess.py:93} INFO - tmpkrg9_cgk
[2022-11-17T16:38:22.320+0000] {subprocess.py:93} INFO - tmpl13ymsfs
[2022-11-17T16:38:22.320+0000] {subprocess.py:93} INFO - tmplrbhl64b
[2022-11-17T16:38:22.321+0000] {subprocess.py:93} INFO - tmpn38ozedg
[2022-11-17T16:38:22.321+0000] {subprocess.py:93} INFO - tmpn96u_4ih
[2022-11-17T16:38:22.321+0000] {subprocess.py:93} INFO - tmpo3nf6k5c
[2022-11-17T16:38:22.321+0000] {subprocess.py:93} INFO - tmpoy_ljy8t
[2022-11-17T16:38:22.322+0000] {subprocess.py:93} INFO - tmpp4w9yq6x
[2022-11-17T16:38:22.322+0000] {subprocess.py:93} INFO - tmppfidxzjr
[2022-11-17T16:38:22.322+0000] {subprocess.py:93} INFO - tmpr681bhfw
[2022-11-17T16:38:22.323+0000] {subprocess.py:93} INFO - tmpr9102hwf
[2022-11-17T16:38:22.323+0000] {subprocess.py:93} INFO - tmpt4qo16oq
[2022-11-17T16:38:22.323+0000] {subprocess.py:93} INFO - tmptn832g5z
[2022-11-17T16:38:22.323+0000] {subprocess.py:93} INFO - tmpu9qbl0wh
[2022-11-17T16:38:22.324+0000] {subprocess.py:93} INFO - tmpuq8ywung
[2022-11-17T16:38:22.324+0000] {subprocess.py:93} INFO - tmpv606o9_9
[2022-11-17T16:38:22.324+0000] {subprocess.py:93} INFO - tmpxf7g1lc4
[2022-11-17T16:38:22.325+0000] {subprocess.py:93} INFO - tmpxktobcjf
[2022-11-17T16:38:22.325+0000] {subprocess.py:93} INFO - tmpz91iizm7
[2022-11-17T16:38:22.325+0000] {subprocess.py:93} INFO - ,student,timestamp
[2022-11-17T16:38:22.326+0000] {subprocess.py:93} INFO - 0,Maria Cruz,2022-10-27 00:00:00+00:00
[2022-11-17T16:38:22.326+0000] {subprocess.py:93} INFO - 1,Daniel Crema,2022-10-27 00:00:00+00:00
[2022-11-17T16:38:22.326+0000] {subprocess.py:93} INFO - 2,Elon Musk,2022-10-27 00:00:00+00:00
[2022-11-17T16:38:22.327+0000] {subprocess.py:93} INFO - 3,Karol Castrejon,2022-10-27 00:00:00+00:00
[2022-11-17T16:38:22.327+0000] {subprocess.py:93} INFO - 4,Freddy Vega,2022-10-27 00:00:00+00:00
[2022-11-17T16:38:22.327+0000] {subprocess.py:93} INFO - 5,Freddy Montañez,2022-10-27 00:00:00+00:00
[2022-11-17T16:38:22.328+0000] {subprocess.py:97} INFO - Command exited with return code 0
[2022-11-17T16:38:22.515+0000] {taskinstance.py:1406} INFO - Marking task as SUCCESS. dag_id=MyPersonalAirflowProject, task_id=Print_Imported_data, execution_date=20221027T000000, start_date=20221117T163820, end_date=20221117T163822
[2022-11-17T16:38:22.639+0000] {local_task_job.py:164} INFO - Task exited with return code 0
[2022-11-17T16:38:23.093+0000] {local_task_job.py:273} INFO - 2 downstream tasks scheduled from follow-on schedule check
[2022-11-17T17:29:46.425+0000] {taskinstance.py:1165} INFO - Dependencies all met for <TaskInstance: MyPersonalAirflowProject.Print_Imported_data scheduled__2022-10-27T00:00:00+00:00 [queued]>
[2022-11-17T17:29:46.438+0000] {taskinstance.py:1165} INFO - Dependencies all met for <TaskInstance: MyPersonalAirflowProject.Print_Imported_data scheduled__2022-10-27T00:00:00+00:00 [queued]>
[2022-11-17T17:29:46.438+0000] {taskinstance.py:1362} INFO - 
--------------------------------------------------------------------------------
[2022-11-17T17:29:46.439+0000] {taskinstance.py:1363} INFO - Starting attempt 1 of 1
[2022-11-17T17:29:46.439+0000] {taskinstance.py:1364} INFO - 
--------------------------------------------------------------------------------
[2022-11-17T17:29:46.455+0000] {taskinstance.py:1383} INFO - Executing <Task(BashOperator): Print_Imported_data> on 2022-10-27 00:00:00+00:00
[2022-11-17T17:29:46.461+0000] {standard_task_runner.py:55} INFO - Started process 7821 to run task
[2022-11-17T17:29:46.464+0000] {standard_task_runner.py:82} INFO - Running: ['***', 'tasks', 'run', 'MyPersonalAirflowProject', 'Print_Imported_data', 'scheduled__2022-10-27T00:00:00+00:00', '--job-id', '2647', '--raw', '--subdir', 'DAGS_FOLDER/FinalPersonalProject.py', '--cfg-path', '/tmp/tmp1565wf3s']
[2022-11-17T17:29:46.464+0000] {standard_task_runner.py:83} INFO - Job 2647: Subtask Print_Imported_data
[2022-11-17T17:29:46.529+0000] {task_command.py:376} INFO - Running <TaskInstance: MyPersonalAirflowProject.Print_Imported_data scheduled__2022-10-27T00:00:00+00:00 [running]> on host 638485efabe7
[2022-11-17T17:29:46.605+0000] {taskinstance.py:1592} INFO - Exporting the following env vars:
AIRFLOW_CTX_DAG_OWNER=***
AIRFLOW_CTX_DAG_ID=MyPersonalAirflowProject
AIRFLOW_CTX_TASK_ID=Print_Imported_data
AIRFLOW_CTX_EXECUTION_DATE=2022-10-27T00:00:00+00:00
AIRFLOW_CTX_TRY_NUMBER=1
AIRFLOW_CTX_DAG_RUN_ID=scheduled__2022-10-27T00:00:00+00:00
[2022-11-17T17:29:46.607+0000] {subprocess.py:63} INFO - Tmp dir root location: 
 /tmp
[2022-11-17T17:29:46.607+0000] {subprocess.py:75} INFO - Running command: ['/bin/bash', '-c', 'ls /tmp/ && head /tmp/platzi_data_20221027.csv']
[2022-11-17T17:29:46.618+0000] {subprocess.py:86} INFO - Output:
[2022-11-17T17:29:46.622+0000] {subprocess.py:93} INFO - ***tmp835a_oql
[2022-11-17T17:29:46.623+0000] {subprocess.py:93} INFO - ***tmpk5xxq3nx
[2022-11-17T17:29:46.624+0000] {subprocess.py:93} INFO - ***tmplkvca7ip
[2022-11-17T17:29:46.625+0000] {subprocess.py:93} INFO - ***tmpodkacs8z
[2022-11-17T17:29:46.625+0000] {subprocess.py:93} INFO - file.txt
[2022-11-17T17:29:46.626+0000] {subprocess.py:93} INFO - history.json
[2022-11-17T17:29:46.626+0000] {subprocess.py:93} INFO - platzi_data_20221001.csv
[2022-11-17T17:29:46.627+0000] {subprocess.py:93} INFO - platzi_data_20221002.csv
[2022-11-17T17:29:46.627+0000] {subprocess.py:93} INFO - platzi_data_20221003.csv
[2022-11-17T17:29:46.628+0000] {subprocess.py:93} INFO - platzi_data_20221004.csv
[2022-11-17T17:29:46.629+0000] {subprocess.py:93} INFO - platzi_data_20221005.csv
[2022-11-17T17:29:46.629+0000] {subprocess.py:93} INFO - platzi_data_20221006.csv
[2022-11-17T17:29:46.630+0000] {subprocess.py:93} INFO - platzi_data_20221007.csv
[2022-11-17T17:29:46.630+0000] {subprocess.py:93} INFO - platzi_data_20221008.csv
[2022-11-17T17:29:46.631+0000] {subprocess.py:93} INFO - platzi_data_20221009.csv
[2022-11-17T17:29:46.631+0000] {subprocess.py:93} INFO - platzi_data_20221010.csv
[2022-11-17T17:29:46.632+0000] {subprocess.py:93} INFO - platzi_data_20221011.csv
[2022-11-17T17:29:46.632+0000] {subprocess.py:93} INFO - platzi_data_20221012.csv
[2022-11-17T17:29:46.633+0000] {subprocess.py:93} INFO - platzi_data_20221013.csv
[2022-11-17T17:29:46.633+0000] {subprocess.py:93} INFO - platzi_data_20221014.csv
[2022-11-17T17:29:46.633+0000] {subprocess.py:93} INFO - platzi_data_20221015.csv
[2022-11-17T17:29:46.634+0000] {subprocess.py:93} INFO - platzi_data_20221016.csv
[2022-11-17T17:29:46.634+0000] {subprocess.py:93} INFO - platzi_data_20221017.csv
[2022-11-17T17:29:46.634+0000] {subprocess.py:93} INFO - platzi_data_20221018.csv
[2022-11-17T17:29:46.635+0000] {subprocess.py:93} INFO - platzi_data_20221019.csv
[2022-11-17T17:29:46.635+0000] {subprocess.py:93} INFO - platzi_data_20221020.csv
[2022-11-17T17:29:46.636+0000] {subprocess.py:93} INFO - platzi_data_20221021.csv
[2022-11-17T17:29:46.636+0000] {subprocess.py:93} INFO - platzi_data_20221022.csv
[2022-11-17T17:29:46.637+0000] {subprocess.py:93} INFO - platzi_data_20221023.csv
[2022-11-17T17:29:46.637+0000] {subprocess.py:93} INFO - platzi_data_20221024.csv
[2022-11-17T17:29:46.638+0000] {subprocess.py:93} INFO - platzi_data_20221025.csv
[2022-11-17T17:29:46.638+0000] {subprocess.py:93} INFO - platzi_data_20221026.csv
[2022-11-17T17:29:46.638+0000] {subprocess.py:93} INFO - platzi_data_20221027.csv
[2022-11-17T17:29:46.639+0000] {subprocess.py:93} INFO - platzi_data_20221028.csv
[2022-11-17T17:29:46.639+0000] {subprocess.py:93} INFO - platzi_data_20221029.csv
[2022-11-17T17:29:46.640+0000] {subprocess.py:93} INFO - platzi_data_20221030.csv
[2022-11-17T17:29:46.640+0000] {subprocess.py:93} INFO - platzi_data_20221031.csv
[2022-11-17T17:29:46.641+0000] {subprocess.py:93} INFO - platzi_data_20221101.csv
[2022-11-17T17:29:46.641+0000] {subprocess.py:93} INFO - platzi_data_20221102.csv
[2022-11-17T17:29:46.642+0000] {subprocess.py:93} INFO - platzi_data_20221103.csv
[2022-11-17T17:29:46.642+0000] {subprocess.py:93} INFO - platzi_data_20221104.csv
[2022-11-17T17:29:46.642+0000] {subprocess.py:93} INFO - platzi_data_20221105.csv
[2022-11-17T17:29:46.643+0000] {subprocess.py:93} INFO - platzi_data_20221106.csv
[2022-11-17T17:29:46.643+0000] {subprocess.py:93} INFO - platzi_data_20221107.csv
[2022-11-17T17:29:46.644+0000] {subprocess.py:93} INFO - platzi_data_20221108.csv
[2022-11-17T17:29:46.644+0000] {subprocess.py:93} INFO - platzi_data_20221109.csv
[2022-11-17T17:29:46.645+0000] {subprocess.py:93} INFO - platzi_data_20221110.csv
[2022-11-17T17:29:46.645+0000] {subprocess.py:93} INFO - platzi_data_20221111.csv
[2022-11-17T17:29:46.646+0000] {subprocess.py:93} INFO - platzi_data_20221112.csv
[2022-11-17T17:29:46.646+0000] {subprocess.py:93} INFO - platzi_data_20221113.csv
[2022-11-17T17:29:46.646+0000] {subprocess.py:93} INFO - platzi_data_20221114.csv
[2022-11-17T17:29:46.647+0000] {subprocess.py:93} INFO - platzi_data_20221115.csv
[2022-11-17T17:29:46.647+0000] {subprocess.py:93} INFO - platzi_data_20221116.csv
[2022-11-17T17:29:46.648+0000] {subprocess.py:93} INFO - pymp-8yik9lbi
[2022-11-17T17:29:46.648+0000] {subprocess.py:93} INFO - pymp-sbqt6pho
[2022-11-17T17:29:46.648+0000] {subprocess.py:93} INFO - reponse_20221001.txt
[2022-11-17T17:29:46.649+0000] {subprocess.py:93} INFO - reponse_20221002.txt
[2022-11-17T17:29:46.649+0000] {subprocess.py:93} INFO - reponse_20221003.txt
[2022-11-17T17:29:46.650+0000] {subprocess.py:93} INFO - reponse_20221004.txt
[2022-11-17T17:29:46.650+0000] {subprocess.py:93} INFO - reponse_20221005.txt
[2022-11-17T17:29:46.651+0000] {subprocess.py:93} INFO - reponse_20221006.txt
[2022-11-17T17:29:46.651+0000] {subprocess.py:93} INFO - reponse_20221007.txt
[2022-11-17T17:29:46.652+0000] {subprocess.py:93} INFO - reponse_20221008.txt
[2022-11-17T17:29:46.652+0000] {subprocess.py:93} INFO - reponse_20221009.txt
[2022-11-17T17:29:46.653+0000] {subprocess.py:93} INFO - reponse_20221010.txt
[2022-11-17T17:29:46.653+0000] {subprocess.py:93} INFO - reponse_20221011.txt
[2022-11-17T17:29:46.653+0000] {subprocess.py:93} INFO - reponse_20221012.txt
[2022-11-17T17:29:46.654+0000] {subprocess.py:93} INFO - reponse_20221013.txt
[2022-11-17T17:29:46.654+0000] {subprocess.py:93} INFO - reponse_20221014.txt
[2022-11-17T17:29:46.655+0000] {subprocess.py:93} INFO - reponse_20221015.txt
[2022-11-17T17:29:46.655+0000] {subprocess.py:93} INFO - reponse_20221016.txt
[2022-11-17T17:29:46.656+0000] {subprocess.py:93} INFO - reponse_20221017.txt
[2022-11-17T17:29:46.656+0000] {subprocess.py:93} INFO - reponse_20221018.txt
[2022-11-17T17:29:46.657+0000] {subprocess.py:93} INFO - reponse_20221019.txt
[2022-11-17T17:29:46.658+0000] {subprocess.py:93} INFO - reponse_20221020.txt
[2022-11-17T17:29:46.658+0000] {subprocess.py:93} INFO - reponse_20221021.txt
[2022-11-17T17:29:46.659+0000] {subprocess.py:93} INFO - reponse_20221022.txt
[2022-11-17T17:29:46.659+0000] {subprocess.py:93} INFO - reponse_20221023.txt
[2022-11-17T17:29:46.660+0000] {subprocess.py:93} INFO - reponse_20221024.txt
[2022-11-17T17:29:46.660+0000] {subprocess.py:93} INFO - reponse_20221025.txt
[2022-11-17T17:29:46.661+0000] {subprocess.py:93} INFO - reponse_20221026.txt
[2022-11-17T17:29:46.662+0000] {subprocess.py:93} INFO - reponse_20221027.txt
[2022-11-17T17:29:46.662+0000] {subprocess.py:93} INFO - reponse_20221028.txt
[2022-11-17T17:29:46.663+0000] {subprocess.py:93} INFO - reponse_20221029.txt
[2022-11-17T17:29:46.663+0000] {subprocess.py:93} INFO - reponse_20221030.txt
[2022-11-17T17:29:46.664+0000] {subprocess.py:93} INFO - reponse_20221031.txt
[2022-11-17T17:29:46.664+0000] {subprocess.py:93} INFO - reponse_20221101.txt
[2022-11-17T17:29:46.664+0000] {subprocess.py:93} INFO - reponse_20221102.txt
[2022-11-17T17:29:46.665+0000] {subprocess.py:93} INFO - reponse_20221103.txt
[2022-11-17T17:29:46.665+0000] {subprocess.py:93} INFO - reponse_20221104.txt
[2022-11-17T17:29:46.665+0000] {subprocess.py:93} INFO - reponse_20221105.txt
[2022-11-17T17:29:46.666+0000] {subprocess.py:93} INFO - reponse_20221106.txt
[2022-11-17T17:29:46.666+0000] {subprocess.py:93} INFO - reponse_20221107.txt
[2022-11-17T17:29:46.666+0000] {subprocess.py:93} INFO - reponse_20221108.txt
[2022-11-17T17:29:46.667+0000] {subprocess.py:93} INFO - reponse_20221109.txt
[2022-11-17T17:29:46.667+0000] {subprocess.py:93} INFO - reponse_20221110.txt
[2022-11-17T17:29:46.667+0000] {subprocess.py:93} INFO - reponse_20221111.txt
[2022-11-17T17:29:46.667+0000] {subprocess.py:93} INFO - reponse_20221112.txt
[2022-11-17T17:29:46.668+0000] {subprocess.py:93} INFO - reponse_20221113.txt
[2022-11-17T17:29:46.668+0000] {subprocess.py:93} INFO - reponse_20221114.txt
[2022-11-17T17:29:46.668+0000] {subprocess.py:93} INFO - reponse_20221115.txt
[2022-11-17T17:29:46.669+0000] {subprocess.py:93} INFO - reponse_20221116.txt
[2022-11-17T17:29:46.669+0000] {subprocess.py:93} INFO - tmp061o5asr
[2022-11-17T17:29:46.669+0000] {subprocess.py:93} INFO - tmp1b_v374g
[2022-11-17T17:29:46.670+0000] {subprocess.py:93} INFO - tmp2n3y4qb3
[2022-11-17T17:29:46.670+0000] {subprocess.py:93} INFO - tmp2ztydtyd
[2022-11-17T17:29:46.670+0000] {subprocess.py:93} INFO - tmp546oqdk0
[2022-11-17T17:29:46.671+0000] {subprocess.py:93} INFO - tmp57roj99h
[2022-11-17T17:29:46.671+0000] {subprocess.py:93} INFO - tmp5lejojs5
[2022-11-17T17:29:46.671+0000] {subprocess.py:93} INFO - tmp5nj2onwa
[2022-11-17T17:29:46.672+0000] {subprocess.py:93} INFO - tmp64cxrvul
[2022-11-17T17:29:46.672+0000] {subprocess.py:93} INFO - tmp6g4l21c1
[2022-11-17T17:29:46.673+0000] {subprocess.py:93} INFO - tmp7c6bgots
[2022-11-17T17:29:46.673+0000] {subprocess.py:93} INFO - tmp7khebugo
[2022-11-17T17:29:46.674+0000] {subprocess.py:93} INFO - tmp7lvtz6wk
[2022-11-17T17:29:46.674+0000] {subprocess.py:93} INFO - tmp8_n1aj39
[2022-11-17T17:29:46.674+0000] {subprocess.py:93} INFO - tmp8c_dsk2e
[2022-11-17T17:29:46.675+0000] {subprocess.py:93} INFO - tmp928ntdt7
[2022-11-17T17:29:46.675+0000] {subprocess.py:93} INFO - tmp9503grtb
[2022-11-17T17:29:46.676+0000] {subprocess.py:93} INFO - tmp_afh1uos
[2022-11-17T17:29:46.676+0000] {subprocess.py:93} INFO - tmp_m6lsnw3
[2022-11-17T17:29:46.676+0000] {subprocess.py:93} INFO - tmp_vy6n6_q
[2022-11-17T17:29:46.677+0000] {subprocess.py:93} INFO - tmpcnj5oj8y
[2022-11-17T17:29:46.677+0000] {subprocess.py:93} INFO - tmpcu_pom_6
[2022-11-17T17:29:46.678+0000] {subprocess.py:93} INFO - tmpdmc2g1zb
[2022-11-17T17:29:46.678+0000] {subprocess.py:93} INFO - tmpe4k1ogev
[2022-11-17T17:29:46.679+0000] {subprocess.py:93} INFO - tmpg_n88zm7
[2022-11-17T17:29:46.679+0000] {subprocess.py:93} INFO - tmpgg8mkst1
[2022-11-17T17:29:46.680+0000] {subprocess.py:93} INFO - tmpgi8v82jx
[2022-11-17T17:29:46.680+0000] {subprocess.py:93} INFO - tmpiez6kail
[2022-11-17T17:29:46.681+0000] {subprocess.py:93} INFO - tmpj1n4wxza
[2022-11-17T17:29:46.681+0000] {subprocess.py:93} INFO - tmpjsznho2e
[2022-11-17T17:29:46.682+0000] {subprocess.py:93} INFO - tmpkrg9_cgk
[2022-11-17T17:29:46.682+0000] {subprocess.py:93} INFO - tmpl13ymsfs
[2022-11-17T17:29:46.683+0000] {subprocess.py:93} INFO - tmplrbhl64b
[2022-11-17T17:29:46.683+0000] {subprocess.py:93} INFO - tmpn38ozedg
[2022-11-17T17:29:46.683+0000] {subprocess.py:93} INFO - tmpn96u_4ih
[2022-11-17T17:29:46.684+0000] {subprocess.py:93} INFO - tmpo3nf6k5c
[2022-11-17T17:29:46.684+0000] {subprocess.py:93} INFO - tmpoy_ljy8t
[2022-11-17T17:29:46.685+0000] {subprocess.py:93} INFO - tmpp4w9yq6x
[2022-11-17T17:29:46.685+0000] {subprocess.py:93} INFO - tmppfidxzjr
[2022-11-17T17:29:46.686+0000] {subprocess.py:93} INFO - tmpr681bhfw
[2022-11-17T17:29:46.686+0000] {subprocess.py:93} INFO - tmpr9102hwf
[2022-11-17T17:29:46.687+0000] {subprocess.py:93} INFO - tmpt4qo16oq
[2022-11-17T17:29:46.687+0000] {subprocess.py:93} INFO - tmptn832g5z
[2022-11-17T17:29:46.688+0000] {subprocess.py:93} INFO - tmpu9qbl0wh
[2022-11-17T17:29:46.688+0000] {subprocess.py:93} INFO - tmpuq8ywung
[2022-11-17T17:29:46.688+0000] {subprocess.py:93} INFO - tmpv606o9_9
[2022-11-17T17:29:46.689+0000] {subprocess.py:93} INFO - tmpxf7g1lc4
[2022-11-17T17:29:46.689+0000] {subprocess.py:93} INFO - tmpxktobcjf
[2022-11-17T17:29:46.690+0000] {subprocess.py:93} INFO - tmpz91iizm7
[2022-11-17T17:29:46.690+0000] {subprocess.py:93} INFO - ,student,timestamp
[2022-11-17T17:29:46.690+0000] {subprocess.py:93} INFO - 0,Maria Cruz,2022-10-27 00:00:00+00:00
[2022-11-17T17:29:46.691+0000] {subprocess.py:93} INFO - 1,Daniel Crema,2022-10-27 00:00:00+00:00
[2022-11-17T17:29:46.691+0000] {subprocess.py:93} INFO - 2,Elon Musk,2022-10-27 00:00:00+00:00
[2022-11-17T17:29:46.691+0000] {subprocess.py:93} INFO - 3,Karol Castrejon,2022-10-27 00:00:00+00:00
[2022-11-17T17:29:46.692+0000] {subprocess.py:93} INFO - 4,Freddy Vega,2022-10-27 00:00:00+00:00
[2022-11-17T17:29:46.692+0000] {subprocess.py:93} INFO - 5,Freddy Montañez,2022-10-27 00:00:00+00:00
[2022-11-17T17:29:46.692+0000] {subprocess.py:97} INFO - Command exited with return code 0
[2022-11-17T17:29:46.722+0000] {taskinstance.py:1406} INFO - Marking task as SUCCESS. dag_id=MyPersonalAirflowProject, task_id=Print_Imported_data, execution_date=20221027T000000, start_date=20221117T172946, end_date=20221117T172946
[2022-11-17T17:29:46.757+0000] {local_task_job.py:164} INFO - Task exited with return code 0
[2022-11-17T17:29:46.785+0000] {local_task_job.py:273} INFO - 2 downstream tasks scheduled from follow-on schedule check
