[2022-11-16T22:31:07.404+0000] {taskinstance.py:1165} INFO - Dependencies all met for <TaskInstance: MyPersonalAirflowProject.Print_Imported_data scheduled__2022-11-03T00:00:00+00:00 [queued]>
[2022-11-16T22:31:07.420+0000] {taskinstance.py:1165} INFO - Dependencies all met for <TaskInstance: MyPersonalAirflowProject.Print_Imported_data scheduled__2022-11-03T00:00:00+00:00 [queued]>
[2022-11-16T22:31:07.421+0000] {taskinstance.py:1362} INFO - 
--------------------------------------------------------------------------------
[2022-11-16T22:31:07.423+0000] {taskinstance.py:1363} INFO - Starting attempt 1 of 1
[2022-11-16T22:31:07.423+0000] {taskinstance.py:1364} INFO - 
--------------------------------------------------------------------------------
[2022-11-16T22:31:07.445+0000] {taskinstance.py:1383} INFO - Executing <Task(BashOperator): Print_Imported_data> on 2022-11-03 00:00:00+00:00
[2022-11-16T22:31:07.452+0000] {standard_task_runner.py:55} INFO - Started process 6135 to run task
[2022-11-16T22:31:07.455+0000] {standard_task_runner.py:82} INFO - Running: ['***', 'tasks', 'run', 'MyPersonalAirflowProject', 'Print_Imported_data', 'scheduled__2022-11-03T00:00:00+00:00', '--job-id', '1643', '--raw', '--subdir', 'DAGS_FOLDER/FinalPersonalProject.py', '--cfg-path', '/tmp/tmpny6xdzdp']
[2022-11-16T22:31:07.456+0000] {standard_task_runner.py:83} INFO - Job 1643: Subtask Print_Imported_data
[2022-11-16T22:31:07.531+0000] {task_command.py:376} INFO - Running <TaskInstance: MyPersonalAirflowProject.Print_Imported_data scheduled__2022-11-03T00:00:00+00:00 [running]> on host 638485efabe7
[2022-11-16T22:31:07.623+0000] {taskinstance.py:1592} INFO - Exporting the following env vars:
AIRFLOW_CTX_DAG_OWNER=***
AIRFLOW_CTX_DAG_ID=MyPersonalAirflowProject
AIRFLOW_CTX_TASK_ID=Print_Imported_data
AIRFLOW_CTX_EXECUTION_DATE=2022-11-03T00:00:00+00:00
AIRFLOW_CTX_TRY_NUMBER=1
AIRFLOW_CTX_DAG_RUN_ID=scheduled__2022-11-03T00:00:00+00:00
[2022-11-16T22:31:07.625+0000] {subprocess.py:63} INFO - Tmp dir root location: 
 /tmp
[2022-11-16T22:31:07.626+0000] {subprocess.py:75} INFO - Running command: ['/bin/bash', '-c', 'ls /tmp/ && head /tmp/platzi_data.csv']
[2022-11-16T22:31:07.638+0000] {subprocess.py:86} INFO - Output:
[2022-11-16T22:31:07.643+0000] {subprocess.py:93} INFO - ***tmpjk5ss_pq
[2022-11-16T22:31:07.645+0000] {subprocess.py:93} INFO - ***tmpk5xxq3nx
[2022-11-16T22:31:07.646+0000] {subprocess.py:93} INFO - ***tmplkvca7ip
[2022-11-16T22:31:07.647+0000] {subprocess.py:93} INFO - ***tmpodkacs8z
[2022-11-16T22:31:07.648+0000] {subprocess.py:93} INFO - file.txt
[2022-11-16T22:31:07.648+0000] {subprocess.py:93} INFO - history.json
[2022-11-16T22:31:07.649+0000] {subprocess.py:93} INFO - platzi_data_20221001.csv
[2022-11-16T22:31:07.649+0000] {subprocess.py:93} INFO - platzi_data_20221002.csv
[2022-11-16T22:31:07.650+0000] {subprocess.py:93} INFO - platzi_data_20221003.csv
[2022-11-16T22:31:07.651+0000] {subprocess.py:93} INFO - platzi_data_20221004.csv
[2022-11-16T22:31:07.652+0000] {subprocess.py:93} INFO - platzi_data_20221005.csv
[2022-11-16T22:31:07.653+0000] {subprocess.py:93} INFO - platzi_data_20221006.csv
[2022-11-16T22:31:07.653+0000] {subprocess.py:93} INFO - platzi_data_20221007.csv
[2022-11-16T22:31:07.654+0000] {subprocess.py:93} INFO - platzi_data_20221008.csv
[2022-11-16T22:31:07.655+0000] {subprocess.py:93} INFO - platzi_data_20221009.csv
[2022-11-16T22:31:07.655+0000] {subprocess.py:93} INFO - platzi_data_20221010.csv
[2022-11-16T22:31:07.656+0000] {subprocess.py:93} INFO - platzi_data_20221011.csv
[2022-11-16T22:31:07.657+0000] {subprocess.py:93} INFO - platzi_data_20221012.csv
[2022-11-16T22:31:07.657+0000] {subprocess.py:93} INFO - platzi_data_20221013.csv
[2022-11-16T22:31:07.658+0000] {subprocess.py:93} INFO - platzi_data_20221014.csv
[2022-11-16T22:31:07.659+0000] {subprocess.py:93} INFO - platzi_data_20221015.csv
[2022-11-16T22:31:07.659+0000] {subprocess.py:93} INFO - platzi_data_20221016.csv
[2022-11-16T22:31:07.660+0000] {subprocess.py:93} INFO - platzi_data_20221017.csv
[2022-11-16T22:31:07.661+0000] {subprocess.py:93} INFO - platzi_data_20221018.csv
[2022-11-16T22:31:07.661+0000] {subprocess.py:93} INFO - platzi_data_20221019.csv
[2022-11-16T22:31:07.662+0000] {subprocess.py:93} INFO - platzi_data_20221020.csv
[2022-11-16T22:31:07.662+0000] {subprocess.py:93} INFO - platzi_data_20221021.csv
[2022-11-16T22:31:07.663+0000] {subprocess.py:93} INFO - platzi_data_20221022.csv
[2022-11-16T22:31:07.663+0000] {subprocess.py:93} INFO - platzi_data_20221023.csv
[2022-11-16T22:31:07.664+0000] {subprocess.py:93} INFO - platzi_data_20221024.csv
[2022-11-16T22:31:07.665+0000] {subprocess.py:93} INFO - platzi_data_20221025.csv
[2022-11-16T22:31:07.665+0000] {subprocess.py:93} INFO - platzi_data_20221026.csv
[2022-11-16T22:31:07.666+0000] {subprocess.py:93} INFO - platzi_data_20221027.csv
[2022-11-16T22:31:07.666+0000] {subprocess.py:93} INFO - platzi_data_20221028.csv
[2022-11-16T22:31:07.667+0000] {subprocess.py:93} INFO - platzi_data_20221029.csv
[2022-11-16T22:31:07.667+0000] {subprocess.py:93} INFO - platzi_data_20221030.csv
[2022-11-16T22:31:07.668+0000] {subprocess.py:93} INFO - platzi_data_20221031.csv
[2022-11-16T22:31:07.668+0000] {subprocess.py:93} INFO - platzi_data_20221101.csv
[2022-11-16T22:31:07.669+0000] {subprocess.py:93} INFO - platzi_data_20221102.csv
[2022-11-16T22:31:07.669+0000] {subprocess.py:93} INFO - platzi_data_20221103.csv
[2022-11-16T22:31:07.669+0000] {subprocess.py:93} INFO - pymp-8yik9lbi
[2022-11-16T22:31:07.670+0000] {subprocess.py:93} INFO - pymp-y00k7agg
[2022-11-16T22:31:07.670+0000] {subprocess.py:93} INFO - reponse_20221001.txt
[2022-11-16T22:31:07.671+0000] {subprocess.py:93} INFO - reponse_20221002.txt
[2022-11-16T22:31:07.671+0000] {subprocess.py:93} INFO - reponse_20221003.txt
[2022-11-16T22:31:07.672+0000] {subprocess.py:93} INFO - reponse_20221004.txt
[2022-11-16T22:31:07.672+0000] {subprocess.py:93} INFO - reponse_20221005.txt
[2022-11-16T22:31:07.672+0000] {subprocess.py:93} INFO - reponse_20221006.txt
[2022-11-16T22:31:07.673+0000] {subprocess.py:93} INFO - reponse_20221007.txt
[2022-11-16T22:31:07.673+0000] {subprocess.py:93} INFO - reponse_20221008.txt
[2022-11-16T22:31:07.673+0000] {subprocess.py:93} INFO - reponse_20221009.txt
[2022-11-16T22:31:07.674+0000] {subprocess.py:93} INFO - reponse_20221010.txt
[2022-11-16T22:31:07.674+0000] {subprocess.py:93} INFO - reponse_20221011.txt
[2022-11-16T22:31:07.674+0000] {subprocess.py:93} INFO - reponse_20221012.txt
[2022-11-16T22:31:07.675+0000] {subprocess.py:93} INFO - reponse_20221013.txt
[2022-11-16T22:31:07.676+0000] {subprocess.py:93} INFO - reponse_20221014.txt
[2022-11-16T22:31:07.676+0000] {subprocess.py:93} INFO - reponse_20221015.txt
[2022-11-16T22:31:07.677+0000] {subprocess.py:93} INFO - reponse_20221016.txt
[2022-11-16T22:31:07.678+0000] {subprocess.py:93} INFO - reponse_20221017.txt
[2022-11-16T22:31:07.678+0000] {subprocess.py:93} INFO - reponse_20221018.txt
[2022-11-16T22:31:07.679+0000] {subprocess.py:93} INFO - reponse_20221019.txt
[2022-11-16T22:31:07.679+0000] {subprocess.py:93} INFO - reponse_20221020.txt
[2022-11-16T22:31:07.680+0000] {subprocess.py:93} INFO - reponse_20221021.txt
[2022-11-16T22:31:07.681+0000] {subprocess.py:93} INFO - reponse_20221022.txt
[2022-11-16T22:31:07.681+0000] {subprocess.py:93} INFO - reponse_20221023.txt
[2022-11-16T22:31:07.682+0000] {subprocess.py:93} INFO - reponse_20221024.txt
[2022-11-16T22:31:07.683+0000] {subprocess.py:93} INFO - reponse_20221025.txt
[2022-11-16T22:31:07.684+0000] {subprocess.py:93} INFO - reponse_20221026.txt
[2022-11-16T22:31:07.684+0000] {subprocess.py:93} INFO - reponse_20221027.txt
[2022-11-16T22:31:07.685+0000] {subprocess.py:93} INFO - reponse_20221028.txt
[2022-11-16T22:31:07.685+0000] {subprocess.py:93} INFO - reponse_20221029.txt
[2022-11-16T22:31:07.686+0000] {subprocess.py:93} INFO - reponse_20221030.txt
[2022-11-16T22:31:07.687+0000] {subprocess.py:93} INFO - reponse_20221031.txt
[2022-11-16T22:31:07.687+0000] {subprocess.py:93} INFO - reponse_20221101.txt
[2022-11-16T22:31:07.688+0000] {subprocess.py:93} INFO - reponse_20221102.txt
[2022-11-16T22:31:07.689+0000] {subprocess.py:93} INFO - reponse_20221103.txt
[2022-11-16T22:31:07.690+0000] {subprocess.py:93} INFO - reponse_20221104.txt
[2022-11-16T22:31:07.690+0000] {subprocess.py:93} INFO - reponse_20221105.txt
[2022-11-16T22:31:07.691+0000] {subprocess.py:93} INFO - reponse_20221106.txt
[2022-11-16T22:31:07.691+0000] {subprocess.py:93} INFO - reponse_20221107.txt
[2022-11-16T22:31:07.692+0000] {subprocess.py:93} INFO - reponse_20221108.txt
[2022-11-16T22:31:07.693+0000] {subprocess.py:93} INFO - reponse_20221109.txt
[2022-11-16T22:31:07.693+0000] {subprocess.py:93} INFO - reponse_20221110.txt
[2022-11-16T22:31:07.693+0000] {subprocess.py:93} INFO - reponse_20221111.txt
[2022-11-16T22:31:07.694+0000] {subprocess.py:93} INFO - reponse_20221112.txt
[2022-11-16T22:31:07.694+0000] {subprocess.py:93} INFO - reponse_20221113.txt
[2022-11-16T22:31:07.694+0000] {subprocess.py:93} INFO - reponse_20221114.txt
[2022-11-16T22:31:07.695+0000] {subprocess.py:93} INFO - reponse_20221115.txt
[2022-11-16T22:31:07.695+0000] {subprocess.py:93} INFO - tmp061o5asr
[2022-11-16T22:31:07.695+0000] {subprocess.py:93} INFO - tmp1b_v374g
[2022-11-16T22:31:07.696+0000] {subprocess.py:93} INFO - tmp2n3y4qb3
[2022-11-16T22:31:07.696+0000] {subprocess.py:93} INFO - tmp2ztydtyd
[2022-11-16T22:31:07.697+0000] {subprocess.py:93} INFO - tmp546oqdk0
[2022-11-16T22:31:07.697+0000] {subprocess.py:93} INFO - tmp57roj99h
[2022-11-16T22:31:07.697+0000] {subprocess.py:93} INFO - tmp5lejojs5
[2022-11-16T22:31:07.698+0000] {subprocess.py:93} INFO - tmp5nj2onwa
[2022-11-16T22:31:07.698+0000] {subprocess.py:93} INFO - tmp64cxrvul
[2022-11-16T22:31:07.699+0000] {subprocess.py:93} INFO - tmp6g4l21c1
[2022-11-16T22:31:07.699+0000] {subprocess.py:93} INFO - tmp7c6bgots
[2022-11-16T22:31:07.699+0000] {subprocess.py:93} INFO - tmp7khebugo
[2022-11-16T22:31:07.700+0000] {subprocess.py:93} INFO - tmp7lvtz6wk
[2022-11-16T22:31:07.700+0000] {subprocess.py:93} INFO - tmp8_n1aj39
[2022-11-16T22:31:07.701+0000] {subprocess.py:93} INFO - tmp8c_dsk2e
[2022-11-16T22:31:07.701+0000] {subprocess.py:93} INFO - tmp928ntdt7
[2022-11-16T22:31:07.701+0000] {subprocess.py:93} INFO - tmp9503grtb
[2022-11-16T22:31:07.702+0000] {subprocess.py:93} INFO - tmp_afh1uos
[2022-11-16T22:31:07.702+0000] {subprocess.py:93} INFO - tmp_m6lsnw3
[2022-11-16T22:31:07.703+0000] {subprocess.py:93} INFO - tmp_vy6n6_q
[2022-11-16T22:31:07.703+0000] {subprocess.py:93} INFO - tmpcnj5oj8y
[2022-11-16T22:31:07.704+0000] {subprocess.py:93} INFO - tmpcu_pom_6
[2022-11-16T22:31:07.704+0000] {subprocess.py:93} INFO - tmpdmc2g1zb
[2022-11-16T22:31:07.704+0000] {subprocess.py:93} INFO - tmpe4k1ogev
[2022-11-16T22:31:07.705+0000] {subprocess.py:93} INFO - tmpg_n88zm7
[2022-11-16T22:31:07.705+0000] {subprocess.py:93} INFO - tmpgg8mkst1
[2022-11-16T22:31:07.705+0000] {subprocess.py:93} INFO - tmpgi8v82jx
[2022-11-16T22:31:07.706+0000] {subprocess.py:93} INFO - tmpiez6kail
[2022-11-16T22:31:07.706+0000] {subprocess.py:93} INFO - tmpj1n4wxza
[2022-11-16T22:31:07.706+0000] {subprocess.py:93} INFO - tmpjsznho2e
[2022-11-16T22:31:07.707+0000] {subprocess.py:93} INFO - tmpkrg9_cgk
[2022-11-16T22:31:07.707+0000] {subprocess.py:93} INFO - tmpl13ymsfs
[2022-11-16T22:31:07.707+0000] {subprocess.py:93} INFO - tmplrbhl64b
[2022-11-16T22:31:07.708+0000] {subprocess.py:93} INFO - tmpn38ozedg
[2022-11-16T22:31:07.709+0000] {subprocess.py:93} INFO - tmpn96u_4ih
[2022-11-16T22:31:07.709+0000] {subprocess.py:93} INFO - tmpo3nf6k5c
[2022-11-16T22:31:07.710+0000] {subprocess.py:93} INFO - tmpoy_ljy8t
[2022-11-16T22:31:07.711+0000] {subprocess.py:93} INFO - tmpp4w9yq6x
[2022-11-16T22:31:07.711+0000] {subprocess.py:93} INFO - tmppfidxzjr
[2022-11-16T22:31:07.712+0000] {subprocess.py:93} INFO - tmpr681bhfw
[2022-11-16T22:31:07.712+0000] {subprocess.py:93} INFO - tmpr9102hwf
[2022-11-16T22:31:07.712+0000] {subprocess.py:93} INFO - tmpt4qo16oq
[2022-11-16T22:31:07.713+0000] {subprocess.py:93} INFO - tmptn832g5z
[2022-11-16T22:31:07.713+0000] {subprocess.py:93} INFO - tmpu9qbl0wh
[2022-11-16T22:31:07.714+0000] {subprocess.py:93} INFO - tmpuq8ywung
[2022-11-16T22:31:07.714+0000] {subprocess.py:93} INFO - tmpv606o9_9
[2022-11-16T22:31:07.714+0000] {subprocess.py:93} INFO - tmpxf7g1lc4
[2022-11-16T22:31:07.714+0000] {subprocess.py:93} INFO - tmpxktobcjf
[2022-11-16T22:31:07.715+0000] {subprocess.py:93} INFO - tmpz91iizm7
[2022-11-16T22:31:07.715+0000] {subprocess.py:93} INFO - head: cannot open '/tmp/platzi_data.csv' for reading: No such file or directory
[2022-11-16T22:31:07.716+0000] {subprocess.py:97} INFO - Command exited with return code 1
[2022-11-16T22:31:07.732+0000] {taskinstance.py:1851} ERROR - Task failed with exception
Traceback (most recent call last):
  File "/home/airflow/.local/lib/python3.7/site-packages/airflow/operators/bash.py", line 197, in execute
    f'Bash command failed. The command returned a non-zero exit code {result.exit_code}.'
airflow.exceptions.AirflowException: Bash command failed. The command returned a non-zero exit code 1.
[2022-11-16T22:31:07.737+0000] {taskinstance.py:1406} INFO - Marking task as FAILED. dag_id=MyPersonalAirflowProject, task_id=Print_Imported_data, execution_date=20221103T000000, start_date=20221116T223107, end_date=20221116T223107
[2022-11-16T22:31:07.757+0000] {standard_task_runner.py:105} ERROR - Failed to execute job 1643 for task Print_Imported_data (Bash command failed. The command returned a non-zero exit code 1.; 6135)
[2022-11-16T22:31:07.779+0000] {local_task_job.py:164} INFO - Task exited with return code 1
[2022-11-16T22:31:07.805+0000] {local_task_job.py:273} INFO - 0 downstream tasks scheduled from follow-on schedule check
[2022-11-17T16:42:13.385+0000] {taskinstance.py:1165} INFO - Dependencies all met for <TaskInstance: MyPersonalAirflowProject.Print_Imported_data scheduled__2022-11-03T00:00:00+00:00 [queued]>
[2022-11-17T16:42:13.401+0000] {taskinstance.py:1165} INFO - Dependencies all met for <TaskInstance: MyPersonalAirflowProject.Print_Imported_data scheduled__2022-11-03T00:00:00+00:00 [queued]>
[2022-11-17T16:42:13.402+0000] {taskinstance.py:1362} INFO - 
--------------------------------------------------------------------------------
[2022-11-17T16:42:13.403+0000] {taskinstance.py:1363} INFO - Starting attempt 1 of 1
[2022-11-17T16:42:13.403+0000] {taskinstance.py:1364} INFO - 
--------------------------------------------------------------------------------
[2022-11-17T16:42:13.422+0000] {taskinstance.py:1383} INFO - Executing <Task(BashOperator): Print_Imported_data> on 2022-11-03 00:00:00+00:00
[2022-11-17T16:42:13.429+0000] {standard_task_runner.py:55} INFO - Started process 4547 to run task
[2022-11-17T16:42:13.431+0000] {standard_task_runner.py:82} INFO - Running: ['***', 'tasks', 'run', 'MyPersonalAirflowProject', 'Print_Imported_data', 'scheduled__2022-11-03T00:00:00+00:00', '--job-id', '2293', '--raw', '--subdir', 'DAGS_FOLDER/FinalPersonalProject.py', '--cfg-path', '/tmp/tmpnxdgiye6']
[2022-11-17T16:42:13.432+0000] {standard_task_runner.py:83} INFO - Job 2293: Subtask Print_Imported_data
[2022-11-17T16:42:13.581+0000] {task_command.py:376} INFO - Running <TaskInstance: MyPersonalAirflowProject.Print_Imported_data scheduled__2022-11-03T00:00:00+00:00 [running]> on host 638485efabe7
[2022-11-17T16:42:13.699+0000] {taskinstance.py:1592} INFO - Exporting the following env vars:
AIRFLOW_CTX_DAG_OWNER=***
AIRFLOW_CTX_DAG_ID=MyPersonalAirflowProject
AIRFLOW_CTX_TASK_ID=Print_Imported_data
AIRFLOW_CTX_EXECUTION_DATE=2022-11-03T00:00:00+00:00
AIRFLOW_CTX_TRY_NUMBER=1
AIRFLOW_CTX_DAG_RUN_ID=scheduled__2022-11-03T00:00:00+00:00
[2022-11-17T16:42:13.700+0000] {subprocess.py:63} INFO - Tmp dir root location: 
 /tmp
[2022-11-17T16:42:13.701+0000] {subprocess.py:75} INFO - Running command: ['/bin/bash', '-c', 'ls /tmp/ && head /tmp/platzi_data_20221103.csv']
[2022-11-17T16:42:13.717+0000] {subprocess.py:86} INFO - Output:
[2022-11-17T16:42:13.720+0000] {subprocess.py:93} INFO - ***tmpk5xxq3nx
[2022-11-17T16:42:13.721+0000] {subprocess.py:93} INFO - ***tmplkvca7ip
[2022-11-17T16:42:13.722+0000] {subprocess.py:93} INFO - ***tmpodkacs8z
[2022-11-17T16:42:13.722+0000] {subprocess.py:93} INFO - ***tmpyw6s8v31
[2022-11-17T16:42:13.723+0000] {subprocess.py:93} INFO - file.txt
[2022-11-17T16:42:13.724+0000] {subprocess.py:93} INFO - history.json
[2022-11-17T16:42:13.724+0000] {subprocess.py:93} INFO - platzi_data_20221001.csv
[2022-11-17T16:42:13.725+0000] {subprocess.py:93} INFO - platzi_data_20221002.csv
[2022-11-17T16:42:13.725+0000] {subprocess.py:93} INFO - platzi_data_20221003.csv
[2022-11-17T16:42:13.726+0000] {subprocess.py:93} INFO - platzi_data_20221004.csv
[2022-11-17T16:42:13.726+0000] {subprocess.py:93} INFO - platzi_data_20221005.csv
[2022-11-17T16:42:13.727+0000] {subprocess.py:93} INFO - platzi_data_20221006.csv
[2022-11-17T16:42:13.728+0000] {subprocess.py:93} INFO - platzi_data_20221007.csv
[2022-11-17T16:42:13.728+0000] {subprocess.py:93} INFO - platzi_data_20221008.csv
[2022-11-17T16:42:13.729+0000] {subprocess.py:93} INFO - platzi_data_20221009.csv
[2022-11-17T16:42:13.729+0000] {subprocess.py:93} INFO - platzi_data_20221010.csv
[2022-11-17T16:42:13.730+0000] {subprocess.py:93} INFO - platzi_data_20221011.csv
[2022-11-17T16:42:13.730+0000] {subprocess.py:93} INFO - platzi_data_20221012.csv
[2022-11-17T16:42:13.731+0000] {subprocess.py:93} INFO - platzi_data_20221013.csv
[2022-11-17T16:42:13.731+0000] {subprocess.py:93} INFO - platzi_data_20221014.csv
[2022-11-17T16:42:13.732+0000] {subprocess.py:93} INFO - platzi_data_20221015.csv
[2022-11-17T16:42:13.733+0000] {subprocess.py:93} INFO - platzi_data_20221016.csv
[2022-11-17T16:42:13.734+0000] {subprocess.py:93} INFO - platzi_data_20221017.csv
[2022-11-17T16:42:13.735+0000] {subprocess.py:93} INFO - platzi_data_20221018.csv
[2022-11-17T16:42:13.735+0000] {subprocess.py:93} INFO - platzi_data_20221019.csv
[2022-11-17T16:42:13.736+0000] {subprocess.py:93} INFO - platzi_data_20221020.csv
[2022-11-17T16:42:13.737+0000] {subprocess.py:93} INFO - platzi_data_20221021.csv
[2022-11-17T16:42:13.737+0000] {subprocess.py:93} INFO - platzi_data_20221022.csv
[2022-11-17T16:42:13.738+0000] {subprocess.py:93} INFO - platzi_data_20221023.csv
[2022-11-17T16:42:13.738+0000] {subprocess.py:93} INFO - platzi_data_20221024.csv
[2022-11-17T16:42:13.739+0000] {subprocess.py:93} INFO - platzi_data_20221025.csv
[2022-11-17T16:42:13.740+0000] {subprocess.py:93} INFO - platzi_data_20221026.csv
[2022-11-17T16:42:13.740+0000] {subprocess.py:93} INFO - platzi_data_20221027.csv
[2022-11-17T16:42:13.741+0000] {subprocess.py:93} INFO - platzi_data_20221028.csv
[2022-11-17T16:42:13.742+0000] {subprocess.py:93} INFO - platzi_data_20221029.csv
[2022-11-17T16:42:13.742+0000] {subprocess.py:93} INFO - platzi_data_20221030.csv
[2022-11-17T16:42:13.743+0000] {subprocess.py:93} INFO - platzi_data_20221031.csv
[2022-11-17T16:42:13.744+0000] {subprocess.py:93} INFO - platzi_data_20221101.csv
[2022-11-17T16:42:13.745+0000] {subprocess.py:93} INFO - platzi_data_20221102.csv
[2022-11-17T16:42:13.746+0000] {subprocess.py:93} INFO - platzi_data_20221103.csv
[2022-11-17T16:42:13.746+0000] {subprocess.py:93} INFO - platzi_data_20221104.csv
[2022-11-17T16:42:13.747+0000] {subprocess.py:93} INFO - platzi_data_20221105.csv
[2022-11-17T16:42:13.748+0000] {subprocess.py:93} INFO - platzi_data_20221106.csv
[2022-11-17T16:42:13.749+0000] {subprocess.py:93} INFO - platzi_data_20221107.csv
[2022-11-17T16:42:13.749+0000] {subprocess.py:93} INFO - platzi_data_20221108.csv
[2022-11-17T16:42:13.750+0000] {subprocess.py:93} INFO - platzi_data_20221109.csv
[2022-11-17T16:42:13.751+0000] {subprocess.py:93} INFO - platzi_data_20221110.csv
[2022-11-17T16:42:13.751+0000] {subprocess.py:93} INFO - platzi_data_20221111.csv
[2022-11-17T16:42:13.752+0000] {subprocess.py:93} INFO - platzi_data_20221112.csv
[2022-11-17T16:42:13.752+0000] {subprocess.py:93} INFO - platzi_data_20221113.csv
[2022-11-17T16:42:13.753+0000] {subprocess.py:93} INFO - platzi_data_20221114.csv
[2022-11-17T16:42:13.753+0000] {subprocess.py:93} INFO - platzi_data_20221115.csv
[2022-11-17T16:42:13.753+0000] {subprocess.py:93} INFO - platzi_data_20221116.csv
[2022-11-17T16:42:13.754+0000] {subprocess.py:93} INFO - pymp-8yik9lbi
[2022-11-17T16:42:13.754+0000] {subprocess.py:93} INFO - pymp-sbqt6pho
[2022-11-17T16:42:13.767+0000] {subprocess.py:93} INFO - reponse_20221001.txt
[2022-11-17T16:42:13.767+0000] {subprocess.py:93} INFO - reponse_20221002.txt
[2022-11-17T16:42:13.768+0000] {subprocess.py:93} INFO - reponse_20221003.txt
[2022-11-17T16:42:13.769+0000] {subprocess.py:93} INFO - reponse_20221004.txt
[2022-11-17T16:42:13.769+0000] {subprocess.py:93} INFO - reponse_20221005.txt
[2022-11-17T16:42:13.770+0000] {subprocess.py:93} INFO - reponse_20221006.txt
[2022-11-17T16:42:13.770+0000] {subprocess.py:93} INFO - reponse_20221007.txt
[2022-11-17T16:42:13.771+0000] {subprocess.py:93} INFO - reponse_20221008.txt
[2022-11-17T16:42:13.771+0000] {subprocess.py:93} INFO - reponse_20221009.txt
[2022-11-17T16:42:13.772+0000] {subprocess.py:93} INFO - reponse_20221010.txt
[2022-11-17T16:42:13.772+0000] {subprocess.py:93} INFO - reponse_20221011.txt
[2022-11-17T16:42:13.772+0000] {subprocess.py:93} INFO - reponse_20221012.txt
[2022-11-17T16:42:13.773+0000] {subprocess.py:93} INFO - reponse_20221013.txt
[2022-11-17T16:42:13.773+0000] {subprocess.py:93} INFO - reponse_20221014.txt
[2022-11-17T16:42:13.773+0000] {subprocess.py:93} INFO - reponse_20221015.txt
[2022-11-17T16:42:13.774+0000] {subprocess.py:93} INFO - reponse_20221016.txt
[2022-11-17T16:42:13.774+0000] {subprocess.py:93} INFO - reponse_20221017.txt
[2022-11-17T16:42:13.775+0000] {subprocess.py:93} INFO - reponse_20221018.txt
[2022-11-17T16:42:13.775+0000] {subprocess.py:93} INFO - reponse_20221019.txt
[2022-11-17T16:42:13.775+0000] {subprocess.py:93} INFO - reponse_20221020.txt
[2022-11-17T16:42:13.776+0000] {subprocess.py:93} INFO - reponse_20221021.txt
[2022-11-17T16:42:13.776+0000] {subprocess.py:93} INFO - reponse_20221022.txt
[2022-11-17T16:42:13.776+0000] {subprocess.py:93} INFO - reponse_20221023.txt
[2022-11-17T16:42:13.777+0000] {subprocess.py:93} INFO - reponse_20221024.txt
[2022-11-17T16:42:13.777+0000] {subprocess.py:93} INFO - reponse_20221025.txt
[2022-11-17T16:42:13.778+0000] {subprocess.py:93} INFO - reponse_20221026.txt
[2022-11-17T16:42:13.778+0000] {subprocess.py:93} INFO - reponse_20221027.txt
[2022-11-17T16:42:13.779+0000] {subprocess.py:93} INFO - reponse_20221028.txt
[2022-11-17T16:42:13.779+0000] {subprocess.py:93} INFO - reponse_20221029.txt
[2022-11-17T16:42:13.780+0000] {subprocess.py:93} INFO - reponse_20221030.txt
[2022-11-17T16:42:13.780+0000] {subprocess.py:93} INFO - reponse_20221031.txt
[2022-11-17T16:42:13.781+0000] {subprocess.py:93} INFO - reponse_20221101.txt
[2022-11-17T16:42:13.781+0000] {subprocess.py:93} INFO - reponse_20221102.txt
[2022-11-17T16:42:13.781+0000] {subprocess.py:93} INFO - reponse_20221103.txt
[2022-11-17T16:42:13.782+0000] {subprocess.py:93} INFO - reponse_20221104.txt
[2022-11-17T16:42:13.782+0000] {subprocess.py:93} INFO - reponse_20221105.txt
[2022-11-17T16:42:13.783+0000] {subprocess.py:93} INFO - reponse_20221106.txt
[2022-11-17T16:42:13.783+0000] {subprocess.py:93} INFO - reponse_20221107.txt
[2022-11-17T16:42:13.784+0000] {subprocess.py:93} INFO - reponse_20221108.txt
[2022-11-17T16:42:13.784+0000] {subprocess.py:93} INFO - reponse_20221109.txt
[2022-11-17T16:42:13.785+0000] {subprocess.py:93} INFO - reponse_20221110.txt
[2022-11-17T16:42:13.785+0000] {subprocess.py:93} INFO - reponse_20221111.txt
[2022-11-17T16:42:13.785+0000] {subprocess.py:93} INFO - reponse_20221112.txt
[2022-11-17T16:42:13.786+0000] {subprocess.py:93} INFO - reponse_20221113.txt
[2022-11-17T16:42:13.787+0000] {subprocess.py:93} INFO - reponse_20221114.txt
[2022-11-17T16:42:13.787+0000] {subprocess.py:93} INFO - reponse_20221115.txt
[2022-11-17T16:42:13.788+0000] {subprocess.py:93} INFO - reponse_20221116.txt
[2022-11-17T16:42:13.788+0000] {subprocess.py:93} INFO - tmp061o5asr
[2022-11-17T16:42:13.788+0000] {subprocess.py:93} INFO - tmp1b_v374g
[2022-11-17T16:42:13.789+0000] {subprocess.py:93} INFO - tmp2n3y4qb3
[2022-11-17T16:42:13.789+0000] {subprocess.py:93} INFO - tmp2ztydtyd
[2022-11-17T16:42:13.790+0000] {subprocess.py:93} INFO - tmp546oqdk0
[2022-11-17T16:42:13.790+0000] {subprocess.py:93} INFO - tmp57roj99h
[2022-11-17T16:42:13.791+0000] {subprocess.py:93} INFO - tmp5lejojs5
[2022-11-17T16:42:13.791+0000] {subprocess.py:93} INFO - tmp5nj2onwa
[2022-11-17T16:42:13.792+0000] {subprocess.py:93} INFO - tmp64cxrvul
[2022-11-17T16:42:13.792+0000] {subprocess.py:93} INFO - tmp6g4l21c1
[2022-11-17T16:42:13.792+0000] {subprocess.py:93} INFO - tmp7c6bgots
[2022-11-17T16:42:13.793+0000] {subprocess.py:93} INFO - tmp7khebugo
[2022-11-17T16:42:13.794+0000] {subprocess.py:93} INFO - tmp7lvtz6wk
[2022-11-17T16:42:13.794+0000] {subprocess.py:93} INFO - tmp8_n1aj39
[2022-11-17T16:42:13.795+0000] {subprocess.py:93} INFO - tmp8c_dsk2e
[2022-11-17T16:42:13.795+0000] {subprocess.py:93} INFO - tmp928ntdt7
[2022-11-17T16:42:13.796+0000] {subprocess.py:93} INFO - tmp9503grtb
[2022-11-17T16:42:13.796+0000] {subprocess.py:93} INFO - tmp_afh1uos
[2022-11-17T16:42:13.797+0000] {subprocess.py:93} INFO - tmp_m6lsnw3
[2022-11-17T16:42:13.797+0000] {subprocess.py:93} INFO - tmp_vy6n6_q
[2022-11-17T16:42:13.798+0000] {subprocess.py:93} INFO - tmpcnj5oj8y
[2022-11-17T16:42:13.798+0000] {subprocess.py:93} INFO - tmpcu_pom_6
[2022-11-17T16:42:13.798+0000] {subprocess.py:93} INFO - tmpdmc2g1zb
[2022-11-17T16:42:13.799+0000] {subprocess.py:93} INFO - tmpe4k1ogev
[2022-11-17T16:42:13.799+0000] {subprocess.py:93} INFO - tmpg_n88zm7
[2022-11-17T16:42:13.799+0000] {subprocess.py:93} INFO - tmpgg8mkst1
[2022-11-17T16:42:13.800+0000] {subprocess.py:93} INFO - tmpgi8v82jx
[2022-11-17T16:42:13.800+0000] {subprocess.py:93} INFO - tmpiez6kail
[2022-11-17T16:42:13.800+0000] {subprocess.py:93} INFO - tmpj1n4wxza
[2022-11-17T16:42:13.801+0000] {subprocess.py:93} INFO - tmpjsznho2e
[2022-11-17T16:42:13.801+0000] {subprocess.py:93} INFO - tmpkrg9_cgk
[2022-11-17T16:42:13.801+0000] {subprocess.py:93} INFO - tmpl13ymsfs
[2022-11-17T16:42:13.802+0000] {subprocess.py:93} INFO - tmplrbhl64b
[2022-11-17T16:42:13.802+0000] {subprocess.py:93} INFO - tmpn38ozedg
[2022-11-17T16:42:13.803+0000] {subprocess.py:93} INFO - tmpn96u_4ih
[2022-11-17T16:42:13.803+0000] {subprocess.py:93} INFO - tmpo3nf6k5c
[2022-11-17T16:42:13.803+0000] {subprocess.py:93} INFO - tmpoy_ljy8t
[2022-11-17T16:42:13.804+0000] {subprocess.py:93} INFO - tmpp4w9yq6x
[2022-11-17T16:42:13.804+0000] {subprocess.py:93} INFO - tmppfidxzjr
[2022-11-17T16:42:13.805+0000] {subprocess.py:93} INFO - tmpr681bhfw
[2022-11-17T16:42:13.805+0000] {subprocess.py:93} INFO - tmpr9102hwf
[2022-11-17T16:42:13.805+0000] {subprocess.py:93} INFO - tmpt4qo16oq
[2022-11-17T16:42:13.806+0000] {subprocess.py:93} INFO - tmptn832g5z
[2022-11-17T16:42:13.806+0000] {subprocess.py:93} INFO - tmpu9qbl0wh
[2022-11-17T16:42:13.806+0000] {subprocess.py:93} INFO - tmpuq8ywung
[2022-11-17T16:42:13.807+0000] {subprocess.py:93} INFO - tmpv606o9_9
[2022-11-17T16:42:13.807+0000] {subprocess.py:93} INFO - tmpxf7g1lc4
[2022-11-17T16:42:13.808+0000] {subprocess.py:93} INFO - tmpxktobcjf
[2022-11-17T16:42:13.808+0000] {subprocess.py:93} INFO - tmpz91iizm7
[2022-11-17T16:42:13.808+0000] {subprocess.py:93} INFO - ,student,timestamp
[2022-11-17T16:42:13.809+0000] {subprocess.py:93} INFO - 0,Maria Cruz,2022-11-03 00:00:00+00:00
[2022-11-17T16:42:13.809+0000] {subprocess.py:93} INFO - 1,Daniel Crema,2022-11-03 00:00:00+00:00
[2022-11-17T16:42:13.810+0000] {subprocess.py:93} INFO - 2,Elon Musk,2022-11-03 00:00:00+00:00
[2022-11-17T16:42:13.810+0000] {subprocess.py:93} INFO - 3,Karol Castrejon,2022-11-03 00:00:00+00:00
[2022-11-17T16:42:13.811+0000] {subprocess.py:93} INFO - 4,Freddy Vega,2022-11-03 00:00:00+00:00
[2022-11-17T16:42:13.811+0000] {subprocess.py:93} INFO - 5,Freddy Montañez,2022-11-03 00:00:00+00:00
[2022-11-17T16:42:13.812+0000] {subprocess.py:97} INFO - Command exited with return code 0
[2022-11-17T16:42:13.846+0000] {taskinstance.py:1406} INFO - Marking task as SUCCESS. dag_id=MyPersonalAirflowProject, task_id=Print_Imported_data, execution_date=20221103T000000, start_date=20221117T164213, end_date=20221117T164213
[2022-11-17T16:42:13.886+0000] {local_task_job.py:164} INFO - Task exited with return code 0
[2022-11-17T16:42:13.919+0000] {local_task_job.py:273} INFO - 2 downstream tasks scheduled from follow-on schedule check
[2022-11-17T17:33:18.492+0000] {taskinstance.py:1165} INFO - Dependencies all met for <TaskInstance: MyPersonalAirflowProject.Print_Imported_data scheduled__2022-11-03T00:00:00+00:00 [queued]>
[2022-11-17T17:33:18.582+0000] {taskinstance.py:1165} INFO - Dependencies all met for <TaskInstance: MyPersonalAirflowProject.Print_Imported_data scheduled__2022-11-03T00:00:00+00:00 [queued]>
[2022-11-17T17:33:18.583+0000] {taskinstance.py:1362} INFO - 
--------------------------------------------------------------------------------
[2022-11-17T17:33:18.584+0000] {taskinstance.py:1363} INFO - Starting attempt 1 of 1
[2022-11-17T17:33:18.584+0000] {taskinstance.py:1364} INFO - 
--------------------------------------------------------------------------------
[2022-11-17T17:33:18.815+0000] {taskinstance.py:1383} INFO - Executing <Task(BashOperator): Print_Imported_data> on 2022-11-03 00:00:00+00:00
[2022-11-17T17:33:18.821+0000] {standard_task_runner.py:55} INFO - Started process 8167 to run task
[2022-11-17T17:33:18.825+0000] {standard_task_runner.py:82} INFO - Running: ['***', 'tasks', 'run', 'MyPersonalAirflowProject', 'Print_Imported_data', 'scheduled__2022-11-03T00:00:00+00:00', '--job-id', '2703', '--raw', '--subdir', 'DAGS_FOLDER/FinalPersonalProject.py', '--cfg-path', '/tmp/tmp7e6lvmin']
[2022-11-17T17:33:18.827+0000] {standard_task_runner.py:83} INFO - Job 2703: Subtask Print_Imported_data
[2022-11-17T17:33:18.958+0000] {task_command.py:376} INFO - Running <TaskInstance: MyPersonalAirflowProject.Print_Imported_data scheduled__2022-11-03T00:00:00+00:00 [running]> on host 638485efabe7
[2022-11-17T17:33:19.063+0000] {taskinstance.py:1592} INFO - Exporting the following env vars:
AIRFLOW_CTX_DAG_OWNER=***
AIRFLOW_CTX_DAG_ID=MyPersonalAirflowProject
AIRFLOW_CTX_TASK_ID=Print_Imported_data
AIRFLOW_CTX_EXECUTION_DATE=2022-11-03T00:00:00+00:00
AIRFLOW_CTX_TRY_NUMBER=1
AIRFLOW_CTX_DAG_RUN_ID=scheduled__2022-11-03T00:00:00+00:00
[2022-11-17T17:33:19.064+0000] {subprocess.py:63} INFO - Tmp dir root location: 
 /tmp
[2022-11-17T17:33:19.065+0000] {subprocess.py:75} INFO - Running command: ['/bin/bash', '-c', 'ls /tmp/ && head /tmp/platzi_data_20221103.csv']
[2022-11-17T17:33:19.075+0000] {subprocess.py:86} INFO - Output:
[2022-11-17T17:33:19.079+0000] {subprocess.py:93} INFO - ***tmpaepv85f0
[2022-11-17T17:33:19.080+0000] {subprocess.py:93} INFO - ***tmpk5xxq3nx
[2022-11-17T17:33:19.081+0000] {subprocess.py:93} INFO - ***tmplkvca7ip
[2022-11-17T17:33:19.081+0000] {subprocess.py:93} INFO - ***tmpodkacs8z
[2022-11-17T17:33:19.082+0000] {subprocess.py:93} INFO - file.txt
[2022-11-17T17:33:19.082+0000] {subprocess.py:93} INFO - history.json
[2022-11-17T17:33:19.083+0000] {subprocess.py:93} INFO - platzi_data_20221001.csv
[2022-11-17T17:33:19.083+0000] {subprocess.py:93} INFO - platzi_data_20221002.csv
[2022-11-17T17:33:19.083+0000] {subprocess.py:93} INFO - platzi_data_20221003.csv
[2022-11-17T17:33:19.084+0000] {subprocess.py:93} INFO - platzi_data_20221004.csv
[2022-11-17T17:33:19.084+0000] {subprocess.py:93} INFO - platzi_data_20221005.csv
[2022-11-17T17:33:19.085+0000] {subprocess.py:93} INFO - platzi_data_20221006.csv
[2022-11-17T17:33:19.085+0000] {subprocess.py:93} INFO - platzi_data_20221007.csv
[2022-11-17T17:33:19.085+0000] {subprocess.py:93} INFO - platzi_data_20221008.csv
[2022-11-17T17:33:19.085+0000] {subprocess.py:93} INFO - platzi_data_20221009.csv
[2022-11-17T17:33:19.086+0000] {subprocess.py:93} INFO - platzi_data_20221010.csv
[2022-11-17T17:33:19.086+0000] {subprocess.py:93} INFO - platzi_data_20221011.csv
[2022-11-17T17:33:19.086+0000] {subprocess.py:93} INFO - platzi_data_20221012.csv
[2022-11-17T17:33:19.087+0000] {subprocess.py:93} INFO - platzi_data_20221013.csv
[2022-11-17T17:33:19.087+0000] {subprocess.py:93} INFO - platzi_data_20221014.csv
[2022-11-17T17:33:19.088+0000] {subprocess.py:93} INFO - platzi_data_20221015.csv
[2022-11-17T17:33:19.088+0000] {subprocess.py:93} INFO - platzi_data_20221016.csv
[2022-11-17T17:33:19.088+0000] {subprocess.py:93} INFO - platzi_data_20221017.csv
[2022-11-17T17:33:19.089+0000] {subprocess.py:93} INFO - platzi_data_20221018.csv
[2022-11-17T17:33:19.089+0000] {subprocess.py:93} INFO - platzi_data_20221019.csv
[2022-11-17T17:33:19.089+0000] {subprocess.py:93} INFO - platzi_data_20221020.csv
[2022-11-17T17:33:19.089+0000] {subprocess.py:93} INFO - platzi_data_20221021.csv
[2022-11-17T17:33:19.090+0000] {subprocess.py:93} INFO - platzi_data_20221022.csv
[2022-11-17T17:33:19.090+0000] {subprocess.py:93} INFO - platzi_data_20221023.csv
[2022-11-17T17:33:19.090+0000] {subprocess.py:93} INFO - platzi_data_20221024.csv
[2022-11-17T17:33:19.091+0000] {subprocess.py:93} INFO - platzi_data_20221025.csv
[2022-11-17T17:33:19.091+0000] {subprocess.py:93} INFO - platzi_data_20221026.csv
[2022-11-17T17:33:19.091+0000] {subprocess.py:93} INFO - platzi_data_20221027.csv
[2022-11-17T17:33:19.091+0000] {subprocess.py:93} INFO - platzi_data_20221028.csv
[2022-11-17T17:33:19.092+0000] {subprocess.py:93} INFO - platzi_data_20221029.csv
[2022-11-17T17:33:19.092+0000] {subprocess.py:93} INFO - platzi_data_20221030.csv
[2022-11-17T17:33:19.092+0000] {subprocess.py:93} INFO - platzi_data_20221031.csv
[2022-11-17T17:33:19.092+0000] {subprocess.py:93} INFO - platzi_data_20221101.csv
[2022-11-17T17:33:19.093+0000] {subprocess.py:93} INFO - platzi_data_20221102.csv
[2022-11-17T17:33:19.093+0000] {subprocess.py:93} INFO - platzi_data_20221103.csv
[2022-11-17T17:33:19.093+0000] {subprocess.py:93} INFO - platzi_data_20221104.csv
[2022-11-17T17:33:19.093+0000] {subprocess.py:93} INFO - platzi_data_20221105.csv
[2022-11-17T17:33:19.094+0000] {subprocess.py:93} INFO - platzi_data_20221106.csv
[2022-11-17T17:33:19.094+0000] {subprocess.py:93} INFO - platzi_data_20221107.csv
[2022-11-17T17:33:19.094+0000] {subprocess.py:93} INFO - platzi_data_20221108.csv
[2022-11-17T17:33:19.094+0000] {subprocess.py:93} INFO - platzi_data_20221109.csv
[2022-11-17T17:33:19.095+0000] {subprocess.py:93} INFO - platzi_data_20221110.csv
[2022-11-17T17:33:19.095+0000] {subprocess.py:93} INFO - platzi_data_20221111.csv
[2022-11-17T17:33:19.095+0000] {subprocess.py:93} INFO - platzi_data_20221112.csv
[2022-11-17T17:33:19.095+0000] {subprocess.py:93} INFO - platzi_data_20221113.csv
[2022-11-17T17:33:19.096+0000] {subprocess.py:93} INFO - platzi_data_20221114.csv
[2022-11-17T17:33:19.096+0000] {subprocess.py:93} INFO - platzi_data_20221115.csv
[2022-11-17T17:33:19.096+0000] {subprocess.py:93} INFO - platzi_data_20221116.csv
[2022-11-17T17:33:19.097+0000] {subprocess.py:93} INFO - pymp-8yik9lbi
[2022-11-17T17:33:19.097+0000] {subprocess.py:93} INFO - pymp-sbqt6pho
[2022-11-17T17:33:19.097+0000] {subprocess.py:93} INFO - reponse_20221001.txt
[2022-11-17T17:33:19.097+0000] {subprocess.py:93} INFO - reponse_20221002.txt
[2022-11-17T17:33:19.098+0000] {subprocess.py:93} INFO - reponse_20221003.txt
[2022-11-17T17:33:19.098+0000] {subprocess.py:93} INFO - reponse_20221004.txt
[2022-11-17T17:33:19.098+0000] {subprocess.py:93} INFO - reponse_20221005.txt
[2022-11-17T17:33:19.098+0000] {subprocess.py:93} INFO - reponse_20221006.txt
[2022-11-17T17:33:19.099+0000] {subprocess.py:93} INFO - reponse_20221007.txt
[2022-11-17T17:33:19.099+0000] {subprocess.py:93} INFO - reponse_20221008.txt
[2022-11-17T17:33:19.099+0000] {subprocess.py:93} INFO - reponse_20221009.txt
[2022-11-17T17:33:19.099+0000] {subprocess.py:93} INFO - reponse_20221010.txt
[2022-11-17T17:33:19.100+0000] {subprocess.py:93} INFO - reponse_20221011.txt
[2022-11-17T17:33:19.100+0000] {subprocess.py:93} INFO - reponse_20221012.txt
[2022-11-17T17:33:19.100+0000] {subprocess.py:93} INFO - reponse_20221013.txt
[2022-11-17T17:33:19.100+0000] {subprocess.py:93} INFO - reponse_20221014.txt
[2022-11-17T17:33:19.101+0000] {subprocess.py:93} INFO - reponse_20221015.txt
[2022-11-17T17:33:19.101+0000] {subprocess.py:93} INFO - reponse_20221016.txt
[2022-11-17T17:33:19.101+0000] {subprocess.py:93} INFO - reponse_20221017.txt
[2022-11-17T17:33:19.101+0000] {subprocess.py:93} INFO - reponse_20221018.txt
[2022-11-17T17:33:19.102+0000] {subprocess.py:93} INFO - reponse_20221019.txt
[2022-11-17T17:33:19.102+0000] {subprocess.py:93} INFO - reponse_20221020.txt
[2022-11-17T17:33:19.102+0000] {subprocess.py:93} INFO - reponse_20221021.txt
[2022-11-17T17:33:19.103+0000] {subprocess.py:93} INFO - reponse_20221022.txt
[2022-11-17T17:33:19.103+0000] {subprocess.py:93} INFO - reponse_20221023.txt
[2022-11-17T17:33:19.103+0000] {subprocess.py:93} INFO - reponse_20221024.txt
[2022-11-17T17:33:19.104+0000] {subprocess.py:93} INFO - reponse_20221025.txt
[2022-11-17T17:33:19.104+0000] {subprocess.py:93} INFO - reponse_20221026.txt
[2022-11-17T17:33:19.104+0000] {subprocess.py:93} INFO - reponse_20221027.txt
[2022-11-17T17:33:19.105+0000] {subprocess.py:93} INFO - reponse_20221028.txt
[2022-11-17T17:33:19.105+0000] {subprocess.py:93} INFO - reponse_20221029.txt
[2022-11-17T17:33:19.105+0000] {subprocess.py:93} INFO - reponse_20221030.txt
[2022-11-17T17:33:19.105+0000] {subprocess.py:93} INFO - reponse_20221031.txt
[2022-11-17T17:33:19.106+0000] {subprocess.py:93} INFO - reponse_20221101.txt
[2022-11-17T17:33:19.106+0000] {subprocess.py:93} INFO - reponse_20221102.txt
[2022-11-17T17:33:19.106+0000] {subprocess.py:93} INFO - reponse_20221103.txt
[2022-11-17T17:33:19.106+0000] {subprocess.py:93} INFO - reponse_20221104.txt
[2022-11-17T17:33:19.107+0000] {subprocess.py:93} INFO - reponse_20221105.txt
[2022-11-17T17:33:19.107+0000] {subprocess.py:93} INFO - reponse_20221106.txt
[2022-11-17T17:33:19.107+0000] {subprocess.py:93} INFO - reponse_20221107.txt
[2022-11-17T17:33:19.107+0000] {subprocess.py:93} INFO - reponse_20221108.txt
[2022-11-17T17:33:19.108+0000] {subprocess.py:93} INFO - reponse_20221109.txt
[2022-11-17T17:33:19.108+0000] {subprocess.py:93} INFO - reponse_20221110.txt
[2022-11-17T17:33:19.108+0000] {subprocess.py:93} INFO - reponse_20221111.txt
[2022-11-17T17:33:19.108+0000] {subprocess.py:93} INFO - reponse_20221112.txt
[2022-11-17T17:33:19.109+0000] {subprocess.py:93} INFO - reponse_20221113.txt
[2022-11-17T17:33:19.109+0000] {subprocess.py:93} INFO - reponse_20221114.txt
[2022-11-17T17:33:19.109+0000] {subprocess.py:93} INFO - reponse_20221115.txt
[2022-11-17T17:33:19.109+0000] {subprocess.py:93} INFO - reponse_20221116.txt
[2022-11-17T17:33:19.110+0000] {subprocess.py:93} INFO - tmp061o5asr
[2022-11-17T17:33:19.110+0000] {subprocess.py:93} INFO - tmp1b_v374g
[2022-11-17T17:33:19.110+0000] {subprocess.py:93} INFO - tmp2n3y4qb3
[2022-11-17T17:33:19.110+0000] {subprocess.py:93} INFO - tmp2ztydtyd
[2022-11-17T17:33:19.111+0000] {subprocess.py:93} INFO - tmp546oqdk0
[2022-11-17T17:33:19.111+0000] {subprocess.py:93} INFO - tmp57roj99h
[2022-11-17T17:33:19.111+0000] {subprocess.py:93} INFO - tmp5lejojs5
[2022-11-17T17:33:19.111+0000] {subprocess.py:93} INFO - tmp5nj2onwa
[2022-11-17T17:33:19.112+0000] {subprocess.py:93} INFO - tmp64cxrvul
[2022-11-17T17:33:19.112+0000] {subprocess.py:93} INFO - tmp6g4l21c1
[2022-11-17T17:33:19.112+0000] {subprocess.py:93} INFO - tmp7c6bgots
[2022-11-17T17:33:19.112+0000] {subprocess.py:93} INFO - tmp7khebugo
[2022-11-17T17:33:19.113+0000] {subprocess.py:93} INFO - tmp7lvtz6wk
[2022-11-17T17:33:19.113+0000] {subprocess.py:93} INFO - tmp8_n1aj39
[2022-11-17T17:33:19.113+0000] {subprocess.py:93} INFO - tmp8c_dsk2e
[2022-11-17T17:33:19.113+0000] {subprocess.py:93} INFO - tmp928ntdt7
[2022-11-17T17:33:19.114+0000] {subprocess.py:93} INFO - tmp9503grtb
[2022-11-17T17:33:19.114+0000] {subprocess.py:93} INFO - tmp_afh1uos
[2022-11-17T17:33:19.114+0000] {subprocess.py:93} INFO - tmp_m6lsnw3
[2022-11-17T17:33:19.115+0000] {subprocess.py:93} INFO - tmp_vy6n6_q
[2022-11-17T17:33:19.115+0000] {subprocess.py:93} INFO - tmpcnj5oj8y
[2022-11-17T17:33:19.115+0000] {subprocess.py:93} INFO - tmpcu_pom_6
[2022-11-17T17:33:19.115+0000] {subprocess.py:93} INFO - tmpdmc2g1zb
[2022-11-17T17:33:19.116+0000] {subprocess.py:93} INFO - tmpe4k1ogev
[2022-11-17T17:33:19.116+0000] {subprocess.py:93} INFO - tmpg_n88zm7
[2022-11-17T17:33:19.116+0000] {subprocess.py:93} INFO - tmpgg8mkst1
[2022-11-17T17:33:19.116+0000] {subprocess.py:93} INFO - tmpgi8v82jx
[2022-11-17T17:33:19.117+0000] {subprocess.py:93} INFO - tmpiez6kail
[2022-11-17T17:33:19.117+0000] {subprocess.py:93} INFO - tmpj1n4wxza
[2022-11-17T17:33:19.117+0000] {subprocess.py:93} INFO - tmpjsznho2e
[2022-11-17T17:33:19.117+0000] {subprocess.py:93} INFO - tmpkrg9_cgk
[2022-11-17T17:33:19.118+0000] {subprocess.py:93} INFO - tmpl13ymsfs
[2022-11-17T17:33:19.118+0000] {subprocess.py:93} INFO - tmplrbhl64b
[2022-11-17T17:33:19.118+0000] {subprocess.py:93} INFO - tmpn38ozedg
[2022-11-17T17:33:19.118+0000] {subprocess.py:93} INFO - tmpn96u_4ih
[2022-11-17T17:33:19.119+0000] {subprocess.py:93} INFO - tmpo3nf6k5c
[2022-11-17T17:33:19.119+0000] {subprocess.py:93} INFO - tmpoy_ljy8t
[2022-11-17T17:33:19.119+0000] {subprocess.py:93} INFO - tmpp4w9yq6x
[2022-11-17T17:33:19.120+0000] {subprocess.py:93} INFO - tmppfidxzjr
[2022-11-17T17:33:19.120+0000] {subprocess.py:93} INFO - tmpr681bhfw
[2022-11-17T17:33:19.120+0000] {subprocess.py:93} INFO - tmpr9102hwf
[2022-11-17T17:33:19.120+0000] {subprocess.py:93} INFO - tmpt4qo16oq
[2022-11-17T17:33:19.121+0000] {subprocess.py:93} INFO - tmptn832g5z
[2022-11-17T17:33:19.121+0000] {subprocess.py:93} INFO - tmpu9qbl0wh
[2022-11-17T17:33:19.121+0000] {subprocess.py:93} INFO - tmpuq8ywung
[2022-11-17T17:33:19.121+0000] {subprocess.py:93} INFO - tmpv606o9_9
[2022-11-17T17:33:19.122+0000] {subprocess.py:93} INFO - tmpxf7g1lc4
[2022-11-17T17:33:19.122+0000] {subprocess.py:93} INFO - tmpxktobcjf
[2022-11-17T17:33:19.122+0000] {subprocess.py:93} INFO - tmpz91iizm7
[2022-11-17T17:33:19.122+0000] {subprocess.py:93} INFO - ,student,timestamp
[2022-11-17T17:33:19.123+0000] {subprocess.py:93} INFO - 0,Maria Cruz,2022-11-03 00:00:00+00:00
[2022-11-17T17:33:19.123+0000] {subprocess.py:93} INFO - 1,Daniel Crema,2022-11-03 00:00:00+00:00
[2022-11-17T17:33:19.123+0000] {subprocess.py:93} INFO - 2,Elon Musk,2022-11-03 00:00:00+00:00
[2022-11-17T17:33:19.123+0000] {subprocess.py:93} INFO - 3,Karol Castrejon,2022-11-03 00:00:00+00:00
[2022-11-17T17:33:19.124+0000] {subprocess.py:93} INFO - 4,Freddy Vega,2022-11-03 00:00:00+00:00
[2022-11-17T17:33:19.124+0000] {subprocess.py:93} INFO - 5,Freddy Montañez,2022-11-03 00:00:00+00:00
[2022-11-17T17:33:19.124+0000] {subprocess.py:97} INFO - Command exited with return code 0
[2022-11-17T17:33:19.152+0000] {taskinstance.py:1406} INFO - Marking task as SUCCESS. dag_id=MyPersonalAirflowProject, task_id=Print_Imported_data, execution_date=20221103T000000, start_date=20221117T173318, end_date=20221117T173319
[2022-11-17T17:33:19.199+0000] {local_task_job.py:164} INFO - Task exited with return code 0
[2022-11-17T17:33:19.243+0000] {local_task_job.py:273} INFO - 2 downstream tasks scheduled from follow-on schedule check
