[2022-11-17T16:46:32.365+0000] {taskinstance.py:1165} INFO - Dependencies all met for <TaskInstance: MyPersonalAirflowProject.end_confirmation_from_nasa scheduled__2022-11-11T00:00:00+00:00 [queued]>
[2022-11-17T16:46:32.384+0000] {taskinstance.py:1165} INFO - Dependencies all met for <TaskInstance: MyPersonalAirflowProject.end_confirmation_from_nasa scheduled__2022-11-11T00:00:00+00:00 [queued]>
[2022-11-17T16:46:32.385+0000] {taskinstance.py:1362} INFO - 
--------------------------------------------------------------------------------
[2022-11-17T16:46:32.388+0000] {taskinstance.py:1363} INFO - Starting attempt 1 of 1
[2022-11-17T16:46:32.389+0000] {taskinstance.py:1364} INFO - 
--------------------------------------------------------------------------------
[2022-11-17T16:46:32.412+0000] {taskinstance.py:1383} INFO - Executing <Task(BashOperator): end_confirmation_from_nasa> on 2022-11-11 00:00:00+00:00
[2022-11-17T16:46:32.420+0000] {standard_task_runner.py:55} INFO - Started process 4936 to run task
[2022-11-17T16:46:32.424+0000] {standard_task_runner.py:82} INFO - Running: ['***', 'tasks', 'run', 'MyPersonalAirflowProject', 'end_confirmation_from_nasa', 'scheduled__2022-11-11T00:00:00+00:00', '--job-id', '2354', '--raw', '--subdir', 'DAGS_FOLDER/FinalPersonalProject.py', '--cfg-path', '/tmp/tmp5tc9x16_']
[2022-11-17T16:46:32.425+0000] {standard_task_runner.py:83} INFO - Job 2354: Subtask end_confirmation_from_nasa
[2022-11-17T16:46:32.518+0000] {task_command.py:376} INFO - Running <TaskInstance: MyPersonalAirflowProject.end_confirmation_from_nasa scheduled__2022-11-11T00:00:00+00:00 [running]> on host 638485efabe7
[2022-11-17T16:46:32.622+0000] {taskinstance.py:1592} INFO - Exporting the following env vars:
AIRFLOW_CTX_DAG_OWNER=***
AIRFLOW_CTX_DAG_ID=MyPersonalAirflowProject
AIRFLOW_CTX_TASK_ID=end_confirmation_from_nasa
AIRFLOW_CTX_EXECUTION_DATE=2022-11-11T00:00:00+00:00
AIRFLOW_CTX_TRY_NUMBER=1
AIRFLOW_CTX_DAG_RUN_ID=scheduled__2022-11-11T00:00:00+00:00
[2022-11-17T16:46:32.625+0000] {subprocess.py:63} INFO - Tmp dir root location: 
 /tmp
[2022-11-17T16:46:32.627+0000] {subprocess.py:75} INFO - Running command: ['/bin/bash', '-c', 'echo "The Confirmation file was created successfully"']
[2022-11-17T16:46:32.647+0000] {subprocess.py:86} INFO - Output:
[2022-11-17T16:46:32.649+0000] {subprocess.py:93} INFO - The Confirmation file was created successfully
[2022-11-17T16:46:32.651+0000] {subprocess.py:97} INFO - Command exited with return code 0
[2022-11-17T16:46:32.692+0000] {taskinstance.py:1406} INFO - Marking task as SUCCESS. dag_id=MyPersonalAirflowProject, task_id=end_confirmation_from_nasa, execution_date=20221111T000000, start_date=20221117T164632, end_date=20221117T164632
[2022-11-17T16:46:32.757+0000] {local_task_job.py:164} INFO - Task exited with return code 0
[2022-11-17T16:46:32.805+0000] {local_task_job.py:273} INFO - 1 downstream tasks scheduled from follow-on schedule check
[2022-11-17T17:37:13.396+0000] {taskinstance.py:1165} INFO - Dependencies all met for <TaskInstance: MyPersonalAirflowProject.end_confirmation_from_nasa scheduled__2022-11-11T00:00:00+00:00 [queued]>
[2022-11-17T17:37:13.414+0000] {taskinstance.py:1165} INFO - Dependencies all met for <TaskInstance: MyPersonalAirflowProject.end_confirmation_from_nasa scheduled__2022-11-11T00:00:00+00:00 [queued]>
[2022-11-17T17:37:13.415+0000] {taskinstance.py:1362} INFO - 
--------------------------------------------------------------------------------
[2022-11-17T17:37:13.415+0000] {taskinstance.py:1363} INFO - Starting attempt 1 of 1
[2022-11-17T17:37:13.416+0000] {taskinstance.py:1364} INFO - 
--------------------------------------------------------------------------------
[2022-11-17T17:37:13.434+0000] {taskinstance.py:1383} INFO - Executing <Task(BashOperator): end_confirmation_from_nasa> on 2022-11-11 00:00:00+00:00
[2022-11-17T17:37:13.440+0000] {standard_task_runner.py:55} INFO - Started process 8538 to run task
[2022-11-17T17:37:13.443+0000] {standard_task_runner.py:82} INFO - Running: ['***', 'tasks', 'run', 'MyPersonalAirflowProject', 'end_confirmation_from_nasa', 'scheduled__2022-11-11T00:00:00+00:00', '--job-id', '2764', '--raw', '--subdir', 'DAGS_FOLDER/FinalPersonalProject.py', '--cfg-path', '/tmp/tmpu_xz18uo']
[2022-11-17T17:37:13.444+0000] {standard_task_runner.py:83} INFO - Job 2764: Subtask end_confirmation_from_nasa
[2022-11-17T17:37:13.514+0000] {task_command.py:376} INFO - Running <TaskInstance: MyPersonalAirflowProject.end_confirmation_from_nasa scheduled__2022-11-11T00:00:00+00:00 [running]> on host 638485efabe7
[2022-11-17T17:37:13.593+0000] {taskinstance.py:1592} INFO - Exporting the following env vars:
AIRFLOW_CTX_DAG_OWNER=***
AIRFLOW_CTX_DAG_ID=MyPersonalAirflowProject
AIRFLOW_CTX_TASK_ID=end_confirmation_from_nasa
AIRFLOW_CTX_EXECUTION_DATE=2022-11-11T00:00:00+00:00
AIRFLOW_CTX_TRY_NUMBER=1
AIRFLOW_CTX_DAG_RUN_ID=scheduled__2022-11-11T00:00:00+00:00
[2022-11-17T17:37:13.595+0000] {subprocess.py:63} INFO - Tmp dir root location: 
 /tmp
[2022-11-17T17:37:13.596+0000] {subprocess.py:75} INFO - Running command: ['/bin/bash', '-c', 'echo "The Confirmation file was created successfully"']
[2022-11-17T17:37:13.607+0000] {subprocess.py:86} INFO - Output:
[2022-11-17T17:37:13.608+0000] {subprocess.py:93} INFO - The Confirmation file was created successfully
[2022-11-17T17:37:13.609+0000] {subprocess.py:97} INFO - Command exited with return code 0
[2022-11-17T17:37:13.638+0000] {taskinstance.py:1406} INFO - Marking task as SUCCESS. dag_id=MyPersonalAirflowProject, task_id=end_confirmation_from_nasa, execution_date=20221111T000000, start_date=20221117T173713, end_date=20221117T173713
[2022-11-17T17:37:13.696+0000] {local_task_job.py:164} INFO - Task exited with return code 0
[2022-11-17T17:37:13.737+0000] {local_task_job.py:273} INFO - 1 downstream tasks scheduled from follow-on schedule check
