[2022-11-15T21:21:51.288+0000] {taskinstance.py:1165} INFO - Dependencies all met for <TaskInstance: 10-branching.branch scheduled__2022-06-03T00:00:00+00:00 [queued]>
[2022-11-15T21:21:51.303+0000] {taskinstance.py:1165} INFO - Dependencies all met for <TaskInstance: 10-branching.branch scheduled__2022-06-03T00:00:00+00:00 [queued]>
[2022-11-15T21:21:51.304+0000] {taskinstance.py:1362} INFO - 
--------------------------------------------------------------------------------
[2022-11-15T21:21:51.305+0000] {taskinstance.py:1363} INFO - Starting attempt 2 of 2
[2022-11-15T21:21:51.306+0000] {taskinstance.py:1364} INFO - 
--------------------------------------------------------------------------------
[2022-11-15T21:21:51.327+0000] {taskinstance.py:1383} INFO - Executing <Task(BranchPythonOperator): branch> on 2022-06-03 00:00:00+00:00
[2022-11-15T21:21:51.332+0000] {standard_task_runner.py:55} INFO - Started process 2655 to run task
[2022-11-15T21:21:51.335+0000] {standard_task_runner.py:82} INFO - Running: ['***', 'tasks', 'run', '10-branching', 'branch', 'scheduled__2022-06-03T00:00:00+00:00', '--job-id', '1207', '--raw', '--subdir', 'DAGS_FOLDER/10-branchpythonoperator.py', '--cfg-path', '/tmp/tmp_tpnitid']
[2022-11-15T21:21:51.336+0000] {standard_task_runner.py:83} INFO - Job 1207: Subtask branch
[2022-11-15T21:21:51.404+0000] {task_command.py:376} INFO - Running <TaskInstance: 10-branching.branch scheduled__2022-06-03T00:00:00+00:00 [running]> on host 638485efabe7
[2022-11-15T21:21:51.483+0000] {taskinstance.py:1592} INFO - Exporting the following env vars:
AIRFLOW_CTX_DAG_OWNER=***
AIRFLOW_CTX_DAG_ID=10-branching
AIRFLOW_CTX_TASK_ID=branch
AIRFLOW_CTX_EXECUTION_DATE=2022-06-03T00:00:00+00:00
AIRFLOW_CTX_TRY_NUMBER=2
AIRFLOW_CTX_DAG_RUN_ID=scheduled__2022-06-03T00:00:00+00:00
[2022-11-15T21:21:51.485+0000] {python.py:177} INFO - Done. Returned value was: finish_14_june
[2022-11-15T21:21:51.485+0000] {skipmixin.py:155} INFO - Following branch finish_14_june
[2022-11-15T21:21:51.486+0000] {skipmixin.py:190} INFO - Skipping tasks ['start_15_june']
[2022-11-15T21:21:51.538+0000] {taskinstance.py:1406} INFO - Marking task as SUCCESS. dag_id=10-branching, task_id=branch, execution_date=20220603T000000, start_date=20221115T212151, end_date=20221115T212151
[2022-11-15T21:21:51.589+0000] {local_task_job.py:164} INFO - Task exited with return code 0
[2022-11-15T21:21:51.624+0000] {local_task_job.py:273} INFO - 1 downstream tasks scheduled from follow-on schedule check
