[2022-11-16T22:11:41.629+0000] {taskinstance.py:1165} INFO - Dependencies all met for <TaskInstance: MyPersonalAirflowProject.SpaceX_data scheduled__2022-10-03T00:00:00+00:00 [queued]>
[2022-11-16T22:11:41.646+0000] {taskinstance.py:1165} INFO - Dependencies all met for <TaskInstance: MyPersonalAirflowProject.SpaceX_data scheduled__2022-10-03T00:00:00+00:00 [queued]>
[2022-11-16T22:11:41.646+0000] {taskinstance.py:1362} INFO - 
--------------------------------------------------------------------------------
[2022-11-16T22:11:41.647+0000] {taskinstance.py:1363} INFO - Starting attempt 1 of 1
[2022-11-16T22:11:41.648+0000] {taskinstance.py:1364} INFO - 
--------------------------------------------------------------------------------
[2022-11-16T22:11:41.665+0000] {taskinstance.py:1383} INFO - Executing <Task(BashOperator): SpaceX_data> on 2022-10-03 00:00:00+00:00
[2022-11-16T22:11:41.670+0000] {standard_task_runner.py:55} INFO - Started process 4796 to run task
[2022-11-16T22:11:41.673+0000] {standard_task_runner.py:82} INFO - Running: ['***', 'tasks', 'run', 'MyPersonalAirflowProject', 'SpaceX_data', 'scheduled__2022-10-03T00:00:00+00:00', '--job-id', '1455', '--raw', '--subdir', 'DAGS_FOLDER/FinalPersonalProject.py', '--cfg-path', '/tmp/tmpwhprdgq7']
[2022-11-16T22:11:41.673+0000] {standard_task_runner.py:83} INFO - Job 1455: Subtask SpaceX_data
[2022-11-16T22:11:41.737+0000] {task_command.py:376} INFO - Running <TaskInstance: MyPersonalAirflowProject.SpaceX_data scheduled__2022-10-03T00:00:00+00:00 [running]> on host 638485efabe7
[2022-11-16T22:11:41.816+0000] {taskinstance.py:1592} INFO - Exporting the following env vars:
AIRFLOW_CTX_DAG_OWNER=***
AIRFLOW_CTX_DAG_ID=MyPersonalAirflowProject
AIRFLOW_CTX_TASK_ID=SpaceX_data
AIRFLOW_CTX_EXECUTION_DATE=2022-10-03T00:00:00+00:00
AIRFLOW_CTX_TRY_NUMBER=1
AIRFLOW_CTX_DAG_RUN_ID=scheduled__2022-10-03T00:00:00+00:00
[2022-11-16T22:11:41.818+0000] {subprocess.py:63} INFO - Tmp dir root location: 
 /tmp
[2022-11-16T22:11:41.819+0000] {subprocess.py:75} INFO - Running command: ['/bin/bash', '-c', "curl -o /tmp/history.json -L 'https://api.spacexdata.com/v4/history'"]
[2022-11-16T22:11:41.830+0000] {subprocess.py:86} INFO - Output:
[2022-11-16T22:11:41.840+0000] {subprocess.py:93} INFO -   % Total    % Received % Xferd  Average Speed   Time    Time     Time  Current
[2022-11-16T22:11:41.840+0000] {subprocess.py:93} INFO -                                  Dload  Upload   Total   Spent    Left  Speed
[2022-11-16T22:11:42.335+0000] {subprocess.py:93} INFO -   0     0    0     0    0     0      0      0 --:--:-- --:--:-- --:--:--     0100  1701    0  1701    0     0   3937      0 --:--:-- --:--:-- --:--:--  3928100  6756    0  6756    0     0  13648      0 --:--:-- --:--:-- --:--:-- 13620
[2022-11-16T22:11:42.338+0000] {subprocess.py:97} INFO - Command exited with return code 0
[2022-11-16T22:11:42.369+0000] {taskinstance.py:1406} INFO - Marking task as SUCCESS. dag_id=MyPersonalAirflowProject, task_id=SpaceX_data, execution_date=20221003T000000, start_date=20221116T221141, end_date=20221116T221142
[2022-11-16T22:11:42.399+0000] {local_task_job.py:164} INFO - Task exited with return code 0
[2022-11-16T22:11:42.435+0000] {local_task_job.py:273} INFO - 1 downstream tasks scheduled from follow-on schedule check
[2022-11-17T16:25:25.872+0000] {taskinstance.py:1165} INFO - Dependencies all met for <TaskInstance: MyPersonalAirflowProject.SpaceX_data scheduled__2022-10-03T00:00:00+00:00 [queued]>
[2022-11-17T16:25:25.886+0000] {taskinstance.py:1165} INFO - Dependencies all met for <TaskInstance: MyPersonalAirflowProject.SpaceX_data scheduled__2022-10-03T00:00:00+00:00 [queued]>
[2022-11-17T16:25:25.886+0000] {taskinstance.py:1362} INFO - 
--------------------------------------------------------------------------------
[2022-11-17T16:25:25.887+0000] {taskinstance.py:1363} INFO - Starting attempt 1 of 1
[2022-11-17T16:25:25.887+0000] {taskinstance.py:1364} INFO - 
--------------------------------------------------------------------------------
[2022-11-17T16:25:25.904+0000] {taskinstance.py:1383} INFO - Executing <Task(BashOperator): SpaceX_data> on 2022-10-03 00:00:00+00:00
[2022-11-17T16:25:25.909+0000] {standard_task_runner.py:55} INFO - Started process 3001 to run task
[2022-11-17T16:25:25.912+0000] {standard_task_runner.py:82} INFO - Running: ['***', 'tasks', 'run', 'MyPersonalAirflowProject', 'SpaceX_data', 'scheduled__2022-10-03T00:00:00+00:00', '--job-id', '2043', '--raw', '--subdir', 'DAGS_FOLDER/FinalPersonalProject.py', '--cfg-path', '/tmp/tmp48qh0pqq']
[2022-11-17T16:25:25.913+0000] {standard_task_runner.py:83} INFO - Job 2043: Subtask SpaceX_data
[2022-11-17T16:25:25.979+0000] {task_command.py:376} INFO - Running <TaskInstance: MyPersonalAirflowProject.SpaceX_data scheduled__2022-10-03T00:00:00+00:00 [running]> on host 638485efabe7
[2022-11-17T16:25:26.058+0000] {taskinstance.py:1592} INFO - Exporting the following env vars:
AIRFLOW_CTX_DAG_OWNER=***
AIRFLOW_CTX_DAG_ID=MyPersonalAirflowProject
AIRFLOW_CTX_TASK_ID=SpaceX_data
AIRFLOW_CTX_EXECUTION_DATE=2022-10-03T00:00:00+00:00
AIRFLOW_CTX_TRY_NUMBER=1
AIRFLOW_CTX_DAG_RUN_ID=scheduled__2022-10-03T00:00:00+00:00
[2022-11-17T16:25:26.059+0000] {subprocess.py:63} INFO - Tmp dir root location: 
 /tmp
[2022-11-17T16:25:26.060+0000] {subprocess.py:75} INFO - Running command: ['/bin/bash', '-c', "curl -o /tmp/history.json -L 'https://api.spacexdata.com/v4/history'"]
[2022-11-17T16:25:26.071+0000] {subprocess.py:86} INFO - Output:
[2022-11-17T16:25:26.078+0000] {subprocess.py:93} INFO -   % Total    % Received % Xferd  Average Speed   Time    Time     Time  Current
[2022-11-17T16:25:26.079+0000] {subprocess.py:93} INFO -                                  Dload  Upload   Total   Spent    Left  Speed
[2022-11-17T16:25:27.352+0000] {subprocess.py:93} INFO -   0     0    0     0    0     0      0      0 --:--:-- --:--:-- --:--:--     0  0     0    0     0    0     0      0      0 --:--:-- --:--:-- --:--:--     0  0     0    0     0    0     0      0      0 --:--:--  0:00:01 --:--:--     0100  6756    0  6756    0     0   5307      0 --:--:--  0:00:01 --:--:--  5302
[2022-11-17T16:25:27.354+0000] {subprocess.py:97} INFO - Command exited with return code 0
[2022-11-17T16:25:27.381+0000] {taskinstance.py:1406} INFO - Marking task as SUCCESS. dag_id=MyPersonalAirflowProject, task_id=SpaceX_data, execution_date=20221003T000000, start_date=20221117T162525, end_date=20221117T162527
[2022-11-17T16:25:27.414+0000] {local_task_job.py:164} INFO - Task exited with return code 0
[2022-11-17T16:25:27.449+0000] {local_task_job.py:273} INFO - 1 downstream tasks scheduled from follow-on schedule check
[2022-11-17T17:17:32.245+0000] {taskinstance.py:1165} INFO - Dependencies all met for <TaskInstance: MyPersonalAirflowProject.SpaceX_data scheduled__2022-10-03T00:00:00+00:00 [queued]>
[2022-11-17T17:17:32.258+0000] {taskinstance.py:1165} INFO - Dependencies all met for <TaskInstance: MyPersonalAirflowProject.SpaceX_data scheduled__2022-10-03T00:00:00+00:00 [queued]>
[2022-11-17T17:17:32.259+0000] {taskinstance.py:1362} INFO - 
--------------------------------------------------------------------------------
[2022-11-17T17:17:32.259+0000] {taskinstance.py:1363} INFO - Starting attempt 1 of 1
[2022-11-17T17:17:32.259+0000] {taskinstance.py:1364} INFO - 
--------------------------------------------------------------------------------
[2022-11-17T17:17:32.286+0000] {taskinstance.py:1383} INFO - Executing <Task(BashOperator): SpaceX_data> on 2022-10-03 00:00:00+00:00
[2022-11-17T17:17:32.292+0000] {standard_task_runner.py:55} INFO - Started process 6643 to run task
[2022-11-17T17:17:32.295+0000] {standard_task_runner.py:82} INFO - Running: ['***', 'tasks', 'run', 'MyPersonalAirflowProject', 'SpaceX_data', 'scheduled__2022-10-03T00:00:00+00:00', '--job-id', '2453', '--raw', '--subdir', 'DAGS_FOLDER/FinalPersonalProject.py', '--cfg-path', '/tmp/tmpf7sgvcko']
[2022-11-17T17:17:32.296+0000] {standard_task_runner.py:83} INFO - Job 2453: Subtask SpaceX_data
[2022-11-17T17:17:32.369+0000] {task_command.py:376} INFO - Running <TaskInstance: MyPersonalAirflowProject.SpaceX_data scheduled__2022-10-03T00:00:00+00:00 [running]> on host 638485efabe7
[2022-11-17T17:17:32.467+0000] {taskinstance.py:1592} INFO - Exporting the following env vars:
AIRFLOW_CTX_DAG_OWNER=***
AIRFLOW_CTX_DAG_ID=MyPersonalAirflowProject
AIRFLOW_CTX_TASK_ID=SpaceX_data
AIRFLOW_CTX_EXECUTION_DATE=2022-10-03T00:00:00+00:00
AIRFLOW_CTX_TRY_NUMBER=1
AIRFLOW_CTX_DAG_RUN_ID=scheduled__2022-10-03T00:00:00+00:00
[2022-11-17T17:17:32.469+0000] {subprocess.py:63} INFO - Tmp dir root location: 
 /tmp
[2022-11-17T17:17:32.470+0000] {subprocess.py:75} INFO - Running command: ['/bin/bash', '-c', "curl -o /tmp/history.json -L 'https://api.spacexdata.com/v4/history'"]
[2022-11-17T17:17:32.480+0000] {subprocess.py:86} INFO - Output:
[2022-11-17T17:17:32.487+0000] {subprocess.py:93} INFO -   % Total    % Received % Xferd  Average Speed   Time    Time     Time  Current
[2022-11-17T17:17:32.487+0000] {subprocess.py:93} INFO -                                  Dload  Upload   Total   Spent    Left  Speed
[2022-11-17T17:17:32.660+0000] {subprocess.py:93} INFO -   0     0    0     0    0     0      0      0 --:--:-- --:--:-- --:--:--     0100  6756    0  6756    0     0  39052      0 --:--:-- --:--:-- --:--:-- 39052
[2022-11-17T17:17:32.663+0000] {subprocess.py:97} INFO - Command exited with return code 0
[2022-11-17T17:17:32.692+0000] {taskinstance.py:1406} INFO - Marking task as SUCCESS. dag_id=MyPersonalAirflowProject, task_id=SpaceX_data, execution_date=20221003T000000, start_date=20221117T171732, end_date=20221117T171732
[2022-11-17T17:17:32.749+0000] {local_task_job.py:164} INFO - Task exited with return code 0
[2022-11-17T17:17:32.785+0000] {local_task_job.py:273} INFO - 1 downstream tasks scheduled from follow-on schedule check
