[2022-11-16T22:37:50.146+0000] {taskinstance.py:1165} INFO - Dependencies all met for <TaskInstance: MyPersonalAirflowProject.SpaceX_data scheduled__2022-10-03T00:00:00+00:00 [queued]>
[2022-11-16T22:37:50.161+0000] {taskinstance.py:1165} INFO - Dependencies all met for <TaskInstance: MyPersonalAirflowProject.SpaceX_data scheduled__2022-10-03T00:00:00+00:00 [queued]>
[2022-11-16T22:37:50.162+0000] {taskinstance.py:1362} INFO - 
--------------------------------------------------------------------------------
[2022-11-16T22:37:50.163+0000] {taskinstance.py:1363} INFO - Starting attempt 3 of 3
[2022-11-16T22:37:50.163+0000] {taskinstance.py:1364} INFO - 
--------------------------------------------------------------------------------
[2022-11-16T22:37:50.186+0000] {taskinstance.py:1383} INFO - Executing <Task(BashOperator): SpaceX_data> on 2022-10-03 00:00:00+00:00
[2022-11-16T22:37:50.192+0000] {standard_task_runner.py:55} INFO - Started process 6640 to run task
[2022-11-16T22:37:50.195+0000] {standard_task_runner.py:82} INFO - Running: ['***', 'tasks', 'run', 'MyPersonalAirflowProject', 'SpaceX_data', 'scheduled__2022-10-03T00:00:00+00:00', '--job-id', '1712', '--raw', '--subdir', 'DAGS_FOLDER/FinalPersonalProject.py', '--cfg-path', '/tmp/tmp1krhcjss']
[2022-11-16T22:37:50.196+0000] {standard_task_runner.py:83} INFO - Job 1712: Subtask SpaceX_data
[2022-11-16T22:37:50.269+0000] {task_command.py:376} INFO - Running <TaskInstance: MyPersonalAirflowProject.SpaceX_data scheduled__2022-10-03T00:00:00+00:00 [running]> on host 638485efabe7
[2022-11-16T22:37:50.361+0000] {taskinstance.py:1592} INFO - Exporting the following env vars:
AIRFLOW_CTX_DAG_OWNER=***
AIRFLOW_CTX_DAG_ID=MyPersonalAirflowProject
AIRFLOW_CTX_TASK_ID=SpaceX_data
AIRFLOW_CTX_EXECUTION_DATE=2022-10-03T00:00:00+00:00
AIRFLOW_CTX_TRY_NUMBER=3
AIRFLOW_CTX_DAG_RUN_ID=scheduled__2022-10-03T00:00:00+00:00
[2022-11-16T22:37:50.363+0000] {subprocess.py:63} INFO - Tmp dir root location: 
 /tmp
[2022-11-16T22:37:50.365+0000] {subprocess.py:75} INFO - Running command: ['/bin/bash', '-c', "curl -o /tmp/history.json -L 'https://api.spacexdata.com/v4/history'"]
[2022-11-16T22:37:50.379+0000] {subprocess.py:86} INFO - Output:
[2022-11-16T22:37:50.399+0000] {subprocess.py:93} INFO -   % Total    % Received % Xferd  Average Speed   Time    Time     Time  Current
[2022-11-16T22:37:50.400+0000] {subprocess.py:93} INFO -                                  Dload  Upload   Total   Spent    Left  Speed
[2022-11-16T22:37:50.815+0000] {subprocess.py:93} INFO -   0     0    0     0    0     0      0      0 --:--:-- --:--:-- --:--:--     0100  6756    0  6756    0     0  16279      0 --:--:-- --:--:-- --:--:-- 16279
[2022-11-16T22:37:51.168+0000] {subprocess.py:97} INFO - Command exited with return code 0
[2022-11-16T22:37:51.206+0000] {taskinstance.py:1406} INFO - Marking task as SUCCESS. dag_id=MyPersonalAirflowProject, task_id=SpaceX_data, execution_date=20221003T000000, start_date=20221116T223750, end_date=20221116T223751
[2022-11-16T22:37:51.256+0000] {local_task_job.py:164} INFO - Task exited with return code 0
[2022-11-16T22:37:51.295+0000] {local_task_job.py:273} INFO - 1 downstream tasks scheduled from follow-on schedule check
