[2022-11-16T22:33:16.644+0000] {taskinstance.py:1165} INFO - Dependencies all met for <TaskInstance: MyPersonalAirflowProject.SpaceX_data scheduled__2022-11-07T00:00:00+00:00 [queued]>
[2022-11-16T22:33:16.666+0000] {taskinstance.py:1165} INFO - Dependencies all met for <TaskInstance: MyPersonalAirflowProject.SpaceX_data scheduled__2022-11-07T00:00:00+00:00 [queued]>
[2022-11-16T22:33:16.667+0000] {taskinstance.py:1362} INFO - 
--------------------------------------------------------------------------------
[2022-11-16T22:33:16.669+0000] {taskinstance.py:1363} INFO - Starting attempt 1 of 1
[2022-11-16T22:33:16.670+0000] {taskinstance.py:1364} INFO - 
--------------------------------------------------------------------------------
[2022-11-16T22:33:16.693+0000] {taskinstance.py:1383} INFO - Executing <Task(BashOperator): SpaceX_data> on 2022-11-07 00:00:00+00:00
[2022-11-16T22:33:16.700+0000] {standard_task_runner.py:55} INFO - Started process 6298 to run task
[2022-11-16T22:33:16.703+0000] {standard_task_runner.py:82} INFO - Running: ['***', 'tasks', 'run', 'MyPersonalAirflowProject', 'SpaceX_data', 'scheduled__2022-11-07T00:00:00+00:00', '--job-id', '1665', '--raw', '--subdir', 'DAGS_FOLDER/FinalPersonalProject.py', '--cfg-path', '/tmp/tmpvf3yxhp5']
[2022-11-16T22:33:16.704+0000] {standard_task_runner.py:83} INFO - Job 1665: Subtask SpaceX_data
[2022-11-16T22:33:16.783+0000] {task_command.py:376} INFO - Running <TaskInstance: MyPersonalAirflowProject.SpaceX_data scheduled__2022-11-07T00:00:00+00:00 [running]> on host 638485efabe7
[2022-11-16T22:33:16.872+0000] {taskinstance.py:1592} INFO - Exporting the following env vars:
AIRFLOW_CTX_DAG_OWNER=***
AIRFLOW_CTX_DAG_ID=MyPersonalAirflowProject
AIRFLOW_CTX_TASK_ID=SpaceX_data
AIRFLOW_CTX_EXECUTION_DATE=2022-11-07T00:00:00+00:00
AIRFLOW_CTX_TRY_NUMBER=1
AIRFLOW_CTX_DAG_RUN_ID=scheduled__2022-11-07T00:00:00+00:00
[2022-11-16T22:33:16.873+0000] {subprocess.py:63} INFO - Tmp dir root location: 
 /tmp
[2022-11-16T22:33:16.874+0000] {subprocess.py:75} INFO - Running command: ['/bin/bash', '-c', "curl -o /tmp/history.json -L 'https://api.spacexdata.com/v4/history'"]
[2022-11-16T22:33:17.011+0000] {subprocess.py:86} INFO - Output:
[2022-11-16T22:33:17.019+0000] {subprocess.py:93} INFO -   % Total    % Received % Xferd  Average Speed   Time    Time     Time  Current
[2022-11-16T22:33:17.020+0000] {subprocess.py:93} INFO -                                  Dload  Upload   Total   Spent    Left  Speed
[2022-11-16T22:33:17.256+0000] {subprocess.py:93} INFO -   0     0    0     0    0     0      0      0 --:--:-- --:--:-- --:--:--     0100  6756    0  6756    0     0  28627      0 --:--:-- --:--:-- --:--:-- 28506100  6756    0  6756    0     0  28627      0 --:--:-- --:--:-- --:--:-- 28506
[2022-11-16T22:33:17.260+0000] {subprocess.py:97} INFO - Command exited with return code 0
[2022-11-16T22:33:17.292+0000] {taskinstance.py:1406} INFO - Marking task as SUCCESS. dag_id=MyPersonalAirflowProject, task_id=SpaceX_data, execution_date=20221107T000000, start_date=20221116T223316, end_date=20221116T223317
[2022-11-16T22:33:17.359+0000] {local_task_job.py:164} INFO - Task exited with return code 0
[2022-11-16T22:33:17.397+0000] {local_task_job.py:273} INFO - 1 downstream tasks scheduled from follow-on schedule check
[2022-11-17T16:44:14.531+0000] {taskinstance.py:1165} INFO - Dependencies all met for <TaskInstance: MyPersonalAirflowProject.SpaceX_data scheduled__2022-11-07T00:00:00+00:00 [queued]>
[2022-11-17T16:44:14.544+0000] {taskinstance.py:1165} INFO - Dependencies all met for <TaskInstance: MyPersonalAirflowProject.SpaceX_data scheduled__2022-11-07T00:00:00+00:00 [queued]>
[2022-11-17T16:44:14.545+0000] {taskinstance.py:1362} INFO - 
--------------------------------------------------------------------------------
[2022-11-17T16:44:14.545+0000] {taskinstance.py:1363} INFO - Starting attempt 1 of 1
[2022-11-17T16:44:14.546+0000] {taskinstance.py:1364} INFO - 
--------------------------------------------------------------------------------
[2022-11-17T16:44:14.564+0000] {taskinstance.py:1383} INFO - Executing <Task(BashOperator): SpaceX_data> on 2022-11-07 00:00:00+00:00
[2022-11-17T16:44:14.569+0000] {standard_task_runner.py:55} INFO - Started process 4730 to run task
[2022-11-17T16:44:14.572+0000] {standard_task_runner.py:82} INFO - Running: ['***', 'tasks', 'run', 'MyPersonalAirflowProject', 'SpaceX_data', 'scheduled__2022-11-07T00:00:00+00:00', '--job-id', '2323', '--raw', '--subdir', 'DAGS_FOLDER/FinalPersonalProject.py', '--cfg-path', '/tmp/tmpc84a70qw']
[2022-11-17T16:44:14.573+0000] {standard_task_runner.py:83} INFO - Job 2323: Subtask SpaceX_data
[2022-11-17T16:44:14.641+0000] {task_command.py:376} INFO - Running <TaskInstance: MyPersonalAirflowProject.SpaceX_data scheduled__2022-11-07T00:00:00+00:00 [running]> on host 638485efabe7
[2022-11-17T16:44:14.719+0000] {taskinstance.py:1592} INFO - Exporting the following env vars:
AIRFLOW_CTX_DAG_OWNER=***
AIRFLOW_CTX_DAG_ID=MyPersonalAirflowProject
AIRFLOW_CTX_TASK_ID=SpaceX_data
AIRFLOW_CTX_EXECUTION_DATE=2022-11-07T00:00:00+00:00
AIRFLOW_CTX_TRY_NUMBER=1
AIRFLOW_CTX_DAG_RUN_ID=scheduled__2022-11-07T00:00:00+00:00
[2022-11-17T16:44:14.721+0000] {subprocess.py:63} INFO - Tmp dir root location: 
 /tmp
[2022-11-17T16:44:14.722+0000] {subprocess.py:75} INFO - Running command: ['/bin/bash', '-c', "curl -o /tmp/history.json -L 'https://api.spacexdata.com/v4/history'"]
[2022-11-17T16:44:14.732+0000] {subprocess.py:86} INFO - Output:
[2022-11-17T16:44:14.739+0000] {subprocess.py:93} INFO -   % Total    % Received % Xferd  Average Speed   Time    Time     Time  Current
[2022-11-17T16:44:14.740+0000] {subprocess.py:93} INFO -                                  Dload  Upload   Total   Spent    Left  Speed
[2022-11-17T16:44:15.071+0000] {subprocess.py:93} INFO -   0     0    0     0    0     0      0      0 --:--:-- --:--:-- --:--:--     0100  6756    0  6756    0     0  20349      0 --:--:-- --:--:-- --:--:-- 20349
[2022-11-17T16:44:15.074+0000] {subprocess.py:97} INFO - Command exited with return code 0
[2022-11-17T16:44:15.106+0000] {taskinstance.py:1406} INFO - Marking task as SUCCESS. dag_id=MyPersonalAirflowProject, task_id=SpaceX_data, execution_date=20221107T000000, start_date=20221117T164414, end_date=20221117T164415
[2022-11-17T16:44:15.147+0000] {local_task_job.py:164} INFO - Task exited with return code 0
[2022-11-17T16:44:15.180+0000] {local_task_job.py:273} INFO - 1 downstream tasks scheduled from follow-on schedule check
[2022-11-17T17:35:15.183+0000] {taskinstance.py:1165} INFO - Dependencies all met for <TaskInstance: MyPersonalAirflowProject.SpaceX_data scheduled__2022-11-07T00:00:00+00:00 [queued]>
[2022-11-17T17:35:15.195+0000] {taskinstance.py:1165} INFO - Dependencies all met for <TaskInstance: MyPersonalAirflowProject.SpaceX_data scheduled__2022-11-07T00:00:00+00:00 [queued]>
[2022-11-17T17:35:15.195+0000] {taskinstance.py:1362} INFO - 
--------------------------------------------------------------------------------
[2022-11-17T17:35:15.196+0000] {taskinstance.py:1363} INFO - Starting attempt 1 of 1
[2022-11-17T17:35:15.197+0000] {taskinstance.py:1364} INFO - 
--------------------------------------------------------------------------------
[2022-11-17T17:35:15.213+0000] {taskinstance.py:1383} INFO - Executing <Task(BashOperator): SpaceX_data> on 2022-11-07 00:00:00+00:00
[2022-11-17T17:35:15.219+0000] {standard_task_runner.py:55} INFO - Started process 8351 to run task
[2022-11-17T17:35:15.221+0000] {standard_task_runner.py:82} INFO - Running: ['***', 'tasks', 'run', 'MyPersonalAirflowProject', 'SpaceX_data', 'scheduled__2022-11-07T00:00:00+00:00', '--job-id', '2733', '--raw', '--subdir', 'DAGS_FOLDER/FinalPersonalProject.py', '--cfg-path', '/tmp/tmp25ir15lj']
[2022-11-17T17:35:15.222+0000] {standard_task_runner.py:83} INFO - Job 2733: Subtask SpaceX_data
[2022-11-17T17:35:15.288+0000] {task_command.py:376} INFO - Running <TaskInstance: MyPersonalAirflowProject.SpaceX_data scheduled__2022-11-07T00:00:00+00:00 [running]> on host 638485efabe7
[2022-11-17T17:35:15.367+0000] {taskinstance.py:1592} INFO - Exporting the following env vars:
AIRFLOW_CTX_DAG_OWNER=***
AIRFLOW_CTX_DAG_ID=MyPersonalAirflowProject
AIRFLOW_CTX_TASK_ID=SpaceX_data
AIRFLOW_CTX_EXECUTION_DATE=2022-11-07T00:00:00+00:00
AIRFLOW_CTX_TRY_NUMBER=1
AIRFLOW_CTX_DAG_RUN_ID=scheduled__2022-11-07T00:00:00+00:00
[2022-11-17T17:35:15.369+0000] {subprocess.py:63} INFO - Tmp dir root location: 
 /tmp
[2022-11-17T17:35:15.370+0000] {subprocess.py:75} INFO - Running command: ['/bin/bash', '-c', "curl -o /tmp/history.json -L 'https://api.spacexdata.com/v4/history'"]
[2022-11-17T17:35:15.380+0000] {subprocess.py:86} INFO - Output:
[2022-11-17T17:35:15.388+0000] {subprocess.py:93} INFO -   % Total    % Received % Xferd  Average Speed   Time    Time     Time  Current
[2022-11-17T17:35:15.389+0000] {subprocess.py:93} INFO -                                  Dload  Upload   Total   Spent    Left  Speed
[2022-11-17T17:35:15.562+0000] {subprocess.py:93} INFO -   0     0    0     0    0     0      0      0 --:--:-- --:--:-- --:--:--     0100  6756    0  6756    0     0  38827      0 --:--:-- --:--:-- --:--:-- 38827
[2022-11-17T17:35:15.564+0000] {subprocess.py:97} INFO - Command exited with return code 0
[2022-11-17T17:35:15.594+0000] {taskinstance.py:1406} INFO - Marking task as SUCCESS. dag_id=MyPersonalAirflowProject, task_id=SpaceX_data, execution_date=20221107T000000, start_date=20221117T173515, end_date=20221117T173515
[2022-11-17T17:35:15.636+0000] {local_task_job.py:164} INFO - Task exited with return code 0
[2022-11-17T17:35:15.672+0000] {local_task_job.py:273} INFO - 1 downstream tasks scheduled from follow-on schedule check
