[2022-11-17T16:38:25.826+0000] {taskinstance.py:1165} INFO - Dependencies all met for <TaskInstance: MyPersonalAirflowProject.Marketing_team_Notification scheduled__2022-10-27T00:00:00+00:00 [queued]>
[2022-11-17T16:38:25.838+0000] {taskinstance.py:1165} INFO - Dependencies all met for <TaskInstance: MyPersonalAirflowProject.Marketing_team_Notification scheduled__2022-10-27T00:00:00+00:00 [queued]>
[2022-11-17T16:38:25.839+0000] {taskinstance.py:1362} INFO - 
--------------------------------------------------------------------------------
[2022-11-17T16:38:26.259+0000] {taskinstance.py:1363} INFO - Starting attempt 1 of 1
[2022-11-17T16:38:26.260+0000] {taskinstance.py:1364} INFO - 
--------------------------------------------------------------------------------
[2022-11-17T16:38:26.699+0000] {taskinstance.py:1383} INFO - Executing <Task(BashOperator): Marketing_team_Notification> on 2022-10-27 00:00:00+00:00
[2022-11-17T16:38:26.707+0000] {standard_task_runner.py:55} INFO - Started process 4204 to run task
[2022-11-17T16:38:26.712+0000] {standard_task_runner.py:82} INFO - Running: ['***', 'tasks', 'run', 'MyPersonalAirflowProject', 'Marketing_team_Notification', 'scheduled__2022-10-27T00:00:00+00:00', '--job-id', '2239', '--raw', '--subdir', 'DAGS_FOLDER/FinalPersonalProject.py', '--cfg-path', '/tmp/tmpzj7l0k_s']
[2022-11-17T16:38:26.713+0000] {standard_task_runner.py:83} INFO - Job 2239: Subtask Marketing_team_Notification
[2022-11-17T16:38:26.884+0000] {task_command.py:376} INFO - Running <TaskInstance: MyPersonalAirflowProject.Marketing_team_Notification scheduled__2022-10-27T00:00:00+00:00 [running]> on host 638485efabe7
[2022-11-17T16:38:27.825+0000] {taskinstance.py:1592} INFO - Exporting the following env vars:
AIRFLOW_CTX_DAG_OWNER=***
AIRFLOW_CTX_DAG_ID=MyPersonalAirflowProject
AIRFLOW_CTX_TASK_ID=Marketing_team_Notification
AIRFLOW_CTX_EXECUTION_DATE=2022-10-27T00:00:00+00:00
AIRFLOW_CTX_TRY_NUMBER=1
AIRFLOW_CTX_DAG_RUN_ID=scheduled__2022-10-27T00:00:00+00:00
[2022-11-17T16:38:27.827+0000] {subprocess.py:63} INFO - Tmp dir root location: 
 /tmp
[2022-11-17T16:38:27.828+0000] {subprocess.py:75} INFO - Running command: ['/bin/bash', '-c', 'echo "Hi Marketing team, Space X data for 2022-10-27 are now available!.. Please check them out!"']
[2022-11-17T16:38:27.841+0000] {subprocess.py:86} INFO - Output:
[2022-11-17T16:38:27.842+0000] {subprocess.py:93} INFO - Hi Marketing team, Space X data for 2022-10-27 are now available!.. Please check them out!
[2022-11-17T16:38:27.843+0000] {subprocess.py:97} INFO - Command exited with return code 0
[2022-11-17T16:38:29.711+0000] {taskinstance.py:1406} INFO - Marking task as SUCCESS. dag_id=MyPersonalAirflowProject, task_id=Marketing_team_Notification, execution_date=20221027T000000, start_date=20221117T163825, end_date=20221117T163829
[2022-11-17T16:38:29.745+0000] {local_task_job.py:164} INFO - Task exited with return code 0
[2022-11-17T16:38:29.775+0000] {local_task_job.py:273} INFO - 0 downstream tasks scheduled from follow-on schedule check
[2022-11-17T17:29:47.490+0000] {taskinstance.py:1165} INFO - Dependencies all met for <TaskInstance: MyPersonalAirflowProject.Marketing_team_Notification scheduled__2022-10-27T00:00:00+00:00 [queued]>
[2022-11-17T17:29:47.503+0000] {taskinstance.py:1165} INFO - Dependencies all met for <TaskInstance: MyPersonalAirflowProject.Marketing_team_Notification scheduled__2022-10-27T00:00:00+00:00 [queued]>
[2022-11-17T17:29:47.504+0000] {taskinstance.py:1362} INFO - 
--------------------------------------------------------------------------------
[2022-11-17T17:29:47.505+0000] {taskinstance.py:1363} INFO - Starting attempt 1 of 1
[2022-11-17T17:29:47.505+0000] {taskinstance.py:1364} INFO - 
--------------------------------------------------------------------------------
[2022-11-17T17:29:47.525+0000] {taskinstance.py:1383} INFO - Executing <Task(BashOperator): Marketing_team_Notification> on 2022-10-27 00:00:00+00:00
[2022-11-17T17:29:47.531+0000] {standard_task_runner.py:55} INFO - Started process 7826 to run task
[2022-11-17T17:29:47.533+0000] {standard_task_runner.py:82} INFO - Running: ['***', 'tasks', 'run', 'MyPersonalAirflowProject', 'Marketing_team_Notification', 'scheduled__2022-10-27T00:00:00+00:00', '--job-id', '2648', '--raw', '--subdir', 'DAGS_FOLDER/FinalPersonalProject.py', '--cfg-path', '/tmp/tmp2hhg5i55']
[2022-11-17T17:29:47.534+0000] {standard_task_runner.py:83} INFO - Job 2648: Subtask Marketing_team_Notification
[2022-11-17T17:29:47.669+0000] {task_command.py:376} INFO - Running <TaskInstance: MyPersonalAirflowProject.Marketing_team_Notification scheduled__2022-10-27T00:00:00+00:00 [running]> on host 638485efabe7
[2022-11-17T17:29:47.776+0000] {taskinstance.py:1592} INFO - Exporting the following env vars:
AIRFLOW_CTX_DAG_OWNER=***
AIRFLOW_CTX_DAG_ID=MyPersonalAirflowProject
AIRFLOW_CTX_TASK_ID=Marketing_team_Notification
AIRFLOW_CTX_EXECUTION_DATE=2022-10-27T00:00:00+00:00
AIRFLOW_CTX_TRY_NUMBER=1
AIRFLOW_CTX_DAG_RUN_ID=scheduled__2022-10-27T00:00:00+00:00
[2022-11-17T17:29:47.778+0000] {subprocess.py:63} INFO - Tmp dir root location: 
 /tmp
[2022-11-17T17:29:47.779+0000] {subprocess.py:75} INFO - Running command: ['/bin/bash', '-c', 'echo "Hi Marketing team, Space X data for 2022-10-27 are now available!.. Please check them out!"']
[2022-11-17T17:29:47.795+0000] {subprocess.py:86} INFO - Output:
[2022-11-17T17:29:47.797+0000] {subprocess.py:93} INFO - Hi Marketing team, Space X data for 2022-10-27 are now available!.. Please check them out!
[2022-11-17T17:29:47.798+0000] {subprocess.py:97} INFO - Command exited with return code 0
[2022-11-17T17:29:47.830+0000] {taskinstance.py:1406} INFO - Marking task as SUCCESS. dag_id=MyPersonalAirflowProject, task_id=Marketing_team_Notification, execution_date=20221027T000000, start_date=20221117T172947, end_date=20221117T172947
[2022-11-17T17:29:47.867+0000] {local_task_job.py:164} INFO - Task exited with return code 0
[2022-11-17T17:29:47.889+0000] {local_task_job.py:273} INFO - 0 downstream tasks scheduled from follow-on schedule check
