[2022-11-17T16:07:57.240+0000] {taskinstance.py:1165} INFO - Dependencies all met for <TaskInstance: MyPersonalAirflowProject.nasa_verification_task scheduled__2022-11-16T00:00:00+00:00 [queued]>
[2022-11-17T16:07:57.252+0000] {taskinstance.py:1165} INFO - Dependencies all met for <TaskInstance: MyPersonalAirflowProject.nasa_verification_task scheduled__2022-11-16T00:00:00+00:00 [queued]>
[2022-11-17T16:07:57.252+0000] {taskinstance.py:1362} INFO - 
--------------------------------------------------------------------------------
[2022-11-17T16:07:57.254+0000] {taskinstance.py:1363} INFO - Starting attempt 1 of 1
[2022-11-17T16:07:57.254+0000] {taskinstance.py:1364} INFO - 
--------------------------------------------------------------------------------
[2022-11-17T16:07:57.274+0000] {taskinstance.py:1383} INFO - Executing <Task(BashOperator): nasa_verification_task> on 2022-11-16 00:00:00+00:00
[2022-11-17T16:07:57.280+0000] {standard_task_runner.py:55} INFO - Started process 2114 to run task
[2022-11-17T16:07:57.283+0000] {standard_task_runner.py:82} INFO - Running: ['***', 'tasks', 'run', 'MyPersonalAirflowProject', 'nasa_verification_task', 'scheduled__2022-11-16T00:00:00+00:00', '--job-id', '2018', '--raw', '--subdir', 'DAGS_FOLDER/FinalPersonalProject.py', '--cfg-path', '/tmp/tmp_aw7p_0b']
[2022-11-17T16:07:57.284+0000] {standard_task_runner.py:83} INFO - Job 2018: Subtask nasa_verification_task
[2022-11-17T16:07:57.351+0000] {task_command.py:376} INFO - Running <TaskInstance: MyPersonalAirflowProject.nasa_verification_task scheduled__2022-11-16T00:00:00+00:00 [running]> on host 638485efabe7
[2022-11-17T16:07:57.434+0000] {taskinstance.py:1592} INFO - Exporting the following env vars:
AIRFLOW_CTX_DAG_OWNER=***
AIRFLOW_CTX_DAG_ID=MyPersonalAirflowProject
AIRFLOW_CTX_TASK_ID=nasa_verification_task
AIRFLOW_CTX_EXECUTION_DATE=2022-11-16T00:00:00+00:00
AIRFLOW_CTX_TRY_NUMBER=1
AIRFLOW_CTX_DAG_RUN_ID=scheduled__2022-11-16T00:00:00+00:00
[2022-11-17T16:07:57.436+0000] {subprocess.py:63} INFO - Tmp dir root location: 
 /tmp
[2022-11-17T16:07:57.437+0000] {subprocess.py:75} INFO - Running command: ['/bin/bash', '-c', 'sleep 20 && echo "OK"> /tmp/reponse_20221116.txt']
[2022-11-17T16:07:57.447+0000] {subprocess.py:86} INFO - Output:
[2022-11-17T16:08:17.451+0000] {subprocess.py:97} INFO - Command exited with return code 0
[2022-11-17T16:08:17.485+0000] {taskinstance.py:1406} INFO - Marking task as SUCCESS. dag_id=MyPersonalAirflowProject, task_id=nasa_verification_task, execution_date=20221116T000000, start_date=20221117T160757, end_date=20221117T160817
[2022-11-17T16:08:17.547+0000] {local_task_job.py:164} INFO - Task exited with return code 0
[2022-11-17T16:08:17.592+0000] {local_task_job.py:273} INFO - 1 downstream tasks scheduled from follow-on schedule check
[2022-11-17T16:49:57.763+0000] {taskinstance.py:1165} INFO - Dependencies all met for <TaskInstance: MyPersonalAirflowProject.nasa_verification_task scheduled__2022-11-16T00:00:00+00:00 [queued]>
[2022-11-17T16:49:57.781+0000] {taskinstance.py:1165} INFO - Dependencies all met for <TaskInstance: MyPersonalAirflowProject.nasa_verification_task scheduled__2022-11-16T00:00:00+00:00 [queued]>
[2022-11-17T16:49:57.782+0000] {taskinstance.py:1362} INFO - 
--------------------------------------------------------------------------------
[2022-11-17T16:49:57.783+0000] {taskinstance.py:1363} INFO - Starting attempt 1 of 1
[2022-11-17T16:49:57.784+0000] {taskinstance.py:1364} INFO - 
--------------------------------------------------------------------------------
[2022-11-17T16:49:57.811+0000] {taskinstance.py:1383} INFO - Executing <Task(BashOperator): nasa_verification_task> on 2022-11-16 00:00:00+00:00
[2022-11-17T16:49:57.822+0000] {standard_task_runner.py:55} INFO - Started process 5191 to run task
[2022-11-17T16:49:57.827+0000] {standard_task_runner.py:82} INFO - Running: ['***', 'tasks', 'run', 'MyPersonalAirflowProject', 'nasa_verification_task', 'scheduled__2022-11-16T00:00:00+00:00', '--job-id', '2392', '--raw', '--subdir', 'DAGS_FOLDER/FinalPersonalProject.py', '--cfg-path', '/tmp/tmplt3o0he0']
[2022-11-17T16:49:57.829+0000] {standard_task_runner.py:83} INFO - Job 2392: Subtask nasa_verification_task
[2022-11-17T16:49:57.921+0000] {task_command.py:376} INFO - Running <TaskInstance: MyPersonalAirflowProject.nasa_verification_task scheduled__2022-11-16T00:00:00+00:00 [running]> on host 638485efabe7
[2022-11-17T16:49:58.015+0000] {taskinstance.py:1592} INFO - Exporting the following env vars:
AIRFLOW_CTX_DAG_OWNER=***
AIRFLOW_CTX_DAG_ID=MyPersonalAirflowProject
AIRFLOW_CTX_TASK_ID=nasa_verification_task
AIRFLOW_CTX_EXECUTION_DATE=2022-11-16T00:00:00+00:00
AIRFLOW_CTX_TRY_NUMBER=1
AIRFLOW_CTX_DAG_RUN_ID=scheduled__2022-11-16T00:00:00+00:00
[2022-11-17T16:49:58.017+0000] {subprocess.py:63} INFO - Tmp dir root location: 
 /tmp
[2022-11-17T16:49:58.018+0000] {subprocess.py:75} INFO - Running command: ['/bin/bash', '-c', 'sleep 20 && echo "OK"> /tmp/reponse_20221116.txt']
[2022-11-17T16:49:58.034+0000] {subprocess.py:86} INFO - Output:
[2022-11-17T16:50:18.040+0000] {subprocess.py:97} INFO - Command exited with return code 0
[2022-11-17T16:50:18.076+0000] {taskinstance.py:1406} INFO - Marking task as SUCCESS. dag_id=MyPersonalAirflowProject, task_id=nasa_verification_task, execution_date=20221116T000000, start_date=20221117T164957, end_date=20221117T165018
[2022-11-17T16:50:18.119+0000] {local_task_job.py:164} INFO - Task exited with return code 0
[2022-11-17T16:50:18.161+0000] {local_task_job.py:273} INFO - 1 downstream tasks scheduled from follow-on schedule check
[2022-11-17T17:39:25.637+0000] {taskinstance.py:1165} INFO - Dependencies all met for <TaskInstance: MyPersonalAirflowProject.nasa_verification_task scheduled__2022-11-16T00:00:00+00:00 [queued]>
[2022-11-17T17:39:25.658+0000] {taskinstance.py:1165} INFO - Dependencies all met for <TaskInstance: MyPersonalAirflowProject.nasa_verification_task scheduled__2022-11-16T00:00:00+00:00 [queued]>
[2022-11-17T17:39:25.659+0000] {taskinstance.py:1362} INFO - 
--------------------------------------------------------------------------------
[2022-11-17T17:39:25.660+0000] {taskinstance.py:1363} INFO - Starting attempt 1 of 1
[2022-11-17T17:39:25.660+0000] {taskinstance.py:1364} INFO - 
--------------------------------------------------------------------------------
[2022-11-17T17:39:25.684+0000] {taskinstance.py:1383} INFO - Executing <Task(BashOperator): nasa_verification_task> on 2022-11-16 00:00:00+00:00
[2022-11-17T17:39:25.693+0000] {standard_task_runner.py:55} INFO - Started process 8766 to run task
[2022-11-17T17:39:25.697+0000] {standard_task_runner.py:82} INFO - Running: ['***', 'tasks', 'run', 'MyPersonalAirflowProject', 'nasa_verification_task', 'scheduled__2022-11-16T00:00:00+00:00', '--job-id', '2802', '--raw', '--subdir', 'DAGS_FOLDER/FinalPersonalProject.py', '--cfg-path', '/tmp/tmpv3jp4bns']
[2022-11-17T17:39:25.698+0000] {standard_task_runner.py:83} INFO - Job 2802: Subtask nasa_verification_task
