[2022-11-16T21:31:13.007+0000] {taskinstance.py:1165} INFO - Dependencies all met for <TaskInstance: MyPersonalAirflowProject.waiting_nasa_confirmation scheduled__2022-10-27T00:00:00+00:00 [queued]>
[2022-11-16T21:31:13.022+0000] {taskinstance.py:1165} INFO - Dependencies all met for <TaskInstance: MyPersonalAirflowProject.waiting_nasa_confirmation scheduled__2022-10-27T00:00:00+00:00 [queued]>
[2022-11-16T21:31:13.023+0000] {taskinstance.py:1362} INFO - 
--------------------------------------------------------------------------------
[2022-11-16T21:31:13.024+0000] {taskinstance.py:1363} INFO - Starting attempt 1 of 1
[2022-11-16T21:31:13.024+0000] {taskinstance.py:1364} INFO - 
--------------------------------------------------------------------------------
[2022-11-16T21:31:13.042+0000] {taskinstance.py:1383} INFO - Executing <Task(FileSensor): waiting_nasa_confirmation> on 2022-10-27 00:00:00+00:00
[2022-11-16T21:31:13.048+0000] {standard_task_runner.py:55} INFO - Started process 2928 to run task
[2022-11-16T21:31:13.051+0000] {standard_task_runner.py:82} INFO - Running: ['***', 'tasks', 'run', 'MyPersonalAirflowProject', 'waiting_nasa_confirmation', 'scheduled__2022-10-27T00:00:00+00:00', '--job-id', '1383', '--raw', '--subdir', 'DAGS_FOLDER/FinalPersonalProject.py', '--cfg-path', '/tmp/tmpx5dosvu3']
[2022-11-16T21:31:13.052+0000] {standard_task_runner.py:83} INFO - Job 1383: Subtask waiting_nasa_confirmation
[2022-11-16T21:31:13.123+0000] {task_command.py:376} INFO - Running <TaskInstance: MyPersonalAirflowProject.waiting_nasa_confirmation scheduled__2022-10-27T00:00:00+00:00 [running]> on host 638485efabe7
[2022-11-16T21:31:13.207+0000] {taskinstance.py:1592} INFO - Exporting the following env vars:
AIRFLOW_CTX_DAG_OWNER=***
AIRFLOW_CTX_DAG_ID=MyPersonalAirflowProject
AIRFLOW_CTX_TASK_ID=waiting_nasa_confirmation
AIRFLOW_CTX_EXECUTION_DATE=2022-10-27T00:00:00+00:00
AIRFLOW_CTX_TRY_NUMBER=1
AIRFLOW_CTX_DAG_RUN_ID=scheduled__2022-10-27T00:00:00+00:00
[2022-11-16T21:31:13.219+0000] {base.py:71} INFO - Using connection ID 'fs_default' for task execution.
[2022-11-16T21:31:13.220+0000] {filesystem.py:58} INFO - Poking for file /tmp/reponse_20221027.txt
[2022-11-16T21:31:13.221+0000] {filesystem.py:63} INFO - Found File /tmp/reponse_20221027.txt last modified: 20221116213112
[2022-11-16T21:31:13.221+0000] {base.py:213} INFO - Success criteria met. Exiting.
[2022-11-16T21:31:13.234+0000] {taskinstance.py:1406} INFO - Marking task as SUCCESS. dag_id=MyPersonalAirflowProject, task_id=waiting_nasa_confirmation, execution_date=20221027T000000, start_date=20221116T213113, end_date=20221116T213113
[2022-11-16T21:31:13.292+0000] {local_task_job.py:164} INFO - Task exited with return code 0
[2022-11-16T21:31:13.318+0000] {local_task_job.py:273} INFO - 0 downstream tasks scheduled from follow-on schedule check
[2022-11-16T22:26:20.297+0000] {taskinstance.py:1165} INFO - Dependencies all met for <TaskInstance: MyPersonalAirflowProject.waiting_nasa_confirmation scheduled__2022-10-27T00:00:00+00:00 [queued]>
[2022-11-16T22:26:20.315+0000] {taskinstance.py:1165} INFO - Dependencies all met for <TaskInstance: MyPersonalAirflowProject.waiting_nasa_confirmation scheduled__2022-10-27T00:00:00+00:00 [queued]>
[2022-11-16T22:26:20.315+0000] {taskinstance.py:1362} INFO - 
--------------------------------------------------------------------------------
[2022-11-16T22:26:20.316+0000] {taskinstance.py:1363} INFO - Starting attempt 1 of 1
[2022-11-16T22:26:20.316+0000] {taskinstance.py:1364} INFO - 
--------------------------------------------------------------------------------
[2022-11-16T22:26:20.339+0000] {taskinstance.py:1383} INFO - Executing <Task(FileSensor): waiting_nasa_confirmation> on 2022-10-27 00:00:00+00:00
[2022-11-16T22:26:20.345+0000] {standard_task_runner.py:55} INFO - Started process 5820 to run task
[2022-11-16T22:26:20.348+0000] {standard_task_runner.py:82} INFO - Running: ['***', 'tasks', 'run', 'MyPersonalAirflowProject', 'waiting_nasa_confirmation', 'scheduled__2022-10-27T00:00:00+00:00', '--job-id', '1597', '--raw', '--subdir', 'DAGS_FOLDER/FinalPersonalProject.py', '--cfg-path', '/tmp/tmp9g_z_jmt']
[2022-11-16T22:26:20.351+0000] {standard_task_runner.py:83} INFO - Job 1597: Subtask waiting_nasa_confirmation
[2022-11-16T22:26:20.423+0000] {task_command.py:376} INFO - Running <TaskInstance: MyPersonalAirflowProject.waiting_nasa_confirmation scheduled__2022-10-27T00:00:00+00:00 [running]> on host 638485efabe7
[2022-11-16T22:26:20.516+0000] {taskinstance.py:1592} INFO - Exporting the following env vars:
AIRFLOW_CTX_DAG_OWNER=***
AIRFLOW_CTX_DAG_ID=MyPersonalAirflowProject
AIRFLOW_CTX_TASK_ID=waiting_nasa_confirmation
AIRFLOW_CTX_EXECUTION_DATE=2022-10-27T00:00:00+00:00
AIRFLOW_CTX_TRY_NUMBER=1
AIRFLOW_CTX_DAG_RUN_ID=scheduled__2022-10-27T00:00:00+00:00
[2022-11-16T22:26:20.526+0000] {base.py:71} INFO - Using connection ID 'fs_default' for task execution.
[2022-11-16T22:26:20.527+0000] {filesystem.py:58} INFO - Poking for file /tmp/reponse_20221027.txt
[2022-11-16T22:26:20.528+0000] {filesystem.py:63} INFO - Found File /tmp/reponse_20221027.txt last modified: 20221116222619
[2022-11-16T22:26:20.529+0000] {base.py:213} INFO - Success criteria met. Exiting.
[2022-11-16T22:26:20.541+0000] {taskinstance.py:1406} INFO - Marking task as SUCCESS. dag_id=MyPersonalAirflowProject, task_id=waiting_nasa_confirmation, execution_date=20221027T000000, start_date=20221116T222620, end_date=20221116T222620
[2022-11-16T22:26:20.588+0000] {local_task_job.py:164} INFO - Task exited with return code 0
[2022-11-16T22:26:20.633+0000] {local_task_job.py:273} INFO - 1 downstream tasks scheduled from follow-on schedule check
[2022-11-17T16:38:05.194+0000] {taskinstance.py:1165} INFO - Dependencies all met for <TaskInstance: MyPersonalAirflowProject.waiting_nasa_confirmation scheduled__2022-10-27T00:00:00+00:00 [queued]>
[2022-11-17T16:38:05.301+0000] {taskinstance.py:1165} INFO - Dependencies all met for <TaskInstance: MyPersonalAirflowProject.waiting_nasa_confirmation scheduled__2022-10-27T00:00:00+00:00 [queued]>
[2022-11-17T16:38:05.301+0000] {taskinstance.py:1362} INFO - 
--------------------------------------------------------------------------------
[2022-11-17T16:38:05.302+0000] {taskinstance.py:1363} INFO - Starting attempt 1 of 1
[2022-11-17T16:38:05.302+0000] {taskinstance.py:1364} INFO - 
--------------------------------------------------------------------------------
[2022-11-17T16:38:05.581+0000] {taskinstance.py:1383} INFO - Executing <Task(FileSensor): waiting_nasa_confirmation> on 2022-10-27 00:00:00+00:00
[2022-11-17T16:38:05.587+0000] {standard_task_runner.py:55} INFO - Started process 4168 to run task
[2022-11-17T16:38:05.590+0000] {standard_task_runner.py:82} INFO - Running: ['***', 'tasks', 'run', 'MyPersonalAirflowProject', 'waiting_nasa_confirmation', 'scheduled__2022-10-27T00:00:00+00:00', '--job-id', '2233', '--raw', '--subdir', 'DAGS_FOLDER/FinalPersonalProject.py', '--cfg-path', '/tmp/tmpq2bpw16f']
[2022-11-17T16:38:05.591+0000] {standard_task_runner.py:83} INFO - Job 2233: Subtask waiting_nasa_confirmation
[2022-11-17T16:38:05.787+0000] {task_command.py:376} INFO - Running <TaskInstance: MyPersonalAirflowProject.waiting_nasa_confirmation scheduled__2022-10-27T00:00:00+00:00 [running]> on host 638485efabe7
[2022-11-17T16:38:06.111+0000] {taskinstance.py:1592} INFO - Exporting the following env vars:
AIRFLOW_CTX_DAG_OWNER=***
AIRFLOW_CTX_DAG_ID=MyPersonalAirflowProject
AIRFLOW_CTX_TASK_ID=waiting_nasa_confirmation
AIRFLOW_CTX_EXECUTION_DATE=2022-10-27T00:00:00+00:00
AIRFLOW_CTX_TRY_NUMBER=1
AIRFLOW_CTX_DAG_RUN_ID=scheduled__2022-10-27T00:00:00+00:00
[2022-11-17T16:38:06.121+0000] {base.py:71} INFO - Using connection ID 'fs_default' for task execution.
[2022-11-17T16:38:06.122+0000] {filesystem.py:58} INFO - Poking for file /tmp/reponse_20221027.txt
[2022-11-17T16:38:06.123+0000] {filesystem.py:63} INFO - Found File /tmp/reponse_20221027.txt last modified: 20221117163802
[2022-11-17T16:38:06.123+0000] {base.py:213} INFO - Success criteria met. Exiting.
[2022-11-17T16:38:06.134+0000] {taskinstance.py:1406} INFO - Marking task as SUCCESS. dag_id=MyPersonalAirflowProject, task_id=waiting_nasa_confirmation, execution_date=20221027T000000, start_date=20221117T163805, end_date=20221117T163806
[2022-11-17T16:38:06.208+0000] {local_task_job.py:164} INFO - Task exited with return code 0
[2022-11-17T16:38:06.487+0000] {local_task_job.py:273} INFO - 1 downstream tasks scheduled from follow-on schedule check
[2022-11-17T17:29:41.460+0000] {taskinstance.py:1165} INFO - Dependencies all met for <TaskInstance: MyPersonalAirflowProject.waiting_nasa_confirmation scheduled__2022-10-27T00:00:00+00:00 [queued]>
[2022-11-17T17:29:41.475+0000] {taskinstance.py:1165} INFO - Dependencies all met for <TaskInstance: MyPersonalAirflowProject.waiting_nasa_confirmation scheduled__2022-10-27T00:00:00+00:00 [queued]>
[2022-11-17T17:29:41.475+0000] {taskinstance.py:1362} INFO - 
--------------------------------------------------------------------------------
[2022-11-17T17:29:41.476+0000] {taskinstance.py:1363} INFO - Starting attempt 1 of 1
[2022-11-17T17:29:41.476+0000] {taskinstance.py:1364} INFO - 
--------------------------------------------------------------------------------
[2022-11-17T17:29:41.494+0000] {taskinstance.py:1383} INFO - Executing <Task(FileSensor): waiting_nasa_confirmation> on 2022-10-27 00:00:00+00:00
[2022-11-17T17:29:41.499+0000] {standard_task_runner.py:55} INFO - Started process 7809 to run task
[2022-11-17T17:29:41.503+0000] {standard_task_runner.py:82} INFO - Running: ['***', 'tasks', 'run', 'MyPersonalAirflowProject', 'waiting_nasa_confirmation', 'scheduled__2022-10-27T00:00:00+00:00', '--job-id', '2643', '--raw', '--subdir', 'DAGS_FOLDER/FinalPersonalProject.py', '--cfg-path', '/tmp/tmp2ppcdbws']
[2022-11-17T17:29:41.503+0000] {standard_task_runner.py:83} INFO - Job 2643: Subtask waiting_nasa_confirmation
[2022-11-17T17:29:41.573+0000] {task_command.py:376} INFO - Running <TaskInstance: MyPersonalAirflowProject.waiting_nasa_confirmation scheduled__2022-10-27T00:00:00+00:00 [running]> on host 638485efabe7
[2022-11-17T17:29:41.648+0000] {taskinstance.py:1592} INFO - Exporting the following env vars:
AIRFLOW_CTX_DAG_OWNER=***
AIRFLOW_CTX_DAG_ID=MyPersonalAirflowProject
AIRFLOW_CTX_TASK_ID=waiting_nasa_confirmation
AIRFLOW_CTX_EXECUTION_DATE=2022-10-27T00:00:00+00:00
AIRFLOW_CTX_TRY_NUMBER=1
AIRFLOW_CTX_DAG_RUN_ID=scheduled__2022-10-27T00:00:00+00:00
[2022-11-17T17:29:41.658+0000] {base.py:71} INFO - Using connection ID 'fs_default' for task execution.
[2022-11-17T17:29:41.659+0000] {filesystem.py:58} INFO - Poking for file /tmp/reponse_20221027.txt
[2022-11-17T17:29:41.659+0000] {filesystem.py:63} INFO - Found File /tmp/reponse_20221027.txt last modified: 20221117172940
[2022-11-17T17:29:41.660+0000] {base.py:213} INFO - Success criteria met. Exiting.
[2022-11-17T17:29:41.671+0000] {taskinstance.py:1406} INFO - Marking task as SUCCESS. dag_id=MyPersonalAirflowProject, task_id=waiting_nasa_confirmation, execution_date=20221027T000000, start_date=20221117T172941, end_date=20221117T172941
[2022-11-17T17:29:41.715+0000] {local_task_job.py:164} INFO - Task exited with return code 0
[2022-11-17T17:29:41.758+0000] {local_task_job.py:273} INFO - 1 downstream tasks scheduled from follow-on schedule check
