[2022-11-16T22:19:12.962+0000] {taskinstance.py:1165} INFO - Dependencies all met for <TaskInstance: MyPersonalAirflowProject.SpaceX_data scheduled__2022-10-17T00:00:00+00:00 [queued]>
[2022-11-16T22:19:12.979+0000] {taskinstance.py:1165} INFO - Dependencies all met for <TaskInstance: MyPersonalAirflowProject.SpaceX_data scheduled__2022-10-17T00:00:00+00:00 [queued]>
[2022-11-16T22:19:12.980+0000] {taskinstance.py:1362} INFO - 
--------------------------------------------------------------------------------
[2022-11-16T22:19:12.982+0000] {taskinstance.py:1363} INFO - Starting attempt 1 of 1
[2022-11-16T22:19:12.982+0000] {taskinstance.py:1364} INFO - 
--------------------------------------------------------------------------------
[2022-11-16T22:19:13.013+0000] {taskinstance.py:1383} INFO - Executing <Task(BashOperator): SpaceX_data> on 2022-10-17 00:00:00+00:00
[2022-11-16T22:19:13.021+0000] {standard_task_runner.py:55} INFO - Started process 5401 to run task
[2022-11-16T22:19:13.027+0000] {standard_task_runner.py:82} INFO - Running: ['***', 'tasks', 'run', 'MyPersonalAirflowProject', 'SpaceX_data', 'scheduled__2022-10-17T00:00:00+00:00', '--job-id', '1539', '--raw', '--subdir', 'DAGS_FOLDER/FinalPersonalProject.py', '--cfg-path', '/tmp/tmprgfuhdxz']
[2022-11-16T22:19:13.028+0000] {standard_task_runner.py:83} INFO - Job 1539: Subtask SpaceX_data
[2022-11-16T22:19:13.119+0000] {task_command.py:376} INFO - Running <TaskInstance: MyPersonalAirflowProject.SpaceX_data scheduled__2022-10-17T00:00:00+00:00 [running]> on host 638485efabe7
[2022-11-16T22:19:13.265+0000] {taskinstance.py:1592} INFO - Exporting the following env vars:
AIRFLOW_CTX_DAG_OWNER=***
AIRFLOW_CTX_DAG_ID=MyPersonalAirflowProject
AIRFLOW_CTX_TASK_ID=SpaceX_data
AIRFLOW_CTX_EXECUTION_DATE=2022-10-17T00:00:00+00:00
AIRFLOW_CTX_TRY_NUMBER=1
AIRFLOW_CTX_DAG_RUN_ID=scheduled__2022-10-17T00:00:00+00:00
[2022-11-16T22:19:13.267+0000] {subprocess.py:63} INFO - Tmp dir root location: 
 /tmp
[2022-11-16T22:19:13.268+0000] {subprocess.py:75} INFO - Running command: ['/bin/bash', '-c', "curl -o /tmp/history.json -L 'https://api.spacexdata.com/v4/history'"]
[2022-11-16T22:19:13.285+0000] {subprocess.py:86} INFO - Output:
[2022-11-16T22:19:13.295+0000] {subprocess.py:93} INFO -   % Total    % Received % Xferd  Average Speed   Time    Time     Time  Current
[2022-11-16T22:19:13.295+0000] {subprocess.py:93} INFO -                                  Dload  Upload   Total   Spent    Left  Speed
[2022-11-16T22:19:13.605+0000] {subprocess.py:93} INFO -   0     0    0     0    0     0      0      0 --:--:-- --:--:-- --:--:--     0100  6756    0  6756    0     0  21793      0 --:--:-- --:--:-- --:--:-- 21864
[2022-11-16T22:19:13.608+0000] {subprocess.py:97} INFO - Command exited with return code 0
[2022-11-16T22:19:13.642+0000] {taskinstance.py:1406} INFO - Marking task as SUCCESS. dag_id=MyPersonalAirflowProject, task_id=SpaceX_data, execution_date=20221017T000000, start_date=20221116T221912, end_date=20221116T221913
[2022-11-16T22:19:13.734+0000] {local_task_job.py:164} INFO - Task exited with return code 0
[2022-11-16T22:19:13.798+0000] {local_task_job.py:273} INFO - 1 downstream tasks scheduled from follow-on schedule check
[2022-11-17T16:32:28.473+0000] {taskinstance.py:1165} INFO - Dependencies all met for <TaskInstance: MyPersonalAirflowProject.SpaceX_data scheduled__2022-10-17T00:00:00+00:00 [queued]>
[2022-11-17T16:32:28.485+0000] {taskinstance.py:1165} INFO - Dependencies all met for <TaskInstance: MyPersonalAirflowProject.SpaceX_data scheduled__2022-10-17T00:00:00+00:00 [queued]>
[2022-11-17T16:32:28.485+0000] {taskinstance.py:1362} INFO - 
--------------------------------------------------------------------------------
[2022-11-17T16:32:28.486+0000] {taskinstance.py:1363} INFO - Starting attempt 1 of 1
[2022-11-17T16:32:28.486+0000] {taskinstance.py:1364} INFO - 
--------------------------------------------------------------------------------
[2022-11-17T16:32:28.503+0000] {taskinstance.py:1383} INFO - Executing <Task(BashOperator): SpaceX_data> on 2022-10-17 00:00:00+00:00
[2022-11-17T16:32:28.509+0000] {standard_task_runner.py:55} INFO - Started process 3684 to run task
[2022-11-17T16:32:28.511+0000] {standard_task_runner.py:82} INFO - Running: ['***', 'tasks', 'run', 'MyPersonalAirflowProject', 'SpaceX_data', 'scheduled__2022-10-17T00:00:00+00:00', '--job-id', '2155', '--raw', '--subdir', 'DAGS_FOLDER/FinalPersonalProject.py', '--cfg-path', '/tmp/tmpupj89hfe']
[2022-11-17T16:32:28.512+0000] {standard_task_runner.py:83} INFO - Job 2155: Subtask SpaceX_data
[2022-11-17T16:32:28.582+0000] {task_command.py:376} INFO - Running <TaskInstance: MyPersonalAirflowProject.SpaceX_data scheduled__2022-10-17T00:00:00+00:00 [running]> on host 638485efabe7
[2022-11-17T16:32:28.660+0000] {taskinstance.py:1592} INFO - Exporting the following env vars:
AIRFLOW_CTX_DAG_OWNER=***
AIRFLOW_CTX_DAG_ID=MyPersonalAirflowProject
AIRFLOW_CTX_TASK_ID=SpaceX_data
AIRFLOW_CTX_EXECUTION_DATE=2022-10-17T00:00:00+00:00
AIRFLOW_CTX_TRY_NUMBER=1
AIRFLOW_CTX_DAG_RUN_ID=scheduled__2022-10-17T00:00:00+00:00
[2022-11-17T16:32:28.661+0000] {subprocess.py:63} INFO - Tmp dir root location: 
 /tmp
[2022-11-17T16:32:28.662+0000] {subprocess.py:75} INFO - Running command: ['/bin/bash', '-c', "curl -o /tmp/history.json -L 'https://api.spacexdata.com/v4/history'"]
[2022-11-17T16:32:28.673+0000] {subprocess.py:86} INFO - Output:
[2022-11-17T16:32:28.680+0000] {subprocess.py:93} INFO -   % Total    % Received % Xferd  Average Speed   Time    Time     Time  Current
[2022-11-17T16:32:28.681+0000] {subprocess.py:93} INFO -                                  Dload  Upload   Total   Spent    Left  Speed
[2022-11-17T16:32:28.878+0000] {subprocess.py:93} INFO -   0     0    0     0    0     0      0      0 --:--:-- --:--:-- --:--:--     0100  6756    0  6756    0     0  34121      0 --:--:-- --:--:-- --:--:-- 34121
[2022-11-17T16:32:28.906+0000] {subprocess.py:97} INFO - Command exited with return code 0
[2022-11-17T16:32:28.951+0000] {taskinstance.py:1406} INFO - Marking task as SUCCESS. dag_id=MyPersonalAirflowProject, task_id=SpaceX_data, execution_date=20221017T000000, start_date=20221117T163228, end_date=20221117T163228
[2022-11-17T16:32:29.006+0000] {local_task_job.py:164} INFO - Task exited with return code 0
[2022-11-17T16:32:29.047+0000] {local_task_job.py:273} INFO - 1 downstream tasks scheduled from follow-on schedule check
[2022-11-17T17:24:41.944+0000] {taskinstance.py:1165} INFO - Dependencies all met for <TaskInstance: MyPersonalAirflowProject.SpaceX_data scheduled__2022-10-17T00:00:00+00:00 [queued]>
[2022-11-17T17:24:41.959+0000] {taskinstance.py:1165} INFO - Dependencies all met for <TaskInstance: MyPersonalAirflowProject.SpaceX_data scheduled__2022-10-17T00:00:00+00:00 [queued]>
[2022-11-17T17:24:41.959+0000] {taskinstance.py:1362} INFO - 
--------------------------------------------------------------------------------
[2022-11-17T17:24:41.960+0000] {taskinstance.py:1363} INFO - Starting attempt 1 of 1
[2022-11-17T17:24:41.960+0000] {taskinstance.py:1364} INFO - 
--------------------------------------------------------------------------------
[2022-11-17T17:24:41.977+0000] {taskinstance.py:1383} INFO - Executing <Task(BashOperator): SpaceX_data> on 2022-10-17 00:00:00+00:00
[2022-11-17T17:24:41.982+0000] {standard_task_runner.py:55} INFO - Started process 7327 to run task
[2022-11-17T17:24:41.985+0000] {standard_task_runner.py:82} INFO - Running: ['***', 'tasks', 'run', 'MyPersonalAirflowProject', 'SpaceX_data', 'scheduled__2022-10-17T00:00:00+00:00', '--job-id', '2565', '--raw', '--subdir', 'DAGS_FOLDER/FinalPersonalProject.py', '--cfg-path', '/tmp/tmpth4tn4pf']
[2022-11-17T17:24:41.986+0000] {standard_task_runner.py:83} INFO - Job 2565: Subtask SpaceX_data
[2022-11-17T17:24:42.055+0000] {task_command.py:376} INFO - Running <TaskInstance: MyPersonalAirflowProject.SpaceX_data scheduled__2022-10-17T00:00:00+00:00 [running]> on host 638485efabe7
[2022-11-17T17:24:42.133+0000] {taskinstance.py:1592} INFO - Exporting the following env vars:
AIRFLOW_CTX_DAG_OWNER=***
AIRFLOW_CTX_DAG_ID=MyPersonalAirflowProject
AIRFLOW_CTX_TASK_ID=SpaceX_data
AIRFLOW_CTX_EXECUTION_DATE=2022-10-17T00:00:00+00:00
AIRFLOW_CTX_TRY_NUMBER=1
AIRFLOW_CTX_DAG_RUN_ID=scheduled__2022-10-17T00:00:00+00:00
[2022-11-17T17:24:42.135+0000] {subprocess.py:63} INFO - Tmp dir root location: 
 /tmp
[2022-11-17T17:24:42.136+0000] {subprocess.py:75} INFO - Running command: ['/bin/bash', '-c', "curl -o /tmp/history.json -L 'https://api.spacexdata.com/v4/history'"]
[2022-11-17T17:24:42.147+0000] {subprocess.py:86} INFO - Output:
[2022-11-17T17:24:42.154+0000] {subprocess.py:93} INFO -   % Total    % Received % Xferd  Average Speed   Time    Time     Time  Current
[2022-11-17T17:24:42.155+0000] {subprocess.py:93} INFO -                                  Dload  Upload   Total   Spent    Left  Speed
[2022-11-17T17:24:42.366+0000] {subprocess.py:93} INFO -   0     0    0     0    0     0      0      0 --:--:-- --:--:-- --:--:--     0  0     0    0     0    0     0      0      0 --:--:-- --:--:-- --:--:--     0100  6756    0  6756    0     0  31867      0 --:--:-- --:--:-- --:--:-- 31718
[2022-11-17T17:24:42.369+0000] {subprocess.py:97} INFO - Command exited with return code 0
[2022-11-17T17:24:42.398+0000] {taskinstance.py:1406} INFO - Marking task as SUCCESS. dag_id=MyPersonalAirflowProject, task_id=SpaceX_data, execution_date=20221017T000000, start_date=20221117T172441, end_date=20221117T172442
[2022-11-17T17:24:42.442+0000] {local_task_job.py:164} INFO - Task exited with return code 0
[2022-11-17T17:24:42.475+0000] {local_task_job.py:273} INFO - 1 downstream tasks scheduled from follow-on schedule check
