[2022-11-09T04:30:19.994+0000] {processor.py:154} INFO - Started process (PID=2431) to work on /opt/airflow/dags/2-pythonoperator.py
[2022-11-09T04:30:19.995+0000] {processor.py:756} INFO - Processing file /opt/airflow/dags/2-pythonoperator.py for tasks to queue
[2022-11-09T04:30:19.997+0000] {logging_mixin.py:120} INFO - [2022-11-09T04:30:19.996+0000] {dagbag.py:537} INFO - Filling up the DagBag from /opt/airflow/dags/2-pythonoperator.py
[2022-11-09T04:30:20.133+0000] {processor.py:766} INFO - DAG(s) dict_keys(['2-pythonoperator']) retrieved from /opt/airflow/dags/2-pythonoperator.py
[2022-11-09T04:30:20.267+0000] {logging_mixin.py:120} INFO - [2022-11-09T04:30:20.266+0000] {dag.py:2585} INFO - Sync 1 DAGs
[2022-11-09T04:30:20.303+0000] {logging_mixin.py:120} INFO - [2022-11-09T04:30:20.303+0000] {dag.py:3340} INFO - Setting next_dagrun for 2-pythonoperator to 2022-11-01T00:00:00+00:00, run_after=2022-11-01T00:00:00+00:00
[2022-11-09T04:30:20.425+0000] {processor.py:176} INFO - Processing /opt/airflow/dags/2-pythonoperator.py took 0.434 seconds
[2022-11-09T04:30:51.718+0000] {processor.py:154} INFO - Started process (PID=2459) to work on /opt/airflow/dags/2-pythonoperator.py
[2022-11-09T04:30:51.720+0000] {processor.py:756} INFO - Processing file /opt/airflow/dags/2-pythonoperator.py for tasks to queue
[2022-11-09T04:30:51.722+0000] {logging_mixin.py:120} INFO - [2022-11-09T04:30:51.722+0000] {dagbag.py:537} INFO - Filling up the DagBag from /opt/airflow/dags/2-pythonoperator.py
[2022-11-09T04:30:51.783+0000] {processor.py:766} INFO - DAG(s) dict_keys(['2-pythonoperator']) retrieved from /opt/airflow/dags/2-pythonoperator.py
[2022-11-09T04:30:51.844+0000] {logging_mixin.py:120} INFO - [2022-11-09T04:30:51.844+0000] {dag.py:2585} INFO - Sync 1 DAGs
[2022-11-09T04:30:51.982+0000] {logging_mixin.py:120} INFO - [2022-11-09T04:30:51.969+0000] {dag.py:3340} INFO - Setting next_dagrun for 2-pythonoperator to 2022-11-01T00:00:00+00:00, run_after=2022-11-01T00:00:00+00:00
[2022-11-09T04:30:52.483+0000] {processor.py:176} INFO - Processing /opt/airflow/dags/2-pythonoperator.py took 0.772 seconds
[2022-11-09T14:45:36.393+0000] {processor.py:154} INFO - Started process (PID=54) to work on /opt/airflow/dags/2-pythonoperator.py
[2022-11-09T14:45:36.394+0000] {processor.py:756} INFO - Processing file /opt/airflow/dags/2-pythonoperator.py for tasks to queue
[2022-11-09T14:45:36.396+0000] {logging_mixin.py:120} INFO - [2022-11-09T14:45:36.396+0000] {dagbag.py:537} INFO - Filling up the DagBag from /opt/airflow/dags/2-pythonoperator.py
[2022-11-09T14:45:36.447+0000] {processor.py:766} INFO - DAG(s) dict_keys(['2-pythonoperator']) retrieved from /opt/airflow/dags/2-pythonoperator.py
[2022-11-09T14:45:36.587+0000] {logging_mixin.py:120} INFO - [2022-11-09T14:45:36.586+0000] {dag.py:2585} INFO - Sync 1 DAGs
[2022-11-09T14:45:36.641+0000] {logging_mixin.py:120} INFO - [2022-11-09T14:45:36.641+0000] {dag.py:3340} INFO - Setting next_dagrun for 2-pythonoperator to 2022-11-01T00:00:00+00:00, run_after=2022-11-01T00:00:00+00:00
[2022-11-09T14:45:36.755+0000] {processor.py:176} INFO - Processing /opt/airflow/dags/2-pythonoperator.py took 0.365 seconds
[2022-11-09T14:46:11.914+0000] {processor.py:154} INFO - Started process (PID=82) to work on /opt/airflow/dags/2-pythonoperator.py
[2022-11-09T14:46:11.916+0000] {processor.py:756} INFO - Processing file /opt/airflow/dags/2-pythonoperator.py for tasks to queue
[2022-11-09T14:46:11.917+0000] {logging_mixin.py:120} INFO - [2022-11-09T14:46:11.917+0000] {dagbag.py:537} INFO - Filling up the DagBag from /opt/airflow/dags/2-pythonoperator.py
[2022-11-09T14:46:11.973+0000] {processor.py:766} INFO - DAG(s) dict_keys(['2-pythonoperator']) retrieved from /opt/airflow/dags/2-pythonoperator.py
[2022-11-09T14:46:12.023+0000] {logging_mixin.py:120} INFO - [2022-11-09T14:46:12.023+0000] {dag.py:2585} INFO - Sync 1 DAGs
[2022-11-09T14:46:12.072+0000] {logging_mixin.py:120} INFO - [2022-11-09T14:46:12.072+0000] {dag.py:3340} INFO - Setting next_dagrun for 2-pythonoperator to 2022-11-01T00:00:00+00:00, run_after=2022-11-01T00:00:00+00:00
[2022-11-09T14:46:12.105+0000] {processor.py:176} INFO - Processing /opt/airflow/dags/2-pythonoperator.py took 0.193 seconds
[2022-11-09T14:46:42.596+0000] {processor.py:154} INFO - Started process (PID=110) to work on /opt/airflow/dags/2-pythonoperator.py
[2022-11-09T14:46:42.597+0000] {processor.py:756} INFO - Processing file /opt/airflow/dags/2-pythonoperator.py for tasks to queue
[2022-11-09T14:46:42.599+0000] {logging_mixin.py:120} INFO - [2022-11-09T14:46:42.598+0000] {dagbag.py:537} INFO - Filling up the DagBag from /opt/airflow/dags/2-pythonoperator.py
[2022-11-09T14:46:42.634+0000] {processor.py:766} INFO - DAG(s) dict_keys(['2-pythonoperator']) retrieved from /opt/airflow/dags/2-pythonoperator.py
[2022-11-09T14:46:42.729+0000] {logging_mixin.py:120} INFO - [2022-11-09T14:46:42.729+0000] {dag.py:2585} INFO - Sync 1 DAGs
[2022-11-09T14:46:42.758+0000] {logging_mixin.py:120} INFO - [2022-11-09T14:46:42.757+0000] {dag.py:3340} INFO - Setting next_dagrun for 2-pythonoperator to 2022-11-01T00:00:00+00:00, run_after=2022-11-01T00:00:00+00:00
[2022-11-09T14:46:42.790+0000] {processor.py:176} INFO - Processing /opt/airflow/dags/2-pythonoperator.py took 0.198 seconds
[2022-11-09T14:47:13.316+0000] {processor.py:154} INFO - Started process (PID=147) to work on /opt/airflow/dags/2-pythonoperator.py
[2022-11-09T14:47:13.322+0000] {processor.py:756} INFO - Processing file /opt/airflow/dags/2-pythonoperator.py for tasks to queue
[2022-11-09T14:47:13.326+0000] {logging_mixin.py:120} INFO - [2022-11-09T14:47:13.324+0000] {dagbag.py:537} INFO - Filling up the DagBag from /opt/airflow/dags/2-pythonoperator.py
[2022-11-09T14:47:13.395+0000] {processor.py:766} INFO - DAG(s) dict_keys(['2-pythonoperator']) retrieved from /opt/airflow/dags/2-pythonoperator.py
[2022-11-09T14:47:13.478+0000] {logging_mixin.py:120} INFO - [2022-11-09T14:47:13.478+0000] {dag.py:2585} INFO - Sync 1 DAGs
[2022-11-09T14:47:13.527+0000] {logging_mixin.py:120} INFO - [2022-11-09T14:47:13.527+0000] {dag.py:3340} INFO - Setting next_dagrun for 2-pythonoperator to 2022-11-01T00:00:00+00:00, run_after=2022-11-01T00:00:00+00:00
[2022-11-09T14:47:13.579+0000] {processor.py:176} INFO - Processing /opt/airflow/dags/2-pythonoperator.py took 0.269 seconds
[2022-11-09T14:47:43.687+0000] {processor.py:154} INFO - Started process (PID=175) to work on /opt/airflow/dags/2-pythonoperator.py
[2022-11-09T14:47:43.689+0000] {processor.py:756} INFO - Processing file /opt/airflow/dags/2-pythonoperator.py for tasks to queue
[2022-11-09T14:47:43.691+0000] {logging_mixin.py:120} INFO - [2022-11-09T14:47:43.691+0000] {dagbag.py:537} INFO - Filling up the DagBag from /opt/airflow/dags/2-pythonoperator.py
[2022-11-09T14:47:43.734+0000] {processor.py:766} INFO - DAG(s) dict_keys(['2-pythonoperator']) retrieved from /opt/airflow/dags/2-pythonoperator.py
[2022-11-09T14:47:43.795+0000] {logging_mixin.py:120} INFO - [2022-11-09T14:47:43.794+0000] {dag.py:2585} INFO - Sync 1 DAGs
[2022-11-09T14:47:43.834+0000] {logging_mixin.py:120} INFO - [2022-11-09T14:47:43.834+0000] {dag.py:3340} INFO - Setting next_dagrun for 2-pythonoperator to 2022-11-01T00:00:00+00:00, run_after=2022-11-01T00:00:00+00:00
[2022-11-09T14:47:43.870+0000] {processor.py:176} INFO - Processing /opt/airflow/dags/2-pythonoperator.py took 0.186 seconds
[2022-11-09T14:48:14.612+0000] {processor.py:154} INFO - Started process (PID=212) to work on /opt/airflow/dags/2-pythonoperator.py
[2022-11-09T14:48:14.613+0000] {processor.py:756} INFO - Processing file /opt/airflow/dags/2-pythonoperator.py for tasks to queue
[2022-11-09T14:48:14.615+0000] {logging_mixin.py:120} INFO - [2022-11-09T14:48:14.615+0000] {dagbag.py:537} INFO - Filling up the DagBag from /opt/airflow/dags/2-pythonoperator.py
[2022-11-09T14:48:14.649+0000] {processor.py:766} INFO - DAG(s) dict_keys(['2-pythonoperator']) retrieved from /opt/airflow/dags/2-pythonoperator.py
[2022-11-09T14:48:14.692+0000] {logging_mixin.py:120} INFO - [2022-11-09T14:48:14.692+0000] {dag.py:2585} INFO - Sync 1 DAGs
[2022-11-09T14:48:14.720+0000] {logging_mixin.py:120} INFO - [2022-11-09T14:48:14.720+0000] {dag.py:3340} INFO - Setting next_dagrun for 2-pythonoperator to 2022-11-01T00:00:00+00:00, run_after=2022-11-01T00:00:00+00:00
[2022-11-09T14:48:14.755+0000] {processor.py:176} INFO - Processing /opt/airflow/dags/2-pythonoperator.py took 0.146 seconds
[2022-11-09T14:48:45.406+0000] {processor.py:154} INFO - Started process (PID=240) to work on /opt/airflow/dags/2-pythonoperator.py
[2022-11-09T14:48:45.410+0000] {processor.py:756} INFO - Processing file /opt/airflow/dags/2-pythonoperator.py for tasks to queue
[2022-11-09T14:48:45.413+0000] {logging_mixin.py:120} INFO - [2022-11-09T14:48:45.412+0000] {dagbag.py:537} INFO - Filling up the DagBag from /opt/airflow/dags/2-pythonoperator.py
[2022-11-09T14:48:45.458+0000] {processor.py:766} INFO - DAG(s) dict_keys(['2-pythonoperator']) retrieved from /opt/airflow/dags/2-pythonoperator.py
[2022-11-09T14:48:45.517+0000] {logging_mixin.py:120} INFO - [2022-11-09T14:48:45.517+0000] {dag.py:2585} INFO - Sync 1 DAGs
[2022-11-09T14:48:45.555+0000] {logging_mixin.py:120} INFO - [2022-11-09T14:48:45.555+0000] {dag.py:3340} INFO - Setting next_dagrun for 2-pythonoperator to 2022-11-01T00:00:00+00:00, run_after=2022-11-01T00:00:00+00:00
[2022-11-09T14:48:45.600+0000] {processor.py:176} INFO - Processing /opt/airflow/dags/2-pythonoperator.py took 0.207 seconds
[2022-11-09T14:49:16.161+0000] {processor.py:154} INFO - Started process (PID=277) to work on /opt/airflow/dags/2-pythonoperator.py
[2022-11-09T14:49:16.162+0000] {processor.py:756} INFO - Processing file /opt/airflow/dags/2-pythonoperator.py for tasks to queue
[2022-11-09T14:49:16.164+0000] {logging_mixin.py:120} INFO - [2022-11-09T14:49:16.163+0000] {dagbag.py:537} INFO - Filling up the DagBag from /opt/airflow/dags/2-pythonoperator.py
[2022-11-09T14:49:16.261+0000] {processor.py:766} INFO - DAG(s) dict_keys(['2-pythonoperator']) retrieved from /opt/airflow/dags/2-pythonoperator.py
[2022-11-09T14:49:16.318+0000] {logging_mixin.py:120} INFO - [2022-11-09T14:49:16.318+0000] {dag.py:2585} INFO - Sync 1 DAGs
[2022-11-09T14:49:16.357+0000] {logging_mixin.py:120} INFO - [2022-11-09T14:49:16.357+0000] {dag.py:3340} INFO - Setting next_dagrun for 2-pythonoperator to 2022-11-01T00:00:00+00:00, run_after=2022-11-01T00:00:00+00:00
[2022-11-09T14:49:16.401+0000] {processor.py:176} INFO - Processing /opt/airflow/dags/2-pythonoperator.py took 0.245 seconds
[2022-11-09T14:49:46.962+0000] {processor.py:154} INFO - Started process (PID=305) to work on /opt/airflow/dags/2-pythonoperator.py
[2022-11-09T14:49:46.965+0000] {processor.py:756} INFO - Processing file /opt/airflow/dags/2-pythonoperator.py for tasks to queue
[2022-11-09T14:49:46.966+0000] {logging_mixin.py:120} INFO - [2022-11-09T14:49:46.966+0000] {dagbag.py:537} INFO - Filling up the DagBag from /opt/airflow/dags/2-pythonoperator.py
[2022-11-09T14:49:47.005+0000] {processor.py:766} INFO - DAG(s) dict_keys(['2-pythonoperator']) retrieved from /opt/airflow/dags/2-pythonoperator.py
[2022-11-09T14:49:47.060+0000] {logging_mixin.py:120} INFO - [2022-11-09T14:49:47.059+0000] {dag.py:2585} INFO - Sync 1 DAGs
[2022-11-09T14:49:47.107+0000] {logging_mixin.py:120} INFO - [2022-11-09T14:49:47.107+0000] {dag.py:3340} INFO - Setting next_dagrun for 2-pythonoperator to 2022-11-01T00:00:00+00:00, run_after=2022-11-01T00:00:00+00:00
[2022-11-09T14:49:47.169+0000] {processor.py:176} INFO - Processing /opt/airflow/dags/2-pythonoperator.py took 0.211 seconds
[2022-11-09T14:50:17.439+0000] {processor.py:154} INFO - Started process (PID=342) to work on /opt/airflow/dags/2-pythonoperator.py
[2022-11-09T14:50:17.440+0000] {processor.py:756} INFO - Processing file /opt/airflow/dags/2-pythonoperator.py for tasks to queue
[2022-11-09T14:50:17.442+0000] {logging_mixin.py:120} INFO - [2022-11-09T14:50:17.441+0000] {dagbag.py:537} INFO - Filling up the DagBag from /opt/airflow/dags/2-pythonoperator.py
[2022-11-09T14:50:17.484+0000] {processor.py:766} INFO - DAG(s) dict_keys(['2-pythonoperator']) retrieved from /opt/airflow/dags/2-pythonoperator.py
[2022-11-09T14:50:17.544+0000] {logging_mixin.py:120} INFO - [2022-11-09T14:50:17.544+0000] {dag.py:2585} INFO - Sync 1 DAGs
[2022-11-09T14:50:17.578+0000] {logging_mixin.py:120} INFO - [2022-11-09T14:50:17.578+0000] {dag.py:3340} INFO - Setting next_dagrun for 2-pythonoperator to 2022-11-01T00:00:00+00:00, run_after=2022-11-01T00:00:00+00:00
[2022-11-09T14:50:17.622+0000] {processor.py:176} INFO - Processing /opt/airflow/dags/2-pythonoperator.py took 0.187 seconds
[2022-11-09T14:50:48.133+0000] {processor.py:154} INFO - Started process (PID=370) to work on /opt/airflow/dags/2-pythonoperator.py
[2022-11-09T14:50:48.134+0000] {processor.py:756} INFO - Processing file /opt/airflow/dags/2-pythonoperator.py for tasks to queue
[2022-11-09T14:50:48.136+0000] {logging_mixin.py:120} INFO - [2022-11-09T14:50:48.136+0000] {dagbag.py:537} INFO - Filling up the DagBag from /opt/airflow/dags/2-pythonoperator.py
[2022-11-09T14:50:48.177+0000] {processor.py:766} INFO - DAG(s) dict_keys(['2-pythonoperator']) retrieved from /opt/airflow/dags/2-pythonoperator.py
[2022-11-09T14:50:48.235+0000] {logging_mixin.py:120} INFO - [2022-11-09T14:50:48.235+0000] {dag.py:2585} INFO - Sync 1 DAGs
[2022-11-09T14:50:48.269+0000] {logging_mixin.py:120} INFO - [2022-11-09T14:50:48.268+0000] {dag.py:3340} INFO - Setting next_dagrun for 2-pythonoperator to 2022-11-01T00:00:00+00:00, run_after=2022-11-01T00:00:00+00:00
[2022-11-09T14:50:48.305+0000] {processor.py:176} INFO - Processing /opt/airflow/dags/2-pythonoperator.py took 0.177 seconds
[2022-11-09T14:51:18.656+0000] {processor.py:154} INFO - Started process (PID=407) to work on /opt/airflow/dags/2-pythonoperator.py
[2022-11-09T14:51:18.661+0000] {processor.py:756} INFO - Processing file /opt/airflow/dags/2-pythonoperator.py for tasks to queue
[2022-11-09T14:51:18.662+0000] {logging_mixin.py:120} INFO - [2022-11-09T14:51:18.662+0000] {dagbag.py:537} INFO - Filling up the DagBag from /opt/airflow/dags/2-pythonoperator.py
[2022-11-09T14:51:18.697+0000] {processor.py:766} INFO - DAG(s) dict_keys(['2-pythonoperator']) retrieved from /opt/airflow/dags/2-pythonoperator.py
[2022-11-09T14:51:18.739+0000] {logging_mixin.py:120} INFO - [2022-11-09T14:51:18.739+0000] {dag.py:2585} INFO - Sync 1 DAGs
[2022-11-09T14:51:18.767+0000] {logging_mixin.py:120} INFO - [2022-11-09T14:51:18.767+0000] {dag.py:3340} INFO - Setting next_dagrun for 2-pythonoperator to 2022-11-01T00:00:00+00:00, run_after=2022-11-01T00:00:00+00:00
[2022-11-09T14:51:18.941+0000] {processor.py:176} INFO - Processing /opt/airflow/dags/2-pythonoperator.py took 0.290 seconds
[2022-11-09T14:51:51.145+0000] {processor.py:154} INFO - Started process (PID=435) to work on /opt/airflow/dags/2-pythonoperator.py
[2022-11-09T14:51:51.146+0000] {processor.py:756} INFO - Processing file /opt/airflow/dags/2-pythonoperator.py for tasks to queue
[2022-11-09T14:51:51.147+0000] {logging_mixin.py:120} INFO - [2022-11-09T14:51:51.147+0000] {dagbag.py:537} INFO - Filling up the DagBag from /opt/airflow/dags/2-pythonoperator.py
[2022-11-09T14:51:51.181+0000] {processor.py:766} INFO - DAG(s) dict_keys(['2-pythonoperator']) retrieved from /opt/airflow/dags/2-pythonoperator.py
[2022-11-09T14:51:51.826+0000] {logging_mixin.py:120} INFO - [2022-11-09T14:51:51.825+0000] {dag.py:2585} INFO - Sync 1 DAGs
[2022-11-09T14:51:51.859+0000] {logging_mixin.py:120} INFO - [2022-11-09T14:51:51.859+0000] {dag.py:3340} INFO - Setting next_dagrun for 2-pythonoperator to 2022-11-01T00:00:00+00:00, run_after=2022-11-01T00:00:00+00:00
[2022-11-09T14:51:52.266+0000] {processor.py:176} INFO - Processing /opt/airflow/dags/2-pythonoperator.py took 1.126 seconds
[2022-11-09T14:52:22.385+0000] {processor.py:154} INFO - Started process (PID=463) to work on /opt/airflow/dags/2-pythonoperator.py
[2022-11-09T14:52:22.387+0000] {processor.py:756} INFO - Processing file /opt/airflow/dags/2-pythonoperator.py for tasks to queue
[2022-11-09T14:52:22.387+0000] {logging_mixin.py:120} INFO - [2022-11-09T14:52:22.387+0000] {dagbag.py:537} INFO - Filling up the DagBag from /opt/airflow/dags/2-pythonoperator.py
[2022-11-09T14:52:22.413+0000] {processor.py:766} INFO - DAG(s) dict_keys(['2-pythonoperator']) retrieved from /opt/airflow/dags/2-pythonoperator.py
[2022-11-09T14:52:22.450+0000] {logging_mixin.py:120} INFO - [2022-11-09T14:52:22.449+0000] {dag.py:2585} INFO - Sync 1 DAGs
[2022-11-09T14:52:22.476+0000] {logging_mixin.py:120} INFO - [2022-11-09T14:52:22.475+0000] {dag.py:3340} INFO - Setting next_dagrun for 2-pythonoperator to 2022-11-01T00:00:00+00:00, run_after=2022-11-01T00:00:00+00:00
[2022-11-09T14:52:22.518+0000] {processor.py:176} INFO - Processing /opt/airflow/dags/2-pythonoperator.py took 0.136 seconds
[2022-11-09T14:52:53.042+0000] {processor.py:154} INFO - Started process (PID=500) to work on /opt/airflow/dags/2-pythonoperator.py
[2022-11-09T14:52:53.043+0000] {processor.py:756} INFO - Processing file /opt/airflow/dags/2-pythonoperator.py for tasks to queue
[2022-11-09T14:52:53.045+0000] {logging_mixin.py:120} INFO - [2022-11-09T14:52:53.044+0000] {dagbag.py:537} INFO - Filling up the DagBag from /opt/airflow/dags/2-pythonoperator.py
[2022-11-09T14:52:53.120+0000] {processor.py:766} INFO - DAG(s) dict_keys(['2-pythonoperator']) retrieved from /opt/airflow/dags/2-pythonoperator.py
[2022-11-09T14:52:53.168+0000] {logging_mixin.py:120} INFO - [2022-11-09T14:52:53.168+0000] {dag.py:2585} INFO - Sync 1 DAGs
[2022-11-09T14:52:53.204+0000] {logging_mixin.py:120} INFO - [2022-11-09T14:52:53.203+0000] {dag.py:3340} INFO - Setting next_dagrun for 2-pythonoperator to 2022-11-01T00:00:00+00:00, run_after=2022-11-01T00:00:00+00:00
[2022-11-09T14:52:53.246+0000] {processor.py:176} INFO - Processing /opt/airflow/dags/2-pythonoperator.py took 0.211 seconds
[2022-11-09T14:53:23.361+0000] {processor.py:154} INFO - Started process (PID=528) to work on /opt/airflow/dags/2-pythonoperator.py
[2022-11-09T14:53:23.362+0000] {processor.py:756} INFO - Processing file /opt/airflow/dags/2-pythonoperator.py for tasks to queue
[2022-11-09T14:53:23.363+0000] {logging_mixin.py:120} INFO - [2022-11-09T14:53:23.363+0000] {dagbag.py:537} INFO - Filling up the DagBag from /opt/airflow/dags/2-pythonoperator.py
[2022-11-09T14:53:23.401+0000] {processor.py:766} INFO - DAG(s) dict_keys(['2-pythonoperator']) retrieved from /opt/airflow/dags/2-pythonoperator.py
[2022-11-09T14:53:23.457+0000] {logging_mixin.py:120} INFO - [2022-11-09T14:53:23.457+0000] {dag.py:2585} INFO - Sync 1 DAGs
[2022-11-09T14:53:23.496+0000] {logging_mixin.py:120} INFO - [2022-11-09T14:53:23.496+0000] {dag.py:3340} INFO - Setting next_dagrun for 2-pythonoperator to 2022-11-01T00:00:00+00:00, run_after=2022-11-01T00:00:00+00:00
[2022-11-09T14:53:23.536+0000] {processor.py:176} INFO - Processing /opt/airflow/dags/2-pythonoperator.py took 0.179 seconds
[2022-11-09T14:53:59.227+0000] {processor.py:154} INFO - Started process (PID=565) to work on /opt/airflow/dags/2-pythonoperator.py
[2022-11-09T14:54:00.511+0000] {processor.py:756} INFO - Processing file /opt/airflow/dags/2-pythonoperator.py for tasks to queue
[2022-11-09T14:54:00.513+0000] {logging_mixin.py:120} INFO - [2022-11-09T14:54:00.513+0000] {dagbag.py:537} INFO - Filling up the DagBag from /opt/airflow/dags/2-pythonoperator.py
[2022-11-09T14:54:00.572+0000] {processor.py:766} INFO - DAG(s) dict_keys(['2-pythonoperator']) retrieved from /opt/airflow/dags/2-pythonoperator.py
[2022-11-09T14:54:00.638+0000] {logging_mixin.py:120} INFO - [2022-11-09T14:54:00.638+0000] {dag.py:2585} INFO - Sync 1 DAGs
[2022-11-09T14:54:00.685+0000] {logging_mixin.py:120} INFO - [2022-11-09T14:54:00.685+0000] {dag.py:3340} INFO - Setting next_dagrun for 2-pythonoperator to 2022-11-01T00:00:00+00:00, run_after=2022-11-01T00:00:00+00:00
[2022-11-09T14:54:00.732+0000] {processor.py:176} INFO - Processing /opt/airflow/dags/2-pythonoperator.py took 1.508 seconds
[2022-11-09T14:54:31.368+0000] {processor.py:154} INFO - Started process (PID=593) to work on /opt/airflow/dags/2-pythonoperator.py
[2022-11-09T14:54:31.370+0000] {processor.py:756} INFO - Processing file /opt/airflow/dags/2-pythonoperator.py for tasks to queue
[2022-11-09T14:54:31.372+0000] {logging_mixin.py:120} INFO - [2022-11-09T14:54:31.371+0000] {dagbag.py:537} INFO - Filling up the DagBag from /opt/airflow/dags/2-pythonoperator.py
[2022-11-09T14:54:31.412+0000] {processor.py:766} INFO - DAG(s) dict_keys(['2-pythonoperator']) retrieved from /opt/airflow/dags/2-pythonoperator.py
[2022-11-09T14:54:31.462+0000] {logging_mixin.py:120} INFO - [2022-11-09T14:54:31.461+0000] {dag.py:2585} INFO - Sync 1 DAGs
[2022-11-09T14:54:31.495+0000] {logging_mixin.py:120} INFO - [2022-11-09T14:54:31.494+0000] {dag.py:3340} INFO - Setting next_dagrun for 2-pythonoperator to 2022-11-01T00:00:00+00:00, run_after=2022-11-01T00:00:00+00:00
[2022-11-09T14:54:31.529+0000] {processor.py:176} INFO - Processing /opt/airflow/dags/2-pythonoperator.py took 0.164 seconds
[2022-11-09T14:55:02.262+0000] {processor.py:154} INFO - Started process (PID=621) to work on /opt/airflow/dags/2-pythonoperator.py
[2022-11-09T14:55:02.263+0000] {processor.py:756} INFO - Processing file /opt/airflow/dags/2-pythonoperator.py for tasks to queue
[2022-11-09T14:55:02.265+0000] {logging_mixin.py:120} INFO - [2022-11-09T14:55:02.265+0000] {dagbag.py:537} INFO - Filling up the DagBag from /opt/airflow/dags/2-pythonoperator.py
[2022-11-09T14:55:02.299+0000] {processor.py:766} INFO - DAG(s) dict_keys(['2-pythonoperator']) retrieved from /opt/airflow/dags/2-pythonoperator.py
[2022-11-09T14:55:02.353+0000] {logging_mixin.py:120} INFO - [2022-11-09T14:55:02.353+0000] {dag.py:2585} INFO - Sync 1 DAGs
[2022-11-09T14:55:02.392+0000] {logging_mixin.py:120} INFO - [2022-11-09T14:55:02.391+0000] {dag.py:3340} INFO - Setting next_dagrun for 2-pythonoperator to 2022-11-01T00:00:00+00:00, run_after=2022-11-01T00:00:00+00:00
[2022-11-09T14:55:02.423+0000] {processor.py:176} INFO - Processing /opt/airflow/dags/2-pythonoperator.py took 0.166 seconds
[2022-11-09T14:55:32.818+0000] {processor.py:154} INFO - Started process (PID=640) to work on /opt/airflow/dags/2-pythonoperator.py
[2022-11-09T14:55:32.819+0000] {processor.py:756} INFO - Processing file /opt/airflow/dags/2-pythonoperator.py for tasks to queue
[2022-11-09T14:55:32.820+0000] {logging_mixin.py:120} INFO - [2022-11-09T14:55:32.820+0000] {dagbag.py:537} INFO - Filling up the DagBag from /opt/airflow/dags/2-pythonoperator.py
[2022-11-09T14:55:32.848+0000] {processor.py:766} INFO - DAG(s) dict_keys(['2-pythonoperator']) retrieved from /opt/airflow/dags/2-pythonoperator.py
[2022-11-09T14:55:33.270+0000] {logging_mixin.py:120} INFO - [2022-11-09T14:55:33.270+0000] {dag.py:2585} INFO - Sync 1 DAGs
[2022-11-09T14:55:33.294+0000] {logging_mixin.py:120} INFO - [2022-11-09T14:55:33.294+0000] {dag.py:3340} INFO - Setting next_dagrun for 2-pythonoperator to 2022-11-01T00:00:00+00:00, run_after=2022-11-01T00:00:00+00:00
[2022-11-09T14:55:35.289+0000] {processor.py:176} INFO - Processing /opt/airflow/dags/2-pythonoperator.py took 2.474 seconds
[2022-11-09T14:56:06.895+0000] {processor.py:154} INFO - Started process (PID=658) to work on /opt/airflow/dags/2-pythonoperator.py
[2022-11-09T14:56:06.896+0000] {processor.py:756} INFO - Processing file /opt/airflow/dags/2-pythonoperator.py for tasks to queue
[2022-11-09T14:56:06.897+0000] {logging_mixin.py:120} INFO - [2022-11-09T14:56:06.897+0000] {dagbag.py:537} INFO - Filling up the DagBag from /opt/airflow/dags/2-pythonoperator.py
[2022-11-09T14:56:08.015+0000] {processor.py:766} INFO - DAG(s) dict_keys(['2-pythonoperator']) retrieved from /opt/airflow/dags/2-pythonoperator.py
[2022-11-09T14:56:08.057+0000] {logging_mixin.py:120} INFO - [2022-11-09T14:56:08.056+0000] {dag.py:2585} INFO - Sync 1 DAGs
[2022-11-09T14:56:08.085+0000] {logging_mixin.py:120} INFO - [2022-11-09T14:56:08.085+0000] {dag.py:3340} INFO - Setting next_dagrun for 2-pythonoperator to 2022-11-01T00:00:00+00:00, run_after=2022-11-01T00:00:00+00:00
[2022-11-09T14:56:09.169+0000] {processor.py:176} INFO - Processing /opt/airflow/dags/2-pythonoperator.py took 2.277 seconds
[2022-11-09T14:56:40.748+0000] {processor.py:154} INFO - Started process (PID=685) to work on /opt/airflow/dags/2-pythonoperator.py
[2022-11-09T14:56:40.750+0000] {processor.py:756} INFO - Processing file /opt/airflow/dags/2-pythonoperator.py for tasks to queue
[2022-11-09T14:56:40.753+0000] {logging_mixin.py:120} INFO - [2022-11-09T14:56:40.752+0000] {dagbag.py:537} INFO - Filling up the DagBag from /opt/airflow/dags/2-pythonoperator.py
[2022-11-09T14:56:40.803+0000] {processor.py:766} INFO - DAG(s) dict_keys(['2-pythonoperator']) retrieved from /opt/airflow/dags/2-pythonoperator.py
[2022-11-09T14:56:40.880+0000] {logging_mixin.py:120} INFO - [2022-11-09T14:56:40.880+0000] {dag.py:2585} INFO - Sync 1 DAGs
[2022-11-09T14:56:40.934+0000] {logging_mixin.py:120} INFO - [2022-11-09T14:56:40.934+0000] {dag.py:3340} INFO - Setting next_dagrun for 2-pythonoperator to 2022-11-01T00:00:00+00:00, run_after=2022-11-01T00:00:00+00:00
[2022-11-09T14:56:40.983+0000] {processor.py:176} INFO - Processing /opt/airflow/dags/2-pythonoperator.py took 0.239 seconds
[2022-11-09T14:57:11.545+0000] {processor.py:154} INFO - Started process (PID=713) to work on /opt/airflow/dags/2-pythonoperator.py
[2022-11-09T14:57:11.546+0000] {processor.py:756} INFO - Processing file /opt/airflow/dags/2-pythonoperator.py for tasks to queue
[2022-11-09T14:57:11.548+0000] {logging_mixin.py:120} INFO - [2022-11-09T14:57:11.547+0000] {dagbag.py:537} INFO - Filling up the DagBag from /opt/airflow/dags/2-pythonoperator.py
[2022-11-09T14:57:11.599+0000] {processor.py:766} INFO - DAG(s) dict_keys(['2-pythonoperator']) retrieved from /opt/airflow/dags/2-pythonoperator.py
[2022-11-09T14:57:11.721+0000] {logging_mixin.py:120} INFO - [2022-11-09T14:57:11.721+0000] {dag.py:2585} INFO - Sync 1 DAGs
[2022-11-09T14:57:11.750+0000] {logging_mixin.py:120} INFO - [2022-11-09T14:57:11.750+0000] {dag.py:3340} INFO - Setting next_dagrun for 2-pythonoperator to 2022-11-01T00:00:00+00:00, run_after=2022-11-01T00:00:00+00:00
[2022-11-09T14:57:11.812+0000] {processor.py:176} INFO - Processing /opt/airflow/dags/2-pythonoperator.py took 0.272 seconds
[2022-11-09T14:57:42.123+0000] {processor.py:154} INFO - Started process (PID=741) to work on /opt/airflow/dags/2-pythonoperator.py
[2022-11-09T14:57:42.124+0000] {processor.py:756} INFO - Processing file /opt/airflow/dags/2-pythonoperator.py for tasks to queue
[2022-11-09T14:57:42.126+0000] {logging_mixin.py:120} INFO - [2022-11-09T14:57:42.125+0000] {dagbag.py:537} INFO - Filling up the DagBag from /opt/airflow/dags/2-pythonoperator.py
[2022-11-09T14:57:42.154+0000] {processor.py:766} INFO - DAG(s) dict_keys(['2-pythonoperator']) retrieved from /opt/airflow/dags/2-pythonoperator.py
[2022-11-09T14:57:42.194+0000] {logging_mixin.py:120} INFO - [2022-11-09T14:57:42.194+0000] {dag.py:2585} INFO - Sync 1 DAGs
[2022-11-09T14:57:42.219+0000] {logging_mixin.py:120} INFO - [2022-11-09T14:57:42.219+0000] {dag.py:3340} INFO - Setting next_dagrun for 2-pythonoperator to 2022-11-01T00:00:00+00:00, run_after=2022-11-01T00:00:00+00:00
[2022-11-09T14:57:42.249+0000] {processor.py:176} INFO - Processing /opt/airflow/dags/2-pythonoperator.py took 0.128 seconds
[2022-11-09T14:58:12.747+0000] {processor.py:154} INFO - Started process (PID=775) to work on /opt/airflow/dags/2-pythonoperator.py
[2022-11-09T14:58:12.749+0000] {processor.py:756} INFO - Processing file /opt/airflow/dags/2-pythonoperator.py for tasks to queue
[2022-11-09T14:58:12.751+0000] {logging_mixin.py:120} INFO - [2022-11-09T14:58:12.750+0000] {dagbag.py:537} INFO - Filling up the DagBag from /opt/airflow/dags/2-pythonoperator.py
[2022-11-09T14:58:12.797+0000] {processor.py:766} INFO - DAG(s) dict_keys(['2-pythonoperator']) retrieved from /opt/airflow/dags/2-pythonoperator.py
[2022-11-09T14:58:12.855+0000] {logging_mixin.py:120} INFO - [2022-11-09T14:58:12.854+0000] {dag.py:2585} INFO - Sync 1 DAGs
[2022-11-09T14:58:12.893+0000] {logging_mixin.py:120} INFO - [2022-11-09T14:58:12.893+0000] {dag.py:3340} INFO - Setting next_dagrun for 2-pythonoperator to 2022-11-01T00:00:00+00:00, run_after=2022-11-01T00:00:00+00:00
[2022-11-09T14:58:12.990+0000] {processor.py:176} INFO - Processing /opt/airflow/dags/2-pythonoperator.py took 0.248 seconds
[2022-11-09T14:58:46.023+0000] {processor.py:154} INFO - Started process (PID=805) to work on /opt/airflow/dags/2-pythonoperator.py
[2022-11-09T14:58:46.028+0000] {processor.py:756} INFO - Processing file /opt/airflow/dags/2-pythonoperator.py for tasks to queue
[2022-11-09T14:58:46.031+0000] {logging_mixin.py:120} INFO - [2022-11-09T14:58:46.031+0000] {dagbag.py:537} INFO - Filling up the DagBag from /opt/airflow/dags/2-pythonoperator.py
[2022-11-09T14:58:46.087+0000] {processor.py:766} INFO - DAG(s) dict_keys(['2-pythonoperator']) retrieved from /opt/airflow/dags/2-pythonoperator.py
[2022-11-09T14:58:46.157+0000] {logging_mixin.py:120} INFO - [2022-11-09T14:58:46.156+0000] {dag.py:2585} INFO - Sync 1 DAGs
[2022-11-09T14:58:46.199+0000] {logging_mixin.py:120} INFO - [2022-11-09T14:58:46.199+0000] {dag.py:3340} INFO - Setting next_dagrun for 2-pythonoperator to 2022-11-01T00:00:00+00:00, run_after=2022-11-01T00:00:00+00:00
[2022-11-09T14:58:46.242+0000] {processor.py:176} INFO - Processing /opt/airflow/dags/2-pythonoperator.py took 0.226 seconds
[2022-11-09T14:59:16.410+0000] {processor.py:154} INFO - Started process (PID=833) to work on /opt/airflow/dags/2-pythonoperator.py
[2022-11-09T14:59:16.411+0000] {processor.py:756} INFO - Processing file /opt/airflow/dags/2-pythonoperator.py for tasks to queue
[2022-11-09T14:59:16.413+0000] {logging_mixin.py:120} INFO - [2022-11-09T14:59:16.412+0000] {dagbag.py:537} INFO - Filling up the DagBag from /opt/airflow/dags/2-pythonoperator.py
[2022-11-09T14:59:16.452+0000] {processor.py:766} INFO - DAG(s) dict_keys(['2-pythonoperator']) retrieved from /opt/airflow/dags/2-pythonoperator.py
[2022-11-09T14:59:16.506+0000] {logging_mixin.py:120} INFO - [2022-11-09T14:59:16.506+0000] {dag.py:2585} INFO - Sync 1 DAGs
[2022-11-09T14:59:16.569+0000] {logging_mixin.py:120} INFO - [2022-11-09T14:59:16.568+0000] {dag.py:3340} INFO - Setting next_dagrun for 2-pythonoperator to 2022-11-01T00:00:00+00:00, run_after=2022-11-01T00:00:00+00:00
[2022-11-09T14:59:16.602+0000] {processor.py:176} INFO - Processing /opt/airflow/dags/2-pythonoperator.py took 0.196 seconds
[2022-11-09T14:59:47.490+0000] {processor.py:154} INFO - Started process (PID=864) to work on /opt/airflow/dags/2-pythonoperator.py
[2022-11-09T14:59:47.492+0000] {processor.py:756} INFO - Processing file /opt/airflow/dags/2-pythonoperator.py for tasks to queue
[2022-11-09T14:59:47.493+0000] {logging_mixin.py:120} INFO - [2022-11-09T14:59:47.493+0000] {dagbag.py:537} INFO - Filling up the DagBag from /opt/airflow/dags/2-pythonoperator.py
[2022-11-09T14:59:47.549+0000] {processor.py:766} INFO - DAG(s) dict_keys(['2-pythonoperator']) retrieved from /opt/airflow/dags/2-pythonoperator.py
[2022-11-09T14:59:47.624+0000] {logging_mixin.py:120} INFO - [2022-11-09T14:59:47.623+0000] {dag.py:2585} INFO - Sync 1 DAGs
[2022-11-09T14:59:47.668+0000] {logging_mixin.py:120} INFO - [2022-11-09T14:59:47.668+0000] {dag.py:3340} INFO - Setting next_dagrun for 2-pythonoperator to 2022-11-01T00:00:00+00:00, run_after=2022-11-01T00:00:00+00:00
[2022-11-09T14:59:47.708+0000] {processor.py:176} INFO - Processing /opt/airflow/dags/2-pythonoperator.py took 0.229 seconds
[2022-11-09T15:00:18.450+0000] {processor.py:154} INFO - Started process (PID=900) to work on /opt/airflow/dags/2-pythonoperator.py
[2022-11-09T15:00:18.452+0000] {processor.py:756} INFO - Processing file /opt/airflow/dags/2-pythonoperator.py for tasks to queue
[2022-11-09T15:00:18.454+0000] {logging_mixin.py:120} INFO - [2022-11-09T15:00:18.454+0000] {dagbag.py:537} INFO - Filling up the DagBag from /opt/airflow/dags/2-pythonoperator.py
[2022-11-09T15:00:18.508+0000] {processor.py:766} INFO - DAG(s) dict_keys(['2-pythonoperator']) retrieved from /opt/airflow/dags/2-pythonoperator.py
[2022-11-09T15:00:18.586+0000] {logging_mixin.py:120} INFO - [2022-11-09T15:00:18.586+0000] {dag.py:2585} INFO - Sync 1 DAGs
[2022-11-09T15:00:18.637+0000] {logging_mixin.py:120} INFO - [2022-11-09T15:00:18.636+0000] {dag.py:3340} INFO - Setting next_dagrun for 2-pythonoperator to 2022-11-01T00:00:00+00:00, run_after=2022-11-01T00:00:00+00:00
[2022-11-09T15:00:18.681+0000] {processor.py:176} INFO - Processing /opt/airflow/dags/2-pythonoperator.py took 0.234 seconds
[2022-11-09T15:00:50.455+0000] {processor.py:154} INFO - Started process (PID=928) to work on /opt/airflow/dags/2-pythonoperator.py
[2022-11-09T15:00:50.463+0000] {processor.py:756} INFO - Processing file /opt/airflow/dags/2-pythonoperator.py for tasks to queue
[2022-11-09T15:00:50.465+0000] {logging_mixin.py:120} INFO - [2022-11-09T15:00:50.465+0000] {dagbag.py:537} INFO - Filling up the DagBag from /opt/airflow/dags/2-pythonoperator.py
[2022-11-09T15:00:50.547+0000] {processor.py:766} INFO - DAG(s) dict_keys(['2-pythonoperator']) retrieved from /opt/airflow/dags/2-pythonoperator.py
[2022-11-09T15:00:50.638+0000] {logging_mixin.py:120} INFO - [2022-11-09T15:00:50.638+0000] {dag.py:2585} INFO - Sync 1 DAGs
[2022-11-09T15:00:50.692+0000] {logging_mixin.py:120} INFO - [2022-11-09T15:00:50.692+0000] {dag.py:3340} INFO - Setting next_dagrun for 2-pythonoperator to 2022-11-01T00:00:00+00:00, run_after=2022-11-01T00:00:00+00:00
[2022-11-09T15:00:50.741+0000] {processor.py:176} INFO - Processing /opt/airflow/dags/2-pythonoperator.py took 0.291 seconds
[2022-11-09T15:01:21.149+0000] {processor.py:154} INFO - Started process (PID=963) to work on /opt/airflow/dags/2-pythonoperator.py
[2022-11-09T15:01:21.152+0000] {processor.py:756} INFO - Processing file /opt/airflow/dags/2-pythonoperator.py for tasks to queue
[2022-11-09T15:01:21.155+0000] {logging_mixin.py:120} INFO - [2022-11-09T15:01:21.154+0000] {dagbag.py:537} INFO - Filling up the DagBag from /opt/airflow/dags/2-pythonoperator.py
[2022-11-09T15:01:21.235+0000] {processor.py:766} INFO - DAG(s) dict_keys(['2-pythonoperator']) retrieved from /opt/airflow/dags/2-pythonoperator.py
[2022-11-09T15:01:21.322+0000] {logging_mixin.py:120} INFO - [2022-11-09T15:01:21.322+0000] {dag.py:2585} INFO - Sync 1 DAGs
[2022-11-09T15:01:21.365+0000] {logging_mixin.py:120} INFO - [2022-11-09T15:01:21.365+0000] {dag.py:3340} INFO - Setting next_dagrun for 2-pythonoperator to 2022-11-01T00:00:00+00:00, run_after=2022-11-01T00:00:00+00:00
[2022-11-09T15:01:21.411+0000] {processor.py:176} INFO - Processing /opt/airflow/dags/2-pythonoperator.py took 0.272 seconds
[2022-11-09T15:01:51.665+0000] {processor.py:154} INFO - Started process (PID=984) to work on /opt/airflow/dags/2-pythonoperator.py
[2022-11-09T15:01:51.666+0000] {processor.py:756} INFO - Processing file /opt/airflow/dags/2-pythonoperator.py for tasks to queue
[2022-11-09T15:01:51.667+0000] {logging_mixin.py:120} INFO - [2022-11-09T15:01:51.667+0000] {dagbag.py:537} INFO - Filling up the DagBag from /opt/airflow/dags/2-pythonoperator.py
[2022-11-09T15:01:51.702+0000] {processor.py:766} INFO - DAG(s) dict_keys(['2-pythonoperator']) retrieved from /opt/airflow/dags/2-pythonoperator.py
[2022-11-09T15:01:51.753+0000] {logging_mixin.py:120} INFO - [2022-11-09T15:01:51.753+0000] {dag.py:2585} INFO - Sync 1 DAGs
[2022-11-09T15:01:51.787+0000] {logging_mixin.py:120} INFO - [2022-11-09T15:01:51.786+0000] {dag.py:3340} INFO - Setting next_dagrun for 2-pythonoperator to 2022-11-01T00:00:00+00:00, run_after=2022-11-01T00:00:00+00:00
[2022-11-09T15:01:51.818+0000] {processor.py:176} INFO - Processing /opt/airflow/dags/2-pythonoperator.py took 0.157 seconds
[2022-11-09T15:02:43.782+0000] {processor.py:154} INFO - Started process (PID=1021) to work on /opt/airflow/dags/2-pythonoperator.py
[2022-11-09T15:02:43.785+0000] {processor.py:756} INFO - Processing file /opt/airflow/dags/2-pythonoperator.py for tasks to queue
[2022-11-09T15:02:43.786+0000] {logging_mixin.py:120} INFO - [2022-11-09T15:02:43.786+0000] {dagbag.py:537} INFO - Filling up the DagBag from /opt/airflow/dags/2-pythonoperator.py
[2022-11-09T15:02:43.842+0000] {processor.py:766} INFO - DAG(s) dict_keys(['2-pythonoperator']) retrieved from /opt/airflow/dags/2-pythonoperator.py
[2022-11-09T15:02:43.911+0000] {logging_mixin.py:120} INFO - [2022-11-09T15:02:43.911+0000] {dag.py:2585} INFO - Sync 1 DAGs
[2022-11-09T15:02:43.966+0000] {logging_mixin.py:120} INFO - [2022-11-09T15:02:43.966+0000] {dag.py:3340} INFO - Setting next_dagrun for 2-pythonoperator to 2022-11-01T00:00:00+00:00, run_after=2022-11-01T00:00:00+00:00
[2022-11-09T15:02:44.019+0000] {processor.py:176} INFO - Processing /opt/airflow/dags/2-pythonoperator.py took 0.242 seconds
[2022-11-09T15:03:19.363+0000] {processor.py:154} INFO - Started process (PID=1049) to work on /opt/airflow/dags/2-pythonoperator.py
[2022-11-09T15:03:19.364+0000] {processor.py:756} INFO - Processing file /opt/airflow/dags/2-pythonoperator.py for tasks to queue
[2022-11-09T15:03:19.366+0000] {logging_mixin.py:120} INFO - [2022-11-09T15:03:19.366+0000] {dagbag.py:537} INFO - Filling up the DagBag from /opt/airflow/dags/2-pythonoperator.py
[2022-11-09T15:03:19.396+0000] {processor.py:766} INFO - DAG(s) dict_keys(['2-pythonoperator']) retrieved from /opt/airflow/dags/2-pythonoperator.py
[2022-11-09T15:03:19.440+0000] {logging_mixin.py:120} INFO - [2022-11-09T15:03:19.440+0000] {dag.py:2585} INFO - Sync 1 DAGs
[2022-11-09T15:03:19.473+0000] {logging_mixin.py:120} INFO - [2022-11-09T15:03:19.472+0000] {dag.py:3340} INFO - Setting next_dagrun for 2-pythonoperator to 2022-11-01T00:00:00+00:00, run_after=2022-11-01T00:00:00+00:00
[2022-11-09T15:03:19.950+0000] {processor.py:176} INFO - Processing /opt/airflow/dags/2-pythonoperator.py took 0.590 seconds
[2022-11-09T15:03:50.390+0000] {processor.py:154} INFO - Started process (PID=1078) to work on /opt/airflow/dags/2-pythonoperator.py
[2022-11-09T15:03:50.392+0000] {processor.py:756} INFO - Processing file /opt/airflow/dags/2-pythonoperator.py for tasks to queue
[2022-11-09T15:03:50.394+0000] {logging_mixin.py:120} INFO - [2022-11-09T15:03:50.394+0000] {dagbag.py:537} INFO - Filling up the DagBag from /opt/airflow/dags/2-pythonoperator.py
[2022-11-09T15:03:50.429+0000] {processor.py:766} INFO - DAG(s) dict_keys(['2-pythonoperator']) retrieved from /opt/airflow/dags/2-pythonoperator.py
[2022-11-09T15:03:50.484+0000] {logging_mixin.py:120} INFO - [2022-11-09T15:03:50.484+0000] {dag.py:2585} INFO - Sync 1 DAGs
[2022-11-09T15:03:50.526+0000] {logging_mixin.py:120} INFO - [2022-11-09T15:03:50.526+0000] {dag.py:3340} INFO - Setting next_dagrun for 2-pythonoperator to 2022-11-01T00:00:00+00:00, run_after=2022-11-01T00:00:00+00:00
[2022-11-09T15:03:50.561+0000] {processor.py:176} INFO - Processing /opt/airflow/dags/2-pythonoperator.py took 0.174 seconds
