[2022-11-09T04:30:20.255+0000] {processor.py:154} INFO - Started process (PID=2432) to work on /opt/airflow/dags/3-dependencias.py
[2022-11-09T04:30:20.275+0000] {processor.py:756} INFO - Processing file /opt/airflow/dags/3-dependencias.py for tasks to queue
[2022-11-09T04:30:20.279+0000] {logging_mixin.py:120} INFO - [2022-11-09T04:30:20.279+0000] {dagbag.py:537} INFO - Filling up the DagBag from /opt/airflow/dags/3-dependencias.py
[2022-11-09T04:30:20.481+0000] {processor.py:766} INFO - DAG(s) dict_keys(['3-dependencias']) retrieved from /opt/airflow/dags/3-dependencias.py
[2022-11-09T04:30:20.637+0000] {logging_mixin.py:120} INFO - [2022-11-09T04:30:20.636+0000] {dag.py:2585} INFO - Sync 1 DAGs
[2022-11-09T04:30:20.666+0000] {logging_mixin.py:120} INFO - [2022-11-09T04:30:20.666+0000] {dag.py:3340} INFO - Setting next_dagrun for 3-dependencias to 2022-11-01T00:00:00+00:00, run_after=2022-11-01T00:00:00+00:00
[2022-11-09T04:30:20.786+0000] {processor.py:176} INFO - Processing /opt/airflow/dags/3-dependencias.py took 0.536 seconds
[2022-11-09T04:30:51.835+0000] {processor.py:154} INFO - Started process (PID=2460) to work on /opt/airflow/dags/3-dependencias.py
[2022-11-09T04:30:51.837+0000] {processor.py:756} INFO - Processing file /opt/airflow/dags/3-dependencias.py for tasks to queue
[2022-11-09T04:30:51.838+0000] {logging_mixin.py:120} INFO - [2022-11-09T04:30:51.838+0000] {dagbag.py:537} INFO - Filling up the DagBag from /opt/airflow/dags/3-dependencias.py
[2022-11-09T04:30:51.894+0000] {processor.py:766} INFO - DAG(s) dict_keys(['3-dependencias']) retrieved from /opt/airflow/dags/3-dependencias.py
[2022-11-09T04:30:52.626+0000] {logging_mixin.py:120} INFO - [2022-11-09T04:30:52.625+0000] {dag.py:2585} INFO - Sync 1 DAGs
[2022-11-09T04:30:52.697+0000] {logging_mixin.py:120} INFO - [2022-11-09T04:30:52.696+0000] {dag.py:3340} INFO - Setting next_dagrun for 3-dependencias to 2022-11-01T00:00:00+00:00, run_after=2022-11-01T00:00:00+00:00
[2022-11-09T04:30:52.808+0000] {processor.py:176} INFO - Processing /opt/airflow/dags/3-dependencias.py took 0.977 seconds
[2022-11-09T14:45:36.870+0000] {processor.py:154} INFO - Started process (PID=55) to work on /opt/airflow/dags/3-dependencias.py
[2022-11-09T14:45:36.873+0000] {processor.py:756} INFO - Processing file /opt/airflow/dags/3-dependencias.py for tasks to queue
[2022-11-09T14:45:36.875+0000] {logging_mixin.py:120} INFO - [2022-11-09T14:45:36.874+0000] {dagbag.py:537} INFO - Filling up the DagBag from /opt/airflow/dags/3-dependencias.py
[2022-11-09T14:45:36.918+0000] {processor.py:766} INFO - DAG(s) dict_keys(['3-dependencias']) retrieved from /opt/airflow/dags/3-dependencias.py
[2022-11-09T14:45:37.059+0000] {logging_mixin.py:120} INFO - [2022-11-09T14:45:37.058+0000] {dag.py:2585} INFO - Sync 1 DAGs
[2022-11-09T14:45:37.137+0000] {logging_mixin.py:120} INFO - [2022-11-09T14:45:37.136+0000] {dag.py:3340} INFO - Setting next_dagrun for 3-dependencias to 2022-11-01T00:00:00+00:00, run_after=2022-11-01T00:00:00+00:00
[2022-11-09T14:45:37.268+0000] {processor.py:176} INFO - Processing /opt/airflow/dags/3-dependencias.py took 0.402 seconds
[2022-11-09T14:46:12.135+0000] {processor.py:154} INFO - Started process (PID=83) to work on /opt/airflow/dags/3-dependencias.py
[2022-11-09T14:46:12.136+0000] {processor.py:756} INFO - Processing file /opt/airflow/dags/3-dependencias.py for tasks to queue
[2022-11-09T14:46:12.137+0000] {logging_mixin.py:120} INFO - [2022-11-09T14:46:12.137+0000] {dagbag.py:537} INFO - Filling up the DagBag from /opt/airflow/dags/3-dependencias.py
[2022-11-09T14:46:12.195+0000] {processor.py:766} INFO - DAG(s) dict_keys(['3-dependencias']) retrieved from /opt/airflow/dags/3-dependencias.py
[2022-11-09T14:46:12.249+0000] {logging_mixin.py:120} INFO - [2022-11-09T14:46:12.248+0000] {dag.py:2585} INFO - Sync 1 DAGs
[2022-11-09T14:46:12.288+0000] {logging_mixin.py:120} INFO - [2022-11-09T14:46:12.287+0000] {dag.py:3340} INFO - Setting next_dagrun for 3-dependencias to 2022-11-01T00:00:00+00:00, run_after=2022-11-01T00:00:00+00:00
[2022-11-09T14:46:12.323+0000] {processor.py:176} INFO - Processing /opt/airflow/dags/3-dependencias.py took 0.191 seconds
[2022-11-09T14:46:42.826+0000] {processor.py:154} INFO - Started process (PID=111) to work on /opt/airflow/dags/3-dependencias.py
[2022-11-09T14:46:42.828+0000] {processor.py:756} INFO - Processing file /opt/airflow/dags/3-dependencias.py for tasks to queue
[2022-11-09T14:46:42.829+0000] {logging_mixin.py:120} INFO - [2022-11-09T14:46:42.829+0000] {dagbag.py:537} INFO - Filling up the DagBag from /opt/airflow/dags/3-dependencias.py
[2022-11-09T14:46:42.858+0000] {processor.py:766} INFO - DAG(s) dict_keys(['3-dependencias']) retrieved from /opt/airflow/dags/3-dependencias.py
[2022-11-09T14:46:42.969+0000] {logging_mixin.py:120} INFO - [2022-11-09T14:46:42.968+0000] {dag.py:2585} INFO - Sync 1 DAGs
[2022-11-09T14:46:42.996+0000] {logging_mixin.py:120} INFO - [2022-11-09T14:46:42.996+0000] {dag.py:3340} INFO - Setting next_dagrun for 3-dependencias to 2022-11-01T00:00:00+00:00, run_after=2022-11-01T00:00:00+00:00
[2022-11-09T14:46:43.024+0000] {processor.py:176} INFO - Processing /opt/airflow/dags/3-dependencias.py took 0.201 seconds
[2022-11-09T14:47:13.642+0000] {processor.py:154} INFO - Started process (PID=148) to work on /opt/airflow/dags/3-dependencias.py
[2022-11-09T14:47:13.650+0000] {processor.py:756} INFO - Processing file /opt/airflow/dags/3-dependencias.py for tasks to queue
[2022-11-09T14:47:13.652+0000] {logging_mixin.py:120} INFO - [2022-11-09T14:47:13.652+0000] {dagbag.py:537} INFO - Filling up the DagBag from /opt/airflow/dags/3-dependencias.py
[2022-11-09T14:47:13.714+0000] {processor.py:766} INFO - DAG(s) dict_keys(['3-dependencias']) retrieved from /opt/airflow/dags/3-dependencias.py
[2022-11-09T14:47:13.780+0000] {logging_mixin.py:120} INFO - [2022-11-09T14:47:13.780+0000] {dag.py:2585} INFO - Sync 1 DAGs
[2022-11-09T14:47:13.832+0000] {logging_mixin.py:120} INFO - [2022-11-09T14:47:13.832+0000] {dag.py:3340} INFO - Setting next_dagrun for 3-dependencias to 2022-11-01T00:00:00+00:00, run_after=2022-11-01T00:00:00+00:00
[2022-11-09T14:47:13.877+0000] {processor.py:176} INFO - Processing /opt/airflow/dags/3-dependencias.py took 0.240 seconds
[2022-11-09T14:47:44.947+0000] {processor.py:154} INFO - Started process (PID=176) to work on /opt/airflow/dags/3-dependencias.py
[2022-11-09T14:47:48.651+0000] {processor.py:756} INFO - Processing file /opt/airflow/dags/3-dependencias.py for tasks to queue
[2022-11-09T14:47:48.654+0000] {logging_mixin.py:120} INFO - [2022-11-09T14:47:48.653+0000] {dagbag.py:537} INFO - Filling up the DagBag from /opt/airflow/dags/3-dependencias.py
[2022-11-09T14:47:48.716+0000] {processor.py:766} INFO - DAG(s) dict_keys(['3-dependencias']) retrieved from /opt/airflow/dags/3-dependencias.py
[2022-11-09T14:47:48.852+0000] {logging_mixin.py:120} INFO - [2022-11-09T14:47:48.851+0000] {dag.py:2585} INFO - Sync 1 DAGs
[2022-11-09T14:47:48.913+0000] {logging_mixin.py:120} INFO - [2022-11-09T14:47:48.913+0000] {dag.py:3340} INFO - Setting next_dagrun for 3-dependencias to 2022-11-01T00:00:00+00:00, run_after=2022-11-01T00:00:00+00:00
[2022-11-09T14:47:48.961+0000] {processor.py:176} INFO - Processing /opt/airflow/dags/3-dependencias.py took 4.017 seconds
[2022-11-09T14:48:19.776+0000] {processor.py:154} INFO - Started process (PID=213) to work on /opt/airflow/dags/3-dependencias.py
[2022-11-09T14:48:19.778+0000] {processor.py:756} INFO - Processing file /opt/airflow/dags/3-dependencias.py for tasks to queue
[2022-11-09T14:48:19.780+0000] {logging_mixin.py:120} INFO - [2022-11-09T14:48:19.779+0000] {dagbag.py:537} INFO - Filling up the DagBag from /opt/airflow/dags/3-dependencias.py
[2022-11-09T14:48:19.824+0000] {processor.py:766} INFO - DAG(s) dict_keys(['3-dependencias']) retrieved from /opt/airflow/dags/3-dependencias.py
[2022-11-09T14:48:19.896+0000] {logging_mixin.py:120} INFO - [2022-11-09T14:48:19.895+0000] {dag.py:2585} INFO - Sync 1 DAGs
[2022-11-09T14:48:19.938+0000] {logging_mixin.py:120} INFO - [2022-11-09T14:48:19.938+0000] {dag.py:3340} INFO - Setting next_dagrun for 3-dependencias to 2022-11-01T00:00:00+00:00, run_after=2022-11-01T00:00:00+00:00
[2022-11-09T14:48:20.812+0000] {processor.py:176} INFO - Processing /opt/airflow/dags/3-dependencias.py took 1.040 seconds
[2022-11-09T14:48:51.684+0000] {processor.py:154} INFO - Started process (PID=250) to work on /opt/airflow/dags/3-dependencias.py
[2022-11-09T14:48:51.685+0000] {processor.py:756} INFO - Processing file /opt/airflow/dags/3-dependencias.py for tasks to queue
[2022-11-09T14:48:51.687+0000] {logging_mixin.py:120} INFO - [2022-11-09T14:48:51.687+0000] {dagbag.py:537} INFO - Filling up the DagBag from /opt/airflow/dags/3-dependencias.py
[2022-11-09T14:48:51.741+0000] {processor.py:766} INFO - DAG(s) dict_keys(['3-dependencias']) retrieved from /opt/airflow/dags/3-dependencias.py
[2022-11-09T14:48:51.806+0000] {logging_mixin.py:120} INFO - [2022-11-09T14:48:51.805+0000] {dag.py:2585} INFO - Sync 1 DAGs
[2022-11-09T14:48:51.857+0000] {logging_mixin.py:120} INFO - [2022-11-09T14:48:51.856+0000] {dag.py:3340} INFO - Setting next_dagrun for 3-dependencias to 2022-11-01T00:00:00+00:00, run_after=2022-11-01T00:00:00+00:00
[2022-11-09T14:48:51.914+0000] {processor.py:176} INFO - Processing /opt/airflow/dags/3-dependencias.py took 0.234 seconds
[2022-11-09T14:49:22.399+0000] {processor.py:154} INFO - Started process (PID=278) to work on /opt/airflow/dags/3-dependencias.py
[2022-11-09T14:49:22.651+0000] {processor.py:756} INFO - Processing file /opt/airflow/dags/3-dependencias.py for tasks to queue
[2022-11-09T14:49:22.653+0000] {logging_mixin.py:120} INFO - [2022-11-09T14:49:22.653+0000] {dagbag.py:537} INFO - Filling up the DagBag from /opt/airflow/dags/3-dependencias.py
[2022-11-09T14:49:22.709+0000] {processor.py:766} INFO - DAG(s) dict_keys(['3-dependencias']) retrieved from /opt/airflow/dags/3-dependencias.py
[2022-11-09T14:49:22.776+0000] {logging_mixin.py:120} INFO - [2022-11-09T14:49:22.775+0000] {dag.py:2585} INFO - Sync 1 DAGs
[2022-11-09T14:49:22.829+0000] {logging_mixin.py:120} INFO - [2022-11-09T14:49:22.828+0000] {dag.py:3340} INFO - Setting next_dagrun for 3-dependencias to 2022-11-01T00:00:00+00:00, run_after=2022-11-01T00:00:00+00:00
[2022-11-09T14:49:22.870+0000] {processor.py:176} INFO - Processing /opt/airflow/dags/3-dependencias.py took 0.474 seconds
[2022-11-09T14:49:53.202+0000] {processor.py:154} INFO - Started process (PID=315) to work on /opt/airflow/dags/3-dependencias.py
[2022-11-09T14:49:53.213+0000] {processor.py:756} INFO - Processing file /opt/airflow/dags/3-dependencias.py for tasks to queue
[2022-11-09T14:49:53.215+0000] {logging_mixin.py:120} INFO - [2022-11-09T14:49:53.214+0000] {dagbag.py:537} INFO - Filling up the DagBag from /opt/airflow/dags/3-dependencias.py
[2022-11-09T14:49:53.276+0000] {processor.py:766} INFO - DAG(s) dict_keys(['3-dependencias']) retrieved from /opt/airflow/dags/3-dependencias.py
[2022-11-09T14:49:53.337+0000] {logging_mixin.py:120} INFO - [2022-11-09T14:49:53.337+0000] {dag.py:2585} INFO - Sync 1 DAGs
[2022-11-09T14:49:53.373+0000] {logging_mixin.py:120} INFO - [2022-11-09T14:49:53.373+0000] {dag.py:3340} INFO - Setting next_dagrun for 3-dependencias to 2022-11-01T00:00:00+00:00, run_after=2022-11-01T00:00:00+00:00
[2022-11-09T14:49:53.634+0000] {processor.py:176} INFO - Processing /opt/airflow/dags/3-dependencias.py took 0.435 seconds
[2022-11-09T14:50:23.888+0000] {processor.py:154} INFO - Started process (PID=343) to work on /opt/airflow/dags/3-dependencias.py
[2022-11-09T14:50:23.894+0000] {processor.py:756} INFO - Processing file /opt/airflow/dags/3-dependencias.py for tasks to queue
[2022-11-09T14:50:23.896+0000] {logging_mixin.py:120} INFO - [2022-11-09T14:50:23.896+0000] {dagbag.py:537} INFO - Filling up the DagBag from /opt/airflow/dags/3-dependencias.py
[2022-11-09T14:50:23.985+0000] {processor.py:766} INFO - DAG(s) dict_keys(['3-dependencias']) retrieved from /opt/airflow/dags/3-dependencias.py
[2022-11-09T14:50:24.082+0000] {logging_mixin.py:120} INFO - [2022-11-09T14:50:24.081+0000] {dag.py:2585} INFO - Sync 1 DAGs
[2022-11-09T14:50:24.130+0000] {logging_mixin.py:120} INFO - [2022-11-09T14:50:24.129+0000] {dag.py:3340} INFO - Setting next_dagrun for 3-dependencias to 2022-11-01T00:00:00+00:00, run_after=2022-11-01T00:00:00+00:00
[2022-11-09T14:50:24.196+0000] {processor.py:176} INFO - Processing /opt/airflow/dags/3-dependencias.py took 0.311 seconds
[2022-11-09T14:50:54.490+0000] {processor.py:154} INFO - Started process (PID=380) to work on /opt/airflow/dags/3-dependencias.py
[2022-11-09T14:50:54.492+0000] {processor.py:756} INFO - Processing file /opt/airflow/dags/3-dependencias.py for tasks to queue
[2022-11-09T14:50:54.493+0000] {logging_mixin.py:120} INFO - [2022-11-09T14:50:54.493+0000] {dagbag.py:537} INFO - Filling up the DagBag from /opt/airflow/dags/3-dependencias.py
[2022-11-09T14:50:54.552+0000] {processor.py:766} INFO - DAG(s) dict_keys(['3-dependencias']) retrieved from /opt/airflow/dags/3-dependencias.py
[2022-11-09T14:50:54.632+0000] {logging_mixin.py:120} INFO - [2022-11-09T14:50:54.631+0000] {dag.py:2585} INFO - Sync 1 DAGs
[2022-11-09T14:50:54.684+0000] {logging_mixin.py:120} INFO - [2022-11-09T14:50:54.684+0000] {dag.py:3340} INFO - Setting next_dagrun for 3-dependencias to 2022-11-01T00:00:00+00:00, run_after=2022-11-01T00:00:00+00:00
[2022-11-09T14:50:54.738+0000] {processor.py:176} INFO - Processing /opt/airflow/dags/3-dependencias.py took 0.252 seconds
[2022-11-09T14:51:26.050+0000] {processor.py:154} INFO - Started process (PID=408) to work on /opt/airflow/dags/3-dependencias.py
[2022-11-09T14:51:26.052+0000] {processor.py:756} INFO - Processing file /opt/airflow/dags/3-dependencias.py for tasks to queue
[2022-11-09T14:51:26.053+0000] {logging_mixin.py:120} INFO - [2022-11-09T14:51:26.053+0000] {dagbag.py:537} INFO - Filling up the DagBag from /opt/airflow/dags/3-dependencias.py
[2022-11-09T14:51:26.089+0000] {processor.py:766} INFO - DAG(s) dict_keys(['3-dependencias']) retrieved from /opt/airflow/dags/3-dependencias.py
[2022-11-09T14:51:26.564+0000] {logging_mixin.py:120} INFO - [2022-11-09T14:51:26.564+0000] {dag.py:2585} INFO - Sync 1 DAGs
[2022-11-09T14:51:26.601+0000] {logging_mixin.py:120} INFO - [2022-11-09T14:51:26.601+0000] {dag.py:3340} INFO - Setting next_dagrun for 3-dependencias to 2022-11-01T00:00:00+00:00, run_after=2022-11-01T00:00:00+00:00
[2022-11-09T14:51:28.055+0000] {processor.py:176} INFO - Processing /opt/airflow/dags/3-dependencias.py took 2.008 seconds
[2022-11-09T14:51:59.469+0000] {processor.py:154} INFO - Started process (PID=436) to work on /opt/airflow/dags/3-dependencias.py
[2022-11-09T14:52:04.629+0000] {processor.py:756} INFO - Processing file /opt/airflow/dags/3-dependencias.py for tasks to queue
[2022-11-09T14:52:04.631+0000] {logging_mixin.py:120} INFO - [2022-11-09T14:52:04.630+0000] {dagbag.py:537} INFO - Filling up the DagBag from /opt/airflow/dags/3-dependencias.py
[2022-11-09T14:52:04.681+0000] {processor.py:766} INFO - DAG(s) dict_keys(['3-dependencias']) retrieved from /opt/airflow/dags/3-dependencias.py
[2022-11-09T14:52:04.746+0000] {logging_mixin.py:120} INFO - [2022-11-09T14:52:04.746+0000] {dag.py:2585} INFO - Sync 1 DAGs
[2022-11-09T14:52:04.785+0000] {logging_mixin.py:120} INFO - [2022-11-09T14:52:04.784+0000] {dag.py:3340} INFO - Setting next_dagrun for 3-dependencias to 2022-11-01T00:00:00+00:00, run_after=2022-11-01T00:00:00+00:00
[2022-11-09T14:52:04.825+0000] {processor.py:176} INFO - Processing /opt/airflow/dags/3-dependencias.py took 5.359 seconds
[2022-11-09T14:52:35.034+0000] {processor.py:154} INFO - Started process (PID=473) to work on /opt/airflow/dags/3-dependencias.py
[2022-11-09T14:52:35.036+0000] {processor.py:756} INFO - Processing file /opt/airflow/dags/3-dependencias.py for tasks to queue
[2022-11-09T14:52:35.037+0000] {logging_mixin.py:120} INFO - [2022-11-09T14:52:35.036+0000] {dagbag.py:537} INFO - Filling up the DagBag from /opt/airflow/dags/3-dependencias.py
[2022-11-09T14:52:35.103+0000] {processor.py:766} INFO - DAG(s) dict_keys(['3-dependencias']) retrieved from /opt/airflow/dags/3-dependencias.py
[2022-11-09T14:52:35.159+0000] {logging_mixin.py:120} INFO - [2022-11-09T14:52:35.158+0000] {dag.py:2585} INFO - Sync 1 DAGs
[2022-11-09T14:52:35.191+0000] {logging_mixin.py:120} INFO - [2022-11-09T14:52:35.191+0000] {dag.py:3340} INFO - Setting next_dagrun for 3-dependencias to 2022-11-01T00:00:00+00:00, run_after=2022-11-01T00:00:00+00:00
[2022-11-09T14:52:35.236+0000] {processor.py:176} INFO - Processing /opt/airflow/dags/3-dependencias.py took 0.205 seconds
[2022-11-09T14:53:05.435+0000] {processor.py:154} INFO - Started process (PID=510) to work on /opt/airflow/dags/3-dependencias.py
[2022-11-09T14:53:05.436+0000] {processor.py:756} INFO - Processing file /opt/airflow/dags/3-dependencias.py for tasks to queue
[2022-11-09T14:53:05.438+0000] {logging_mixin.py:120} INFO - [2022-11-09T14:53:05.438+0000] {dagbag.py:537} INFO - Filling up the DagBag from /opt/airflow/dags/3-dependencias.py
[2022-11-09T14:53:05.478+0000] {processor.py:766} INFO - DAG(s) dict_keys(['3-dependencias']) retrieved from /opt/airflow/dags/3-dependencias.py
[2022-11-09T14:53:05.526+0000] {logging_mixin.py:120} INFO - [2022-11-09T14:53:05.526+0000] {dag.py:2585} INFO - Sync 1 DAGs
[2022-11-09T14:53:05.564+0000] {logging_mixin.py:120} INFO - [2022-11-09T14:53:05.563+0000] {dag.py:3340} INFO - Setting next_dagrun for 3-dependencias to 2022-11-01T00:00:00+00:00, run_after=2022-11-01T00:00:00+00:00
[2022-11-09T14:53:05.653+0000] {processor.py:176} INFO - Processing /opt/airflow/dags/3-dependencias.py took 0.222 seconds
[2022-11-09T14:53:35.760+0000] {processor.py:154} INFO - Started process (PID=538) to work on /opt/airflow/dags/3-dependencias.py
[2022-11-09T14:53:35.762+0000] {processor.py:756} INFO - Processing file /opt/airflow/dags/3-dependencias.py for tasks to queue
[2022-11-09T14:53:35.763+0000] {logging_mixin.py:120} INFO - [2022-11-09T14:53:35.763+0000] {dagbag.py:537} INFO - Filling up the DagBag from /opt/airflow/dags/3-dependencias.py
[2022-11-09T14:53:35.804+0000] {processor.py:766} INFO - DAG(s) dict_keys(['3-dependencias']) retrieved from /opt/airflow/dags/3-dependencias.py
[2022-11-09T14:53:35.871+0000] {logging_mixin.py:120} INFO - [2022-11-09T14:53:35.870+0000] {dag.py:2585} INFO - Sync 1 DAGs
[2022-11-09T14:53:35.906+0000] {logging_mixin.py:120} INFO - [2022-11-09T14:53:35.905+0000] {dag.py:3340} INFO - Setting next_dagrun for 3-dependencias to 2022-11-01T00:00:00+00:00, run_after=2022-11-01T00:00:00+00:00
[2022-11-09T14:53:35.940+0000] {processor.py:176} INFO - Processing /opt/airflow/dags/3-dependencias.py took 0.183 seconds
[2022-11-09T14:54:06.824+0000] {processor.py:154} INFO - Started process (PID=566) to work on /opt/airflow/dags/3-dependencias.py
[2022-11-09T14:54:06.826+0000] {processor.py:756} INFO - Processing file /opt/airflow/dags/3-dependencias.py for tasks to queue
[2022-11-09T14:54:06.827+0000] {logging_mixin.py:120} INFO - [2022-11-09T14:54:06.827+0000] {dagbag.py:537} INFO - Filling up the DagBag from /opt/airflow/dags/3-dependencias.py
[2022-11-09T14:54:06.872+0000] {processor.py:766} INFO - DAG(s) dict_keys(['3-dependencias']) retrieved from /opt/airflow/dags/3-dependencias.py
[2022-11-09T14:54:06.928+0000] {logging_mixin.py:120} INFO - [2022-11-09T14:54:06.928+0000] {dag.py:2585} INFO - Sync 1 DAGs
[2022-11-09T14:54:06.960+0000] {logging_mixin.py:120} INFO - [2022-11-09T14:54:06.960+0000] {dag.py:3340} INFO - Setting next_dagrun for 3-dependencias to 2022-11-01T00:00:00+00:00, run_after=2022-11-01T00:00:00+00:00
[2022-11-09T14:54:07.072+0000] {processor.py:176} INFO - Processing /opt/airflow/dags/3-dependencias.py took 0.251 seconds
[2022-11-09T14:54:37.800+0000] {processor.py:154} INFO - Started process (PID=603) to work on /opt/airflow/dags/3-dependencias.py
[2022-11-09T14:54:37.801+0000] {processor.py:756} INFO - Processing file /opt/airflow/dags/3-dependencias.py for tasks to queue
[2022-11-09T14:54:37.803+0000] {logging_mixin.py:120} INFO - [2022-11-09T14:54:37.803+0000] {dagbag.py:537} INFO - Filling up the DagBag from /opt/airflow/dags/3-dependencias.py
[2022-11-09T14:54:37.854+0000] {processor.py:766} INFO - DAG(s) dict_keys(['3-dependencias']) retrieved from /opt/airflow/dags/3-dependencias.py
[2022-11-09T14:54:37.922+0000] {logging_mixin.py:120} INFO - [2022-11-09T14:54:37.921+0000] {dag.py:2585} INFO - Sync 1 DAGs
[2022-11-09T14:54:37.969+0000] {logging_mixin.py:120} INFO - [2022-11-09T14:54:37.969+0000] {dag.py:3340} INFO - Setting next_dagrun for 3-dependencias to 2022-11-01T00:00:00+00:00, run_after=2022-11-01T00:00:00+00:00
[2022-11-09T14:54:38.019+0000] {processor.py:176} INFO - Processing /opt/airflow/dags/3-dependencias.py took 0.224 seconds
[2022-11-09T14:55:08.324+0000] {processor.py:154} INFO - Started process (PID=622) to work on /opt/airflow/dags/3-dependencias.py
[2022-11-09T14:55:08.325+0000] {processor.py:756} INFO - Processing file /opt/airflow/dags/3-dependencias.py for tasks to queue
[2022-11-09T14:55:08.327+0000] {logging_mixin.py:120} INFO - [2022-11-09T14:55:08.327+0000] {dagbag.py:537} INFO - Filling up the DagBag from /opt/airflow/dags/3-dependencias.py
[2022-11-09T14:55:12.440+0000] {processor.py:766} INFO - DAG(s) dict_keys(['3-dependencias']) retrieved from /opt/airflow/dags/3-dependencias.py
[2022-11-09T14:55:12.501+0000] {logging_mixin.py:120} INFO - [2022-11-09T14:55:12.500+0000] {dag.py:2585} INFO - Sync 1 DAGs
[2022-11-09T14:55:13.264+0000] {logging_mixin.py:120} INFO - [2022-11-09T14:55:13.264+0000] {dag.py:3340} INFO - Setting next_dagrun for 3-dependencias to 2022-11-01T00:00:00+00:00, run_after=2022-11-01T00:00:00+00:00
[2022-11-09T14:55:14.124+0000] {processor.py:176} INFO - Processing /opt/airflow/dags/3-dependencias.py took 5.804 seconds
[2022-11-09T14:55:54.595+0000] {processor.py:154} INFO - Started process (PID=650) to work on /opt/airflow/dags/3-dependencias.py
[2022-11-09T14:55:54.597+0000] {processor.py:756} INFO - Processing file /opt/airflow/dags/3-dependencias.py for tasks to queue
[2022-11-09T14:55:54.598+0000] {logging_mixin.py:120} INFO - [2022-11-09T14:55:54.598+0000] {dagbag.py:537} INFO - Filling up the DagBag from /opt/airflow/dags/3-dependencias.py
[2022-11-09T14:55:54.639+0000] {processor.py:766} INFO - DAG(s) dict_keys(['3-dependencias']) retrieved from /opt/airflow/dags/3-dependencias.py
[2022-11-09T14:55:55.016+0000] {logging_mixin.py:120} INFO - [2022-11-09T14:55:55.016+0000] {dag.py:2585} INFO - Sync 1 DAGs
[2022-11-09T14:55:55.288+0000] {logging_mixin.py:120} INFO - [2022-11-09T14:55:55.288+0000] {dag.py:3340} INFO - Setting next_dagrun for 3-dependencias to 2022-11-01T00:00:00+00:00, run_after=2022-11-01T00:00:00+00:00
[2022-11-09T14:55:57.240+0000] {processor.py:176} INFO - Processing /opt/airflow/dags/3-dependencias.py took 2.649 seconds
[2022-11-09T14:56:28.015+0000] {processor.py:154} INFO - Started process (PID=669) to work on /opt/airflow/dags/3-dependencias.py
[2022-11-09T14:56:39.547+0000] {processor.py:756} INFO - Processing file /opt/airflow/dags/3-dependencias.py for tasks to queue
[2022-11-09T14:56:39.549+0000] {logging_mixin.py:120} INFO - [2022-11-09T14:56:39.549+0000] {dagbag.py:537} INFO - Filling up the DagBag from /opt/airflow/dags/3-dependencias.py
[2022-11-09T14:56:39.697+0000] {processor.py:766} INFO - DAG(s) dict_keys(['3-dependencias']) retrieved from /opt/airflow/dags/3-dependencias.py
[2022-11-09T14:56:39.796+0000] {logging_mixin.py:120} INFO - [2022-11-09T14:56:39.795+0000] {dag.py:2585} INFO - Sync 1 DAGs
[2022-11-09T14:56:39.868+0000] {logging_mixin.py:120} INFO - [2022-11-09T14:56:39.867+0000] {dag.py:3340} INFO - Setting next_dagrun for 3-dependencias to 2022-11-01T00:00:00+00:00, run_after=2022-11-01T00:00:00+00:00
[2022-11-09T14:56:39.930+0000] {processor.py:176} INFO - Processing /opt/airflow/dags/3-dependencias.py took 11.920 seconds
[2022-11-09T14:57:10.495+0000] {processor.py:154} INFO - Started process (PID=706) to work on /opt/airflow/dags/3-dependencias.py
[2022-11-09T14:57:10.496+0000] {processor.py:756} INFO - Processing file /opt/airflow/dags/3-dependencias.py for tasks to queue
[2022-11-09T14:57:10.497+0000] {logging_mixin.py:120} INFO - [2022-11-09T14:57:10.497+0000] {dagbag.py:537} INFO - Filling up the DagBag from /opt/airflow/dags/3-dependencias.py
[2022-11-09T14:57:10.562+0000] {processor.py:766} INFO - DAG(s) dict_keys(['3-dependencias']) retrieved from /opt/airflow/dags/3-dependencias.py
[2022-11-09T14:57:10.633+0000] {logging_mixin.py:120} INFO - [2022-11-09T14:57:10.632+0000] {dag.py:2585} INFO - Sync 1 DAGs
[2022-11-09T14:57:10.667+0000] {logging_mixin.py:120} INFO - [2022-11-09T14:57:10.667+0000] {dag.py:3340} INFO - Setting next_dagrun for 3-dependencias to 2022-11-01T00:00:00+00:00, run_after=2022-11-01T00:00:00+00:00
[2022-11-09T14:57:10.768+0000] {processor.py:176} INFO - Processing /opt/airflow/dags/3-dependencias.py took 0.277 seconds
[2022-11-09T14:57:41.027+0000] {processor.py:154} INFO - Started process (PID=734) to work on /opt/airflow/dags/3-dependencias.py
[2022-11-09T14:57:41.032+0000] {processor.py:756} INFO - Processing file /opt/airflow/dags/3-dependencias.py for tasks to queue
[2022-11-09T14:57:41.033+0000] {logging_mixin.py:120} INFO - [2022-11-09T14:57:41.033+0000] {dagbag.py:537} INFO - Filling up the DagBag from /opt/airflow/dags/3-dependencias.py
[2022-11-09T14:57:41.065+0000] {processor.py:766} INFO - DAG(s) dict_keys(['3-dependencias']) retrieved from /opt/airflow/dags/3-dependencias.py
[2022-11-09T14:57:41.114+0000] {logging_mixin.py:120} INFO - [2022-11-09T14:57:41.113+0000] {dag.py:2585} INFO - Sync 1 DAGs
[2022-11-09T14:57:41.143+0000] {logging_mixin.py:120} INFO - [2022-11-09T14:57:41.142+0000] {dag.py:3340} INFO - Setting next_dagrun for 3-dependencias to 2022-11-01T00:00:00+00:00, run_after=2022-11-01T00:00:00+00:00
[2022-11-09T14:57:41.233+0000] {processor.py:176} INFO - Processing /opt/airflow/dags/3-dependencias.py took 0.208 seconds
[2022-11-09T14:58:11.770+0000] {processor.py:154} INFO - Started process (PID=763) to work on /opt/airflow/dags/3-dependencias.py
[2022-11-09T14:58:11.771+0000] {processor.py:756} INFO - Processing file /opt/airflow/dags/3-dependencias.py for tasks to queue
[2022-11-09T14:58:11.773+0000] {logging_mixin.py:120} INFO - [2022-11-09T14:58:11.772+0000] {dagbag.py:537} INFO - Filling up the DagBag from /opt/airflow/dags/3-dependencias.py
[2022-11-09T14:58:11.820+0000] {processor.py:766} INFO - DAG(s) dict_keys(['3-dependencias']) retrieved from /opt/airflow/dags/3-dependencias.py
[2022-11-09T14:58:11.881+0000] {logging_mixin.py:120} INFO - [2022-11-09T14:58:11.881+0000] {dag.py:2585} INFO - Sync 1 DAGs
[2022-11-09T14:58:11.912+0000] {logging_mixin.py:120} INFO - [2022-11-09T14:58:11.912+0000] {dag.py:3340} INFO - Setting next_dagrun for 3-dependencias to 2022-11-01T00:00:00+00:00, run_after=2022-11-01T00:00:00+00:00
[2022-11-09T14:58:11.964+0000] {processor.py:176} INFO - Processing /opt/airflow/dags/3-dependencias.py took 0.199 seconds
[2022-11-09T14:58:42.731+0000] {processor.py:154} INFO - Started process (PID=800) to work on /opt/airflow/dags/3-dependencias.py
[2022-11-09T14:58:42.733+0000] {processor.py:756} INFO - Processing file /opt/airflow/dags/3-dependencias.py for tasks to queue
[2022-11-09T14:58:42.734+0000] {logging_mixin.py:120} INFO - [2022-11-09T14:58:42.734+0000] {dagbag.py:537} INFO - Filling up the DagBag from /opt/airflow/dags/3-dependencias.py
[2022-11-09T14:58:42.767+0000] {processor.py:766} INFO - DAG(s) dict_keys(['3-dependencias']) retrieved from /opt/airflow/dags/3-dependencias.py
[2022-11-09T14:58:42.812+0000] {logging_mixin.py:120} INFO - [2022-11-09T14:58:42.812+0000] {dag.py:2585} INFO - Sync 1 DAGs
[2022-11-09T14:58:42.845+0000] {logging_mixin.py:120} INFO - [2022-11-09T14:58:42.845+0000] {dag.py:3340} INFO - Setting next_dagrun for 3-dependencias to 2022-11-01T00:00:00+00:00, run_after=2022-11-01T00:00:00+00:00
[2022-11-09T14:58:43.378+0000] {processor.py:176} INFO - Processing /opt/airflow/dags/3-dependencias.py took 0.651 seconds
[2022-11-09T14:59:13.605+0000] {processor.py:154} INFO - Started process (PID=828) to work on /opt/airflow/dags/3-dependencias.py
[2022-11-09T14:59:13.607+0000] {processor.py:756} INFO - Processing file /opt/airflow/dags/3-dependencias.py for tasks to queue
[2022-11-09T14:59:13.609+0000] {logging_mixin.py:120} INFO - [2022-11-09T14:59:13.609+0000] {dagbag.py:537} INFO - Filling up the DagBag from /opt/airflow/dags/3-dependencias.py
[2022-11-09T14:59:13.657+0000] {processor.py:766} INFO - DAG(s) dict_keys(['3-dependencias']) retrieved from /opt/airflow/dags/3-dependencias.py
[2022-11-09T14:59:13.719+0000] {logging_mixin.py:120} INFO - [2022-11-09T14:59:13.718+0000] {dag.py:2585} INFO - Sync 1 DAGs
[2022-11-09T14:59:13.762+0000] {logging_mixin.py:120} INFO - [2022-11-09T14:59:13.761+0000] {dag.py:3340} INFO - Setting next_dagrun for 3-dependencias to 2022-11-01T00:00:00+00:00, run_after=2022-11-01T00:00:00+00:00
[2022-11-09T14:59:13.802+0000] {processor.py:176} INFO - Processing /opt/airflow/dags/3-dependencias.py took 0.202 seconds
[2022-11-09T14:59:44.313+0000] {processor.py:154} INFO - Started process (PID=860) to work on /opt/airflow/dags/3-dependencias.py
[2022-11-09T14:59:44.323+0000] {processor.py:756} INFO - Processing file /opt/airflow/dags/3-dependencias.py for tasks to queue
[2022-11-09T14:59:44.327+0000] {logging_mixin.py:120} INFO - [2022-11-09T14:59:44.326+0000] {dagbag.py:537} INFO - Filling up the DagBag from /opt/airflow/dags/3-dependencias.py
[2022-11-09T14:59:44.538+0000] {processor.py:766} INFO - DAG(s) dict_keys(['3-dependencias']) retrieved from /opt/airflow/dags/3-dependencias.py
[2022-11-09T14:59:45.252+0000] {logging_mixin.py:120} INFO - [2022-11-09T14:59:45.251+0000] {dag.py:2585} INFO - Sync 1 DAGs
[2022-11-09T14:59:45.412+0000] {logging_mixin.py:120} INFO - [2022-11-09T14:59:45.411+0000] {dag.py:3340} INFO - Setting next_dagrun for 3-dependencias to 2022-11-01T00:00:00+00:00, run_after=2022-11-01T00:00:00+00:00
[2022-11-09T14:59:45.702+0000] {processor.py:176} INFO - Processing /opt/airflow/dags/3-dependencias.py took 1.406 seconds
[2022-11-09T15:00:16.003+0000] {processor.py:154} INFO - Started process (PID=888) to work on /opt/airflow/dags/3-dependencias.py
[2022-11-09T15:00:16.006+0000] {processor.py:756} INFO - Processing file /opt/airflow/dags/3-dependencias.py for tasks to queue
[2022-11-09T15:00:16.007+0000] {logging_mixin.py:120} INFO - [2022-11-09T15:00:16.007+0000] {dagbag.py:537} INFO - Filling up the DagBag from /opt/airflow/dags/3-dependencias.py
[2022-11-09T15:00:16.043+0000] {processor.py:766} INFO - DAG(s) dict_keys(['3-dependencias']) retrieved from /opt/airflow/dags/3-dependencias.py
[2022-11-09T15:00:16.083+0000] {logging_mixin.py:120} INFO - [2022-11-09T15:00:16.083+0000] {dag.py:2585} INFO - Sync 1 DAGs
[2022-11-09T15:00:16.115+0000] {logging_mixin.py:120} INFO - [2022-11-09T15:00:16.114+0000] {dag.py:3340} INFO - Setting next_dagrun for 3-dependencias to 2022-11-01T00:00:00+00:00, run_after=2022-11-01T00:00:00+00:00
[2022-11-09T15:00:16.144+0000] {processor.py:176} INFO - Processing /opt/airflow/dags/3-dependencias.py took 0.145 seconds
[2022-11-09T15:00:46.234+0000] {processor.py:154} INFO - Started process (PID=925) to work on /opt/airflow/dags/3-dependencias.py
[2022-11-09T15:00:46.235+0000] {processor.py:756} INFO - Processing file /opt/airflow/dags/3-dependencias.py for tasks to queue
[2022-11-09T15:00:46.236+0000] {logging_mixin.py:120} INFO - [2022-11-09T15:00:46.236+0000] {dagbag.py:537} INFO - Filling up the DagBag from /opt/airflow/dags/3-dependencias.py
[2022-11-09T15:00:46.396+0000] {processor.py:766} INFO - DAG(s) dict_keys(['3-dependencias']) retrieved from /opt/airflow/dags/3-dependencias.py
[2022-11-09T15:00:46.553+0000] {logging_mixin.py:120} INFO - [2022-11-09T15:00:46.553+0000] {dag.py:2585} INFO - Sync 1 DAGs
[2022-11-09T15:00:46.582+0000] {logging_mixin.py:120} INFO - [2022-11-09T15:00:46.582+0000] {dag.py:3340} INFO - Setting next_dagrun for 3-dependencias to 2022-11-01T00:00:00+00:00, run_after=2022-11-01T00:00:00+00:00
[2022-11-09T15:00:47.697+0000] {processor.py:176} INFO - Processing /opt/airflow/dags/3-dependencias.py took 1.466 seconds
[2022-11-09T15:01:19.571+0000] {processor.py:154} INFO - Started process (PID=953) to work on /opt/airflow/dags/3-dependencias.py
[2022-11-09T15:01:19.572+0000] {processor.py:756} INFO - Processing file /opt/airflow/dags/3-dependencias.py for tasks to queue
[2022-11-09T15:01:19.573+0000] {logging_mixin.py:120} INFO - [2022-11-09T15:01:19.573+0000] {dagbag.py:537} INFO - Filling up the DagBag from /opt/airflow/dags/3-dependencias.py
[2022-11-09T15:01:20.174+0000] {processor.py:766} INFO - DAG(s) dict_keys(['3-dependencias']) retrieved from /opt/airflow/dags/3-dependencias.py
[2022-11-09T15:01:20.635+0000] {logging_mixin.py:120} INFO - [2022-11-09T15:01:20.635+0000] {dag.py:2585} INFO - Sync 1 DAGs
[2022-11-09T15:01:20.688+0000] {logging_mixin.py:120} INFO - [2022-11-09T15:01:20.688+0000] {dag.py:3340} INFO - Setting next_dagrun for 3-dependencias to 2022-11-01T00:00:00+00:00, run_after=2022-11-01T00:00:00+00:00
[2022-11-09T15:01:20.746+0000] {processor.py:176} INFO - Processing /opt/airflow/dags/3-dependencias.py took 1.183 seconds
[2022-11-09T15:01:51.483+0000] {processor.py:154} INFO - Started process (PID=982) to work on /opt/airflow/dags/3-dependencias.py
[2022-11-09T15:01:51.485+0000] {processor.py:756} INFO - Processing file /opt/airflow/dags/3-dependencias.py for tasks to queue
[2022-11-09T15:01:51.486+0000] {logging_mixin.py:120} INFO - [2022-11-09T15:01:51.486+0000] {dagbag.py:537} INFO - Filling up the DagBag from /opt/airflow/dags/3-dependencias.py
[2022-11-09T15:01:51.517+0000] {processor.py:766} INFO - DAG(s) dict_keys(['3-dependencias']) retrieved from /opt/airflow/dags/3-dependencias.py
[2022-11-09T15:01:51.563+0000] {logging_mixin.py:120} INFO - [2022-11-09T15:01:51.562+0000] {dag.py:2585} INFO - Sync 1 DAGs
[2022-11-09T15:01:51.589+0000] {logging_mixin.py:120} INFO - [2022-11-09T15:01:51.589+0000] {dag.py:3340} INFO - Setting next_dagrun for 3-dependencias to 2022-11-01T00:00:00+00:00, run_after=2022-11-01T00:00:00+00:00
[2022-11-09T15:01:51.618+0000] {processor.py:176} INFO - Processing /opt/airflow/dags/3-dependencias.py took 0.138 seconds
[2022-11-09T15:02:44.028+0000] {processor.py:154} INFO - Started process (PID=1022) to work on /opt/airflow/dags/3-dependencias.py
[2022-11-09T15:02:44.030+0000] {processor.py:756} INFO - Processing file /opt/airflow/dags/3-dependencias.py for tasks to queue
[2022-11-09T15:02:44.032+0000] {logging_mixin.py:120} INFO - [2022-11-09T15:02:44.032+0000] {dagbag.py:537} INFO - Filling up the DagBag from /opt/airflow/dags/3-dependencias.py
[2022-11-09T15:02:44.099+0000] {processor.py:766} INFO - DAG(s) dict_keys(['3-dependencias']) retrieved from /opt/airflow/dags/3-dependencias.py
[2022-11-09T15:02:44.161+0000] {logging_mixin.py:120} INFO - [2022-11-09T15:02:44.161+0000] {dag.py:2585} INFO - Sync 1 DAGs
[2022-11-09T15:02:44.201+0000] {logging_mixin.py:120} INFO - [2022-11-09T15:02:44.201+0000] {dag.py:3340} INFO - Setting next_dagrun for 3-dependencias to 2022-11-01T00:00:00+00:00, run_after=2022-11-01T00:00:00+00:00
[2022-11-09T15:02:44.238+0000] {processor.py:176} INFO - Processing /opt/airflow/dags/3-dependencias.py took 0.216 seconds
[2022-11-09T15:03:19.980+0000] {processor.py:154} INFO - Started process (PID=1051) to work on /opt/airflow/dags/3-dependencias.py
[2022-11-09T15:03:19.982+0000] {processor.py:756} INFO - Processing file /opt/airflow/dags/3-dependencias.py for tasks to queue
[2022-11-09T15:03:19.983+0000] {logging_mixin.py:120} INFO - [2022-11-09T15:03:19.983+0000] {dagbag.py:537} INFO - Filling up the DagBag from /opt/airflow/dags/3-dependencias.py
[2022-11-09T15:03:20.300+0000] {processor.py:766} INFO - DAG(s) dict_keys(['3-dependencias']) retrieved from /opt/airflow/dags/3-dependencias.py
[2022-11-09T15:03:20.338+0000] {logging_mixin.py:120} INFO - [2022-11-09T15:03:20.338+0000] {dag.py:2585} INFO - Sync 1 DAGs
[2022-11-09T15:03:20.364+0000] {logging_mixin.py:120} INFO - [2022-11-09T15:03:20.364+0000] {dag.py:3340} INFO - Setting next_dagrun for 3-dependencias to 2022-11-01T00:00:00+00:00, run_after=2022-11-01T00:00:00+00:00
[2022-11-09T15:03:20.652+0000] {processor.py:176} INFO - Processing /opt/airflow/dags/3-dependencias.py took 0.674 seconds
[2022-11-09T15:03:51.446+0000] {processor.py:154} INFO - Started process (PID=1079) to work on /opt/airflow/dags/3-dependencias.py
[2022-11-09T15:03:51.448+0000] {processor.py:756} INFO - Processing file /opt/airflow/dags/3-dependencias.py for tasks to queue
[2022-11-09T15:03:51.449+0000] {logging_mixin.py:120} INFO - [2022-11-09T15:03:51.449+0000] {dagbag.py:537} INFO - Filling up the DagBag from /opt/airflow/dags/3-dependencias.py
[2022-11-09T15:03:51.489+0000] {processor.py:766} INFO - DAG(s) dict_keys(['3-dependencias']) retrieved from /opt/airflow/dags/3-dependencias.py
[2022-11-09T15:03:51.560+0000] {logging_mixin.py:120} INFO - [2022-11-09T15:03:51.560+0000] {dag.py:2585} INFO - Sync 1 DAGs
[2022-11-09T15:03:51.598+0000] {logging_mixin.py:120} INFO - [2022-11-09T15:03:51.597+0000] {dag.py:3340} INFO - Setting next_dagrun for 3-dependencias to 2022-11-01T00:00:00+00:00, run_after=2022-11-01T00:00:00+00:00
[2022-11-09T15:03:51.632+0000] {processor.py:176} INFO - Processing /opt/airflow/dags/3-dependencias.py took 0.190 seconds
