[2022-11-09T04:30:20.528+0000] {processor.py:154} INFO - Started process (PID=2433) to work on /opt/airflow/dags/4-customoperator.py
[2022-11-09T04:30:20.543+0000] {processor.py:756} INFO - Processing file /opt/airflow/dags/4-customoperator.py for tasks to queue
[2022-11-09T04:30:20.558+0000] {logging_mixin.py:120} INFO - [2022-11-09T04:30:20.558+0000] {dagbag.py:537} INFO - Filling up the DagBag from /opt/airflow/dags/4-customoperator.py
[2022-11-09T04:30:20.631+0000] {processor.py:766} INFO - DAG(s) dict_keys(['4-customoperator']) retrieved from /opt/airflow/dags/4-customoperator.py
[2022-11-09T04:30:20.778+0000] {logging_mixin.py:120} INFO - [2022-11-09T04:30:20.778+0000] {dag.py:2585} INFO - Sync 1 DAGs
[2022-11-09T04:30:20.818+0000] {logging_mixin.py:120} INFO - [2022-11-09T04:30:20.818+0000] {dag.py:3340} INFO - Setting next_dagrun for 4-customoperator to 2022-11-01T00:00:00+00:00, run_after=2022-11-02T00:00:00+00:00
[2022-11-09T04:30:20.913+0000] {processor.py:176} INFO - Processing /opt/airflow/dags/4-customoperator.py took 0.388 seconds
[2022-11-09T04:30:52.605+0000] {processor.py:154} INFO - Started process (PID=2461) to work on /opt/airflow/dags/4-customoperator.py
[2022-11-09T04:30:52.609+0000] {processor.py:756} INFO - Processing file /opt/airflow/dags/4-customoperator.py for tasks to queue
[2022-11-09T04:30:52.612+0000] {logging_mixin.py:120} INFO - [2022-11-09T04:30:52.611+0000] {dagbag.py:537} INFO - Filling up the DagBag from /opt/airflow/dags/4-customoperator.py
[2022-11-09T04:30:52.754+0000] {processor.py:766} INFO - DAG(s) dict_keys(['4-customoperator']) retrieved from /opt/airflow/dags/4-customoperator.py
[2022-11-09T04:30:53.025+0000] {logging_mixin.py:120} INFO - [2022-11-09T04:30:53.025+0000] {dag.py:2585} INFO - Sync 1 DAGs
[2022-11-09T04:30:53.113+0000] {logging_mixin.py:120} INFO - [2022-11-09T04:30:53.113+0000] {dag.py:3340} INFO - Setting next_dagrun for 4-customoperator to 2022-11-01T00:00:00+00:00, run_after=2022-11-02T00:00:00+00:00
[2022-11-09T04:30:53.257+0000] {processor.py:176} INFO - Processing /opt/airflow/dags/4-customoperator.py took 0.660 seconds
[2022-11-09T14:45:37.443+0000] {processor.py:154} INFO - Started process (PID=56) to work on /opt/airflow/dags/4-customoperator.py
[2022-11-09T14:45:37.446+0000] {processor.py:756} INFO - Processing file /opt/airflow/dags/4-customoperator.py for tasks to queue
[2022-11-09T14:45:37.450+0000] {logging_mixin.py:120} INFO - [2022-11-09T14:45:37.449+0000] {dagbag.py:537} INFO - Filling up the DagBag from /opt/airflow/dags/4-customoperator.py
[2022-11-09T14:45:37.529+0000] {processor.py:766} INFO - DAG(s) dict_keys(['4-customoperator']) retrieved from /opt/airflow/dags/4-customoperator.py
[2022-11-09T14:45:37.673+0000] {logging_mixin.py:120} INFO - [2022-11-09T14:45:37.672+0000] {dag.py:2585} INFO - Sync 1 DAGs
[2022-11-09T14:45:37.726+0000] {logging_mixin.py:120} INFO - [2022-11-09T14:45:37.725+0000] {dag.py:3340} INFO - Setting next_dagrun for 4-customoperator to 2022-11-01T00:00:00+00:00, run_after=2022-11-02T00:00:00+00:00
[2022-11-09T14:45:37.774+0000] {processor.py:176} INFO - Processing /opt/airflow/dags/4-customoperator.py took 0.339 seconds
[2022-11-09T14:46:12.175+0000] {processor.py:154} INFO - Started process (PID=84) to work on /opt/airflow/dags/4-customoperator.py
[2022-11-09T14:46:12.177+0000] {processor.py:756} INFO - Processing file /opt/airflow/dags/4-customoperator.py for tasks to queue
[2022-11-09T14:46:12.178+0000] {logging_mixin.py:120} INFO - [2022-11-09T14:46:12.178+0000] {dagbag.py:537} INFO - Filling up the DagBag from /opt/airflow/dags/4-customoperator.py
[2022-11-09T14:46:12.228+0000] {processor.py:766} INFO - DAG(s) dict_keys(['4-customoperator']) retrieved from /opt/airflow/dags/4-customoperator.py
[2022-11-09T14:46:12.277+0000] {logging_mixin.py:120} INFO - [2022-11-09T14:46:12.277+0000] {dag.py:2585} INFO - Sync 1 DAGs
[2022-11-09T14:46:12.313+0000] {logging_mixin.py:120} INFO - [2022-11-09T14:46:12.313+0000] {dag.py:3340} INFO - Setting next_dagrun for 4-customoperator to 2022-11-01T00:00:00+00:00, run_after=2022-11-02T00:00:00+00:00
[2022-11-09T14:46:12.352+0000] {processor.py:176} INFO - Processing /opt/airflow/dags/4-customoperator.py took 0.180 seconds
[2022-11-09T14:46:43.054+0000] {processor.py:154} INFO - Started process (PID=112) to work on /opt/airflow/dags/4-customoperator.py
[2022-11-09T14:46:43.055+0000] {processor.py:756} INFO - Processing file /opt/airflow/dags/4-customoperator.py for tasks to queue
[2022-11-09T14:46:43.056+0000] {logging_mixin.py:120} INFO - [2022-11-09T14:46:43.056+0000] {dagbag.py:537} INFO - Filling up the DagBag from /opt/airflow/dags/4-customoperator.py
[2022-11-09T14:46:43.089+0000] {processor.py:766} INFO - DAG(s) dict_keys(['4-customoperator']) retrieved from /opt/airflow/dags/4-customoperator.py
[2022-11-09T14:46:43.169+0000] {logging_mixin.py:120} INFO - [2022-11-09T14:46:43.169+0000] {dag.py:2585} INFO - Sync 1 DAGs
[2022-11-09T14:46:43.194+0000] {logging_mixin.py:120} INFO - [2022-11-09T14:46:43.194+0000] {dag.py:3340} INFO - Setting next_dagrun for 4-customoperator to 2022-11-01T00:00:00+00:00, run_after=2022-11-02T00:00:00+00:00
[2022-11-09T14:46:43.221+0000] {processor.py:176} INFO - Processing /opt/airflow/dags/4-customoperator.py took 0.170 seconds
[2022-11-09T14:47:13.921+0000] {processor.py:154} INFO - Started process (PID=149) to work on /opt/airflow/dags/4-customoperator.py
[2022-11-09T14:47:13.923+0000] {processor.py:756} INFO - Processing file /opt/airflow/dags/4-customoperator.py for tasks to queue
[2022-11-09T14:47:13.925+0000] {logging_mixin.py:120} INFO - [2022-11-09T14:47:13.924+0000] {dagbag.py:537} INFO - Filling up the DagBag from /opt/airflow/dags/4-customoperator.py
[2022-11-09T14:47:13.974+0000] {processor.py:766} INFO - DAG(s) dict_keys(['4-customoperator']) retrieved from /opt/airflow/dags/4-customoperator.py
[2022-11-09T14:47:14.035+0000] {logging_mixin.py:120} INFO - [2022-11-09T14:47:14.034+0000] {dag.py:2585} INFO - Sync 1 DAGs
[2022-11-09T14:47:14.069+0000] {logging_mixin.py:120} INFO - [2022-11-09T14:47:14.068+0000] {dag.py:3340} INFO - Setting next_dagrun for 4-customoperator to 2022-11-01T00:00:00+00:00, run_after=2022-11-02T00:00:00+00:00
[2022-11-09T14:47:14.100+0000] {processor.py:176} INFO - Processing /opt/airflow/dags/4-customoperator.py took 0.182 seconds
[2022-11-09T14:47:44.947+0000] {processor.py:154} INFO - Started process (PID=177) to work on /opt/airflow/dags/4-customoperator.py
[2022-11-09T14:47:48.651+0000] {processor.py:756} INFO - Processing file /opt/airflow/dags/4-customoperator.py for tasks to queue
[2022-11-09T14:47:48.654+0000] {logging_mixin.py:120} INFO - [2022-11-09T14:47:48.653+0000] {dagbag.py:537} INFO - Filling up the DagBag from /opt/airflow/dags/4-customoperator.py
[2022-11-09T14:47:48.720+0000] {processor.py:766} INFO - DAG(s) dict_keys(['4-customoperator']) retrieved from /opt/airflow/dags/4-customoperator.py
[2022-11-09T14:47:48.858+0000] {logging_mixin.py:120} INFO - [2022-11-09T14:47:48.857+0000] {dag.py:2585} INFO - Sync 1 DAGs
[2022-11-09T14:47:48.921+0000] {logging_mixin.py:120} INFO - [2022-11-09T14:47:48.921+0000] {dag.py:3340} INFO - Setting next_dagrun for 4-customoperator to 2022-11-01T00:00:00+00:00, run_after=2022-11-02T00:00:00+00:00
[2022-11-09T14:47:48.963+0000] {processor.py:176} INFO - Processing /opt/airflow/dags/4-customoperator.py took 4.019 seconds
[2022-11-09T14:48:19.778+0000] {processor.py:154} INFO - Started process (PID=214) to work on /opt/airflow/dags/4-customoperator.py
[2022-11-09T14:48:19.779+0000] {processor.py:756} INFO - Processing file /opt/airflow/dags/4-customoperator.py for tasks to queue
[2022-11-09T14:48:19.782+0000] {logging_mixin.py:120} INFO - [2022-11-09T14:48:19.781+0000] {dagbag.py:537} INFO - Filling up the DagBag from /opt/airflow/dags/4-customoperator.py
[2022-11-09T14:48:19.828+0000] {processor.py:766} INFO - DAG(s) dict_keys(['4-customoperator']) retrieved from /opt/airflow/dags/4-customoperator.py
[2022-11-09T14:48:19.898+0000] {logging_mixin.py:120} INFO - [2022-11-09T14:48:19.898+0000] {dag.py:2585} INFO - Sync 1 DAGs
[2022-11-09T14:48:19.938+0000] {logging_mixin.py:120} INFO - [2022-11-09T14:48:19.938+0000] {dag.py:3340} INFO - Setting next_dagrun for 4-customoperator to 2022-11-01T00:00:00+00:00, run_after=2022-11-02T00:00:00+00:00
[2022-11-09T14:48:20.812+0000] {processor.py:176} INFO - Processing /opt/airflow/dags/4-customoperator.py took 1.038 seconds
[2022-11-09T14:48:51.684+0000] {processor.py:154} INFO - Started process (PID=251) to work on /opt/airflow/dags/4-customoperator.py
[2022-11-09T14:48:51.685+0000] {processor.py:756} INFO - Processing file /opt/airflow/dags/4-customoperator.py for tasks to queue
[2022-11-09T14:48:51.687+0000] {logging_mixin.py:120} INFO - [2022-11-09T14:48:51.687+0000] {dagbag.py:537} INFO - Filling up the DagBag from /opt/airflow/dags/4-customoperator.py
[2022-11-09T14:48:51.747+0000] {processor.py:766} INFO - DAG(s) dict_keys(['4-customoperator']) retrieved from /opt/airflow/dags/4-customoperator.py
[2022-11-09T14:48:51.814+0000] {logging_mixin.py:120} INFO - [2022-11-09T14:48:51.814+0000] {dag.py:2585} INFO - Sync 1 DAGs
[2022-11-09T14:48:51.870+0000] {logging_mixin.py:120} INFO - [2022-11-09T14:48:51.870+0000] {dag.py:3340} INFO - Setting next_dagrun for 4-customoperator to 2022-11-01T00:00:00+00:00, run_after=2022-11-02T00:00:00+00:00
[2022-11-09T14:48:51.930+0000] {processor.py:176} INFO - Processing /opt/airflow/dags/4-customoperator.py took 0.250 seconds
[2022-11-09T14:49:22.401+0000] {processor.py:154} INFO - Started process (PID=279) to work on /opt/airflow/dags/4-customoperator.py
[2022-11-09T14:49:22.651+0000] {processor.py:756} INFO - Processing file /opt/airflow/dags/4-customoperator.py for tasks to queue
[2022-11-09T14:49:22.653+0000] {logging_mixin.py:120} INFO - [2022-11-09T14:49:22.653+0000] {dagbag.py:537} INFO - Filling up the DagBag from /opt/airflow/dags/4-customoperator.py
[2022-11-09T14:49:22.716+0000] {processor.py:766} INFO - DAG(s) dict_keys(['4-customoperator']) retrieved from /opt/airflow/dags/4-customoperator.py
[2022-11-09T14:49:22.781+0000] {logging_mixin.py:120} INFO - [2022-11-09T14:49:22.781+0000] {dag.py:2585} INFO - Sync 1 DAGs
[2022-11-09T14:49:22.833+0000] {logging_mixin.py:120} INFO - [2022-11-09T14:49:22.833+0000] {dag.py:3340} INFO - Setting next_dagrun for 4-customoperator to 2022-11-01T00:00:00+00:00, run_after=2022-11-02T00:00:00+00:00
[2022-11-09T14:49:22.877+0000] {processor.py:176} INFO - Processing /opt/airflow/dags/4-customoperator.py took 0.479 seconds
[2022-11-09T14:49:53.201+0000] {processor.py:154} INFO - Started process (PID=316) to work on /opt/airflow/dags/4-customoperator.py
[2022-11-09T14:49:53.213+0000] {processor.py:756} INFO - Processing file /opt/airflow/dags/4-customoperator.py for tasks to queue
[2022-11-09T14:49:53.215+0000] {logging_mixin.py:120} INFO - [2022-11-09T14:49:53.214+0000] {dagbag.py:537} INFO - Filling up the DagBag from /opt/airflow/dags/4-customoperator.py
[2022-11-09T14:49:53.281+0000] {processor.py:766} INFO - DAG(s) dict_keys(['4-customoperator']) retrieved from /opt/airflow/dags/4-customoperator.py
[2022-11-09T14:49:53.337+0000] {logging_mixin.py:120} INFO - [2022-11-09T14:49:53.337+0000] {dag.py:2585} INFO - Sync 1 DAGs
[2022-11-09T14:49:53.374+0000] {logging_mixin.py:120} INFO - [2022-11-09T14:49:53.374+0000] {dag.py:3340} INFO - Setting next_dagrun for 4-customoperator to 2022-11-01T00:00:00+00:00, run_after=2022-11-02T00:00:00+00:00
[2022-11-09T14:49:53.635+0000] {processor.py:176} INFO - Processing /opt/airflow/dags/4-customoperator.py took 0.436 seconds
[2022-11-09T14:50:23.891+0000] {processor.py:154} INFO - Started process (PID=344) to work on /opt/airflow/dags/4-customoperator.py
[2022-11-09T14:50:23.894+0000] {processor.py:756} INFO - Processing file /opt/airflow/dags/4-customoperator.py for tasks to queue
[2022-11-09T14:50:23.896+0000] {logging_mixin.py:120} INFO - [2022-11-09T14:50:23.896+0000] {dagbag.py:537} INFO - Filling up the DagBag from /opt/airflow/dags/4-customoperator.py
[2022-11-09T14:50:23.996+0000] {processor.py:766} INFO - DAG(s) dict_keys(['4-customoperator']) retrieved from /opt/airflow/dags/4-customoperator.py
[2022-11-09T14:50:24.086+0000] {logging_mixin.py:120} INFO - [2022-11-09T14:50:24.086+0000] {dag.py:2585} INFO - Sync 1 DAGs
[2022-11-09T14:50:24.134+0000] {logging_mixin.py:120} INFO - [2022-11-09T14:50:24.133+0000] {dag.py:3340} INFO - Setting next_dagrun for 4-customoperator to 2022-11-01T00:00:00+00:00, run_after=2022-11-02T00:00:00+00:00
[2022-11-09T14:50:24.202+0000] {processor.py:176} INFO - Processing /opt/airflow/dags/4-customoperator.py took 0.315 seconds
[2022-11-09T14:50:54.493+0000] {processor.py:154} INFO - Started process (PID=381) to work on /opt/airflow/dags/4-customoperator.py
[2022-11-09T14:50:54.501+0000] {processor.py:756} INFO - Processing file /opt/airflow/dags/4-customoperator.py for tasks to queue
[2022-11-09T14:50:54.504+0000] {logging_mixin.py:120} INFO - [2022-11-09T14:50:54.503+0000] {dagbag.py:537} INFO - Filling up the DagBag from /opt/airflow/dags/4-customoperator.py
[2022-11-09T14:50:54.564+0000] {processor.py:766} INFO - DAG(s) dict_keys(['4-customoperator']) retrieved from /opt/airflow/dags/4-customoperator.py
[2022-11-09T14:50:54.635+0000] {logging_mixin.py:120} INFO - [2022-11-09T14:50:54.635+0000] {dag.py:2585} INFO - Sync 1 DAGs
[2022-11-09T14:50:54.684+0000] {logging_mixin.py:120} INFO - [2022-11-09T14:50:54.684+0000] {dag.py:3340} INFO - Setting next_dagrun for 4-customoperator to 2022-11-01T00:00:00+00:00, run_after=2022-11-02T00:00:00+00:00
[2022-11-09T14:50:54.749+0000] {processor.py:176} INFO - Processing /opt/airflow/dags/4-customoperator.py took 0.261 seconds
[2022-11-09T14:51:26.051+0000] {processor.py:154} INFO - Started process (PID=409) to work on /opt/airflow/dags/4-customoperator.py
[2022-11-09T14:51:26.052+0000] {processor.py:756} INFO - Processing file /opt/airflow/dags/4-customoperator.py for tasks to queue
[2022-11-09T14:51:26.053+0000] {logging_mixin.py:120} INFO - [2022-11-09T14:51:26.053+0000] {dagbag.py:537} INFO - Filling up the DagBag from /opt/airflow/dags/4-customoperator.py
[2022-11-09T14:51:26.527+0000] {processor.py:766} INFO - DAG(s) dict_keys(['4-customoperator']) retrieved from /opt/airflow/dags/4-customoperator.py
[2022-11-09T14:51:27.018+0000] {logging_mixin.py:120} INFO - [2022-11-09T14:51:27.018+0000] {dag.py:2585} INFO - Sync 1 DAGs
[2022-11-09T14:51:27.049+0000] {logging_mixin.py:120} INFO - [2022-11-09T14:51:27.049+0000] {dag.py:3340} INFO - Setting next_dagrun for 4-customoperator to 2022-11-01T00:00:00+00:00, run_after=2022-11-02T00:00:00+00:00
[2022-11-09T14:51:29.936+0000] {processor.py:176} INFO - Processing /opt/airflow/dags/4-customoperator.py took 3.888 seconds
[2022-11-09T14:52:00.514+0000] {processor.py:154} INFO - Started process (PID=446) to work on /opt/airflow/dags/4-customoperator.py
[2022-11-09T14:52:04.629+0000] {processor.py:756} INFO - Processing file /opt/airflow/dags/4-customoperator.py for tasks to queue
[2022-11-09T14:52:04.631+0000] {logging_mixin.py:120} INFO - [2022-11-09T14:52:04.630+0000] {dagbag.py:537} INFO - Filling up the DagBag from /opt/airflow/dags/4-customoperator.py
[2022-11-09T14:52:04.683+0000] {processor.py:766} INFO - DAG(s) dict_keys(['4-customoperator']) retrieved from /opt/airflow/dags/4-customoperator.py
[2022-11-09T14:52:04.749+0000] {logging_mixin.py:120} INFO - [2022-11-09T14:52:04.748+0000] {dag.py:2585} INFO - Sync 1 DAGs
[2022-11-09T14:52:04.793+0000] {logging_mixin.py:120} INFO - [2022-11-09T14:52:04.792+0000] {dag.py:3340} INFO - Setting next_dagrun for 4-customoperator to 2022-11-01T00:00:00+00:00, run_after=2022-11-02T00:00:00+00:00
[2022-11-09T14:52:04.836+0000] {processor.py:176} INFO - Processing /opt/airflow/dags/4-customoperator.py took 4.326 seconds
[2022-11-09T14:52:35.049+0000] {processor.py:154} INFO - Started process (PID=474) to work on /opt/airflow/dags/4-customoperator.py
[2022-11-09T14:52:35.050+0000] {processor.py:756} INFO - Processing file /opt/airflow/dags/4-customoperator.py for tasks to queue
[2022-11-09T14:52:35.051+0000] {logging_mixin.py:120} INFO - [2022-11-09T14:52:35.051+0000] {dagbag.py:537} INFO - Filling up the DagBag from /opt/airflow/dags/4-customoperator.py
[2022-11-09T14:52:35.128+0000] {processor.py:766} INFO - DAG(s) dict_keys(['4-customoperator']) retrieved from /opt/airflow/dags/4-customoperator.py
[2022-11-09T14:52:35.226+0000] {logging_mixin.py:120} INFO - [2022-11-09T14:52:35.226+0000] {dag.py:2585} INFO - Sync 1 DAGs
[2022-11-09T14:52:35.260+0000] {logging_mixin.py:120} INFO - [2022-11-09T14:52:35.259+0000] {dag.py:3340} INFO - Setting next_dagrun for 4-customoperator to 2022-11-01T00:00:00+00:00, run_after=2022-11-02T00:00:00+00:00
[2022-11-09T14:52:35.311+0000] {processor.py:176} INFO - Processing /opt/airflow/dags/4-customoperator.py took 0.264 seconds
[2022-11-09T14:53:05.435+0000] {processor.py:154} INFO - Started process (PID=511) to work on /opt/airflow/dags/4-customoperator.py
[2022-11-09T14:53:05.437+0000] {processor.py:756} INFO - Processing file /opt/airflow/dags/4-customoperator.py for tasks to queue
[2022-11-09T14:53:05.438+0000] {logging_mixin.py:120} INFO - [2022-11-09T14:53:05.438+0000] {dagbag.py:537} INFO - Filling up the DagBag from /opt/airflow/dags/4-customoperator.py
[2022-11-09T14:53:05.485+0000] {processor.py:766} INFO - DAG(s) dict_keys(['4-customoperator']) retrieved from /opt/airflow/dags/4-customoperator.py
[2022-11-09T14:53:05.537+0000] {logging_mixin.py:120} INFO - [2022-11-09T14:53:05.537+0000] {dag.py:2585} INFO - Sync 1 DAGs
[2022-11-09T14:53:05.571+0000] {logging_mixin.py:120} INFO - [2022-11-09T14:53:05.571+0000] {dag.py:3340} INFO - Setting next_dagrun for 4-customoperator to 2022-11-01T00:00:00+00:00, run_after=2022-11-02T00:00:00+00:00
[2022-11-09T14:53:05.669+0000] {processor.py:176} INFO - Processing /opt/airflow/dags/4-customoperator.py took 0.237 seconds
[2022-11-09T14:53:35.762+0000] {processor.py:154} INFO - Started process (PID=539) to work on /opt/airflow/dags/4-customoperator.py
[2022-11-09T14:53:35.763+0000] {processor.py:756} INFO - Processing file /opt/airflow/dags/4-customoperator.py for tasks to queue
[2022-11-09T14:53:35.764+0000] {logging_mixin.py:120} INFO - [2022-11-09T14:53:35.764+0000] {dagbag.py:537} INFO - Filling up the DagBag from /opt/airflow/dags/4-customoperator.py
[2022-11-09T14:53:35.810+0000] {processor.py:766} INFO - DAG(s) dict_keys(['4-customoperator']) retrieved from /opt/airflow/dags/4-customoperator.py
[2022-11-09T14:53:35.869+0000] {logging_mixin.py:120} INFO - [2022-11-09T14:53:35.868+0000] {dag.py:2585} INFO - Sync 1 DAGs
[2022-11-09T14:53:35.903+0000] {logging_mixin.py:120} INFO - [2022-11-09T14:53:35.903+0000] {dag.py:3340} INFO - Setting next_dagrun for 4-customoperator to 2022-11-01T00:00:00+00:00, run_after=2022-11-02T00:00:00+00:00
[2022-11-09T14:53:35.940+0000] {processor.py:176} INFO - Processing /opt/airflow/dags/4-customoperator.py took 0.182 seconds
[2022-11-09T14:54:06.825+0000] {processor.py:154} INFO - Started process (PID=567) to work on /opt/airflow/dags/4-customoperator.py
[2022-11-09T14:54:06.827+0000] {processor.py:756} INFO - Processing file /opt/airflow/dags/4-customoperator.py for tasks to queue
[2022-11-09T14:54:06.827+0000] {logging_mixin.py:120} INFO - [2022-11-09T14:54:06.827+0000] {dagbag.py:537} INFO - Filling up the DagBag from /opt/airflow/dags/4-customoperator.py
[2022-11-09T14:54:06.873+0000] {processor.py:766} INFO - DAG(s) dict_keys(['4-customoperator']) retrieved from /opt/airflow/dags/4-customoperator.py
[2022-11-09T14:54:06.923+0000] {logging_mixin.py:120} INFO - [2022-11-09T14:54:06.923+0000] {dag.py:2585} INFO - Sync 1 DAGs
[2022-11-09T14:54:06.957+0000] {logging_mixin.py:120} INFO - [2022-11-09T14:54:06.957+0000] {dag.py:3340} INFO - Setting next_dagrun for 4-customoperator to 2022-11-01T00:00:00+00:00, run_after=2022-11-02T00:00:00+00:00
[2022-11-09T14:54:07.025+0000] {processor.py:176} INFO - Processing /opt/airflow/dags/4-customoperator.py took 0.203 seconds
[2022-11-09T14:54:37.803+0000] {processor.py:154} INFO - Started process (PID=604) to work on /opt/airflow/dags/4-customoperator.py
[2022-11-09T14:54:37.805+0000] {processor.py:756} INFO - Processing file /opt/airflow/dags/4-customoperator.py for tasks to queue
[2022-11-09T14:54:37.806+0000] {logging_mixin.py:120} INFO - [2022-11-09T14:54:37.806+0000] {dagbag.py:537} INFO - Filling up the DagBag from /opt/airflow/dags/4-customoperator.py
[2022-11-09T14:54:37.864+0000] {processor.py:766} INFO - DAG(s) dict_keys(['4-customoperator']) retrieved from /opt/airflow/dags/4-customoperator.py
[2022-11-09T14:54:37.924+0000] {logging_mixin.py:120} INFO - [2022-11-09T14:54:37.924+0000] {dag.py:2585} INFO - Sync 1 DAGs
[2022-11-09T14:54:37.977+0000] {logging_mixin.py:120} INFO - [2022-11-09T14:54:37.977+0000] {dag.py:3340} INFO - Setting next_dagrun for 4-customoperator to 2022-11-01T00:00:00+00:00, run_after=2022-11-02T00:00:00+00:00
[2022-11-09T14:54:38.024+0000] {processor.py:176} INFO - Processing /opt/airflow/dags/4-customoperator.py took 0.225 seconds
[2022-11-09T14:55:08.325+0000] {processor.py:154} INFO - Started process (PID=623) to work on /opt/airflow/dags/4-customoperator.py
[2022-11-09T14:55:08.327+0000] {processor.py:756} INFO - Processing file /opt/airflow/dags/4-customoperator.py for tasks to queue
[2022-11-09T14:55:08.328+0000] {logging_mixin.py:120} INFO - [2022-11-09T14:55:08.328+0000] {dagbag.py:537} INFO - Filling up the DagBag from /opt/airflow/dags/4-customoperator.py
[2022-11-09T14:55:12.434+0000] {processor.py:766} INFO - DAG(s) dict_keys(['4-customoperator']) retrieved from /opt/airflow/dags/4-customoperator.py
[2022-11-09T14:55:12.499+0000] {logging_mixin.py:120} INFO - [2022-11-09T14:55:12.499+0000] {dag.py:2585} INFO - Sync 1 DAGs
[2022-11-09T14:55:13.265+0000] {logging_mixin.py:120} INFO - [2022-11-09T14:55:13.265+0000] {dag.py:3340} INFO - Setting next_dagrun for 4-customoperator to 2022-11-01T00:00:00+00:00, run_after=2022-11-02T00:00:00+00:00
[2022-11-09T14:55:14.122+0000] {processor.py:176} INFO - Processing /opt/airflow/dags/4-customoperator.py took 5.800 seconds
[2022-11-09T14:55:54.960+0000] {processor.py:154} INFO - Started process (PID=651) to work on /opt/airflow/dags/4-customoperator.py
[2022-11-09T14:55:54.961+0000] {processor.py:756} INFO - Processing file /opt/airflow/dags/4-customoperator.py for tasks to queue
[2022-11-09T14:55:54.963+0000] {logging_mixin.py:120} INFO - [2022-11-09T14:55:54.962+0000] {dagbag.py:537} INFO - Filling up the DagBag from /opt/airflow/dags/4-customoperator.py
[2022-11-09T14:55:56.626+0000] {processor.py:766} INFO - DAG(s) dict_keys(['4-customoperator']) retrieved from /opt/airflow/dags/4-customoperator.py
[2022-11-09T14:55:56.679+0000] {logging_mixin.py:120} INFO - [2022-11-09T14:55:56.678+0000] {dag.py:2585} INFO - Sync 1 DAGs
[2022-11-09T14:55:56.722+0000] {logging_mixin.py:120} INFO - [2022-11-09T14:55:56.722+0000] {dag.py:3340} INFO - Setting next_dagrun for 4-customoperator to 2022-11-01T00:00:00+00:00, run_after=2022-11-02T00:00:00+00:00
[2022-11-09T14:55:57.964+0000] {processor.py:176} INFO - Processing /opt/airflow/dags/4-customoperator.py took 3.011 seconds
[2022-11-09T14:56:33.650+0000] {processor.py:154} INFO - Started process (PID=670) to work on /opt/airflow/dags/4-customoperator.py
[2022-11-09T14:56:39.546+0000] {processor.py:756} INFO - Processing file /opt/airflow/dags/4-customoperator.py for tasks to queue
[2022-11-09T14:56:39.549+0000] {logging_mixin.py:120} INFO - [2022-11-09T14:56:39.548+0000] {dagbag.py:537} INFO - Filling up the DagBag from /opt/airflow/dags/4-customoperator.py
[2022-11-09T14:56:39.686+0000] {processor.py:766} INFO - DAG(s) dict_keys(['4-customoperator']) retrieved from /opt/airflow/dags/4-customoperator.py
[2022-11-09T14:56:39.789+0000] {logging_mixin.py:120} INFO - [2022-11-09T14:56:39.789+0000] {dag.py:2585} INFO - Sync 1 DAGs
[2022-11-09T14:56:39.857+0000] {logging_mixin.py:120} INFO - [2022-11-09T14:56:39.856+0000] {dag.py:3340} INFO - Setting next_dagrun for 4-customoperator to 2022-11-01T00:00:00+00:00, run_after=2022-11-02T00:00:00+00:00
[2022-11-09T14:56:39.942+0000] {processor.py:176} INFO - Processing /opt/airflow/dags/4-customoperator.py took 6.295 seconds
[2022-11-09T14:57:10.495+0000] {processor.py:154} INFO - Started process (PID=707) to work on /opt/airflow/dags/4-customoperator.py
[2022-11-09T14:57:10.496+0000] {processor.py:756} INFO - Processing file /opt/airflow/dags/4-customoperator.py for tasks to queue
[2022-11-09T14:57:10.497+0000] {logging_mixin.py:120} INFO - [2022-11-09T14:57:10.497+0000] {dagbag.py:537} INFO - Filling up the DagBag from /opt/airflow/dags/4-customoperator.py
[2022-11-09T14:57:10.554+0000] {processor.py:766} INFO - DAG(s) dict_keys(['4-customoperator']) retrieved from /opt/airflow/dags/4-customoperator.py
[2022-11-09T14:57:10.616+0000] {logging_mixin.py:120} INFO - [2022-11-09T14:57:10.616+0000] {dag.py:2585} INFO - Sync 1 DAGs
[2022-11-09T14:57:10.660+0000] {logging_mixin.py:120} INFO - [2022-11-09T14:57:10.659+0000] {dag.py:3340} INFO - Setting next_dagrun for 4-customoperator to 2022-11-01T00:00:00+00:00, run_after=2022-11-02T00:00:00+00:00
[2022-11-09T14:57:10.731+0000] {processor.py:176} INFO - Processing /opt/airflow/dags/4-customoperator.py took 0.239 seconds
[2022-11-09T14:57:41.067+0000] {processor.py:154} INFO - Started process (PID=735) to work on /opt/airflow/dags/4-customoperator.py
[2022-11-09T14:57:41.083+0000] {processor.py:756} INFO - Processing file /opt/airflow/dags/4-customoperator.py for tasks to queue
[2022-11-09T14:57:41.084+0000] {logging_mixin.py:120} INFO - [2022-11-09T14:57:41.084+0000] {dagbag.py:537} INFO - Filling up the DagBag from /opt/airflow/dags/4-customoperator.py
[2022-11-09T14:57:41.120+0000] {processor.py:766} INFO - DAG(s) dict_keys(['4-customoperator']) retrieved from /opt/airflow/dags/4-customoperator.py
[2022-11-09T14:57:41.222+0000] {logging_mixin.py:120} INFO - [2022-11-09T14:57:41.222+0000] {dag.py:2585} INFO - Sync 1 DAGs
[2022-11-09T14:57:41.261+0000] {logging_mixin.py:120} INFO - [2022-11-09T14:57:41.261+0000] {dag.py:3340} INFO - Setting next_dagrun for 4-customoperator to 2022-11-01T00:00:00+00:00, run_after=2022-11-02T00:00:00+00:00
[2022-11-09T14:57:41.362+0000] {processor.py:176} INFO - Processing /opt/airflow/dags/4-customoperator.py took 0.298 seconds
[2022-11-09T14:58:12.003+0000] {processor.py:154} INFO - Started process (PID=764) to work on /opt/airflow/dags/4-customoperator.py
[2022-11-09T14:58:12.004+0000] {processor.py:756} INFO - Processing file /opt/airflow/dags/4-customoperator.py for tasks to queue
[2022-11-09T14:58:12.005+0000] {logging_mixin.py:120} INFO - [2022-11-09T14:58:12.005+0000] {dagbag.py:537} INFO - Filling up the DagBag from /opt/airflow/dags/4-customoperator.py
[2022-11-09T14:58:12.045+0000] {processor.py:766} INFO - DAG(s) dict_keys(['4-customoperator']) retrieved from /opt/airflow/dags/4-customoperator.py
[2022-11-09T14:58:12.093+0000] {logging_mixin.py:120} INFO - [2022-11-09T14:58:12.093+0000] {dag.py:2585} INFO - Sync 1 DAGs
[2022-11-09T14:58:12.122+0000] {logging_mixin.py:120} INFO - [2022-11-09T14:58:12.122+0000] {dag.py:3340} INFO - Setting next_dagrun for 4-customoperator to 2022-11-01T00:00:00+00:00, run_after=2022-11-02T00:00:00+00:00
[2022-11-09T14:58:12.148+0000] {processor.py:176} INFO - Processing /opt/airflow/dags/4-customoperator.py took 0.149 seconds
[2022-11-09T14:58:44.014+0000] {processor.py:154} INFO - Started process (PID=802) to work on /opt/airflow/dags/4-customoperator.py
[2022-11-09T14:58:44.015+0000] {processor.py:756} INFO - Processing file /opt/airflow/dags/4-customoperator.py for tasks to queue
[2022-11-09T14:58:44.017+0000] {logging_mixin.py:120} INFO - [2022-11-09T14:58:44.017+0000] {dagbag.py:537} INFO - Filling up the DagBag from /opt/airflow/dags/4-customoperator.py
[2022-11-09T14:58:44.050+0000] {processor.py:766} INFO - DAG(s) dict_keys(['4-customoperator']) retrieved from /opt/airflow/dags/4-customoperator.py
[2022-11-09T14:58:44.089+0000] {logging_mixin.py:120} INFO - [2022-11-09T14:58:44.089+0000] {dag.py:2585} INFO - Sync 1 DAGs
[2022-11-09T14:58:44.116+0000] {logging_mixin.py:120} INFO - [2022-11-09T14:58:44.116+0000] {dag.py:3340} INFO - Setting next_dagrun for 4-customoperator to 2022-11-01T00:00:00+00:00, run_after=2022-11-02T00:00:00+00:00
[2022-11-09T14:58:44.530+0000] {processor.py:176} INFO - Processing /opt/airflow/dags/4-customoperator.py took 0.518 seconds
[2022-11-09T14:59:14.821+0000] {processor.py:154} INFO - Started process (PID=830) to work on /opt/airflow/dags/4-customoperator.py
[2022-11-09T14:59:14.822+0000] {processor.py:756} INFO - Processing file /opt/airflow/dags/4-customoperator.py for tasks to queue
[2022-11-09T14:59:14.824+0000] {logging_mixin.py:120} INFO - [2022-11-09T14:59:14.824+0000] {dagbag.py:537} INFO - Filling up the DagBag from /opt/airflow/dags/4-customoperator.py
[2022-11-09T14:59:14.963+0000] {processor.py:766} INFO - DAG(s) dict_keys(['4-customoperator']) retrieved from /opt/airflow/dags/4-customoperator.py
[2022-11-09T14:59:15.030+0000] {logging_mixin.py:120} INFO - [2022-11-09T14:59:15.030+0000] {dag.py:2585} INFO - Sync 1 DAGs
[2022-11-09T14:59:15.073+0000] {logging_mixin.py:120} INFO - [2022-11-09T14:59:15.073+0000] {dag.py:3340} INFO - Setting next_dagrun for 4-customoperator to 2022-11-01T00:00:00+00:00, run_after=2022-11-02T00:00:00+00:00
[2022-11-09T14:59:15.153+0000] {processor.py:176} INFO - Processing /opt/airflow/dags/4-customoperator.py took 0.335 seconds
[2022-11-09T14:59:45.804+0000] {processor.py:154} INFO - Started process (PID=862) to work on /opt/airflow/dags/4-customoperator.py
[2022-11-09T14:59:45.821+0000] {processor.py:756} INFO - Processing file /opt/airflow/dags/4-customoperator.py for tasks to queue
[2022-11-09T14:59:45.822+0000] {logging_mixin.py:120} INFO - [2022-11-09T14:59:45.822+0000] {dagbag.py:537} INFO - Filling up the DagBag from /opt/airflow/dags/4-customoperator.py
[2022-11-09T14:59:45.907+0000] {processor.py:766} INFO - DAG(s) dict_keys(['4-customoperator']) retrieved from /opt/airflow/dags/4-customoperator.py
[2022-11-09T14:59:47.155+0000] {logging_mixin.py:120} INFO - [2022-11-09T14:59:47.155+0000] {dag.py:2585} INFO - Sync 1 DAGs
[2022-11-09T14:59:47.317+0000] {logging_mixin.py:120} INFO - [2022-11-09T14:59:47.316+0000] {dag.py:3340} INFO - Setting next_dagrun for 4-customoperator to 2022-11-01T00:00:00+00:00, run_after=2022-11-02T00:00:00+00:00
[2022-11-09T14:59:47.417+0000] {processor.py:176} INFO - Processing /opt/airflow/dags/4-customoperator.py took 1.642 seconds
[2022-11-09T15:00:18.722+0000] {processor.py:154} INFO - Started process (PID=901) to work on /opt/airflow/dags/4-customoperator.py
[2022-11-09T15:00:18.724+0000] {processor.py:756} INFO - Processing file /opt/airflow/dags/4-customoperator.py for tasks to queue
[2022-11-09T15:00:18.725+0000] {logging_mixin.py:120} INFO - [2022-11-09T15:00:18.725+0000] {dagbag.py:537} INFO - Filling up the DagBag from /opt/airflow/dags/4-customoperator.py
[2022-11-09T15:00:18.789+0000] {processor.py:766} INFO - DAG(s) dict_keys(['4-customoperator']) retrieved from /opt/airflow/dags/4-customoperator.py
[2022-11-09T15:00:19.036+0000] {logging_mixin.py:120} INFO - [2022-11-09T15:00:19.036+0000] {dag.py:2585} INFO - Sync 1 DAGs
[2022-11-09T15:00:19.091+0000] {logging_mixin.py:120} INFO - [2022-11-09T15:00:19.091+0000] {dag.py:3340} INFO - Setting next_dagrun for 4-customoperator to 2022-11-01T00:00:00+00:00, run_after=2022-11-02T00:00:00+00:00
[2022-11-09T15:00:19.135+0000] {processor.py:176} INFO - Processing /opt/airflow/dags/4-customoperator.py took 0.416 seconds
[2022-11-09T15:00:50.689+0000] {processor.py:154} INFO - Started process (PID=929) to work on /opt/airflow/dags/4-customoperator.py
[2022-11-09T15:00:50.696+0000] {processor.py:756} INFO - Processing file /opt/airflow/dags/4-customoperator.py for tasks to queue
[2022-11-09T15:00:50.701+0000] {logging_mixin.py:120} INFO - [2022-11-09T15:00:50.700+0000] {dagbag.py:537} INFO - Filling up the DagBag from /opt/airflow/dags/4-customoperator.py
[2022-11-09T15:00:50.774+0000] {processor.py:766} INFO - DAG(s) dict_keys(['4-customoperator']) retrieved from /opt/airflow/dags/4-customoperator.py
[2022-11-09T15:00:50.854+0000] {logging_mixin.py:120} INFO - [2022-11-09T15:00:50.854+0000] {dag.py:2585} INFO - Sync 1 DAGs
[2022-11-09T15:00:50.896+0000] {logging_mixin.py:120} INFO - [2022-11-09T15:00:50.896+0000] {dag.py:3340} INFO - Setting next_dagrun for 4-customoperator to 2022-11-01T00:00:00+00:00, run_after=2022-11-02T00:00:00+00:00
[2022-11-09T15:00:50.937+0000] {processor.py:176} INFO - Processing /opt/airflow/dags/4-customoperator.py took 0.252 seconds
[2022-11-09T15:01:21.452+0000] {processor.py:154} INFO - Started process (PID=966) to work on /opt/airflow/dags/4-customoperator.py
[2022-11-09T15:01:21.454+0000] {processor.py:756} INFO - Processing file /opt/airflow/dags/4-customoperator.py for tasks to queue
[2022-11-09T15:01:21.456+0000] {logging_mixin.py:120} INFO - [2022-11-09T15:01:21.455+0000] {dagbag.py:537} INFO - Filling up the DagBag from /opt/airflow/dags/4-customoperator.py
[2022-11-09T15:01:21.522+0000] {processor.py:766} INFO - DAG(s) dict_keys(['4-customoperator']) retrieved from /opt/airflow/dags/4-customoperator.py
[2022-11-09T15:01:21.605+0000] {logging_mixin.py:120} INFO - [2022-11-09T15:01:21.604+0000] {dag.py:2585} INFO - Sync 1 DAGs
[2022-11-09T15:01:21.670+0000] {logging_mixin.py:120} INFO - [2022-11-09T15:01:21.669+0000] {dag.py:3340} INFO - Setting next_dagrun for 4-customoperator to 2022-11-01T00:00:00+00:00, run_after=2022-11-02T00:00:00+00:00
[2022-11-09T15:01:21.730+0000] {processor.py:176} INFO - Processing /opt/airflow/dags/4-customoperator.py took 0.282 seconds
[2022-11-09T15:01:51.872+0000] {processor.py:154} INFO - Started process (PID=985) to work on /opt/airflow/dags/4-customoperator.py
[2022-11-09T15:01:51.873+0000] {processor.py:756} INFO - Processing file /opt/airflow/dags/4-customoperator.py for tasks to queue
[2022-11-09T15:01:51.874+0000] {logging_mixin.py:120} INFO - [2022-11-09T15:01:51.874+0000] {dagbag.py:537} INFO - Filling up the DagBag from /opt/airflow/dags/4-customoperator.py
[2022-11-09T15:01:51.908+0000] {processor.py:766} INFO - DAG(s) dict_keys(['4-customoperator']) retrieved from /opt/airflow/dags/4-customoperator.py
[2022-11-09T15:01:52.115+0000] {logging_mixin.py:120} INFO - [2022-11-09T15:01:52.115+0000] {dag.py:2585} INFO - Sync 1 DAGs
[2022-11-09T15:01:52.165+0000] {logging_mixin.py:120} INFO - [2022-11-09T15:01:52.165+0000] {dag.py:3340} INFO - Setting next_dagrun for 4-customoperator to 2022-11-01T00:00:00+00:00, run_after=2022-11-02T00:00:00+00:00
[2022-11-09T15:01:52.212+0000] {processor.py:176} INFO - Processing /opt/airflow/dags/4-customoperator.py took 0.342 seconds
[2022-11-09T15:02:44.274+0000] {processor.py:154} INFO - Started process (PID=1024) to work on /opt/airflow/dags/4-customoperator.py
[2022-11-09T15:02:44.276+0000] {processor.py:756} INFO - Processing file /opt/airflow/dags/4-customoperator.py for tasks to queue
[2022-11-09T15:02:44.278+0000] {logging_mixin.py:120} INFO - [2022-11-09T15:02:44.278+0000] {dagbag.py:537} INFO - Filling up the DagBag from /opt/airflow/dags/4-customoperator.py
[2022-11-09T15:02:44.328+0000] {processor.py:766} INFO - DAG(s) dict_keys(['4-customoperator']) retrieved from /opt/airflow/dags/4-customoperator.py
[2022-11-09T15:02:44.392+0000] {logging_mixin.py:120} INFO - [2022-11-09T15:02:44.392+0000] {dag.py:2585} INFO - Sync 1 DAGs
[2022-11-09T15:02:44.431+0000] {logging_mixin.py:120} INFO - [2022-11-09T15:02:44.430+0000] {dag.py:3340} INFO - Setting next_dagrun for 4-customoperator to 2022-11-01T00:00:00+00:00, run_after=2022-11-02T00:00:00+00:00
[2022-11-09T15:02:44.464+0000] {processor.py:176} INFO - Processing /opt/airflow/dags/4-customoperator.py took 0.193 seconds
[2022-11-09T15:03:20.680+0000] {processor.py:154} INFO - Started process (PID=1052) to work on /opt/airflow/dags/4-customoperator.py
[2022-11-09T15:03:20.681+0000] {processor.py:756} INFO - Processing file /opt/airflow/dags/4-customoperator.py for tasks to queue
[2022-11-09T15:03:20.682+0000] {logging_mixin.py:120} INFO - [2022-11-09T15:03:20.682+0000] {dagbag.py:537} INFO - Filling up the DagBag from /opt/airflow/dags/4-customoperator.py
[2022-11-09T15:03:20.713+0000] {processor.py:766} INFO - DAG(s) dict_keys(['4-customoperator']) retrieved from /opt/airflow/dags/4-customoperator.py
[2022-11-09T15:03:20.750+0000] {logging_mixin.py:120} INFO - [2022-11-09T15:03:20.750+0000] {dag.py:2585} INFO - Sync 1 DAGs
[2022-11-09T15:03:20.785+0000] {logging_mixin.py:120} INFO - [2022-11-09T15:03:20.785+0000] {dag.py:3340} INFO - Setting next_dagrun for 4-customoperator to 2022-11-01T00:00:00+00:00, run_after=2022-11-02T00:00:00+00:00
[2022-11-09T15:03:21.103+0000] {processor.py:176} INFO - Processing /opt/airflow/dags/4-customoperator.py took 0.426 seconds
[2022-11-09T15:03:51.448+0000] {processor.py:154} INFO - Started process (PID=1080) to work on /opt/airflow/dags/4-customoperator.py
[2022-11-09T15:03:51.449+0000] {processor.py:756} INFO - Processing file /opt/airflow/dags/4-customoperator.py for tasks to queue
[2022-11-09T15:03:51.451+0000] {logging_mixin.py:120} INFO - [2022-11-09T15:03:51.450+0000] {dagbag.py:537} INFO - Filling up the DagBag from /opt/airflow/dags/4-customoperator.py
[2022-11-09T15:03:51.492+0000] {processor.py:766} INFO - DAG(s) dict_keys(['4-customoperator']) retrieved from /opt/airflow/dags/4-customoperator.py
[2022-11-09T15:03:51.556+0000] {logging_mixin.py:120} INFO - [2022-11-09T15:03:51.556+0000] {dag.py:2585} INFO - Sync 1 DAGs
[2022-11-09T15:03:51.590+0000] {logging_mixin.py:120} INFO - [2022-11-09T15:03:51.590+0000] {dag.py:3340} INFO - Setting next_dagrun for 4-customoperator to 2022-11-01T00:00:00+00:00, run_after=2022-11-02T00:00:00+00:00
[2022-11-09T15:03:51.623+0000] {processor.py:176} INFO - Processing /opt/airflow/dags/4-customoperator.py took 0.178 seconds
