[2022-11-09T04:30:20.945+0000] {processor.py:154} INFO - Started process (PID=2434) to work on /opt/airflow/dags/5.2-orquestacion.py
[2022-11-09T04:30:20.946+0000] {processor.py:756} INFO - Processing file /opt/airflow/dags/5.2-orquestacion.py for tasks to queue
[2022-11-09T04:30:20.948+0000] {logging_mixin.py:120} INFO - [2022-11-09T04:30:20.948+0000] {dagbag.py:537} INFO - Filling up the DagBag from /opt/airflow/dags/5.2-orquestacion.py
[2022-11-09T04:30:20.983+0000] {processor.py:766} INFO - DAG(s) dict_keys(['5-orquestation_2']) retrieved from /opt/airflow/dags/5.2-orquestacion.py
[2022-11-09T04:30:21.370+0000] {logging_mixin.py:120} INFO - [2022-11-09T04:30:21.369+0000] {dag.py:2585} INFO - Sync 1 DAGs
[2022-11-09T04:30:21.407+0000] {logging_mixin.py:120} INFO - [2022-11-09T04:30:21.406+0000] {dag.py:3340} INFO - Setting next_dagrun for 5-orquestation_2 to 2022-01-03T07:00:00+00:00, run_after=2022-01-10T07:00:00+00:00
[2022-11-09T04:30:23.047+0000] {processor.py:176} INFO - Processing /opt/airflow/dags/5.2-orquestacion.py took 2.107 seconds
[2022-11-09T04:30:53.461+0000] {processor.py:154} INFO - Started process (PID=2462) to work on /opt/airflow/dags/5.2-orquestacion.py
[2022-11-09T04:30:53.466+0000] {processor.py:756} INFO - Processing file /opt/airflow/dags/5.2-orquestacion.py for tasks to queue
[2022-11-09T04:30:53.470+0000] {logging_mixin.py:120} INFO - [2022-11-09T04:30:53.469+0000] {dagbag.py:537} INFO - Filling up the DagBag from /opt/airflow/dags/5.2-orquestacion.py
[2022-11-09T04:30:53.665+0000] {processor.py:766} INFO - DAG(s) dict_keys(['5-orquestation_2']) retrieved from /opt/airflow/dags/5.2-orquestacion.py
[2022-11-09T04:30:53.757+0000] {logging_mixin.py:120} INFO - [2022-11-09T04:30:53.756+0000] {dag.py:2585} INFO - Sync 1 DAGs
[2022-11-09T04:30:53.887+0000] {logging_mixin.py:120} INFO - [2022-11-09T04:30:53.886+0000] {dag.py:3340} INFO - Setting next_dagrun for 5-orquestation_2 to 2022-01-03T07:00:00+00:00, run_after=2022-01-10T07:00:00+00:00
[2022-11-09T14:45:37.452+0000] {processor.py:154} INFO - Started process (PID=57) to work on /opt/airflow/dags/5.2-orquestacion.py
[2022-11-09T14:45:37.455+0000] {processor.py:756} INFO - Processing file /opt/airflow/dags/5.2-orquestacion.py for tasks to queue
[2022-11-09T14:45:37.457+0000] {logging_mixin.py:120} INFO - [2022-11-09T14:45:37.457+0000] {dagbag.py:537} INFO - Filling up the DagBag from /opt/airflow/dags/5.2-orquestacion.py
[2022-11-09T14:45:37.523+0000] {processor.py:766} INFO - DAG(s) dict_keys(['5-orquestation_2']) retrieved from /opt/airflow/dags/5.2-orquestacion.py
[2022-11-09T14:45:37.655+0000] {logging_mixin.py:120} INFO - [2022-11-09T14:45:37.655+0000] {dag.py:2585} INFO - Sync 1 DAGs
[2022-11-09T14:45:37.707+0000] {logging_mixin.py:120} INFO - [2022-11-09T14:45:37.706+0000] {dag.py:3340} INFO - Setting next_dagrun for 5-orquestation_2 to 2022-01-03T07:00:00+00:00, run_after=2022-01-10T07:00:00+00:00
[2022-11-09T14:45:37.757+0000] {processor.py:176} INFO - Processing /opt/airflow/dags/5.2-orquestacion.py took 0.315 seconds
[2022-11-09T14:46:12.361+0000] {processor.py:154} INFO - Started process (PID=85) to work on /opt/airflow/dags/5.2-orquestacion.py
[2022-11-09T14:46:12.362+0000] {processor.py:756} INFO - Processing file /opt/airflow/dags/5.2-orquestacion.py for tasks to queue
[2022-11-09T14:46:12.365+0000] {logging_mixin.py:120} INFO - [2022-11-09T14:46:12.365+0000] {dagbag.py:537} INFO - Filling up the DagBag from /opt/airflow/dags/5.2-orquestacion.py
[2022-11-09T14:46:12.407+0000] {processor.py:766} INFO - DAG(s) dict_keys(['5-orquestation_2']) retrieved from /opt/airflow/dags/5.2-orquestacion.py
[2022-11-09T14:46:12.460+0000] {logging_mixin.py:120} INFO - [2022-11-09T14:46:12.460+0000] {dag.py:2585} INFO - Sync 1 DAGs
[2022-11-09T14:46:12.515+0000] {logging_mixin.py:120} INFO - [2022-11-09T14:46:12.515+0000] {dag.py:3340} INFO - Setting next_dagrun for 5-orquestation_2 to 2022-01-03T07:00:00+00:00, run_after=2022-01-10T07:00:00+00:00
[2022-11-09T14:46:12.560+0000] {processor.py:176} INFO - Processing /opt/airflow/dags/5.2-orquestacion.py took 0.203 seconds
[2022-11-09T14:46:43.268+0000] {processor.py:154} INFO - Started process (PID=113) to work on /opt/airflow/dags/5.2-orquestacion.py
[2022-11-09T14:46:43.270+0000] {processor.py:756} INFO - Processing file /opt/airflow/dags/5.2-orquestacion.py for tasks to queue
[2022-11-09T14:46:43.271+0000] {logging_mixin.py:120} INFO - [2022-11-09T14:46:43.271+0000] {dagbag.py:537} INFO - Filling up the DagBag from /opt/airflow/dags/5.2-orquestacion.py
[2022-11-09T14:46:43.312+0000] {processor.py:766} INFO - DAG(s) dict_keys(['5-orquestation_2']) retrieved from /opt/airflow/dags/5.2-orquestacion.py
[2022-11-09T14:46:43.496+0000] {logging_mixin.py:120} INFO - [2022-11-09T14:46:43.496+0000] {dag.py:2585} INFO - Sync 1 DAGs
[2022-11-09T14:46:43.536+0000] {logging_mixin.py:120} INFO - [2022-11-09T14:46:43.536+0000] {dag.py:3340} INFO - Setting next_dagrun for 5-orquestation_2 to 2022-01-03T07:00:00+00:00, run_after=2022-01-10T07:00:00+00:00
[2022-11-09T14:46:43.570+0000] {processor.py:176} INFO - Processing /opt/airflow/dags/5.2-orquestacion.py took 0.306 seconds
[2022-11-09T14:47:14.170+0000] {processor.py:154} INFO - Started process (PID=150) to work on /opt/airflow/dags/5.2-orquestacion.py
[2022-11-09T14:47:14.173+0000] {processor.py:756} INFO - Processing file /opt/airflow/dags/5.2-orquestacion.py for tasks to queue
[2022-11-09T14:47:14.174+0000] {logging_mixin.py:120} INFO - [2022-11-09T14:47:14.174+0000] {dagbag.py:537} INFO - Filling up the DagBag from /opt/airflow/dags/5.2-orquestacion.py
[2022-11-09T14:47:14.227+0000] {processor.py:766} INFO - DAG(s) dict_keys(['5-orquestation_2']) retrieved from /opt/airflow/dags/5.2-orquestacion.py
[2022-11-09T14:47:14.294+0000] {logging_mixin.py:120} INFO - [2022-11-09T14:47:14.294+0000] {dag.py:2585} INFO - Sync 1 DAGs
[2022-11-09T14:47:14.335+0000] {logging_mixin.py:120} INFO - [2022-11-09T14:47:14.335+0000] {dag.py:3340} INFO - Setting next_dagrun for 5-orquestation_2 to 2022-01-03T07:00:00+00:00, run_after=2022-01-10T07:00:00+00:00
[2022-11-09T14:47:14.375+0000] {processor.py:176} INFO - Processing /opt/airflow/dags/5.2-orquestacion.py took 0.211 seconds
[2022-11-09T14:47:49.005+0000] {processor.py:154} INFO - Started process (PID=187) to work on /opt/airflow/dags/5.2-orquestacion.py
[2022-11-09T14:47:49.009+0000] {processor.py:756} INFO - Processing file /opt/airflow/dags/5.2-orquestacion.py for tasks to queue
[2022-11-09T14:47:49.010+0000] {logging_mixin.py:120} INFO - [2022-11-09T14:47:49.010+0000] {dagbag.py:537} INFO - Filling up the DagBag from /opt/airflow/dags/5.2-orquestacion.py
[2022-11-09T14:47:49.056+0000] {processor.py:766} INFO - DAG(s) dict_keys(['5-orquestation_2']) retrieved from /opt/airflow/dags/5.2-orquestacion.py
[2022-11-09T14:47:49.120+0000] {logging_mixin.py:120} INFO - [2022-11-09T14:47:49.120+0000] {dag.py:2585} INFO - Sync 1 DAGs
[2022-11-09T14:47:49.171+0000] {logging_mixin.py:120} INFO - [2022-11-09T14:47:49.171+0000] {dag.py:3340} INFO - Setting next_dagrun for 5-orquestation_2 to 2022-01-03T07:00:00+00:00, run_after=2022-01-10T07:00:00+00:00
[2022-11-09T14:47:49.210+0000] {processor.py:176} INFO - Processing /opt/airflow/dags/5.2-orquestacion.py took 0.209 seconds
[2022-11-09T14:48:20.859+0000] {processor.py:154} INFO - Started process (PID=215) to work on /opt/airflow/dags/5.2-orquestacion.py
[2022-11-09T14:48:20.860+0000] {processor.py:756} INFO - Processing file /opt/airflow/dags/5.2-orquestacion.py for tasks to queue
[2022-11-09T14:48:20.862+0000] {logging_mixin.py:120} INFO - [2022-11-09T14:48:20.861+0000] {dagbag.py:537} INFO - Filling up the DagBag from /opt/airflow/dags/5.2-orquestacion.py
[2022-11-09T14:48:20.901+0000] {processor.py:766} INFO - DAG(s) dict_keys(['5-orquestation_2']) retrieved from /opt/airflow/dags/5.2-orquestacion.py
[2022-11-09T14:48:20.955+0000] {logging_mixin.py:120} INFO - [2022-11-09T14:48:20.955+0000] {dag.py:2585} INFO - Sync 1 DAGs
[2022-11-09T14:48:20.993+0000] {logging_mixin.py:120} INFO - [2022-11-09T14:48:20.992+0000] {dag.py:3340} INFO - Setting next_dagrun for 5-orquestation_2 to 2022-01-03T07:00:00+00:00, run_after=2022-01-10T07:00:00+00:00
[2022-11-09T14:48:21.033+0000] {processor.py:176} INFO - Processing /opt/airflow/dags/5.2-orquestacion.py took 0.177 seconds
[2022-11-09T14:48:51.966+0000] {processor.py:154} INFO - Started process (PID=252) to work on /opt/airflow/dags/5.2-orquestacion.py
[2022-11-09T14:48:51.968+0000] {processor.py:756} INFO - Processing file /opt/airflow/dags/5.2-orquestacion.py for tasks to queue
[2022-11-09T14:48:51.971+0000] {logging_mixin.py:120} INFO - [2022-11-09T14:48:51.970+0000] {dagbag.py:537} INFO - Filling up the DagBag from /opt/airflow/dags/5.2-orquestacion.py
[2022-11-09T14:48:52.055+0000] {processor.py:766} INFO - DAG(s) dict_keys(['5-orquestation_2']) retrieved from /opt/airflow/dags/5.2-orquestacion.py
[2022-11-09T14:48:52.147+0000] {logging_mixin.py:120} INFO - [2022-11-09T14:48:52.147+0000] {dag.py:2585} INFO - Sync 1 DAGs
[2022-11-09T14:48:52.254+0000] {logging_mixin.py:120} INFO - [2022-11-09T14:48:52.253+0000] {dag.py:3340} INFO - Setting next_dagrun for 5-orquestation_2 to 2022-01-03T07:00:00+00:00, run_after=2022-01-10T07:00:00+00:00
[2022-11-09T14:48:52.319+0000] {processor.py:176} INFO - Processing /opt/airflow/dags/5.2-orquestacion.py took 0.358 seconds
[2022-11-09T14:49:22.915+0000] {processor.py:154} INFO - Started process (PID=280) to work on /opt/airflow/dags/5.2-orquestacion.py
[2022-11-09T14:49:22.917+0000] {processor.py:756} INFO - Processing file /opt/airflow/dags/5.2-orquestacion.py for tasks to queue
[2022-11-09T14:49:22.918+0000] {logging_mixin.py:120} INFO - [2022-11-09T14:49:22.918+0000] {dagbag.py:537} INFO - Filling up the DagBag from /opt/airflow/dags/5.2-orquestacion.py
[2022-11-09T14:49:22.966+0000] {processor.py:766} INFO - DAG(s) dict_keys(['5-orquestation_2']) retrieved from /opt/airflow/dags/5.2-orquestacion.py
[2022-11-09T14:49:23.028+0000] {logging_mixin.py:120} INFO - [2022-11-09T14:49:23.028+0000] {dag.py:2585} INFO - Sync 1 DAGs
[2022-11-09T14:49:23.069+0000] {logging_mixin.py:120} INFO - [2022-11-09T14:49:23.069+0000] {dag.py:3340} INFO - Setting next_dagrun for 5-orquestation_2 to 2022-01-03T07:00:00+00:00, run_after=2022-01-10T07:00:00+00:00
[2022-11-09T14:49:23.117+0000] {processor.py:176} INFO - Processing /opt/airflow/dags/5.2-orquestacion.py took 0.206 seconds
[2022-11-09T14:49:53.679+0000] {processor.py:154} INFO - Started process (PID=317) to work on /opt/airflow/dags/5.2-orquestacion.py
[2022-11-09T14:49:53.686+0000] {processor.py:756} INFO - Processing file /opt/airflow/dags/5.2-orquestacion.py for tasks to queue
[2022-11-09T14:49:53.688+0000] {logging_mixin.py:120} INFO - [2022-11-09T14:49:53.688+0000] {dagbag.py:537} INFO - Filling up the DagBag from /opt/airflow/dags/5.2-orquestacion.py
[2022-11-09T14:49:53.774+0000] {processor.py:766} INFO - DAG(s) dict_keys(['5-orquestation_2']) retrieved from /opt/airflow/dags/5.2-orquestacion.py
[2022-11-09T14:49:53.831+0000] {logging_mixin.py:120} INFO - [2022-11-09T14:49:53.831+0000] {dag.py:2585} INFO - Sync 1 DAGs
[2022-11-09T14:49:53.868+0000] {logging_mixin.py:120} INFO - [2022-11-09T14:49:53.868+0000] {dag.py:3340} INFO - Setting next_dagrun for 5-orquestation_2 to 2022-01-03T07:00:00+00:00, run_after=2022-01-10T07:00:00+00:00
[2022-11-09T14:49:53.957+0000] {processor.py:176} INFO - Processing /opt/airflow/dags/5.2-orquestacion.py took 0.281 seconds
[2022-11-09T14:50:24.260+0000] {processor.py:154} INFO - Started process (PID=345) to work on /opt/airflow/dags/5.2-orquestacion.py
[2022-11-09T14:50:24.269+0000] {processor.py:756} INFO - Processing file /opt/airflow/dags/5.2-orquestacion.py for tasks to queue
[2022-11-09T14:50:24.271+0000] {logging_mixin.py:120} INFO - [2022-11-09T14:50:24.271+0000] {dagbag.py:537} INFO - Filling up the DagBag from /opt/airflow/dags/5.2-orquestacion.py
[2022-11-09T14:50:24.323+0000] {processor.py:766} INFO - DAG(s) dict_keys(['5-orquestation_2']) retrieved from /opt/airflow/dags/5.2-orquestacion.py
[2022-11-09T14:50:24.386+0000] {logging_mixin.py:120} INFO - [2022-11-09T14:50:24.385+0000] {dag.py:2585} INFO - Sync 1 DAGs
[2022-11-09T14:50:24.457+0000] {logging_mixin.py:120} INFO - [2022-11-09T14:50:24.457+0000] {dag.py:3340} INFO - Setting next_dagrun for 5-orquestation_2 to 2022-01-03T07:00:00+00:00, run_after=2022-01-10T07:00:00+00:00
[2022-11-09T14:50:24.520+0000] {processor.py:176} INFO - Processing /opt/airflow/dags/5.2-orquestacion.py took 0.264 seconds
[2022-11-09T14:50:54.788+0000] {processor.py:154} INFO - Started process (PID=382) to work on /opt/airflow/dags/5.2-orquestacion.py
[2022-11-09T14:50:54.789+0000] {processor.py:756} INFO - Processing file /opt/airflow/dags/5.2-orquestacion.py for tasks to queue
[2022-11-09T14:50:54.791+0000] {logging_mixin.py:120} INFO - [2022-11-09T14:50:54.790+0000] {dagbag.py:537} INFO - Filling up the DagBag from /opt/airflow/dags/5.2-orquestacion.py
[2022-11-09T14:50:54.843+0000] {processor.py:766} INFO - DAG(s) dict_keys(['5-orquestation_2']) retrieved from /opt/airflow/dags/5.2-orquestacion.py
[2022-11-09T14:50:54.899+0000] {logging_mixin.py:120} INFO - [2022-11-09T14:50:54.899+0000] {dag.py:2585} INFO - Sync 1 DAGs
[2022-11-09T14:50:54.952+0000] {logging_mixin.py:120} INFO - [2022-11-09T14:50:54.952+0000] {dag.py:3340} INFO - Setting next_dagrun for 5-orquestation_2 to 2022-01-03T07:00:00+00:00, run_after=2022-01-10T07:00:00+00:00
[2022-11-09T14:50:55.001+0000] {processor.py:176} INFO - Processing /opt/airflow/dags/5.2-orquestacion.py took 0.216 seconds
[2022-11-09T14:51:30.244+0000] {processor.py:154} INFO - Started process (PID=410) to work on /opt/airflow/dags/5.2-orquestacion.py
[2022-11-09T14:51:30.245+0000] {processor.py:756} INFO - Processing file /opt/airflow/dags/5.2-orquestacion.py for tasks to queue
[2022-11-09T14:51:30.246+0000] {logging_mixin.py:120} INFO - [2022-11-09T14:51:30.246+0000] {dagbag.py:537} INFO - Filling up the DagBag from /opt/airflow/dags/5.2-orquestacion.py
[2022-11-09T14:51:30.277+0000] {processor.py:766} INFO - DAG(s) dict_keys(['5-orquestation_2']) retrieved from /opt/airflow/dags/5.2-orquestacion.py
[2022-11-09T14:51:30.325+0000] {logging_mixin.py:120} INFO - [2022-11-09T14:51:30.325+0000] {dag.py:2585} INFO - Sync 1 DAGs
[2022-11-09T14:51:30.352+0000] {logging_mixin.py:120} INFO - [2022-11-09T14:51:30.352+0000] {dag.py:3340} INFO - Setting next_dagrun for 5-orquestation_2 to 2022-01-03T07:00:00+00:00, run_after=2022-01-10T07:00:00+00:00
[2022-11-09T14:51:30.586+0000] {processor.py:176} INFO - Processing /opt/airflow/dags/5.2-orquestacion.py took 0.344 seconds
[2022-11-09T14:52:04.977+0000] {processor.py:154} INFO - Started process (PID=447) to work on /opt/airflow/dags/5.2-orquestacion.py
[2022-11-09T14:52:04.979+0000] {processor.py:756} INFO - Processing file /opt/airflow/dags/5.2-orquestacion.py for tasks to queue
[2022-11-09T14:52:04.980+0000] {logging_mixin.py:120} INFO - [2022-11-09T14:52:04.980+0000] {dagbag.py:537} INFO - Filling up the DagBag from /opt/airflow/dags/5.2-orquestacion.py
[2022-11-09T14:52:05.030+0000] {processor.py:766} INFO - DAG(s) dict_keys(['5-orquestation_2']) retrieved from /opt/airflow/dags/5.2-orquestacion.py
[2022-11-09T14:52:05.082+0000] {logging_mixin.py:120} INFO - [2022-11-09T14:52:05.081+0000] {dag.py:2585} INFO - Sync 1 DAGs
[2022-11-09T14:52:05.115+0000] {logging_mixin.py:120} INFO - [2022-11-09T14:52:05.115+0000] {dag.py:3340} INFO - Setting next_dagrun for 5-orquestation_2 to 2022-01-03T07:00:00+00:00, run_after=2022-01-10T07:00:00+00:00
[2022-11-09T14:52:05.160+0000] {processor.py:176} INFO - Processing /opt/airflow/dags/5.2-orquestacion.py took 0.188 seconds
[2022-11-09T14:52:35.287+0000] {processor.py:154} INFO - Started process (PID=475) to work on /opt/airflow/dags/5.2-orquestacion.py
[2022-11-09T14:52:35.288+0000] {processor.py:756} INFO - Processing file /opt/airflow/dags/5.2-orquestacion.py for tasks to queue
[2022-11-09T14:52:35.289+0000] {logging_mixin.py:120} INFO - [2022-11-09T14:52:35.289+0000] {dagbag.py:537} INFO - Filling up the DagBag from /opt/airflow/dags/5.2-orquestacion.py
[2022-11-09T14:52:35.356+0000] {processor.py:766} INFO - DAG(s) dict_keys(['5-orquestation_2']) retrieved from /opt/airflow/dags/5.2-orquestacion.py
[2022-11-09T14:52:35.406+0000] {logging_mixin.py:120} INFO - [2022-11-09T14:52:35.406+0000] {dag.py:2585} INFO - Sync 1 DAGs
[2022-11-09T14:52:35.434+0000] {logging_mixin.py:120} INFO - [2022-11-09T14:52:35.434+0000] {dag.py:3340} INFO - Setting next_dagrun for 5-orquestation_2 to 2022-01-03T07:00:00+00:00, run_after=2022-01-10T07:00:00+00:00
[2022-11-09T14:52:35.475+0000] {processor.py:176} INFO - Processing /opt/airflow/dags/5.2-orquestacion.py took 0.191 seconds
[2022-11-09T14:53:05.704+0000] {processor.py:154} INFO - Started process (PID=512) to work on /opt/airflow/dags/5.2-orquestacion.py
[2022-11-09T14:53:05.705+0000] {processor.py:756} INFO - Processing file /opt/airflow/dags/5.2-orquestacion.py for tasks to queue
[2022-11-09T14:53:05.706+0000] {logging_mixin.py:120} INFO - [2022-11-09T14:53:05.706+0000] {dagbag.py:537} INFO - Filling up the DagBag from /opt/airflow/dags/5.2-orquestacion.py
[2022-11-09T14:53:05.741+0000] {processor.py:766} INFO - DAG(s) dict_keys(['5-orquestation_2']) retrieved from /opt/airflow/dags/5.2-orquestacion.py
[2022-11-09T14:53:05.787+0000] {logging_mixin.py:120} INFO - [2022-11-09T14:53:05.787+0000] {dag.py:2585} INFO - Sync 1 DAGs
[2022-11-09T14:53:05.816+0000] {logging_mixin.py:120} INFO - [2022-11-09T14:53:05.816+0000] {dag.py:3340} INFO - Setting next_dagrun for 5-orquestation_2 to 2022-01-03T07:00:00+00:00, run_after=2022-01-10T07:00:00+00:00
[2022-11-09T14:53:05.850+0000] {processor.py:176} INFO - Processing /opt/airflow/dags/5.2-orquestacion.py took 0.149 seconds
[2022-11-09T14:53:35.990+0000] {processor.py:154} INFO - Started process (PID=540) to work on /opt/airflow/dags/5.2-orquestacion.py
[2022-11-09T14:53:35.992+0000] {processor.py:756} INFO - Processing file /opt/airflow/dags/5.2-orquestacion.py for tasks to queue
[2022-11-09T14:53:35.993+0000] {logging_mixin.py:120} INFO - [2022-11-09T14:53:35.993+0000] {dagbag.py:537} INFO - Filling up the DagBag from /opt/airflow/dags/5.2-orquestacion.py
[2022-11-09T14:53:36.050+0000] {processor.py:766} INFO - DAG(s) dict_keys(['5-orquestation_2']) retrieved from /opt/airflow/dags/5.2-orquestacion.py
[2022-11-09T14:53:36.104+0000] {logging_mixin.py:120} INFO - [2022-11-09T14:53:36.104+0000] {dag.py:2585} INFO - Sync 1 DAGs
[2022-11-09T14:53:36.151+0000] {logging_mixin.py:120} INFO - [2022-11-09T14:53:36.151+0000] {dag.py:3340} INFO - Setting next_dagrun for 5-orquestation_2 to 2022-01-03T07:00:00+00:00, run_after=2022-01-10T07:00:00+00:00
[2022-11-09T14:53:36.204+0000] {processor.py:176} INFO - Processing /opt/airflow/dags/5.2-orquestacion.py took 0.218 seconds
[2022-11-09T14:54:07.047+0000] {processor.py:154} INFO - Started process (PID=568) to work on /opt/airflow/dags/5.2-orquestacion.py
[2022-11-09T14:54:07.048+0000] {processor.py:756} INFO - Processing file /opt/airflow/dags/5.2-orquestacion.py for tasks to queue
[2022-11-09T14:54:07.049+0000] {logging_mixin.py:120} INFO - [2022-11-09T14:54:07.049+0000] {dagbag.py:537} INFO - Filling up the DagBag from /opt/airflow/dags/5.2-orquestacion.py
[2022-11-09T14:54:07.084+0000] {processor.py:766} INFO - DAG(s) dict_keys(['5-orquestation_2']) retrieved from /opt/airflow/dags/5.2-orquestacion.py
[2022-11-09T14:54:07.141+0000] {logging_mixin.py:120} INFO - [2022-11-09T14:54:07.141+0000] {dag.py:2585} INFO - Sync 1 DAGs
[2022-11-09T14:54:07.175+0000] {logging_mixin.py:120} INFO - [2022-11-09T14:54:07.175+0000] {dag.py:3340} INFO - Setting next_dagrun for 5-orquestation_2 to 2022-01-03T07:00:00+00:00, run_after=2022-01-10T07:00:00+00:00
[2022-11-09T14:54:07.232+0000] {processor.py:176} INFO - Processing /opt/airflow/dags/5.2-orquestacion.py took 0.187 seconds
[2022-11-09T14:54:38.064+0000] {processor.py:154} INFO - Started process (PID=605) to work on /opt/airflow/dags/5.2-orquestacion.py
[2022-11-09T14:54:38.065+0000] {processor.py:756} INFO - Processing file /opt/airflow/dags/5.2-orquestacion.py for tasks to queue
[2022-11-09T14:54:38.067+0000] {logging_mixin.py:120} INFO - [2022-11-09T14:54:38.066+0000] {dagbag.py:537} INFO - Filling up the DagBag from /opt/airflow/dags/5.2-orquestacion.py
[2022-11-09T14:54:38.113+0000] {processor.py:766} INFO - DAG(s) dict_keys(['5-orquestation_2']) retrieved from /opt/airflow/dags/5.2-orquestacion.py
[2022-11-09T14:54:38.185+0000] {logging_mixin.py:120} INFO - [2022-11-09T14:54:38.185+0000] {dag.py:2585} INFO - Sync 1 DAGs
[2022-11-09T14:54:38.234+0000] {logging_mixin.py:120} INFO - [2022-11-09T14:54:38.234+0000] {dag.py:3340} INFO - Setting next_dagrun for 5-orquestation_2 to 2022-01-03T07:00:00+00:00, run_after=2022-01-10T07:00:00+00:00
[2022-11-09T14:54:38.270+0000] {processor.py:176} INFO - Processing /opt/airflow/dags/5.2-orquestacion.py took 0.210 seconds
[2022-11-09T14:55:15.367+0000] {processor.py:154} INFO - Started process (PID=633) to work on /opt/airflow/dags/5.2-orquestacion.py
[2022-11-09T14:55:15.369+0000] {processor.py:756} INFO - Processing file /opt/airflow/dags/5.2-orquestacion.py for tasks to queue
[2022-11-09T14:55:15.370+0000] {logging_mixin.py:120} INFO - [2022-11-09T14:55:15.370+0000] {dagbag.py:537} INFO - Filling up the DagBag from /opt/airflow/dags/5.2-orquestacion.py
[2022-11-09T14:55:15.622+0000] {processor.py:766} INFO - DAG(s) dict_keys(['5-orquestation_2']) retrieved from /opt/airflow/dags/5.2-orquestacion.py
[2022-11-09T14:55:15.670+0000] {logging_mixin.py:120} INFO - [2022-11-09T14:55:15.670+0000] {dag.py:2585} INFO - Sync 1 DAGs
[2022-11-09T14:55:15.871+0000] {logging_mixin.py:120} INFO - [2022-11-09T14:55:15.871+0000] {dag.py:3340} INFO - Setting next_dagrun for 5-orquestation_2 to 2022-01-03T07:00:00+00:00, run_after=2022-01-10T07:00:00+00:00
[2022-11-09T14:55:16.889+0000] {processor.py:176} INFO - Processing /opt/airflow/dags/5.2-orquestacion.py took 1.525 seconds
[2022-11-09T14:55:57.269+0000] {processor.py:154} INFO - Started process (PID=652) to work on /opt/airflow/dags/5.2-orquestacion.py
[2022-11-09T14:55:57.271+0000] {processor.py:756} INFO - Processing file /opt/airflow/dags/5.2-orquestacion.py for tasks to queue
[2022-11-09T14:55:57.272+0000] {logging_mixin.py:120} INFO - [2022-11-09T14:55:57.272+0000] {dagbag.py:537} INFO - Filling up the DagBag from /opt/airflow/dags/5.2-orquestacion.py
[2022-11-09T14:55:59.181+0000] {processor.py:766} INFO - DAG(s) dict_keys(['5-orquestation_2']) retrieved from /opt/airflow/dags/5.2-orquestacion.py
[2022-11-09T14:55:59.236+0000] {logging_mixin.py:120} INFO - [2022-11-09T14:55:59.235+0000] {dag.py:2585} INFO - Sync 1 DAGs
[2022-11-09T14:55:59.579+0000] {logging_mixin.py:120} INFO - [2022-11-09T14:55:59.579+0000] {dag.py:3340} INFO - Setting next_dagrun for 5-orquestation_2 to 2022-01-03T07:00:00+00:00, run_after=2022-01-10T07:00:00+00:00
[2022-11-09T14:56:00.827+0000] {processor.py:176} INFO - Processing /opt/airflow/dags/5.2-orquestacion.py took 3.561 seconds
[2022-11-09T14:56:39.996+0000] {processor.py:154} INFO - Started process (PID=680) to work on /opt/airflow/dags/5.2-orquestacion.py
[2022-11-09T14:56:39.998+0000] {processor.py:756} INFO - Processing file /opt/airflow/dags/5.2-orquestacion.py for tasks to queue
[2022-11-09T14:56:39.999+0000] {logging_mixin.py:120} INFO - [2022-11-09T14:56:39.999+0000] {dagbag.py:537} INFO - Filling up the DagBag from /opt/airflow/dags/5.2-orquestacion.py
[2022-11-09T14:56:40.060+0000] {processor.py:766} INFO - DAG(s) dict_keys(['5-orquestation_2']) retrieved from /opt/airflow/dags/5.2-orquestacion.py
[2022-11-09T14:56:40.128+0000] {logging_mixin.py:120} INFO - [2022-11-09T14:56:40.127+0000] {dag.py:2585} INFO - Sync 1 DAGs
[2022-11-09T14:56:40.203+0000] {logging_mixin.py:120} INFO - [2022-11-09T14:56:40.203+0000] {dag.py:3340} INFO - Setting next_dagrun for 5-orquestation_2 to 2022-01-03T07:00:00+00:00, run_after=2022-01-10T07:00:00+00:00
[2022-11-09T14:56:40.250+0000] {processor.py:176} INFO - Processing /opt/airflow/dags/5.2-orquestacion.py took 0.259 seconds
[2022-11-09T14:57:10.758+0000] {processor.py:154} INFO - Started process (PID=708) to work on /opt/airflow/dags/5.2-orquestacion.py
[2022-11-09T14:57:10.759+0000] {processor.py:756} INFO - Processing file /opt/airflow/dags/5.2-orquestacion.py for tasks to queue
[2022-11-09T14:57:10.760+0000] {logging_mixin.py:120} INFO - [2022-11-09T14:57:10.760+0000] {dagbag.py:537} INFO - Filling up the DagBag from /opt/airflow/dags/5.2-orquestacion.py
[2022-11-09T14:57:10.820+0000] {processor.py:766} INFO - DAG(s) dict_keys(['5-orquestation_2']) retrieved from /opt/airflow/dags/5.2-orquestacion.py
[2022-11-09T14:57:10.892+0000] {logging_mixin.py:120} INFO - [2022-11-09T14:57:10.892+0000] {dag.py:2585} INFO - Sync 1 DAGs
[2022-11-09T14:57:10.926+0000] {logging_mixin.py:120} INFO - [2022-11-09T14:57:10.925+0000] {dag.py:3340} INFO - Setting next_dagrun for 5-orquestation_2 to 2022-01-03T07:00:00+00:00, run_after=2022-01-10T07:00:00+00:00
[2022-11-09T14:57:11.002+0000] {processor.py:176} INFO - Processing /opt/airflow/dags/5.2-orquestacion.py took 0.248 seconds
[2022-11-09T14:57:41.459+0000] {processor.py:154} INFO - Started process (PID=737) to work on /opt/airflow/dags/5.2-orquestacion.py
[2022-11-09T14:57:41.460+0000] {processor.py:756} INFO - Processing file /opt/airflow/dags/5.2-orquestacion.py for tasks to queue
[2022-11-09T14:57:41.461+0000] {logging_mixin.py:120} INFO - [2022-11-09T14:57:41.460+0000] {dagbag.py:537} INFO - Filling up the DagBag from /opt/airflow/dags/5.2-orquestacion.py
[2022-11-09T14:57:41.495+0000] {processor.py:766} INFO - DAG(s) dict_keys(['5-orquestation_2']) retrieved from /opt/airflow/dags/5.2-orquestacion.py
[2022-11-09T14:57:41.543+0000] {logging_mixin.py:120} INFO - [2022-11-09T14:57:41.543+0000] {dag.py:2585} INFO - Sync 1 DAGs
[2022-11-09T14:57:41.585+0000] {logging_mixin.py:120} INFO - [2022-11-09T14:57:41.585+0000] {dag.py:3340} INFO - Setting next_dagrun for 5-orquestation_2 to 2022-01-03T07:00:00+00:00, run_after=2022-01-10T07:00:00+00:00
[2022-11-09T14:57:41.660+0000] {processor.py:176} INFO - Processing /opt/airflow/dags/5.2-orquestacion.py took 0.203 seconds
[2022-11-09T14:58:12.178+0000] {processor.py:154} INFO - Started process (PID=765) to work on /opt/airflow/dags/5.2-orquestacion.py
[2022-11-09T14:58:12.179+0000] {processor.py:756} INFO - Processing file /opt/airflow/dags/5.2-orquestacion.py for tasks to queue
[2022-11-09T14:58:12.180+0000] {logging_mixin.py:120} INFO - [2022-11-09T14:58:12.180+0000] {dagbag.py:537} INFO - Filling up the DagBag from /opt/airflow/dags/5.2-orquestacion.py
[2022-11-09T14:58:12.219+0000] {processor.py:766} INFO - DAG(s) dict_keys(['5-orquestation_2']) retrieved from /opt/airflow/dags/5.2-orquestacion.py
[2022-11-09T14:58:12.281+0000] {logging_mixin.py:120} INFO - [2022-11-09T14:58:12.281+0000] {dag.py:2585} INFO - Sync 1 DAGs
[2022-11-09T14:58:12.316+0000] {logging_mixin.py:120} INFO - [2022-11-09T14:58:12.316+0000] {dag.py:3340} INFO - Setting next_dagrun for 5-orquestation_2 to 2022-01-03T07:00:00+00:00, run_after=2022-01-10T07:00:00+00:00
[2022-11-09T14:58:12.361+0000] {processor.py:176} INFO - Processing /opt/airflow/dags/5.2-orquestacion.py took 0.186 seconds
[2022-11-09T14:58:44.440+0000] {processor.py:154} INFO - Started process (PID=803) to work on /opt/airflow/dags/5.2-orquestacion.py
[2022-11-09T14:58:44.442+0000] {processor.py:756} INFO - Processing file /opt/airflow/dags/5.2-orquestacion.py for tasks to queue
[2022-11-09T14:58:44.443+0000] {logging_mixin.py:120} INFO - [2022-11-09T14:58:44.442+0000] {dagbag.py:537} INFO - Filling up the DagBag from /opt/airflow/dags/5.2-orquestacion.py
[2022-11-09T14:58:44.472+0000] {processor.py:766} INFO - DAG(s) dict_keys(['5-orquestation_2']) retrieved from /opt/airflow/dags/5.2-orquestacion.py
[2022-11-09T14:58:44.511+0000] {logging_mixin.py:120} INFO - [2022-11-09T14:58:44.511+0000] {dag.py:2585} INFO - Sync 1 DAGs
[2022-11-09T14:58:44.547+0000] {logging_mixin.py:120} INFO - [2022-11-09T14:58:44.546+0000] {dag.py:3340} INFO - Setting next_dagrun for 5-orquestation_2 to 2022-01-03T07:00:00+00:00, run_after=2022-01-10T07:00:00+00:00
[2022-11-09T14:58:45.290+0000] {processor.py:176} INFO - Processing /opt/airflow/dags/5.2-orquestacion.py took 0.852 seconds
[2022-11-09T14:59:16.075+0000] {processor.py:154} INFO - Started process (PID=831) to work on /opt/airflow/dags/5.2-orquestacion.py
[2022-11-09T14:59:16.076+0000] {processor.py:756} INFO - Processing file /opt/airflow/dags/5.2-orquestacion.py for tasks to queue
[2022-11-09T14:59:16.078+0000] {logging_mixin.py:120} INFO - [2022-11-09T14:59:16.077+0000] {dagbag.py:537} INFO - Filling up the DagBag from /opt/airflow/dags/5.2-orquestacion.py
[2022-11-09T14:59:16.126+0000] {processor.py:766} INFO - DAG(s) dict_keys(['5-orquestation_2']) retrieved from /opt/airflow/dags/5.2-orquestacion.py
[2022-11-09T14:59:16.199+0000] {logging_mixin.py:120} INFO - [2022-11-09T14:59:16.199+0000] {dag.py:2585} INFO - Sync 1 DAGs
[2022-11-09T14:59:16.248+0000] {logging_mixin.py:120} INFO - [2022-11-09T14:59:16.247+0000] {dag.py:3340} INFO - Setting next_dagrun for 5-orquestation_2 to 2022-01-03T07:00:00+00:00, run_after=2022-01-10T07:00:00+00:00
[2022-11-09T14:59:16.361+0000] {processor.py:176} INFO - Processing /opt/airflow/dags/5.2-orquestacion.py took 0.290 seconds
[2022-11-09T14:59:47.666+0000] {processor.py:154} INFO - Started process (PID=865) to work on /opt/airflow/dags/5.2-orquestacion.py
[2022-11-09T14:59:47.667+0000] {processor.py:756} INFO - Processing file /opt/airflow/dags/5.2-orquestacion.py for tasks to queue
[2022-11-09T14:59:47.668+0000] {logging_mixin.py:120} INFO - [2022-11-09T14:59:47.668+0000] {dagbag.py:537} INFO - Filling up the DagBag from /opt/airflow/dags/5.2-orquestacion.py
[2022-11-09T14:59:47.711+0000] {processor.py:766} INFO - DAG(s) dict_keys(['5-orquestation_2']) retrieved from /opt/airflow/dags/5.2-orquestacion.py
[2022-11-09T14:59:47.775+0000] {logging_mixin.py:120} INFO - [2022-11-09T14:59:47.775+0000] {dag.py:2585} INFO - Sync 1 DAGs
[2022-11-09T14:59:47.824+0000] {logging_mixin.py:120} INFO - [2022-11-09T14:59:47.823+0000] {dag.py:3340} INFO - Setting next_dagrun for 5-orquestation_2 to 2022-01-03T07:00:00+00:00, run_after=2022-01-10T07:00:00+00:00
[2022-11-09T14:59:47.865+0000] {processor.py:176} INFO - Processing /opt/airflow/dags/5.2-orquestacion.py took 0.204 seconds
[2022-11-09T15:00:18.738+0000] {processor.py:154} INFO - Started process (PID=902) to work on /opt/airflow/dags/5.2-orquestacion.py
[2022-11-09T15:00:18.740+0000] {processor.py:756} INFO - Processing file /opt/airflow/dags/5.2-orquestacion.py for tasks to queue
[2022-11-09T15:00:18.741+0000] {logging_mixin.py:120} INFO - [2022-11-09T15:00:18.741+0000] {dagbag.py:537} INFO - Filling up the DagBag from /opt/airflow/dags/5.2-orquestacion.py
[2022-11-09T15:00:18.798+0000] {processor.py:766} INFO - DAG(s) dict_keys(['5-orquestation_2']) retrieved from /opt/airflow/dags/5.2-orquestacion.py
[2022-11-09T15:00:19.040+0000] {logging_mixin.py:120} INFO - [2022-11-09T15:00:19.040+0000] {dag.py:2585} INFO - Sync 1 DAGs
[2022-11-09T15:00:19.103+0000] {logging_mixin.py:120} INFO - [2022-11-09T15:00:19.103+0000] {dag.py:3340} INFO - Setting next_dagrun for 5-orquestation_2 to 2022-01-03T07:00:00+00:00, run_after=2022-01-10T07:00:00+00:00
[2022-11-09T15:00:19.146+0000] {processor.py:176} INFO - Processing /opt/airflow/dags/5.2-orquestacion.py took 0.413 seconds
[2022-11-09T15:00:50.787+0000] {processor.py:154} INFO - Started process (PID=930) to work on /opt/airflow/dags/5.2-orquestacion.py
[2022-11-09T15:00:50.789+0000] {processor.py:756} INFO - Processing file /opt/airflow/dags/5.2-orquestacion.py for tasks to queue
[2022-11-09T15:00:50.791+0000] {logging_mixin.py:120} INFO - [2022-11-09T15:00:50.791+0000] {dagbag.py:537} INFO - Filling up the DagBag from /opt/airflow/dags/5.2-orquestacion.py
[2022-11-09T15:00:50.865+0000] {processor.py:766} INFO - DAG(s) dict_keys(['5-orquestation_2']) retrieved from /opt/airflow/dags/5.2-orquestacion.py
[2022-11-09T15:00:50.926+0000] {logging_mixin.py:120} INFO - [2022-11-09T15:00:50.926+0000] {dag.py:2585} INFO - Sync 1 DAGs
[2022-11-09T15:00:50.974+0000] {logging_mixin.py:120} INFO - [2022-11-09T15:00:50.974+0000] {dag.py:3340} INFO - Setting next_dagrun for 5-orquestation_2 to 2022-01-03T07:00:00+00:00, run_after=2022-01-10T07:00:00+00:00
[2022-11-09T15:00:51.012+0000] {processor.py:176} INFO - Processing /opt/airflow/dags/5.2-orquestacion.py took 0.228 seconds
[2022-11-09T15:01:21.479+0000] {processor.py:154} INFO - Started process (PID=967) to work on /opt/airflow/dags/5.2-orquestacion.py
[2022-11-09T15:01:21.481+0000] {processor.py:756} INFO - Processing file /opt/airflow/dags/5.2-orquestacion.py for tasks to queue
[2022-11-09T15:01:21.483+0000] {logging_mixin.py:120} INFO - [2022-11-09T15:01:21.482+0000] {dagbag.py:537} INFO - Filling up the DagBag from /opt/airflow/dags/5.2-orquestacion.py
[2022-11-09T15:01:21.539+0000] {processor.py:766} INFO - DAG(s) dict_keys(['5-orquestation_2']) retrieved from /opt/airflow/dags/5.2-orquestacion.py
[2022-11-09T15:01:21.617+0000] {logging_mixin.py:120} INFO - [2022-11-09T15:01:21.617+0000] {dag.py:2585} INFO - Sync 1 DAGs
[2022-11-09T15:01:21.681+0000] {logging_mixin.py:120} INFO - [2022-11-09T15:01:21.680+0000] {dag.py:3340} INFO - Setting next_dagrun for 5-orquestation_2 to 2022-01-03T07:00:00+00:00, run_after=2022-01-10T07:00:00+00:00
[2022-11-09T15:01:21.743+0000] {processor.py:176} INFO - Processing /opt/airflow/dags/5.2-orquestacion.py took 0.270 seconds
[2022-11-09T15:01:52.243+0000] {processor.py:154} INFO - Started process (PID=986) to work on /opt/airflow/dags/5.2-orquestacion.py
[2022-11-09T15:01:52.244+0000] {processor.py:756} INFO - Processing file /opt/airflow/dags/5.2-orquestacion.py for tasks to queue
[2022-11-09T15:01:52.245+0000] {logging_mixin.py:120} INFO - [2022-11-09T15:01:52.245+0000] {dagbag.py:537} INFO - Filling up the DagBag from /opt/airflow/dags/5.2-orquestacion.py
[2022-11-09T15:01:52.276+0000] {processor.py:766} INFO - DAG(s) dict_keys(['5-orquestation_2']) retrieved from /opt/airflow/dags/5.2-orquestacion.py
[2022-11-09T15:01:52.322+0000] {logging_mixin.py:120} INFO - [2022-11-09T15:01:52.321+0000] {dag.py:2585} INFO - Sync 1 DAGs
[2022-11-09T15:01:52.361+0000] {logging_mixin.py:120} INFO - [2022-11-09T15:01:52.360+0000] {dag.py:3340} INFO - Setting next_dagrun for 5-orquestation_2 to 2022-01-03T07:00:00+00:00, run_after=2022-01-10T07:00:00+00:00
[2022-11-09T15:01:52.409+0000] {processor.py:176} INFO - Processing /opt/airflow/dags/5.2-orquestacion.py took 0.169 seconds
[2022-11-09T15:02:44.300+0000] {processor.py:154} INFO - Started process (PID=1025) to work on /opt/airflow/dags/5.2-orquestacion.py
[2022-11-09T15:02:44.301+0000] {processor.py:756} INFO - Processing file /opt/airflow/dags/5.2-orquestacion.py for tasks to queue
[2022-11-09T15:02:44.303+0000] {logging_mixin.py:120} INFO - [2022-11-09T15:02:44.302+0000] {dagbag.py:537} INFO - Filling up the DagBag from /opt/airflow/dags/5.2-orquestacion.py
[2022-11-09T15:02:44.340+0000] {processor.py:766} INFO - DAG(s) dict_keys(['5-orquestation_2']) retrieved from /opt/airflow/dags/5.2-orquestacion.py
[2022-11-09T15:02:44.405+0000] {logging_mixin.py:120} INFO - [2022-11-09T15:02:44.405+0000] {dag.py:2585} INFO - Sync 1 DAGs
[2022-11-09T15:02:44.442+0000] {logging_mixin.py:120} INFO - [2022-11-09T15:02:44.442+0000] {dag.py:3340} INFO - Setting next_dagrun for 5-orquestation_2 to 2022-01-03T07:00:00+00:00, run_after=2022-01-10T07:00:00+00:00
[2022-11-09T15:02:44.483+0000] {processor.py:176} INFO - Processing /opt/airflow/dags/5.2-orquestacion.py took 0.187 seconds
[2022-11-09T15:03:20.910+0000] {processor.py:154} INFO - Started process (PID=1053) to work on /opt/airflow/dags/5.2-orquestacion.py
[2022-11-09T15:03:20.911+0000] {processor.py:756} INFO - Processing file /opt/airflow/dags/5.2-orquestacion.py for tasks to queue
[2022-11-09T15:03:20.913+0000] {logging_mixin.py:120} INFO - [2022-11-09T15:03:20.913+0000] {dagbag.py:537} INFO - Filling up the DagBag from /opt/airflow/dags/5.2-orquestacion.py
[2022-11-09T15:03:20.942+0000] {processor.py:766} INFO - DAG(s) dict_keys(['5-orquestation_2']) retrieved from /opt/airflow/dags/5.2-orquestacion.py
[2022-11-09T15:03:20.979+0000] {logging_mixin.py:120} INFO - [2022-11-09T15:03:20.979+0000] {dag.py:2585} INFO - Sync 1 DAGs
[2022-11-09T15:03:21.009+0000] {logging_mixin.py:120} INFO - [2022-11-09T15:03:21.008+0000] {dag.py:3340} INFO - Setting next_dagrun for 5-orquestation_2 to 2022-01-03T07:00:00+00:00, run_after=2022-01-10T07:00:00+00:00
[2022-11-09T15:03:21.437+0000] {processor.py:176} INFO - Processing /opt/airflow/dags/5.2-orquestacion.py took 0.531 seconds
[2022-11-09T15:03:51.654+0000] {processor.py:154} INFO - Started process (PID=1081) to work on /opt/airflow/dags/5.2-orquestacion.py
[2022-11-09T15:03:51.655+0000] {processor.py:756} INFO - Processing file /opt/airflow/dags/5.2-orquestacion.py for tasks to queue
[2022-11-09T15:03:51.657+0000] {logging_mixin.py:120} INFO - [2022-11-09T15:03:51.656+0000] {dagbag.py:537} INFO - Filling up the DagBag from /opt/airflow/dags/5.2-orquestacion.py
[2022-11-09T15:03:51.691+0000] {processor.py:766} INFO - DAG(s) dict_keys(['5-orquestation_2']) retrieved from /opt/airflow/dags/5.2-orquestacion.py
[2022-11-09T15:03:51.746+0000] {logging_mixin.py:120} INFO - [2022-11-09T15:03:51.745+0000] {dag.py:2585} INFO - Sync 1 DAGs
[2022-11-09T15:03:51.780+0000] {logging_mixin.py:120} INFO - [2022-11-09T15:03:51.780+0000] {dag.py:3340} INFO - Setting next_dagrun for 5-orquestation_2 to 2022-01-03T07:00:00+00:00, run_after=2022-01-10T07:00:00+00:00
[2022-11-09T15:03:51.812+0000] {processor.py:176} INFO - Processing /opt/airflow/dags/5.2-orquestacion.py took 0.161 seconds
