[2022-11-09T04:30:23.194+0000] {processor.py:154} INFO - Started process (PID=2436) to work on /opt/airflow/dags/5.3-orquestacion.py
[2022-11-09T04:30:23.195+0000] {processor.py:756} INFO - Processing file /opt/airflow/dags/5.3-orquestacion.py for tasks to queue
[2022-11-09T04:30:23.197+0000] {logging_mixin.py:120} INFO - [2022-11-09T04:30:23.196+0000] {dagbag.py:537} INFO - Filling up the DagBag from /opt/airflow/dags/5.3-orquestacion.py
[2022-11-09T04:30:23.256+0000] {processor.py:766} INFO - DAG(s) dict_keys(['5-orquestation_3']) retrieved from /opt/airflow/dags/5.3-orquestacion.py
[2022-11-09T04:30:23.334+0000] {logging_mixin.py:120} INFO - [2022-11-09T04:30:23.334+0000] {dag.py:2585} INFO - Sync 1 DAGs
[2022-11-09T04:30:23.372+0000] {logging_mixin.py:120} INFO - [2022-11-09T04:30:23.372+0000] {dag.py:3340} INFO - Setting next_dagrun for 5-orquestation_3 to 2022-01-01T00:00:00+00:00, run_after=2022-02-01T00:00:00+00:00
[2022-11-09T04:30:23.504+0000] {processor.py:176} INFO - Processing /opt/airflow/dags/5.3-orquestacion.py took 0.313 seconds
[2022-11-09T14:45:37.831+0000] {processor.py:154} INFO - Started process (PID=59) to work on /opt/airflow/dags/5.3-orquestacion.py
[2022-11-09T14:45:37.834+0000] {processor.py:756} INFO - Processing file /opt/airflow/dags/5.3-orquestacion.py for tasks to queue
[2022-11-09T14:45:37.835+0000] {logging_mixin.py:120} INFO - [2022-11-09T14:45:37.835+0000] {dagbag.py:537} INFO - Filling up the DagBag from /opt/airflow/dags/5.3-orquestacion.py
[2022-11-09T14:45:37.896+0000] {processor.py:766} INFO - DAG(s) dict_keys(['5-orquestation_3']) retrieved from /opt/airflow/dags/5.3-orquestacion.py
[2022-11-09T14:45:38.099+0000] {logging_mixin.py:120} INFO - [2022-11-09T14:45:38.099+0000] {dag.py:2585} INFO - Sync 1 DAGs
[2022-11-09T14:45:38.157+0000] {logging_mixin.py:120} INFO - [2022-11-09T14:45:38.157+0000] {dag.py:3340} INFO - Setting next_dagrun for 5-orquestation_3 to 2022-01-01T00:00:00+00:00, run_after=2022-02-01T00:00:00+00:00
[2022-11-09T14:45:38.213+0000] {processor.py:176} INFO - Processing /opt/airflow/dags/5.3-orquestacion.py took 0.386 seconds
[2022-11-09T14:46:12.603+0000] {processor.py:154} INFO - Started process (PID=87) to work on /opt/airflow/dags/5.3-orquestacion.py
[2022-11-09T14:46:12.605+0000] {processor.py:756} INFO - Processing file /opt/airflow/dags/5.3-orquestacion.py for tasks to queue
[2022-11-09T14:46:12.607+0000] {logging_mixin.py:120} INFO - [2022-11-09T14:46:12.606+0000] {dagbag.py:537} INFO - Filling up the DagBag from /opt/airflow/dags/5.3-orquestacion.py
[2022-11-09T14:46:12.657+0000] {processor.py:766} INFO - DAG(s) dict_keys(['5-orquestation_3']) retrieved from /opt/airflow/dags/5.3-orquestacion.py
[2022-11-09T14:46:12.744+0000] {logging_mixin.py:120} INFO - [2022-11-09T14:46:12.744+0000] {dag.py:2585} INFO - Sync 1 DAGs
[2022-11-09T14:46:12.805+0000] {logging_mixin.py:120} INFO - [2022-11-09T14:46:12.805+0000] {dag.py:3340} INFO - Setting next_dagrun for 5-orquestation_3 to 2022-01-01T00:00:00+00:00, run_after=2022-02-01T00:00:00+00:00
[2022-11-09T14:46:12.853+0000] {processor.py:176} INFO - Processing /opt/airflow/dags/5.3-orquestacion.py took 0.254 seconds
[2022-11-09T14:46:43.611+0000] {processor.py:154} INFO - Started process (PID=115) to work on /opt/airflow/dags/5.3-orquestacion.py
[2022-11-09T14:46:43.612+0000] {processor.py:756} INFO - Processing file /opt/airflow/dags/5.3-orquestacion.py for tasks to queue
[2022-11-09T14:46:43.613+0000] {logging_mixin.py:120} INFO - [2022-11-09T14:46:43.613+0000] {dagbag.py:537} INFO - Filling up the DagBag from /opt/airflow/dags/5.3-orquestacion.py
[2022-11-09T14:46:43.647+0000] {processor.py:766} INFO - DAG(s) dict_keys(['5-orquestation_3']) retrieved from /opt/airflow/dags/5.3-orquestacion.py
[2022-11-09T14:46:43.728+0000] {logging_mixin.py:120} INFO - [2022-11-09T14:46:43.728+0000] {dag.py:2585} INFO - Sync 1 DAGs
[2022-11-09T14:46:43.758+0000] {logging_mixin.py:120} INFO - [2022-11-09T14:46:43.758+0000] {dag.py:3340} INFO - Setting next_dagrun for 5-orquestation_3 to 2022-01-01T00:00:00+00:00, run_after=2022-02-01T00:00:00+00:00
[2022-11-09T14:46:43.787+0000] {processor.py:176} INFO - Processing /opt/airflow/dags/5.3-orquestacion.py took 0.179 seconds
[2022-11-09T14:47:14.424+0000] {processor.py:154} INFO - Started process (PID=152) to work on /opt/airflow/dags/5.3-orquestacion.py
[2022-11-09T14:47:14.426+0000] {processor.py:756} INFO - Processing file /opt/airflow/dags/5.3-orquestacion.py for tasks to queue
[2022-11-09T14:47:14.428+0000] {logging_mixin.py:120} INFO - [2022-11-09T14:47:14.428+0000] {dagbag.py:537} INFO - Filling up the DagBag from /opt/airflow/dags/5.3-orquestacion.py
[2022-11-09T14:47:14.470+0000] {processor.py:766} INFO - DAG(s) dict_keys(['5-orquestation_3']) retrieved from /opt/airflow/dags/5.3-orquestacion.py
[2022-11-09T14:47:14.527+0000] {logging_mixin.py:120} INFO - [2022-11-09T14:47:14.527+0000] {dag.py:2585} INFO - Sync 1 DAGs
[2022-11-09T14:47:14.570+0000] {logging_mixin.py:120} INFO - [2022-11-09T14:47:14.569+0000] {dag.py:3340} INFO - Setting next_dagrun for 5-orquestation_3 to 2022-01-01T00:00:00+00:00, run_after=2022-02-01T00:00:00+00:00
[2022-11-09T14:47:14.605+0000] {processor.py:176} INFO - Processing /opt/airflow/dags/5.3-orquestacion.py took 0.185 seconds
[2022-11-09T14:47:49.247+0000] {processor.py:154} INFO - Started process (PID=189) to work on /opt/airflow/dags/5.3-orquestacion.py
[2022-11-09T14:47:49.249+0000] {processor.py:756} INFO - Processing file /opt/airflow/dags/5.3-orquestacion.py for tasks to queue
[2022-11-09T14:47:49.252+0000] {logging_mixin.py:120} INFO - [2022-11-09T14:47:49.251+0000] {dagbag.py:537} INFO - Filling up the DagBag from /opt/airflow/dags/5.3-orquestacion.py
[2022-11-09T14:47:49.302+0000] {processor.py:766} INFO - DAG(s) dict_keys(['5-orquestation_3']) retrieved from /opt/airflow/dags/5.3-orquestacion.py
[2022-11-09T14:47:49.358+0000] {logging_mixin.py:120} INFO - [2022-11-09T14:47:49.357+0000] {dag.py:2585} INFO - Sync 1 DAGs
[2022-11-09T14:47:49.396+0000] {logging_mixin.py:120} INFO - [2022-11-09T14:47:49.396+0000] {dag.py:3340} INFO - Setting next_dagrun for 5-orquestation_3 to 2022-01-01T00:00:00+00:00, run_after=2022-02-01T00:00:00+00:00
[2022-11-09T14:47:49.434+0000] {processor.py:176} INFO - Processing /opt/airflow/dags/5.3-orquestacion.py took 0.190 seconds
[2022-11-09T14:48:21.076+0000] {processor.py:154} INFO - Started process (PID=217) to work on /opt/airflow/dags/5.3-orquestacion.py
[2022-11-09T14:48:21.077+0000] {processor.py:756} INFO - Processing file /opt/airflow/dags/5.3-orquestacion.py for tasks to queue
[2022-11-09T14:48:21.080+0000] {logging_mixin.py:120} INFO - [2022-11-09T14:48:21.079+0000] {dagbag.py:537} INFO - Filling up the DagBag from /opt/airflow/dags/5.3-orquestacion.py
[2022-11-09T14:48:21.122+0000] {processor.py:766} INFO - DAG(s) dict_keys(['5-orquestation_3']) retrieved from /opt/airflow/dags/5.3-orquestacion.py
[2022-11-09T14:48:21.175+0000] {logging_mixin.py:120} INFO - [2022-11-09T14:48:21.175+0000] {dag.py:2585} INFO - Sync 1 DAGs
[2022-11-09T14:48:21.211+0000] {logging_mixin.py:120} INFO - [2022-11-09T14:48:21.210+0000] {dag.py:3340} INFO - Setting next_dagrun for 5-orquestation_3 to 2022-01-01T00:00:00+00:00, run_after=2022-02-01T00:00:00+00:00
[2022-11-09T14:48:21.253+0000] {processor.py:176} INFO - Processing /opt/airflow/dags/5.3-orquestacion.py took 0.182 seconds
[2022-11-09T14:48:52.405+0000] {processor.py:154} INFO - Started process (PID=254) to work on /opt/airflow/dags/5.3-orquestacion.py
[2022-11-09T14:48:52.408+0000] {processor.py:756} INFO - Processing file /opt/airflow/dags/5.3-orquestacion.py for tasks to queue
[2022-11-09T14:48:52.411+0000] {logging_mixin.py:120} INFO - [2022-11-09T14:48:52.411+0000] {dagbag.py:537} INFO - Filling up the DagBag from /opt/airflow/dags/5.3-orquestacion.py
[2022-11-09T14:48:52.494+0000] {processor.py:766} INFO - DAG(s) dict_keys(['5-orquestation_3']) retrieved from /opt/airflow/dags/5.3-orquestacion.py
[2022-11-09T14:48:52.564+0000] {logging_mixin.py:120} INFO - [2022-11-09T14:48:52.564+0000] {dag.py:2585} INFO - Sync 1 DAGs
[2022-11-09T14:48:52.610+0000] {logging_mixin.py:120} INFO - [2022-11-09T14:48:52.610+0000] {dag.py:3340} INFO - Setting next_dagrun for 5-orquestation_3 to 2022-01-01T00:00:00+00:00, run_after=2022-02-01T00:00:00+00:00
[2022-11-09T14:48:52.672+0000] {processor.py:176} INFO - Processing /opt/airflow/dags/5.3-orquestacion.py took 0.272 seconds
[2022-11-09T14:49:23.177+0000] {processor.py:154} INFO - Started process (PID=282) to work on /opt/airflow/dags/5.3-orquestacion.py
[2022-11-09T14:49:23.179+0000] {processor.py:756} INFO - Processing file /opt/airflow/dags/5.3-orquestacion.py for tasks to queue
[2022-11-09T14:49:23.181+0000] {logging_mixin.py:120} INFO - [2022-11-09T14:49:23.181+0000] {dagbag.py:537} INFO - Filling up the DagBag from /opt/airflow/dags/5.3-orquestacion.py
[2022-11-09T14:49:23.229+0000] {processor.py:766} INFO - DAG(s) dict_keys(['5-orquestation_3']) retrieved from /opt/airflow/dags/5.3-orquestacion.py
[2022-11-09T14:49:23.290+0000] {logging_mixin.py:120} INFO - [2022-11-09T14:49:23.289+0000] {dag.py:2585} INFO - Sync 1 DAGs
[2022-11-09T14:49:23.337+0000] {logging_mixin.py:120} INFO - [2022-11-09T14:49:23.336+0000] {dag.py:3340} INFO - Setting next_dagrun for 5-orquestation_3 to 2022-01-01T00:00:00+00:00, run_after=2022-02-01T00:00:00+00:00
[2022-11-09T14:49:23.378+0000] {processor.py:176} INFO - Processing /opt/airflow/dags/5.3-orquestacion.py took 0.206 seconds
[2022-11-09T14:49:54.095+0000] {processor.py:154} INFO - Started process (PID=319) to work on /opt/airflow/dags/5.3-orquestacion.py
[2022-11-09T14:49:54.113+0000] {processor.py:756} INFO - Processing file /opt/airflow/dags/5.3-orquestacion.py for tasks to queue
[2022-11-09T14:49:54.114+0000] {logging_mixin.py:120} INFO - [2022-11-09T14:49:54.114+0000] {dagbag.py:537} INFO - Filling up the DagBag from /opt/airflow/dags/5.3-orquestacion.py
[2022-11-09T14:49:54.184+0000] {processor.py:766} INFO - DAG(s) dict_keys(['5-orquestation_3']) retrieved from /opt/airflow/dags/5.3-orquestacion.py
[2022-11-09T14:49:54.243+0000] {logging_mixin.py:120} INFO - [2022-11-09T14:49:54.242+0000] {dag.py:2585} INFO - Sync 1 DAGs
[2022-11-09T14:49:54.294+0000] {logging_mixin.py:120} INFO - [2022-11-09T14:49:54.293+0000] {dag.py:3340} INFO - Setting next_dagrun for 5-orquestation_3 to 2022-01-01T00:00:00+00:00, run_after=2022-02-01T00:00:00+00:00
[2022-11-09T14:49:54.823+0000] {processor.py:176} INFO - Processing /opt/airflow/dags/5.3-orquestacion.py took 0.730 seconds
[2022-11-09T14:50:25.296+0000] {processor.py:154} INFO - Started process (PID=347) to work on /opt/airflow/dags/5.3-orquestacion.py
[2022-11-09T14:50:25.302+0000] {processor.py:756} INFO - Processing file /opt/airflow/dags/5.3-orquestacion.py for tasks to queue
[2022-11-09T14:50:25.304+0000] {logging_mixin.py:120} INFO - [2022-11-09T14:50:25.303+0000] {dagbag.py:537} INFO - Filling up the DagBag from /opt/airflow/dags/5.3-orquestacion.py
[2022-11-09T14:50:25.350+0000] {processor.py:766} INFO - DAG(s) dict_keys(['5-orquestation_3']) retrieved from /opt/airflow/dags/5.3-orquestacion.py
[2022-11-09T14:50:25.403+0000] {logging_mixin.py:120} INFO - [2022-11-09T14:50:25.403+0000] {dag.py:2585} INFO - Sync 1 DAGs
[2022-11-09T14:50:25.438+0000] {logging_mixin.py:120} INFO - [2022-11-09T14:50:25.438+0000] {dag.py:3340} INFO - Setting next_dagrun for 5-orquestation_3 to 2022-01-01T00:00:00+00:00, run_after=2022-02-01T00:00:00+00:00
[2022-11-09T14:50:25.502+0000] {processor.py:176} INFO - Processing /opt/airflow/dags/5.3-orquestacion.py took 0.210 seconds
[2022-11-09T14:50:55.859+0000] {processor.py:154} INFO - Started process (PID=384) to work on /opt/airflow/dags/5.3-orquestacion.py
[2022-11-09T14:50:55.862+0000] {processor.py:756} INFO - Processing file /opt/airflow/dags/5.3-orquestacion.py for tasks to queue
[2022-11-09T14:50:55.864+0000] {logging_mixin.py:120} INFO - [2022-11-09T14:50:55.863+0000] {dagbag.py:537} INFO - Filling up the DagBag from /opt/airflow/dags/5.3-orquestacion.py
[2022-11-09T14:50:55.931+0000] {processor.py:766} INFO - DAG(s) dict_keys(['5-orquestation_3']) retrieved from /opt/airflow/dags/5.3-orquestacion.py
[2022-11-09T14:50:56.016+0000] {logging_mixin.py:120} INFO - [2022-11-09T14:50:56.015+0000] {dag.py:2585} INFO - Sync 1 DAGs
[2022-11-09T14:50:56.056+0000] {logging_mixin.py:120} INFO - [2022-11-09T14:50:56.056+0000] {dag.py:3340} INFO - Setting next_dagrun for 5-orquestation_3 to 2022-01-01T00:00:00+00:00, run_after=2022-02-01T00:00:00+00:00
[2022-11-09T14:50:56.567+0000] {processor.py:176} INFO - Processing /opt/airflow/dags/5.3-orquestacion.py took 0.713 seconds
[2022-11-09T14:51:30.733+0000] {processor.py:154} INFO - Started process (PID=419) to work on /opt/airflow/dags/5.3-orquestacion.py
[2022-11-09T14:51:30.735+0000] {processor.py:756} INFO - Processing file /opt/airflow/dags/5.3-orquestacion.py for tasks to queue
[2022-11-09T14:51:30.736+0000] {logging_mixin.py:120} INFO - [2022-11-09T14:51:30.736+0000] {dagbag.py:537} INFO - Filling up the DagBag from /opt/airflow/dags/5.3-orquestacion.py
[2022-11-09T14:51:30.778+0000] {processor.py:766} INFO - DAG(s) dict_keys(['5-orquestation_3']) retrieved from /opt/airflow/dags/5.3-orquestacion.py
[2022-11-09T14:51:30.843+0000] {logging_mixin.py:120} INFO - [2022-11-09T14:51:30.843+0000] {dag.py:2585} INFO - Sync 1 DAGs
[2022-11-09T14:51:30.894+0000] {logging_mixin.py:120} INFO - [2022-11-09T14:51:30.894+0000] {dag.py:3340} INFO - Setting next_dagrun for 5-orquestation_3 to 2022-01-01T00:00:00+00:00, run_after=2022-02-01T00:00:00+00:00
[2022-11-09T14:51:30.938+0000] {processor.py:176} INFO - Processing /opt/airflow/dags/5.3-orquestacion.py took 0.209 seconds
[2022-11-09T14:52:05.199+0000] {processor.py:154} INFO - Started process (PID=449) to work on /opt/airflow/dags/5.3-orquestacion.py
[2022-11-09T14:52:05.201+0000] {processor.py:756} INFO - Processing file /opt/airflow/dags/5.3-orquestacion.py for tasks to queue
[2022-11-09T14:52:05.202+0000] {logging_mixin.py:120} INFO - [2022-11-09T14:52:05.202+0000] {dagbag.py:537} INFO - Filling up the DagBag from /opt/airflow/dags/5.3-orquestacion.py
[2022-11-09T14:52:05.241+0000] {processor.py:766} INFO - DAG(s) dict_keys(['5-orquestation_3']) retrieved from /opt/airflow/dags/5.3-orquestacion.py
[2022-11-09T14:52:05.294+0000] {logging_mixin.py:120} INFO - [2022-11-09T14:52:05.294+0000] {dag.py:2585} INFO - Sync 1 DAGs
[2022-11-09T14:52:05.330+0000] {logging_mixin.py:120} INFO - [2022-11-09T14:52:05.329+0000] {dag.py:3340} INFO - Setting next_dagrun for 5-orquestation_3 to 2022-01-01T00:00:00+00:00, run_after=2022-02-01T00:00:00+00:00
[2022-11-09T14:52:05.365+0000] {processor.py:176} INFO - Processing /opt/airflow/dags/5.3-orquestacion.py took 0.168 seconds
[2022-11-09T14:52:35.551+0000] {processor.py:154} INFO - Started process (PID=477) to work on /opt/airflow/dags/5.3-orquestacion.py
[2022-11-09T14:52:35.552+0000] {processor.py:756} INFO - Processing file /opt/airflow/dags/5.3-orquestacion.py for tasks to queue
[2022-11-09T14:52:35.553+0000] {logging_mixin.py:120} INFO - [2022-11-09T14:52:35.553+0000] {dagbag.py:537} INFO - Filling up the DagBag from /opt/airflow/dags/5.3-orquestacion.py
[2022-11-09T14:52:35.641+0000] {processor.py:766} INFO - DAG(s) dict_keys(['5-orquestation_3']) retrieved from /opt/airflow/dags/5.3-orquestacion.py
[2022-11-09T14:52:35.701+0000] {logging_mixin.py:120} INFO - [2022-11-09T14:52:35.700+0000] {dag.py:2585} INFO - Sync 1 DAGs
[2022-11-09T14:52:35.730+0000] {logging_mixin.py:120} INFO - [2022-11-09T14:52:35.729+0000] {dag.py:3340} INFO - Setting next_dagrun for 5-orquestation_3 to 2022-01-01T00:00:00+00:00, run_after=2022-02-01T00:00:00+00:00
[2022-11-09T14:52:35.765+0000] {processor.py:176} INFO - Processing /opt/airflow/dags/5.3-orquestacion.py took 0.217 seconds
[2022-11-09T14:53:05.913+0000] {processor.py:154} INFO - Started process (PID=514) to work on /opt/airflow/dags/5.3-orquestacion.py
[2022-11-09T14:53:05.915+0000] {processor.py:756} INFO - Processing file /opt/airflow/dags/5.3-orquestacion.py for tasks to queue
[2022-11-09T14:53:05.918+0000] {logging_mixin.py:120} INFO - [2022-11-09T14:53:05.917+0000] {dagbag.py:537} INFO - Filling up the DagBag from /opt/airflow/dags/5.3-orquestacion.py
[2022-11-09T14:53:05.957+0000] {processor.py:766} INFO - DAG(s) dict_keys(['5-orquestation_3']) retrieved from /opt/airflow/dags/5.3-orquestacion.py
[2022-11-09T14:53:06.005+0000] {logging_mixin.py:120} INFO - [2022-11-09T14:53:06.005+0000] {dag.py:2585} INFO - Sync 1 DAGs
[2022-11-09T14:53:06.045+0000] {logging_mixin.py:120} INFO - [2022-11-09T14:53:06.045+0000] {dag.py:3340} INFO - Setting next_dagrun for 5-orquestation_3 to 2022-01-01T00:00:00+00:00, run_after=2022-02-01T00:00:00+00:00
[2022-11-09T14:53:06.093+0000] {processor.py:176} INFO - Processing /opt/airflow/dags/5.3-orquestacion.py took 0.184 seconds
[2022-11-09T14:53:36.292+0000] {processor.py:154} INFO - Started process (PID=542) to work on /opt/airflow/dags/5.3-orquestacion.py
[2022-11-09T14:53:36.294+0000] {processor.py:756} INFO - Processing file /opt/airflow/dags/5.3-orquestacion.py for tasks to queue
[2022-11-09T14:53:36.296+0000] {logging_mixin.py:120} INFO - [2022-11-09T14:53:36.295+0000] {dagbag.py:537} INFO - Filling up the DagBag from /opt/airflow/dags/5.3-orquestacion.py
[2022-11-09T14:53:36.336+0000] {processor.py:766} INFO - DAG(s) dict_keys(['5-orquestation_3']) retrieved from /opt/airflow/dags/5.3-orquestacion.py
[2022-11-09T14:53:36.421+0000] {logging_mixin.py:120} INFO - [2022-11-09T14:53:36.421+0000] {dag.py:2585} INFO - Sync 1 DAGs
[2022-11-09T14:53:36.468+0000] {logging_mixin.py:120} INFO - [2022-11-09T14:53:36.467+0000] {dag.py:3340} INFO - Setting next_dagrun for 5-orquestation_3 to 2022-01-01T00:00:00+00:00, run_after=2022-02-01T00:00:00+00:00
[2022-11-09T14:53:36.508+0000] {processor.py:176} INFO - Processing /opt/airflow/dags/5.3-orquestacion.py took 0.220 seconds
[2022-11-09T14:54:07.255+0000] {processor.py:154} INFO - Started process (PID=570) to work on /opt/airflow/dags/5.3-orquestacion.py
[2022-11-09T14:54:07.256+0000] {processor.py:756} INFO - Processing file /opt/airflow/dags/5.3-orquestacion.py for tasks to queue
[2022-11-09T14:54:07.257+0000] {logging_mixin.py:120} INFO - [2022-11-09T14:54:07.257+0000] {dagbag.py:537} INFO - Filling up the DagBag from /opt/airflow/dags/5.3-orquestacion.py
[2022-11-09T14:54:07.292+0000] {processor.py:766} INFO - DAG(s) dict_keys(['5-orquestation_3']) retrieved from /opt/airflow/dags/5.3-orquestacion.py
[2022-11-09T14:54:07.340+0000] {logging_mixin.py:120} INFO - [2022-11-09T14:54:07.340+0000] {dag.py:2585} INFO - Sync 1 DAGs
[2022-11-09T14:54:07.373+0000] {logging_mixin.py:120} INFO - [2022-11-09T14:54:07.373+0000] {dag.py:3340} INFO - Setting next_dagrun for 5-orquestation_3 to 2022-01-01T00:00:00+00:00, run_after=2022-02-01T00:00:00+00:00
[2022-11-09T14:54:07.400+0000] {processor.py:176} INFO - Processing /opt/airflow/dags/5.3-orquestacion.py took 0.147 seconds
[2022-11-09T14:54:38.316+0000] {processor.py:154} INFO - Started process (PID=607) to work on /opt/airflow/dags/5.3-orquestacion.py
[2022-11-09T14:54:38.317+0000] {processor.py:756} INFO - Processing file /opt/airflow/dags/5.3-orquestacion.py for tasks to queue
[2022-11-09T14:54:38.319+0000] {logging_mixin.py:120} INFO - [2022-11-09T14:54:38.319+0000] {dagbag.py:537} INFO - Filling up the DagBag from /opt/airflow/dags/5.3-orquestacion.py
[2022-11-09T14:54:38.394+0000] {processor.py:766} INFO - DAG(s) dict_keys(['5-orquestation_3']) retrieved from /opt/airflow/dags/5.3-orquestacion.py
[2022-11-09T14:54:38.501+0000] {logging_mixin.py:120} INFO - [2022-11-09T14:54:38.501+0000] {dag.py:2585} INFO - Sync 1 DAGs
[2022-11-09T14:54:38.555+0000] {logging_mixin.py:120} INFO - [2022-11-09T14:54:38.555+0000] {dag.py:3340} INFO - Setting next_dagrun for 5-orquestation_3 to 2022-01-01T00:00:00+00:00, run_after=2022-02-01T00:00:00+00:00
[2022-11-09T14:54:38.598+0000] {processor.py:176} INFO - Processing /opt/airflow/dags/5.3-orquestacion.py took 0.286 seconds
[2022-11-09T14:55:17.852+0000] {processor.py:154} INFO - Started process (PID=635) to work on /opt/airflow/dags/5.3-orquestacion.py
[2022-11-09T14:55:17.853+0000] {processor.py:756} INFO - Processing file /opt/airflow/dags/5.3-orquestacion.py for tasks to queue
[2022-11-09T14:55:17.854+0000] {logging_mixin.py:120} INFO - [2022-11-09T14:55:17.854+0000] {dagbag.py:537} INFO - Filling up the DagBag from /opt/airflow/dags/5.3-orquestacion.py
[2022-11-09T14:55:18.770+0000] {processor.py:766} INFO - DAG(s) dict_keys(['5-orquestation_3']) retrieved from /opt/airflow/dags/5.3-orquestacion.py
[2022-11-09T14:55:20.776+0000] {logging_mixin.py:120} INFO - [2022-11-09T14:55:20.775+0000] {dag.py:2585} INFO - Sync 1 DAGs
[2022-11-09T14:55:20.802+0000] {logging_mixin.py:120} INFO - [2022-11-09T14:55:20.802+0000] {dag.py:3340} INFO - Setting next_dagrun for 5-orquestation_3 to 2022-01-01T00:00:00+00:00, run_after=2022-02-01T00:00:00+00:00
[2022-11-09T14:55:24.903+0000] {processor.py:176} INFO - Processing /opt/airflow/dags/5.3-orquestacion.py took 7.054 seconds
[2022-11-09T14:56:01.490+0000] {processor.py:154} INFO - Started process (PID=654) to work on /opt/airflow/dags/5.3-orquestacion.py
[2022-11-09T14:56:01.648+0000] {processor.py:756} INFO - Processing file /opt/airflow/dags/5.3-orquestacion.py for tasks to queue
[2022-11-09T14:56:01.649+0000] {logging_mixin.py:120} INFO - [2022-11-09T14:56:01.649+0000] {dagbag.py:537} INFO - Filling up the DagBag from /opt/airflow/dags/5.3-orquestacion.py
[2022-11-09T14:56:02.826+0000] {processor.py:766} INFO - DAG(s) dict_keys(['5-orquestation_3']) retrieved from /opt/airflow/dags/5.3-orquestacion.py
[2022-11-09T14:56:02.874+0000] {logging_mixin.py:120} INFO - [2022-11-09T14:56:02.873+0000] {dag.py:2585} INFO - Sync 1 DAGs
[2022-11-09T14:56:02.913+0000] {logging_mixin.py:120} INFO - [2022-11-09T14:56:02.913+0000] {dag.py:3340} INFO - Setting next_dagrun for 5-orquestation_3 to 2022-01-01T00:00:00+00:00, run_after=2022-02-01T00:00:00+00:00
[2022-11-09T14:56:04.004+0000] {processor.py:176} INFO - Processing /opt/airflow/dags/5.3-orquestacion.py took 2.518 seconds
[2022-11-09T14:56:40.843+0000] {processor.py:154} INFO - Started process (PID=686) to work on /opt/airflow/dags/5.3-orquestacion.py
[2022-11-09T14:56:40.845+0000] {processor.py:756} INFO - Processing file /opt/airflow/dags/5.3-orquestacion.py for tasks to queue
[2022-11-09T14:56:40.847+0000] {logging_mixin.py:120} INFO - [2022-11-09T14:56:40.847+0000] {dagbag.py:537} INFO - Filling up the DagBag from /opt/airflow/dags/5.3-orquestacion.py
[2022-11-09T14:56:40.900+0000] {processor.py:766} INFO - DAG(s) dict_keys(['5-orquestation_3']) retrieved from /opt/airflow/dags/5.3-orquestacion.py
[2022-11-09T14:56:40.973+0000] {logging_mixin.py:120} INFO - [2022-11-09T14:56:40.972+0000] {dag.py:2585} INFO - Sync 1 DAGs
[2022-11-09T14:56:41.032+0000] {logging_mixin.py:120} INFO - [2022-11-09T14:56:41.032+0000] {dag.py:3340} INFO - Setting next_dagrun for 5-orquestation_3 to 2022-01-01T00:00:00+00:00, run_after=2022-02-01T00:00:00+00:00
[2022-11-09T14:56:41.073+0000] {processor.py:176} INFO - Processing /opt/airflow/dags/5.3-orquestacion.py took 0.235 seconds
[2022-11-09T14:57:11.955+0000] {processor.py:154} INFO - Started process (PID=714) to work on /opt/airflow/dags/5.3-orquestacion.py
[2022-11-09T14:57:11.956+0000] {processor.py:756} INFO - Processing file /opt/airflow/dags/5.3-orquestacion.py for tasks to queue
[2022-11-09T14:57:11.958+0000] {logging_mixin.py:120} INFO - [2022-11-09T14:57:11.958+0000] {dagbag.py:537} INFO - Filling up the DagBag from /opt/airflow/dags/5.3-orquestacion.py
[2022-11-09T14:57:12.058+0000] {processor.py:766} INFO - DAG(s) dict_keys(['5-orquestation_3']) retrieved from /opt/airflow/dags/5.3-orquestacion.py
[2022-11-09T14:57:12.116+0000] {logging_mixin.py:120} INFO - [2022-11-09T14:57:12.116+0000] {dag.py:2585} INFO - Sync 1 DAGs
[2022-11-09T14:57:12.155+0000] {logging_mixin.py:120} INFO - [2022-11-09T14:57:12.155+0000] {dag.py:3340} INFO - Setting next_dagrun for 5-orquestation_3 to 2022-01-01T00:00:00+00:00, run_after=2022-02-01T00:00:00+00:00
[2022-11-09T14:57:12.209+0000] {processor.py:176} INFO - Processing /opt/airflow/dags/5.3-orquestacion.py took 0.258 seconds
[2022-11-09T14:57:42.290+0000] {processor.py:154} INFO - Started process (PID=742) to work on /opt/airflow/dags/5.3-orquestacion.py
[2022-11-09T14:57:42.291+0000] {processor.py:756} INFO - Processing file /opt/airflow/dags/5.3-orquestacion.py for tasks to queue
[2022-11-09T14:57:42.390+0000] {logging_mixin.py:120} INFO - [2022-11-09T14:57:42.390+0000] {dagbag.py:537} INFO - Filling up the DagBag from /opt/airflow/dags/5.3-orquestacion.py
[2022-11-09T14:57:42.420+0000] {processor.py:766} INFO - DAG(s) dict_keys(['5-orquestation_3']) retrieved from /opt/airflow/dags/5.3-orquestacion.py
[2022-11-09T14:57:42.465+0000] {logging_mixin.py:120} INFO - [2022-11-09T14:57:42.465+0000] {dag.py:2585} INFO - Sync 1 DAGs
[2022-11-09T14:57:42.495+0000] {logging_mixin.py:120} INFO - [2022-11-09T14:57:42.494+0000] {dag.py:3340} INFO - Setting next_dagrun for 5-orquestation_3 to 2022-01-01T00:00:00+00:00, run_after=2022-02-01T00:00:00+00:00
[2022-11-09T14:57:42.523+0000] {processor.py:176} INFO - Processing /opt/airflow/dags/5.3-orquestacion.py took 0.236 seconds
[2022-11-09T14:58:13.033+0000] {processor.py:154} INFO - Started process (PID=779) to work on /opt/airflow/dags/5.3-orquestacion.py
[2022-11-09T14:58:13.035+0000] {processor.py:756} INFO - Processing file /opt/airflow/dags/5.3-orquestacion.py for tasks to queue
[2022-11-09T14:58:13.037+0000] {logging_mixin.py:120} INFO - [2022-11-09T14:58:13.037+0000] {dagbag.py:537} INFO - Filling up the DagBag from /opt/airflow/dags/5.3-orquestacion.py
[2022-11-09T14:58:13.095+0000] {processor.py:766} INFO - DAG(s) dict_keys(['5-orquestation_3']) retrieved from /opt/airflow/dags/5.3-orquestacion.py
[2022-11-09T14:58:13.153+0000] {logging_mixin.py:120} INFO - [2022-11-09T14:58:13.153+0000] {dag.py:2585} INFO - Sync 1 DAGs
[2022-11-09T14:58:13.191+0000] {logging_mixin.py:120} INFO - [2022-11-09T14:58:13.191+0000] {dag.py:3340} INFO - Setting next_dagrun for 5-orquestation_3 to 2022-01-01T00:00:00+00:00, run_after=2022-02-01T00:00:00+00:00
[2022-11-09T14:58:13.272+0000] {processor.py:176} INFO - Processing /opt/airflow/dags/5.3-orquestacion.py took 0.243 seconds
[2022-11-09T14:58:46.290+0000] {processor.py:154} INFO - Started process (PID=807) to work on /opt/airflow/dags/5.3-orquestacion.py
[2022-11-09T14:58:46.292+0000] {processor.py:756} INFO - Processing file /opt/airflow/dags/5.3-orquestacion.py for tasks to queue
[2022-11-09T14:58:46.293+0000] {logging_mixin.py:120} INFO - [2022-11-09T14:58:46.293+0000] {dagbag.py:537} INFO - Filling up the DagBag from /opt/airflow/dags/5.3-orquestacion.py
[2022-11-09T14:58:46.347+0000] {processor.py:766} INFO - DAG(s) dict_keys(['5-orquestation_3']) retrieved from /opt/airflow/dags/5.3-orquestacion.py
[2022-11-09T14:58:46.403+0000] {logging_mixin.py:120} INFO - [2022-11-09T14:58:46.402+0000] {dag.py:2585} INFO - Sync 1 DAGs
[2022-11-09T14:58:46.443+0000] {logging_mixin.py:120} INFO - [2022-11-09T14:58:46.442+0000] {dag.py:3340} INFO - Setting next_dagrun for 5-orquestation_3 to 2022-01-01T00:00:00+00:00, run_after=2022-02-01T00:00:00+00:00
[2022-11-09T14:58:46.480+0000] {processor.py:176} INFO - Processing /opt/airflow/dags/5.3-orquestacion.py took 0.193 seconds
[2022-11-09T14:59:16.650+0000] {processor.py:154} INFO - Started process (PID=835) to work on /opt/airflow/dags/5.3-orquestacion.py
[2022-11-09T14:59:16.651+0000] {processor.py:756} INFO - Processing file /opt/airflow/dags/5.3-orquestacion.py for tasks to queue
[2022-11-09T14:59:16.652+0000] {logging_mixin.py:120} INFO - [2022-11-09T14:59:16.652+0000] {dagbag.py:537} INFO - Filling up the DagBag from /opt/airflow/dags/5.3-orquestacion.py
[2022-11-09T14:59:16.691+0000] {processor.py:766} INFO - DAG(s) dict_keys(['5-orquestation_3']) retrieved from /opt/airflow/dags/5.3-orquestacion.py
[2022-11-09T14:59:16.765+0000] {logging_mixin.py:120} INFO - [2022-11-09T14:59:16.764+0000] {dag.py:2585} INFO - Sync 1 DAGs
[2022-11-09T14:59:16.796+0000] {logging_mixin.py:120} INFO - [2022-11-09T14:59:16.795+0000] {dag.py:3340} INFO - Setting next_dagrun for 5-orquestation_3 to 2022-01-01T00:00:00+00:00, run_after=2022-02-01T00:00:00+00:00
[2022-11-09T14:59:16.828+0000] {processor.py:176} INFO - Processing /opt/airflow/dags/5.3-orquestacion.py took 0.181 seconds
[2022-11-09T14:59:48.015+0000] {processor.py:154} INFO - Started process (PID=867) to work on /opt/airflow/dags/5.3-orquestacion.py
[2022-11-09T14:59:48.021+0000] {processor.py:756} INFO - Processing file /opt/airflow/dags/5.3-orquestacion.py for tasks to queue
[2022-11-09T14:59:48.023+0000] {logging_mixin.py:120} INFO - [2022-11-09T14:59:48.023+0000] {dagbag.py:537} INFO - Filling up the DagBag from /opt/airflow/dags/5.3-orquestacion.py
[2022-11-09T14:59:48.080+0000] {processor.py:766} INFO - DAG(s) dict_keys(['5-orquestation_3']) retrieved from /opt/airflow/dags/5.3-orquestacion.py
[2022-11-09T14:59:48.150+0000] {logging_mixin.py:120} INFO - [2022-11-09T14:59:48.149+0000] {dag.py:2585} INFO - Sync 1 DAGs
[2022-11-09T14:59:48.194+0000] {logging_mixin.py:120} INFO - [2022-11-09T14:59:48.194+0000] {dag.py:3340} INFO - Setting next_dagrun for 5-orquestation_3 to 2022-01-01T00:00:00+00:00, run_after=2022-02-01T00:00:00+00:00
[2022-11-09T14:59:48.234+0000] {processor.py:176} INFO - Processing /opt/airflow/dags/5.3-orquestacion.py took 0.226 seconds
[2022-11-09T15:00:19.194+0000] {processor.py:154} INFO - Started process (PID=904) to work on /opt/airflow/dags/5.3-orquestacion.py
[2022-11-09T15:00:19.198+0000] {processor.py:756} INFO - Processing file /opt/airflow/dags/5.3-orquestacion.py for tasks to queue
[2022-11-09T15:00:19.199+0000] {logging_mixin.py:120} INFO - [2022-11-09T15:00:19.199+0000] {dagbag.py:537} INFO - Filling up the DagBag from /opt/airflow/dags/5.3-orquestacion.py
[2022-11-09T15:00:19.247+0000] {processor.py:766} INFO - DAG(s) dict_keys(['5-orquestation_3']) retrieved from /opt/airflow/dags/5.3-orquestacion.py
[2022-11-09T15:00:19.308+0000] {logging_mixin.py:120} INFO - [2022-11-09T15:00:19.308+0000] {dag.py:2585} INFO - Sync 1 DAGs
[2022-11-09T15:00:19.349+0000] {logging_mixin.py:120} INFO - [2022-11-09T15:00:19.349+0000] {dag.py:3340} INFO - Setting next_dagrun for 5-orquestation_3 to 2022-01-01T00:00:00+00:00, run_after=2022-02-01T00:00:00+00:00
[2022-11-09T15:00:19.387+0000] {processor.py:176} INFO - Processing /opt/airflow/dags/5.3-orquestacion.py took 0.197 seconds
[2022-11-09T15:00:51.071+0000] {processor.py:154} INFO - Started process (PID=932) to work on /opt/airflow/dags/5.3-orquestacion.py
[2022-11-09T15:00:51.073+0000] {processor.py:756} INFO - Processing file /opt/airflow/dags/5.3-orquestacion.py for tasks to queue
[2022-11-09T15:00:51.075+0000] {logging_mixin.py:120} INFO - [2022-11-09T15:00:51.074+0000] {dagbag.py:537} INFO - Filling up the DagBag from /opt/airflow/dags/5.3-orquestacion.py
[2022-11-09T15:00:51.130+0000] {processor.py:766} INFO - DAG(s) dict_keys(['5-orquestation_3']) retrieved from /opt/airflow/dags/5.3-orquestacion.py
[2022-11-09T15:00:51.204+0000] {logging_mixin.py:120} INFO - [2022-11-09T15:00:51.203+0000] {dag.py:2585} INFO - Sync 1 DAGs
[2022-11-09T15:00:51.263+0000] {logging_mixin.py:120} INFO - [2022-11-09T15:00:51.263+0000] {dag.py:3340} INFO - Setting next_dagrun for 5-orquestation_3 to 2022-01-01T00:00:00+00:00, run_after=2022-02-01T00:00:00+00:00
[2022-11-09T15:00:51.311+0000] {processor.py:176} INFO - Processing /opt/airflow/dags/5.3-orquestacion.py took 0.245 seconds
[2022-11-09T15:01:22.306+0000] {processor.py:154} INFO - Started process (PID=969) to work on /opt/airflow/dags/5.3-orquestacion.py
[2022-11-09T15:01:22.308+0000] {processor.py:756} INFO - Processing file /opt/airflow/dags/5.3-orquestacion.py for tasks to queue
[2022-11-09T15:01:22.310+0000] {logging_mixin.py:120} INFO - [2022-11-09T15:01:22.309+0000] {dagbag.py:537} INFO - Filling up the DagBag from /opt/airflow/dags/5.3-orquestacion.py
[2022-11-09T15:01:22.374+0000] {processor.py:766} INFO - DAG(s) dict_keys(['5-orquestation_3']) retrieved from /opt/airflow/dags/5.3-orquestacion.py
[2022-11-09T15:01:22.448+0000] {logging_mixin.py:120} INFO - [2022-11-09T15:01:22.447+0000] {dag.py:2585} INFO - Sync 1 DAGs
[2022-11-09T15:01:22.495+0000] {logging_mixin.py:120} INFO - [2022-11-09T15:01:22.495+0000] {dag.py:3340} INFO - Setting next_dagrun for 5-orquestation_3 to 2022-01-01T00:00:00+00:00, run_after=2022-02-01T00:00:00+00:00
[2022-11-09T15:01:22.538+0000] {processor.py:176} INFO - Processing /opt/airflow/dags/5.3-orquestacion.py took 0.238 seconds
[2022-11-09T15:01:52.850+0000] {processor.py:154} INFO - Started process (PID=988) to work on /opt/airflow/dags/5.3-orquestacion.py
[2022-11-09T15:01:52.851+0000] {processor.py:756} INFO - Processing file /opt/airflow/dags/5.3-orquestacion.py for tasks to queue
[2022-11-09T15:01:52.852+0000] {logging_mixin.py:120} INFO - [2022-11-09T15:01:52.852+0000] {dagbag.py:537} INFO - Filling up the DagBag from /opt/airflow/dags/5.3-orquestacion.py
[2022-11-09T15:01:52.885+0000] {processor.py:766} INFO - DAG(s) dict_keys(['5-orquestation_3']) retrieved from /opt/airflow/dags/5.3-orquestacion.py
[2022-11-09T15:01:52.938+0000] {logging_mixin.py:120} INFO - [2022-11-09T15:01:52.938+0000] {dag.py:2585} INFO - Sync 1 DAGs
[2022-11-09T15:01:52.968+0000] {logging_mixin.py:120} INFO - [2022-11-09T15:01:52.968+0000] {dag.py:3340} INFO - Setting next_dagrun for 5-orquestation_3 to 2022-01-01T00:00:00+00:00, run_after=2022-02-01T00:00:00+00:00
[2022-11-09T15:01:53.029+0000] {processor.py:176} INFO - Processing /opt/airflow/dags/5.3-orquestacion.py took 0.182 seconds
[2022-11-09T15:02:44.526+0000] {processor.py:154} INFO - Started process (PID=1027) to work on /opt/airflow/dags/5.3-orquestacion.py
[2022-11-09T15:02:44.528+0000] {processor.py:756} INFO - Processing file /opt/airflow/dags/5.3-orquestacion.py for tasks to queue
[2022-11-09T15:02:44.529+0000] {logging_mixin.py:120} INFO - [2022-11-09T15:02:44.529+0000] {dagbag.py:537} INFO - Filling up the DagBag from /opt/airflow/dags/5.3-orquestacion.py
[2022-11-09T15:02:44.574+0000] {processor.py:766} INFO - DAG(s) dict_keys(['5-orquestation_3']) retrieved from /opt/airflow/dags/5.3-orquestacion.py
[2022-11-09T15:02:44.622+0000] {logging_mixin.py:120} INFO - [2022-11-09T15:02:44.622+0000] {dag.py:2585} INFO - Sync 1 DAGs
[2022-11-09T15:02:44.672+0000] {logging_mixin.py:120} INFO - [2022-11-09T15:02:44.672+0000] {dag.py:3340} INFO - Setting next_dagrun for 5-orquestation_3 to 2022-01-01T00:00:00+00:00, run_after=2022-02-01T00:00:00+00:00
[2022-11-09T15:02:44.716+0000] {processor.py:176} INFO - Processing /opt/airflow/dags/5.3-orquestacion.py took 0.194 seconds
[2022-11-09T15:03:21.461+0000] {processor.py:154} INFO - Started process (PID=1055) to work on /opt/airflow/dags/5.3-orquestacion.py
[2022-11-09T15:03:21.462+0000] {processor.py:756} INFO - Processing file /opt/airflow/dags/5.3-orquestacion.py for tasks to queue
[2022-11-09T15:03:21.463+0000] {logging_mixin.py:120} INFO - [2022-11-09T15:03:21.462+0000] {dagbag.py:537} INFO - Filling up the DagBag from /opt/airflow/dags/5.3-orquestacion.py
[2022-11-09T15:03:21.489+0000] {processor.py:766} INFO - DAG(s) dict_keys(['5-orquestation_3']) retrieved from /opt/airflow/dags/5.3-orquestacion.py
[2022-11-09T15:03:21.774+0000] {logging_mixin.py:120} INFO - [2022-11-09T15:03:21.774+0000] {dag.py:2585} INFO - Sync 1 DAGs
[2022-11-09T15:03:21.801+0000] {logging_mixin.py:120} INFO - [2022-11-09T15:03:21.801+0000] {dag.py:3340} INFO - Setting next_dagrun for 5-orquestation_3 to 2022-01-01T00:00:00+00:00, run_after=2022-02-01T00:00:00+00:00
[2022-11-09T15:03:22.189+0000] {processor.py:176} INFO - Processing /opt/airflow/dags/5.3-orquestacion.py took 0.731 seconds
[2022-11-09T15:03:52.727+0000] {processor.py:154} INFO - Started process (PID=1083) to work on /opt/airflow/dags/5.3-orquestacion.py
[2022-11-09T15:03:52.728+0000] {processor.py:756} INFO - Processing file /opt/airflow/dags/5.3-orquestacion.py for tasks to queue
[2022-11-09T15:03:52.729+0000] {logging_mixin.py:120} INFO - [2022-11-09T15:03:52.729+0000] {dagbag.py:537} INFO - Filling up the DagBag from /opt/airflow/dags/5.3-orquestacion.py
[2022-11-09T15:03:52.764+0000] {processor.py:766} INFO - DAG(s) dict_keys(['5-orquestation_3']) retrieved from /opt/airflow/dags/5.3-orquestacion.py
[2022-11-09T15:03:52.817+0000] {logging_mixin.py:120} INFO - [2022-11-09T15:03:52.817+0000] {dag.py:2585} INFO - Sync 1 DAGs
[2022-11-09T15:03:52.856+0000] {logging_mixin.py:120} INFO - [2022-11-09T15:03:52.856+0000] {dag.py:3340} INFO - Setting next_dagrun for 5-orquestation_3 to 2022-01-01T00:00:00+00:00, run_after=2022-02-01T00:00:00+00:00
[2022-11-09T15:03:52.896+0000] {processor.py:176} INFO - Processing /opt/airflow/dags/5.3-orquestacion.py took 0.172 seconds
