[2022-11-09T04:30:07.898+0000] {processor.py:154} INFO - Started process (PID=2427) to work on /opt/airflow/dags/6.2-monitoring.py
[2022-11-09T04:30:07.899+0000] {processor.py:756} INFO - Processing file /opt/airflow/dags/6.2-monitoring.py for tasks to queue
[2022-11-09T04:30:07.902+0000] {logging_mixin.py:120} INFO - [2022-11-09T04:30:07.901+0000] {dagbag.py:537} INFO - Filling up the DagBag from /opt/airflow/dags/6.2-monitoring.py
[2022-11-09T04:30:08.418+0000] {processor.py:766} INFO - DAG(s) dict_keys(['6-monitoring_2']) retrieved from /opt/airflow/dags/6.2-monitoring.py
[2022-11-09T04:30:09.916+0000] {logging_mixin.py:120} INFO - [2022-11-09T04:30:09.916+0000] {dag.py:2585} INFO - Sync 1 DAGs
[2022-11-09T04:30:16.917+0000] {processor.py:176} INFO - Processing /opt/airflow/dags/6.2-monitoring.py took 9.024 seconds
[2022-11-09T04:30:48.996+0000] {processor.py:154} INFO - Started process (PID=2452) to work on /opt/airflow/dags/6.2-monitoring.py
[2022-11-09T04:30:49.006+0000] {processor.py:756} INFO - Processing file /opt/airflow/dags/6.2-monitoring.py for tasks to queue
[2022-11-09T04:30:49.009+0000] {logging_mixin.py:120} INFO - [2022-11-09T04:30:49.008+0000] {dagbag.py:537} INFO - Filling up the DagBag from /opt/airflow/dags/6.2-monitoring.py
[2022-11-09T04:30:49.083+0000] {processor.py:766} INFO - DAG(s) dict_keys(['6-monitoring_2']) retrieved from /opt/airflow/dags/6.2-monitoring.py
[2022-11-09T04:30:49.131+0000] {logging_mixin.py:120} INFO - [2022-11-09T04:30:49.131+0000] {dag.py:2585} INFO - Sync 1 DAGs
[2022-11-09T04:30:49.240+0000] {processor.py:176} INFO - Processing /opt/airflow/dags/6.2-monitoring.py took 0.258 seconds
[2022-11-09T14:45:35.643+0000] {processor.py:154} INFO - Started process (PID=50) to work on /opt/airflow/dags/6.2-monitoring.py
[2022-11-09T14:45:35.648+0000] {processor.py:756} INFO - Processing file /opt/airflow/dags/6.2-monitoring.py for tasks to queue
[2022-11-09T14:45:35.651+0000] {logging_mixin.py:120} INFO - [2022-11-09T14:45:35.651+0000] {dagbag.py:537} INFO - Filling up the DagBag from /opt/airflow/dags/6.2-monitoring.py
[2022-11-09T14:45:35.787+0000] {processor.py:766} INFO - DAG(s) dict_keys(['6-monitoring_2']) retrieved from /opt/airflow/dags/6.2-monitoring.py
[2022-11-09T14:45:35.940+0000] {logging_mixin.py:120} INFO - [2022-11-09T14:45:35.940+0000] {dag.py:2585} INFO - Sync 1 DAGs
[2022-11-09T14:45:36.059+0000] {processor.py:176} INFO - Processing /opt/airflow/dags/6.2-monitoring.py took 0.423 seconds
[2022-11-09T14:46:06.357+0000] {processor.py:154} INFO - Started process (PID=78) to work on /opt/airflow/dags/6.2-monitoring.py
[2022-11-09T14:46:06.374+0000] {processor.py:756} INFO - Processing file /opt/airflow/dags/6.2-monitoring.py for tasks to queue
[2022-11-09T14:46:06.389+0000] {logging_mixin.py:120} INFO - [2022-11-09T14:46:06.389+0000] {dagbag.py:537} INFO - Filling up the DagBag from /opt/airflow/dags/6.2-monitoring.py
[2022-11-09T14:46:07.017+0000] {processor.py:766} INFO - DAG(s) dict_keys(['6-monitoring_2']) retrieved from /opt/airflow/dags/6.2-monitoring.py
[2022-11-09T14:46:08.760+0000] {logging_mixin.py:120} INFO - [2022-11-09T14:46:08.760+0000] {dag.py:2585} INFO - Sync 1 DAGs
[2022-11-09T14:46:11.320+0000] {processor.py:176} INFO - Processing /opt/airflow/dags/6.2-monitoring.py took 4.979 seconds
[2022-11-09T14:46:41.978+0000] {processor.py:154} INFO - Started process (PID=106) to work on /opt/airflow/dags/6.2-monitoring.py
[2022-11-09T14:46:41.983+0000] {processor.py:756} INFO - Processing file /opt/airflow/dags/6.2-monitoring.py for tasks to queue
[2022-11-09T14:46:41.985+0000] {logging_mixin.py:120} INFO - [2022-11-09T14:46:41.985+0000] {dagbag.py:537} INFO - Filling up the DagBag from /opt/airflow/dags/6.2-monitoring.py
[2022-11-09T14:46:42.049+0000] {processor.py:766} INFO - DAG(s) dict_keys(['6-monitoring_2']) retrieved from /opt/airflow/dags/6.2-monitoring.py
[2022-11-09T14:46:42.280+0000] {logging_mixin.py:120} INFO - [2022-11-09T14:46:42.280+0000] {dag.py:2585} INFO - Sync 1 DAGs
[2022-11-09T14:46:42.357+0000] {processor.py:176} INFO - Processing /opt/airflow/dags/6.2-monitoring.py took 0.386 seconds
[2022-11-09T14:47:12.668+0000] {processor.py:154} INFO - Started process (PID=143) to work on /opt/airflow/dags/6.2-monitoring.py
[2022-11-09T14:47:12.672+0000] {processor.py:756} INFO - Processing file /opt/airflow/dags/6.2-monitoring.py for tasks to queue
[2022-11-09T14:47:12.674+0000] {logging_mixin.py:120} INFO - [2022-11-09T14:47:12.674+0000] {dagbag.py:537} INFO - Filling up the DagBag from /opt/airflow/dags/6.2-monitoring.py
[2022-11-09T14:47:12.744+0000] {processor.py:766} INFO - DAG(s) dict_keys(['6-monitoring_2']) retrieved from /opt/airflow/dags/6.2-monitoring.py
[2022-11-09T14:47:12.835+0000] {logging_mixin.py:120} INFO - [2022-11-09T14:47:12.835+0000] {dag.py:2585} INFO - Sync 1 DAGs
[2022-11-09T14:47:12.930+0000] {processor.py:176} INFO - Processing /opt/airflow/dags/6.2-monitoring.py took 0.269 seconds
[2022-11-09T14:47:43.229+0000] {processor.py:154} INFO - Started process (PID=171) to work on /opt/airflow/dags/6.2-monitoring.py
[2022-11-09T14:47:43.231+0000] {processor.py:756} INFO - Processing file /opt/airflow/dags/6.2-monitoring.py for tasks to queue
[2022-11-09T14:47:43.233+0000] {logging_mixin.py:120} INFO - [2022-11-09T14:47:43.232+0000] {dagbag.py:537} INFO - Filling up the DagBag from /opt/airflow/dags/6.2-monitoring.py
[2022-11-09T14:47:43.287+0000] {processor.py:766} INFO - DAG(s) dict_keys(['6-monitoring_2']) retrieved from /opt/airflow/dags/6.2-monitoring.py
[2022-11-09T14:47:43.352+0000] {logging_mixin.py:120} INFO - [2022-11-09T14:47:43.351+0000] {dag.py:2585} INFO - Sync 1 DAGs
[2022-11-09T14:47:43.436+0000] {processor.py:176} INFO - Processing /opt/airflow/dags/6.2-monitoring.py took 0.211 seconds
[2022-11-09T14:48:14.203+0000] {processor.py:154} INFO - Started process (PID=208) to work on /opt/airflow/dags/6.2-monitoring.py
[2022-11-09T14:48:14.205+0000] {processor.py:756} INFO - Processing file /opt/airflow/dags/6.2-monitoring.py for tasks to queue
[2022-11-09T14:48:14.206+0000] {logging_mixin.py:120} INFO - [2022-11-09T14:48:14.206+0000] {dagbag.py:537} INFO - Filling up the DagBag from /opt/airflow/dags/6.2-monitoring.py
[2022-11-09T14:48:14.249+0000] {processor.py:766} INFO - DAG(s) dict_keys(['6-monitoring_2']) retrieved from /opt/airflow/dags/6.2-monitoring.py
[2022-11-09T14:48:14.301+0000] {logging_mixin.py:120} INFO - [2022-11-09T14:48:14.300+0000] {dag.py:2585} INFO - Sync 1 DAGs
[2022-11-09T14:48:14.404+0000] {processor.py:176} INFO - Processing /opt/airflow/dags/6.2-monitoring.py took 0.205 seconds
[2022-11-09T14:48:44.922+0000] {processor.py:154} INFO - Started process (PID=236) to work on /opt/airflow/dags/6.2-monitoring.py
[2022-11-09T14:48:44.923+0000] {processor.py:756} INFO - Processing file /opt/airflow/dags/6.2-monitoring.py for tasks to queue
[2022-11-09T14:48:44.925+0000] {logging_mixin.py:120} INFO - [2022-11-09T14:48:44.925+0000] {dagbag.py:537} INFO - Filling up the DagBag from /opt/airflow/dags/6.2-monitoring.py
[2022-11-09T14:48:44.990+0000] {processor.py:766} INFO - DAG(s) dict_keys(['6-monitoring_2']) retrieved from /opt/airflow/dags/6.2-monitoring.py
[2022-11-09T14:48:45.050+0000] {logging_mixin.py:120} INFO - [2022-11-09T14:48:45.049+0000] {dag.py:2585} INFO - Sync 1 DAGs
[2022-11-09T14:48:45.122+0000] {processor.py:176} INFO - Processing /opt/airflow/dags/6.2-monitoring.py took 0.205 seconds
[2022-11-09T14:49:15.551+0000] {processor.py:154} INFO - Started process (PID=273) to work on /opt/airflow/dags/6.2-monitoring.py
[2022-11-09T14:49:15.553+0000] {processor.py:756} INFO - Processing file /opt/airflow/dags/6.2-monitoring.py for tasks to queue
[2022-11-09T14:49:15.554+0000] {logging_mixin.py:120} INFO - [2022-11-09T14:49:15.554+0000] {dagbag.py:537} INFO - Filling up the DagBag from /opt/airflow/dags/6.2-monitoring.py
[2022-11-09T14:49:15.602+0000] {processor.py:766} INFO - DAG(s) dict_keys(['6-monitoring_2']) retrieved from /opt/airflow/dags/6.2-monitoring.py
[2022-11-09T14:49:15.654+0000] {logging_mixin.py:120} INFO - [2022-11-09T14:49:15.654+0000] {dag.py:2585} INFO - Sync 1 DAGs
[2022-11-09T14:49:15.763+0000] {processor.py:176} INFO - Processing /opt/airflow/dags/6.2-monitoring.py took 0.216 seconds
[2022-11-09T14:49:46.083+0000] {processor.py:154} INFO - Started process (PID=301) to work on /opt/airflow/dags/6.2-monitoring.py
[2022-11-09T14:49:46.085+0000] {processor.py:756} INFO - Processing file /opt/airflow/dags/6.2-monitoring.py for tasks to queue
[2022-11-09T14:49:46.087+0000] {logging_mixin.py:120} INFO - [2022-11-09T14:49:46.087+0000] {dagbag.py:537} INFO - Filling up the DagBag from /opt/airflow/dags/6.2-monitoring.py
[2022-11-09T14:49:46.159+0000] {processor.py:766} INFO - DAG(s) dict_keys(['6-monitoring_2']) retrieved from /opt/airflow/dags/6.2-monitoring.py
[2022-11-09T14:49:46.239+0000] {logging_mixin.py:120} INFO - [2022-11-09T14:49:46.239+0000] {dag.py:2585} INFO - Sync 1 DAGs
[2022-11-09T14:49:46.335+0000] {processor.py:176} INFO - Processing /opt/airflow/dags/6.2-monitoring.py took 0.257 seconds
[2022-11-09T14:50:16.616+0000] {processor.py:154} INFO - Started process (PID=338) to work on /opt/airflow/dags/6.2-monitoring.py
[2022-11-09T14:50:16.620+0000] {processor.py:756} INFO - Processing file /opt/airflow/dags/6.2-monitoring.py for tasks to queue
[2022-11-09T14:50:16.622+0000] {logging_mixin.py:120} INFO - [2022-11-09T14:50:16.622+0000] {dagbag.py:537} INFO - Filling up the DagBag from /opt/airflow/dags/6.2-monitoring.py
[2022-11-09T14:50:16.699+0000] {processor.py:766} INFO - DAG(s) dict_keys(['6-monitoring_2']) retrieved from /opt/airflow/dags/6.2-monitoring.py
[2022-11-09T14:50:16.790+0000] {logging_mixin.py:120} INFO - [2022-11-09T14:50:16.790+0000] {dag.py:2585} INFO - Sync 1 DAGs
[2022-11-09T14:50:16.878+0000] {processor.py:176} INFO - Processing /opt/airflow/dags/6.2-monitoring.py took 0.268 seconds
[2022-11-09T14:50:47.543+0000] {processor.py:154} INFO - Started process (PID=366) to work on /opt/airflow/dags/6.2-monitoring.py
[2022-11-09T14:50:47.549+0000] {processor.py:756} INFO - Processing file /opt/airflow/dags/6.2-monitoring.py for tasks to queue
[2022-11-09T14:50:47.552+0000] {logging_mixin.py:120} INFO - [2022-11-09T14:50:47.552+0000] {dagbag.py:537} INFO - Filling up the DagBag from /opt/airflow/dags/6.2-monitoring.py
[2022-11-09T14:50:47.612+0000] {processor.py:766} INFO - DAG(s) dict_keys(['6-monitoring_2']) retrieved from /opt/airflow/dags/6.2-monitoring.py
[2022-11-09T14:50:47.748+0000] {logging_mixin.py:120} INFO - [2022-11-09T14:50:47.748+0000] {dag.py:2585} INFO - Sync 1 DAGs
[2022-11-09T14:50:47.842+0000] {processor.py:176} INFO - Processing /opt/airflow/dags/6.2-monitoring.py took 0.303 seconds
[2022-11-09T14:51:18.143+0000] {processor.py:154} INFO - Started process (PID=403) to work on /opt/airflow/dags/6.2-monitoring.py
[2022-11-09T14:51:18.145+0000] {processor.py:756} INFO - Processing file /opt/airflow/dags/6.2-monitoring.py for tasks to queue
[2022-11-09T14:51:18.147+0000] {logging_mixin.py:120} INFO - [2022-11-09T14:51:18.147+0000] {dagbag.py:537} INFO - Filling up the DagBag from /opt/airflow/dags/6.2-monitoring.py
[2022-11-09T14:51:18.208+0000] {processor.py:766} INFO - DAG(s) dict_keys(['6-monitoring_2']) retrieved from /opt/airflow/dags/6.2-monitoring.py
[2022-11-09T14:51:18.273+0000] {logging_mixin.py:120} INFO - [2022-11-09T14:51:18.273+0000] {dag.py:2585} INFO - Sync 1 DAGs
[2022-11-09T14:51:18.357+0000] {processor.py:176} INFO - Processing /opt/airflow/dags/6.2-monitoring.py took 0.218 seconds
[2022-11-09T14:51:48.725+0000] {processor.py:154} INFO - Started process (PID=431) to work on /opt/airflow/dags/6.2-monitoring.py
[2022-11-09T14:51:48.726+0000] {processor.py:756} INFO - Processing file /opt/airflow/dags/6.2-monitoring.py for tasks to queue
[2022-11-09T14:51:48.727+0000] {logging_mixin.py:120} INFO - [2022-11-09T14:51:48.727+0000] {dagbag.py:537} INFO - Filling up the DagBag from /opt/airflow/dags/6.2-monitoring.py
[2022-11-09T14:51:48.758+0000] {processor.py:766} INFO - DAG(s) dict_keys(['6-monitoring_2']) retrieved from /opt/airflow/dags/6.2-monitoring.py
[2022-11-09T14:51:48.921+0000] {logging_mixin.py:120} INFO - [2022-11-09T14:51:48.920+0000] {dag.py:2585} INFO - Sync 1 DAGs
[2022-11-09T14:51:49.764+0000] {processor.py:176} INFO - Processing /opt/airflow/dags/6.2-monitoring.py took 1.042 seconds
[2022-11-09T14:52:19.892+0000] {processor.py:154} INFO - Started process (PID=459) to work on /opt/airflow/dags/6.2-monitoring.py
[2022-11-09T14:52:19.894+0000] {processor.py:756} INFO - Processing file /opt/airflow/dags/6.2-monitoring.py for tasks to queue
[2022-11-09T14:52:19.895+0000] {logging_mixin.py:120} INFO - [2022-11-09T14:52:19.895+0000] {dagbag.py:537} INFO - Filling up the DagBag from /opt/airflow/dags/6.2-monitoring.py
[2022-11-09T14:52:19.956+0000] {processor.py:766} INFO - DAG(s) dict_keys(['6-monitoring_2']) retrieved from /opt/airflow/dags/6.2-monitoring.py
[2022-11-09T14:52:20.005+0000] {logging_mixin.py:120} INFO - [2022-11-09T14:52:20.004+0000] {dag.py:2585} INFO - Sync 1 DAGs
[2022-11-09T14:52:20.069+0000] {processor.py:176} INFO - Processing /opt/airflow/dags/6.2-monitoring.py took 0.180 seconds
[2022-11-09T14:52:50.271+0000] {processor.py:154} INFO - Started process (PID=487) to work on /opt/airflow/dags/6.2-monitoring.py
[2022-11-09T14:52:50.272+0000] {processor.py:756} INFO - Processing file /opt/airflow/dags/6.2-monitoring.py for tasks to queue
[2022-11-09T14:52:50.273+0000] {logging_mixin.py:120} INFO - [2022-11-09T14:52:50.273+0000] {dagbag.py:537} INFO - Filling up the DagBag from /opt/airflow/dags/6.2-monitoring.py
[2022-11-09T14:52:50.373+0000] {processor.py:766} INFO - DAG(s) dict_keys(['6-monitoring_2']) retrieved from /opt/airflow/dags/6.2-monitoring.py
[2022-11-09T14:52:50.417+0000] {logging_mixin.py:120} INFO - [2022-11-09T14:52:50.417+0000] {dag.py:2585} INFO - Sync 1 DAGs
[2022-11-09T14:52:50.479+0000] {processor.py:176} INFO - Processing /opt/airflow/dags/6.2-monitoring.py took 0.211 seconds
[2022-11-09T14:53:20.673+0000] {processor.py:154} INFO - Started process (PID=524) to work on /opt/airflow/dags/6.2-monitoring.py
[2022-11-09T14:53:20.674+0000] {processor.py:756} INFO - Processing file /opt/airflow/dags/6.2-monitoring.py for tasks to queue
[2022-11-09T14:53:20.676+0000] {logging_mixin.py:120} INFO - [2022-11-09T14:53:20.676+0000] {dagbag.py:537} INFO - Filling up the DagBag from /opt/airflow/dags/6.2-monitoring.py
[2022-11-09T14:53:20.722+0000] {processor.py:766} INFO - DAG(s) dict_keys(['6-monitoring_2']) retrieved from /opt/airflow/dags/6.2-monitoring.py
[2022-11-09T14:53:20.783+0000] {logging_mixin.py:120} INFO - [2022-11-09T14:53:20.783+0000] {dag.py:2585} INFO - Sync 1 DAGs
[2022-11-09T14:53:20.978+0000] {processor.py:176} INFO - Processing /opt/airflow/dags/6.2-monitoring.py took 0.309 seconds
[2022-11-09T14:53:51.302+0000] {processor.py:154} INFO - Started process (PID=552) to work on /opt/airflow/dags/6.2-monitoring.py
[2022-11-09T14:53:51.303+0000] {processor.py:756} INFO - Processing file /opt/airflow/dags/6.2-monitoring.py for tasks to queue
[2022-11-09T14:53:51.304+0000] {logging_mixin.py:120} INFO - [2022-11-09T14:53:51.304+0000] {dagbag.py:537} INFO - Filling up the DagBag from /opt/airflow/dags/6.2-monitoring.py
[2022-11-09T14:53:51.333+0000] {processor.py:766} INFO - DAG(s) dict_keys(['6-monitoring_2']) retrieved from /opt/airflow/dags/6.2-monitoring.py
[2022-11-09T14:53:51.642+0000] {logging_mixin.py:120} INFO - [2022-11-09T14:53:51.642+0000] {dag.py:2585} INFO - Sync 1 DAGs
[2022-11-09T14:53:54.369+0000] {processor.py:176} INFO - Processing /opt/airflow/dags/6.2-monitoring.py took 3.069 seconds
[2022-11-09T14:54:25.071+0000] {processor.py:154} INFO - Started process (PID=589) to work on /opt/airflow/dags/6.2-monitoring.py
[2022-11-09T14:54:25.073+0000] {processor.py:756} INFO - Processing file /opt/airflow/dags/6.2-monitoring.py for tasks to queue
[2022-11-09T14:54:25.075+0000] {logging_mixin.py:120} INFO - [2022-11-09T14:54:25.074+0000] {dagbag.py:537} INFO - Filling up the DagBag from /opt/airflow/dags/6.2-monitoring.py
[2022-11-09T14:54:25.143+0000] {processor.py:766} INFO - DAG(s) dict_keys(['6-monitoring_2']) retrieved from /opt/airflow/dags/6.2-monitoring.py
[2022-11-09T14:54:25.214+0000] {logging_mixin.py:120} INFO - [2022-11-09T14:54:25.213+0000] {dag.py:2585} INFO - Sync 1 DAGs
[2022-11-09T14:54:25.315+0000] {processor.py:176} INFO - Processing /opt/airflow/dags/6.2-monitoring.py took 0.249 seconds
[2022-11-09T14:54:56.882+0000] {processor.py:154} INFO - Started process (PID=617) to work on /opt/airflow/dags/6.2-monitoring.py
[2022-11-09T14:54:56.884+0000] {processor.py:756} INFO - Processing file /opt/airflow/dags/6.2-monitoring.py for tasks to queue
[2022-11-09T14:54:56.887+0000] {logging_mixin.py:120} INFO - [2022-11-09T14:54:56.887+0000] {dagbag.py:537} INFO - Filling up the DagBag from /opt/airflow/dags/6.2-monitoring.py
[2022-11-09T14:54:57.598+0000] {processor.py:766} INFO - DAG(s) dict_keys(['6-monitoring_2']) retrieved from /opt/airflow/dags/6.2-monitoring.py
[2022-11-09T14:54:57.646+0000] {logging_mixin.py:120} INFO - [2022-11-09T14:54:57.646+0000] {dag.py:2585} INFO - Sync 1 DAGs
[2022-11-09T14:54:58.052+0000] {processor.py:176} INFO - Processing /opt/airflow/dags/6.2-monitoring.py took 1.174 seconds
[2022-11-09T14:55:30.402+0000] {processor.py:154} INFO - Started process (PID=636) to work on /opt/airflow/dags/6.2-monitoring.py
[2022-11-09T14:55:30.403+0000] {processor.py:756} INFO - Processing file /opt/airflow/dags/6.2-monitoring.py for tasks to queue
[2022-11-09T14:55:30.404+0000] {logging_mixin.py:120} INFO - [2022-11-09T14:55:30.404+0000] {dagbag.py:537} INFO - Filling up the DagBag from /opt/airflow/dags/6.2-monitoring.py
[2022-11-09T14:55:30.704+0000] {processor.py:766} INFO - DAG(s) dict_keys(['6-monitoring_2']) retrieved from /opt/airflow/dags/6.2-monitoring.py
[2022-11-09T14:55:30.745+0000] {logging_mixin.py:120} INFO - [2022-11-09T14:55:30.744+0000] {dag.py:2585} INFO - Sync 1 DAGs
[2022-11-09T14:55:31.938+0000] {processor.py:176} INFO - Processing /opt/airflow/dags/6.2-monitoring.py took 1.540 seconds
[2022-11-09T14:56:02.830+0000] {processor.py:154} INFO - Started process (PID=655) to work on /opt/airflow/dags/6.2-monitoring.py
[2022-11-09T14:56:02.831+0000] {processor.py:756} INFO - Processing file /opt/airflow/dags/6.2-monitoring.py for tasks to queue
[2022-11-09T14:56:02.833+0000] {logging_mixin.py:120} INFO - [2022-11-09T14:56:02.833+0000] {dagbag.py:537} INFO - Filling up the DagBag from /opt/airflow/dags/6.2-monitoring.py
[2022-11-09T14:56:02.868+0000] {processor.py:766} INFO - DAG(s) dict_keys(['6-monitoring_2']) retrieved from /opt/airflow/dags/6.2-monitoring.py
[2022-11-09T14:56:02.922+0000] {logging_mixin.py:120} INFO - [2022-11-09T14:56:02.922+0000] {dag.py:2585} INFO - Sync 1 DAGs
[2022-11-09T14:56:03.623+0000] {processor.py:176} INFO - Processing /opt/airflow/dags/6.2-monitoring.py took 0.795 seconds
[2022-11-09T14:56:40.317+0000] {processor.py:154} INFO - Started process (PID=682) to work on /opt/airflow/dags/6.2-monitoring.py
[2022-11-09T14:56:40.318+0000] {processor.py:756} INFO - Processing file /opt/airflow/dags/6.2-monitoring.py for tasks to queue
[2022-11-09T14:56:40.320+0000] {logging_mixin.py:120} INFO - [2022-11-09T14:56:40.320+0000] {dagbag.py:537} INFO - Filling up the DagBag from /opt/airflow/dags/6.2-monitoring.py
[2022-11-09T14:56:40.379+0000] {processor.py:766} INFO - DAG(s) dict_keys(['6-monitoring_2']) retrieved from /opt/airflow/dags/6.2-monitoring.py
[2022-11-09T14:56:40.451+0000] {logging_mixin.py:120} INFO - [2022-11-09T14:56:40.451+0000] {dag.py:2585} INFO - Sync 1 DAGs
[2022-11-09T14:56:40.551+0000] {processor.py:176} INFO - Processing /opt/airflow/dags/6.2-monitoring.py took 0.238 seconds
[2022-11-09T14:57:10.825+0000] {processor.py:154} INFO - Started process (PID=709) to work on /opt/airflow/dags/6.2-monitoring.py
[2022-11-09T14:57:10.827+0000] {processor.py:756} INFO - Processing file /opt/airflow/dags/6.2-monitoring.py for tasks to queue
[2022-11-09T14:57:10.829+0000] {logging_mixin.py:120} INFO - [2022-11-09T14:57:10.829+0000] {dagbag.py:537} INFO - Filling up the DagBag from /opt/airflow/dags/6.2-monitoring.py
[2022-11-09T14:57:10.879+0000] {processor.py:766} INFO - DAG(s) dict_keys(['6-monitoring_2']) retrieved from /opt/airflow/dags/6.2-monitoring.py
[2022-11-09T14:57:10.936+0000] {logging_mixin.py:120} INFO - [2022-11-09T14:57:10.936+0000] {dag.py:2585} INFO - Sync 1 DAGs
[2022-11-09T14:57:11.029+0000] {processor.py:176} INFO - Processing /opt/airflow/dags/6.2-monitoring.py took 0.210 seconds
[2022-11-09T14:57:41.266+0000] {processor.py:154} INFO - Started process (PID=736) to work on /opt/airflow/dags/6.2-monitoring.py
[2022-11-09T14:57:41.267+0000] {processor.py:756} INFO - Processing file /opt/airflow/dags/6.2-monitoring.py for tasks to queue
[2022-11-09T14:57:41.269+0000] {logging_mixin.py:120} INFO - [2022-11-09T14:57:41.269+0000] {dagbag.py:537} INFO - Filling up the DagBag from /opt/airflow/dags/6.2-monitoring.py
[2022-11-09T14:57:41.309+0000] {processor.py:766} INFO - DAG(s) dict_keys(['6-monitoring_2']) retrieved from /opt/airflow/dags/6.2-monitoring.py
[2022-11-09T14:57:41.349+0000] {logging_mixin.py:120} INFO - [2022-11-09T14:57:41.349+0000] {dag.py:2585} INFO - Sync 1 DAGs
[2022-11-09T14:57:41.552+0000] {processor.py:176} INFO - Processing /opt/airflow/dags/6.2-monitoring.py took 0.291 seconds
[2022-11-09T14:58:11.768+0000] {processor.py:154} INFO - Started process (PID=762) to work on /opt/airflow/dags/6.2-monitoring.py
[2022-11-09T14:58:11.770+0000] {processor.py:756} INFO - Processing file /opt/airflow/dags/6.2-monitoring.py for tasks to queue
[2022-11-09T14:58:11.772+0000] {logging_mixin.py:120} INFO - [2022-11-09T14:58:11.771+0000] {dagbag.py:537} INFO - Filling up the DagBag from /opt/airflow/dags/6.2-monitoring.py
[2022-11-09T14:58:11.823+0000] {processor.py:766} INFO - DAG(s) dict_keys(['6-monitoring_2']) retrieved from /opt/airflow/dags/6.2-monitoring.py
[2022-11-09T14:58:11.883+0000] {logging_mixin.py:120} INFO - [2022-11-09T14:58:11.882+0000] {dag.py:2585} INFO - Sync 1 DAGs
[2022-11-09T14:58:11.966+0000] {processor.py:176} INFO - Processing /opt/airflow/dags/6.2-monitoring.py took 0.204 seconds
[2022-11-09T14:58:42.730+0000] {processor.py:154} INFO - Started process (PID=799) to work on /opt/airflow/dags/6.2-monitoring.py
[2022-11-09T14:58:42.732+0000] {processor.py:756} INFO - Processing file /opt/airflow/dags/6.2-monitoring.py for tasks to queue
[2022-11-09T14:58:42.733+0000] {logging_mixin.py:120} INFO - [2022-11-09T14:58:42.733+0000] {dagbag.py:537} INFO - Filling up the DagBag from /opt/airflow/dags/6.2-monitoring.py
[2022-11-09T14:58:42.769+0000] {processor.py:766} INFO - DAG(s) dict_keys(['6-monitoring_2']) retrieved from /opt/airflow/dags/6.2-monitoring.py
[2022-11-09T14:58:42.813+0000] {logging_mixin.py:120} INFO - [2022-11-09T14:58:42.813+0000] {dag.py:2585} INFO - Sync 1 DAGs
[2022-11-09T14:58:43.378+0000] {processor.py:176} INFO - Processing /opt/airflow/dags/6.2-monitoring.py took 0.653 seconds
[2022-11-09T14:59:13.603+0000] {processor.py:154} INFO - Started process (PID=827) to work on /opt/airflow/dags/6.2-monitoring.py
[2022-11-09T14:59:13.605+0000] {processor.py:756} INFO - Processing file /opt/airflow/dags/6.2-monitoring.py for tasks to queue
[2022-11-09T14:59:13.607+0000] {logging_mixin.py:120} INFO - [2022-11-09T14:59:13.607+0000] {dagbag.py:537} INFO - Filling up the DagBag from /opt/airflow/dags/6.2-monitoring.py
[2022-11-09T14:59:13.653+0000] {processor.py:766} INFO - DAG(s) dict_keys(['6-monitoring_2']) retrieved from /opt/airflow/dags/6.2-monitoring.py
[2022-11-09T14:59:13.712+0000] {logging_mixin.py:120} INFO - [2022-11-09T14:59:13.712+0000] {dag.py:2585} INFO - Sync 1 DAGs
[2022-11-09T14:59:13.788+0000] {processor.py:176} INFO - Processing /opt/airflow/dags/6.2-monitoring.py took 0.189 seconds
[2022-11-09T14:59:44.341+0000] {processor.py:154} INFO - Started process (PID=859) to work on /opt/airflow/dags/6.2-monitoring.py
[2022-11-09T14:59:44.345+0000] {processor.py:756} INFO - Processing file /opt/airflow/dags/6.2-monitoring.py for tasks to queue
[2022-11-09T14:59:44.355+0000] {logging_mixin.py:120} INFO - [2022-11-09T14:59:44.355+0000] {dagbag.py:537} INFO - Filling up the DagBag from /opt/airflow/dags/6.2-monitoring.py
[2022-11-09T14:59:44.809+0000] {processor.py:766} INFO - DAG(s) dict_keys(['6-monitoring_2']) retrieved from /opt/airflow/dags/6.2-monitoring.py
[2022-11-09T14:59:45.038+0000] {logging_mixin.py:120} INFO - [2022-11-09T14:59:45.038+0000] {dag.py:2585} INFO - Sync 1 DAGs
[2022-11-09T14:59:45.247+0000] {processor.py:176} INFO - Processing /opt/airflow/dags/6.2-monitoring.py took 0.912 seconds
[2022-11-09T15:00:15.668+0000] {processor.py:154} INFO - Started process (PID=887) to work on /opt/airflow/dags/6.2-monitoring.py
[2022-11-09T15:00:15.677+0000] {processor.py:756} INFO - Processing file /opt/airflow/dags/6.2-monitoring.py for tasks to queue
[2022-11-09T15:00:15.678+0000] {logging_mixin.py:120} INFO - [2022-11-09T15:00:15.678+0000] {dagbag.py:537} INFO - Filling up the DagBag from /opt/airflow/dags/6.2-monitoring.py
[2022-11-09T15:00:15.789+0000] {processor.py:766} INFO - DAG(s) dict_keys(['6-monitoring_2']) retrieved from /opt/airflow/dags/6.2-monitoring.py
[2022-11-09T15:00:15.853+0000] {logging_mixin.py:120} INFO - [2022-11-09T15:00:15.853+0000] {dag.py:2585} INFO - Sync 1 DAGs
[2022-11-09T15:00:15.937+0000] {processor.py:176} INFO - Processing /opt/airflow/dags/6.2-monitoring.py took 0.273 seconds
[2022-11-09T15:00:46.232+0000] {processor.py:154} INFO - Started process (PID=924) to work on /opt/airflow/dags/6.2-monitoring.py
[2022-11-09T15:00:46.234+0000] {processor.py:756} INFO - Processing file /opt/airflow/dags/6.2-monitoring.py for tasks to queue
[2022-11-09T15:00:46.235+0000] {logging_mixin.py:120} INFO - [2022-11-09T15:00:46.235+0000] {dagbag.py:537} INFO - Filling up the DagBag from /opt/airflow/dags/6.2-monitoring.py
[2022-11-09T15:00:46.396+0000] {processor.py:766} INFO - DAG(s) dict_keys(['6-monitoring_2']) retrieved from /opt/airflow/dags/6.2-monitoring.py
[2022-11-09T15:00:46.436+0000] {logging_mixin.py:120} INFO - [2022-11-09T15:00:46.436+0000] {dag.py:2585} INFO - Sync 1 DAGs
[2022-11-09T15:00:46.985+0000] {processor.py:176} INFO - Processing /opt/airflow/dags/6.2-monitoring.py took 0.755 seconds
[2022-11-09T15:01:18.467+0000] {processor.py:154} INFO - Started process (PID=952) to work on /opt/airflow/dags/6.2-monitoring.py
[2022-11-09T15:01:18.695+0000] {processor.py:756} INFO - Processing file /opt/airflow/dags/6.2-monitoring.py for tasks to queue
[2022-11-09T15:01:19.154+0000] {logging_mixin.py:120} INFO - [2022-11-09T15:01:19.154+0000] {dagbag.py:537} INFO - Filling up the DagBag from /opt/airflow/dags/6.2-monitoring.py
[2022-11-09T15:01:20.088+0000] {processor.py:766} INFO - DAG(s) dict_keys(['6-monitoring_2']) retrieved from /opt/airflow/dags/6.2-monitoring.py
[2022-11-09T15:01:20.628+0000] {logging_mixin.py:120} INFO - [2022-11-09T15:01:20.627+0000] {dag.py:2585} INFO - Sync 1 DAGs
[2022-11-09T15:01:20.751+0000] {processor.py:176} INFO - Processing /opt/airflow/dags/6.2-monitoring.py took 3.010 seconds
[2022-11-09T15:01:51.251+0000] {processor.py:154} INFO - Started process (PID=980) to work on /opt/airflow/dags/6.2-monitoring.py
[2022-11-09T15:01:51.253+0000] {processor.py:756} INFO - Processing file /opt/airflow/dags/6.2-monitoring.py for tasks to queue
[2022-11-09T15:01:51.254+0000] {logging_mixin.py:120} INFO - [2022-11-09T15:01:51.254+0000] {dagbag.py:537} INFO - Filling up the DagBag from /opt/airflow/dags/6.2-monitoring.py
[2022-11-09T15:01:51.297+0000] {processor.py:766} INFO - DAG(s) dict_keys(['6-monitoring_2']) retrieved from /opt/airflow/dags/6.2-monitoring.py
[2022-11-09T15:01:51.343+0000] {logging_mixin.py:120} INFO - [2022-11-09T15:01:51.343+0000] {dag.py:2585} INFO - Sync 1 DAGs
[2022-11-09T15:01:51.447+0000] {processor.py:176} INFO - Processing /opt/airflow/dags/6.2-monitoring.py took 0.199 seconds
[2022-11-09T15:02:22.810+0000] {processor.py:154} INFO - Started process (PID=1016) to work on /opt/airflow/dags/6.2-monitoring.py
[2022-11-09T15:02:43.438+0000] {processor.py:756} INFO - Processing file /opt/airflow/dags/6.2-monitoring.py for tasks to queue
[2022-11-09T15:02:43.443+0000] {logging_mixin.py:120} INFO - [2022-11-09T15:02:43.443+0000] {dagbag.py:537} INFO - Filling up the DagBag from /opt/airflow/dags/6.2-monitoring.py
[2022-11-09T15:02:43.512+0000] {processor.py:766} INFO - DAG(s) dict_keys(['6-monitoring_2']) retrieved from /opt/airflow/dags/6.2-monitoring.py
[2022-11-09T15:02:43.593+0000] {logging_mixin.py:120} INFO - [2022-11-09T15:02:43.593+0000] {dag.py:2585} INFO - Sync 1 DAGs
[2022-11-09T15:02:43.689+0000] {processor.py:176} INFO - Processing /opt/airflow/dags/6.2-monitoring.py took 19.446 seconds
[2022-11-09T15:03:15.481+0000] {processor.py:154} INFO - Started process (PID=1046) to work on /opt/airflow/dags/6.2-monitoring.py
[2022-11-09T15:03:15.887+0000] {processor.py:756} INFO - Processing file /opt/airflow/dags/6.2-monitoring.py for tasks to queue
[2022-11-09T15:03:15.888+0000] {logging_mixin.py:120} INFO - [2022-11-09T15:03:15.888+0000] {dagbag.py:537} INFO - Filling up the DagBag from /opt/airflow/dags/6.2-monitoring.py
[2022-11-09T15:03:15.917+0000] {processor.py:766} INFO - DAG(s) dict_keys(['6-monitoring_2']) retrieved from /opt/airflow/dags/6.2-monitoring.py
[2022-11-09T15:03:16.714+0000] {logging_mixin.py:120} INFO - [2022-11-09T15:03:16.714+0000] {dag.py:2585} INFO - Sync 1 DAGs
[2022-11-09T15:03:18.704+0000] {processor.py:176} INFO - Processing /opt/airflow/dags/6.2-monitoring.py took 3.227 seconds
[2022-11-09T15:03:49.159+0000] {processor.py:154} INFO - Started process (PID=1075) to work on /opt/airflow/dags/6.2-monitoring.py
[2022-11-09T15:03:49.160+0000] {processor.py:756} INFO - Processing file /opt/airflow/dags/6.2-monitoring.py for tasks to queue
[2022-11-09T15:03:49.161+0000] {logging_mixin.py:120} INFO - [2022-11-09T15:03:49.161+0000] {dagbag.py:537} INFO - Filling up the DagBag from /opt/airflow/dags/6.2-monitoring.py
[2022-11-09T15:03:49.198+0000] {processor.py:766} INFO - DAG(s) dict_keys(['6-monitoring_2']) retrieved from /opt/airflow/dags/6.2-monitoring.py
[2022-11-09T15:03:49.245+0000] {logging_mixin.py:120} INFO - [2022-11-09T15:03:49.245+0000] {dag.py:2585} INFO - Sync 1 DAGs
[2022-11-09T15:03:49.300+0000] {processor.py:176} INFO - Processing /opt/airflow/dags/6.2-monitoring.py took 0.143 seconds
