[2022-11-17T15:46:23.656+0000] {taskinstance.py:1165} INFO - Dependencies all met for <TaskInstance: MyPersonalAirflowProject.nasa_verification_task scheduled__2022-10-14T00:00:00+00:00 [queued]>
[2022-11-17T15:46:23.669+0000] {taskinstance.py:1165} INFO - Dependencies all met for <TaskInstance: MyPersonalAirflowProject.nasa_verification_task scheduled__2022-10-14T00:00:00+00:00 [queued]>
[2022-11-17T15:46:23.669+0000] {taskinstance.py:1362} INFO - 
--------------------------------------------------------------------------------
[2022-11-17T15:46:23.671+0000] {taskinstance.py:1363} INFO - Starting attempt 2 of 2
[2022-11-17T15:46:23.671+0000] {taskinstance.py:1364} INFO - 
--------------------------------------------------------------------------------
[2022-11-17T15:46:23.687+0000] {taskinstance.py:1383} INFO - Executing <Task(BashOperator): nasa_verification_task> on 2022-10-14 00:00:00+00:00
[2022-11-17T15:46:23.692+0000] {standard_task_runner.py:55} INFO - Started process 347 to run task
[2022-11-17T15:46:23.696+0000] {standard_task_runner.py:82} INFO - Running: ['***', 'tasks', 'run', 'MyPersonalAirflowProject', 'nasa_verification_task', 'scheduled__2022-10-14T00:00:00+00:00', '--job-id', '1773', '--raw', '--subdir', 'DAGS_FOLDER/FinalPersonalProject.py', '--cfg-path', '/tmp/tmp22n8gv7z']
[2022-11-17T15:46:23.696+0000] {standard_task_runner.py:83} INFO - Job 1773: Subtask nasa_verification_task
[2022-11-17T15:46:23.756+0000] {task_command.py:376} INFO - Running <TaskInstance: MyPersonalAirflowProject.nasa_verification_task scheduled__2022-10-14T00:00:00+00:00 [running]> on host 638485efabe7
[2022-11-17T15:46:23.831+0000] {taskinstance.py:1592} INFO - Exporting the following env vars:
AIRFLOW_CTX_DAG_OWNER=***
AIRFLOW_CTX_DAG_ID=MyPersonalAirflowProject
AIRFLOW_CTX_TASK_ID=nasa_verification_task
AIRFLOW_CTX_EXECUTION_DATE=2022-10-14T00:00:00+00:00
AIRFLOW_CTX_TRY_NUMBER=2
AIRFLOW_CTX_DAG_RUN_ID=scheduled__2022-10-14T00:00:00+00:00
[2022-11-17T15:46:23.833+0000] {subprocess.py:63} INFO - Tmp dir root location: 
 /tmp
[2022-11-17T15:46:23.834+0000] {subprocess.py:75} INFO - Running command: ['/bin/bash', '-c', 'sleep 20 && echo "OK"> /tmp/reponse_20221014.txt']
[2022-11-17T15:46:23.846+0000] {subprocess.py:86} INFO - Output:
[2022-11-17T15:46:43.851+0000] {subprocess.py:97} INFO - Command exited with return code 0
[2022-11-17T15:46:43.884+0000] {taskinstance.py:1406} INFO - Marking task as SUCCESS. dag_id=MyPersonalAirflowProject, task_id=nasa_verification_task, execution_date=20221014T000000, start_date=20221117T154623, end_date=20221117T154643
[2022-11-17T15:46:43.933+0000] {local_task_job.py:164} INFO - Task exited with return code 0
[2022-11-17T15:46:43.976+0000] {local_task_job.py:273} INFO - 1 downstream tasks scheduled from follow-on schedule check
