[2022-11-17T16:00:51.906+0000] {taskinstance.py:1165} INFO - Dependencies all met for <TaskInstance: MyPersonalAirflowProject.end_task scheduled__2022-11-01T00:00:00+00:00 [queued]>
[2022-11-17T16:00:51.920+0000] {taskinstance.py:1165} INFO - Dependencies all met for <TaskInstance: MyPersonalAirflowProject.end_task scheduled__2022-11-01T00:00:00+00:00 [queued]>
[2022-11-17T16:00:51.921+0000] {taskinstance.py:1362} INFO - 
--------------------------------------------------------------------------------
[2022-11-17T16:00:51.922+0000] {taskinstance.py:1363} INFO - Starting attempt 2 of 2
[2022-11-17T16:00:51.923+0000] {taskinstance.py:1364} INFO - 
--------------------------------------------------------------------------------
[2022-11-17T16:00:51.941+0000] {taskinstance.py:1383} INFO - Executing <Task(BashOperator): end_task> on 2022-11-01 00:00:00+00:00
[2022-11-17T16:00:51.947+0000] {standard_task_runner.py:55} INFO - Started process 1495 to run task
[2022-11-17T16:00:51.950+0000] {standard_task_runner.py:82} INFO - Running: ['***', 'tasks', 'run', 'MyPersonalAirflowProject', 'end_task', 'scheduled__2022-11-01T00:00:00+00:00', '--job-id', '1930', '--raw', '--subdir', 'DAGS_FOLDER/FinalPersonalProject.py', '--cfg-path', '/tmp/tmp65gy4l8w']
[2022-11-17T16:00:51.950+0000] {standard_task_runner.py:83} INFO - Job 1930: Subtask end_task
[2022-11-17T16:00:52.020+0000] {task_command.py:376} INFO - Running <TaskInstance: MyPersonalAirflowProject.end_task scheduled__2022-11-01T00:00:00+00:00 [running]> on host 638485efabe7
[2022-11-17T16:00:52.093+0000] {taskinstance.py:1592} INFO - Exporting the following env vars:
AIRFLOW_CTX_DAG_OWNER=***
AIRFLOW_CTX_DAG_ID=MyPersonalAirflowProject
AIRFLOW_CTX_TASK_ID=end_task
AIRFLOW_CTX_EXECUTION_DATE=2022-11-01T00:00:00+00:00
AIRFLOW_CTX_TRY_NUMBER=2
AIRFLOW_CTX_DAG_RUN_ID=scheduled__2022-11-01T00:00:00+00:00
[2022-11-17T16:00:52.095+0000] {subprocess.py:63} INFO - Tmp dir root location: 
 /tmp
[2022-11-17T16:00:52.096+0000] {subprocess.py:75} INFO - Running command: ['/bin/bash', '-c', 'echo "The Verification file was created successfully"']
[2022-11-17T16:00:52.106+0000] {subprocess.py:86} INFO - Output:
[2022-11-17T16:00:52.108+0000] {subprocess.py:93} INFO - The Verification file was created successfully
[2022-11-17T16:00:52.109+0000] {subprocess.py:97} INFO - Command exited with return code 0
[2022-11-17T16:00:52.136+0000] {taskinstance.py:1406} INFO - Marking task as SUCCESS. dag_id=MyPersonalAirflowProject, task_id=end_task, execution_date=20221101T000000, start_date=20221117T160051, end_date=20221117T160052
[2022-11-17T16:00:52.162+0000] {local_task_job.py:164} INFO - Task exited with return code 0
[2022-11-17T16:00:52.286+0000] {local_task_job.py:273} INFO - 1 downstream tasks scheduled from follow-on schedule check
