[2022-11-09T17:13:52.354+0000] {taskinstance.py:1165} INFO - Dependencies all met for <TaskInstance: 7-filesensor_3.end_task scheduled__2022-06-18T00:00:00+00:00 [queued]>
[2022-11-09T17:13:52.375+0000] {taskinstance.py:1165} INFO - Dependencies all met for <TaskInstance: 7-filesensor_3.end_task scheduled__2022-06-18T00:00:00+00:00 [queued]>
[2022-11-09T17:13:52.376+0000] {taskinstance.py:1362} INFO - 
--------------------------------------------------------------------------------
[2022-11-09T17:13:52.378+0000] {taskinstance.py:1363} INFO - Starting attempt 1 of 1
[2022-11-09T17:13:52.379+0000] {taskinstance.py:1364} INFO - 
--------------------------------------------------------------------------------
[2022-11-09T17:13:52.407+0000] {taskinstance.py:1383} INFO - Executing <Task(BashOperator): end_task> on 2022-06-18 00:00:00+00:00
[2022-11-09T17:13:52.415+0000] {standard_task_runner.py:55} INFO - Started process 5215 to run task
[2022-11-09T17:13:52.419+0000] {standard_task_runner.py:82} INFO - Running: ['***', 'tasks', 'run', '7-filesensor_3', 'end_task', 'scheduled__2022-06-18T00:00:00+00:00', '--job-id', '925', '--raw', '--subdir', 'DAGS_FOLDER/7.3-filesensor.py', '--cfg-path', '/tmp/tmpbn6xrukf']
[2022-11-09T17:13:52.420+0000] {standard_task_runner.py:83} INFO - Job 925: Subtask end_task
[2022-11-09T17:13:52.514+0000] {task_command.py:376} INFO - Running <TaskInstance: 7-filesensor_3.end_task scheduled__2022-06-18T00:00:00+00:00 [running]> on host 638485efabe7
[2022-11-09T17:13:52.640+0000] {taskinstance.py:1592} INFO - Exporting the following env vars:
AIRFLOW_CTX_DAG_OWNER=***
AIRFLOW_CTX_DAG_ID=7-filesensor_3
AIRFLOW_CTX_TASK_ID=end_task
AIRFLOW_CTX_EXECUTION_DATE=2022-06-18T00:00:00+00:00
AIRFLOW_CTX_TRY_NUMBER=1
AIRFLOW_CTX_DAG_RUN_ID=scheduled__2022-06-18T00:00:00+00:00
[2022-11-09T17:13:52.642+0000] {subprocess.py:63} INFO - Tmp dir root location: 
 /tmp
[2022-11-09T17:13:52.644+0000] {subprocess.py:75} INFO - Running command: ['/bin/bash', '-c', 'echo "The file was created successfully"']
[2022-11-09T17:13:52.665+0000] {subprocess.py:86} INFO - Output:
[2022-11-09T17:13:52.667+0000] {subprocess.py:93} INFO - The file was created successfully
[2022-11-09T17:13:52.668+0000] {subprocess.py:97} INFO - Command exited with return code 0
[2022-11-09T17:13:52.712+0000] {taskinstance.py:1406} INFO - Marking task as SUCCESS. dag_id=7-filesensor_3, task_id=end_task, execution_date=20220618T000000, start_date=20221109T171352, end_date=20221109T171352
[2022-11-09T17:13:52.780+0000] {local_task_job.py:164} INFO - Task exited with return code 0
[2022-11-09T17:13:52.812+0000] {local_task_job.py:273} INFO - 0 downstream tasks scheduled from follow-on schedule check
