[2022-11-08T20:55:57.207+0000] {taskinstance.py:1165} INFO - Dependencies all met for <TaskInstance: 6-monitoring_2.task1 scheduled__2022-01-01T00:00:00+00:00 [queued]>
[2022-11-08T20:55:57.245+0000] {taskinstance.py:1165} INFO - Dependencies all met for <TaskInstance: 6-monitoring_2.task1 scheduled__2022-01-01T00:00:00+00:00 [queued]>
[2022-11-08T20:55:57.246+0000] {taskinstance.py:1362} INFO - 
--------------------------------------------------------------------------------
[2022-11-08T20:55:57.247+0000] {taskinstance.py:1363} INFO - Starting attempt 1 of 3
[2022-11-08T20:55:57.248+0000] {taskinstance.py:1364} INFO - 
--------------------------------------------------------------------------------
[2022-11-08T20:55:57.291+0000] {taskinstance.py:1383} INFO - Executing <Task(BashOperator): task1> on 2022-01-01 00:00:00+00:00
[2022-11-08T20:55:57.300+0000] {standard_task_runner.py:55} INFO - Started process 3925 to run task
[2022-11-08T20:55:57.307+0000] {standard_task_runner.py:82} INFO - Running: ['***', 'tasks', 'run', '6-monitoring_2', 'task1', 'scheduled__2022-01-01T00:00:00+00:00', '--job-id', '590', '--raw', '--subdir', 'DAGS_FOLDER/6.2-monitoring.py', '--cfg-path', '/tmp/tmp3ye3262h']
[2022-11-08T20:55:57.308+0000] {standard_task_runner.py:83} INFO - Job 590: Subtask task1
[2022-11-08T20:55:57.448+0000] {task_command.py:376} INFO - Running <TaskInstance: 6-monitoring_2.task1 scheduled__2022-01-01T00:00:00+00:00 [running]> on host 638485efabe7
[2022-11-08T20:55:57.636+0000] {taskinstance.py:1592} INFO - Exporting the following env vars:
AIRFLOW_CTX_DAG_OWNER=***
AIRFLOW_CTX_DAG_ID=6-monitoring_2
AIRFLOW_CTX_TASK_ID=task1
AIRFLOW_CTX_EXECUTION_DATE=2022-01-01T00:00:00+00:00
AIRFLOW_CTX_TRY_NUMBER=1
AIRFLOW_CTX_DAG_RUN_ID=scheduled__2022-01-01T00:00:00+00:00
[2022-11-08T20:55:57.645+0000] {subprocess.py:63} INFO - Tmp dir root location: 
 /tmp
[2022-11-08T20:55:57.651+0000] {subprocess.py:75} INFO - Running command: ['/bin/bash', '-c', "sleep 5 && echo 'task1'"]
[2022-11-08T20:55:57.677+0000] {subprocess.py:86} INFO - Output:
[2022-11-08T20:56:02.848+0000] {subprocess.py:93} INFO - task1
[2022-11-08T20:56:02.849+0000] {subprocess.py:97} INFO - Command exited with return code 0
[2022-11-08T20:56:02.903+0000] {taskinstance.py:1406} INFO - Marking task as SUCCESS. dag_id=6-monitoring_2, task_id=task1, execution_date=20220101T000000, start_date=20221108T205557, end_date=20221108T205602
[2022-11-08T20:56:03.001+0000] {local_task_job.py:164} INFO - Task exited with return code 0
[2022-11-08T20:56:03.048+0000] {local_task_job.py:273} INFO - 1 downstream tasks scheduled from follow-on schedule check
