[2022-11-04T17:17:31.018+0000] {taskinstance.py:1165} INFO - Dependencies all met for <TaskInstance: dependencias.Task2 scheduled__2022-11-01T00:00:00+00:00 [queued]>
[2022-11-04T17:17:31.043+0000] {taskinstance.py:1165} INFO - Dependencies all met for <TaskInstance: dependencias.Task2 scheduled__2022-11-01T00:00:00+00:00 [queued]>
[2022-11-04T17:17:31.044+0000] {taskinstance.py:1362} INFO - 
--------------------------------------------------------------------------------
[2022-11-04T17:17:31.045+0000] {taskinstance.py:1363} INFO - Starting attempt 1 of 1
[2022-11-04T17:17:31.047+0000] {taskinstance.py:1364} INFO - 
--------------------------------------------------------------------------------
[2022-11-04T17:17:31.078+0000] {taskinstance.py:1383} INFO - Executing <Task(BashOperator): Task2> on 2022-11-01 00:00:00+00:00
[2022-11-04T17:17:31.087+0000] {standard_task_runner.py:55} INFO - Started process 1514 to run task
[2022-11-04T17:17:31.090+0000] {standard_task_runner.py:82} INFO - Running: ['***', 'tasks', 'run', 'dependencias', 'Task2', 'scheduled__2022-11-01T00:00:00+00:00', '--job-id', '18', '--raw', '--subdir', 'DAGS_FOLDER/3-dependencias.py', '--cfg-path', '/tmp/tmp9as__7d1']
[2022-11-04T17:17:31.092+0000] {standard_task_runner.py:83} INFO - Job 18: Subtask Task2
[2022-11-04T17:17:31.318+0000] {task_command.py:376} INFO - Running <TaskInstance: dependencias.Task2 scheduled__2022-11-01T00:00:00+00:00 [running]> on host c7d12af55512
[2022-11-04T17:17:31.477+0000] {taskinstance.py:1592} INFO - Exporting the following env vars:
AIRFLOW_CTX_DAG_OWNER=***
AIRFLOW_CTX_DAG_ID=dependencias
AIRFLOW_CTX_TASK_ID=Task2
AIRFLOW_CTX_EXECUTION_DATE=2022-11-01T00:00:00+00:00
AIRFLOW_CTX_TRY_NUMBER=1
AIRFLOW_CTX_DAG_RUN_ID=scheduled__2022-11-01T00:00:00+00:00
[2022-11-04T17:17:31.489+0000] {subprocess.py:63} INFO - Tmp dir root location: 
 /tmp
[2022-11-04T17:17:31.493+0000] {subprocess.py:75} INFO - Running command: ['/bin/bash', '-c', "echo 'Task 2'"]
[2022-11-04T17:17:31.515+0000] {subprocess.py:86} INFO - Output:
[2022-11-04T17:17:31.536+0000] {subprocess.py:93} INFO - Task 2
[2022-11-04T17:17:31.537+0000] {subprocess.py:97} INFO - Command exited with return code 0
[2022-11-04T17:17:31.636+0000] {taskinstance.py:1406} INFO - Marking task as SUCCESS. dag_id=dependencias, task_id=Task2, execution_date=20221101T000000, start_date=20221104T171731, end_date=20221104T171731
[2022-11-04T17:17:31.747+0000] {local_task_job.py:164} INFO - Task exited with return code 0
[2022-11-04T17:17:31.825+0000] {local_task_job.py:273} INFO - 2 downstream tasks scheduled from follow-on schedule check
