[2022-11-04T21:07:04.749+0000] {taskinstance.py:1165} INFO - Dependencies all met for <TaskInstance: orquestation.task1 scheduled__2022-05-09T00:00:00+00:00 [queued]>
[2022-11-04T21:07:04.767+0000] {taskinstance.py:1165} INFO - Dependencies all met for <TaskInstance: orquestation.task1 scheduled__2022-05-09T00:00:00+00:00 [queued]>
[2022-11-04T21:07:04.768+0000] {taskinstance.py:1362} INFO - 
--------------------------------------------------------------------------------
[2022-11-04T21:07:04.768+0000] {taskinstance.py:1363} INFO - Starting attempt 1 of 1
[2022-11-04T21:07:04.771+0000] {taskinstance.py:1364} INFO - 
--------------------------------------------------------------------------------
[2022-11-04T21:07:04.790+0000] {taskinstance.py:1383} INFO - Executing <Task(BashOperator): task1> on 2022-05-09 00:00:00+00:00
[2022-11-04T21:07:04.797+0000] {standard_task_runner.py:55} INFO - Started process 323 to run task
[2022-11-04T21:07:04.802+0000] {standard_task_runner.py:82} INFO - Running: ['***', 'tasks', 'run', 'orquestation', 'task1', 'scheduled__2022-05-09T00:00:00+00:00', '--job-id', '82', '--raw', '--subdir', 'DAGS_FOLDER/5.1-orquestacion.py', '--cfg-path', '/tmp/tmp81j0_tqf']
[2022-11-04T21:07:04.803+0000] {standard_task_runner.py:83} INFO - Job 82: Subtask task1
[2022-11-04T21:07:04.880+0000] {task_command.py:376} INFO - Running <TaskInstance: orquestation.task1 scheduled__2022-05-09T00:00:00+00:00 [running]> on host 643e334f405f
[2022-11-04T21:07:04.993+0000] {taskinstance.py:1592} INFO - Exporting the following env vars:
AIRFLOW_CTX_DAG_OWNER=***
AIRFLOW_CTX_DAG_ID=orquestation
AIRFLOW_CTX_TASK_ID=task1
AIRFLOW_CTX_EXECUTION_DATE=2022-05-09T00:00:00+00:00
AIRFLOW_CTX_TRY_NUMBER=1
AIRFLOW_CTX_DAG_RUN_ID=scheduled__2022-05-09T00:00:00+00:00
[2022-11-04T21:07:04.998+0000] {subprocess.py:63} INFO - Tmp dir root location: 
 /tmp
[2022-11-04T21:07:05.002+0000] {subprocess.py:75} INFO - Running command: ['/bin/bash', '-c', "sleep 2 && echo 'task1'"]
[2022-11-04T21:07:05.032+0000] {subprocess.py:86} INFO - Output:
[2022-11-04T21:07:07.042+0000] {subprocess.py:93} INFO - task1
[2022-11-04T21:07:07.043+0000] {subprocess.py:97} INFO - Command exited with return code 0
[2022-11-04T21:07:07.121+0000] {taskinstance.py:1406} INFO - Marking task as SUCCESS. dag_id=orquestation, task_id=task1, execution_date=20220509T000000, start_date=20221104T210704, end_date=20221104T210707
[2022-11-04T21:07:07.189+0000] {local_task_job.py:164} INFO - Task exited with return code 0
[2022-11-04T21:07:07.284+0000] {local_task_job.py:273} INFO - 1 downstream tasks scheduled from follow-on schedule check
[2022-11-04T21:32:14.901+0000] {taskinstance.py:1165} INFO - Dependencies all met for <TaskInstance: orquestation.task1 scheduled__2022-05-09T00:00:00+00:00 [queued]>
[2022-11-04T21:32:14.929+0000] {taskinstance.py:1165} INFO - Dependencies all met for <TaskInstance: orquestation.task1 scheduled__2022-05-09T00:00:00+00:00 [queued]>
[2022-11-04T21:32:14.930+0000] {taskinstance.py:1362} INFO - 
--------------------------------------------------------------------------------
[2022-11-04T21:32:14.931+0000] {taskinstance.py:1363} INFO - Starting attempt 1 of 1
[2022-11-04T21:32:14.932+0000] {taskinstance.py:1364} INFO - 
--------------------------------------------------------------------------------
[2022-11-04T21:32:14.966+0000] {taskinstance.py:1383} INFO - Executing <Task(BashOperator): task1> on 2022-05-09 00:00:00+00:00
[2022-11-04T21:32:14.978+0000] {standard_task_runner.py:55} INFO - Started process 770 to run task
[2022-11-04T21:32:14.985+0000] {standard_task_runner.py:82} INFO - Running: ['***', 'tasks', 'run', 'orquestation', 'task1', 'scheduled__2022-05-09T00:00:00+00:00', '--job-id', '137', '--raw', '--subdir', 'DAGS_FOLDER/5.1-orquestacion.py', '--cfg-path', '/tmp/tmp_ul1t9h8']
[2022-11-04T21:32:14.987+0000] {standard_task_runner.py:83} INFO - Job 137: Subtask task1
[2022-11-04T21:32:15.106+0000] {task_command.py:376} INFO - Running <TaskInstance: orquestation.task1 scheduled__2022-05-09T00:00:00+00:00 [running]> on host 643e334f405f
[2022-11-04T21:32:15.228+0000] {taskinstance.py:1592} INFO - Exporting the following env vars:
AIRFLOW_CTX_DAG_OWNER=***
AIRFLOW_CTX_DAG_ID=orquestation
AIRFLOW_CTX_TASK_ID=task1
AIRFLOW_CTX_EXECUTION_DATE=2022-05-09T00:00:00+00:00
AIRFLOW_CTX_TRY_NUMBER=1
AIRFLOW_CTX_DAG_RUN_ID=scheduled__2022-05-09T00:00:00+00:00
[2022-11-04T21:32:15.231+0000] {subprocess.py:63} INFO - Tmp dir root location: 
 /tmp
[2022-11-04T21:32:15.232+0000] {subprocess.py:75} INFO - Running command: ['/bin/bash', '-c', "sleep 2 && echo 'task1'"]
[2022-11-04T21:32:15.266+0000] {subprocess.py:86} INFO - Output:
[2022-11-04T21:32:17.274+0000] {subprocess.py:93} INFO - task1
[2022-11-04T21:32:17.275+0000] {subprocess.py:97} INFO - Command exited with return code 0
[2022-11-04T21:32:17.312+0000] {taskinstance.py:1406} INFO - Marking task as SUCCESS. dag_id=orquestation, task_id=task1, execution_date=20220509T000000, start_date=20221104T213214, end_date=20221104T213217
[2022-11-04T21:32:17.364+0000] {local_task_job.py:164} INFO - Task exited with return code 0
[2022-11-04T21:32:17.425+0000] {local_task_job.py:273} INFO - 1 downstream tasks scheduled from follow-on schedule check
[2022-11-04T21:41:31.394+0000] {taskinstance.py:1165} INFO - Dependencies all met for <TaskInstance: orquestation.task1 scheduled__2022-05-09T00:00:00+00:00 [queued]>
[2022-11-04T21:41:31.410+0000] {taskinstance.py:1165} INFO - Dependencies all met for <TaskInstance: orquestation.task1 scheduled__2022-05-09T00:00:00+00:00 [queued]>
[2022-11-04T21:41:31.410+0000] {taskinstance.py:1362} INFO - 
--------------------------------------------------------------------------------
[2022-11-04T21:41:31.411+0000] {taskinstance.py:1363} INFO - Starting attempt 1 of 1
[2022-11-04T21:41:31.411+0000] {taskinstance.py:1364} INFO - 
--------------------------------------------------------------------------------
[2022-11-04T21:41:31.428+0000] {taskinstance.py:1383} INFO - Executing <Task(BashOperator): task1> on 2022-05-09 00:00:00+00:00
[2022-11-04T21:41:31.434+0000] {standard_task_runner.py:55} INFO - Started process 1786 to run task
[2022-11-04T21:41:31.437+0000] {standard_task_runner.py:82} INFO - Running: ['***', 'tasks', 'run', 'orquestation', 'task1', 'scheduled__2022-05-09T00:00:00+00:00', '--job-id', '287', '--raw', '--subdir', 'DAGS_FOLDER/5.1-orquestacion.py', '--cfg-path', '/tmp/tmptumc9vy7']
[2022-11-04T21:41:31.438+0000] {standard_task_runner.py:83} INFO - Job 287: Subtask task1
[2022-11-04T21:41:31.500+0000] {task_command.py:376} INFO - Running <TaskInstance: orquestation.task1 scheduled__2022-05-09T00:00:00+00:00 [running]> on host 643e334f405f
[2022-11-04T21:41:31.575+0000] {taskinstance.py:1592} INFO - Exporting the following env vars:
AIRFLOW_CTX_DAG_OWNER=***
AIRFLOW_CTX_DAG_ID=orquestation
AIRFLOW_CTX_TASK_ID=task1
AIRFLOW_CTX_EXECUTION_DATE=2022-05-09T00:00:00+00:00
AIRFLOW_CTX_TRY_NUMBER=1
AIRFLOW_CTX_DAG_RUN_ID=scheduled__2022-05-09T00:00:00+00:00
[2022-11-04T21:41:31.576+0000] {subprocess.py:63} INFO - Tmp dir root location: 
 /tmp
[2022-11-04T21:41:31.577+0000] {subprocess.py:75} INFO - Running command: ['/bin/bash', '-c', "sleep 2 && echo 'task1'"]
[2022-11-04T21:41:31.589+0000] {subprocess.py:86} INFO - Output:
[2022-11-04T21:41:33.592+0000] {subprocess.py:93} INFO - task1
[2022-11-04T21:41:33.593+0000] {subprocess.py:97} INFO - Command exited with return code 0
[2022-11-04T21:41:33.619+0000] {taskinstance.py:1406} INFO - Marking task as SUCCESS. dag_id=orquestation, task_id=task1, execution_date=20220509T000000, start_date=20221104T214131, end_date=20221104T214133
[2022-11-04T21:41:33.657+0000] {local_task_job.py:164} INFO - Task exited with return code 0
[2022-11-04T21:41:33.700+0000] {local_task_job.py:273} INFO - 1 downstream tasks scheduled from follow-on schedule check
