[2022-11-17T16:28:33.851+0000] {taskinstance.py:1165} INFO - Dependencies all met for <TaskInstance: MyPersonalAirflowProject.Data_Team_Notification scheduled__2022-10-09T00:00:00+00:00 [queued]>
[2022-11-17T16:28:33.868+0000] {taskinstance.py:1165} INFO - Dependencies all met for <TaskInstance: MyPersonalAirflowProject.Data_Team_Notification scheduled__2022-10-09T00:00:00+00:00 [queued]>
[2022-11-17T16:28:33.869+0000] {taskinstance.py:1362} INFO - 
--------------------------------------------------------------------------------
[2022-11-17T16:28:33.870+0000] {taskinstance.py:1363} INFO - Starting attempt 1 of 1
[2022-11-17T16:28:33.871+0000] {taskinstance.py:1364} INFO - 
--------------------------------------------------------------------------------
[2022-11-17T16:28:33.890+0000] {taskinstance.py:1383} INFO - Executing <Task(NotifyOperator): Data_Team_Notification> on 2022-10-09 00:00:00+00:00
[2022-11-17T16:28:33.899+0000] {standard_task_runner.py:55} INFO - Started process 3316 to run task
[2022-11-17T16:28:33.902+0000] {standard_task_runner.py:82} INFO - Running: ['***', 'tasks', 'run', 'MyPersonalAirflowProject', 'Data_Team_Notification', 'scheduled__2022-10-09T00:00:00+00:00', '--job-id', '2095', '--raw', '--subdir', 'DAGS_FOLDER/FinalPersonalProject.py', '--cfg-path', '/tmp/tmpihoe8uy9']
[2022-11-17T16:28:33.902+0000] {standard_task_runner.py:83} INFO - Job 2095: Subtask Data_Team_Notification
[2022-11-17T16:28:33.981+0000] {task_command.py:376} INFO - Running <TaskInstance: MyPersonalAirflowProject.Data_Team_Notification scheduled__2022-10-09T00:00:00+00:00 [running]> on host 638485efabe7
[2022-11-17T16:28:34.059+0000] {taskinstance.py:1592} INFO - Exporting the following env vars:
AIRFLOW_CTX_DAG_OWNER=***
AIRFLOW_CTX_DAG_ID=MyPersonalAirflowProject
AIRFLOW_CTX_TASK_ID=Data_Team_Notification
AIRFLOW_CTX_EXECUTION_DATE=2022-10-09T00:00:00+00:00
AIRFLOW_CTX_TRY_NUMBER=1
AIRFLOW_CTX_DAG_RUN_ID=scheduled__2022-10-09T00:00:00+00:00
[2022-11-17T16:28:34.060+0000] {logging_mixin.py:120} INFO - Hi Data team, Space X data for {ds} are now available!.. Please check them out!
[2022-11-17T16:28:34.070+0000] {taskinstance.py:1406} INFO - Marking task as SUCCESS. dag_id=MyPersonalAirflowProject, task_id=Data_Team_Notification, execution_date=20221009T000000, start_date=20221117T162833, end_date=20221117T162834
[2022-11-17T16:28:34.116+0000] {local_task_job.py:164} INFO - Task exited with return code 0
[2022-11-17T16:28:34.138+0000] {local_task_job.py:273} INFO - 0 downstream tasks scheduled from follow-on schedule check
[2022-11-17T17:20:40.791+0000] {taskinstance.py:1165} INFO - Dependencies all met for <TaskInstance: MyPersonalAirflowProject.Data_Team_Notification scheduled__2022-10-09T00:00:00+00:00 [queued]>
[2022-11-17T17:20:40.806+0000] {taskinstance.py:1165} INFO - Dependencies all met for <TaskInstance: MyPersonalAirflowProject.Data_Team_Notification scheduled__2022-10-09T00:00:00+00:00 [queued]>
[2022-11-17T17:20:40.806+0000] {taskinstance.py:1362} INFO - 
--------------------------------------------------------------------------------
[2022-11-17T17:20:40.807+0000] {taskinstance.py:1363} INFO - Starting attempt 1 of 1
[2022-11-17T17:20:40.807+0000] {taskinstance.py:1364} INFO - 
--------------------------------------------------------------------------------
[2022-11-17T17:20:40.835+0000] {taskinstance.py:1383} INFO - Executing <Task(NotifyOperator): Data_Team_Notification> on 2022-10-09 00:00:00+00:00
[2022-11-17T17:20:40.841+0000] {standard_task_runner.py:55} INFO - Started process 6950 to run task
[2022-11-17T17:20:40.843+0000] {standard_task_runner.py:82} INFO - Running: ['***', 'tasks', 'run', 'MyPersonalAirflowProject', 'Data_Team_Notification', 'scheduled__2022-10-09T00:00:00+00:00', '--job-id', '2505', '--raw', '--subdir', 'DAGS_FOLDER/FinalPersonalProject.py', '--cfg-path', '/tmp/tmpuyhz0545']
[2022-11-17T17:20:40.844+0000] {standard_task_runner.py:83} INFO - Job 2505: Subtask Data_Team_Notification
[2022-11-17T17:20:40.915+0000] {task_command.py:376} INFO - Running <TaskInstance: MyPersonalAirflowProject.Data_Team_Notification scheduled__2022-10-09T00:00:00+00:00 [running]> on host 638485efabe7
[2022-11-17T17:20:41.075+0000] {taskinstance.py:1592} INFO - Exporting the following env vars:
AIRFLOW_CTX_DAG_OWNER=***
AIRFLOW_CTX_DAG_ID=MyPersonalAirflowProject
AIRFLOW_CTX_TASK_ID=Data_Team_Notification
AIRFLOW_CTX_EXECUTION_DATE=2022-10-09T00:00:00+00:00
AIRFLOW_CTX_TRY_NUMBER=1
AIRFLOW_CTX_DAG_RUN_ID=scheduled__2022-10-09T00:00:00+00:00
[2022-11-17T17:20:41.076+0000] {logging_mixin.py:120} INFO - Hi Data team, Space X data for 2022-11-17  are now available!.. Please check them out!
[2022-11-17T17:20:41.090+0000] {taskinstance.py:1406} INFO - Marking task as SUCCESS. dag_id=MyPersonalAirflowProject, task_id=Data_Team_Notification, execution_date=20221009T000000, start_date=20221117T172040, end_date=20221117T172041
[2022-11-17T17:20:41.137+0000] {local_task_job.py:164} INFO - Task exited with return code 0
[2022-11-17T17:20:41.161+0000] {local_task_job.py:273} INFO - 0 downstream tasks scheduled from follow-on schedule check
