[2022-11-03T22:06:03.607+0000] {processor.py:154} INFO - Started process (PID=4009) to work on /opt/airflow/dags/1-bashoperator.py
[2022-11-03T22:06:03.608+0000] {processor.py:756} INFO - Processing file /opt/airflow/dags/1-bashoperator.py for tasks to queue
[2022-11-03T22:06:03.609+0000] {logging_mixin.py:120} INFO - [2022-11-03T22:06:03.609+0000] {dagbag.py:537} INFO - Filling up the DagBag from /opt/airflow/dags/1-bashoperator.py
[2022-11-03T22:06:03.754+0000] {logging_mixin.py:120} INFO - [2022-11-03T22:06:03.746+0000] {dagbag.py:342} ERROR - Failed to import: /opt/airflow/dags/1-bashoperator.py
Traceback (most recent call last):
  File "/home/airflow/.local/lib/python3.7/site-packages/airflow/models/dagbag.py", line 338, in parse
    loader.exec_module(new_module)
  File "<frozen importlib._bootstrap_external>", line 728, in exec_module
  File "<frozen importlib._bootstrap>", line 219, in _call_with_frames_removed
  File "/opt/airflow/dags/1-bashoperator.py", line 4, in <module>
    with DAG(dag="bashoperator",
NameError: name 'DAG' is not defined
[2022-11-03T22:06:03.758+0000] {processor.py:768} WARNING - No viable dags retrieved from /opt/airflow/dags/1-bashoperator.py
[2022-11-03T22:06:03.880+0000] {processor.py:176} INFO - Processing /opt/airflow/dags/1-bashoperator.py took 0.276 seconds
[2022-11-03T22:06:34.271+0000] {processor.py:154} INFO - Started process (PID=4029) to work on /opt/airflow/dags/1-bashoperator.py
[2022-11-03T22:06:34.272+0000] {processor.py:756} INFO - Processing file /opt/airflow/dags/1-bashoperator.py for tasks to queue
[2022-11-03T22:06:34.273+0000] {logging_mixin.py:120} INFO - [2022-11-03T22:06:34.273+0000] {dagbag.py:537} INFO - Filling up the DagBag from /opt/airflow/dags/1-bashoperator.py
[2022-11-03T22:06:34.294+0000] {logging_mixin.py:120} INFO - [2022-11-03T22:06:34.289+0000] {dagbag.py:342} ERROR - Failed to import: /opt/airflow/dags/1-bashoperator.py
Traceback (most recent call last):
  File "/home/airflow/.local/lib/python3.7/site-packages/airflow/models/dagbag.py", line 338, in parse
    loader.exec_module(new_module)
  File "<frozen importlib._bootstrap_external>", line 728, in exec_module
  File "<frozen importlib._bootstrap>", line 219, in _call_with_frames_removed
  File "/opt/airflow/dags/1-bashoperator.py", line 4, in <module>
    with DAG(dag="bashoperator",
NameError: name 'DAG' is not defined
[2022-11-03T22:06:34.296+0000] {processor.py:768} WARNING - No viable dags retrieved from /opt/airflow/dags/1-bashoperator.py
[2022-11-03T22:06:34.317+0000] {processor.py:176} INFO - Processing /opt/airflow/dags/1-bashoperator.py took 0.049 seconds
[2022-11-03T22:07:04.555+0000] {processor.py:154} INFO - Started process (PID=4058) to work on /opt/airflow/dags/1-bashoperator.py
[2022-11-03T22:07:04.556+0000] {processor.py:756} INFO - Processing file /opt/airflow/dags/1-bashoperator.py for tasks to queue
[2022-11-03T22:07:04.558+0000] {logging_mixin.py:120} INFO - [2022-11-03T22:07:04.557+0000] {dagbag.py:537} INFO - Filling up the DagBag from /opt/airflow/dags/1-bashoperator.py
[2022-11-03T22:07:04.576+0000] {logging_mixin.py:120} INFO - [2022-11-03T22:07:04.571+0000] {dagbag.py:342} ERROR - Failed to import: /opt/airflow/dags/1-bashoperator.py
Traceback (most recent call last):
  File "/home/airflow/.local/lib/python3.7/site-packages/airflow/models/dagbag.py", line 338, in parse
    loader.exec_module(new_module)
  File "<frozen importlib._bootstrap_external>", line 728, in exec_module
  File "<frozen importlib._bootstrap>", line 219, in _call_with_frames_removed
  File "/opt/airflow/dags/1-bashoperator.py", line 4, in <module>
    with DAG(dag="bashoperator",
NameError: name 'DAG' is not defined
[2022-11-03T22:07:04.578+0000] {processor.py:768} WARNING - No viable dags retrieved from /opt/airflow/dags/1-bashoperator.py
[2022-11-03T22:07:04.597+0000] {processor.py:176} INFO - Processing /opt/airflow/dags/1-bashoperator.py took 0.045 seconds
[2022-11-03T22:07:34.832+0000] {processor.py:154} INFO - Started process (PID=4087) to work on /opt/airflow/dags/1-bashoperator.py
[2022-11-03T22:07:34.833+0000] {processor.py:756} INFO - Processing file /opt/airflow/dags/1-bashoperator.py for tasks to queue
[2022-11-03T22:07:34.834+0000] {logging_mixin.py:120} INFO - [2022-11-03T22:07:34.834+0000] {dagbag.py:537} INFO - Filling up the DagBag from /opt/airflow/dags/1-bashoperator.py
[2022-11-03T22:07:34.851+0000] {logging_mixin.py:120} INFO - [2022-11-03T22:07:34.846+0000] {dagbag.py:342} ERROR - Failed to import: /opt/airflow/dags/1-bashoperator.py
Traceback (most recent call last):
  File "/home/airflow/.local/lib/python3.7/site-packages/airflow/models/dagbag.py", line 338, in parse
    loader.exec_module(new_module)
  File "<frozen importlib._bootstrap_external>", line 728, in exec_module
  File "<frozen importlib._bootstrap>", line 219, in _call_with_frames_removed
  File "/opt/airflow/dags/1-bashoperator.py", line 4, in <module>
    with DAG(dag="bashoperator",
NameError: name 'DAG' is not defined
[2022-11-03T22:07:34.852+0000] {processor.py:768} WARNING - No viable dags retrieved from /opt/airflow/dags/1-bashoperator.py
[2022-11-03T22:07:34.872+0000] {processor.py:176} INFO - Processing /opt/airflow/dags/1-bashoperator.py took 0.043 seconds
[2022-11-03T22:07:35.844+0000] {processor.py:154} INFO - Started process (PID=4088) to work on /opt/airflow/dags/1-bashoperator.py
[2022-11-03T22:07:35.845+0000] {processor.py:756} INFO - Processing file /opt/airflow/dags/1-bashoperator.py for tasks to queue
[2022-11-03T22:07:35.846+0000] {logging_mixin.py:120} INFO - [2022-11-03T22:07:35.846+0000] {dagbag.py:537} INFO - Filling up the DagBag from /opt/airflow/dags/1-bashoperator.py
[2022-11-03T22:07:35.894+0000] {logging_mixin.py:120} INFO - [2022-11-03T22:07:35.888+0000] {dagbag.py:342} ERROR - Failed to import: /opt/airflow/dags/1-bashoperator.py
Traceback (most recent call last):
  File "/home/airflow/.local/lib/python3.7/site-packages/airflow/models/dagbag.py", line 338, in parse
    loader.exec_module(new_module)
  File "<frozen importlib._bootstrap_external>", line 728, in exec_module
  File "<frozen importlib._bootstrap>", line 219, in _call_with_frames_removed
  File "/opt/airflow/dags/1-bashoperator.py", line 10, in <module>
    start_date=datetime(2022, 12, 1)
TypeError: 'module' object is not callable
[2022-11-03T22:07:35.896+0000] {processor.py:768} WARNING - No viable dags retrieved from /opt/airflow/dags/1-bashoperator.py
[2022-11-03T22:07:35.917+0000] {processor.py:176} INFO - Processing /opt/airflow/dags/1-bashoperator.py took 0.075 seconds
[2022-11-03T22:08:06.209+0000] {processor.py:154} INFO - Started process (PID=4108) to work on /opt/airflow/dags/1-bashoperator.py
[2022-11-03T22:08:06.211+0000] {processor.py:756} INFO - Processing file /opt/airflow/dags/1-bashoperator.py for tasks to queue
[2022-11-03T22:08:06.211+0000] {logging_mixin.py:120} INFO - [2022-11-03T22:08:06.211+0000] {dagbag.py:537} INFO - Filling up the DagBag from /opt/airflow/dags/1-bashoperator.py
[2022-11-03T22:08:06.233+0000] {logging_mixin.py:120} INFO - [2022-11-03T22:08:06.225+0000] {dagbag.py:342} ERROR - Failed to import: /opt/airflow/dags/1-bashoperator.py
Traceback (most recent call last):
  File "/home/airflow/.local/lib/python3.7/site-packages/airflow/models/dagbag.py", line 338, in parse
    loader.exec_module(new_module)
  File "<frozen importlib._bootstrap_external>", line 728, in exec_module
  File "<frozen importlib._bootstrap>", line 219, in _call_with_frames_removed
  File "/opt/airflow/dags/1-bashoperator.py", line 10, in <module>
    start_date=datetime(2022, 12, 1)
TypeError: 'module' object is not callable
[2022-11-03T22:08:06.237+0000] {processor.py:768} WARNING - No viable dags retrieved from /opt/airflow/dags/1-bashoperator.py
[2022-11-03T22:08:06.262+0000] {processor.py:176} INFO - Processing /opt/airflow/dags/1-bashoperator.py took 0.055 seconds
[2022-11-03T22:08:36.496+0000] {processor.py:154} INFO - Started process (PID=4137) to work on /opt/airflow/dags/1-bashoperator.py
[2022-11-03T22:08:36.497+0000] {processor.py:756} INFO - Processing file /opt/airflow/dags/1-bashoperator.py for tasks to queue
[2022-11-03T22:08:36.498+0000] {logging_mixin.py:120} INFO - [2022-11-03T22:08:36.498+0000] {dagbag.py:537} INFO - Filling up the DagBag from /opt/airflow/dags/1-bashoperator.py
[2022-11-03T22:08:36.520+0000] {logging_mixin.py:120} INFO - [2022-11-03T22:08:36.515+0000] {dagbag.py:342} ERROR - Failed to import: /opt/airflow/dags/1-bashoperator.py
Traceback (most recent call last):
  File "/home/airflow/.local/lib/python3.7/site-packages/airflow/models/dagbag.py", line 338, in parse
    loader.exec_module(new_module)
  File "<frozen importlib._bootstrap_external>", line 728, in exec_module
  File "<frozen importlib._bootstrap>", line 219, in _call_with_frames_removed
  File "/opt/airflow/dags/1-bashoperator.py", line 10, in <module>
    start_date=datetime(2022, 12, 1)
TypeError: 'module' object is not callable
[2022-11-03T22:08:36.522+0000] {processor.py:768} WARNING - No viable dags retrieved from /opt/airflow/dags/1-bashoperator.py
[2022-11-03T22:08:36.547+0000] {processor.py:176} INFO - Processing /opt/airflow/dags/1-bashoperator.py took 0.054 seconds
[2022-11-03T22:09:06.781+0000] {processor.py:154} INFO - Started process (PID=4166) to work on /opt/airflow/dags/1-bashoperator.py
[2022-11-03T22:09:06.782+0000] {processor.py:756} INFO - Processing file /opt/airflow/dags/1-bashoperator.py for tasks to queue
[2022-11-03T22:09:06.783+0000] {logging_mixin.py:120} INFO - [2022-11-03T22:09:06.783+0000] {dagbag.py:537} INFO - Filling up the DagBag from /opt/airflow/dags/1-bashoperator.py
[2022-11-03T22:09:06.804+0000] {logging_mixin.py:120} INFO - [2022-11-03T22:09:06.799+0000] {dagbag.py:342} ERROR - Failed to import: /opt/airflow/dags/1-bashoperator.py
Traceback (most recent call last):
  File "/home/airflow/.local/lib/python3.7/site-packages/airflow/models/dagbag.py", line 338, in parse
    loader.exec_module(new_module)
  File "<frozen importlib._bootstrap_external>", line 728, in exec_module
  File "<frozen importlib._bootstrap>", line 219, in _call_with_frames_removed
  File "/opt/airflow/dags/1-bashoperator.py", line 10, in <module>
    start_date=datetime(2022, 12, 1)
TypeError: 'module' object is not callable
[2022-11-03T22:09:06.805+0000] {processor.py:768} WARNING - No viable dags retrieved from /opt/airflow/dags/1-bashoperator.py
[2022-11-03T22:09:06.826+0000] {processor.py:176} INFO - Processing /opt/airflow/dags/1-bashoperator.py took 0.047 seconds
[2022-11-03T22:09:26.985+0000] {processor.py:154} INFO - Started process (PID=4185) to work on /opt/airflow/dags/1-bashoperator.py
[2022-11-03T22:09:26.986+0000] {processor.py:756} INFO - Processing file /opt/airflow/dags/1-bashoperator.py for tasks to queue
[2022-11-03T22:09:26.988+0000] {logging_mixin.py:120} INFO - [2022-11-03T22:09:26.987+0000] {dagbag.py:537} INFO - Filling up the DagBag from /opt/airflow/dags/1-bashoperator.py
[2022-11-03T22:09:27.020+0000] {logging_mixin.py:120} INFO - [2022-11-03T22:09:27.015+0000] {dagbag.py:342} ERROR - Failed to import: /opt/airflow/dags/1-bashoperator.py
Traceback (most recent call last):
  File "/home/airflow/.local/lib/python3.7/site-packages/airflow/models/dagbag.py", line 338, in parse
    loader.exec_module(new_module)
  File "<frozen importlib._bootstrap_external>", line 728, in exec_module
  File "<frozen importlib._bootstrap>", line 219, in _call_with_frames_removed
  File "/opt/airflow/dags/1-bashoperator.py", line 8, in <module>
    start_date=datetime(2022, 12, 1)
TypeError: 'module' object is not callable
[2022-11-03T22:09:27.021+0000] {processor.py:768} WARNING - No viable dags retrieved from /opt/airflow/dags/1-bashoperator.py
[2022-11-03T22:09:27.042+0000] {processor.py:176} INFO - Processing /opt/airflow/dags/1-bashoperator.py took 0.060 seconds
[2022-11-03T22:09:30.025+0000] {processor.py:154} INFO - Started process (PID=4186) to work on /opt/airflow/dags/1-bashoperator.py
[2022-11-03T22:09:30.027+0000] {processor.py:756} INFO - Processing file /opt/airflow/dags/1-bashoperator.py for tasks to queue
[2022-11-03T22:09:30.028+0000] {logging_mixin.py:120} INFO - [2022-11-03T22:09:30.028+0000] {dagbag.py:537} INFO - Filling up the DagBag from /opt/airflow/dags/1-bashoperator.py
[2022-11-03T22:09:30.069+0000] {logging_mixin.py:120} INFO - [2022-11-03T22:09:30.064+0000] {dagbag.py:342} ERROR - Failed to import: /opt/airflow/dags/1-bashoperator.py
Traceback (most recent call last):
  File "/home/airflow/.local/lib/python3.7/site-packages/airflow/models/dagbag.py", line 338, in parse
    loader.exec_module(new_module)
  File "<frozen importlib._bootstrap_external>", line 728, in exec_module
  File "<frozen importlib._bootstrap>", line 219, in _call_with_frames_removed
  File "/opt/airflow/dags/1-bashoperator.py", line 8, in <module>
    start_date=datetime(2022, 12, 1)
TypeError: 'module' object is not callable
[2022-11-03T22:09:30.070+0000] {processor.py:768} WARNING - No viable dags retrieved from /opt/airflow/dags/1-bashoperator.py
[2022-11-03T22:09:30.094+0000] {processor.py:176} INFO - Processing /opt/airflow/dags/1-bashoperator.py took 0.071 seconds
[2022-11-03T22:09:32.106+0000] {processor.py:154} INFO - Started process (PID=4187) to work on /opt/airflow/dags/1-bashoperator.py
[2022-11-03T22:09:32.108+0000] {processor.py:756} INFO - Processing file /opt/airflow/dags/1-bashoperator.py for tasks to queue
[2022-11-03T22:09:32.110+0000] {logging_mixin.py:120} INFO - [2022-11-03T22:09:32.110+0000] {dagbag.py:537} INFO - Filling up the DagBag from /opt/airflow/dags/1-bashoperator.py
[2022-11-03T22:09:32.143+0000] {logging_mixin.py:120} INFO - [2022-11-03T22:09:32.138+0000] {dagbag.py:342} ERROR - Failed to import: /opt/airflow/dags/1-bashoperator.py
Traceback (most recent call last):
  File "/home/airflow/.local/lib/python3.7/site-packages/airflow/models/dagbag.py", line 338, in parse
    loader.exec_module(new_module)
  File "<frozen importlib._bootstrap_external>", line 728, in exec_module
  File "<frozen importlib._bootstrap>", line 219, in _call_with_frames_removed
  File "/opt/airflow/dags/1-bashoperator.py", line 8, in <module>
    start_date=datetime(2022, 12, 1)
TypeError: 'module' object is not callable
[2022-11-03T22:09:32.144+0000] {processor.py:768} WARNING - No viable dags retrieved from /opt/airflow/dags/1-bashoperator.py
[2022-11-03T22:09:32.163+0000] {processor.py:176} INFO - Processing /opt/airflow/dags/1-bashoperator.py took 0.059 seconds
[2022-11-03T22:10:02.408+0000] {processor.py:154} INFO - Started process (PID=4216) to work on /opt/airflow/dags/1-bashoperator.py
[2022-11-03T22:10:02.409+0000] {processor.py:756} INFO - Processing file /opt/airflow/dags/1-bashoperator.py for tasks to queue
[2022-11-03T22:10:02.410+0000] {logging_mixin.py:120} INFO - [2022-11-03T22:10:02.410+0000] {dagbag.py:537} INFO - Filling up the DagBag from /opt/airflow/dags/1-bashoperator.py
[2022-11-03T22:10:02.429+0000] {logging_mixin.py:120} INFO - [2022-11-03T22:10:02.425+0000] {dagbag.py:342} ERROR - Failed to import: /opt/airflow/dags/1-bashoperator.py
Traceback (most recent call last):
  File "/home/airflow/.local/lib/python3.7/site-packages/airflow/models/dagbag.py", line 338, in parse
    loader.exec_module(new_module)
  File "<frozen importlib._bootstrap_external>", line 728, in exec_module
  File "<frozen importlib._bootstrap>", line 219, in _call_with_frames_removed
  File "/opt/airflow/dags/1-bashoperator.py", line 8, in <module>
    start_date=datetime(2022, 12, 1)
TypeError: 'module' object is not callable
[2022-11-03T22:10:02.431+0000] {processor.py:768} WARNING - No viable dags retrieved from /opt/airflow/dags/1-bashoperator.py
[2022-11-03T22:10:02.452+0000] {processor.py:176} INFO - Processing /opt/airflow/dags/1-bashoperator.py took 0.046 seconds
[2022-11-03T22:10:32.721+0000] {processor.py:154} INFO - Started process (PID=4236) to work on /opt/airflow/dags/1-bashoperator.py
[2022-11-03T22:10:32.723+0000] {processor.py:756} INFO - Processing file /opt/airflow/dags/1-bashoperator.py for tasks to queue
[2022-11-03T22:10:32.724+0000] {logging_mixin.py:120} INFO - [2022-11-03T22:10:32.723+0000] {dagbag.py:537} INFO - Filling up the DagBag from /opt/airflow/dags/1-bashoperator.py
[2022-11-03T22:10:32.746+0000] {logging_mixin.py:120} INFO - [2022-11-03T22:10:32.741+0000] {dagbag.py:342} ERROR - Failed to import: /opt/airflow/dags/1-bashoperator.py
Traceback (most recent call last):
  File "/home/airflow/.local/lib/python3.7/site-packages/airflow/models/dagbag.py", line 338, in parse
    loader.exec_module(new_module)
  File "<frozen importlib._bootstrap_external>", line 728, in exec_module
  File "<frozen importlib._bootstrap>", line 219, in _call_with_frames_removed
  File "/opt/airflow/dags/1-bashoperator.py", line 8, in <module>
    start_date=datetime(2022, 12, 1)
TypeError: 'module' object is not callable
[2022-11-03T22:10:32.748+0000] {processor.py:768} WARNING - No viable dags retrieved from /opt/airflow/dags/1-bashoperator.py
[2022-11-03T22:10:32.771+0000] {processor.py:176} INFO - Processing /opt/airflow/dags/1-bashoperator.py took 0.052 seconds
[2022-11-03T22:11:03.034+0000] {processor.py:154} INFO - Started process (PID=4266) to work on /opt/airflow/dags/1-bashoperator.py
[2022-11-03T22:11:03.035+0000] {processor.py:756} INFO - Processing file /opt/airflow/dags/1-bashoperator.py for tasks to queue
[2022-11-03T22:11:03.036+0000] {logging_mixin.py:120} INFO - [2022-11-03T22:11:03.036+0000] {dagbag.py:537} INFO - Filling up the DagBag from /opt/airflow/dags/1-bashoperator.py
[2022-11-03T22:11:03.055+0000] {logging_mixin.py:120} INFO - [2022-11-03T22:11:03.051+0000] {dagbag.py:342} ERROR - Failed to import: /opt/airflow/dags/1-bashoperator.py
Traceback (most recent call last):
  File "/home/airflow/.local/lib/python3.7/site-packages/airflow/models/dagbag.py", line 338, in parse
    loader.exec_module(new_module)
  File "<frozen importlib._bootstrap_external>", line 728, in exec_module
  File "<frozen importlib._bootstrap>", line 219, in _call_with_frames_removed
  File "/opt/airflow/dags/1-bashoperator.py", line 8, in <module>
    start_date=datetime(2022, 12, 1)
TypeError: 'module' object is not callable
[2022-11-03T22:11:03.057+0000] {processor.py:768} WARNING - No viable dags retrieved from /opt/airflow/dags/1-bashoperator.py
[2022-11-03T22:11:03.613+0000] {processor.py:176} INFO - Processing /opt/airflow/dags/1-bashoperator.py took 0.581 seconds
[2022-11-03T22:11:30.886+0000] {processor.py:154} INFO - Started process (PID=4286) to work on /opt/airflow/dags/1-bashoperator.py
[2022-11-03T22:11:30.887+0000] {processor.py:756} INFO - Processing file /opt/airflow/dags/1-bashoperator.py for tasks to queue
[2022-11-03T22:11:30.888+0000] {logging_mixin.py:120} INFO - [2022-11-03T22:11:30.887+0000] {dagbag.py:537} INFO - Filling up the DagBag from /opt/airflow/dags/1-bashoperator.py
[2022-11-03T22:11:30.904+0000] {logging_mixin.py:120} INFO - [2022-11-03T22:11:30.903+0000] {dagbag.py:342} ERROR - Failed to import: /opt/airflow/dags/1-bashoperator.py
Traceback (most recent call last):
  File "/home/airflow/.local/lib/python3.7/site-packages/airflow/models/dagbag.py", line 338, in parse
    loader.exec_module(new_module)
  File "<frozen importlib._bootstrap_external>", line 724, in exec_module
  File "<frozen importlib._bootstrap_external>", line 860, in get_code
  File "<frozen importlib._bootstrap_external>", line 791, in source_to_code
  File "<frozen importlib._bootstrap>", line 219, in _call_with_frames_removed
  File "/opt/airflow/dags/1-bashoperator.py", line 1
    import datetime import datetime
                         ^
SyntaxError: invalid syntax
[2022-11-03T22:11:30.904+0000] {processor.py:768} WARNING - No viable dags retrieved from /opt/airflow/dags/1-bashoperator.py
[2022-11-03T22:11:30.929+0000] {processor.py:176} INFO - Processing /opt/airflow/dags/1-bashoperator.py took 0.046 seconds
[2022-11-03T22:12:00.179+0000] {processor.py:154} INFO - Started process (PID=4306) to work on /opt/airflow/dags/1-bashoperator.py
[2022-11-03T22:12:00.181+0000] {processor.py:756} INFO - Processing file /opt/airflow/dags/1-bashoperator.py for tasks to queue
[2022-11-03T22:12:00.181+0000] {logging_mixin.py:120} INFO - [2022-11-03T22:12:00.181+0000] {dagbag.py:537} INFO - Filling up the DagBag from /opt/airflow/dags/1-bashoperator.py
[2022-11-03T22:12:00.212+0000] {logging_mixin.py:120} INFO - [2022-11-03T22:12:00.207+0000] {dagbag.py:342} ERROR - Failed to import: /opt/airflow/dags/1-bashoperator.py
Traceback (most recent call last):
  File "/home/airflow/.local/lib/python3.7/site-packages/airflow/models/dagbag.py", line 338, in parse
    loader.exec_module(new_module)
  File "<frozen importlib._bootstrap_external>", line 728, in exec_module
  File "<frozen importlib._bootstrap>", line 219, in _call_with_frames_removed
  File "/opt/airflow/dags/1-bashoperator.py", line 8, in <module>
    start_date=datetime(2022, 12, 1)
TypeError: __init__() got an unexpected keyword argument 'dag'
[2022-11-03T22:12:00.213+0000] {processor.py:768} WARNING - No viable dags retrieved from /opt/airflow/dags/1-bashoperator.py
[2022-11-03T22:12:00.233+0000] {processor.py:176} INFO - Processing /opt/airflow/dags/1-bashoperator.py took 0.056 seconds
[2022-11-03T22:12:40.359+0000] {processor.py:154} INFO - Started process (PID=4335) to work on /opt/airflow/dags/1-bashoperator.py
[2022-11-03T22:12:40.371+0000] {processor.py:756} INFO - Processing file /opt/airflow/dags/1-bashoperator.py for tasks to queue
[2022-11-03T22:12:40.387+0000] {logging_mixin.py:120} INFO - [2022-11-03T22:12:40.387+0000] {dagbag.py:537} INFO - Filling up the DagBag from /opt/airflow/dags/1-bashoperator.py
[2022-11-03T22:12:40.417+0000] {logging_mixin.py:120} INFO - [2022-11-03T22:12:40.412+0000] {dagbag.py:342} ERROR - Failed to import: /opt/airflow/dags/1-bashoperator.py
Traceback (most recent call last):
  File "/home/airflow/.local/lib/python3.7/site-packages/airflow/models/dagbag.py", line 338, in parse
    loader.exec_module(new_module)
  File "<frozen importlib._bootstrap_external>", line 728, in exec_module
  File "<frozen importlib._bootstrap>", line 219, in _call_with_frames_removed
  File "/opt/airflow/dags/1-bashoperator.py", line 8, in <module>
    start_date=datetime(2022, 12, 1)
TypeError: __init__() got an unexpected keyword argument 'dag'
[2022-11-03T22:12:40.419+0000] {processor.py:768} WARNING - No viable dags retrieved from /opt/airflow/dags/1-bashoperator.py
[2022-11-03T22:12:40.498+0000] {processor.py:176} INFO - Processing /opt/airflow/dags/1-bashoperator.py took 0.388 seconds
[2022-11-03T22:13:10.797+0000] {processor.py:154} INFO - Started process (PID=4355) to work on /opt/airflow/dags/1-bashoperator.py
[2022-11-03T22:13:10.799+0000] {processor.py:756} INFO - Processing file /opt/airflow/dags/1-bashoperator.py for tasks to queue
[2022-11-03T22:13:10.800+0000] {logging_mixin.py:120} INFO - [2022-11-03T22:13:10.800+0000] {dagbag.py:537} INFO - Filling up the DagBag from /opt/airflow/dags/1-bashoperator.py
[2022-11-03T22:13:10.823+0000] {logging_mixin.py:120} INFO - [2022-11-03T22:13:10.818+0000] {dagbag.py:342} ERROR - Failed to import: /opt/airflow/dags/1-bashoperator.py
Traceback (most recent call last):
  File "/home/airflow/.local/lib/python3.7/site-packages/airflow/models/dagbag.py", line 338, in parse
    loader.exec_module(new_module)
  File "<frozen importlib._bootstrap_external>", line 728, in exec_module
  File "<frozen importlib._bootstrap>", line 219, in _call_with_frames_removed
  File "/opt/airflow/dags/1-bashoperator.py", line 8, in <module>
    start_date=datetime(2022, 12, 1)
TypeError: __init__() got an unexpected keyword argument 'dag'
[2022-11-03T22:13:10.825+0000] {processor.py:768} WARNING - No viable dags retrieved from /opt/airflow/dags/1-bashoperator.py
[2022-11-03T22:13:10.845+0000] {processor.py:176} INFO - Processing /opt/airflow/dags/1-bashoperator.py took 0.051 seconds
[2022-11-03T22:13:41.102+0000] {processor.py:154} INFO - Started process (PID=4384) to work on /opt/airflow/dags/1-bashoperator.py
[2022-11-03T22:13:41.103+0000] {processor.py:756} INFO - Processing file /opt/airflow/dags/1-bashoperator.py for tasks to queue
[2022-11-03T22:13:41.104+0000] {logging_mixin.py:120} INFO - [2022-11-03T22:13:41.104+0000] {dagbag.py:537} INFO - Filling up the DagBag from /opt/airflow/dags/1-bashoperator.py
[2022-11-03T22:13:41.129+0000] {logging_mixin.py:120} INFO - [2022-11-03T22:13:41.124+0000] {dagbag.py:342} ERROR - Failed to import: /opt/airflow/dags/1-bashoperator.py
Traceback (most recent call last):
  File "/home/airflow/.local/lib/python3.7/site-packages/airflow/models/dagbag.py", line 338, in parse
    loader.exec_module(new_module)
  File "<frozen importlib._bootstrap_external>", line 728, in exec_module
  File "<frozen importlib._bootstrap>", line 219, in _call_with_frames_removed
  File "/opt/airflow/dags/1-bashoperator.py", line 8, in <module>
    start_date=datetime(2022, 12, 1)
TypeError: __init__() got an unexpected keyword argument 'dag'
[2022-11-03T22:13:41.131+0000] {processor.py:768} WARNING - No viable dags retrieved from /opt/airflow/dags/1-bashoperator.py
[2022-11-03T22:13:41.152+0000] {processor.py:176} INFO - Processing /opt/airflow/dags/1-bashoperator.py took 0.053 seconds
[2022-11-03T22:14:11.496+0000] {processor.py:154} INFO - Started process (PID=4413) to work on /opt/airflow/dags/1-bashoperator.py
[2022-11-03T22:14:11.498+0000] {processor.py:756} INFO - Processing file /opt/airflow/dags/1-bashoperator.py for tasks to queue
[2022-11-03T22:14:11.499+0000] {logging_mixin.py:120} INFO - [2022-11-03T22:14:11.499+0000] {dagbag.py:537} INFO - Filling up the DagBag from /opt/airflow/dags/1-bashoperator.py
[2022-11-03T22:14:11.671+0000] {logging_mixin.py:120} INFO - [2022-11-03T22:14:11.665+0000] {dagbag.py:342} ERROR - Failed to import: /opt/airflow/dags/1-bashoperator.py
Traceback (most recent call last):
  File "/home/airflow/.local/lib/python3.7/site-packages/airflow/models/dagbag.py", line 338, in parse
    loader.exec_module(new_module)
  File "<frozen importlib._bootstrap_external>", line 728, in exec_module
  File "<frozen importlib._bootstrap>", line 219, in _call_with_frames_removed
  File "/opt/airflow/dags/1-bashoperator.py", line 8, in <module>
    start_date=datetime(2022, 12, 1)
TypeError: __init__() got an unexpected keyword argument 'dag'
[2022-11-03T22:14:11.673+0000] {processor.py:768} WARNING - No viable dags retrieved from /opt/airflow/dags/1-bashoperator.py
[2022-11-03T22:14:12.009+0000] {processor.py:176} INFO - Processing /opt/airflow/dags/1-bashoperator.py took 0.519 seconds
[2022-11-03T22:14:42.315+0000] {processor.py:154} INFO - Started process (PID=4433) to work on /opt/airflow/dags/1-bashoperator.py
[2022-11-03T22:14:42.316+0000] {processor.py:756} INFO - Processing file /opt/airflow/dags/1-bashoperator.py for tasks to queue
[2022-11-03T22:14:42.317+0000] {logging_mixin.py:120} INFO - [2022-11-03T22:14:42.317+0000] {dagbag.py:537} INFO - Filling up the DagBag from /opt/airflow/dags/1-bashoperator.py
[2022-11-03T22:14:42.342+0000] {logging_mixin.py:120} INFO - [2022-11-03T22:14:42.337+0000] {dagbag.py:342} ERROR - Failed to import: /opt/airflow/dags/1-bashoperator.py
Traceback (most recent call last):
  File "/home/airflow/.local/lib/python3.7/site-packages/airflow/models/dagbag.py", line 338, in parse
    loader.exec_module(new_module)
  File "<frozen importlib._bootstrap_external>", line 728, in exec_module
  File "<frozen importlib._bootstrap>", line 219, in _call_with_frames_removed
  File "/opt/airflow/dags/1-bashoperator.py", line 8, in <module>
    start_date=datetime(2022, 12, 1)
TypeError: __init__() got an unexpected keyword argument 'dag'
[2022-11-03T22:14:42.343+0000] {processor.py:768} WARNING - No viable dags retrieved from /opt/airflow/dags/1-bashoperator.py
[2022-11-03T22:14:42.368+0000] {processor.py:176} INFO - Processing /opt/airflow/dags/1-bashoperator.py took 0.057 seconds
[2022-11-03T22:14:44.416+0000] {processor.py:154} INFO - Started process (PID=4435) to work on /opt/airflow/dags/1-bashoperator.py
[2022-11-03T22:14:44.417+0000] {processor.py:756} INFO - Processing file /opt/airflow/dags/1-bashoperator.py for tasks to queue
[2022-11-03T22:14:44.418+0000] {logging_mixin.py:120} INFO - [2022-11-03T22:14:44.417+0000] {dagbag.py:537} INFO - Filling up the DagBag from /opt/airflow/dags/1-bashoperator.py
[2022-11-03T22:14:44.459+0000] {processor.py:766} INFO - DAG(s) dict_keys(['bashoperator']) retrieved from /opt/airflow/dags/1-bashoperator.py
[2022-11-03T22:14:44.702+0000] {logging_mixin.py:120} INFO - [2022-11-03T22:14:44.702+0000] {manager.py:507} INFO - Created Permission View: can delete on DAG:bashoperator
[2022-11-03T22:14:44.716+0000] {logging_mixin.py:120} INFO - [2022-11-03T22:14:44.716+0000] {manager.py:507} INFO - Created Permission View: can edit on DAG:bashoperator
[2022-11-03T22:14:44.728+0000] {logging_mixin.py:120} INFO - [2022-11-03T22:14:44.727+0000] {manager.py:507} INFO - Created Permission View: can read on DAG:bashoperator
[2022-11-03T22:14:44.728+0000] {logging_mixin.py:120} INFO - [2022-11-03T22:14:44.728+0000] {dag.py:2585} INFO - Sync 1 DAGs
[2022-11-03T22:14:44.742+0000] {logging_mixin.py:120} INFO - [2022-11-03T22:14:44.742+0000] {dag.py:2606} INFO - Creating ORM DAG for bashoperator
[2022-11-03T22:14:44.757+0000] {logging_mixin.py:120} INFO - [2022-11-03T22:14:44.757+0000] {dag.py:3340} INFO - Setting next_dagrun for bashoperator to 2022-12-01T00:00:00+00:00, run_after=2022-12-02T00:00:00+00:00
[2022-11-03T22:14:44.785+0000] {processor.py:176} INFO - Processing /opt/airflow/dags/1-bashoperator.py took 0.372 seconds
[2022-11-03T22:15:14.861+0000] {processor.py:154} INFO - Started process (PID=4464) to work on /opt/airflow/dags/1-bashoperator.py
[2022-11-03T22:15:14.862+0000] {processor.py:756} INFO - Processing file /opt/airflow/dags/1-bashoperator.py for tasks to queue
[2022-11-03T22:15:14.863+0000] {logging_mixin.py:120} INFO - [2022-11-03T22:15:14.863+0000] {dagbag.py:537} INFO - Filling up the DagBag from /opt/airflow/dags/1-bashoperator.py
[2022-11-03T22:15:14.889+0000] {processor.py:766} INFO - DAG(s) dict_keys(['bashoperator']) retrieved from /opt/airflow/dags/1-bashoperator.py
[2022-11-03T22:15:14.932+0000] {logging_mixin.py:120} INFO - [2022-11-03T22:15:14.932+0000] {dag.py:2585} INFO - Sync 1 DAGs
[2022-11-03T22:15:14.962+0000] {logging_mixin.py:120} INFO - [2022-11-03T22:15:14.962+0000] {dag.py:3340} INFO - Setting next_dagrun for bashoperator to 2022-12-01T00:00:00+00:00, run_after=2022-12-02T00:00:00+00:00
[2022-11-03T22:15:14.986+0000] {processor.py:176} INFO - Processing /opt/airflow/dags/1-bashoperator.py took 0.128 seconds
[2022-11-03T22:15:45.225+0000] {processor.py:154} INFO - Started process (PID=4493) to work on /opt/airflow/dags/1-bashoperator.py
[2022-11-03T22:15:45.227+0000] {processor.py:756} INFO - Processing file /opt/airflow/dags/1-bashoperator.py for tasks to queue
[2022-11-03T22:15:45.228+0000] {logging_mixin.py:120} INFO - [2022-11-03T22:15:45.228+0000] {dagbag.py:537} INFO - Filling up the DagBag from /opt/airflow/dags/1-bashoperator.py
[2022-11-03T22:15:45.252+0000] {processor.py:766} INFO - DAG(s) dict_keys(['bashoperator']) retrieved from /opt/airflow/dags/1-bashoperator.py
[2022-11-03T22:15:45.287+0000] {logging_mixin.py:120} INFO - [2022-11-03T22:15:45.287+0000] {dag.py:2585} INFO - Sync 1 DAGs
[2022-11-03T22:15:45.317+0000] {logging_mixin.py:120} INFO - [2022-11-03T22:15:45.317+0000] {dag.py:3340} INFO - Setting next_dagrun for bashoperator to 2022-12-01T00:00:00+00:00, run_after=2022-12-02T00:00:00+00:00
[2022-11-03T22:15:45.342+0000] {processor.py:176} INFO - Processing /opt/airflow/dags/1-bashoperator.py took 0.120 seconds
[2022-11-03T22:16:15.567+0000] {processor.py:154} INFO - Started process (PID=4513) to work on /opt/airflow/dags/1-bashoperator.py
[2022-11-03T22:16:15.569+0000] {processor.py:756} INFO - Processing file /opt/airflow/dags/1-bashoperator.py for tasks to queue
[2022-11-03T22:16:15.571+0000] {logging_mixin.py:120} INFO - [2022-11-03T22:16:15.570+0000] {dagbag.py:537} INFO - Filling up the DagBag from /opt/airflow/dags/1-bashoperator.py
[2022-11-03T22:16:15.594+0000] {processor.py:766} INFO - DAG(s) dict_keys(['bashoperator']) retrieved from /opt/airflow/dags/1-bashoperator.py
[2022-11-03T22:16:15.633+0000] {logging_mixin.py:120} INFO - [2022-11-03T22:16:15.633+0000] {dag.py:2585} INFO - Sync 1 DAGs
[2022-11-03T22:16:15.661+0000] {logging_mixin.py:120} INFO - [2022-11-03T22:16:15.661+0000] {dag.py:3340} INFO - Setting next_dagrun for bashoperator to 2022-12-01T00:00:00+00:00, run_after=2022-12-02T00:00:00+00:00
[2022-11-03T22:16:15.686+0000] {processor.py:176} INFO - Processing /opt/airflow/dags/1-bashoperator.py took 0.121 seconds
[2022-11-03T22:16:45.918+0000] {processor.py:154} INFO - Started process (PID=4544) to work on /opt/airflow/dags/1-bashoperator.py
[2022-11-03T22:16:45.919+0000] {processor.py:756} INFO - Processing file /opt/airflow/dags/1-bashoperator.py for tasks to queue
[2022-11-03T22:16:45.921+0000] {logging_mixin.py:120} INFO - [2022-11-03T22:16:45.921+0000] {dagbag.py:537} INFO - Filling up the DagBag from /opt/airflow/dags/1-bashoperator.py
[2022-11-03T22:16:45.944+0000] {processor.py:766} INFO - DAG(s) dict_keys(['bashoperator']) retrieved from /opt/airflow/dags/1-bashoperator.py
[2022-11-03T22:16:45.982+0000] {logging_mixin.py:120} INFO - [2022-11-03T22:16:45.982+0000] {dag.py:2585} INFO - Sync 1 DAGs
[2022-11-03T22:16:46.009+0000] {logging_mixin.py:120} INFO - [2022-11-03T22:16:46.008+0000] {dag.py:3340} INFO - Setting next_dagrun for bashoperator to 2022-12-01T00:00:00+00:00, run_after=2022-12-02T00:00:00+00:00
[2022-11-03T22:16:46.035+0000] {processor.py:176} INFO - Processing /opt/airflow/dags/1-bashoperator.py took 0.119 seconds
[2022-11-03T22:17:16.331+0000] {processor.py:154} INFO - Started process (PID=4573) to work on /opt/airflow/dags/1-bashoperator.py
[2022-11-03T22:17:16.332+0000] {processor.py:756} INFO - Processing file /opt/airflow/dags/1-bashoperator.py for tasks to queue
[2022-11-03T22:17:16.333+0000] {logging_mixin.py:120} INFO - [2022-11-03T22:17:16.333+0000] {dagbag.py:537} INFO - Filling up the DagBag from /opt/airflow/dags/1-bashoperator.py
[2022-11-03T22:17:16.355+0000] {processor.py:766} INFO - DAG(s) dict_keys(['bashoperator']) retrieved from /opt/airflow/dags/1-bashoperator.py
[2022-11-03T22:17:16.393+0000] {logging_mixin.py:120} INFO - [2022-11-03T22:17:16.393+0000] {dag.py:2585} INFO - Sync 1 DAGs
[2022-11-03T22:17:16.422+0000] {logging_mixin.py:120} INFO - [2022-11-03T22:17:16.421+0000] {dag.py:3340} INFO - Setting next_dagrun for bashoperator to 2022-12-01T00:00:00+00:00, run_after=2022-12-02T00:00:00+00:00
[2022-11-03T22:17:16.456+0000] {processor.py:176} INFO - Processing /opt/airflow/dags/1-bashoperator.py took 0.127 seconds
[2022-11-03T22:17:46.676+0000] {processor.py:154} INFO - Started process (PID=4593) to work on /opt/airflow/dags/1-bashoperator.py
[2022-11-03T22:17:46.677+0000] {processor.py:756} INFO - Processing file /opt/airflow/dags/1-bashoperator.py for tasks to queue
[2022-11-03T22:17:46.678+0000] {logging_mixin.py:120} INFO - [2022-11-03T22:17:46.678+0000] {dagbag.py:537} INFO - Filling up the DagBag from /opt/airflow/dags/1-bashoperator.py
[2022-11-03T22:17:46.700+0000] {processor.py:766} INFO - DAG(s) dict_keys(['bashoperator']) retrieved from /opt/airflow/dags/1-bashoperator.py
[2022-11-03T22:17:46.740+0000] {logging_mixin.py:120} INFO - [2022-11-03T22:17:46.740+0000] {dag.py:2585} INFO - Sync 1 DAGs
[2022-11-03T22:17:46.766+0000] {logging_mixin.py:120} INFO - [2022-11-03T22:17:46.765+0000] {dag.py:3340} INFO - Setting next_dagrun for bashoperator to 2022-12-01T00:00:00+00:00, run_after=2022-12-02T00:00:00+00:00
[2022-11-03T22:17:46.788+0000] {processor.py:176} INFO - Processing /opt/airflow/dags/1-bashoperator.py took 0.114 seconds
[2022-11-03T22:18:17.062+0000] {processor.py:154} INFO - Started process (PID=4622) to work on /opt/airflow/dags/1-bashoperator.py
[2022-11-03T22:18:17.064+0000] {processor.py:756} INFO - Processing file /opt/airflow/dags/1-bashoperator.py for tasks to queue
[2022-11-03T22:18:17.064+0000] {logging_mixin.py:120} INFO - [2022-11-03T22:18:17.064+0000] {dagbag.py:537} INFO - Filling up the DagBag from /opt/airflow/dags/1-bashoperator.py
[2022-11-03T22:18:17.088+0000] {processor.py:766} INFO - DAG(s) dict_keys(['bashoperator']) retrieved from /opt/airflow/dags/1-bashoperator.py
[2022-11-03T22:18:17.126+0000] {logging_mixin.py:120} INFO - [2022-11-03T22:18:17.125+0000] {dag.py:2585} INFO - Sync 1 DAGs
[2022-11-03T22:18:17.151+0000] {logging_mixin.py:120} INFO - [2022-11-03T22:18:17.151+0000] {dag.py:3340} INFO - Setting next_dagrun for bashoperator to 2022-12-01T00:00:00+00:00, run_after=2022-12-02T00:00:00+00:00
[2022-11-03T22:18:17.176+0000] {processor.py:176} INFO - Processing /opt/airflow/dags/1-bashoperator.py took 0.117 seconds
[2022-11-03T22:18:47.453+0000] {processor.py:154} INFO - Started process (PID=4651) to work on /opt/airflow/dags/1-bashoperator.py
[2022-11-03T22:18:47.454+0000] {processor.py:756} INFO - Processing file /opt/airflow/dags/1-bashoperator.py for tasks to queue
[2022-11-03T22:18:47.455+0000] {logging_mixin.py:120} INFO - [2022-11-03T22:18:47.455+0000] {dagbag.py:537} INFO - Filling up the DagBag from /opt/airflow/dags/1-bashoperator.py
[2022-11-03T22:18:47.481+0000] {processor.py:766} INFO - DAG(s) dict_keys(['bashoperator']) retrieved from /opt/airflow/dags/1-bashoperator.py
[2022-11-03T22:18:47.526+0000] {logging_mixin.py:120} INFO - [2022-11-03T22:18:47.526+0000] {dag.py:2585} INFO - Sync 1 DAGs
[2022-11-03T22:18:47.559+0000] {logging_mixin.py:120} INFO - [2022-11-03T22:18:47.558+0000] {dag.py:3340} INFO - Setting next_dagrun for bashoperator to 2022-12-01T00:00:00+00:00, run_after=2022-12-02T00:00:00+00:00
[2022-11-03T22:18:47.585+0000] {processor.py:176} INFO - Processing /opt/airflow/dags/1-bashoperator.py took 0.136 seconds
[2022-11-03T22:19:17.812+0000] {processor.py:154} INFO - Started process (PID=4671) to work on /opt/airflow/dags/1-bashoperator.py
[2022-11-03T22:19:17.813+0000] {processor.py:756} INFO - Processing file /opt/airflow/dags/1-bashoperator.py for tasks to queue
[2022-11-03T22:19:17.815+0000] {logging_mixin.py:120} INFO - [2022-11-03T22:19:17.814+0000] {dagbag.py:537} INFO - Filling up the DagBag from /opt/airflow/dags/1-bashoperator.py
[2022-11-03T22:19:17.838+0000] {processor.py:766} INFO - DAG(s) dict_keys(['bashoperator']) retrieved from /opt/airflow/dags/1-bashoperator.py
[2022-11-03T22:19:17.881+0000] {logging_mixin.py:120} INFO - [2022-11-03T22:19:17.881+0000] {dag.py:2585} INFO - Sync 1 DAGs
[2022-11-03T22:19:17.911+0000] {logging_mixin.py:120} INFO - [2022-11-03T22:19:17.910+0000] {dag.py:3340} INFO - Setting next_dagrun for bashoperator to 2022-12-01T00:00:00+00:00, run_after=2022-12-02T00:00:00+00:00
[2022-11-03T22:19:17.939+0000] {processor.py:176} INFO - Processing /opt/airflow/dags/1-bashoperator.py took 0.129 seconds
[2022-11-03T22:19:48.237+0000] {processor.py:154} INFO - Started process (PID=4700) to work on /opt/airflow/dags/1-bashoperator.py
[2022-11-03T22:19:48.238+0000] {processor.py:756} INFO - Processing file /opt/airflow/dags/1-bashoperator.py for tasks to queue
[2022-11-03T22:19:48.239+0000] {logging_mixin.py:120} INFO - [2022-11-03T22:19:48.239+0000] {dagbag.py:537} INFO - Filling up the DagBag from /opt/airflow/dags/1-bashoperator.py
[2022-11-03T22:19:48.263+0000] {processor.py:766} INFO - DAG(s) dict_keys(['bashoperator']) retrieved from /opt/airflow/dags/1-bashoperator.py
[2022-11-03T22:19:48.301+0000] {logging_mixin.py:120} INFO - [2022-11-03T22:19:48.301+0000] {dag.py:2585} INFO - Sync 1 DAGs
[2022-11-03T22:19:48.325+0000] {logging_mixin.py:120} INFO - [2022-11-03T22:19:48.325+0000] {dag.py:3340} INFO - Setting next_dagrun for bashoperator to 2022-12-01T00:00:00+00:00, run_after=2022-12-02T00:00:00+00:00
[2022-11-03T22:19:48.347+0000] {processor.py:176} INFO - Processing /opt/airflow/dags/1-bashoperator.py took 0.114 seconds
[2022-11-03T22:20:18.587+0000] {processor.py:154} INFO - Started process (PID=4727) to work on /opt/airflow/dags/1-bashoperator.py
[2022-11-03T22:20:18.588+0000] {processor.py:756} INFO - Processing file /opt/airflow/dags/1-bashoperator.py for tasks to queue
[2022-11-03T22:20:18.589+0000] {logging_mixin.py:120} INFO - [2022-11-03T22:20:18.589+0000] {dagbag.py:537} INFO - Filling up the DagBag from /opt/airflow/dags/1-bashoperator.py
[2022-11-03T22:20:18.617+0000] {processor.py:766} INFO - DAG(s) dict_keys(['bashoperator']) retrieved from /opt/airflow/dags/1-bashoperator.py
[2022-11-03T22:20:18.659+0000] {logging_mixin.py:120} INFO - [2022-11-03T22:20:18.658+0000] {dag.py:2585} INFO - Sync 1 DAGs
[2022-11-03T22:20:18.685+0000] {logging_mixin.py:120} INFO - [2022-11-03T22:20:18.685+0000] {dag.py:3340} INFO - Setting next_dagrun for bashoperator to 2022-12-01T00:00:00+00:00, run_after=2022-12-02T00:00:00+00:00
[2022-11-03T22:20:18.710+0000] {processor.py:176} INFO - Processing /opt/airflow/dags/1-bashoperator.py took 0.126 seconds
[2022-11-03T22:20:48.940+0000] {processor.py:154} INFO - Started process (PID=4749) to work on /opt/airflow/dags/1-bashoperator.py
[2022-11-03T22:20:48.941+0000] {processor.py:756} INFO - Processing file /opt/airflow/dags/1-bashoperator.py for tasks to queue
[2022-11-03T22:20:48.942+0000] {logging_mixin.py:120} INFO - [2022-11-03T22:20:48.942+0000] {dagbag.py:537} INFO - Filling up the DagBag from /opt/airflow/dags/1-bashoperator.py
[2022-11-03T22:20:48.964+0000] {processor.py:766} INFO - DAG(s) dict_keys(['bashoperator']) retrieved from /opt/airflow/dags/1-bashoperator.py
[2022-11-03T22:20:49.000+0000] {logging_mixin.py:120} INFO - [2022-11-03T22:20:49.000+0000] {dag.py:2585} INFO - Sync 1 DAGs
[2022-11-03T22:20:49.025+0000] {logging_mixin.py:120} INFO - [2022-11-03T22:20:49.025+0000] {dag.py:3340} INFO - Setting next_dagrun for bashoperator to 2022-12-01T00:00:00+00:00, run_after=2022-12-02T00:00:00+00:00
[2022-11-03T22:20:49.045+0000] {processor.py:176} INFO - Processing /opt/airflow/dags/1-bashoperator.py took 0.107 seconds
[2022-11-03T22:21:19.282+0000] {processor.py:154} INFO - Started process (PID=4778) to work on /opt/airflow/dags/1-bashoperator.py
[2022-11-03T22:21:19.283+0000] {processor.py:756} INFO - Processing file /opt/airflow/dags/1-bashoperator.py for tasks to queue
[2022-11-03T22:21:19.284+0000] {logging_mixin.py:120} INFO - [2022-11-03T22:21:19.284+0000] {dagbag.py:537} INFO - Filling up the DagBag from /opt/airflow/dags/1-bashoperator.py
[2022-11-03T22:21:19.305+0000] {processor.py:766} INFO - DAG(s) dict_keys(['bashoperator']) retrieved from /opt/airflow/dags/1-bashoperator.py
[2022-11-03T22:21:19.341+0000] {logging_mixin.py:120} INFO - [2022-11-03T22:21:19.340+0000] {dag.py:2585} INFO - Sync 1 DAGs
[2022-11-03T22:21:19.366+0000] {logging_mixin.py:120} INFO - [2022-11-03T22:21:19.366+0000] {dag.py:3340} INFO - Setting next_dagrun for bashoperator to 2022-12-01T00:00:00+00:00, run_after=2022-12-02T00:00:00+00:00
[2022-11-03T22:21:19.389+0000] {processor.py:176} INFO - Processing /opt/airflow/dags/1-bashoperator.py took 0.109 seconds
[2022-11-03T22:21:49.629+0000] {processor.py:154} INFO - Started process (PID=4806) to work on /opt/airflow/dags/1-bashoperator.py
[2022-11-03T22:21:49.630+0000] {processor.py:756} INFO - Processing file /opt/airflow/dags/1-bashoperator.py for tasks to queue
[2022-11-03T22:21:49.631+0000] {logging_mixin.py:120} INFO - [2022-11-03T22:21:49.631+0000] {dagbag.py:537} INFO - Filling up the DagBag from /opt/airflow/dags/1-bashoperator.py
[2022-11-03T22:21:49.663+0000] {processor.py:766} INFO - DAG(s) dict_keys(['bashoperator']) retrieved from /opt/airflow/dags/1-bashoperator.py
[2022-11-03T22:21:49.728+0000] {logging_mixin.py:120} INFO - [2022-11-03T22:21:49.728+0000] {dag.py:2585} INFO - Sync 1 DAGs
[2022-11-03T22:21:49.767+0000] {logging_mixin.py:120} INFO - [2022-11-03T22:21:49.766+0000] {dag.py:3340} INFO - Setting next_dagrun for bashoperator to 2022-12-01T00:00:00+00:00, run_after=2022-12-02T00:00:00+00:00
[2022-11-03T22:21:49.794+0000] {processor.py:176} INFO - Processing /opt/airflow/dags/1-bashoperator.py took 0.169 seconds
[2022-11-03T22:22:19.870+0000] {processor.py:154} INFO - Started process (PID=4828) to work on /opt/airflow/dags/1-bashoperator.py
[2022-11-03T22:22:19.871+0000] {processor.py:756} INFO - Processing file /opt/airflow/dags/1-bashoperator.py for tasks to queue
[2022-11-03T22:22:19.872+0000] {logging_mixin.py:120} INFO - [2022-11-03T22:22:19.872+0000] {dagbag.py:537} INFO - Filling up the DagBag from /opt/airflow/dags/1-bashoperator.py
[2022-11-03T22:22:19.893+0000] {processor.py:766} INFO - DAG(s) dict_keys(['bashoperator']) retrieved from /opt/airflow/dags/1-bashoperator.py
[2022-11-03T22:22:19.928+0000] {logging_mixin.py:120} INFO - [2022-11-03T22:22:19.928+0000] {dag.py:2585} INFO - Sync 1 DAGs
[2022-11-03T22:22:19.955+0000] {logging_mixin.py:120} INFO - [2022-11-03T22:22:19.955+0000] {dag.py:3340} INFO - Setting next_dagrun for bashoperator to 2022-12-01T00:00:00+00:00, run_after=2022-12-02T00:00:00+00:00
[2022-11-03T22:22:19.976+0000] {processor.py:176} INFO - Processing /opt/airflow/dags/1-bashoperator.py took 0.108 seconds
[2022-11-03T22:22:50.253+0000] {processor.py:154} INFO - Started process (PID=4858) to work on /opt/airflow/dags/1-bashoperator.py
[2022-11-03T22:22:50.254+0000] {processor.py:756} INFO - Processing file /opt/airflow/dags/1-bashoperator.py for tasks to queue
[2022-11-03T22:22:50.255+0000] {logging_mixin.py:120} INFO - [2022-11-03T22:22:50.255+0000] {dagbag.py:537} INFO - Filling up the DagBag from /opt/airflow/dags/1-bashoperator.py
[2022-11-03T22:22:50.279+0000] {processor.py:766} INFO - DAG(s) dict_keys(['bashoperator']) retrieved from /opt/airflow/dags/1-bashoperator.py
[2022-11-03T22:22:50.328+0000] {logging_mixin.py:120} INFO - [2022-11-03T22:22:50.327+0000] {dag.py:2585} INFO - Sync 1 DAGs
[2022-11-03T22:22:50.356+0000] {logging_mixin.py:120} INFO - [2022-11-03T22:22:50.356+0000] {dag.py:3340} INFO - Setting next_dagrun for bashoperator to 2022-12-01T00:00:00+00:00, run_after=2022-12-02T00:00:00+00:00
[2022-11-03T22:22:50.380+0000] {processor.py:176} INFO - Processing /opt/airflow/dags/1-bashoperator.py took 0.130 seconds
[2022-11-03T22:23:20.611+0000] {processor.py:154} INFO - Started process (PID=4879) to work on /opt/airflow/dags/1-bashoperator.py
[2022-11-03T22:23:20.612+0000] {processor.py:756} INFO - Processing file /opt/airflow/dags/1-bashoperator.py for tasks to queue
[2022-11-03T22:23:20.613+0000] {logging_mixin.py:120} INFO - [2022-11-03T22:23:20.613+0000] {dagbag.py:537} INFO - Filling up the DagBag from /opt/airflow/dags/1-bashoperator.py
[2022-11-03T22:23:20.638+0000] {processor.py:766} INFO - DAG(s) dict_keys(['bashoperator']) retrieved from /opt/airflow/dags/1-bashoperator.py
[2022-11-03T22:23:20.679+0000] {logging_mixin.py:120} INFO - [2022-11-03T22:23:20.679+0000] {dag.py:2585} INFO - Sync 1 DAGs
[2022-11-03T22:23:20.714+0000] {logging_mixin.py:120} INFO - [2022-11-03T22:23:20.714+0000] {dag.py:3340} INFO - Setting next_dagrun for bashoperator to 2022-12-01T00:00:00+00:00, run_after=2022-12-02T00:00:00+00:00
[2022-11-03T22:23:20.738+0000] {processor.py:176} INFO - Processing /opt/airflow/dags/1-bashoperator.py took 0.130 seconds
[2022-11-03T22:23:50.996+0000] {processor.py:154} INFO - Started process (PID=4908) to work on /opt/airflow/dags/1-bashoperator.py
[2022-11-03T22:23:50.997+0000] {processor.py:756} INFO - Processing file /opt/airflow/dags/1-bashoperator.py for tasks to queue
[2022-11-03T22:23:50.999+0000] {logging_mixin.py:120} INFO - [2022-11-03T22:23:50.998+0000] {dagbag.py:537} INFO - Filling up the DagBag from /opt/airflow/dags/1-bashoperator.py
[2022-11-03T22:23:51.021+0000] {processor.py:766} INFO - DAG(s) dict_keys(['bashoperator']) retrieved from /opt/airflow/dags/1-bashoperator.py
[2022-11-03T22:23:51.056+0000] {logging_mixin.py:120} INFO - [2022-11-03T22:23:51.056+0000] {dag.py:2585} INFO - Sync 1 DAGs
[2022-11-03T22:23:51.083+0000] {logging_mixin.py:120} INFO - [2022-11-03T22:23:51.083+0000] {dag.py:3340} INFO - Setting next_dagrun for bashoperator to 2022-12-01T00:00:00+00:00, run_after=2022-12-02T00:00:00+00:00
[2022-11-03T22:23:51.105+0000] {processor.py:176} INFO - Processing /opt/airflow/dags/1-bashoperator.py took 0.112 seconds
[2022-11-03T22:24:21.335+0000] {processor.py:154} INFO - Started process (PID=4937) to work on /opt/airflow/dags/1-bashoperator.py
[2022-11-03T22:24:21.336+0000] {processor.py:756} INFO - Processing file /opt/airflow/dags/1-bashoperator.py for tasks to queue
[2022-11-03T22:24:21.338+0000] {logging_mixin.py:120} INFO - [2022-11-03T22:24:21.338+0000] {dagbag.py:537} INFO - Filling up the DagBag from /opt/airflow/dags/1-bashoperator.py
[2022-11-03T22:24:21.365+0000] {processor.py:766} INFO - DAG(s) dict_keys(['bashoperator']) retrieved from /opt/airflow/dags/1-bashoperator.py
[2022-11-03T22:24:21.402+0000] {logging_mixin.py:120} INFO - [2022-11-03T22:24:21.402+0000] {dag.py:2585} INFO - Sync 1 DAGs
[2022-11-03T22:24:21.428+0000] {logging_mixin.py:120} INFO - [2022-11-03T22:24:21.427+0000] {dag.py:3340} INFO - Setting next_dagrun for bashoperator to 2022-12-01T00:00:00+00:00, run_after=2022-12-02T00:00:00+00:00
[2022-11-03T22:24:21.453+0000] {processor.py:176} INFO - Processing /opt/airflow/dags/1-bashoperator.py took 0.120 seconds
[2022-11-03T22:24:51.698+0000] {processor.py:154} INFO - Started process (PID=4957) to work on /opt/airflow/dags/1-bashoperator.py
[2022-11-03T22:24:51.699+0000] {processor.py:756} INFO - Processing file /opt/airflow/dags/1-bashoperator.py for tasks to queue
[2022-11-03T22:24:51.700+0000] {logging_mixin.py:120} INFO - [2022-11-03T22:24:51.700+0000] {dagbag.py:537} INFO - Filling up the DagBag from /opt/airflow/dags/1-bashoperator.py
[2022-11-03T22:24:51.720+0000] {processor.py:766} INFO - DAG(s) dict_keys(['bashoperator']) retrieved from /opt/airflow/dags/1-bashoperator.py
[2022-11-03T22:24:51.754+0000] {logging_mixin.py:120} INFO - [2022-11-03T22:24:51.754+0000] {dag.py:2585} INFO - Sync 1 DAGs
[2022-11-03T22:24:51.781+0000] {logging_mixin.py:120} INFO - [2022-11-03T22:24:51.781+0000] {dag.py:3340} INFO - Setting next_dagrun for bashoperator to 2022-12-01T00:00:00+00:00, run_after=2022-12-02T00:00:00+00:00
[2022-11-03T22:24:51.804+0000] {processor.py:176} INFO - Processing /opt/airflow/dags/1-bashoperator.py took 0.108 seconds
[2022-11-03T22:25:22.048+0000] {processor.py:154} INFO - Started process (PID=4986) to work on /opt/airflow/dags/1-bashoperator.py
[2022-11-03T22:25:22.050+0000] {processor.py:756} INFO - Processing file /opt/airflow/dags/1-bashoperator.py for tasks to queue
[2022-11-03T22:25:22.051+0000] {logging_mixin.py:120} INFO - [2022-11-03T22:25:22.050+0000] {dagbag.py:537} INFO - Filling up the DagBag from /opt/airflow/dags/1-bashoperator.py
[2022-11-03T22:25:22.073+0000] {processor.py:766} INFO - DAG(s) dict_keys(['bashoperator']) retrieved from /opt/airflow/dags/1-bashoperator.py
[2022-11-03T22:25:22.114+0000] {logging_mixin.py:120} INFO - [2022-11-03T22:25:22.114+0000] {dag.py:2585} INFO - Sync 1 DAGs
[2022-11-03T22:25:22.143+0000] {logging_mixin.py:120} INFO - [2022-11-03T22:25:22.143+0000] {dag.py:3340} INFO - Setting next_dagrun for bashoperator to 2022-12-01T00:00:00+00:00, run_after=2022-12-02T00:00:00+00:00
[2022-11-03T22:25:22.169+0000] {processor.py:176} INFO - Processing /opt/airflow/dags/1-bashoperator.py took 0.123 seconds
[2022-11-03T22:25:26.216+0000] {processor.py:154} INFO - Started process (PID=4987) to work on /opt/airflow/dags/1-bashoperator.py
[2022-11-03T22:25:26.217+0000] {processor.py:756} INFO - Processing file /opt/airflow/dags/1-bashoperator.py for tasks to queue
[2022-11-03T22:25:26.218+0000] {logging_mixin.py:120} INFO - [2022-11-03T22:25:26.218+0000] {dagbag.py:537} INFO - Filling up the DagBag from /opt/airflow/dags/1-bashoperator.py
[2022-11-03T22:25:26.253+0000] {processor.py:766} INFO - DAG(s) dict_keys(['bashoperator']) retrieved from /opt/airflow/dags/1-bashoperator.py
[2022-11-03T22:25:26.287+0000] {logging_mixin.py:120} INFO - [2022-11-03T22:25:26.287+0000] {dag.py:2585} INFO - Sync 1 DAGs
[2022-11-03T22:25:26.320+0000] {logging_mixin.py:120} INFO - [2022-11-03T22:25:26.320+0000] {dag.py:3340} INFO - Setting next_dagrun for bashoperator to 2022-12-01T00:00:00+00:00, run_after=2022-12-02T00:00:00+00:00
[2022-11-03T22:25:26.372+0000] {processor.py:176} INFO - Processing /opt/airflow/dags/1-bashoperator.py took 0.159 seconds
[2022-11-03T22:25:56.614+0000] {processor.py:154} INFO - Started process (PID=5018) to work on /opt/airflow/dags/1-bashoperator.py
[2022-11-03T22:25:56.615+0000] {processor.py:756} INFO - Processing file /opt/airflow/dags/1-bashoperator.py for tasks to queue
[2022-11-03T22:25:56.615+0000] {logging_mixin.py:120} INFO - [2022-11-03T22:25:56.615+0000] {dagbag.py:537} INFO - Filling up the DagBag from /opt/airflow/dags/1-bashoperator.py
[2022-11-03T22:25:56.637+0000] {processor.py:766} INFO - DAG(s) dict_keys(['bashoperator']) retrieved from /opt/airflow/dags/1-bashoperator.py
[2022-11-03T22:25:56.673+0000] {logging_mixin.py:120} INFO - [2022-11-03T22:25:56.672+0000] {dag.py:2585} INFO - Sync 1 DAGs
[2022-11-03T22:25:56.696+0000] {logging_mixin.py:120} INFO - [2022-11-03T22:25:56.695+0000] {dag.py:3340} INFO - Setting next_dagrun for bashoperator to 2022-12-01T00:00:00+00:00, run_after=2022-12-02T00:00:00+00:00
[2022-11-03T22:25:56.717+0000] {processor.py:176} INFO - Processing /opt/airflow/dags/1-bashoperator.py took 0.106 seconds
[2022-11-03T22:26:26.947+0000] {processor.py:154} INFO - Started process (PID=5047) to work on /opt/airflow/dags/1-bashoperator.py
[2022-11-03T22:26:26.948+0000] {processor.py:756} INFO - Processing file /opt/airflow/dags/1-bashoperator.py for tasks to queue
[2022-11-03T22:26:26.949+0000] {logging_mixin.py:120} INFO - [2022-11-03T22:26:26.949+0000] {dagbag.py:537} INFO - Filling up the DagBag from /opt/airflow/dags/1-bashoperator.py
[2022-11-03T22:26:26.979+0000] {processor.py:766} INFO - DAG(s) dict_keys(['bashoperator']) retrieved from /opt/airflow/dags/1-bashoperator.py
[2022-11-03T22:26:27.023+0000] {logging_mixin.py:120} INFO - [2022-11-03T22:26:27.023+0000] {dag.py:2585} INFO - Sync 1 DAGs
[2022-11-03T22:26:27.053+0000] {logging_mixin.py:120} INFO - [2022-11-03T22:26:27.052+0000] {dag.py:3340} INFO - Setting next_dagrun for bashoperator to 2022-12-01T00:00:00+00:00, run_after=2022-12-02T00:00:00+00:00
[2022-11-03T22:26:27.079+0000] {processor.py:176} INFO - Processing /opt/airflow/dags/1-bashoperator.py took 0.135 seconds
[2022-11-03T22:26:57.314+0000] {processor.py:154} INFO - Started process (PID=5067) to work on /opt/airflow/dags/1-bashoperator.py
[2022-11-03T22:26:57.315+0000] {processor.py:756} INFO - Processing file /opt/airflow/dags/1-bashoperator.py for tasks to queue
[2022-11-03T22:26:57.316+0000] {logging_mixin.py:120} INFO - [2022-11-03T22:26:57.316+0000] {dagbag.py:537} INFO - Filling up the DagBag from /opt/airflow/dags/1-bashoperator.py
[2022-11-03T22:26:57.342+0000] {processor.py:766} INFO - DAG(s) dict_keys(['bashoperator']) retrieved from /opt/airflow/dags/1-bashoperator.py
[2022-11-03T22:26:57.381+0000] {logging_mixin.py:120} INFO - [2022-11-03T22:26:57.381+0000] {dag.py:2585} INFO - Sync 1 DAGs
[2022-11-03T22:26:57.410+0000] {logging_mixin.py:120} INFO - [2022-11-03T22:26:57.410+0000] {dag.py:3340} INFO - Setting next_dagrun for bashoperator to 2022-12-01T00:00:00+00:00, run_after=2022-12-02T00:00:00+00:00
[2022-11-03T22:26:57.432+0000] {processor.py:176} INFO - Processing /opt/airflow/dags/1-bashoperator.py took 0.121 seconds
[2022-11-03T22:27:27.693+0000] {processor.py:154} INFO - Started process (PID=5096) to work on /opt/airflow/dags/1-bashoperator.py
[2022-11-03T22:27:27.694+0000] {processor.py:756} INFO - Processing file /opt/airflow/dags/1-bashoperator.py for tasks to queue
[2022-11-03T22:27:27.695+0000] {logging_mixin.py:120} INFO - [2022-11-03T22:27:27.695+0000] {dagbag.py:537} INFO - Filling up the DagBag from /opt/airflow/dags/1-bashoperator.py
[2022-11-03T22:27:27.716+0000] {processor.py:766} INFO - DAG(s) dict_keys(['bashoperator']) retrieved from /opt/airflow/dags/1-bashoperator.py
[2022-11-03T22:27:27.755+0000] {logging_mixin.py:120} INFO - [2022-11-03T22:27:27.754+0000] {dag.py:2585} INFO - Sync 1 DAGs
[2022-11-03T22:27:27.780+0000] {logging_mixin.py:120} INFO - [2022-11-03T22:27:27.780+0000] {dag.py:3340} INFO - Setting next_dagrun for bashoperator to 2022-12-01T00:00:00+00:00, run_after=2022-12-02T00:00:00+00:00
[2022-11-03T22:27:27.807+0000] {processor.py:176} INFO - Processing /opt/airflow/dags/1-bashoperator.py took 0.117 seconds
[2022-11-03T22:27:58.051+0000] {processor.py:154} INFO - Started process (PID=5125) to work on /opt/airflow/dags/1-bashoperator.py
[2022-11-03T22:27:58.052+0000] {processor.py:756} INFO - Processing file /opt/airflow/dags/1-bashoperator.py for tasks to queue
[2022-11-03T22:27:58.054+0000] {logging_mixin.py:120} INFO - [2022-11-03T22:27:58.053+0000] {dagbag.py:537} INFO - Filling up the DagBag from /opt/airflow/dags/1-bashoperator.py
[2022-11-03T22:27:58.080+0000] {processor.py:766} INFO - DAG(s) dict_keys(['bashoperator']) retrieved from /opt/airflow/dags/1-bashoperator.py
[2022-11-03T22:27:58.120+0000] {logging_mixin.py:120} INFO - [2022-11-03T22:27:58.120+0000] {dag.py:2585} INFO - Sync 1 DAGs
[2022-11-03T22:27:58.153+0000] {logging_mixin.py:120} INFO - [2022-11-03T22:27:58.153+0000] {dag.py:3340} INFO - Setting next_dagrun for bashoperator to 2022-12-01T00:00:00+00:00, run_after=2022-12-02T00:00:00+00:00
[2022-11-03T22:27:58.180+0000] {processor.py:176} INFO - Processing /opt/airflow/dags/1-bashoperator.py took 0.133 seconds
[2022-11-03T22:28:28.417+0000] {processor.py:154} INFO - Started process (PID=5145) to work on /opt/airflow/dags/1-bashoperator.py
[2022-11-03T22:28:28.418+0000] {processor.py:756} INFO - Processing file /opt/airflow/dags/1-bashoperator.py for tasks to queue
[2022-11-03T22:28:28.419+0000] {logging_mixin.py:120} INFO - [2022-11-03T22:28:28.419+0000] {dagbag.py:537} INFO - Filling up the DagBag from /opt/airflow/dags/1-bashoperator.py
[2022-11-03T22:28:28.444+0000] {processor.py:766} INFO - DAG(s) dict_keys(['bashoperator']) retrieved from /opt/airflow/dags/1-bashoperator.py
[2022-11-03T22:28:28.523+0000] {logging_mixin.py:120} INFO - [2022-11-03T22:28:28.523+0000] {dag.py:2585} INFO - Sync 1 DAGs
[2022-11-03T22:28:28.536+0000] {logging_mixin.py:120} INFO - [2022-11-03T22:28:28.536+0000] {dag.py:2606} INFO - Creating ORM DAG for bashoperator
[2022-11-03T22:28:28.551+0000] {logging_mixin.py:120} INFO - [2022-11-03T22:28:28.550+0000] {dag.py:3340} INFO - Setting next_dagrun for bashoperator to 2022-12-01T00:00:00+00:00, run_after=2022-12-02T00:00:00+00:00
[2022-11-03T22:28:28.573+0000] {processor.py:176} INFO - Processing /opt/airflow/dags/1-bashoperator.py took 0.158 seconds
[2022-11-03T22:28:29.498+0000] {processor.py:154} INFO - Started process (PID=5153) to work on /opt/airflow/dags/1-bashoperator.py
[2022-11-03T22:28:29.499+0000] {processor.py:756} INFO - Processing file /opt/airflow/dags/1-bashoperator.py for tasks to queue
[2022-11-03T22:28:29.500+0000] {logging_mixin.py:120} INFO - [2022-11-03T22:28:29.500+0000] {dagbag.py:537} INFO - Filling up the DagBag from /opt/airflow/dags/1-bashoperator.py
[2022-11-03T22:28:29.538+0000] {processor.py:766} INFO - DAG(s) dict_keys(['bashoperator']) retrieved from /opt/airflow/dags/1-bashoperator.py
[2022-11-03T22:28:29.564+0000] {logging_mixin.py:120} INFO - [2022-11-03T22:28:29.564+0000] {dag.py:2585} INFO - Sync 1 DAGs
[2022-11-03T22:28:29.594+0000] {logging_mixin.py:120} INFO - [2022-11-03T22:28:29.594+0000] {dag.py:3340} INFO - Setting next_dagrun for bashoperator to 2022-12-01T00:00:00+00:00, run_after=2022-12-02T00:00:00+00:00
[2022-11-03T22:28:29.627+0000] {processor.py:176} INFO - Processing /opt/airflow/dags/1-bashoperator.py took 0.132 seconds
[2022-11-03T22:28:59.888+0000] {processor.py:154} INFO - Started process (PID=5175) to work on /opt/airflow/dags/1-bashoperator.py
[2022-11-03T22:28:59.890+0000] {processor.py:756} INFO - Processing file /opt/airflow/dags/1-bashoperator.py for tasks to queue
[2022-11-03T22:28:59.891+0000] {logging_mixin.py:120} INFO - [2022-11-03T22:28:59.891+0000] {dagbag.py:537} INFO - Filling up the DagBag from /opt/airflow/dags/1-bashoperator.py
[2022-11-03T22:28:59.916+0000] {processor.py:766} INFO - DAG(s) dict_keys(['bashoperator']) retrieved from /opt/airflow/dags/1-bashoperator.py
[2022-11-03T22:28:59.957+0000] {logging_mixin.py:120} INFO - [2022-11-03T22:28:59.957+0000] {dag.py:2585} INFO - Sync 1 DAGs
[2022-11-03T22:28:59.987+0000] {logging_mixin.py:120} INFO - [2022-11-03T22:28:59.986+0000] {dag.py:3340} INFO - Setting next_dagrun for bashoperator to 2022-12-01T00:00:00+00:00, run_after=2022-12-02T00:00:00+00:00
[2022-11-03T22:29:00.016+0000] {processor.py:176} INFO - Processing /opt/airflow/dags/1-bashoperator.py took 0.130 seconds
[2022-11-03T22:29:30.177+0000] {processor.py:154} INFO - Started process (PID=5204) to work on /opt/airflow/dags/1-bashoperator.py
[2022-11-03T22:29:30.178+0000] {processor.py:756} INFO - Processing file /opt/airflow/dags/1-bashoperator.py for tasks to queue
[2022-11-03T22:29:30.180+0000] {logging_mixin.py:120} INFO - [2022-11-03T22:29:30.179+0000] {dagbag.py:537} INFO - Filling up the DagBag from /opt/airflow/dags/1-bashoperator.py
[2022-11-03T22:29:30.212+0000] {processor.py:766} INFO - DAG(s) dict_keys(['bashoperator']) retrieved from /opt/airflow/dags/1-bashoperator.py
[2022-11-03T22:29:30.253+0000] {logging_mixin.py:120} INFO - [2022-11-03T22:29:30.253+0000] {dag.py:2585} INFO - Sync 1 DAGs
[2022-11-03T22:29:30.282+0000] {logging_mixin.py:120} INFO - [2022-11-03T22:29:30.281+0000] {dag.py:3340} INFO - Setting next_dagrun for bashoperator to 2022-12-01T00:00:00+00:00, run_after=2022-12-02T00:00:00+00:00
[2022-11-03T22:29:30.315+0000] {processor.py:176} INFO - Processing /opt/airflow/dags/1-bashoperator.py took 0.141 seconds
[2022-11-03T22:30:00.560+0000] {processor.py:154} INFO - Started process (PID=5224) to work on /opt/airflow/dags/1-bashoperator.py
[2022-11-03T22:30:00.561+0000] {processor.py:756} INFO - Processing file /opt/airflow/dags/1-bashoperator.py for tasks to queue
[2022-11-03T22:30:00.562+0000] {logging_mixin.py:120} INFO - [2022-11-03T22:30:00.562+0000] {dagbag.py:537} INFO - Filling up the DagBag from /opt/airflow/dags/1-bashoperator.py
[2022-11-03T22:30:00.597+0000] {processor.py:766} INFO - DAG(s) dict_keys(['bashoperator']) retrieved from /opt/airflow/dags/1-bashoperator.py
[2022-11-03T22:30:00.645+0000] {logging_mixin.py:120} INFO - [2022-11-03T22:30:00.644+0000] {dag.py:2585} INFO - Sync 1 DAGs
[2022-11-03T22:30:00.676+0000] {logging_mixin.py:120} INFO - [2022-11-03T22:30:00.676+0000] {dag.py:3340} INFO - Setting next_dagrun for bashoperator to 2022-12-01T00:00:00+00:00, run_after=2022-12-02T00:00:00+00:00
[2022-11-03T22:30:00.704+0000] {processor.py:176} INFO - Processing /opt/airflow/dags/1-bashoperator.py took 0.147 seconds
[2022-11-03T22:30:30.947+0000] {processor.py:154} INFO - Started process (PID=5254) to work on /opt/airflow/dags/1-bashoperator.py
[2022-11-03T22:30:30.948+0000] {processor.py:756} INFO - Processing file /opt/airflow/dags/1-bashoperator.py for tasks to queue
[2022-11-03T22:30:30.949+0000] {logging_mixin.py:120} INFO - [2022-11-03T22:30:30.949+0000] {dagbag.py:537} INFO - Filling up the DagBag from /opt/airflow/dags/1-bashoperator.py
[2022-11-03T22:30:30.973+0000] {processor.py:766} INFO - DAG(s) dict_keys(['bashoperator']) retrieved from /opt/airflow/dags/1-bashoperator.py
[2022-11-03T22:30:31.014+0000] {logging_mixin.py:120} INFO - [2022-11-03T22:30:31.014+0000] {dag.py:2585} INFO - Sync 1 DAGs
[2022-11-03T22:30:31.042+0000] {logging_mixin.py:120} INFO - [2022-11-03T22:30:31.042+0000] {dag.py:3340} INFO - Setting next_dagrun for bashoperator to 2022-12-01T00:00:00+00:00, run_after=2022-12-02T00:00:00+00:00
[2022-11-03T22:30:31.069+0000] {processor.py:176} INFO - Processing /opt/airflow/dags/1-bashoperator.py took 0.125 seconds
[2022-11-03T22:31:01.317+0000] {processor.py:154} INFO - Started process (PID=5284) to work on /opt/airflow/dags/1-bashoperator.py
[2022-11-03T22:31:01.318+0000] {processor.py:756} INFO - Processing file /opt/airflow/dags/1-bashoperator.py for tasks to queue
[2022-11-03T22:31:01.319+0000] {logging_mixin.py:120} INFO - [2022-11-03T22:31:01.319+0000] {dagbag.py:537} INFO - Filling up the DagBag from /opt/airflow/dags/1-bashoperator.py
[2022-11-03T22:31:01.343+0000] {processor.py:766} INFO - DAG(s) dict_keys(['bashoperator']) retrieved from /opt/airflow/dags/1-bashoperator.py
[2022-11-03T22:31:01.382+0000] {logging_mixin.py:120} INFO - [2022-11-03T22:31:01.381+0000] {dag.py:2585} INFO - Sync 1 DAGs
[2022-11-03T22:31:01.411+0000] {logging_mixin.py:120} INFO - [2022-11-03T22:31:01.411+0000] {dag.py:3340} INFO - Setting next_dagrun for bashoperator to 2022-12-01T00:00:00+00:00, run_after=2022-12-02T00:00:00+00:00
[2022-11-03T22:31:01.438+0000] {processor.py:176} INFO - Processing /opt/airflow/dags/1-bashoperator.py took 0.123 seconds
[2022-11-03T22:31:31.733+0000] {processor.py:154} INFO - Started process (PID=5304) to work on /opt/airflow/dags/1-bashoperator.py
[2022-11-03T22:31:31.734+0000] {processor.py:756} INFO - Processing file /opt/airflow/dags/1-bashoperator.py for tasks to queue
[2022-11-03T22:31:31.735+0000] {logging_mixin.py:120} INFO - [2022-11-03T22:31:31.735+0000] {dagbag.py:537} INFO - Filling up the DagBag from /opt/airflow/dags/1-bashoperator.py
[2022-11-03T22:31:31.756+0000] {processor.py:766} INFO - DAG(s) dict_keys(['bashoperator']) retrieved from /opt/airflow/dags/1-bashoperator.py
[2022-11-03T22:31:31.792+0000] {logging_mixin.py:120} INFO - [2022-11-03T22:31:31.792+0000] {dag.py:2585} INFO - Sync 1 DAGs
[2022-11-03T22:31:31.818+0000] {logging_mixin.py:120} INFO - [2022-11-03T22:31:31.818+0000] {dag.py:3340} INFO - Setting next_dagrun for bashoperator to 2022-12-01T00:00:00+00:00, run_after=2022-12-02T00:00:00+00:00
[2022-11-03T22:31:31.839+0000] {processor.py:176} INFO - Processing /opt/airflow/dags/1-bashoperator.py took 0.109 seconds
[2022-11-03T22:32:02.099+0000] {processor.py:154} INFO - Started process (PID=5333) to work on /opt/airflow/dags/1-bashoperator.py
[2022-11-03T22:32:02.100+0000] {processor.py:756} INFO - Processing file /opt/airflow/dags/1-bashoperator.py for tasks to queue
[2022-11-03T22:32:02.101+0000] {logging_mixin.py:120} INFO - [2022-11-03T22:32:02.101+0000] {dagbag.py:537} INFO - Filling up the DagBag from /opt/airflow/dags/1-bashoperator.py
[2022-11-03T22:32:02.123+0000] {processor.py:766} INFO - DAG(s) dict_keys(['bashoperator']) retrieved from /opt/airflow/dags/1-bashoperator.py
[2022-11-03T22:32:02.158+0000] {logging_mixin.py:120} INFO - [2022-11-03T22:32:02.157+0000] {dag.py:2585} INFO - Sync 1 DAGs
[2022-11-03T22:32:02.186+0000] {logging_mixin.py:120} INFO - [2022-11-03T22:32:02.186+0000] {dag.py:3340} INFO - Setting next_dagrun for bashoperator to 2022-12-01T00:00:00+00:00, run_after=2022-12-02T00:00:00+00:00
[2022-11-03T22:32:02.211+0000] {processor.py:176} INFO - Processing /opt/airflow/dags/1-bashoperator.py took 0.114 seconds
[2022-11-03T22:32:23.389+0000] {processor.py:154} INFO - Started process (PID=5353) to work on /opt/airflow/dags/1-bashoperator.py
[2022-11-03T22:32:23.390+0000] {processor.py:756} INFO - Processing file /opt/airflow/dags/1-bashoperator.py for tasks to queue
[2022-11-03T22:32:23.391+0000] {logging_mixin.py:120} INFO - [2022-11-03T22:32:23.391+0000] {dagbag.py:537} INFO - Filling up the DagBag from /opt/airflow/dags/1-bashoperator.py
[2022-11-03T22:32:23.425+0000] {processor.py:766} INFO - DAG(s) dict_keys(['bashoperator']) retrieved from /opt/airflow/dags/1-bashoperator.py
[2022-11-03T22:32:23.461+0000] {logging_mixin.py:120} INFO - [2022-11-03T22:32:23.461+0000] {dag.py:2585} INFO - Sync 1 DAGs
[2022-11-03T22:32:23.486+0000] {logging_mixin.py:120} INFO - [2022-11-03T22:32:23.486+0000] {dag.py:3340} INFO - Setting next_dagrun for bashoperator to 2022-12-01T00:00:00+00:00, run_after=2022-12-02T00:00:00+00:00
[2022-11-03T22:32:23.511+0000] {processor.py:176} INFO - Processing /opt/airflow/dags/1-bashoperator.py took 0.124 seconds
[2022-11-03T22:32:53.819+0000] {processor.py:154} INFO - Started process (PID=5380) to work on /opt/airflow/dags/1-bashoperator.py
[2022-11-03T22:32:53.820+0000] {processor.py:756} INFO - Processing file /opt/airflow/dags/1-bashoperator.py for tasks to queue
[2022-11-03T22:32:53.821+0000] {logging_mixin.py:120} INFO - [2022-11-03T22:32:53.821+0000] {dagbag.py:537} INFO - Filling up the DagBag from /opt/airflow/dags/1-bashoperator.py
[2022-11-03T22:32:53.852+0000] {processor.py:766} INFO - DAG(s) dict_keys(['bashoperator']) retrieved from /opt/airflow/dags/1-bashoperator.py
[2022-11-03T22:32:53.897+0000] {logging_mixin.py:120} INFO - [2022-11-03T22:32:53.897+0000] {dag.py:2585} INFO - Sync 1 DAGs
[2022-11-03T22:32:53.924+0000] {logging_mixin.py:120} INFO - [2022-11-03T22:32:53.924+0000] {dag.py:3340} INFO - Setting next_dagrun for bashoperator to 2022-12-01T00:00:00+00:00, run_after=2022-12-02T00:00:00+00:00
[2022-11-03T22:32:53.949+0000] {processor.py:176} INFO - Processing /opt/airflow/dags/1-bashoperator.py took 0.133 seconds
[2022-11-03T22:33:24.068+0000] {processor.py:154} INFO - Started process (PID=5402) to work on /opt/airflow/dags/1-bashoperator.py
[2022-11-03T22:33:24.069+0000] {processor.py:756} INFO - Processing file /opt/airflow/dags/1-bashoperator.py for tasks to queue
[2022-11-03T22:33:24.070+0000] {logging_mixin.py:120} INFO - [2022-11-03T22:33:24.070+0000] {dagbag.py:537} INFO - Filling up the DagBag from /opt/airflow/dags/1-bashoperator.py
[2022-11-03T22:33:24.092+0000] {processor.py:766} INFO - DAG(s) dict_keys(['bashoperator']) retrieved from /opt/airflow/dags/1-bashoperator.py
[2022-11-03T22:33:24.128+0000] {logging_mixin.py:120} INFO - [2022-11-03T22:33:24.128+0000] {dag.py:2585} INFO - Sync 1 DAGs
[2022-11-03T22:33:24.155+0000] {logging_mixin.py:120} INFO - [2022-11-03T22:33:24.155+0000] {dag.py:3340} INFO - Setting next_dagrun for bashoperator to 2022-12-01T00:00:00+00:00, run_after=2022-12-02T00:00:00+00:00
[2022-11-03T22:33:24.177+0000] {processor.py:176} INFO - Processing /opt/airflow/dags/1-bashoperator.py took 0.112 seconds
[2022-11-03T22:33:52.412+0000] {processor.py:154} INFO - Started process (PID=5431) to work on /opt/airflow/dags/1-bashoperator.py
[2022-11-03T22:33:52.414+0000] {processor.py:756} INFO - Processing file /opt/airflow/dags/1-bashoperator.py for tasks to queue
[2022-11-03T22:33:52.415+0000] {logging_mixin.py:120} INFO - [2022-11-03T22:33:52.414+0000] {dagbag.py:537} INFO - Filling up the DagBag from /opt/airflow/dags/1-bashoperator.py
[2022-11-03T22:33:52.451+0000] {processor.py:766} INFO - DAG(s) dict_keys(['bashoperator']) retrieved from /opt/airflow/dags/1-bashoperator.py
[2022-11-03T22:33:52.529+0000] {logging_mixin.py:120} INFO - [2022-11-03T22:33:52.529+0000] {dag.py:2585} INFO - Sync 1 DAGs
[2022-11-03T22:33:52.557+0000] {logging_mixin.py:120} INFO - [2022-11-03T22:33:52.556+0000] {dag.py:3340} INFO - Setting next_dagrun for bashoperator to 2022-11-01T00:00:00+00:00, run_after=2022-11-02T00:00:00+00:00
[2022-11-03T22:33:52.588+0000] {processor.py:176} INFO - Processing /opt/airflow/dags/1-bashoperator.py took 0.178 seconds
[2022-11-03T22:34:19.835+0000] {processor.py:154} INFO - Started process (PID=5451) to work on /opt/airflow/dags/1-bashoperator.py
[2022-11-03T22:34:19.836+0000] {processor.py:756} INFO - Processing file /opt/airflow/dags/1-bashoperator.py for tasks to queue
[2022-11-03T22:34:19.839+0000] {logging_mixin.py:120} INFO - [2022-11-03T22:34:19.839+0000] {dagbag.py:537} INFO - Filling up the DagBag from /opt/airflow/dags/1-bashoperator.py
[2022-11-03T22:34:19.873+0000] {processor.py:766} INFO - DAG(s) dict_keys(['bashoperator']) retrieved from /opt/airflow/dags/1-bashoperator.py
[2022-11-03T22:34:19.957+0000] {logging_mixin.py:120} INFO - [2022-11-03T22:34:19.957+0000] {dag.py:2585} INFO - Sync 1 DAGs
[2022-11-03T22:34:19.971+0000] {logging_mixin.py:120} INFO - [2022-11-03T22:34:19.971+0000] {dag.py:2606} INFO - Creating ORM DAG for bashoperator
[2022-11-03T22:34:19.984+0000] {logging_mixin.py:120} INFO - [2022-11-03T22:34:19.984+0000] {dag.py:3340} INFO - Setting next_dagrun for bashoperator to 2022-11-01T00:00:00+00:00, run_after=2022-11-02T00:00:00+00:00
[2022-11-03T22:34:20.012+0000] {processor.py:176} INFO - Processing /opt/airflow/dags/1-bashoperator.py took 0.180 seconds
[2022-11-03T22:34:50.325+0000] {processor.py:154} INFO - Started process (PID=5480) to work on /opt/airflow/dags/1-bashoperator.py
[2022-11-03T22:34:50.326+0000] {processor.py:756} INFO - Processing file /opt/airflow/dags/1-bashoperator.py for tasks to queue
[2022-11-03T22:34:50.327+0000] {logging_mixin.py:120} INFO - [2022-11-03T22:34:50.326+0000] {dagbag.py:537} INFO - Filling up the DagBag from /opt/airflow/dags/1-bashoperator.py
[2022-11-03T22:34:50.351+0000] {processor.py:766} INFO - DAG(s) dict_keys(['bashoperator']) retrieved from /opt/airflow/dags/1-bashoperator.py
[2022-11-03T22:34:50.393+0000] {logging_mixin.py:120} INFO - [2022-11-03T22:34:50.393+0000] {dag.py:2585} INFO - Sync 1 DAGs
[2022-11-03T22:34:50.423+0000] {logging_mixin.py:120} INFO - [2022-11-03T22:34:50.423+0000] {dag.py:3340} INFO - Setting next_dagrun for bashoperator to 2022-11-03T00:00:00+00:00, run_after=2022-11-04T00:00:00+00:00
[2022-11-03T22:34:51.878+0000] {processor.py:176} INFO - Processing /opt/airflow/dags/1-bashoperator.py took 1.556 seconds
[2022-11-03T22:35:22.608+0000] {processor.py:154} INFO - Started process (PID=5489) to work on /opt/airflow/dags/1-bashoperator.py
[2022-11-03T22:35:22.609+0000] {processor.py:756} INFO - Processing file /opt/airflow/dags/1-bashoperator.py for tasks to queue
[2022-11-03T22:35:22.610+0000] {logging_mixin.py:120} INFO - [2022-11-03T22:35:22.610+0000] {dagbag.py:537} INFO - Filling up the DagBag from /opt/airflow/dags/1-bashoperator.py
[2022-11-03T22:35:22.642+0000] {processor.py:766} INFO - DAG(s) dict_keys(['bashoperator']) retrieved from /opt/airflow/dags/1-bashoperator.py
[2022-11-03T22:35:22.694+0000] {logging_mixin.py:120} INFO - [2022-11-03T22:35:22.694+0000] {dag.py:2585} INFO - Sync 1 DAGs
[2022-11-03T22:35:22.727+0000] {logging_mixin.py:120} INFO - [2022-11-03T22:35:22.727+0000] {dag.py:3340} INFO - Setting next_dagrun for bashoperator to 2022-11-03T00:00:00+00:00, run_after=2022-11-04T00:00:00+00:00
[2022-11-03T22:35:22.757+0000] {processor.py:176} INFO - Processing /opt/airflow/dags/1-bashoperator.py took 0.152 seconds
[2022-11-03T22:35:53.367+0000] {processor.py:154} INFO - Started process (PID=5511) to work on /opt/airflow/dags/1-bashoperator.py
[2022-11-03T22:35:53.368+0000] {processor.py:756} INFO - Processing file /opt/airflow/dags/1-bashoperator.py for tasks to queue
[2022-11-03T22:35:53.370+0000] {logging_mixin.py:120} INFO - [2022-11-03T22:35:53.370+0000] {dagbag.py:537} INFO - Filling up the DagBag from /opt/airflow/dags/1-bashoperator.py
[2022-11-03T22:35:53.395+0000] {processor.py:766} INFO - DAG(s) dict_keys(['bashoperator']) retrieved from /opt/airflow/dags/1-bashoperator.py
[2022-11-03T22:35:53.436+0000] {logging_mixin.py:120} INFO - [2022-11-03T22:35:53.436+0000] {dag.py:2585} INFO - Sync 1 DAGs
[2022-11-03T22:35:53.464+0000] {logging_mixin.py:120} INFO - [2022-11-03T22:35:53.464+0000] {dag.py:3340} INFO - Setting next_dagrun for bashoperator to 2022-11-03T00:00:00+00:00, run_after=2022-11-04T00:00:00+00:00
[2022-11-03T22:35:54.469+0000] {processor.py:176} INFO - Processing /opt/airflow/dags/1-bashoperator.py took 1.104 seconds
[2022-11-03T22:36:24.844+0000] {processor.py:154} INFO - Started process (PID=5531) to work on /opt/airflow/dags/1-bashoperator.py
[2022-11-03T22:36:24.845+0000] {processor.py:756} INFO - Processing file /opt/airflow/dags/1-bashoperator.py for tasks to queue
[2022-11-03T22:36:24.847+0000] {logging_mixin.py:120} INFO - [2022-11-03T22:36:24.847+0000] {dagbag.py:537} INFO - Filling up the DagBag from /opt/airflow/dags/1-bashoperator.py
[2022-11-03T22:36:24.881+0000] {processor.py:766} INFO - DAG(s) dict_keys(['bashoperator']) retrieved from /opt/airflow/dags/1-bashoperator.py
[2022-11-03T22:36:24.922+0000] {logging_mixin.py:120} INFO - [2022-11-03T22:36:24.921+0000] {dag.py:2585} INFO - Sync 1 DAGs
[2022-11-03T22:36:24.951+0000] {logging_mixin.py:120} INFO - [2022-11-03T22:36:24.951+0000] {dag.py:3340} INFO - Setting next_dagrun for bashoperator to 2022-11-03T00:00:00+00:00, run_after=2022-11-04T00:00:00+00:00
[2022-11-03T22:36:24.974+0000] {processor.py:176} INFO - Processing /opt/airflow/dags/1-bashoperator.py took 0.133 seconds
[2022-11-03T22:36:55.221+0000] {processor.py:154} INFO - Started process (PID=5560) to work on /opt/airflow/dags/1-bashoperator.py
[2022-11-03T22:36:55.222+0000] {processor.py:756} INFO - Processing file /opt/airflow/dags/1-bashoperator.py for tasks to queue
[2022-11-03T22:36:55.223+0000] {logging_mixin.py:120} INFO - [2022-11-03T22:36:55.223+0000] {dagbag.py:537} INFO - Filling up the DagBag from /opt/airflow/dags/1-bashoperator.py
[2022-11-03T22:36:55.250+0000] {processor.py:766} INFO - DAG(s) dict_keys(['bashoperator']) retrieved from /opt/airflow/dags/1-bashoperator.py
[2022-11-03T22:36:55.291+0000] {logging_mixin.py:120} INFO - [2022-11-03T22:36:55.290+0000] {dag.py:2585} INFO - Sync 1 DAGs
[2022-11-03T22:36:55.318+0000] {logging_mixin.py:120} INFO - [2022-11-03T22:36:55.318+0000] {dag.py:3340} INFO - Setting next_dagrun for bashoperator to 2022-11-03T00:00:00+00:00, run_after=2022-11-04T00:00:00+00:00
[2022-11-03T22:36:55.346+0000] {processor.py:176} INFO - Processing /opt/airflow/dags/1-bashoperator.py took 0.127 seconds
[2022-11-03T22:37:25.599+0000] {processor.py:154} INFO - Started process (PID=5580) to work on /opt/airflow/dags/1-bashoperator.py
[2022-11-03T22:37:25.600+0000] {processor.py:756} INFO - Processing file /opt/airflow/dags/1-bashoperator.py for tasks to queue
[2022-11-03T22:37:25.602+0000] {logging_mixin.py:120} INFO - [2022-11-03T22:37:25.601+0000] {dagbag.py:537} INFO - Filling up the DagBag from /opt/airflow/dags/1-bashoperator.py
[2022-11-03T22:37:25.625+0000] {processor.py:766} INFO - DAG(s) dict_keys(['bashoperator']) retrieved from /opt/airflow/dags/1-bashoperator.py
[2022-11-03T22:37:25.661+0000] {logging_mixin.py:120} INFO - [2022-11-03T22:37:25.661+0000] {dag.py:2585} INFO - Sync 1 DAGs
[2022-11-03T22:37:25.688+0000] {logging_mixin.py:120} INFO - [2022-11-03T22:37:25.688+0000] {dag.py:3340} INFO - Setting next_dagrun for bashoperator to 2022-11-03T00:00:00+00:00, run_after=2022-11-04T00:00:00+00:00
[2022-11-03T22:37:25.712+0000] {processor.py:176} INFO - Processing /opt/airflow/dags/1-bashoperator.py took 0.116 seconds
[2022-11-03T22:37:56.009+0000] {processor.py:154} INFO - Started process (PID=5609) to work on /opt/airflow/dags/1-bashoperator.py
[2022-11-03T22:37:56.010+0000] {processor.py:756} INFO - Processing file /opt/airflow/dags/1-bashoperator.py for tasks to queue
[2022-11-03T22:37:56.011+0000] {logging_mixin.py:120} INFO - [2022-11-03T22:37:56.011+0000] {dagbag.py:537} INFO - Filling up the DagBag from /opt/airflow/dags/1-bashoperator.py
[2022-11-03T22:37:56.032+0000] {processor.py:766} INFO - DAG(s) dict_keys(['bashoperator']) retrieved from /opt/airflow/dags/1-bashoperator.py
[2022-11-03T22:37:56.069+0000] {logging_mixin.py:120} INFO - [2022-11-03T22:37:56.069+0000] {dag.py:2585} INFO - Sync 1 DAGs
[2022-11-03T22:37:56.097+0000] {logging_mixin.py:120} INFO - [2022-11-03T22:37:56.097+0000] {dag.py:3340} INFO - Setting next_dagrun for bashoperator to 2022-11-03T00:00:00+00:00, run_after=2022-11-04T00:00:00+00:00
[2022-11-03T22:37:56.120+0000] {processor.py:176} INFO - Processing /opt/airflow/dags/1-bashoperator.py took 0.113 seconds
[2022-11-03T22:38:26.369+0000] {processor.py:154} INFO - Started process (PID=5638) to work on /opt/airflow/dags/1-bashoperator.py
[2022-11-03T22:38:26.370+0000] {processor.py:756} INFO - Processing file /opt/airflow/dags/1-bashoperator.py for tasks to queue
[2022-11-03T22:38:26.371+0000] {logging_mixin.py:120} INFO - [2022-11-03T22:38:26.371+0000] {dagbag.py:537} INFO - Filling up the DagBag from /opt/airflow/dags/1-bashoperator.py
[2022-11-03T22:38:26.396+0000] {processor.py:766} INFO - DAG(s) dict_keys(['bashoperator']) retrieved from /opt/airflow/dags/1-bashoperator.py
[2022-11-03T22:38:26.433+0000] {logging_mixin.py:120} INFO - [2022-11-03T22:38:26.433+0000] {dag.py:2585} INFO - Sync 1 DAGs
[2022-11-03T22:38:26.460+0000] {logging_mixin.py:120} INFO - [2022-11-03T22:38:26.459+0000] {dag.py:3340} INFO - Setting next_dagrun for bashoperator to 2022-11-03T00:00:00+00:00, run_after=2022-11-04T00:00:00+00:00
[2022-11-03T22:38:26.483+0000] {processor.py:176} INFO - Processing /opt/airflow/dags/1-bashoperator.py took 0.116 seconds
[2022-11-03T22:38:56.730+0000] {processor.py:154} INFO - Started process (PID=5659) to work on /opt/airflow/dags/1-bashoperator.py
[2022-11-03T22:38:56.731+0000] {processor.py:756} INFO - Processing file /opt/airflow/dags/1-bashoperator.py for tasks to queue
[2022-11-03T22:38:56.733+0000] {logging_mixin.py:120} INFO - [2022-11-03T22:38:56.732+0000] {dagbag.py:537} INFO - Filling up the DagBag from /opt/airflow/dags/1-bashoperator.py
[2022-11-03T22:38:56.755+0000] {processor.py:766} INFO - DAG(s) dict_keys(['bashoperator']) retrieved from /opt/airflow/dags/1-bashoperator.py
[2022-11-03T22:38:56.801+0000] {logging_mixin.py:120} INFO - [2022-11-03T22:38:56.801+0000] {dag.py:2585} INFO - Sync 1 DAGs
[2022-11-03T22:38:56.827+0000] {logging_mixin.py:120} INFO - [2022-11-03T22:38:56.826+0000] {dag.py:3340} INFO - Setting next_dagrun for bashoperator to 2022-11-03T00:00:00+00:00, run_after=2022-11-04T00:00:00+00:00
[2022-11-03T22:38:56.849+0000] {processor.py:176} INFO - Processing /opt/airflow/dags/1-bashoperator.py took 0.121 seconds
[2022-11-03T22:39:27.096+0000] {processor.py:154} INFO - Started process (PID=5688) to work on /opt/airflow/dags/1-bashoperator.py
[2022-11-03T22:39:27.097+0000] {processor.py:756} INFO - Processing file /opt/airflow/dags/1-bashoperator.py for tasks to queue
[2022-11-03T22:39:27.098+0000] {logging_mixin.py:120} INFO - [2022-11-03T22:39:27.098+0000] {dagbag.py:537} INFO - Filling up the DagBag from /opt/airflow/dags/1-bashoperator.py
[2022-11-03T22:39:27.123+0000] {processor.py:766} INFO - DAG(s) dict_keys(['bashoperator']) retrieved from /opt/airflow/dags/1-bashoperator.py
[2022-11-03T22:39:27.162+0000] {logging_mixin.py:120} INFO - [2022-11-03T22:39:27.162+0000] {dag.py:2585} INFO - Sync 1 DAGs
[2022-11-03T22:39:27.189+0000] {logging_mixin.py:120} INFO - [2022-11-03T22:39:27.189+0000] {dag.py:3340} INFO - Setting next_dagrun for bashoperator to 2022-11-03T00:00:00+00:00, run_after=2022-11-04T00:00:00+00:00
[2022-11-03T22:39:27.211+0000] {processor.py:176} INFO - Processing /opt/airflow/dags/1-bashoperator.py took 0.118 seconds
[2022-11-03T22:39:57.483+0000] {processor.py:154} INFO - Started process (PID=5718) to work on /opt/airflow/dags/1-bashoperator.py
[2022-11-03T22:39:57.484+0000] {processor.py:756} INFO - Processing file /opt/airflow/dags/1-bashoperator.py for tasks to queue
[2022-11-03T22:39:57.485+0000] {logging_mixin.py:120} INFO - [2022-11-03T22:39:57.485+0000] {dagbag.py:537} INFO - Filling up the DagBag from /opt/airflow/dags/1-bashoperator.py
[2022-11-03T22:39:57.520+0000] {processor.py:766} INFO - DAG(s) dict_keys(['bashoperator']) retrieved from /opt/airflow/dags/1-bashoperator.py
[2022-11-03T22:39:57.575+0000] {logging_mixin.py:120} INFO - [2022-11-03T22:39:57.575+0000] {dag.py:2585} INFO - Sync 1 DAGs
[2022-11-03T22:39:57.615+0000] {logging_mixin.py:120} INFO - [2022-11-03T22:39:57.615+0000] {dag.py:3340} INFO - Setting next_dagrun for bashoperator to 2022-11-03T00:00:00+00:00, run_after=2022-11-04T00:00:00+00:00
[2022-11-03T22:39:57.648+0000] {processor.py:176} INFO - Processing /opt/airflow/dags/1-bashoperator.py took 0.168 seconds
[2022-11-03T22:40:27.916+0000] {processor.py:154} INFO - Started process (PID=5738) to work on /opt/airflow/dags/1-bashoperator.py
[2022-11-03T22:40:27.918+0000] {processor.py:756} INFO - Processing file /opt/airflow/dags/1-bashoperator.py for tasks to queue
[2022-11-03T22:40:27.920+0000] {logging_mixin.py:120} INFO - [2022-11-03T22:40:27.919+0000] {dagbag.py:537} INFO - Filling up the DagBag from /opt/airflow/dags/1-bashoperator.py
[2022-11-03T22:40:27.959+0000] {processor.py:766} INFO - DAG(s) dict_keys(['bashoperator']) retrieved from /opt/airflow/dags/1-bashoperator.py
[2022-11-03T22:40:28.059+0000] {logging_mixin.py:120} INFO - [2022-11-03T22:40:28.059+0000] {dag.py:2585} INFO - Sync 1 DAGs
[2022-11-03T22:40:28.089+0000] {logging_mixin.py:120} INFO - [2022-11-03T22:40:28.089+0000] {dag.py:3340} INFO - Setting next_dagrun for bashoperator to 2022-11-03T00:00:00+00:00, run_after=2022-11-04T00:00:00+00:00
[2022-11-03T22:40:28.115+0000] {processor.py:176} INFO - Processing /opt/airflow/dags/1-bashoperator.py took 0.203 seconds
[2022-11-03T22:40:58.197+0000] {processor.py:154} INFO - Started process (PID=5767) to work on /opt/airflow/dags/1-bashoperator.py
[2022-11-03T22:40:58.198+0000] {processor.py:756} INFO - Processing file /opt/airflow/dags/1-bashoperator.py for tasks to queue
[2022-11-03T22:40:58.199+0000] {logging_mixin.py:120} INFO - [2022-11-03T22:40:58.199+0000] {dagbag.py:537} INFO - Filling up the DagBag from /opt/airflow/dags/1-bashoperator.py
[2022-11-03T22:40:58.225+0000] {processor.py:766} INFO - DAG(s) dict_keys(['bashoperator']) retrieved from /opt/airflow/dags/1-bashoperator.py
[2022-11-03T22:40:58.266+0000] {logging_mixin.py:120} INFO - [2022-11-03T22:40:58.266+0000] {dag.py:2585} INFO - Sync 1 DAGs
[2022-11-03T22:40:58.295+0000] {logging_mixin.py:120} INFO - [2022-11-03T22:40:58.295+0000] {dag.py:3340} INFO - Setting next_dagrun for bashoperator to 2022-11-03T00:00:00+00:00, run_after=2022-11-04T00:00:00+00:00
[2022-11-03T22:40:58.322+0000] {processor.py:176} INFO - Processing /opt/airflow/dags/1-bashoperator.py took 0.127 seconds
[2022-11-03T22:41:28.625+0000] {processor.py:154} INFO - Started process (PID=5796) to work on /opt/airflow/dags/1-bashoperator.py
[2022-11-03T22:41:28.627+0000] {processor.py:756} INFO - Processing file /opt/airflow/dags/1-bashoperator.py for tasks to queue
[2022-11-03T22:41:28.629+0000] {logging_mixin.py:120} INFO - [2022-11-03T22:41:28.628+0000] {dagbag.py:537} INFO - Filling up the DagBag from /opt/airflow/dags/1-bashoperator.py
[2022-11-03T22:41:28.656+0000] {processor.py:766} INFO - DAG(s) dict_keys(['bashoperator']) retrieved from /opt/airflow/dags/1-bashoperator.py
[2022-11-03T22:41:28.700+0000] {logging_mixin.py:120} INFO - [2022-11-03T22:41:28.700+0000] {dag.py:2585} INFO - Sync 1 DAGs
[2022-11-03T22:41:28.729+0000] {logging_mixin.py:120} INFO - [2022-11-03T22:41:28.729+0000] {dag.py:3340} INFO - Setting next_dagrun for bashoperator to 2022-11-03T00:00:00+00:00, run_after=2022-11-04T00:00:00+00:00
[2022-11-03T22:41:28.755+0000] {processor.py:176} INFO - Processing /opt/airflow/dags/1-bashoperator.py took 0.133 seconds
[2022-11-03T22:41:59.541+0000] {processor.py:154} INFO - Started process (PID=5817) to work on /opt/airflow/dags/1-bashoperator.py
[2022-11-03T22:41:59.580+0000] {processor.py:756} INFO - Processing file /opt/airflow/dags/1-bashoperator.py for tasks to queue
[2022-11-03T22:41:59.583+0000] {logging_mixin.py:120} INFO - [2022-11-03T22:41:59.582+0000] {dagbag.py:537} INFO - Filling up the DagBag from /opt/airflow/dags/1-bashoperator.py
[2022-11-03T22:41:59.720+0000] {processor.py:766} INFO - DAG(s) dict_keys(['bashoperator']) retrieved from /opt/airflow/dags/1-bashoperator.py
[2022-11-03T22:41:59.985+0000] {logging_mixin.py:120} INFO - [2022-11-03T22:41:59.985+0000] {dag.py:2585} INFO - Sync 1 DAGs
[2022-11-03T22:42:02.124+0000] {logging_mixin.py:120} INFO - [2022-11-03T22:42:02.124+0000] {dag.py:3340} INFO - Setting next_dagrun for bashoperator to 2022-11-03T00:00:00+00:00, run_after=2022-11-04T00:00:00+00:00
[2022-11-03T22:42:02.338+0000] {processor.py:176} INFO - Processing /opt/airflow/dags/1-bashoperator.py took 2.802 seconds
[2022-11-03T22:42:37.616+0000] {processor.py:154} INFO - Started process (PID=5829) to work on /opt/airflow/dags/1-bashoperator.py
[2022-11-03T22:42:37.678+0000] {processor.py:756} INFO - Processing file /opt/airflow/dags/1-bashoperator.py for tasks to queue
[2022-11-03T22:42:37.681+0000] {logging_mixin.py:120} INFO - [2022-11-03T22:42:37.681+0000] {dagbag.py:537} INFO - Filling up the DagBag from /opt/airflow/dags/1-bashoperator.py
[2022-11-03T22:42:37.878+0000] {processor.py:766} INFO - DAG(s) dict_keys(['bashoperator']) retrieved from /opt/airflow/dags/1-bashoperator.py
[2022-11-04T02:47:05.160+0000] {logging_mixin.py:120} INFO - [2022-11-04T02:47:05.160+0000] {dag.py:2585} INFO - Sync 1 DAGs
[2022-11-04T02:47:05.358+0000] {logging_mixin.py:120} INFO - [2022-11-04T02:47:05.358+0000] {dag.py:3340} INFO - Setting next_dagrun for bashoperator to 2022-11-03T00:00:00+00:00, run_after=2022-11-04T00:00:00+00:00
[2022-11-04T02:47:05.475+0000] {processor.py:176} INFO - Processing /opt/airflow/dags/1-bashoperator.py took 2.209 seconds
