[2022-11-16T22:20:25.945+0000] {taskinstance.py:1165} INFO - Dependencies all met for <TaskInstance: MyPersonalAirflowProject.Print_Imported_data scheduled__2022-10-19T00:00:00+00:00 [queued]>
[2022-11-16T22:20:25.959+0000] {taskinstance.py:1165} INFO - Dependencies all met for <TaskInstance: MyPersonalAirflowProject.Print_Imported_data scheduled__2022-10-19T00:00:00+00:00 [queued]>
[2022-11-16T22:20:25.959+0000] {taskinstance.py:1362} INFO - 
--------------------------------------------------------------------------------
[2022-11-16T22:20:25.961+0000] {taskinstance.py:1363} INFO - Starting attempt 1 of 1
[2022-11-16T22:20:25.962+0000] {taskinstance.py:1364} INFO - 
--------------------------------------------------------------------------------
[2022-11-16T22:20:25.981+0000] {taskinstance.py:1383} INFO - Executing <Task(BashOperator): Print_Imported_data> on 2022-10-19 00:00:00+00:00
[2022-11-16T22:20:25.987+0000] {standard_task_runner.py:55} INFO - Started process 5493 to run task
[2022-11-16T22:20:25.990+0000] {standard_task_runner.py:82} INFO - Running: ['***', 'tasks', 'run', 'MyPersonalAirflowProject', 'Print_Imported_data', 'scheduled__2022-10-19T00:00:00+00:00', '--job-id', '1553', '--raw', '--subdir', 'DAGS_FOLDER/FinalPersonalProject.py', '--cfg-path', '/tmp/tmpp1siveh4']
[2022-11-16T22:20:25.991+0000] {standard_task_runner.py:83} INFO - Job 1553: Subtask Print_Imported_data
[2022-11-16T22:20:26.058+0000] {task_command.py:376} INFO - Running <TaskInstance: MyPersonalAirflowProject.Print_Imported_data scheduled__2022-10-19T00:00:00+00:00 [running]> on host 638485efabe7
[2022-11-16T22:20:26.135+0000] {taskinstance.py:1592} INFO - Exporting the following env vars:
AIRFLOW_CTX_DAG_OWNER=***
AIRFLOW_CTX_DAG_ID=MyPersonalAirflowProject
AIRFLOW_CTX_TASK_ID=Print_Imported_data
AIRFLOW_CTX_EXECUTION_DATE=2022-10-19T00:00:00+00:00
AIRFLOW_CTX_TRY_NUMBER=1
AIRFLOW_CTX_DAG_RUN_ID=scheduled__2022-10-19T00:00:00+00:00
[2022-11-16T22:20:26.137+0000] {subprocess.py:63} INFO - Tmp dir root location: 
 /tmp
[2022-11-16T22:20:26.138+0000] {subprocess.py:75} INFO - Running command: ['/bin/bash', '-c', 'ls /tmp/ && head /tmp/platzi_data.csv']
[2022-11-16T22:20:26.149+0000] {subprocess.py:86} INFO - Output:
[2022-11-16T22:20:26.164+0000] {subprocess.py:93} INFO - ***tmp4dce9hlb
[2022-11-16T22:20:26.165+0000] {subprocess.py:93} INFO - ***tmpk5xxq3nx
[2022-11-16T22:20:26.166+0000] {subprocess.py:93} INFO - ***tmplkvca7ip
[2022-11-16T22:20:26.166+0000] {subprocess.py:93} INFO - ***tmpodkacs8z
[2022-11-16T22:20:26.166+0000] {subprocess.py:93} INFO - file.txt
[2022-11-16T22:20:26.167+0000] {subprocess.py:93} INFO - history.json
[2022-11-16T22:20:26.167+0000] {subprocess.py:93} INFO - platzi_data_20221001.csv
[2022-11-16T22:20:26.168+0000] {subprocess.py:93} INFO - platzi_data_20221002.csv
[2022-11-16T22:20:26.168+0000] {subprocess.py:93} INFO - platzi_data_20221003.csv
[2022-11-16T22:20:26.169+0000] {subprocess.py:93} INFO - platzi_data_20221004.csv
[2022-11-16T22:20:26.169+0000] {subprocess.py:93} INFO - platzi_data_20221005.csv
[2022-11-16T22:20:26.170+0000] {subprocess.py:93} INFO - platzi_data_20221006.csv
[2022-11-16T22:20:26.170+0000] {subprocess.py:93} INFO - platzi_data_20221007.csv
[2022-11-16T22:20:26.170+0000] {subprocess.py:93} INFO - platzi_data_20221008.csv
[2022-11-16T22:20:26.171+0000] {subprocess.py:93} INFO - platzi_data_20221009.csv
[2022-11-16T22:20:26.171+0000] {subprocess.py:93} INFO - platzi_data_20221010.csv
[2022-11-16T22:20:26.171+0000] {subprocess.py:93} INFO - platzi_data_20221011.csv
[2022-11-16T22:20:26.172+0000] {subprocess.py:93} INFO - platzi_data_20221012.csv
[2022-11-16T22:20:26.172+0000] {subprocess.py:93} INFO - platzi_data_20221013.csv
[2022-11-16T22:20:26.172+0000] {subprocess.py:93} INFO - platzi_data_20221014.csv
[2022-11-16T22:20:26.173+0000] {subprocess.py:93} INFO - platzi_data_20221015.csv
[2022-11-16T22:20:26.173+0000] {subprocess.py:93} INFO - platzi_data_20221016.csv
[2022-11-16T22:20:26.173+0000] {subprocess.py:93} INFO - platzi_data_20221017.csv
[2022-11-16T22:20:26.173+0000] {subprocess.py:93} INFO - platzi_data_20221018.csv
[2022-11-16T22:20:26.174+0000] {subprocess.py:93} INFO - platzi_data_20221019.csv
[2022-11-16T22:20:26.174+0000] {subprocess.py:93} INFO - pymp-8yik9lbi
[2022-11-16T22:20:26.174+0000] {subprocess.py:93} INFO - pymp-y00k7agg
[2022-11-16T22:20:26.175+0000] {subprocess.py:93} INFO - reponse_20221001.txt
[2022-11-16T22:20:26.175+0000] {subprocess.py:93} INFO - reponse_20221002.txt
[2022-11-16T22:20:26.175+0000] {subprocess.py:93} INFO - reponse_20221003.txt
[2022-11-16T22:20:26.176+0000] {subprocess.py:93} INFO - reponse_20221004.txt
[2022-11-16T22:20:26.176+0000] {subprocess.py:93} INFO - reponse_20221005.txt
[2022-11-16T22:20:26.176+0000] {subprocess.py:93} INFO - reponse_20221006.txt
[2022-11-16T22:20:26.176+0000] {subprocess.py:93} INFO - reponse_20221007.txt
[2022-11-16T22:20:26.177+0000] {subprocess.py:93} INFO - reponse_20221008.txt
[2022-11-16T22:20:26.177+0000] {subprocess.py:93} INFO - reponse_20221009.txt
[2022-11-16T22:20:26.177+0000] {subprocess.py:93} INFO - reponse_20221010.txt
[2022-11-16T22:20:26.177+0000] {subprocess.py:93} INFO - reponse_20221011.txt
[2022-11-16T22:20:26.177+0000] {subprocess.py:93} INFO - reponse_20221012.txt
[2022-11-16T22:20:26.178+0000] {subprocess.py:93} INFO - reponse_20221013.txt
[2022-11-16T22:20:26.178+0000] {subprocess.py:93} INFO - reponse_20221014.txt
[2022-11-16T22:20:26.178+0000] {subprocess.py:93} INFO - reponse_20221015.txt
[2022-11-16T22:20:26.178+0000] {subprocess.py:93} INFO - reponse_20221016.txt
[2022-11-16T22:20:26.179+0000] {subprocess.py:93} INFO - reponse_20221017.txt
[2022-11-16T22:20:26.179+0000] {subprocess.py:93} INFO - reponse_20221018.txt
[2022-11-16T22:20:26.179+0000] {subprocess.py:93} INFO - reponse_20221019.txt
[2022-11-16T22:20:26.179+0000] {subprocess.py:93} INFO - reponse_20221022.txt
[2022-11-16T22:20:26.180+0000] {subprocess.py:93} INFO - reponse_20221023.txt
[2022-11-16T22:20:26.180+0000] {subprocess.py:93} INFO - reponse_20221024.txt
[2022-11-16T22:20:26.180+0000] {subprocess.py:93} INFO - reponse_20221025.txt
[2022-11-16T22:20:26.180+0000] {subprocess.py:93} INFO - reponse_20221026.txt
[2022-11-16T22:20:26.181+0000] {subprocess.py:93} INFO - reponse_20221027.txt
[2022-11-16T22:20:26.181+0000] {subprocess.py:93} INFO - reponse_20221028.txt
[2022-11-16T22:20:26.182+0000] {subprocess.py:93} INFO - reponse_20221029.txt
[2022-11-16T22:20:26.182+0000] {subprocess.py:93} INFO - reponse_20221030.txt
[2022-11-16T22:20:26.182+0000] {subprocess.py:93} INFO - reponse_20221031.txt
[2022-11-16T22:20:26.183+0000] {subprocess.py:93} INFO - reponse_20221101.txt
[2022-11-16T22:20:26.183+0000] {subprocess.py:93} INFO - reponse_20221102.txt
[2022-11-16T22:20:26.183+0000] {subprocess.py:93} INFO - reponse_20221103.txt
[2022-11-16T22:20:26.183+0000] {subprocess.py:93} INFO - reponse_20221104.txt
[2022-11-16T22:20:26.184+0000] {subprocess.py:93} INFO - reponse_20221105.txt
[2022-11-16T22:20:26.184+0000] {subprocess.py:93} INFO - reponse_20221106.txt
[2022-11-16T22:20:26.184+0000] {subprocess.py:93} INFO - reponse_20221107.txt
[2022-11-16T22:20:26.184+0000] {subprocess.py:93} INFO - reponse_20221108.txt
[2022-11-16T22:20:26.185+0000] {subprocess.py:93} INFO - reponse_20221109.txt
[2022-11-16T22:20:26.185+0000] {subprocess.py:93} INFO - reponse_20221110.txt
[2022-11-16T22:20:26.185+0000] {subprocess.py:93} INFO - reponse_20221111.txt
[2022-11-16T22:20:26.185+0000] {subprocess.py:93} INFO - reponse_20221112.txt
[2022-11-16T22:20:26.186+0000] {subprocess.py:93} INFO - reponse_20221113.txt
[2022-11-16T22:20:26.186+0000] {subprocess.py:93} INFO - reponse_20221114.txt
[2022-11-16T22:20:26.186+0000] {subprocess.py:93} INFO - reponse_20221115.txt
[2022-11-16T22:20:26.186+0000] {subprocess.py:93} INFO - tmp061o5asr
[2022-11-16T22:20:26.187+0000] {subprocess.py:93} INFO - tmp1b_v374g
[2022-11-16T22:20:26.187+0000] {subprocess.py:93} INFO - tmp2n3y4qb3
[2022-11-16T22:20:26.187+0000] {subprocess.py:93} INFO - tmp2ztydtyd
[2022-11-16T22:20:26.187+0000] {subprocess.py:93} INFO - tmp546oqdk0
[2022-11-16T22:20:26.188+0000] {subprocess.py:93} INFO - tmp57roj99h
[2022-11-16T22:20:26.188+0000] {subprocess.py:93} INFO - tmp5lejojs5
[2022-11-16T22:20:26.188+0000] {subprocess.py:93} INFO - tmp5nj2onwa
[2022-11-16T22:20:26.188+0000] {subprocess.py:93} INFO - tmp64cxrvul
[2022-11-16T22:20:26.189+0000] {subprocess.py:93} INFO - tmp6g4l21c1
[2022-11-16T22:20:26.189+0000] {subprocess.py:93} INFO - tmp7c6bgots
[2022-11-16T22:20:26.189+0000] {subprocess.py:93} INFO - tmp7khebugo
[2022-11-16T22:20:26.189+0000] {subprocess.py:93} INFO - tmp7lvtz6wk
[2022-11-16T22:20:26.190+0000] {subprocess.py:93} INFO - tmp8_n1aj39
[2022-11-16T22:20:26.190+0000] {subprocess.py:93} INFO - tmp8c_dsk2e
[2022-11-16T22:20:26.190+0000] {subprocess.py:93} INFO - tmp928ntdt7
[2022-11-16T22:20:26.190+0000] {subprocess.py:93} INFO - tmp9503grtb
[2022-11-16T22:20:26.190+0000] {subprocess.py:93} INFO - tmp_afh1uos
[2022-11-16T22:20:26.191+0000] {subprocess.py:93} INFO - tmp_m6lsnw3
[2022-11-16T22:20:26.191+0000] {subprocess.py:93} INFO - tmp_vy6n6_q
[2022-11-16T22:20:26.191+0000] {subprocess.py:93} INFO - tmpcnj5oj8y
[2022-11-16T22:20:26.192+0000] {subprocess.py:93} INFO - tmpcu_pom_6
[2022-11-16T22:20:26.192+0000] {subprocess.py:93} INFO - tmpdmc2g1zb
[2022-11-16T22:20:26.192+0000] {subprocess.py:93} INFO - tmpe4k1ogev
[2022-11-16T22:20:26.192+0000] {subprocess.py:93} INFO - tmpg_n88zm7
[2022-11-16T22:20:26.193+0000] {subprocess.py:93} INFO - tmpgg8mkst1
[2022-11-16T22:20:26.193+0000] {subprocess.py:93} INFO - tmpgi8v82jx
[2022-11-16T22:20:26.193+0000] {subprocess.py:93} INFO - tmpiez6kail
[2022-11-16T22:20:26.193+0000] {subprocess.py:93} INFO - tmpj1n4wxza
[2022-11-16T22:20:26.194+0000] {subprocess.py:93} INFO - tmpjsznho2e
[2022-11-16T22:20:26.194+0000] {subprocess.py:93} INFO - tmpkrg9_cgk
[2022-11-16T22:20:26.194+0000] {subprocess.py:93} INFO - tmpl13ymsfs
[2022-11-16T22:20:26.194+0000] {subprocess.py:93} INFO - tmplrbhl64b
[2022-11-16T22:20:26.195+0000] {subprocess.py:93} INFO - tmpn38ozedg
[2022-11-16T22:20:26.195+0000] {subprocess.py:93} INFO - tmpn96u_4ih
[2022-11-16T22:20:26.195+0000] {subprocess.py:93} INFO - tmpo3nf6k5c
[2022-11-16T22:20:26.195+0000] {subprocess.py:93} INFO - tmpoy_ljy8t
[2022-11-16T22:20:26.196+0000] {subprocess.py:93} INFO - tmpp4w9yq6x
[2022-11-16T22:20:26.196+0000] {subprocess.py:93} INFO - tmppfidxzjr
[2022-11-16T22:20:26.196+0000] {subprocess.py:93} INFO - tmpr681bhfw
[2022-11-16T22:20:26.196+0000] {subprocess.py:93} INFO - tmpr9102hwf
[2022-11-16T22:20:26.196+0000] {subprocess.py:93} INFO - tmpt4qo16oq
[2022-11-16T22:20:26.197+0000] {subprocess.py:93} INFO - tmptn832g5z
[2022-11-16T22:20:26.197+0000] {subprocess.py:93} INFO - tmpu9qbl0wh
[2022-11-16T22:20:26.197+0000] {subprocess.py:93} INFO - tmpuq8ywung
[2022-11-16T22:20:26.198+0000] {subprocess.py:93} INFO - tmpv606o9_9
[2022-11-16T22:20:26.198+0000] {subprocess.py:93} INFO - tmpxf7g1lc4
[2022-11-16T22:20:26.199+0000] {subprocess.py:93} INFO - tmpxktobcjf
[2022-11-16T22:20:26.199+0000] {subprocess.py:93} INFO - tmpz91iizm7
[2022-11-16T22:20:26.199+0000] {subprocess.py:93} INFO - head: cannot open '/tmp/platzi_data.csv' for reading: No such file or directory
[2022-11-16T22:20:26.200+0000] {subprocess.py:97} INFO - Command exited with return code 1
[2022-11-16T22:20:26.212+0000] {taskinstance.py:1851} ERROR - Task failed with exception
Traceback (most recent call last):
  File "/home/airflow/.local/lib/python3.7/site-packages/airflow/operators/bash.py", line 197, in execute
    f'Bash command failed. The command returned a non-zero exit code {result.exit_code}.'
airflow.exceptions.AirflowException: Bash command failed. The command returned a non-zero exit code 1.
[2022-11-16T22:20:26.219+0000] {taskinstance.py:1406} INFO - Marking task as FAILED. dag_id=MyPersonalAirflowProject, task_id=Print_Imported_data, execution_date=20221019T000000, start_date=20221116T222025, end_date=20221116T222026
[2022-11-16T22:20:26.234+0000] {standard_task_runner.py:105} ERROR - Failed to execute job 1553 for task Print_Imported_data (Bash command failed. The command returned a non-zero exit code 1.; 5493)
[2022-11-16T22:20:26.277+0000] {local_task_job.py:164} INFO - Task exited with return code 1
[2022-11-16T22:20:26.300+0000] {local_task_job.py:273} INFO - 0 downstream tasks scheduled from follow-on schedule check
[2022-11-17T16:33:38.572+0000] {taskinstance.py:1165} INFO - Dependencies all met for <TaskInstance: MyPersonalAirflowProject.Print_Imported_data scheduled__2022-10-19T00:00:00+00:00 [queued]>
[2022-11-17T16:33:38.588+0000] {taskinstance.py:1165} INFO - Dependencies all met for <TaskInstance: MyPersonalAirflowProject.Print_Imported_data scheduled__2022-10-19T00:00:00+00:00 [queued]>
[2022-11-17T16:33:38.588+0000] {taskinstance.py:1362} INFO - 
--------------------------------------------------------------------------------
[2022-11-17T16:33:38.589+0000] {taskinstance.py:1363} INFO - Starting attempt 1 of 1
[2022-11-17T16:33:38.589+0000] {taskinstance.py:1364} INFO - 
--------------------------------------------------------------------------------
[2022-11-17T16:33:38.613+0000] {taskinstance.py:1383} INFO - Executing <Task(BashOperator): Print_Imported_data> on 2022-10-19 00:00:00+00:00
[2022-11-17T16:33:38.620+0000] {standard_task_runner.py:55} INFO - Started process 3787 to run task
[2022-11-17T16:33:38.623+0000] {standard_task_runner.py:82} INFO - Running: ['***', 'tasks', 'run', 'MyPersonalAirflowProject', 'Print_Imported_data', 'scheduled__2022-10-19T00:00:00+00:00', '--job-id', '2173', '--raw', '--subdir', 'DAGS_FOLDER/FinalPersonalProject.py', '--cfg-path', '/tmp/tmpajpvnn01']
[2022-11-17T16:33:38.624+0000] {standard_task_runner.py:83} INFO - Job 2173: Subtask Print_Imported_data
[2022-11-17T16:33:38.702+0000] {task_command.py:376} INFO - Running <TaskInstance: MyPersonalAirflowProject.Print_Imported_data scheduled__2022-10-19T00:00:00+00:00 [running]> on host 638485efabe7
[2022-11-17T16:33:38.806+0000] {taskinstance.py:1592} INFO - Exporting the following env vars:
AIRFLOW_CTX_DAG_OWNER=***
AIRFLOW_CTX_DAG_ID=MyPersonalAirflowProject
AIRFLOW_CTX_TASK_ID=Print_Imported_data
AIRFLOW_CTX_EXECUTION_DATE=2022-10-19T00:00:00+00:00
AIRFLOW_CTX_TRY_NUMBER=1
AIRFLOW_CTX_DAG_RUN_ID=scheduled__2022-10-19T00:00:00+00:00
[2022-11-17T16:33:38.807+0000] {subprocess.py:63} INFO - Tmp dir root location: 
 /tmp
[2022-11-17T16:33:38.808+0000] {subprocess.py:75} INFO - Running command: ['/bin/bash', '-c', 'ls /tmp/ && head /tmp/platzi_data_20221019.csv']
[2022-11-17T16:33:38.821+0000] {subprocess.py:86} INFO - Output:
[2022-11-17T16:33:38.829+0000] {subprocess.py:93} INFO - ***tmpk5xxq3nx
[2022-11-17T16:33:38.830+0000] {subprocess.py:93} INFO - ***tmplkvca7ip
[2022-11-17T16:33:38.830+0000] {subprocess.py:93} INFO - ***tmpnay_sz9g
[2022-11-17T16:33:38.831+0000] {subprocess.py:93} INFO - ***tmpodkacs8z
[2022-11-17T16:33:38.832+0000] {subprocess.py:93} INFO - file.txt
[2022-11-17T16:33:38.832+0000] {subprocess.py:93} INFO - history.json
[2022-11-17T16:33:38.833+0000] {subprocess.py:93} INFO - platzi_data_20221001.csv
[2022-11-17T16:33:38.834+0000] {subprocess.py:93} INFO - platzi_data_20221002.csv
[2022-11-17T16:33:38.835+0000] {subprocess.py:93} INFO - platzi_data_20221003.csv
[2022-11-17T16:33:38.835+0000] {subprocess.py:93} INFO - platzi_data_20221004.csv
[2022-11-17T16:33:38.836+0000] {subprocess.py:93} INFO - platzi_data_20221005.csv
[2022-11-17T16:33:38.836+0000] {subprocess.py:93} INFO - platzi_data_20221006.csv
[2022-11-17T16:33:38.837+0000] {subprocess.py:93} INFO - platzi_data_20221007.csv
[2022-11-17T16:33:38.838+0000] {subprocess.py:93} INFO - platzi_data_20221008.csv
[2022-11-17T16:33:38.838+0000] {subprocess.py:93} INFO - platzi_data_20221009.csv
[2022-11-17T16:33:38.839+0000] {subprocess.py:93} INFO - platzi_data_20221010.csv
[2022-11-17T16:33:38.839+0000] {subprocess.py:93} INFO - platzi_data_20221011.csv
[2022-11-17T16:33:38.840+0000] {subprocess.py:93} INFO - platzi_data_20221012.csv
[2022-11-17T16:33:38.841+0000] {subprocess.py:93} INFO - platzi_data_20221013.csv
[2022-11-17T16:33:38.841+0000] {subprocess.py:93} INFO - platzi_data_20221014.csv
[2022-11-17T16:33:38.842+0000] {subprocess.py:93} INFO - platzi_data_20221015.csv
[2022-11-17T16:33:38.843+0000] {subprocess.py:93} INFO - platzi_data_20221016.csv
[2022-11-17T16:33:38.843+0000] {subprocess.py:93} INFO - platzi_data_20221017.csv
[2022-11-17T16:33:38.844+0000] {subprocess.py:93} INFO - platzi_data_20221018.csv
[2022-11-17T16:33:38.845+0000] {subprocess.py:93} INFO - platzi_data_20221019.csv
[2022-11-17T16:33:38.845+0000] {subprocess.py:93} INFO - platzi_data_20221020.csv
[2022-11-17T16:33:38.846+0000] {subprocess.py:93} INFO - platzi_data_20221021.csv
[2022-11-17T16:33:38.846+0000] {subprocess.py:93} INFO - platzi_data_20221022.csv
[2022-11-17T16:33:38.847+0000] {subprocess.py:93} INFO - platzi_data_20221023.csv
[2022-11-17T16:33:38.847+0000] {subprocess.py:93} INFO - platzi_data_20221024.csv
[2022-11-17T16:33:38.848+0000] {subprocess.py:93} INFO - platzi_data_20221025.csv
[2022-11-17T16:33:38.848+0000] {subprocess.py:93} INFO - platzi_data_20221026.csv
[2022-11-17T16:33:38.849+0000] {subprocess.py:93} INFO - platzi_data_20221027.csv
[2022-11-17T16:33:38.849+0000] {subprocess.py:93} INFO - platzi_data_20221028.csv
[2022-11-17T16:33:38.850+0000] {subprocess.py:93} INFO - platzi_data_20221029.csv
[2022-11-17T16:33:38.850+0000] {subprocess.py:93} INFO - platzi_data_20221030.csv
[2022-11-17T16:33:38.851+0000] {subprocess.py:93} INFO - platzi_data_20221031.csv
[2022-11-17T16:33:38.851+0000] {subprocess.py:93} INFO - platzi_data_20221101.csv
[2022-11-17T16:33:38.852+0000] {subprocess.py:93} INFO - platzi_data_20221102.csv
[2022-11-17T16:33:38.852+0000] {subprocess.py:93} INFO - platzi_data_20221103.csv
[2022-11-17T16:33:38.853+0000] {subprocess.py:93} INFO - platzi_data_20221104.csv
[2022-11-17T16:33:38.854+0000] {subprocess.py:93} INFO - platzi_data_20221105.csv
[2022-11-17T16:33:38.854+0000] {subprocess.py:93} INFO - platzi_data_20221106.csv
[2022-11-17T16:33:38.855+0000] {subprocess.py:93} INFO - platzi_data_20221107.csv
[2022-11-17T16:33:38.856+0000] {subprocess.py:93} INFO - platzi_data_20221108.csv
[2022-11-17T16:33:38.856+0000] {subprocess.py:93} INFO - platzi_data_20221109.csv
[2022-11-17T16:33:38.857+0000] {subprocess.py:93} INFO - platzi_data_20221110.csv
[2022-11-17T16:33:38.857+0000] {subprocess.py:93} INFO - platzi_data_20221111.csv
[2022-11-17T16:33:38.858+0000] {subprocess.py:93} INFO - platzi_data_20221112.csv
[2022-11-17T16:33:38.858+0000] {subprocess.py:93} INFO - platzi_data_20221113.csv
[2022-11-17T16:33:38.858+0000] {subprocess.py:93} INFO - platzi_data_20221114.csv
[2022-11-17T16:33:38.859+0000] {subprocess.py:93} INFO - platzi_data_20221115.csv
[2022-11-17T16:33:38.859+0000] {subprocess.py:93} INFO - platzi_data_20221116.csv
[2022-11-17T16:33:38.860+0000] {subprocess.py:93} INFO - pymp-8yik9lbi
[2022-11-17T16:33:38.861+0000] {subprocess.py:93} INFO - pymp-sbqt6pho
[2022-11-17T16:33:38.861+0000] {subprocess.py:93} INFO - reponse_20221001.txt
[2022-11-17T16:33:38.862+0000] {subprocess.py:93} INFO - reponse_20221002.txt
[2022-11-17T16:33:38.863+0000] {subprocess.py:93} INFO - reponse_20221003.txt
[2022-11-17T16:33:38.863+0000] {subprocess.py:93} INFO - reponse_20221004.txt
[2022-11-17T16:33:38.864+0000] {subprocess.py:93} INFO - reponse_20221005.txt
[2022-11-17T16:33:38.865+0000] {subprocess.py:93} INFO - reponse_20221006.txt
[2022-11-17T16:33:38.865+0000] {subprocess.py:93} INFO - reponse_20221007.txt
[2022-11-17T16:33:38.866+0000] {subprocess.py:93} INFO - reponse_20221008.txt
[2022-11-17T16:33:38.866+0000] {subprocess.py:93} INFO - reponse_20221009.txt
[2022-11-17T16:33:38.867+0000] {subprocess.py:93} INFO - reponse_20221010.txt
[2022-11-17T16:33:38.867+0000] {subprocess.py:93} INFO - reponse_20221011.txt
[2022-11-17T16:33:38.868+0000] {subprocess.py:93} INFO - reponse_20221012.txt
[2022-11-17T16:33:38.869+0000] {subprocess.py:93} INFO - reponse_20221013.txt
[2022-11-17T16:33:38.870+0000] {subprocess.py:93} INFO - reponse_20221014.txt
[2022-11-17T16:33:38.870+0000] {subprocess.py:93} INFO - reponse_20221015.txt
[2022-11-17T16:33:38.870+0000] {subprocess.py:93} INFO - reponse_20221016.txt
[2022-11-17T16:33:38.871+0000] {subprocess.py:93} INFO - reponse_20221017.txt
[2022-11-17T16:33:38.871+0000] {subprocess.py:93} INFO - reponse_20221018.txt
[2022-11-17T16:33:38.872+0000] {subprocess.py:93} INFO - reponse_20221019.txt
[2022-11-17T16:33:38.872+0000] {subprocess.py:93} INFO - reponse_20221020.txt
[2022-11-17T16:33:38.873+0000] {subprocess.py:93} INFO - reponse_20221021.txt
[2022-11-17T16:33:38.874+0000] {subprocess.py:93} INFO - reponse_20221022.txt
[2022-11-17T16:33:38.874+0000] {subprocess.py:93} INFO - reponse_20221023.txt
[2022-11-17T16:33:38.875+0000] {subprocess.py:93} INFO - reponse_20221024.txt
[2022-11-17T16:33:38.876+0000] {subprocess.py:93} INFO - reponse_20221025.txt
[2022-11-17T16:33:38.877+0000] {subprocess.py:93} INFO - reponse_20221026.txt
[2022-11-17T16:33:38.877+0000] {subprocess.py:93} INFO - reponse_20221027.txt
[2022-11-17T16:33:38.878+0000] {subprocess.py:93} INFO - reponse_20221028.txt
[2022-11-17T16:33:38.878+0000] {subprocess.py:93} INFO - reponse_20221029.txt
[2022-11-17T16:33:38.879+0000] {subprocess.py:93} INFO - reponse_20221030.txt
[2022-11-17T16:33:38.880+0000] {subprocess.py:93} INFO - reponse_20221031.txt
[2022-11-17T16:33:38.880+0000] {subprocess.py:93} INFO - reponse_20221101.txt
[2022-11-17T16:33:38.881+0000] {subprocess.py:93} INFO - reponse_20221102.txt
[2022-11-17T16:33:38.882+0000] {subprocess.py:93} INFO - reponse_20221103.txt
[2022-11-17T16:33:38.882+0000] {subprocess.py:93} INFO - reponse_20221104.txt
[2022-11-17T16:33:38.883+0000] {subprocess.py:93} INFO - reponse_20221105.txt
[2022-11-17T16:33:38.883+0000] {subprocess.py:93} INFO - reponse_20221106.txt
[2022-11-17T16:33:38.883+0000] {subprocess.py:93} INFO - reponse_20221107.txt
[2022-11-17T16:33:38.884+0000] {subprocess.py:93} INFO - reponse_20221108.txt
[2022-11-17T16:33:38.884+0000] {subprocess.py:93} INFO - reponse_20221109.txt
[2022-11-17T16:33:38.884+0000] {subprocess.py:93} INFO - reponse_20221110.txt
[2022-11-17T16:33:38.885+0000] {subprocess.py:93} INFO - reponse_20221111.txt
[2022-11-17T16:33:38.886+0000] {subprocess.py:93} INFO - reponse_20221112.txt
[2022-11-17T16:33:38.886+0000] {subprocess.py:93} INFO - reponse_20221113.txt
[2022-11-17T16:33:38.887+0000] {subprocess.py:93} INFO - reponse_20221114.txt
[2022-11-17T16:33:38.887+0000] {subprocess.py:93} INFO - reponse_20221115.txt
[2022-11-17T16:33:38.887+0000] {subprocess.py:93} INFO - reponse_20221116.txt
[2022-11-17T16:33:38.888+0000] {subprocess.py:93} INFO - tmp061o5asr
[2022-11-17T16:33:38.888+0000] {subprocess.py:93} INFO - tmp1b_v374g
[2022-11-17T16:33:38.889+0000] {subprocess.py:93} INFO - tmp2n3y4qb3
[2022-11-17T16:33:38.889+0000] {subprocess.py:93} INFO - tmp2ztydtyd
[2022-11-17T16:33:38.890+0000] {subprocess.py:93} INFO - tmp546oqdk0
[2022-11-17T16:33:38.890+0000] {subprocess.py:93} INFO - tmp57roj99h
[2022-11-17T16:33:38.890+0000] {subprocess.py:93} INFO - tmp5lejojs5
[2022-11-17T16:33:38.891+0000] {subprocess.py:93} INFO - tmp5nj2onwa
[2022-11-17T16:33:38.891+0000] {subprocess.py:93} INFO - tmp64cxrvul
[2022-11-17T16:33:38.892+0000] {subprocess.py:93} INFO - tmp6g4l21c1
[2022-11-17T16:33:38.892+0000] {subprocess.py:93} INFO - tmp7c6bgots
[2022-11-17T16:33:38.893+0000] {subprocess.py:93} INFO - tmp7khebugo
[2022-11-17T16:33:38.893+0000] {subprocess.py:93} INFO - tmp7lvtz6wk
[2022-11-17T16:33:38.894+0000] {subprocess.py:93} INFO - tmp8_n1aj39
[2022-11-17T16:33:38.895+0000] {subprocess.py:93} INFO - tmp8c_dsk2e
[2022-11-17T16:33:38.895+0000] {subprocess.py:93} INFO - tmp928ntdt7
[2022-11-17T16:33:38.895+0000] {subprocess.py:93} INFO - tmp9503grtb
[2022-11-17T16:33:38.896+0000] {subprocess.py:93} INFO - tmp_afh1uos
[2022-11-17T16:33:38.896+0000] {subprocess.py:93} INFO - tmp_m6lsnw3
[2022-11-17T16:33:38.896+0000] {subprocess.py:93} INFO - tmp_vy6n6_q
[2022-11-17T16:33:38.897+0000] {subprocess.py:93} INFO - tmpcnj5oj8y
[2022-11-17T16:33:38.897+0000] {subprocess.py:93} INFO - tmpcu_pom_6
[2022-11-17T16:33:38.898+0000] {subprocess.py:93} INFO - tmpdmc2g1zb
[2022-11-17T16:33:38.899+0000] {subprocess.py:93} INFO - tmpe4k1ogev
[2022-11-17T16:33:38.899+0000] {subprocess.py:93} INFO - tmpg_n88zm7
[2022-11-17T16:33:38.900+0000] {subprocess.py:93} INFO - tmpgg8mkst1
[2022-11-17T16:33:38.900+0000] {subprocess.py:93} INFO - tmpgi8v82jx
[2022-11-17T16:33:38.901+0000] {subprocess.py:93} INFO - tmpiez6kail
[2022-11-17T16:33:38.902+0000] {subprocess.py:93} INFO - tmpj1n4wxza
[2022-11-17T16:33:38.902+0000] {subprocess.py:93} INFO - tmpjsznho2e
[2022-11-17T16:33:38.903+0000] {subprocess.py:93} INFO - tmpkrg9_cgk
[2022-11-17T16:33:38.903+0000] {subprocess.py:93} INFO - tmpl13ymsfs
[2022-11-17T16:33:38.904+0000] {subprocess.py:93} INFO - tmplrbhl64b
[2022-11-17T16:33:38.904+0000] {subprocess.py:93} INFO - tmpn38ozedg
[2022-11-17T16:33:38.904+0000] {subprocess.py:93} INFO - tmpn96u_4ih
[2022-11-17T16:33:38.905+0000] {subprocess.py:93} INFO - tmpo3nf6k5c
[2022-11-17T16:33:38.905+0000] {subprocess.py:93} INFO - tmpoy_ljy8t
[2022-11-17T16:33:38.905+0000] {subprocess.py:93} INFO - tmpp4w9yq6x
[2022-11-17T16:33:38.906+0000] {subprocess.py:93} INFO - tmppfidxzjr
[2022-11-17T16:33:38.906+0000] {subprocess.py:93} INFO - tmpr681bhfw
[2022-11-17T16:33:38.907+0000] {subprocess.py:93} INFO - tmpr9102hwf
[2022-11-17T16:33:38.907+0000] {subprocess.py:93} INFO - tmpt4qo16oq
[2022-11-17T16:33:38.908+0000] {subprocess.py:93} INFO - tmptn832g5z
[2022-11-17T16:33:38.909+0000] {subprocess.py:93} INFO - tmpu9qbl0wh
[2022-11-17T16:33:38.910+0000] {subprocess.py:93} INFO - tmpuq8ywung
[2022-11-17T16:33:38.911+0000] {subprocess.py:93} INFO - tmpv606o9_9
[2022-11-17T16:33:38.911+0000] {subprocess.py:93} INFO - tmpxf7g1lc4
[2022-11-17T16:33:38.912+0000] {subprocess.py:93} INFO - tmpxktobcjf
[2022-11-17T16:33:38.912+0000] {subprocess.py:93} INFO - tmpz91iizm7
[2022-11-17T16:33:38.913+0000] {subprocess.py:93} INFO - ,student,timestamp
[2022-11-17T16:33:38.913+0000] {subprocess.py:93} INFO - 0,Maria Cruz,2022-10-19 00:00:00+00:00
[2022-11-17T16:33:38.913+0000] {subprocess.py:93} INFO - 1,Daniel Crema,2022-10-19 00:00:00+00:00
[2022-11-17T16:33:38.914+0000] {subprocess.py:93} INFO - 2,Elon Musk,2022-10-19 00:00:00+00:00
[2022-11-17T16:33:38.914+0000] {subprocess.py:93} INFO - 3,Karol Castrejon,2022-10-19 00:00:00+00:00
[2022-11-17T16:33:38.914+0000] {subprocess.py:93} INFO - 4,Freddy Vega,2022-10-19 00:00:00+00:00
[2022-11-17T16:33:38.915+0000] {subprocess.py:93} INFO - 5,Freddy Montañez,2022-10-19 00:00:00+00:00
[2022-11-17T16:33:38.915+0000] {subprocess.py:97} INFO - Command exited with return code 0
[2022-11-17T16:33:38.949+0000] {taskinstance.py:1406} INFO - Marking task as SUCCESS. dag_id=MyPersonalAirflowProject, task_id=Print_Imported_data, execution_date=20221019T000000, start_date=20221117T163338, end_date=20221117T163338
[2022-11-17T16:33:38.996+0000] {local_task_job.py:164} INFO - Task exited with return code 0
[2022-11-17T16:33:39.024+0000] {local_task_job.py:273} INFO - 2 downstream tasks scheduled from follow-on schedule check
[2022-11-17T17:25:44.936+0000] {taskinstance.py:1165} INFO - Dependencies all met for <TaskInstance: MyPersonalAirflowProject.Print_Imported_data scheduled__2022-10-19T00:00:00+00:00 [queued]>
[2022-11-17T17:25:44.951+0000] {taskinstance.py:1165} INFO - Dependencies all met for <TaskInstance: MyPersonalAirflowProject.Print_Imported_data scheduled__2022-10-19T00:00:00+00:00 [queued]>
[2022-11-17T17:25:44.952+0000] {taskinstance.py:1362} INFO - 
--------------------------------------------------------------------------------
[2022-11-17T17:25:44.952+0000] {taskinstance.py:1363} INFO - Starting attempt 1 of 1
[2022-11-17T17:25:44.953+0000] {taskinstance.py:1364} INFO - 
--------------------------------------------------------------------------------
[2022-11-17T17:25:44.971+0000] {taskinstance.py:1383} INFO - Executing <Task(BashOperator): Print_Imported_data> on 2022-10-19 00:00:00+00:00
[2022-11-17T17:25:45.025+0000] {standard_task_runner.py:55} INFO - Started process 7430 to run task
[2022-11-17T17:25:45.029+0000] {standard_task_runner.py:82} INFO - Running: ['***', 'tasks', 'run', 'MyPersonalAirflowProject', 'Print_Imported_data', 'scheduled__2022-10-19T00:00:00+00:00', '--job-id', '2583', '--raw', '--subdir', 'DAGS_FOLDER/FinalPersonalProject.py', '--cfg-path', '/tmp/tmp9u4z0263']
[2022-11-17T17:25:45.029+0000] {standard_task_runner.py:83} INFO - Job 2583: Subtask Print_Imported_data
[2022-11-17T17:25:45.104+0000] {task_command.py:376} INFO - Running <TaskInstance: MyPersonalAirflowProject.Print_Imported_data scheduled__2022-10-19T00:00:00+00:00 [running]> on host 638485efabe7
[2022-11-17T17:25:45.181+0000] {taskinstance.py:1592} INFO - Exporting the following env vars:
AIRFLOW_CTX_DAG_OWNER=***
AIRFLOW_CTX_DAG_ID=MyPersonalAirflowProject
AIRFLOW_CTX_TASK_ID=Print_Imported_data
AIRFLOW_CTX_EXECUTION_DATE=2022-10-19T00:00:00+00:00
AIRFLOW_CTX_TRY_NUMBER=1
AIRFLOW_CTX_DAG_RUN_ID=scheduled__2022-10-19T00:00:00+00:00
[2022-11-17T17:25:45.182+0000] {subprocess.py:63} INFO - Tmp dir root location: 
 /tmp
[2022-11-17T17:25:45.183+0000] {subprocess.py:75} INFO - Running command: ['/bin/bash', '-c', 'ls /tmp/ && head /tmp/platzi_data_20221019.csv']
[2022-11-17T17:25:45.197+0000] {subprocess.py:86} INFO - Output:
[2022-11-17T17:25:45.201+0000] {subprocess.py:93} INFO - ***tmpb_ajyiee
[2022-11-17T17:25:45.201+0000] {subprocess.py:93} INFO - ***tmpk5xxq3nx
[2022-11-17T17:25:45.202+0000] {subprocess.py:93} INFO - ***tmplkvca7ip
[2022-11-17T17:25:45.202+0000] {subprocess.py:93} INFO - ***tmpodkacs8z
[2022-11-17T17:25:45.203+0000] {subprocess.py:93} INFO - file.txt
[2022-11-17T17:25:45.203+0000] {subprocess.py:93} INFO - history.json
[2022-11-17T17:25:45.203+0000] {subprocess.py:93} INFO - platzi_data_20221001.csv
[2022-11-17T17:25:45.204+0000] {subprocess.py:93} INFO - platzi_data_20221002.csv
[2022-11-17T17:25:45.204+0000] {subprocess.py:93} INFO - platzi_data_20221003.csv
[2022-11-17T17:25:45.204+0000] {subprocess.py:93} INFO - platzi_data_20221004.csv
[2022-11-17T17:25:45.205+0000] {subprocess.py:93} INFO - platzi_data_20221005.csv
[2022-11-17T17:25:45.205+0000] {subprocess.py:93} INFO - platzi_data_20221006.csv
[2022-11-17T17:25:45.206+0000] {subprocess.py:93} INFO - platzi_data_20221007.csv
[2022-11-17T17:25:45.206+0000] {subprocess.py:93} INFO - platzi_data_20221008.csv
[2022-11-17T17:25:45.206+0000] {subprocess.py:93} INFO - platzi_data_20221009.csv
[2022-11-17T17:25:45.207+0000] {subprocess.py:93} INFO - platzi_data_20221010.csv
[2022-11-17T17:25:45.207+0000] {subprocess.py:93} INFO - platzi_data_20221011.csv
[2022-11-17T17:25:45.208+0000] {subprocess.py:93} INFO - platzi_data_20221012.csv
[2022-11-17T17:25:45.208+0000] {subprocess.py:93} INFO - platzi_data_20221013.csv
[2022-11-17T17:25:45.208+0000] {subprocess.py:93} INFO - platzi_data_20221014.csv
[2022-11-17T17:25:45.209+0000] {subprocess.py:93} INFO - platzi_data_20221015.csv
[2022-11-17T17:25:45.209+0000] {subprocess.py:93} INFO - platzi_data_20221016.csv
[2022-11-17T17:25:45.209+0000] {subprocess.py:93} INFO - platzi_data_20221017.csv
[2022-11-17T17:25:45.210+0000] {subprocess.py:93} INFO - platzi_data_20221018.csv
[2022-11-17T17:25:45.210+0000] {subprocess.py:93} INFO - platzi_data_20221019.csv
[2022-11-17T17:25:45.210+0000] {subprocess.py:93} INFO - platzi_data_20221020.csv
[2022-11-17T17:25:45.211+0000] {subprocess.py:93} INFO - platzi_data_20221021.csv
[2022-11-17T17:25:45.211+0000] {subprocess.py:93} INFO - platzi_data_20221022.csv
[2022-11-17T17:25:45.211+0000] {subprocess.py:93} INFO - platzi_data_20221023.csv
[2022-11-17T17:25:45.212+0000] {subprocess.py:93} INFO - platzi_data_20221024.csv
[2022-11-17T17:25:45.212+0000] {subprocess.py:93} INFO - platzi_data_20221025.csv
[2022-11-17T17:25:45.213+0000] {subprocess.py:93} INFO - platzi_data_20221026.csv
[2022-11-17T17:25:45.213+0000] {subprocess.py:93} INFO - platzi_data_20221027.csv
[2022-11-17T17:25:45.213+0000] {subprocess.py:93} INFO - platzi_data_20221028.csv
[2022-11-17T17:25:45.214+0000] {subprocess.py:93} INFO - platzi_data_20221029.csv
[2022-11-17T17:25:45.214+0000] {subprocess.py:93} INFO - platzi_data_20221030.csv
[2022-11-17T17:25:45.214+0000] {subprocess.py:93} INFO - platzi_data_20221031.csv
[2022-11-17T17:25:45.215+0000] {subprocess.py:93} INFO - platzi_data_20221101.csv
[2022-11-17T17:25:45.215+0000] {subprocess.py:93} INFO - platzi_data_20221102.csv
[2022-11-17T17:25:45.215+0000] {subprocess.py:93} INFO - platzi_data_20221103.csv
[2022-11-17T17:25:45.216+0000] {subprocess.py:93} INFO - platzi_data_20221104.csv
[2022-11-17T17:25:45.216+0000] {subprocess.py:93} INFO - platzi_data_20221105.csv
[2022-11-17T17:25:45.216+0000] {subprocess.py:93} INFO - platzi_data_20221106.csv
[2022-11-17T17:25:45.217+0000] {subprocess.py:93} INFO - platzi_data_20221107.csv
[2022-11-17T17:25:45.217+0000] {subprocess.py:93} INFO - platzi_data_20221108.csv
[2022-11-17T17:25:45.217+0000] {subprocess.py:93} INFO - platzi_data_20221109.csv
[2022-11-17T17:25:45.218+0000] {subprocess.py:93} INFO - platzi_data_20221110.csv
[2022-11-17T17:25:45.218+0000] {subprocess.py:93} INFO - platzi_data_20221111.csv
[2022-11-17T17:25:45.218+0000] {subprocess.py:93} INFO - platzi_data_20221112.csv
[2022-11-17T17:25:45.218+0000] {subprocess.py:93} INFO - platzi_data_20221113.csv
[2022-11-17T17:25:45.219+0000] {subprocess.py:93} INFO - platzi_data_20221114.csv
[2022-11-17T17:25:45.219+0000] {subprocess.py:93} INFO - platzi_data_20221115.csv
[2022-11-17T17:25:45.219+0000] {subprocess.py:93} INFO - platzi_data_20221116.csv
[2022-11-17T17:25:45.220+0000] {subprocess.py:93} INFO - pymp-8yik9lbi
[2022-11-17T17:25:45.220+0000] {subprocess.py:93} INFO - pymp-sbqt6pho
[2022-11-17T17:25:45.220+0000] {subprocess.py:93} INFO - reponse_20221001.txt
[2022-11-17T17:25:45.221+0000] {subprocess.py:93} INFO - reponse_20221002.txt
[2022-11-17T17:25:45.221+0000] {subprocess.py:93} INFO - reponse_20221003.txt
[2022-11-17T17:25:45.221+0000] {subprocess.py:93} INFO - reponse_20221004.txt
[2022-11-17T17:25:45.222+0000] {subprocess.py:93} INFO - reponse_20221005.txt
[2022-11-17T17:25:45.222+0000] {subprocess.py:93} INFO - reponse_20221006.txt
[2022-11-17T17:25:45.222+0000] {subprocess.py:93} INFO - reponse_20221007.txt
[2022-11-17T17:25:45.223+0000] {subprocess.py:93} INFO - reponse_20221008.txt
[2022-11-17T17:25:45.223+0000] {subprocess.py:93} INFO - reponse_20221009.txt
[2022-11-17T17:25:45.224+0000] {subprocess.py:93} INFO - reponse_20221010.txt
[2022-11-17T17:25:45.224+0000] {subprocess.py:93} INFO - reponse_20221011.txt
[2022-11-17T17:25:45.225+0000] {subprocess.py:93} INFO - reponse_20221012.txt
[2022-11-17T17:25:45.225+0000] {subprocess.py:93} INFO - reponse_20221013.txt
[2022-11-17T17:25:45.225+0000] {subprocess.py:93} INFO - reponse_20221014.txt
[2022-11-17T17:25:45.226+0000] {subprocess.py:93} INFO - reponse_20221015.txt
[2022-11-17T17:25:45.226+0000] {subprocess.py:93} INFO - reponse_20221016.txt
[2022-11-17T17:25:45.226+0000] {subprocess.py:93} INFO - reponse_20221017.txt
[2022-11-17T17:25:45.227+0000] {subprocess.py:93} INFO - reponse_20221018.txt
[2022-11-17T17:25:45.227+0000] {subprocess.py:93} INFO - reponse_20221019.txt
[2022-11-17T17:25:45.228+0000] {subprocess.py:93} INFO - reponse_20221020.txt
[2022-11-17T17:25:45.228+0000] {subprocess.py:93} INFO - reponse_20221021.txt
[2022-11-17T17:25:45.228+0000] {subprocess.py:93} INFO - reponse_20221022.txt
[2022-11-17T17:25:45.229+0000] {subprocess.py:93} INFO - reponse_20221023.txt
[2022-11-17T17:25:45.229+0000] {subprocess.py:93} INFO - reponse_20221024.txt
[2022-11-17T17:25:45.229+0000] {subprocess.py:93} INFO - reponse_20221025.txt
[2022-11-17T17:25:45.230+0000] {subprocess.py:93} INFO - reponse_20221026.txt
[2022-11-17T17:25:45.230+0000] {subprocess.py:93} INFO - reponse_20221027.txt
[2022-11-17T17:25:45.230+0000] {subprocess.py:93} INFO - reponse_20221028.txt
[2022-11-17T17:25:45.231+0000] {subprocess.py:93} INFO - reponse_20221029.txt
[2022-11-17T17:25:45.231+0000] {subprocess.py:93} INFO - reponse_20221030.txt
[2022-11-17T17:25:45.231+0000] {subprocess.py:93} INFO - reponse_20221031.txt
[2022-11-17T17:25:45.232+0000] {subprocess.py:93} INFO - reponse_20221101.txt
[2022-11-17T17:25:45.232+0000] {subprocess.py:93} INFO - reponse_20221102.txt
[2022-11-17T17:25:45.232+0000] {subprocess.py:93} INFO - reponse_20221103.txt
[2022-11-17T17:25:45.233+0000] {subprocess.py:93} INFO - reponse_20221104.txt
[2022-11-17T17:25:45.233+0000] {subprocess.py:93} INFO - reponse_20221105.txt
[2022-11-17T17:25:45.233+0000] {subprocess.py:93} INFO - reponse_20221106.txt
[2022-11-17T17:25:45.234+0000] {subprocess.py:93} INFO - reponse_20221107.txt
[2022-11-17T17:25:45.234+0000] {subprocess.py:93} INFO - reponse_20221108.txt
[2022-11-17T17:25:45.235+0000] {subprocess.py:93} INFO - reponse_20221109.txt
[2022-11-17T17:25:45.235+0000] {subprocess.py:93} INFO - reponse_20221110.txt
[2022-11-17T17:25:45.235+0000] {subprocess.py:93} INFO - reponse_20221111.txt
[2022-11-17T17:25:45.236+0000] {subprocess.py:93} INFO - reponse_20221112.txt
[2022-11-17T17:25:45.236+0000] {subprocess.py:93} INFO - reponse_20221113.txt
[2022-11-17T17:25:45.236+0000] {subprocess.py:93} INFO - reponse_20221114.txt
[2022-11-17T17:25:45.237+0000] {subprocess.py:93} INFO - reponse_20221115.txt
[2022-11-17T17:25:45.237+0000] {subprocess.py:93} INFO - reponse_20221116.txt
[2022-11-17T17:25:45.237+0000] {subprocess.py:93} INFO - tmp061o5asr
[2022-11-17T17:25:45.238+0000] {subprocess.py:93} INFO - tmp1b_v374g
[2022-11-17T17:25:45.238+0000] {subprocess.py:93} INFO - tmp2n3y4qb3
[2022-11-17T17:25:45.238+0000] {subprocess.py:93} INFO - tmp2ztydtyd
[2022-11-17T17:25:45.239+0000] {subprocess.py:93} INFO - tmp546oqdk0
[2022-11-17T17:25:45.239+0000] {subprocess.py:93} INFO - tmp57roj99h
[2022-11-17T17:25:45.239+0000] {subprocess.py:93} INFO - tmp5lejojs5
[2022-11-17T17:25:45.239+0000] {subprocess.py:93} INFO - tmp5nj2onwa
[2022-11-17T17:25:45.240+0000] {subprocess.py:93} INFO - tmp64cxrvul
[2022-11-17T17:25:45.240+0000] {subprocess.py:93} INFO - tmp6g4l21c1
[2022-11-17T17:25:45.240+0000] {subprocess.py:93} INFO - tmp7c6bgots
[2022-11-17T17:25:45.241+0000] {subprocess.py:93} INFO - tmp7khebugo
[2022-11-17T17:25:45.241+0000] {subprocess.py:93} INFO - tmp7lvtz6wk
[2022-11-17T17:25:45.241+0000] {subprocess.py:93} INFO - tmp8_n1aj39
[2022-11-17T17:25:45.242+0000] {subprocess.py:93} INFO - tmp8c_dsk2e
[2022-11-17T17:25:45.242+0000] {subprocess.py:93} INFO - tmp928ntdt7
[2022-11-17T17:25:45.243+0000] {subprocess.py:93} INFO - tmp9503grtb
[2022-11-17T17:25:45.243+0000] {subprocess.py:93} INFO - tmp_afh1uos
[2022-11-17T17:25:45.244+0000] {subprocess.py:93} INFO - tmp_m6lsnw3
[2022-11-17T17:25:45.244+0000] {subprocess.py:93} INFO - tmp_vy6n6_q
[2022-11-17T17:25:45.244+0000] {subprocess.py:93} INFO - tmpcnj5oj8y
[2022-11-17T17:25:45.245+0000] {subprocess.py:93} INFO - tmpcu_pom_6
[2022-11-17T17:25:45.245+0000] {subprocess.py:93} INFO - tmpdmc2g1zb
[2022-11-17T17:25:45.245+0000] {subprocess.py:93} INFO - tmpe4k1ogev
[2022-11-17T17:25:45.245+0000] {subprocess.py:93} INFO - tmpg_n88zm7
[2022-11-17T17:25:45.246+0000] {subprocess.py:93} INFO - tmpgg8mkst1
[2022-11-17T17:25:45.246+0000] {subprocess.py:93} INFO - tmpgi8v82jx
[2022-11-17T17:25:45.246+0000] {subprocess.py:93} INFO - tmpiez6kail
[2022-11-17T17:25:45.247+0000] {subprocess.py:93} INFO - tmpj1n4wxza
[2022-11-17T17:25:45.247+0000] {subprocess.py:93} INFO - tmpjsznho2e
[2022-11-17T17:25:45.247+0000] {subprocess.py:93} INFO - tmpkrg9_cgk
[2022-11-17T17:25:45.248+0000] {subprocess.py:93} INFO - tmpl13ymsfs
[2022-11-17T17:25:45.248+0000] {subprocess.py:93} INFO - tmplrbhl64b
[2022-11-17T17:25:45.248+0000] {subprocess.py:93} INFO - tmpn38ozedg
[2022-11-17T17:25:45.249+0000] {subprocess.py:93} INFO - tmpn96u_4ih
[2022-11-17T17:25:45.249+0000] {subprocess.py:93} INFO - tmpo3nf6k5c
[2022-11-17T17:25:45.249+0000] {subprocess.py:93} INFO - tmpoy_ljy8t
[2022-11-17T17:25:45.250+0000] {subprocess.py:93} INFO - tmpp4w9yq6x
[2022-11-17T17:25:45.250+0000] {subprocess.py:93} INFO - tmppfidxzjr
[2022-11-17T17:25:45.250+0000] {subprocess.py:93} INFO - tmpr681bhfw
[2022-11-17T17:25:45.251+0000] {subprocess.py:93} INFO - tmpr9102hwf
[2022-11-17T17:25:45.251+0000] {subprocess.py:93} INFO - tmpt4qo16oq
[2022-11-17T17:25:45.251+0000] {subprocess.py:93} INFO - tmptn832g5z
[2022-11-17T17:25:45.252+0000] {subprocess.py:93} INFO - tmpu9qbl0wh
[2022-11-17T17:25:45.252+0000] {subprocess.py:93} INFO - tmpuq8ywung
[2022-11-17T17:25:45.252+0000] {subprocess.py:93} INFO - tmpv606o9_9
[2022-11-17T17:25:45.253+0000] {subprocess.py:93} INFO - tmpxf7g1lc4
[2022-11-17T17:25:45.253+0000] {subprocess.py:93} INFO - tmpxktobcjf
[2022-11-17T17:25:45.253+0000] {subprocess.py:93} INFO - tmpz91iizm7
[2022-11-17T17:25:45.254+0000] {subprocess.py:93} INFO - ,student,timestamp
[2022-11-17T17:25:45.254+0000] {subprocess.py:93} INFO - 0,Maria Cruz,2022-10-19 00:00:00+00:00
[2022-11-17T17:25:45.254+0000] {subprocess.py:93} INFO - 1,Daniel Crema,2022-10-19 00:00:00+00:00
[2022-11-17T17:25:45.255+0000] {subprocess.py:93} INFO - 2,Elon Musk,2022-10-19 00:00:00+00:00
[2022-11-17T17:25:45.255+0000] {subprocess.py:93} INFO - 3,Karol Castrejon,2022-10-19 00:00:00+00:00
[2022-11-17T17:25:45.255+0000] {subprocess.py:93} INFO - 4,Freddy Vega,2022-10-19 00:00:00+00:00
[2022-11-17T17:25:45.256+0000] {subprocess.py:93} INFO - 5,Freddy Montañez,2022-10-19 00:00:00+00:00
[2022-11-17T17:25:45.256+0000] {subprocess.py:97} INFO - Command exited with return code 0
[2022-11-17T17:25:45.284+0000] {taskinstance.py:1406} INFO - Marking task as SUCCESS. dag_id=MyPersonalAirflowProject, task_id=Print_Imported_data, execution_date=20221019T000000, start_date=20221117T172544, end_date=20221117T172545
[2022-11-17T17:25:45.322+0000] {local_task_job.py:164} INFO - Task exited with return code 0
[2022-11-17T17:25:45.349+0000] {local_task_job.py:273} INFO - 2 downstream tasks scheduled from follow-on schedule check
