[2022-11-08T20:56:04.383+0000] {taskinstance.py:1165} INFO - Dependencies all met for <TaskInstance: 6-monitoring_2.task2 scheduled__2022-01-01T00:00:00+00:00 [queued]>
[2022-11-08T20:56:04.397+0000] {taskinstance.py:1165} INFO - Dependencies all met for <TaskInstance: 6-monitoring_2.task2 scheduled__2022-01-01T00:00:00+00:00 [queued]>
[2022-11-08T20:56:04.398+0000] {taskinstance.py:1362} INFO - 
--------------------------------------------------------------------------------
[2022-11-08T20:56:04.399+0000] {taskinstance.py:1363} INFO - Starting attempt 1 of 3
[2022-11-08T20:56:04.399+0000] {taskinstance.py:1364} INFO - 
--------------------------------------------------------------------------------
[2022-11-08T20:56:04.416+0000] {taskinstance.py:1383} INFO - Executing <Task(BashOperator): task2> on 2022-01-01 00:00:00+00:00
[2022-11-08T20:56:04.422+0000] {standard_task_runner.py:55} INFO - Started process 3933 to run task
[2022-11-08T20:56:04.425+0000] {standard_task_runner.py:82} INFO - Running: ['***', 'tasks', 'run', '6-monitoring_2', 'task2', 'scheduled__2022-01-01T00:00:00+00:00', '--job-id', '593', '--raw', '--subdir', 'DAGS_FOLDER/6.2-monitoring.py', '--cfg-path', '/tmp/tmplhifjsfb']
[2022-11-08T20:56:04.426+0000] {standard_task_runner.py:83} INFO - Job 593: Subtask task2
[2022-11-08T20:56:04.491+0000] {task_command.py:376} INFO - Running <TaskInstance: 6-monitoring_2.task2 scheduled__2022-01-01T00:00:00+00:00 [running]> on host 638485efabe7
[2022-11-08T20:56:04.564+0000] {taskinstance.py:1592} INFO - Exporting the following env vars:
AIRFLOW_CTX_DAG_OWNER=***
AIRFLOW_CTX_DAG_ID=6-monitoring_2
AIRFLOW_CTX_TASK_ID=task2
AIRFLOW_CTX_EXECUTION_DATE=2022-01-01T00:00:00+00:00
AIRFLOW_CTX_TRY_NUMBER=1
AIRFLOW_CTX_DAG_RUN_ID=scheduled__2022-01-01T00:00:00+00:00
[2022-11-08T20:56:04.566+0000] {subprocess.py:63} INFO - Tmp dir root location: 
 /tmp
[2022-11-08T20:56:04.567+0000] {subprocess.py:75} INFO - Running command: ['/bin/bash', '-c', "sleep 3 && echo 'task2'"]
[2022-11-08T20:56:04.579+0000] {subprocess.py:86} INFO - Output:
[2022-11-08T20:56:07.668+0000] {subprocess.py:93} INFO - task2
[2022-11-08T20:56:07.669+0000] {subprocess.py:97} INFO - Command exited with return code 0
[2022-11-08T20:56:07.700+0000] {taskinstance.py:1406} INFO - Marking task as SUCCESS. dag_id=6-monitoring_2, task_id=task2, execution_date=20220101T000000, start_date=20221108T205604, end_date=20221108T205607
[2022-11-08T20:56:07.885+0000] {local_task_job.py:164} INFO - Task exited with return code 0
[2022-11-08T20:56:07.919+0000] {local_task_job.py:273} INFO - 0 downstream tasks scheduled from follow-on schedule check
