[2022-11-15T19:58:08.005+0000] {taskinstance.py:1159} INFO - Dependencies not met for <TaskInstance: 10-branching.branch scheduled__2022-07-07T00:00:00+00:00 [queued]>, dependency 'Execution Date' FAILED: The execution date is 2022-07-07T00:00:00+00:00 but this is after the task's end date 2022-07-01T00:00:00+00:00.
[2022-11-15T19:58:08.036+0000] {local_task_job.py:103} INFO - Task is not able to be run
[2022-11-15T21:06:30.871+0000] {taskinstance.py:1159} INFO - Dependencies not met for <TaskInstance: 10-branching.branch scheduled__2022-07-07T00:00:00+00:00 [queued]>, dependency 'Execution Date' FAILED: The execution date is 2022-07-07T00:00:00+00:00 but this is after the task's end date 2022-07-01T00:00:00+00:00.
[2022-11-15T21:06:30.922+0000] {local_task_job.py:103} INFO - Task is not able to be run
[2022-11-15T21:12:17.797+0000] {taskinstance.py:1159} INFO - Dependencies not met for <TaskInstance: 10-branching.branch scheduled__2022-07-07T00:00:00+00:00 [queued]>, dependency 'Execution Date' FAILED: The execution date is 2022-07-07T00:00:00+00:00 but this is after the task's end date 2022-07-01T00:00:00+00:00.
[2022-11-15T21:12:17.806+0000] {local_task_job.py:103} INFO - Task is not able to be run
[2022-11-16T20:26:10.730+0000] {taskinstance.py:1165} INFO - Dependencies all met for <TaskInstance: 10-branching.branch scheduled__2022-07-07T00:00:00+00:00 [queued]>
[2022-11-16T20:26:10.786+0000] {taskinstance.py:1165} INFO - Dependencies all met for <TaskInstance: 10-branching.branch scheduled__2022-07-07T00:00:00+00:00 [queued]>
[2022-11-16T20:26:10.787+0000] {taskinstance.py:1362} INFO - 
--------------------------------------------------------------------------------
[2022-11-16T20:26:10.788+0000] {taskinstance.py:1363} INFO - Starting attempt 1 of 1
[2022-11-16T20:26:10.790+0000] {taskinstance.py:1364} INFO - 
--------------------------------------------------------------------------------
[2022-11-16T20:26:10.854+0000] {taskinstance.py:1383} INFO - Executing <Task(BranchPythonOperator): branch> on 2022-07-07 00:00:00+00:00
[2022-11-16T20:26:10.866+0000] {standard_task_runner.py:55} INFO - Started process 125 to run task
[2022-11-16T20:26:10.875+0000] {standard_task_runner.py:82} INFO - Running: ['***', 'tasks', 'run', '10-branching', 'branch', 'scheduled__2022-07-07T00:00:00+00:00', '--job-id', '1236', '--raw', '--subdir', 'DAGS_FOLDER/10-branchpythonoperator.py', '--cfg-path', '/tmp/tmpqm8lfngh']
[2022-11-16T20:26:10.877+0000] {standard_task_runner.py:83} INFO - Job 1236: Subtask branch
[2022-11-16T20:26:11.092+0000] {task_command.py:376} INFO - Running <TaskInstance: 10-branching.branch scheduled__2022-07-07T00:00:00+00:00 [running]> on host 638485efabe7
[2022-11-16T20:26:12.287+0000] {taskinstance.py:1592} INFO - Exporting the following env vars:
AIRFLOW_CTX_DAG_OWNER=***
AIRFLOW_CTX_DAG_ID=10-branching
AIRFLOW_CTX_TASK_ID=branch
AIRFLOW_CTX_EXECUTION_DATE=2022-07-07T00:00:00+00:00
AIRFLOW_CTX_TRY_NUMBER=1
AIRFLOW_CTX_DAG_RUN_ID=scheduled__2022-07-07T00:00:00+00:00
[2022-11-16T20:26:12.295+0000] {python.py:177} INFO - Done. Returned value was: finish_14_june
[2022-11-16T20:26:12.298+0000] {skipmixin.py:155} INFO - Following branch finish_14_june
[2022-11-16T20:26:12.301+0000] {skipmixin.py:190} INFO - Skipping tasks ['start_15_june']
[2022-11-16T20:26:12.436+0000] {taskinstance.py:1406} INFO - Marking task as SUCCESS. dag_id=10-branching, task_id=branch, execution_date=20220707T000000, start_date=20221116T202610, end_date=20221116T202612
[2022-11-16T20:26:12.696+0000] {local_task_job.py:164} INFO - Task exited with return code 0
[2022-11-16T20:26:12.848+0000] {local_task_job.py:273} INFO - 1 downstream tasks scheduled from follow-on schedule check
