[2022-11-16T21:35:11.927+0000] {taskinstance.py:1165} INFO - Dependencies all met for <TaskInstance: MyPersonalAirflowProject.waiting_nasa_confirmation scheduled__2022-11-05T00:00:00+00:00 [queued]>
[2022-11-16T21:35:11.942+0000] {taskinstance.py:1165} INFO - Dependencies all met for <TaskInstance: MyPersonalAirflowProject.waiting_nasa_confirmation scheduled__2022-11-05T00:00:00+00:00 [queued]>
[2022-11-16T21:35:11.943+0000] {taskinstance.py:1362} INFO - 
--------------------------------------------------------------------------------
[2022-11-16T21:35:11.944+0000] {taskinstance.py:1363} INFO - Starting attempt 1 of 1
[2022-11-16T21:35:11.945+0000] {taskinstance.py:1364} INFO - 
--------------------------------------------------------------------------------
[2022-11-16T21:35:11.963+0000] {taskinstance.py:1383} INFO - Executing <Task(FileSensor): waiting_nasa_confirmation> on 2022-11-05 00:00:00+00:00
[2022-11-16T21:35:11.970+0000] {standard_task_runner.py:55} INFO - Started process 3181 to run task
[2022-11-16T21:35:11.972+0000] {standard_task_runner.py:82} INFO - Running: ['***', 'tasks', 'run', 'MyPersonalAirflowProject', 'waiting_nasa_confirmation', 'scheduled__2022-11-05T00:00:00+00:00', '--job-id', '1410', '--raw', '--subdir', 'DAGS_FOLDER/FinalPersonalProject.py', '--cfg-path', '/tmp/tmp1om2i5kp']
[2022-11-16T21:35:11.973+0000] {standard_task_runner.py:83} INFO - Job 1410: Subtask waiting_nasa_confirmation
[2022-11-16T21:35:12.043+0000] {task_command.py:376} INFO - Running <TaskInstance: MyPersonalAirflowProject.waiting_nasa_confirmation scheduled__2022-11-05T00:00:00+00:00 [running]> on host 638485efabe7
[2022-11-16T21:35:12.124+0000] {taskinstance.py:1592} INFO - Exporting the following env vars:
AIRFLOW_CTX_DAG_OWNER=***
AIRFLOW_CTX_DAG_ID=MyPersonalAirflowProject
AIRFLOW_CTX_TASK_ID=waiting_nasa_confirmation
AIRFLOW_CTX_EXECUTION_DATE=2022-11-05T00:00:00+00:00
AIRFLOW_CTX_TRY_NUMBER=1
AIRFLOW_CTX_DAG_RUN_ID=scheduled__2022-11-05T00:00:00+00:00
[2022-11-16T21:35:12.135+0000] {base.py:71} INFO - Using connection ID 'fs_default' for task execution.
[2022-11-16T21:35:12.135+0000] {filesystem.py:58} INFO - Poking for file /tmp/reponse_20221105.txt
[2022-11-16T21:35:12.136+0000] {filesystem.py:63} INFO - Found File /tmp/reponse_20221105.txt last modified: 20221116213510
[2022-11-16T21:35:12.137+0000] {base.py:213} INFO - Success criteria met. Exiting.
[2022-11-16T21:35:12.148+0000] {taskinstance.py:1406} INFO - Marking task as SUCCESS. dag_id=MyPersonalAirflowProject, task_id=waiting_nasa_confirmation, execution_date=20221105T000000, start_date=20221116T213511, end_date=20221116T213512
[2022-11-16T21:35:12.214+0000] {local_task_job.py:164} INFO - Task exited with return code 0
[2022-11-16T21:35:12.251+0000] {local_task_job.py:273} INFO - 1 downstream tasks scheduled from follow-on schedule check
[2022-11-16T22:32:11.228+0000] {taskinstance.py:1165} INFO - Dependencies all met for <TaskInstance: MyPersonalAirflowProject.waiting_nasa_confirmation scheduled__2022-11-05T00:00:00+00:00 [queued]>
[2022-11-16T22:32:11.244+0000] {taskinstance.py:1165} INFO - Dependencies all met for <TaskInstance: MyPersonalAirflowProject.waiting_nasa_confirmation scheduled__2022-11-05T00:00:00+00:00 [queued]>
[2022-11-16T22:32:11.244+0000] {taskinstance.py:1362} INFO - 
--------------------------------------------------------------------------------
[2022-11-16T22:32:11.245+0000] {taskinstance.py:1363} INFO - Starting attempt 1 of 1
[2022-11-16T22:32:11.246+0000] {taskinstance.py:1364} INFO - 
--------------------------------------------------------------------------------
[2022-11-16T22:32:11.268+0000] {taskinstance.py:1383} INFO - Executing <Task(FileSensor): waiting_nasa_confirmation> on 2022-11-05 00:00:00+00:00
[2022-11-16T22:32:11.277+0000] {standard_task_runner.py:55} INFO - Started process 6199 to run task
[2022-11-16T22:32:11.281+0000] {standard_task_runner.py:82} INFO - Running: ['***', 'tasks', 'run', 'MyPersonalAirflowProject', 'waiting_nasa_confirmation', 'scheduled__2022-11-05T00:00:00+00:00', '--job-id', '1651', '--raw', '--subdir', 'DAGS_FOLDER/FinalPersonalProject.py', '--cfg-path', '/tmp/tmplazmenu7']
[2022-11-16T22:32:11.301+0000] {standard_task_runner.py:83} INFO - Job 1651: Subtask waiting_nasa_confirmation
[2022-11-16T22:32:11.375+0000] {task_command.py:376} INFO - Running <TaskInstance: MyPersonalAirflowProject.waiting_nasa_confirmation scheduled__2022-11-05T00:00:00+00:00 [running]> on host 638485efabe7
[2022-11-16T22:32:11.467+0000] {taskinstance.py:1592} INFO - Exporting the following env vars:
AIRFLOW_CTX_DAG_OWNER=***
AIRFLOW_CTX_DAG_ID=MyPersonalAirflowProject
AIRFLOW_CTX_TASK_ID=waiting_nasa_confirmation
AIRFLOW_CTX_EXECUTION_DATE=2022-11-05T00:00:00+00:00
AIRFLOW_CTX_TRY_NUMBER=1
AIRFLOW_CTX_DAG_RUN_ID=scheduled__2022-11-05T00:00:00+00:00
[2022-11-16T22:32:11.479+0000] {base.py:71} INFO - Using connection ID 'fs_default' for task execution.
[2022-11-16T22:32:11.480+0000] {filesystem.py:58} INFO - Poking for file /tmp/reponse_20221105.txt
[2022-11-16T22:32:11.481+0000] {filesystem.py:63} INFO - Found File /tmp/reponse_20221105.txt last modified: 20221116223209
[2022-11-16T22:32:11.481+0000] {base.py:213} INFO - Success criteria met. Exiting.
[2022-11-16T22:32:11.493+0000] {taskinstance.py:1406} INFO - Marking task as SUCCESS. dag_id=MyPersonalAirflowProject, task_id=waiting_nasa_confirmation, execution_date=20221105T000000, start_date=20221116T223211, end_date=20221116T223211
[2022-11-16T22:32:11.538+0000] {local_task_job.py:164} INFO - Task exited with return code 0
[2022-11-16T22:32:11.585+0000] {local_task_job.py:273} INFO - 1 downstream tasks scheduled from follow-on schedule check
[2022-11-17T16:43:07.703+0000] {taskinstance.py:1165} INFO - Dependencies all met for <TaskInstance: MyPersonalAirflowProject.waiting_nasa_confirmation scheduled__2022-11-05T00:00:00+00:00 [queued]>
[2022-11-17T16:43:07.717+0000] {taskinstance.py:1165} INFO - Dependencies all met for <TaskInstance: MyPersonalAirflowProject.waiting_nasa_confirmation scheduled__2022-11-05T00:00:00+00:00 [queued]>
[2022-11-17T16:43:07.718+0000] {taskinstance.py:1362} INFO - 
--------------------------------------------------------------------------------
[2022-11-17T16:43:07.719+0000] {taskinstance.py:1363} INFO - Starting attempt 1 of 1
[2022-11-17T16:43:07.719+0000] {taskinstance.py:1364} INFO - 
--------------------------------------------------------------------------------
[2022-11-17T16:43:07.742+0000] {taskinstance.py:1383} INFO - Executing <Task(FileSensor): waiting_nasa_confirmation> on 2022-11-05 00:00:00+00:00
[2022-11-17T16:43:07.749+0000] {standard_task_runner.py:55} INFO - Started process 4630 to run task
[2022-11-17T16:43:07.752+0000] {standard_task_runner.py:82} INFO - Running: ['***', 'tasks', 'run', 'MyPersonalAirflowProject', 'waiting_nasa_confirmation', 'scheduled__2022-11-05T00:00:00+00:00', '--job-id', '2305', '--raw', '--subdir', 'DAGS_FOLDER/FinalPersonalProject.py', '--cfg-path', '/tmp/tmpbj6ci4d0']
[2022-11-17T16:43:07.753+0000] {standard_task_runner.py:83} INFO - Job 2305: Subtask waiting_nasa_confirmation
[2022-11-17T16:43:07.824+0000] {task_command.py:376} INFO - Running <TaskInstance: MyPersonalAirflowProject.waiting_nasa_confirmation scheduled__2022-11-05T00:00:00+00:00 [running]> on host 638485efabe7
[2022-11-17T16:43:07.905+0000] {taskinstance.py:1592} INFO - Exporting the following env vars:
AIRFLOW_CTX_DAG_OWNER=***
AIRFLOW_CTX_DAG_ID=MyPersonalAirflowProject
AIRFLOW_CTX_TASK_ID=waiting_nasa_confirmation
AIRFLOW_CTX_EXECUTION_DATE=2022-11-05T00:00:00+00:00
AIRFLOW_CTX_TRY_NUMBER=1
AIRFLOW_CTX_DAG_RUN_ID=scheduled__2022-11-05T00:00:00+00:00
[2022-11-17T16:43:07.915+0000] {base.py:71} INFO - Using connection ID 'fs_default' for task execution.
[2022-11-17T16:43:07.916+0000] {filesystem.py:58} INFO - Poking for file /tmp/reponse_20221105.txt
[2022-11-17T16:43:07.916+0000] {filesystem.py:63} INFO - Found File /tmp/reponse_20221105.txt last modified: 20221117164306
[2022-11-17T16:43:07.917+0000] {base.py:213} INFO - Success criteria met. Exiting.
[2022-11-17T16:43:07.929+0000] {taskinstance.py:1406} INFO - Marking task as SUCCESS. dag_id=MyPersonalAirflowProject, task_id=waiting_nasa_confirmation, execution_date=20221105T000000, start_date=20221117T164307, end_date=20221117T164307
[2022-11-17T16:43:07.964+0000] {local_task_job.py:164} INFO - Task exited with return code 0
[2022-11-17T16:43:08.011+0000] {local_task_job.py:273} INFO - 1 downstream tasks scheduled from follow-on schedule check
[2022-11-17T17:34:13.020+0000] {taskinstance.py:1165} INFO - Dependencies all met for <TaskInstance: MyPersonalAirflowProject.waiting_nasa_confirmation scheduled__2022-11-05T00:00:00+00:00 [queued]>
[2022-11-17T17:34:13.035+0000] {taskinstance.py:1165} INFO - Dependencies all met for <TaskInstance: MyPersonalAirflowProject.waiting_nasa_confirmation scheduled__2022-11-05T00:00:00+00:00 [queued]>
[2022-11-17T17:34:13.036+0000] {taskinstance.py:1362} INFO - 
--------------------------------------------------------------------------------
[2022-11-17T17:34:13.037+0000] {taskinstance.py:1363} INFO - Starting attempt 1 of 1
[2022-11-17T17:34:13.037+0000] {taskinstance.py:1364} INFO - 
--------------------------------------------------------------------------------
[2022-11-17T17:34:13.056+0000] {taskinstance.py:1383} INFO - Executing <Task(FileSensor): waiting_nasa_confirmation> on 2022-11-05 00:00:00+00:00
[2022-11-17T17:34:13.062+0000] {standard_task_runner.py:55} INFO - Started process 8248 to run task
[2022-11-17T17:34:13.064+0000] {standard_task_runner.py:82} INFO - Running: ['***', 'tasks', 'run', 'MyPersonalAirflowProject', 'waiting_nasa_confirmation', 'scheduled__2022-11-05T00:00:00+00:00', '--job-id', '2715', '--raw', '--subdir', 'DAGS_FOLDER/FinalPersonalProject.py', '--cfg-path', '/tmp/tmp367say4u']
[2022-11-17T17:34:13.065+0000] {standard_task_runner.py:83} INFO - Job 2715: Subtask waiting_nasa_confirmation
[2022-11-17T17:34:13.133+0000] {task_command.py:376} INFO - Running <TaskInstance: MyPersonalAirflowProject.waiting_nasa_confirmation scheduled__2022-11-05T00:00:00+00:00 [running]> on host 638485efabe7
[2022-11-17T17:34:13.216+0000] {taskinstance.py:1592} INFO - Exporting the following env vars:
AIRFLOW_CTX_DAG_OWNER=***
AIRFLOW_CTX_DAG_ID=MyPersonalAirflowProject
AIRFLOW_CTX_TASK_ID=waiting_nasa_confirmation
AIRFLOW_CTX_EXECUTION_DATE=2022-11-05T00:00:00+00:00
AIRFLOW_CTX_TRY_NUMBER=1
AIRFLOW_CTX_DAG_RUN_ID=scheduled__2022-11-05T00:00:00+00:00
[2022-11-17T17:34:13.226+0000] {base.py:71} INFO - Using connection ID 'fs_default' for task execution.
[2022-11-17T17:34:13.227+0000] {filesystem.py:58} INFO - Poking for file /tmp/reponse_20221105.txt
[2022-11-17T17:34:13.228+0000] {filesystem.py:63} INFO - Found File /tmp/reponse_20221105.txt last modified: 20221117173412
[2022-11-17T17:34:13.228+0000] {base.py:213} INFO - Success criteria met. Exiting.
[2022-11-17T17:34:13.238+0000] {taskinstance.py:1406} INFO - Marking task as SUCCESS. dag_id=MyPersonalAirflowProject, task_id=waiting_nasa_confirmation, execution_date=20221105T000000, start_date=20221117T173413, end_date=20221117T173413
[2022-11-17T17:34:13.278+0000] {local_task_job.py:164} INFO - Task exited with return code 0
[2022-11-17T17:34:13.320+0000] {local_task_job.py:273} INFO - 1 downstream tasks scheduled from follow-on schedule check
