[2022-11-17T16:26:01.621+0000] {taskinstance.py:1165} INFO - Dependencies all met for <TaskInstance: MyPersonalAirflowProject.Data_Team_Notification scheduled__2022-10-04T00:00:00+00:00 [queued]>
[2022-11-17T16:26:01.634+0000] {taskinstance.py:1165} INFO - Dependencies all met for <TaskInstance: MyPersonalAirflowProject.Data_Team_Notification scheduled__2022-10-04T00:00:00+00:00 [queued]>
[2022-11-17T16:26:01.635+0000] {taskinstance.py:1362} INFO - 
--------------------------------------------------------------------------------
[2022-11-17T16:26:01.636+0000] {taskinstance.py:1363} INFO - Starting attempt 1 of 1
[2022-11-17T16:26:01.637+0000] {taskinstance.py:1364} INFO - 
--------------------------------------------------------------------------------
[2022-11-17T16:26:01.656+0000] {taskinstance.py:1383} INFO - Executing <Task(NotifyOperator): Data_Team_Notification> on 2022-10-04 00:00:00+00:00
[2022-11-17T16:26:01.662+0000] {standard_task_runner.py:55} INFO - Started process 3066 to run task
[2022-11-17T16:26:01.664+0000] {standard_task_runner.py:82} INFO - Running: ['***', 'tasks', 'run', 'MyPersonalAirflowProject', 'Data_Team_Notification', 'scheduled__2022-10-04T00:00:00+00:00', '--job-id', '2055', '--raw', '--subdir', 'DAGS_FOLDER/FinalPersonalProject.py', '--cfg-path', '/tmp/tmp_fx3qzk7']
[2022-11-17T16:26:01.665+0000] {standard_task_runner.py:83} INFO - Job 2055: Subtask Data_Team_Notification
[2022-11-17T16:26:01.734+0000] {task_command.py:376} INFO - Running <TaskInstance: MyPersonalAirflowProject.Data_Team_Notification scheduled__2022-10-04T00:00:00+00:00 [running]> on host 638485efabe7
[2022-11-17T16:26:01.813+0000] {taskinstance.py:1592} INFO - Exporting the following env vars:
AIRFLOW_CTX_DAG_OWNER=***
AIRFLOW_CTX_DAG_ID=MyPersonalAirflowProject
AIRFLOW_CTX_TASK_ID=Data_Team_Notification
AIRFLOW_CTX_EXECUTION_DATE=2022-10-04T00:00:00+00:00
AIRFLOW_CTX_TRY_NUMBER=1
AIRFLOW_CTX_DAG_RUN_ID=scheduled__2022-10-04T00:00:00+00:00
[2022-11-17T16:26:01.814+0000] {logging_mixin.py:120} INFO - Hi Data team, Space X data for {ds} are now available!.. Please check them out!
[2022-11-17T16:26:01.825+0000] {taskinstance.py:1406} INFO - Marking task as SUCCESS. dag_id=MyPersonalAirflowProject, task_id=Data_Team_Notification, execution_date=20221004T000000, start_date=20221117T162601, end_date=20221117T162601
[2022-11-17T16:26:01.878+0000] {local_task_job.py:164} INFO - Task exited with return code 0
[2022-11-17T16:26:01.901+0000] {local_task_job.py:273} INFO - 0 downstream tasks scheduled from follow-on schedule check
[2022-11-17T17:18:05.931+0000] {taskinstance.py:1165} INFO - Dependencies all met for <TaskInstance: MyPersonalAirflowProject.Data_Team_Notification scheduled__2022-10-04T00:00:00+00:00 [queued]>
[2022-11-17T17:18:05.944+0000] {taskinstance.py:1165} INFO - Dependencies all met for <TaskInstance: MyPersonalAirflowProject.Data_Team_Notification scheduled__2022-10-04T00:00:00+00:00 [queued]>
[2022-11-17T17:18:05.944+0000] {taskinstance.py:1362} INFO - 
--------------------------------------------------------------------------------
[2022-11-17T17:18:05.945+0000] {taskinstance.py:1363} INFO - Starting attempt 1 of 1
[2022-11-17T17:18:05.945+0000] {taskinstance.py:1364} INFO - 
--------------------------------------------------------------------------------
[2022-11-17T17:18:05.966+0000] {taskinstance.py:1383} INFO - Executing <Task(NotifyOperator): Data_Team_Notification> on 2022-10-04 00:00:00+00:00
[2022-11-17T17:18:05.973+0000] {standard_task_runner.py:55} INFO - Started process 6708 to run task
[2022-11-17T17:18:05.975+0000] {standard_task_runner.py:82} INFO - Running: ['***', 'tasks', 'run', 'MyPersonalAirflowProject', 'Data_Team_Notification', 'scheduled__2022-10-04T00:00:00+00:00', '--job-id', '2465', '--raw', '--subdir', 'DAGS_FOLDER/FinalPersonalProject.py', '--cfg-path', '/tmp/tmp7t_otldj']
[2022-11-17T17:18:05.976+0000] {standard_task_runner.py:83} INFO - Job 2465: Subtask Data_Team_Notification
[2022-11-17T17:18:06.043+0000] {task_command.py:376} INFO - Running <TaskInstance: MyPersonalAirflowProject.Data_Team_Notification scheduled__2022-10-04T00:00:00+00:00 [running]> on host 638485efabe7
[2022-11-17T17:18:06.117+0000] {taskinstance.py:1592} INFO - Exporting the following env vars:
AIRFLOW_CTX_DAG_OWNER=***
AIRFLOW_CTX_DAG_ID=MyPersonalAirflowProject
AIRFLOW_CTX_TASK_ID=Data_Team_Notification
AIRFLOW_CTX_EXECUTION_DATE=2022-10-04T00:00:00+00:00
AIRFLOW_CTX_TRY_NUMBER=1
AIRFLOW_CTX_DAG_RUN_ID=scheduled__2022-10-04T00:00:00+00:00
[2022-11-17T17:18:06.118+0000] {logging_mixin.py:120} INFO - Hi Data team, Space X data for 2022-11-17  are now available!.. Please check them out!
[2022-11-17T17:18:06.131+0000] {taskinstance.py:1406} INFO - Marking task as SUCCESS. dag_id=MyPersonalAirflowProject, task_id=Data_Team_Notification, execution_date=20221004T000000, start_date=20221117T171805, end_date=20221117T171806
[2022-11-17T17:18:06.189+0000] {local_task_job.py:164} INFO - Task exited with return code 0
[2022-11-17T17:18:06.210+0000] {local_task_job.py:273} INFO - 0 downstream tasks scheduled from follow-on schedule check
