[2022-11-15T17:02:31.397+0000] {taskinstance.py:1165} INFO - Dependencies all met for <TaskInstance: 8-templating.task1 scheduled__2022-07-19T00:00:00+00:00 [queued]>
[2022-11-15T17:02:31.418+0000] {taskinstance.py:1165} INFO - Dependencies all met for <TaskInstance: 8-templating.task1 scheduled__2022-07-19T00:00:00+00:00 [queued]>
[2022-11-15T17:02:31.419+0000] {taskinstance.py:1362} INFO - 
--------------------------------------------------------------------------------
[2022-11-15T17:02:31.420+0000] {taskinstance.py:1363} INFO - Starting attempt 1 of 1
[2022-11-15T17:02:31.421+0000] {taskinstance.py:1364} INFO - 
--------------------------------------------------------------------------------
[2022-11-15T17:02:31.441+0000] {taskinstance.py:1383} INFO - Executing <Task(BashOperator): task1> on 2022-07-19 00:00:00+00:00
[2022-11-15T17:02:31.449+0000] {standard_task_runner.py:55} INFO - Started process 1846 to run task
[2022-11-15T17:02:31.454+0000] {standard_task_runner.py:82} INFO - Running: ['***', 'tasks', 'run', '8-templating', 'task1', 'scheduled__2022-07-19T00:00:00+00:00', '--job-id', '1087', '--raw', '--subdir', 'DAGS_FOLDER/8-templating.py', '--cfg-path', '/tmp/tmpnj1t6tdy']
[2022-11-15T17:02:31.455+0000] {standard_task_runner.py:83} INFO - Job 1087: Subtask task1
[2022-11-15T17:02:31.542+0000] {task_command.py:376} INFO - Running <TaskInstance: 8-templating.task1 scheduled__2022-07-19T00:00:00+00:00 [running]> on host 638485efabe7
[2022-11-15T17:02:31.647+0000] {taskinstance.py:1592} INFO - Exporting the following env vars:
AIRFLOW_CTX_DAG_OWNER=***
AIRFLOW_CTX_DAG_ID=8-templating
AIRFLOW_CTX_TASK_ID=task1
AIRFLOW_CTX_EXECUTION_DATE=2022-07-19T00:00:00+00:00
AIRFLOW_CTX_TRY_NUMBER=1
AIRFLOW_CTX_DAG_RUN_ID=scheduled__2022-07-19T00:00:00+00:00
[2022-11-15T17:02:31.649+0000] {subprocess.py:63} INFO - Tmp dir root location: 
 /tmp
[2022-11-15T17:02:31.651+0000] {subprocess.py:75} INFO - Running command: ['/bin/bash', '-c', '\n\n    echo "2022-07-19"\n    echo "file1.txt"\n\n    echo "2022-07-19"\n    echo "file2.txt"\n']
[2022-11-15T17:02:31.664+0000] {subprocess.py:86} INFO - Output:
[2022-11-15T17:02:31.666+0000] {subprocess.py:93} INFO - 2022-07-19
[2022-11-15T17:02:31.667+0000] {subprocess.py:93} INFO - file1.txt
[2022-11-15T17:02:31.667+0000] {subprocess.py:93} INFO - 2022-07-19
[2022-11-15T17:02:31.668+0000] {subprocess.py:93} INFO - file2.txt
[2022-11-15T17:02:31.669+0000] {subprocess.py:97} INFO - Command exited with return code 0
[2022-11-15T17:02:31.702+0000] {taskinstance.py:1406} INFO - Marking task as SUCCESS. dag_id=8-templating, task_id=task1, execution_date=20220719T000000, start_date=20221115T170231, end_date=20221115T170231
[2022-11-15T17:02:31.746+0000] {local_task_job.py:164} INFO - Task exited with return code 0
[2022-11-15T17:02:31.770+0000] {local_task_job.py:273} INFO - 0 downstream tasks scheduled from follow-on schedule check
