[2022-11-16T21:02:50.223+0000] {taskinstance.py:1165} INFO - Dependencies all met for <TaskInstance: MyPersonalAirflowProject.nasa_verification_task scheduled__2022-10-26T00:00:00+00:00 [queued]>
[2022-11-16T21:02:50.238+0000] {taskinstance.py:1165} INFO - Dependencies all met for <TaskInstance: MyPersonalAirflowProject.nasa_verification_task scheduled__2022-10-26T00:00:00+00:00 [queued]>
[2022-11-16T21:02:50.239+0000] {taskinstance.py:1362} INFO - 
--------------------------------------------------------------------------------
[2022-11-16T21:02:50.240+0000] {taskinstance.py:1363} INFO - Starting attempt 1 of 1
[2022-11-16T21:02:50.241+0000] {taskinstance.py:1364} INFO - 
--------------------------------------------------------------------------------
[2022-11-16T21:02:50.267+0000] {taskinstance.py:1383} INFO - Executing <Task(BashOperator): nasa_verification_task> on 2022-10-26 00:00:00+00:00
[2022-11-16T21:02:50.273+0000] {standard_task_runner.py:55} INFO - Started process 1418 to run task
[2022-11-16T21:02:50.277+0000] {standard_task_runner.py:82} INFO - Running: ['***', 'tasks', 'run', 'MyPersonalAirflowProject', 'nasa_verification_task', 'scheduled__2022-10-26T00:00:00+00:00', '--job-id', '1303', '--raw', '--subdir', 'DAGS_FOLDER/FinalPersonalProject.py', '--cfg-path', '/tmp/tmprz7rgoeu']
[2022-11-16T21:02:50.278+0000] {standard_task_runner.py:83} INFO - Job 1303: Subtask nasa_verification_task
[2022-11-16T21:02:50.350+0000] {task_command.py:376} INFO - Running <TaskInstance: MyPersonalAirflowProject.nasa_verification_task scheduled__2022-10-26T00:00:00+00:00 [running]> on host 638485efabe7
[2022-11-16T21:02:50.429+0000] {taskinstance.py:1592} INFO - Exporting the following env vars:
AIRFLOW_CTX_DAG_OWNER=***
AIRFLOW_CTX_DAG_ID=MyPersonalAirflowProject
AIRFLOW_CTX_TASK_ID=nasa_verification_task
AIRFLOW_CTX_EXECUTION_DATE=2022-10-26T00:00:00+00:00
AIRFLOW_CTX_TRY_NUMBER=1
AIRFLOW_CTX_DAG_RUN_ID=scheduled__2022-10-26T00:00:00+00:00
[2022-11-16T21:02:50.430+0000] {subprocess.py:63} INFO - Tmp dir root location: 
 /tmp
[2022-11-16T21:02:50.431+0000] {subprocess.py:75} INFO - Running command: ['/bin/bash', '-c', 'sleep 20 && echo ÖK"> /tmp/reponse_20221026.txt']
[2022-11-16T21:02:50.442+0000] {subprocess.py:86} INFO - Output:
[2022-11-16T21:02:50.443+0000] {subprocess.py:93} INFO - /bin/bash: -c: line 1: unexpected EOF while looking for matching `"'
[2022-11-16T21:02:50.444+0000] {subprocess.py:93} INFO - /bin/bash: -c: line 2: syntax error: unexpected end of file
[2022-11-16T21:02:50.444+0000] {subprocess.py:97} INFO - Command exited with return code 2
[2022-11-16T21:02:50.457+0000] {taskinstance.py:1851} ERROR - Task failed with exception
Traceback (most recent call last):
  File "/home/airflow/.local/lib/python3.7/site-packages/airflow/operators/bash.py", line 197, in execute
    f'Bash command failed. The command returned a non-zero exit code {result.exit_code}.'
airflow.exceptions.AirflowException: Bash command failed. The command returned a non-zero exit code 2.
[2022-11-16T21:02:50.461+0000] {taskinstance.py:1406} INFO - Marking task as FAILED. dag_id=MyPersonalAirflowProject, task_id=nasa_verification_task, execution_date=20221026T000000, start_date=20221116T210250, end_date=20221116T210250
[2022-11-16T21:02:50.477+0000] {standard_task_runner.py:105} ERROR - Failed to execute job 1303 for task nasa_verification_task (Bash command failed. The command returned a non-zero exit code 2.; 1418)
[2022-11-16T21:02:50.513+0000] {local_task_job.py:164} INFO - Task exited with return code 1
[2022-11-16T21:02:50.533+0000] {local_task_job.py:273} INFO - 0 downstream tasks scheduled from follow-on schedule check
[2022-11-16T22:25:26.025+0000] {taskinstance.py:1165} INFO - Dependencies all met for <TaskInstance: MyPersonalAirflowProject.nasa_verification_task scheduled__2022-10-26T00:00:00+00:00 [queued]>
[2022-11-16T22:25:26.039+0000] {taskinstance.py:1165} INFO - Dependencies all met for <TaskInstance: MyPersonalAirflowProject.nasa_verification_task scheduled__2022-10-26T00:00:00+00:00 [queued]>
[2022-11-16T22:25:26.039+0000] {taskinstance.py:1362} INFO - 
--------------------------------------------------------------------------------
[2022-11-16T22:25:26.040+0000] {taskinstance.py:1363} INFO - Starting attempt 1 of 1
[2022-11-16T22:25:26.040+0000] {taskinstance.py:1364} INFO - 
--------------------------------------------------------------------------------
[2022-11-16T22:25:26.058+0000] {taskinstance.py:1383} INFO - Executing <Task(BashOperator): nasa_verification_task> on 2022-10-26 00:00:00+00:00
[2022-11-16T22:25:26.066+0000] {standard_task_runner.py:55} INFO - Started process 5760 to run task
[2022-11-16T22:25:26.069+0000] {standard_task_runner.py:82} INFO - Running: ['***', 'tasks', 'run', 'MyPersonalAirflowProject', 'nasa_verification_task', 'scheduled__2022-10-26T00:00:00+00:00', '--job-id', '1590', '--raw', '--subdir', 'DAGS_FOLDER/FinalPersonalProject.py', '--cfg-path', '/tmp/tmp9osw4sem']
[2022-11-16T22:25:26.070+0000] {standard_task_runner.py:83} INFO - Job 1590: Subtask nasa_verification_task
[2022-11-16T22:25:26.135+0000] {task_command.py:376} INFO - Running <TaskInstance: MyPersonalAirflowProject.nasa_verification_task scheduled__2022-10-26T00:00:00+00:00 [running]> on host 638485efabe7
[2022-11-16T22:25:26.221+0000] {taskinstance.py:1592} INFO - Exporting the following env vars:
AIRFLOW_CTX_DAG_OWNER=***
AIRFLOW_CTX_DAG_ID=MyPersonalAirflowProject
AIRFLOW_CTX_TASK_ID=nasa_verification_task
AIRFLOW_CTX_EXECUTION_DATE=2022-10-26T00:00:00+00:00
AIRFLOW_CTX_TRY_NUMBER=1
AIRFLOW_CTX_DAG_RUN_ID=scheduled__2022-10-26T00:00:00+00:00
[2022-11-16T22:25:26.222+0000] {subprocess.py:63} INFO - Tmp dir root location: 
 /tmp
[2022-11-16T22:25:26.224+0000] {subprocess.py:75} INFO - Running command: ['/bin/bash', '-c', 'sleep 20 && echo "OK"> /tmp/reponse_20221026.txt']
[2022-11-16T22:25:26.236+0000] {subprocess.py:86} INFO - Output:
[2022-11-16T22:25:46.264+0000] {subprocess.py:97} INFO - Command exited with return code 0
[2022-11-16T22:25:46.300+0000] {taskinstance.py:1406} INFO - Marking task as SUCCESS. dag_id=MyPersonalAirflowProject, task_id=nasa_verification_task, execution_date=20221026T000000, start_date=20221116T222526, end_date=20221116T222546
[2022-11-16T22:25:46.340+0000] {local_task_job.py:164} INFO - Task exited with return code 0
[2022-11-16T22:25:46.384+0000] {local_task_job.py:273} INFO - 1 downstream tasks scheduled from follow-on schedule check
[2022-11-17T16:37:12.272+0000] {taskinstance.py:1165} INFO - Dependencies all met for <TaskInstance: MyPersonalAirflowProject.nasa_verification_task scheduled__2022-10-26T00:00:00+00:00 [queued]>
[2022-11-17T16:37:12.302+0000] {taskinstance.py:1165} INFO - Dependencies all met for <TaskInstance: MyPersonalAirflowProject.nasa_verification_task scheduled__2022-10-26T00:00:00+00:00 [queued]>
[2022-11-17T16:37:12.303+0000] {taskinstance.py:1362} INFO - 
--------------------------------------------------------------------------------
[2022-11-17T16:37:12.303+0000] {taskinstance.py:1363} INFO - Starting attempt 1 of 1
[2022-11-17T16:37:12.304+0000] {taskinstance.py:1364} INFO - 
--------------------------------------------------------------------------------
[2022-11-17T16:37:12.321+0000] {taskinstance.py:1383} INFO - Executing <Task(BashOperator): nasa_verification_task> on 2022-10-26 00:00:00+00:00
[2022-11-17T16:37:12.326+0000] {standard_task_runner.py:55} INFO - Started process 4102 to run task
[2022-11-17T16:37:12.328+0000] {standard_task_runner.py:82} INFO - Running: ['***', 'tasks', 'run', 'MyPersonalAirflowProject', 'nasa_verification_task', 'scheduled__2022-10-26T00:00:00+00:00', '--job-id', '2224', '--raw', '--subdir', 'DAGS_FOLDER/FinalPersonalProject.py', '--cfg-path', '/tmp/tmpwa92flfa']
[2022-11-17T16:37:12.329+0000] {standard_task_runner.py:83} INFO - Job 2224: Subtask nasa_verification_task
[2022-11-17T16:37:12.397+0000] {task_command.py:376} INFO - Running <TaskInstance: MyPersonalAirflowProject.nasa_verification_task scheduled__2022-10-26T00:00:00+00:00 [running]> on host 638485efabe7
[2022-11-17T16:37:12.495+0000] {taskinstance.py:1592} INFO - Exporting the following env vars:
AIRFLOW_CTX_DAG_OWNER=***
AIRFLOW_CTX_DAG_ID=MyPersonalAirflowProject
AIRFLOW_CTX_TASK_ID=nasa_verification_task
AIRFLOW_CTX_EXECUTION_DATE=2022-10-26T00:00:00+00:00
AIRFLOW_CTX_TRY_NUMBER=1
AIRFLOW_CTX_DAG_RUN_ID=scheduled__2022-10-26T00:00:00+00:00
[2022-11-17T16:37:12.496+0000] {subprocess.py:63} INFO - Tmp dir root location: 
 /tmp
[2022-11-17T16:37:12.497+0000] {subprocess.py:75} INFO - Running command: ['/bin/bash', '-c', 'sleep 20 && echo "OK"> /tmp/reponse_20221026.txt']
[2022-11-17T16:37:12.511+0000] {subprocess.py:86} INFO - Output:
[2022-11-17T16:37:32.515+0000] {subprocess.py:97} INFO - Command exited with return code 0
[2022-11-17T16:37:32.547+0000] {taskinstance.py:1406} INFO - Marking task as SUCCESS. dag_id=MyPersonalAirflowProject, task_id=nasa_verification_task, execution_date=20221026T000000, start_date=20221117T163712, end_date=20221117T163732
[2022-11-17T16:37:32.603+0000] {local_task_job.py:164} INFO - Task exited with return code 0
[2022-11-17T16:37:32.639+0000] {local_task_job.py:273} INFO - 1 downstream tasks scheduled from follow-on schedule check
[2022-11-17T17:28:50.965+0000] {taskinstance.py:1165} INFO - Dependencies all met for <TaskInstance: MyPersonalAirflowProject.nasa_verification_task scheduled__2022-10-26T00:00:00+00:00 [queued]>
[2022-11-17T17:28:50.978+0000] {taskinstance.py:1165} INFO - Dependencies all met for <TaskInstance: MyPersonalAirflowProject.nasa_verification_task scheduled__2022-10-26T00:00:00+00:00 [queued]>
[2022-11-17T17:28:50.979+0000] {taskinstance.py:1362} INFO - 
--------------------------------------------------------------------------------
[2022-11-17T17:28:50.979+0000] {taskinstance.py:1363} INFO - Starting attempt 1 of 1
[2022-11-17T17:28:50.980+0000] {taskinstance.py:1364} INFO - 
--------------------------------------------------------------------------------
[2022-11-17T17:28:51.000+0000] {taskinstance.py:1383} INFO - Executing <Task(BashOperator): nasa_verification_task> on 2022-10-26 00:00:00+00:00
[2022-11-17T17:28:51.006+0000] {standard_task_runner.py:55} INFO - Started process 7744 to run task
[2022-11-17T17:28:51.009+0000] {standard_task_runner.py:82} INFO - Running: ['***', 'tasks', 'run', 'MyPersonalAirflowProject', 'nasa_verification_task', 'scheduled__2022-10-26T00:00:00+00:00', '--job-id', '2634', '--raw', '--subdir', 'DAGS_FOLDER/FinalPersonalProject.py', '--cfg-path', '/tmp/tmppml0tm5e']
[2022-11-17T17:28:51.010+0000] {standard_task_runner.py:83} INFO - Job 2634: Subtask nasa_verification_task
[2022-11-17T17:28:51.077+0000] {task_command.py:376} INFO - Running <TaskInstance: MyPersonalAirflowProject.nasa_verification_task scheduled__2022-10-26T00:00:00+00:00 [running]> on host 638485efabe7
[2022-11-17T17:28:51.161+0000] {taskinstance.py:1592} INFO - Exporting the following env vars:
AIRFLOW_CTX_DAG_OWNER=***
AIRFLOW_CTX_DAG_ID=MyPersonalAirflowProject
AIRFLOW_CTX_TASK_ID=nasa_verification_task
AIRFLOW_CTX_EXECUTION_DATE=2022-10-26T00:00:00+00:00
AIRFLOW_CTX_TRY_NUMBER=1
AIRFLOW_CTX_DAG_RUN_ID=scheduled__2022-10-26T00:00:00+00:00
[2022-11-17T17:28:51.162+0000] {subprocess.py:63} INFO - Tmp dir root location: 
 /tmp
[2022-11-17T17:28:51.163+0000] {subprocess.py:75} INFO - Running command: ['/bin/bash', '-c', 'sleep 20 && echo "OK"> /tmp/reponse_20221026.txt']
[2022-11-17T17:28:51.174+0000] {subprocess.py:86} INFO - Output:
[2022-11-17T17:29:11.178+0000] {subprocess.py:97} INFO - Command exited with return code 0
[2022-11-17T17:29:11.206+0000] {taskinstance.py:1406} INFO - Marking task as SUCCESS. dag_id=MyPersonalAirflowProject, task_id=nasa_verification_task, execution_date=20221026T000000, start_date=20221117T172850, end_date=20221117T172911
[2022-11-17T17:29:11.246+0000] {local_task_job.py:164} INFO - Task exited with return code 0
[2022-11-17T17:29:11.280+0000] {local_task_job.py:273} INFO - 1 downstream tasks scheduled from follow-on schedule check
