[2022-11-04T20:52:26.645+0000] {taskinstance.py:1165} INFO - Dependencies all met for <TaskInstance: orquestation.task1 scheduled__2022-05-29T00:00:00+00:00 [queued]>
[2022-11-04T20:52:26.658+0000] {taskinstance.py:1165} INFO - Dependencies all met for <TaskInstance: orquestation.task1 scheduled__2022-05-29T00:00:00+00:00 [queued]>
[2022-11-04T20:52:26.659+0000] {taskinstance.py:1362} INFO - 
--------------------------------------------------------------------------------
[2022-11-04T20:52:26.659+0000] {taskinstance.py:1363} INFO - Starting attempt 3 of 3
[2022-11-04T20:52:26.660+0000] {taskinstance.py:1364} INFO - 
--------------------------------------------------------------------------------
[2022-11-04T20:52:26.678+0000] {taskinstance.py:1383} INFO - Executing <Task(BashOperator): task1> on 2022-05-29 00:00:00+00:00
[2022-11-04T20:52:26.684+0000] {standard_task_runner.py:55} INFO - Started process 2644 to run task
[2022-11-04T20:52:26.688+0000] {standard_task_runner.py:82} INFO - Running: ['***', 'tasks', 'run', 'orquestation', 'task1', 'scheduled__2022-05-29T00:00:00+00:00', '--job-id', '65', '--raw', '--subdir', 'DAGS_FOLDER/5.1-orquestacion.py', '--cfg-path', '/tmp/tmpyx5rd287']
[2022-11-04T20:52:26.689+0000] {standard_task_runner.py:83} INFO - Job 65: Subtask task1
[2022-11-04T20:52:26.830+0000] {task_command.py:376} INFO - Running <TaskInstance: orquestation.task1 scheduled__2022-05-29T00:00:00+00:00 [running]> on host 208ed96b478a
[2022-11-04T20:52:26.929+0000] {taskinstance.py:1592} INFO - Exporting the following env vars:
AIRFLOW_CTX_DAG_OWNER=***
AIRFLOW_CTX_DAG_ID=orquestation
AIRFLOW_CTX_TASK_ID=task1
AIRFLOW_CTX_EXECUTION_DATE=2022-05-29T00:00:00+00:00
AIRFLOW_CTX_TRY_NUMBER=3
AIRFLOW_CTX_DAG_RUN_ID=scheduled__2022-05-29T00:00:00+00:00
[2022-11-04T20:52:26.930+0000] {subprocess.py:63} INFO - Tmp dir root location: 
 /tmp
[2022-11-04T20:52:26.932+0000] {subprocess.py:75} INFO - Running command: ['/bin/bash', '-c', "sleep 2 && echo 'task1'"]
[2022-11-04T20:52:26.950+0000] {subprocess.py:86} INFO - Output:
[2022-11-04T20:52:28.960+0000] {subprocess.py:93} INFO - task1
[2022-11-04T20:52:28.961+0000] {subprocess.py:97} INFO - Command exited with return code 0
[2022-11-04T20:52:28.989+0000] {taskinstance.py:1406} INFO - Marking task as SUCCESS. dag_id=orquestation, task_id=task1, execution_date=20220529T000000, start_date=20221104T205226, end_date=20221104T205228
[2022-11-04T20:52:29.029+0000] {local_task_job.py:164} INFO - Task exited with return code 0
[2022-11-04T20:52:29.063+0000] {local_task_job.py:273} INFO - 1 downstream tasks scheduled from follow-on schedule check
