[2022-11-04T19:49:30.701+0000] {taskinstance.py:1165} INFO - Dependencies all met for <TaskInstance: orquestation.TASK1 scheduled__2022-05-29T00:00:00+00:00 [queued]>
[2022-11-04T19:49:30.779+0000] {taskinstance.py:1165} INFO - Dependencies all met for <TaskInstance: orquestation.TASK1 scheduled__2022-05-29T00:00:00+00:00 [queued]>
[2022-11-04T19:49:30.780+0000] {taskinstance.py:1362} INFO - 
--------------------------------------------------------------------------------
[2022-11-04T19:49:30.781+0000] {taskinstance.py:1363} INFO - Starting attempt 1 of 1
[2022-11-04T19:49:30.795+0000] {taskinstance.py:1364} INFO - 
--------------------------------------------------------------------------------
[2022-11-04T20:02:42.926+0000] {taskinstance.py:1383} INFO - Executing <Task(BashOperator): TASK1> on 2022-05-29 00:00:00+00:00
[2022-11-04T20:02:43.166+0000] {standard_task_runner.py:55} INFO - Started process 321 to run task
[2022-11-04T20:02:51.274+0000] {standard_task_runner.py:82} INFO - Running: ['***', 'tasks', 'run', 'orquestation', 'TASK1', 'scheduled__2022-05-29T00:00:00+00:00', '--job-id', '32', '--raw', '--subdir', 'DAGS_FOLDER/5.1-orquestacion.py', '--cfg-path', '/tmp/tmpga3nil0_']
[2022-11-04T20:02:52.548+0000] {standard_task_runner.py:83} INFO - Job 32: Subtask TASK1
[2022-11-04T20:02:55.176+0000] {task_command.py:376} INFO - Running <TaskInstance: orquestation.TASK1 scheduled__2022-05-29T00:00:00+00:00 [running]> on host 208ed96b478a
[2022-11-04T20:02:55.690+0000] {taskinstance.py:1592} INFO - Exporting the following env vars:
AIRFLOW_CTX_DAG_OWNER=***
AIRFLOW_CTX_DAG_ID=orquestation
AIRFLOW_CTX_TASK_ID=TASK1
AIRFLOW_CTX_EXECUTION_DATE=2022-05-29T00:00:00+00:00
AIRFLOW_CTX_TRY_NUMBER=1
AIRFLOW_CTX_DAG_RUN_ID=scheduled__2022-05-29T00:00:00+00:00
[2022-11-04T20:02:55.798+0000] {subprocess.py:63} INFO - Tmp dir root location: 
 /tmp
[2022-11-04T20:02:55.804+0000] {subprocess.py:75} INFO - Running command: ['/bin/bash', '-c', "SLEEP 2 && ECHO 'TASK1'"]
[2022-11-04T20:02:55.858+0000] {subprocess.py:86} INFO - Output:
[2022-11-04T20:02:56.084+0000] {subprocess.py:93} INFO - /bin/bash: line 1: SLEEP: command not found
[2022-11-04T20:02:56.098+0000] {subprocess.py:97} INFO - Command exited with return code 127
[2022-11-04T20:02:56.261+0000] {taskinstance.py:1851} ERROR - Task failed with exception
Traceback (most recent call last):
  File "/home/airflow/.local/lib/python3.7/site-packages/airflow/operators/bash.py", line 197, in execute
    f'Bash command failed. The command returned a non-zero exit code {result.exit_code}.'
airflow.exceptions.AirflowException: Bash command failed. The command returned a non-zero exit code 127.
[2022-11-04T20:02:56.284+0000] {taskinstance.py:1406} INFO - Marking task as FAILED. dag_id=orquestation, task_id=TASK1, execution_date=20220529T000000, start_date=20221104T194930, end_date=20221104T200256
[2022-11-04T20:02:56.378+0000] {standard_task_runner.py:105} ERROR - Failed to execute job 32 for task TASK1 (Bash command failed. The command returned a non-zero exit code 127.; 321)
[2022-11-04T20:02:56.444+0000] {local_task_job.py:164} INFO - Task exited with return code 1
[2022-11-04T20:02:56.779+0000] {local_task_job.py:273} INFO - 0 downstream tasks scheduled from follow-on schedule check
[2022-11-04T20:06:05.068+0000] {taskinstance.py:1165} INFO - Dependencies all met for <TaskInstance: orquestation.TASK1 scheduled__2022-05-29T00:00:00+00:00 [queued]>
[2022-11-04T20:06:05.091+0000] {taskinstance.py:1165} INFO - Dependencies all met for <TaskInstance: orquestation.TASK1 scheduled__2022-05-29T00:00:00+00:00 [queued]>
[2022-11-04T20:06:05.092+0000] {taskinstance.py:1362} INFO - 
--------------------------------------------------------------------------------
[2022-11-04T20:06:05.092+0000] {taskinstance.py:1363} INFO - Starting attempt 1 of 1
[2022-11-04T20:06:05.093+0000] {taskinstance.py:1364} INFO - 
--------------------------------------------------------------------------------
[2022-11-04T20:06:05.439+0000] {taskinstance.py:1383} INFO - Executing <Task(BashOperator): TASK1> on 2022-05-29 00:00:00+00:00
[2022-11-04T20:06:05.444+0000] {standard_task_runner.py:55} INFO - Started process 455 to run task
[2022-11-04T20:06:05.447+0000] {standard_task_runner.py:82} INFO - Running: ['***', 'tasks', 'run', 'orquestation', 'TASK1', 'scheduled__2022-05-29T00:00:00+00:00', '--job-id', '38', '--raw', '--subdir', 'DAGS_FOLDER/5.1-orquestacion.py', '--cfg-path', '/tmp/tmpc35blrib']
[2022-11-04T20:06:05.448+0000] {standard_task_runner.py:83} INFO - Job 38: Subtask TASK1
[2022-11-04T20:06:06.038+0000] {task_command.py:376} INFO - Running <TaskInstance: orquestation.TASK1 scheduled__2022-05-29T00:00:00+00:00 [running]> on host 208ed96b478a
[2022-11-04T20:06:07.817+0000] {taskinstance.py:1592} INFO - Exporting the following env vars:
AIRFLOW_CTX_DAG_OWNER=***
AIRFLOW_CTX_DAG_ID=orquestation
AIRFLOW_CTX_TASK_ID=TASK1
AIRFLOW_CTX_EXECUTION_DATE=2022-05-29T00:00:00+00:00
AIRFLOW_CTX_TRY_NUMBER=1
AIRFLOW_CTX_DAG_RUN_ID=scheduled__2022-05-29T00:00:00+00:00
[2022-11-04T20:06:07.818+0000] {subprocess.py:63} INFO - Tmp dir root location: 
 /tmp
[2022-11-04T20:06:07.972+0000] {subprocess.py:75} INFO - Running command: ['/bin/bash', '-c', "SLEEP 2 && ECHO 'TASK1'"]
[2022-11-04T20:06:08.140+0000] {subprocess.py:86} INFO - Output:
[2022-11-04T20:06:09.616+0000] {subprocess.py:93} INFO - /bin/bash: line 1: SLEEP: command not found
[2022-11-04T20:06:09.619+0000] {subprocess.py:97} INFO - Command exited with return code 127
[2022-11-04T20:06:09.726+0000] {taskinstance.py:1851} ERROR - Task failed with exception
Traceback (most recent call last):
  File "/home/airflow/.local/lib/python3.7/site-packages/airflow/operators/bash.py", line 197, in execute
    f'Bash command failed. The command returned a non-zero exit code {result.exit_code}.'
airflow.exceptions.AirflowException: Bash command failed. The command returned a non-zero exit code 127.
[2022-11-04T20:06:09.896+0000] {taskinstance.py:1406} INFO - Marking task as FAILED. dag_id=orquestation, task_id=TASK1, execution_date=20220529T000000, start_date=20221104T200605, end_date=20221104T200609
[2022-11-04T20:06:10.094+0000] {standard_task_runner.py:105} ERROR - Failed to execute job 38 for task TASK1 (Bash command failed. The command returned a non-zero exit code 127.; 455)
[2022-11-04T20:06:10.158+0000] {local_task_job.py:164} INFO - Task exited with return code 1
[2022-11-04T20:06:10.234+0000] {local_task_job.py:273} INFO - 0 downstream tasks scheduled from follow-on schedule check
[2022-11-04T20:25:52.853+0000] {taskinstance.py:1165} INFO - Dependencies all met for <TaskInstance: orquestation.task1 scheduled__2022-05-29T00:00:00+00:00 [queued]>
[2022-11-04T20:25:52.866+0000] {taskinstance.py:1165} INFO - Dependencies all met for <TaskInstance: orquestation.task1 scheduled__2022-05-29T00:00:00+00:00 [queued]>
[2022-11-04T20:25:52.867+0000] {taskinstance.py:1362} INFO - 
--------------------------------------------------------------------------------
[2022-11-04T20:25:52.867+0000] {taskinstance.py:1363} INFO - Starting attempt 1 of 1
[2022-11-04T20:25:52.867+0000] {taskinstance.py:1364} INFO - 
--------------------------------------------------------------------------------
[2022-11-04T20:25:52.885+0000] {taskinstance.py:1383} INFO - Executing <Task(BashOperator): task1> on 2022-05-29 00:00:00+00:00
[2022-11-04T20:25:52.893+0000] {standard_task_runner.py:55} INFO - Started process 1385 to run task
[2022-11-04T20:25:52.896+0000] {standard_task_runner.py:82} INFO - Running: ['***', 'tasks', 'run', 'orquestation', 'task1', 'scheduled__2022-05-29T00:00:00+00:00', '--job-id', '43', '--raw', '--subdir', 'DAGS_FOLDER/5.1-orquestacion.py', '--cfg-path', '/tmp/tmp01re_o69']
[2022-11-04T20:25:52.897+0000] {standard_task_runner.py:83} INFO - Job 43: Subtask task1
[2022-11-04T20:25:52.983+0000] {task_command.py:376} INFO - Running <TaskInstance: orquestation.task1 scheduled__2022-05-29T00:00:00+00:00 [running]> on host 208ed96b478a
[2022-11-04T20:25:53.109+0000] {taskinstance.py:1592} INFO - Exporting the following env vars:
AIRFLOW_CTX_DAG_OWNER=***
AIRFLOW_CTX_DAG_ID=orquestation
AIRFLOW_CTX_TASK_ID=task1
AIRFLOW_CTX_EXECUTION_DATE=2022-05-29T00:00:00+00:00
AIRFLOW_CTX_TRY_NUMBER=1
AIRFLOW_CTX_DAG_RUN_ID=scheduled__2022-05-29T00:00:00+00:00
[2022-11-04T20:25:53.111+0000] {subprocess.py:63} INFO - Tmp dir root location: 
 /tmp
[2022-11-04T20:25:53.112+0000] {subprocess.py:75} INFO - Running command: ['/bin/bash', '-c', "sleep2 && echo 'task1'"]
[2022-11-04T20:25:53.128+0000] {subprocess.py:86} INFO - Output:
[2022-11-04T20:25:53.130+0000] {subprocess.py:93} INFO - /bin/bash: line 1: sleep2: command not found
[2022-11-04T20:25:53.131+0000] {subprocess.py:97} INFO - Command exited with return code 127
[2022-11-04T20:25:53.148+0000] {taskinstance.py:1851} ERROR - Task failed with exception
Traceback (most recent call last):
  File "/home/airflow/.local/lib/python3.7/site-packages/airflow/operators/bash.py", line 197, in execute
    f'Bash command failed. The command returned a non-zero exit code {result.exit_code}.'
airflow.exceptions.AirflowException: Bash command failed. The command returned a non-zero exit code 127.
[2022-11-04T20:25:53.153+0000] {taskinstance.py:1406} INFO - Marking task as FAILED. dag_id=orquestation, task_id=task1, execution_date=20220529T000000, start_date=20221104T202552, end_date=20221104T202553
[2022-11-04T20:25:53.169+0000] {standard_task_runner.py:105} ERROR - Failed to execute job 43 for task task1 (Bash command failed. The command returned a non-zero exit code 127.; 1385)
[2022-11-04T20:25:53.190+0000] {local_task_job.py:164} INFO - Task exited with return code 1
[2022-11-04T20:25:53.230+0000] {local_task_job.py:273} INFO - 0 downstream tasks scheduled from follow-on schedule check
[2022-11-04T21:33:40.742+0000] {taskinstance.py:1165} INFO - Dependencies all met for <TaskInstance: orquestation.task1 scheduled__2022-05-29T00:00:00+00:00 [queued]>
[2022-11-04T21:33:40.771+0000] {taskinstance.py:1165} INFO - Dependencies all met for <TaskInstance: orquestation.task1 scheduled__2022-05-29T00:00:00+00:00 [queued]>
[2022-11-04T21:33:40.772+0000] {taskinstance.py:1362} INFO - 
--------------------------------------------------------------------------------
[2022-11-04T21:33:40.773+0000] {taskinstance.py:1363} INFO - Starting attempt 1 of 1
[2022-11-04T21:33:40.774+0000] {taskinstance.py:1364} INFO - 
--------------------------------------------------------------------------------
[2022-11-04T21:33:40.802+0000] {taskinstance.py:1383} INFO - Executing <Task(BashOperator): task1> on 2022-05-29 00:00:00+00:00
[2022-11-04T21:33:40.813+0000] {standard_task_runner.py:55} INFO - Started process 1147 to run task
[2022-11-04T21:33:40.819+0000] {standard_task_runner.py:82} INFO - Running: ['***', 'tasks', 'run', 'orquestation', 'task1', 'scheduled__2022-05-29T00:00:00+00:00', '--job-id', '217', '--raw', '--subdir', 'DAGS_FOLDER/5.1-orquestacion.py', '--cfg-path', '/tmp/tmp0insou5s']
[2022-11-04T21:33:40.820+0000] {standard_task_runner.py:83} INFO - Job 217: Subtask task1
[2022-11-04T21:33:40.952+0000] {task_command.py:376} INFO - Running <TaskInstance: orquestation.task1 scheduled__2022-05-29T00:00:00+00:00 [running]> on host 643e334f405f
[2022-11-04T21:33:41.164+0000] {taskinstance.py:1592} INFO - Exporting the following env vars:
AIRFLOW_CTX_DAG_OWNER=***
AIRFLOW_CTX_DAG_ID=orquestation
AIRFLOW_CTX_TASK_ID=task1
AIRFLOW_CTX_EXECUTION_DATE=2022-05-29T00:00:00+00:00
AIRFLOW_CTX_TRY_NUMBER=1
AIRFLOW_CTX_DAG_RUN_ID=scheduled__2022-05-29T00:00:00+00:00
[2022-11-04T21:33:41.225+0000] {subprocess.py:63} INFO - Tmp dir root location: 
 /tmp
[2022-11-04T21:33:41.228+0000] {subprocess.py:75} INFO - Running command: ['/bin/bash', '-c', "sleep 2 && echo 'task1'"]
[2022-11-04T21:33:41.262+0000] {subprocess.py:86} INFO - Output:
[2022-11-04T21:33:43.612+0000] {subprocess.py:93} INFO - task1
[2022-11-04T21:33:43.621+0000] {subprocess.py:97} INFO - Command exited with return code 0
[2022-11-04T21:33:44.522+0000] {taskinstance.py:1406} INFO - Marking task as SUCCESS. dag_id=orquestation, task_id=task1, execution_date=20220529T000000, start_date=20221104T213340, end_date=20221104T213344
[2022-11-04T21:33:44.604+0000] {local_task_job.py:164} INFO - Task exited with return code 0
[2022-11-04T21:33:44.691+0000] {local_task_job.py:273} INFO - 1 downstream tasks scheduled from follow-on schedule check
[2022-11-04T21:45:09.450+0000] {taskinstance.py:1165} INFO - Dependencies all met for <TaskInstance: orquestation.task1 scheduled__2022-05-29T00:00:00+00:00 [queued]>
[2022-11-04T21:45:09.466+0000] {taskinstance.py:1165} INFO - Dependencies all met for <TaskInstance: orquestation.task1 scheduled__2022-05-29T00:00:00+00:00 [queued]>
[2022-11-04T21:45:09.467+0000] {taskinstance.py:1362} INFO - 
--------------------------------------------------------------------------------
[2022-11-04T21:45:09.467+0000] {taskinstance.py:1363} INFO - Starting attempt 1 of 1
[2022-11-04T21:45:09.468+0000] {taskinstance.py:1364} INFO - 
--------------------------------------------------------------------------------
[2022-11-04T21:45:09.484+0000] {taskinstance.py:1383} INFO - Executing <Task(BashOperator): task1> on 2022-05-29 00:00:00+00:00
[2022-11-04T21:45:09.491+0000] {standard_task_runner.py:55} INFO - Started process 2277 to run task
[2022-11-04T21:45:09.494+0000] {standard_task_runner.py:82} INFO - Running: ['***', 'tasks', 'run', 'orquestation', 'task1', 'scheduled__2022-05-29T00:00:00+00:00', '--job-id', '367', '--raw', '--subdir', 'DAGS_FOLDER/5.1-orquestacion.py', '--cfg-path', '/tmp/tmp44s05q8z']
[2022-11-04T21:45:09.495+0000] {standard_task_runner.py:83} INFO - Job 367: Subtask task1
[2022-11-04T21:45:09.676+0000] {task_command.py:376} INFO - Running <TaskInstance: orquestation.task1 scheduled__2022-05-29T00:00:00+00:00 [running]> on host 643e334f405f
[2022-11-04T21:45:09.782+0000] {taskinstance.py:1592} INFO - Exporting the following env vars:
AIRFLOW_CTX_DAG_OWNER=***
AIRFLOW_CTX_DAG_ID=orquestation
AIRFLOW_CTX_TASK_ID=task1
AIRFLOW_CTX_EXECUTION_DATE=2022-05-29T00:00:00+00:00
AIRFLOW_CTX_TRY_NUMBER=1
AIRFLOW_CTX_DAG_RUN_ID=scheduled__2022-05-29T00:00:00+00:00
[2022-11-04T21:45:09.783+0000] {subprocess.py:63} INFO - Tmp dir root location: 
 /tmp
[2022-11-04T21:45:09.784+0000] {subprocess.py:75} INFO - Running command: ['/bin/bash', '-c', "sleep 2 && echo 'task1'"]
[2022-11-04T21:45:09.797+0000] {subprocess.py:86} INFO - Output:
[2022-11-04T21:45:11.800+0000] {subprocess.py:93} INFO - task1
[2022-11-04T21:45:11.801+0000] {subprocess.py:97} INFO - Command exited with return code 0
[2022-11-04T21:45:11.829+0000] {taskinstance.py:1406} INFO - Marking task as SUCCESS. dag_id=orquestation, task_id=task1, execution_date=20220529T000000, start_date=20221104T214509, end_date=20221104T214511
[2022-11-04T21:45:11.874+0000] {local_task_job.py:164} INFO - Task exited with return code 0
[2022-11-04T21:45:11.916+0000] {local_task_job.py:273} INFO - 1 downstream tasks scheduled from follow-on schedule check
