[2022-11-04T21:31:46.662+0000] {taskinstance.py:1165} INFO - Dependencies all met for <TaskInstance: orquestation.task2 scheduled__2022-05-02T00:00:00+00:00 [queued]>
[2022-11-04T21:31:46.687+0000] {taskinstance.py:1165} INFO - Dependencies all met for <TaskInstance: orquestation.task2 scheduled__2022-05-02T00:00:00+00:00 [queued]>
[2022-11-04T21:31:46.688+0000] {taskinstance.py:1362} INFO - 
--------------------------------------------------------------------------------
[2022-11-04T21:31:46.689+0000] {taskinstance.py:1363} INFO - Starting attempt 1 of 1
[2022-11-04T21:31:46.690+0000] {taskinstance.py:1364} INFO - 
--------------------------------------------------------------------------------
[2022-11-04T21:31:46.713+0000] {taskinstance.py:1383} INFO - Executing <Task(BashOperator): task2> on 2022-05-02 00:00:00+00:00
[2022-11-04T21:31:46.724+0000] {standard_task_runner.py:55} INFO - Started process 651 to run task
[2022-11-04T21:31:46.728+0000] {standard_task_runner.py:82} INFO - Running: ['***', 'tasks', 'run', 'orquestation', 'task2', 'scheduled__2022-05-02T00:00:00+00:00', '--job-id', '114', '--raw', '--subdir', 'DAGS_FOLDER/5.1-orquestacion.py', '--cfg-path', '/tmp/tmp0aq1nhnd']
[2022-11-04T21:31:46.730+0000] {standard_task_runner.py:83} INFO - Job 114: Subtask task2
[2022-11-04T21:31:46.857+0000] {task_command.py:376} INFO - Running <TaskInstance: orquestation.task2 scheduled__2022-05-02T00:00:00+00:00 [running]> on host 643e334f405f
[2022-11-04T21:31:46.971+0000] {taskinstance.py:1592} INFO - Exporting the following env vars:
AIRFLOW_CTX_DAG_OWNER=***
AIRFLOW_CTX_DAG_ID=orquestation
AIRFLOW_CTX_TASK_ID=task2
AIRFLOW_CTX_EXECUTION_DATE=2022-05-02T00:00:00+00:00
AIRFLOW_CTX_TRY_NUMBER=1
AIRFLOW_CTX_DAG_RUN_ID=scheduled__2022-05-02T00:00:00+00:00
[2022-11-04T21:31:46.973+0000] {subprocess.py:63} INFO - Tmp dir root location: 
 /tmp
[2022-11-04T21:31:46.975+0000] {subprocess.py:75} INFO - Running command: ['/bin/bash', '-c', "sleep 2 && echo 'task2'"]
[2022-11-04T21:31:46.996+0000] {subprocess.py:86} INFO - Output:
[2022-11-04T21:31:49.000+0000] {subprocess.py:93} INFO - task2
[2022-11-04T21:31:49.001+0000] {subprocess.py:97} INFO - Command exited with return code 0
[2022-11-04T21:31:49.038+0000] {taskinstance.py:1406} INFO - Marking task as SUCCESS. dag_id=orquestation, task_id=task2, execution_date=20220502T000000, start_date=20221104T213146, end_date=20221104T213149
[2022-11-04T21:31:49.109+0000] {local_task_job.py:164} INFO - Task exited with return code 0
[2022-11-04T21:31:49.178+0000] {local_task_job.py:273} INFO - 2 downstream tasks scheduled from follow-on schedule check
[2022-11-04T21:40:20.137+0000] {taskinstance.py:1165} INFO - Dependencies all met for <TaskInstance: orquestation.task2 scheduled__2022-05-02T00:00:00+00:00 [queued]>
[2022-11-04T21:40:20.154+0000] {taskinstance.py:1165} INFO - Dependencies all met for <TaskInstance: orquestation.task2 scheduled__2022-05-02T00:00:00+00:00 [queued]>
[2022-11-04T21:40:20.154+0000] {taskinstance.py:1362} INFO - 
--------------------------------------------------------------------------------
[2022-11-04T21:40:20.155+0000] {taskinstance.py:1363} INFO - Starting attempt 1 of 1
[2022-11-04T21:40:20.155+0000] {taskinstance.py:1364} INFO - 
--------------------------------------------------------------------------------
[2022-11-04T21:40:20.173+0000] {taskinstance.py:1383} INFO - Executing <Task(BashOperator): task2> on 2022-05-02 00:00:00+00:00
[2022-11-04T21:40:20.181+0000] {standard_task_runner.py:55} INFO - Started process 1624 to run task
[2022-11-04T21:40:20.184+0000] {standard_task_runner.py:82} INFO - Running: ['***', 'tasks', 'run', 'orquestation', 'task2', 'scheduled__2022-05-02T00:00:00+00:00', '--job-id', '260', '--raw', '--subdir', 'DAGS_FOLDER/5.1-orquestacion.py', '--cfg-path', '/tmp/tmpzyi_nzyl']
[2022-11-04T21:40:20.185+0000] {standard_task_runner.py:83} INFO - Job 260: Subtask task2
[2022-11-04T21:40:20.254+0000] {task_command.py:376} INFO - Running <TaskInstance: orquestation.task2 scheduled__2022-05-02T00:00:00+00:00 [running]> on host 643e334f405f
[2022-11-04T21:40:20.334+0000] {taskinstance.py:1592} INFO - Exporting the following env vars:
AIRFLOW_CTX_DAG_OWNER=***
AIRFLOW_CTX_DAG_ID=orquestation
AIRFLOW_CTX_TASK_ID=task2
AIRFLOW_CTX_EXECUTION_DATE=2022-05-02T00:00:00+00:00
AIRFLOW_CTX_TRY_NUMBER=1
AIRFLOW_CTX_DAG_RUN_ID=scheduled__2022-05-02T00:00:00+00:00
[2022-11-04T21:40:20.336+0000] {subprocess.py:63} INFO - Tmp dir root location: 
 /tmp
[2022-11-04T21:40:20.337+0000] {subprocess.py:75} INFO - Running command: ['/bin/bash', '-c', "sleep 2 && echo 'task2'"]
[2022-11-04T21:40:20.350+0000] {subprocess.py:86} INFO - Output:
[2022-11-04T21:40:22.353+0000] {subprocess.py:93} INFO - task2
[2022-11-04T21:40:22.354+0000] {subprocess.py:97} INFO - Command exited with return code 0
[2022-11-04T21:40:22.381+0000] {taskinstance.py:1406} INFO - Marking task as SUCCESS. dag_id=orquestation, task_id=task2, execution_date=20220502T000000, start_date=20221104T214020, end_date=20221104T214022
[2022-11-04T21:40:22.407+0000] {local_task_job.py:164} INFO - Task exited with return code 0
[2022-11-04T21:40:22.440+0000] {local_task_job.py:273} INFO - 2 downstream tasks scheduled from follow-on schedule check
