[2022-11-17T16:43:14.458+0000] {taskinstance.py:1165} INFO - Dependencies all met for <TaskInstance: MyPersonalAirflowProject.Marketing_team_Notification scheduled__2022-11-05T00:00:00+00:00 [queued]>
[2022-11-17T16:43:14.473+0000] {taskinstance.py:1165} INFO - Dependencies all met for <TaskInstance: MyPersonalAirflowProject.Marketing_team_Notification scheduled__2022-11-05T00:00:00+00:00 [queued]>
[2022-11-17T16:43:14.474+0000] {taskinstance.py:1362} INFO - 
--------------------------------------------------------------------------------
[2022-11-17T16:43:14.475+0000] {taskinstance.py:1363} INFO - Starting attempt 1 of 1
[2022-11-17T16:43:14.475+0000] {taskinstance.py:1364} INFO - 
--------------------------------------------------------------------------------
[2022-11-17T16:43:14.494+0000] {taskinstance.py:1383} INFO - Executing <Task(BashOperator): Marketing_team_Notification> on 2022-11-05 00:00:00+00:00
[2022-11-17T16:43:14.500+0000] {standard_task_runner.py:55} INFO - Started process 4647 to run task
[2022-11-17T16:43:14.503+0000] {standard_task_runner.py:82} INFO - Running: ['***', 'tasks', 'run', 'MyPersonalAirflowProject', 'Marketing_team_Notification', 'scheduled__2022-11-05T00:00:00+00:00', '--job-id', '2311', '--raw', '--subdir', 'DAGS_FOLDER/FinalPersonalProject.py', '--cfg-path', '/tmp/tmp3ao956n_']
[2022-11-17T16:43:14.504+0000] {standard_task_runner.py:83} INFO - Job 2311: Subtask Marketing_team_Notification
[2022-11-17T16:43:14.570+0000] {task_command.py:376} INFO - Running <TaskInstance: MyPersonalAirflowProject.Marketing_team_Notification scheduled__2022-11-05T00:00:00+00:00 [running]> on host 638485efabe7
[2022-11-17T16:43:14.648+0000] {taskinstance.py:1592} INFO - Exporting the following env vars:
AIRFLOW_CTX_DAG_OWNER=***
AIRFLOW_CTX_DAG_ID=MyPersonalAirflowProject
AIRFLOW_CTX_TASK_ID=Marketing_team_Notification
AIRFLOW_CTX_EXECUTION_DATE=2022-11-05T00:00:00+00:00
AIRFLOW_CTX_TRY_NUMBER=1
AIRFLOW_CTX_DAG_RUN_ID=scheduled__2022-11-05T00:00:00+00:00
[2022-11-17T16:43:14.650+0000] {subprocess.py:63} INFO - Tmp dir root location: 
 /tmp
[2022-11-17T16:43:14.651+0000] {subprocess.py:75} INFO - Running command: ['/bin/bash', '-c', 'echo "Hi Marketing team, Space X data for 2022-11-05 are now available!.. Please check them out!"']
[2022-11-17T16:43:14.663+0000] {subprocess.py:86} INFO - Output:
[2022-11-17T16:43:14.664+0000] {subprocess.py:93} INFO - Hi Marketing team, Space X data for 2022-11-05 are now available!.. Please check them out!
[2022-11-17T16:43:14.665+0000] {subprocess.py:97} INFO - Command exited with return code 0
[2022-11-17T16:43:14.693+0000] {taskinstance.py:1406} INFO - Marking task as SUCCESS. dag_id=MyPersonalAirflowProject, task_id=Marketing_team_Notification, execution_date=20221105T000000, start_date=20221117T164314, end_date=20221117T164314
[2022-11-17T16:43:14.716+0000] {local_task_job.py:164} INFO - Task exited with return code 0
[2022-11-17T16:43:14.742+0000] {local_task_job.py:273} INFO - 0 downstream tasks scheduled from follow-on schedule check
[2022-11-17T17:34:19.286+0000] {taskinstance.py:1165} INFO - Dependencies all met for <TaskInstance: MyPersonalAirflowProject.Marketing_team_Notification scheduled__2022-11-05T00:00:00+00:00 [queued]>
[2022-11-17T17:34:19.300+0000] {taskinstance.py:1165} INFO - Dependencies all met for <TaskInstance: MyPersonalAirflowProject.Marketing_team_Notification scheduled__2022-11-05T00:00:00+00:00 [queued]>
[2022-11-17T17:34:19.300+0000] {taskinstance.py:1362} INFO - 
--------------------------------------------------------------------------------
[2022-11-17T17:34:19.301+0000] {taskinstance.py:1363} INFO - Starting attempt 1 of 1
[2022-11-17T17:34:19.301+0000] {taskinstance.py:1364} INFO - 
--------------------------------------------------------------------------------
[2022-11-17T17:34:19.320+0000] {taskinstance.py:1383} INFO - Executing <Task(BashOperator): Marketing_team_Notification> on 2022-11-05 00:00:00+00:00
[2022-11-17T17:34:19.327+0000] {standard_task_runner.py:55} INFO - Started process 8267 to run task
[2022-11-17T17:34:19.329+0000] {standard_task_runner.py:82} INFO - Running: ['***', 'tasks', 'run', 'MyPersonalAirflowProject', 'Marketing_team_Notification', 'scheduled__2022-11-05T00:00:00+00:00', '--job-id', '2720', '--raw', '--subdir', 'DAGS_FOLDER/FinalPersonalProject.py', '--cfg-path', '/tmp/tmp4osukm0o']
[2022-11-17T17:34:19.330+0000] {standard_task_runner.py:83} INFO - Job 2720: Subtask Marketing_team_Notification
[2022-11-17T17:34:19.398+0000] {task_command.py:376} INFO - Running <TaskInstance: MyPersonalAirflowProject.Marketing_team_Notification scheduled__2022-11-05T00:00:00+00:00 [running]> on host 638485efabe7
[2022-11-17T17:34:19.478+0000] {taskinstance.py:1592} INFO - Exporting the following env vars:
AIRFLOW_CTX_DAG_OWNER=***
AIRFLOW_CTX_DAG_ID=MyPersonalAirflowProject
AIRFLOW_CTX_TASK_ID=Marketing_team_Notification
AIRFLOW_CTX_EXECUTION_DATE=2022-11-05T00:00:00+00:00
AIRFLOW_CTX_TRY_NUMBER=1
AIRFLOW_CTX_DAG_RUN_ID=scheduled__2022-11-05T00:00:00+00:00
[2022-11-17T17:34:19.480+0000] {subprocess.py:63} INFO - Tmp dir root location: 
 /tmp
[2022-11-17T17:34:19.481+0000] {subprocess.py:75} INFO - Running command: ['/bin/bash', '-c', 'echo "Hi Marketing team, Space X data for 2022-11-05 are now available!.. Please check them out!"']
[2022-11-17T17:34:19.492+0000] {subprocess.py:86} INFO - Output:
[2022-11-17T17:34:19.494+0000] {subprocess.py:93} INFO - Hi Marketing team, Space X data for 2022-11-05 are now available!.. Please check them out!
[2022-11-17T17:34:19.495+0000] {subprocess.py:97} INFO - Command exited with return code 0
[2022-11-17T17:34:19.523+0000] {taskinstance.py:1406} INFO - Marking task as SUCCESS. dag_id=MyPersonalAirflowProject, task_id=Marketing_team_Notification, execution_date=20221105T000000, start_date=20221117T173419, end_date=20221117T173419
[2022-11-17T17:34:19.544+0000] {local_task_job.py:164} INFO - Task exited with return code 0
[2022-11-17T17:34:19.566+0000] {local_task_job.py:273} INFO - 0 downstream tasks scheduled from follow-on schedule check
