[2022-11-16T22:16:35.222+0000] {taskinstance.py:1165} INFO - Dependencies all met for <TaskInstance: MyPersonalAirflowProject.SpaceX_data scheduled__2022-10-12T00:00:00+00:00 [queued]>
[2022-11-16T22:16:35.258+0000] {taskinstance.py:1165} INFO - Dependencies all met for <TaskInstance: MyPersonalAirflowProject.SpaceX_data scheduled__2022-10-12T00:00:00+00:00 [queued]>
[2022-11-16T22:16:35.259+0000] {taskinstance.py:1362} INFO - 
--------------------------------------------------------------------------------
[2022-11-16T22:16:35.260+0000] {taskinstance.py:1363} INFO - Starting attempt 1 of 1
[2022-11-16T22:16:35.261+0000] {taskinstance.py:1364} INFO - 
--------------------------------------------------------------------------------
[2022-11-16T22:16:35.300+0000] {taskinstance.py:1383} INFO - Executing <Task(BashOperator): SpaceX_data> on 2022-10-12 00:00:00+00:00
[2022-11-16T22:16:35.312+0000] {standard_task_runner.py:55} INFO - Started process 5193 to run task
[2022-11-16T22:16:35.318+0000] {standard_task_runner.py:82} INFO - Running: ['***', 'tasks', 'run', 'MyPersonalAirflowProject', 'SpaceX_data', 'scheduled__2022-10-12T00:00:00+00:00', '--job-id', '1509', '--raw', '--subdir', 'DAGS_FOLDER/FinalPersonalProject.py', '--cfg-path', '/tmp/tmpdsyivqdk']
[2022-11-16T22:16:35.320+0000] {standard_task_runner.py:83} INFO - Job 1509: Subtask SpaceX_data
[2022-11-16T22:16:35.462+0000] {task_command.py:376} INFO - Running <TaskInstance: MyPersonalAirflowProject.SpaceX_data scheduled__2022-10-12T00:00:00+00:00 [running]> on host 638485efabe7
[2022-11-16T22:16:35.635+0000] {taskinstance.py:1592} INFO - Exporting the following env vars:
AIRFLOW_CTX_DAG_OWNER=***
AIRFLOW_CTX_DAG_ID=MyPersonalAirflowProject
AIRFLOW_CTX_TASK_ID=SpaceX_data
AIRFLOW_CTX_EXECUTION_DATE=2022-10-12T00:00:00+00:00
AIRFLOW_CTX_TRY_NUMBER=1
AIRFLOW_CTX_DAG_RUN_ID=scheduled__2022-10-12T00:00:00+00:00
[2022-11-16T22:16:35.663+0000] {subprocess.py:63} INFO - Tmp dir root location: 
 /tmp
[2022-11-16T22:16:35.666+0000] {subprocess.py:75} INFO - Running command: ['/bin/bash', '-c', "curl -o /tmp/history.json -L 'https://api.spacexdata.com/v4/history'"]
[2022-11-16T22:16:35.692+0000] {subprocess.py:86} INFO - Output:
[2022-11-16T22:16:36.116+0000] {subprocess.py:93} INFO -   % Total    % Received % Xferd  Average Speed   Time    Time     Time  Current
[2022-11-16T22:16:36.116+0000] {subprocess.py:93} INFO -                                  Dload  Upload   Total   Spent    Left  Speed
[2022-11-16T22:16:36.527+0000] {subprocess.py:93} INFO -   0     0    0     0    0     0      0      0 --:--:-- --:--:-- --:--:--     0  0     0    0     0    0     0      0      0 --:--:-- --:--:-- --:--:--     0100  6756    0  6756    0     0  16437      0 --:--:-- --:--:-- --:--:-- 16398
[2022-11-16T22:16:36.747+0000] {subprocess.py:97} INFO - Command exited with return code 0
[2022-11-16T22:16:36.795+0000] {taskinstance.py:1406} INFO - Marking task as SUCCESS. dag_id=MyPersonalAirflowProject, task_id=SpaceX_data, execution_date=20221012T000000, start_date=20221116T221635, end_date=20221116T221636
[2022-11-16T22:16:36.871+0000] {local_task_job.py:164} INFO - Task exited with return code 0
[2022-11-16T22:16:36.928+0000] {local_task_job.py:273} INFO - 1 downstream tasks scheduled from follow-on schedule check
[2022-11-17T16:29:59.943+0000] {taskinstance.py:1165} INFO - Dependencies all met for <TaskInstance: MyPersonalAirflowProject.SpaceX_data scheduled__2022-10-12T00:00:00+00:00 [queued]>
[2022-11-17T16:29:59.958+0000] {taskinstance.py:1165} INFO - Dependencies all met for <TaskInstance: MyPersonalAirflowProject.SpaceX_data scheduled__2022-10-12T00:00:00+00:00 [queued]>
[2022-11-17T16:29:59.959+0000] {taskinstance.py:1362} INFO - 
--------------------------------------------------------------------------------
[2022-11-17T16:29:59.959+0000] {taskinstance.py:1363} INFO - Starting attempt 1 of 1
[2022-11-17T16:29:59.960+0000] {taskinstance.py:1364} INFO - 
--------------------------------------------------------------------------------
[2022-11-17T16:29:59.978+0000] {taskinstance.py:1383} INFO - Executing <Task(BashOperator): SpaceX_data> on 2022-10-12 00:00:00+00:00
[2022-11-17T16:29:59.984+0000] {standard_task_runner.py:55} INFO - Started process 3442 to run task
[2022-11-17T16:29:59.987+0000] {standard_task_runner.py:82} INFO - Running: ['***', 'tasks', 'run', 'MyPersonalAirflowProject', 'SpaceX_data', 'scheduled__2022-10-12T00:00:00+00:00', '--job-id', '2115', '--raw', '--subdir', 'DAGS_FOLDER/FinalPersonalProject.py', '--cfg-path', '/tmp/tmp0p3ybdub']
[2022-11-17T16:29:59.988+0000] {standard_task_runner.py:83} INFO - Job 2115: Subtask SpaceX_data
[2022-11-17T16:30:00.056+0000] {task_command.py:376} INFO - Running <TaskInstance: MyPersonalAirflowProject.SpaceX_data scheduled__2022-10-12T00:00:00+00:00 [running]> on host 638485efabe7
[2022-11-17T16:30:00.134+0000] {taskinstance.py:1592} INFO - Exporting the following env vars:
AIRFLOW_CTX_DAG_OWNER=***
AIRFLOW_CTX_DAG_ID=MyPersonalAirflowProject
AIRFLOW_CTX_TASK_ID=SpaceX_data
AIRFLOW_CTX_EXECUTION_DATE=2022-10-12T00:00:00+00:00
AIRFLOW_CTX_TRY_NUMBER=1
AIRFLOW_CTX_DAG_RUN_ID=scheduled__2022-10-12T00:00:00+00:00
[2022-11-17T16:30:00.136+0000] {subprocess.py:63} INFO - Tmp dir root location: 
 /tmp
[2022-11-17T16:30:00.137+0000] {subprocess.py:75} INFO - Running command: ['/bin/bash', '-c', "curl -o /tmp/history.json -L 'https://api.spacexdata.com/v4/history'"]
[2022-11-17T16:30:00.150+0000] {subprocess.py:86} INFO - Output:
[2022-11-17T16:30:00.159+0000] {subprocess.py:93} INFO -   % Total    % Received % Xferd  Average Speed   Time    Time     Time  Current
[2022-11-17T16:30:00.160+0000] {subprocess.py:93} INFO -                                  Dload  Upload   Total   Spent    Left  Speed
[2022-11-17T16:30:00.335+0000] {subprocess.py:93} INFO -   0     0    0     0    0     0      0      0 --:--:-- --:--:-- --:--:--     0  0     0    0     0    0     0      0      0 --:--:-- --:--:-- --:--:--     0100  6756    0  6756    0     0  38605      0 --:--:-- --:--:-- --:--:-- 38386
[2022-11-17T16:30:00.337+0000] {subprocess.py:97} INFO - Command exited with return code 0
[2022-11-17T16:30:00.371+0000] {taskinstance.py:1406} INFO - Marking task as SUCCESS. dag_id=MyPersonalAirflowProject, task_id=SpaceX_data, execution_date=20221012T000000, start_date=20221117T162959, end_date=20221117T163000
[2022-11-17T16:30:00.401+0000] {local_task_job.py:164} INFO - Task exited with return code 0
[2022-11-17T16:30:00.446+0000] {local_task_job.py:273} INFO - 1 downstream tasks scheduled from follow-on schedule check
[2022-11-17T17:22:08.554+0000] {taskinstance.py:1165} INFO - Dependencies all met for <TaskInstance: MyPersonalAirflowProject.SpaceX_data scheduled__2022-10-12T00:00:00+00:00 [queued]>
[2022-11-17T17:22:08.566+0000] {taskinstance.py:1165} INFO - Dependencies all met for <TaskInstance: MyPersonalAirflowProject.SpaceX_data scheduled__2022-10-12T00:00:00+00:00 [queued]>
[2022-11-17T17:22:08.567+0000] {taskinstance.py:1362} INFO - 
--------------------------------------------------------------------------------
[2022-11-17T17:22:08.567+0000] {taskinstance.py:1363} INFO - Starting attempt 1 of 1
[2022-11-17T17:22:08.568+0000] {taskinstance.py:1364} INFO - 
--------------------------------------------------------------------------------
[2022-11-17T17:22:08.586+0000] {taskinstance.py:1383} INFO - Executing <Task(BashOperator): SpaceX_data> on 2022-10-12 00:00:00+00:00
[2022-11-17T17:22:08.593+0000] {standard_task_runner.py:55} INFO - Started process 7085 to run task
[2022-11-17T17:22:08.595+0000] {standard_task_runner.py:82} INFO - Running: ['***', 'tasks', 'run', 'MyPersonalAirflowProject', 'SpaceX_data', 'scheduled__2022-10-12T00:00:00+00:00', '--job-id', '2525', '--raw', '--subdir', 'DAGS_FOLDER/FinalPersonalProject.py', '--cfg-path', '/tmp/tmpsj22_727']
[2022-11-17T17:22:08.596+0000] {standard_task_runner.py:83} INFO - Job 2525: Subtask SpaceX_data
[2022-11-17T17:22:08.659+0000] {task_command.py:376} INFO - Running <TaskInstance: MyPersonalAirflowProject.SpaceX_data scheduled__2022-10-12T00:00:00+00:00 [running]> on host 638485efabe7
[2022-11-17T17:22:08.736+0000] {taskinstance.py:1592} INFO - Exporting the following env vars:
AIRFLOW_CTX_DAG_OWNER=***
AIRFLOW_CTX_DAG_ID=MyPersonalAirflowProject
AIRFLOW_CTX_TASK_ID=SpaceX_data
AIRFLOW_CTX_EXECUTION_DATE=2022-10-12T00:00:00+00:00
AIRFLOW_CTX_TRY_NUMBER=1
AIRFLOW_CTX_DAG_RUN_ID=scheduled__2022-10-12T00:00:00+00:00
[2022-11-17T17:22:08.737+0000] {subprocess.py:63} INFO - Tmp dir root location: 
 /tmp
[2022-11-17T17:22:08.739+0000] {subprocess.py:75} INFO - Running command: ['/bin/bash', '-c', "curl -o /tmp/history.json -L 'https://api.spacexdata.com/v4/history'"]
[2022-11-17T17:22:08.749+0000] {subprocess.py:86} INFO - Output:
[2022-11-17T17:22:08.756+0000] {subprocess.py:93} INFO -   % Total    % Received % Xferd  Average Speed   Time    Time     Time  Current
[2022-11-17T17:22:08.757+0000] {subprocess.py:93} INFO -                                  Dload  Upload   Total   Spent    Left  Speed
[2022-11-17T17:22:09.145+0000] {subprocess.py:93} INFO -   0     0    0     0    0     0      0      0 --:--:-- --:--:-- --:--:--     0100  6756    0  6756    0     0  17367      0 --:--:-- --:--:-- --:--:-- 17367
[2022-11-17T17:22:09.147+0000] {subprocess.py:97} INFO - Command exited with return code 0
[2022-11-17T17:22:09.178+0000] {taskinstance.py:1406} INFO - Marking task as SUCCESS. dag_id=MyPersonalAirflowProject, task_id=SpaceX_data, execution_date=20221012T000000, start_date=20221117T172208, end_date=20221117T172209
[2022-11-17T17:22:09.213+0000] {local_task_job.py:164} INFO - Task exited with return code 0
[2022-11-17T17:22:09.252+0000] {local_task_job.py:273} INFO - 1 downstream tasks scheduled from follow-on schedule check
