[2022-11-17T16:36:27.901+0000] {taskinstance.py:1165} INFO - Dependencies all met for <TaskInstance: MyPersonalAirflowProject.end_confirmation_from_nasa scheduled__2022-10-24T00:00:00+00:00 [queued]>
[2022-11-17T16:36:27.916+0000] {taskinstance.py:1165} INFO - Dependencies all met for <TaskInstance: MyPersonalAirflowProject.end_confirmation_from_nasa scheduled__2022-10-24T00:00:00+00:00 [queued]>
[2022-11-17T16:36:27.917+0000] {taskinstance.py:1362} INFO - 
--------------------------------------------------------------------------------
[2022-11-17T16:36:28.167+0000] {taskinstance.py:1363} INFO - Starting attempt 1 of 1
[2022-11-17T16:36:28.168+0000] {taskinstance.py:1364} INFO - 
--------------------------------------------------------------------------------
[2022-11-17T16:36:29.305+0000] {taskinstance.py:1383} INFO - Executing <Task(BashOperator): end_confirmation_from_nasa> on 2022-10-24 00:00:00+00:00
[2022-11-17T16:36:29.310+0000] {standard_task_runner.py:55} INFO - Started process 4021 to run task
[2022-11-17T16:36:29.313+0000] {standard_task_runner.py:82} INFO - Running: ['***', 'tasks', 'run', 'MyPersonalAirflowProject', 'end_confirmation_from_nasa', 'scheduled__2022-10-24T00:00:00+00:00', '--job-id', '2210', '--raw', '--subdir', 'DAGS_FOLDER/FinalPersonalProject.py', '--cfg-path', '/tmp/tmp_py1_lk4']
[2022-11-17T16:36:29.314+0000] {standard_task_runner.py:83} INFO - Job 2210: Subtask end_confirmation_from_nasa
[2022-11-17T16:36:29.534+0000] {task_command.py:376} INFO - Running <TaskInstance: MyPersonalAirflowProject.end_confirmation_from_nasa scheduled__2022-10-24T00:00:00+00:00 [running]> on host 638485efabe7
[2022-11-17T16:36:29.744+0000] {taskinstance.py:1592} INFO - Exporting the following env vars:
AIRFLOW_CTX_DAG_OWNER=***
AIRFLOW_CTX_DAG_ID=MyPersonalAirflowProject
AIRFLOW_CTX_TASK_ID=end_confirmation_from_nasa
AIRFLOW_CTX_EXECUTION_DATE=2022-10-24T00:00:00+00:00
AIRFLOW_CTX_TRY_NUMBER=1
AIRFLOW_CTX_DAG_RUN_ID=scheduled__2022-10-24T00:00:00+00:00
[2022-11-17T16:36:29.745+0000] {subprocess.py:63} INFO - Tmp dir root location: 
 /tmp
[2022-11-17T16:36:29.746+0000] {subprocess.py:75} INFO - Running command: ['/bin/bash', '-c', 'echo "The Confirmation file was created successfully"']
[2022-11-17T16:36:29.757+0000] {subprocess.py:86} INFO - Output:
[2022-11-17T16:36:29.758+0000] {subprocess.py:93} INFO - The Confirmation file was created successfully
[2022-11-17T16:36:29.759+0000] {subprocess.py:97} INFO - Command exited with return code 0
[2022-11-17T16:36:30.008+0000] {taskinstance.py:1406} INFO - Marking task as SUCCESS. dag_id=MyPersonalAirflowProject, task_id=end_confirmation_from_nasa, execution_date=20221024T000000, start_date=20221117T163627, end_date=20221117T163630
[2022-11-17T16:36:30.213+0000] {local_task_job.py:164} INFO - Task exited with return code 0
[2022-11-17T16:36:30.265+0000] {local_task_job.py:273} INFO - 1 downstream tasks scheduled from follow-on schedule check
[2022-11-17T17:28:12.988+0000] {taskinstance.py:1165} INFO - Dependencies all met for <TaskInstance: MyPersonalAirflowProject.end_confirmation_from_nasa scheduled__2022-10-24T00:00:00+00:00 [queued]>
[2022-11-17T17:28:13.000+0000] {taskinstance.py:1165} INFO - Dependencies all met for <TaskInstance: MyPersonalAirflowProject.end_confirmation_from_nasa scheduled__2022-10-24T00:00:00+00:00 [queued]>
[2022-11-17T17:28:13.001+0000] {taskinstance.py:1362} INFO - 
--------------------------------------------------------------------------------
[2022-11-17T17:28:13.001+0000] {taskinstance.py:1363} INFO - Starting attempt 1 of 1
[2022-11-17T17:28:13.002+0000] {taskinstance.py:1364} INFO - 
--------------------------------------------------------------------------------
[2022-11-17T17:28:13.019+0000] {taskinstance.py:1383} INFO - Executing <Task(BashOperator): end_confirmation_from_nasa> on 2022-10-24 00:00:00+00:00
[2022-11-17T17:28:13.024+0000] {standard_task_runner.py:55} INFO - Started process 7663 to run task
[2022-11-17T17:28:13.027+0000] {standard_task_runner.py:82} INFO - Running: ['***', 'tasks', 'run', 'MyPersonalAirflowProject', 'end_confirmation_from_nasa', 'scheduled__2022-10-24T00:00:00+00:00', '--job-id', '2620', '--raw', '--subdir', 'DAGS_FOLDER/FinalPersonalProject.py', '--cfg-path', '/tmp/tmpcc591k3f']
[2022-11-17T17:28:13.028+0000] {standard_task_runner.py:83} INFO - Job 2620: Subtask end_confirmation_from_nasa
[2022-11-17T17:28:13.099+0000] {task_command.py:376} INFO - Running <TaskInstance: MyPersonalAirflowProject.end_confirmation_from_nasa scheduled__2022-10-24T00:00:00+00:00 [running]> on host 638485efabe7
[2022-11-17T17:28:13.178+0000] {taskinstance.py:1592} INFO - Exporting the following env vars:
AIRFLOW_CTX_DAG_OWNER=***
AIRFLOW_CTX_DAG_ID=MyPersonalAirflowProject
AIRFLOW_CTX_TASK_ID=end_confirmation_from_nasa
AIRFLOW_CTX_EXECUTION_DATE=2022-10-24T00:00:00+00:00
AIRFLOW_CTX_TRY_NUMBER=1
AIRFLOW_CTX_DAG_RUN_ID=scheduled__2022-10-24T00:00:00+00:00
[2022-11-17T17:28:13.179+0000] {subprocess.py:63} INFO - Tmp dir root location: 
 /tmp
[2022-11-17T17:28:13.180+0000] {subprocess.py:75} INFO - Running command: ['/bin/bash', '-c', 'echo "The Confirmation file was created successfully"']
[2022-11-17T17:28:13.190+0000] {subprocess.py:86} INFO - Output:
[2022-11-17T17:28:13.192+0000] {subprocess.py:93} INFO - The Confirmation file was created successfully
[2022-11-17T17:28:13.193+0000] {subprocess.py:97} INFO - Command exited with return code 0
[2022-11-17T17:28:13.221+0000] {taskinstance.py:1406} INFO - Marking task as SUCCESS. dag_id=MyPersonalAirflowProject, task_id=end_confirmation_from_nasa, execution_date=20221024T000000, start_date=20221117T172812, end_date=20221117T172813
[2022-11-17T17:28:13.281+0000] {local_task_job.py:164} INFO - Task exited with return code 0
[2022-11-17T17:28:13.319+0000] {local_task_job.py:273} INFO - 1 downstream tasks scheduled from follow-on schedule check
