[2022-11-04T21:07:01.062+0000] {taskinstance.py:1165} INFO - Dependencies all met for <TaskInstance: orquestation.task3 scheduled__2022-05-08T00:00:00+00:00 [queued]>
[2022-11-04T21:07:01.081+0000] {taskinstance.py:1165} INFO - Dependencies all met for <TaskInstance: orquestation.task3 scheduled__2022-05-08T00:00:00+00:00 [queued]>
[2022-11-04T21:07:01.082+0000] {taskinstance.py:1362} INFO - 
--------------------------------------------------------------------------------
[2022-11-04T21:07:01.082+0000] {taskinstance.py:1363} INFO - Starting attempt 2 of 2
[2022-11-04T21:07:01.086+0000] {taskinstance.py:1364} INFO - 
--------------------------------------------------------------------------------
[2022-11-04T21:07:01.103+0000] {taskinstance.py:1383} INFO - Executing <Task(BashOperator): task3> on 2022-05-08 00:00:00+00:00
[2022-11-04T21:07:01.110+0000] {standard_task_runner.py:55} INFO - Started process 307 to run task
[2022-11-04T21:07:01.113+0000] {standard_task_runner.py:82} INFO - Running: ['***', 'tasks', 'run', 'orquestation', 'task3', 'scheduled__2022-05-08T00:00:00+00:00', '--job-id', '78', '--raw', '--subdir', 'DAGS_FOLDER/5.1-orquestacion.py', '--cfg-path', '/tmp/tmpg8n8rri4']
[2022-11-04T21:07:01.113+0000] {standard_task_runner.py:83} INFO - Job 78: Subtask task3
[2022-11-04T21:07:01.177+0000] {task_command.py:376} INFO - Running <TaskInstance: orquestation.task3 scheduled__2022-05-08T00:00:00+00:00 [running]> on host 643e334f405f
[2022-11-04T21:07:01.253+0000] {taskinstance.py:1592} INFO - Exporting the following env vars:
AIRFLOW_CTX_DAG_OWNER=***
AIRFLOW_CTX_DAG_ID=orquestation
AIRFLOW_CTX_TASK_ID=task3
AIRFLOW_CTX_EXECUTION_DATE=2022-05-08T00:00:00+00:00
AIRFLOW_CTX_TRY_NUMBER=2
AIRFLOW_CTX_DAG_RUN_ID=scheduled__2022-05-08T00:00:00+00:00
[2022-11-04T21:07:01.258+0000] {subprocess.py:63} INFO - Tmp dir root location: 
 /tmp
[2022-11-04T21:07:01.260+0000] {subprocess.py:75} INFO - Running command: ['/bin/bash', '-c', "sleep 2 && echo 'task3'"]
[2022-11-04T21:07:01.273+0000] {subprocess.py:86} INFO - Output:
[2022-11-04T21:07:03.277+0000] {subprocess.py:93} INFO - task3
[2022-11-04T21:07:03.278+0000] {subprocess.py:97} INFO - Command exited with return code 0
[2022-11-04T21:07:03.314+0000] {taskinstance.py:1406} INFO - Marking task as SUCCESS. dag_id=orquestation, task_id=task3, execution_date=20220508T000000, start_date=20221104T210701, end_date=20221104T210703
[2022-11-04T21:07:03.374+0000] {local_task_job.py:164} INFO - Task exited with return code 0
[2022-11-04T21:07:03.394+0000] {local_task_job.py:273} INFO - 0 downstream tasks scheduled from follow-on schedule check
