[2022-11-16T22:10:36.368+0000] {taskinstance.py:1165} INFO - Dependencies all met for <TaskInstance: MyPersonalAirflowProject.SpaceX_data scheduled__2022-10-01T00:00:00+00:00 [queued]>
[2022-11-16T22:10:36.384+0000] {taskinstance.py:1165} INFO - Dependencies all met for <TaskInstance: MyPersonalAirflowProject.SpaceX_data scheduled__2022-10-01T00:00:00+00:00 [queued]>
[2022-11-16T22:10:36.385+0000] {taskinstance.py:1362} INFO - 
--------------------------------------------------------------------------------
[2022-11-16T22:10:36.386+0000] {taskinstance.py:1363} INFO - Starting attempt 1 of 1
[2022-11-16T22:10:36.387+0000] {taskinstance.py:1364} INFO - 
--------------------------------------------------------------------------------
[2022-11-16T22:10:36.410+0000] {taskinstance.py:1383} INFO - Executing <Task(BashOperator): SpaceX_data> on 2022-10-01 00:00:00+00:00
[2022-11-16T22:10:36.419+0000] {standard_task_runner.py:55} INFO - Started process 4711 to run task
[2022-11-16T22:10:36.422+0000] {standard_task_runner.py:82} INFO - Running: ['***', 'tasks', 'run', 'MyPersonalAirflowProject', 'SpaceX_data', 'scheduled__2022-10-01T00:00:00+00:00', '--job-id', '1443', '--raw', '--subdir', 'DAGS_FOLDER/FinalPersonalProject.py', '--cfg-path', '/tmp/tmpndng_d60']
[2022-11-16T22:10:36.423+0000] {standard_task_runner.py:83} INFO - Job 1443: Subtask SpaceX_data
[2022-11-16T22:10:36.499+0000] {task_command.py:376} INFO - Running <TaskInstance: MyPersonalAirflowProject.SpaceX_data scheduled__2022-10-01T00:00:00+00:00 [running]> on host 638485efabe7
[2022-11-16T22:10:36.602+0000] {taskinstance.py:1592} INFO - Exporting the following env vars:
AIRFLOW_CTX_DAG_OWNER=***
AIRFLOW_CTX_DAG_ID=MyPersonalAirflowProject
AIRFLOW_CTX_TASK_ID=SpaceX_data
AIRFLOW_CTX_EXECUTION_DATE=2022-10-01T00:00:00+00:00
AIRFLOW_CTX_TRY_NUMBER=1
AIRFLOW_CTX_DAG_RUN_ID=scheduled__2022-10-01T00:00:00+00:00
[2022-11-16T22:10:36.604+0000] {subprocess.py:63} INFO - Tmp dir root location: 
 /tmp
[2022-11-16T22:10:36.605+0000] {subprocess.py:75} INFO - Running command: ['/bin/bash', '-c', "curl -o /tmp/history.json -L 'https://api.spacexdata.com/v4/history'"]
[2022-11-16T22:10:36.620+0000] {subprocess.py:86} INFO - Output:
[2022-11-16T22:10:36.629+0000] {subprocess.py:93} INFO -   % Total    % Received % Xferd  Average Speed   Time    Time     Time  Current
[2022-11-16T22:10:36.630+0000] {subprocess.py:93} INFO -                                  Dload  Upload   Total   Spent    Left  Speed
[2022-11-16T22:10:37.327+0000] {subprocess.py:93} INFO -   0     0    0     0    0     0      0      0 --:--:-- --:--:-- --:--:--     0100  6756    0  6756    0     0   9679      0 --:--:-- --:--:-- --:--:--  9665100  6756    0  6756    0     0   9679      0 --:--:-- --:--:-- --:--:--  9665
[2022-11-16T22:10:37.331+0000] {subprocess.py:97} INFO - Command exited with return code 0
[2022-11-16T22:10:37.370+0000] {taskinstance.py:1406} INFO - Marking task as SUCCESS. dag_id=MyPersonalAirflowProject, task_id=SpaceX_data, execution_date=20221001T000000, start_date=20221116T221036, end_date=20221116T221037
[2022-11-16T22:10:37.443+0000] {local_task_job.py:164} INFO - Task exited with return code 0
[2022-11-16T22:10:37.479+0000] {local_task_job.py:273} INFO - 1 downstream tasks scheduled from follow-on schedule check
[2022-11-17T16:24:25.709+0000] {taskinstance.py:1165} INFO - Dependencies all met for <TaskInstance: MyPersonalAirflowProject.SpaceX_data scheduled__2022-10-01T00:00:00+00:00 [queued]>
[2022-11-17T16:24:25.723+0000] {taskinstance.py:1165} INFO - Dependencies all met for <TaskInstance: MyPersonalAirflowProject.SpaceX_data scheduled__2022-10-01T00:00:00+00:00 [queued]>
[2022-11-17T16:24:25.724+0000] {taskinstance.py:1362} INFO - 
--------------------------------------------------------------------------------
[2022-11-17T16:24:25.724+0000] {taskinstance.py:1363} INFO - Starting attempt 1 of 1
[2022-11-17T16:24:25.725+0000] {taskinstance.py:1364} INFO - 
--------------------------------------------------------------------------------
[2022-11-17T16:24:25.742+0000] {taskinstance.py:1383} INFO - Executing <Task(BashOperator): SpaceX_data> on 2022-10-01 00:00:00+00:00
[2022-11-17T16:24:25.748+0000] {standard_task_runner.py:55} INFO - Started process 2906 to run task
[2022-11-17T16:24:25.750+0000] {standard_task_runner.py:82} INFO - Running: ['***', 'tasks', 'run', 'MyPersonalAirflowProject', 'SpaceX_data', 'scheduled__2022-10-01T00:00:00+00:00', '--job-id', '2027', '--raw', '--subdir', 'DAGS_FOLDER/FinalPersonalProject.py', '--cfg-path', '/tmp/tmppcy76vpa']
[2022-11-17T16:24:25.751+0000] {standard_task_runner.py:83} INFO - Job 2027: Subtask SpaceX_data
[2022-11-17T16:24:25.814+0000] {task_command.py:376} INFO - Running <TaskInstance: MyPersonalAirflowProject.SpaceX_data scheduled__2022-10-01T00:00:00+00:00 [running]> on host 638485efabe7
[2022-11-17T16:24:25.889+0000] {taskinstance.py:1592} INFO - Exporting the following env vars:
AIRFLOW_CTX_DAG_OWNER=***
AIRFLOW_CTX_DAG_ID=MyPersonalAirflowProject
AIRFLOW_CTX_TASK_ID=SpaceX_data
AIRFLOW_CTX_EXECUTION_DATE=2022-10-01T00:00:00+00:00
AIRFLOW_CTX_TRY_NUMBER=1
AIRFLOW_CTX_DAG_RUN_ID=scheduled__2022-10-01T00:00:00+00:00
[2022-11-17T16:24:25.891+0000] {subprocess.py:63} INFO - Tmp dir root location: 
 /tmp
[2022-11-17T16:24:25.892+0000] {subprocess.py:75} INFO - Running command: ['/bin/bash', '-c', "curl -o /tmp/history.json -L 'https://api.spacexdata.com/v4/history'"]
[2022-11-17T16:24:25.905+0000] {subprocess.py:86} INFO - Output:
[2022-11-17T16:24:25.974+0000] {subprocess.py:93} INFO -   % Total    % Received % Xferd  Average Speed   Time    Time     Time  Current
[2022-11-17T16:24:25.976+0000] {subprocess.py:93} INFO -                                  Dload  Upload   Total   Spent    Left  Speed
[2022-11-17T16:24:26.330+0000] {subprocess.py:93} INFO -   0     0    0     0    0     0      0      0 --:--:-- --:--:-- --:--:--     0100  6756    0  6756    0     0  16358      0 --:--:-- --:--:-- --:--:-- 18977100  6756    0  6756    0     0  16358      0 --:--:-- --:--:-- --:--:-- 18977
[2022-11-17T16:24:26.332+0000] {subprocess.py:97} INFO - Command exited with return code 0
[2022-11-17T16:24:26.367+0000] {taskinstance.py:1406} INFO - Marking task as SUCCESS. dag_id=MyPersonalAirflowProject, task_id=SpaceX_data, execution_date=20221001T000000, start_date=20221117T162425, end_date=20221117T162426
[2022-11-17T16:24:26.406+0000] {local_task_job.py:164} INFO - Task exited with return code 0
[2022-11-17T16:24:26.442+0000] {local_task_job.py:273} INFO - 1 downstream tasks scheduled from follow-on schedule check
[2022-11-17T17:16:34.116+0000] {taskinstance.py:1165} INFO - Dependencies all met for <TaskInstance: MyPersonalAirflowProject.SpaceX_data scheduled__2022-10-01T00:00:00+00:00 [queued]>
[2022-11-17T17:16:34.129+0000] {taskinstance.py:1165} INFO - Dependencies all met for <TaskInstance: MyPersonalAirflowProject.SpaceX_data scheduled__2022-10-01T00:00:00+00:00 [queued]>
[2022-11-17T17:16:34.130+0000] {taskinstance.py:1362} INFO - 
--------------------------------------------------------------------------------
[2022-11-17T17:16:34.130+0000] {taskinstance.py:1363} INFO - Starting attempt 1 of 1
[2022-11-17T17:16:34.130+0000] {taskinstance.py:1364} INFO - 
--------------------------------------------------------------------------------
[2022-11-17T17:16:34.148+0000] {taskinstance.py:1383} INFO - Executing <Task(BashOperator): SpaceX_data> on 2022-10-01 00:00:00+00:00
[2022-11-17T17:16:34.154+0000] {standard_task_runner.py:55} INFO - Started process 6547 to run task
[2022-11-17T17:16:34.157+0000] {standard_task_runner.py:82} INFO - Running: ['***', 'tasks', 'run', 'MyPersonalAirflowProject', 'SpaceX_data', 'scheduled__2022-10-01T00:00:00+00:00', '--job-id', '2437', '--raw', '--subdir', 'DAGS_FOLDER/FinalPersonalProject.py', '--cfg-path', '/tmp/tmp50gvlm6b']
[2022-11-17T17:16:34.158+0000] {standard_task_runner.py:83} INFO - Job 2437: Subtask SpaceX_data
[2022-11-17T17:16:34.218+0000] {task_command.py:376} INFO - Running <TaskInstance: MyPersonalAirflowProject.SpaceX_data scheduled__2022-10-01T00:00:00+00:00 [running]> on host 638485efabe7
[2022-11-17T17:16:34.295+0000] {taskinstance.py:1592} INFO - Exporting the following env vars:
AIRFLOW_CTX_DAG_OWNER=***
AIRFLOW_CTX_DAG_ID=MyPersonalAirflowProject
AIRFLOW_CTX_TASK_ID=SpaceX_data
AIRFLOW_CTX_EXECUTION_DATE=2022-10-01T00:00:00+00:00
AIRFLOW_CTX_TRY_NUMBER=1
AIRFLOW_CTX_DAG_RUN_ID=scheduled__2022-10-01T00:00:00+00:00
[2022-11-17T17:16:34.296+0000] {subprocess.py:63} INFO - Tmp dir root location: 
 /tmp
[2022-11-17T17:16:34.297+0000] {subprocess.py:75} INFO - Running command: ['/bin/bash', '-c', "curl -o /tmp/history.json -L 'https://api.spacexdata.com/v4/history'"]
[2022-11-17T17:16:34.308+0000] {subprocess.py:86} INFO - Output:
[2022-11-17T17:16:34.315+0000] {subprocess.py:93} INFO -   % Total    % Received % Xferd  Average Speed   Time    Time     Time  Current
[2022-11-17T17:16:34.316+0000] {subprocess.py:93} INFO -                                  Dload  Upload   Total   Spent    Left  Speed
[2022-11-17T17:16:34.722+0000] {subprocess.py:93} INFO -   0     0    0     0    0     0      0      0 --:--:-- --:--:-- --:--:--     0100  6756    0  6756    0     0  16599      0 --:--:-- --:--:-- --:--:-- 16599
[2022-11-17T17:16:34.725+0000] {subprocess.py:97} INFO - Command exited with return code 0
[2022-11-17T17:16:34.757+0000] {taskinstance.py:1406} INFO - Marking task as SUCCESS. dag_id=MyPersonalAirflowProject, task_id=SpaceX_data, execution_date=20221001T000000, start_date=20221117T171634, end_date=20221117T171634
[2022-11-17T17:16:34.815+0000] {local_task_job.py:164} INFO - Task exited with return code 0
[2022-11-17T17:16:34.849+0000] {local_task_job.py:273} INFO - 1 downstream tasks scheduled from follow-on schedule check
