[2022-11-04T21:32:00.521+0000] {taskinstance.py:1165} INFO - Dependencies all met for <TaskInstance: orquestation.task4 scheduled__2022-05-04T00:00:00+00:00 [queued]>
[2022-11-04T21:32:00.551+0000] {taskinstance.py:1165} INFO - Dependencies all met for <TaskInstance: orquestation.task4 scheduled__2022-05-04T00:00:00+00:00 [queued]>
[2022-11-04T21:32:00.553+0000] {taskinstance.py:1362} INFO - 
--------------------------------------------------------------------------------
[2022-11-04T21:32:00.554+0000] {taskinstance.py:1363} INFO - Starting attempt 1 of 1
[2022-11-04T21:32:00.556+0000] {taskinstance.py:1364} INFO - 
--------------------------------------------------------------------------------
[2022-11-04T21:32:00.588+0000] {taskinstance.py:1383} INFO - Executing <Task(BashOperator): task4> on 2022-05-04 00:00:00+00:00
[2022-11-04T21:32:00.600+0000] {standard_task_runner.py:55} INFO - Started process 713 to run task
[2022-11-04T21:32:00.608+0000] {standard_task_runner.py:82} INFO - Running: ['***', 'tasks', 'run', 'orquestation', 'task4', 'scheduled__2022-05-04T00:00:00+00:00', '--job-id', '126', '--raw', '--subdir', 'DAGS_FOLDER/5.1-orquestacion.py', '--cfg-path', '/tmp/tmpnxsj44s3']
[2022-11-04T21:32:00.609+0000] {standard_task_runner.py:83} INFO - Job 126: Subtask task4
[2022-11-04T21:32:00.739+0000] {task_command.py:376} INFO - Running <TaskInstance: orquestation.task4 scheduled__2022-05-04T00:00:00+00:00 [running]> on host 643e334f405f
[2022-11-04T21:32:00.880+0000] {taskinstance.py:1592} INFO - Exporting the following env vars:
AIRFLOW_CTX_DAG_OWNER=***
AIRFLOW_CTX_DAG_ID=orquestation
AIRFLOW_CTX_TASK_ID=task4
AIRFLOW_CTX_EXECUTION_DATE=2022-05-04T00:00:00+00:00
AIRFLOW_CTX_TRY_NUMBER=1
AIRFLOW_CTX_DAG_RUN_ID=scheduled__2022-05-04T00:00:00+00:00
[2022-11-04T21:32:00.898+0000] {subprocess.py:63} INFO - Tmp dir root location: 
 /tmp
[2022-11-04T21:32:00.901+0000] {subprocess.py:75} INFO - Running command: ['/bin/bash', '-c', "sleep 2 && echo 'task4'"]
[2022-11-04T21:32:00.926+0000] {subprocess.py:86} INFO - Output:
[2022-11-04T21:32:02.983+0000] {subprocess.py:93} INFO - task4
[2022-11-04T21:32:02.984+0000] {subprocess.py:97} INFO - Command exited with return code 0
[2022-11-04T21:32:03.040+0000] {taskinstance.py:1406} INFO - Marking task as SUCCESS. dag_id=orquestation, task_id=task4, execution_date=20220504T000000, start_date=20221104T213200, end_date=20221104T213203
[2022-11-04T21:32:03.109+0000] {local_task_job.py:164} INFO - Task exited with return code 0
[2022-11-04T21:32:03.137+0000] {local_task_job.py:273} INFO - 0 downstream tasks scheduled from follow-on schedule check
[2022-11-04T21:40:44.580+0000] {taskinstance.py:1165} INFO - Dependencies all met for <TaskInstance: orquestation.task4 scheduled__2022-05-04T00:00:00+00:00 [queued]>
[2022-11-04T21:40:44.597+0000] {taskinstance.py:1165} INFO - Dependencies all met for <TaskInstance: orquestation.task4 scheduled__2022-05-04T00:00:00+00:00 [queued]>
[2022-11-04T21:40:44.598+0000] {taskinstance.py:1362} INFO - 
--------------------------------------------------------------------------------
[2022-11-04T21:40:44.598+0000] {taskinstance.py:1363} INFO - Starting attempt 1 of 1
[2022-11-04T21:40:44.598+0000] {taskinstance.py:1364} INFO - 
--------------------------------------------------------------------------------
[2022-11-04T21:40:44.622+0000] {taskinstance.py:1383} INFO - Executing <Task(BashOperator): task4> on 2022-05-04 00:00:00+00:00
[2022-11-04T21:40:44.631+0000] {standard_task_runner.py:55} INFO - Started process 1680 to run task
[2022-11-04T21:40:44.634+0000] {standard_task_runner.py:82} INFO - Running: ['***', 'tasks', 'run', 'orquestation', 'task4', 'scheduled__2022-05-04T00:00:00+00:00', '--job-id', '270', '--raw', '--subdir', 'DAGS_FOLDER/5.1-orquestacion.py', '--cfg-path', '/tmp/tmpy2d7ldgg']
[2022-11-04T21:40:44.635+0000] {standard_task_runner.py:83} INFO - Job 270: Subtask task4
[2022-11-04T21:40:44.707+0000] {task_command.py:376} INFO - Running <TaskInstance: orquestation.task4 scheduled__2022-05-04T00:00:00+00:00 [running]> on host 643e334f405f
[2022-11-04T21:40:44.790+0000] {taskinstance.py:1592} INFO - Exporting the following env vars:
AIRFLOW_CTX_DAG_OWNER=***
AIRFLOW_CTX_DAG_ID=orquestation
AIRFLOW_CTX_TASK_ID=task4
AIRFLOW_CTX_EXECUTION_DATE=2022-05-04T00:00:00+00:00
AIRFLOW_CTX_TRY_NUMBER=1
AIRFLOW_CTX_DAG_RUN_ID=scheduled__2022-05-04T00:00:00+00:00
[2022-11-04T21:40:44.791+0000] {subprocess.py:63} INFO - Tmp dir root location: 
 /tmp
[2022-11-04T21:40:44.793+0000] {subprocess.py:75} INFO - Running command: ['/bin/bash', '-c', "sleep 2 && echo 'task4'"]
[2022-11-04T21:40:44.806+0000] {subprocess.py:86} INFO - Output:
[2022-11-04T21:40:46.809+0000] {subprocess.py:93} INFO - task4
[2022-11-04T21:40:46.810+0000] {subprocess.py:97} INFO - Command exited with return code 0
[2022-11-04T21:40:46.840+0000] {taskinstance.py:1406} INFO - Marking task as SUCCESS. dag_id=orquestation, task_id=task4, execution_date=20220504T000000, start_date=20221104T214044, end_date=20221104T214046
[2022-11-04T21:40:46.894+0000] {local_task_job.py:164} INFO - Task exited with return code 0
[2022-11-04T21:40:46.927+0000] {local_task_job.py:273} INFO - 0 downstream tasks scheduled from follow-on schedule check
