[2022-11-17T16:26:31.928+0000] {taskinstance.py:1165} INFO - Dependencies all met for <TaskInstance: MyPersonalAirflowProject.Data_Team_Notification scheduled__2022-10-05T00:00:00+00:00 [queued]>
[2022-11-17T16:26:31.943+0000] {taskinstance.py:1165} INFO - Dependencies all met for <TaskInstance: MyPersonalAirflowProject.Data_Team_Notification scheduled__2022-10-05T00:00:00+00:00 [queued]>
[2022-11-17T16:26:31.944+0000] {taskinstance.py:1362} INFO - 
--------------------------------------------------------------------------------
[2022-11-17T16:26:31.945+0000] {taskinstance.py:1363} INFO - Starting attempt 1 of 1
[2022-11-17T16:26:31.946+0000] {taskinstance.py:1364} INFO - 
--------------------------------------------------------------------------------
[2022-11-17T16:26:31.964+0000] {taskinstance.py:1383} INFO - Executing <Task(NotifyOperator): Data_Team_Notification> on 2022-10-05 00:00:00+00:00
[2022-11-17T16:26:31.971+0000] {standard_task_runner.py:55} INFO - Started process 3117 to run task
[2022-11-17T16:26:31.974+0000] {standard_task_runner.py:82} INFO - Running: ['***', 'tasks', 'run', 'MyPersonalAirflowProject', 'Data_Team_Notification', 'scheduled__2022-10-05T00:00:00+00:00', '--job-id', '2063', '--raw', '--subdir', 'DAGS_FOLDER/FinalPersonalProject.py', '--cfg-path', '/tmp/tmpzs_mm5yq']
[2022-11-17T16:26:31.975+0000] {standard_task_runner.py:83} INFO - Job 2063: Subtask Data_Team_Notification
[2022-11-17T16:26:32.044+0000] {task_command.py:376} INFO - Running <TaskInstance: MyPersonalAirflowProject.Data_Team_Notification scheduled__2022-10-05T00:00:00+00:00 [running]> on host 638485efabe7
[2022-11-17T16:26:32.122+0000] {taskinstance.py:1592} INFO - Exporting the following env vars:
AIRFLOW_CTX_DAG_OWNER=***
AIRFLOW_CTX_DAG_ID=MyPersonalAirflowProject
AIRFLOW_CTX_TASK_ID=Data_Team_Notification
AIRFLOW_CTX_EXECUTION_DATE=2022-10-05T00:00:00+00:00
AIRFLOW_CTX_TRY_NUMBER=1
AIRFLOW_CTX_DAG_RUN_ID=scheduled__2022-10-05T00:00:00+00:00
[2022-11-17T16:26:32.124+0000] {logging_mixin.py:120} INFO - Hi Data team, Space X data for {ds} are now available!.. Please check them out!
[2022-11-17T16:26:32.136+0000] {taskinstance.py:1406} INFO - Marking task as SUCCESS. dag_id=MyPersonalAirflowProject, task_id=Data_Team_Notification, execution_date=20221005T000000, start_date=20221117T162631, end_date=20221117T162632
[2022-11-17T16:26:32.187+0000] {local_task_job.py:164} INFO - Task exited with return code 0
[2022-11-17T16:26:32.208+0000] {local_task_job.py:273} INFO - 0 downstream tasks scheduled from follow-on schedule check
[2022-11-17T17:18:36.236+0000] {taskinstance.py:1165} INFO - Dependencies all met for <TaskInstance: MyPersonalAirflowProject.Data_Team_Notification scheduled__2022-10-05T00:00:00+00:00 [queued]>
[2022-11-17T17:18:36.249+0000] {taskinstance.py:1165} INFO - Dependencies all met for <TaskInstance: MyPersonalAirflowProject.Data_Team_Notification scheduled__2022-10-05T00:00:00+00:00 [queued]>
[2022-11-17T17:18:36.249+0000] {taskinstance.py:1362} INFO - 
--------------------------------------------------------------------------------
[2022-11-17T17:18:36.250+0000] {taskinstance.py:1363} INFO - Starting attempt 1 of 1
[2022-11-17T17:18:36.250+0000] {taskinstance.py:1364} INFO - 
--------------------------------------------------------------------------------
[2022-11-17T17:18:36.267+0000] {taskinstance.py:1383} INFO - Executing <Task(NotifyOperator): Data_Team_Notification> on 2022-10-05 00:00:00+00:00
[2022-11-17T17:18:36.273+0000] {standard_task_runner.py:55} INFO - Started process 6759 to run task
[2022-11-17T17:18:36.276+0000] {standard_task_runner.py:82} INFO - Running: ['***', 'tasks', 'run', 'MyPersonalAirflowProject', 'Data_Team_Notification', 'scheduled__2022-10-05T00:00:00+00:00', '--job-id', '2472', '--raw', '--subdir', 'DAGS_FOLDER/FinalPersonalProject.py', '--cfg-path', '/tmp/tmp2ec2io0b']
[2022-11-17T17:18:36.276+0000] {standard_task_runner.py:83} INFO - Job 2472: Subtask Data_Team_Notification
[2022-11-17T17:18:36.345+0000] {task_command.py:376} INFO - Running <TaskInstance: MyPersonalAirflowProject.Data_Team_Notification scheduled__2022-10-05T00:00:00+00:00 [running]> on host 638485efabe7
[2022-11-17T17:18:36.422+0000] {taskinstance.py:1592} INFO - Exporting the following env vars:
AIRFLOW_CTX_DAG_OWNER=***
AIRFLOW_CTX_DAG_ID=MyPersonalAirflowProject
AIRFLOW_CTX_TASK_ID=Data_Team_Notification
AIRFLOW_CTX_EXECUTION_DATE=2022-10-05T00:00:00+00:00
AIRFLOW_CTX_TRY_NUMBER=1
AIRFLOW_CTX_DAG_RUN_ID=scheduled__2022-10-05T00:00:00+00:00
[2022-11-17T17:18:36.423+0000] {logging_mixin.py:120} INFO - Hi Data team, Space X data for 2022-11-17  are now available!.. Please check them out!
[2022-11-17T17:18:36.434+0000] {taskinstance.py:1406} INFO - Marking task as SUCCESS. dag_id=MyPersonalAirflowProject, task_id=Data_Team_Notification, execution_date=20221005T000000, start_date=20221117T171836, end_date=20221117T171836
[2022-11-17T17:18:36.489+0000] {local_task_job.py:164} INFO - Task exited with return code 0
[2022-11-17T17:18:36.511+0000] {local_task_job.py:273} INFO - 0 downstream tasks scheduled from follow-on schedule check
