[2022-11-16T22:14:58.392+0000] {taskinstance.py:1165} INFO - Dependencies all met for <TaskInstance: MyPersonalAirflowProject.SpaceX_data scheduled__2022-10-09T00:00:00+00:00 [queued]>
[2022-11-16T22:14:58.404+0000] {taskinstance.py:1165} INFO - Dependencies all met for <TaskInstance: MyPersonalAirflowProject.SpaceX_data scheduled__2022-10-09T00:00:00+00:00 [queued]>
[2022-11-16T22:14:58.405+0000] {taskinstance.py:1362} INFO - 
--------------------------------------------------------------------------------
[2022-11-16T22:14:58.405+0000] {taskinstance.py:1363} INFO - Starting attempt 1 of 1
[2022-11-16T22:14:58.406+0000] {taskinstance.py:1364} INFO - 
--------------------------------------------------------------------------------
[2022-11-16T22:14:58.423+0000] {taskinstance.py:1383} INFO - Executing <Task(BashOperator): SpaceX_data> on 2022-10-09 00:00:00+00:00
[2022-11-16T22:14:58.429+0000] {standard_task_runner.py:55} INFO - Started process 5061 to run task
[2022-11-16T22:14:58.432+0000] {standard_task_runner.py:82} INFO - Running: ['***', 'tasks', 'run', 'MyPersonalAirflowProject', 'SpaceX_data', 'scheduled__2022-10-09T00:00:00+00:00', '--job-id', '1491', '--raw', '--subdir', 'DAGS_FOLDER/FinalPersonalProject.py', '--cfg-path', '/tmp/tmpy6gmlb1t']
[2022-11-16T22:14:58.433+0000] {standard_task_runner.py:83} INFO - Job 1491: Subtask SpaceX_data
[2022-11-16T22:14:58.504+0000] {task_command.py:376} INFO - Running <TaskInstance: MyPersonalAirflowProject.SpaceX_data scheduled__2022-10-09T00:00:00+00:00 [running]> on host 638485efabe7
[2022-11-16T22:14:58.590+0000] {taskinstance.py:1592} INFO - Exporting the following env vars:
AIRFLOW_CTX_DAG_OWNER=***
AIRFLOW_CTX_DAG_ID=MyPersonalAirflowProject
AIRFLOW_CTX_TASK_ID=SpaceX_data
AIRFLOW_CTX_EXECUTION_DATE=2022-10-09T00:00:00+00:00
AIRFLOW_CTX_TRY_NUMBER=1
AIRFLOW_CTX_DAG_RUN_ID=scheduled__2022-10-09T00:00:00+00:00
[2022-11-16T22:14:58.591+0000] {subprocess.py:63} INFO - Tmp dir root location: 
 /tmp
[2022-11-16T22:14:58.592+0000] {subprocess.py:75} INFO - Running command: ['/bin/bash', '-c', "curl -o /tmp/history.json -L 'https://api.spacexdata.com/v4/history'"]
[2022-11-16T22:14:58.605+0000] {subprocess.py:86} INFO - Output:
[2022-11-16T22:14:58.615+0000] {subprocess.py:93} INFO -   % Total    % Received % Xferd  Average Speed   Time    Time     Time  Current
[2022-11-16T22:14:58.616+0000] {subprocess.py:93} INFO -                                  Dload  Upload   Total   Spent    Left  Speed
[2022-11-16T22:14:58.910+0000] {subprocess.py:93} INFO -   0     0    0     0    0     0      0      0 --:--:-- --:--:-- --:--:--     0100  6756    0  6756    0     0  22901      0 --:--:-- --:--:-- --:--:-- 22979
[2022-11-16T22:14:58.913+0000] {subprocess.py:97} INFO - Command exited with return code 0
[2022-11-16T22:14:58.946+0000] {taskinstance.py:1406} INFO - Marking task as SUCCESS. dag_id=MyPersonalAirflowProject, task_id=SpaceX_data, execution_date=20221009T000000, start_date=20221116T221458, end_date=20221116T221458
[2022-11-16T22:14:58.972+0000] {local_task_job.py:164} INFO - Task exited with return code 0
[2022-11-16T22:14:59.011+0000] {local_task_job.py:273} INFO - 1 downstream tasks scheduled from follow-on schedule check
[2022-11-17T16:28:29.581+0000] {taskinstance.py:1165} INFO - Dependencies all met for <TaskInstance: MyPersonalAirflowProject.SpaceX_data scheduled__2022-10-09T00:00:00+00:00 [queued]>
[2022-11-17T16:28:29.594+0000] {taskinstance.py:1165} INFO - Dependencies all met for <TaskInstance: MyPersonalAirflowProject.SpaceX_data scheduled__2022-10-09T00:00:00+00:00 [queued]>
[2022-11-17T16:28:29.594+0000] {taskinstance.py:1362} INFO - 
--------------------------------------------------------------------------------
[2022-11-17T16:28:29.595+0000] {taskinstance.py:1363} INFO - Starting attempt 1 of 1
[2022-11-17T16:28:29.595+0000] {taskinstance.py:1364} INFO - 
--------------------------------------------------------------------------------
[2022-11-17T16:28:29.612+0000] {taskinstance.py:1383} INFO - Executing <Task(BashOperator): SpaceX_data> on 2022-10-09 00:00:00+00:00
[2022-11-17T16:28:29.618+0000] {standard_task_runner.py:55} INFO - Started process 3295 to run task
[2022-11-17T16:28:29.621+0000] {standard_task_runner.py:82} INFO - Running: ['***', 'tasks', 'run', 'MyPersonalAirflowProject', 'SpaceX_data', 'scheduled__2022-10-09T00:00:00+00:00', '--job-id', '2091', '--raw', '--subdir', 'DAGS_FOLDER/FinalPersonalProject.py', '--cfg-path', '/tmp/tmp2onj_2ip']
[2022-11-17T16:28:29.622+0000] {standard_task_runner.py:83} INFO - Job 2091: Subtask SpaceX_data
[2022-11-17T16:28:29.692+0000] {task_command.py:376} INFO - Running <TaskInstance: MyPersonalAirflowProject.SpaceX_data scheduled__2022-10-09T00:00:00+00:00 [running]> on host 638485efabe7
[2022-11-17T16:28:29.772+0000] {taskinstance.py:1592} INFO - Exporting the following env vars:
AIRFLOW_CTX_DAG_OWNER=***
AIRFLOW_CTX_DAG_ID=MyPersonalAirflowProject
AIRFLOW_CTX_TASK_ID=SpaceX_data
AIRFLOW_CTX_EXECUTION_DATE=2022-10-09T00:00:00+00:00
AIRFLOW_CTX_TRY_NUMBER=1
AIRFLOW_CTX_DAG_RUN_ID=scheduled__2022-10-09T00:00:00+00:00
[2022-11-17T16:28:29.774+0000] {subprocess.py:63} INFO - Tmp dir root location: 
 /tmp
[2022-11-17T16:28:29.775+0000] {subprocess.py:75} INFO - Running command: ['/bin/bash', '-c', "curl -o /tmp/history.json -L 'https://api.spacexdata.com/v4/history'"]
[2022-11-17T16:28:29.787+0000] {subprocess.py:86} INFO - Output:
[2022-11-17T16:28:29.793+0000] {subprocess.py:93} INFO -   % Total    % Received % Xferd  Average Speed   Time    Time     Time  Current
[2022-11-17T16:28:29.794+0000] {subprocess.py:93} INFO -                                  Dload  Upload   Total   Spent    Left  Speed
[2022-11-17T16:28:29.972+0000] {subprocess.py:93} INFO -   0     0    0     0    0     0      0      0 --:--:-- --:--:-- --:--:--     0100  6756    0  6756    0     0  37955      0 --:--:-- --:--:-- --:--:-- 37955
[2022-11-17T16:28:29.975+0000] {subprocess.py:97} INFO - Command exited with return code 0
[2022-11-17T16:28:30.021+0000] {taskinstance.py:1406} INFO - Marking task as SUCCESS. dag_id=MyPersonalAirflowProject, task_id=SpaceX_data, execution_date=20221009T000000, start_date=20221117T162829, end_date=20221117T162830
[2022-11-17T16:28:30.076+0000] {local_task_job.py:164} INFO - Task exited with return code 0
[2022-11-17T16:28:30.112+0000] {local_task_job.py:273} INFO - 1 downstream tasks scheduled from follow-on schedule check
[2022-11-17T17:20:36.842+0000] {taskinstance.py:1165} INFO - Dependencies all met for <TaskInstance: MyPersonalAirflowProject.SpaceX_data scheduled__2022-10-09T00:00:00+00:00 [queued]>
[2022-11-17T17:20:36.856+0000] {taskinstance.py:1165} INFO - Dependencies all met for <TaskInstance: MyPersonalAirflowProject.SpaceX_data scheduled__2022-10-09T00:00:00+00:00 [queued]>
[2022-11-17T17:20:36.857+0000] {taskinstance.py:1362} INFO - 
--------------------------------------------------------------------------------
[2022-11-17T17:20:36.857+0000] {taskinstance.py:1363} INFO - Starting attempt 1 of 1
[2022-11-17T17:20:36.857+0000] {taskinstance.py:1364} INFO - 
--------------------------------------------------------------------------------
[2022-11-17T17:20:36.875+0000] {taskinstance.py:1383} INFO - Executing <Task(BashOperator): SpaceX_data> on 2022-10-09 00:00:00+00:00
[2022-11-17T17:20:36.881+0000] {standard_task_runner.py:55} INFO - Started process 6937 to run task
[2022-11-17T17:20:36.884+0000] {standard_task_runner.py:82} INFO - Running: ['***', 'tasks', 'run', 'MyPersonalAirflowProject', 'SpaceX_data', 'scheduled__2022-10-09T00:00:00+00:00', '--job-id', '2501', '--raw', '--subdir', 'DAGS_FOLDER/FinalPersonalProject.py', '--cfg-path', '/tmp/tmp_130wn2s']
[2022-11-17T17:20:36.885+0000] {standard_task_runner.py:83} INFO - Job 2501: Subtask SpaceX_data
[2022-11-17T17:20:36.949+0000] {task_command.py:376} INFO - Running <TaskInstance: MyPersonalAirflowProject.SpaceX_data scheduled__2022-10-09T00:00:00+00:00 [running]> on host 638485efabe7
[2022-11-17T17:20:37.027+0000] {taskinstance.py:1592} INFO - Exporting the following env vars:
AIRFLOW_CTX_DAG_OWNER=***
AIRFLOW_CTX_DAG_ID=MyPersonalAirflowProject
AIRFLOW_CTX_TASK_ID=SpaceX_data
AIRFLOW_CTX_EXECUTION_DATE=2022-10-09T00:00:00+00:00
AIRFLOW_CTX_TRY_NUMBER=1
AIRFLOW_CTX_DAG_RUN_ID=scheduled__2022-10-09T00:00:00+00:00
[2022-11-17T17:20:37.028+0000] {subprocess.py:63} INFO - Tmp dir root location: 
 /tmp
[2022-11-17T17:20:37.029+0000] {subprocess.py:75} INFO - Running command: ['/bin/bash', '-c', "curl -o /tmp/history.json -L 'https://api.spacexdata.com/v4/history'"]
[2022-11-17T17:20:37.040+0000] {subprocess.py:86} INFO - Output:
[2022-11-17T17:20:37.046+0000] {subprocess.py:93} INFO -   % Total    % Received % Xferd  Average Speed   Time    Time     Time  Current
[2022-11-17T17:20:37.048+0000] {subprocess.py:93} INFO -                                  Dload  Upload   Total   Spent    Left  Speed
[2022-11-17T17:20:37.434+0000] {subprocess.py:93} INFO -   0     0    0     0    0     0      0      0 --:--:-- --:--:-- --:--:--     0  0     0    0     0    0     0      0      0 --:--:-- --:--:-- --:--:--     0100  6756    0  6756    0     0  17457      0 --:--:-- --:--:-- --:--:-- 17412
[2022-11-17T17:20:37.436+0000] {subprocess.py:97} INFO - Command exited with return code 0
[2022-11-17T17:20:37.466+0000] {taskinstance.py:1406} INFO - Marking task as SUCCESS. dag_id=MyPersonalAirflowProject, task_id=SpaceX_data, execution_date=20221009T000000, start_date=20221117T172036, end_date=20221117T172037
[2022-11-17T17:20:37.501+0000] {local_task_job.py:164} INFO - Task exited with return code 0
[2022-11-17T17:20:37.534+0000] {local_task_job.py:273} INFO - 1 downstream tasks scheduled from follow-on schedule check
