[2022-11-16T22:34:48.829+0000] {taskinstance.py:1165} INFO - Dependencies all met for <TaskInstance: MyPersonalAirflowProject.Print_Imported_data scheduled__2022-10-02T00:00:00+00:00 [queued]>
[2022-11-16T22:34:48.861+0000] {taskinstance.py:1165} INFO - Dependencies all met for <TaskInstance: MyPersonalAirflowProject.Print_Imported_data scheduled__2022-10-02T00:00:00+00:00 [queued]>
[2022-11-16T22:34:48.862+0000] {taskinstance.py:1362} INFO - 
--------------------------------------------------------------------------------
[2022-11-16T22:34:48.865+0000] {taskinstance.py:1363} INFO - Starting attempt 2 of 2
[2022-11-16T22:34:48.866+0000] {taskinstance.py:1364} INFO - 
--------------------------------------------------------------------------------
[2022-11-16T22:34:48.895+0000] {taskinstance.py:1383} INFO - Executing <Task(BashOperator): Print_Imported_data> on 2022-10-02 00:00:00+00:00
[2022-11-16T22:34:48.903+0000] {standard_task_runner.py:55} INFO - Started process 6403 to run task
[2022-11-16T22:34:48.907+0000] {standard_task_runner.py:82} INFO - Running: ['***', 'tasks', 'run', 'MyPersonalAirflowProject', 'Print_Imported_data', 'scheduled__2022-10-02T00:00:00+00:00', '--job-id', '1679', '--raw', '--subdir', 'DAGS_FOLDER/FinalPersonalProject.py', '--cfg-path', '/tmp/tmpnm0zzfuh']
[2022-11-16T22:34:48.908+0000] {standard_task_runner.py:83} INFO - Job 1679: Subtask Print_Imported_data
[2022-11-16T22:34:49.012+0000] {task_command.py:376} INFO - Running <TaskInstance: MyPersonalAirflowProject.Print_Imported_data scheduled__2022-10-02T00:00:00+00:00 [running]> on host 638485efabe7
[2022-11-16T22:34:49.112+0000] {taskinstance.py:1592} INFO - Exporting the following env vars:
AIRFLOW_CTX_DAG_OWNER=***
AIRFLOW_CTX_DAG_ID=MyPersonalAirflowProject
AIRFLOW_CTX_TASK_ID=Print_Imported_data
AIRFLOW_CTX_EXECUTION_DATE=2022-10-02T00:00:00+00:00
AIRFLOW_CTX_TRY_NUMBER=2
AIRFLOW_CTX_DAG_RUN_ID=scheduled__2022-10-02T00:00:00+00:00
[2022-11-16T22:34:49.114+0000] {subprocess.py:63} INFO - Tmp dir root location: 
 /tmp
[2022-11-16T22:34:49.117+0000] {subprocess.py:75} INFO - Running command: ['/bin/bash', '-c', 'ls /tmp/ && head /tmp/platzi_data.csv']
[2022-11-16T22:34:49.133+0000] {subprocess.py:86} INFO - Output:
[2022-11-16T22:34:49.180+0000] {subprocess.py:93} INFO - ***tmpk5xxq3nx
[2022-11-16T22:34:49.181+0000] {subprocess.py:93} INFO - ***tmplkvca7ip
[2022-11-16T22:34:49.182+0000] {subprocess.py:93} INFO - ***tmpodkacs8z
[2022-11-16T22:34:49.183+0000] {subprocess.py:93} INFO - ***tmpoid94pxf
[2022-11-16T22:34:49.183+0000] {subprocess.py:93} INFO - file.txt
[2022-11-16T22:34:49.184+0000] {subprocess.py:93} INFO - history.json
[2022-11-16T22:34:49.184+0000] {subprocess.py:93} INFO - platzi_data_20221001.csv
[2022-11-16T22:34:49.185+0000] {subprocess.py:93} INFO - platzi_data_20221002.csv
[2022-11-16T22:34:49.186+0000] {subprocess.py:93} INFO - platzi_data_20221003.csv
[2022-11-16T22:34:49.188+0000] {subprocess.py:93} INFO - platzi_data_20221004.csv
[2022-11-16T22:34:49.190+0000] {subprocess.py:93} INFO - platzi_data_20221005.csv
[2022-11-16T22:34:49.191+0000] {subprocess.py:93} INFO - platzi_data_20221006.csv
[2022-11-16T22:34:49.192+0000] {subprocess.py:93} INFO - platzi_data_20221007.csv
[2022-11-16T22:34:49.193+0000] {subprocess.py:93} INFO - platzi_data_20221008.csv
[2022-11-16T22:34:49.194+0000] {subprocess.py:93} INFO - platzi_data_20221009.csv
[2022-11-16T22:34:49.195+0000] {subprocess.py:93} INFO - platzi_data_20221010.csv
[2022-11-16T22:34:49.196+0000] {subprocess.py:93} INFO - platzi_data_20221011.csv
[2022-11-16T22:34:49.197+0000] {subprocess.py:93} INFO - platzi_data_20221012.csv
[2022-11-16T22:34:49.197+0000] {subprocess.py:93} INFO - platzi_data_20221013.csv
[2022-11-16T22:34:49.198+0000] {subprocess.py:93} INFO - platzi_data_20221014.csv
[2022-11-16T22:34:49.199+0000] {subprocess.py:93} INFO - platzi_data_20221015.csv
[2022-11-16T22:34:49.200+0000] {subprocess.py:93} INFO - platzi_data_20221016.csv
[2022-11-16T22:34:49.201+0000] {subprocess.py:93} INFO - platzi_data_20221017.csv
[2022-11-16T22:34:49.201+0000] {subprocess.py:93} INFO - platzi_data_20221018.csv
[2022-11-16T22:34:49.202+0000] {subprocess.py:93} INFO - platzi_data_20221019.csv
[2022-11-16T22:34:49.203+0000] {subprocess.py:93} INFO - platzi_data_20221020.csv
[2022-11-16T22:34:49.204+0000] {subprocess.py:93} INFO - platzi_data_20221021.csv
[2022-11-16T22:34:49.205+0000] {subprocess.py:93} INFO - platzi_data_20221022.csv
[2022-11-16T22:34:49.206+0000] {subprocess.py:93} INFO - platzi_data_20221023.csv
[2022-11-16T22:34:49.207+0000] {subprocess.py:93} INFO - platzi_data_20221024.csv
[2022-11-16T22:34:49.208+0000] {subprocess.py:93} INFO - platzi_data_20221025.csv
[2022-11-16T22:34:49.209+0000] {subprocess.py:93} INFO - platzi_data_20221026.csv
[2022-11-16T22:34:49.210+0000] {subprocess.py:93} INFO - platzi_data_20221027.csv
[2022-11-16T22:34:49.211+0000] {subprocess.py:93} INFO - platzi_data_20221028.csv
[2022-11-16T22:34:49.212+0000] {subprocess.py:93} INFO - platzi_data_20221029.csv
[2022-11-16T22:34:49.214+0000] {subprocess.py:93} INFO - platzi_data_20221030.csv
[2022-11-16T22:34:49.214+0000] {subprocess.py:93} INFO - platzi_data_20221031.csv
[2022-11-16T22:34:49.215+0000] {subprocess.py:93} INFO - platzi_data_20221101.csv
[2022-11-16T22:34:49.216+0000] {subprocess.py:93} INFO - platzi_data_20221102.csv
[2022-11-16T22:34:49.216+0000] {subprocess.py:93} INFO - platzi_data_20221103.csv
[2022-11-16T22:34:49.217+0000] {subprocess.py:93} INFO - platzi_data_20221104.csv
[2022-11-16T22:34:49.217+0000] {subprocess.py:93} INFO - platzi_data_20221105.csv
[2022-11-16T22:34:49.218+0000] {subprocess.py:93} INFO - platzi_data_20221106.csv
[2022-11-16T22:34:49.219+0000] {subprocess.py:93} INFO - platzi_data_20221107.csv
[2022-11-16T22:34:49.219+0000] {subprocess.py:93} INFO - pymp-8yik9lbi
[2022-11-16T22:34:49.220+0000] {subprocess.py:93} INFO - pymp-y00k7agg
[2022-11-16T22:34:49.221+0000] {subprocess.py:93} INFO - reponse_20221001.txt
[2022-11-16T22:34:49.223+0000] {subprocess.py:93} INFO - reponse_20221002.txt
[2022-11-16T22:34:49.224+0000] {subprocess.py:93} INFO - reponse_20221003.txt
[2022-11-16T22:34:49.225+0000] {subprocess.py:93} INFO - reponse_20221004.txt
[2022-11-16T22:34:49.225+0000] {subprocess.py:93} INFO - reponse_20221005.txt
[2022-11-16T22:34:49.226+0000] {subprocess.py:93} INFO - reponse_20221006.txt
[2022-11-16T22:34:49.226+0000] {subprocess.py:93} INFO - reponse_20221007.txt
[2022-11-16T22:34:49.227+0000] {subprocess.py:93} INFO - reponse_20221008.txt
[2022-11-16T22:34:49.228+0000] {subprocess.py:93} INFO - reponse_20221009.txt
[2022-11-16T22:34:49.228+0000] {subprocess.py:93} INFO - reponse_20221010.txt
[2022-11-16T22:34:49.229+0000] {subprocess.py:93} INFO - reponse_20221011.txt
[2022-11-16T22:34:49.229+0000] {subprocess.py:93} INFO - reponse_20221012.txt
[2022-11-16T22:34:49.230+0000] {subprocess.py:93} INFO - reponse_20221013.txt
[2022-11-16T22:34:49.231+0000] {subprocess.py:93} INFO - reponse_20221014.txt
[2022-11-16T22:34:49.232+0000] {subprocess.py:93} INFO - reponse_20221015.txt
[2022-11-16T22:34:49.232+0000] {subprocess.py:93} INFO - reponse_20221016.txt
[2022-11-16T22:34:49.233+0000] {subprocess.py:93} INFO - reponse_20221017.txt
[2022-11-16T22:34:49.234+0000] {subprocess.py:93} INFO - reponse_20221018.txt
[2022-11-16T22:34:49.235+0000] {subprocess.py:93} INFO - reponse_20221019.txt
[2022-11-16T22:34:49.236+0000] {subprocess.py:93} INFO - reponse_20221020.txt
[2022-11-16T22:34:49.236+0000] {subprocess.py:93} INFO - reponse_20221021.txt
[2022-11-16T22:34:49.237+0000] {subprocess.py:93} INFO - reponse_20221022.txt
[2022-11-16T22:34:49.238+0000] {subprocess.py:93} INFO - reponse_20221023.txt
[2022-11-16T22:34:49.240+0000] {subprocess.py:93} INFO - reponse_20221024.txt
[2022-11-16T22:34:49.241+0000] {subprocess.py:93} INFO - reponse_20221025.txt
[2022-11-16T22:34:49.242+0000] {subprocess.py:93} INFO - reponse_20221026.txt
[2022-11-16T22:34:49.243+0000] {subprocess.py:93} INFO - reponse_20221027.txt
[2022-11-16T22:34:49.244+0000] {subprocess.py:93} INFO - reponse_20221028.txt
[2022-11-16T22:34:49.245+0000] {subprocess.py:93} INFO - reponse_20221029.txt
[2022-11-16T22:34:49.245+0000] {subprocess.py:93} INFO - reponse_20221030.txt
[2022-11-16T22:34:49.246+0000] {subprocess.py:93} INFO - reponse_20221031.txt
[2022-11-16T22:34:49.248+0000] {subprocess.py:93} INFO - reponse_20221101.txt
[2022-11-16T22:34:49.249+0000] {subprocess.py:93} INFO - reponse_20221102.txt
[2022-11-16T22:34:49.250+0000] {subprocess.py:93} INFO - reponse_20221103.txt
[2022-11-16T22:34:49.250+0000] {subprocess.py:93} INFO - reponse_20221104.txt
[2022-11-16T22:34:49.251+0000] {subprocess.py:93} INFO - reponse_20221105.txt
[2022-11-16T22:34:49.252+0000] {subprocess.py:93} INFO - reponse_20221106.txt
[2022-11-16T22:34:49.253+0000] {subprocess.py:93} INFO - reponse_20221107.txt
[2022-11-16T22:34:49.255+0000] {subprocess.py:93} INFO - reponse_20221108.txt
[2022-11-16T22:34:49.257+0000] {subprocess.py:93} INFO - reponse_20221109.txt
[2022-11-16T22:34:49.258+0000] {subprocess.py:93} INFO - reponse_20221110.txt
[2022-11-16T22:34:49.259+0000] {subprocess.py:93} INFO - reponse_20221111.txt
[2022-11-16T22:34:49.260+0000] {subprocess.py:93} INFO - reponse_20221112.txt
[2022-11-16T22:34:49.261+0000] {subprocess.py:93} INFO - reponse_20221113.txt
[2022-11-16T22:34:49.262+0000] {subprocess.py:93} INFO - reponse_20221114.txt
[2022-11-16T22:34:49.263+0000] {subprocess.py:93} INFO - reponse_20221115.txt
[2022-11-16T22:34:49.263+0000] {subprocess.py:93} INFO - tmp061o5asr
[2022-11-16T22:34:49.264+0000] {subprocess.py:93} INFO - tmp1b_v374g
[2022-11-16T22:34:49.265+0000] {subprocess.py:93} INFO - tmp2n3y4qb3
[2022-11-16T22:34:49.265+0000] {subprocess.py:93} INFO - tmp2ztydtyd
[2022-11-16T22:34:49.266+0000] {subprocess.py:93} INFO - tmp546oqdk0
[2022-11-16T22:34:49.267+0000] {subprocess.py:93} INFO - tmp57roj99h
[2022-11-16T22:34:49.268+0000] {subprocess.py:93} INFO - tmp5lejojs5
[2022-11-16T22:34:49.269+0000] {subprocess.py:93} INFO - tmp5nj2onwa
[2022-11-16T22:34:49.270+0000] {subprocess.py:93} INFO - tmp64cxrvul
[2022-11-16T22:34:49.271+0000] {subprocess.py:93} INFO - tmp6g4l21c1
[2022-11-16T22:34:49.272+0000] {subprocess.py:93} INFO - tmp7c6bgots
[2022-11-16T22:34:49.273+0000] {subprocess.py:93} INFO - tmp7khebugo
[2022-11-16T22:34:49.273+0000] {subprocess.py:93} INFO - tmp7lvtz6wk
[2022-11-16T22:34:49.274+0000] {subprocess.py:93} INFO - tmp8_n1aj39
[2022-11-16T22:34:49.274+0000] {subprocess.py:93} INFO - tmp8c_dsk2e
[2022-11-16T22:34:49.275+0000] {subprocess.py:93} INFO - tmp928ntdt7
[2022-11-16T22:34:49.275+0000] {subprocess.py:93} INFO - tmp9503grtb
[2022-11-16T22:34:49.276+0000] {subprocess.py:93} INFO - tmp_afh1uos
[2022-11-16T22:34:49.276+0000] {subprocess.py:93} INFO - tmp_m6lsnw3
[2022-11-16T22:34:49.277+0000] {subprocess.py:93} INFO - tmp_vy6n6_q
[2022-11-16T22:34:49.277+0000] {subprocess.py:93} INFO - tmpcnj5oj8y
[2022-11-16T22:34:49.278+0000] {subprocess.py:93} INFO - tmpcu_pom_6
[2022-11-16T22:34:49.278+0000] {subprocess.py:93} INFO - tmpdmc2g1zb
[2022-11-16T22:34:49.279+0000] {subprocess.py:93} INFO - tmpe4k1ogev
[2022-11-16T22:34:49.279+0000] {subprocess.py:93} INFO - tmpg_n88zm7
[2022-11-16T22:34:49.279+0000] {subprocess.py:93} INFO - tmpgg8mkst1
[2022-11-16T22:34:49.280+0000] {subprocess.py:93} INFO - tmpgi8v82jx
[2022-11-16T22:34:49.281+0000] {subprocess.py:93} INFO - tmpiez6kail
[2022-11-16T22:34:49.281+0000] {subprocess.py:93} INFO - tmpj1n4wxza
[2022-11-16T22:34:49.282+0000] {subprocess.py:93} INFO - tmpjsznho2e
[2022-11-16T22:34:49.282+0000] {subprocess.py:93} INFO - tmpkrg9_cgk
[2022-11-16T22:34:49.283+0000] {subprocess.py:93} INFO - tmpl13ymsfs
[2022-11-16T22:34:49.284+0000] {subprocess.py:93} INFO - tmplrbhl64b
[2022-11-16T22:34:49.284+0000] {subprocess.py:93} INFO - tmpn38ozedg
[2022-11-16T22:34:49.285+0000] {subprocess.py:93} INFO - tmpn96u_4ih
[2022-11-16T22:34:49.285+0000] {subprocess.py:93} INFO - tmpo3nf6k5c
[2022-11-16T22:34:49.286+0000] {subprocess.py:93} INFO - tmpoy_ljy8t
[2022-11-16T22:34:49.286+0000] {subprocess.py:93} INFO - tmpp4w9yq6x
[2022-11-16T22:34:49.287+0000] {subprocess.py:93} INFO - tmppfidxzjr
[2022-11-16T22:34:49.288+0000] {subprocess.py:93} INFO - tmpr681bhfw
[2022-11-16T22:34:49.289+0000] {subprocess.py:93} INFO - tmpr9102hwf
[2022-11-16T22:34:49.290+0000] {subprocess.py:93} INFO - tmpt4qo16oq
[2022-11-16T22:34:49.291+0000] {subprocess.py:93} INFO - tmptn832g5z
[2022-11-16T22:34:49.291+0000] {subprocess.py:93} INFO - tmpu9qbl0wh
[2022-11-16T22:34:49.292+0000] {subprocess.py:93} INFO - tmpuq8ywung
[2022-11-16T22:34:49.292+0000] {subprocess.py:93} INFO - tmpv606o9_9
[2022-11-16T22:34:49.292+0000] {subprocess.py:93} INFO - tmpxf7g1lc4
[2022-11-16T22:34:49.293+0000] {subprocess.py:93} INFO - tmpxktobcjf
[2022-11-16T22:34:49.293+0000] {subprocess.py:93} INFO - tmpz91iizm7
[2022-11-16T22:34:49.293+0000] {subprocess.py:93} INFO - head: cannot open '/tmp/platzi_data.csv' for reading: No such file or directory
[2022-11-16T22:34:49.294+0000] {subprocess.py:97} INFO - Command exited with return code 1
[2022-11-16T22:34:49.310+0000] {taskinstance.py:1851} ERROR - Task failed with exception
Traceback (most recent call last):
  File "/home/airflow/.local/lib/python3.7/site-packages/airflow/operators/bash.py", line 197, in execute
    f'Bash command failed. The command returned a non-zero exit code {result.exit_code}.'
airflow.exceptions.AirflowException: Bash command failed. The command returned a non-zero exit code 1.
[2022-11-16T22:34:49.319+0000] {taskinstance.py:1406} INFO - Marking task as FAILED. dag_id=MyPersonalAirflowProject, task_id=Print_Imported_data, execution_date=20221002T000000, start_date=20221116T223448, end_date=20221116T223449
[2022-11-16T22:34:49.338+0000] {standard_task_runner.py:105} ERROR - Failed to execute job 1679 for task Print_Imported_data (Bash command failed. The command returned a non-zero exit code 1.; 6403)
[2022-11-16T22:34:49.360+0000] {local_task_job.py:164} INFO - Task exited with return code 1
[2022-11-16T22:34:49.383+0000] {local_task_job.py:273} INFO - 0 downstream tasks scheduled from follow-on schedule check
