[2022-11-17T16:35:26.588+0000] {taskinstance.py:1165} INFO - Dependencies all met for <TaskInstance: MyPersonalAirflowProject.Marketing_team_Notification scheduled__2022-10-22T00:00:00+00:00 [queued]>
[2022-11-17T16:35:26.602+0000] {taskinstance.py:1165} INFO - Dependencies all met for <TaskInstance: MyPersonalAirflowProject.Marketing_team_Notification scheduled__2022-10-22T00:00:00+00:00 [queued]>
[2022-11-17T16:35:26.603+0000] {taskinstance.py:1362} INFO - 
--------------------------------------------------------------------------------
[2022-11-17T16:35:26.621+0000] {taskinstance.py:1363} INFO - Starting attempt 1 of 1
[2022-11-17T16:35:26.621+0000] {taskinstance.py:1364} INFO - 
--------------------------------------------------------------------------------
[2022-11-17T16:35:26.667+0000] {taskinstance.py:1383} INFO - Executing <Task(BashOperator): Marketing_team_Notification> on 2022-10-22 00:00:00+00:00
[2022-11-17T16:35:26.673+0000] {standard_task_runner.py:55} INFO - Started process 3942 to run task
[2022-11-17T16:35:26.676+0000] {standard_task_runner.py:82} INFO - Running: ['***', 'tasks', 'run', 'MyPersonalAirflowProject', 'Marketing_team_Notification', 'scheduled__2022-10-22T00:00:00+00:00', '--job-id', '2199', '--raw', '--subdir', 'DAGS_FOLDER/FinalPersonalProject.py', '--cfg-path', '/tmp/tmplj3lcsza']
[2022-11-17T16:35:26.677+0000] {standard_task_runner.py:83} INFO - Job 2199: Subtask Marketing_team_Notification
[2022-11-17T16:35:26.753+0000] {task_command.py:376} INFO - Running <TaskInstance: MyPersonalAirflowProject.Marketing_team_Notification scheduled__2022-10-22T00:00:00+00:00 [running]> on host 638485efabe7
[2022-11-17T16:35:26.840+0000] {taskinstance.py:1592} INFO - Exporting the following env vars:
AIRFLOW_CTX_DAG_OWNER=***
AIRFLOW_CTX_DAG_ID=MyPersonalAirflowProject
AIRFLOW_CTX_TASK_ID=Marketing_team_Notification
AIRFLOW_CTX_EXECUTION_DATE=2022-10-22T00:00:00+00:00
AIRFLOW_CTX_TRY_NUMBER=1
AIRFLOW_CTX_DAG_RUN_ID=scheduled__2022-10-22T00:00:00+00:00
[2022-11-17T16:35:26.842+0000] {subprocess.py:63} INFO - Tmp dir root location: 
 /tmp
[2022-11-17T16:35:26.843+0000] {subprocess.py:75} INFO - Running command: ['/bin/bash', '-c', 'echo "Hi Marketing team, Space X data for 2022-10-22 are now available!.. Please check them out!"']
[2022-11-17T16:35:26.855+0000] {subprocess.py:86} INFO - Output:
[2022-11-17T16:35:26.857+0000] {subprocess.py:93} INFO - Hi Marketing team, Space X data for 2022-10-22 are now available!.. Please check them out!
[2022-11-17T16:35:26.859+0000] {subprocess.py:97} INFO - Command exited with return code 0
[2022-11-17T16:35:26.892+0000] {taskinstance.py:1406} INFO - Marking task as SUCCESS. dag_id=MyPersonalAirflowProject, task_id=Marketing_team_Notification, execution_date=20221022T000000, start_date=20221117T163526, end_date=20221117T163526
[2022-11-17T16:35:26.929+0000] {local_task_job.py:164} INFO - Task exited with return code 0
[2022-11-17T16:35:26.952+0000] {local_task_job.py:273} INFO - 0 downstream tasks scheduled from follow-on schedule check
[2022-11-17T17:27:15.857+0000] {taskinstance.py:1165} INFO - Dependencies all met for <TaskInstance: MyPersonalAirflowProject.Marketing_team_Notification scheduled__2022-10-22T00:00:00+00:00 [queued]>
[2022-11-17T17:27:15.872+0000] {taskinstance.py:1165} INFO - Dependencies all met for <TaskInstance: MyPersonalAirflowProject.Marketing_team_Notification scheduled__2022-10-22T00:00:00+00:00 [queued]>
[2022-11-17T17:27:15.873+0000] {taskinstance.py:1362} INFO - 
--------------------------------------------------------------------------------
[2022-11-17T17:27:15.873+0000] {taskinstance.py:1363} INFO - Starting attempt 1 of 1
[2022-11-17T17:27:15.874+0000] {taskinstance.py:1364} INFO - 
--------------------------------------------------------------------------------
[2022-11-17T17:27:15.893+0000] {taskinstance.py:1383} INFO - Executing <Task(BashOperator): Marketing_team_Notification> on 2022-10-22 00:00:00+00:00
[2022-11-17T17:27:15.899+0000] {standard_task_runner.py:55} INFO - Started process 7583 to run task
[2022-11-17T17:27:15.902+0000] {standard_task_runner.py:82} INFO - Running: ['***', 'tasks', 'run', 'MyPersonalAirflowProject', 'Marketing_team_Notification', 'scheduled__2022-10-22T00:00:00+00:00', '--job-id', '2608', '--raw', '--subdir', 'DAGS_FOLDER/FinalPersonalProject.py', '--cfg-path', '/tmp/tmp651_niqz']
[2022-11-17T17:27:15.903+0000] {standard_task_runner.py:83} INFO - Job 2608: Subtask Marketing_team_Notification
[2022-11-17T17:27:15.969+0000] {task_command.py:376} INFO - Running <TaskInstance: MyPersonalAirflowProject.Marketing_team_Notification scheduled__2022-10-22T00:00:00+00:00 [running]> on host 638485efabe7
[2022-11-17T17:27:16.048+0000] {taskinstance.py:1592} INFO - Exporting the following env vars:
AIRFLOW_CTX_DAG_OWNER=***
AIRFLOW_CTX_DAG_ID=MyPersonalAirflowProject
AIRFLOW_CTX_TASK_ID=Marketing_team_Notification
AIRFLOW_CTX_EXECUTION_DATE=2022-10-22T00:00:00+00:00
AIRFLOW_CTX_TRY_NUMBER=1
AIRFLOW_CTX_DAG_RUN_ID=scheduled__2022-10-22T00:00:00+00:00
[2022-11-17T17:27:16.050+0000] {subprocess.py:63} INFO - Tmp dir root location: 
 /tmp
[2022-11-17T17:27:16.051+0000] {subprocess.py:75} INFO - Running command: ['/bin/bash', '-c', 'echo "Hi Marketing team, Space X data for 2022-10-22 are now available!.. Please check them out!"']
[2022-11-17T17:27:16.062+0000] {subprocess.py:86} INFO - Output:
[2022-11-17T17:27:16.064+0000] {subprocess.py:93} INFO - Hi Marketing team, Space X data for 2022-10-22 are now available!.. Please check them out!
[2022-11-17T17:27:16.065+0000] {subprocess.py:97} INFO - Command exited with return code 0
[2022-11-17T17:27:16.095+0000] {taskinstance.py:1406} INFO - Marking task as SUCCESS. dag_id=MyPersonalAirflowProject, task_id=Marketing_team_Notification, execution_date=20221022T000000, start_date=20221117T172715, end_date=20221117T172716
[2022-11-17T17:27:16.115+0000] {local_task_job.py:164} INFO - Task exited with return code 0
[2022-11-17T17:27:16.137+0000] {local_task_job.py:273} INFO - 0 downstream tasks scheduled from follow-on schedule check
