[2022-11-04T21:06:49.559+0000] {taskinstance.py:1165} INFO - Dependencies all met for <TaskInstance: orquestation.task1 scheduled__2022-05-01T00:00:00+00:00 [queued]>
[2022-11-04T21:06:49.575+0000] {taskinstance.py:1165} INFO - Dependencies all met for <TaskInstance: orquestation.task1 scheduled__2022-05-01T00:00:00+00:00 [queued]>
[2022-11-04T21:06:49.575+0000] {taskinstance.py:1362} INFO - 
--------------------------------------------------------------------------------
[2022-11-04T21:06:49.576+0000] {taskinstance.py:1363} INFO - Starting attempt 3 of 3
[2022-11-04T21:06:49.578+0000] {taskinstance.py:1364} INFO - 
--------------------------------------------------------------------------------
[2022-11-04T21:06:49.595+0000] {taskinstance.py:1383} INFO - Executing <Task(BashOperator): task1> on 2022-05-01 00:00:00+00:00
[2022-11-04T21:06:49.602+0000] {standard_task_runner.py:55} INFO - Started process 270 to run task
[2022-11-04T21:06:49.604+0000] {standard_task_runner.py:82} INFO - Running: ['***', 'tasks', 'run', 'orquestation', 'task1', 'scheduled__2022-05-01T00:00:00+00:00', '--job-id', '71', '--raw', '--subdir', 'DAGS_FOLDER/5.1-orquestacion.py', '--cfg-path', '/tmp/tmp7iveckf7']
[2022-11-04T21:06:49.605+0000] {standard_task_runner.py:83} INFO - Job 71: Subtask task1
[2022-11-04T21:06:49.674+0000] {task_command.py:376} INFO - Running <TaskInstance: orquestation.task1 scheduled__2022-05-01T00:00:00+00:00 [running]> on host 643e334f405f
[2022-11-04T21:06:49.759+0000] {taskinstance.py:1592} INFO - Exporting the following env vars:
AIRFLOW_CTX_DAG_OWNER=***
AIRFLOW_CTX_DAG_ID=orquestation
AIRFLOW_CTX_TASK_ID=task1
AIRFLOW_CTX_EXECUTION_DATE=2022-05-01T00:00:00+00:00
AIRFLOW_CTX_TRY_NUMBER=3
AIRFLOW_CTX_DAG_RUN_ID=scheduled__2022-05-01T00:00:00+00:00
[2022-11-04T21:06:49.767+0000] {subprocess.py:63} INFO - Tmp dir root location: 
 /tmp
[2022-11-04T21:06:49.769+0000] {subprocess.py:75} INFO - Running command: ['/bin/bash', '-c', "sleep 2 && echo 'task1'"]
[2022-11-04T21:06:49.784+0000] {subprocess.py:86} INFO - Output:
[2022-11-04T21:06:51.798+0000] {subprocess.py:93} INFO - task1
[2022-11-04T21:06:51.799+0000] {subprocess.py:97} INFO - Command exited with return code 0
[2022-11-04T21:06:51.881+0000] {taskinstance.py:1406} INFO - Marking task as SUCCESS. dag_id=orquestation, task_id=task1, execution_date=20220501T000000, start_date=20221104T210649, end_date=20221104T210651
[2022-11-04T21:06:51.945+0000] {local_task_job.py:164} INFO - Task exited with return code 0
[2022-11-04T21:06:51.981+0000] {local_task_job.py:273} INFO - 1 downstream tasks scheduled from follow-on schedule check
