[2022-11-16T22:16:32.643+0000] {taskinstance.py:1165} INFO - Dependencies all met for <TaskInstance: MyPersonalAirflowProject.end_task scheduled__2022-10-12T00:00:00+00:00 [queued]>
[2022-11-16T22:16:32.669+0000] {taskinstance.py:1165} INFO - Dependencies all met for <TaskInstance: MyPersonalAirflowProject.end_task scheduled__2022-10-12T00:00:00+00:00 [queued]>
[2022-11-16T22:16:32.670+0000] {taskinstance.py:1362} INFO - 
--------------------------------------------------------------------------------
[2022-11-16T22:16:32.671+0000] {taskinstance.py:1363} INFO - Starting attempt 1 of 1
[2022-11-16T22:16:32.672+0000] {taskinstance.py:1364} INFO - 
--------------------------------------------------------------------------------
[2022-11-16T22:16:32.699+0000] {taskinstance.py:1383} INFO - Executing <Task(BashOperator): end_task> on 2022-10-12 00:00:00+00:00
[2022-11-16T22:16:32.710+0000] {standard_task_runner.py:55} INFO - Started process 5181 to run task
[2022-11-16T22:16:32.714+0000] {standard_task_runner.py:82} INFO - Running: ['***', 'tasks', 'run', 'MyPersonalAirflowProject', 'end_task', 'scheduled__2022-10-12T00:00:00+00:00', '--job-id', '1508', '--raw', '--subdir', 'DAGS_FOLDER/FinalPersonalProject.py', '--cfg-path', '/tmp/tmpyld1t56q']
[2022-11-16T22:16:32.716+0000] {standard_task_runner.py:83} INFO - Job 1508: Subtask end_task
[2022-11-16T22:16:33.117+0000] {task_command.py:376} INFO - Running <TaskInstance: MyPersonalAirflowProject.end_task scheduled__2022-10-12T00:00:00+00:00 [running]> on host 638485efabe7
[2022-11-16T22:16:33.313+0000] {taskinstance.py:1592} INFO - Exporting the following env vars:
AIRFLOW_CTX_DAG_OWNER=***
AIRFLOW_CTX_DAG_ID=MyPersonalAirflowProject
AIRFLOW_CTX_TASK_ID=end_task
AIRFLOW_CTX_EXECUTION_DATE=2022-10-12T00:00:00+00:00
AIRFLOW_CTX_TRY_NUMBER=1
AIRFLOW_CTX_DAG_RUN_ID=scheduled__2022-10-12T00:00:00+00:00
[2022-11-16T22:16:33.318+0000] {subprocess.py:63} INFO - Tmp dir root location: 
 /tmp
[2022-11-16T22:16:33.320+0000] {subprocess.py:75} INFO - Running command: ['/bin/bash', '-c', 'echo "The Verification file was created successfully"']
[2022-11-16T22:16:33.345+0000] {subprocess.py:86} INFO - Output:
[2022-11-16T22:16:33.351+0000] {subprocess.py:93} INFO - The Verification file was created successfully
[2022-11-16T22:16:33.353+0000] {subprocess.py:97} INFO - Command exited with return code 0
[2022-11-16T22:16:33.407+0000] {taskinstance.py:1406} INFO - Marking task as SUCCESS. dag_id=MyPersonalAirflowProject, task_id=end_task, execution_date=20221012T000000, start_date=20221116T221632, end_date=20221116T221633
[2022-11-16T22:16:33.508+0000] {local_task_job.py:164} INFO - Task exited with return code 0
[2022-11-16T22:16:33.578+0000] {local_task_job.py:273} INFO - 0 downstream tasks scheduled from follow-on schedule check
