[2022-11-17T15:45:48.932+0000] {taskinstance.py:1165} INFO - Dependencies all met for <TaskInstance: MyPersonalAirflowProject.end_task scheduled__2022-10-12T00:00:00+00:00 [queued]>
[2022-11-17T15:45:48.950+0000] {taskinstance.py:1165} INFO - Dependencies all met for <TaskInstance: MyPersonalAirflowProject.end_task scheduled__2022-10-12T00:00:00+00:00 [queued]>
[2022-11-17T15:45:48.951+0000] {taskinstance.py:1362} INFO - 
--------------------------------------------------------------------------------
[2022-11-17T15:45:48.953+0000] {taskinstance.py:1363} INFO - Starting attempt 2 of 2
[2022-11-17T15:45:48.953+0000] {taskinstance.py:1364} INFO - 
--------------------------------------------------------------------------------
[2022-11-17T15:45:48.977+0000] {taskinstance.py:1383} INFO - Executing <Task(BashOperator): end_task> on 2022-10-12 00:00:00+00:00
[2022-11-17T15:45:48.984+0000] {standard_task_runner.py:55} INFO - Started process 285 to run task
[2022-11-17T15:45:48.986+0000] {standard_task_runner.py:82} INFO - Running: ['***', 'tasks', 'run', 'MyPersonalAirflowProject', 'end_task', 'scheduled__2022-10-12T00:00:00+00:00', '--job-id', '1763', '--raw', '--subdir', 'DAGS_FOLDER/FinalPersonalProject.py', '--cfg-path', '/tmp/tmpqh7h8g53']
[2022-11-17T15:45:48.987+0000] {standard_task_runner.py:83} INFO - Job 1763: Subtask end_task
[2022-11-17T15:45:49.050+0000] {task_command.py:376} INFO - Running <TaskInstance: MyPersonalAirflowProject.end_task scheduled__2022-10-12T00:00:00+00:00 [running]> on host 638485efabe7
[2022-11-17T15:45:49.126+0000] {taskinstance.py:1592} INFO - Exporting the following env vars:
AIRFLOW_CTX_DAG_OWNER=***
AIRFLOW_CTX_DAG_ID=MyPersonalAirflowProject
AIRFLOW_CTX_TASK_ID=end_task
AIRFLOW_CTX_EXECUTION_DATE=2022-10-12T00:00:00+00:00
AIRFLOW_CTX_TRY_NUMBER=2
AIRFLOW_CTX_DAG_RUN_ID=scheduled__2022-10-12T00:00:00+00:00
[2022-11-17T15:45:49.128+0000] {subprocess.py:63} INFO - Tmp dir root location: 
 /tmp
[2022-11-17T15:45:49.130+0000] {subprocess.py:75} INFO - Running command: ['/bin/bash', '-c', 'echo "The Verification file was created successfully"']
[2022-11-17T15:45:49.141+0000] {subprocess.py:86} INFO - Output:
[2022-11-17T15:45:49.142+0000] {subprocess.py:93} INFO - The Verification file was created successfully
[2022-11-17T15:45:49.143+0000] {subprocess.py:97} INFO - Command exited with return code 0
[2022-11-17T15:45:49.172+0000] {taskinstance.py:1406} INFO - Marking task as SUCCESS. dag_id=MyPersonalAirflowProject, task_id=end_task, execution_date=20221012T000000, start_date=20221117T154548, end_date=20221117T154549
[2022-11-17T15:45:49.199+0000] {local_task_job.py:164} INFO - Task exited with return code 0
[2022-11-17T15:45:49.231+0000] {local_task_job.py:273} INFO - 1 downstream tasks scheduled from follow-on schedule check
