[2022-11-04T21:32:05.377+0000] {taskinstance.py:1165} INFO - Dependencies all met for <TaskInstance: orquestation.task3 scheduled__2022-05-05T00:00:00+00:00 [queued]>
[2022-11-04T21:32:05.403+0000] {taskinstance.py:1165} INFO - Dependencies all met for <TaskInstance: orquestation.task3 scheduled__2022-05-05T00:00:00+00:00 [queued]>
[2022-11-04T21:32:05.404+0000] {taskinstance.py:1362} INFO - 
--------------------------------------------------------------------------------
[2022-11-04T21:32:05.405+0000] {taskinstance.py:1363} INFO - Starting attempt 1 of 1
[2022-11-04T21:32:05.406+0000] {taskinstance.py:1364} INFO - 
--------------------------------------------------------------------------------
[2022-11-04T21:32:05.435+0000] {taskinstance.py:1383} INFO - Executing <Task(BashOperator): task3> on 2022-05-05 00:00:00+00:00
[2022-11-04T21:32:05.446+0000] {standard_task_runner.py:55} INFO - Started process 733 to run task
[2022-11-04T21:32:05.453+0000] {standard_task_runner.py:82} INFO - Running: ['***', 'tasks', 'run', 'orquestation', 'task3', 'scheduled__2022-05-05T00:00:00+00:00', '--job-id', '130', '--raw', '--subdir', 'DAGS_FOLDER/5.1-orquestacion.py', '--cfg-path', '/tmp/tmpovf7h973']
[2022-11-04T21:32:05.454+0000] {standard_task_runner.py:83} INFO - Job 130: Subtask task3
[2022-11-04T21:32:05.565+0000] {task_command.py:376} INFO - Running <TaskInstance: orquestation.task3 scheduled__2022-05-05T00:00:00+00:00 [running]> on host 643e334f405f
[2022-11-04T21:32:05.748+0000] {taskinstance.py:1592} INFO - Exporting the following env vars:
AIRFLOW_CTX_DAG_OWNER=***
AIRFLOW_CTX_DAG_ID=orquestation
AIRFLOW_CTX_TASK_ID=task3
AIRFLOW_CTX_EXECUTION_DATE=2022-05-05T00:00:00+00:00
AIRFLOW_CTX_TRY_NUMBER=1
AIRFLOW_CTX_DAG_RUN_ID=scheduled__2022-05-05T00:00:00+00:00
[2022-11-04T21:32:05.768+0000] {subprocess.py:63} INFO - Tmp dir root location: 
 /tmp
[2022-11-04T21:32:05.771+0000] {subprocess.py:75} INFO - Running command: ['/bin/bash', '-c', "sleep 2 && echo 'task3'"]
[2022-11-04T21:32:05.795+0000] {subprocess.py:86} INFO - Output:
[2022-11-04T21:32:07.841+0000] {subprocess.py:93} INFO - task3
[2022-11-04T21:32:07.843+0000] {subprocess.py:97} INFO - Command exited with return code 0
[2022-11-04T21:32:07.929+0000] {taskinstance.py:1406} INFO - Marking task as SUCCESS. dag_id=orquestation, task_id=task3, execution_date=20220505T000000, start_date=20221104T213205, end_date=20221104T213207
[2022-11-04T21:32:08.159+0000] {local_task_job.py:164} INFO - Task exited with return code 0
[2022-11-04T21:32:08.200+0000] {local_task_job.py:273} INFO - 0 downstream tasks scheduled from follow-on schedule check
[2022-11-04T21:40:54.843+0000] {taskinstance.py:1165} INFO - Dependencies all met for <TaskInstance: orquestation.task3 scheduled__2022-05-05T00:00:00+00:00 [queued]>
[2022-11-04T21:40:54.863+0000] {taskinstance.py:1165} INFO - Dependencies all met for <TaskInstance: orquestation.task3 scheduled__2022-05-05T00:00:00+00:00 [queued]>
[2022-11-04T21:40:54.864+0000] {taskinstance.py:1362} INFO - 
--------------------------------------------------------------------------------
[2022-11-04T21:40:54.865+0000] {taskinstance.py:1363} INFO - Starting attempt 1 of 1
[2022-11-04T21:40:54.865+0000] {taskinstance.py:1364} INFO - 
--------------------------------------------------------------------------------
[2022-11-04T21:40:54.886+0000] {taskinstance.py:1383} INFO - Executing <Task(BashOperator): task3> on 2022-05-05 00:00:00+00:00
[2022-11-04T21:40:54.894+0000] {standard_task_runner.py:55} INFO - Started process 1702 to run task
[2022-11-04T21:40:54.898+0000] {standard_task_runner.py:82} INFO - Running: ['***', 'tasks', 'run', 'orquestation', 'task3', 'scheduled__2022-05-05T00:00:00+00:00', '--job-id', '273', '--raw', '--subdir', 'DAGS_FOLDER/5.1-orquestacion.py', '--cfg-path', '/tmp/tmpnul7bi_m']
[2022-11-04T21:40:54.899+0000] {standard_task_runner.py:83} INFO - Job 273: Subtask task3
[2022-11-04T21:40:54.978+0000] {task_command.py:376} INFO - Running <TaskInstance: orquestation.task3 scheduled__2022-05-05T00:00:00+00:00 [running]> on host 643e334f405f
[2022-11-04T21:40:55.070+0000] {taskinstance.py:1592} INFO - Exporting the following env vars:
AIRFLOW_CTX_DAG_OWNER=***
AIRFLOW_CTX_DAG_ID=orquestation
AIRFLOW_CTX_TASK_ID=task3
AIRFLOW_CTX_EXECUTION_DATE=2022-05-05T00:00:00+00:00
AIRFLOW_CTX_TRY_NUMBER=1
AIRFLOW_CTX_DAG_RUN_ID=scheduled__2022-05-05T00:00:00+00:00
[2022-11-04T21:40:55.072+0000] {subprocess.py:63} INFO - Tmp dir root location: 
 /tmp
[2022-11-04T21:40:55.073+0000] {subprocess.py:75} INFO - Running command: ['/bin/bash', '-c', "sleep 2 && echo 'task3'"]
[2022-11-04T21:40:55.089+0000] {subprocess.py:86} INFO - Output:
[2022-11-04T21:40:57.092+0000] {subprocess.py:93} INFO - task3
[2022-11-04T21:40:57.093+0000] {subprocess.py:97} INFO - Command exited with return code 0
[2022-11-04T21:40:57.122+0000] {taskinstance.py:1406} INFO - Marking task as SUCCESS. dag_id=orquestation, task_id=task3, execution_date=20220505T000000, start_date=20221104T214054, end_date=20221104T214057
[2022-11-04T21:40:57.159+0000] {local_task_job.py:164} INFO - Task exited with return code 0
[2022-11-04T21:40:57.182+0000] {local_task_job.py:273} INFO - 0 downstream tasks scheduled from follow-on schedule check
