[2022-11-04T17:17:29.446+0000] {taskinstance.py:1165} INFO - Dependencies all met for <TaskInstance: dependencias.task1 scheduled__2022-11-01T00:00:00+00:00 [queued]>
[2022-11-04T17:17:29.468+0000] {taskinstance.py:1165} INFO - Dependencies all met for <TaskInstance: dependencias.task1 scheduled__2022-11-01T00:00:00+00:00 [queued]>
[2022-11-04T17:17:29.468+0000] {taskinstance.py:1362} INFO - 
--------------------------------------------------------------------------------
[2022-11-04T17:17:29.469+0000] {taskinstance.py:1363} INFO - Starting attempt 1 of 1
[2022-11-04T17:17:29.470+0000] {taskinstance.py:1364} INFO - 
--------------------------------------------------------------------------------
[2022-11-04T17:17:29.490+0000] {taskinstance.py:1383} INFO - Executing <Task(PythonOperator): task1> on 2022-11-01 00:00:00+00:00
[2022-11-04T17:17:29.496+0000] {standard_task_runner.py:55} INFO - Started process 1512 to run task
[2022-11-04T17:17:29.499+0000] {standard_task_runner.py:82} INFO - Running: ['***', 'tasks', 'run', 'dependencias', 'task1', 'scheduled__2022-11-01T00:00:00+00:00', '--job-id', '17', '--raw', '--subdir', 'DAGS_FOLDER/3-dependencias.py', '--cfg-path', '/tmp/tmp2g5mda0v']
[2022-11-04T17:17:29.500+0000] {standard_task_runner.py:83} INFO - Job 17: Subtask task1
[2022-11-04T17:17:29.566+0000] {task_command.py:376} INFO - Running <TaskInstance: dependencias.task1 scheduled__2022-11-01T00:00:00+00:00 [running]> on host c7d12af55512
[2022-11-04T17:17:29.738+0000] {taskinstance.py:1592} INFO - Exporting the following env vars:
AIRFLOW_CTX_DAG_OWNER=***
AIRFLOW_CTX_DAG_ID=dependencias
AIRFLOW_CTX_TASK_ID=task1
AIRFLOW_CTX_EXECUTION_DATE=2022-11-01T00:00:00+00:00
AIRFLOW_CTX_TRY_NUMBER=1
AIRFLOW_CTX_DAG_RUN_ID=scheduled__2022-11-01T00:00:00+00:00
[2022-11-04T17:17:29.741+0000] {logging_mixin.py:120} INFO - Hi Platzi People
[2022-11-04T17:17:29.742+0000] {python.py:177} INFO - Done. Returned value was: None
[2022-11-04T17:17:29.760+0000] {taskinstance.py:1406} INFO - Marking task as SUCCESS. dag_id=dependencias, task_id=task1, execution_date=20221101T000000, start_date=20221104T171729, end_date=20221104T171729
[2022-11-04T17:17:29.875+0000] {local_task_job.py:164} INFO - Task exited with return code 0
[2022-11-04T17:17:29.937+0000] {local_task_job.py:273} INFO - 1 downstream tasks scheduled from follow-on schedule check
