[2022-11-17T16:40:39.328+0000] {taskinstance.py:1165} INFO - Dependencies all met for <TaskInstance: MyPersonalAirflowProject.Marketing_team_Notification scheduled__2022-10-31T00:00:00+00:00 [queued]>
[2022-11-17T16:40:39.342+0000] {taskinstance.py:1165} INFO - Dependencies all met for <TaskInstance: MyPersonalAirflowProject.Marketing_team_Notification scheduled__2022-10-31T00:00:00+00:00 [queued]>
[2022-11-17T16:40:39.343+0000] {taskinstance.py:1362} INFO - 
--------------------------------------------------------------------------------
[2022-11-17T16:40:39.344+0000] {taskinstance.py:1363} INFO - Starting attempt 1 of 1
[2022-11-17T16:40:39.345+0000] {taskinstance.py:1364} INFO - 
--------------------------------------------------------------------------------
[2022-11-17T16:40:39.363+0000] {taskinstance.py:1383} INFO - Executing <Task(BashOperator): Marketing_team_Notification> on 2022-10-31 00:00:00+00:00
[2022-11-17T16:40:39.370+0000] {standard_task_runner.py:55} INFO - Started process 4404 to run task
[2022-11-17T16:40:39.373+0000] {standard_task_runner.py:82} INFO - Running: ['***', 'tasks', 'run', 'MyPersonalAirflowProject', 'Marketing_team_Notification', 'scheduled__2022-10-31T00:00:00+00:00', '--job-id', '2270', '--raw', '--subdir', 'DAGS_FOLDER/FinalPersonalProject.py', '--cfg-path', '/tmp/tmppnyys_q7']
[2022-11-17T16:40:39.374+0000] {standard_task_runner.py:83} INFO - Job 2270: Subtask Marketing_team_Notification
[2022-11-17T16:40:39.454+0000] {task_command.py:376} INFO - Running <TaskInstance: MyPersonalAirflowProject.Marketing_team_Notification scheduled__2022-10-31T00:00:00+00:00 [running]> on host 638485efabe7
[2022-11-17T16:40:39.556+0000] {taskinstance.py:1592} INFO - Exporting the following env vars:
AIRFLOW_CTX_DAG_OWNER=***
AIRFLOW_CTX_DAG_ID=MyPersonalAirflowProject
AIRFLOW_CTX_TASK_ID=Marketing_team_Notification
AIRFLOW_CTX_EXECUTION_DATE=2022-10-31T00:00:00+00:00
AIRFLOW_CTX_TRY_NUMBER=1
AIRFLOW_CTX_DAG_RUN_ID=scheduled__2022-10-31T00:00:00+00:00
[2022-11-17T16:40:39.557+0000] {subprocess.py:63} INFO - Tmp dir root location: 
 /tmp
[2022-11-17T16:40:39.559+0000] {subprocess.py:75} INFO - Running command: ['/bin/bash', '-c', 'echo "Hi Marketing team, Space X data for 2022-10-31 are now available!.. Please check them out!"']
[2022-11-17T16:40:39.575+0000] {subprocess.py:86} INFO - Output:
[2022-11-17T16:40:39.576+0000] {subprocess.py:93} INFO - Hi Marketing team, Space X data for 2022-10-31 are now available!.. Please check them out!
[2022-11-17T16:40:39.577+0000] {subprocess.py:97} INFO - Command exited with return code 0
[2022-11-17T16:40:39.608+0000] {taskinstance.py:1406} INFO - Marking task as SUCCESS. dag_id=MyPersonalAirflowProject, task_id=Marketing_team_Notification, execution_date=20221031T000000, start_date=20221117T164039, end_date=20221117T164039
[2022-11-17T16:40:39.666+0000] {local_task_job.py:164} INFO - Task exited with return code 0
[2022-11-17T16:40:39.690+0000] {local_task_job.py:273} INFO - 0 downstream tasks scheduled from follow-on schedule check
[2022-11-17T17:31:45.931+0000] {taskinstance.py:1165} INFO - Dependencies all met for <TaskInstance: MyPersonalAirflowProject.Marketing_team_Notification scheduled__2022-10-31T00:00:00+00:00 [queued]>
[2022-11-17T17:31:45.945+0000] {taskinstance.py:1165} INFO - Dependencies all met for <TaskInstance: MyPersonalAirflowProject.Marketing_team_Notification scheduled__2022-10-31T00:00:00+00:00 [queued]>
[2022-11-17T17:31:45.946+0000] {taskinstance.py:1362} INFO - 
--------------------------------------------------------------------------------
[2022-11-17T17:31:45.947+0000] {taskinstance.py:1363} INFO - Starting attempt 1 of 1
[2022-11-17T17:31:45.947+0000] {taskinstance.py:1364} INFO - 
--------------------------------------------------------------------------------
[2022-11-17T17:31:45.973+0000] {taskinstance.py:1383} INFO - Executing <Task(BashOperator): Marketing_team_Notification> on 2022-10-31 00:00:00+00:00
[2022-11-17T17:31:45.981+0000] {standard_task_runner.py:55} INFO - Started process 8026 to run task
[2022-11-17T17:31:45.984+0000] {standard_task_runner.py:82} INFO - Running: ['***', 'tasks', 'run', 'MyPersonalAirflowProject', 'Marketing_team_Notification', 'scheduled__2022-10-31T00:00:00+00:00', '--job-id', '2680', '--raw', '--subdir', 'DAGS_FOLDER/FinalPersonalProject.py', '--cfg-path', '/tmp/tmpzulmqine']
[2022-11-17T17:31:45.985+0000] {standard_task_runner.py:83} INFO - Job 2680: Subtask Marketing_team_Notification
[2022-11-17T17:31:46.056+0000] {task_command.py:376} INFO - Running <TaskInstance: MyPersonalAirflowProject.Marketing_team_Notification scheduled__2022-10-31T00:00:00+00:00 [running]> on host 638485efabe7
[2022-11-17T17:31:46.131+0000] {taskinstance.py:1592} INFO - Exporting the following env vars:
AIRFLOW_CTX_DAG_OWNER=***
AIRFLOW_CTX_DAG_ID=MyPersonalAirflowProject
AIRFLOW_CTX_TASK_ID=Marketing_team_Notification
AIRFLOW_CTX_EXECUTION_DATE=2022-10-31T00:00:00+00:00
AIRFLOW_CTX_TRY_NUMBER=1
AIRFLOW_CTX_DAG_RUN_ID=scheduled__2022-10-31T00:00:00+00:00
[2022-11-17T17:31:46.132+0000] {subprocess.py:63} INFO - Tmp dir root location: 
 /tmp
[2022-11-17T17:31:46.133+0000] {subprocess.py:75} INFO - Running command: ['/bin/bash', '-c', 'echo "Hi Marketing team, Space X data for 2022-10-31 are now available!.. Please check them out!"']
[2022-11-17T17:31:46.145+0000] {subprocess.py:86} INFO - Output:
[2022-11-17T17:31:46.147+0000] {subprocess.py:93} INFO - Hi Marketing team, Space X data for 2022-10-31 are now available!.. Please check them out!
[2022-11-17T17:31:46.147+0000] {subprocess.py:97} INFO - Command exited with return code 0
[2022-11-17T17:31:46.178+0000] {taskinstance.py:1406} INFO - Marking task as SUCCESS. dag_id=MyPersonalAirflowProject, task_id=Marketing_team_Notification, execution_date=20221031T000000, start_date=20221117T173145, end_date=20221117T173146
[2022-11-17T17:31:46.198+0000] {local_task_job.py:164} INFO - Task exited with return code 0
[2022-11-17T17:31:46.226+0000] {local_task_job.py:273} INFO - 0 downstream tasks scheduled from follow-on schedule check
