[2022-11-16T20:29:29.594+0000] {taskinstance.py:1165} INFO - Dependencies all met for <TaskInstance: 10-branching.branch scheduled__2022-07-26T00:00:00+00:00 [queued]>
[2022-11-16T20:38:18.743+0000] {taskinstance.py:1165} INFO - Dependencies all met for <TaskInstance: 10-branching.branch scheduled__2022-07-26T00:00:00+00:00 [queued]>
[2022-11-16T20:38:18.746+0000] {taskinstance.py:1362} INFO - 
--------------------------------------------------------------------------------
[2022-11-16T20:38:18.748+0000] {taskinstance.py:1363} INFO - Starting attempt 1 of 1
[2022-11-16T20:38:18.759+0000] {taskinstance.py:1364} INFO - 
--------------------------------------------------------------------------------
[2022-11-16T20:38:19.748+0000] {taskinstance.py:1383} INFO - Executing <Task(BranchPythonOperator): branch> on 2022-07-26 00:00:00+00:00
[2022-11-16T20:38:19.828+0000] {standard_task_runner.py:55} INFO - Started process 206 to run task
[2022-11-16T20:38:19.888+0000] {standard_task_runner.py:82} INFO - Running: ['***', 'tasks', 'run', '10-branching', 'branch', 'scheduled__2022-07-26T00:00:00+00:00', '--job-id', '1264', '--raw', '--subdir', 'DAGS_FOLDER/10-branchpythonoperator.py', '--cfg-path', '/tmp/tmpc7td_4nu']
[2022-11-16T20:38:19.889+0000] {standard_task_runner.py:83} INFO - Job 1264: Subtask branch
[2022-11-16T20:38:20.277+0000] {task_command.py:376} INFO - Running <TaskInstance: 10-branching.branch scheduled__2022-07-26T00:00:00+00:00 [running]> on host 638485efabe7
[2022-11-16T20:38:21.087+0000] {taskinstance.py:1592} INFO - Exporting the following env vars:
AIRFLOW_CTX_DAG_OWNER=***
AIRFLOW_CTX_DAG_ID=10-branching
AIRFLOW_CTX_TASK_ID=branch
AIRFLOW_CTX_EXECUTION_DATE=2022-07-26T00:00:00+00:00
AIRFLOW_CTX_TRY_NUMBER=1
AIRFLOW_CTX_DAG_RUN_ID=scheduled__2022-07-26T00:00:00+00:00
[2022-11-16T20:38:21.105+0000] {python.py:177} INFO - Done. Returned value was: start_15_june
[2022-11-16T20:38:21.109+0000] {skipmixin.py:155} INFO - Following branch start_15_june
[2022-11-16T20:38:21.114+0000] {skipmixin.py:190} INFO - Skipping tasks ['finish_14_june']
[2022-11-16T20:38:21.336+0000] {taskinstance.py:1406} INFO - Marking task as SUCCESS. dag_id=10-branching, task_id=branch, execution_date=20220726T000000, start_date=20221116T202929, end_date=20221116T203821
[2022-11-16T20:38:21.474+0000] {local_task_job.py:164} INFO - Task exited with return code 0
[2022-11-16T20:38:21.657+0000] {local_task_job.py:273} INFO - 0 downstream tasks scheduled from follow-on schedule check
