[2022-11-04T21:07:12.085+0000] {taskinstance.py:1165} INFO - Dependencies all met for <TaskInstance: orquestation.task2 scheduled__2022-05-09T00:00:00+00:00 [queued]>
[2022-11-04T21:07:12.130+0000] {taskinstance.py:1165} INFO - Dependencies all met for <TaskInstance: orquestation.task2 scheduled__2022-05-09T00:00:00+00:00 [queued]>
[2022-11-04T21:07:12.131+0000] {taskinstance.py:1362} INFO - 
--------------------------------------------------------------------------------
[2022-11-04T21:07:12.132+0000] {taskinstance.py:1363} INFO - Starting attempt 1 of 1
[2022-11-04T21:07:12.133+0000] {taskinstance.py:1364} INFO - 
--------------------------------------------------------------------------------
[2022-11-04T21:07:12.171+0000] {taskinstance.py:1383} INFO - Executing <Task(BashOperator): task2> on 2022-05-09 00:00:00+00:00
[2022-11-04T21:07:12.178+0000] {standard_task_runner.py:55} INFO - Started process 355 to run task
[2022-11-04T21:07:12.183+0000] {standard_task_runner.py:82} INFO - Running: ['***', 'tasks', 'run', 'orquestation', 'task2', 'scheduled__2022-05-09T00:00:00+00:00', '--job-id', '88', '--raw', '--subdir', 'DAGS_FOLDER/5.1-orquestacion.py', '--cfg-path', '/tmp/tmpi6qvas2p']
[2022-11-04T21:07:12.184+0000] {standard_task_runner.py:83} INFO - Job 88: Subtask task2
[2022-11-04T21:07:12.287+0000] {task_command.py:376} INFO - Running <TaskInstance: orquestation.task2 scheduled__2022-05-09T00:00:00+00:00 [running]> on host 643e334f405f
[2022-11-04T21:07:12.401+0000] {taskinstance.py:1592} INFO - Exporting the following env vars:
AIRFLOW_CTX_DAG_OWNER=***
AIRFLOW_CTX_DAG_ID=orquestation
AIRFLOW_CTX_TASK_ID=task2
AIRFLOW_CTX_EXECUTION_DATE=2022-05-09T00:00:00+00:00
AIRFLOW_CTX_TRY_NUMBER=1
AIRFLOW_CTX_DAG_RUN_ID=scheduled__2022-05-09T00:00:00+00:00
[2022-11-04T21:07:12.406+0000] {subprocess.py:63} INFO - Tmp dir root location: 
 /tmp
[2022-11-04T21:07:12.408+0000] {subprocess.py:75} INFO - Running command: ['/bin/bash', '-c', "sleep 2 && echo 'task2'"]
[2022-11-04T21:07:12.420+0000] {subprocess.py:86} INFO - Output:
[2022-11-04T21:07:14.424+0000] {subprocess.py:93} INFO - task2
[2022-11-04T21:07:14.427+0000] {subprocess.py:97} INFO - Command exited with return code 0
[2022-11-04T21:07:14.479+0000] {taskinstance.py:1406} INFO - Marking task as SUCCESS. dag_id=orquestation, task_id=task2, execution_date=20220509T000000, start_date=20221104T210712, end_date=20221104T210714
[2022-11-04T21:07:14.533+0000] {local_task_job.py:164} INFO - Task exited with return code 0
[2022-11-04T21:07:14.583+0000] {local_task_job.py:273} INFO - 2 downstream tasks scheduled from follow-on schedule check
[2022-11-04T21:32:19.325+0000] {taskinstance.py:1165} INFO - Dependencies all met for <TaskInstance: orquestation.task2 scheduled__2022-05-09T00:00:00+00:00 [queued]>
[2022-11-04T21:32:19.350+0000] {taskinstance.py:1165} INFO - Dependencies all met for <TaskInstance: orquestation.task2 scheduled__2022-05-09T00:00:00+00:00 [queued]>
[2022-11-04T21:32:19.351+0000] {taskinstance.py:1362} INFO - 
--------------------------------------------------------------------------------
[2022-11-04T21:32:19.352+0000] {taskinstance.py:1363} INFO - Starting attempt 1 of 1
[2022-11-04T21:32:19.352+0000] {taskinstance.py:1364} INFO - 
--------------------------------------------------------------------------------
[2022-11-04T21:32:19.378+0000] {taskinstance.py:1383} INFO - Executing <Task(BashOperator): task2> on 2022-05-09 00:00:00+00:00
[2022-11-04T21:32:19.386+0000] {standard_task_runner.py:55} INFO - Started process 788 to run task
[2022-11-04T21:32:19.392+0000] {standard_task_runner.py:82} INFO - Running: ['***', 'tasks', 'run', 'orquestation', 'task2', 'scheduled__2022-05-09T00:00:00+00:00', '--job-id', '144', '--raw', '--subdir', 'DAGS_FOLDER/5.1-orquestacion.py', '--cfg-path', '/tmp/tmphjsohpxi']
[2022-11-04T21:32:19.393+0000] {standard_task_runner.py:83} INFO - Job 144: Subtask task2
[2022-11-04T21:32:19.493+0000] {task_command.py:376} INFO - Running <TaskInstance: orquestation.task2 scheduled__2022-05-09T00:00:00+00:00 [running]> on host 643e334f405f
[2022-11-04T21:32:19.617+0000] {taskinstance.py:1592} INFO - Exporting the following env vars:
AIRFLOW_CTX_DAG_OWNER=***
AIRFLOW_CTX_DAG_ID=orquestation
AIRFLOW_CTX_TASK_ID=task2
AIRFLOW_CTX_EXECUTION_DATE=2022-05-09T00:00:00+00:00
AIRFLOW_CTX_TRY_NUMBER=1
AIRFLOW_CTX_DAG_RUN_ID=scheduled__2022-05-09T00:00:00+00:00
[2022-11-04T21:32:19.620+0000] {subprocess.py:63} INFO - Tmp dir root location: 
 /tmp
[2022-11-04T21:32:19.622+0000] {subprocess.py:75} INFO - Running command: ['/bin/bash', '-c', "sleep 2 && echo 'task2'"]
[2022-11-04T21:32:19.640+0000] {subprocess.py:86} INFO - Output:
[2022-11-04T21:32:21.662+0000] {subprocess.py:93} INFO - task2
[2022-11-04T21:32:21.663+0000] {subprocess.py:97} INFO - Command exited with return code 0
[2022-11-04T21:32:21.702+0000] {taskinstance.py:1406} INFO - Marking task as SUCCESS. dag_id=orquestation, task_id=task2, execution_date=20220509T000000, start_date=20221104T213219, end_date=20221104T213221
[2022-11-04T21:32:21.731+0000] {local_task_job.py:164} INFO - Task exited with return code 0
[2022-11-04T21:32:21.770+0000] {local_task_job.py:273} INFO - 2 downstream tasks scheduled from follow-on schedule check
[2022-11-04T21:41:34.400+0000] {taskinstance.py:1165} INFO - Dependencies all met for <TaskInstance: orquestation.task2 scheduled__2022-05-09T00:00:00+00:00 [queued]>
[2022-11-04T21:41:34.415+0000] {taskinstance.py:1165} INFO - Dependencies all met for <TaskInstance: orquestation.task2 scheduled__2022-05-09T00:00:00+00:00 [queued]>
[2022-11-04T21:41:34.416+0000] {taskinstance.py:1362} INFO - 
--------------------------------------------------------------------------------
[2022-11-04T21:41:34.416+0000] {taskinstance.py:1363} INFO - Starting attempt 1 of 1
[2022-11-04T21:41:34.416+0000] {taskinstance.py:1364} INFO - 
--------------------------------------------------------------------------------
[2022-11-04T21:41:34.433+0000] {taskinstance.py:1383} INFO - Executing <Task(BashOperator): task2> on 2022-05-09 00:00:00+00:00
[2022-11-04T21:41:34.439+0000] {standard_task_runner.py:55} INFO - Started process 1790 to run task
[2022-11-04T21:41:34.442+0000] {standard_task_runner.py:82} INFO - Running: ['***', 'tasks', 'run', 'orquestation', 'task2', 'scheduled__2022-05-09T00:00:00+00:00', '--job-id', '288', '--raw', '--subdir', 'DAGS_FOLDER/5.1-orquestacion.py', '--cfg-path', '/tmp/tmpf9fyqcdu']
[2022-11-04T21:41:34.443+0000] {standard_task_runner.py:83} INFO - Job 288: Subtask task2
[2022-11-04T21:41:34.504+0000] {task_command.py:376} INFO - Running <TaskInstance: orquestation.task2 scheduled__2022-05-09T00:00:00+00:00 [running]> on host 643e334f405f
[2022-11-04T21:41:34.576+0000] {taskinstance.py:1592} INFO - Exporting the following env vars:
AIRFLOW_CTX_DAG_OWNER=***
AIRFLOW_CTX_DAG_ID=orquestation
AIRFLOW_CTX_TASK_ID=task2
AIRFLOW_CTX_EXECUTION_DATE=2022-05-09T00:00:00+00:00
AIRFLOW_CTX_TRY_NUMBER=1
AIRFLOW_CTX_DAG_RUN_ID=scheduled__2022-05-09T00:00:00+00:00
[2022-11-04T21:41:34.577+0000] {subprocess.py:63} INFO - Tmp dir root location: 
 /tmp
[2022-11-04T21:41:34.578+0000] {subprocess.py:75} INFO - Running command: ['/bin/bash', '-c', "sleep 2 && echo 'task2'"]
[2022-11-04T21:41:34.590+0000] {subprocess.py:86} INFO - Output:
[2022-11-04T21:41:36.593+0000] {subprocess.py:93} INFO - task2
[2022-11-04T21:41:36.594+0000] {subprocess.py:97} INFO - Command exited with return code 0
[2022-11-04T21:41:36.620+0000] {taskinstance.py:1406} INFO - Marking task as SUCCESS. dag_id=orquestation, task_id=task2, execution_date=20220509T000000, start_date=20221104T214134, end_date=20221104T214136
[2022-11-04T21:41:36.662+0000] {local_task_job.py:164} INFO - Task exited with return code 0
[2022-11-04T21:41:36.694+0000] {local_task_job.py:273} INFO - 2 downstream tasks scheduled from follow-on schedule check
