[2022-11-16T22:15:34.880+0000] {taskinstance.py:1165} INFO - Dependencies all met for <TaskInstance: MyPersonalAirflowProject.Print_Imported_data scheduled__2022-10-10T00:00:00+00:00 [queued]>
[2022-11-16T22:15:34.895+0000] {taskinstance.py:1165} INFO - Dependencies all met for <TaskInstance: MyPersonalAirflowProject.Print_Imported_data scheduled__2022-10-10T00:00:00+00:00 [queued]>
[2022-11-16T22:15:34.896+0000] {taskinstance.py:1362} INFO - 
--------------------------------------------------------------------------------
[2022-11-16T22:15:34.897+0000] {taskinstance.py:1363} INFO - Starting attempt 1 of 1
[2022-11-16T22:15:34.897+0000] {taskinstance.py:1364} INFO - 
--------------------------------------------------------------------------------
[2022-11-16T22:15:34.917+0000] {taskinstance.py:1383} INFO - Executing <Task(BashOperator): Print_Imported_data> on 2022-10-10 00:00:00+00:00
[2022-11-16T22:15:34.926+0000] {standard_task_runner.py:55} INFO - Started process 5115 to run task
[2022-11-16T22:15:34.929+0000] {standard_task_runner.py:82} INFO - Running: ['***', 'tasks', 'run', 'MyPersonalAirflowProject', 'Print_Imported_data', 'scheduled__2022-10-10T00:00:00+00:00', '--job-id', '1499', '--raw', '--subdir', 'DAGS_FOLDER/FinalPersonalProject.py', '--cfg-path', '/tmp/tmpu18yabg1']
[2022-11-16T22:15:34.930+0000] {standard_task_runner.py:83} INFO - Job 1499: Subtask Print_Imported_data
[2022-11-16T22:15:34.995+0000] {task_command.py:376} INFO - Running <TaskInstance: MyPersonalAirflowProject.Print_Imported_data scheduled__2022-10-10T00:00:00+00:00 [running]> on host 638485efabe7
[2022-11-16T22:15:35.077+0000] {taskinstance.py:1592} INFO - Exporting the following env vars:
AIRFLOW_CTX_DAG_OWNER=***
AIRFLOW_CTX_DAG_ID=MyPersonalAirflowProject
AIRFLOW_CTX_TASK_ID=Print_Imported_data
AIRFLOW_CTX_EXECUTION_DATE=2022-10-10T00:00:00+00:00
AIRFLOW_CTX_TRY_NUMBER=1
AIRFLOW_CTX_DAG_RUN_ID=scheduled__2022-10-10T00:00:00+00:00
[2022-11-16T22:15:35.079+0000] {subprocess.py:63} INFO - Tmp dir root location: 
 /tmp
[2022-11-16T22:15:35.080+0000] {subprocess.py:75} INFO - Running command: ['/bin/bash', '-c', 'ls /tmp/ && head /tmp/platzi_data.csv']
[2022-11-16T22:15:35.094+0000] {subprocess.py:86} INFO - Output:
[2022-11-16T22:15:35.118+0000] {subprocess.py:93} INFO - ***tmpde5mogh3
[2022-11-16T22:15:35.119+0000] {subprocess.py:93} INFO - ***tmpk5xxq3nx
[2022-11-16T22:15:35.119+0000] {subprocess.py:93} INFO - ***tmplkvca7ip
[2022-11-16T22:15:35.120+0000] {subprocess.py:93} INFO - ***tmpodkacs8z
[2022-11-16T22:15:35.120+0000] {subprocess.py:93} INFO - file.txt
[2022-11-16T22:15:35.121+0000] {subprocess.py:93} INFO - history.json
[2022-11-16T22:15:35.121+0000] {subprocess.py:93} INFO - platzi_data_20221001.csv
[2022-11-16T22:15:35.121+0000] {subprocess.py:93} INFO - platzi_data_20221002.csv
[2022-11-16T22:15:35.122+0000] {subprocess.py:93} INFO - platzi_data_20221003.csv
[2022-11-16T22:15:35.122+0000] {subprocess.py:93} INFO - platzi_data_20221004.csv
[2022-11-16T22:15:35.123+0000] {subprocess.py:93} INFO - platzi_data_20221005.csv
[2022-11-16T22:15:35.123+0000] {subprocess.py:93} INFO - platzi_data_20221006.csv
[2022-11-16T22:15:35.124+0000] {subprocess.py:93} INFO - platzi_data_20221007.csv
[2022-11-16T22:15:35.124+0000] {subprocess.py:93} INFO - platzi_data_20221008.csv
[2022-11-16T22:15:35.124+0000] {subprocess.py:93} INFO - platzi_data_20221009.csv
[2022-11-16T22:15:35.125+0000] {subprocess.py:93} INFO - platzi_data_20221010.csv
[2022-11-16T22:15:35.125+0000] {subprocess.py:93} INFO - pymp-8yik9lbi
[2022-11-16T22:15:35.125+0000] {subprocess.py:93} INFO - pymp-y00k7agg
[2022-11-16T22:15:35.126+0000] {subprocess.py:93} INFO - reponse_20221001.txt
[2022-11-16T22:15:35.126+0000] {subprocess.py:93} INFO - reponse_20221002.txt
[2022-11-16T22:15:35.126+0000] {subprocess.py:93} INFO - reponse_20221003.txt
[2022-11-16T22:15:35.127+0000] {subprocess.py:93} INFO - reponse_20221004.txt
[2022-11-16T22:15:35.127+0000] {subprocess.py:93} INFO - reponse_20221005.txt
[2022-11-16T22:15:35.128+0000] {subprocess.py:93} INFO - reponse_20221006.txt
[2022-11-16T22:15:35.128+0000] {subprocess.py:93} INFO - reponse_20221007.txt
[2022-11-16T22:15:35.128+0000] {subprocess.py:93} INFO - reponse_20221008.txt
[2022-11-16T22:15:35.129+0000] {subprocess.py:93} INFO - reponse_20221009.txt
[2022-11-16T22:15:35.129+0000] {subprocess.py:93} INFO - reponse_20221010.txt
[2022-11-16T22:15:35.129+0000] {subprocess.py:93} INFO - reponse_20221022.txt
[2022-11-16T22:15:35.129+0000] {subprocess.py:93} INFO - reponse_20221023.txt
[2022-11-16T22:15:35.130+0000] {subprocess.py:93} INFO - reponse_20221024.txt
[2022-11-16T22:15:35.130+0000] {subprocess.py:93} INFO - reponse_20221025.txt
[2022-11-16T22:15:35.130+0000] {subprocess.py:93} INFO - reponse_20221026.txt
[2022-11-16T22:15:35.130+0000] {subprocess.py:93} INFO - reponse_20221027.txt
[2022-11-16T22:15:35.131+0000] {subprocess.py:93} INFO - reponse_20221028.txt
[2022-11-16T22:15:35.131+0000] {subprocess.py:93} INFO - reponse_20221029.txt
[2022-11-16T22:15:35.131+0000] {subprocess.py:93} INFO - reponse_20221030.txt
[2022-11-16T22:15:35.132+0000] {subprocess.py:93} INFO - reponse_20221031.txt
[2022-11-16T22:15:35.132+0000] {subprocess.py:93} INFO - reponse_20221101.txt
[2022-11-16T22:15:35.132+0000] {subprocess.py:93} INFO - reponse_20221102.txt
[2022-11-16T22:15:35.133+0000] {subprocess.py:93} INFO - reponse_20221103.txt
[2022-11-16T22:15:35.133+0000] {subprocess.py:93} INFO - reponse_20221104.txt
[2022-11-16T22:15:35.133+0000] {subprocess.py:93} INFO - reponse_20221105.txt
[2022-11-16T22:15:35.133+0000] {subprocess.py:93} INFO - reponse_20221106.txt
[2022-11-16T22:15:35.134+0000] {subprocess.py:93} INFO - reponse_20221107.txt
[2022-11-16T22:15:35.134+0000] {subprocess.py:93} INFO - reponse_20221108.txt
[2022-11-16T22:15:35.135+0000] {subprocess.py:93} INFO - reponse_20221109.txt
[2022-11-16T22:15:35.135+0000] {subprocess.py:93} INFO - reponse_20221110.txt
[2022-11-16T22:15:35.135+0000] {subprocess.py:93} INFO - reponse_20221111.txt
[2022-11-16T22:15:35.136+0000] {subprocess.py:93} INFO - reponse_20221112.txt
[2022-11-16T22:15:35.136+0000] {subprocess.py:93} INFO - reponse_20221113.txt
[2022-11-16T22:15:35.136+0000] {subprocess.py:93} INFO - reponse_20221114.txt
[2022-11-16T22:15:35.137+0000] {subprocess.py:93} INFO - reponse_20221115.txt
[2022-11-16T22:15:35.137+0000] {subprocess.py:93} INFO - tmp061o5asr
[2022-11-16T22:15:35.137+0000] {subprocess.py:93} INFO - tmp1b_v374g
[2022-11-16T22:15:35.137+0000] {subprocess.py:93} INFO - tmp2n3y4qb3
[2022-11-16T22:15:35.138+0000] {subprocess.py:93} INFO - tmp2ztydtyd
[2022-11-16T22:15:35.138+0000] {subprocess.py:93} INFO - tmp546oqdk0
[2022-11-16T22:15:35.138+0000] {subprocess.py:93} INFO - tmp57roj99h
[2022-11-16T22:15:35.138+0000] {subprocess.py:93} INFO - tmp5lejojs5
[2022-11-16T22:15:35.139+0000] {subprocess.py:93} INFO - tmp5nj2onwa
[2022-11-16T22:15:35.139+0000] {subprocess.py:93} INFO - tmp64cxrvul
[2022-11-16T22:15:35.140+0000] {subprocess.py:93} INFO - tmp6g4l21c1
[2022-11-16T22:15:35.140+0000] {subprocess.py:93} INFO - tmp7c6bgots
[2022-11-16T22:15:35.140+0000] {subprocess.py:93} INFO - tmp7khebugo
[2022-11-16T22:15:35.141+0000] {subprocess.py:93} INFO - tmp7lvtz6wk
[2022-11-16T22:15:35.141+0000] {subprocess.py:93} INFO - tmp8_n1aj39
[2022-11-16T22:15:35.141+0000] {subprocess.py:93} INFO - tmp8c_dsk2e
[2022-11-16T22:15:35.141+0000] {subprocess.py:93} INFO - tmp928ntdt7
[2022-11-16T22:15:35.142+0000] {subprocess.py:93} INFO - tmp9503grtb
[2022-11-16T22:15:35.142+0000] {subprocess.py:93} INFO - tmp_afh1uos
[2022-11-16T22:15:35.142+0000] {subprocess.py:93} INFO - tmp_m6lsnw3
[2022-11-16T22:15:35.142+0000] {subprocess.py:93} INFO - tmp_vy6n6_q
[2022-11-16T22:15:35.143+0000] {subprocess.py:93} INFO - tmpcnj5oj8y
[2022-11-16T22:15:35.143+0000] {subprocess.py:93} INFO - tmpcu_pom_6
[2022-11-16T22:15:35.144+0000] {subprocess.py:93} INFO - tmpdmc2g1zb
[2022-11-16T22:15:35.144+0000] {subprocess.py:93} INFO - tmpe4k1ogev
[2022-11-16T22:15:35.145+0000] {subprocess.py:93} INFO - tmpg_n88zm7
[2022-11-16T22:15:35.145+0000] {subprocess.py:93} INFO - tmpgg8mkst1
[2022-11-16T22:15:35.146+0000] {subprocess.py:93} INFO - tmpgi8v82jx
[2022-11-16T22:15:35.147+0000] {subprocess.py:93} INFO - tmpiez6kail
[2022-11-16T22:15:35.147+0000] {subprocess.py:93} INFO - tmpj1n4wxza
[2022-11-16T22:15:35.147+0000] {subprocess.py:93} INFO - tmpjsznho2e
[2022-11-16T22:15:35.148+0000] {subprocess.py:93} INFO - tmpkrg9_cgk
[2022-11-16T22:15:35.148+0000] {subprocess.py:93} INFO - tmpl13ymsfs
[2022-11-16T22:15:35.148+0000] {subprocess.py:93} INFO - tmplrbhl64b
[2022-11-16T22:15:35.148+0000] {subprocess.py:93} INFO - tmpn38ozedg
[2022-11-16T22:15:35.149+0000] {subprocess.py:93} INFO - tmpn96u_4ih
[2022-11-16T22:15:35.149+0000] {subprocess.py:93} INFO - tmpo3nf6k5c
[2022-11-16T22:15:35.149+0000] {subprocess.py:93} INFO - tmpoy_ljy8t
[2022-11-16T22:15:35.149+0000] {subprocess.py:93} INFO - tmpp4w9yq6x
[2022-11-16T22:15:35.150+0000] {subprocess.py:93} INFO - tmppfidxzjr
[2022-11-16T22:15:35.150+0000] {subprocess.py:93} INFO - tmpr681bhfw
[2022-11-16T22:15:35.150+0000] {subprocess.py:93} INFO - tmpr9102hwf
[2022-11-16T22:15:35.151+0000] {subprocess.py:93} INFO - tmpt4qo16oq
[2022-11-16T22:15:35.151+0000] {subprocess.py:93} INFO - tmptn832g5z
[2022-11-16T22:15:35.151+0000] {subprocess.py:93} INFO - tmpu9qbl0wh
[2022-11-16T22:15:35.151+0000] {subprocess.py:93} INFO - tmpuq8ywung
[2022-11-16T22:15:35.152+0000] {subprocess.py:93} INFO - tmpv606o9_9
[2022-11-16T22:15:35.152+0000] {subprocess.py:93} INFO - tmpxf7g1lc4
[2022-11-16T22:15:35.152+0000] {subprocess.py:93} INFO - tmpxktobcjf
[2022-11-16T22:15:35.153+0000] {subprocess.py:93} INFO - tmpz91iizm7
[2022-11-16T22:15:35.153+0000] {subprocess.py:93} INFO - head: cannot open '/tmp/platzi_data.csv' for reading: No such file or directory
[2022-11-16T22:15:35.153+0000] {subprocess.py:97} INFO - Command exited with return code 1
[2022-11-16T22:15:35.165+0000] {taskinstance.py:1851} ERROR - Task failed with exception
Traceback (most recent call last):
  File "/home/airflow/.local/lib/python3.7/site-packages/airflow/operators/bash.py", line 197, in execute
    f'Bash command failed. The command returned a non-zero exit code {result.exit_code}.'
airflow.exceptions.AirflowException: Bash command failed. The command returned a non-zero exit code 1.
[2022-11-16T22:15:35.171+0000] {taskinstance.py:1406} INFO - Marking task as FAILED. dag_id=MyPersonalAirflowProject, task_id=Print_Imported_data, execution_date=20221010T000000, start_date=20221116T221534, end_date=20221116T221535
[2022-11-16T22:15:35.186+0000] {standard_task_runner.py:105} ERROR - Failed to execute job 1499 for task Print_Imported_data (Bash command failed. The command returned a non-zero exit code 1.; 5115)
[2022-11-16T22:15:35.235+0000] {local_task_job.py:164} INFO - Task exited with return code 1
[2022-11-16T22:15:35.258+0000] {local_task_job.py:273} INFO - 0 downstream tasks scheduled from follow-on schedule check
[2022-11-17T16:29:01.805+0000] {taskinstance.py:1165} INFO - Dependencies all met for <TaskInstance: MyPersonalAirflowProject.Print_Imported_data scheduled__2022-10-10T00:00:00+00:00 [queued]>
[2022-11-17T16:29:01.818+0000] {taskinstance.py:1165} INFO - Dependencies all met for <TaskInstance: MyPersonalAirflowProject.Print_Imported_data scheduled__2022-10-10T00:00:00+00:00 [queued]>
[2022-11-17T16:29:01.819+0000] {taskinstance.py:1362} INFO - 
--------------------------------------------------------------------------------
[2022-11-17T16:29:01.819+0000] {taskinstance.py:1363} INFO - Starting attempt 1 of 1
[2022-11-17T16:29:01.820+0000] {taskinstance.py:1364} INFO - 
--------------------------------------------------------------------------------
[2022-11-17T16:29:01.835+0000] {taskinstance.py:1383} INFO - Executing <Task(BashOperator): Print_Imported_data> on 2022-10-10 00:00:00+00:00
[2022-11-17T16:29:01.841+0000] {standard_task_runner.py:55} INFO - Started process 3354 to run task
[2022-11-17T16:29:01.844+0000] {standard_task_runner.py:82} INFO - Running: ['***', 'tasks', 'run', 'MyPersonalAirflowProject', 'Print_Imported_data', 'scheduled__2022-10-10T00:00:00+00:00', '--job-id', '2101', '--raw', '--subdir', 'DAGS_FOLDER/FinalPersonalProject.py', '--cfg-path', '/tmp/tmpjjieegtp']
[2022-11-17T16:29:01.844+0000] {standard_task_runner.py:83} INFO - Job 2101: Subtask Print_Imported_data
[2022-11-17T16:29:01.906+0000] {task_command.py:376} INFO - Running <TaskInstance: MyPersonalAirflowProject.Print_Imported_data scheduled__2022-10-10T00:00:00+00:00 [running]> on host 638485efabe7
[2022-11-17T16:29:01.983+0000] {taskinstance.py:1592} INFO - Exporting the following env vars:
AIRFLOW_CTX_DAG_OWNER=***
AIRFLOW_CTX_DAG_ID=MyPersonalAirflowProject
AIRFLOW_CTX_TASK_ID=Print_Imported_data
AIRFLOW_CTX_EXECUTION_DATE=2022-10-10T00:00:00+00:00
AIRFLOW_CTX_TRY_NUMBER=1
AIRFLOW_CTX_DAG_RUN_ID=scheduled__2022-10-10T00:00:00+00:00
[2022-11-17T16:29:01.984+0000] {subprocess.py:63} INFO - Tmp dir root location: 
 /tmp
[2022-11-17T16:29:01.985+0000] {subprocess.py:75} INFO - Running command: ['/bin/bash', '-c', 'ls /tmp/ && head /tmp/platzi_data_20221010.csv']
[2022-11-17T16:29:01.996+0000] {subprocess.py:86} INFO - Output:
[2022-11-17T16:29:01.999+0000] {subprocess.py:93} INFO - ***tmpdwxo3l9j
[2022-11-17T16:29:02.000+0000] {subprocess.py:93} INFO - ***tmpk5xxq3nx
[2022-11-17T16:29:02.001+0000] {subprocess.py:93} INFO - ***tmplkvca7ip
[2022-11-17T16:29:02.001+0000] {subprocess.py:93} INFO - ***tmpodkacs8z
[2022-11-17T16:29:02.002+0000] {subprocess.py:93} INFO - file.txt
[2022-11-17T16:29:02.002+0000] {subprocess.py:93} INFO - history.json
[2022-11-17T16:29:02.002+0000] {subprocess.py:93} INFO - platzi_data_20221001.csv
[2022-11-17T16:29:02.003+0000] {subprocess.py:93} INFO - platzi_data_20221002.csv
[2022-11-17T16:29:02.003+0000] {subprocess.py:93} INFO - platzi_data_20221003.csv
[2022-11-17T16:29:02.004+0000] {subprocess.py:93} INFO - platzi_data_20221004.csv
[2022-11-17T16:29:02.004+0000] {subprocess.py:93} INFO - platzi_data_20221005.csv
[2022-11-17T16:29:02.004+0000] {subprocess.py:93} INFO - platzi_data_20221006.csv
[2022-11-17T16:29:02.005+0000] {subprocess.py:93} INFO - platzi_data_20221007.csv
[2022-11-17T16:29:02.005+0000] {subprocess.py:93} INFO - platzi_data_20221008.csv
[2022-11-17T16:29:02.005+0000] {subprocess.py:93} INFO - platzi_data_20221009.csv
[2022-11-17T16:29:02.005+0000] {subprocess.py:93} INFO - platzi_data_20221010.csv
[2022-11-17T16:29:02.006+0000] {subprocess.py:93} INFO - platzi_data_20221011.csv
[2022-11-17T16:29:02.006+0000] {subprocess.py:93} INFO - platzi_data_20221012.csv
[2022-11-17T16:29:02.006+0000] {subprocess.py:93} INFO - platzi_data_20221013.csv
[2022-11-17T16:29:02.007+0000] {subprocess.py:93} INFO - platzi_data_20221014.csv
[2022-11-17T16:29:02.007+0000] {subprocess.py:93} INFO - platzi_data_20221015.csv
[2022-11-17T16:29:02.007+0000] {subprocess.py:93} INFO - platzi_data_20221016.csv
[2022-11-17T16:29:02.007+0000] {subprocess.py:93} INFO - platzi_data_20221017.csv
[2022-11-17T16:29:02.008+0000] {subprocess.py:93} INFO - platzi_data_20221018.csv
[2022-11-17T16:29:02.008+0000] {subprocess.py:93} INFO - platzi_data_20221019.csv
[2022-11-17T16:29:02.008+0000] {subprocess.py:93} INFO - platzi_data_20221020.csv
[2022-11-17T16:29:02.009+0000] {subprocess.py:93} INFO - platzi_data_20221021.csv
[2022-11-17T16:29:02.009+0000] {subprocess.py:93} INFO - platzi_data_20221022.csv
[2022-11-17T16:29:02.009+0000] {subprocess.py:93} INFO - platzi_data_20221023.csv
[2022-11-17T16:29:02.010+0000] {subprocess.py:93} INFO - platzi_data_20221024.csv
[2022-11-17T16:29:02.010+0000] {subprocess.py:93} INFO - platzi_data_20221025.csv
[2022-11-17T16:29:02.010+0000] {subprocess.py:93} INFO - platzi_data_20221026.csv
[2022-11-17T16:29:02.010+0000] {subprocess.py:93} INFO - platzi_data_20221027.csv
[2022-11-17T16:29:02.011+0000] {subprocess.py:93} INFO - platzi_data_20221028.csv
[2022-11-17T16:29:02.011+0000] {subprocess.py:93} INFO - platzi_data_20221029.csv
[2022-11-17T16:29:02.011+0000] {subprocess.py:93} INFO - platzi_data_20221030.csv
[2022-11-17T16:29:02.011+0000] {subprocess.py:93} INFO - platzi_data_20221031.csv
[2022-11-17T16:29:02.012+0000] {subprocess.py:93} INFO - platzi_data_20221101.csv
[2022-11-17T16:29:02.012+0000] {subprocess.py:93} INFO - platzi_data_20221102.csv
[2022-11-17T16:29:02.012+0000] {subprocess.py:93} INFO - platzi_data_20221103.csv
[2022-11-17T16:29:02.013+0000] {subprocess.py:93} INFO - platzi_data_20221104.csv
[2022-11-17T16:29:02.013+0000] {subprocess.py:93} INFO - platzi_data_20221105.csv
[2022-11-17T16:29:02.013+0000] {subprocess.py:93} INFO - platzi_data_20221106.csv
[2022-11-17T16:29:02.014+0000] {subprocess.py:93} INFO - platzi_data_20221107.csv
[2022-11-17T16:29:02.014+0000] {subprocess.py:93} INFO - platzi_data_20221108.csv
[2022-11-17T16:29:02.014+0000] {subprocess.py:93} INFO - platzi_data_20221109.csv
[2022-11-17T16:29:02.014+0000] {subprocess.py:93} INFO - platzi_data_20221110.csv
[2022-11-17T16:29:02.015+0000] {subprocess.py:93} INFO - platzi_data_20221111.csv
[2022-11-17T16:29:02.015+0000] {subprocess.py:93} INFO - platzi_data_20221112.csv
[2022-11-17T16:29:02.015+0000] {subprocess.py:93} INFO - platzi_data_20221113.csv
[2022-11-17T16:29:02.015+0000] {subprocess.py:93} INFO - platzi_data_20221114.csv
[2022-11-17T16:29:02.016+0000] {subprocess.py:93} INFO - platzi_data_20221115.csv
[2022-11-17T16:29:02.016+0000] {subprocess.py:93} INFO - platzi_data_20221116.csv
[2022-11-17T16:29:02.016+0000] {subprocess.py:93} INFO - pymp-8yik9lbi
[2022-11-17T16:29:02.017+0000] {subprocess.py:93} INFO - pymp-sbqt6pho
[2022-11-17T16:29:02.017+0000] {subprocess.py:93} INFO - reponse_20221001.txt
[2022-11-17T16:29:02.017+0000] {subprocess.py:93} INFO - reponse_20221002.txt
[2022-11-17T16:29:02.018+0000] {subprocess.py:93} INFO - reponse_20221003.txt
[2022-11-17T16:29:02.018+0000] {subprocess.py:93} INFO - reponse_20221004.txt
[2022-11-17T16:29:02.018+0000] {subprocess.py:93} INFO - reponse_20221005.txt
[2022-11-17T16:29:02.018+0000] {subprocess.py:93} INFO - reponse_20221006.txt
[2022-11-17T16:29:02.019+0000] {subprocess.py:93} INFO - reponse_20221007.txt
[2022-11-17T16:29:02.019+0000] {subprocess.py:93} INFO - reponse_20221008.txt
[2022-11-17T16:29:02.019+0000] {subprocess.py:93} INFO - reponse_20221009.txt
[2022-11-17T16:29:02.019+0000] {subprocess.py:93} INFO - reponse_20221010.txt
[2022-11-17T16:29:02.020+0000] {subprocess.py:93} INFO - reponse_20221011.txt
[2022-11-17T16:29:02.020+0000] {subprocess.py:93} INFO - reponse_20221012.txt
[2022-11-17T16:29:02.020+0000] {subprocess.py:93} INFO - reponse_20221013.txt
[2022-11-17T16:29:02.021+0000] {subprocess.py:93} INFO - reponse_20221014.txt
[2022-11-17T16:29:02.021+0000] {subprocess.py:93} INFO - reponse_20221015.txt
[2022-11-17T16:29:02.021+0000] {subprocess.py:93} INFO - reponse_20221016.txt
[2022-11-17T16:29:02.021+0000] {subprocess.py:93} INFO - reponse_20221017.txt
[2022-11-17T16:29:02.022+0000] {subprocess.py:93} INFO - reponse_20221018.txt
[2022-11-17T16:29:02.022+0000] {subprocess.py:93} INFO - reponse_20221019.txt
[2022-11-17T16:29:02.022+0000] {subprocess.py:93} INFO - reponse_20221020.txt
[2022-11-17T16:29:02.023+0000] {subprocess.py:93} INFO - reponse_20221021.txt
[2022-11-17T16:29:02.023+0000] {subprocess.py:93} INFO - reponse_20221022.txt
[2022-11-17T16:29:02.023+0000] {subprocess.py:93} INFO - reponse_20221023.txt
[2022-11-17T16:29:02.023+0000] {subprocess.py:93} INFO - reponse_20221024.txt
[2022-11-17T16:29:02.024+0000] {subprocess.py:93} INFO - reponse_20221025.txt
[2022-11-17T16:29:02.024+0000] {subprocess.py:93} INFO - reponse_20221026.txt
[2022-11-17T16:29:02.024+0000] {subprocess.py:93} INFO - reponse_20221027.txt
[2022-11-17T16:29:02.025+0000] {subprocess.py:93} INFO - reponse_20221028.txt
[2022-11-17T16:29:02.025+0000] {subprocess.py:93} INFO - reponse_20221029.txt
[2022-11-17T16:29:02.025+0000] {subprocess.py:93} INFO - reponse_20221030.txt
[2022-11-17T16:29:02.025+0000] {subprocess.py:93} INFO - reponse_20221031.txt
[2022-11-17T16:29:02.026+0000] {subprocess.py:93} INFO - reponse_20221101.txt
[2022-11-17T16:29:02.026+0000] {subprocess.py:93} INFO - reponse_20221102.txt
[2022-11-17T16:29:02.026+0000] {subprocess.py:93} INFO - reponse_20221103.txt
[2022-11-17T16:29:02.026+0000] {subprocess.py:93} INFO - reponse_20221104.txt
[2022-11-17T16:29:02.027+0000] {subprocess.py:93} INFO - reponse_20221105.txt
[2022-11-17T16:29:02.027+0000] {subprocess.py:93} INFO - reponse_20221106.txt
[2022-11-17T16:29:02.027+0000] {subprocess.py:93} INFO - reponse_20221107.txt
[2022-11-17T16:29:02.028+0000] {subprocess.py:93} INFO - reponse_20221108.txt
[2022-11-17T16:29:02.028+0000] {subprocess.py:93} INFO - reponse_20221109.txt
[2022-11-17T16:29:02.028+0000] {subprocess.py:93} INFO - reponse_20221110.txt
[2022-11-17T16:29:02.028+0000] {subprocess.py:93} INFO - reponse_20221111.txt
[2022-11-17T16:29:02.029+0000] {subprocess.py:93} INFO - reponse_20221112.txt
[2022-11-17T16:29:02.029+0000] {subprocess.py:93} INFO - reponse_20221113.txt
[2022-11-17T16:29:02.029+0000] {subprocess.py:93} INFO - reponse_20221114.txt
[2022-11-17T16:29:02.030+0000] {subprocess.py:93} INFO - reponse_20221115.txt
[2022-11-17T16:29:02.030+0000] {subprocess.py:93} INFO - reponse_20221116.txt
[2022-11-17T16:29:02.030+0000] {subprocess.py:93} INFO - tmp061o5asr
[2022-11-17T16:29:02.030+0000] {subprocess.py:93} INFO - tmp1b_v374g
[2022-11-17T16:29:02.031+0000] {subprocess.py:93} INFO - tmp2n3y4qb3
[2022-11-17T16:29:02.031+0000] {subprocess.py:93} INFO - tmp2ztydtyd
[2022-11-17T16:29:02.031+0000] {subprocess.py:93} INFO - tmp546oqdk0
[2022-11-17T16:29:02.031+0000] {subprocess.py:93} INFO - tmp57roj99h
[2022-11-17T16:29:02.032+0000] {subprocess.py:93} INFO - tmp5lejojs5
[2022-11-17T16:29:02.032+0000] {subprocess.py:93} INFO - tmp5nj2onwa
[2022-11-17T16:29:02.032+0000] {subprocess.py:93} INFO - tmp64cxrvul
[2022-11-17T16:29:02.033+0000] {subprocess.py:93} INFO - tmp6g4l21c1
[2022-11-17T16:29:02.033+0000] {subprocess.py:93} INFO - tmp7c6bgots
[2022-11-17T16:29:02.033+0000] {subprocess.py:93} INFO - tmp7khebugo
[2022-11-17T16:29:02.033+0000] {subprocess.py:93} INFO - tmp7lvtz6wk
[2022-11-17T16:29:02.034+0000] {subprocess.py:93} INFO - tmp8_n1aj39
[2022-11-17T16:29:02.034+0000] {subprocess.py:93} INFO - tmp8c_dsk2e
[2022-11-17T16:29:02.034+0000] {subprocess.py:93} INFO - tmp928ntdt7
[2022-11-17T16:29:02.035+0000] {subprocess.py:93} INFO - tmp9503grtb
[2022-11-17T16:29:02.035+0000] {subprocess.py:93} INFO - tmp_afh1uos
[2022-11-17T16:29:02.035+0000] {subprocess.py:93} INFO - tmp_m6lsnw3
[2022-11-17T16:29:02.036+0000] {subprocess.py:93} INFO - tmp_vy6n6_q
[2022-11-17T16:29:02.036+0000] {subprocess.py:93} INFO - tmpcnj5oj8y
[2022-11-17T16:29:02.036+0000] {subprocess.py:93} INFO - tmpcu_pom_6
[2022-11-17T16:29:02.036+0000] {subprocess.py:93} INFO - tmpdmc2g1zb
[2022-11-17T16:29:02.037+0000] {subprocess.py:93} INFO - tmpe4k1ogev
[2022-11-17T16:29:02.037+0000] {subprocess.py:93} INFO - tmpg_n88zm7
[2022-11-17T16:29:02.037+0000] {subprocess.py:93} INFO - tmpgg8mkst1
[2022-11-17T16:29:02.037+0000] {subprocess.py:93} INFO - tmpgi8v82jx
[2022-11-17T16:29:02.038+0000] {subprocess.py:93} INFO - tmpiez6kail
[2022-11-17T16:29:02.038+0000] {subprocess.py:93} INFO - tmpj1n4wxza
[2022-11-17T16:29:02.038+0000] {subprocess.py:93} INFO - tmpjsznho2e
[2022-11-17T16:29:02.038+0000] {subprocess.py:93} INFO - tmpkrg9_cgk
[2022-11-17T16:29:02.039+0000] {subprocess.py:93} INFO - tmpl13ymsfs
[2022-11-17T16:29:02.039+0000] {subprocess.py:93} INFO - tmplrbhl64b
[2022-11-17T16:29:02.039+0000] {subprocess.py:93} INFO - tmpn38ozedg
[2022-11-17T16:29:02.040+0000] {subprocess.py:93} INFO - tmpn96u_4ih
[2022-11-17T16:29:02.040+0000] {subprocess.py:93} INFO - tmpo3nf6k5c
[2022-11-17T16:29:02.040+0000] {subprocess.py:93} INFO - tmpoy_ljy8t
[2022-11-17T16:29:02.040+0000] {subprocess.py:93} INFO - tmpp4w9yq6x
[2022-11-17T16:29:02.041+0000] {subprocess.py:93} INFO - tmppfidxzjr
[2022-11-17T16:29:02.041+0000] {subprocess.py:93} INFO - tmpr681bhfw
[2022-11-17T16:29:02.042+0000] {subprocess.py:93} INFO - tmpr9102hwf
[2022-11-17T16:29:02.042+0000] {subprocess.py:93} INFO - tmpt4qo16oq
[2022-11-17T16:29:02.042+0000] {subprocess.py:93} INFO - tmptn832g5z
[2022-11-17T16:29:02.042+0000] {subprocess.py:93} INFO - tmpu9qbl0wh
[2022-11-17T16:29:02.043+0000] {subprocess.py:93} INFO - tmpuq8ywung
[2022-11-17T16:29:02.043+0000] {subprocess.py:93} INFO - tmpv606o9_9
[2022-11-17T16:29:02.043+0000] {subprocess.py:93} INFO - tmpxf7g1lc4
[2022-11-17T16:29:02.044+0000] {subprocess.py:93} INFO - tmpxktobcjf
[2022-11-17T16:29:02.044+0000] {subprocess.py:93} INFO - tmpz91iizm7
[2022-11-17T16:29:02.044+0000] {subprocess.py:93} INFO - ,student,timestamp
[2022-11-17T16:29:02.044+0000] {subprocess.py:93} INFO - 0,Maria Cruz,2022-10-10 00:00:00+00:00
[2022-11-17T16:29:02.045+0000] {subprocess.py:93} INFO - 1,Daniel Crema,2022-10-10 00:00:00+00:00
[2022-11-17T16:29:02.045+0000] {subprocess.py:93} INFO - 2,Elon Musk,2022-10-10 00:00:00+00:00
[2022-11-17T16:29:02.045+0000] {subprocess.py:93} INFO - 3,Karol Castrejon,2022-10-10 00:00:00+00:00
[2022-11-17T16:29:02.046+0000] {subprocess.py:93} INFO - 4,Freddy Vega,2022-10-10 00:00:00+00:00
[2022-11-17T16:29:02.046+0000] {subprocess.py:93} INFO - 5,Freddy Montañez,2022-10-10 00:00:00+00:00
[2022-11-17T16:29:02.046+0000] {subprocess.py:97} INFO - Command exited with return code 0
[2022-11-17T16:29:02.071+0000] {taskinstance.py:1406} INFO - Marking task as SUCCESS. dag_id=MyPersonalAirflowProject, task_id=Print_Imported_data, execution_date=20221010T000000, start_date=20221117T162901, end_date=20221117T162902
[2022-11-17T16:29:02.096+0000] {local_task_job.py:164} INFO - Task exited with return code 0
[2022-11-17T16:29:02.123+0000] {local_task_job.py:273} INFO - 2 downstream tasks scheduled from follow-on schedule check
[2022-11-17T17:21:09.835+0000] {taskinstance.py:1165} INFO - Dependencies all met for <TaskInstance: MyPersonalAirflowProject.Print_Imported_data scheduled__2022-10-10T00:00:00+00:00 [queued]>
[2022-11-17T17:21:09.849+0000] {taskinstance.py:1165} INFO - Dependencies all met for <TaskInstance: MyPersonalAirflowProject.Print_Imported_data scheduled__2022-10-10T00:00:00+00:00 [queued]>
[2022-11-17T17:21:09.849+0000] {taskinstance.py:1362} INFO - 
--------------------------------------------------------------------------------
[2022-11-17T17:21:09.850+0000] {taskinstance.py:1363} INFO - Starting attempt 1 of 1
[2022-11-17T17:21:09.850+0000] {taskinstance.py:1364} INFO - 
--------------------------------------------------------------------------------
[2022-11-17T17:21:09.867+0000] {taskinstance.py:1383} INFO - Executing <Task(BashOperator): Print_Imported_data> on 2022-10-10 00:00:00+00:00
[2022-11-17T17:21:09.873+0000] {standard_task_runner.py:55} INFO - Started process 6997 to run task
[2022-11-17T17:21:09.877+0000] {standard_task_runner.py:82} INFO - Running: ['***', 'tasks', 'run', 'MyPersonalAirflowProject', 'Print_Imported_data', 'scheduled__2022-10-10T00:00:00+00:00', '--job-id', '2511', '--raw', '--subdir', 'DAGS_FOLDER/FinalPersonalProject.py', '--cfg-path', '/tmp/tmpzv07z6c9']
[2022-11-17T17:21:09.877+0000] {standard_task_runner.py:83} INFO - Job 2511: Subtask Print_Imported_data
[2022-11-17T17:21:09.946+0000] {task_command.py:376} INFO - Running <TaskInstance: MyPersonalAirflowProject.Print_Imported_data scheduled__2022-10-10T00:00:00+00:00 [running]> on host 638485efabe7
[2022-11-17T17:21:10.091+0000] {taskinstance.py:1592} INFO - Exporting the following env vars:
AIRFLOW_CTX_DAG_OWNER=***
AIRFLOW_CTX_DAG_ID=MyPersonalAirflowProject
AIRFLOW_CTX_TASK_ID=Print_Imported_data
AIRFLOW_CTX_EXECUTION_DATE=2022-10-10T00:00:00+00:00
AIRFLOW_CTX_TRY_NUMBER=1
AIRFLOW_CTX_DAG_RUN_ID=scheduled__2022-10-10T00:00:00+00:00
[2022-11-17T17:21:10.092+0000] {subprocess.py:63} INFO - Tmp dir root location: 
 /tmp
[2022-11-17T17:21:10.093+0000] {subprocess.py:75} INFO - Running command: ['/bin/bash', '-c', 'ls /tmp/ && head /tmp/platzi_data_20221010.csv']
[2022-11-17T17:21:10.104+0000] {subprocess.py:86} INFO - Output:
[2022-11-17T17:21:10.108+0000] {subprocess.py:93} INFO - ***tmp5bwgjwpd
[2022-11-17T17:21:10.109+0000] {subprocess.py:93} INFO - ***tmpk5xxq3nx
[2022-11-17T17:21:10.109+0000] {subprocess.py:93} INFO - ***tmplkvca7ip
[2022-11-17T17:21:10.110+0000] {subprocess.py:93} INFO - ***tmpodkacs8z
[2022-11-17T17:21:10.110+0000] {subprocess.py:93} INFO - file.txt
[2022-11-17T17:21:10.110+0000] {subprocess.py:93} INFO - history.json
[2022-11-17T17:21:10.111+0000] {subprocess.py:93} INFO - platzi_data_20221001.csv
[2022-11-17T17:21:10.111+0000] {subprocess.py:93} INFO - platzi_data_20221002.csv
[2022-11-17T17:21:10.111+0000] {subprocess.py:93} INFO - platzi_data_20221003.csv
[2022-11-17T17:21:10.112+0000] {subprocess.py:93} INFO - platzi_data_20221004.csv
[2022-11-17T17:21:10.112+0000] {subprocess.py:93} INFO - platzi_data_20221005.csv
[2022-11-17T17:21:10.113+0000] {subprocess.py:93} INFO - platzi_data_20221006.csv
[2022-11-17T17:21:10.113+0000] {subprocess.py:93} INFO - platzi_data_20221007.csv
[2022-11-17T17:21:10.113+0000] {subprocess.py:93} INFO - platzi_data_20221008.csv
[2022-11-17T17:21:10.113+0000] {subprocess.py:93} INFO - platzi_data_20221009.csv
[2022-11-17T17:21:10.114+0000] {subprocess.py:93} INFO - platzi_data_20221010.csv
[2022-11-17T17:21:10.114+0000] {subprocess.py:93} INFO - platzi_data_20221011.csv
[2022-11-17T17:21:10.115+0000] {subprocess.py:93} INFO - platzi_data_20221012.csv
[2022-11-17T17:21:10.115+0000] {subprocess.py:93} INFO - platzi_data_20221013.csv
[2022-11-17T17:21:10.115+0000] {subprocess.py:93} INFO - platzi_data_20221014.csv
[2022-11-17T17:21:10.116+0000] {subprocess.py:93} INFO - platzi_data_20221015.csv
[2022-11-17T17:21:10.116+0000] {subprocess.py:93} INFO - platzi_data_20221016.csv
[2022-11-17T17:21:10.116+0000] {subprocess.py:93} INFO - platzi_data_20221017.csv
[2022-11-17T17:21:10.117+0000] {subprocess.py:93} INFO - platzi_data_20221018.csv
[2022-11-17T17:21:10.117+0000] {subprocess.py:93} INFO - platzi_data_20221019.csv
[2022-11-17T17:21:10.117+0000] {subprocess.py:93} INFO - platzi_data_20221020.csv
[2022-11-17T17:21:10.118+0000] {subprocess.py:93} INFO - platzi_data_20221021.csv
[2022-11-17T17:21:10.118+0000] {subprocess.py:93} INFO - platzi_data_20221022.csv
[2022-11-17T17:21:10.118+0000] {subprocess.py:93} INFO - platzi_data_20221023.csv
[2022-11-17T17:21:10.119+0000] {subprocess.py:93} INFO - platzi_data_20221024.csv
[2022-11-17T17:21:10.119+0000] {subprocess.py:93} INFO - platzi_data_20221025.csv
[2022-11-17T17:21:10.119+0000] {subprocess.py:93} INFO - platzi_data_20221026.csv
[2022-11-17T17:21:10.120+0000] {subprocess.py:93} INFO - platzi_data_20221027.csv
[2022-11-17T17:21:10.120+0000] {subprocess.py:93} INFO - platzi_data_20221028.csv
[2022-11-17T17:21:10.120+0000] {subprocess.py:93} INFO - platzi_data_20221029.csv
[2022-11-17T17:21:10.120+0000] {subprocess.py:93} INFO - platzi_data_20221030.csv
[2022-11-17T17:21:10.121+0000] {subprocess.py:93} INFO - platzi_data_20221031.csv
[2022-11-17T17:21:10.121+0000] {subprocess.py:93} INFO - platzi_data_20221101.csv
[2022-11-17T17:21:10.121+0000] {subprocess.py:93} INFO - platzi_data_20221102.csv
[2022-11-17T17:21:10.121+0000] {subprocess.py:93} INFO - platzi_data_20221103.csv
[2022-11-17T17:21:10.122+0000] {subprocess.py:93} INFO - platzi_data_20221104.csv
[2022-11-17T17:21:10.122+0000] {subprocess.py:93} INFO - platzi_data_20221105.csv
[2022-11-17T17:21:10.122+0000] {subprocess.py:93} INFO - platzi_data_20221106.csv
[2022-11-17T17:21:10.122+0000] {subprocess.py:93} INFO - platzi_data_20221107.csv
[2022-11-17T17:21:10.123+0000] {subprocess.py:93} INFO - platzi_data_20221108.csv
[2022-11-17T17:21:10.123+0000] {subprocess.py:93} INFO - platzi_data_20221109.csv
[2022-11-17T17:21:10.123+0000] {subprocess.py:93} INFO - platzi_data_20221110.csv
[2022-11-17T17:21:10.124+0000] {subprocess.py:93} INFO - platzi_data_20221111.csv
[2022-11-17T17:21:10.124+0000] {subprocess.py:93} INFO - platzi_data_20221112.csv
[2022-11-17T17:21:10.124+0000] {subprocess.py:93} INFO - platzi_data_20221113.csv
[2022-11-17T17:21:10.125+0000] {subprocess.py:93} INFO - platzi_data_20221114.csv
[2022-11-17T17:21:10.125+0000] {subprocess.py:93} INFO - platzi_data_20221115.csv
[2022-11-17T17:21:10.125+0000] {subprocess.py:93} INFO - platzi_data_20221116.csv
[2022-11-17T17:21:10.125+0000] {subprocess.py:93} INFO - pymp-8yik9lbi
[2022-11-17T17:21:10.126+0000] {subprocess.py:93} INFO - pymp-sbqt6pho
[2022-11-17T17:21:10.126+0000] {subprocess.py:93} INFO - reponse_20221001.txt
[2022-11-17T17:21:10.126+0000] {subprocess.py:93} INFO - reponse_20221002.txt
[2022-11-17T17:21:10.126+0000] {subprocess.py:93} INFO - reponse_20221003.txt
[2022-11-17T17:21:10.127+0000] {subprocess.py:93} INFO - reponse_20221004.txt
[2022-11-17T17:21:10.127+0000] {subprocess.py:93} INFO - reponse_20221005.txt
[2022-11-17T17:21:10.127+0000] {subprocess.py:93} INFO - reponse_20221006.txt
[2022-11-17T17:21:10.128+0000] {subprocess.py:93} INFO - reponse_20221007.txt
[2022-11-17T17:21:10.128+0000] {subprocess.py:93} INFO - reponse_20221008.txt
[2022-11-17T17:21:10.128+0000] {subprocess.py:93} INFO - reponse_20221009.txt
[2022-11-17T17:21:10.128+0000] {subprocess.py:93} INFO - reponse_20221010.txt
[2022-11-17T17:21:10.129+0000] {subprocess.py:93} INFO - reponse_20221011.txt
[2022-11-17T17:21:10.129+0000] {subprocess.py:93} INFO - reponse_20221012.txt
[2022-11-17T17:21:10.129+0000] {subprocess.py:93} INFO - reponse_20221013.txt
[2022-11-17T17:21:10.129+0000] {subprocess.py:93} INFO - reponse_20221014.txt
[2022-11-17T17:21:10.130+0000] {subprocess.py:93} INFO - reponse_20221015.txt
[2022-11-17T17:21:10.130+0000] {subprocess.py:93} INFO - reponse_20221016.txt
[2022-11-17T17:21:10.130+0000] {subprocess.py:93} INFO - reponse_20221017.txt
[2022-11-17T17:21:10.131+0000] {subprocess.py:93} INFO - reponse_20221018.txt
[2022-11-17T17:21:10.131+0000] {subprocess.py:93} INFO - reponse_20221019.txt
[2022-11-17T17:21:10.131+0000] {subprocess.py:93} INFO - reponse_20221020.txt
[2022-11-17T17:21:10.131+0000] {subprocess.py:93} INFO - reponse_20221021.txt
[2022-11-17T17:21:10.132+0000] {subprocess.py:93} INFO - reponse_20221022.txt
[2022-11-17T17:21:10.132+0000] {subprocess.py:93} INFO - reponse_20221023.txt
[2022-11-17T17:21:10.132+0000] {subprocess.py:93} INFO - reponse_20221024.txt
[2022-11-17T17:21:10.132+0000] {subprocess.py:93} INFO - reponse_20221025.txt
[2022-11-17T17:21:10.133+0000] {subprocess.py:93} INFO - reponse_20221026.txt
[2022-11-17T17:21:10.133+0000] {subprocess.py:93} INFO - reponse_20221027.txt
[2022-11-17T17:21:10.133+0000] {subprocess.py:93} INFO - reponse_20221028.txt
[2022-11-17T17:21:10.134+0000] {subprocess.py:93} INFO - reponse_20221029.txt
[2022-11-17T17:21:10.134+0000] {subprocess.py:93} INFO - reponse_20221030.txt
[2022-11-17T17:21:10.134+0000] {subprocess.py:93} INFO - reponse_20221031.txt
[2022-11-17T17:21:10.134+0000] {subprocess.py:93} INFO - reponse_20221101.txt
[2022-11-17T17:21:10.135+0000] {subprocess.py:93} INFO - reponse_20221102.txt
[2022-11-17T17:21:10.135+0000] {subprocess.py:93} INFO - reponse_20221103.txt
[2022-11-17T17:21:10.135+0000] {subprocess.py:93} INFO - reponse_20221104.txt
[2022-11-17T17:21:10.136+0000] {subprocess.py:93} INFO - reponse_20221105.txt
[2022-11-17T17:21:10.136+0000] {subprocess.py:93} INFO - reponse_20221106.txt
[2022-11-17T17:21:10.136+0000] {subprocess.py:93} INFO - reponse_20221107.txt
[2022-11-17T17:21:10.137+0000] {subprocess.py:93} INFO - reponse_20221108.txt
[2022-11-17T17:21:10.137+0000] {subprocess.py:93} INFO - reponse_20221109.txt
[2022-11-17T17:21:10.137+0000] {subprocess.py:93} INFO - reponse_20221110.txt
[2022-11-17T17:21:10.137+0000] {subprocess.py:93} INFO - reponse_20221111.txt
[2022-11-17T17:21:10.138+0000] {subprocess.py:93} INFO - reponse_20221112.txt
[2022-11-17T17:21:10.138+0000] {subprocess.py:93} INFO - reponse_20221113.txt
[2022-11-17T17:21:10.138+0000] {subprocess.py:93} INFO - reponse_20221114.txt
[2022-11-17T17:21:10.138+0000] {subprocess.py:93} INFO - reponse_20221115.txt
[2022-11-17T17:21:10.139+0000] {subprocess.py:93} INFO - reponse_20221116.txt
[2022-11-17T17:21:10.139+0000] {subprocess.py:93} INFO - tmp061o5asr
[2022-11-17T17:21:10.139+0000] {subprocess.py:93} INFO - tmp1b_v374g
[2022-11-17T17:21:10.139+0000] {subprocess.py:93} INFO - tmp2n3y4qb3
[2022-11-17T17:21:10.140+0000] {subprocess.py:93} INFO - tmp2ztydtyd
[2022-11-17T17:21:10.140+0000] {subprocess.py:93} INFO - tmp546oqdk0
[2022-11-17T17:21:10.140+0000] {subprocess.py:93} INFO - tmp57roj99h
[2022-11-17T17:21:10.141+0000] {subprocess.py:93} INFO - tmp5lejojs5
[2022-11-17T17:21:10.141+0000] {subprocess.py:93} INFO - tmp5nj2onwa
[2022-11-17T17:21:10.141+0000] {subprocess.py:93} INFO - tmp64cxrvul
[2022-11-17T17:21:10.141+0000] {subprocess.py:93} INFO - tmp6g4l21c1
[2022-11-17T17:21:10.142+0000] {subprocess.py:93} INFO - tmp7c6bgots
[2022-11-17T17:21:10.142+0000] {subprocess.py:93} INFO - tmp7khebugo
[2022-11-17T17:21:10.142+0000] {subprocess.py:93} INFO - tmp7lvtz6wk
[2022-11-17T17:21:10.142+0000] {subprocess.py:93} INFO - tmp8_n1aj39
[2022-11-17T17:21:10.143+0000] {subprocess.py:93} INFO - tmp8c_dsk2e
[2022-11-17T17:21:10.143+0000] {subprocess.py:93} INFO - tmp928ntdt7
[2022-11-17T17:21:10.143+0000] {subprocess.py:93} INFO - tmp9503grtb
[2022-11-17T17:21:10.143+0000] {subprocess.py:93} INFO - tmp_afh1uos
[2022-11-17T17:21:10.144+0000] {subprocess.py:93} INFO - tmp_m6lsnw3
[2022-11-17T17:21:10.144+0000] {subprocess.py:93} INFO - tmp_vy6n6_q
[2022-11-17T17:21:10.144+0000] {subprocess.py:93} INFO - tmpcnj5oj8y
[2022-11-17T17:21:10.145+0000] {subprocess.py:93} INFO - tmpcu_pom_6
[2022-11-17T17:21:10.145+0000] {subprocess.py:93} INFO - tmpdmc2g1zb
[2022-11-17T17:21:10.145+0000] {subprocess.py:93} INFO - tmpe4k1ogev
[2022-11-17T17:21:10.145+0000] {subprocess.py:93} INFO - tmpg_n88zm7
[2022-11-17T17:21:10.146+0000] {subprocess.py:93} INFO - tmpgg8mkst1
[2022-11-17T17:21:10.146+0000] {subprocess.py:93} INFO - tmpgi8v82jx
[2022-11-17T17:21:10.146+0000] {subprocess.py:93} INFO - tmpiez6kail
[2022-11-17T17:21:10.147+0000] {subprocess.py:93} INFO - tmpj1n4wxza
[2022-11-17T17:21:10.147+0000] {subprocess.py:93} INFO - tmpjsznho2e
[2022-11-17T17:21:10.147+0000] {subprocess.py:93} INFO - tmpkrg9_cgk
[2022-11-17T17:21:10.147+0000] {subprocess.py:93} INFO - tmpl13ymsfs
[2022-11-17T17:21:10.148+0000] {subprocess.py:93} INFO - tmplrbhl64b
[2022-11-17T17:21:10.148+0000] {subprocess.py:93} INFO - tmpn38ozedg
[2022-11-17T17:21:10.148+0000] {subprocess.py:93} INFO - tmpn96u_4ih
[2022-11-17T17:21:10.148+0000] {subprocess.py:93} INFO - tmpo3nf6k5c
[2022-11-17T17:21:10.149+0000] {subprocess.py:93} INFO - tmpoy_ljy8t
[2022-11-17T17:21:10.149+0000] {subprocess.py:93} INFO - tmpp4w9yq6x
[2022-11-17T17:21:10.149+0000] {subprocess.py:93} INFO - tmppfidxzjr
[2022-11-17T17:21:10.149+0000] {subprocess.py:93} INFO - tmpr681bhfw
[2022-11-17T17:21:10.150+0000] {subprocess.py:93} INFO - tmpr9102hwf
[2022-11-17T17:21:10.150+0000] {subprocess.py:93} INFO - tmpt4qo16oq
[2022-11-17T17:21:10.150+0000] {subprocess.py:93} INFO - tmptn832g5z
[2022-11-17T17:21:10.151+0000] {subprocess.py:93} INFO - tmpu9qbl0wh
[2022-11-17T17:21:10.151+0000] {subprocess.py:93} INFO - tmpuq8ywung
[2022-11-17T17:21:10.151+0000] {subprocess.py:93} INFO - tmpv606o9_9
[2022-11-17T17:21:10.152+0000] {subprocess.py:93} INFO - tmpxf7g1lc4
[2022-11-17T17:21:10.152+0000] {subprocess.py:93} INFO - tmpxktobcjf
[2022-11-17T17:21:10.152+0000] {subprocess.py:93} INFO - tmpz91iizm7
[2022-11-17T17:21:10.152+0000] {subprocess.py:93} INFO - ,student,timestamp
[2022-11-17T17:21:10.153+0000] {subprocess.py:93} INFO - 0,Maria Cruz,2022-10-10 00:00:00+00:00
[2022-11-17T17:21:10.153+0000] {subprocess.py:93} INFO - 1,Daniel Crema,2022-10-10 00:00:00+00:00
[2022-11-17T17:21:10.153+0000] {subprocess.py:93} INFO - 2,Elon Musk,2022-10-10 00:00:00+00:00
[2022-11-17T17:21:10.154+0000] {subprocess.py:93} INFO - 3,Karol Castrejon,2022-10-10 00:00:00+00:00
[2022-11-17T17:21:10.154+0000] {subprocess.py:93} INFO - 4,Freddy Vega,2022-10-10 00:00:00+00:00
[2022-11-17T17:21:10.154+0000] {subprocess.py:93} INFO - 5,Freddy Montañez,2022-10-10 00:00:00+00:00
[2022-11-17T17:21:10.155+0000] {subprocess.py:97} INFO - Command exited with return code 0
[2022-11-17T17:21:10.183+0000] {taskinstance.py:1406} INFO - Marking task as SUCCESS. dag_id=MyPersonalAirflowProject, task_id=Print_Imported_data, execution_date=20221010T000000, start_date=20221117T172109, end_date=20221117T172110
[2022-11-17T17:21:10.210+0000] {local_task_job.py:164} INFO - Task exited with return code 0
[2022-11-17T17:21:10.237+0000] {local_task_job.py:273} INFO - 2 downstream tasks scheduled from follow-on schedule check
