[2022-11-16T21:02:52.605+0000] {taskinstance.py:1165} INFO - Dependencies all met for <TaskInstance: MyPersonalAirflowProject.nasa_verification_task scheduled__2022-10-27T00:00:00+00:00 [queued]>
[2022-11-16T21:02:52.618+0000] {taskinstance.py:1165} INFO - Dependencies all met for <TaskInstance: MyPersonalAirflowProject.nasa_verification_task scheduled__2022-10-27T00:00:00+00:00 [queued]>
[2022-11-16T21:02:52.618+0000] {taskinstance.py:1362} INFO - 
--------------------------------------------------------------------------------
[2022-11-16T21:02:52.619+0000] {taskinstance.py:1363} INFO - Starting attempt 1 of 1
[2022-11-16T21:02:52.620+0000] {taskinstance.py:1364} INFO - 
--------------------------------------------------------------------------------
[2022-11-16T21:02:52.640+0000] {taskinstance.py:1383} INFO - Executing <Task(BashOperator): nasa_verification_task> on 2022-10-27 00:00:00+00:00
[2022-11-16T21:02:52.647+0000] {standard_task_runner.py:55} INFO - Started process 1430 to run task
[2022-11-16T21:02:52.649+0000] {standard_task_runner.py:82} INFO - Running: ['***', 'tasks', 'run', 'MyPersonalAirflowProject', 'nasa_verification_task', 'scheduled__2022-10-27T00:00:00+00:00', '--job-id', '1304', '--raw', '--subdir', 'DAGS_FOLDER/FinalPersonalProject.py', '--cfg-path', '/tmp/tmp01hapo6l']
[2022-11-16T21:02:52.650+0000] {standard_task_runner.py:83} INFO - Job 1304: Subtask nasa_verification_task
[2022-11-16T21:02:52.719+0000] {task_command.py:376} INFO - Running <TaskInstance: MyPersonalAirflowProject.nasa_verification_task scheduled__2022-10-27T00:00:00+00:00 [running]> on host 638485efabe7
[2022-11-16T21:02:52.802+0000] {taskinstance.py:1592} INFO - Exporting the following env vars:
AIRFLOW_CTX_DAG_OWNER=***
AIRFLOW_CTX_DAG_ID=MyPersonalAirflowProject
AIRFLOW_CTX_TASK_ID=nasa_verification_task
AIRFLOW_CTX_EXECUTION_DATE=2022-10-27T00:00:00+00:00
AIRFLOW_CTX_TRY_NUMBER=1
AIRFLOW_CTX_DAG_RUN_ID=scheduled__2022-10-27T00:00:00+00:00
[2022-11-16T21:02:52.804+0000] {subprocess.py:63} INFO - Tmp dir root location: 
 /tmp
[2022-11-16T21:02:52.805+0000] {subprocess.py:75} INFO - Running command: ['/bin/bash', '-c', 'sleep 20 && echo ÖK"> /tmp/reponse_20221027.txt']
[2022-11-16T21:02:52.819+0000] {subprocess.py:86} INFO - Output:
[2022-11-16T21:02:52.821+0000] {subprocess.py:93} INFO - /bin/bash: -c: line 1: unexpected EOF while looking for matching `"'
[2022-11-16T21:02:52.821+0000] {subprocess.py:93} INFO - /bin/bash: -c: line 2: syntax error: unexpected end of file
[2022-11-16T21:02:52.822+0000] {subprocess.py:97} INFO - Command exited with return code 2
[2022-11-16T21:02:52.835+0000] {taskinstance.py:1851} ERROR - Task failed with exception
Traceback (most recent call last):
  File "/home/airflow/.local/lib/python3.7/site-packages/airflow/operators/bash.py", line 197, in execute
    f'Bash command failed. The command returned a non-zero exit code {result.exit_code}.'
airflow.exceptions.AirflowException: Bash command failed. The command returned a non-zero exit code 2.
[2022-11-16T21:02:52.840+0000] {taskinstance.py:1406} INFO - Marking task as FAILED. dag_id=MyPersonalAirflowProject, task_id=nasa_verification_task, execution_date=20221027T000000, start_date=20221116T210252, end_date=20221116T210252
[2022-11-16T21:02:52.855+0000] {standard_task_runner.py:105} ERROR - Failed to execute job 1304 for task nasa_verification_task (Bash command failed. The command returned a non-zero exit code 2.; 1430)
[2022-11-16T21:02:52.906+0000] {local_task_job.py:164} INFO - Task exited with return code 1
[2022-11-16T21:02:52.928+0000] {local_task_job.py:273} INFO - 0 downstream tasks scheduled from follow-on schedule check
[2022-11-16T22:25:59.210+0000] {taskinstance.py:1165} INFO - Dependencies all met for <TaskInstance: MyPersonalAirflowProject.nasa_verification_task scheduled__2022-10-27T00:00:00+00:00 [queued]>
[2022-11-16T22:25:59.231+0000] {taskinstance.py:1165} INFO - Dependencies all met for <TaskInstance: MyPersonalAirflowProject.nasa_verification_task scheduled__2022-10-27T00:00:00+00:00 [queued]>
[2022-11-16T22:25:59.232+0000] {taskinstance.py:1362} INFO - 
--------------------------------------------------------------------------------
[2022-11-16T22:25:59.233+0000] {taskinstance.py:1363} INFO - Starting attempt 1 of 1
[2022-11-16T22:25:59.234+0000] {taskinstance.py:1364} INFO - 
--------------------------------------------------------------------------------
[2022-11-16T22:25:59.262+0000] {taskinstance.py:1383} INFO - Executing <Task(BashOperator): nasa_verification_task> on 2022-10-27 00:00:00+00:00
[2022-11-16T22:25:59.274+0000] {standard_task_runner.py:55} INFO - Started process 5807 to run task
[2022-11-16T22:25:59.278+0000] {standard_task_runner.py:82} INFO - Running: ['***', 'tasks', 'run', 'MyPersonalAirflowProject', 'nasa_verification_task', 'scheduled__2022-10-27T00:00:00+00:00', '--job-id', '1596', '--raw', '--subdir', 'DAGS_FOLDER/FinalPersonalProject.py', '--cfg-path', '/tmp/tmpdgipplsd']
[2022-11-16T22:25:59.279+0000] {standard_task_runner.py:83} INFO - Job 1596: Subtask nasa_verification_task
[2022-11-16T22:25:59.359+0000] {task_command.py:376} INFO - Running <TaskInstance: MyPersonalAirflowProject.nasa_verification_task scheduled__2022-10-27T00:00:00+00:00 [running]> on host 638485efabe7
[2022-11-16T22:25:59.461+0000] {taskinstance.py:1592} INFO - Exporting the following env vars:
AIRFLOW_CTX_DAG_OWNER=***
AIRFLOW_CTX_DAG_ID=MyPersonalAirflowProject
AIRFLOW_CTX_TASK_ID=nasa_verification_task
AIRFLOW_CTX_EXECUTION_DATE=2022-10-27T00:00:00+00:00
AIRFLOW_CTX_TRY_NUMBER=1
AIRFLOW_CTX_DAG_RUN_ID=scheduled__2022-10-27T00:00:00+00:00
[2022-11-16T22:25:59.464+0000] {subprocess.py:63} INFO - Tmp dir root location: 
 /tmp
[2022-11-16T22:25:59.465+0000] {subprocess.py:75} INFO - Running command: ['/bin/bash', '-c', 'sleep 20 && echo "OK"> /tmp/reponse_20221027.txt']
[2022-11-16T22:25:59.484+0000] {subprocess.py:86} INFO - Output:
[2022-11-16T22:26:19.511+0000] {subprocess.py:97} INFO - Command exited with return code 0
[2022-11-16T22:26:19.551+0000] {taskinstance.py:1406} INFO - Marking task as SUCCESS. dag_id=MyPersonalAirflowProject, task_id=nasa_verification_task, execution_date=20221027T000000, start_date=20221116T222559, end_date=20221116T222619
[2022-11-16T22:26:19.609+0000] {local_task_job.py:164} INFO - Task exited with return code 0
[2022-11-16T22:26:19.646+0000] {local_task_job.py:273} INFO - 1 downstream tasks scheduled from follow-on schedule check
[2022-11-17T16:37:41.842+0000] {taskinstance.py:1165} INFO - Dependencies all met for <TaskInstance: MyPersonalAirflowProject.nasa_verification_task scheduled__2022-10-27T00:00:00+00:00 [queued]>
[2022-11-17T16:37:41.856+0000] {taskinstance.py:1165} INFO - Dependencies all met for <TaskInstance: MyPersonalAirflowProject.nasa_verification_task scheduled__2022-10-27T00:00:00+00:00 [queued]>
[2022-11-17T16:37:41.857+0000] {taskinstance.py:1362} INFO - 
--------------------------------------------------------------------------------
[2022-11-17T16:37:41.857+0000] {taskinstance.py:1363} INFO - Starting attempt 1 of 1
[2022-11-17T16:37:41.858+0000] {taskinstance.py:1364} INFO - 
--------------------------------------------------------------------------------
[2022-11-17T16:37:41.896+0000] {taskinstance.py:1383} INFO - Executing <Task(BashOperator): nasa_verification_task> on 2022-10-27 00:00:00+00:00
[2022-11-17T16:37:41.902+0000] {standard_task_runner.py:55} INFO - Started process 4145 to run task
[2022-11-17T16:37:41.905+0000] {standard_task_runner.py:82} INFO - Running: ['***', 'tasks', 'run', 'MyPersonalAirflowProject', 'nasa_verification_task', 'scheduled__2022-10-27T00:00:00+00:00', '--job-id', '2232', '--raw', '--subdir', 'DAGS_FOLDER/FinalPersonalProject.py', '--cfg-path', '/tmp/tmpwubllho1']
[2022-11-17T16:37:41.906+0000] {standard_task_runner.py:83} INFO - Job 2232: Subtask nasa_verification_task
[2022-11-17T16:37:41.990+0000] {task_command.py:376} INFO - Running <TaskInstance: MyPersonalAirflowProject.nasa_verification_task scheduled__2022-10-27T00:00:00+00:00 [running]> on host 638485efabe7
[2022-11-17T16:37:42.095+0000] {taskinstance.py:1592} INFO - Exporting the following env vars:
AIRFLOW_CTX_DAG_OWNER=***
AIRFLOW_CTX_DAG_ID=MyPersonalAirflowProject
AIRFLOW_CTX_TASK_ID=nasa_verification_task
AIRFLOW_CTX_EXECUTION_DATE=2022-10-27T00:00:00+00:00
AIRFLOW_CTX_TRY_NUMBER=1
AIRFLOW_CTX_DAG_RUN_ID=scheduled__2022-10-27T00:00:00+00:00
[2022-11-17T16:37:42.097+0000] {subprocess.py:63} INFO - Tmp dir root location: 
 /tmp
[2022-11-17T16:37:42.098+0000] {subprocess.py:75} INFO - Running command: ['/bin/bash', '-c', 'sleep 20 && echo "OK"> /tmp/reponse_20221027.txt']
[2022-11-17T16:37:42.112+0000] {subprocess.py:86} INFO - Output:
[2022-11-17T16:38:02.117+0000] {subprocess.py:97} INFO - Command exited with return code 0
[2022-11-17T16:38:02.450+0000] {taskinstance.py:1406} INFO - Marking task as SUCCESS. dag_id=MyPersonalAirflowProject, task_id=nasa_verification_task, execution_date=20221027T000000, start_date=20221117T163741, end_date=20221117T163802
[2022-11-17T16:38:02.669+0000] {local_task_job.py:164} INFO - Task exited with return code 0
[2022-11-17T16:38:03.243+0000] {local_task_job.py:273} INFO - 1 downstream tasks scheduled from follow-on schedule check
[2022-11-17T17:29:20.515+0000] {taskinstance.py:1165} INFO - Dependencies all met for <TaskInstance: MyPersonalAirflowProject.nasa_verification_task scheduled__2022-10-27T00:00:00+00:00 [queued]>
[2022-11-17T17:29:20.532+0000] {taskinstance.py:1165} INFO - Dependencies all met for <TaskInstance: MyPersonalAirflowProject.nasa_verification_task scheduled__2022-10-27T00:00:00+00:00 [queued]>
[2022-11-17T17:29:20.533+0000] {taskinstance.py:1362} INFO - 
--------------------------------------------------------------------------------
[2022-11-17T17:29:20.533+0000] {taskinstance.py:1363} INFO - Starting attempt 1 of 1
[2022-11-17T17:29:20.534+0000] {taskinstance.py:1364} INFO - 
--------------------------------------------------------------------------------
[2022-11-17T17:29:20.561+0000] {taskinstance.py:1383} INFO - Executing <Task(BashOperator): nasa_verification_task> on 2022-10-27 00:00:00+00:00
[2022-11-17T17:29:20.570+0000] {standard_task_runner.py:55} INFO - Started process 7787 to run task
[2022-11-17T17:29:20.573+0000] {standard_task_runner.py:82} INFO - Running: ['***', 'tasks', 'run', 'MyPersonalAirflowProject', 'nasa_verification_task', 'scheduled__2022-10-27T00:00:00+00:00', '--job-id', '2642', '--raw', '--subdir', 'DAGS_FOLDER/FinalPersonalProject.py', '--cfg-path', '/tmp/tmp4i2njsew']
[2022-11-17T17:29:20.574+0000] {standard_task_runner.py:83} INFO - Job 2642: Subtask nasa_verification_task
[2022-11-17T17:29:20.652+0000] {task_command.py:376} INFO - Running <TaskInstance: MyPersonalAirflowProject.nasa_verification_task scheduled__2022-10-27T00:00:00+00:00 [running]> on host 638485efabe7
[2022-11-17T17:29:20.739+0000] {taskinstance.py:1592} INFO - Exporting the following env vars:
AIRFLOW_CTX_DAG_OWNER=***
AIRFLOW_CTX_DAG_ID=MyPersonalAirflowProject
AIRFLOW_CTX_TASK_ID=nasa_verification_task
AIRFLOW_CTX_EXECUTION_DATE=2022-10-27T00:00:00+00:00
AIRFLOW_CTX_TRY_NUMBER=1
AIRFLOW_CTX_DAG_RUN_ID=scheduled__2022-10-27T00:00:00+00:00
[2022-11-17T17:29:20.740+0000] {subprocess.py:63} INFO - Tmp dir root location: 
 /tmp
[2022-11-17T17:29:20.742+0000] {subprocess.py:75} INFO - Running command: ['/bin/bash', '-c', 'sleep 20 && echo "OK"> /tmp/reponse_20221027.txt']
[2022-11-17T17:29:20.755+0000] {subprocess.py:86} INFO - Output:
[2022-11-17T17:29:40.762+0000] {subprocess.py:97} INFO - Command exited with return code 0
[2022-11-17T17:29:40.796+0000] {taskinstance.py:1406} INFO - Marking task as SUCCESS. dag_id=MyPersonalAirflowProject, task_id=nasa_verification_task, execution_date=20221027T000000, start_date=20221117T172920, end_date=20221117T172940
[2022-11-17T17:29:40.851+0000] {local_task_job.py:164} INFO - Task exited with return code 0
[2022-11-17T17:29:40.888+0000] {local_task_job.py:273} INFO - 1 downstream tasks scheduled from follow-on schedule check
