[2022-11-16T21:37:59.589+0000] {taskinstance.py:1165} INFO - Dependencies all met for <TaskInstance: MyPersonalAirflowProject.waiting_nasa_confirmation scheduled__2022-11-11T00:00:00+00:00 [queued]>
[2022-11-16T21:37:59.603+0000] {taskinstance.py:1165} INFO - Dependencies all met for <TaskInstance: MyPersonalAirflowProject.waiting_nasa_confirmation scheduled__2022-11-11T00:00:00+00:00 [queued]>
[2022-11-16T21:37:59.604+0000] {taskinstance.py:1362} INFO - 
--------------------------------------------------------------------------------
[2022-11-16T21:37:59.606+0000] {taskinstance.py:1363} INFO - Starting attempt 1 of 1
[2022-11-16T21:37:59.607+0000] {taskinstance.py:1364} INFO - 
--------------------------------------------------------------------------------
[2022-11-16T21:37:59.626+0000] {taskinstance.py:1383} INFO - Executing <Task(FileSensor): waiting_nasa_confirmation> on 2022-11-11 00:00:00+00:00
[2022-11-16T21:37:59.632+0000] {standard_task_runner.py:55} INFO - Started process 3343 to run task
[2022-11-16T21:37:59.635+0000] {standard_task_runner.py:82} INFO - Running: ['***', 'tasks', 'run', 'MyPersonalAirflowProject', 'waiting_nasa_confirmation', 'scheduled__2022-11-11T00:00:00+00:00', '--job-id', '1428', '--raw', '--subdir', 'DAGS_FOLDER/FinalPersonalProject.py', '--cfg-path', '/tmp/tmpvxrfu4nm']
[2022-11-16T21:37:59.635+0000] {standard_task_runner.py:83} INFO - Job 1428: Subtask waiting_nasa_confirmation
[2022-11-16T21:37:59.707+0000] {task_command.py:376} INFO - Running <TaskInstance: MyPersonalAirflowProject.waiting_nasa_confirmation scheduled__2022-11-11T00:00:00+00:00 [running]> on host 638485efabe7
[2022-11-16T21:37:59.791+0000] {taskinstance.py:1592} INFO - Exporting the following env vars:
AIRFLOW_CTX_DAG_OWNER=***
AIRFLOW_CTX_DAG_ID=MyPersonalAirflowProject
AIRFLOW_CTX_TASK_ID=waiting_nasa_confirmation
AIRFLOW_CTX_EXECUTION_DATE=2022-11-11T00:00:00+00:00
AIRFLOW_CTX_TRY_NUMBER=1
AIRFLOW_CTX_DAG_RUN_ID=scheduled__2022-11-11T00:00:00+00:00
[2022-11-16T21:37:59.802+0000] {base.py:71} INFO - Using connection ID 'fs_default' for task execution.
[2022-11-16T21:37:59.803+0000] {filesystem.py:58} INFO - Poking for file /tmp/reponse_20221111.txt
[2022-11-16T21:37:59.804+0000] {filesystem.py:63} INFO - Found File /tmp/reponse_20221111.txt last modified: 20221116213758
[2022-11-16T21:37:59.804+0000] {base.py:213} INFO - Success criteria met. Exiting.
[2022-11-16T21:37:59.815+0000] {taskinstance.py:1406} INFO - Marking task as SUCCESS. dag_id=MyPersonalAirflowProject, task_id=waiting_nasa_confirmation, execution_date=20221111T000000, start_date=20221116T213759, end_date=20221116T213759
[2022-11-16T21:37:59.888+0000] {local_task_job.py:164} INFO - Task exited with return code 0
[2022-11-16T21:37:59.925+0000] {local_task_job.py:273} INFO - 1 downstream tasks scheduled from follow-on schedule check
[2022-11-17T16:05:44.497+0000] {taskinstance.py:1165} INFO - Dependencies all met for <TaskInstance: MyPersonalAirflowProject.waiting_nasa_confirmation scheduled__2022-11-11T00:00:00+00:00 [queued]>
[2022-11-17T16:05:44.511+0000] {taskinstance.py:1165} INFO - Dependencies all met for <TaskInstance: MyPersonalAirflowProject.waiting_nasa_confirmation scheduled__2022-11-11T00:00:00+00:00 [queued]>
[2022-11-17T16:05:44.512+0000] {taskinstance.py:1362} INFO - 
--------------------------------------------------------------------------------
[2022-11-17T16:05:44.512+0000] {taskinstance.py:1363} INFO - Starting attempt 1 of 1
[2022-11-17T16:05:44.513+0000] {taskinstance.py:1364} INFO - 
--------------------------------------------------------------------------------
[2022-11-17T16:05:44.532+0000] {taskinstance.py:1383} INFO - Executing <Task(FileSensor): waiting_nasa_confirmation> on 2022-11-11 00:00:00+00:00
[2022-11-17T16:05:44.538+0000] {standard_task_runner.py:55} INFO - Started process 1909 to run task
[2022-11-17T16:05:44.541+0000] {standard_task_runner.py:82} INFO - Running: ['***', 'tasks', 'run', 'MyPersonalAirflowProject', 'waiting_nasa_confirmation', 'scheduled__2022-11-11T00:00:00+00:00', '--job-id', '1989', '--raw', '--subdir', 'DAGS_FOLDER/FinalPersonalProject.py', '--cfg-path', '/tmp/tmpe67wiq23']
[2022-11-17T16:05:44.542+0000] {standard_task_runner.py:83} INFO - Job 1989: Subtask waiting_nasa_confirmation
[2022-11-17T16:05:44.617+0000] {task_command.py:376} INFO - Running <TaskInstance: MyPersonalAirflowProject.waiting_nasa_confirmation scheduled__2022-11-11T00:00:00+00:00 [running]> on host 638485efabe7
[2022-11-17T16:05:44.709+0000] {taskinstance.py:1592} INFO - Exporting the following env vars:
AIRFLOW_CTX_DAG_OWNER=***
AIRFLOW_CTX_DAG_ID=MyPersonalAirflowProject
AIRFLOW_CTX_TASK_ID=waiting_nasa_confirmation
AIRFLOW_CTX_EXECUTION_DATE=2022-11-11T00:00:00+00:00
AIRFLOW_CTX_TRY_NUMBER=1
AIRFLOW_CTX_DAG_RUN_ID=scheduled__2022-11-11T00:00:00+00:00
[2022-11-17T16:05:44.719+0000] {base.py:71} INFO - Using connection ID 'fs_default' for task execution.
[2022-11-17T16:05:44.719+0000] {filesystem.py:58} INFO - Poking for file /tmp/reponse_20221111.txt
[2022-11-17T16:05:44.720+0000] {filesystem.py:63} INFO - Found File /tmp/reponse_20221111.txt last modified: 20221117160542
[2022-11-17T16:05:44.721+0000] {base.py:213} INFO - Success criteria met. Exiting.
[2022-11-17T16:05:44.734+0000] {taskinstance.py:1406} INFO - Marking task as SUCCESS. dag_id=MyPersonalAirflowProject, task_id=waiting_nasa_confirmation, execution_date=20221111T000000, start_date=20221117T160544, end_date=20221117T160544
[2022-11-17T16:05:44.794+0000] {local_task_job.py:164} INFO - Task exited with return code 0
[2022-11-17T16:05:44.844+0000] {local_task_job.py:273} INFO - 1 downstream tasks scheduled from follow-on schedule check
[2022-11-17T16:46:24.687+0000] {taskinstance.py:1165} INFO - Dependencies all met for <TaskInstance: MyPersonalAirflowProject.waiting_nasa_confirmation scheduled__2022-11-11T00:00:00+00:00 [queued]>
[2022-11-17T16:46:24.905+0000] {taskinstance.py:1165} INFO - Dependencies all met for <TaskInstance: MyPersonalAirflowProject.waiting_nasa_confirmation scheduled__2022-11-11T00:00:00+00:00 [queued]>
[2022-11-17T16:46:25.067+0000] {taskinstance.py:1362} INFO - 
--------------------------------------------------------------------------------
[2022-11-17T16:46:25.068+0000] {taskinstance.py:1363} INFO - Starting attempt 1 of 1
[2022-11-17T16:46:25.068+0000] {taskinstance.py:1364} INFO - 
--------------------------------------------------------------------------------
[2022-11-17T16:46:25.589+0000] {taskinstance.py:1383} INFO - Executing <Task(FileSensor): waiting_nasa_confirmation> on 2022-11-11 00:00:00+00:00
[2022-11-17T16:46:25.596+0000] {standard_task_runner.py:55} INFO - Started process 4925 to run task
[2022-11-17T16:46:25.599+0000] {standard_task_runner.py:82} INFO - Running: ['***', 'tasks', 'run', 'MyPersonalAirflowProject', 'waiting_nasa_confirmation', 'scheduled__2022-11-11T00:00:00+00:00', '--job-id', '2353', '--raw', '--subdir', 'DAGS_FOLDER/FinalPersonalProject.py', '--cfg-path', '/tmp/tmpbed0t_j0']
[2022-11-17T16:46:25.600+0000] {standard_task_runner.py:83} INFO - Job 2353: Subtask waiting_nasa_confirmation
[2022-11-17T16:46:26.863+0000] {task_command.py:376} INFO - Running <TaskInstance: MyPersonalAirflowProject.waiting_nasa_confirmation scheduled__2022-11-11T00:00:00+00:00 [running]> on host 638485efabe7
[2022-11-17T16:46:28.245+0000] {taskinstance.py:1592} INFO - Exporting the following env vars:
AIRFLOW_CTX_DAG_OWNER=***
AIRFLOW_CTX_DAG_ID=MyPersonalAirflowProject
AIRFLOW_CTX_TASK_ID=waiting_nasa_confirmation
AIRFLOW_CTX_EXECUTION_DATE=2022-11-11T00:00:00+00:00
AIRFLOW_CTX_TRY_NUMBER=1
AIRFLOW_CTX_DAG_RUN_ID=scheduled__2022-11-11T00:00:00+00:00
[2022-11-17T16:46:28.257+0000] {base.py:71} INFO - Using connection ID 'fs_default' for task execution.
[2022-11-17T16:46:28.258+0000] {filesystem.py:58} INFO - Poking for file /tmp/reponse_20221111.txt
[2022-11-17T16:46:28.258+0000] {filesystem.py:63} INFO - Found File /tmp/reponse_20221111.txt last modified: 20221117164616
[2022-11-17T16:46:28.259+0000] {base.py:213} INFO - Success criteria met. Exiting.
[2022-11-17T16:46:28.269+0000] {taskinstance.py:1406} INFO - Marking task as SUCCESS. dag_id=MyPersonalAirflowProject, task_id=waiting_nasa_confirmation, execution_date=20221111T000000, start_date=20221117T164624, end_date=20221117T164628
[2022-11-17T16:46:29.976+0000] {local_task_job.py:164} INFO - Task exited with return code 0
[2022-11-17T16:46:30.194+0000] {local_task_job.py:273} INFO - 0 downstream tasks scheduled from follow-on schedule check
[2022-11-17T17:37:12.087+0000] {taskinstance.py:1165} INFO - Dependencies all met for <TaskInstance: MyPersonalAirflowProject.waiting_nasa_confirmation scheduled__2022-11-11T00:00:00+00:00 [queued]>
[2022-11-17T17:37:12.099+0000] {taskinstance.py:1165} INFO - Dependencies all met for <TaskInstance: MyPersonalAirflowProject.waiting_nasa_confirmation scheduled__2022-11-11T00:00:00+00:00 [queued]>
[2022-11-17T17:37:12.100+0000] {taskinstance.py:1362} INFO - 
--------------------------------------------------------------------------------
[2022-11-17T17:37:12.100+0000] {taskinstance.py:1363} INFO - Starting attempt 1 of 1
[2022-11-17T17:37:12.101+0000] {taskinstance.py:1364} INFO - 
--------------------------------------------------------------------------------
[2022-11-17T17:37:12.121+0000] {taskinstance.py:1383} INFO - Executing <Task(FileSensor): waiting_nasa_confirmation> on 2022-11-11 00:00:00+00:00
[2022-11-17T17:37:12.127+0000] {standard_task_runner.py:55} INFO - Started process 8536 to run task
[2022-11-17T17:37:12.130+0000] {standard_task_runner.py:82} INFO - Running: ['***', 'tasks', 'run', 'MyPersonalAirflowProject', 'waiting_nasa_confirmation', 'scheduled__2022-11-11T00:00:00+00:00', '--job-id', '2763', '--raw', '--subdir', 'DAGS_FOLDER/FinalPersonalProject.py', '--cfg-path', '/tmp/tmp2n2es5fh']
[2022-11-17T17:37:12.131+0000] {standard_task_runner.py:83} INFO - Job 2763: Subtask waiting_nasa_confirmation
[2022-11-17T17:37:12.198+0000] {task_command.py:376} INFO - Running <TaskInstance: MyPersonalAirflowProject.waiting_nasa_confirmation scheduled__2022-11-11T00:00:00+00:00 [running]> on host 638485efabe7
[2022-11-17T17:37:12.279+0000] {taskinstance.py:1592} INFO - Exporting the following env vars:
AIRFLOW_CTX_DAG_OWNER=***
AIRFLOW_CTX_DAG_ID=MyPersonalAirflowProject
AIRFLOW_CTX_TASK_ID=waiting_nasa_confirmation
AIRFLOW_CTX_EXECUTION_DATE=2022-11-11T00:00:00+00:00
AIRFLOW_CTX_TRY_NUMBER=1
AIRFLOW_CTX_DAG_RUN_ID=scheduled__2022-11-11T00:00:00+00:00
[2022-11-17T17:37:12.288+0000] {base.py:71} INFO - Using connection ID 'fs_default' for task execution.
[2022-11-17T17:37:12.289+0000] {filesystem.py:58} INFO - Poking for file /tmp/reponse_20221111.txt
[2022-11-17T17:37:12.290+0000] {filesystem.py:63} INFO - Found File /tmp/reponse_20221111.txt last modified: 20221117173710
[2022-11-17T17:37:12.291+0000] {base.py:213} INFO - Success criteria met. Exiting.
[2022-11-17T17:37:12.301+0000] {taskinstance.py:1406} INFO - Marking task as SUCCESS. dag_id=MyPersonalAirflowProject, task_id=waiting_nasa_confirmation, execution_date=20221111T000000, start_date=20221117T173712, end_date=20221117T173712
[2022-11-17T17:37:12.343+0000] {local_task_job.py:164} INFO - Task exited with return code 0
[2022-11-17T17:37:12.385+0000] {local_task_job.py:273} INFO - 1 downstream tasks scheduled from follow-on schedule check
