[2022-11-16T22:32:46.943+0000] {taskinstance.py:1165} INFO - Dependencies all met for <TaskInstance: MyPersonalAirflowProject.SpaceX_data scheduled__2022-11-06T00:00:00+00:00 [queued]>
[2022-11-16T22:32:46.955+0000] {taskinstance.py:1165} INFO - Dependencies all met for <TaskInstance: MyPersonalAirflowProject.SpaceX_data scheduled__2022-11-06T00:00:00+00:00 [queued]>
[2022-11-16T22:32:46.956+0000] {taskinstance.py:1362} INFO - 
--------------------------------------------------------------------------------
[2022-11-16T22:32:46.957+0000] {taskinstance.py:1363} INFO - Starting attempt 1 of 1
[2022-11-16T22:32:46.957+0000] {taskinstance.py:1364} INFO - 
--------------------------------------------------------------------------------
[2022-11-16T22:32:46.973+0000] {taskinstance.py:1383} INFO - Executing <Task(BashOperator): SpaceX_data> on 2022-11-06 00:00:00+00:00
[2022-11-16T22:32:46.979+0000] {standard_task_runner.py:55} INFO - Started process 6251 to run task
[2022-11-16T22:32:46.982+0000] {standard_task_runner.py:82} INFO - Running: ['***', 'tasks', 'run', 'MyPersonalAirflowProject', 'SpaceX_data', 'scheduled__2022-11-06T00:00:00+00:00', '--job-id', '1659', '--raw', '--subdir', 'DAGS_FOLDER/FinalPersonalProject.py', '--cfg-path', '/tmp/tmpgxr6nceq']
[2022-11-16T22:32:46.983+0000] {standard_task_runner.py:83} INFO - Job 1659: Subtask SpaceX_data
[2022-11-16T22:32:47.048+0000] {task_command.py:376} INFO - Running <TaskInstance: MyPersonalAirflowProject.SpaceX_data scheduled__2022-11-06T00:00:00+00:00 [running]> on host 638485efabe7
[2022-11-16T22:32:47.126+0000] {taskinstance.py:1592} INFO - Exporting the following env vars:
AIRFLOW_CTX_DAG_OWNER=***
AIRFLOW_CTX_DAG_ID=MyPersonalAirflowProject
AIRFLOW_CTX_TASK_ID=SpaceX_data
AIRFLOW_CTX_EXECUTION_DATE=2022-11-06T00:00:00+00:00
AIRFLOW_CTX_TRY_NUMBER=1
AIRFLOW_CTX_DAG_RUN_ID=scheduled__2022-11-06T00:00:00+00:00
[2022-11-16T22:32:47.128+0000] {subprocess.py:63} INFO - Tmp dir root location: 
 /tmp
[2022-11-16T22:32:47.129+0000] {subprocess.py:75} INFO - Running command: ['/bin/bash', '-c', "curl -o /tmp/history.json -L 'https://api.spacexdata.com/v4/history'"]
[2022-11-16T22:32:47.140+0000] {subprocess.py:86} INFO - Output:
[2022-11-16T22:32:47.147+0000] {subprocess.py:93} INFO -   % Total    % Received % Xferd  Average Speed   Time    Time     Time  Current
[2022-11-16T22:32:47.148+0000] {subprocess.py:93} INFO -                                  Dload  Upload   Total   Spent    Left  Speed
[2022-11-16T22:32:47.422+0000] {subprocess.py:93} INFO -   0     0    0     0    0     0      0      0 --:--:-- --:--:-- --:--:--     0  0     0    0     0    0     0      0      0 --:--:-- --:--:-- --:--:--     0100  6756    0  6756    0     0  24656      0 --:--:-- --:--:-- --:--:-- 24567
[2022-11-16T22:32:47.424+0000] {subprocess.py:97} INFO - Command exited with return code 0
[2022-11-16T22:32:47.458+0000] {taskinstance.py:1406} INFO - Marking task as SUCCESS. dag_id=MyPersonalAirflowProject, task_id=SpaceX_data, execution_date=20221106T000000, start_date=20221116T223246, end_date=20221116T223247
[2022-11-16T22:32:47.525+0000] {local_task_job.py:164} INFO - Task exited with return code 0
[2022-11-16T22:32:47.562+0000] {local_task_job.py:273} INFO - 1 downstream tasks scheduled from follow-on schedule check
[2022-11-17T16:43:44.194+0000] {taskinstance.py:1165} INFO - Dependencies all met for <TaskInstance: MyPersonalAirflowProject.SpaceX_data scheduled__2022-11-06T00:00:00+00:00 [queued]>
[2022-11-17T16:43:44.239+0000] {taskinstance.py:1165} INFO - Dependencies all met for <TaskInstance: MyPersonalAirflowProject.SpaceX_data scheduled__2022-11-06T00:00:00+00:00 [queued]>
[2022-11-17T16:43:44.240+0000] {taskinstance.py:1362} INFO - 
--------------------------------------------------------------------------------
[2022-11-17T16:43:44.240+0000] {taskinstance.py:1363} INFO - Starting attempt 1 of 1
[2022-11-17T16:43:44.241+0000] {taskinstance.py:1364} INFO - 
--------------------------------------------------------------------------------
[2022-11-17T16:43:44.340+0000] {taskinstance.py:1383} INFO - Executing <Task(BashOperator): SpaceX_data> on 2022-11-06 00:00:00+00:00
[2022-11-17T16:43:44.345+0000] {standard_task_runner.py:55} INFO - Started process 4687 to run task
[2022-11-17T16:43:44.348+0000] {standard_task_runner.py:82} INFO - Running: ['***', 'tasks', 'run', 'MyPersonalAirflowProject', 'SpaceX_data', 'scheduled__2022-11-06T00:00:00+00:00', '--job-id', '2315', '--raw', '--subdir', 'DAGS_FOLDER/FinalPersonalProject.py', '--cfg-path', '/tmp/tmp0o78bev1']
[2022-11-17T16:43:44.349+0000] {standard_task_runner.py:83} INFO - Job 2315: Subtask SpaceX_data
[2022-11-17T16:43:44.556+0000] {task_command.py:376} INFO - Running <TaskInstance: MyPersonalAirflowProject.SpaceX_data scheduled__2022-11-06T00:00:00+00:00 [running]> on host 638485efabe7
[2022-11-17T16:43:44.745+0000] {taskinstance.py:1592} INFO - Exporting the following env vars:
AIRFLOW_CTX_DAG_OWNER=***
AIRFLOW_CTX_DAG_ID=MyPersonalAirflowProject
AIRFLOW_CTX_TASK_ID=SpaceX_data
AIRFLOW_CTX_EXECUTION_DATE=2022-11-06T00:00:00+00:00
AIRFLOW_CTX_TRY_NUMBER=1
AIRFLOW_CTX_DAG_RUN_ID=scheduled__2022-11-06T00:00:00+00:00
[2022-11-17T16:43:44.747+0000] {subprocess.py:63} INFO - Tmp dir root location: 
 /tmp
[2022-11-17T16:43:44.748+0000] {subprocess.py:75} INFO - Running command: ['/bin/bash', '-c', "curl -o /tmp/history.json -L 'https://api.spacexdata.com/v4/history'"]
[2022-11-17T16:43:44.763+0000] {subprocess.py:86} INFO - Output:
[2022-11-17T16:43:44.771+0000] {subprocess.py:93} INFO -   % Total    % Received % Xferd  Average Speed   Time    Time     Time  Current
[2022-11-17T16:43:44.772+0000] {subprocess.py:93} INFO -                                  Dload  Upload   Total   Spent    Left  Speed
[2022-11-17T16:43:44.958+0000] {subprocess.py:93} INFO -   0     0    0     0    0     0      0      0 --:--:-- --:--:-- --:--:--     0100  6756    0  6756    0     0  36128      0 --:--:-- --:--:-- --:--:-- 36128
[2022-11-17T16:43:44.961+0000] {subprocess.py:97} INFO - Command exited with return code 0
[2022-11-17T16:43:45.034+0000] {taskinstance.py:1406} INFO - Marking task as SUCCESS. dag_id=MyPersonalAirflowProject, task_id=SpaceX_data, execution_date=20221106T000000, start_date=20221117T164344, end_date=20221117T164345
[2022-11-17T16:43:45.085+0000] {local_task_job.py:164} INFO - Task exited with return code 0
[2022-11-17T16:43:45.118+0000] {local_task_job.py:273} INFO - 1 downstream tasks scheduled from follow-on schedule check
[2022-11-17T17:34:44.814+0000] {taskinstance.py:1165} INFO - Dependencies all met for <TaskInstance: MyPersonalAirflowProject.SpaceX_data scheduled__2022-11-06T00:00:00+00:00 [queued]>
[2022-11-17T17:34:44.828+0000] {taskinstance.py:1165} INFO - Dependencies all met for <TaskInstance: MyPersonalAirflowProject.SpaceX_data scheduled__2022-11-06T00:00:00+00:00 [queued]>
[2022-11-17T17:34:44.828+0000] {taskinstance.py:1362} INFO - 
--------------------------------------------------------------------------------
[2022-11-17T17:34:44.829+0000] {taskinstance.py:1363} INFO - Starting attempt 1 of 1
[2022-11-17T17:34:44.829+0000] {taskinstance.py:1364} INFO - 
--------------------------------------------------------------------------------
[2022-11-17T17:34:44.849+0000] {taskinstance.py:1383} INFO - Executing <Task(BashOperator): SpaceX_data> on 2022-11-06 00:00:00+00:00
[2022-11-17T17:34:44.856+0000] {standard_task_runner.py:55} INFO - Started process 8298 to run task
[2022-11-17T17:34:44.859+0000] {standard_task_runner.py:82} INFO - Running: ['***', 'tasks', 'run', 'MyPersonalAirflowProject', 'SpaceX_data', 'scheduled__2022-11-06T00:00:00+00:00', '--job-id', '2725', '--raw', '--subdir', 'DAGS_FOLDER/FinalPersonalProject.py', '--cfg-path', '/tmp/tmpyw0mj3pc']
[2022-11-17T17:34:44.860+0000] {standard_task_runner.py:83} INFO - Job 2725: Subtask SpaceX_data
[2022-11-17T17:34:44.939+0000] {task_command.py:376} INFO - Running <TaskInstance: MyPersonalAirflowProject.SpaceX_data scheduled__2022-11-06T00:00:00+00:00 [running]> on host 638485efabe7
[2022-11-17T17:34:45.036+0000] {taskinstance.py:1592} INFO - Exporting the following env vars:
AIRFLOW_CTX_DAG_OWNER=***
AIRFLOW_CTX_DAG_ID=MyPersonalAirflowProject
AIRFLOW_CTX_TASK_ID=SpaceX_data
AIRFLOW_CTX_EXECUTION_DATE=2022-11-06T00:00:00+00:00
AIRFLOW_CTX_TRY_NUMBER=1
AIRFLOW_CTX_DAG_RUN_ID=scheduled__2022-11-06T00:00:00+00:00
[2022-11-17T17:34:45.038+0000] {subprocess.py:63} INFO - Tmp dir root location: 
 /tmp
[2022-11-17T17:34:45.040+0000] {subprocess.py:75} INFO - Running command: ['/bin/bash', '-c', "curl -o /tmp/history.json -L 'https://api.spacexdata.com/v4/history'"]
[2022-11-17T17:34:45.052+0000] {subprocess.py:86} INFO - Output:
[2022-11-17T17:34:45.060+0000] {subprocess.py:93} INFO -   % Total    % Received % Xferd  Average Speed   Time    Time     Time  Current
[2022-11-17T17:34:45.061+0000] {subprocess.py:93} INFO -                                  Dload  Upload   Total   Spent    Left  Speed
[2022-11-17T17:34:45.244+0000] {subprocess.py:93} INFO -   0     0    0     0    0     0      0      0 --:--:-- --:--:-- --:--:--     0100  6756    0  6756    0     0  36717      0 --:--:-- --:--:-- --:--:-- 36518100  6756    0  6756    0     0  36717      0 --:--:-- --:--:-- --:--:-- 36518
[2022-11-17T17:34:45.247+0000] {subprocess.py:97} INFO - Command exited with return code 0
[2022-11-17T17:34:45.274+0000] {taskinstance.py:1406} INFO - Marking task as SUCCESS. dag_id=MyPersonalAirflowProject, task_id=SpaceX_data, execution_date=20221106T000000, start_date=20221117T173444, end_date=20221117T173445
[2022-11-17T17:34:45.314+0000] {local_task_job.py:164} INFO - Task exited with return code 0
[2022-11-17T17:34:45.348+0000] {local_task_job.py:273} INFO - 1 downstream tasks scheduled from follow-on schedule check
