[2022-11-17T16:41:13.253+0000] {taskinstance.py:1165} INFO - Dependencies all met for <TaskInstance: MyPersonalAirflowProject.Data_Team_Notification scheduled__2022-11-01T00:00:00+00:00 [queued]>
[2022-11-17T16:41:13.274+0000] {taskinstance.py:1165} INFO - Dependencies all met for <TaskInstance: MyPersonalAirflowProject.Data_Team_Notification scheduled__2022-11-01T00:00:00+00:00 [queued]>
[2022-11-17T16:41:13.275+0000] {taskinstance.py:1362} INFO - 
--------------------------------------------------------------------------------
[2022-11-17T16:41:13.276+0000] {taskinstance.py:1363} INFO - Starting attempt 1 of 1
[2022-11-17T16:41:13.277+0000] {taskinstance.py:1364} INFO - 
--------------------------------------------------------------------------------
[2022-11-17T16:41:13.299+0000] {taskinstance.py:1383} INFO - Executing <Task(NotifyOperator): Data_Team_Notification> on 2022-11-01 00:00:00+00:00
[2022-11-17T16:41:13.306+0000] {standard_task_runner.py:55} INFO - Started process 4457 to run task
[2022-11-17T16:41:13.309+0000] {standard_task_runner.py:82} INFO - Running: ['***', 'tasks', 'run', 'MyPersonalAirflowProject', 'Data_Team_Notification', 'scheduled__2022-11-01T00:00:00+00:00', '--job-id', '2279', '--raw', '--subdir', 'DAGS_FOLDER/FinalPersonalProject.py', '--cfg-path', '/tmp/tmp0s38mhha']
[2022-11-17T16:41:13.310+0000] {standard_task_runner.py:83} INFO - Job 2279: Subtask Data_Team_Notification
[2022-11-17T16:41:13.390+0000] {task_command.py:376} INFO - Running <TaskInstance: MyPersonalAirflowProject.Data_Team_Notification scheduled__2022-11-01T00:00:00+00:00 [running]> on host 638485efabe7
[2022-11-17T16:41:13.478+0000] {taskinstance.py:1592} INFO - Exporting the following env vars:
AIRFLOW_CTX_DAG_OWNER=***
AIRFLOW_CTX_DAG_ID=MyPersonalAirflowProject
AIRFLOW_CTX_TASK_ID=Data_Team_Notification
AIRFLOW_CTX_EXECUTION_DATE=2022-11-01T00:00:00+00:00
AIRFLOW_CTX_TRY_NUMBER=1
AIRFLOW_CTX_DAG_RUN_ID=scheduled__2022-11-01T00:00:00+00:00
[2022-11-17T16:41:13.479+0000] {logging_mixin.py:120} INFO - Hi Data team, Space X data for {ds} are now available!.. Please check them out!
[2022-11-17T16:41:13.490+0000] {taskinstance.py:1406} INFO - Marking task as SUCCESS. dag_id=MyPersonalAirflowProject, task_id=Data_Team_Notification, execution_date=20221101T000000, start_date=20221117T164113, end_date=20221117T164113
[2022-11-17T16:41:13.522+0000] {local_task_job.py:164} INFO - Task exited with return code 0
[2022-11-17T16:41:13.544+0000] {local_task_job.py:273} INFO - 0 downstream tasks scheduled from follow-on schedule check
[2022-11-17T17:32:16.397+0000] {taskinstance.py:1165} INFO - Dependencies all met for <TaskInstance: MyPersonalAirflowProject.Data_Team_Notification scheduled__2022-11-01T00:00:00+00:00 [queued]>
[2022-11-17T17:32:16.411+0000] {taskinstance.py:1165} INFO - Dependencies all met for <TaskInstance: MyPersonalAirflowProject.Data_Team_Notification scheduled__2022-11-01T00:00:00+00:00 [queued]>
[2022-11-17T17:32:16.412+0000] {taskinstance.py:1362} INFO - 
--------------------------------------------------------------------------------
[2022-11-17T17:32:16.412+0000] {taskinstance.py:1363} INFO - Starting attempt 1 of 1
[2022-11-17T17:32:16.412+0000] {taskinstance.py:1364} INFO - 
--------------------------------------------------------------------------------
[2022-11-17T17:32:16.437+0000] {taskinstance.py:1383} INFO - Executing <Task(NotifyOperator): Data_Team_Notification> on 2022-11-01 00:00:00+00:00
[2022-11-17T17:32:16.444+0000] {standard_task_runner.py:55} INFO - Started process 8069 to run task
[2022-11-17T17:32:16.447+0000] {standard_task_runner.py:82} INFO - Running: ['***', 'tasks', 'run', 'MyPersonalAirflowProject', 'Data_Team_Notification', 'scheduled__2022-11-01T00:00:00+00:00', '--job-id', '2688', '--raw', '--subdir', 'DAGS_FOLDER/FinalPersonalProject.py', '--cfg-path', '/tmp/tmpo25nxuv5']
[2022-11-17T17:32:16.448+0000] {standard_task_runner.py:83} INFO - Job 2688: Subtask Data_Team_Notification
[2022-11-17T17:32:16.514+0000] {task_command.py:376} INFO - Running <TaskInstance: MyPersonalAirflowProject.Data_Team_Notification scheduled__2022-11-01T00:00:00+00:00 [running]> on host 638485efabe7
[2022-11-17T17:32:16.592+0000] {taskinstance.py:1592} INFO - Exporting the following env vars:
AIRFLOW_CTX_DAG_OWNER=***
AIRFLOW_CTX_DAG_ID=MyPersonalAirflowProject
AIRFLOW_CTX_TASK_ID=Data_Team_Notification
AIRFLOW_CTX_EXECUTION_DATE=2022-11-01T00:00:00+00:00
AIRFLOW_CTX_TRY_NUMBER=1
AIRFLOW_CTX_DAG_RUN_ID=scheduled__2022-11-01T00:00:00+00:00
[2022-11-17T17:32:16.593+0000] {logging_mixin.py:120} INFO - Hi Data team, Space X data for 2022-11-17  are now available!.. Please check them out!
[2022-11-17T17:32:16.603+0000] {taskinstance.py:1406} INFO - Marking task as SUCCESS. dag_id=MyPersonalAirflowProject, task_id=Data_Team_Notification, execution_date=20221101T000000, start_date=20221117T173216, end_date=20221117T173216
[2022-11-17T17:32:16.661+0000] {local_task_job.py:164} INFO - Task exited with return code 0
[2022-11-17T17:32:16.688+0000] {local_task_job.py:273} INFO - 0 downstream tasks scheduled from follow-on schedule check
