[2022-11-16T21:35:13.231+0000] {taskinstance.py:1165} INFO - Dependencies all met for <TaskInstance: MyPersonalAirflowProject.end_task scheduled__2022-11-05T00:00:00+00:00 [queued]>
[2022-11-16T21:35:13.245+0000] {taskinstance.py:1165} INFO - Dependencies all met for <TaskInstance: MyPersonalAirflowProject.end_task scheduled__2022-11-05T00:00:00+00:00 [queued]>
[2022-11-16T21:35:13.246+0000] {taskinstance.py:1362} INFO - 
--------------------------------------------------------------------------------
[2022-11-16T21:35:13.248+0000] {taskinstance.py:1363} INFO - Starting attempt 1 of 1
[2022-11-16T21:35:13.248+0000] {taskinstance.py:1364} INFO - 
--------------------------------------------------------------------------------
[2022-11-16T21:35:13.267+0000] {taskinstance.py:1383} INFO - Executing <Task(BashOperator): end_task> on 2022-11-05 00:00:00+00:00
[2022-11-16T21:35:13.275+0000] {standard_task_runner.py:55} INFO - Started process 3183 to run task
[2022-11-16T21:35:13.278+0000] {standard_task_runner.py:82} INFO - Running: ['***', 'tasks', 'run', 'MyPersonalAirflowProject', 'end_task', 'scheduled__2022-11-05T00:00:00+00:00', '--job-id', '1411', '--raw', '--subdir', 'DAGS_FOLDER/FinalPersonalProject.py', '--cfg-path', '/tmp/tmpsnkl69it']
[2022-11-16T21:35:13.279+0000] {standard_task_runner.py:83} INFO - Job 1411: Subtask end_task
[2022-11-16T21:35:13.352+0000] {task_command.py:376} INFO - Running <TaskInstance: MyPersonalAirflowProject.end_task scheduled__2022-11-05T00:00:00+00:00 [running]> on host 638485efabe7
[2022-11-16T21:35:13.435+0000] {taskinstance.py:1592} INFO - Exporting the following env vars:
AIRFLOW_CTX_DAG_OWNER=***
AIRFLOW_CTX_DAG_ID=MyPersonalAirflowProject
AIRFLOW_CTX_TASK_ID=end_task
AIRFLOW_CTX_EXECUTION_DATE=2022-11-05T00:00:00+00:00
AIRFLOW_CTX_TRY_NUMBER=1
AIRFLOW_CTX_DAG_RUN_ID=scheduled__2022-11-05T00:00:00+00:00
[2022-11-16T21:35:13.436+0000] {subprocess.py:63} INFO - Tmp dir root location: 
 /tmp
[2022-11-16T21:35:13.437+0000] {subprocess.py:75} INFO - Running command: ['/bin/bash', '-c', 'echo "The file was created successfully"']
[2022-11-16T21:35:13.450+0000] {subprocess.py:86} INFO - Output:
[2022-11-16T21:35:13.452+0000] {subprocess.py:93} INFO - The file was created successfully
[2022-11-16T21:35:13.453+0000] {subprocess.py:97} INFO - Command exited with return code 0
[2022-11-16T21:35:13.483+0000] {taskinstance.py:1406} INFO - Marking task as SUCCESS. dag_id=MyPersonalAirflowProject, task_id=end_task, execution_date=20221105T000000, start_date=20221116T213513, end_date=20221116T213513
[2022-11-16T21:35:13.511+0000] {local_task_job.py:164} INFO - Task exited with return code 0
[2022-11-16T21:35:13.536+0000] {local_task_job.py:273} INFO - 0 downstream tasks scheduled from follow-on schedule check
[2022-11-16T22:32:12.577+0000] {taskinstance.py:1165} INFO - Dependencies all met for <TaskInstance: MyPersonalAirflowProject.end_task scheduled__2022-11-05T00:00:00+00:00 [queued]>
[2022-11-16T22:32:12.623+0000] {taskinstance.py:1165} INFO - Dependencies all met for <TaskInstance: MyPersonalAirflowProject.end_task scheduled__2022-11-05T00:00:00+00:00 [queued]>
[2022-11-16T22:32:12.624+0000] {taskinstance.py:1362} INFO - 
--------------------------------------------------------------------------------
[2022-11-16T22:32:12.625+0000] {taskinstance.py:1363} INFO - Starting attempt 1 of 1
[2022-11-16T22:32:12.625+0000] {taskinstance.py:1364} INFO - 
--------------------------------------------------------------------------------
[2022-11-16T22:32:12.650+0000] {taskinstance.py:1383} INFO - Executing <Task(BashOperator): end_task> on 2022-11-05 00:00:00+00:00
[2022-11-16T22:32:12.660+0000] {standard_task_runner.py:55} INFO - Started process 6208 to run task
[2022-11-16T22:32:12.664+0000] {standard_task_runner.py:82} INFO - Running: ['***', 'tasks', 'run', 'MyPersonalAirflowProject', 'end_task', 'scheduled__2022-11-05T00:00:00+00:00', '--job-id', '1652', '--raw', '--subdir', 'DAGS_FOLDER/FinalPersonalProject.py', '--cfg-path', '/tmp/tmpfrddlvej']
[2022-11-16T22:32:12.665+0000] {standard_task_runner.py:83} INFO - Job 1652: Subtask end_task
[2022-11-16T22:32:12.761+0000] {task_command.py:376} INFO - Running <TaskInstance: MyPersonalAirflowProject.end_task scheduled__2022-11-05T00:00:00+00:00 [running]> on host 638485efabe7
[2022-11-16T22:32:12.874+0000] {taskinstance.py:1592} INFO - Exporting the following env vars:
AIRFLOW_CTX_DAG_OWNER=***
AIRFLOW_CTX_DAG_ID=MyPersonalAirflowProject
AIRFLOW_CTX_TASK_ID=end_task
AIRFLOW_CTX_EXECUTION_DATE=2022-11-05T00:00:00+00:00
AIRFLOW_CTX_TRY_NUMBER=1
AIRFLOW_CTX_DAG_RUN_ID=scheduled__2022-11-05T00:00:00+00:00
[2022-11-16T22:32:12.876+0000] {subprocess.py:63} INFO - Tmp dir root location: 
 /tmp
[2022-11-16T22:32:12.878+0000] {subprocess.py:75} INFO - Running command: ['/bin/bash', '-c', 'echo "The Verification file was created successfully"']
[2022-11-16T22:32:12.895+0000] {subprocess.py:86} INFO - Output:
[2022-11-16T22:32:12.898+0000] {subprocess.py:93} INFO - The Verification file was created successfully
[2022-11-16T22:32:12.899+0000] {subprocess.py:97} INFO - Command exited with return code 0
[2022-11-16T22:32:12.957+0000] {taskinstance.py:1406} INFO - Marking task as SUCCESS. dag_id=MyPersonalAirflowProject, task_id=end_task, execution_date=20221105T000000, start_date=20221116T223212, end_date=20221116T223212
[2022-11-16T22:32:13.010+0000] {local_task_job.py:164} INFO - Task exited with return code 0
[2022-11-16T22:32:13.053+0000] {local_task_job.py:273} INFO - 1 downstream tasks scheduled from follow-on schedule check
