[2022-11-16T21:03:35.671+0000] {taskinstance.py:1165} INFO - Dependencies all met for <TaskInstance: MyPersonalAirflowProject.nasa_verification_task scheduled__2022-11-10T00:00:00+00:00 [queued]>
[2022-11-16T21:03:35.687+0000] {taskinstance.py:1165} INFO - Dependencies all met for <TaskInstance: MyPersonalAirflowProject.nasa_verification_task scheduled__2022-11-10T00:00:00+00:00 [queued]>
[2022-11-16T21:03:35.688+0000] {taskinstance.py:1362} INFO - 
--------------------------------------------------------------------------------
[2022-11-16T21:03:35.689+0000] {taskinstance.py:1363} INFO - Starting attempt 1 of 1
[2022-11-16T21:03:35.690+0000] {taskinstance.py:1364} INFO - 
--------------------------------------------------------------------------------
[2022-11-16T21:03:35.712+0000] {taskinstance.py:1383} INFO - Executing <Task(BashOperator): nasa_verification_task> on 2022-11-10 00:00:00+00:00
[2022-11-16T21:03:35.720+0000] {standard_task_runner.py:55} INFO - Started process 1499 to run task
[2022-11-16T21:03:35.723+0000] {standard_task_runner.py:82} INFO - Running: ['***', 'tasks', 'run', 'MyPersonalAirflowProject', 'nasa_verification_task', 'scheduled__2022-11-10T00:00:00+00:00', '--job-id', '1318', '--raw', '--subdir', 'DAGS_FOLDER/FinalPersonalProject.py', '--cfg-path', '/tmp/tmpbzyp73y7']
[2022-11-16T21:03:35.724+0000] {standard_task_runner.py:83} INFO - Job 1318: Subtask nasa_verification_task
[2022-11-16T21:03:35.801+0000] {task_command.py:376} INFO - Running <TaskInstance: MyPersonalAirflowProject.nasa_verification_task scheduled__2022-11-10T00:00:00+00:00 [running]> on host 638485efabe7
[2022-11-16T21:03:35.946+0000] {taskinstance.py:1592} INFO - Exporting the following env vars:
AIRFLOW_CTX_DAG_OWNER=***
AIRFLOW_CTX_DAG_ID=MyPersonalAirflowProject
AIRFLOW_CTX_TASK_ID=nasa_verification_task
AIRFLOW_CTX_EXECUTION_DATE=2022-11-10T00:00:00+00:00
AIRFLOW_CTX_TRY_NUMBER=1
AIRFLOW_CTX_DAG_RUN_ID=scheduled__2022-11-10T00:00:00+00:00
[2022-11-16T21:03:35.947+0000] {subprocess.py:63} INFO - Tmp dir root location: 
 /tmp
[2022-11-16T21:03:35.948+0000] {subprocess.py:75} INFO - Running command: ['/bin/bash', '-c', 'sleep 20 && echo ÖK"> /tmp/reponse_20221110.txt']
[2022-11-16T21:03:35.962+0000] {subprocess.py:86} INFO - Output:
[2022-11-16T21:03:35.963+0000] {subprocess.py:93} INFO - /bin/bash: -c: line 1: unexpected EOF while looking for matching `"'
[2022-11-16T21:03:35.964+0000] {subprocess.py:93} INFO - /bin/bash: -c: line 2: syntax error: unexpected end of file
[2022-11-16T21:03:35.965+0000] {subprocess.py:97} INFO - Command exited with return code 2
[2022-11-16T21:03:35.979+0000] {taskinstance.py:1851} ERROR - Task failed with exception
Traceback (most recent call last):
  File "/home/airflow/.local/lib/python3.7/site-packages/airflow/operators/bash.py", line 197, in execute
    f'Bash command failed. The command returned a non-zero exit code {result.exit_code}.'
airflow.exceptions.AirflowException: Bash command failed. The command returned a non-zero exit code 2.
[2022-11-16T21:03:35.983+0000] {taskinstance.py:1406} INFO - Marking task as FAILED. dag_id=MyPersonalAirflowProject, task_id=nasa_verification_task, execution_date=20221110T000000, start_date=20221116T210335, end_date=20221116T210335
[2022-11-16T21:03:36.002+0000] {standard_task_runner.py:105} ERROR - Failed to execute job 1318 for task nasa_verification_task (Bash command failed. The command returned a non-zero exit code 2.; 1499)
[2022-11-16T21:03:36.046+0000] {local_task_job.py:164} INFO - Task exited with return code 1
[2022-11-16T21:03:36.084+0000] {local_task_job.py:273} INFO - 0 downstream tasks scheduled from follow-on schedule check
[2022-11-17T16:04:53.669+0000] {taskinstance.py:1165} INFO - Dependencies all met for <TaskInstance: MyPersonalAirflowProject.nasa_verification_task scheduled__2022-11-10T00:00:00+00:00 [queued]>
[2022-11-17T16:04:53.682+0000] {taskinstance.py:1165} INFO - Dependencies all met for <TaskInstance: MyPersonalAirflowProject.nasa_verification_task scheduled__2022-11-10T00:00:00+00:00 [queued]>
[2022-11-17T16:04:53.683+0000] {taskinstance.py:1362} INFO - 
--------------------------------------------------------------------------------
[2022-11-17T16:04:53.683+0000] {taskinstance.py:1363} INFO - Starting attempt 1 of 1
[2022-11-17T16:04:53.684+0000] {taskinstance.py:1364} INFO - 
--------------------------------------------------------------------------------
[2022-11-17T16:04:53.707+0000] {taskinstance.py:1383} INFO - Executing <Task(BashOperator): nasa_verification_task> on 2022-11-10 00:00:00+00:00
[2022-11-17T16:04:53.715+0000] {standard_task_runner.py:55} INFO - Started process 1849 to run task
[2022-11-17T16:04:53.718+0000] {standard_task_runner.py:82} INFO - Running: ['***', 'tasks', 'run', 'MyPersonalAirflowProject', 'nasa_verification_task', 'scheduled__2022-11-10T00:00:00+00:00', '--job-id', '1982', '--raw', '--subdir', 'DAGS_FOLDER/FinalPersonalProject.py', '--cfg-path', '/tmp/tmp4yhg8yey']
[2022-11-17T16:04:53.719+0000] {standard_task_runner.py:83} INFO - Job 1982: Subtask nasa_verification_task
[2022-11-17T16:04:53.793+0000] {task_command.py:376} INFO - Running <TaskInstance: MyPersonalAirflowProject.nasa_verification_task scheduled__2022-11-10T00:00:00+00:00 [running]> on host 638485efabe7
[2022-11-17T16:04:53.891+0000] {taskinstance.py:1592} INFO - Exporting the following env vars:
AIRFLOW_CTX_DAG_OWNER=***
AIRFLOW_CTX_DAG_ID=MyPersonalAirflowProject
AIRFLOW_CTX_TASK_ID=nasa_verification_task
AIRFLOW_CTX_EXECUTION_DATE=2022-11-10T00:00:00+00:00
AIRFLOW_CTX_TRY_NUMBER=1
AIRFLOW_CTX_DAG_RUN_ID=scheduled__2022-11-10T00:00:00+00:00
[2022-11-17T16:04:53.893+0000] {subprocess.py:63} INFO - Tmp dir root location: 
 /tmp
[2022-11-17T16:04:53.895+0000] {subprocess.py:75} INFO - Running command: ['/bin/bash', '-c', 'sleep 20 && echo "OK"> /tmp/reponse_20221110.txt']
[2022-11-17T16:04:53.910+0000] {subprocess.py:86} INFO - Output:
[2022-11-17T16:05:13.918+0000] {subprocess.py:97} INFO - Command exited with return code 0
[2022-11-17T16:05:13.956+0000] {taskinstance.py:1406} INFO - Marking task as SUCCESS. dag_id=MyPersonalAirflowProject, task_id=nasa_verification_task, execution_date=20221110T000000, start_date=20221117T160453, end_date=20221117T160513
[2022-11-17T16:05:13.994+0000] {local_task_job.py:164} INFO - Task exited with return code 0
[2022-11-17T16:05:14.040+0000] {local_task_job.py:273} INFO - 1 downstream tasks scheduled from follow-on schedule check
[2022-11-17T16:45:21.879+0000] {taskinstance.py:1165} INFO - Dependencies all met for <TaskInstance: MyPersonalAirflowProject.nasa_verification_task scheduled__2022-11-10T00:00:00+00:00 [queued]>
[2022-11-17T16:45:21.893+0000] {taskinstance.py:1165} INFO - Dependencies all met for <TaskInstance: MyPersonalAirflowProject.nasa_verification_task scheduled__2022-11-10T00:00:00+00:00 [queued]>
[2022-11-17T16:45:21.894+0000] {taskinstance.py:1362} INFO - 
--------------------------------------------------------------------------------
[2022-11-17T16:45:21.894+0000] {taskinstance.py:1363} INFO - Starting attempt 1 of 1
[2022-11-17T16:45:21.895+0000] {taskinstance.py:1364} INFO - 
--------------------------------------------------------------------------------
[2022-11-17T16:45:21.911+0000] {taskinstance.py:1383} INFO - Executing <Task(BashOperator): nasa_verification_task> on 2022-11-10 00:00:00+00:00
[2022-11-17T16:45:21.917+0000] {standard_task_runner.py:55} INFO - Started process 4851 to run task
[2022-11-17T16:45:21.920+0000] {standard_task_runner.py:82} INFO - Running: ['***', 'tasks', 'run', 'MyPersonalAirflowProject', 'nasa_verification_task', 'scheduled__2022-11-10T00:00:00+00:00', '--job-id', '2344', '--raw', '--subdir', 'DAGS_FOLDER/FinalPersonalProject.py', '--cfg-path', '/tmp/tmplmitvr87']
[2022-11-17T16:45:21.921+0000] {standard_task_runner.py:83} INFO - Job 2344: Subtask nasa_verification_task
[2022-11-17T16:45:21.989+0000] {task_command.py:376} INFO - Running <TaskInstance: MyPersonalAirflowProject.nasa_verification_task scheduled__2022-11-10T00:00:00+00:00 [running]> on host 638485efabe7
[2022-11-17T16:45:22.067+0000] {taskinstance.py:1592} INFO - Exporting the following env vars:
AIRFLOW_CTX_DAG_OWNER=***
AIRFLOW_CTX_DAG_ID=MyPersonalAirflowProject
AIRFLOW_CTX_TASK_ID=nasa_verification_task
AIRFLOW_CTX_EXECUTION_DATE=2022-11-10T00:00:00+00:00
AIRFLOW_CTX_TRY_NUMBER=1
AIRFLOW_CTX_DAG_RUN_ID=scheduled__2022-11-10T00:00:00+00:00
[2022-11-17T16:45:22.069+0000] {subprocess.py:63} INFO - Tmp dir root location: 
 /tmp
[2022-11-17T16:45:22.069+0000] {subprocess.py:75} INFO - Running command: ['/bin/bash', '-c', 'sleep 20 && echo "OK"> /tmp/reponse_20221110.txt']
[2022-11-17T16:45:22.080+0000] {subprocess.py:86} INFO - Output:
[2022-11-17T16:45:42.085+0000] {subprocess.py:97} INFO - Command exited with return code 0
[2022-11-17T16:45:42.684+0000] {taskinstance.py:1406} INFO - Marking task as SUCCESS. dag_id=MyPersonalAirflowProject, task_id=nasa_verification_task, execution_date=20221110T000000, start_date=20221117T164521, end_date=20221117T164542
[2022-11-17T16:45:43.233+0000] {local_task_job.py:164} INFO - Task exited with return code 0
[2022-11-17T16:45:43.942+0000] {local_task_job.py:273} INFO - 1 downstream tasks scheduled from follow-on schedule check
[2022-11-17T17:36:21.560+0000] {taskinstance.py:1165} INFO - Dependencies all met for <TaskInstance: MyPersonalAirflowProject.nasa_verification_task scheduled__2022-11-10T00:00:00+00:00 [queued]>
[2022-11-17T17:36:21.573+0000] {taskinstance.py:1165} INFO - Dependencies all met for <TaskInstance: MyPersonalAirflowProject.nasa_verification_task scheduled__2022-11-10T00:00:00+00:00 [queued]>
[2022-11-17T17:36:21.574+0000] {taskinstance.py:1362} INFO - 
--------------------------------------------------------------------------------
[2022-11-17T17:36:21.574+0000] {taskinstance.py:1363} INFO - Starting attempt 1 of 1
[2022-11-17T17:36:21.575+0000] {taskinstance.py:1364} INFO - 
--------------------------------------------------------------------------------
[2022-11-17T17:36:21.591+0000] {taskinstance.py:1383} INFO - Executing <Task(BashOperator): nasa_verification_task> on 2022-11-10 00:00:00+00:00
[2022-11-17T17:36:21.596+0000] {standard_task_runner.py:55} INFO - Started process 8471 to run task
[2022-11-17T17:36:21.599+0000] {standard_task_runner.py:82} INFO - Running: ['***', 'tasks', 'run', 'MyPersonalAirflowProject', 'nasa_verification_task', 'scheduled__2022-11-10T00:00:00+00:00', '--job-id', '2754', '--raw', '--subdir', 'DAGS_FOLDER/FinalPersonalProject.py', '--cfg-path', '/tmp/tmprnu2xpdw']
[2022-11-17T17:36:21.599+0000] {standard_task_runner.py:83} INFO - Job 2754: Subtask nasa_verification_task
[2022-11-17T17:36:21.665+0000] {task_command.py:376} INFO - Running <TaskInstance: MyPersonalAirflowProject.nasa_verification_task scheduled__2022-11-10T00:00:00+00:00 [running]> on host 638485efabe7
[2022-11-17T17:36:21.744+0000] {taskinstance.py:1592} INFO - Exporting the following env vars:
AIRFLOW_CTX_DAG_OWNER=***
AIRFLOW_CTX_DAG_ID=MyPersonalAirflowProject
AIRFLOW_CTX_TASK_ID=nasa_verification_task
AIRFLOW_CTX_EXECUTION_DATE=2022-11-10T00:00:00+00:00
AIRFLOW_CTX_TRY_NUMBER=1
AIRFLOW_CTX_DAG_RUN_ID=scheduled__2022-11-10T00:00:00+00:00
[2022-11-17T17:36:21.745+0000] {subprocess.py:63} INFO - Tmp dir root location: 
 /tmp
[2022-11-17T17:36:21.746+0000] {subprocess.py:75} INFO - Running command: ['/bin/bash', '-c', 'sleep 20 && echo "OK"> /tmp/reponse_20221110.txt']
[2022-11-17T17:36:21.757+0000] {subprocess.py:86} INFO - Output:
[2022-11-17T17:36:41.762+0000] {subprocess.py:97} INFO - Command exited with return code 0
[2022-11-17T17:36:41.791+0000] {taskinstance.py:1406} INFO - Marking task as SUCCESS. dag_id=MyPersonalAirflowProject, task_id=nasa_verification_task, execution_date=20221110T000000, start_date=20221117T173621, end_date=20221117T173641
[2022-11-17T17:36:41.840+0000] {local_task_job.py:164} INFO - Task exited with return code 0
[2022-11-17T17:36:41.879+0000] {local_task_job.py:273} INFO - 1 downstream tasks scheduled from follow-on schedule check
