[2022-11-17T16:34:37.193+0000] {taskinstance.py:1165} INFO - Dependencies all met for <TaskInstance: MyPersonalAirflowProject.end_confirmation_from_nasa scheduled__2022-10-21T00:00:00+00:00 [queued]>
[2022-11-17T16:34:37.219+0000] {taskinstance.py:1165} INFO - Dependencies all met for <TaskInstance: MyPersonalAirflowProject.end_confirmation_from_nasa scheduled__2022-10-21T00:00:00+00:00 [queued]>
[2022-11-17T16:34:37.220+0000] {taskinstance.py:1362} INFO - 
--------------------------------------------------------------------------------
[2022-11-17T16:34:37.224+0000] {taskinstance.py:1363} INFO - Starting attempt 1 of 1
[2022-11-17T16:34:37.224+0000] {taskinstance.py:1364} INFO - 
--------------------------------------------------------------------------------
[2022-11-17T16:34:37.242+0000] {taskinstance.py:1383} INFO - Executing <Task(BashOperator): end_confirmation_from_nasa> on 2022-10-21 00:00:00+00:00
[2022-11-17T16:34:37.250+0000] {standard_task_runner.py:55} INFO - Started process 3865 to run task
[2022-11-17T16:34:37.253+0000] {standard_task_runner.py:82} INFO - Running: ['***', 'tasks', 'run', 'MyPersonalAirflowProject', 'end_confirmation_from_nasa', 'scheduled__2022-10-21T00:00:00+00:00', '--job-id', '2186', '--raw', '--subdir', 'DAGS_FOLDER/FinalPersonalProject.py', '--cfg-path', '/tmp/tmp2ou9b5c4']
[2022-11-17T16:34:37.254+0000] {standard_task_runner.py:83} INFO - Job 2186: Subtask end_confirmation_from_nasa
[2022-11-17T16:34:37.330+0000] {task_command.py:376} INFO - Running <TaskInstance: MyPersonalAirflowProject.end_confirmation_from_nasa scheduled__2022-10-21T00:00:00+00:00 [running]> on host 638485efabe7
[2022-11-17T16:34:37.427+0000] {taskinstance.py:1592} INFO - Exporting the following env vars:
AIRFLOW_CTX_DAG_OWNER=***
AIRFLOW_CTX_DAG_ID=MyPersonalAirflowProject
AIRFLOW_CTX_TASK_ID=end_confirmation_from_nasa
AIRFLOW_CTX_EXECUTION_DATE=2022-10-21T00:00:00+00:00
AIRFLOW_CTX_TRY_NUMBER=1
AIRFLOW_CTX_DAG_RUN_ID=scheduled__2022-10-21T00:00:00+00:00
[2022-11-17T16:34:37.429+0000] {subprocess.py:63} INFO - Tmp dir root location: 
 /tmp
[2022-11-17T16:34:37.430+0000] {subprocess.py:75} INFO - Running command: ['/bin/bash', '-c', 'echo "The Confirmation file was created successfully"']
[2022-11-17T16:34:37.444+0000] {subprocess.py:86} INFO - Output:
[2022-11-17T16:34:37.446+0000] {subprocess.py:93} INFO - The Confirmation file was created successfully
[2022-11-17T16:34:37.447+0000] {subprocess.py:97} INFO - Command exited with return code 0
[2022-11-17T16:34:37.483+0000] {taskinstance.py:1406} INFO - Marking task as SUCCESS. dag_id=MyPersonalAirflowProject, task_id=end_confirmation_from_nasa, execution_date=20221021T000000, start_date=20221117T163437, end_date=20221117T163437
[2022-11-17T16:34:37.546+0000] {local_task_job.py:164} INFO - Task exited with return code 0
[2022-11-17T16:34:37.588+0000] {local_task_job.py:273} INFO - 1 downstream tasks scheduled from follow-on schedule check
[2022-11-17T17:26:41.117+0000] {taskinstance.py:1165} INFO - Dependencies all met for <TaskInstance: MyPersonalAirflowProject.end_confirmation_from_nasa scheduled__2022-10-21T00:00:00+00:00 [queued]>
[2022-11-17T17:26:41.132+0000] {taskinstance.py:1165} INFO - Dependencies all met for <TaskInstance: MyPersonalAirflowProject.end_confirmation_from_nasa scheduled__2022-10-21T00:00:00+00:00 [queued]>
[2022-11-17T17:26:41.133+0000] {taskinstance.py:1362} INFO - 
--------------------------------------------------------------------------------
[2022-11-17T17:26:41.133+0000] {taskinstance.py:1363} INFO - Starting attempt 1 of 1
[2022-11-17T17:26:41.133+0000] {taskinstance.py:1364} INFO - 
--------------------------------------------------------------------------------
[2022-11-17T17:26:41.151+0000] {taskinstance.py:1383} INFO - Executing <Task(BashOperator): end_confirmation_from_nasa> on 2022-10-21 00:00:00+00:00
[2022-11-17T17:26:41.157+0000] {standard_task_runner.py:55} INFO - Started process 7516 to run task
[2022-11-17T17:26:41.159+0000] {standard_task_runner.py:82} INFO - Running: ['***', 'tasks', 'run', 'MyPersonalAirflowProject', 'end_confirmation_from_nasa', 'scheduled__2022-10-21T00:00:00+00:00', '--job-id', '2596', '--raw', '--subdir', 'DAGS_FOLDER/FinalPersonalProject.py', '--cfg-path', '/tmp/tmpcwlef25x']
[2022-11-17T17:26:41.160+0000] {standard_task_runner.py:83} INFO - Job 2596: Subtask end_confirmation_from_nasa
[2022-11-17T17:26:41.228+0000] {task_command.py:376} INFO - Running <TaskInstance: MyPersonalAirflowProject.end_confirmation_from_nasa scheduled__2022-10-21T00:00:00+00:00 [running]> on host 638485efabe7
[2022-11-17T17:26:41.304+0000] {taskinstance.py:1592} INFO - Exporting the following env vars:
AIRFLOW_CTX_DAG_OWNER=***
AIRFLOW_CTX_DAG_ID=MyPersonalAirflowProject
AIRFLOW_CTX_TASK_ID=end_confirmation_from_nasa
AIRFLOW_CTX_EXECUTION_DATE=2022-10-21T00:00:00+00:00
AIRFLOW_CTX_TRY_NUMBER=1
AIRFLOW_CTX_DAG_RUN_ID=scheduled__2022-10-21T00:00:00+00:00
[2022-11-17T17:26:41.305+0000] {subprocess.py:63} INFO - Tmp dir root location: 
 /tmp
[2022-11-17T17:26:41.306+0000] {subprocess.py:75} INFO - Running command: ['/bin/bash', '-c', 'echo "The Confirmation file was created successfully"']
[2022-11-17T17:26:41.316+0000] {subprocess.py:86} INFO - Output:
[2022-11-17T17:26:41.318+0000] {subprocess.py:93} INFO - The Confirmation file was created successfully
[2022-11-17T17:26:41.319+0000] {subprocess.py:97} INFO - Command exited with return code 0
[2022-11-17T17:26:41.347+0000] {taskinstance.py:1406} INFO - Marking task as SUCCESS. dag_id=MyPersonalAirflowProject, task_id=end_confirmation_from_nasa, execution_date=20221021T000000, start_date=20221117T172641, end_date=20221117T172641
[2022-11-17T17:26:41.372+0000] {local_task_job.py:164} INFO - Task exited with return code 0
[2022-11-17T17:26:41.408+0000] {local_task_job.py:273} INFO - 1 downstream tasks scheduled from follow-on schedule check
