[2022-11-16T22:18:08.965+0000] {taskinstance.py:1165} INFO - Dependencies all met for <TaskInstance: MyPersonalAirflowProject.SpaceX_data scheduled__2022-10-15T00:00:00+00:00 [queued]>
[2022-11-16T22:18:08.980+0000] {taskinstance.py:1165} INFO - Dependencies all met for <TaskInstance: MyPersonalAirflowProject.SpaceX_data scheduled__2022-10-15T00:00:00+00:00 [queued]>
[2022-11-16T22:18:08.981+0000] {taskinstance.py:1362} INFO - 
--------------------------------------------------------------------------------
[2022-11-16T22:18:08.983+0000] {taskinstance.py:1363} INFO - Starting attempt 1 of 1
[2022-11-16T22:18:08.983+0000] {taskinstance.py:1364} INFO - 
--------------------------------------------------------------------------------
[2022-11-16T22:18:09.006+0000] {taskinstance.py:1383} INFO - Executing <Task(BashOperator): SpaceX_data> on 2022-10-15 00:00:00+00:00
[2022-11-16T22:18:09.013+0000] {standard_task_runner.py:55} INFO - Started process 5316 to run task
[2022-11-16T22:18:09.016+0000] {standard_task_runner.py:82} INFO - Running: ['***', 'tasks', 'run', 'MyPersonalAirflowProject', 'SpaceX_data', 'scheduled__2022-10-15T00:00:00+00:00', '--job-id', '1527', '--raw', '--subdir', 'DAGS_FOLDER/FinalPersonalProject.py', '--cfg-path', '/tmp/tmpnc8hs41_']
[2022-11-16T22:18:09.017+0000] {standard_task_runner.py:83} INFO - Job 1527: Subtask SpaceX_data
[2022-11-16T22:18:09.090+0000] {task_command.py:376} INFO - Running <TaskInstance: MyPersonalAirflowProject.SpaceX_data scheduled__2022-10-15T00:00:00+00:00 [running]> on host 638485efabe7
[2022-11-16T22:18:09.173+0000] {taskinstance.py:1592} INFO - Exporting the following env vars:
AIRFLOW_CTX_DAG_OWNER=***
AIRFLOW_CTX_DAG_ID=MyPersonalAirflowProject
AIRFLOW_CTX_TASK_ID=SpaceX_data
AIRFLOW_CTX_EXECUTION_DATE=2022-10-15T00:00:00+00:00
AIRFLOW_CTX_TRY_NUMBER=1
AIRFLOW_CTX_DAG_RUN_ID=scheduled__2022-10-15T00:00:00+00:00
[2022-11-16T22:18:09.175+0000] {subprocess.py:63} INFO - Tmp dir root location: 
 /tmp
[2022-11-16T22:18:09.176+0000] {subprocess.py:75} INFO - Running command: ['/bin/bash', '-c', "curl -o /tmp/history.json -L 'https://api.spacexdata.com/v4/history'"]
[2022-11-16T22:18:09.188+0000] {subprocess.py:86} INFO - Output:
[2022-11-16T22:18:09.196+0000] {subprocess.py:93} INFO -   % Total    % Received % Xferd  Average Speed   Time    Time     Time  Current
[2022-11-16T22:18:09.197+0000] {subprocess.py:93} INFO -                                  Dload  Upload   Total   Spent    Left  Speed
[2022-11-16T22:18:09.497+0000] {subprocess.py:93} INFO -   0     0    0     0    0     0      0      0 --:--:-- --:--:-- --:--:--     0100  6756    0  6756    0     0  22520      0 --:--:-- --:--:-- --:--:-- 22520
[2022-11-16T22:18:09.500+0000] {subprocess.py:97} INFO - Command exited with return code 0
[2022-11-16T22:18:09.543+0000] {taskinstance.py:1406} INFO - Marking task as SUCCESS. dag_id=MyPersonalAirflowProject, task_id=SpaceX_data, execution_date=20221015T000000, start_date=20221116T221808, end_date=20221116T221809
[2022-11-16T22:18:09.568+0000] {local_task_job.py:164} INFO - Task exited with return code 0
[2022-11-16T22:18:09.612+0000] {local_task_job.py:273} INFO - 1 downstream tasks scheduled from follow-on schedule check
[2022-11-17T16:31:29.046+0000] {taskinstance.py:1165} INFO - Dependencies all met for <TaskInstance: MyPersonalAirflowProject.SpaceX_data scheduled__2022-10-15T00:00:00+00:00 [queued]>
[2022-11-17T16:31:29.059+0000] {taskinstance.py:1165} INFO - Dependencies all met for <TaskInstance: MyPersonalAirflowProject.SpaceX_data scheduled__2022-10-15T00:00:00+00:00 [queued]>
[2022-11-17T16:31:29.060+0000] {taskinstance.py:1362} INFO - 
--------------------------------------------------------------------------------
[2022-11-17T16:31:29.060+0000] {taskinstance.py:1363} INFO - Starting attempt 1 of 1
[2022-11-17T16:31:29.060+0000] {taskinstance.py:1364} INFO - 
--------------------------------------------------------------------------------
[2022-11-17T16:31:29.076+0000] {taskinstance.py:1383} INFO - Executing <Task(BashOperator): SpaceX_data> on 2022-10-15 00:00:00+00:00
[2022-11-17T16:31:29.082+0000] {standard_task_runner.py:55} INFO - Started process 3589 to run task
[2022-11-17T16:31:29.084+0000] {standard_task_runner.py:82} INFO - Running: ['***', 'tasks', 'run', 'MyPersonalAirflowProject', 'SpaceX_data', 'scheduled__2022-10-15T00:00:00+00:00', '--job-id', '2139', '--raw', '--subdir', 'DAGS_FOLDER/FinalPersonalProject.py', '--cfg-path', '/tmp/tmpk6f2ihe9']
[2022-11-17T16:31:29.085+0000] {standard_task_runner.py:83} INFO - Job 2139: Subtask SpaceX_data
[2022-11-17T16:31:29.150+0000] {task_command.py:376} INFO - Running <TaskInstance: MyPersonalAirflowProject.SpaceX_data scheduled__2022-10-15T00:00:00+00:00 [running]> on host 638485efabe7
[2022-11-17T16:31:29.230+0000] {taskinstance.py:1592} INFO - Exporting the following env vars:
AIRFLOW_CTX_DAG_OWNER=***
AIRFLOW_CTX_DAG_ID=MyPersonalAirflowProject
AIRFLOW_CTX_TASK_ID=SpaceX_data
AIRFLOW_CTX_EXECUTION_DATE=2022-10-15T00:00:00+00:00
AIRFLOW_CTX_TRY_NUMBER=1
AIRFLOW_CTX_DAG_RUN_ID=scheduled__2022-10-15T00:00:00+00:00
[2022-11-17T16:31:29.231+0000] {subprocess.py:63} INFO - Tmp dir root location: 
 /tmp
[2022-11-17T16:31:29.233+0000] {subprocess.py:75} INFO - Running command: ['/bin/bash', '-c', "curl -o /tmp/history.json -L 'https://api.spacexdata.com/v4/history'"]
[2022-11-17T16:31:29.243+0000] {subprocess.py:86} INFO - Output:
[2022-11-17T16:31:29.251+0000] {subprocess.py:93} INFO -   % Total    % Received % Xferd  Average Speed   Time    Time     Time  Current
[2022-11-17T16:31:29.252+0000] {subprocess.py:93} INFO -                                  Dload  Upload   Total   Spent    Left  Speed
[2022-11-17T16:31:29.750+0000] {subprocess.py:93} INFO -   0     0    0     0    0     0      0      0 --:--:-- --:--:-- --:--:--     0100  6756    0  6756    0     0  13539      0 --:--:-- --:--:-- --:--:-- 13539
[2022-11-17T16:31:29.753+0000] {subprocess.py:97} INFO - Command exited with return code 0
[2022-11-17T16:31:29.781+0000] {taskinstance.py:1406} INFO - Marking task as SUCCESS. dag_id=MyPersonalAirflowProject, task_id=SpaceX_data, execution_date=20221015T000000, start_date=20221117T163129, end_date=20221117T163129
[2022-11-17T16:31:29.821+0000] {local_task_job.py:164} INFO - Task exited with return code 0
[2022-11-17T16:31:29.864+0000] {local_task_job.py:273} INFO - 1 downstream tasks scheduled from follow-on schedule check
[2022-11-17T17:23:37.705+0000] {taskinstance.py:1165} INFO - Dependencies all met for <TaskInstance: MyPersonalAirflowProject.SpaceX_data scheduled__2022-10-15T00:00:00+00:00 [queued]>
[2022-11-17T17:23:37.719+0000] {taskinstance.py:1165} INFO - Dependencies all met for <TaskInstance: MyPersonalAirflowProject.SpaceX_data scheduled__2022-10-15T00:00:00+00:00 [queued]>
[2022-11-17T17:23:37.720+0000] {taskinstance.py:1362} INFO - 
--------------------------------------------------------------------------------
[2022-11-17T17:23:37.721+0000] {taskinstance.py:1363} INFO - Starting attempt 1 of 1
[2022-11-17T17:23:37.721+0000] {taskinstance.py:1364} INFO - 
--------------------------------------------------------------------------------
[2022-11-17T17:23:37.743+0000] {taskinstance.py:1383} INFO - Executing <Task(BashOperator): SpaceX_data> on 2022-10-15 00:00:00+00:00
[2022-11-17T17:23:37.750+0000] {standard_task_runner.py:55} INFO - Started process 7223 to run task
[2022-11-17T17:23:37.753+0000] {standard_task_runner.py:82} INFO - Running: ['***', 'tasks', 'run', 'MyPersonalAirflowProject', 'SpaceX_data', 'scheduled__2022-10-15T00:00:00+00:00', '--job-id', '2549', '--raw', '--subdir', 'DAGS_FOLDER/FinalPersonalProject.py', '--cfg-path', '/tmp/tmpzijlaj6p']
[2022-11-17T17:23:37.754+0000] {standard_task_runner.py:83} INFO - Job 2549: Subtask SpaceX_data
[2022-11-17T17:23:37.829+0000] {task_command.py:376} INFO - Running <TaskInstance: MyPersonalAirflowProject.SpaceX_data scheduled__2022-10-15T00:00:00+00:00 [running]> on host 638485efabe7
[2022-11-17T17:23:37.908+0000] {taskinstance.py:1592} INFO - Exporting the following env vars:
AIRFLOW_CTX_DAG_OWNER=***
AIRFLOW_CTX_DAG_ID=MyPersonalAirflowProject
AIRFLOW_CTX_TASK_ID=SpaceX_data
AIRFLOW_CTX_EXECUTION_DATE=2022-10-15T00:00:00+00:00
AIRFLOW_CTX_TRY_NUMBER=1
AIRFLOW_CTX_DAG_RUN_ID=scheduled__2022-10-15T00:00:00+00:00
[2022-11-17T17:23:37.910+0000] {subprocess.py:63} INFO - Tmp dir root location: 
 /tmp
[2022-11-17T17:23:37.911+0000] {subprocess.py:75} INFO - Running command: ['/bin/bash', '-c', "curl -o /tmp/history.json -L 'https://api.spacexdata.com/v4/history'"]
[2022-11-17T17:23:37.921+0000] {subprocess.py:86} INFO - Output:
[2022-11-17T17:23:37.929+0000] {subprocess.py:93} INFO -   % Total    % Received % Xferd  Average Speed   Time    Time     Time  Current
[2022-11-17T17:23:37.930+0000] {subprocess.py:93} INFO -                                  Dload  Upload   Total   Spent    Left  Speed
[2022-11-17T17:23:38.121+0000] {subprocess.py:93} INFO -   0     0    0     0    0     0      0      0 --:--:-- --:--:-- --:--:--     0100  6756    0  6756    0     0  35187      0 --:--:-- --:--:-- --:--:-- 35187
[2022-11-17T17:23:38.124+0000] {subprocess.py:97} INFO - Command exited with return code 0
[2022-11-17T17:23:38.157+0000] {taskinstance.py:1406} INFO - Marking task as SUCCESS. dag_id=MyPersonalAirflowProject, task_id=SpaceX_data, execution_date=20221015T000000, start_date=20221117T172337, end_date=20221117T172338
[2022-11-17T17:23:38.208+0000] {local_task_job.py:164} INFO - Task exited with return code 0
[2022-11-17T17:23:38.245+0000] {local_task_job.py:273} INFO - 1 downstream tasks scheduled from follow-on schedule check
