[2022-11-17T15:47:15.622+0000] {taskinstance.py:1165} INFO - Dependencies all met for <TaskInstance: MyPersonalAirflowProject.SpaceX_data scheduled__2022-10-15T00:00:00+00:00 [queued]>
[2022-11-17T15:47:15.635+0000] {taskinstance.py:1165} INFO - Dependencies all met for <TaskInstance: MyPersonalAirflowProject.SpaceX_data scheduled__2022-10-15T00:00:00+00:00 [queued]>
[2022-11-17T15:47:15.636+0000] {taskinstance.py:1362} INFO - 
--------------------------------------------------------------------------------
[2022-11-17T15:47:15.637+0000] {taskinstance.py:1363} INFO - Starting attempt 2 of 2
[2022-11-17T15:47:15.637+0000] {taskinstance.py:1364} INFO - 
--------------------------------------------------------------------------------
[2022-11-17T15:47:15.654+0000] {taskinstance.py:1383} INFO - Executing <Task(BashOperator): SpaceX_data> on 2022-10-15 00:00:00+00:00
[2022-11-17T15:47:15.659+0000] {standard_task_runner.py:55} INFO - Started process 412 to run task
[2022-11-17T15:47:15.662+0000] {standard_task_runner.py:82} INFO - Running: ['***', 'tasks', 'run', 'MyPersonalAirflowProject', 'SpaceX_data', 'scheduled__2022-10-15T00:00:00+00:00', '--job-id', '1782', '--raw', '--subdir', 'DAGS_FOLDER/FinalPersonalProject.py', '--cfg-path', '/tmp/tmpe_aeh3qp']
[2022-11-17T15:47:15.663+0000] {standard_task_runner.py:83} INFO - Job 1782: Subtask SpaceX_data
[2022-11-17T15:47:15.726+0000] {task_command.py:376} INFO - Running <TaskInstance: MyPersonalAirflowProject.SpaceX_data scheduled__2022-10-15T00:00:00+00:00 [running]> on host 638485efabe7
[2022-11-17T15:47:15.807+0000] {taskinstance.py:1592} INFO - Exporting the following env vars:
AIRFLOW_CTX_DAG_OWNER=***
AIRFLOW_CTX_DAG_ID=MyPersonalAirflowProject
AIRFLOW_CTX_TASK_ID=SpaceX_data
AIRFLOW_CTX_EXECUTION_DATE=2022-10-15T00:00:00+00:00
AIRFLOW_CTX_TRY_NUMBER=2
AIRFLOW_CTX_DAG_RUN_ID=scheduled__2022-10-15T00:00:00+00:00
[2022-11-17T15:47:15.809+0000] {subprocess.py:63} INFO - Tmp dir root location: 
 /tmp
[2022-11-17T15:47:15.810+0000] {subprocess.py:75} INFO - Running command: ['/bin/bash', '-c', "curl -o /tmp/history.json -L 'https://api.spacexdata.com/v4/history'"]
[2022-11-17T15:47:15.820+0000] {subprocess.py:86} INFO - Output:
[2022-11-17T15:47:15.826+0000] {subprocess.py:93} INFO -   % Total    % Received % Xferd  Average Speed   Time    Time     Time  Current
[2022-11-17T15:47:15.827+0000] {subprocess.py:93} INFO -                                  Dload  Upload   Total   Spent    Left  Speed
[2022-11-17T15:47:16.193+0000] {subprocess.py:93} INFO -   0     0    0     0    0     0      0      0 --:--:-- --:--:-- --:--:--     0100  6756    0  6756    0     0  18459      0 --:--:-- --:--:-- --:--:-- 18459
[2022-11-17T15:47:16.195+0000] {subprocess.py:97} INFO - Command exited with return code 0
[2022-11-17T15:47:16.222+0000] {taskinstance.py:1406} INFO - Marking task as SUCCESS. dag_id=MyPersonalAirflowProject, task_id=SpaceX_data, execution_date=20221015T000000, start_date=20221117T154715, end_date=20221117T154716
[2022-11-17T15:47:16.278+0000] {local_task_job.py:164} INFO - Task exited with return code 0
[2022-11-17T15:47:16.311+0000] {local_task_job.py:273} INFO - 1 downstream tasks scheduled from follow-on schedule check
