[2022-11-09T17:14:20.388+0000] {taskinstance.py:1165} INFO - Dependencies all met for <TaskInstance: 7-filesensor_3.Creating_File scheduled__2022-06-20T00:00:00+00:00 [queued]>
[2022-11-09T17:14:20.415+0000] {taskinstance.py:1165} INFO - Dependencies all met for <TaskInstance: 7-filesensor_3.Creating_File scheduled__2022-06-20T00:00:00+00:00 [queued]>
[2022-11-09T17:14:20.416+0000] {taskinstance.py:1362} INFO - 
--------------------------------------------------------------------------------
[2022-11-09T17:14:20.490+0000] {taskinstance.py:1363} INFO - Starting attempt 1 of 1
[2022-11-09T17:14:20.491+0000] {taskinstance.py:1364} INFO - 
--------------------------------------------------------------------------------
[2022-11-09T17:14:20.767+0000] {taskinstance.py:1383} INFO - Executing <Task(BashOperator): Creating_File> on 2022-06-20 00:00:00+00:00
[2022-11-09T17:14:20.777+0000] {standard_task_runner.py:55} INFO - Started process 5243 to run task
[2022-11-09T17:14:20.781+0000] {standard_task_runner.py:82} INFO - Running: ['***', 'tasks', 'run', '7-filesensor_3', 'Creating_File', 'scheduled__2022-06-20T00:00:00+00:00', '--job-id', '929', '--raw', '--subdir', 'DAGS_FOLDER/7.3-filesensor.py', '--cfg-path', '/tmp/tmpv07_moeg']
[2022-11-09T17:14:20.782+0000] {standard_task_runner.py:83} INFO - Job 929: Subtask Creating_File
[2022-11-09T17:14:21.768+0000] {task_command.py:376} INFO - Running <TaskInstance: 7-filesensor_3.Creating_File scheduled__2022-06-20T00:00:00+00:00 [running]> on host 638485efabe7
[2022-11-09T17:14:23.365+0000] {taskinstance.py:1592} INFO - Exporting the following env vars:
AIRFLOW_CTX_DAG_OWNER=***
AIRFLOW_CTX_DAG_ID=7-filesensor_3
AIRFLOW_CTX_TASK_ID=Creating_File
AIRFLOW_CTX_EXECUTION_DATE=2022-06-20T00:00:00+00:00
AIRFLOW_CTX_TRY_NUMBER=1
AIRFLOW_CTX_DAG_RUN_ID=scheduled__2022-06-20T00:00:00+00:00
[2022-11-09T17:14:23.372+0000] {subprocess.py:63} INFO - Tmp dir root location: 
 /tmp
[2022-11-09T17:14:24.370+0000] {subprocess.py:75} INFO - Running command: ['/bin/bash', '-c', 'sleep 10 && touch /tmp/file.txt']
[2022-11-09T17:14:25.475+0000] {subprocess.py:86} INFO - Output:
[2022-11-09T17:14:36.981+0000] {subprocess.py:97} INFO - Command exited with return code 0
[2022-11-09T17:14:37.069+0000] {taskinstance.py:1406} INFO - Marking task as SUCCESS. dag_id=7-filesensor_3, task_id=Creating_File, execution_date=20220620T000000, start_date=20221109T171420, end_date=20221109T171437
[2022-11-09T17:14:37.140+0000] {local_task_job.py:164} INFO - Task exited with return code 0
[2022-11-09T17:14:37.217+0000] {local_task_job.py:273} INFO - 1 downstream tasks scheduled from follow-on schedule check
