[2022-11-15T21:22:12.721+0000] {taskinstance.py:1165} INFO - Dependencies all met for <TaskInstance: 10-branching.finish_14_june scheduled__2022-06-06T00:00:00+00:00 [queued]>
[2022-11-15T21:22:12.737+0000] {taskinstance.py:1165} INFO - Dependencies all met for <TaskInstance: 10-branching.finish_14_june scheduled__2022-06-06T00:00:00+00:00 [queued]>
[2022-11-15T21:22:12.738+0000] {taskinstance.py:1362} INFO - 
--------------------------------------------------------------------------------
[2022-11-15T21:22:12.739+0000] {taskinstance.py:1363} INFO - Starting attempt 1 of 1
[2022-11-15T21:22:12.740+0000] {taskinstance.py:1364} INFO - 
--------------------------------------------------------------------------------
[2022-11-15T21:22:12.760+0000] {taskinstance.py:1383} INFO - Executing <Task(BashOperator): finish_14_june> on 2022-06-06 00:00:00+00:00
[2022-11-15T21:22:12.772+0000] {standard_task_runner.py:55} INFO - Started process 2691 to run task
[2022-11-15T21:22:12.775+0000] {standard_task_runner.py:82} INFO - Running: ['***', 'tasks', 'run', '10-branching', 'finish_14_june', 'scheduled__2022-06-06T00:00:00+00:00', '--job-id', '1214', '--raw', '--subdir', 'DAGS_FOLDER/10-branchpythonoperator.py', '--cfg-path', '/tmp/tmpk15nn6od']
[2022-11-15T21:22:12.776+0000] {standard_task_runner.py:83} INFO - Job 1214: Subtask finish_14_june
[2022-11-15T21:22:12.854+0000] {task_command.py:376} INFO - Running <TaskInstance: 10-branching.finish_14_june scheduled__2022-06-06T00:00:00+00:00 [running]> on host 638485efabe7
[2022-11-15T21:22:12.937+0000] {taskinstance.py:1592} INFO - Exporting the following env vars:
AIRFLOW_CTX_DAG_OWNER=***
AIRFLOW_CTX_DAG_ID=10-branching
AIRFLOW_CTX_TASK_ID=finish_14_june
AIRFLOW_CTX_EXECUTION_DATE=2022-06-06T00:00:00+00:00
AIRFLOW_CTX_TRY_NUMBER=1
AIRFLOW_CTX_DAG_RUN_ID=scheduled__2022-06-06T00:00:00+00:00
[2022-11-15T21:22:12.939+0000] {subprocess.py:63} INFO - Tmp dir root location: 
 /tmp
[2022-11-15T21:22:12.940+0000] {subprocess.py:75} INFO - Running command: ['/bin/bash', '-c', "echo 'Running 2022-06-06'"]
[2022-11-15T21:22:12.954+0000] {subprocess.py:86} INFO - Output:
[2022-11-15T21:22:12.956+0000] {subprocess.py:93} INFO - Running 2022-06-06
[2022-11-15T21:22:12.957+0000] {subprocess.py:97} INFO - Command exited with return code 0
[2022-11-15T21:22:12.986+0000] {taskinstance.py:1406} INFO - Marking task as SUCCESS. dag_id=10-branching, task_id=finish_14_june, execution_date=20220606T000000, start_date=20221115T212212, end_date=20221115T212212
[2022-11-15T21:22:13.029+0000] {local_task_job.py:164} INFO - Task exited with return code 0
[2022-11-15T21:22:13.051+0000] {local_task_job.py:273} INFO - 0 downstream tasks scheduled from follow-on schedule check
